[0.027s] Invoking command in '/home/neha/ros2_ws/src/semnav_migration/build/semnav': CMAKE_PREFIX_PATH=${CMAKE_PREFIX_PATH}:/opt/ros/jazzy DEBUGINFOD_URLS=https://debuginfod.ubuntu.com /usr/bin/cmake --build /home/neha/ros2_ws/src/semnav_migration/build/semnav -- -j2 -l2
[0.207s] [  4%] Building CXX object CMakeFiles/reactive_planner.dir/src/libraries/reactive_planner_lib.cpp.o
[61.192s] [  9%] Linking CXX static library libreactive_planner.a
[62.167s] [ 14%] Built target reactive_planner
[62.301s] [ 19%] Building CXX object CMakeFiles/navigation_semantic.dir/src/navigation_semantic.cpp.o
[62.315s] [ 23%] Building CXX object CMakeFiles/navigation.dir/src/navigation.cpp.o
[140.341s] [ 28%] Linking CXX executable navigation
[140.698s] [ 33%] Linking CXX executable navigation_semantic
[145.594s] [ 33%] Built target navigation
[145.738s] [ 38%] Building CXX object CMakeFiles/navigation_humans.dir/src/navigation_humans.cpp.o
[145.990s] [ 38%] Built target navigation_semantic
[146.102s] [ 42%] Building CXX object CMakeFiles/human_following.dir/src/human_following.cpp.o
[167.723s] /home/neha/ros2_ws/src/semnav_migration/src/navigation_humans.cpp:686:35: error: ‘example_msgs’ was not declared in this scope
[167.723s]   686 |                 rclcpp::Publisher<example_msgs/msg/UInt32> pub_behaviorID_;
[167.723s]       |                                   ^~~~~~~~~~~~
[167.727s] /home/neha/ros2_ws/src/semnav_migration/src/navigation_humans.cpp:686:48: error: ‘msg’ was not declared in this scope
[167.727s]   686 |                 rclcpp::Publisher<example_msgs/msg/UInt32> pub_behaviorID_;
[167.727s]       |                                                ^~~
[167.727s] /home/neha/ros2_ws/src/semnav_migration/src/navigation_humans.cpp:686:48: note: suggested alternatives:
[167.729s] In file included from /opt/ros/jazzy/include/rcl_interfaces/rcl_interfaces/srv/detail/list_parameters__struct.hpp:156,
[167.730s]                  from /opt/ros/jazzy/include/rcl_interfaces/rcl_interfaces/srv/list_parameters.hpp:7,
[167.730s]                  from /opt/ros/jazzy/include/rclcpp/rclcpp/copy_all_parameter_values.hpp:21,
[167.730s]                  from /opt/ros/jazzy/include/rclcpp/rclcpp/rclcpp.hpp:171,
[167.730s]                  from /home/neha/ros2_ws/src/semnav_migration/include/reactive_planner_lib.h:32,
[167.730s]                  from /home/neha/ros2_ws/src/semnav_migration/src/navigation_humans.cpp:25:
[167.730s] /opt/ros/jazzy/include/rcl_interfaces/rcl_interfaces/msg/detail/list_parameters_result__struct.hpp:30:11: note:   ‘rcl_interfaces::msg’
[167.730s]    30 | namespace msg
[167.731s]       |           ^~~
[167.731s] In file included from /opt/ros/jazzy/include/service_msgs/service_msgs/msg/detail/service_event_info__struct.hpp:23,
[167.731s]                  from /opt/ros/jazzy/include/rcl_interfaces/rcl_interfaces/srv/detail/list_parameters__struct.hpp:267:
[167.731s] /opt/ros/jazzy/include/builtin_interfaces/builtin_interfaces/msg/detail/time__struct.hpp:30:11: note:   ‘builtin_interfaces::msg’
[167.733s]    30 | namespace msg
[167.734s]       |           ^~~
[167.734s] /opt/ros/jazzy/include/service_msgs/service_msgs/msg/detail/service_event_info__struct.hpp:34:11: note:   ‘service_msgs::msg’
[167.734s]    34 | namespace msg
[167.734s]       |           ^~~
[167.734s] In file included from /opt/ros/jazzy/include/statistics_msgs/statistics_msgs/msg/detail/metrics_message__struct.hpp:26,
[167.734s]                  from /opt/ros/jazzy/include/statistics_msgs/statistics_msgs/msg/metrics_message.hpp:7,
[167.734s]                  from /opt/ros/jazzy/include/libstatistics_collector/libstatistics_collector/collector/generate_statistics_message.hpp:21,
[167.735s]                  from /opt/ros/jazzy/include/rclcpp/rclcpp/topic_statistics/subscription_topic_statistics.hpp:23,
[167.735s]                  from /opt/ros/jazzy/include/rclcpp/rclcpp/subscription.hpp:50,
[167.735s]                  from /opt/ros/jazzy/include/rclcpp/rclcpp/any_executable.hpp:25,
[167.735s]                  from /opt/ros/jazzy/include/rclcpp/rclcpp/memory_strategy.hpp:25,
[167.735s]                  from /opt/ros/jazzy/include/rclcpp/rclcpp/memory_strategies.hpp:18,
[167.738s]                  from /opt/ros/jazzy/include/rclcpp/rclcpp/executor_options.hpp:22,
[167.738s]                  from /opt/ros/jazzy/include/rclcpp/rclcpp/executor.hpp:38,
[167.738s]                  from /opt/ros/jazzy/include/rclcpp/rclcpp/executors/multi_threaded_executor.hpp:25,
[167.738s]                  from /opt/ros/jazzy/include/rclcpp/rclcpp/executors.hpp:21,
[167.738s]                  from /opt/ros/jazzy/include/rclcpp/rclcpp/rclcpp.hpp:172:
[167.738s] /opt/ros/jazzy/include/statistics_msgs/statistics_msgs/msg/detail/statistic_data_point__struct.hpp:30:11: note:   ‘statistics_msgs::msg’
[167.738s]    30 | namespace msg
[167.739s]       |           ^~~
[167.739s] In file included from /opt/ros/jazzy/include/geometry_msgs/geometry_msgs/msg/detail/transform_stamped__struct.hpp:23,
[167.739s]                  from /opt/ros/jazzy/include/geometry_msgs/geometry_msgs/msg/transform_stamped.hpp:7,
[167.739s]                  from /opt/ros/jazzy/include/tf2/tf2/convert.h:38,
[167.739s]                  from /home/neha/ros2_ws/src/semnav_migration/include/reactive_planner_lib.h:39:
[167.741s] /opt/ros/jazzy/include/std_msgs/std_msgs/msg/detail/header__struct.hpp:34:11: note:   ‘std_msgs::msg’
[167.742s]    34 | namespace msg
[167.742s]       |           ^~~
[167.742s] In file included from /opt/ros/jazzy/include/geometry_msgs/geometry_msgs/msg/detail/transform__struct.hpp:23,
[167.742s]                  from /opt/ros/jazzy/include/geometry_msgs/geometry_msgs/msg/detail/transform_stamped__struct.hpp:25:
[167.742s] /opt/ros/jazzy/include/geometry_msgs/geometry_msgs/msg/detail/vector3__struct.hpp:30:11: note:   ‘geometry_msgs::msg’
[167.742s]    30 | namespace msg
[167.742s]       |           ^~~
[167.743s] In file included from /opt/ros/jazzy/include/tf2_msgs/tf2_msgs/msg/tf_message.hpp:7,
[167.743s]                  from /opt/ros/jazzy/include/tf2_ros/tf2_ros/transform_listener.h:44,
[167.743s]                  from /home/neha/ros2_ws/src/semnav_migration/include/reactive_planner_lib.h:41:
[167.743s] /opt/ros/jazzy/include/tf2_msgs/tf2_msgs/msg/detail/tf_message__struct.hpp:34:11: note:   ‘tf2_msgs::msg’
[167.743s]    34 | namespace msg
[167.745s]       |           ^~~
[167.746s] In file included from /opt/ros/jazzy/include/sensor_msgs/sensor_msgs/msg/laser_scan.hpp:7,
[167.746s]                  from /home/neha/ros2_ws/src/semnav_migration/include/reactive_planner_lib.h:49:
[167.746s] /opt/ros/jazzy/include/sensor_msgs/sensor_msgs/msg/detail/laser_scan__struct.hpp:34:11: note:   ‘sensor_msgs::msg’
[167.746s]    34 | namespace msg
[167.746s]       |           ^~~
[167.746s] In file included from /opt/ros/jazzy/include/nav_msgs/nav_msgs/msg/odometry.hpp:7,
[167.746s]                  from /home/neha/ros2_ws/src/semnav_migration/include/reactive_planner_lib.h:50:
[167.747s] /opt/ros/jazzy/include/nav_msgs/nav_msgs/msg/detail/odometry__struct.hpp:38:11: note:   ‘nav_msgs::msg’
[167.747s]    38 | namespace msg
[167.747s]       |           ^~~
[167.747s] In file included from /opt/ros/jazzy/include/example_interfaces/example_interfaces/msg/u_int32.hpp:7,
[167.747s]                  from /home/neha/ros2_ws/src/semnav_migration/include/reactive_planner_lib.h:51:
[167.747s] /opt/ros/jazzy/include/example_interfaces/example_interfaces/msg/detail/u_int32__struct.hpp:30:11: note:   ‘example_interfaces::msg’
[167.749s]    30 | namespace msg
[167.750s]       |           ^~~
[167.750s] In file included from /home/neha/ros2_ws/src/install/object_pose_interface_msgs/include/object_pose_interface_msgs/object_pose_interface_msgs/msg/detail/keypoint_detections3_d__struct.hpp:25,
[167.750s]                  from /home/neha/ros2_ws/src/install/object_pose_interface_msgs/include/object_pose_interface_msgs/object_pose_interface_msgs/msg/keypoint_detections3_d.hpp:7,
[167.750s]                  from /home/neha/ros2_ws/src/semnav_migration/include/reactive_planner_lib.h:52:
[167.750s] /home/neha/ros2_ws/src/install/object_pose_interface_msgs/include/object_pose_interface_msgs/object_pose_interface_msgs/msg/detail/keypoint_detection3_d__struct.hpp:30:11: note:   ‘object_pose_interface_msgs::msg’
[167.750s]    30 | namespace msg
[167.750s]       |           ^~~
[167.751s] /home/neha/ros2_ws/src/semnav_migration/src/navigation_humans.cpp:686:52: error: ‘UInt32’ was not declared in this scope; did you mean ‘example_interfaces::msg::UInt32’?
[167.751s]   686 |                 rclcpp::Publisher<example_msgs/msg/UInt32> pub_behaviorID_;
[167.751s]       |                                                    ^~~~~~
[167.751s]       |                                                    example_interfaces::msg::UInt32
[167.751s] /opt/ros/jazzy/include/example_interfaces/example_interfaces/msg/detail/u_int32__struct.hpp:125:7: note: ‘example_interfaces::msg::UInt32’ declared here
[167.751s]   125 | using UInt32 =
[167.752s]       |       ^~~~~~
[167.753s] /home/neha/ros2_ws/src/semnav_migration/src/navigation_humans.cpp:686:58: error: template argument 1 is invalid
[167.753s]   686 |                 rclcpp::Publisher<example_msgs/msg/UInt32> pub_behaviorID_;
[167.753s]       |                                                          ^
[167.818s] /home/neha/ros2_ws/src/semnav_migration/src/navigation_humans.cpp:687:35: error: ‘example_msgs’ was not declared in this scope
[167.818s]   687 |                 rclcpp::Publisher<example_msgs/msg/UInt32> pub_behaviorMode_;
[167.819s]       |                                   ^~~~~~~~~~~~
[167.822s] /home/neha/ros2_ws/src/semnav_migration/src/navigation_humans.cpp:687:48: error: ‘msg’ was not declared in this scope
[167.822s]   687 |                 rclcpp::Publisher<example_msgs/msg/UInt32> pub_behaviorMode_;
[167.822s]       |                                                ^~~
[167.823s] /home/neha/ros2_ws/src/semnav_migration/src/navigation_humans.cpp:687:48: note: suggested alternatives:
[167.823s] /opt/ros/jazzy/include/rcl_interfaces/rcl_interfaces/msg/detail/list_parameters_result__struct.hpp:30:11: note:   ‘rcl_interfaces::msg’
[167.823s]    30 | namespace msg
[167.823s]       |           ^~~
[167.823s] /opt/ros/jazzy/include/builtin_interfaces/builtin_interfaces/msg/detail/time__struct.hpp:30:11: note:   ‘builtin_interfaces::msg’
[167.823s]    30 | namespace msg
[167.823s]       |           ^~~
[167.825s] /opt/ros/jazzy/include/service_msgs/service_msgs/msg/detail/service_event_info__struct.hpp:34:11: note:   ‘service_msgs::msg’
[167.826s]    34 | namespace msg
[167.826s]       |           ^~~
[167.826s] /opt/ros/jazzy/include/statistics_msgs/statistics_msgs/msg/detail/statistic_data_point__struct.hpp:30:11: note:   ‘statistics_msgs::msg’
[167.826s]    30 | namespace msg
[167.826s]       |           ^~~
[167.826s] /opt/ros/jazzy/include/std_msgs/std_msgs/msg/detail/header__struct.hpp:34:11: note:   ‘std_msgs::msg’
[167.826s]    34 | namespace msg
[167.827s]       |           ^~~
[167.827s] /opt/ros/jazzy/include/geometry_msgs/geometry_msgs/msg/detail/vector3__struct.hpp:30:11: note:   ‘geometry_msgs::msg’
[167.827s]    30 | namespace msg
[167.827s]       |           ^~~
[167.827s] /opt/ros/jazzy/include/tf2_msgs/tf2_msgs/msg/detail/tf_message__struct.hpp:34:11: note:   ‘tf2_msgs::msg’
[167.829s]    34 | namespace msg
[167.829s]       |           ^~~
[167.830s] /opt/ros/jazzy/include/sensor_msgs/sensor_msgs/msg/detail/laser_scan__struct.hpp:34:11: note:   ‘sensor_msgs::msg’
[167.830s]    34 | namespace msg
[167.830s]       |           ^~~
[167.830s] /opt/ros/jazzy/include/nav_msgs/nav_msgs/msg/detail/odometry__struct.hpp:38:11: note:   ‘nav_msgs::msg’
[167.830s]    38 | namespace msg
[167.830s]       |           ^~~
[167.830s] /opt/ros/jazzy/include/example_interfaces/example_interfaces/msg/detail/u_int32__struct.hpp:30:11: note:   ‘example_interfaces::msg’
[167.831s]    30 | namespace msg
[167.831s]       |           ^~~
[167.831s] /home/neha/ros2_ws/src/install/object_pose_interface_msgs/include/object_pose_interface_msgs/object_pose_interface_msgs/msg/detail/keypoint_detection3_d__struct.hpp:30:11: note:   ‘object_pose_interface_msgs::msg’
[167.831s]    30 | namespace msg
[167.831s]       |           ^~~
[167.833s] /home/neha/ros2_ws/src/semnav_migration/src/navigation_humans.cpp:687:52: error: ‘UInt32’ was not declared in this scope; did you mean ‘example_interfaces::msg::UInt32’?
[167.834s]   687 |                 rclcpp::Publisher<example_msgs/msg/UInt32> pub_behaviorMode_;
[167.834s]       |                                                    ^~~~~~
[167.834s]       |                                                    example_interfaces::msg::UInt32
[167.834s] /opt/ros/jazzy/include/example_interfaces/example_interfaces/msg/detail/u_int32__struct.hpp:125:7: note: ‘example_interfaces::msg::UInt32’ declared here
[167.834s]   125 | using UInt32 =
[167.834s]       |       ^~~~~~
[167.834s] /home/neha/ros2_ws/src/semnav_migration/src/navigation_humans.cpp:687:58: error: template argument 1 is invalid
[167.835s]   687 |                 rclcpp::Publisher<example_msgs/msg/UInt32> pub_behaviorMode_;
[167.835s]       |                                                          ^
[167.835s] /home/neha/ros2_ws/src/semnav_migration/src/navigation_humans.cpp:688:58: error: template argument 1 is invalid
[167.835s]   688 |                 rclcpp::Publisher<geometry_msgs/msg/Twist> pub_twist_;
[167.835s]       |                                                          ^
[167.908s] /home/neha/ros2_ws/src/semnav_migration/src/navigation_humans.cpp:689:35: error: ‘example_msgs’ was not declared in this scope
[167.908s]   689 |                 rclcpp::Publisher<example_msgs/msg/UInt32> pub_semantic_map_;
[167.909s]       |                                   ^~~~~~~~~~~~
[167.912s] /home/neha/ros2_ws/src/semnav_migration/src/navigation_humans.cpp:689:48: error: ‘msg’ was not declared in this scope
[167.912s]   689 |                 rclcpp::Publisher<example_msgs/msg/UInt32> pub_semantic_map_;
[167.913s]       |                                                ^~~
[167.913s] /home/neha/ros2_ws/src/semnav_migration/src/navigation_humans.cpp:689:48: note: suggested alternatives:
[167.913s] /opt/ros/jazzy/include/rcl_interfaces/rcl_interfaces/msg/detail/list_parameters_result__struct.hpp:30:11: note:   ‘rcl_interfaces::msg’
[167.913s]    30 | namespace msg
[167.913s]       |           ^~~
[167.913s] /opt/ros/jazzy/include/builtin_interfaces/builtin_interfaces/msg/detail/time__struct.hpp:30:11: note:   ‘builtin_interfaces::msg’
[167.913s]    30 | namespace msg
[167.914s]       |           ^~~
[167.914s] /opt/ros/jazzy/include/service_msgs/service_msgs/msg/detail/service_event_info__struct.hpp:34:11: note:   ‘service_msgs::msg’
[167.914s]    34 | namespace msg
[167.914s]       |           ^~~
[167.914s] /opt/ros/jazzy/include/statistics_msgs/statistics_msgs/msg/detail/statistic_data_point__struct.hpp:30:11: note:   ‘statistics_msgs::msg’
[167.915s]    30 | namespace msg
[167.915s]       |           ^~~
[167.917s] /opt/ros/jazzy/include/std_msgs/std_msgs/msg/detail/header__struct.hpp:34:11: note:   ‘std_msgs::msg’
[167.918s]    34 | namespace msg
[167.918s]       |           ^~~
[167.918s] /opt/ros/jazzy/include/geometry_msgs/geometry_msgs/msg/detail/vector3__struct.hpp:30:11: note:   ‘geometry_msgs::msg’
[167.918s]    30 | namespace msg
[167.918s]       |           ^~~
[167.918s] /opt/ros/jazzy/include/tf2_msgs/tf2_msgs/msg/detail/tf_message__struct.hpp:34:11: note:   ‘tf2_msgs::msg’
[167.918s]    34 | namespace msg
[167.919s]       |           ^~~
[167.919s] /opt/ros/jazzy/include/sensor_msgs/sensor_msgs/msg/detail/laser_scan__struct.hpp:34:11: note:   ‘sensor_msgs::msg’
[167.919s]    34 | namespace msg
[167.919s]       |           ^~~
[167.919s] /opt/ros/jazzy/include/nav_msgs/nav_msgs/msg/detail/odometry__struct.hpp:38:11: note:   ‘nav_msgs::msg’
[167.919s]    38 | namespace msg
[167.921s]       |           ^~~
[167.922s] /opt/ros/jazzy/include/example_interfaces/example_interfaces/msg/detail/u_int32__struct.hpp:30:11: note:   ‘example_interfaces::msg’
[167.922s]    30 | namespace msg
[167.922s]       |           ^~~
[167.922s] /home/neha/ros2_ws/src/install/object_pose_interface_msgs/include/object_pose_interface_msgs/object_pose_interface_msgs/msg/detail/keypoint_detection3_d__struct.hpp:30:11: note:   ‘object_pose_interface_msgs::msg’
[167.922s]    30 | namespace msg
[167.922s]       |           ^~~
[167.923s] /home/neha/ros2_ws/src/semnav_migration/src/navigation_humans.cpp:689:52: error: ‘UInt32’ was not declared in this scope; did you mean ‘example_interfaces::msg::UInt32’?
[167.923s]   689 |                 rclcpp::Publisher<example_msgs/msg/UInt32> pub_semantic_map_;
[167.923s]       |                                                    ^~~~~~
[167.923s]       |                                                    example_interfaces::msg::UInt32
[167.923s] /opt/ros/jazzy/include/example_interfaces/example_interfaces/msg/detail/u_int32__struct.hpp:125:7: note: ‘example_interfaces::msg::UInt32’ declared here
[167.923s]   125 | using UInt32 =
[167.924s]       |       ^~~~~~
[167.924s] /home/neha/ros2_ws/src/semnav_migration/src/navigation_humans.cpp:689:58: error: template argument 1 is invalid
[167.924s]   689 |                 rclcpp::Publisher<example_msgs/msg/UInt32> pub_semantic_map_;
[167.924s]       |                                                          ^
[167.930s] /home/neha/ros2_ws/src/semnav_migration/src/navigation_humans.cpp:735:22: error: ‘TransformListener’ in namespace ‘tf2’ does not name a type
[167.931s]   735 |                 tf2::TransformListener listener_;
[167.931s]       |                      ^~~~~~~~~~~~~~~~~
[167.932s] /home/neha/ros2_ws/src/semnav_migration/src/navigation_humans.cpp: In constructor ‘NavigationHumansNode::NavigationHumansNode()’:
[167.933s] /home/neha/ros2_ws/src/semnav_migration/src/navigation_humans.cpp:44:63: error: no matching function for call to ‘rclcpp::Node::Node()’
[167.933s]    44 |         NavigationHumansNode() : Node("navigation humans node") {
[167.933s]       |                                                               ^
[167.933s] In file included from /opt/ros/jazzy/include/rclcpp/rclcpp/executors/single_threaded_executor.hpp:28,
[167.933s]                  from /opt/ros/jazzy/include/rclcpp/rclcpp/executors.hpp:22:
[167.933s] /opt/ros/jazzy/include/rclcpp/rclcpp/node.hpp:1629:3: note: candidate: ‘rclcpp::Node::Node(const rclcpp::Node&, const std::string&)’
[167.934s]  1629 |   Node(
[167.934s]       |   ^~~~
[167.934s] /opt/ros/jazzy/include/rclcpp/rclcpp/node.hpp:1629:3: note:   candidate expects 2 arguments, 0 provided
[167.934s] /opt/ros/jazzy/include/rclcpp/rclcpp/node.hpp:103:12: note: candidate: ‘rclcpp::Node::Node(const std::string&, const std::string&, const rclcpp::NodeOptions&)’
[167.934s]   103 |   explicit Node(
[167.935s]       |            ^~~~
[167.936s] /opt/ros/jazzy/include/rclcpp/rclcpp/node.hpp:103:12: note:   candidate expects 3 arguments, 0 provided
[167.936s] /opt/ros/jazzy/include/rclcpp/rclcpp/node.hpp:91:12: note: candidate: ‘rclcpp::Node::Node(const std::string&, const rclcpp::NodeOptions&)’
[167.936s]    91 |   explicit Node(
[167.936s]       |            ^~~~
[167.936s] /opt/ros/jazzy/include/rclcpp/rclcpp/node.hpp:91:12: note:   candidate expects 2 arguments, 0 provided
[167.989s] /home/neha/ros2_ws/src/semnav_migration/src/human_following.cpp:44:36: error: ‘ros’ has not been declared
[167.989s]    44 |                 HumanFollowingNode(ros::NodeHandle* nodehandle) : nh_(*nodehandle) {
[167.990s]       |                                    ^~~
[167.990s] /home/neha/ros2_ws/src/semnav_migration/src/human_following.cpp:44:51: error: expected ‘)’ before ‘*’ token
[167.990s]    44 |                 HumanFollowingNode(ros::NodeHandle* nodehandle) : nh_(*nodehandle) {
[167.990s]       |                                   ~               ^
[167.990s]       |                                                   )
[167.991s] /home/neha/ros2_ws/src/semnav_migration/src/human_following.cpp:242:69: error: ‘KeypointDetections3D’ in namespace ‘object_pose_interface_msgs’ does not name a type
[167.991s]   242 |                 void human_update(const object_pose_interface_msgs::KeypointDetections3D::ConstPtr& human_data) {
[167.991s]       |                                                                     ^~~~~~~~~~~~~~~~~~~~
[167.992s] /home/neha/ros2_ws/src/semnav_migration/src/human_following.cpp:242:99: error: expected unqualified-id before ‘&’ token
[167.992s]   242 |                 void human_update(const object_pose_interface_msgs::KeypointDetections3D::ConstPtr& human_data) {
[167.992s]       |                                                                                                   ^
[167.994s] /home/neha/ros2_ws/src/semnav_migration/src/human_following.cpp:242:99: error: expected ‘)’ before ‘&’ token
[167.994s]   242 |                 void human_update(const object_pose_interface_msgs::KeypointDetections3D::ConstPtr& human_data) {
[167.994s]       |                                  ~                                                                ^
[167.994s]       |                                                                                                   )
[167.994s] /home/neha/ros2_ws/src/semnav_migration/src/human_following.cpp:242:99: error: expected ‘;’ at end of member declaration
[167.994s]   242 |                 void human_update(const object_pose_interface_msgs::KeypointDetections3D::ConstPtr& human_data) {
[167.994s]       |                                                                                                   ^
[167.995s]       |                                                                                                    ;
[168.001s] /home/neha/ros2_ws/src/semnav_migration/src/navigation_humans.cpp:123:25: error: ‘LowpassCutOff_’ was not declared in this scope; did you mean ‘LowpassCutoff_’?
[168.002s]   123 |                         LowpassCutOff_ = this->get_parameter("LowpassCutOff").as_double();
[168.002s]       |                         ^~~~~~~~~~~~~~
[168.002s]       |                         LowpassCutoff_
[168.007s] /home/neha/ros2_ws/src/semnav_migration/src/navigation_humans.cpp:132:69: error: ‘UInt32’ is not a member of ‘std_msgs::msg’; did you mean ‘example_interfaces::msg::UInt32’?
[168.007s]   132 |             pub_behaviorID_ = this->create_publisher<std_msgs::msg::UInt32>("pub_behaviorID_topic_", 1);
[168.007s]       |                                                                     ^~~~~~
[168.007s] /opt/ros/jazzy/include/example_interfaces/example_interfaces/msg/detail/u_int32__struct.hpp:125:7: note: ‘example_interfaces::msg::UInt32’ declared here
[168.007s]   125 | using UInt32 =
[168.007s]       |       ^~~~~~
[168.007s] /home/neha/ros2_ws/src/semnav_migration/src/navigation_humans.cpp:132:76: error: no matching function for call to ‘NavigationHumansNode::create_publisher<<expression error> >(const char [22], int)’
[168.008s]   132 |             pub_behaviorID_ = this->create_publisher<std_msgs::msg::UInt32>("pub_behaviorID_topic_", 1);
[168.008s]       |                               ~~~~~~~~~~~~~~~~~~~~~~~~~~~~~~~~~~~~~~~~~~~~~^~~~~~~~~~~~~~~~~~~~~~~~~~~~
[168.008s] /opt/ros/jazzy/include/rclcpp/rclcpp/node.hpp:197:3: note: candidate: ‘template<class MessageT, class AllocatorT, class PublisherT> std::shared_ptr<PublisherT> rclcpp::Node::create_publisher(const std::string&, const rclcpp::QoS&, const rclcpp::PublisherOptionsWithAllocator<AllocatorT>&)’
[168.008s]   197 |   create_publisher(
[168.008s]       |   ^~~~~~~~~~~~~~~~
[168.009s] /opt/ros/jazzy/include/rclcpp/rclcpp/node.hpp:197:3: note:   template argument deduction/substitution failed:
[168.009s] /home/neha/ros2_ws/src/semnav_migration/src/navigation_humans.cpp:132:76: error: template argument 1 is invalid
[168.009s]   132 |             pub_behaviorID_ = this->create_publisher<std_msgs::msg::UInt32>("pub_behaviorID_topic_", 1);
[168.009s]       |                               ~~~~~~~~~~~~~~~~~~~~~~~~~~~~~~~~~~~~~~~~~~~~~^~~~~~~~~~~~~~~~~~~~~~~~~~~~
[168.009s] /home/neha/ros2_ws/src/semnav_migration/src/navigation_humans.cpp:133:71: error: ‘UInt32’ is not a member of ‘std_msgs::msg’; did you mean ‘example_interfaces::msg::UInt32’?
[168.011s]   133 |             pub_behaviorMode_ = this->create_publisher<std_msgs::msg::UInt32>("pub_behaviorMode_topic_", 1);
[168.012s]       |                                                                       ^~~~~~
[168.012s] /opt/ros/jazzy/include/example_interfaces/example_interfaces/msg/detail/u_int32__struct.hpp:125:7: note: ‘example_interfaces::msg::UInt32’ declared here
[168.012s]   125 | using UInt32 =
[168.012s]       |       ^~~~~~
[168.012s] /home/neha/ros2_ws/src/semnav_migration/src/navigation_humans.cpp:133:78: error: no matching function for call to ‘NavigationHumansNode::create_publisher<<expression error> >(const char [24], int)’
[168.012s]   133 |             pub_behaviorMode_ = this->create_publisher<std_msgs::msg::UInt32>("pub_behaviorMode_topic_", 1);
[168.012s]       |                                 ~~~~~~~~~~~~~~~~~~~~~~~~~~~~~~~~~~~~~~~~~~~~~^~~~~~~~~~~~~~~~~~~~~~~~~~~~~~
[168.012s] /opt/ros/jazzy/include/rclcpp/rclcpp/node.hpp:197:3: note: candidate: ‘template<class MessageT, class AllocatorT, class PublisherT> std::shared_ptr<PublisherT> rclcpp::Node::create_publisher(const std::string&, const rclcpp::QoS&, const rclcpp::PublisherOptionsWithAllocator<AllocatorT>&)’
[168.013s]   197 |   create_publisher(
[168.013s]       |   ^~~~~~~~~~~~~~~~
[168.013s] /opt/ros/jazzy/include/rclcpp/rclcpp/node.hpp:197:3: note:   template argument deduction/substitution failed:
[168.013s] /home/neha/ros2_ws/src/semnav_migration/src/navigation_humans.cpp:133:78: error: template argument 1 is invalid
[168.013s]   133 |             pub_behaviorMode_ = this->create_publisher<std_msgs::msg::UInt32>("pub_behaviorMode_topic_", 1);
[168.015s]       |                                 ~~~~~~~~~~~~~~~~~~~~~~~~~~~~~~~~~~~~~~~~~~~~~^~~~~~~~~~~~~~~~~~~~~~~~~~~~~~
[168.016s] /home/neha/ros2_ws/src/semnav_migration/src/navigation_humans.cpp:134:64: error: ‘UInt32’ is not a member of ‘std_msgs::msg’; did you mean ‘example_interfaces::msg::UInt32’?
[168.016s]   134 |             pub_twist_ = this->create_publisher<std_msgs::msg::UInt32>("pub_twist_topic", 1);
[168.016s]       |                                                                ^~~~~~
[168.016s] /opt/ros/jazzy/include/example_interfaces/example_interfaces/msg/detail/u_int32__struct.hpp:125:7: note: ‘example_interfaces::msg::UInt32’ declared here
[168.016s]   125 | using UInt32 =
[168.016s]       |       ^~~~~~
[168.017s] /home/neha/ros2_ws/src/semnav_migration/src/navigation_humans.cpp:134:71: error: no matching function for call to ‘NavigationHumansNode::create_publisher<<expression error> >(const char [16], int)’
[168.017s]   134 |             pub_twist_ = this->create_publisher<std_msgs::msg::UInt32>("pub_twist_topic", 1);
[168.017s]       |                          ~~~~~~~~~~~~~~~~~~~~~~~~~~~~~~~~~~~~~~~~~~~~~^~~~~~~~~~~~~~~~~~~~~~
[168.017s] /opt/ros/jazzy/include/rclcpp/rclcpp/node.hpp:197:3: note: candidate: ‘template<class MessageT, class AllocatorT, class PublisherT> std::shared_ptr<PublisherT> rclcpp::Node::create_publisher(const std::string&, const rclcpp::QoS&, const rclcpp::PublisherOptionsWithAllocator<AllocatorT>&)’
[168.017s]   197 |   create_publisher(
[168.019s]       |   ^~~~~~~~~~~~~~~~
[168.020s] /opt/ros/jazzy/include/rclcpp/rclcpp/node.hpp:197:3: note:   template argument deduction/substitution failed:
[168.020s] /home/neha/ros2_ws/src/semnav_migration/src/navigation_humans.cpp:134:71: error: template argument 1 is invalid
[168.020s]   134 |             pub_twist_ = this->create_publisher<std_msgs::msg::UInt32>("pub_twist_topic", 1);
[168.020s]       |                          ~~~~~~~~~~~~~~~~~~~~~~~~~~~~~~~~~~~~~~~~~~~~~^~~~~~~~~~~~~~~~~~~~~~
[168.022s] /home/neha/ros2_ws/src/semnav_migration/src/human_following.cpp:242:101: error: ‘human_data’ does not name a type
[168.023s]   242 |                 void human_update(const object_pose_interface_msgs::KeypointDetections3D::ConstPtr& human_data) {
[168.023s]       |                                                                                                     ^~~~~~~~~~
[168.023s] /home/neha/ros2_ws/src/semnav_migration/src/human_following.cpp:288:75: error: ‘SemanticMapObjectArray’ in namespace ‘object_pose_interface_msgs’ does not name a type
[168.023s]   288 |                 void diffeo_tree_update(const object_pose_interface_msgs::SemanticMapObjectArray::ConstPtr& semantic_map_data) {
[168.024s]       |                                                                           ^~~~~~~~~~~~~~~~~~~~~~
[168.024s] /home/neha/ros2_ws/src/semnav_migration/src/human_following.cpp:288:107: error: expected unqualified-id before ‘&’ token
[168.024s]   288 |                 void diffeo_tree_update(const object_pose_interface_msgs::SemanticMapObjectArray::ConstPtr& semantic_map_data) {
[168.024s]       |                                                                                                           ^
[168.025s] /home/neha/ros2_ws/src/semnav_migration/src/human_following.cpp:288:107: error: expected ‘)’ before ‘&’ token
[168.025s]   288 |                 void diffeo_tree_update(const object_pose_interface_msgs::SemanticMapObjectArray::ConstPtr& semantic_map_data) {
[168.025s]       |                                        ~                                                                  ^
[168.025s]       |                                                                                                           )
[168.028s] /home/neha/ros2_ws/src/semnav_migration/src/human_following.cpp:288:107: error: expected ‘;’ at end of member declaration
[168.028s]   288 |                 void diffeo_tree_update(const object_pose_interface_msgs::SemanticMapObjectArray::ConstPtr& semantic_map_data) {
[168.028s]       |                                                                                                           ^
[168.028s]       |                                                                                                            ;
[168.071s] /home/neha/ros2_ws/src/semnav_migration/src/human_following.cpp:288:109: error: ‘semantic_map_data’ does not name a type
[168.071s]   288 |                 void diffeo_tree_update(const object_pose_interface_msgs::SemanticMapObjectArray::ConstPtr& semantic_map_data) {
[168.072s]       |                                                                                                             ^~~~~~~~~~~~~~~~~
[168.072s] /home/neha/ros2_ws/src/semnav_migration/src/human_following.cpp:375:58: error: ‘LaserScan’ in namespace ‘sensor_msgs’ does not name a type
[168.072s]   375 |                 void control_callback(const sensor_msgs::LaserScan::ConstPtr& lidar_data, const nav_msgs::Odometry::ConstPtr& robot_data) {
[168.072s]       |                                                          ^~~~~~~~~
[168.073s] /home/neha/ros2_ws/src/semnav_migration/src/human_following.cpp:375:77: error: expected unqualified-id before ‘&’ token
[168.073s]   375 |                 void control_callback(const sensor_msgs::LaserScan::ConstPtr& lidar_data, const nav_msgs::Odometry::ConstPtr& robot_data) {
[168.073s]       |                                                                             ^
[168.073s] /home/neha/ros2_ws/src/semnav_migration/src/human_following.cpp:375:77: error: expected ‘)’ before ‘&’ token
[168.074s]   375 |                 void control_callback(const sensor_msgs::LaserScan::ConstPtr& lidar_data, const nav_msgs::Odometry::ConstPtr& robot_data) {
[168.074s]       |                                      ~                                      ^
[168.074s]       |                                                                             )
[168.074s] /home/neha/ros2_ws/src/semnav_migration/src/human_following.cpp:375:77: error: expected ‘;’ at end of member declaration
[168.075s]   375 |                 void control_callback(const sensor_msgs::LaserScan::ConstPtr& lidar_data, const nav_msgs::Odometry::ConstPtr& robot_data) {
[168.075s]       |                                                                             ^
[168.075s]       |                                                                              ;
[168.090s] /home/neha/ros2_ws/src/semnav_migration/src/human_following.cpp:375:79: error: ‘lidar_data’ does not name a type
[168.090s]   375 |                 void control_callback(const sensor_msgs::LaserScan::ConstPtr& lidar_data, const nav_msgs::Odometry::ConstPtr& robot_data) {
[168.090s]       |                                                                               ^~~~~~~~~~
[168.097s] /home/neha/ros2_ws/src/semnav_migration/src/human_following.cpp:643:17: error: ‘ros’ does not name a type
[168.097s]   643 |                 ros::NodeHandle nh_;
[168.097s]       |                 ^~~
[168.106s] /home/neha/ros2_ws/src/semnav_migration/src/human_following.cpp:662:17: error: ‘ros’ does not name a type
[168.107s]   662 |                 ros::Publisher pub_behaviorID_;
[168.107s]       |                 ^~~
[168.114s] /home/neha/ros2_ws/src/semnav_migration/src/human_following.cpp:663:17: error: ‘ros’ does not name a type
[168.114s]   663 |                 ros::Publisher pub_behaviorMode_;
[168.114s]       |                 ^~~
[168.119s] /home/neha/ros2_ws/src/semnav_migration/src/human_following.cpp:664:17: error: ‘ros’ does not name a type
[168.119s]   664 |                 ros::Publisher pub_twist_;
[168.119s]       |                 ^~~
[168.126s] /home/neha/ros2_ws/src/semnav_migration/src/human_following.cpp:666:17: error: ‘ros’ does not name a type
[168.126s]   666 |                 ros::Publisher pub_semantic_map_;
[168.126s]       |                 ^~~
[168.134s] /home/neha/ros2_ws/src/semnav_migration/src/human_following.cpp:695:17: error: ‘ros’ does not name a type
[168.135s]   695 |                 ros::Time Goal_camera_stamp_;
[168.135s]       |                 ^~~
[168.150s] /home/neha/ros2_ws/src/semnav_migration/src/human_following.cpp:715:17: error: ‘tf’ does not name a type; did you mean ‘tm’?
[168.150s]   715 |                 tf::TransformListener listener_;
[168.150s]       |                 ^~
[168.150s]       |                 tm
[168.157s] /home/neha/ros2_ws/src/semnav_migration/src/human_following.cpp: In member function ‘void HumanFollowingNode::publish_twist(double, double)’:
[168.157s] /home/neha/ros2_ws/src/semnav_migration/src/human_following.cpp:166:40: error: ‘Twist’ is not a member of ‘geometry_msgs’; did you mean ‘geometry_msgs::msg::Twist’?
[168.157s]   166 |                         geometry_msgs::Twist commandTwist;
[168.157s]       |                                        ^~~~~
[168.157s] In file included from /opt/ros/jazzy/include/geometry_msgs/geometry_msgs/msg/detail/velocity_stamped__struct.hpp:25,
[168.157s]                  from /opt/ros/jazzy/include/geometry_msgs/geometry_msgs/msg/velocity_stamped.hpp:7,
[168.157s]                  from /opt/ros/jazzy/include/tf2/tf2/buffer_core.h:49,
[168.158s]                  from /opt/ros/jazzy/include/tf2_ros/tf2_ros/async_buffer_interface.h:39,
[168.158s]                  from /opt/ros/jazzy/include/tf2_ros/tf2_ros/buffer.h:42,
[168.158s]                  from /home/neha/ros2_ws/src/semnav_migration/include/reactive_planner_lib.h:40,
[168.158s]                  from /home/neha/ros2_ws/src/semnav_migration/src/human_following.cpp:25:
[168.158s] /opt/ros/jazzy/include/geometry_msgs/geometry_msgs/msg/detail/twist__struct.hpp:137:7: note: ‘geometry_msgs::msg::Twist’ declared here
[168.160s]   137 | using Twist =
[168.160s]       |       ^~~~~
[168.233s] /home/neha/ros2_ws/src/semnav_migration/src/human_following.cpp:167:25: error: ‘commandTwist’ was not declared in this scope
[168.233s]   167 |                         commandTwist.linear.x = LinearCmd;
[168.234s]       |                         ^~~~~~~~~~~~
[168.287s] /home/neha/ros2_ws/src/semnav_migration/src/human_following.cpp:169:25: error: ‘pub_twist_’ was not declared in this scope; did you mean ‘publish_twist’?
[168.288s]   169 |                         pub_twist_.publish(commandTwist);
[168.288s]       |                         ^~~~~~~~~~
[168.288s]       |                         publish_twist
[168.288s] /home/neha/ros2_ws/src/semnav_migration/src/navigation_humans.cpp:149:47: error: ‘SemanticNavigationNode’ has not been declared
[168.288s]   149 |             sync->registerCallback(std::bind(&SemanticNavigationNode::control_callback,
[168.288s]       |                                               ^~~~~~~~~~~~~~~~~~~~~~
[168.293s] /home/neha/ros2_ws/src/semnav_migration/src/human_following.cpp: In member function ‘void HumanFollowingNode::publish_behavior_id(uint16_t)’:
[168.293s] /home/neha/ros2_ws/src/semnav_migration/src/human_following.cpp:174:35: error: ‘UInt32’ is not a member of ‘std_msgs’; did you mean ‘example_interfaces::msg::UInt32’?
[168.293s]   174 |                         std_msgs::UInt32 commandId;
[168.293s]       |                                   ^~~~~~
[168.294s] In file included from /opt/ros/jazzy/include/example_interfaces/example_interfaces/msg/u_int32.hpp:7,
[168.294s]                  from /home/neha/ros2_ws/src/semnav_migration/include/reactive_planner_lib.h:51:
[168.294s] /opt/ros/jazzy/include/example_interfaces/example_interfaces/msg/detail/u_int32__struct.hpp:125:7: note: ‘example_interfaces::msg::UInt32’ declared here
[168.294s]   125 | using UInt32 =
[168.294s]       |       ^~~~~~
[168.345s] /home/neha/ros2_ws/src/semnav_migration/src/human_following.cpp:175:25: error: ‘commandId’ was not declared in this scope
[168.345s]   175 |                         commandId.data = BehaviorIdCmd;
[168.346s]       |                         ^~~~~~~~~
[168.347s] /home/neha/ros2_ws/src/semnav_migration/src/navigation_humans.cpp:165:38: error: expected ‘)’ before ‘std’
[168.347s]   165 |                                      std::bind(&NavigationHumansNode::diffeo_tree_update, this, std::placeholders::_1));
[168.347s]       |                                      ^~~
[168.347s] /home/neha/ros2_ws/src/semnav_migration/src/navigation_humans.cpp:163:106: note: to match this ‘(’
[168.347s]   163 |                      = this->create_subscription<object_pose_interface_msgs::msg::SemanticMapObjectArray>(
[168.347s]       |                                                                                                          ^
[168.347s] /home/neha/ros2_ws/src/semnav_migration/src/navigation_humans.cpp:163:106: error: no matching function for call to ‘NavigationHumansNode::create_subscription<object_pose_interface_msgs::msg::SemanticMapObjectArray>(const char [19], int)’
[168.348s]   163 |                      = this->create_subscription<object_pose_interface_msgs::msg::SemanticMapObjectArray>(
[168.348s]       |                        ~~~~~~~~~~~~~~~~~~~~~~~~~~~~~~~~~~~~~~~~~~~~~~~~~~~~~~~~~~~~~~~~~~~~~~~~~~~~~~~~~~^
[168.348s]   164 |                                      "sub_semantic_topic", 1
[168.348s]       |                                      ~~~~~~~~~~~~~~~~~~~~~~~                                              
[168.348s]   165 |                                      std::bind(&NavigationHumansNode::diffeo_tree_update, this, std::placeholders::_1));
[168.351s]       |                                      ~~~                                                                  
[168.352s] /opt/ros/jazzy/include/rclcpp/rclcpp/node.hpp:221:3: note: candidate: ‘template<class MessageT, class CallbackT, class AllocatorT, class SubscriptionT, class MessageMemoryStrategyT> std::shared_ptr<ROSMessageT> rclcpp::Node::create_subscription(const std::string&, const rclcpp::QoS&, CallbackT&&, const rclcpp::SubscriptionOptionsWithAllocator<AllocatorT>&, typename MessageMemoryStrategyT::SharedPtr)’
[168.352s]   221 |   create_subscription(
[168.352s]       |   ^~~~~~~~~~~~~~~~~~~
[168.352s] /opt/ros/jazzy/include/rclcpp/rclcpp/node.hpp:221:3: note:   candidate expects 3 arguments, 2 provided
[168.353s] /home/neha/ros2_ws/src/semnav_migration/src/navigation_humans.cpp:166:102: error: redeclaration of ‘rclcpp::Subscription<object_pose_interface_msgs::msg::SemanticMapObjectArray_<std::allocator<void> > >::SharedPtr sub_semantic’
[168.353s]   166 |             rclcpp::Subscription<object_pose_interface_msgs::msg::SemanticMapObjectArray>::SharedPtr sub_semantic
[168.353s]       |                                                                                                      ^~~~~~~~~~~~
[168.353s] /home/neha/ros2_ws/src/semnav_migration/src/navigation_humans.cpp:162:102: note: ‘rclcpp::Subscription<object_pose_interface_msgs::msg::SemanticMapObjectArray_<std::allocator<void> > >::SharedPtr sub_semantic’ previously declared here
[168.353s]   162 |             rclcpp::Subscription<object_pose_interface_msgs::msg::SemanticMapObjectArray>::SharedPtr sub_semantic
[168.353s]       |                                                                                                      ^~~~~~~~~~~~
[168.354s] /home/neha/ros2_ws/src/semnav_migration/src/navigation_humans.cpp:169:38: error: expected ‘)’ before ‘std’
[168.354s]   169 |                                      std::bind(&NavigationHumansNode::human_update, this, std::placeholders::_1));
[168.354s]       |                                      ^~~
[168.354s] /home/neha/ros2_ws/src/semnav_migration/src/navigation_humans.cpp:167:106: note: to match this ‘(’
[168.354s]   167 |                      = this->create_subscription<object_pose_interface_msgs::msg::SemanticMapObjectArray>(
[168.354s]       |                                                                                                          ^
[168.356s] /home/neha/ros2_ws/src/semnav_migration/src/navigation_humans.cpp:167:106: error: no matching function for call to ‘NavigationHumansNode::create_subscription<object_pose_interface_msgs::msg::SemanticMapObjectArray>(const char [16], int)’
[168.357s]   167 |                      = this->create_subscription<object_pose_interface_msgs::msg::SemanticMapObjectArray>(
[168.357s]       |                        ~~~~~~~~~~~~~~~~~~~~~~~~~~~~~~~~~~~~~~~~~~~~~~~~~~~~~~~~~~~~~~~~~~~~~~~~~~~~~~~~~~^
[168.357s]   168 |                                      "sub_human_topic", 1
[168.357s]       |                                      ~~~~~~~~~~~~~~~~~~~~                                                 
[168.357s]   169 |                                      std::bind(&NavigationHumansNode::human_update, this, std::placeholders::_1));
[168.357s]       |                                      ~~~                                                                  
[168.357s] /opt/ros/jazzy/include/rclcpp/rclcpp/node.hpp:221:3: note: candidate: ‘template<class MessageT, class CallbackT, class AllocatorT, class SubscriptionT, class MessageMemoryStrategyT> std::shared_ptr<ROSMessageT> rclcpp::Node::create_subscription(const std::string&, const rclcpp::QoS&, CallbackT&&, const rclcpp::SubscriptionOptionsWithAllocator<AllocatorT>&, typename MessageMemoryStrategyT::SharedPtr)’
[168.357s]   221 |   create_subscription(
[168.358s]       |   ^~~~~~~~~~~~~~~~~~~
[168.358s] /opt/ros/jazzy/include/rclcpp/rclcpp/node.hpp:221:3: note:   candidate expects 3 arguments, 2 provided
[168.358s] /home/neha/ros2_ws/src/semnav_migration/src/navigation_humans.cpp:173:45: error: no matching function for call to ‘rclcpp::Duration::Duration(double)’
[168.358s]   173 |                         rclcpp::Duration(5.0).sleep();
[168.358s]       |                                             ^
[168.361s] In file included from /opt/ros/jazzy/include/rclcpp/rclcpp/time.hpp:24,
[168.361s]                  from /opt/ros/jazzy/include/rclcpp/rclcpp/clock.hpp:24,
[168.361s]                  from /opt/ros/jazzy/include/rclcpp/rclcpp/client.hpp:38,
[168.361s]                  from /opt/ros/jazzy/include/rclcpp/rclcpp/callback_group.hpp:24,
[168.361s]                  from /opt/ros/jazzy/include/rclcpp/rclcpp/any_executable.hpp:20:
[168.361s] /opt/ros/jazzy/include/rclcpp/rclcpp/duration.hpp:49:3: note: candidate: ‘template<class Rep, class Period> rclcpp::Duration::Duration(const std::chrono::duration<_Rep1, _Period1>&)’
[168.361s]    49 |   Duration(const std::chrono::duration<Rep, Period> & duration)  // NOLINT(runtime/explicit)
[168.362s]       |   ^~~~~~~~
[168.362s] /opt/ros/jazzy/include/rclcpp/rclcpp/duration.hpp:49:3: note:   template argument deduction/substitution failed:
[168.362s] /home/neha/ros2_ws/src/semnav_migration/src/navigation_humans.cpp:173:45: note:   mismatched types ‘const std::chrono::duration<_Rep1, _Period1>’ and ‘double’
[168.362s]   173 |                         rclcpp::Duration(5.0).sleep();
[168.362s]       |                                             ^
[168.364s] /opt/ros/jazzy/include/rclcpp/rclcpp/duration.hpp:159:3: note: candidate: ‘rclcpp::Duration::Duration()’
[168.364s]   159 |   Duration() = default;
[168.365s]       |   ^~~~~~~~
[168.365s] /opt/ros/jazzy/include/rclcpp/rclcpp/duration.hpp:159:3: note:   candidate expects 0 arguments, 1 provided
[168.365s] /opt/ros/jazzy/include/rclcpp/rclcpp/duration.hpp:62:3: note: candidate: ‘rclcpp::Duration::Duration(const rclcpp::Duration&)’
[168.365s]    62 |   Duration(const Duration & rhs);
[168.365s]       |   ^~~~~~~~
[168.365s] /opt/ros/jazzy/include/rclcpp/rclcpp/duration.hpp:62:29: note:   no known conversion for argument 1 from ‘double’ to ‘const rclcpp::Duration&’
[168.365s]    62 |   Duration(const Duration & rhs);
[168.365s]       |            ~~~~~~~~~~~~~~~~~^~~
[168.366s] /opt/ros/jazzy/include/rclcpp/rclcpp/duration.hpp:60:12: note: candidate: ‘rclcpp::Duration::Duration(const rcl_duration_t&)’
[168.366s]    60 |   explicit Duration(const rcl_duration_t & duration);
[168.366s]       |            ^~~~~~~~
[168.366s] /opt/ros/jazzy/include/rclcpp/rclcpp/duration.hpp:60:44: note:   no known conversion for argument 1 from ‘double’ to ‘const rcl_duration_t&’ {aka ‘const rcl_duration_s&’}
[168.366s]    60 |   explicit Duration(const rcl_duration_t & duration);
[168.368s]       |                     ~~~~~~~~~~~~~~~~~~~~~~~^~~~~~~~
[168.369s] /opt/ros/jazzy/include/rclcpp/rclcpp/duration.hpp:54:3: note: candidate: ‘rclcpp::Duration::Duration(const builtin_interfaces::msg::Duration&)’
[168.369s]    54 |   Duration(const builtin_interfaces::msg::Duration & duration_msg);  // NOLINT(runtime/explicit)
[168.369s]       |   ^~~~~~~~
[168.369s] /opt/ros/jazzy/include/rclcpp/rclcpp/duration.hpp:54:54: note:   no known conversion for argument 1 from ‘double’ to ‘const builtin_interfaces::msg::Duration&’ {aka ‘const builtin_interfaces::msg::Duration_<std::allocator<void> >&’}
[168.369s]    54 |   Duration(const builtin_interfaces::msg::Duration & duration_msg);  // NOLINT(runtime/explicit)
[168.369s]       |            ~~~~~~~~~~~~~~~~~~~~~~~~~~~~~~~~~~~~~~~~~~^~~~~~~~~~~~
[168.369s] /opt/ros/jazzy/include/rclcpp/rclcpp/duration.hpp:43:12: note: candidate: ‘rclcpp::Duration::Duration(std::chrono::nanoseconds)’
[168.369s]    43 |   explicit Duration(std::chrono::nanoseconds nanoseconds);
[168.370s]       |            ^~~~~~~~
[168.370s] /opt/ros/jazzy/include/rclcpp/rclcpp/duration.hpp:43:46: note:   no known conversion for argument 1 from ‘double’ to ‘std::chrono::nanoseconds’ {aka ‘std::chrono::duration<long int, std::ratio<1, 1000000000> >’}
[168.370s]    43 |   explicit Duration(std::chrono::nanoseconds nanoseconds);
[168.370s]       |                     ~~~~~~~~~~~~~~~~~~~~~~~~~^~~~~~~~~~~
[168.370s] /opt/ros/jazzy/include/rclcpp/rclcpp/duration.hpp:40:3: note: candidate: ‘rclcpp::Duration::Duration(int32_t, uint32_t)’
[168.372s]    40 |   Duration(int32_t seconds, uint32_t nanoseconds);
[168.372s]       |   ^~~~~~~~
[168.373s] /opt/ros/jazzy/include/rclcpp/rclcpp/duration.hpp:40:3: note:   candidate expects 2 arguments, 1 provided
[168.373s] /home/neha/ros2_ws/src/semnav_migration/src/navigation_humans.cpp:178:75: error: no matching function for call to ‘rclcpp::executors::MultiThreadedExecutor::MultiThreadedExecutor(int)’
[168.373s]   178 |                         rclcpp::executors::MultiThreadedExecutor spinner(4);
[168.373s]       |                                                                           ^
[168.373s] /opt/ros/jazzy/include/rclcpp/rclcpp/executors/multi_threaded_executor.hpp:55:12: note: candidate: ‘rclcpp::executors::MultiThreadedExecutor::MultiThreadedExecutor(const rclcpp::ExecutorOptions&, size_t, bool, std::chrono::nanoseconds)’
[168.373s]    55 |   explicit MultiThreadedExecutor(
[168.373s]       |            ^~~~~~~~~~~~~~~~~~~~~
[168.373s] /opt/ros/jazzy/include/rclcpp/rclcpp/executors/multi_threaded_executor.hpp:56:37: note:   no known conversion for argument 1 from ‘int’ to ‘const rclcpp::ExecutorOptions&’
[168.374s]    56 |     const rclcpp::ExecutorOptions & options = rclcpp::ExecutorOptions(),
[168.374s]       |     ~~~~~~~~~~~~~~~~~~~~~~~~~~~~~~~~^~~~~~~~~~~~~~~~~~~~~~~~~~~~~~~~~~~
[168.374s] /home/neha/ros2_ws/src/semnav_migration/src/navigation_humans.cpp: In member function ‘void NavigationHumansNode::publish_twist(double, double)’:
[168.374s] /home/neha/ros2_ws/src/semnav_migration/src/navigation_humans.cpp:183:40: error: ‘Twist’ is not a member of ‘geometry_msgs’; did you mean ‘geometry_msgs::msg::Twist’?
[168.374s]   183 |                         geometry_msgs::Twist commandTwist;
[168.376s]       |                                        ^~~~~
[168.376s] In file included from /opt/ros/jazzy/include/geometry_msgs/geometry_msgs/msg/detail/velocity_stamped__struct.hpp:25,
[168.377s]                  from /opt/ros/jazzy/include/geometry_msgs/geometry_msgs/msg/velocity_stamped.hpp:7,
[168.377s]                  from /opt/ros/jazzy/include/tf2/tf2/buffer_core.h:49,
[168.377s]                  from /opt/ros/jazzy/include/tf2_ros/tf2_ros/async_buffer_interface.h:39,
[168.377s]                  from /opt/ros/jazzy/include/tf2_ros/tf2_ros/buffer.h:42,
[168.377s]                  from /home/neha/ros2_ws/src/semnav_migration/include/reactive_planner_lib.h:40:
[168.377s] /opt/ros/jazzy/include/geometry_msgs/geometry_msgs/msg/detail/twist__struct.hpp:137:7: note: ‘geometry_msgs::msg::Twist’ declared here
[168.377s]   137 | using Twist =
[168.377s]       |       ^~~~~
[168.428s] /home/neha/ros2_ws/src/semnav_migration/src/navigation_humans.cpp:184:25: error: ‘commandTwist’ was not declared in this scope
[168.428s]   184 |                         commandTwist.linear.x = LinearCmd;
[168.429s]       |                         ^~~~~~~~~~~~
[168.429s] /home/neha/ros2_ws/src/semnav_migration/src/navigation_humans.cpp:186:36: error: request for member ‘publish’ in ‘((NavigationHumansNode*)this)->NavigationHumansNode::pub_twist_’, which is of non-class type ‘int’
[168.429s]   186 |                         pub_twist_.publish(commandTwist);
[168.429s]       |                                    ^~~~~~~
[168.432s] /home/neha/ros2_ws/src/semnav_migration/src/navigation_humans.cpp: In member function ‘void NavigationHumansNode::publish_behavior_id(uint16_t)’:
[168.432s] /home/neha/ros2_ws/src/semnav_migration/src/navigation_humans.cpp:191:35: error: ‘UInt32’ is not a member of ‘std_msgs’; did you mean ‘example_interfaces::msg::UInt32’?
[168.432s]   191 |                         std_msgs::UInt32 commandId;
[168.432s]       |                                   ^~~~~~
[168.433s] /opt/ros/jazzy/include/example_interfaces/example_interfaces/msg/detail/u_int32__struct.hpp:125:7: note: ‘example_interfaces::msg::UInt32’ declared here
[168.433s]   125 | using UInt32 =
[168.433s]       |       ^~~~~~
[168.448s] /home/neha/ros2_ws/src/semnav_migration/src/human_following.cpp:176:25: error: ‘pub_behaviorID_’ was not declared in this scope; did you mean ‘pub_behaviorID_topic_’?
[168.448s]   176 |                         pub_behaviorID_.publish(commandId);
[168.448s]       |                         ^~~~~~~~~~~~~~~
[168.448s]       |                         pub_behaviorID_topic_
[168.452s] /home/neha/ros2_ws/src/semnav_migration/src/human_following.cpp: In member function ‘void HumanFollowingNode::publish_behavior_mode(uint16_t)’:
[168.453s] /home/neha/ros2_ws/src/semnav_migration/src/human_following.cpp:181:35: error: ‘UInt32’ is not a member of ‘std_msgs’; did you mean ‘example_interfaces::msg::UInt32’?
[168.453s]   181 |                         std_msgs::UInt32 commandMode;
[168.453s]       |                                   ^~~~~~
[168.453s] /opt/ros/jazzy/include/example_interfaces/example_interfaces/msg/detail/u_int32__struct.hpp:125:7: note: ‘example_interfaces::msg::UInt32’ declared here
[168.453s]   125 | using UInt32 =
[168.454s]       |       ^~~~~~
[168.479s] /home/neha/ros2_ws/src/semnav_migration/src/navigation_humans.cpp:192:25: error: ‘commandId’ was not declared in this scope
[168.479s]   192 |                         commandId.data = BehaviorIdCmd;
[168.479s]       |                         ^~~~~~~~~
[168.479s] /home/neha/ros2_ws/src/semnav_migration/src/navigation_humans.cpp:193:41: error: request for member ‘publish’ in ‘((NavigationHumansNode*)this)->NavigationHumansNode::pub_behaviorID_’, which is of non-class type ‘int’
[168.479s]   193 |                         pub_behaviorID_.publish(commandId);
[168.479s]       |                                         ^~~~~~~
[168.485s] /home/neha/ros2_ws/src/semnav_migration/src/navigation_humans.cpp: In member function ‘void NavigationHumansNode::publish_behavior_mode(uint16_t)’:
[168.485s] /home/neha/ros2_ws/src/semnav_migration/src/navigation_humans.cpp:198:35: error: ‘UInt32’ is not a member of ‘std_msgs’; did you mean ‘example_interfaces::msg::UInt32’?
[168.485s]   198 |                         std_msgs::UInt32 commandMode;
[168.485s]       |                                   ^~~~~~
[168.485s] /opt/ros/jazzy/include/example_interfaces/example_interfaces/msg/detail/u_int32__struct.hpp:125:7: note: ‘example_interfaces::msg::UInt32’ declared here
[168.485s]   125 | using UInt32 =
[168.485s]       |       ^~~~~~
[168.519s] /home/neha/ros2_ws/src/semnav_migration/src/human_following.cpp:182:25: error: ‘commandMode’ was not declared in this scope
[168.519s]   182 |                         commandMode.data = BehaviorModeCmd;
[168.519s]       |                         ^~~~~~~~~~~
[168.545s] /home/neha/ros2_ws/src/semnav_migration/src/navigation_humans.cpp:199:25: error: ‘commandMode’ was not declared in this scope
[168.545s]   199 |                         commandMode.data = BehaviorModeCmd;
[168.545s]       |                         ^~~~~~~~~~~
[168.545s] /home/neha/ros2_ws/src/semnav_migration/src/navigation_humans.cpp:200:43: error: request for member ‘publish’ in ‘((NavigationHumansNode*)this)->NavigationHumansNode::pub_behaviorMode_’, which is of non-class type ‘int’
[168.546s]   200 |                         pub_behaviorMode_.publish(commandMode);
[168.546s]       |                                           ^~~~~~~
[168.603s] /home/neha/ros2_ws/src/semnav_migration/src/navigation_humans.cpp: In member function ‘void NavigationHumansNode::human_update(const object_pose_interface_msgs::msg::KeypointDetections3D_<std::allocator<void> >::ConstPtr&)’:
[168.603s] /home/neha/ros2_ws/src/semnav_migration/src/navigation_humans.cpp:281:64: error: ‘PointStamped’ is not a member of ‘geometry_msgs’
[168.603s]   281 |                                                 geometry_msgs::PointStamped pointCamera, pointMap;
[168.603s]       |                                                                ^~~~~~~~~~~~
[168.620s] /home/neha/ros2_ws/src/semnav_migration/src/human_following.cpp:183:25: error: ‘pub_behaviorMode_’ was not declared in this scope; did you mean ‘pub_behaviorMode_topic_’?
[168.620s]   183 |                         pub_behaviorMode_.publish(commandMode);
[168.620s]       |                         ^~~~~~~~~~~~~~~~~
[168.620s]       |                         pub_behaviorMode_topic_
[168.667s] /home/neha/ros2_ws/src/semnav_migration/src/navigation_humans.cpp:282:49: error: ‘pointCamera’ was not declared in this scope
[168.667s]   282 |                                                 pointCamera.header.stamp = human_data->header.stamp;
[168.667s]       |                                                 ^~~~~~~~~~~
[168.668s] /home/neha/ros2_ws/src/semnav_migration/src/navigation_humans.cpp:282:95: error: ‘const object_pose_interface_msgs::msg::KeypointDetections3D_<std::allocator<void> >::_header_type’ {aka ‘const struct builtin_interfaces::msg::Time_<std::allocator<void> >’} has no member named ‘stamp’
[168.668s]   282 |                                                 pointCamera.header.stamp = human_data->header.stamp;
[168.668s]       |                                                                                               ^~~~~
[168.677s] /home/neha/ros2_ws/src/semnav_migration/src/human_following.cpp: In function ‘int main(int, char**)’:
[168.677s] /home/neha/ros2_ws/src/semnav_migration/src/human_following.cpp:722:9: error: ‘ros’ has not been declared
[168.677s]   722 |         ros::init(argc, argv, "human_following");
[168.677s]       |         ^~~
[168.677s] /home/neha/ros2_ws/src/semnav_migration/src/human_following.cpp:725:9: error: ‘ros’ has not been declared
[168.677s]   725 |         ros::NodeHandle nh("~");
[168.677s]       |         ^~~
[168.695s] /home/neha/ros2_ws/src/semnav_migration/src/human_following.cpp:728:48: error: ‘nh’ was not declared in this scope
[168.696s]   728 |         HumanFollowingNode humanFollowingNode(&nh);
[168.696s]       |                                                ^~
[168.717s] /home/neha/ros2_ws/src/semnav_migration/src/navigation_humans.cpp:288:57: error: ‘listener_’ was not declared in this scope
[168.717s]   288 |                                                         listener_.waitForTransform(world_frame_id_, rclcpp::Time(0), camera_optical_frame_id_, human_data->header.stamp, world_frame_id_, rclcpp::Duration(1.0));
[168.717s]       |                                                         ^~~~~~~~~
[168.718s] /home/neha/ros2_ws/src/semnav_migration/src/navigation_humans.cpp:288:163: error: ‘const object_pose_interface_msgs::msg::KeypointDetections3D_<std::allocator<void> >::_header_type’ {aka ‘const struct builtin_interfaces::msg::Time_<std::allocator<void> >’} has no member named ‘stamp’
[168.718s]   288 |                                                         listener_.waitForTransform(world_frame_id_, rclcpp::Time(0), camera_optical_frame_id_, human_data->header.stamp, world_frame_id_, rclcpp::Duration(1.0));
[168.718s]       |                                                                                                                                                                   ^~~~~
[168.718s] /home/neha/ros2_ws/src/semnav_migration/src/navigation_humans.cpp:288:207: error: no matching function for call to ‘rclcpp::Duration::Duration(double)’
[168.718s]   288 |                                                         listener_.waitForTransform(world_frame_id_, rclcpp::Time(0), camera_optical_frame_id_, human_data->header.stamp, world_frame_id_, rclcpp::Duration(1.0));
[168.718s]       |                                                                                                                                                                                                               ^
[168.718s] /opt/ros/jazzy/include/rclcpp/rclcpp/duration.hpp:49:3: note: candidate: ‘template<class Rep, class Period> rclcpp::Duration::Duration(const std::chrono::duration<_Rep1, _Period1>&)’
[168.719s]    49 |   Duration(const std::chrono::duration<Rep, Period> & duration)  // NOLINT(runtime/explicit)
[168.719s]       |   ^~~~~~~~
[168.719s] /opt/ros/jazzy/include/rclcpp/rclcpp/duration.hpp:49:3: note:   template argument deduction/substitution failed:
[168.719s] /home/neha/ros2_ws/src/semnav_migration/src/navigation_humans.cpp:288:207: note:   mismatched types ‘const std::chrono::duration<_Rep1, _Period1>’ and ‘double’
[168.719s]   288 |                                                         listener_.waitForTransform(world_frame_id_, rclcpp::Time(0), camera_optical_frame_id_, human_data->header.stamp, world_frame_id_, rclcpp::Duration(1.0));
[168.721s]       |                                                                                                                                                                                                               ^
[168.722s] /opt/ros/jazzy/include/rclcpp/rclcpp/duration.hpp:159:3: note: candidate: ‘rclcpp::Duration::Duration()’
[168.722s]   159 |   Duration() = default;
[168.722s]       |   ^~~~~~~~
[168.722s] /opt/ros/jazzy/include/rclcpp/rclcpp/duration.hpp:159:3: note:   candidate expects 0 arguments, 1 provided
[168.722s] /opt/ros/jazzy/include/rclcpp/rclcpp/duration.hpp:62:3: note: candidate: ‘rclcpp::Duration::Duration(const rclcpp::Duration&)’
[168.722s]    62 |   Duration(const Duration & rhs);
[168.722s]       |   ^~~~~~~~
[168.722s] /opt/ros/jazzy/include/rclcpp/rclcpp/duration.hpp:62:29: note:   no known conversion for argument 1 from ‘double’ to ‘const rclcpp::Duration&’
[168.723s]    62 |   Duration(const Duration & rhs);
[168.723s]       |            ~~~~~~~~~~~~~~~~~^~~
[168.723s] /opt/ros/jazzy/include/rclcpp/rclcpp/duration.hpp:60:12: note: candidate: ‘rclcpp::Duration::Duration(const rcl_duration_t&)’
[168.723s]    60 |   explicit Duration(const rcl_duration_t & duration);
[168.723s]       |            ^~~~~~~~
[168.725s] /opt/ros/jazzy/include/rclcpp/rclcpp/duration.hpp:60:44: note:   no known conversion for argument 1 from ‘double’ to ‘const rcl_duration_t&’ {aka ‘const rcl_duration_s&’}
[168.726s]    60 |   explicit Duration(const rcl_duration_t & duration);
[168.726s]       |                     ~~~~~~~~~~~~~~~~~~~~~~~^~~~~~~~
[168.726s] /opt/ros/jazzy/include/rclcpp/rclcpp/duration.hpp:54:3: note: candidate: ‘rclcpp::Duration::Duration(const builtin_interfaces::msg::Duration&)’
[168.726s]    54 |   Duration(const builtin_interfaces::msg::Duration & duration_msg);  // NOLINT(runtime/explicit)
[168.726s]       |   ^~~~~~~~
[168.726s] /opt/ros/jazzy/include/rclcpp/rclcpp/duration.hpp:54:54: note:   no known conversion for argument 1 from ‘double’ to ‘const builtin_interfaces::msg::Duration&’ {aka ‘const builtin_interfaces::msg::Duration_<std::allocator<void> >&’}
[168.726s]    54 |   Duration(const builtin_interfaces::msg::Duration & duration_msg);  // NOLINT(runtime/explicit)
[168.726s]       |            ~~~~~~~~~~~~~~~~~~~~~~~~~~~~~~~~~~~~~~~~~~^~~~~~~~~~~~
[168.727s] /opt/ros/jazzy/include/rclcpp/rclcpp/duration.hpp:43:12: note: candidate: ‘rclcpp::Duration::Duration(std::chrono::nanoseconds)’
[168.727s]    43 |   explicit Duration(std::chrono::nanoseconds nanoseconds);
[168.727s]       |            ^~~~~~~~
[168.727s] /opt/ros/jazzy/include/rclcpp/rclcpp/duration.hpp:43:46: note:   no known conversion for argument 1 from ‘double’ to ‘std::chrono::nanoseconds’ {aka ‘std::chrono::duration<long int, std::ratio<1, 1000000000> >’}
[168.727s]    43 |   explicit Duration(std::chrono::nanoseconds nanoseconds);
[168.729s]       |                     ~~~~~~~~~~~~~~~~~~~~~~~~~^~~~~~~~~~~
[168.730s] /opt/ros/jazzy/include/rclcpp/rclcpp/duration.hpp:40:3: note: candidate: ‘rclcpp::Duration::Duration(int32_t, uint32_t)’
[168.730s]    40 |   Duration(int32_t seconds, uint32_t nanoseconds);
[168.730s]       |   ^~~~~~~~
[168.730s] /opt/ros/jazzy/include/rclcpp/rclcpp/duration.hpp:40:3: note:   candidate expects 2 arguments, 1 provided
[168.759s] /home/neha/ros2_ws/src/semnav_migration/src/navigation_humans.cpp:289:146: error: ‘pointMap’ was not declared in this scope; did you mean ‘point’?
[168.760s]   289 |                                                         listener_.transformPoint(world_frame_id_, rclcpp::Time(0), pointCamera, world_frame_id_, pointMap);
[168.760s]       |                                                                                                                                                  ^~~~~~~~
[168.760s]       |                                                                                                                                                  point
[168.760s] /home/neha/ros2_ws/src/semnav_migration/src/navigation_humans.cpp:290:100: error: ‘TransformException’ in ‘class rclcpp::executors::MultiThreadedExecutor’ does not name a type
[168.760s]   290 |                                                 } catch (rclcpp::executors::MultiThreadedExecutor::TransformException &ex) {
[168.760s]       |                                                                                                    ^~~~~~~~~~~~~~~~~~
[168.795s] /home/neha/ros2_ws/src/semnav_migration/src/navigation_humans.cpp:291:72: error: ‘ex’ was not declared in this scope; did you mean ‘exp’?
[168.796s]   291 |                                                         ROS_ERROR("%s",ex.what());
[168.796s]       |                                                                        ^~
[168.796s]       |                                                                        exp
[168.845s] /home/neha/ros2_ws/src/semnav_migration/src/navigation_humans.cpp:291:57: error: ‘ROS_ERROR’ was not declared in this scope
[168.845s]   291 |                                                         ROS_ERROR("%s",ex.what());
[168.846s]       |                                                         ^~~~~~~~~
[168.890s] /home/neha/ros2_ws/src/semnav_migration/src/navigation_humans.cpp:294:67: error: ‘pointMap’ was not declared in this scope; did you mean ‘point’?
[168.890s]   294 |                                                 human_x.push_back(pointMap.point.x);
[168.890s]       |                                                                   ^~~~~~~~
[168.890s]       |                                                                   point
[168.891s] /home/neha/ros2_ws/src/semnav_migration/src/navigation_humans.cpp: In member function ‘void NavigationHumansNode::diffeo_tree_update(const object_pose_interface_msgs::msg::SemanticMapObjectArray_<std::allocator<void> >::ConstPtr&)’:
[168.891s] /home/neha/ros2_ws/src/semnav_migration/src/navigation_humans.cpp:337:45: error: expected unqualified-id before ‘-’ token
[168.891s]   337 |                         if (time.seconds(). - DiffeoTreeUpdateTime_ < (1.0/DiffeoTreeUpdateRate_)) {
[168.891s]       |                                             ^
[168.923s] /home/neha/ros2_ws/src/semnav_migration/src/navigation_humans.cpp:424:82: error: invalid operands of types ‘const char [31]’ and ‘double’ to binary ‘operator<<’
[168.924s]   424 |                                 ROS_WARN_STREAM("[Navigation] Updated trees in " << time.seconds()-start_time << " seconds.");
[168.924s]       |                                                 ~~~~~~~~~~~~~~~~~~~~~~~~~~~~~~~~ ^~ ~~~~~~~~~~~~~~~~~~~~~~~~~
[168.924s]       |                                                 |                                                 |
[168.924s]       |                                                 const char [31]                                   double
[169.023s] /home/neha/ros2_ws/src/semnav_migration/src/navigation_humans.cpp:424:33: error: ‘ROS_WARN_STREAM’ was not declared in this scope; did you mean ‘RCLCPP_WARN_STREAM’?
[169.025s]   424 |                                 ROS_WARN_STREAM("[Navigation] Updated trees in " << time.seconds()-start_time << " seconds.");
[169.026s]       |                                 ^~~~~~~~~~~~~~~
[169.026s]       |                                 RCLCPP_WARN_STREAM
[169.031s] /home/neha/ros2_ws/src/semnav_migration/src/navigation_humans.cpp: In member function ‘void NavigationHumansNode::control_callback(const sensor_msgs::msg::LaserScan_<std::allocator<void> >::ConstPtr&, const nav_msgs::msg::Odometry_<std::allocator<void> >::ConstPtr&)’:
[169.031s] /home/neha/ros2_ws/src/semnav_migration/src/navigation_humans.cpp:455:40: error: ‘PoseStamped’ is not a member of ‘geometry_msgs’; did you mean ‘geometry_msgs::msg::PoseStamped’?
[169.031s]   455 |                         geometry_msgs::PoseStamped odomPose, mapPose;
[169.031s]       |                                        ^~~~~~~~~~~
[169.031s] In file included from /home/neha/ros2_ws/src/install/object_pose_interface_msgs/include/object_pose_interface_msgs/object_pose_interface_msgs/msg/detail/semantic_map_object__struct.hpp:28,
[169.031s]                  from /home/neha/ros2_ws/src/install/object_pose_interface_msgs/include/object_pose_interface_msgs/object_pose_interface_msgs/msg/detail/semantic_map_object_array__struct.hpp:25,
[169.032s]                  from /home/neha/ros2_ws/src/install/object_pose_interface_msgs/include/object_pose_interface_msgs/object_pose_interface_msgs/msg/semantic_map_object_array.hpp:7,
[169.032s]                  from /home/neha/ros2_ws/src/semnav_migration/include/reactive_planner_lib.h:53:
[169.032s] /opt/ros/jazzy/include/geometry_msgs/geometry_msgs/msg/detail/pose_stamped__struct.hpp:138:7: note: ‘geometry_msgs::msg::PoseStamped’ declared here
[169.032s]   138 | using PoseStamped =
[169.034s]       |       ^~~~~~~~~~~
[169.083s] /home/neha/ros2_ws/src/semnav_migration/src/navigation_humans.cpp:456:25: error: ‘odomPose’ was not declared in this scope
[169.083s]   456 |                         odomPose.header.stamp = rclcpp::Time(0);
[169.083s]       |                         ^~~~~~~~
[169.134s] /home/neha/ros2_ws/src/semnav_migration/src/navigation_humans.cpp:460:33: error: ‘listener_’ was not declared in this scope
[169.134s]   460 |                                 listener_.waitForTransform(world_frame_id_, odom_frame_id_, rclcpp::Time(0), rclcpp::Duration(1.0));
[169.134s]       |                                 ^~~~~~~~~
[169.135s] /home/neha/ros2_ws/src/semnav_migration/src/navigation_humans.cpp:460:130: error: no matching function for call to ‘rclcpp::Duration::Duration(double)’
[169.135s]   460 |                                 listener_.waitForTransform(world_frame_id_, odom_frame_id_, rclcpp::Time(0), rclcpp::Duration(1.0));
[169.135s]       |                                                                                                                                  ^
[169.136s] /opt/ros/jazzy/include/rclcpp/rclcpp/duration.hpp:49:3: note: candidate: ‘template<class Rep, class Period> rclcpp::Duration::Duration(const std::chrono::duration<_Rep1, _Period1>&)’
[169.136s]    49 |   Duration(const std::chrono::duration<Rep, Period> & duration)  // NOLINT(runtime/explicit)
[169.136s]       |   ^~~~~~~~
[169.139s] /opt/ros/jazzy/include/rclcpp/rclcpp/duration.hpp:49:3: note:   template argument deduction/substitution failed:
[169.139s] /home/neha/ros2_ws/src/semnav_migration/src/navigation_humans.cpp:460:130: note:   mismatched types ‘const std::chrono::duration<_Rep1, _Period1>’ and ‘double’
[169.139s]   460 |                                 listener_.waitForTransform(world_frame_id_, odom_frame_id_, rclcpp::Time(0), rclcpp::Duration(1.0));
[169.139s]       |                                                                                                                                  ^
[169.139s] /opt/ros/jazzy/include/rclcpp/rclcpp/duration.hpp:159:3: note: candidate: ‘rclcpp::Duration::Duration()’
[169.140s]   159 |   Duration() = default;
[169.140s]       |   ^~~~~~~~
[169.140s] /opt/ros/jazzy/include/rclcpp/rclcpp/duration.hpp:159:3: note:   candidate expects 0 arguments, 1 provided
[169.140s] /opt/ros/jazzy/include/rclcpp/rclcpp/duration.hpp:62:3: note: candidate: ‘rclcpp::Duration::Duration(const rclcpp::Duration&)’
[169.140s]    62 |   Duration(const Duration & rhs);
[169.140s]       |   ^~~~~~~~
[169.140s] /opt/ros/jazzy/include/rclcpp/rclcpp/duration.hpp:62:29: note:   no known conversion for argument 1 from ‘double’ to ‘const rclcpp::Duration&’
[169.141s]    62 |   Duration(const Duration & rhs);
[169.141s]       |            ~~~~~~~~~~~~~~~~~^~~
[169.141s] /opt/ros/jazzy/include/rclcpp/rclcpp/duration.hpp:60:12: note: candidate: ‘rclcpp::Duration::Duration(const rcl_duration_t&)’
[169.141s]    60 |   explicit Duration(const rcl_duration_t & duration);
[169.141s]       |            ^~~~~~~~
[169.141s] /opt/ros/jazzy/include/rclcpp/rclcpp/duration.hpp:60:44: note:   no known conversion for argument 1 from ‘double’ to ‘const rcl_duration_t&’ {aka ‘const rcl_duration_s&’}
[169.141s]    60 |   explicit Duration(const rcl_duration_t & duration);
[169.142s]       |                     ~~~~~~~~~~~~~~~~~~~~~~~^~~~~~~~
[169.142s] /opt/ros/jazzy/include/rclcpp/rclcpp/duration.hpp:54:3: note: candidate: ‘rclcpp::Duration::Duration(const builtin_interfaces::msg::Duration&)’
[169.142s]    54 |   Duration(const builtin_interfaces::msg::Duration & duration_msg);  // NOLINT(runtime/explicit)
[169.142s]       |   ^~~~~~~~
[169.142s] /opt/ros/jazzy/include/rclcpp/rclcpp/duration.hpp:54:54: note:   no known conversion for argument 1 from ‘double’ to ‘const builtin_interfaces::msg::Duration&’ {aka ‘const builtin_interfaces::msg::Duration_<std::allocator<void> >&’}
[169.144s]    54 |   Duration(const builtin_interfaces::msg::Duration & duration_msg);  // NOLINT(runtime/explicit)
[169.144s]       |            ~~~~~~~~~~~~~~~~~~~~~~~~~~~~~~~~~~~~~~~~~~^~~~~~~~~~~~
[169.145s] /opt/ros/jazzy/include/rclcpp/rclcpp/duration.hpp:43:12: note: candidate: ‘rclcpp::Duration::Duration(std::chrono::nanoseconds)’
[169.145s]    43 |   explicit Duration(std::chrono::nanoseconds nanoseconds);
[169.145s]       |            ^~~~~~~~
[169.145s] /opt/ros/jazzy/include/rclcpp/rclcpp/duration.hpp:43:46: note:   no known conversion for argument 1 from ‘double’ to ‘std::chrono::nanoseconds’ {aka ‘std::chrono::duration<long int, std::ratio<1, 1000000000> >’}
[169.145s]    43 |   explicit Duration(std::chrono::nanoseconds nanoseconds);
[169.145s]       |                     ~~~~~~~~~~~~~~~~~~~~~~~~~^~~~~~~~~~~
[169.145s] /opt/ros/jazzy/include/rclcpp/rclcpp/duration.hpp:40:3: note: candidate: ‘rclcpp::Duration::Duration(int32_t, uint32_t)’
[169.146s]    40 |   Duration(int32_t seconds, uint32_t nanoseconds);
[169.146s]       |   ^~~~~~~~
[169.146s] /opt/ros/jazzy/include/rclcpp/rclcpp/duration.hpp:40:3: note:   candidate expects 2 arguments, 1 provided
[169.183s] /home/neha/ros2_ws/src/semnav_migration/src/navigation_humans.cpp:461:84: error: ‘mapPose’ was not declared in this scope
[169.184s]   461 |                                 listener_.transformPose(world_frame_id_, odomPose, mapPose);
[169.184s]       |                                                                                    ^~~~~~~
[169.234s] /home/neha/ros2_ws/src/semnav_migration/src/navigation_humans.cpp:463:33: error: ‘ROS_ERROR’ was not declared in this scope
[169.235s]   463 |                                 ROS_ERROR("%s",ex.what());
[169.235s]       |                                 ^~~~~~~~~
[169.273s] /home/neha/ros2_ws/src/semnav_migration/src/navigation_humans.cpp:468:68: error: ‘mapPose’ was not declared in this scope
[169.273s]   468 |                         tf2::Quaternion rotation = tf2::Quaternion(mapPose.pose.orientation.x,
[169.273s]       |                                                                    ^~~~~~~
[169.381s] /home/neha/ros2_ws/src/semnav_migration/src/navigation_humans.cpp:600:25: error: ‘ROS_INFO_STREAM’ was not declared in this scope; did you mean ‘RCLCPP_INFO_STREAM’?
[169.381s]   600 |                         ROS_INFO_STREAM("[Navigation] Computed linear local goal.");
[169.381s]       |                         ^~~~~~~~~~~~~~~
[169.381s]       |                         RCLCPP_INFO_STREAM
[169.387s] /home/neha/ros2_ws/src/semnav_migration/src/navigation_humans.cpp:637:53: error: no matching function for call to ‘rclcpp::Duration::Duration(double)’
[169.388s]   637 |                                 rclcpp::Duration(5.0).sleep();
[169.388s]       |                                                     ^
[169.388s] /opt/ros/jazzy/include/rclcpp/rclcpp/duration.hpp:49:3: note: candidate: ‘template<class Rep, class Period> rclcpp::Duration::Duration(const std::chrono::duration<_Rep1, _Period1>&)’
[169.389s]    49 |   Duration(const std::chrono::duration<Rep, Period> & duration)  // NOLINT(runtime/explicit)
[169.389s]       |   ^~~~~~~~
[169.389s] /opt/ros/jazzy/include/rclcpp/rclcpp/duration.hpp:49:3: note:   template argument deduction/substitution failed:
[169.389s] /home/neha/ros2_ws/src/semnav_migration/src/navigation_humans.cpp:637:53: note:   mismatched types ‘const std::chrono::duration<_Rep1, _Period1>’ and ‘double’
[169.389s]   637 |                                 rclcpp::Duration(5.0).sleep();
[169.389s]       |                                                     ^
[169.389s] /opt/ros/jazzy/include/rclcpp/rclcpp/duration.hpp:159:3: note: candidate: ‘rclcpp::Duration::Duration()’
[169.390s]   159 |   Duration() = default;
[169.390s]       |   ^~~~~~~~
[169.390s] /opt/ros/jazzy/include/rclcpp/rclcpp/duration.hpp:159:3: note:   candidate expects 0 arguments, 1 provided
[169.390s] /opt/ros/jazzy/include/rclcpp/rclcpp/duration.hpp:62:3: note: candidate: ‘rclcpp::Duration::Duration(const rclcpp::Duration&)’
[169.392s]    62 |   Duration(const Duration & rhs);
[169.392s]       |   ^~~~~~~~
[169.393s] /opt/ros/jazzy/include/rclcpp/rclcpp/duration.hpp:62:29: note:   no known conversion for argument 1 from ‘double’ to ‘const rclcpp::Duration&’
[169.393s]    62 |   Duration(const Duration & rhs);
[169.393s]       |            ~~~~~~~~~~~~~~~~~^~~
[169.393s] /opt/ros/jazzy/include/rclcpp/rclcpp/duration.hpp:60:12: note: candidate: ‘rclcpp::Duration::Duration(const rcl_duration_t&)’
[169.393s]    60 |   explicit Duration(const rcl_duration_t & duration);
[169.393s]       |            ^~~~~~~~
[169.393s] /opt/ros/jazzy/include/rclcpp/rclcpp/duration.hpp:60:44: note:   no known conversion for argument 1 from ‘double’ to ‘const rcl_duration_t&’ {aka ‘const rcl_duration_s&’}
[169.394s]    60 |   explicit Duration(const rcl_duration_t & duration);
[169.394s]       |                     ~~~~~~~~~~~~~~~~~~~~~~~^~~~~~~~
[169.394s] /opt/ros/jazzy/include/rclcpp/rclcpp/duration.hpp:54:3: note: candidate: ‘rclcpp::Duration::Duration(const builtin_interfaces::msg::Duration&)’
[169.394s]    54 |   Duration(const builtin_interfaces::msg::Duration & duration_msg);  // NOLINT(runtime/explicit)
[169.394s]       |   ^~~~~~~~
[169.396s] /opt/ros/jazzy/include/rclcpp/rclcpp/duration.hpp:54:54: note:   no known conversion for argument 1 from ‘double’ to ‘const builtin_interfaces::msg::Duration&’ {aka ‘const builtin_interfaces::msg::Duration_<std::allocator<void> >&’}
[169.397s]    54 |   Duration(const builtin_interfaces::msg::Duration & duration_msg);  // NOLINT(runtime/explicit)
[169.397s]       |            ~~~~~~~~~~~~~~~~~~~~~~~~~~~~~~~~~~~~~~~~~~^~~~~~~~~~~~
[169.397s] /opt/ros/jazzy/include/rclcpp/rclcpp/duration.hpp:43:12: note: candidate: ‘rclcpp::Duration::Duration(std::chrono::nanoseconds)’
[169.397s]    43 |   explicit Duration(std::chrono::nanoseconds nanoseconds);
[169.397s]       |            ^~~~~~~~
[169.397s] /opt/ros/jazzy/include/rclcpp/rclcpp/duration.hpp:43:46: note:   no known conversion for argument 1 from ‘double’ to ‘std::chrono::nanoseconds’ {aka ‘std::chrono::duration<long int, std::ratio<1, 1000000000> >’}
[169.397s]    43 |   explicit Duration(std::chrono::nanoseconds nanoseconds);
[169.397s]       |                     ~~~~~~~~~~~~~~~~~~~~~~~~~^~~~~~~~~~~
[169.398s] /opt/ros/jazzy/include/rclcpp/rclcpp/duration.hpp:40:3: note: candidate: ‘rclcpp::Duration::Duration(int32_t, uint32_t)’
[169.398s]    40 |   Duration(int32_t seconds, uint32_t nanoseconds);
[169.398s]       |   ^~~~~~~~
[169.398s] /opt/ros/jazzy/include/rclcpp/rclcpp/duration.hpp:40:3: note:   candidate expects 2 arguments, 1 provided
[169.491s] /home/neha/ros2_ws/src/semnav_migration/src/navigation_humans.cpp:640:33: error: ‘ROS_WARN_STREAM’ was not declared in this scope; did you mean ‘RCLCPP_WARN_STREAM’?
[169.492s]   640 |                                 ROS_WARN_STREAM("[Navigation] Successfully navigated to goal and stopped...");
[169.492s]       |                                 ^~~~~~~~~~~~~~~
[169.492s]       |                                 RCLCPP_WARN_STREAM
[169.498s] /home/neha/ros2_ws/src/semnav_migration/src/navigation_humans.cpp:663:75: error: invalid operands of types ‘const char [32]’ and ‘double’ to binary ‘operator<<’
[169.499s]   663 |                         ROS_WARN_STREAM("[Navigation] Linear command is " << LinearCmd << " and angular command is " << AngularCmd);
[169.499s]       |                                         ~~~~~~~~~~~~~~~~~~~~~~~~~~~~~~~~~ ^~ ~~~~~~~~~
[169.499s]       |                                         |                                    |
[169.499s]       |                                         const char [32]                      double
[169.598s] /home/neha/ros2_ws/src/semnav_migration/src/navigation_humans.cpp:663:25: error: ‘ROS_WARN_STREAM’ was not declared in this scope; did you mean ‘RCLCPP_WARN_STREAM’?
[169.598s]   663 |                         ROS_WARN_STREAM("[Navigation] Linear command is " << LinearCmd << " and angular command is " << AngularCmd);
[169.599s]       |                         ^~~~~~~~~~~~~~~
[169.599s]       |                         RCLCPP_WARN_STREAM
[169.599s] /home/neha/ros2_ws/src/semnav_migration/src/navigation_humans.cpp:664:76: error: invalid operands of types ‘const char [33]’ and ‘int’ to binary ‘operator<<’
[169.600s]   664 |                         ROS_WARN_STREAM("[Navigation] Command update for " << int(localDiffeoTreeArray.size()) << " polygons in " << rclcpp::Time::now().toSec()-before_time << " seconds.");
[169.600s]       |                                         ~~~~~~~~~~~~~~~~~~~~~~~~~~~~~~~~~~ ^~ ~~~~~~~~~~~~~~~~~~~~~~~~~~~~~~~~
[169.600s]       |                                         |                                     |
[169.600s]       |                                         const char [33]                       int
[169.602s] /home/neha/ros2_ws/src/semnav_migration/src/navigation_humans.cpp:664:148: error: ‘now’ is not a member of ‘rclcpp::Time’
[169.603s]   664 |                         ROS_WARN_STREAM("[Navigation] Command update for " << int(localDiffeoTreeArray.size()) << " polygons in " << rclcpp::Time::now().toSec()-before_time << " seconds.");
[169.603s]       |                                                                                                                                                    ^~~
[169.604s] /home/neha/ros2_ws/src/semnav_migration/src/navigation_humans.cpp: In function ‘int main(int, char**)’:
[169.605s] /home/neha/ros2_ws/src/semnav_migration/src/navigation_humans.cpp:742:9: error: ‘ros’ has not been declared
[169.605s]   742 |         ros::init(argc, argv, "navigation_humans");
[169.605s]       |         ^~~
[169.608s] /home/neha/ros2_ws/src/semnav_migration/src/navigation_humans.cpp:748:54: error: no matching function for call to ‘NavigationHumansNode::NavigationHumansNode(rclcpp::Node*)’
[169.608s]   748 |         NavigationHumansNode navigationHumansNode(&nh);
[169.608s]       |                                                      ^
[169.608s] /home/neha/ros2_ws/src/semnav_migration/src/navigation_humans.cpp:44:9: note: candidate: ‘NavigationHumansNode::NavigationHumansNode()’
[169.608s]    44 |         NavigationHumansNode() : Node("navigation humans node") {
[169.608s]       |         ^~~~~~~~~~~~~~~~~~~~
[169.609s] /home/neha/ros2_ws/src/semnav_migration/src/navigation_humans.cpp:44:9: note:   candidate expects 0 arguments, 1 provided
[173.066s] gmake[2]: *** [CMakeFiles/human_following.dir/build.make:76: CMakeFiles/human_following.dir/src/human_following.cpp.o] Error 1
[173.066s] gmake[1]: *** [CMakeFiles/Makefile2:259: CMakeFiles/human_following.dir/all] Error 2
[173.067s] gmake[1]: *** Waiting for unfinished jobs....
[183.026s] gmake[2]: *** [CMakeFiles/navigation_humans.dir/build.make:76: CMakeFiles/navigation_humans.dir/src/navigation_humans.cpp.o] Error 1
[183.027s] gmake[1]: *** [CMakeFiles/Makefile2:233: CMakeFiles/navigation_humans.dir/all] Error 2
[183.027s] gmake: *** [Makefile:146: all] Error 2
[183.030s] Invoked command in '/home/neha/ros2_ws/src/semnav_migration/build/semnav' returned '2': CMAKE_PREFIX_PATH=${CMAKE_PREFIX_PATH}:/opt/ros/jazzy DEBUGINFOD_URLS=https://debuginfod.ubuntu.com /usr/bin/cmake --build /home/neha/ros2_ws/src/semnav_migration/build/semnav -- -j2 -l2
