[0.036s] Invoking command in '/home/neha/ros2_ws/src/current_semnav_migration/build/semnav': CMAKE_PREFIX_PATH=${CMAKE_PREFIX_PATH}:/opt/ros/jazzy DEBUGINFOD_URLS=https://debuginfod.ubuntu.com /usr/bin/cmake --build /home/neha/ros2_ws/src/current_semnav_migration/build/semnav -- -j2 -l2
[0.221s] [  4%] [32mBuilding CXX object CMakeFiles/reactive_planner.dir/src/libraries/reactive_planner_lib.cpp.o[0m
[4.036s] In file included from [01m[K/home/neha/ros2_ws/src/current_semnav_migration/src/libraries/reactive_planner_lib.cpp:25[m[K:
[4.036s] [01m[K/home/neha/ros2_ws/src/current_semnav_migration/include/reactive_planner_lib.h:43:10:[m[K [01;31m[Kfatal error: [m[Ktf2_geometry_msgs/tf2_geometry_msgs/tf2_geometry_msgs.hpp: No such file or directory
[4.036s]    43 | #include [01;31m[K<tf2_geometry_msgs/tf2_geometry_msgs/tf2_geometry_msgs.hpp>[m[K
[4.036s]       |          [01;31m[K^~~~~~~~~~~~~~~~~~~~~~~~~~~~~~~~~~~~~~~~~~~~~~~~~~~~~~~~~~~[m[K
[4.036s] compilation terminated.
[4.070s] gmake[2]: *** [CMakeFiles/reactive_planner.dir/build.make:90: CMakeFiles/reactive_planner.dir/src/libraries/reactive_planner_lib.cpp.o] Error 1
[4.071s] gmake[1]: *** [CMakeFiles/Makefile2:155: CMakeFiles/reactive_planner.dir/all] Error 2
[4.072s] gmake: *** [Makefile:146: all] Error 2
[4.074s] Invoked command in '/home/neha/ros2_ws/src/current_semnav_migration/build/semnav' returned '2': CMAKE_PREFIX_PATH=${CMAKE_PREFIX_PATH}:/opt/ros/jazzy DEBUGINFOD_URLS=https://debuginfod.ubuntu.com /usr/bin/cmake --build /home/neha/ros2_ws/src/current_semnav_migration/build/semnav -- -j2 -l2
