[ 14%] Built target reactive_planner
[ 23%] Built target navigation
[ 33%] Built target navigation_semantic
[ 38%] Building CXX object CMakeFiles/navigation_humans.dir/src/navigation_humans.cpp.o
[ 42%] Building CXX object CMakeFiles/human_following.dir/src/human_following.cpp.o
/home/neha/ros2_ws/src/semnav_migration/src/human_following.cpp:44:36: error: ‘ros’ has not been declared
   44 |                 HumanFollowingNode(ros::NodeHandle* nodehandle) : nh_(*nodehandle) {
      |                                    ^~~
/home/neha/ros2_ws/src/semnav_migration/src/human_following.cpp:44:51: error: expected ‘)’ before ‘*’ token
   44 |                 HumanFollowingNode(ros::NodeHandle* nodehandle) : nh_(*nodehandle) {
      |                                   ~               ^
      |                                                   )
/home/neha/ros2_ws/src/semnav_migration/src/human_following.cpp:242:69: error: ‘KeypointDetections3D’ in namespace ‘object_pose_interface_msgs’ does not name a type
  242 |                 void human_update(const object_pose_interface_msgs::KeypointDetections3D::ConstPtr& human_data) {
      |                                                                     ^~~~~~~~~~~~~~~~~~~~
/home/neha/ros2_ws/src/semnav_migration/src/human_following.cpp:242:99: error: expected unqualified-id before ‘&’ token
  242 |                 void human_update(const object_pose_interface_msgs::KeypointDetections3D::ConstPtr& human_data) {
      |                                                                                                   ^
/home/neha/ros2_ws/src/semnav_migration/src/human_following.cpp:242:99: error: expected ‘)’ before ‘&’ token
  242 |                 void human_update(const object_pose_interface_msgs::KeypointDetections3D::ConstPtr& human_data) {
      |                                  ~                                                                ^
      |                                                                                                   )
/home/neha/ros2_ws/src/semnav_migration/src/human_following.cpp:242:99: error: expected ‘;’ at end of member declaration
  242 |                 void human_update(const object_pose_interface_msgs::KeypointDetections3D::ConstPtr& human_data) {
      |                                                                                                   ^
      |                                                                                                    ;
/home/neha/ros2_ws/src/semnav_migration/src/human_following.cpp:242:101: error: ‘human_data’ does not name a type
  242 |                 void human_update(const object_pose_interface_msgs::KeypointDetections3D::ConstPtr& human_data) {
      |                                                                                                     ^~~~~~~~~~
/home/neha/ros2_ws/src/semnav_migration/src/human_following.cpp:288:75: error: ‘SemanticMapObjectArray’ in namespace ‘object_pose_interface_msgs’ does not name a type
  288 |                 void diffeo_tree_update(const object_pose_interface_msgs::SemanticMapObjectArray::ConstPtr& semantic_map_data) {
      |                                                                           ^~~~~~~~~~~~~~~~~~~~~~
/home/neha/ros2_ws/src/semnav_migration/src/human_following.cpp:288:107: error: expected unqualified-id before ‘&’ token
  288 |                 void diffeo_tree_update(const object_pose_interface_msgs::SemanticMapObjectArray::ConstPtr& semantic_map_data) {
      |                                                                                                           ^
/home/neha/ros2_ws/src/semnav_migration/src/human_following.cpp:288:107: error: expected ‘)’ before ‘&’ token
  288 |                 void diffeo_tree_update(const object_pose_interface_msgs::SemanticMapObjectArray::ConstPtr& semantic_map_data) {
      |                                        ~                                                                  ^
      |                                                                                                           )
/home/neha/ros2_ws/src/semnav_migration/src/human_following.cpp:288:107: error: expected ‘;’ at end of member declaration
  288 |                 void diffeo_tree_update(const object_pose_interface_msgs::SemanticMapObjectArray::ConstPtr& semantic_map_data) {
      |                                                                                                           ^
      |                                                                                                            ;
/home/neha/ros2_ws/src/semnav_migration/src/human_following.cpp:288:109: error: ‘semantic_map_data’ does not name a type
  288 |                 void diffeo_tree_update(const object_pose_interface_msgs::SemanticMapObjectArray::ConstPtr& semantic_map_data) {
      |                                                                                                             ^~~~~~~~~~~~~~~~~
/home/neha/ros2_ws/src/semnav_migration/src/human_following.cpp:375:58: error: ‘LaserScan’ in namespace ‘sensor_msgs’ does not name a type
  375 |                 void control_callback(const sensor_msgs::LaserScan::ConstPtr& lidar_data, const nav_msgs::Odometry::ConstPtr& robot_data) {
      |                                                          ^~~~~~~~~
/home/neha/ros2_ws/src/semnav_migration/src/human_following.cpp:375:77: error: expected unqualified-id before ‘&’ token
  375 |                 void control_callback(const sensor_msgs::LaserScan::ConstPtr& lidar_data, const nav_msgs::Odometry::ConstPtr& robot_data) {
      |                                                                             ^
/home/neha/ros2_ws/src/semnav_migration/src/human_following.cpp:375:77: error: expected ‘)’ before ‘&’ token
  375 |                 void control_callback(const sensor_msgs::LaserScan::ConstPtr& lidar_data, const nav_msgs::Odometry::ConstPtr& robot_data) {
      |                                      ~                                      ^
      |                                                                             )
/home/neha/ros2_ws/src/semnav_migration/src/human_following.cpp:375:77: error: expected ‘;’ at end of member declaration
  375 |                 void control_callback(const sensor_msgs::LaserScan::ConstPtr& lidar_data, const nav_msgs::Odometry::ConstPtr& robot_data) {
      |                                                                             ^
      |                                                                              ;
/home/neha/ros2_ws/src/semnav_migration/src/human_following.cpp:375:79: error: ‘lidar_data’ does not name a type
  375 |                 void control_callback(const sensor_msgs::LaserScan::ConstPtr& lidar_data, const nav_msgs::Odometry::ConstPtr& robot_data) {
      |                                                                               ^~~~~~~~~~
/home/neha/ros2_ws/src/semnav_migration/src/human_following.cpp:643:17: error: ‘ros’ does not name a type
  643 |                 ros::NodeHandle nh_;
      |                 ^~~
/home/neha/ros2_ws/src/semnav_migration/src/human_following.cpp:662:17: error: ‘ros’ does not name a type
  662 |                 ros::Publisher pub_behaviorID_;
      |                 ^~~
/home/neha/ros2_ws/src/semnav_migration/src/human_following.cpp:663:17: error: ‘ros’ does not name a type
  663 |                 ros::Publisher pub_behaviorMode_;
      |                 ^~~
/home/neha/ros2_ws/src/semnav_migration/src/human_following.cpp:664:17: error: ‘ros’ does not name a type
  664 |                 ros::Publisher pub_twist_;
      |                 ^~~
/home/neha/ros2_ws/src/semnav_migration/src/human_following.cpp:666:17: error: ‘ros’ does not name a type
  666 |                 ros::Publisher pub_semantic_map_;
      |                 ^~~
/home/neha/ros2_ws/src/semnav_migration/src/human_following.cpp:695:17: error: ‘ros’ does not name a type
  695 |                 ros::Time Goal_camera_stamp_;
      |                 ^~~
/home/neha/ros2_ws/src/semnav_migration/src/human_following.cpp:715:17: error: ‘tf’ does not name a type; did you mean ‘tm’?
  715 |                 tf::TransformListener listener_;
      |                 ^~
      |                 tm
/home/neha/ros2_ws/src/semnav_migration/src/human_following.cpp: In member function ‘void HumanFollowingNode::publish_twist(double, double)’:
/home/neha/ros2_ws/src/semnav_migration/src/human_following.cpp:166:40: error: ‘Twist’ is not a member of ‘geometry_msgs’; did you mean ‘geometry_msgs::msg::Twist’?
  166 |                         geometry_msgs::Twist commandTwist;
      |                                        ^~~~~
In file included from /opt/ros/jazzy/include/geometry_msgs/geometry_msgs/msg/detail/velocity_stamped__struct.hpp:25,
                 from /opt/ros/jazzy/include/geometry_msgs/geometry_msgs/msg/velocity_stamped.hpp:7,
                 from /opt/ros/jazzy/include/tf2/tf2/buffer_core.h:49,
                 from /opt/ros/jazzy/include/tf2_ros/tf2_ros/async_buffer_interface.h:39,
                 from /opt/ros/jazzy/include/tf2_ros/tf2_ros/buffer.h:42,
                 from /home/neha/ros2_ws/src/semnav_migration/include/reactive_planner_lib.h:40,
                 from /home/neha/ros2_ws/src/semnav_migration/src/human_following.cpp:25:
/opt/ros/jazzy/include/geometry_msgs/geometry_msgs/msg/detail/twist__struct.hpp:137:7: note: ‘geometry_msgs::msg::Twist’ declared here
  137 | using Twist =
      |       ^~~~~
/home/neha/ros2_ws/src/semnav_migration/src/human_following.cpp:167:25: error: ‘commandTwist’ was not declared in this scope
  167 |                         commandTwist.linear.x = LinearCmd;
      |                         ^~~~~~~~~~~~
/home/neha/ros2_ws/src/semnav_migration/src/human_following.cpp:169:25: error: ‘pub_twist_’ was not declared in this scope; did you mean ‘publish_twist’?
  169 |                         pub_twist_.publish(commandTwist);
      |                         ^~~~~~~~~~
      |                         publish_twist
/home/neha/ros2_ws/src/semnav_migration/src/human_following.cpp: In member function ‘void HumanFollowingNode::publish_behavior_id(uint16_t)’:
/home/neha/ros2_ws/src/semnav_migration/src/human_following.cpp:174:35: error: ‘UInt32’ is not a member of ‘std_msgs’; did you mean ‘example_interfaces::msg::UInt32’?
  174 |                         std_msgs::UInt32 commandId;
      |                                   ^~~~~~
In file included from /opt/ros/jazzy/include/example_interfaces/example_interfaces/msg/u_int32.hpp:7,
                 from /home/neha/ros2_ws/src/semnav_migration/include/reactive_planner_lib.h:52:
/opt/ros/jazzy/include/example_interfaces/example_interfaces/msg/detail/u_int32__struct.hpp:125:7: note: ‘example_interfaces::msg::UInt32’ declared here
  125 | using UInt32 =
      |       ^~~~~~
/home/neha/ros2_ws/src/semnav_migration/src/human_following.cpp:175:25: error: ‘commandId’ was not declared in this scope
  175 |                         commandId.data = BehaviorIdCmd;
      |                         ^~~~~~~~~
/home/neha/ros2_ws/src/semnav_migration/src/human_following.cpp:176:25: error: ‘pub_behaviorID_’ was not declared in this scope; did you mean ‘pub_behaviorID_topic_’?
  176 |                         pub_behaviorID_.publish(commandId);
      |                         ^~~~~~~~~~~~~~~
      |                         pub_behaviorID_topic_
/home/neha/ros2_ws/src/semnav_migration/src/human_following.cpp: In member function ‘void HumanFollowingNode::publish_behavior_mode(uint16_t)’:
/home/neha/ros2_ws/src/semnav_migration/src/human_following.cpp:181:35: error: ‘UInt32’ is not a member of ‘std_msgs’; did you mean ‘example_interfaces::msg::UInt32’?
  181 |                         std_msgs::UInt32 commandMode;
      |                                   ^~~~~~
/opt/ros/jazzy/include/example_interfaces/example_interfaces/msg/detail/u_int32__struct.hpp:125:7: note: ‘example_interfaces::msg::UInt32’ declared here
  125 | using UInt32 =
      |       ^~~~~~
/home/neha/ros2_ws/src/semnav_migration/src/human_following.cpp:182:25: error: ‘commandMode’ was not declared in this scope
  182 |                         commandMode.data = BehaviorModeCmd;
      |                         ^~~~~~~~~~~
/home/neha/ros2_ws/src/semnav_migration/src/human_following.cpp:183:25: error: ‘pub_behaviorMode_’ was not declared in this scope; did you mean ‘pub_behaviorMode_topic_’?
  183 |                         pub_behaviorMode_.publish(commandMode);
      |                         ^~~~~~~~~~~~~~~~~
      |                         pub_behaviorMode_topic_
/home/neha/ros2_ws/src/semnav_migration/src/human_following.cpp: In function ‘int main(int, char**)’:
/home/neha/ros2_ws/src/semnav_migration/src/human_following.cpp:722:9: error: ‘ros’ has not been declared
  722 |         ros::init(argc, argv, "human_following");
      |         ^~~
/home/neha/ros2_ws/src/semnav_migration/src/human_following.cpp:725:9: error: ‘ros’ has not been declared
  725 |         ros::NodeHandle nh("~");
      |         ^~~
/home/neha/ros2_ws/src/semnav_migration/src/human_following.cpp:728:48: error: ‘nh’ was not declared in this scope
  728 |         HumanFollowingNode humanFollowingNode(&nh);
      |                                                ^~
/home/neha/ros2_ws/src/semnav_migration/src/navigation_humans.cpp: In member function ‘void NavigationHumansNode::human_update(const object_pose_interface_msgs::msg::KeypointDetections3D_<std::allocator<void> >::ConstPtr&)’:
/home/neha/ros2_ws/src/semnav_migration/src/navigation_humans.cpp:287:95: error: ‘const object_pose_interface_msgs::msg::KeypointDetections3D_<std::allocator<void> >::_header_type’ {aka ‘const struct builtin_interfaces::msg::Time_<std::allocator<void> >’} has no member named ‘stamp’
  287 |                                                 pointCamera.header.stamp = human_data->header.stamp;
      |                                                                                               ^~~~~
/home/neha/ros2_ws/src/semnav_migration/src/navigation_humans.cpp:300:90: error: ‘const object_pose_interface_msgs::msg::KeypointDetections3D_<std::allocator<void> >::_header_type’ {aka ‘const struct builtin_interfaces::msg::Time_<std::allocator<void> >’} has no member named ‘stamp’
  300 |                                             camera_optical_frame_id_, human_data->header.stamp,
      |                                                                                          ^~~~~
gmake[2]: *** [CMakeFiles/human_following.dir/build.make:76: CMakeFiles/human_following.dir/src/human_following.cpp.o] Error 1
gmake[1]: *** [CMakeFiles/Makefile2:259: CMakeFiles/human_following.dir/all] Error 2
gmake[1]: *** Waiting for unfinished jobs....
gmake[2]: *** [CMakeFiles/navigation_humans.dir/build.make:76: CMakeFiles/navigation_humans.dir/src/navigation_humans.cpp.o] Error 1
gmake[1]: *** [CMakeFiles/Makefile2:233: CMakeFiles/navigation_humans.dir/all] Error 2
gmake: *** [Makefile:146: all] Error 2
