[0.030s] Invoking command in '/home/neha/ros2_ws/src/semnav_migration/build/semnav': CMAKE_PREFIX_PATH=${CMAKE_PREFIX_PATH}:/opt/ros/jazzy DEBUGINFOD_URLS=https://debuginfod.ubuntu.com /usr/bin/cmake --build /home/neha/ros2_ws/src/semnav_migration/build/semnav -- -j2 -l2
[0.213s] [ 14%] Built target reactive_planner
[0.321s] [ 23%] Built target navigation
[0.341s] [ 33%] Built target navigation_semantic
[0.490s] [ 38%] Building CXX object CMakeFiles/navigation_humans.dir/src/navigation_humans.cpp.o
[0.505s] [ 42%] Building CXX object CMakeFiles/human_following.dir/src/human_following.cpp.o
[40.006s] /home/neha/ros2_ws/src/semnav_migration/src/human_following.cpp:44:36: error: ‘ros’ has not been declared
[40.006s]    44 |                 HumanFollowingNode(ros::NodeHandle* nodehandle) : nh_(*nodehandle) {
[40.006s]       |                                    ^~~
[40.006s] /home/neha/ros2_ws/src/semnav_migration/src/human_following.cpp:44:51: error: expected ‘)’ before ‘*’ token
[40.007s]    44 |                 HumanFollowingNode(ros::NodeHandle* nodehandle) : nh_(*nodehandle) {
[40.007s]       |                                   ~               ^
[40.013s]       |                                                   )
[40.013s] /home/neha/ros2_ws/src/semnav_migration/src/human_following.cpp:242:69: error: ‘KeypointDetections3D’ in namespace ‘object_pose_interface_msgs’ does not name a type
[40.013s]   242 |                 void human_update(const object_pose_interface_msgs::KeypointDetections3D::ConstPtr& human_data) {
[40.013s]       |                                                                     ^~~~~~~~~~~~~~~~~~~~
[40.014s] /home/neha/ros2_ws/src/semnav_migration/src/human_following.cpp:242:99: error: expected unqualified-id before ‘&’ token
[40.014s]   242 |                 void human_update(const object_pose_interface_msgs::KeypointDetections3D::ConstPtr& human_data) {
[40.014s]       |                                                                                                   ^
[40.014s] /home/neha/ros2_ws/src/semnav_migration/src/human_following.cpp:242:99: error: expected ‘)’ before ‘&’ token
[40.014s]   242 |                 void human_update(const object_pose_interface_msgs::KeypointDetections3D::ConstPtr& human_data) {
[40.014s]       |                                  ~                                                                ^
[40.014s]       |                                                                                                   )
[40.015s] /home/neha/ros2_ws/src/semnav_migration/src/human_following.cpp:242:99: error: expected ‘;’ at end of member declaration
[40.018s]   242 |                 void human_update(const object_pose_interface_msgs::KeypointDetections3D::ConstPtr& human_data) {
[40.019s]       |                                                                                                   ^
[40.019s]       |                                                                                                    ;
[40.044s] /home/neha/ros2_ws/src/semnav_migration/src/human_following.cpp:242:101: error: ‘human_data’ does not name a type
[40.045s]   242 |                 void human_update(const object_pose_interface_msgs::KeypointDetections3D::ConstPtr& human_data) {
[40.045s]       |                                                                                                     ^~~~~~~~~~
[40.045s] /home/neha/ros2_ws/src/semnav_migration/src/human_following.cpp:288:75: error: ‘SemanticMapObjectArray’ in namespace ‘object_pose_interface_msgs’ does not name a type
[40.045s]   288 |                 void diffeo_tree_update(const object_pose_interface_msgs::SemanticMapObjectArray::ConstPtr& semantic_map_data) {
[40.050s]       |                                                                           ^~~~~~~~~~~~~~~~~~~~~~
[40.051s] /home/neha/ros2_ws/src/semnav_migration/src/human_following.cpp:288:107: error: expected unqualified-id before ‘&’ token
[40.053s]   288 |                 void diffeo_tree_update(const object_pose_interface_msgs::SemanticMapObjectArray::ConstPtr& semantic_map_data) {
[40.053s]       |                                                                                                           ^
[40.053s] /home/neha/ros2_ws/src/semnav_migration/src/human_following.cpp:288:107: error: expected ‘)’ before ‘&’ token
[40.053s]   288 |                 void diffeo_tree_update(const object_pose_interface_msgs::SemanticMapObjectArray::ConstPtr& semantic_map_data) {
[40.054s]       |                                        ~                                                                  ^
[40.054s]       |                                                                                                           )
[40.059s] /home/neha/ros2_ws/src/semnav_migration/src/human_following.cpp:288:107: error: expected ‘;’ at end of member declaration
[40.059s]   288 |                 void diffeo_tree_update(const object_pose_interface_msgs::SemanticMapObjectArray::ConstPtr& semantic_map_data) {
[40.060s]       |                                                                                                           ^
[40.060s]       |                                                                                                            ;
[40.105s] /home/neha/ros2_ws/src/semnav_migration/src/human_following.cpp:288:109: error: ‘semantic_map_data’ does not name a type
[40.105s]   288 |                 void diffeo_tree_update(const object_pose_interface_msgs::SemanticMapObjectArray::ConstPtr& semantic_map_data) {
[40.105s]       |                                                                                                             ^~~~~~~~~~~~~~~~~
[40.106s] /home/neha/ros2_ws/src/semnav_migration/src/human_following.cpp:375:58: error: ‘LaserScan’ in namespace ‘sensor_msgs’ does not name a type
[40.106s]   375 |                 void control_callback(const sensor_msgs::LaserScan::ConstPtr& lidar_data, const nav_msgs::Odometry::ConstPtr& robot_data) {
[40.106s]       |                                                          ^~~~~~~~~
[40.106s] /home/neha/ros2_ws/src/semnav_migration/src/human_following.cpp:375:77: error: expected unqualified-id before ‘&’ token
[40.106s]   375 |                 void control_callback(const sensor_msgs::LaserScan::ConstPtr& lidar_data, const nav_msgs::Odometry::ConstPtr& robot_data) {
[40.106s]       |                                                                             ^
[40.106s] /home/neha/ros2_ws/src/semnav_migration/src/human_following.cpp:375:77: error: expected ‘)’ before ‘&’ token
[40.106s]   375 |                 void control_callback(const sensor_msgs::LaserScan::ConstPtr& lidar_data, const nav_msgs::Odometry::ConstPtr& robot_data) {
[40.107s]       |                                      ~                                      ^
[40.107s]       |                                                                             )
[40.113s] /home/neha/ros2_ws/src/semnav_migration/src/human_following.cpp:375:77: error: expected ‘;’ at end of member declaration
[40.114s]   375 |                 void control_callback(const sensor_msgs::LaserScan::ConstPtr& lidar_data, const nav_msgs::Odometry::ConstPtr& robot_data) {
[40.114s]       |                                                                             ^
[40.115s]       |                                                                              ;
[40.116s] /home/neha/ros2_ws/src/semnav_migration/src/human_following.cpp:375:79: error: ‘lidar_data’ does not name a type
[40.116s]   375 |                 void control_callback(const sensor_msgs::LaserScan::ConstPtr& lidar_data, const nav_msgs::Odometry::ConstPtr& robot_data) {
[40.116s]       |                                                                               ^~~~~~~~~~
[40.131s] /home/neha/ros2_ws/src/semnav_migration/src/human_following.cpp:643:17: error: ‘ros’ does not name a type
[40.131s]   643 |                 ros::NodeHandle nh_;
[40.131s]       |                 ^~~
[40.145s] /home/neha/ros2_ws/src/semnav_migration/src/human_following.cpp:662:17: error: ‘ros’ does not name a type
[40.145s]   662 |                 ros::Publisher pub_behaviorID_;
[40.145s]       |                 ^~~
[40.157s] /home/neha/ros2_ws/src/semnav_migration/src/human_following.cpp:663:17: error: ‘ros’ does not name a type
[40.157s]   663 |                 ros::Publisher pub_behaviorMode_;
[40.159s]       |                 ^~~
[40.169s] /home/neha/ros2_ws/src/semnav_migration/src/human_following.cpp:664:17: error: ‘ros’ does not name a type
[40.169s]   664 |                 ros::Publisher pub_twist_;
[40.169s]       |                 ^~~
[40.171s] /home/neha/ros2_ws/src/semnav_migration/src/human_following.cpp:666:17: error: ‘ros’ does not name a type
[40.173s]   666 |                 ros::Publisher pub_semantic_map_;
[40.173s]       |                 ^~~
[40.181s] /home/neha/ros2_ws/src/semnav_migration/src/human_following.cpp:695:17: error: ‘ros’ does not name a type
[40.181s]   695 |                 ros::Time Goal_camera_stamp_;
[40.182s]       |                 ^~~
[40.217s] /home/neha/ros2_ws/src/semnav_migration/src/human_following.cpp:715:17: error: ‘tf’ does not name a type; did you mean ‘tm’?
[40.217s]   715 |                 tf::TransformListener listener_;
[40.221s]       |                 ^~
[40.221s]       |                 tm
[40.227s] /home/neha/ros2_ws/src/semnav_migration/src/human_following.cpp: In member function ‘void HumanFollowingNode::publish_twist(double, double)’:
[40.228s] /home/neha/ros2_ws/src/semnav_migration/src/human_following.cpp:166:40: error: ‘Twist’ is not a member of ‘geometry_msgs’; did you mean ‘geometry_msgs::msg::Twist’?
[40.228s]   166 |                         geometry_msgs::Twist commandTwist;
[40.228s]       |                                        ^~~~~
[40.228s] In file included from /opt/ros/jazzy/include/geometry_msgs/geometry_msgs/msg/detail/velocity_stamped__struct.hpp:25,
[40.229s]                  from /opt/ros/jazzy/include/geometry_msgs/geometry_msgs/msg/velocity_stamped.hpp:7,
[40.229s]                  from /opt/ros/jazzy/include/tf2/tf2/buffer_core.h:49,
[40.235s]                  from /opt/ros/jazzy/include/tf2_ros/tf2_ros/async_buffer_interface.h:39,
[40.235s]                  from /opt/ros/jazzy/include/tf2_ros/tf2_ros/buffer.h:42,
[40.235s]                  from /home/neha/ros2_ws/src/semnav_migration/include/reactive_planner_lib.h:40,
[40.235s]                  from /home/neha/ros2_ws/src/semnav_migration/src/human_following.cpp:25:
[40.235s] /opt/ros/jazzy/include/geometry_msgs/geometry_msgs/msg/detail/twist__struct.hpp:137:7: note: ‘geometry_msgs::msg::Twist’ declared here
[40.235s]   137 | using Twist =
[40.236s]       |       ^~~~~
[40.331s] /home/neha/ros2_ws/src/semnav_migration/src/human_following.cpp:167:25: error: ‘commandTwist’ was not declared in this scope
[40.331s]   167 |                         commandTwist.linear.x = LinearCmd;
[40.331s]       |                         ^~~~~~~~~~~~
[40.399s] /home/neha/ros2_ws/src/semnav_migration/src/human_following.cpp:169:25: error: ‘pub_twist_’ was not declared in this scope; did you mean ‘publish_twist’?
[40.399s]   169 |                         pub_twist_.publish(commandTwist);
[40.399s]       |                         ^~~~~~~~~~
[40.399s]       |                         publish_twist
[40.406s] /home/neha/ros2_ws/src/semnav_migration/src/human_following.cpp: In member function ‘void HumanFollowingNode::publish_behavior_id(uint16_t)’:
[40.406s] /home/neha/ros2_ws/src/semnav_migration/src/human_following.cpp:174:35: error: ‘UInt32’ is not a member of ‘std_msgs’; did you mean ‘example_interfaces::msg::UInt32’?
[40.406s]   174 |                         std_msgs::UInt32 commandId;
[40.407s]       |                                   ^~~~~~
[40.407s] In file included from /opt/ros/jazzy/include/example_interfaces/example_interfaces/msg/u_int32.hpp:7,
[40.411s]                  from /home/neha/ros2_ws/src/semnav_migration/include/reactive_planner_lib.h:52:
[40.411s] /opt/ros/jazzy/include/example_interfaces/example_interfaces/msg/detail/u_int32__struct.hpp:125:7: note: ‘example_interfaces::msg::UInt32’ declared here
[40.411s]   125 | using UInt32 =
[40.412s]       |       ^~~~~~
[40.516s] /home/neha/ros2_ws/src/semnav_migration/src/human_following.cpp:175:25: error: ‘commandId’ was not declared in this scope
[40.516s]   175 |                         commandId.data = BehaviorIdCmd;
[40.516s]       |                         ^~~~~~~~~
[40.661s] /home/neha/ros2_ws/src/semnav_migration/src/human_following.cpp:176:25: error: ‘pub_behaviorID_’ was not declared in this scope; did you mean ‘pub_behaviorID_topic_’?
[40.662s]   176 |                         pub_behaviorID_.publish(commandId);
[40.662s]       |                         ^~~~~~~~~~~~~~~
[40.662s]       |                         pub_behaviorID_topic_
[40.667s] /home/neha/ros2_ws/src/semnav_migration/src/human_following.cpp: In member function ‘void HumanFollowingNode::publish_behavior_mode(uint16_t)’:
[40.667s] /home/neha/ros2_ws/src/semnav_migration/src/human_following.cpp:181:35: error: ‘UInt32’ is not a member of ‘std_msgs’; did you mean ‘example_interfaces::msg::UInt32’?
[40.667s]   181 |                         std_msgs::UInt32 commandMode;
[40.667s]       |                                   ^~~~~~
[40.668s] /opt/ros/jazzy/include/example_interfaces/example_interfaces/msg/detail/u_int32__struct.hpp:125:7: note: ‘example_interfaces::msg::UInt32’ declared here
[40.669s]   125 | using UInt32 =
[40.669s]       |       ^~~~~~
[40.808s] /home/neha/ros2_ws/src/semnav_migration/src/human_following.cpp:182:25: error: ‘commandMode’ was not declared in this scope
[40.808s]   182 |                         commandMode.data = BehaviorModeCmd;
[40.808s]       |                         ^~~~~~~~~~~
[40.974s] /home/neha/ros2_ws/src/semnav_migration/src/human_following.cpp:183:25: error: ‘pub_behaviorMode_’ was not declared in this scope; did you mean ‘pub_behaviorMode_topic_’?
[40.974s]   183 |                         pub_behaviorMode_.publish(commandMode);
[40.974s]       |                         ^~~~~~~~~~~~~~~~~
[40.974s]       |                         pub_behaviorMode_topic_
[41.061s] /home/neha/ros2_ws/src/semnav_migration/src/human_following.cpp: In function ‘int main(int, char**)’:
[41.061s] /home/neha/ros2_ws/src/semnav_migration/src/human_following.cpp:722:9: error: ‘ros’ has not been declared
[41.062s]   722 |         ros::init(argc, argv, "human_following");
[41.062s]       |         ^~~
[41.062s] /home/neha/ros2_ws/src/semnav_migration/src/human_following.cpp:725:9: error: ‘ros’ has not been declared
[41.062s]   725 |         ros::NodeHandle nh("~");
[41.062s]       |         ^~~
[41.084s] /home/neha/ros2_ws/src/semnav_migration/src/human_following.cpp:728:48: error: ‘nh’ was not declared in this scope
[41.084s]   728 |         HumanFollowingNode humanFollowingNode(&nh);
[41.084s]       |                                                ^~
[42.717s] /home/neha/ros2_ws/src/semnav_migration/src/navigation_humans.cpp: In member function ‘void NavigationHumansNode::human_update(const object_pose_interface_msgs::msg::KeypointDetections3D_<std::allocator<void> >::ConstPtr&)’:
[42.717s] /home/neha/ros2_ws/src/semnav_migration/src/navigation_humans.cpp:287:95: error: ‘const object_pose_interface_msgs::msg::KeypointDetections3D_<std::allocator<void> >::_header_type’ {aka ‘const struct builtin_interfaces::msg::Time_<std::allocator<void> >’} has no member named ‘stamp’
[42.718s]   287 |                                                 pointCamera.header.stamp = human_data->header.stamp;
[42.718s]       |                                                                                               ^~~~~
[42.720s] /home/neha/ros2_ws/src/semnav_migration/src/navigation_humans.cpp:300:90: error: ‘const object_pose_interface_msgs::msg::KeypointDetections3D_<std::allocator<void> >::_header_type’ {aka ‘const struct builtin_interfaces::msg::Time_<std::allocator<void> >’} has no member named ‘stamp’
[42.720s]   300 |                                             camera_optical_frame_id_, human_data->header.stamp,
[42.720s]       |                                                                                          ^~~~~
[52.546s] gmake[2]: *** [CMakeFiles/human_following.dir/build.make:76: CMakeFiles/human_following.dir/src/human_following.cpp.o] Error 1
[52.549s] gmake[1]: *** [CMakeFiles/Makefile2:259: CMakeFiles/human_following.dir/all] Error 2
[52.549s] gmake[1]: *** Waiting for unfinished jobs....
[71.311s] gmake[2]: *** [CMakeFiles/navigation_humans.dir/build.make:76: CMakeFiles/navigation_humans.dir/src/navigation_humans.cpp.o] Error 1
[71.313s] gmake[1]: *** [CMakeFiles/Makefile2:233: CMakeFiles/navigation_humans.dir/all] Error 2
[71.314s] gmake: *** [Makefile:146: all] Error 2
[71.316s] Invoked command in '/home/neha/ros2_ws/src/semnav_migration/build/semnav' returned '2': CMAKE_PREFIX_PATH=${CMAKE_PREFIX_PATH}:/opt/ros/jazzy DEBUGINFOD_URLS=https://debuginfod.ubuntu.com /usr/bin/cmake --build /home/neha/ros2_ws/src/semnav_migration/build/semnav -- -j2 -l2
