[0.025s] Invoking command in '/home/neha/ros2_ws/src/semnav_migration/build/semnav': CMAKE_PREFIX_PATH=${CMAKE_PREFIX_PATH}:/opt/ros/jazzy DEBUGINFOD_URLS=https://debuginfod.ubuntu.com /usr/bin/cmake --build /home/neha/ros2_ws/src/semnav_migration/build/semnav -- -j2 -l2
[0.235s] [ 14%] Built target reactive_planner
[0.375s] [ 23%] Building CXX object CMakeFiles/navigation.dir/src/navigation.cpp.o
[0.375s] [ 23%] Building CXX object CMakeFiles/navigation_semantic.dir/src/navigation_semantic.cpp.o
[6.281s] /home/neha/ros2_ws/src/semnav_migration/src/navigation.cpp:27:10: fatal error: example_interfaces/msg/u_int32.h: No such file or directory
[6.282s]    27 | #include <example_interfaces/msg/u_int32.h>
[6.282s]       |          ^~~~~~~~~~~~~~~~~~~~~~~~~~~~~~~~~~
[6.285s] compilation terminated.
[6.330s] gmake[2]: *** [CMakeFiles/navigation.dir/build.make:76: CMakeFiles/navigation.dir/src/navigation.cpp.o] Error 1
[6.331s] gmake[1]: *** [CMakeFiles/Makefile2:181: CMakeFiles/navigation.dir/all] Error 2
[6.331s] gmake[1]: *** Waiting for unfinished jobs....
[20.984s] /home/neha/ros2_ws/src/semnav_migration/src/navigation_semantic.cpp:624:17: error: ‘ros’ does not name a type
[20.984s]   624 |                 ros::NodeHandle nh_;
[20.984s]       |                 ^~~
[20.990s] /home/neha/ros2_ws/src/semnav_migration/src/navigation_semantic.cpp:641:17: error: ‘ros’ does not name a type
[20.990s]   641 |                 ros::Publisher pub_behaviorID_;
[20.990s]       |                 ^~~
[20.995s] /home/neha/ros2_ws/src/semnav_migration/src/navigation_semantic.cpp:642:17: error: ‘ros’ does not name a type
[20.996s]   642 |                 ros::Publisher pub_behaviorMode_;
[20.996s]       |                 ^~~
[21.001s] /home/neha/ros2_ws/src/semnav_migration/src/navigation_semantic.cpp:643:17: error: ‘ros’ does not name a type
[21.001s]   643 |                 ros::Publisher pub_twist_;
[21.002s]       |                 ^~~
[21.007s] /home/neha/ros2_ws/src/semnav_migration/src/navigation_semantic.cpp:645:17: error: ‘ros’ does not name a type
[21.007s]   645 |                 ros::Publisher pub_semantic_map_;
[21.007s]       |                 ^~~
[21.021s] /home/neha/ros2_ws/src/semnav_migration/src/navigation_semantic.cpp:691:17: error: ‘tf’ does not name a type; did you mean ‘tm’?
[21.022s]   691 |                 tf::TransformListener listener_;
[21.022s]       |                 ^~
[21.022s]       |                 tm
[21.130s] /home/neha/ros2_ws/src/semnav_migration/src/navigation_semantic.cpp: In constructor ‘SemanticNavigationNode::SemanticNavigationNode()’:
[21.130s] /home/neha/ros2_ws/src/semnav_migration/src/navigation_semantic.cpp:137:13: error: ‘pub_behaviorID_’ was not declared in this scope; did you mean ‘pub_behaviorID_topic_’?
[21.131s]   137 |             pub_behaviorID_ = this->create_publisher<std_msgs::msg::UInt32>("pub_behaviorID_topic_", 1);
[21.131s]       |             ^~~~~~~~~~~~~~~
[21.131s]       |             pub_behaviorID_topic_
[21.134s] /home/neha/ros2_ws/src/semnav_migration/src/navigation_semantic.cpp:137:69: error: ‘UInt32’ is not a member of ‘std_msgs::msg’
[21.134s]   137 |             pub_behaviorID_ = this->create_publisher<std_msgs::msg::UInt32>("pub_behaviorID_topic_", 1);
[21.134s]       |                                                                     ^~~~~~
[21.134s] /home/neha/ros2_ws/src/semnav_migration/src/navigation_semantic.cpp:137:76: error: no matching function for call to ‘SemanticNavigationNode::create_publisher<<expression error> >(const char [22], int)’
[21.135s]   137 |             pub_behaviorID_ = this->create_publisher<std_msgs::msg::UInt32>("pub_behaviorID_topic_", 1);
[21.135s]       |                               ~~~~~~~~~~~~~~~~~~~~~~~~~~~~~~~~~~~~~~~~~~~~~^~~~~~~~~~~~~~~~~~~~~~~~~~~~
[21.135s] In file included from /opt/ros/jazzy/include/rclcpp/rclcpp/executors/single_threaded_executor.hpp:28,
[21.135s]                  from /opt/ros/jazzy/include/rclcpp/rclcpp/executors.hpp:22,
[21.135s]                  from /opt/ros/jazzy/include/rclcpp/rclcpp/rclcpp.hpp:172,
[21.135s]                  from /home/neha/ros2_ws/src/semnav_migration/include/reactive_planner_lib.h:32,
[21.136s]                  from /home/neha/ros2_ws/src/semnav_migration/src/navigation_semantic.cpp:25:
[21.136s] /opt/ros/jazzy/include/rclcpp/rclcpp/node.hpp:197:3: note: candidate: ‘template<class MessageT, class AllocatorT, class PublisherT> std::shared_ptr<PublisherT> rclcpp::Node::create_publisher(const std::string&, const rclcpp::QoS&, const rclcpp::PublisherOptionsWithAllocator<AllocatorT>&)’
[21.136s]   197 |   create_publisher(
[21.136s]       |   ^~~~~~~~~~~~~~~~
[21.136s] /opt/ros/jazzy/include/rclcpp/rclcpp/node.hpp:197:3: note:   template argument deduction/substitution failed:
[21.136s] /home/neha/ros2_ws/src/semnav_migration/src/navigation_semantic.cpp:137:76: error: template argument 1 is invalid
[21.136s]   137 |             pub_behaviorID_ = this->create_publisher<std_msgs::msg::UInt32>("pub_behaviorID_topic_", 1);
[21.137s]       |                               ~~~~~~~~~~~~~~~~~~~~~~~~~~~~~~~~~~~~~~~~~~~~~^~~~~~~~~~~~~~~~~~~~~~~~~~~~
[21.226s] /home/neha/ros2_ws/src/semnav_migration/src/navigation_semantic.cpp:138:13: error: ‘pub_behaviorMode_’ was not declared in this scope; did you mean ‘pub_behaviorMode_topic_’?
[21.226s]   138 |             pub_behaviorMode_ = this->create_publisher<std_msgs::msg::UInt32>("pub_behaviorMode_topic_", 1);
[21.226s]       |             ^~~~~~~~~~~~~~~~~
[21.226s]       |             pub_behaviorMode_topic_
[21.230s] /home/neha/ros2_ws/src/semnav_migration/src/navigation_semantic.cpp:138:71: error: ‘UInt32’ is not a member of ‘std_msgs::msg’
[21.230s]   138 |             pub_behaviorMode_ = this->create_publisher<std_msgs::msg::UInt32>("pub_behaviorMode_topic_", 1);
[21.230s]       |                                                                       ^~~~~~
[21.230s] /home/neha/ros2_ws/src/semnav_migration/src/navigation_semantic.cpp:138:78: error: no matching function for call to ‘SemanticNavigationNode::create_publisher<<expression error> >(const char [24], int)’
[21.230s]   138 |             pub_behaviorMode_ = this->create_publisher<std_msgs::msg::UInt32>("pub_behaviorMode_topic_", 1);
[21.231s]       |                                 ~~~~~~~~~~~~~~~~~~~~~~~~~~~~~~~~~~~~~~~~~~~~~^~~~~~~~~~~~~~~~~~~~~~~~~~~~~~
[21.231s] /opt/ros/jazzy/include/rclcpp/rclcpp/node.hpp:197:3: note: candidate: ‘template<class MessageT, class AllocatorT, class PublisherT> std::shared_ptr<PublisherT> rclcpp::Node::create_publisher(const std::string&, const rclcpp::QoS&, const rclcpp::PublisherOptionsWithAllocator<AllocatorT>&)’
[21.231s]   197 |   create_publisher(
[21.231s]       |   ^~~~~~~~~~~~~~~~
[21.231s] /opt/ros/jazzy/include/rclcpp/rclcpp/node.hpp:197:3: note:   template argument deduction/substitution failed:
[21.231s] /home/neha/ros2_ws/src/semnav_migration/src/navigation_semantic.cpp:138:78: error: template argument 1 is invalid
[21.231s]   138 |             pub_behaviorMode_ = this->create_publisher<std_msgs::msg::UInt32>("pub_behaviorMode_topic_", 1);
[21.231s]       |                                 ~~~~~~~~~~~~~~~~~~~~~~~~~~~~~~~~~~~~~~~~~~~~~^~~~~~~~~~~~~~~~~~~~~~~~~~~~~~
[21.276s] /home/neha/ros2_ws/src/semnav_migration/src/navigation_semantic.cpp:139:13: error: ‘pub_twist_’ was not declared in this scope; did you mean ‘publish_twist’?
[21.276s]   139 |             pub_twist_ = this->create_publisher<std_msgs::msg::UInt32>("pub_twist_topic_", 1);
[21.277s]       |             ^~~~~~~~~~
[21.277s]       |             publish_twist
[21.280s] /home/neha/ros2_ws/src/semnav_migration/src/navigation_semantic.cpp:139:64: error: ‘UInt32’ is not a member of ‘std_msgs::msg’
[21.280s]   139 |             pub_twist_ = this->create_publisher<std_msgs::msg::UInt32>("pub_twist_topic_", 1);
[21.280s]       |                                                                ^~~~~~
[21.281s] /home/neha/ros2_ws/src/semnav_migration/src/navigation_semantic.cpp:139:71: error: no matching function for call to ‘SemanticNavigationNode::create_publisher<<expression error> >(const char [17], int)’
[21.281s]   139 |             pub_twist_ = this->create_publisher<std_msgs::msg::UInt32>("pub_twist_topic_", 1);
[21.281s]       |                          ~~~~~~~~~~~~~~~~~~~~~~~~~~~~~~~~~~~~~~~~~~~~~^~~~~~~~~~~~~~~~~~~~~~~
[21.281s] /opt/ros/jazzy/include/rclcpp/rclcpp/node.hpp:197:3: note: candidate: ‘template<class MessageT, class AllocatorT, class PublisherT> std::shared_ptr<PublisherT> rclcpp::Node::create_publisher(const std::string&, const rclcpp::QoS&, const rclcpp::PublisherOptionsWithAllocator<AllocatorT>&)’
[21.281s]   197 |   create_publisher(
[21.281s]       |   ^~~~~~~~~~~~~~~~
[21.281s] /opt/ros/jazzy/include/rclcpp/rclcpp/node.hpp:197:3: note:   template argument deduction/substitution failed:
[21.281s] /home/neha/ros2_ws/src/semnav_migration/src/navigation_semantic.cpp:139:71: error: template argument 1 is invalid
[21.282s]   139 |             pub_twist_ = this->create_publisher<std_msgs::msg::UInt32>("pub_twist_topic_", 1);
[21.282s]       |                          ~~~~~~~~~~~~~~~~~~~~~~~~~~~~~~~~~~~~~~~~~~~~~^~~~~~~~~~~~~~~~~~~~~~~
[21.282s] /home/neha/ros2_ws/src/semnav_migration/src/navigation_semantic.cpp:142:42: error: ‘message_filters::msg’ has not been declared
[21.282s]   142 |                         message_filters::msg::Subscriber<sensor_msgs::LaserScan> sub_laser(nh_, sub_laser_topic_, 1);
[21.282s]       |                                          ^~~
[21.284s] /home/neha/ros2_ws/src/semnav_migration/src/navigation_semantic.cpp:142:71: error: ‘LaserScan’ is not a member of ‘sensor_msgs’; did you mean ‘sensor_msgs::msg::LaserScan’?
[21.284s]   142 |                         message_filters::msg::Subscriber<sensor_msgs::LaserScan> sub_laser(nh_, sub_laser_topic_, 1);
[21.284s]       |                                                                       ^~~~~~~~~
[21.284s] In file included from /opt/ros/jazzy/include/sensor_msgs/sensor_msgs/msg/laser_scan.hpp:7,
[21.284s]                  from /home/neha/ros2_ws/src/semnav_migration/include/reactive_planner_lib.h:46:
[21.285s] /opt/ros/jazzy/include/sensor_msgs/sensor_msgs/msg/detail/laser_scan__struct.hpp:250:7: note: ‘sensor_msgs::msg::LaserScan’ declared here
[21.285s]   250 | using LaserScan =
[21.285s]       |       ^~~~~~~~~
[21.312s] /home/neha/ros2_ws/src/semnav_migration/src/navigation_semantic.cpp:142:92: error: ‘nh_’ was not declared in this scope
[21.313s]   142 |                         message_filters::msg::Subscriber<sensor_msgs::LaserScan> sub_laser(nh_, sub_laser_topic_, 1);
[21.313s]       |                                                                                            ^~~
[21.359s] /home/neha/ros2_ws/src/semnav_migration/src/navigation_semantic.cpp:142:82: error: ‘sub_laser’ was not declared in this scope
[21.359s]   142 |                         message_filters::msg::Subscriber<sensor_msgs::LaserScan> sub_laser(nh_, sub_laser_topic_, 1);
[21.360s]       |                                                                                  ^~~~~~~~~
[21.426s] /home/neha/ros2_ws/src/semnav_migration/src/navigation_semantic.cpp:144:94: error: ‘LaserScan’ is not a member of ‘sensor_msgs’; did you mean ‘sensor_msgs::msg::LaserScan’?
[21.426s]   144 |                         typedef message_filters::sync_policies::ApproximateTime<sensor_msgs::LaserScan,nav_msgs::msg::Odometry> SyncPolicy;
[21.426s]       |                                                                                              ^~~~~~~~~
[21.426s] /opt/ros/jazzy/include/sensor_msgs/sensor_msgs/msg/detail/laser_scan__struct.hpp:250:7: note: ‘sensor_msgs::msg::LaserScan’ declared here
[21.427s]   250 | using LaserScan =
[21.427s]       |       ^~~~~~~~~
[21.427s] /home/neha/ros2_ws/src/semnav_migration/src/navigation_semantic.cpp:144:127: error: template argument 1 is invalid
[21.427s]   144 |                         typedef message_filters::sync_policies::ApproximateTime<sensor_msgs::LaserScan,nav_msgs::msg::Odometry> SyncPolicy;
[21.427s]       |                                                                                                                               ^
[21.429s] In file included from /home/neha/ros2_ws/src/semnav_migration/include/reactive_planner_lib.h:44:
[21.429s] /opt/ros/jazzy/include/message_filters/message_filters/synchronizer.h: In instantiation of ‘class message_filters::Synchronizer<int>’:
[21.429s] /home/neha/ros2_ws/src/semnav_migration/src/navigation_semantic.cpp:147:64:   required from here
[21.429s] /opt/ros/jazzy/include/message_filters/message_filters/synchronizer.h:53:7: error: base type ‘int’ fails to be a struct or class type
[21.429s]    53 | class Synchronizer : public noncopyable, public Policy
[21.429s]       |       ^~~~~~~~~~~~
[21.429s] /opt/ros/jazzy/include/message_filters/message_filters/synchronizer.h:56:37: error: ‘int’ is not a class, struct, or union type
[21.430s]    56 |   typedef typename Policy::Messages Messages;
[21.430s]       |                                     ^~~~~~~~
[21.430s] /opt/ros/jazzy/include/message_filters/message_filters/synchronizer.h:57:35: error: ‘int’ is not a class, struct, or union type
[21.430s]    57 |   typedef typename Policy::Events Events;
[21.430s]       |                                   ^~~~~~
[21.430s] /opt/ros/jazzy/include/message_filters/message_filters/synchronizer.h:58:35: error: ‘int’ is not a class, struct, or union type
[21.430s]    58 |   typedef typename Policy::Signal Signal;
[21.430s]       |                                   ^~~~~~
[21.431s] /opt/ros/jazzy/include/message_filters/message_filters/synchronizer.h:60:58: error: ‘int’ is not a class, struct, or union type
[21.431s]    60 |   typedef typename std::tuple_element<0, Messages>::type M0;
[21.431s]       |                                                          ^~
[21.431s] /opt/ros/jazzy/include/message_filters/message_filters/synchronizer.h:61:58: error: ‘int’ is not a class, struct, or union type
[21.431s]    61 |   typedef typename std::tuple_element<1, Messages>::type M1;
[21.431s]       |                                                          ^~
[21.432s] /opt/ros/jazzy/include/message_filters/message_filters/synchronizer.h:62:58: error: ‘int’ is not a class, struct, or union type
[21.432s]    62 |   typedef typename std::tuple_element<2, Messages>::type M2;
[21.432s]       |                                                          ^~
[21.432s] /opt/ros/jazzy/include/message_filters/message_filters/synchronizer.h:63:58: error: ‘int’ is not a class, struct, or union type
[21.432s]    63 |   typedef typename std::tuple_element<3, Messages>::type M3;
[21.432s]       |                                                          ^~
[21.432s] /opt/ros/jazzy/include/message_filters/message_filters/synchronizer.h:64:58: error: ‘int’ is not a class, struct, or union type
[21.433s]    64 |   typedef typename std::tuple_element<4, Messages>::type M4;
[21.433s]       |                                                          ^~
[21.433s] /opt/ros/jazzy/include/message_filters/message_filters/synchronizer.h:65:58: error: ‘int’ is not a class, struct, or union type
[21.433s]    65 |   typedef typename std::tuple_element<5, Messages>::type M5;
[21.433s]       |                                                          ^~
[21.433s] /opt/ros/jazzy/include/message_filters/message_filters/synchronizer.h:66:58: error: ‘int’ is not a class, struct, or union type
[21.433s]    66 |   typedef typename std::tuple_element<6, Messages>::type M6;
[21.433s]       |                                                          ^~
[21.434s] /opt/ros/jazzy/include/message_filters/message_filters/synchronizer.h:67:58: error: ‘int’ is not a class, struct, or union type
[21.434s]    67 |   typedef typename std::tuple_element<7, Messages>::type M7;
[21.434s]       |                                                          ^~
[21.434s] /opt/ros/jazzy/include/message_filters/message_filters/synchronizer.h:68:58: error: ‘int’ is not a class, struct, or union type
[21.434s]    68 |   typedef typename std::tuple_element<8, Messages>::type M8;
[21.435s]       |                                                          ^~
[21.435s] /opt/ros/jazzy/include/message_filters/message_filters/synchronizer.h:71:56: error: ‘int’ is not a class, struct, or union type
[21.435s]    71 |   typedef typename std::tuple_element<0, Events>::type M0Event;
[21.435s]       |                                                        ^~~~~~~
[21.435s] /opt/ros/jazzy/include/message_filters/message_filters/synchronizer.h:72:56: error: ‘int’ is not a class, struct, or union type
[21.436s]    72 |   typedef typename std::tuple_element<1, Events>::type M1Event;
[21.436s]       |                                                        ^~~~~~~
[21.436s] /opt/ros/jazzy/include/message_filters/message_filters/synchronizer.h:73:56: error: ‘int’ is not a class, struct, or union type
[21.436s]    73 |   typedef typename std::tuple_element<2, Events>::type M2Event;
[21.436s]       |                                                        ^~~~~~~
[21.436s] /opt/ros/jazzy/include/message_filters/message_filters/synchronizer.h:74:56: error: ‘int’ is not a class, struct, or union type
[21.436s]    74 |   typedef typename std::tuple_element<3, Events>::type M3Event;
[21.436s]       |                                                        ^~~~~~~
[21.437s] /opt/ros/jazzy/include/message_filters/message_filters/synchronizer.h:75:56: error: ‘int’ is not a class, struct, or union type
[21.437s]    75 |   typedef typename std::tuple_element<4, Events>::type M4Event;
[21.437s]       |                                                        ^~~~~~~
[21.437s] /opt/ros/jazzy/include/message_filters/message_filters/synchronizer.h:76:56: error: ‘int’ is not a class, struct, or union type
[21.437s]    76 |   typedef typename std::tuple_element<5, Events>::type M5Event;
[21.437s]       |                                                        ^~~~~~~
[21.437s] /opt/ros/jazzy/include/message_filters/message_filters/synchronizer.h:77:56: error: ‘int’ is not a class, struct, or union type
[21.437s]    77 |   typedef typename std::tuple_element<6, Events>::type M6Event;
[21.438s]       |                                                        ^~~~~~~
[21.438s] /opt/ros/jazzy/include/message_filters/message_filters/synchronizer.h:78:56: error: ‘int’ is not a class, struct, or union type
[21.438s]    78 |   typedef typename std::tuple_element<7, Events>::type M7Event;
[21.438s]       |                                                        ^~~~~~~
[21.438s] /opt/ros/jazzy/include/message_filters/message_filters/synchronizer.h:79:56: error: ‘int’ is not a class, struct, or union type
[21.438s]    79 |   typedef typename std::tuple_element<8, Events>::type M8Event;
[21.439s]       |                                                        ^~~~~~~
[21.439s] /opt/ros/jazzy/include/message_filters/message_filters/synchronizer.h:325:17: error: ‘int’ is not a class, namespace, or enumeration
[21.439s]   325 |   using Policy::add;
[21.439s]       |                 ^~~
[21.439s] /opt/ros/jazzy/include/message_filters/message_filters/synchronizer.h:328:8: error: ‘int’ is not a class, struct, or union type
[21.439s]   328 |   void add(const std::shared_ptr<typename std::tuple_element<i, Messages>::type const>& msg)
[21.440s]       |        ^~~
[21.440s] /opt/ros/jazzy/include/message_filters/message_filters/synchronizer.h:344:8: error: ‘int’ is not a class, struct, or union type
[21.440s]   344 |   void cb(const typename std::tuple_element<i, Events>::type& evt)
[21.440s]       |        ^~
[21.440s] /home/neha/ros2_ws/src/semnav_migration/src/navigation_semantic.cpp:148:55: error: ‘bind’ is not a member of ‘boost’; did you mean ‘find’?
[21.440s]   148 |                         sync->registerCallback(boost::bind(&SemanticNavigationNode::control_callback, this, _1, _2));
[21.440s]       |                                                       ^~~~
[21.441s]       |                                                       find
[21.441s] /home/neha/ros2_ws/src/semnav_migration/src/navigation_semantic.cpp:148:109: error: ‘_1’ was not declared in this scope
[21.441s]   148 |                         sync->registerCallback(boost::bind(&SemanticNavigationNode::control_callback, this, _1, _2));
[21.441s]       |                                                                                                             ^~
[21.441s] /home/neha/ros2_ws/src/semnav_migration/src/navigation_semantic.cpp:148:109: note: suggested alternatives:
[21.441s] In file included from /usr/include/boost/mpl/aux_/include_preprocessed.hpp:37,
[21.441s]                  from /usr/include/boost/mpl/placeholders.hpp:43,
[21.441s]                  from /usr/include/boost/iterator/iterator_categories.hpp:16,
[21.442s]                  from /usr/include/boost/iterator/iterator_facade.hpp:13,
[21.442s]                  from /usr/include/boost/range/iterator_range_core.hpp:27,
[21.442s]                  from /usr/include/boost/lexical_cast.hpp:48,
[21.442s]                  from /usr/include/boost/multiprecision/detail/number_base.hpp:29,
[21.442s]                  from /usr/include/boost/multiprecision/traits/is_variable_precision.hpp:9,
[21.442s]                  from /usr/include/boost/multiprecision/detail/precision.hpp:9,
[21.442s]                  from /usr/include/boost/multiprecision/number.hpp:11,
[21.442s]                  from /usr/include/boost/multiprecision/cpp_int.hpp:19,
[21.443s]                  from /usr/include/boost/multiprecision/cpp_bin_float.hpp:15,
[21.443s]                  from /usr/include/boost/geometry/core/coordinate_promotion.hpp:16,
[21.443s]                  from /usr/include/boost/geometry/core/radian_access.hpp:30,
[21.443s]                  from /usr/include/boost/geometry/geometry.hpp:50,
[21.443s]                  from /usr/include/boost/geometry.hpp:17,
[21.443s]                  from /home/neha/ros2_ws/src/semnav_migration/include/reactive_planner_lib.h:26:
[21.443s] /usr/include/boost/mpl/aux_/preprocessed/gcc/placeholders.hpp:29:16: note:   ‘mpl_::_1’
[21.443s]    29 | typedef arg<1> _1;
[21.443s]       |                ^~
[21.444s] In file included from /usr/include/boost/numeric/conversion/converter_policies.hpp:13,
[21.444s]                  from /usr/include/boost/numeric/conversion/converter.hpp:14,
[21.444s]                  from /usr/include/boost/numeric/conversion/cast.hpp:33,
[21.444s]                  from /usr/include/boost/geometry/core/radian_access.hpp:26:
[21.444s] /usr/include/c++/13/functional:294:48: note:   ‘std::placeholders::_1’
[21.444s]   294 |     _GLIBCXX_PLACEHOLDER const _Placeholder<1> _1;
[21.444s]       |                                                ^~
[21.445s] /usr/include/boost/mpl/aux_/preprocessed/gcc/placeholders.hpp:29:16: note:   ‘mpl_::_1’
[21.445s]    29 | typedef arg<1> _1;
[21.445s]       |                ^~
[21.445s] In file included from /usr/include/boost/describe/members.hpp:20,
[21.445s]                  from /usr/include/boost/container_hash/is_described_class.hpp:11,
[21.445s]                  from /usr/include/boost/container_hash/hash.hpp:18,
[21.445s]                  from /usr/include/boost/functional/hash.hpp:6,
[21.445s]                  from /usr/include/CGAL/Kernel/hash_functions.h:16,
[21.446s]                  from /usr/include/CGAL/Kernel/global_functions.h:25,
[21.446s]                  from /usr/include/CGAL/Cartesian/Cartesian_base.h:22,
[21.446s]                  from /usr/include/CGAL/Simple_cartesian.h:20,
[21.446s]                  from /usr/include/CGAL/Exact_predicates_inexact_constructions_kernel.h:20,
[21.446s]                  from /home/neha/ros2_ws/src/semnav_migration/include/polygeom_lib.h:32,
[21.446s]                  from /home/neha/ros2_ws/src/semnav_migration/include/reactive_planner_lib.h:51:
[21.446s] /usr/include/boost/mp11/bind.hpp:45:7: note:   ‘boost::mp11::_1’
[21.446s]    45 | using _1 = mp_arg<0>;
[21.447s]       |       ^~
[21.447s] /usr/include/boost/mpl/aux_/preprocessed/gcc/placeholders.hpp:29:16: note:   ‘mpl_::_1’
[21.447s]    29 | typedef arg<1> _1;
[21.447s]       |                ^~
[21.447s] /home/neha/ros2_ws/src/semnav_migration/src/navigation_semantic.cpp:148:113: error: ‘_2’ was not declared in this scope
[21.447s]   148 |                         sync->registerCallback(boost::bind(&SemanticNavigationNode::control_callback, this, _1, _2));
[21.447s]       |                                                                                                                 ^~
[21.447s] /home/neha/ros2_ws/src/semnav_migration/src/navigation_semantic.cpp:148:113: note: suggested alternatives:
[21.448s] /usr/include/boost/mpl/aux_/preprocessed/gcc/placeholders.hpp:42:16: note:   ‘mpl_::_2’
[21.448s]    42 | typedef arg<2> _2;
[21.448s]       |                ^~
[21.448s] /usr/include/c++/13/functional:295:48: note:   ‘std::placeholders::_2’
[21.448s]   295 |     _GLIBCXX_PLACEHOLDER const _Placeholder<2> _2;
[21.448s]       |                                                ^~
[21.448s] /usr/include/boost/mpl/aux_/preprocessed/gcc/placeholders.hpp:42:16: note:   ‘mpl_::_2’
[21.448s]    42 | typedef arg<2> _2;
[21.449s]       |                ^~
[21.449s] /usr/include/boost/mp11/bind.hpp:46:7: note:   ‘boost::mp11::_2’
[21.449s]    46 | using _2 = mp_arg<1>;
[21.449s]       |       ^~
[21.449s] /usr/include/boost/mpl/aux_/preprocessed/gcc/placeholders.hpp:42:16: note:   ‘mpl_::_2’
[21.449s]    42 | typedef arg<2> _2;
[21.449s]       |                ^~
[21.449s] /home/neha/ros2_ws/src/semnav_migration/src/navigation_semantic.cpp:150:25: error: ‘ros’ has not been declared
[21.450s]   150 |                         ros::Subscriber sub_semantic = nh_.subscribe(sub_semantic_topic_, 1, &SemanticNavigationNode::diffeo_tree_update, this);
[21.450s]       |                         ^~~
[21.450s] /home/neha/ros2_ws/src/semnav_migration/src/navigation_semantic.cpp:154:25: error: ‘ros’ has not been declared
[21.450s]   154 |                         ros::Duration(5.0).sleep();
[21.450s]       |                         ^~~
[21.450s] /home/neha/ros2_ws/src/semnav_migration/src/navigation_semantic.cpp:161:25: error: ‘ros’ has not been declared
[21.450s]   161 |                         ros::spin();
[21.450s]       |                         ^~~
[21.492s] /home/neha/ros2_ws/src/semnav_migration/src/navigation_semantic.cpp: In member function ‘void SemanticNavigationNode::publish_twist(double, double)’:
[21.492s] /home/neha/ros2_ws/src/semnav_migration/src/navigation_semantic.cpp:168:25: error: ‘pub_twist_’ was not declared in this scope; did you mean ‘publish_twist’?
[21.492s]   168 |                         pub_twist_.publish(commandTwist);
[21.492s]       |                         ^~~~~~~~~~
[21.492s]       |                         publish_twist
[21.496s] /home/neha/ros2_ws/src/semnav_migration/src/navigation_semantic.cpp: In member function ‘void SemanticNavigationNode::publish_behavior_id(uint16_t)’:
[21.496s] /home/neha/ros2_ws/src/semnav_migration/src/navigation_semantic.cpp:173:32: error: ‘UInt32’ is not a member of ‘std_msgs::msg’
[21.496s]   173 |                 std_msgs::msg::UInt32 commandId;
[21.496s]       |                                ^~~~~~
[21.538s] /home/neha/ros2_ws/src/semnav_migration/src/navigation_semantic.cpp:174:25: error: ‘commandId’ was not declared in this scope
[21.538s]   174 |                         commandId.data = BehaviorIdCmd;
[21.539s]       |                         ^~~~~~~~~
[21.617s] /home/neha/ros2_ws/src/semnav_migration/src/navigation_semantic.cpp:175:25: error: ‘pub_behaviorID_’ was not declared in this scope; did you mean ‘pub_behaviorID_topic_’?
[21.617s]   175 |                         pub_behaviorID_.publish(commandId);
[21.618s]       |                         ^~~~~~~~~~~~~~~
[21.618s]       |                         pub_behaviorID_topic_
[21.621s] /home/neha/ros2_ws/src/semnav_migration/src/navigation_semantic.cpp: In member function ‘void SemanticNavigationNode::publish_behavior_mode(uint16_t)’:
[21.621s] /home/neha/ros2_ws/src/semnav_migration/src/navigation_semantic.cpp:180:28: error: ‘UInt32’ is not a member of ‘std_msgs::msg’
[21.621s]   180 |             std_msgs::msg::UInt32 commandMode;
[21.622s]       |                            ^~~~~~
[21.679s] /home/neha/ros2_ws/src/semnav_migration/src/navigation_semantic.cpp:181:25: error: ‘commandMode’ was not declared in this scope
[21.679s]   181 |                         commandMode.data = BehaviorModeCmd;
[21.679s]       |                         ^~~~~~~~~~~
[21.770s] /home/neha/ros2_ws/src/semnav_migration/src/navigation_semantic.cpp:182:25: error: ‘pub_behaviorMode_’ was not declared in this scope; did you mean ‘pub_behaviorMode_topic_’?
[21.770s]   182 |                         pub_behaviorMode_.publish(commandMode);
[21.770s]       |                         ^~~~~~~~~~~~~~~~~
[21.770s]       |                         pub_behaviorMode_topic_
[21.819s] /home/neha/ros2_ws/src/semnav_migration/src/navigation_semantic.cpp: In member function ‘void SemanticNavigationNode::diffeo_tree_update(const object_pose_interface_msgs::msg::SemanticMapObjectArray_<std::allocator<void> >::ConstPtr&)’:
[21.820s] /home/neha/ros2_ws/src/semnav_migration/src/navigation_semantic.cpp:252:29: error: ‘ros’ has not been declared
[21.820s]   252 |                         if (ros::Time::now().toSec() - DiffeoTreeUpdateTime_ < (1.0/DiffeoTreeUpdateRate_)) {
[21.820s]       |                             ^~~
[21.820s] /home/neha/ros2_ws/src/semnav_migration/src/navigation_semantic.cpp:256:53: error: ‘ros’ has not been declared
[21.820s]   256 |                                 double start_time = ros::Time::now().toSec();
[21.820s]       |                                                     ^~~
[21.824s] /home/neha/ros2_ws/src/semnav_migration/src/navigation_semantic.cpp:267:49: error: ‘tf’ has not been declared
[21.824s]   267 |                                                 tf::Quaternion rotation = tf::Quaternion(semantic_map_data->objects[i].pose.pose.orientation.x,
[21.824s]       |                                                 ^~
[21.824s] /home/neha/ros2_ws/src/semnav_migration/src/navigation_semantic.cpp:272:49: error: ‘tf’ has not been declared
[21.824s]   272 |                                                 tf::Matrix3x3 m(rotation);
[21.825s]       |                                                 ^~
[21.825s] /home/neha/ros2_ws/src/semnav_migration/src/navigation_semantic.cpp:275:49: error: ‘tf’ has not been declared
[21.825s]   275 |                                                 tf::Vector3 target_nominal_1(-0.5*target_object_width_ - ObstacleDilation_ - 0.08, 0.0, 0.0);
[21.825s]       |                                                 ^~
[21.825s] /home/neha/ros2_ws/src/semnav_migration/src/navigation_semantic.cpp:276:49: error: ‘tf’ has not been declared
[21.825s]   276 |                                                 tf::Vector3 target_nominal_2(0.5*target_object_width_ + ObstacleDilation_ + 0.25, 0.0, 0.0);
[21.825s]       |                                                 ^~
[21.825s] /home/neha/ros2_ws/src/semnav_migration/src/navigation_semantic.cpp:277:49: error: ‘tf’ has not been declared
[21.826s]   277 |                                                 tf::Vector3 target_nominal_1_rotated = tf::quatRotate(rotation, target_nominal_1);
[21.826s]       |                                                 ^~
[21.826s] /home/neha/ros2_ws/src/semnav_migration/src/navigation_semantic.cpp:278:49: error: ‘tf’ has not been declared
[21.826s]   278 |                                                 tf::Vector3 target_nominal_2_rotated = tf::quatRotate(rotation, target_nominal_2);
[21.826s]       |                                                 ^~
[21.852s] /home/neha/ros2_ws/src/semnav_migration/src/navigation_semantic.cpp:280:49: error: ‘m’ was not declared in this scope; did you mean ‘tm’?
[21.852s]   280 |                                                 m.getRPY(roll, pitch, yaw);
[21.852s]       |                                                 ^
[21.852s]       |                                                 tm
[22.005s] /home/neha/ros2_ws/src/semnav_migration/src/navigation_semantic.cpp:281:123: error: ‘target_nominal_1_rotated’ was not declared in this scope
[22.006s]   281 |                                                 GoalVector[0].set<0>(semantic_map_data->objects[i].pose.pose.position.x + target_nominal_1_rotated.getX());
[22.006s]       |                                                                                                                           ^~~~~~~~~~~~~~~~~~~~~~~~
[22.159s] /home/neha/ros2_ws/src/semnav_migration/src/navigation_semantic.cpp:283:123: error: ‘target_nominal_2_rotated’ was not declared in this scope
[22.159s]   283 |                                                 GoalVector[1].set<0>(semantic_map_data->objects[i].pose.pose.position.x + target_nominal_2_rotated.getX());
[22.159s]       |                                                                                                                           ^~~~~~~~~~~~~~~~~~~~~~~~
[22.265s] /home/neha/ros2_ws/src/semnav_migration/src/navigation_semantic.cpp:317:49: error: ‘ROS_ERROR_STREAM’ was not declared in this scope; did you mean ‘RCLCPP_ERROR_STREAM’?
[22.265s]   317 |                                                 ROS_ERROR_STREAM("Goal blocked by object");
[22.265s]       |                                                 ^~~~~~~~~~~~~~~~
[22.265s]       |                                                 RCLCPP_ERROR_STREAM
[22.270s] /home/neha/ros2_ws/src/semnav_migration/src/navigation_semantic.cpp:365:85: error: ‘ros’ has not been declared
[22.270s]   365 |                                 ROS_WARN_STREAM("[Navigation] Updated trees in " << ros::Time::now().toSec()-start_time << " seconds.");
[22.271s]       |                                                                                     ^~~
[22.356s] /home/neha/ros2_ws/src/semnav_migration/src/navigation_semantic.cpp:365:33: error: ‘ROS_WARN_STREAM’ was not declared in this scope; did you mean ‘RCLCPP_WARN_STREAM’?
[22.356s]   365 |                                 ROS_WARN_STREAM("[Navigation] Updated trees in " << ros::Time::now().toSec()-start_time << " seconds.");
[22.356s]       |                                 ^~~~~~~~~~~~~~~
[22.357s]       |                                 RCLCPP_WARN_STREAM
[22.357s] /home/neha/ros2_ws/src/semnav_migration/src/navigation_semantic.cpp:368:57: error: ‘ros’ has not been declared
[22.357s]   368 |                                 DiffeoTreeUpdateTime_ = ros::Time::now().toSec();
[22.357s]       |                                                         ^~~
[22.358s] /home/neha/ros2_ws/src/semnav_migration/src/navigation_semantic.cpp: In member function ‘void SemanticNavigationNode::control_callback(const sensor_msgs::msg::LaserScan_<std::allocator<void> >::ConstPtr&, const nav_msgs::msg::Odometry_<std::allocator<void> >::ConstPtr&)’:
[22.358s] /home/neha/ros2_ws/src/semnav_migration/src/navigation_semantic.cpp:396:46: error: ‘ros’ has not been declared
[22.358s]   396 |                         double before_time = ros::Time::now().toSec();
[22.358s]       |                                              ^~~
[22.361s] /home/neha/ros2_ws/src/semnav_migration/src/navigation_semantic.cpp:399:40: error: ‘PoseStamped’ is not a member of ‘geometry_msgs’; did you mean ‘geometry_msgs::msg::PoseStamped’?
[22.362s]   399 |                         geometry_msgs::PoseStamped odomPose, mapPose;
[22.362s]       |                                        ^~~~~~~~~~~
[22.362s] In file included from /home/neha/ros2_ws/src/install/object_pose_interface_msgs/include/object_pose_interface_msgs/object_pose_interface_msgs/msg/detail/semantic_map_object__struct.hpp:28,
[22.362s]                  from /home/neha/ros2_ws/src/install/object_pose_interface_msgs/include/object_pose_interface_msgs/object_pose_interface_msgs/msg/detail/semantic_map_object_array__struct.hpp:25,
[22.362s]                  from /home/neha/ros2_ws/src/install/object_pose_interface_msgs/include/object_pose_interface_msgs/object_pose_interface_msgs/msg/semantic_map_object_array.hpp:7,
[22.362s]                  from /home/neha/ros2_ws/src/semnav_migration/src/navigation_semantic.cpp:26:
[22.362s] /opt/ros/jazzy/include/geometry_msgs/geometry_msgs/msg/detail/pose_stamped__struct.hpp:138:7: note: ‘geometry_msgs::msg::PoseStamped’ declared here
[22.363s]   138 | using PoseStamped =
[22.363s]       |       ^~~~~~~~~~~
[22.401s] /home/neha/ros2_ws/src/semnav_migration/src/navigation_semantic.cpp:400:25: error: ‘odomPose’ was not declared in this scope
[22.402s]   400 |                         odomPose.header.stamp = ros::Time(0);
[22.402s]       |                         ^~~~~~~~
[22.402s] /home/neha/ros2_ws/src/semnav_migration/src/navigation_semantic.cpp:400:49: error: ‘ros’ has not been declared
[22.402s]   400 |                         odomPose.header.stamp = ros::Time(0);
[22.402s]       |                                                 ^~~
[22.448s] /home/neha/ros2_ws/src/semnav_migration/src/navigation_semantic.cpp:404:33: error: ‘listener_’ was not declared in this scope
[22.448s]   404 |                                 listener_.waitForTransform(world_frame_id_, odom_frame_id_, ros::Time(0), ros::Duration(1.0));
[22.448s]       |                                 ^~~~~~~~~
[22.448s] /home/neha/ros2_ws/src/semnav_migration/src/navigation_semantic.cpp:404:93: error: ‘ros’ has not been declared
[22.448s]   404 |                                 listener_.waitForTransform(world_frame_id_, odom_frame_id_, ros::Time(0), ros::Duration(1.0));
[22.448s]       |                                                                                             ^~~
[22.448s] /home/neha/ros2_ws/src/semnav_migration/src/navigation_semantic.cpp:404:107: error: ‘ros’ has not been declared
[22.449s]   404 |                                 listener_.waitForTransform(world_frame_id_, odom_frame_id_, ros::Time(0), ros::Duration(1.0));
[22.449s]       |                                                                                                           ^~~
[22.481s] /home/neha/ros2_ws/src/semnav_migration/src/navigation_semantic.cpp:405:84: error: ‘mapPose’ was not declared in this scope
[22.481s]   405 |                                 listener_.transformPose(world_frame_id_, odomPose, mapPose);
[22.481s]       |                                                                                    ^~~~~~~
[22.486s] /home/neha/ros2_ws/src/semnav_migration/src/navigation_semantic.cpp:406:34: error: ‘tf’ does not name a type; did you mean ‘tm’?
[22.487s]   406 |                         } catch (tf::TransformException &ex) {
[22.487s]       |                                  ^~
[22.487s]       |                                  tm
[22.487s] /home/neha/ros2_ws/src/semnav_migration/src/navigation_semantic.cpp:406:57: error: expected unqualified-id before ‘&’ token
[22.487s]   406 |                         } catch (tf::TransformException &ex) {
[22.487s]       |                                                         ^
[22.487s] /home/neha/ros2_ws/src/semnav_migration/src/navigation_semantic.cpp:406:57: error: expected ‘)’ before ‘&’ token
[22.488s] /home/neha/ros2_ws/src/semnav_migration/src/navigation_semantic.cpp:406:33: note: to match this ‘(’
[22.488s]   406 |                         } catch (tf::TransformException &ex) {
[22.488s]       |                                 ^
[22.488s] /home/neha/ros2_ws/src/semnav_migration/src/navigation_semantic.cpp:406:57: error: expected ‘{’ before ‘&’ token
[22.488s]   406 |                         } catch (tf::TransformException &ex) {
[22.488s]       |                                                         ^
[22.515s] /home/neha/ros2_ws/src/semnav_migration/src/navigation_semantic.cpp:406:58: error: ‘ex’ was not declared in this scope; did you mean ‘exp’?
[22.515s]   406 |                         } catch (tf::TransformException &ex) {
[22.515s]       |                                                          ^~
[22.516s]       |                                                          exp
[22.516s] /home/neha/ros2_ws/src/semnav_migration/src/navigation_semantic.cpp:412:25: error: ‘tf’ has not been declared
[22.516s]   412 |                         tf::Quaternion rotation = tf::Quaternion(mapPose.pose.orientation.x,
[22.516s]       |                         ^~
[22.516s] /home/neha/ros2_ws/src/semnav_migration/src/navigation_semantic.cpp:416:25: error: ‘tf’ has not been declared
[22.516s]   416 |                         tf::Matrix3x3 m(rotation);
[22.516s]       |                         ^~
[22.543s] /home/neha/ros2_ws/src/semnav_migration/src/navigation_semantic.cpp:418:25: error: ‘m’ was not declared in this scope; did you mean ‘tm’?
[22.543s]   418 |                         m.getRPY(roll, pitch, yaw);
[22.544s]       |                         ^
[22.544s]       |                         tm
[22.576s] /home/neha/ros2_ws/src/semnav_migration/src/navigation_semantic.cpp:419:51: error: ‘mapPose’ was not declared in this scope
[22.577s]   419 |                         double x_robot_position = mapPose.pose.position.x;
[22.577s]       |                                                   ^~~~~~~
[22.584s] /home/neha/ros2_ws/src/semnav_migration/src/navigation_semantic.cpp:432:42: error: could not convert ‘lidar_data’ from ‘shared_ptr<LaserScan_<[...]>>’ to ‘shared_ptr<LaserScan_<[...]>>’
[22.584s]   432 |                         constructLIDAR2D(lidar_data, CutoffRange_, AllowableRange_, RobotPitch_, &LIDAR);
[22.584s]       |                                          ^~~~~~~~~~
[22.584s]       |                                          |
[22.584s]       |                                          shared_ptr<LaserScan_<[...]>>
[22.600s] /home/neha/ros2_ws/src/semnav_migration/src/navigation_semantic.cpp:562:96: error: invalid operands of types ‘const char [53]’ and ‘double’ to binary ‘operator<<’
[22.601s]   562 |                         ROS_WARN_STREAM("[Navigation] Diffeomorphism jacobian determinant is " << MatrixDeterminant(RobotPositionTransformedD) << ", robot position is " << bg::dsv(RobotPosition_) << " and robot positon in model space is " << bg::dsv(RobotPositionTransformedPoint));
[22.601s]       |                                         ~~~~~~~~~~~~~~~~~~~~~~~~~~~~~~~~~~~~~~~~~~~~~~~~~~~~~~ ^~ ~~~~~~~~~~~~~~~~~~~~~~~~~~~~~~~~~~~~~~~~~~~~
[22.601s]       |                                         |                                                                          |
[22.601s]       |                                         const char [53]                                                            double
[22.687s] /home/neha/ros2_ws/src/semnav_migration/src/navigation_semantic.cpp:562:25: error: ‘ROS_WARN_STREAM’ was not declared in this scope; did you mean ‘RCLCPP_WARN_STREAM’?
[22.687s]   562 |                         ROS_WARN_STREAM("[Navigation] Diffeomorphism jacobian determinant is " << MatrixDeterminant(RobotPositionTransformedD) << ", robot position is " << bg::dsv(RobotPosition_) << " and robot positon in model space is " << bg::dsv(RobotPositionTransformedPoint));
[22.688s]       |                         ^~~~~~~~~~~~~~~
[22.688s]       |                         RCLCPP_WARN_STREAM
[22.689s] /home/neha/ros2_ws/src/semnav_migration/src/navigation_semantic.cpp:591:41: error: ‘ros’ has not been declared
[22.689s]   591 |                                         ros::Duration(5.0).sleep();
[22.689s]       |                                         ^~~
[22.696s] /home/neha/ros2_ws/src/semnav_migration/src/navigation_semantic.cpp:616:75: error: invalid operands of types ‘const char [32]’ and ‘double’ to binary ‘operator<<’
[22.696s]   616 |                         ROS_WARN_STREAM("[Navigation] Linear command is " << LinearCmd << " and angular command is " << AngularCmd);
[22.696s]       |                                         ~~~~~~~~~~~~~~~~~~~~~~~~~~~~~~~~~ ^~ ~~~~~~~~~
[22.697s]       |                                         |                                    |
[22.697s]       |                                         const char [32]                      double
[22.697s] /home/neha/ros2_ws/src/semnav_migration/src/navigation_semantic.cpp:617:76: error: invalid operands of types ‘const char [33]’ and ‘int’ to binary ‘operator<<’
[22.697s]   617 |                         ROS_WARN_STREAM("[Navigation] Command update for " << int(localDiffeoTreeArray.size()) << " polygons in " << ros::Time::now().toSec()-before_time << " seconds.");
[22.697s]       |                                         ~~~~~~~~~~~~~~~~~~~~~~~~~~~~~~~~~~ ^~ ~~~~~~~~~~~~~~~~~~~~~~~~~~~~~~~~
[22.697s]       |                                         |                                     |
[22.698s]       |                                         const char [33]                       int
[22.698s] /home/neha/ros2_ws/src/semnav_migration/src/navigation_semantic.cpp:617:134: error: ‘ros’ has not been declared
[22.698s]   617 |                         ROS_WARN_STREAM("[Navigation] Command update for " << int(localDiffeoTreeArray.size()) << " polygons in " << ros::Time::now().toSec()-before_time << " seconds.");
[22.698s]       |                                                                                                                                      ^~~
[22.699s] /home/neha/ros2_ws/src/semnav_migration/src/navigation_semantic.cpp: In function ‘int main(int, char**)’:
[22.700s] /home/neha/ros2_ws/src/semnav_migration/src/navigation_semantic.cpp:698:9: error: ‘ros’ has not been declared
[22.700s]   698 |         ros::init(argc, argv, "navigation_semantic");
[22.700s]       |         ^~~
[22.700s] /home/neha/ros2_ws/src/semnav_migration/src/navigation_semantic.cpp:701:9: error: ‘ros’ has not been declared
[22.700s]   701 |         ros::NodeHandle nh("~");
[22.700s]       |         ^~~
[22.717s] /home/neha/ros2_ws/src/semnav_migration/src/navigation_semantic.cpp:704:56: error: ‘nh’ was not declared in this scope
[22.718s]   704 |         SemanticNavigationNode semanticNavigationNode(&nh);
[22.718s]       |                                                        ^~
[31.921s] gmake[2]: *** [CMakeFiles/navigation_semantic.dir/build.make:76: CMakeFiles/navigation_semantic.dir/src/navigation_semantic.cpp.o] Error 1
[31.922s] gmake[1]: *** [CMakeFiles/Makefile2:207: CMakeFiles/navigation_semantic.dir/all] Error 2
[31.922s] gmake: *** [Makefile:146: all] Error 2
[31.925s] Invoked command in '/home/neha/ros2_ws/src/semnav_migration/build/semnav' returned '2': CMAKE_PREFIX_PATH=${CMAKE_PREFIX_PATH}:/opt/ros/jazzy DEBUGINFOD_URLS=https://debuginfod.ubuntu.com /usr/bin/cmake --build /home/neha/ros2_ws/src/semnav_migration/build/semnav -- -j2 -l2
