[ 14%] Built target reactive_planner
[ 23%] Built target navigation_semantic
[ 33%] Built target navigation
[ 42%] Built target navigation_humans
[ 47%] [32mBuilding CXX object CMakeFiles/human_following.dir/src/human_following.cpp.o[0m
[ 52%] [32mBuilding CXX object CMakeFiles/human_following_signal.dir/src/human_following_signal.cpp.o[0m
[01m[K/home/neha/ros2_ws/src/semnav_migration/src/human_following_signal.cpp:[m[K In member function â€˜[01m[Kvoid HumanFollowingSignalNode::[01;32m[Kcontrol_callback[m[K(const sensor_msgs::msg::LaserScan_<std::allocator<void> >::ConstPtr&, const nav_msgs::msg::Odometry_<std::allocator<void> >::ConstPtr&)[m[Kâ€™:
[01m[K/home/neha/ros2_ws/src/semnav_migration/src/human_following_signal.cpp:675:57:[m[K [01;31m[Kerror: [m[Kexpected â€˜[01m[K)[m[Kâ€™ before â€˜[01m[K;[m[Kâ€™ token
  675 |                 rclcpp:sleep_for(std::chrono::seconds(5)[01;31m[K;[m[K
      |                                                         [01;31m[K^[m[K
[01m[K/home/neha/ros2_ws/src/semnav_migration/src/human_following_signal.cpp:675:33:[m[K [01;36m[Knote: [m[Kto match this â€˜[01m[K([m[Kâ€™
  675 |                 rclcpp:sleep_for[01;36m[K([m[Kstd::chrono::seconds(5);
      |                                 [01;36m[K^[m[K
gmake[2]: *** [CMakeFiles/human_following_signal.dir/build.make:76: CMakeFiles/human_following_signal.dir/src/human_following_signal.cpp.o] Error 1
gmake[1]: *** [CMakeFiles/Makefile2:285: CMakeFiles/human_following_signal.dir/all] Error 2
gmake[1]: *** Waiting for unfinished jobs....
[ 57%] [32m[1mLinking CXX executable human_following[0m
[ 57%] Built target human_following
gmake: *** [Makefile:146: all] Error 2
