[0.027s] Invoking command in '/home/neha/ros2_ws/src/semnav_migration/build/semnav': CMAKE_PREFIX_PATH=${CMAKE_PREFIX_PATH}:/opt/ros/jazzy DEBUGINFOD_URLS=https://debuginfod.ubuntu.com /usr/bin/cmake --build /home/neha/ros2_ws/src/semnav_migration/build/semnav -- -j2 -l2
[0.235s] [ 14%] Built target reactive_planner
[0.377s] [ 23%] Building CXX object CMakeFiles/navigation.dir/src/navigation.cpp.o
[0.377s] [ 23%] Building CXX object CMakeFiles/navigation_semantic.dir/src/navigation_semantic.cpp.o
[22.133s] /home/neha/ros2_ws/src/semnav_migration/src/navigation.cpp:621:56: error: template argument 1 is invalid
[22.134s]   621 |         rclcpp::Publisher<example_interfaces/msg/UInt32> pub_behaviorID_;
[22.134s]       |                                                        ^
[22.134s] /home/neha/ros2_ws/src/semnav_migration/src/navigation.cpp:622:56: error: template argument 1 is invalid
[22.134s]   622 |         rclcpp::Publisher<example_interfaces/msg/UInt32> pub_behaviorMode_;
[22.134s]       |                                                        ^
[22.134s] /home/neha/ros2_ws/src/semnav_migration/src/navigation.cpp:623:56: error: template argument 1 is invalid
[22.135s]   623 |         rclcpp::Publisher<example_interfaces/msg/UInt32> pub_twist_;
[22.135s]       |                                                        ^
[22.150s] /home/neha/ros2_ws/src/semnav_migration/src/navigation.cpp: In constructor ‘NavigationNode::NavigationNode()’:
[22.150s] /home/neha/ros2_ws/src/semnav_migration/src/navigation.cpp:46:63: error: no matching function for call to ‘rclcpp::Node::Node()’
[22.150s]    46 |         NavigationNode() : Node(std::string("navigation_node")) {
[22.150s]       |                                                               ^
[22.151s] In file included from /opt/ros/jazzy/include/rclcpp/rclcpp/executors/single_threaded_executor.hpp:28,
[22.151s]                  from /opt/ros/jazzy/include/rclcpp/rclcpp/executors.hpp:22,
[22.151s]                  from /opt/ros/jazzy/include/rclcpp/rclcpp/rclcpp.hpp:172,
[22.151s]                  from /home/neha/ros2_ws/src/semnav_migration/include/reactive_planner_lib.h:32,
[22.151s]                  from /home/neha/ros2_ws/src/semnav_migration/src/navigation.cpp:25:
[22.151s] /opt/ros/jazzy/include/rclcpp/rclcpp/node.hpp:1629:3: note: candidate: ‘rclcpp::Node::Node(const rclcpp::Node&, const std::string&)’
[22.151s]  1629 |   Node(
[22.152s]       |   ^~~~
[22.152s] /opt/ros/jazzy/include/rclcpp/rclcpp/node.hpp:1629:3: note:   candidate expects 2 arguments, 0 provided
[22.154s] /opt/ros/jazzy/include/rclcpp/rclcpp/node.hpp:103:12: note: candidate: ‘rclcpp::Node::Node(const std::string&, const std::string&, const rclcpp::NodeOptions&)’
[22.154s]   103 |   explicit Node(
[22.154s]       |            ^~~~
[22.154s] /opt/ros/jazzy/include/rclcpp/rclcpp/node.hpp:103:12: note:   candidate expects 3 arguments, 0 provided
[22.155s] /opt/ros/jazzy/include/rclcpp/rclcpp/node.hpp:91:12: note: candidate: ‘rclcpp::Node::Node(const std::string&, const rclcpp::NodeOptions&)’
[22.155s]    91 |   explicit Node(
[22.155s]       |            ^~~~
[22.155s] /opt/ros/jazzy/include/rclcpp/rclcpp/node.hpp:91:12: note:   candidate expects 2 arguments, 0 provided
[22.155s] /home/neha/ros2_ws/src/semnav_migration/src/navigation.cpp:46:63: error: no matching function for call to ‘tf2_ros::TransformListener::TransformListener()’
[22.155s]    46 |         NavigationNode() : Node(std::string("navigation_node")) {
[22.155s]       |                                                               ^
[22.156s] In file included from /home/neha/ros2_ws/src/semnav_migration/include/reactive_planner_lib.h:39:
[22.158s] /opt/ros/jazzy/include/tf2_ros/tf2_ros/transform_listener.h:121:3: note: candidate: ‘template<class AllocatorT> tf2_ros::TransformListener::TransformListener(tf2::BufferCore&, rclcpp::node_interfaces::NodeBaseInterface::SharedPtr, rclcpp::node_interfaces::NodeLoggingInterface::SharedPtr, rclcpp::node_interfaces::NodeParametersInterface::SharedPtr, rclcpp::node_interfaces::NodeTopicsInterface::SharedPtr, bool, const rclcpp::QoS&, const rclcpp::QoS&, const rclcpp::SubscriptionOptionsWithAllocator<AllocatorT>&, const rclcpp::SubscriptionOptionsWithAllocator<AllocatorT>&)’
[22.158s]   121 |   TransformListener(
[22.158s]       |   ^~~~~~~~~~~~~~~~~
[22.158s] /opt/ros/jazzy/include/tf2_ros/tf2_ros/transform_listener.h:121:3: note:   template argument deduction/substitution failed:
[22.159s] /home/neha/ros2_ws/src/semnav_migration/src/navigation.cpp:46:63: note:   candidate expects 10 arguments, 0 provided
[22.159s]    46 |         NavigationNode() : Node(std::string("navigation_node")) {
[22.159s]       |                                                               ^
[22.159s] /opt/ros/jazzy/include/tf2_ros/tf2_ros/transform_listener.h:96:3: note: candidate: ‘template<class NodeT, class AllocatorT> tf2_ros::TransformListener::TransformListener(tf2::BufferCore&, NodeT&&, bool, const rclcpp::QoS&, const rclcpp::QoS&, const rclcpp::SubscriptionOptionsWithAllocator<AllocatorT>&, const rclcpp::SubscriptionOptionsWithAllocator<AllocatorT>&)’
[22.159s]    96 |   TransformListener(
[22.159s]       |   ^~~~~~~~~~~~~~~~~
[22.159s] /opt/ros/jazzy/include/tf2_ros/tf2_ros/transform_listener.h:96:3: note:   template argument deduction/substitution failed:
[22.160s] /home/neha/ros2_ws/src/semnav_migration/src/navigation.cpp:46:63: note:   candidate expects 7 arguments, 0 provided
[22.160s]    46 |         NavigationNode() : Node(std::string("navigation_node")) {
[22.162s]       |                                                               ^
[22.162s] /opt/ros/jazzy/include/tf2_ros/tf2_ros/transform_listener.h:92:12: note: candidate: ‘tf2_ros::TransformListener::TransformListener(tf2::BufferCore&, bool)’
[22.162s]    92 |   explicit TransformListener(tf2::BufferCore & buffer, bool spin_thread = true);
[22.163s]       |            ^~~~~~~~~~~~~~~~~
[22.163s] /opt/ros/jazzy/include/tf2_ros/tf2_ros/transform_listener.h:92:12: note:   candidate expects 2 arguments, 0 provided
[22.176s] /home/neha/ros2_ws/src/semnav_migration/src/navigation_semantic.cpp: In constructor ‘SemanticNavigationNode::SemanticNavigationNode()’:
[22.176s] /home/neha/ros2_ws/src/semnav_migration/src/navigation_semantic.cpp:46:98: error: no matching function for call to ‘rclcpp::Node::Node()’
[22.176s]    46 |                 SemanticNavigationNode() : Node("semantic_navigation_node", rclcpp::NodeOptions())  {
[22.177s]       |                                                                                                  ^
[22.179s] In file included from /opt/ros/jazzy/include/rclcpp/rclcpp/executors/single_threaded_executor.hpp:28,
[22.179s]                  from /opt/ros/jazzy/include/rclcpp/rclcpp/executors.hpp:22,
[22.179s]                  from /opt/ros/jazzy/include/rclcpp/rclcpp/rclcpp.hpp:172,
[22.179s]                  from /home/neha/ros2_ws/src/semnav_migration/include/reactive_planner_lib.h:32,
[22.180s]                  from /home/neha/ros2_ws/src/semnav_migration/src/navigation_semantic.cpp:25:
[22.180s] /opt/ros/jazzy/include/rclcpp/rclcpp/node.hpp:1629:3: note: candidate: ‘rclcpp::Node::Node(const rclcpp::Node&, const std::string&)’
[22.180s]  1629 |   Node(
[22.180s]       |   ^~~~
[22.180s] /opt/ros/jazzy/include/rclcpp/rclcpp/node.hpp:1629:3: note:   candidate expects 2 arguments, 0 provided
[22.180s] /opt/ros/jazzy/include/rclcpp/rclcpp/node.hpp:103:12: note: candidate: ‘rclcpp::Node::Node(const std::string&, const std::string&, const rclcpp::NodeOptions&)’
[22.180s]   103 |   explicit Node(
[22.181s]       |            ^~~~
[22.183s] /opt/ros/jazzy/include/rclcpp/rclcpp/node.hpp:103:12: note:   candidate expects 3 arguments, 0 provided
[22.184s] /opt/ros/jazzy/include/rclcpp/rclcpp/node.hpp:91:12: note: candidate: ‘rclcpp::Node::Node(const std::string&, const rclcpp::NodeOptions&)’
[22.184s]    91 |   explicit Node(
[22.184s]       |            ^~~~
[22.184s] /opt/ros/jazzy/include/rclcpp/rclcpp/node.hpp:91:12: note:   candidate expects 2 arguments, 0 provided
[22.184s] /home/neha/ros2_ws/src/semnav_migration/src/navigation_semantic.cpp:46:98: error: no matching function for call to ‘tf2_ros::TransformListener::TransformListener()’
[22.185s]    46 |                 SemanticNavigationNode() : Node("semantic_navigation_node", rclcpp::NodeOptions())  {
[22.185s]       |                                                                                                  ^
[22.185s] In file included from /home/neha/ros2_ws/src/semnav_migration/include/reactive_planner_lib.h:39:
[22.187s] /opt/ros/jazzy/include/tf2_ros/tf2_ros/transform_listener.h:121:3: note: candidate: ‘template<class AllocatorT> tf2_ros::TransformListener::TransformListener(tf2::BufferCore&, rclcpp::node_interfaces::NodeBaseInterface::SharedPtr, rclcpp::node_interfaces::NodeLoggingInterface::SharedPtr, rclcpp::node_interfaces::NodeParametersInterface::SharedPtr, rclcpp::node_interfaces::NodeTopicsInterface::SharedPtr, bool, const rclcpp::QoS&, const rclcpp::QoS&, const rclcpp::SubscriptionOptionsWithAllocator<AllocatorT>&, const rclcpp::SubscriptionOptionsWithAllocator<AllocatorT>&)’
[22.187s]   121 |   TransformListener(
[22.187s]       |   ^~~~~~~~~~~~~~~~~
[22.187s] /opt/ros/jazzy/include/tf2_ros/tf2_ros/transform_listener.h:121:3: note:   template argument deduction/substitution failed:
[22.188s] /home/neha/ros2_ws/src/semnav_migration/src/navigation_semantic.cpp:46:98: note:   candidate expects 10 arguments, 0 provided
[22.188s]    46 |                 SemanticNavigationNode() : Node("semantic_navigation_node", rclcpp::NodeOptions())  {
[22.188s]       |                                                                                                  ^
[22.188s] /opt/ros/jazzy/include/tf2_ros/tf2_ros/transform_listener.h:96:3: note: candidate: ‘template<class NodeT, class AllocatorT> tf2_ros::TransformListener::TransformListener(tf2::BufferCore&, NodeT&&, bool, const rclcpp::QoS&, const rclcpp::QoS&, const rclcpp::SubscriptionOptionsWithAllocator<AllocatorT>&, const rclcpp::SubscriptionOptionsWithAllocator<AllocatorT>&)’
[22.188s]    96 |   TransformListener(
[22.188s]       |   ^~~~~~~~~~~~~~~~~
[22.188s] /opt/ros/jazzy/include/tf2_ros/tf2_ros/transform_listener.h:96:3: note:   template argument deduction/substitution failed:
[22.189s] /home/neha/ros2_ws/src/semnav_migration/src/navigation_semantic.cpp:46:98: note:   candidate expects 7 arguments, 0 provided
[22.189s]    46 |                 SemanticNavigationNode() : Node("semantic_navigation_node", rclcpp::NodeOptions())  {
[22.191s]       |                                                                                                  ^
[22.191s] /opt/ros/jazzy/include/tf2_ros/tf2_ros/transform_listener.h:92:12: note: candidate: ‘tf2_ros::TransformListener::TransformListener(tf2::BufferCore&, bool)’
[22.191s]    92 |   explicit TransformListener(tf2::BufferCore & buffer, bool spin_thread = true);
[22.191s]       |            ^~~~~~~~~~~~~~~~~
[22.192s] /opt/ros/jazzy/include/tf2_ros/tf2_ros/transform_listener.h:92:12: note:   candidate expects 2 arguments, 0 provided
[22.192s] /home/neha/ros2_ws/src/semnav_migration/src/navigation.cpp:138:86: error: cannot convert ‘std::shared_ptr<rclcpp::Publisher<example_interfaces::msg::UInt32_<std::allocator<void> >, std::allocator<void> > >’ to ‘int’ in assignment
[22.192s]   138 |             pub_behaviorID_ = this->create_publisher<example_interfaces::msg::UInt32>("pub_behaviorID_topic_", 1);
[22.192s]       |                               ~~~~~~~~~~~~~~~~~~~~~~~~~~~~~~~~~~~~~~~~~~~~~~~~~~~~~~~^~~~~~~~~~~~~~~~~~~~~~~~~~~~
[22.192s]       |                                                                                      |
[22.192s]       |                                                                                      std::shared_ptr<rclcpp::Publisher<example_interfaces::msg::UInt32_<std::allocator<void> >, std::allocator<void> > >
[22.192s] /home/neha/ros2_ws/src/semnav_migration/src/navigation.cpp:139:88: error: cannot convert ‘std::shared_ptr<rclcpp::Publisher<example_interfaces::msg::UInt32_<std::allocator<void> >, std::allocator<void> > >’ to ‘int’ in assignment
[22.193s]   139 |             pub_behaviorMode_ = this->create_publisher<example_interfaces::msg::UInt32>("pub_behaviorMode_topic_", 1);
[22.193s]       |                                 ~~~~~~~~~~~~~~~~~~~~~~~~~~~~~~~~~~~~~~~~~~~~~~~~~~~~~~~^~~~~~~~~~~~~~~~~~~~~~~~~~~~~~
[22.195s]       |                                                                                        |
[22.195s]       |                                                                                        std::shared_ptr<rclcpp::Publisher<example_interfaces::msg::UInt32_<std::allocator<void> >, std::allocator<void> > >
[22.195s] /home/neha/ros2_ws/src/semnav_migration/src/navigation.cpp:140:81: error: cannot convert ‘std::shared_ptr<rclcpp::Publisher<example_interfaces::msg::UInt32_<std::allocator<void> >, std::allocator<void> > >’ to ‘int’ in assignment
[22.195s]   140 |             pub_twist_ = this->create_publisher<example_interfaces::msg::UInt32>("pub_twist_topic_", 1);
[22.196s]       |                          ~~~~~~~~~~~~~~~~~~~~~~~~~~~~~~~~~~~~~~~~~~~~~~~~~~~~~~~^~~~~~~~~~~~~~~~~~~~~~~
[22.196s]       |                                                                                 |
[22.196s]       |                                                                                 std::shared_ptr<rclcpp::Publisher<example_interfaces::msg::UInt32_<std::allocator<void> >, std::allocator<void> > >
[22.252s] /home/neha/ros2_ws/src/semnav_migration/src/navigation.cpp:143:116: error: no matching function for call to ‘message_filters::Subscriber<sensor_msgs::msg::LaserScan_<std::allocator<void> > >::Subscriber(rclcpp::Node&, std::string&, int)’
[22.252s]   143 |                         message_filters::Subscriber<sensor_msgs::msg::LaserScan> sub_laser(nh_, sub_laser_topic_, 1);
[22.252s]       |                                                                                                                    ^
[22.256s] In file included from /home/neha/ros2_ws/src/semnav_migration/include/reactive_planner_lib.h:43:
[22.256s] /opt/ros/jazzy/include/message_filters/message_filters/subscriber.h:224:3: note: candidate: ‘message_filters::Subscriber<M, NodeType>::Subscriber() [with M = sensor_msgs::msg::LaserScan_<std::allocator<void> >; NodeType = rclcpp::Node]’
[22.256s]   224 |   Subscriber() = default;
[22.256s]       |   ^~~~~~~~~~
[22.257s] /opt/ros/jazzy/include/message_filters/message_filters/subscriber.h:224:3: note:   candidate expects 0 arguments, 3 provided
[22.257s] /opt/ros/jazzy/include/message_filters/message_filters/subscriber.h:212:3: note: candidate: ‘message_filters::Subscriber<M, NodeType>::Subscriber(NodeType*, const std::string&, rmw_qos_profile_t, rclcpp::SubscriptionOptions) [with M = sensor_msgs::msg::LaserScan_<std::allocator<void> >; NodeType = rclcpp::Node; std::string = std::__cxx11::basic_string<char>; rmw_qos_profile_t = rmw_qos_profile_s; rclcpp::SubscriptionOptions = rclcpp::SubscriptionOptionsWithAllocator<std::allocator<void> >]’
[22.257s]   212 |   Subscriber(
[22.257s]       |   ^~~~~~~~~~
[22.257s] /opt/ros/jazzy/include/message_filters/message_filters/subscriber.h:212:3: note:   candidate expects 4 arguments, 3 provided
[22.257s] /opt/ros/jazzy/include/message_filters/message_filters/subscriber.h:203:3: note: candidate: ‘message_filters::Subscriber<M, NodeType>::Subscriber(NodePtr, const std::string&, rmw_qos_profile_t, rclcpp::SubscriptionOptions) [with M = sensor_msgs::msg::LaserScan_<std::allocator<void> >; NodeType = rclcpp::Node; NodePtr = std::shared_ptr<rclcpp::Node>; std::string = std::__cxx11::basic_string<char>; rmw_qos_profile_t = rmw_qos_profile_s; rclcpp::SubscriptionOptions = rclcpp::SubscriptionOptionsWithAllocator<std::allocator<void> >]’
[22.257s]   203 |   Subscriber(
[22.258s]       |   ^~~~~~~~~~
[22.258s] /opt/ros/jazzy/include/message_filters/message_filters/subscriber.h:203:3: note:   candidate expects 4 arguments, 3 provided
[22.260s] /opt/ros/jazzy/include/message_filters/message_filters/subscriber.h:188:3: note: candidate: ‘message_filters::Subscriber<M, NodeType>::Subscriber(NodeType*, const std::string&, rmw_qos_profile_t) [with M = sensor_msgs::msg::LaserScan_<std::allocator<void> >; NodeType = rclcpp::Node; std::string = std::__cxx11::basic_string<char>; rmw_qos_profile_t = rmw_qos_profile_s]’
[22.260s]   188 |   Subscriber(NodeType * node, const std::string& topic, const rmw_qos_profile_t qos = rmw_qos_profile_default)
[22.260s]       |   ^~~~~~~~~~
[22.261s] /opt/ros/jazzy/include/message_filters/message_filters/subscriber.h:188:25: note:   no known conversion for argument 1 from ‘rclcpp::Node’ to ‘rclcpp::Node*’
[22.261s]   188 |   Subscriber(NodeType * node, const std::string& topic, const rmw_qos_profile_t qos = rmw_qos_profile_default)
[22.261s]       |              ~~~~~~~~~~~^~~~
[22.261s] /opt/ros/jazzy/include/message_filters/message_filters/subscriber.h:183:3: note: candidate: ‘message_filters::Subscriber<M, NodeType>::Subscriber(NodePtr, const std::string&, rmw_qos_profile_t) [with M = sensor_msgs::msg::LaserScan_<std::allocator<void> >; NodeType = rclcpp::Node; NodePtr = std::shared_ptr<rclcpp::Node>; std::string = std::__cxx11::basic_string<char>; rmw_qos_profile_t = rmw_qos_profile_s]’
[22.261s]   183 |   Subscriber(NodePtr node, const std::string& topic, const rmw_qos_profile_t qos = rmw_qos_profile_default)
[22.261s]       |   ^~~~~~~~~~
[22.261s] /opt/ros/jazzy/include/message_filters/message_filters/subscriber.h:183:22: note:   no known conversion for argument 1 from ‘rclcpp::Node’ to ‘message_filters::Subscriber<sensor_msgs::msg::LaserScan_<std::allocator<void> > >::NodePtr’ {aka ‘std::shared_ptr<rclcpp::Node>’}
[22.262s]   183 |   Subscriber(NodePtr node, const std::string& topic, const rmw_qos_profile_t qos = rmw_qos_profile_default)
[22.264s]       |              ~~~~~~~~^~~~
[22.295s] /home/neha/ros2_ws/src/semnav_migration/src/navigation_semantic.cpp:143:116: error: no matching function for call to ‘message_filters::Subscriber<sensor_msgs::msg::LaserScan_<std::allocator<void> > >::Subscriber(rclcpp::Node&, std::string&, int)’
[22.295s]   143 |                         message_filters::Subscriber<sensor_msgs::msg::LaserScan> sub_laser(nh_, sub_laser_topic_, 1);
[22.295s]       |                                                                                                                    ^
[22.296s] In file included from /home/neha/ros2_ws/src/semnav_migration/include/reactive_planner_lib.h:43:
[22.296s] /opt/ros/jazzy/include/message_filters/message_filters/subscriber.h:224:3: note: candidate: ‘message_filters::Subscriber<M, NodeType>::Subscriber() [with M = sensor_msgs::msg::LaserScan_<std::allocator<void> >; NodeType = rclcpp::Node]’
[22.296s]   224 |   Subscriber() = default;
[22.296s]       |   ^~~~~~~~~~
[22.296s] /opt/ros/jazzy/include/message_filters/message_filters/subscriber.h:224:3: note:   candidate expects 0 arguments, 3 provided
[22.297s] /opt/ros/jazzy/include/message_filters/message_filters/subscriber.h:212:3: note: candidate: ‘message_filters::Subscriber<M, NodeType>::Subscriber(NodeType*, const std::string&, rmw_qos_profile_t, rclcpp::SubscriptionOptions) [with M = sensor_msgs::msg::LaserScan_<std::allocator<void> >; NodeType = rclcpp::Node; std::string = std::__cxx11::basic_string<char>; rmw_qos_profile_t = rmw_qos_profile_s; rclcpp::SubscriptionOptions = rclcpp::SubscriptionOptionsWithAllocator<std::allocator<void> >]’
[22.297s]   212 |   Subscriber(
[22.297s]       |   ^~~~~~~~~~
[22.297s] /opt/ros/jazzy/include/message_filters/message_filters/subscriber.h:212:3: note:   candidate expects 4 arguments, 3 provided
[22.297s] /opt/ros/jazzy/include/message_filters/message_filters/subscriber.h:203:3: note: candidate: ‘message_filters::Subscriber<M, NodeType>::Subscriber(NodePtr, const std::string&, rmw_qos_profile_t, rclcpp::SubscriptionOptions) [with M = sensor_msgs::msg::LaserScan_<std::allocator<void> >; NodeType = rclcpp::Node; NodePtr = std::shared_ptr<rclcpp::Node>; std::string = std::__cxx11::basic_string<char>; rmw_qos_profile_t = rmw_qos_profile_s; rclcpp::SubscriptionOptions = rclcpp::SubscriptionOptionsWithAllocator<std::allocator<void> >]’
[22.297s]   203 |   Subscriber(
[22.297s]       |   ^~~~~~~~~~
[22.298s] /opt/ros/jazzy/include/message_filters/message_filters/subscriber.h:203:3: note:   candidate expects 4 arguments, 3 provided
[22.298s] /opt/ros/jazzy/include/message_filters/message_filters/subscriber.h:188:3: note: candidate: ‘message_filters::Subscriber<M, NodeType>::Subscriber(NodeType*, const std::string&, rmw_qos_profile_t) [with M = sensor_msgs::msg::LaserScan_<std::allocator<void> >; NodeType = rclcpp::Node; std::string = std::__cxx11::basic_string<char>; rmw_qos_profile_t = rmw_qos_profile_s]’
[22.301s]   188 |   Subscriber(NodeType * node, const std::string& topic, const rmw_qos_profile_t qos = rmw_qos_profile_default)
[22.301s]       |   ^~~~~~~~~~
[22.301s] /opt/ros/jazzy/include/message_filters/message_filters/subscriber.h:188:25: note:   no known conversion for argument 1 from ‘rclcpp::Node’ to ‘rclcpp::Node*’
[22.301s]   188 |   Subscriber(NodeType * node, const std::string& topic, const rmw_qos_profile_t qos = rmw_qos_profile_default)
[22.302s]       |              ~~~~~~~~~~~^~~~
[22.302s] /opt/ros/jazzy/include/message_filters/message_filters/subscriber.h:183:3: note: candidate: ‘message_filters::Subscriber<M, NodeType>::Subscriber(NodePtr, const std::string&, rmw_qos_profile_t) [with M = sensor_msgs::msg::LaserScan_<std::allocator<void> >; NodeType = rclcpp::Node; NodePtr = std::shared_ptr<rclcpp::Node>; std::string = std::__cxx11::basic_string<char>; rmw_qos_profile_t = rmw_qos_profile_s]’
[22.302s]   183 |   Subscriber(NodePtr node, const std::string& topic, const rmw_qos_profile_t qos = rmw_qos_profile_default)
[22.302s]       |   ^~~~~~~~~~
[22.302s] /opt/ros/jazzy/include/message_filters/message_filters/subscriber.h:183:22: note:   no known conversion for argument 1 from ‘rclcpp::Node’ to ‘message_filters::Subscriber<sensor_msgs::msg::LaserScan_<std::allocator<void> > >::NodePtr’ {aka ‘std::shared_ptr<rclcpp::Node>’}
[22.302s]   183 |   Subscriber(NodePtr node, const std::string& topic, const rmw_qos_profile_t qos = rmw_qos_profile_default)
[22.302s]       |              ~~~~~~~~^~~~
[22.320s] /home/neha/ros2_ws/src/semnav_migration/src/navigation.cpp:144:112: error: no matching function for call to ‘message_filters::Subscriber<nav_msgs::msg::Odometry_<std::allocator<void> > >::Subscriber(rclcpp::Node&, std::string&, int)’
[22.320s]   144 |                         message_filters::Subscriber<nav_msgs::msg::Odometry> sub_robot(nh_, sub_robot_topic_, 1);
[22.320s]       |                                                                                                                ^
[22.321s] /opt/ros/jazzy/include/message_filters/message_filters/subscriber.h:224:3: note: candidate: ‘message_filters::Subscriber<M, NodeType>::Subscriber() [with M = nav_msgs::msg::Odometry_<std::allocator<void> >; NodeType = rclcpp::Node]’
[22.321s]   224 |   Subscriber() = default;
[22.321s]       |   ^~~~~~~~~~
[22.321s] /opt/ros/jazzy/include/message_filters/message_filters/subscriber.h:224:3: note:   candidate expects 0 arguments, 3 provided
[22.321s] /opt/ros/jazzy/include/message_filters/message_filters/subscriber.h:212:3: note: candidate: ‘message_filters::Subscriber<M, NodeType>::Subscriber(NodeType*, const std::string&, rmw_qos_profile_t, rclcpp::SubscriptionOptions) [with M = nav_msgs::msg::Odometry_<std::allocator<void> >; NodeType = rclcpp::Node; std::string = std::__cxx11::basic_string<char>; rmw_qos_profile_t = rmw_qos_profile_s; rclcpp::SubscriptionOptions = rclcpp::SubscriptionOptionsWithAllocator<std::allocator<void> >]’
[22.321s]   212 |   Subscriber(
[22.321s]       |   ^~~~~~~~~~
[22.322s] /opt/ros/jazzy/include/message_filters/message_filters/subscriber.h:212:3: note:   candidate expects 4 arguments, 3 provided
[22.322s] /opt/ros/jazzy/include/message_filters/message_filters/subscriber.h:203:3: note: candidate: ‘message_filters::Subscriber<M, NodeType>::Subscriber(NodePtr, const std::string&, rmw_qos_profile_t, rclcpp::SubscriptionOptions) [with M = nav_msgs::msg::Odometry_<std::allocator<void> >; NodeType = rclcpp::Node; NodePtr = std::shared_ptr<rclcpp::Node>; std::string = std::__cxx11::basic_string<char>; rmw_qos_profile_t = rmw_qos_profile_s; rclcpp::SubscriptionOptions = rclcpp::SubscriptionOptionsWithAllocator<std::allocator<void> >]’
[22.324s]   203 |   Subscriber(
[22.324s]       |   ^~~~~~~~~~
[22.324s] /opt/ros/jazzy/include/message_filters/message_filters/subscriber.h:203:3: note:   candidate expects 4 arguments, 3 provided
[22.324s] /opt/ros/jazzy/include/message_filters/message_filters/subscriber.h:188:3: note: candidate: ‘message_filters::Subscriber<M, NodeType>::Subscriber(NodeType*, const std::string&, rmw_qos_profile_t) [with M = nav_msgs::msg::Odometry_<std::allocator<void> >; NodeType = rclcpp::Node; std::string = std::__cxx11::basic_string<char>; rmw_qos_profile_t = rmw_qos_profile_s]’
[22.325s]   188 |   Subscriber(NodeType * node, const std::string& topic, const rmw_qos_profile_t qos = rmw_qos_profile_default)
[22.325s]       |   ^~~~~~~~~~
[22.325s] /opt/ros/jazzy/include/message_filters/message_filters/subscriber.h:188:25: note:   no known conversion for argument 1 from ‘rclcpp::Node’ to ‘rclcpp::Node*’
[22.325s]   188 |   Subscriber(NodeType * node, const std::string& topic, const rmw_qos_profile_t qos = rmw_qos_profile_default)
[22.325s]       |              ~~~~~~~~~~~^~~~
[22.325s] /opt/ros/jazzy/include/message_filters/message_filters/subscriber.h:183:3: note: candidate: ‘message_filters::Subscriber<M, NodeType>::Subscriber(NodePtr, const std::string&, rmw_qos_profile_t) [with M = nav_msgs::msg::Odometry_<std::allocator<void> >; NodeType = rclcpp::Node; NodePtr = std::shared_ptr<rclcpp::Node>; std::string = std::__cxx11::basic_string<char>; rmw_qos_profile_t = rmw_qos_profile_s]’
[22.325s]   183 |   Subscriber(NodePtr node, const std::string& topic, const rmw_qos_profile_t qos = rmw_qos_profile_default)
[22.326s]       |   ^~~~~~~~~~
[22.328s] /opt/ros/jazzy/include/message_filters/message_filters/subscriber.h:183:22: note:   no known conversion for argument 1 from ‘rclcpp::Node’ to ‘message_filters::Subscriber<nav_msgs::msg::Odometry_<std::allocator<void> > >::NodePtr’ {aka ‘std::shared_ptr<rclcpp::Node>’}
[22.328s]   183 |   Subscriber(NodePtr node, const std::string& topic, const rmw_qos_profile_t qos = rmw_qos_profile_default)
[22.328s]       |              ~~~~~~~~^~~~
[22.371s] /home/neha/ros2_ws/src/semnav_migration/src/navigation_semantic.cpp:144:100: error: no matching function for call to ‘message_filters::Subscriber<nav_msgs::msg::Odometry_<std::allocator<void> > >::Subscriber(rclcpp::Node&, std::string&, int)’
[22.371s]   144 |             message_filters::Subscriber<nav_msgs::msg::Odometry> sub_robot(nh_, sub_robot_topic_, 1);
[22.371s]       |                                                                                                    ^
[22.371s] /opt/ros/jazzy/include/message_filters/message_filters/subscriber.h:224:3: note: candidate: ‘message_filters::Subscriber<M, NodeType>::Subscriber() [with M = nav_msgs::msg::Odometry_<std::allocator<void> >; NodeType = rclcpp::Node]’
[22.372s]   224 |   Subscriber() = default;
[22.372s]       |   ^~~~~~~~~~
[22.372s] /opt/ros/jazzy/include/message_filters/message_filters/subscriber.h:224:3: note:   candidate expects 0 arguments, 3 provided
[22.372s] /opt/ros/jazzy/include/message_filters/message_filters/subscriber.h:212:3: note: candidate: ‘message_filters::Subscriber<M, NodeType>::Subscriber(NodeType*, const std::string&, rmw_qos_profile_t, rclcpp::SubscriptionOptions) [with M = nav_msgs::msg::Odometry_<std::allocator<void> >; NodeType = rclcpp::Node; std::string = std::__cxx11::basic_string<char>; rmw_qos_profile_t = rmw_qos_profile_s; rclcpp::SubscriptionOptions = rclcpp::SubscriptionOptionsWithAllocator<std::allocator<void> >]’
[22.372s]   212 |   Subscriber(
[22.372s]       |   ^~~~~~~~~~
[22.372s] /opt/ros/jazzy/include/message_filters/message_filters/subscriber.h:212:3: note:   candidate expects 4 arguments, 3 provided
[22.373s] /opt/ros/jazzy/include/message_filters/message_filters/subscriber.h:203:3: note: candidate: ‘message_filters::Subscriber<M, NodeType>::Subscriber(NodePtr, const std::string&, rmw_qos_profile_t, rclcpp::SubscriptionOptions) [with M = nav_msgs::msg::Odometry_<std::allocator<void> >; NodeType = rclcpp::Node; NodePtr = std::shared_ptr<rclcpp::Node>; std::string = std::__cxx11::basic_string<char>; rmw_qos_profile_t = rmw_qos_profile_s; rclcpp::SubscriptionOptions = rclcpp::SubscriptionOptionsWithAllocator<std::allocator<void> >]’
[22.373s]   203 |   Subscriber(
[22.375s]       |   ^~~~~~~~~~
[22.375s] /opt/ros/jazzy/include/message_filters/message_filters/subscriber.h:203:3: note:   candidate expects 4 arguments, 3 provided
[22.375s] /opt/ros/jazzy/include/message_filters/message_filters/subscriber.h:188:3: note: candidate: ‘message_filters::Subscriber<M, NodeType>::Subscriber(NodeType*, const std::string&, rmw_qos_profile_t) [with M = nav_msgs::msg::Odometry_<std::allocator<void> >; NodeType = rclcpp::Node; std::string = std::__cxx11::basic_string<char>; rmw_qos_profile_t = rmw_qos_profile_s]’
[22.375s]   188 |   Subscriber(NodeType * node, const std::string& topic, const rmw_qos_profile_t qos = rmw_qos_profile_default)
[22.376s]       |   ^~~~~~~~~~
[22.376s] /opt/ros/jazzy/include/message_filters/message_filters/subscriber.h:188:25: note:   no known conversion for argument 1 from ‘rclcpp::Node’ to ‘rclcpp::Node*’
[22.376s]   188 |   Subscriber(NodeType * node, const std::string& topic, const rmw_qos_profile_t qos = rmw_qos_profile_default)
[22.376s]       |              ~~~~~~~~~~~^~~~
[22.376s] /opt/ros/jazzy/include/message_filters/message_filters/subscriber.h:183:3: note: candidate: ‘message_filters::Subscriber<M, NodeType>::Subscriber(NodePtr, const std::string&, rmw_qos_profile_t) [with M = nav_msgs::msg::Odometry_<std::allocator<void> >; NodeType = rclcpp::Node; NodePtr = std::shared_ptr<rclcpp::Node>; std::string = std::__cxx11::basic_string<char>; rmw_qos_profile_t = rmw_qos_profile_s]’
[22.376s]   183 |   Subscriber(NodePtr node, const std::string& topic, const rmw_qos_profile_t qos = rmw_qos_profile_default)
[22.376s]       |   ^~~~~~~~~~
[22.377s] /opt/ros/jazzy/include/message_filters/message_filters/subscriber.h:183:22: note:   no known conversion for argument 1 from ‘rclcpp::Node’ to ‘message_filters::Subscriber<nav_msgs::msg::Odometry_<std::allocator<void> > >::NodePtr’ {aka ‘std::shared_ptr<rclcpp::Node>’}
[22.377s]   183 |   Subscriber(NodePtr node, const std::string& topic, const rmw_qos_profile_t qos = rmw_qos_profile_default)
[22.379s]       |              ~~~~~~~~^~~~
[22.458s] /home/neha/ros2_ws/src/semnav_migration/src/navigation.cpp:149:55: error: ‘bind’ is not a member of ‘boost’; did you mean ‘find’?
[22.458s]   149 |                         sync->registerCallback(boost::bind(&NavigationNode::control_callback, this, _1, _2));
[22.459s]       |                                                       ^~~~
[22.460s]       |                                                       find
[22.461s] /home/neha/ros2_ws/src/semnav_migration/src/navigation.cpp:149:101: error: ‘_1’ was not declared in this scope
[22.463s]   149 |                         sync->registerCallback(boost::bind(&NavigationNode::control_callback, this, _1, _2));
[22.463s]       |                                                                                                     ^~
[22.463s] /home/neha/ros2_ws/src/semnav_migration/src/navigation.cpp:149:101: note: suggested alternatives:
[22.463s] In file included from /usr/include/boost/mpl/aux_/include_preprocessed.hpp:37,
[22.464s]                  from /usr/include/boost/mpl/placeholders.hpp:43,
[22.464s]                  from /usr/include/boost/iterator/iterator_categories.hpp:16,
[22.465s]                  from /usr/include/boost/iterator/iterator_facade.hpp:13,
[22.465s]                  from /usr/include/boost/range/iterator_range_core.hpp:27,
[22.466s]                  from /usr/include/boost/lexical_cast.hpp:48,
[22.466s]                  from /usr/include/boost/multiprecision/detail/number_base.hpp:29,
[22.466s]                  from /usr/include/boost/multiprecision/traits/is_variable_precision.hpp:9,
[22.466s]                  from /usr/include/boost/multiprecision/detail/precision.hpp:9,
[22.466s]                  from /usr/include/boost/multiprecision/number.hpp:11,
[22.466s]                  from /usr/include/boost/multiprecision/cpp_int.hpp:19,
[22.466s]                  from /usr/include/boost/multiprecision/cpp_bin_float.hpp:15,
[22.466s]                  from /usr/include/boost/geometry/core/coordinate_promotion.hpp:16,
[22.467s]                  from /usr/include/boost/geometry/core/radian_access.hpp:30,
[22.467s]                  from /usr/include/boost/geometry/geometry.hpp:50,
[22.470s]                  from /usr/include/boost/geometry.hpp:17,
[22.470s]                  from /home/neha/ros2_ws/src/semnav_migration/include/reactive_planner_lib.h:26:
[22.470s] /usr/include/boost/mpl/aux_/preprocessed/gcc/placeholders.hpp:29:16: note:   ‘mpl_::_1’
[22.471s]    29 | typedef arg<1> _1;
[22.471s]       |                ^~
[22.471s] In file included from /usr/include/boost/numeric/conversion/converter_policies.hpp:13,
[22.471s]                  from /usr/include/boost/numeric/conversion/converter.hpp:14,
[22.471s]                  from /usr/include/boost/numeric/conversion/cast.hpp:33,
[22.471s]                  from /usr/include/boost/geometry/core/radian_access.hpp:26:
[22.471s] /usr/include/c++/13/functional:294:48: note:   ‘std::placeholders::_1’
[22.471s]   294 |     _GLIBCXX_PLACEHOLDER const _Placeholder<1> _1;
[22.472s]       |                                                ^~
[22.472s] /usr/include/boost/mpl/aux_/preprocessed/gcc/placeholders.hpp:29:16: note:   ‘mpl_::_1’
[22.474s]    29 | typedef arg<1> _1;
[22.474s]       |                ^~
[22.474s] In file included from /usr/include/boost/describe/members.hpp:20,
[22.474s]                  from /usr/include/boost/container_hash/is_described_class.hpp:11,
[22.475s]                  from /usr/include/boost/container_hash/hash.hpp:18,
[22.475s]                  from /usr/include/boost/functional/hash.hpp:6,
[22.475s]                  from /usr/include/CGAL/Kernel/hash_functions.h:16,
[22.475s]                  from /usr/include/CGAL/Kernel/global_functions.h:25,
[22.475s]                  from /usr/include/CGAL/Cartesian/Cartesian_base.h:22,
[22.475s]                  from /usr/include/CGAL/Simple_cartesian.h:20,
[22.475s]                  from /usr/include/CGAL/Exact_predicates_inexact_constructions_kernel.h:20,
[22.476s]                  from /home/neha/ros2_ws/src/semnav_migration/include/polygeom_lib.h:32,
[22.476s]                  from /home/neha/ros2_ws/src/semnav_migration/include/reactive_planner_lib.h:51:
[22.478s] /usr/include/boost/mp11/bind.hpp:45:7: note:   ‘boost::mp11::_1’
[22.479s]    45 | using _1 = mp_arg<0>;
[22.479s]       |       ^~
[22.479s] /usr/include/boost/mpl/aux_/preprocessed/gcc/placeholders.hpp:29:16: note:   ‘mpl_::_1’
[22.479s]    29 | typedef arg<1> _1;
[22.479s]       |                ^~
[22.479s] /home/neha/ros2_ws/src/semnav_migration/src/navigation.cpp:149:105: error: ‘_2’ was not declared in this scope
[22.479s]   149 |                         sync->registerCallback(boost::bind(&NavigationNode::control_callback, this, _1, _2));
[22.479s]       |                                                                                                         ^~
[22.480s] /home/neha/ros2_ws/src/semnav_migration/src/navigation.cpp:149:105: note: suggested alternatives:
[22.480s] /usr/include/boost/mpl/aux_/preprocessed/gcc/placeholders.hpp:42:16: note:   ‘mpl_::_2’
[22.480s]    42 | typedef arg<2> _2;
[22.480s]       |                ^~
[22.480s] /usr/include/c++/13/functional:295:48: note:   ‘std::placeholders::_2’
[22.480s]   295 |     _GLIBCXX_PLACEHOLDER const _Placeholder<2> _2;
[22.480s]       |                                                ^~
[22.481s] /usr/include/boost/mpl/aux_/preprocessed/gcc/placeholders.hpp:42:16: note:   ‘mpl_::_2’
[22.481s]    42 | typedef arg<2> _2;
[22.481s]       |                ^~
[22.481s] /usr/include/boost/mp11/bind.hpp:46:7: note:   ‘boost::mp11::_2’
[22.481s]    46 | using _2 = mp_arg<1>;
[22.481s]       |       ^~
[22.481s] /usr/include/boost/mpl/aux_/preprocessed/gcc/placeholders.hpp:42:16: note:   ‘mpl_::_2’
[22.482s]    42 | typedef arg<2> _2;
[22.482s]       |                ^~
[22.486s] /home/neha/ros2_ws/src/semnav_migration/src/navigation.cpp:152:74: error: no matching function for call to ‘NavigationNode::create_subscription(std::string&, int)’
[22.486s]   152 |             rclcpp::Subscription sub_semantic = this->create_subscription(sub_semantic_topic_, 1);
[22.487s]       |                                                 ~~~~~~~~~~~~~~~~~~~~~~~~~^~~~~~~~~~~~~~~~~~~~~~~~
[22.487s] /opt/ros/jazzy/include/rclcpp/rclcpp/node.hpp:221:3: note: candidate: ‘template<class MessageT, class CallbackT, class AllocatorT, class SubscriptionT, class MessageMemoryStrategyT> std::shared_ptr<ROSMessageT> rclcpp::Node::create_subscription(const std::string&, const rclcpp::QoS&, CallbackT&&, const rclcpp::SubscriptionOptionsWithAllocator<AllocatorT>&, typename MessageMemoryStrategyT::SharedPtr)’
[22.487s]   221 |   create_subscription(
[22.487s]       |   ^~~~~~~~~~~~~~~~~~~
[22.487s] /opt/ros/jazzy/include/rclcpp/rclcpp/node.hpp:221:3: note:   template argument deduction/substitution failed:
[22.487s] /home/neha/ros2_ws/src/semnav_migration/src/navigation.cpp:152:74: note:   candidate expects 5 arguments, 2 provided
[22.487s]   152 |             rclcpp::Subscription sub_semantic = this->create_subscription(sub_semantic_topic_, 1);
[22.488s]       |                                                 ~~~~~~~~~~~~~~~~~~~~~~~~~^~~~~~~~~~~~~~~~~~~~~~~~
[22.488s] /home/neha/ros2_ws/src/semnav_migration/src/navigation.cpp: In member function ‘void NavigationNode::publish_twist(double, double)’:
[22.488s] /home/neha/ros2_ws/src/semnav_migration/src/navigation.cpp:169:36: error: request for member ‘publish’ in ‘((NavigationNode*)this)->NavigationNode::pub_twist_’, which is of non-class type ‘int’
[22.488s]   169 |                         pub_twist_.publish(commandTwist);
[22.488s]       |                                    ^~~~~~~
[22.488s] /home/neha/ros2_ws/src/semnav_migration/src/navigation.cpp: In member function ‘void NavigationNode::publish_behavior_id(uint16_t)’:
[22.488s] /home/neha/ros2_ws/src/semnav_migration/src/navigation.cpp:176:41: error: request for member ‘publish’ in ‘((NavigationNode*)this)->NavigationNode::pub_behaviorID_’, which is of non-class type ‘int’
[22.488s]   176 |                         pub_behaviorID_.publish(commandId);
[22.489s]       |                                         ^~~~~~~
[22.489s] /home/neha/ros2_ws/src/semnav_migration/src/navigation.cpp: In member function ‘void NavigationNode::publish_behavior_mode(uint16_t)’:
[22.489s] /home/neha/ros2_ws/src/semnav_migration/src/navigation.cpp:183:43: error: request for member ‘publish’ in ‘((NavigationNode*)this)->NavigationNode::pub_behaviorMode_’, which is of non-class type ‘int’
[22.489s]   183 |                         pub_behaviorMode_.publish(commandMode);
[22.489s]       |                                           ^~~~~~~
[22.520s] /home/neha/ros2_ws/src/semnav_migration/src/navigation_semantic.cpp:149:55: error: ‘bind’ is not a member of ‘boost’; did you mean ‘find’?
[22.520s]   149 |                         sync->registerCallback(boost::bind(&SemanticNavigationNode::control_callback, this, _1, _2));
[22.520s]       |                                                       ^~~~
[22.520s]       |                                                       find
[22.524s] /home/neha/ros2_ws/src/semnav_migration/src/navigation_semantic.cpp:149:109: error: ‘_1’ was not declared in this scope
[22.524s]   149 |                         sync->registerCallback(boost::bind(&SemanticNavigationNode::control_callback, this, _1, _2));
[22.524s]       |                                                                                                             ^~
[22.525s] /home/neha/ros2_ws/src/semnav_migration/src/navigation_semantic.cpp:149:109: note: suggested alternatives:
[22.525s] In file included from /usr/include/boost/mpl/aux_/include_preprocessed.hpp:37,
[22.525s]                  from /usr/include/boost/mpl/placeholders.hpp:43,
[22.525s]                  from /usr/include/boost/iterator/iterator_categories.hpp:16,
[22.525s]                  from /usr/include/boost/iterator/iterator_facade.hpp:13,
[22.525s]                  from /usr/include/boost/range/iterator_range_core.hpp:27,
[22.525s]                  from /usr/include/boost/lexical_cast.hpp:48,
[22.525s]                  from /usr/include/boost/multiprecision/detail/number_base.hpp:29,
[22.526s]                  from /usr/include/boost/multiprecision/traits/is_variable_precision.hpp:9,
[22.527s]                  from /usr/include/boost/multiprecision/detail/precision.hpp:9,
[22.527s]                  from /usr/include/boost/multiprecision/number.hpp:11,
[22.527s]                  from /usr/include/boost/multiprecision/cpp_int.hpp:19,
[22.527s]                  from /usr/include/boost/multiprecision/cpp_bin_float.hpp:15,
[22.527s]                  from /usr/include/boost/geometry/core/coordinate_promotion.hpp:16,
[22.528s]                  from /usr/include/boost/geometry/core/radian_access.hpp:30,
[22.528s]                  from /usr/include/boost/geometry/geometry.hpp:50,
[22.530s]                  from /usr/include/boost/geometry.hpp:17,
[22.530s]                  from /home/neha/ros2_ws/src/semnav_migration/include/reactive_planner_lib.h:26:
[22.530s] /usr/include/boost/mpl/aux_/preprocessed/gcc/placeholders.hpp:29:16: note:   ‘mpl_::_1’
[22.530s]    29 | typedef arg<1> _1;
[22.531s]       |                ^~
[22.531s] In file included from /usr/include/boost/numeric/conversion/converter_policies.hpp:13,
[22.531s]                  from /usr/include/boost/numeric/conversion/converter.hpp:14,
[22.531s]                  from /usr/include/boost/numeric/conversion/cast.hpp:33,
[22.531s]                  from /usr/include/boost/geometry/core/radian_access.hpp:26:
[22.532s] /usr/include/c++/13/functional:294:48: note:   ‘std::placeholders::_1’
[22.532s]   294 |     _GLIBCXX_PLACEHOLDER const _Placeholder<1> _1;
[22.532s]       |                                                ^~
[22.532s] /usr/include/boost/mpl/aux_/preprocessed/gcc/placeholders.hpp:29:16: note:   ‘mpl_::_1’
[22.532s]    29 | typedef arg<1> _1;
[22.532s]       |                ^~
[22.532s] In file included from /usr/include/boost/describe/members.hpp:20,
[22.533s]                  from /usr/include/boost/container_hash/is_described_class.hpp:11,
[22.533s]                  from /usr/include/boost/container_hash/hash.hpp:18,
[22.535s]                  from /usr/include/boost/functional/hash.hpp:6,
[22.535s]                  from /usr/include/CGAL/Kernel/hash_functions.h:16,
[22.536s]                  from /usr/include/CGAL/Kernel/global_functions.h:25,
[22.536s]                  from /usr/include/CGAL/Cartesian/Cartesian_base.h:22,
[22.536s]                  from /usr/include/CGAL/Simple_cartesian.h:20,
[22.536s]                  from /usr/include/CGAL/Exact_predicates_inexact_constructions_kernel.h:20,
[22.536s]                  from /home/neha/ros2_ws/src/semnav_migration/include/polygeom_lib.h:32,
[22.537s]                  from /home/neha/ros2_ws/src/semnav_migration/include/reactive_planner_lib.h:51:
[22.537s] /usr/include/boost/mp11/bind.hpp:45:7: note:   ‘boost::mp11::_1’
[22.539s]    45 | using _1 = mp_arg<0>;
[22.539s]       |       ^~
[22.539s] /usr/include/boost/mpl/aux_/preprocessed/gcc/placeholders.hpp:29:16: note:   ‘mpl_::_1’
[22.539s]    29 | typedef arg<1> _1;
[22.540s]       |                ^~
[22.540s] /home/neha/ros2_ws/src/semnav_migration/src/navigation_semantic.cpp:149:113: error: ‘_2’ was not declared in this scope
[22.540s]   149 |                         sync->registerCallback(boost::bind(&SemanticNavigationNode::control_callback, this, _1, _2));
[22.540s]       |                                                                                                                 ^~
[22.540s] /home/neha/ros2_ws/src/semnav_migration/src/navigation_semantic.cpp:149:113: note: suggested alternatives:
[22.540s] /usr/include/boost/mpl/aux_/preprocessed/gcc/placeholders.hpp:42:16: note:   ‘mpl_::_2’
[22.540s]    42 | typedef arg<2> _2;
[22.541s]       |                ^~
[22.541s] /usr/include/c++/13/functional:295:48: note:   ‘std::placeholders::_2’
[22.543s]   295 |     _GLIBCXX_PLACEHOLDER const _Placeholder<2> _2;
[22.543s]       |                                                ^~
[22.543s] /usr/include/boost/mpl/aux_/preprocessed/gcc/placeholders.hpp:42:16: note:   ‘mpl_::_2’
[22.544s]    42 | typedef arg<2> _2;
[22.544s]       |                ^~
[22.544s] /usr/include/boost/mp11/bind.hpp:46:7: note:   ‘boost::mp11::_2’
[22.544s]    46 | using _2 = mp_arg<1>;
[22.544s]       |       ^~
[22.544s] /usr/include/boost/mpl/aux_/preprocessed/gcc/placeholders.hpp:42:16: note:   ‘mpl_::_2’
[22.544s]    42 | typedef arg<2> _2;
[22.544s]       |                ^~
[22.545s] /home/neha/ros2_ws/src/semnav_migration/src/navigation_semantic.cpp:151:86: error: no matching function for call to ‘SemanticNavigationNode::create_subscription(const char [20], int)’
[22.545s]   151 |                         rclcpp::Subscription sub_semantic = this->create_subscription("sub_semantic_topic_", 1);
[22.547s]       |                                                             ~~~~~~~~~~~~~~~~~~~~~~~~~^~~~~~~~~~~~~~~~~~~~~~~~~~
[22.547s] /opt/ros/jazzy/include/rclcpp/rclcpp/node.hpp:221:3: note: candidate: ‘template<class MessageT, class CallbackT, class AllocatorT, class SubscriptionT, class MessageMemoryStrategyT> std::shared_ptr<ROSMessageT> rclcpp::Node::create_subscription(const std::string&, const rclcpp::QoS&, CallbackT&&, const rclcpp::SubscriptionOptionsWithAllocator<AllocatorT>&, typename MessageMemoryStrategyT::SharedPtr)’
[22.547s]   221 |   create_subscription(
[22.547s]       |   ^~~~~~~~~~~~~~~~~~~
[22.548s] /opt/ros/jazzy/include/rclcpp/rclcpp/node.hpp:221:3: note:   template argument deduction/substitution failed:
[22.548s] /home/neha/ros2_ws/src/semnav_migration/src/navigation_semantic.cpp:151:86: note:   candidate expects 5 arguments, 2 provided
[22.548s]   151 |                         rclcpp::Subscription sub_semantic = this->create_subscription("sub_semantic_topic_", 1);
[22.548s]       |                                                             ~~~~~~~~~~~~~~~~~~~~~~~~~^~~~~~~~~~~~~~~~~~~~~~~~~~
[22.548s] /home/neha/ros2_ws/src/semnav_migration/src/navigation_semantic.cpp: In member function ‘void SemanticNavigationNode::publish_twist(double, double)’:
[22.548s] /home/neha/ros2_ws/src/semnav_migration/src/navigation_semantic.cpp:168:36: error: ‘using rclcpp::Publisher<example_interfaces::msg::UInt32_<std::allocator<void> > >::SharedPtr = class std::shared_ptr<rclcpp::Publisher<example_interfaces::msg::UInt32_<std::allocator<void> > > >’ {aka ‘class std::shared_ptr<rclcpp::Publisher<example_interfaces::msg::UInt32_<std::allocator<void> > > >’} has no member named ‘publish’
[22.548s]   168 |                         pub_twist_.publish(commandTwist);
[22.549s]       |                                    ^~~~~~~
[22.549s] /home/neha/ros2_ws/src/semnav_migration/src/navigation_semantic.cpp: In member function ‘void SemanticNavigationNode::publish_behavior_id(uint16_t)’:
[22.551s] /home/neha/ros2_ws/src/semnav_migration/src/navigation_semantic.cpp:175:41: error: ‘using rclcpp::Publisher<example_interfaces::msg::UInt32_<std::allocator<void> > >::SharedPtr = class std::shared_ptr<rclcpp::Publisher<example_interfaces::msg::UInt32_<std::allocator<void> > > >’ {aka ‘class std::shared_ptr<rclcpp::Publisher<example_interfaces::msg::UInt32_<std::allocator<void> > > >’} has no member named ‘publish’
[22.551s]   175 |                         pub_behaviorID_.publish(commandId);
[22.551s]       |                                         ^~~~~~~
[22.552s] /home/neha/ros2_ws/src/semnav_migration/src/navigation_semantic.cpp: In member function ‘void SemanticNavigationNode::publish_behavior_mode(uint16_t)’:
[22.552s] /home/neha/ros2_ws/src/semnav_migration/src/navigation_semantic.cpp:182:43: error: ‘using rclcpp::Publisher<example_interfaces::msg::UInt32_<std::allocator<void> > >::SharedPtr = class std::shared_ptr<rclcpp::Publisher<example_interfaces::msg::UInt32_<std::allocator<void> > > >’ {aka ‘class std::shared_ptr<rclcpp::Publisher<example_interfaces::msg::UInt32_<std::allocator<void> > > >’} has no member named ‘publish’
[22.552s]   182 |                         pub_behaviorMode_.publish(commandMode);
[22.552s]       |                                           ^~~~~~~
[22.592s] /home/neha/ros2_ws/src/semnav_migration/src/navigation.cpp: In member function ‘void NavigationNode::control_callback(const sensor_msgs::msg::LaserScan_<std::allocator<void> >::ConstPtr&, const nav_msgs::msg::Odometry_<std::allocator<void> >::ConstPtr&)’:
[22.593s] /home/neha/ros2_ws/src/semnav_migration/src/navigation.cpp:366:43: error: ‘class tf2_ros::TransformListener’ has no member named ‘waitForTransform’
[22.593s]   366 |                                 listener_.waitForTransform(world_frame_id_, odom_frame_id_, rclcpp::Time(0), rclcpp::Duration(std::chrono::nanoseconds(1000000000));
[22.593s]       |                                           ^~~~~~~~~~~~~~~~
[22.594s] /home/neha/ros2_ws/src/semnav_migration/src/navigation.cpp:366:164: error: expected ‘)’ before ‘;’ token
[22.594s]   366 |                                 listener_.waitForTransform(world_frame_id_, odom_frame_id_, rclcpp::Time(0), rclcpp::Duration(std::chrono::nanoseconds(1000000000));
[22.594s]       |                                                                                                                                                                    ^
[22.594s] /home/neha/ros2_ws/src/semnav_migration/src/navigation.cpp:366:59: note: to match this ‘(’
[22.595s]   366 |                                 listener_.waitForTransform(world_frame_id_, odom_frame_id_, rclcpp::Time(0), rclcpp::Duration(std::chrono::nanoseconds(1000000000));
[22.595s]       |                                                           ^
[22.595s] /home/neha/ros2_ws/src/semnav_migration/src/navigation.cpp:367:43: error: ‘class tf2_ros::TransformListener’ has no member named ‘transformPose’
[22.595s]   367 |                                 listener_.transformPose(world_frame_id_, odomPose, mapPose);
[22.596s]       |                                           ^~~~~~~~~~~~~
[22.599s] /home/neha/ros2_ws/src/semnav_migration/src/navigation.cpp:396:42: error: could not convert ‘lidar_data’ from ‘shared_ptr<LaserScan_<[...]>>’ to ‘shared_ptr<LaserScan_<[...]>>’
[22.599s]   396 |                         constructLIDAR2D(lidar_data, CutoffRange_, AllowableRange_, RobotPitch_, &LIDAR);
[22.600s]       |                                          ^~~~~~~~~~
[22.600s]       |                                          |
[22.600s]       |                                          shared_ptr<LaserScan_<[...]>>
[22.630s] /home/neha/ros2_ws/src/semnav_migration/src/navigation_semantic.cpp: In member function ‘void SemanticNavigationNode::control_callback(const sensor_msgs::msg::LaserScan_<std::allocator<void> >::ConstPtr&, const nav_msgs::msg::Odometry_<std::allocator<void> >::ConstPtr&)’:
[22.631s] /home/neha/ros2_ws/src/semnav_migration/src/navigation_semantic.cpp:406:43: error: ‘class tf2_ros::TransformListener’ has no member named ‘waitForTransform’
[22.631s]   406 |                                 listener_.waitForTransform(world_frame_id_, odom_frame_id_, rclcpp::Time(0), rclcpp::Duration(std::chrono::nanoseconds(1000000000));
[22.631s]       |                                           ^~~~~~~~~~~~~~~~
[22.631s] /home/neha/ros2_ws/src/semnav_migration/src/navigation_semantic.cpp:406:164: error: expected ‘)’ before ‘;’ token
[22.631s]   406 |                                 listener_.waitForTransform(world_frame_id_, odom_frame_id_, rclcpp::Time(0), rclcpp::Duration(std::chrono::nanoseconds(1000000000));
[22.631s]       |                                                                                                                                                                    ^
[22.631s] /home/neha/ros2_ws/src/semnav_migration/src/navigation_semantic.cpp:406:59: note: to match this ‘(’
[22.632s]   406 |                                 listener_.waitForTransform(world_frame_id_, odom_frame_id_, rclcpp::Time(0), rclcpp::Duration(std::chrono::nanoseconds(1000000000));
[22.632s]       |                                                           ^
[22.634s] /home/neha/ros2_ws/src/semnav_migration/src/navigation_semantic.cpp:407:43: error: ‘class tf2_ros::TransformListener’ has no member named ‘transformPose’
[22.634s]   407 |                                 listener_.transformPose(world_frame_id_, odomPose, mapPose);
[22.634s]       |                                           ^~~~~~~~~~~~~
[22.635s] In file included from /opt/ros/jazzy/include/rclcpp/rclcpp/copy_all_parameter_values.hpp:27,
[22.635s]                  from /opt/ros/jazzy/include/rclcpp/rclcpp/rclcpp.hpp:171:
[22.635s] /home/neha/ros2_ws/src/semnav_migration/src/navigation_semantic.cpp:409:33: error: static assertion failed: First argument to logging macros must be an rclcpp::Logger
[22.635s]   409 |                                 RCLCPP_ERROR("%s",ex.what());
[22.635s]       |                                 ^~~~~~~~~~~~
[22.635s] In file included from /opt/ros/jazzy/include/rclcpp/rclcpp/logging.hpp:24:
[22.635s] /home/neha/ros2_ws/src/semnav_migration/src/navigation_semantic.cpp:409:33: error: request for member ‘get_name’ in ‘("%s")’, which is of non-class type ‘const char [3]’
[22.636s]   409 |                                 RCLCPP_ERROR("%s",ex.what());
[22.636s]       |                                 ^~~~~~~~~~~~
[22.638s] /home/neha/ros2_ws/src/semnav_migration/src/navigation_semantic.cpp:409:33: error: request for member ‘get_name’ in ‘("%s")’, which is of non-class type ‘const char [3]’
[22.638s]   409 |                                 RCLCPP_ERROR("%s",ex.what());
[22.638s]       |                                 ^~~~~~~~~~~~
[22.638s] /home/neha/ros2_ws/src/semnav_migration/src/navigation_semantic.cpp:434:42: error: could not convert ‘lidar_data’ from ‘shared_ptr<LaserScan_<[...]>>’ to ‘shared_ptr<LaserScan_<[...]>>’
[22.639s]   434 |                         constructLIDAR2D(lidar_data, CutoffRange_, AllowableRange_, RobotPitch_, &LIDAR);
[22.639s]       |                                          ^~~~~~~~~~
[22.639s]       |                                          |
[22.639s]       |                                          shared_ptr<LaserScan_<[...]>>
[22.677s] /home/neha/ros2_ws/src/semnav_migration/src/navigation_semantic.cpp: In function ‘int main(int, char**)’:
[22.677s] /home/neha/ros2_ws/src/semnav_migration/src/navigation_semantic.cpp:700:34: error: invalid initialization of reference of type ‘const rclcpp::InitOptions&’ from expression of type ‘const char [20]’
[22.677s]   700 |         rclcpp::init(argc, argv, "navigation_semantic");
[22.677s]       |                                  ^~~~~~~~~~~~~~~~~~~~~
[22.678s] In file included from /opt/ros/jazzy/include/rclcpp/rclcpp/logging.hpp:25:
[22.678s] /opt/ros/jazzy/include/rclcpp/rclcpp/utilities.hpp:78:23: note: in passing argument 3 of ‘void rclcpp::init(int, const char* const*, const InitOptions&, SignalHandlerOptions)’
[22.678s]    78 |   const InitOptions & init_options = InitOptions(),
[22.678s]       |   ~~~~~~~~~~~~~~~~~~~~^~~~~~~~~~~~~~~~~~~~~~~~~~~~
[38.040s] gmake[2]: *** [CMakeFiles/navigation.dir/build.make:76: CMakeFiles/navigation.dir/src/navigation.cpp.o] Error 1
[38.040s] gmake[1]: *** [CMakeFiles/Makefile2:181: CMakeFiles/navigation.dir/all] Error 2
[38.041s] gmake[1]: *** Waiting for unfinished jobs....
[38.167s] gmake[2]: *** [CMakeFiles/navigation_semantic.dir/build.make:76: CMakeFiles/navigation_semantic.dir/src/navigation_semantic.cpp.o] Error 1
[38.167s] gmake[1]: *** [CMakeFiles/Makefile2:207: CMakeFiles/navigation_semantic.dir/all] Error 2
[38.168s] gmake: *** [Makefile:146: all] Error 2
[38.170s] Invoked command in '/home/neha/ros2_ws/src/semnav_migration/build/semnav' returned '2': CMAKE_PREFIX_PATH=${CMAKE_PREFIX_PATH}:/opt/ros/jazzy DEBUGINFOD_URLS=https://debuginfod.ubuntu.com /usr/bin/cmake --build /home/neha/ros2_ws/src/semnav_migration/build/semnav -- -j2 -l2
