[0.026s] Invoking command in '/home/neha/ros2_ws/src/semnav_migration/build/semnav': CMAKE_PREFIX_PATH=${CMAKE_PREFIX_PATH}:/opt/ros/jazzy DEBUGINFOD_URLS=https://debuginfod.ubuntu.com /usr/bin/cmake --build /home/neha/ros2_ws/src/semnav_migration/build/semnav -- -j2 -l2
[0.191s] [ 14%] Built target reactive_planner
[0.333s] [ 19%] Building CXX object CMakeFiles/navigation_semantic.dir/src/navigation_semantic.cpp.o
[0.339s] [ 23%] Building CXX object CMakeFiles/navigation.dir/src/navigation.cpp.o
[21.820s] /home/neha/ros2_ws/src/semnav_migration/src/navigation_semantic.cpp:240:47: error: ‘object_pose_interface_msgs’ does not name a type
[21.820s]   240 |                 void diffeo_tree_update(const object_pose_interface_msgs::msg::SemanticMapObjectArray::ConstPtr& semantic_map_data) {
[21.820s]       |                                               ^~~~~~~~~~~~~~~~~~~~~~~~~~
[21.821s] /home/neha/ros2_ws/src/semnav_migration/src/navigation_semantic.cpp:240:78: error: expected unqualified-id before ‘::’ token
[21.821s]   240 |                 void diffeo_tree_update(const object_pose_interface_msgs::msg::SemanticMapObjectArray::ConstPtr& semantic_map_data) {
[21.821s]       |                                                                              ^~
[21.821s] /home/neha/ros2_ws/src/semnav_migration/src/navigation_semantic.cpp:240:78: error: expected ‘)’ before ‘::’ token
[21.822s]   240 |                 void diffeo_tree_update(const object_pose_interface_msgs::msg::SemanticMapObjectArray::ConstPtr& semantic_map_data) {
[21.822s]       |                                        ~                                     ^~
[21.822s]       |                                                                              )
[21.822s] /home/neha/ros2_ws/src/semnav_migration/src/navigation_semantic.cpp:240:75: error: expected ‘;’ at end of member declaration
[21.822s]   240 |                 void diffeo_tree_update(const object_pose_interface_msgs::msg::SemanticMapObjectArray::ConstPtr& semantic_map_data) {
[21.823s]       |                                                                           ^~~
[21.823s]       |                                                                              ;
[21.861s] /home/neha/ros2_ws/src/semnav_migration/src/navigation_semantic.cpp:240:80: error: ‘SemanticMapObjectArray’ in namespace ‘::’ does not name a type
[21.862s]   240 |                 void diffeo_tree_update(const object_pose_interface_msgs::msg::SemanticMapObjectArray::ConstPtr& semantic_map_data) {
[21.862s]       |                                                                                ^~~~~~~~~~~~~~~~~~~~~~
[21.866s] /home/neha/ros2_ws/src/semnav_migration/src/navigation_semantic.cpp:623:17: error: ‘ros’ does not name a type
[21.867s]   623 |                 ros::NodeHandle nh_;
[21.867s]       |                 ^~~
[21.873s] /home/neha/ros2_ws/src/semnav_migration/src/navigation_semantic.cpp:640:17: error: ‘ros’ does not name a type
[21.873s]   640 |                 ros::Publisher pub_behaviorID_;
[21.874s]       |                 ^~~
[21.880s] /home/neha/ros2_ws/src/semnav_migration/src/navigation_semantic.cpp:641:17: error: ‘ros’ does not name a type
[21.880s]   641 |                 ros::Publisher pub_behaviorMode_;
[21.880s]       |                 ^~~
[21.887s] /home/neha/ros2_ws/src/semnav_migration/src/navigation_semantic.cpp:642:17: error: ‘ros’ does not name a type
[21.887s]   642 |                 ros::Publisher pub_twist_;
[21.887s]       |                 ^~~
[21.893s] /home/neha/ros2_ws/src/semnav_migration/src/navigation_semantic.cpp:644:17: error: ‘ros’ does not name a type
[21.894s]   644 |                 ros::Publisher pub_semantic_map_;
[21.894s]       |                 ^~~
[21.906s] /home/neha/ros2_ws/src/semnav_migration/src/navigation.cpp:241:47: error: ‘object_pose_interface_msgs’ does not name a type
[21.906s]   241 |                 void diffeo_tree_update(const object_pose_interface_msgs::msg::SemanticMapObjectArray::ConstPtr& semantic_map_data) {
[21.907s]       |                                               ^~~~~~~~~~~~~~~~~~~~~~~~~~
[21.907s] /home/neha/ros2_ws/src/semnav_migration/src/navigation.cpp:241:78: error: expected unqualified-id before ‘::’ token
[21.907s]   241 |                 void diffeo_tree_update(const object_pose_interface_msgs::msg::SemanticMapObjectArray::ConstPtr& semantic_map_data) {
[21.907s]       |                                                                              ^~
[21.907s] /home/neha/ros2_ws/src/semnav_migration/src/navigation.cpp:241:78: error: expected ‘)’ before ‘::’ token
[21.907s]   241 |                 void diffeo_tree_update(const object_pose_interface_msgs::msg::SemanticMapObjectArray::ConstPtr& semantic_map_data) {
[21.907s]       |                                        ~                                     ^~
[21.908s]       |                                                                              )
[21.908s] /home/neha/ros2_ws/src/semnav_migration/src/navigation.cpp:241:75: error: expected ‘;’ at end of member declaration
[21.908s]   241 |                 void diffeo_tree_update(const object_pose_interface_msgs::msg::SemanticMapObjectArray::ConstPtr& semantic_map_data) {
[21.908s]       |                                                                           ^~~
[21.910s]       |                                                                              ;
[21.912s] /home/neha/ros2_ws/src/semnav_migration/src/navigation_semantic.cpp:690:17: error: ‘tf’ does not name a type; did you mean ‘tm’?
[21.912s]   690 |                 tf::TransformListener listener_;
[21.913s]       |                 ^~
[21.913s]       |                 tm
[21.945s] /home/neha/ros2_ws/src/semnav_migration/src/navigation.cpp:241:80: error: ‘SemanticMapObjectArray’ in namespace ‘::’ does not name a type
[21.945s]   241 |                 void diffeo_tree_update(const object_pose_interface_msgs::msg::SemanticMapObjectArray::ConstPtr& semantic_map_data) {
[21.945s]       |                                                                                ^~~~~~~~~~~~~~~~~~~~~~
[21.946s] /home/neha/ros2_ws/src/semnav_migration/src/navigation.cpp:614:17: error: invalid use of template-name ‘rclcpp::Publisher’ without an argument list
[21.946s]   614 |                 rclcpp::Publisher pub_behaviorID_;
[21.947s]       |                 ^~~~~~
[21.947s] /home/neha/ros2_ws/src/semnav_migration/src/navigation.cpp:615:17: error: invalid use of template-name ‘rclcpp::Publisher’ without an argument list
[21.947s]   615 |                 rclcpp::Publisher pub_behaviorMode_;
[21.947s]       |                 ^~~~~~
[21.947s] /home/neha/ros2_ws/src/semnav_migration/src/navigation.cpp:616:17: error: invalid use of template-name ‘rclcpp::Publisher’ without an argument list
[21.947s]   616 |                 rclcpp::Publisher pub_twist_;
[21.947s]       |                 ^~~~~~
[21.947s] /home/neha/ros2_ws/src/semnav_migration/src/navigation.cpp:618:17: error: invalid use of template-name ‘rclcpp::Publisher’ without an argument list
[21.948s]   618 |                 rclcpp::Publisher pub_semantic_map_;
[21.950s]       |                 ^~~~~~
[21.956s] /home/neha/ros2_ws/src/semnav_migration/src/navigation.cpp:662:22: error: ‘TransformListener’ in namespace ‘tf2’ does not name a type
[21.957s]   662 |                 tf2::TransformListener listener_;
[21.959s]       |                      ^~~~~~~~~~~~~~~~~
[21.959s] /home/neha/ros2_ws/src/semnav_migration/src/navigation.cpp: In constructor ‘NavigationNode::NavigationNode()’:
[21.959s] /home/neha/ros2_ws/src/semnav_migration/src/navigation.cpp:45:26: error: no matching function for call to ‘rclcpp::Node::Node()’
[21.960s]    45 |         NavigationNode() {
[21.960s]       |                          ^
[21.960s] In file included from /opt/ros/jazzy/include/rclcpp/rclcpp/executors/single_threaded_executor.hpp:28,
[21.960s]                  from /opt/ros/jazzy/include/rclcpp/rclcpp/executors.hpp:22,
[21.961s]                  from /opt/ros/jazzy/include/rclcpp/rclcpp/rclcpp.hpp:172,
[21.961s]                  from /home/neha/ros2_ws/src/semnav_migration/include/reactive_planner_lib.h:32,
[21.961s]                  from /home/neha/ros2_ws/src/semnav_migration/src/navigation.cpp:25:
[21.961s] /opt/ros/jazzy/include/rclcpp/rclcpp/node.hpp:1629:3: note: candidate: ‘rclcpp::Node::Node(const rclcpp::Node&, const std::string&)’
[21.961s]  1629 |   Node(
[21.961s]       |   ^~~~
[21.961s] /opt/ros/jazzy/include/rclcpp/rclcpp/node.hpp:1629:3: note:   candidate expects 2 arguments, 0 provided
[21.962s] /opt/ros/jazzy/include/rclcpp/rclcpp/node.hpp:103:12: note: candidate: ‘rclcpp::Node::Node(const std::string&, const std::string&, const rclcpp::NodeOptions&)’
[21.962s]   103 |   explicit Node(
[21.962s]       |            ^~~~
[21.964s] /opt/ros/jazzy/include/rclcpp/rclcpp/node.hpp:103:12: note:   candidate expects 3 arguments, 0 provided
[21.964s] /opt/ros/jazzy/include/rclcpp/rclcpp/node.hpp:91:12: note: candidate: ‘rclcpp::Node::Node(const std::string&, const rclcpp::NodeOptions&)’
[21.964s]    91 |   explicit Node(
[21.965s]       |            ^~~~
[21.965s] /opt/ros/jazzy/include/rclcpp/rclcpp/node.hpp:91:12: note:   candidate expects 2 arguments, 0 provided
[21.965s] /home/neha/ros2_ws/src/semnav_migration/src/navigation.cpp:45:26: error: no matching function for call to ‘rclcpp::Node::Node()’
[21.965s]    45 |         NavigationNode() {
[21.965s]       |                          ^
[21.965s] /opt/ros/jazzy/include/rclcpp/rclcpp/node.hpp:1629:3: note: candidate: ‘rclcpp::Node::Node(const rclcpp::Node&, const std::string&)’
[21.965s]  1629 |   Node(
[21.966s]       |   ^~~~
[21.966s] /opt/ros/jazzy/include/rclcpp/rclcpp/node.hpp:1629:3: note:   candidate expects 2 arguments, 0 provided
[21.966s] /opt/ros/jazzy/include/rclcpp/rclcpp/node.hpp:103:12: note: candidate: ‘rclcpp::Node::Node(const std::string&, const std::string&, const rclcpp::NodeOptions&)’
[21.966s]   103 |   explicit Node(
[21.968s]       |            ^~~~
[21.968s] /opt/ros/jazzy/include/rclcpp/rclcpp/node.hpp:103:12: note:   candidate expects 3 arguments, 0 provided
[21.968s] /opt/ros/jazzy/include/rclcpp/rclcpp/node.hpp:91:12: note: candidate: ‘rclcpp::Node::Node(const std::string&, const rclcpp::NodeOptions&)’
[21.969s]    91 |   explicit Node(
[21.969s]       |            ^~~~
[21.969s] /opt/ros/jazzy/include/rclcpp/rclcpp/node.hpp:91:12: note:   candidate expects 2 arguments, 0 provided
[21.981s] /home/neha/ros2_ws/src/semnav_migration/src/navigation.cpp:86:29: error: ‘class rclcpp::Node’ has no member named ‘getParam’
[21.981s]    86 |                         nh_.getParam("Tolerance", Tolerance_);
[21.981s]       |                             ^~~~~~~~
[22.043s] /home/neha/ros2_ws/src/semnav_migration/src/navigation_semantic.cpp: In constructor ‘SemanticNavigationNode::SemanticNavigationNode()’:
[22.044s] /home/neha/ros2_ws/src/semnav_migration/src/navigation_semantic.cpp:136:25: error: ‘pub_behaviorID_’ was not declared in this scope; did you mean ‘pub_behaviorID_topic_’?
[22.044s]   136 |                         pub_behaviorID_ = nh_.advertise<std_msgs::UInt32>(pub_behaviorID_topic_, 1, true);
[22.044s]       |                         ^~~~~~~~~~~~~~~
[22.044s]       |                         pub_behaviorID_topic_
[22.073s] /home/neha/ros2_ws/src/semnav_migration/src/navigation_semantic.cpp:136:43: error: ‘nh_’ was not declared in this scope
[22.073s]   136 |                         pub_behaviorID_ = nh_.advertise<std_msgs::UInt32>(pub_behaviorID_topic_, 1, true);
[22.073s]       |                                           ^~~
[22.073s] /home/neha/ros2_ws/src/semnav_migration/src/navigation.cpp:104:25: error: ‘target_object_’ was not declared in this scope
[22.074s]   104 |                         target_object_ = this->get_parameter("target_object").as_string();
[22.074s]       |                         ^~~~~~~~~~~~~~
[22.078s] /home/neha/ros2_ws/src/semnav_migration/src/navigation_semantic.cpp:136:67: error: ‘UInt32’ is not a member of ‘std_msgs’
[22.078s]   136 |                         pub_behaviorID_ = nh_.advertise<std_msgs::UInt32>(pub_behaviorID_topic_, 1, true);
[22.078s]       |                                                                   ^~~~~~
[22.173s] /home/neha/ros2_ws/src/semnav_migration/src/navigation_semantic.cpp:137:25: error: ‘pub_behaviorMode_’ was not declared in this scope; did you mean ‘pub_behaviorMode_topic_’?
[22.173s]   137 |                         pub_behaviorMode_ = nh_.advertise<std_msgs::UInt32>(pub_behaviorMode_topic_, 1, true);
[22.174s]       |                         ^~~~~~~~~~~~~~~~~
[22.174s]       |                         pub_behaviorMode_topic_
[22.178s] /home/neha/ros2_ws/src/semnav_migration/src/navigation_semantic.cpp:137:69: error: ‘UInt32’ is not a member of ‘std_msgs’
[22.178s]   137 |                         pub_behaviorMode_ = nh_.advertise<std_msgs::UInt32>(pub_behaviorMode_topic_, 1, true);
[22.178s]       |                                                                     ^~~~~~
[22.221s] /home/neha/ros2_ws/src/semnav_migration/src/navigation.cpp:105:25: error: ‘target_object_length_’ was not declared in this scope
[22.221s]   105 |                         target_object_length_ = this->get_parameter("target_object_length").as_double();
[22.221s]       |                         ^~~~~~~~~~~~~~~~~~~~~
[22.233s] /home/neha/ros2_ws/src/semnav_migration/src/navigation_semantic.cpp:138:25: error: ‘pub_twist_’ was not declared in this scope; did you mean ‘publish_twist’?
[22.233s]   138 |                         pub_twist_ = nh_.advertise<geometry_msgs::msg::Twist>(pub_twist_topic_, 1, true);
[22.233s]       |                         ^~~~~~~~~~
[22.233s]       |                         publish_twist
[22.236s] /home/neha/ros2_ws/src/semnav_migration/src/navigation_semantic.cpp:138:77: error: expected primary-expression before ‘>’ token
[22.237s]   138 |                         pub_twist_ = nh_.advertise<geometry_msgs::msg::Twist>(pub_twist_topic_, 1, true);
[22.237s]       |                                                                             ^
[22.237s] /home/neha/ros2_ws/src/semnav_migration/src/navigation_semantic.cpp:141:42: error: ‘message_filters::msg’ has not been declared
[22.237s]   141 |                         message_filters::msg::Subscriber<sensor_msgs::LaserScan> sub_laser(nh_, sub_laser_topic_, 1);
[22.237s]       |                                          ^~~
[22.239s] /home/neha/ros2_ws/src/semnav_migration/src/navigation_semantic.cpp:141:71: error: ‘LaserScan’ is not a member of ‘sensor_msgs’; did you mean ‘sensor_msgs::msg::LaserScan’?
[22.239s]   141 |                         message_filters::msg::Subscriber<sensor_msgs::LaserScan> sub_laser(nh_, sub_laser_topic_, 1);
[22.239s]       |                                                                       ^~~~~~~~~
[22.241s] In file included from /opt/ros/jazzy/include/sensor_msgs/sensor_msgs/msg/laser_scan.hpp:7,
[22.241s]                  from /home/neha/ros2_ws/src/semnav_migration/include/reactive_planner_lib.h:46,
[22.241s]                  from /home/neha/ros2_ws/src/semnav_migration/src/navigation_semantic.cpp:25:
[22.241s] /opt/ros/jazzy/include/sensor_msgs/sensor_msgs/msg/detail/laser_scan__struct.hpp:250:7: note: ‘sensor_msgs::msg::LaserScan’ declared here
[22.241s]   250 | using LaserScan =
[22.242s]       |       ^~~~~~~~~
[22.294s] /home/neha/ros2_ws/src/semnav_migration/src/navigation_semantic.cpp:141:82: error: ‘sub_laser’ was not declared in this scope
[22.294s]   141 |                         message_filters::msg::Subscriber<sensor_msgs::LaserScan> sub_laser(nh_, sub_laser_topic_, 1);
[22.295s]       |                                                                                  ^~~~~~~~~
[22.363s] /home/neha/ros2_ws/src/semnav_migration/src/navigation_semantic.cpp:143:94: error: ‘LaserScan’ is not a member of ‘sensor_msgs’; did you mean ‘sensor_msgs::msg::LaserScan’?
[22.364s]   143 |                         typedef message_filters::sync_policies::ApproximateTime<sensor_msgs::LaserScan,nav_msgs::msg::Odometry> SyncPolicy;
[22.364s]       |                                                                                              ^~~~~~~~~
[22.364s] /opt/ros/jazzy/include/sensor_msgs/sensor_msgs/msg/detail/laser_scan__struct.hpp:250:7: note: ‘sensor_msgs::msg::LaserScan’ declared here
[22.364s]   250 | using LaserScan =
[22.364s]       |       ^~~~~~~~~
[22.364s] /home/neha/ros2_ws/src/semnav_migration/src/navigation_semantic.cpp:143:127: error: template argument 1 is invalid
[22.364s]   143 |                         typedef message_filters::sync_policies::ApproximateTime<sensor_msgs::LaserScan,nav_msgs::msg::Odometry> SyncPolicy;
[22.365s]       |                                                                                                                               ^
[22.368s] /home/neha/ros2_ws/src/semnav_migration/src/navigation.cpp:106:25: error: ‘target_object_width_’ was not declared in this scope
[22.370s]   106 |                         target_object_width_ = this->get_parameter("target_object_width").as_double();
[22.370s]       |                         ^~~~~~~~~~~~~~~~~~~~
[22.370s] In file included from /home/neha/ros2_ws/src/semnav_migration/include/reactive_planner_lib.h:44:
[22.371s] /opt/ros/jazzy/include/message_filters/message_filters/synchronizer.h: In instantiation of ‘class message_filters::Synchronizer<int>’:
[22.371s] /home/neha/ros2_ws/src/semnav_migration/src/navigation_semantic.cpp:146:64:   required from here
[22.371s] /opt/ros/jazzy/include/message_filters/message_filters/synchronizer.h:53:7: error: base type ‘int’ fails to be a struct or class type
[22.371s]    53 | class Synchronizer : public noncopyable, public Policy
[22.371s]       |       ^~~~~~~~~~~~
[22.371s] /opt/ros/jazzy/include/message_filters/message_filters/synchronizer.h:56:37: error: ‘int’ is not a class, struct, or union type
[22.371s]    56 |   typedef typename Policy::Messages Messages;
[22.372s]       |                                     ^~~~~~~~
[22.372s] /opt/ros/jazzy/include/message_filters/message_filters/synchronizer.h:57:35: error: ‘int’ is not a class, struct, or union type
[22.372s]    57 |   typedef typename Policy::Events Events;
[22.374s]       |                                   ^~~~~~
[22.374s] /opt/ros/jazzy/include/message_filters/message_filters/synchronizer.h:58:35: error: ‘int’ is not a class, struct, or union type
[22.374s]    58 |   typedef typename Policy::Signal Signal;
[22.374s]       |                                   ^~~~~~
[22.375s] /opt/ros/jazzy/include/message_filters/message_filters/synchronizer.h:60:58: error: ‘int’ is not a class, struct, or union type
[22.375s]    60 |   typedef typename std::tuple_element<0, Messages>::type M0;
[22.375s]       |                                                          ^~
[22.375s] /opt/ros/jazzy/include/message_filters/message_filters/synchronizer.h:61:58: error: ‘int’ is not a class, struct, or union type
[22.375s]    61 |   typedef typename std::tuple_element<1, Messages>::type M1;
[22.375s]       |                                                          ^~
[22.375s] /opt/ros/jazzy/include/message_filters/message_filters/synchronizer.h:62:58: error: ‘int’ is not a class, struct, or union type
[22.375s]    62 |   typedef typename std::tuple_element<2, Messages>::type M2;
[22.376s]       |                                                          ^~
[22.376s] /opt/ros/jazzy/include/message_filters/message_filters/synchronizer.h:63:58: error: ‘int’ is not a class, struct, or union type
[22.376s]    63 |   typedef typename std::tuple_element<3, Messages>::type M3;
[22.378s]       |                                                          ^~
[22.378s] /opt/ros/jazzy/include/message_filters/message_filters/synchronizer.h:64:58: error: ‘int’ is not a class, struct, or union type
[22.378s]    64 |   typedef typename std::tuple_element<4, Messages>::type M4;
[22.379s]       |                                                          ^~
[22.379s] /opt/ros/jazzy/include/message_filters/message_filters/synchronizer.h:65:58: error: ‘int’ is not a class, struct, or union type
[22.379s]    65 |   typedef typename std::tuple_element<5, Messages>::type M5;
[22.379s]       |                                                          ^~
[22.379s] /opt/ros/jazzy/include/message_filters/message_filters/synchronizer.h:66:58: error: ‘int’ is not a class, struct, or union type
[22.379s]    66 |   typedef typename std::tuple_element<6, Messages>::type M6;
[22.379s]       |                                                          ^~
[22.380s] /opt/ros/jazzy/include/message_filters/message_filters/synchronizer.h:67:58: error: ‘int’ is not a class, struct, or union type
[22.380s]    67 |   typedef typename std::tuple_element<7, Messages>::type M7;
[22.380s]       |                                                          ^~
[22.380s] /opt/ros/jazzy/include/message_filters/message_filters/synchronizer.h:68:58: error: ‘int’ is not a class, struct, or union type
[22.383s]    68 |   typedef typename std::tuple_element<8, Messages>::type M8;
[22.383s]       |                                                          ^~
[22.383s] /opt/ros/jazzy/include/message_filters/message_filters/synchronizer.h:71:56: error: ‘int’ is not a class, struct, or union type
[22.383s]    71 |   typedef typename std::tuple_element<0, Events>::type M0Event;
[22.383s]       |                                                        ^~~~~~~
[22.383s] /opt/ros/jazzy/include/message_filters/message_filters/synchronizer.h:72:56: error: ‘int’ is not a class, struct, or union type
[22.383s]    72 |   typedef typename std::tuple_element<1, Events>::type M1Event;
[22.384s]       |                                                        ^~~~~~~
[22.384s] /opt/ros/jazzy/include/message_filters/message_filters/synchronizer.h:73:56: error: ‘int’ is not a class, struct, or union type
[22.384s]    73 |   typedef typename std::tuple_element<2, Events>::type M2Event;
[22.384s]       |                                                        ^~~~~~~
[22.386s] /opt/ros/jazzy/include/message_filters/message_filters/synchronizer.h:74:56: error: ‘int’ is not a class, struct, or union type
[22.386s]    74 |   typedef typename std::tuple_element<3, Events>::type M3Event;
[22.386s]       |                                                        ^~~~~~~
[22.387s] /opt/ros/jazzy/include/message_filters/message_filters/synchronizer.h:75:56: error: ‘int’ is not a class, struct, or union type
[22.387s]    75 |   typedef typename std::tuple_element<4, Events>::type M4Event;
[22.387s]       |                                                        ^~~~~~~
[22.387s] /opt/ros/jazzy/include/message_filters/message_filters/synchronizer.h:76:56: error: ‘int’ is not a class, struct, or union type
[22.387s]    76 |   typedef typename std::tuple_element<5, Events>::type M5Event;
[22.387s]       |                                                        ^~~~~~~
[22.387s] /opt/ros/jazzy/include/message_filters/message_filters/synchronizer.h:77:56: error: ‘int’ is not a class, struct, or union type
[22.387s]    77 |   typedef typename std::tuple_element<6, Events>::type M6Event;
[22.388s]       |                                                        ^~~~~~~
[22.388s] /opt/ros/jazzy/include/message_filters/message_filters/synchronizer.h:78:56: error: ‘int’ is not a class, struct, or union type
[22.388s]    78 |   typedef typename std::tuple_element<7, Events>::type M7Event;
[22.389s]       |                                                        ^~~~~~~
[22.389s] /opt/ros/jazzy/include/message_filters/message_filters/synchronizer.h:79:56: error: ‘int’ is not a class, struct, or union type
[22.389s]    79 |   typedef typename std::tuple_element<8, Events>::type M8Event;
[22.389s]       |                                                        ^~~~~~~
[22.389s] /home/neha/ros2_ws/src/semnav_migration/src/navigation.cpp:137:47: error: ‘class rclcpp::Node’ has no member named ‘advertise’
[22.389s]   137 |                         pub_behaviorID_ = nh_.advertise<std_msgs::UInt32>(pub_behaviorID_topic_, 1, true);
[22.389s]       |                                               ^~~~~~~~~
[22.390s] /opt/ros/jazzy/include/message_filters/message_filters/synchronizer.h:325:17: error: ‘int’ is not a class, namespace, or enumeration
[22.390s]   325 |   using Policy::add;
[22.390s]       |                 ^~~
[22.390s] /opt/ros/jazzy/include/message_filters/message_filters/synchronizer.h:328:8: error: ‘int’ is not a class, struct, or union type
[22.392s]   328 |   void add(const std::shared_ptr<typename std::tuple_element<i, Messages>::type const>& msg)
[22.393s]       |        ^~~
[22.393s] /opt/ros/jazzy/include/message_filters/message_filters/synchronizer.h:344:8: error: ‘int’ is not a class, struct, or union type
[22.393s]   344 |   void cb(const typename std::tuple_element<i, Events>::type& evt)
[22.393s]       |        ^~
[22.393s] /home/neha/ros2_ws/src/semnav_migration/src/navigation_semantic.cpp:147:55: error: ‘bind’ is not a member of ‘boost’; did you mean ‘find’?
[22.393s]   147 |                         sync->registerCallback(boost::bind(&SemanticNavigationNode::control_callback, this, _1, _2));
[22.394s]       |                                                       ^~~~
[22.394s]       |                                                       find
[22.394s] /home/neha/ros2_ws/src/semnav_migration/src/navigation.cpp:137:67: error: ‘UInt32’ is not a member of ‘std_msgs’
[22.394s]   137 |                         pub_behaviorID_ = nh_.advertise<std_msgs::UInt32>(pub_behaviorID_topic_, 1, true);
[22.396s]       |                                                                   ^~~~~~
[22.396s] /home/neha/ros2_ws/src/semnav_migration/src/navigation.cpp:138:49: error: ‘class rclcpp::Node’ has no member named ‘advertise’
[22.397s]   138 |                         pub_behaviorMode_ = nh_.advertise<std_msgs::UInt32>(pub_behaviorMode_topic_, 1, true);
[22.397s]       |                                                 ^~~~~~~~~
[22.397s] /home/neha/ros2_ws/src/semnav_migration/src/navigation.cpp:138:69: error: ‘UInt32’ is not a member of ‘std_msgs’
[22.397s]   138 |                         pub_behaviorMode_ = nh_.advertise<std_msgs::UInt32>(pub_behaviorMode_topic_, 1, true);
[22.397s]       |                                                                     ^~~~~~
[22.397s] /home/neha/ros2_ws/src/semnav_migration/src/navigation.cpp:139:42: error: ‘class rclcpp::Node’ has no member named ‘advertise’
[22.397s]   139 |                         pub_twist_ = nh_.advertise<geometry_msgs::msg::Twist>(pub_twist_topic_, 1, true);
[22.397s]       |                                          ^~~~~~~~~
[22.398s] /home/neha/ros2_ws/src/semnav_migration/src/navigation.cpp:139:77: error: expected primary-expression before ‘>’ token
[22.398s]   139 |                         pub_twist_ = nh_.advertise<geometry_msgs::msg::Twist>(pub_twist_topic_, 1, true);
[22.398s]       |                                                                             ^
[22.400s] /home/neha/ros2_ws/src/semnav_migration/src/navigation_semantic.cpp:147:109: error: ‘_1’ was not declared in this scope
[22.400s]   147 |                         sync->registerCallback(boost::bind(&SemanticNavigationNode::control_callback, this, _1, _2));
[22.401s]       |                                                                                                             ^~
[22.401s] /home/neha/ros2_ws/src/semnav_migration/src/navigation_semantic.cpp:147:109: note: suggested alternatives:
[22.401s] In file included from /usr/include/boost/mpl/aux_/include_preprocessed.hpp:37,
[22.401s]                  from /usr/include/boost/mpl/placeholders.hpp:43,
[22.401s]                  from /usr/include/boost/iterator/iterator_categories.hpp:16,
[22.401s]                  from /usr/include/boost/iterator/iterator_facade.hpp:13,
[22.401s]                  from /usr/include/boost/range/iterator_range_core.hpp:27,
[22.401s]                  from /usr/include/boost/lexical_cast.hpp:48,
[22.402s]                  from /usr/include/boost/multiprecision/detail/number_base.hpp:29,
[22.402s]                  from /usr/include/boost/multiprecision/traits/is_variable_precision.hpp:9,
[22.402s]                  from /usr/include/boost/multiprecision/detail/precision.hpp:9,
[22.404s]                  from /usr/include/boost/multiprecision/number.hpp:11,
[22.404s]                  from /usr/include/boost/multiprecision/cpp_int.hpp:19,
[22.404s]                  from /usr/include/boost/multiprecision/cpp_bin_float.hpp:15,
[22.405s]                  from /usr/include/boost/geometry/core/coordinate_promotion.hpp:16,
[22.405s]                  from /usr/include/boost/geometry/core/radian_access.hpp:30,
[22.405s]                  from /usr/include/boost/geometry/geometry.hpp:50,
[22.405s]                  from /usr/include/boost/geometry.hpp:17,
[22.405s]                  from /home/neha/ros2_ws/src/semnav_migration/include/reactive_planner_lib.h:26:
[22.405s] /usr/include/boost/mpl/aux_/preprocessed/gcc/placeholders.hpp:29:16: note:   ‘mpl_::_1’
[22.405s]    29 | typedef arg<1> _1;
[22.406s]       |                ^~
[22.406s] In file included from /usr/include/boost/numeric/conversion/converter_policies.hpp:13,
[22.406s]                  from /usr/include/boost/numeric/conversion/converter.hpp:14,
[22.408s]                  from /usr/include/boost/numeric/conversion/cast.hpp:33,
[22.408s]                  from /usr/include/boost/geometry/core/radian_access.hpp:26:
[22.409s] /usr/include/c++/13/functional:294:48: note:   ‘std::placeholders::_1’
[22.409s]   294 |     _GLIBCXX_PLACEHOLDER const _Placeholder<1> _1;
[22.409s]       |                                                ^~
[22.409s] /usr/include/boost/mpl/aux_/preprocessed/gcc/placeholders.hpp:29:16: note:   ‘mpl_::_1’
[22.409s]    29 | typedef arg<1> _1;
[22.409s]       |                ^~
[22.409s] In file included from /usr/include/boost/describe/members.hpp:20,
[22.410s]                  from /usr/include/boost/container_hash/is_described_class.hpp:11,
[22.410s]                  from /usr/include/boost/container_hash/hash.hpp:18,
[22.410s]                  from /usr/include/boost/functional/hash.hpp:6,
[22.410s]                  from /usr/include/CGAL/Kernel/hash_functions.h:16,
[22.412s]                  from /usr/include/CGAL/Kernel/global_functions.h:25,
[22.412s]                  from /usr/include/CGAL/Cartesian/Cartesian_base.h:22,
[22.412s]                  from /usr/include/CGAL/Simple_cartesian.h:20,
[22.413s]                  from /usr/include/CGAL/Exact_predicates_inexact_constructions_kernel.h:20,
[22.413s]                  from /home/neha/ros2_ws/src/semnav_migration/include/polygeom_lib.h:32,
[22.413s]                  from /home/neha/ros2_ws/src/semnav_migration/include/reactive_planner_lib.h:52:
[22.413s] /usr/include/boost/mp11/bind.hpp:45:7: note:   ‘boost::mp11::_1’
[22.413s]    45 | using _1 = mp_arg<0>;
[22.413s]       |       ^~
[22.413s] /usr/include/boost/mpl/aux_/preprocessed/gcc/placeholders.hpp:29:16: note:   ‘mpl_::_1’
[22.414s]    29 | typedef arg<1> _1;
[22.414s]       |                ^~
[22.414s] /home/neha/ros2_ws/src/semnav_migration/src/navigation_semantic.cpp:147:113: error: ‘_2’ was not declared in this scope
[22.416s]   147 |                         sync->registerCallback(boost::bind(&SemanticNavigationNode::control_callback, this, _1, _2));
[22.416s]       |                                                                                                                 ^~
[22.416s] /home/neha/ros2_ws/src/semnav_migration/src/navigation_semantic.cpp:147:113: note: suggested alternatives:
[22.417s] /usr/include/boost/mpl/aux_/preprocessed/gcc/placeholders.hpp:42:16: note:   ‘mpl_::_2’
[22.417s]    42 | typedef arg<2> _2;
[22.417s]       |                ^~
[22.417s] /usr/include/c++/13/functional:295:48: note:   ‘std::placeholders::_2’
[22.417s]   295 |     _GLIBCXX_PLACEHOLDER const _Placeholder<2> _2;
[22.417s]       |                                                ^~
[22.417s] /usr/include/boost/mpl/aux_/preprocessed/gcc/placeholders.hpp:42:16: note:   ‘mpl_::_2’
[22.417s]    42 | typedef arg<2> _2;
[22.418s]       |                ^~
[22.418s] /usr/include/boost/mp11/bind.hpp:46:7: note:   ‘boost::mp11::_2’
[22.418s]    46 | using _2 = mp_arg<1>;
[22.420s]       |       ^~
[22.420s] /usr/include/boost/mpl/aux_/preprocessed/gcc/placeholders.hpp:42:16: note:   ‘mpl_::_2’
[22.420s]    42 | typedef arg<2> _2;
[22.421s]       |                ^~
[22.421s] /home/neha/ros2_ws/src/semnav_migration/src/navigation_semantic.cpp:149:25: error: ‘ros’ has not been declared
[22.421s]   149 |                         ros::Subscriber sub_semantic = nh_.subscribe(sub_semantic_topic_, 1, &SemanticNavigationNode::diffeo_tree_update, this);
[22.421s]       |                         ^~~
[22.421s] /home/neha/ros2_ws/src/semnav_migration/src/navigation_semantic.cpp:153:25: error: ‘ros’ has not been declared
[22.421s]   153 |                         ros::Duration(5.0).sleep();
[22.421s]       |                         ^~~
[22.421s] /home/neha/ros2_ws/src/semnav_migration/src/navigation_semantic.cpp:160:25: error: ‘ros’ has not been declared
[22.422s]   160 |                         ros::spin();
[22.422s]       |                         ^~~
[22.444s] /home/neha/ros2_ws/src/semnav_migration/src/navigation.cpp:142:116: error: no matching function for call to ‘message_filters::Subscriber<sensor_msgs::msg::LaserScan_<std::allocator<void> > >::Subscriber(rclcpp::Node&, std::string&, int)’
[22.444s]   142 |                         message_filters::Subscriber<sensor_msgs::msg::LaserScan> sub_laser(nh_, sub_laser_topic_, 1);
[22.444s]       |                                                                                                                    ^
[22.445s] In file included from /home/neha/ros2_ws/src/semnav_migration/include/reactive_planner_lib.h:43:
[22.445s] /opt/ros/jazzy/include/message_filters/message_filters/subscriber.h:224:3: note: candidate: ‘message_filters::Subscriber<M, NodeType>::Subscriber() [with M = sensor_msgs::msg::LaserScan_<std::allocator<void> >; NodeType = rclcpp::Node]’
[22.445s]   224 |   Subscriber() = default;
[22.445s]       |   ^~~~~~~~~~
[22.445s] /opt/ros/jazzy/include/message_filters/message_filters/subscriber.h:224:3: note:   candidate expects 0 arguments, 3 provided
[22.445s] /opt/ros/jazzy/include/message_filters/message_filters/subscriber.h:212:3: note: candidate: ‘message_filters::Subscriber<M, NodeType>::Subscriber(NodeType*, const std::string&, rmw_qos_profile_t, rclcpp::SubscriptionOptions) [with M = sensor_msgs::msg::LaserScan_<std::allocator<void> >; NodeType = rclcpp::Node; std::string = std::__cxx11::basic_string<char>; rmw_qos_profile_t = rmw_qos_profile_s; rclcpp::SubscriptionOptions = rclcpp::SubscriptionOptionsWithAllocator<std::allocator<void> >]’
[22.445s]   212 |   Subscriber(
[22.445s]       |   ^~~~~~~~~~
[22.446s] /opt/ros/jazzy/include/message_filters/message_filters/subscriber.h:212:3: note:   candidate expects 4 arguments, 3 provided
[22.446s] /opt/ros/jazzy/include/message_filters/message_filters/subscriber.h:203:3: note: candidate: ‘message_filters::Subscriber<M, NodeType>::Subscriber(NodePtr, const std::string&, rmw_qos_profile_t, rclcpp::SubscriptionOptions) [with M = sensor_msgs::msg::LaserScan_<std::allocator<void> >; NodeType = rclcpp::Node; NodePtr = std::shared_ptr<rclcpp::Node>; std::string = std::__cxx11::basic_string<char>; rmw_qos_profile_t = rmw_qos_profile_s; rclcpp::SubscriptionOptions = rclcpp::SubscriptionOptionsWithAllocator<std::allocator<void> >]’
[22.446s]   203 |   Subscriber(
[22.449s]       |   ^~~~~~~~~~
[22.449s] /opt/ros/jazzy/include/message_filters/message_filters/subscriber.h:203:3: note:   candidate expects 4 arguments, 3 provided
[22.449s] /opt/ros/jazzy/include/message_filters/message_filters/subscriber.h:188:3: note: candidate: ‘message_filters::Subscriber<M, NodeType>::Subscriber(NodeType*, const std::string&, rmw_qos_profile_t) [with M = sensor_msgs::msg::LaserScan_<std::allocator<void> >; NodeType = rclcpp::Node; std::string = std::__cxx11::basic_string<char>; rmw_qos_profile_t = rmw_qos_profile_s]’
[22.450s]   188 |   Subscriber(NodeType * node, const std::string& topic, const rmw_qos_profile_t qos = rmw_qos_profile_default)
[22.450s]       |   ^~~~~~~~~~
[22.450s] /opt/ros/jazzy/include/message_filters/message_filters/subscriber.h:188:25: note:   no known conversion for argument 1 from ‘rclcpp::Node’ to ‘rclcpp::Node*’
[22.450s]   188 |   Subscriber(NodeType * node, const std::string& topic, const rmw_qos_profile_t qos = rmw_qos_profile_default)
[22.450s]       |              ~~~~~~~~~~~^~~~
[22.450s] /opt/ros/jazzy/include/message_filters/message_filters/subscriber.h:183:3: note: candidate: ‘message_filters::Subscriber<M, NodeType>::Subscriber(NodePtr, const std::string&, rmw_qos_profile_t) [with M = sensor_msgs::msg::LaserScan_<std::allocator<void> >; NodeType = rclcpp::Node; NodePtr = std::shared_ptr<rclcpp::Node>; std::string = std::__cxx11::basic_string<char>; rmw_qos_profile_t = rmw_qos_profile_s]’
[22.450s]   183 |   Subscriber(NodePtr node, const std::string& topic, const rmw_qos_profile_t qos = rmw_qos_profile_default)
[22.451s]       |   ^~~~~~~~~~
[22.451s] /opt/ros/jazzy/include/message_filters/message_filters/subscriber.h:183:22: note:   no known conversion for argument 1 from ‘rclcpp::Node’ to ‘message_filters::Subscriber<sensor_msgs::msg::LaserScan_<std::allocator<void> > >::NodePtr’ {aka ‘std::shared_ptr<rclcpp::Node>’}
[22.451s]   183 |   Subscriber(NodePtr node, const std::string& topic, const rmw_qos_profile_t qos = rmw_qos_profile_default)
[22.451s]       |              ~~~~~~~~^~~~
[22.472s] /home/neha/ros2_ws/src/semnav_migration/src/navigation_semantic.cpp: In member function ‘void SemanticNavigationNode::publish_twist(double, double)’:
[22.472s] /home/neha/ros2_ws/src/semnav_migration/src/navigation_semantic.cpp:167:25: error: ‘pub_twist_’ was not declared in this scope; did you mean ‘publish_twist’?
[22.473s]   167 |                         pub_twist_.publish(commandTwist);
[22.473s]       |                         ^~~~~~~~~~
[22.473s]       |                         publish_twist
[22.477s] /home/neha/ros2_ws/src/semnav_migration/src/navigation_semantic.cpp: In member function ‘void SemanticNavigationNode::publish_behavior_id(uint16_t)’:
[22.478s] /home/neha/ros2_ws/src/semnav_migration/src/navigation_semantic.cpp:172:32: error: ‘UInt32’ is not a member of ‘std_msgs::msg’
[22.478s]   172 |                 std_msgs::msg::UInt32 commandId;
[22.478s]       |                                ^~~~~~
[22.507s] /home/neha/ros2_ws/src/semnav_migration/src/navigation.cpp:143:112: error: no matching function for call to ‘message_filters::Subscriber<nav_msgs::msg::Odometry_<std::allocator<void> > >::Subscriber(rclcpp::Node&, std::string&, int)’
[22.507s]   143 |                         message_filters::Subscriber<nav_msgs::msg::Odometry> sub_robot(nh_, sub_robot_topic_, 1);
[22.507s]       |                                                                                                                ^
[22.507s] /opt/ros/jazzy/include/message_filters/message_filters/subscriber.h:224:3: note: candidate: ‘message_filters::Subscriber<M, NodeType>::Subscriber() [with M = nav_msgs::msg::Odometry_<std::allocator<void> >; NodeType = rclcpp::Node]’
[22.507s]   224 |   Subscriber() = default;
[22.507s]       |   ^~~~~~~~~~
[22.508s] /opt/ros/jazzy/include/message_filters/message_filters/subscriber.h:224:3: note:   candidate expects 0 arguments, 3 provided
[22.508s] /opt/ros/jazzy/include/message_filters/message_filters/subscriber.h:212:3: note: candidate: ‘message_filters::Subscriber<M, NodeType>::Subscriber(NodeType*, const std::string&, rmw_qos_profile_t, rclcpp::SubscriptionOptions) [with M = nav_msgs::msg::Odometry_<std::allocator<void> >; NodeType = rclcpp::Node; std::string = std::__cxx11::basic_string<char>; rmw_qos_profile_t = rmw_qos_profile_s; rclcpp::SubscriptionOptions = rclcpp::SubscriptionOptionsWithAllocator<std::allocator<void> >]’
[22.508s]   212 |   Subscriber(
[22.508s]       |   ^~~~~~~~~~
[22.508s] /opt/ros/jazzy/include/message_filters/message_filters/subscriber.h:212:3: note:   candidate expects 4 arguments, 3 provided
[22.508s] /opt/ros/jazzy/include/message_filters/message_filters/subscriber.h:203:3: note: candidate: ‘message_filters::Subscriber<M, NodeType>::Subscriber(NodePtr, const std::string&, rmw_qos_profile_t, rclcpp::SubscriptionOptions) [with M = nav_msgs::msg::Odometry_<std::allocator<void> >; NodeType = rclcpp::Node; NodePtr = std::shared_ptr<rclcpp::Node>; std::string = std::__cxx11::basic_string<char>; rmw_qos_profile_t = rmw_qos_profile_s; rclcpp::SubscriptionOptions = rclcpp::SubscriptionOptionsWithAllocator<std::allocator<void> >]’
[22.508s]   203 |   Subscriber(
[22.509s]       |   ^~~~~~~~~~
[22.509s] /opt/ros/jazzy/include/message_filters/message_filters/subscriber.h:203:3: note:   candidate expects 4 arguments, 3 provided
[22.509s] /opt/ros/jazzy/include/message_filters/message_filters/subscriber.h:188:3: note: candidate: ‘message_filters::Subscriber<M, NodeType>::Subscriber(NodeType*, const std::string&, rmw_qos_profile_t) [with M = nav_msgs::msg::Odometry_<std::allocator<void> >; NodeType = rclcpp::Node; std::string = std::__cxx11::basic_string<char>; rmw_qos_profile_t = rmw_qos_profile_s]’
[22.509s]   188 |   Subscriber(NodeType * node, const std::string& topic, const rmw_qos_profile_t qos = rmw_qos_profile_default)
[22.509s]       |   ^~~~~~~~~~
[22.509s] /opt/ros/jazzy/include/message_filters/message_filters/subscriber.h:188:25: note:   no known conversion for argument 1 from ‘rclcpp::Node’ to ‘rclcpp::Node*’
[22.509s]   188 |   Subscriber(NodeType * node, const std::string& topic, const rmw_qos_profile_t qos = rmw_qos_profile_default)
[22.510s]       |              ~~~~~~~~~~~^~~~
[22.510s] /opt/ros/jazzy/include/message_filters/message_filters/subscriber.h:183:3: note: candidate: ‘message_filters::Subscriber<M, NodeType>::Subscriber(NodePtr, const std::string&, rmw_qos_profile_t) [with M = nav_msgs::msg::Odometry_<std::allocator<void> >; NodeType = rclcpp::Node; NodePtr = std::shared_ptr<rclcpp::Node>; std::string = std::__cxx11::basic_string<char>; rmw_qos_profile_t = rmw_qos_profile_s]’
[22.510s]   183 |   Subscriber(NodePtr node, const std::string& topic, const rmw_qos_profile_t qos = rmw_qos_profile_default)
[22.510s]       |   ^~~~~~~~~~
[22.513s] /opt/ros/jazzy/include/message_filters/message_filters/subscriber.h:183:22: note:   no known conversion for argument 1 from ‘rclcpp::Node’ to ‘message_filters::Subscriber<nav_msgs::msg::Odometry_<std::allocator<void> > >::NodePtr’ {aka ‘std::shared_ptr<rclcpp::Node>’}
[22.513s]   183 |   Subscriber(NodePtr node, const std::string& topic, const rmw_qos_profile_t qos = rmw_qos_profile_default)
[22.513s]       |              ~~~~~~~~^~~~
[22.532s] /home/neha/ros2_ws/src/semnav_migration/src/navigation_semantic.cpp:173:25: error: ‘commandId’ was not declared in this scope
[22.533s]   173 |                         commandId.data = BehaviorIdCmd;
[22.533s]       |                         ^~~~~~~~~
[22.621s] /home/neha/ros2_ws/src/semnav_migration/src/navigation_semantic.cpp:174:25: error: ‘pub_behaviorID_’ was not declared in this scope; did you mean ‘pub_behaviorID_topic_’?
[22.621s]   174 |                         pub_behaviorID_.publish(commandId);
[22.621s]       |                         ^~~~~~~~~~~~~~~
[22.621s]       |                         pub_behaviorID_topic_
[22.626s] /home/neha/ros2_ws/src/semnav_migration/src/navigation_semantic.cpp: In member function ‘void SemanticNavigationNode::publish_behavior_mode(uint16_t)’:
[22.626s] /home/neha/ros2_ws/src/semnav_migration/src/navigation_semantic.cpp:179:28: error: ‘UInt32’ is not a member of ‘std_msgs::msg’
[22.626s]   179 |             std_msgs::msg::UInt32 commandMode;
[22.626s]       |                            ^~~~~~
[22.639s] /home/neha/ros2_ws/src/semnav_migration/src/navigation.cpp:148:55: error: ‘bind’ is not a member of ‘boost’; did you mean ‘find’?
[22.639s]   148 |                         sync->registerCallback(boost::bind(&NavigationNode::control_callback, this, _1, _2));
[22.640s]       |                                                       ^~~~
[22.640s]       |                                                       find
[22.643s] /home/neha/ros2_ws/src/semnav_migration/src/navigation.cpp:148:101: error: ‘_1’ was not declared in this scope
[22.643s]   148 |                         sync->registerCallback(boost::bind(&NavigationNode::control_callback, this, _1, _2));
[22.643s]       |                                                                                                     ^~
[22.643s] /home/neha/ros2_ws/src/semnav_migration/src/navigation.cpp:148:101: note: suggested alternatives:
[22.643s] In file included from /usr/include/boost/mpl/aux_/include_preprocessed.hpp:37,
[22.643s]                  from /usr/include/boost/mpl/placeholders.hpp:43,
[22.643s]                  from /usr/include/boost/iterator/iterator_categories.hpp:16,
[22.644s]                  from /usr/include/boost/iterator/iterator_facade.hpp:13,
[22.644s]                  from /usr/include/boost/range/iterator_range_core.hpp:27,
[22.644s]                  from /usr/include/boost/lexical_cast.hpp:48,
[22.644s]                  from /usr/include/boost/multiprecision/detail/number_base.hpp:29,
[22.646s]                  from /usr/include/boost/multiprecision/traits/is_variable_precision.hpp:9,
[22.646s]                  from /usr/include/boost/multiprecision/detail/precision.hpp:9,
[22.646s]                  from /usr/include/boost/multiprecision/number.hpp:11,
[22.647s]                  from /usr/include/boost/multiprecision/cpp_int.hpp:19,
[22.647s]                  from /usr/include/boost/multiprecision/cpp_bin_float.hpp:15,
[22.647s]                  from /usr/include/boost/geometry/core/coordinate_promotion.hpp:16,
[22.647s]                  from /usr/include/boost/geometry/core/radian_access.hpp:30,
[22.647s]                  from /usr/include/boost/geometry/geometry.hpp:50,
[22.647s]                  from /usr/include/boost/geometry.hpp:17,
[22.647s]                  from /home/neha/ros2_ws/src/semnav_migration/include/reactive_planner_lib.h:26:
[22.648s] /usr/include/boost/mpl/aux_/preprocessed/gcc/placeholders.hpp:29:16: note:   ‘mpl_::_1’
[22.648s]    29 | typedef arg<1> _1;
[22.648s]       |                ^~
[22.648s] In file included from /usr/include/boost/numeric/conversion/converter_policies.hpp:13,
[22.650s]                  from /usr/include/boost/numeric/conversion/converter.hpp:14,
[22.650s]                  from /usr/include/boost/numeric/conversion/cast.hpp:33,
[22.650s]                  from /usr/include/boost/geometry/core/radian_access.hpp:26:
[22.650s] /usr/include/c++/13/functional:294:48: note:   ‘std::placeholders::_1’
[22.651s]   294 |     _GLIBCXX_PLACEHOLDER const _Placeholder<1> _1;
[22.651s]       |                                                ^~
[22.651s] /usr/include/boost/mpl/aux_/preprocessed/gcc/placeholders.hpp:29:16: note:   ‘mpl_::_1’
[22.651s]    29 | typedef arg<1> _1;
[22.651s]       |                ^~
[22.651s] In file included from /usr/include/boost/describe/members.hpp:20,
[22.651s]                  from /usr/include/boost/container_hash/is_described_class.hpp:11,
[22.651s]                  from /usr/include/boost/container_hash/hash.hpp:18,
[22.652s]                  from /usr/include/boost/functional/hash.hpp:6,
[22.652s]                  from /usr/include/CGAL/Kernel/hash_functions.h:16,
[22.652s]                  from /usr/include/CGAL/Kernel/global_functions.h:25,
[22.655s]                  from /usr/include/CGAL/Cartesian/Cartesian_base.h:22,
[22.655s]                  from /usr/include/CGAL/Simple_cartesian.h:20,
[22.655s]                  from /usr/include/CGAL/Exact_predicates_inexact_constructions_kernel.h:20,
[22.655s]                  from /home/neha/ros2_ws/src/semnav_migration/include/polygeom_lib.h:32,
[22.655s]                  from /home/neha/ros2_ws/src/semnav_migration/include/reactive_planner_lib.h:52:
[22.655s] /usr/include/boost/mp11/bind.hpp:45:7: note:   ‘boost::mp11::_1’
[22.655s]    45 | using _1 = mp_arg<0>;
[22.656s]       |       ^~
[22.656s] /usr/include/boost/mpl/aux_/preprocessed/gcc/placeholders.hpp:29:16: note:   ‘mpl_::_1’
[22.656s]    29 | typedef arg<1> _1;
[22.656s]       |                ^~
[22.658s] /home/neha/ros2_ws/src/semnav_migration/src/navigation.cpp:148:105: error: ‘_2’ was not declared in this scope
[22.658s]   148 |                         sync->registerCallback(boost::bind(&NavigationNode::control_callback, this, _1, _2));
[22.658s]       |                                                                                                         ^~
[22.659s] /home/neha/ros2_ws/src/semnav_migration/src/navigation.cpp:148:105: note: suggested alternatives:
[22.659s] /usr/include/boost/mpl/aux_/preprocessed/gcc/placeholders.hpp:42:16: note:   ‘mpl_::_2’
[22.659s]    42 | typedef arg<2> _2;
[22.659s]       |                ^~
[22.659s] /usr/include/c++/13/functional:295:48: note:   ‘std::placeholders::_2’
[22.659s]   295 |     _GLIBCXX_PLACEHOLDER const _Placeholder<2> _2;
[22.659s]       |                                                ^~
[22.659s] /usr/include/boost/mpl/aux_/preprocessed/gcc/placeholders.hpp:42:16: note:   ‘mpl_::_2’
[22.660s]    42 | typedef arg<2> _2;
[22.660s]       |                ^~
[22.660s] /usr/include/boost/mp11/bind.hpp:46:7: note:   ‘boost::mp11::_2’
[22.660s]    46 | using _2 = mp_arg<1>;
[22.662s]       |       ^~
[22.662s] /usr/include/boost/mpl/aux_/preprocessed/gcc/placeholders.hpp:42:16: note:   ‘mpl_::_2’
[22.662s]    42 | typedef arg<2> _2;
[22.663s]       |                ^~
[22.663s] /home/neha/ros2_ws/src/semnav_migration/src/navigation.cpp:150:65: error: ‘class rclcpp::Node’ has no member named ‘subscribe’
[22.663s]   150 |                         rclcpp::Subscription sub_semantic = nh_.subscribe(sub_semantic_topic_, 1, &NavigationNode::diffeo_tree_update, this);
[22.663s]       |                                                                 ^~~~~~~~~
[22.663s] /home/neha/ros2_ws/src/semnav_migration/src/navigation.cpp:154:45: error: no matching function for call to ‘rclcpp::Duration::Duration(double)’
[22.663s]   154 |                         rclcpp::Duration(5.0).sleep();
[22.663s]       |                                             ^
[22.663s] In file included from /opt/ros/jazzy/include/rclcpp/rclcpp/time.hpp:24,
[22.664s]                  from /opt/ros/jazzy/include/rclcpp/rclcpp/clock.hpp:24,
[22.664s]                  from /opt/ros/jazzy/include/rclcpp/rclcpp/client.hpp:38,
[22.664s]                  from /opt/ros/jazzy/include/rclcpp/rclcpp/callback_group.hpp:24,
[22.664s]                  from /opt/ros/jazzy/include/rclcpp/rclcpp/any_executable.hpp:20,
[22.666s]                  from /opt/ros/jazzy/include/rclcpp/rclcpp/memory_strategy.hpp:25,
[22.666s]                  from /opt/ros/jazzy/include/rclcpp/rclcpp/memory_strategies.hpp:18,
[22.666s]                  from /opt/ros/jazzy/include/rclcpp/rclcpp/executor_options.hpp:22,
[22.667s]                  from /opt/ros/jazzy/include/rclcpp/rclcpp/executor.hpp:38,
[22.667s]                  from /opt/ros/jazzy/include/rclcpp/rclcpp/executors/multi_threaded_executor.hpp:25,
[22.667s]                  from /opt/ros/jazzy/include/rclcpp/rclcpp/executors.hpp:21:
[22.667s] /opt/ros/jazzy/include/rclcpp/rclcpp/duration.hpp:49:3: note: candidate: ‘template<class Rep, class Period> rclcpp::Duration::Duration(const std::chrono::duration<_Rep1, _Period1>&)’
[22.667s]    49 |   Duration(const std::chrono::duration<Rep, Period> & duration)  // NOLINT(runtime/explicit)
[22.667s]       |   ^~~~~~~~
[22.667s] /opt/ros/jazzy/include/rclcpp/rclcpp/duration.hpp:49:3: note:   template argument deduction/substitution failed:
[22.668s] /home/neha/ros2_ws/src/semnav_migration/src/navigation.cpp:154:45: note:   mismatched types ‘const std::chrono::duration<_Rep1, _Period1>’ and ‘double’
[22.668s]   154 |                         rclcpp::Duration(5.0).sleep();
[22.668s]       |                                             ^
[22.668s] /opt/ros/jazzy/include/rclcpp/rclcpp/duration.hpp:159:3: note: candidate: ‘rclcpp::Duration::Duration()’
[22.670s]   159 |   Duration() = default;
[22.670s]       |   ^~~~~~~~
[22.670s] /opt/ros/jazzy/include/rclcpp/rclcpp/duration.hpp:159:3: note:   candidate expects 0 arguments, 1 provided
[22.671s] /opt/ros/jazzy/include/rclcpp/rclcpp/duration.hpp:62:3: note: candidate: ‘rclcpp::Duration::Duration(const rclcpp::Duration&)’
[22.671s]    62 |   Duration(const Duration & rhs);
[22.671s]       |   ^~~~~~~~
[22.671s] /opt/ros/jazzy/include/rclcpp/rclcpp/duration.hpp:62:29: note:   no known conversion for argument 1 from ‘double’ to ‘const rclcpp::Duration&’
[22.671s]    62 |   Duration(const Duration & rhs);
[22.671s]       |            ~~~~~~~~~~~~~~~~~^~~
[22.671s] /opt/ros/jazzy/include/rclcpp/rclcpp/duration.hpp:60:12: note: candidate: ‘rclcpp::Duration::Duration(const rcl_duration_t&)’
[22.672s]    60 |   explicit Duration(const rcl_duration_t & duration);
[22.672s]       |            ^~~~~~~~
[22.672s] /opt/ros/jazzy/include/rclcpp/rclcpp/duration.hpp:60:44: note:   no known conversion for argument 1 from ‘double’ to ‘const rcl_duration_t&’ {aka ‘const rcl_duration_s&’}
[22.672s]    60 |   explicit Duration(const rcl_duration_t & duration);
[22.674s]       |                     ~~~~~~~~~~~~~~~~~~~~~~~^~~~~~~~
[22.674s] /opt/ros/jazzy/include/rclcpp/rclcpp/duration.hpp:54:3: note: candidate: ‘rclcpp::Duration::Duration(const builtin_interfaces::msg::Duration&)’
[22.674s]    54 |   Duration(const builtin_interfaces::msg::Duration & duration_msg);  // NOLINT(runtime/explicit)
[22.675s]       |   ^~~~~~~~
[22.675s] /opt/ros/jazzy/include/rclcpp/rclcpp/duration.hpp:54:54: note:   no known conversion for argument 1 from ‘double’ to ‘const builtin_interfaces::msg::Duration&’ {aka ‘const builtin_interfaces::msg::Duration_<std::allocator<void> >&’}
[22.675s]    54 |   Duration(const builtin_interfaces::msg::Duration & duration_msg);  // NOLINT(runtime/explicit)
[22.675s]       |            ~~~~~~~~~~~~~~~~~~~~~~~~~~~~~~~~~~~~~~~~~~^~~~~~~~~~~~
[22.675s] /opt/ros/jazzy/include/rclcpp/rclcpp/duration.hpp:43:12: note: candidate: ‘rclcpp::Duration::Duration(std::chrono::nanoseconds)’
[22.675s]    43 |   explicit Duration(std::chrono::nanoseconds nanoseconds);
[22.675s]       |            ^~~~~~~~
[22.675s] /opt/ros/jazzy/include/rclcpp/rclcpp/duration.hpp:43:46: note:   no known conversion for argument 1 from ‘double’ to ‘std::chrono::nanoseconds’ {aka ‘std::chrono::duration<long int, std::ratio<1, 1000000000> >’}
[22.676s]    43 |   explicit Duration(std::chrono::nanoseconds nanoseconds);
[22.676s]       |                     ~~~~~~~~~~~~~~~~~~~~~~~~~^~~~~~~~~~~
[22.676s] /opt/ros/jazzy/include/rclcpp/rclcpp/duration.hpp:40:3: note: candidate: ‘rclcpp::Duration::Duration(int32_t, uint32_t)’
[22.676s]    40 |   Duration(int32_t seconds, uint32_t nanoseconds);
[22.678s]       |   ^~~~~~~~
[22.678s] /opt/ros/jazzy/include/rclcpp/rclcpp/duration.hpp:40:3: note:   candidate expects 2 arguments, 1 provided
[22.684s] /home/neha/ros2_ws/src/semnav_migration/src/navigation.cpp:161:38: error: ‘node_ptr’ was not declared in this scope; did you mean ‘mode_t’?
[22.685s]   161 |                         rclcpp::spin(node_ptr);
[22.685s]       |                                      ^~~~~~~~
[22.685s]       |                                      mode_t
[22.694s] /home/neha/ros2_ws/src/semnav_migration/src/navigation.cpp: In member function ‘void NavigationNode::publish_behavior_id(uint16_t)’:
[22.694s] /home/neha/ros2_ws/src/semnav_migration/src/navigation.cpp:173:28: error: ‘UInt32’ is not a member of ‘std_msgs::msg’
[22.694s]   173 |             std_msgs::msg::UInt32 commandId;
[22.694s]       |                            ^~~~~~
[22.713s] /home/neha/ros2_ws/src/semnav_migration/src/navigation_semantic.cpp:180:25: error: ‘commandMode’ was not declared in this scope
[22.713s]   180 |                         commandMode.data = BehaviorModeCmd;
[22.713s]       |                         ^~~~~~~~~~~
[22.741s] /home/neha/ros2_ws/src/semnav_migration/src/navigation.cpp:174:25: error: ‘commandId’ was not declared in this scope
[22.741s]   174 |                         commandId.data = BehaviorIdCmd;
[22.742s]       |                         ^~~~~~~~~
[22.743s] /home/neha/ros2_ws/src/semnav_migration/src/navigation.cpp: In member function ‘void NavigationNode::publish_behavior_mode(uint16_t)’:
[22.743s] /home/neha/ros2_ws/src/semnav_migration/src/navigation.cpp:180:28: error: ‘UInt32’ is not a member of ‘std_msgs::msg’
[22.744s]   180 |             std_msgs::msg::UInt32 commandMode;
[22.744s]       |                            ^~~~~~
[22.804s] /home/neha/ros2_ws/src/semnav_migration/src/navigation.cpp:181:25: error: ‘commandMode’ was not declared in this scope
[22.804s]   181 |                         commandMode.data = BehaviorModeCmd;
[22.805s]       |                         ^~~~~~~~~~~
[22.813s] /home/neha/ros2_ws/src/semnav_migration/src/navigation_semantic.cpp:181:25: error: ‘pub_behaviorMode_’ was not declared in this scope; did you mean ‘pub_behaviorMode_topic_’?
[22.813s]   181 |                         pub_behaviorMode_.publish(commandMode);
[22.814s]       |                         ^~~~~~~~~~~~~~~~~
[22.814s]       |                         pub_behaviorMode_topic_
[22.858s] /home/neha/ros2_ws/src/semnav_migration/src/navigation.cpp: In member function ‘void NavigationNode::control_callback(const sensor_msgs::msg::LaserScan_<std::allocator<void> >::ConstPtr&, const nav_msgs::msg::Odometry_<std::allocator<void> >::ConstPtr&)’:
[22.858s] /home/neha/ros2_ws/src/semnav_migration/src/navigation.cpp:355:60: error: ‘now’ is not a member of ‘rclcpp::Time’
[22.858s]   355 |                         double before_time = rclcpp::Time::now().toSec();
[22.859s]       |                                                            ^~~
[22.865s] /home/neha/ros2_ws/src/semnav_migration/src/navigation.cpp:358:33: error: ‘PoseStamped’ is not a member of ‘geometry_msgs::msg’
[22.865s]   358 |             geometry_msgs::msg::PoseStamped odomPose, mapPose;
[22.866s]       |                                 ^~~~~~~~~~~
[22.870s] /home/neha/ros2_ws/src/semnav_migration/src/navigation_semantic.cpp: In member function ‘void SemanticNavigationNode::control_callback(const sensor_msgs::msg::LaserScan_<std::allocator<void> >::ConstPtr&, const nav_msgs::msg::Odometry_<std::allocator<void> >::ConstPtr&)’:
[22.870s] /home/neha/ros2_ws/src/semnav_migration/src/navigation_semantic.cpp:395:46: error: ‘ros’ has not been declared
[22.870s]   395 |                         double before_time = ros::Time::now().toSec();
[22.870s]       |                                              ^~~
[22.875s] /home/neha/ros2_ws/src/semnav_migration/src/navigation_semantic.cpp:398:40: error: ‘PoseStamped’ is not a member of ‘geometry_msgs’
[22.875s]   398 |                         geometry_msgs::PoseStamped odomPose, mapPose;
[22.875s]       |                                        ^~~~~~~~~~~
[22.906s] /home/neha/ros2_ws/src/semnav_migration/src/navigation.cpp:359:25: error: ‘odomPose’ was not declared in this scope
[22.906s]   359 |                         odomPose.header.stamp = rclcpp::Time(0);
[22.907s]       |                         ^~~~~~~~
[22.921s] /home/neha/ros2_ws/src/semnav_migration/src/navigation_semantic.cpp:399:25: error: ‘odomPose’ was not declared in this scope
[22.922s]   399 |                         odomPose.header.stamp = ros::Time(0);
[22.922s]       |                         ^~~~~~~~
[22.922s] /home/neha/ros2_ws/src/semnav_migration/src/navigation_semantic.cpp:399:49: error: ‘ros’ has not been declared
[22.922s]   399 |                         odomPose.header.stamp = ros::Time(0);
[22.922s]       |                                                 ^~~
[22.955s] /home/neha/ros2_ws/src/semnav_migration/src/navigation.cpp:363:33: error: ‘listener_’ was not declared in this scope
[22.955s]   363 |                                 listener_.waitForTransform(world_frame_id_, odom_frame_id_, rclcpp::Time(0), rclcpp::Duration(1.0));
[22.956s]       |                                 ^~~~~~~~~
[22.956s] /home/neha/ros2_ws/src/semnav_migration/src/navigation.cpp:363:130: error: no matching function for call to ‘rclcpp::Duration::Duration(double)’
[22.956s]   363 |                                 listener_.waitForTransform(world_frame_id_, odom_frame_id_, rclcpp::Time(0), rclcpp::Duration(1.0));
[22.956s]       |                                                                                                                                  ^
[22.956s] /opt/ros/jazzy/include/rclcpp/rclcpp/duration.hpp:49:3: note: candidate: ‘template<class Rep, class Period> rclcpp::Duration::Duration(const std::chrono::duration<_Rep1, _Period1>&)’
[22.956s]    49 |   Duration(const std::chrono::duration<Rep, Period> & duration)  // NOLINT(runtime/explicit)
[22.956s]       |   ^~~~~~~~
[22.956s] /opt/ros/jazzy/include/rclcpp/rclcpp/duration.hpp:49:3: note:   template argument deduction/substitution failed:
[22.957s] /home/neha/ros2_ws/src/semnav_migration/src/navigation.cpp:363:130: note:   mismatched types ‘const std::chrono::duration<_Rep1, _Period1>’ and ‘double’
[22.957s]   363 |                                 listener_.waitForTransform(world_frame_id_, odom_frame_id_, rclcpp::Time(0), rclcpp::Duration(1.0));
[22.957s]       |                                                                                                                                  ^
[22.959s] /opt/ros/jazzy/include/rclcpp/rclcpp/duration.hpp:159:3: note: candidate: ‘rclcpp::Duration::Duration()’
[22.959s]   159 |   Duration() = default;
[22.959s]       |   ^~~~~~~~
[22.960s] /opt/ros/jazzy/include/rclcpp/rclcpp/duration.hpp:159:3: note:   candidate expects 0 arguments, 1 provided
[22.960s] /opt/ros/jazzy/include/rclcpp/rclcpp/duration.hpp:62:3: note: candidate: ‘rclcpp::Duration::Duration(const rclcpp::Duration&)’
[22.960s]    62 |   Duration(const Duration & rhs);
[22.960s]       |   ^~~~~~~~
[22.960s] /opt/ros/jazzy/include/rclcpp/rclcpp/duration.hpp:62:29: note:   no known conversion for argument 1 from ‘double’ to ‘const rclcpp::Duration&’
[22.960s]    62 |   Duration(const Duration & rhs);
[22.960s]       |            ~~~~~~~~~~~~~~~~~^~~
[22.960s] /opt/ros/jazzy/include/rclcpp/rclcpp/duration.hpp:60:12: note: candidate: ‘rclcpp::Duration::Duration(const rcl_duration_t&)’
[22.961s]    60 |   explicit Duration(const rcl_duration_t & duration);
[22.961s]       |            ^~~~~~~~
[22.961s] /opt/ros/jazzy/include/rclcpp/rclcpp/duration.hpp:60:44: note:   no known conversion for argument 1 from ‘double’ to ‘const rcl_duration_t&’ {aka ‘const rcl_duration_s&’}
[22.961s]    60 |   explicit Duration(const rcl_duration_t & duration);
[22.963s]       |                     ~~~~~~~~~~~~~~~~~~~~~~~^~~~~~~~
[22.963s] /opt/ros/jazzy/include/rclcpp/rclcpp/duration.hpp:54:3: note: candidate: ‘rclcpp::Duration::Duration(const builtin_interfaces::msg::Duration&)’
[22.963s]    54 |   Duration(const builtin_interfaces::msg::Duration & duration_msg);  // NOLINT(runtime/explicit)
[22.964s]       |   ^~~~~~~~
[22.964s] /opt/ros/jazzy/include/rclcpp/rclcpp/duration.hpp:54:54: note:   no known conversion for argument 1 from ‘double’ to ‘const builtin_interfaces::msg::Duration&’ {aka ‘const builtin_interfaces::msg::Duration_<std::allocator<void> >&’}
[22.964s]    54 |   Duration(const builtin_interfaces::msg::Duration & duration_msg);  // NOLINT(runtime/explicit)
[22.964s]       |            ~~~~~~~~~~~~~~~~~~~~~~~~~~~~~~~~~~~~~~~~~~^~~~~~~~~~~~
[22.964s] /opt/ros/jazzy/include/rclcpp/rclcpp/duration.hpp:43:12: note: candidate: ‘rclcpp::Duration::Duration(std::chrono::nanoseconds)’
[22.964s]    43 |   explicit Duration(std::chrono::nanoseconds nanoseconds);
[22.964s]       |            ^~~~~~~~
[22.964s] /opt/ros/jazzy/include/rclcpp/rclcpp/duration.hpp:43:46: note:   no known conversion for argument 1 from ‘double’ to ‘std::chrono::nanoseconds’ {aka ‘std::chrono::duration<long int, std::ratio<1, 1000000000> >’}
[22.965s]    43 |   explicit Duration(std::chrono::nanoseconds nanoseconds);
[22.965s]       |                     ~~~~~~~~~~~~~~~~~~~~~~~~~^~~~~~~~~~~
[22.965s] /opt/ros/jazzy/include/rclcpp/rclcpp/duration.hpp:40:3: note: candidate: ‘rclcpp::Duration::Duration(int32_t, uint32_t)’
[22.967s]    40 |   Duration(int32_t seconds, uint32_t nanoseconds);
[22.967s]       |   ^~~~~~~~
[22.967s] /opt/ros/jazzy/include/rclcpp/rclcpp/duration.hpp:40:3: note:   candidate expects 2 arguments, 1 provided
[22.981s] /home/neha/ros2_ws/src/semnav_migration/src/navigation_semantic.cpp:403:33: error: ‘listener_’ was not declared in this scope
[22.982s]   403 |                                 listener_.waitForTransform(world_frame_id_, odom_frame_id_, ros::Time(0), ros::Duration(1.0));
[22.982s]       |                                 ^~~~~~~~~
[22.982s] /home/neha/ros2_ws/src/semnav_migration/src/navigation_semantic.cpp:403:93: error: ‘ros’ has not been declared
[22.982s]   403 |                                 listener_.waitForTransform(world_frame_id_, odom_frame_id_, ros::Time(0), ros::Duration(1.0));
[22.982s]       |                                                                                             ^~~
[22.982s] /home/neha/ros2_ws/src/semnav_migration/src/navigation_semantic.cpp:403:107: error: ‘ros’ has not been declared
[22.982s]   403 |                                 listener_.waitForTransform(world_frame_id_, odom_frame_id_, ros::Time(0), ros::Duration(1.0));
[22.983s]       |                                                                                                           ^~~
[22.990s] /home/neha/ros2_ws/src/semnav_migration/src/navigation.cpp:364:84: error: ‘mapPose’ was not declared in this scope
[22.990s]   364 |                                 listener_.transformPose(world_frame_id_, odomPose, mapPose);
[22.990s]       |                                                                                    ^~~~~~~
[23.018s] /home/neha/ros2_ws/src/semnav_migration/src/navigation_semantic.cpp:404:84: error: ‘mapPose’ was not declared in this scope
[23.019s]   404 |                                 listener_.transformPose(world_frame_id_, odomPose, mapPose);
[23.019s]       |                                                                                    ^~~~~~~
[23.025s] /home/neha/ros2_ws/src/semnav_migration/src/navigation_semantic.cpp:405:34: error: ‘tf’ does not name a type; did you mean ‘tm’?
[23.025s]   405 |                         } catch (tf::TransformException &ex) {
[23.025s]       |                                  ^~
[23.026s]       |                                  tm
[23.026s] /home/neha/ros2_ws/src/semnav_migration/src/navigation_semantic.cpp:405:57: error: expected unqualified-id before ‘&’ token
[23.026s]   405 |                         } catch (tf::TransformException &ex) {
[23.026s]       |                                                         ^
[23.027s] /home/neha/ros2_ws/src/semnav_migration/src/navigation_semantic.cpp:405:57: error: expected ‘)’ before ‘&’ token
[23.029s] /home/neha/ros2_ws/src/semnav_migration/src/navigation_semantic.cpp:405:33: note: to match this ‘(’
[23.029s]   405 |                         } catch (tf::TransformException &ex) {
[23.030s]       |                                 ^
[23.030s] /home/neha/ros2_ws/src/semnav_migration/src/navigation_semantic.cpp:405:57: error: expected ‘{’ before ‘&’ token
[23.030s]   405 |                         } catch (tf::TransformException &ex) {
[23.030s]       |                                                         ^
[23.037s] /home/neha/ros2_ws/src/semnav_migration/src/navigation.cpp:366:33: error: ‘ROS_ERROR’ was not declared in this scope
[23.037s]   366 |                                 ROS_ERROR("%s",ex.what());
[23.037s]       |                                 ^~~~~~~~~
[23.064s] /home/neha/ros2_ws/src/semnav_migration/src/navigation_semantic.cpp:405:58: error: ‘ex’ was not declared in this scope; did you mean ‘exp’?
[23.065s]   405 |                         } catch (tf::TransformException &ex) {
[23.065s]       |                                                          ^~
[23.065s]       |                                                          exp
[23.065s] /home/neha/ros2_ws/src/semnav_migration/src/navigation_semantic.cpp:411:25: error: ‘tf’ has not been declared
[23.065s]   411 |                         tf::Quaternion rotation = tf::Quaternion(mapPose.pose.orientation.x,
[23.065s]       |                         ^~
[23.065s] /home/neha/ros2_ws/src/semnav_migration/src/navigation_semantic.cpp:415:25: error: ‘tf’ has not been declared
[23.066s]   415 |                         tf::Matrix3x3 m(rotation);
[23.066s]       |                         ^~
[23.075s] /home/neha/ros2_ws/src/semnav_migration/src/navigation.cpp:371:68: error: ‘mapPose’ was not declared in this scope
[23.075s]   371 |                         tf2::Quaternion rotation = tf2::Quaternion(mapPose.pose.orientation.x,
[23.076s]       |                                                                    ^~~~~~~
[23.079s] /home/neha/ros2_ws/src/semnav_migration/src/navigation.cpp:393:42: error: could not convert ‘lidar_data’ from ‘shared_ptr<LaserScan_<[...]>>’ to ‘shared_ptr<LaserScan_<[...]>>’
[23.079s]   393 |                         constructLIDAR2D(lidar_data, CutoffRange_, AllowableRange_, RobotPitch_, &LIDAR);
[23.080s]       |                                          ^~~~~~~~~~
[23.080s]       |                                          |
[23.080s]       |                                          shared_ptr<LaserScan_<[...]>>
[23.098s] /home/neha/ros2_ws/src/semnav_migration/src/navigation.cpp:567:53: error: no matching function for call to ‘rclcpp::Duration::Duration(double)’
[23.099s]   567 |                                 rclcpp::Duration(5.0).sleep();
[23.099s]       |                                                     ^
[23.099s] /opt/ros/jazzy/include/rclcpp/rclcpp/duration.hpp:49:3: note: candidate: ‘template<class Rep, class Period> rclcpp::Duration::Duration(const std::chrono::duration<_Rep1, _Period1>&)’
[23.099s]    49 |   Duration(const std::chrono::duration<Rep, Period> & duration)  // NOLINT(runtime/explicit)
[23.099s]       |   ^~~~~~~~
[23.099s] /opt/ros/jazzy/include/rclcpp/rclcpp/duration.hpp:49:3: note:   template argument deduction/substitution failed:
[23.099s] /home/neha/ros2_ws/src/semnav_migration/src/navigation.cpp:567:53: note:   mismatched types ‘const std::chrono::duration<_Rep1, _Period1>’ and ‘double’
[23.100s]   567 |                                 rclcpp::Duration(5.0).sleep();
[23.100s]       |                                                     ^
[23.100s] /opt/ros/jazzy/include/rclcpp/rclcpp/duration.hpp:159:3: note: candidate: ‘rclcpp::Duration::Duration()’
[23.100s]   159 |   Duration() = default;
[23.102s]       |   ^~~~~~~~
[23.102s] /opt/ros/jazzy/include/rclcpp/rclcpp/duration.hpp:159:3: note:   candidate expects 0 arguments, 1 provided
[23.102s] /opt/ros/jazzy/include/rclcpp/rclcpp/duration.hpp:62:3: note: candidate: ‘rclcpp::Duration::Duration(const rclcpp::Duration&)’
[23.103s]    62 |   Duration(const Duration & rhs);
[23.103s]       |   ^~~~~~~~
[23.103s] /opt/ros/jazzy/include/rclcpp/rclcpp/duration.hpp:62:29: note:   no known conversion for argument 1 from ‘double’ to ‘const rclcpp::Duration&’
[23.103s]    62 |   Duration(const Duration & rhs);
[23.103s]       |            ~~~~~~~~~~~~~~~~~^~~
[23.103s] /opt/ros/jazzy/include/rclcpp/rclcpp/duration.hpp:60:12: note: candidate: ‘rclcpp::Duration::Duration(const rcl_duration_t&)’
[23.103s]    60 |   explicit Duration(const rcl_duration_t & duration);
[23.104s]       |            ^~~~~~~~
[23.104s] /opt/ros/jazzy/include/rclcpp/rclcpp/duration.hpp:60:44: note:   no known conversion for argument 1 from ‘double’ to ‘const rcl_duration_t&’ {aka ‘const rcl_duration_s&’}
[23.104s]    60 |   explicit Duration(const rcl_duration_t & duration);
[23.104s]       |                     ~~~~~~~~~~~~~~~~~~~~~~~^~~~~~~~
[23.106s] /opt/ros/jazzy/include/rclcpp/rclcpp/duration.hpp:54:3: note: candidate: ‘rclcpp::Duration::Duration(const builtin_interfaces::msg::Duration&)’
[23.106s]    54 |   Duration(const builtin_interfaces::msg::Duration & duration_msg);  // NOLINT(runtime/explicit)
[23.106s]       |   ^~~~~~~~
[23.107s] /opt/ros/jazzy/include/rclcpp/rclcpp/duration.hpp:54:54: note:   no known conversion for argument 1 from ‘double’ to ‘const builtin_interfaces::msg::Duration&’ {aka ‘const builtin_interfaces::msg::Duration_<std::allocator<void> >&’}
[23.107s]    54 |   Duration(const builtin_interfaces::msg::Duration & duration_msg);  // NOLINT(runtime/explicit)
[23.107s]       |            ~~~~~~~~~~~~~~~~~~~~~~~~~~~~~~~~~~~~~~~~~~^~~~~~~~~~~~
[23.107s] /opt/ros/jazzy/include/rclcpp/rclcpp/duration.hpp:43:12: note: candidate: ‘rclcpp::Duration::Duration(std::chrono::nanoseconds)’
[23.107s]    43 |   explicit Duration(std::chrono::nanoseconds nanoseconds);
[23.107s]       |            ^~~~~~~~
[23.107s] /opt/ros/jazzy/include/rclcpp/rclcpp/duration.hpp:43:46: note:   no known conversion for argument 1 from ‘double’ to ‘std::chrono::nanoseconds’ {aka ‘std::chrono::duration<long int, std::ratio<1, 1000000000> >’}
[23.107s]    43 |   explicit Duration(std::chrono::nanoseconds nanoseconds);
[23.108s]       |                     ~~~~~~~~~~~~~~~~~~~~~~~~~^~~~~~~~~~~
[23.108s] /opt/ros/jazzy/include/rclcpp/rclcpp/duration.hpp:40:3: note: candidate: ‘rclcpp::Duration::Duration(int32_t, uint32_t)’
[23.108s]    40 |   Duration(int32_t seconds, uint32_t nanoseconds);
[23.108s]       |   ^~~~~~~~
[23.110s] /opt/ros/jazzy/include/rclcpp/rclcpp/duration.hpp:40:3: note:   candidate expects 2 arguments, 1 provided
[23.111s] /home/neha/ros2_ws/src/semnav_migration/src/navigation_semantic.cpp:417:25: error: ‘m’ was not declared in this scope; did you mean ‘tm’?
[23.111s]   417 |                         m.getRPY(roll, pitch, yaw);
[23.111s]       |                         ^
[23.111s]       |                         tm
[23.144s] /home/neha/ros2_ws/src/semnav_migration/src/navigation_semantic.cpp:418:51: error: ‘mapPose’ was not declared in this scope
[23.144s]   418 |                         double x_robot_position = mapPose.pose.position.x;
[23.144s]       |                                                   ^~~~~~~
[23.152s] /home/neha/ros2_ws/src/semnav_migration/src/navigation_semantic.cpp:431:42: error: could not convert ‘lidar_data’ from ‘shared_ptr<LaserScan_<[...]>>’ to ‘shared_ptr<LaserScan_<[...]>>’
[23.152s]   431 |                         constructLIDAR2D(lidar_data, CutoffRange_, AllowableRange_, RobotPitch_, &LIDAR);
[23.153s]       |                                          ^~~~~~~~~~
[23.153s]       |                                          |
[23.153s]       |                                          shared_ptr<LaserScan_<[...]>>
[23.173s] /home/neha/ros2_ws/src/semnav_migration/src/navigation_semantic.cpp:561:96: error: invalid operands of types ‘const char [53]’ and ‘double’ to binary ‘operator<<’
[23.173s]   561 |                         ROS_WARN_STREAM("[Navigation] Diffeomorphism jacobian determinant is " << MatrixDeterminant(RobotPositionTransformedD) << ", robot position is " << bg::dsv(RobotPosition_) << " and robot positon in model space is " << bg::dsv(RobotPositionTransformedPoint));
[23.174s]       |                                         ~~~~~~~~~~~~~~~~~~~~~~~~~~~~~~~~~~~~~~~~~~~~~~~~~~~~~~ ^~ ~~~~~~~~~~~~~~~~~~~~~~~~~~~~~~~~~~~~~~~~~~~~
[23.174s]       |                                         |                                                                          |
[23.174s]       |                                         const char [53]                                                            double
[23.191s] /home/neha/ros2_ws/src/semnav_migration/src/navigation.cpp:570:33: error: ‘ROS_WARN_STREAM’ was not declared in this scope; did you mean ‘RCLCPP_WARN_STREAM’?
[23.192s]   570 |                                 ROS_WARN_STREAM("[Navigation] Successfully navigated to goal and stopped...");
[23.192s]       |                                 ^~~~~~~~~~~~~~~
[23.192s]       |                                 RCLCPP_WARN_STREAM
[23.199s] /home/neha/ros2_ws/src/semnav_migration/src/navigation.cpp:593:75: error: invalid operands of types ‘const char [32]’ and ‘double’ to binary ‘operator<<’
[23.199s]   593 |                         ROS_WARN_STREAM("[Navigation] Linear command is " << LinearCmd << " and angular command is " << AngularCmd);
[23.200s]       |                                         ~~~~~~~~~~~~~~~~~~~~~~~~~~~~~~~~~ ^~ ~~~~~~~~~
[23.200s]       |                                         |                                    |
[23.200s]       |                                         const char [32]                      double
[23.270s] /home/neha/ros2_ws/src/semnav_migration/src/navigation_semantic.cpp:561:25: error: ‘ROS_WARN_STREAM’ was not declared in this scope; did you mean ‘RCLCPP_WARN_STREAM’?
[23.270s]   561 |                         ROS_WARN_STREAM("[Navigation] Diffeomorphism jacobian determinant is " << MatrixDeterminant(RobotPositionTransformedD) << ", robot position is " << bg::dsv(RobotPosition_) << " and robot positon in model space is " << bg::dsv(RobotPositionTransformedPoint));
[23.270s]       |                         ^~~~~~~~~~~~~~~
[23.270s]       |                         RCLCPP_WARN_STREAM
[23.272s] /home/neha/ros2_ws/src/semnav_migration/src/navigation_semantic.cpp:590:41: error: ‘ros’ has not been declared
[23.272s]   590 |                                         ros::Duration(5.0).sleep();
[23.272s]       |                                         ^~~
[23.281s] /home/neha/ros2_ws/src/semnav_migration/src/navigation_semantic.cpp:615:75: error: invalid operands of types ‘const char [32]’ and ‘double’ to binary ‘operator<<’
[23.282s]   615 |                         ROS_WARN_STREAM("[Navigation] Linear command is " << LinearCmd << " and angular command is " << AngularCmd);
[23.282s]       |                                         ~~~~~~~~~~~~~~~~~~~~~~~~~~~~~~~~~ ^~ ~~~~~~~~~
[23.282s]       |                                         |                                    |
[23.282s]       |                                         const char [32]                      double
[23.282s] /home/neha/ros2_ws/src/semnav_migration/src/navigation_semantic.cpp:616:76: error: invalid operands of types ‘const char [33]’ and ‘int’ to binary ‘operator<<’
[23.282s]   616 |                         ROS_WARN_STREAM("[Navigation] Command update for " << int(localDiffeoTreeArray.size()) << " polygons in " << ros::Time::now().toSec()-before_time << " seconds.");
[23.282s]       |                                         ~~~~~~~~~~~~~~~~~~~~~~~~~~~~~~~~~~ ^~ ~~~~~~~~~~~~~~~~~~~~~~~~~~~~~~~~
[23.283s]       |                                         |                                     |
[23.283s]       |                                         const char [33]                       int
[23.283s] /home/neha/ros2_ws/src/semnav_migration/src/navigation_semantic.cpp:616:134: error: ‘ros’ has not been declared
[23.283s]   616 |                         ROS_WARN_STREAM("[Navigation] Command update for " << int(localDiffeoTreeArray.size()) << " polygons in " << ros::Time::now().toSec()-before_time << " seconds.");
[23.285s]       |                                                                                                                                      ^~~
[23.286s] /home/neha/ros2_ws/src/semnav_migration/src/navigation_semantic.cpp: In function ‘int main(int, char**)’:
[23.286s] /home/neha/ros2_ws/src/semnav_migration/src/navigation_semantic.cpp:697:9: error: ‘ros’ has not been declared
[23.286s]   697 |         ros::init(argc, argv, "navigation_semantic");
[23.286s]       |         ^~~
[23.288s] /home/neha/ros2_ws/src/semnav_migration/src/navigation_semantic.cpp:700:9: error: ‘ros’ has not been declared
[23.288s]   700 |         ros::NodeHandle nh("~");
[23.289s]       |         ^~~
[23.307s] /home/neha/ros2_ws/src/semnav_migration/src/navigation_semantic.cpp:703:56: error: ‘nh’ was not declared in this scope
[23.308s]   703 |         SemanticNavigationNode semanticNavigationNode(&nh);
[23.308s]       |                                                        ^~
[23.310s] /home/neha/ros2_ws/src/semnav_migration/src/navigation.cpp:593:25: error: ‘ROS_WARN_STREAM’ was not declared in this scope; did you mean ‘RCLCPP_WARN_STREAM’?
[23.310s]   593 |                         ROS_WARN_STREAM("[Navigation] Linear command is " << LinearCmd << " and angular command is " << AngularCmd);
[23.311s]       |                         ^~~~~~~~~~~~~~~
[23.311s]       |                         RCLCPP_WARN_STREAM
[23.311s] /home/neha/ros2_ws/src/semnav_migration/src/navigation.cpp:594:76: error: invalid operands of types ‘const char [33]’ and ‘int’ to binary ‘operator<<’
[23.311s]   594 |                         ROS_WARN_STREAM("[Navigation] Command update for " << int(localDiffeoTreeArray.size()) << " polygons in " << rclcpp::Time::now().toSec()-before_time << " seconds.");
[23.311s]       |                                         ~~~~~~~~~~~~~~~~~~~~~~~~~~~~~~~~~~ ^~ ~~~~~~~~~~~~~~~~~~~~~~~~~~~~~~~~
[23.311s]       |                                         |                                     |
[23.311s]       |                                         const char [33]                       int
[23.312s] /home/neha/ros2_ws/src/semnav_migration/src/navigation.cpp:594:148: error: ‘now’ is not a member of ‘rclcpp::Time’
[23.312s]   594 |                         ROS_WARN_STREAM("[Navigation] Command update for " << int(localDiffeoTreeArray.size()) << " polygons in " << rclcpp::Time::now().toSec()-before_time << " seconds.");
[23.312s]       |                                                                                                                                                    ^~~
[23.314s] /home/neha/ros2_ws/src/semnav_migration/src/navigation.cpp: In function ‘int main(int, char**)’:
[23.314s] /home/neha/ros2_ws/src/semnav_migration/src/navigation.cpp:675:42: error: no matching function for call to ‘NavigationNode::NavigationNode(rclcpp::Node*)’
[23.315s]   675 |         NavigationNode navigationNode(&nh);
[23.315s]       |                                          ^
[23.315s] /home/neha/ros2_ws/src/semnav_migration/src/navigation.cpp:45:9: note: candidate: ‘NavigationNode::NavigationNode()’
[23.315s]    45 |         NavigationNode() {
[23.315s]       |         ^~~~~~~~~~~~~~
[23.315s] /home/neha/ros2_ws/src/semnav_migration/src/navigation.cpp:45:9: note:   candidate expects 0 arguments, 1 provided
[30.289s] gmake[2]: *** [CMakeFiles/navigation_semantic.dir/build.make:76: CMakeFiles/navigation_semantic.dir/src/navigation_semantic.cpp.o] Error 1
[30.291s] gmake[1]: *** [CMakeFiles/Makefile2:207: CMakeFiles/navigation_semantic.dir/all] Error 2
[30.291s] gmake[1]: *** Waiting for unfinished jobs....
[32.702s] gmake[2]: *** [CMakeFiles/navigation.dir/build.make:76: CMakeFiles/navigation.dir/src/navigation.cpp.o] Error 1
[32.702s] gmake[1]: *** [CMakeFiles/Makefile2:181: CMakeFiles/navigation.dir/all] Error 2
[32.703s] gmake: *** [Makefile:146: all] Error 2
[32.706s] Invoked command in '/home/neha/ros2_ws/src/semnav_migration/build/semnav' returned '2': CMAKE_PREFIX_PATH=${CMAKE_PREFIX_PATH}:/opt/ros/jazzy DEBUGINFOD_URLS=https://debuginfod.ubuntu.com /usr/bin/cmake --build /home/neha/ros2_ws/src/semnav_migration/build/semnav -- -j2 -l2
