[0.028s] Invoking command in '/home/neha/ros2_ws/src/semnav_migration/build/semnav': CMAKE_PREFIX_PATH=${CMAKE_PREFIX_PATH}:/opt/ros/jazzy DEBUGINFOD_URLS=https://debuginfod.ubuntu.com /usr/bin/cmake --build /home/neha/ros2_ws/src/semnav_migration/build/semnav -- -j2 -l2
[0.201s] [ 14%] Built target reactive_planner
[0.341s] [ 23%] Building CXX object CMakeFiles/navigation_semantic.dir/src/navigation_semantic.cpp.o
[0.341s] [ 23%] Building CXX object CMakeFiles/navigation.dir/src/navigation.cpp.o
[21.743s] /home/neha/ros2_ws/src/semnav_migration/src/navigation_semantic.cpp:240:47: error: ‘object_pose_interface_msgs’ does not name a type
[21.743s]   240 |                 void diffeo_tree_update(const object_pose_interface_msgs::msg::SemanticMapObjectArray::ConstPtr& semantic_map_data) {
[21.743s]       |                                               ^~~~~~~~~~~~~~~~~~~~~~~~~~
[21.744s] /home/neha/ros2_ws/src/semnav_migration/src/navigation_semantic.cpp:240:78: error: expected unqualified-id before ‘::’ token
[21.744s]   240 |                 void diffeo_tree_update(const object_pose_interface_msgs::msg::SemanticMapObjectArray::ConstPtr& semantic_map_data) {
[21.744s]       |                                                                              ^~
[21.746s] /home/neha/ros2_ws/src/semnav_migration/src/navigation_semantic.cpp:240:78: error: expected ‘)’ before ‘::’ token
[21.746s]   240 |                 void diffeo_tree_update(const object_pose_interface_msgs::msg::SemanticMapObjectArray::ConstPtr& semantic_map_data) {
[21.746s]       |                                        ~                                     ^~
[21.747s]       |                                                                              )
[21.747s] /home/neha/ros2_ws/src/semnav_migration/src/navigation_semantic.cpp:240:75: error: expected ‘;’ at end of member declaration
[21.747s]   240 |                 void diffeo_tree_update(const object_pose_interface_msgs::msg::SemanticMapObjectArray::ConstPtr& semantic_map_data) {
[21.747s]       |                                                                           ^~~
[21.747s]       |                                                                              ;
[21.785s] /home/neha/ros2_ws/src/semnav_migration/src/navigation_semantic.cpp:240:80: error: ‘SemanticMapObjectArray’ in namespace ‘::’ does not name a type
[21.785s]   240 |                 void diffeo_tree_update(const object_pose_interface_msgs::msg::SemanticMapObjectArray::ConstPtr& semantic_map_data) {
[21.786s]       |                                                                                ^~~~~~~~~~~~~~~~~~~~~~
[21.793s] /home/neha/ros2_ws/src/semnav_migration/src/navigation_semantic.cpp:623:17: error: ‘ros’ does not name a type
[21.793s]   623 |                 ros::NodeHandle nh_;
[21.793s]       |                 ^~~
[21.800s] /home/neha/ros2_ws/src/semnav_migration/src/navigation_semantic.cpp:640:17: error: ‘ros’ does not name a type
[21.800s]   640 |                 ros::Publisher pub_behaviorID_;
[21.800s]       |                 ^~~
[21.808s] /home/neha/ros2_ws/src/semnav_migration/src/navigation_semantic.cpp:641:17: error: ‘ros’ does not name a type
[21.808s]   641 |                 ros::Publisher pub_behaviorMode_;
[21.808s]       |                 ^~~
[21.815s] /home/neha/ros2_ws/src/semnav_migration/src/navigation_semantic.cpp:642:17: error: ‘ros’ does not name a type
[21.815s]   642 |                 ros::Publisher pub_twist_;
[21.815s]       |                 ^~~
[21.820s] /home/neha/ros2_ws/src/semnav_migration/src/navigation_semantic.cpp:644:17: error: ‘ros’ does not name a type
[21.820s]   644 |                 ros::Publisher pub_semantic_map_;
[21.821s]       |                 ^~~
[21.836s] /home/neha/ros2_ws/src/semnav_migration/src/navigation_semantic.cpp:690:17: error: ‘tf’ does not name a type; did you mean ‘tm’?
[21.836s]   690 |                 tf::TransformListener listener_;
[21.836s]       |                 ^~
[21.836s]       |                 tm
[21.854s] /home/neha/ros2_ws/src/semnav_migration/src/navigation.cpp:240:47: error: ‘object_pose_interface_msgs’ does not name a type
[21.854s]   240 |                 void diffeo_tree_update(const object_pose_interface_msgs::SemanticMapObjectArray::ConstPtr& semantic_map_data) {
[21.854s]       |                                               ^~~~~~~~~~~~~~~~~~~~~~~~~~
[21.854s] /home/neha/ros2_ws/src/semnav_migration/src/navigation.cpp:240:97: error: expected unqualified-id before ‘::’ token
[21.855s]   240 |                 void diffeo_tree_update(const object_pose_interface_msgs::SemanticMapObjectArray::ConstPtr& semantic_map_data) {
[21.855s]       |                                                                                                 ^~
[21.855s] /home/neha/ros2_ws/src/semnav_migration/src/navigation.cpp:240:97: error: expected ‘)’ before ‘::’ token
[21.855s]   240 |                 void diffeo_tree_update(const object_pose_interface_msgs::SemanticMapObjectArray::ConstPtr& semantic_map_data) {
[21.855s]       |                                        ~                                                        ^~
[21.855s]       |                                                                                                 )
[21.855s] /home/neha/ros2_ws/src/semnav_migration/src/navigation.cpp:240:75: error: expected ‘;’ at end of member declaration
[21.855s]   240 |                 void diffeo_tree_update(const object_pose_interface_msgs::SemanticMapObjectArray::ConstPtr& semantic_map_data) {
[21.856s]       |                                                                           ^~~~~~~~~~~~~~~~~~~~~~
[21.858s]       |                                                                                                 ;
[21.870s] /home/neha/ros2_ws/src/semnav_migration/src/navigation.cpp:240:99: error: ‘ConstPtr’ in namespace ‘::’ does not name a type
[21.870s]   240 |                 void diffeo_tree_update(const object_pose_interface_msgs::SemanticMapObjectArray::ConstPtr& semantic_map_data) {
[21.870s]       |                                                                                                   ^~~~~~~~
[21.871s] /home/neha/ros2_ws/src/semnav_migration/src/navigation.cpp:332:58: error: ‘LaserScan’ in namespace ‘sensor_msgs’ does not name a type
[21.871s]   332 |                 void control_callback(const sensor_msgs::LaserScan::ConstPtr& lidar_data, const nav_msgs::Odometry::ConstPtr& robot_data) {
[21.871s]       |                                                          ^~~~~~~~~
[21.871s] /home/neha/ros2_ws/src/semnav_migration/src/navigation.cpp:332:77: error: expected unqualified-id before ‘&’ token
[21.871s]   332 |                 void control_callback(const sensor_msgs::LaserScan::ConstPtr& lidar_data, const nav_msgs::Odometry::ConstPtr& robot_data) {
[21.871s]       |                                                                             ^
[21.871s] /home/neha/ros2_ws/src/semnav_migration/src/navigation.cpp:332:77: error: expected ‘)’ before ‘&’ token
[21.871s]   332 |                 void control_callback(const sensor_msgs::LaserScan::ConstPtr& lidar_data, const nav_msgs::Odometry::ConstPtr& robot_data) {
[21.874s]       |                                      ~                                      ^
[21.874s]       |                                                                             )
[21.874s] /home/neha/ros2_ws/src/semnav_migration/src/navigation.cpp:332:77: error: expected ‘;’ at end of member declaration
[21.874s]   332 |                 void control_callback(const sensor_msgs::LaserScan::ConstPtr& lidar_data, const nav_msgs::Odometry::ConstPtr& robot_data) {
[21.874s]       |                                                                             ^
[21.874s]       |                                                                              ;
[21.883s] /home/neha/ros2_ws/src/semnav_migration/src/navigation.cpp:332:79: error: ‘lidar_data’ does not name a type
[21.883s]   332 |                 void control_callback(const sensor_msgs::LaserScan::ConstPtr& lidar_data, const nav_msgs::Odometry::ConstPtr& robot_data) {
[21.884s]       |                                                                               ^~~~~~~~~~
[21.885s] /home/neha/ros2_ws/src/semnav_migration/src/navigation.cpp:613:17: error: invalid use of template-name ‘rclcpp::Publisher’ without an argument list
[21.885s]   613 |                 rclcpp::Publisher pub_behaviorID_;
[21.885s]       |                 ^~~~~~
[21.885s] /home/neha/ros2_ws/src/semnav_migration/src/navigation.cpp:614:17: error: invalid use of template-name ‘rclcpp::Publisher’ without an argument list
[21.885s]   614 |                 rclcpp::Publisher pub_behaviorMode_;
[21.886s]       |                 ^~~~~~
[21.887s] /home/neha/ros2_ws/src/semnav_migration/src/navigation.cpp:615:17: error: invalid use of template-name ‘rclcpp::Publisher’ without an argument list
[21.887s]   615 |                 rclcpp::Publisher pub_twist_;
[21.887s]       |                 ^~~~~~
[21.887s] /home/neha/ros2_ws/src/semnav_migration/src/navigation.cpp:617:17: error: invalid use of template-name ‘rclcpp::Publisher’ without an argument list
[21.887s]   617 |                 rclcpp::Publisher pub_semantic_map_;
[21.887s]       |                 ^~~~~~
[21.894s] /home/neha/ros2_ws/src/semnav_migration/src/navigation.cpp:661:22: error: ‘TransformListener’ in namespace ‘tf2’ does not name a type
[21.894s]   661 |                 tf2::TransformListener listener_;
[21.894s]       |                      ^~~~~~~~~~~~~~~~~
[21.897s] /home/neha/ros2_ws/src/semnav_migration/src/navigation.cpp: In constructor ‘NavigationNode::NavigationNode(rclcpp::Node*)’:
[21.897s] /home/neha/ros2_ws/src/semnav_migration/src/navigation.cpp:44:60: error: use of deleted function ‘rclcpp::Node::Node(const rclcpp::Node&)’
[21.897s]    44 |                 NavigationNode(rclcpp::Node* nodehandle) : nh_(*nodehandle) {
[21.897s]       |                                                            ^~~~~~~~~~~~~~~~
[21.897s] In file included from /opt/ros/jazzy/include/rclcpp/rclcpp/context.hpp:35,
[21.898s]                  from /opt/ros/jazzy/include/rclcpp/rclcpp/utilities.hpp:24,
[21.898s]                  from /opt/ros/jazzy/include/rclcpp/rclcpp/logging.hpp:25,
[21.898s]                  from /opt/ros/jazzy/include/rclcpp/rclcpp/copy_all_parameter_values.hpp:27,
[21.898s]                  from /opt/ros/jazzy/include/rclcpp/rclcpp/rclcpp.hpp:171,
[21.898s]                  from /home/neha/ros2_ws/src/semnav_migration/include/reactive_planner_lib.h:32,
[21.898s]                  from /home/neha/ros2_ws/src/semnav_migration/src/navigation.cpp:25:
[21.898s] /opt/ros/jazzy/include/rclcpp/rclcpp/node.hpp:1634:3: note: declared here
[21.898s]  1634 |   RCLCPP_DISABLE_COPY(Node)
[21.899s]       |   ^~~~~~~~~~~~~~~~~~~
[21.902s] /home/neha/ros2_ws/src/semnav_migration/src/navigation.cpp:46:31: error: ‘class NavigationNode’ has no member named ‘declare_parameter’
[21.902s]    46 |                         this->declare_parameter("pub_twist_topic", "/cmd_vel");
[21.902s]       |                               ^~~~~~~~~~~~~~~~~
[21.902s] /home/neha/ros2_ws/src/semnav_migration/src/navigation.cpp:47:31: error: ‘class NavigationNode’ has no member named ‘declare_parameter’
[21.902s]    47 |                         this->declare_parameter("pub_behaviorID_topic", "/behavior_id");
[21.902s]       |                               ^~~~~~~~~~~~~~~~~
[21.903s] /home/neha/ros2_ws/src/semnav_migration/src/navigation.cpp:48:31: error: ‘class NavigationNode’ has no member named ‘declare_parameter’
[21.903s]    48 |                         this->declare_parameter("pub_behaviorMode_topic", "/behavior_mode");
[21.903s]       |                               ^~~~~~~~~~~~~~~~~
[21.903s] /home/neha/ros2_ws/src/semnav_migration/src/navigation.cpp:49:31: error: ‘class NavigationNode’ has no member named ‘declare_parameter’
[21.903s]    49 |                         this->declare_parameter("sub_laser_topic", "/laser_scan");
[21.903s]       |                               ^~~~~~~~~~~~~~~~~
[21.903s] /home/neha/ros2_ws/src/semnav_migration/src/navigation.cpp:50:31: error: ‘class NavigationNode’ has no member named ‘declare_parameter’
[21.904s]    50 |                         this->declare_parameter("sub_robot_topic", "/robot_pose");
[21.907s]       |                               ^~~~~~~~~~~~~~~~~
[21.907s] /home/neha/ros2_ws/src/semnav_migration/src/navigation.cpp:51:31: error: ‘class NavigationNode’ has no member named ‘declare_parameter’
[21.907s]    51 |                         this->declare_parameter("sub_semantic_topic", "/semantic_map");
[21.907s]       |                               ^~~~~~~~~~~~~~~~~
[21.907s] /home/neha/ros2_ws/src/semnav_migration/src/navigation.cpp:52:31: error: ‘class NavigationNode’ has no member named ‘declare_parameter’
[21.907s]    52 |                         this->declare_parameter("world_frame_id", "world");
[21.908s]       |                               ^~~~~~~~~~~~~~~~~
[21.908s] /home/neha/ros2_ws/src/semnav_migration/src/navigation.cpp:53:31: error: ‘class NavigationNode’ has no member named ‘declare_parameter’
[21.908s]    53 |                         this->declare_parameter("odom_frame_id", "odom");
[21.908s]       |                               ^~~~~~~~~~~~~~~~~
[21.908s] /home/neha/ros2_ws/src/semnav_migration/src/navigation.cpp:54:31: error: ‘class NavigationNode’ has no member named ‘declare_parameter’
[21.908s]    54 |                         this->declare_parameter("laser_frame_id", "laser_frame");
[21.908s]       |                               ^~~~~~~~~~~~~~~~~
[21.908s] /home/neha/ros2_ws/src/semnav_migration/src/navigation.cpp:56:31: error: ‘class NavigationNode’ has no member named ‘declare_parameter’
[21.909s]    56 |                         this->declare_parameter("target_object", "");
[21.909s]       |                               ^~~~~~~~~~~~~~~~~
[21.909s] /home/neha/ros2_ws/src/semnav_migration/src/navigation.cpp:57:31: error: ‘class NavigationNode’ has no member named ‘declare_parameter’
[21.909s]    57 |                         this->declare_parameter("target_object_length", 0.0);
[21.909s]       |                               ^~~~~~~~~~~~~~~~~
[21.910s] /home/neha/ros2_ws/src/semnav_migration/src/navigation.cpp:58:31: error: ‘class NavigationNode’ has no member named ‘declare_parameter’
[21.910s]    58 |                         this->declare_parameter("target_object_width", 0.0);
[21.912s]       |                               ^~~~~~~~~~~~~~~~~
[21.912s] /home/neha/ros2_ws/src/semnav_migration/src/navigation.cpp:60:31: error: ‘class NavigationNode’ has no member named ‘declare_parameter’
[21.912s]    60 |                         this->declare_parameter("RobotRadius", 0.0);
[21.912s]       |                               ^~~~~~~~~~~~~~~~~
[21.912s] /home/neha/ros2_ws/src/semnav_migration/src/navigation.cpp:61:31: error: ‘class NavigationNode’ has no member named ‘declare_parameter’
[21.912s]    61 |                         this->declare_parameter("ObstacleDilation", 0.0);
[21.912s]       |                               ^~~~~~~~~~~~~~~~~
[21.913s] /home/neha/ros2_ws/src/semnav_migration/src/navigation.cpp:62:31: error: ‘class NavigationNode’ has no member named ‘declare_parameter’
[21.915s]    62 |                         this->declare_parameter("WalkHeight", 0.0);
[21.915s]       |                               ^~~~~~~~~~~~~~~~~
[21.915s] /home/neha/ros2_ws/src/semnav_migration/src/navigation.cpp:64:31: error: ‘class NavigationNode’ has no member named ‘declare_parameter’
[21.915s]    64 |                         this->declare_parameter("AllowableRange", 0.0);
[21.915s]       |                               ^~~~~~~~~~~~~~~~~
[21.915s] /home/neha/ros2_ws/src/semnav_migration/src/navigation.cpp:65:31: error: ‘class NavigationNode’ has no member named ‘declare_parameter’
[21.916s]    65 |                         this->declare_parameter("CutoffRange", 0.0);
[21.916s]       |                               ^~~~~~~~~~~~~~~~~
[21.916s] /home/neha/ros2_ws/src/semnav_migration/src/navigation.cpp:67:31: error: ‘class NavigationNode’ has no member named ‘declare_parameter’
[21.916s]    67 |                         this->declare_parameter("ForwardLinCmdLimit", 0.0);
[21.916s]       |                               ^~~~~~~~~~~~~~~~~
[21.916s] /home/neha/ros2_ws/src/semnav_migration/src/navigation.cpp:68:31: error: ‘class NavigationNode’ has no member named ‘declare_parameter’
[21.916s]    68 |                         this->declare_parameter("BackwardLinCmdLimit", 0.0);
[21.916s]       |                               ^~~~~~~~~~~~~~~~~
[21.917s] /home/neha/ros2_ws/src/semnav_migration/src/navigation.cpp:69:31: error: ‘class NavigationNode’ has no member named ‘declare_parameter’
[21.919s]    69 |                         this->declare_parameter("AngCmdLimit", 0.0);
[21.919s]       |                               ^~~~~~~~~~~~~~~~~
[21.919s] /home/neha/ros2_ws/src/semnav_migration/src/navigation.cpp:70:31: error: ‘class NavigationNode’ has no member named ‘declare_parameter’
[21.919s]    70 |                         this->declare_parameter("RFunctionExponent", 0.0);
[21.919s]       |                               ^~~~~~~~~~~~~~~~~
[21.919s] /home/neha/ros2_ws/src/semnav_migration/src/navigation.cpp:71:31: error: ‘class NavigationNode’ has no member named ‘declare_parameter’
[21.919s]    71 |                         this->declare_parameter("Epsilon", 0.0);
[21.920s]       |                               ^~~~~~~~~~~~~~~~~
[21.920s] /home/neha/ros2_ws/src/semnav_migration/src/navigation.cpp:72:31: error: ‘class NavigationNode’ has no member named ‘declare_parameter’
[21.920s]    72 |                         this->declare_parameter("VarEpsilon", 0.0);
[21.920s]       |                               ^~~~~~~~~~~~~~~~~
[21.920s] /home/neha/ros2_ws/src/semnav_migration/src/navigation.cpp:73:31: error: ‘class NavigationNode’ has no member named ‘declare_parameter’
[21.920s]    73 |                         this->declare_parameter("Mu1", 0.0);
[21.920s]       |                               ^~~~~~~~~~~~~~~~~
[21.921s] /home/neha/ros2_ws/src/semnav_migration/src/navigation.cpp:74:31: error: ‘class NavigationNode’ has no member named ‘declare_parameter’
[21.923s]    74 |                         this->declare_parameter("Mu2", 0.0);
[21.923s]       |                               ^~~~~~~~~~~~~~~~~
[21.923s] /home/neha/ros2_ws/src/semnav_migration/src/navigation.cpp:75:31: error: ‘class NavigationNode’ has no member named ‘declare_parameter’
[21.923s]    75 |                         this->declare_parameter("SemanticMapUpdateRate", 0.0);
[21.923s]       |                               ^~~~~~~~~~~~~~~~~
[21.923s] /home/neha/ros2_ws/src/semnav_migration/src/navigation.cpp:78:31: error: ‘class NavigationNode’ has no member named ‘declare_parameter’
[21.923s]    78 |                         this->declare_parameter("LinearGain", 0.0);
[21.924s]       |                               ^~~~~~~~~~~~~~~~~
[21.924s] /home/neha/ros2_ws/src/semnav_migration/src/navigation.cpp:79:31: error: ‘class NavigationNode’ has no member named ‘declare_parameter’
[21.924s]    79 |                         this->declare_parameter("AngularGain", 0.0);
[21.924s]       |                               ^~~~~~~~~~~~~~~~~
[21.924s] /home/neha/ros2_ws/src/semnav_migration/src/navigation.cpp:81:31: error: ‘class NavigationNode’ has no member named ‘declare_parameter’
[21.924s]    81 |                         this->declare_parameter("Goal_x", 0.0);
[21.924s]       |                               ^~~~~~~~~~~~~~~~~
[21.924s] /home/neha/ros2_ws/src/semnav_migration/src/navigation.cpp:82:31: error: ‘class NavigationNode’ has no member named ‘declare_parameter’
[21.925s]    82 |                         this->declare_parameter("Goal_y", 0.0);
[21.927s]       |                               ^~~~~~~~~~~~~~~~~
[21.927s] /home/neha/ros2_ws/src/semnav_migration/src/navigation.cpp:85:29: error: ‘class rclcpp::Node’ has no member named ‘getParam’
[21.927s]    85 |                         nh_.getParam("Tolerance", Tolerance_);
[21.927s]       |                             ^~~~~~~~
[21.927s] /home/neha/ros2_ws/src/semnav_migration/src/navigation.cpp:87:31: error: ‘class NavigationNode’ has no member named ‘declare_parameter’
[21.927s]    87 |                         this->declare_parameter("LowpassCutOff", 0.0);
[21.928s]       |                               ^~~~~~~~~~~~~~~~~
[21.928s] /home/neha/ros2_ws/src/semnav_migration/src/navigation.cpp:88:31: error: ‘class NavigationNode’ has no member named ‘declare_parameter’
[21.928s]    88 |                         this->declare_parameter("LowpassSampling", 0.0);
[21.928s]       |                               ^~~~~~~~~~~~~~~~~
[21.928s] /home/neha/ros2_ws/src/semnav_migration/src/navigation.cpp:89:31: error: ‘class NavigationNode’ has no member named ‘declare_parameter’
[21.928s]    89 |                         this->declare_parameter("LowpassOrder", 0.0);
[21.928s]       |                               ^~~~~~~~~~~~~~~~~
[21.928s] /home/neha/ros2_ws/src/semnav_migration/src/navigation.cpp:90:31: error: ‘class NavigationNode’ has no member named ‘declare_parameter’
[21.929s]    90 |                         this->declare_parameter("LowpassSamples", 0.0);
[21.931s]       |                               ^~~~~~~~~~~~~~~~~
[21.931s] /home/neha/ros2_ws/src/semnav_migration/src/navigation.cpp:92:31: error: ‘class NavigationNode’ has no member named ‘declare_parameter’
[21.931s]    92 |                         this->declare_parameter("DebugFlag", false);
[21.931s]       |                               ^~~~~~~~~~~~~~~~~
[21.931s] /home/neha/ros2_ws/src/semnav_migration/src/navigation.cpp:94:50: error: ‘class NavigationNode’ has no member named ‘get_parameter’
[21.931s]    94 |                         pub_twist_topic_ = this->get_parameter("pub_twist_topic").as_string();
[21.932s]       |                                                  ^~~~~~~~~~~~~
[21.932s] /home/neha/ros2_ws/src/semnav_migration/src/navigation.cpp:95:55: error: ‘class NavigationNode’ has no member named ‘get_parameter’
[21.932s]    95 |                         pub_behaviorID_topic_ = this->get_parameter("pub_behaviorID_topic").as_string();
[21.932s]       |                                                       ^~~~~~~~~~~~~
[21.932s] /home/neha/ros2_ws/src/semnav_migration/src/navigation.cpp:96:57: error: ‘class NavigationNode’ has no member named ‘get_parameter’
[21.932s]    96 |                         pub_behaviorMode_topic_ = this->get_parameter("pub_behaviorMode_topic").as_string();
[21.932s]       |                                                         ^~~~~~~~~~~~~
[21.932s] /home/neha/ros2_ws/src/semnav_migration/src/navigation.cpp:97:50: error: ‘class NavigationNode’ has no member named ‘get_parameter’
[21.933s]    97 |                         sub_laser_topic_ = this->get_parameter("sub_laser_topic").as_string();
[21.935s]       |                                                  ^~~~~~~~~~~~~
[21.935s] /home/neha/ros2_ws/src/semnav_migration/src/navigation.cpp:98:50: error: ‘class NavigationNode’ has no member named ‘get_parameter’
[21.935s]    98 |                         sub_robot_topic_ = this->get_parameter("sub_robot_topic").as_string();
[21.935s]       |                                                  ^~~~~~~~~~~~~
[21.935s] /home/neha/ros2_ws/src/semnav_migration/src/navigation.cpp:99:53: error: ‘class NavigationNode’ has no member named ‘get_parameter’
[21.935s]    99 |                         sub_semantic_topic_ = this->get_parameter("sub_semantic_topic").as_string();
[21.936s]       |                                                     ^~~~~~~~~~~~~
[21.936s] /home/neha/ros2_ws/src/semnav_migration/src/navigation.cpp:100:49: error: ‘class NavigationNode’ has no member named ‘get_parameter’
[21.936s]   100 |                         world_frame_id_ = this->get_parameter("world_frame_id").as_string();
[21.936s]       |                                                 ^~~~~~~~~~~~~
[21.936s] /home/neha/ros2_ws/src/semnav_migration/src/navigation.cpp:101:48: error: ‘class NavigationNode’ has no member named ‘get_parameter’
[21.936s]   101 |                         odom_frame_id_ = this->get_parameter("odom_frame_id").as_string();
[21.936s]       |                                                ^~~~~~~~~~~~~
[21.936s] /home/neha/ros2_ws/src/semnav_migration/src/navigation.cpp:102:49: error: ‘class NavigationNode’ has no member named ‘get_parameter’
[21.939s]   102 |                         laser_frame_id_ = this->get_parameter("laser_frame_id").as_string();
[21.939s]       |                                                 ^~~~~~~~~~~~~
[21.986s] /home/neha/ros2_ws/src/semnav_migration/src/navigation_semantic.cpp: In constructor ‘SemanticNavigationNode::SemanticNavigationNode()’:
[21.986s] /home/neha/ros2_ws/src/semnav_migration/src/navigation_semantic.cpp:136:25: error: ‘pub_behaviorID_’ was not declared in this scope; did you mean ‘pub_behaviorID_topic_’?
[21.986s]   136 |                         pub_behaviorID_ = nh_.advertise<std_msgs::UInt32>(pub_behaviorID_topic_, 1, true);
[21.986s]       |                         ^~~~~~~~~~~~~~~
[21.986s]       |                         pub_behaviorID_topic_
[21.993s] /home/neha/ros2_ws/src/semnav_migration/src/navigation.cpp:103:25: error: ‘target_object_’ was not declared in this scope
[21.993s]   103 |                         target_object_ = this->get_parameter("target_object").as_string();
[21.993s]       |                         ^~~~~~~~~~~~~~
[21.993s] /home/neha/ros2_ws/src/semnav_migration/src/navigation.cpp:103:48: error: ‘class NavigationNode’ has no member named ‘get_parameter’
[21.993s]   103 |                         target_object_ = this->get_parameter("target_object").as_string();
[21.993s]       |                                                ^~~~~~~~~~~~~
[22.020s] /home/neha/ros2_ws/src/semnav_migration/src/navigation_semantic.cpp:136:43: error: ‘nh_’ was not declared in this scope
[22.020s]   136 |                         pub_behaviorID_ = nh_.advertise<std_msgs::UInt32>(pub_behaviorID_topic_, 1, true);
[22.020s]       |                                           ^~~
[22.026s] /home/neha/ros2_ws/src/semnav_migration/src/navigation_semantic.cpp:136:67: error: ‘UInt32’ is not a member of ‘std_msgs’
[22.026s]   136 |                         pub_behaviorID_ = nh_.advertise<std_msgs::UInt32>(pub_behaviorID_topic_, 1, true);
[22.026s]       |                                                                   ^~~~~~
[22.119s] /home/neha/ros2_ws/src/semnav_migration/src/navigation_semantic.cpp:137:25: error: ‘pub_behaviorMode_’ was not declared in this scope; did you mean ‘pub_behaviorMode_topic_’?
[22.119s]   137 |                         pub_behaviorMode_ = nh_.advertise<std_msgs::UInt32>(pub_behaviorMode_topic_, 1, true);
[22.119s]       |                         ^~~~~~~~~~~~~~~~~
[22.120s]       |                         pub_behaviorMode_topic_
[22.124s] /home/neha/ros2_ws/src/semnav_migration/src/navigation_semantic.cpp:137:69: error: ‘UInt32’ is not a member of ‘std_msgs’
[22.124s]   137 |                         pub_behaviorMode_ = nh_.advertise<std_msgs::UInt32>(pub_behaviorMode_topic_, 1, true);
[22.124s]       |                                                                     ^~~~~~
[22.133s] /home/neha/ros2_ws/src/semnav_migration/src/navigation.cpp:104:25: error: ‘target_object_length_’ was not declared in this scope
[22.133s]   104 |                         target_object_length_ = this->get_parameter("target_object_length").as_double();
[22.133s]       |                         ^~~~~~~~~~~~~~~~~~~~~
[22.133s] /home/neha/ros2_ws/src/semnav_migration/src/navigation.cpp:104:55: error: ‘class NavigationNode’ has no member named ‘get_parameter’
[22.133s]   104 |                         target_object_length_ = this->get_parameter("target_object_length").as_double();
[22.134s]       |                                                       ^~~~~~~~~~~~~
[22.175s] /home/neha/ros2_ws/src/semnav_migration/src/navigation_semantic.cpp:138:25: error: ‘pub_twist_’ was not declared in this scope; did you mean ‘publish_twist’?
[22.175s]   138 |                         pub_twist_ = nh_.advertise<geometry_msgs::msg::Twist>(pub_twist_topic_, 1, true);
[22.175s]       |                         ^~~~~~~~~~
[22.175s]       |                         publish_twist
[22.175s] /home/neha/ros2_ws/src/semnav_migration/src/navigation_semantic.cpp:138:77: error: expected primary-expression before ‘>’ token
[22.175s]   138 |                         pub_twist_ = nh_.advertise<geometry_msgs::msg::Twist>(pub_twist_topic_, 1, true);
[22.175s]       |                                                                             ^
[22.178s] /home/neha/ros2_ws/src/semnav_migration/src/navigation_semantic.cpp:141:42: error: ‘message_filters::msg’ has not been declared
[22.178s]   141 |                         message_filters::msg::Subscriber<sensor_msgs::LaserScan> sub_laser(nh_, sub_laser_topic_, 1);
[22.178s]       |                                          ^~~
[22.181s] /home/neha/ros2_ws/src/semnav_migration/src/navigation_semantic.cpp:141:71: error: ‘LaserScan’ is not a member of ‘sensor_msgs’; did you mean ‘sensor_msgs::msg::LaserScan’?
[22.181s]   141 |                         message_filters::msg::Subscriber<sensor_msgs::LaserScan> sub_laser(nh_, sub_laser_topic_, 1);
[22.181s]       |                                                                       ^~~~~~~~~
[22.181s] In file included from /opt/ros/jazzy/include/sensor_msgs/sensor_msgs/msg/laser_scan.hpp:7,
[22.182s]                  from /home/neha/ros2_ws/src/semnav_migration/include/reactive_planner_lib.h:48,
[22.182s]                  from /home/neha/ros2_ws/src/semnav_migration/src/navigation_semantic.cpp:25:
[22.182s] /opt/ros/jazzy/include/sensor_msgs/sensor_msgs/msg/detail/laser_scan__struct.hpp:250:7: note: ‘sensor_msgs::msg::LaserScan’ declared here
[22.182s]   250 | using LaserScan =
[22.182s]       |       ^~~~~~~~~
[22.232s] /home/neha/ros2_ws/src/semnav_migration/src/navigation_semantic.cpp:141:82: error: ‘sub_laser’ was not declared in this scope
[22.232s]   141 |                         message_filters::msg::Subscriber<sensor_msgs::LaserScan> sub_laser(nh_, sub_laser_topic_, 1);
[22.232s]       |                                                                                  ^~~~~~~~~
[22.266s] /home/neha/ros2_ws/src/semnav_migration/src/navigation.cpp:105:25: error: ‘target_object_width_’ was not declared in this scope
[22.266s]   105 |                         target_object_width_ = this->get_parameter("target_object_width").as_double();
[22.266s]       |                         ^~~~~~~~~~~~~~~~~~~~
[22.266s] /home/neha/ros2_ws/src/semnav_migration/src/navigation.cpp:105:54: error: ‘class NavigationNode’ has no member named ‘get_parameter’
[22.266s]   105 |                         target_object_width_ = this->get_parameter("target_object_width").as_double();
[22.267s]       |                                                      ^~~~~~~~~~~~~
[22.267s] /home/neha/ros2_ws/src/semnav_migration/src/navigation.cpp:107:46: error: ‘class NavigationNode’ has no member named ‘get_parameter’
[22.267s]   107 |                         RobotRadius_ = this->get_parameter("RobotRadius").as_double();
[22.267s]       |                                              ^~~~~~~~~~~~~
[22.268s] /home/neha/ros2_ws/src/semnav_migration/src/navigation.cpp:108:51: error: ‘class NavigationNode’ has no member named ‘get_parameter’
[22.268s]   108 |                         ObstacleDilation_ = this->get_parameter("ObstacleDilation").as_double();
[22.268s]       |                                                   ^~~~~~~~~~~~~
[22.268s] /home/neha/ros2_ws/src/semnav_migration/src/navigation.cpp:109:45: error: ‘class NavigationNode’ has no member named ‘get_parameter’
[22.268s]   109 |                         WalkHeight_ = this->get_parameter("WalkHeight").as_double();
[22.268s]       |                                             ^~~~~~~~~~~~~
[22.268s] /home/neha/ros2_ws/src/semnav_migration/src/navigation.cpp:110:49: error: ‘class NavigationNode’ has no member named ‘get_parameter’
[22.268s]   110 |                         AllowableRange_ = this->get_parameter("AllowableRange").as_double();
[22.269s]       |                                                 ^~~~~~~~~~~~~
[22.272s] /home/neha/ros2_ws/src/semnav_migration/src/navigation.cpp:111:46: error: ‘class NavigationNode’ has no member named ‘get_parameter’
[22.272s]   111 |                         CutoffRange_ = this->get_parameter("CutoffRange").as_double();
[22.272s]       |                                              ^~~~~~~~~~~~~
[22.272s] /home/neha/ros2_ws/src/semnav_migration/src/navigation.cpp:112:53: error: ‘class NavigationNode’ has no member named ‘get_parameter’
[22.272s]   112 |                         ForwardLinCmdLimit_ = this->get_parameter("ForwardLinCmdLimit").as_double();
[22.273s]       |                                                     ^~~~~~~~~~~~~
[22.273s] /home/neha/ros2_ws/src/semnav_migration/src/navigation.cpp:113:54: error: ‘class NavigationNode’ has no member named ‘get_parameter’
[22.273s]   113 |                         BackwardLinCmdLimit_ = this->get_parameter("BackwardLinCmdLimit").as_double();
[22.273s]       |                                                      ^~~~~~~~~~~~~
[22.273s] /home/neha/ros2_ws/src/semnav_migration/src/navigation.cpp:114:46: error: ‘class NavigationNode’ has no member named ‘get_parameter’
[22.273s]   114 |                         AngCmdLimit_ = this->get_parameter("AngCmdLimit").as_double();
[22.273s]       |                                              ^~~~~~~~~~~~~
[22.274s] /home/neha/ros2_ws/src/semnav_migration/src/navigation.cpp:115:52: error: ‘class NavigationNode’ has no member named ‘get_parameter’
[22.276s]   115 |                         RFunctionExponent_ = this->get_parameter("RFunctionExponent").as_double();
[22.276s]       |                                                    ^~~~~~~~~~~~~
[22.276s] /home/neha/ros2_ws/src/semnav_migration/src/navigation.cpp:116:42: error: ‘class NavigationNode’ has no member named ‘get_parameter’
[22.276s]   116 |                         Epsilon_ = this->get_parameter("Epsilon").as_double();
[22.276s]       |                                          ^~~~~~~~~~~~~
[22.277s] /home/neha/ros2_ws/src/semnav_migration/src/navigation.cpp:117:45: error: ‘class NavigationNode’ has no member named ‘get_parameter’
[22.277s]   117 |                         VarEpsilon_ = this->get_parameter("VarEpsilon").as_double();
[22.277s]       |                                             ^~~~~~~~~~~~~
[22.277s] /home/neha/ros2_ws/src/semnav_migration/src/navigation.cpp:118:38: error: ‘class NavigationNode’ has no member named ‘get_parameter’
[22.277s]   118 |                         Mu1_ = this->get_parameter("Mu1").as_double();
[22.277s]       |                                      ^~~~~~~~~~~~~
[22.277s] /home/neha/ros2_ws/src/semnav_migration/src/navigation.cpp:119:38: error: ‘class NavigationNode’ has no member named ‘get_parameter’
[22.277s]   119 |                         Mu2_ = this->get_parameter("Mu2").as_double();
[22.278s]       |                                      ^~~~~~~~~~~~~
[22.280s] /home/neha/ros2_ws/src/semnav_migration/src/navigation.cpp:120:55: error: ‘class NavigationNode’ has no member named ‘get_parameter’
[22.280s]   120 |                         DiffeoTreeUpdateRate_ = this->get_parameter("SemanticMapUpdateRate").as_double();
[22.280s]       |                                                       ^~~~~~~~~~~~~
[22.280s] /home/neha/ros2_ws/src/semnav_migration/src/navigation.cpp:122:45: error: ‘class NavigationNode’ has no member named ‘get_parameter’
[22.280s]   122 |                         LinearGain_ = this->get_parameter("LinearGain").as_double();
[22.281s]       |                                             ^~~~~~~~~~~~~
[22.281s] /home/neha/ros2_ws/src/semnav_migration/src/navigation.cpp:123:46: error: ‘class NavigationNode’ has no member named ‘get_parameter’
[22.281s]   123 |                         AngularGain_ = this->get_parameter("AngularGain").as_double();
[22.281s]       |                                              ^~~~~~~~~~~~~
[22.281s] /home/neha/ros2_ws/src/semnav_migration/src/navigation.cpp:124:41: error: ‘class NavigationNode’ has no member named ‘get_parameter’
[22.281s]   124 |                         Goal_x_ = this->get_parameter("Goal_x").as_double();
[22.281s]       |                                         ^~~~~~~~~~~~~
[22.281s] /home/neha/ros2_ws/src/semnav_migration/src/navigation.cpp:125:41: error: ‘class NavigationNode’ has no member named ‘get_parameter’
[22.284s]   125 |                         Goal_y_ = this->get_parameter("Goal_y").as_double();
[22.284s]       |                                         ^~~~~~~~~~~~~
[22.284s] /home/neha/ros2_ws/src/semnav_migration/src/navigation.cpp:126:44: error: ‘class NavigationNode’ has no member named ‘get_parameter’
[22.284s]   126 |                         Tolerance_ = this->get_parameter("Tolerance").as_double();
[22.284s]       |                                            ^~~~~~~~~~~~~
[22.304s] /home/neha/ros2_ws/src/semnav_migration/src/navigation.cpp:128:25: error: ‘LowpassCutOff_’ was not declared in this scope; did you mean ‘LowpassCutoff_’?
[22.304s]   128 |                         LowpassCutOff_ = this->get_parameter("LowpassCutOff").as_double();
[22.304s]       |                         ^~~~~~~~~~~~~~
[22.304s]       |                         LowpassCutoff_
[22.304s] /home/neha/ros2_ws/src/semnav_migration/src/navigation.cpp:128:48: error: ‘class NavigationNode’ has no member named ‘get_parameter’
[22.304s]   128 |                         LowpassCutOff_ = this->get_parameter("LowpassCutOff").as_double();
[22.304s]       |                                                ^~~~~~~~~~~~~
[22.305s] /home/neha/ros2_ws/src/semnav_migration/src/navigation.cpp:129:50: error: ‘class NavigationNode’ has no member named ‘get_parameter’
[22.305s]   129 |                         LowpassSampling_ = this->get_parameter("LowpassSampling").as_double();
[22.305s]       |                                                  ^~~~~~~~~~~~~
[22.305s] /home/neha/ros2_ws/src/semnav_migration/src/navigation.cpp:130:47: error: ‘class NavigationNode’ has no member named ‘get_parameter’
[22.305s]   130 |                         LowpassOrder_ = this->get_parameter("LowpassOrder").as_double();
[22.305s]       |                                               ^~~~~~~~~~~~~
[22.306s] /home/neha/ros2_ws/src/semnav_migration/src/navigation.cpp:131:49: error: ‘class NavigationNode’ has no member named ‘get_parameter’
[22.306s]   131 |                         LowpassSamples_ = this->get_parameter("LowpassSamples").as_double();
[22.306s]       |                                                 ^~~~~~~~~~~~~
[22.306s] /home/neha/ros2_ws/src/semnav_migration/src/navigation.cpp:133:44: error: ‘class NavigationNode’ has no member named ‘get_parameter’
[22.306s]   133 |                         DebugFlag_ = this->get_parameter("DebugFlag").as_bool();
[22.306s]       |                                            ^~~~~~~~~~~~~
[22.306s] /home/neha/ros2_ws/src/semnav_migration/src/navigation.cpp:136:47: error: ‘class rclcpp::Node’ has no member named ‘advertise’
[22.306s]   136 |                         pub_behaviorID_ = nh_.advertise<std_msgs::UInt32>(pub_behaviorID_topic_, 1, true);
[22.307s]       |                                               ^~~~~~~~~
[22.308s] /home/neha/ros2_ws/src/semnav_migration/src/navigation.cpp:136:67: error: ‘UInt32’ is not a member of ‘std_msgs’
[22.308s]   136 |                         pub_behaviorID_ = nh_.advertise<std_msgs::UInt32>(pub_behaviorID_topic_, 1, true);
[22.308s]       |                                                                   ^~~~~~
[22.309s] /home/neha/ros2_ws/src/semnav_migration/src/navigation.cpp:137:49: error: ‘class rclcpp::Node’ has no member named ‘advertise’
[22.309s]   137 |                         pub_behaviorMode_ = nh_.advertise<std_msgs::UInt32>(pub_behaviorMode_topic_, 1, true);
[22.309s]       |                                                 ^~~~~~~~~
[22.312s] /home/neha/ros2_ws/src/semnav_migration/src/navigation.cpp:137:69: error: ‘UInt32’ is not a member of ‘std_msgs’
[22.312s]   137 |                         pub_behaviorMode_ = nh_.advertise<std_msgs::UInt32>(pub_behaviorMode_topic_, 1, true);
[22.312s]       |                                                                     ^~~~~~
[22.313s] /home/neha/ros2_ws/src/semnav_migration/src/navigation.cpp:138:42: error: ‘class rclcpp::Node’ has no member named ‘advertise’
[22.313s]   138 |                         pub_twist_ = nh_.advertise<geometry_msgs::Twist>(pub_twist_topic_, 1, true);
[22.313s]       |                                          ^~~~~~~~~
[22.316s] /home/neha/ros2_ws/src/semnav_migration/src/navigation.cpp:138:67: error: ‘Twist’ is not a member of ‘geometry_msgs’; did you mean ‘geometry_msgs::msg::Twist’?
[22.316s]   138 |                         pub_twist_ = nh_.advertise<geometry_msgs::Twist>(pub_twist_topic_, 1, true);
[22.316s]       |                                                                   ^~~~~
[22.316s] In file included from /opt/ros/jazzy/include/geometry_msgs/geometry_msgs/msg/detail/velocity_stamped__struct.hpp:25,
[22.317s]                  from /opt/ros/jazzy/include/geometry_msgs/geometry_msgs/msg/velocity_stamped.hpp:7,
[22.317s]                  from /opt/ros/jazzy/include/tf2/tf2/buffer_core.h:49,
[22.317s]                  from /opt/ros/jazzy/include/tf2_ros/tf2_ros/async_buffer_interface.h:39,
[22.317s]                  from /opt/ros/jazzy/include/tf2_ros/tf2_ros/buffer.h:42,
[22.317s]                  from /home/neha/ros2_ws/src/semnav_migration/include/reactive_planner_lib.h:38:
[22.317s] /opt/ros/jazzy/include/geometry_msgs/geometry_msgs/msg/detail/twist__struct.hpp:137:7: note: ‘geometry_msgs::msg::Twist’ declared here
[22.317s]   137 | using Twist =
[22.318s]       |       ^~~~~
[22.320s] /home/neha/ros2_ws/src/semnav_migration/src/navigation.cpp:141:66: error: ‘LaserScan’ is not a member of ‘sensor_msgs’; did you mean ‘sensor_msgs::msg::LaserScan’?
[22.320s]   141 |                         message_filters::Subscriber<sensor_msgs::LaserScan> sub_laser(nh_, sub_laser_topic_, 1);
[22.320s]       |                                                                  ^~~~~~~~~
[22.321s] In file included from /opt/ros/jazzy/include/sensor_msgs/sensor_msgs/msg/laser_scan.hpp:7,
[22.321s]                  from /home/neha/ros2_ws/src/semnav_migration/include/reactive_planner_lib.h:48:
[22.321s] /opt/ros/jazzy/include/sensor_msgs/sensor_msgs/msg/detail/laser_scan__struct.hpp:250:7: note: ‘sensor_msgs::msg::LaserScan’ declared here
[22.321s]   250 | using LaserScan =
[22.321s]       |       ^~~~~~~~~
[22.321s] /home/neha/ros2_ws/src/semnav_migration/src/navigation.cpp:141:75: error: template argument 1 is invalid
[22.321s]   141 |                         message_filters::Subscriber<sensor_msgs::LaserScan> sub_laser(nh_, sub_laser_topic_, 1);
[22.321s]       |                                                                           ^
[22.323s] /home/neha/ros2_ws/src/semnav_migration/src/navigation.cpp:141:111: error: expression list treated as compound expression in initializer [-fpermissive]
[22.323s]   141 |                         message_filters::Subscriber<sensor_msgs::LaserScan> sub_laser(nh_, sub_laser_topic_, 1);
[22.323s]       |                                                                                                               ^
[22.324s] /home/neha/ros2_ws/src/semnav_migration/src/navigation.cpp:142:63: error: ‘Odometry’ is not a member of ‘nav_msgs’; did you mean ‘nav_msgs::msg::Odometry’?
[22.324s]   142 |                         message_filters::Subscriber<nav_msgs::Odometry> sub_robot(nh_, sub_robot_topic_, 1);
[22.324s]       |                                                               ^~~~~~~~
[22.325s] In file included from /opt/ros/jazzy/include/nav_msgs/nav_msgs/msg/odometry.hpp:7,
[22.325s]                  from /home/neha/ros2_ws/src/semnav_migration/include/reactive_planner_lib.h:49:
[22.325s] /opt/ros/jazzy/include/nav_msgs/nav_msgs/msg/detail/odometry__struct.hpp:175:7: note: ‘nav_msgs::msg::Odometry’ declared here
[22.325s]   175 | using Odometry =
[22.325s]       |       ^~~~~~~~
[22.325s] /home/neha/ros2_ws/src/semnav_migration/src/navigation.cpp:142:71: error: template argument 1 is invalid
[22.325s]   142 |                         message_filters::Subscriber<nav_msgs::Odometry> sub_robot(nh_, sub_robot_topic_, 1);
[22.326s]       |                                                                       ^
[22.326s] /home/neha/ros2_ws/src/semnav_migration/src/navigation.cpp:142:107: error: expression list treated as compound expression in initializer [-fpermissive]
[22.326s]   142 |                         message_filters::Subscriber<nav_msgs::Odometry> sub_robot(nh_, sub_robot_topic_, 1);
[22.326s]       |                                                                                                           ^
[22.327s] /home/neha/ros2_ws/src/semnav_migration/src/navigation_semantic.cpp:143:94: error: ‘LaserScan’ is not a member of ‘sensor_msgs’; did you mean ‘sensor_msgs::msg::LaserScan’?
[22.327s]   143 |                         typedef message_filters::sync_policies::ApproximateTime<sensor_msgs::LaserScan,nav_msgs::msg::Odometry> SyncPolicy;
[22.327s]       |                                                                                              ^~~~~~~~~
[22.327s] /opt/ros/jazzy/include/sensor_msgs/sensor_msgs/msg/detail/laser_scan__struct.hpp:250:7: note: ‘sensor_msgs::msg::LaserScan’ declared here
[22.327s]   250 | using LaserScan =
[22.327s]       |       ^~~~~~~~~
[22.328s] /home/neha/ros2_ws/src/semnav_migration/src/navigation_semantic.cpp:143:127: error: template argument 1 is invalid
[22.328s]   143 |                         typedef message_filters::sync_policies::ApproximateTime<sensor_msgs::LaserScan,nav_msgs::msg::Odometry> SyncPolicy;
[22.328s]       |                                                                                                                               ^
[22.328s] /home/neha/ros2_ws/src/semnav_migration/src/navigation.cpp:143:94: error: ‘LaserScan’ is not a member of ‘sensor_msgs’; did you mean ‘sensor_msgs::msg::LaserScan’?
[22.329s]   143 |                         typedef message_filters::sync_policies::ApproximateTime<sensor_msgs::LaserScan,nav_msgs::Odometry> SyncPolicy;
[22.329s]       |                                                                                              ^~~~~~~~~
[22.329s] /opt/ros/jazzy/include/sensor_msgs/sensor_msgs/msg/detail/laser_scan__struct.hpp:250:7: note: ‘sensor_msgs::msg::LaserScan’ declared here
[22.329s]   250 | using LaserScan =
[22.329s]       |       ^~~~~~~~~
[22.332s] In file included from /home/neha/ros2_ws/src/semnav_migration/include/reactive_planner_lib.h:46:
[22.332s] /opt/ros/jazzy/include/message_filters/message_filters/synchronizer.h: In instantiation of ‘class message_filters::Synchronizer<int>’:
[22.332s] /home/neha/ros2_ws/src/semnav_migration/src/navigation_semantic.cpp:146:64:   required from here
[22.333s] /opt/ros/jazzy/include/message_filters/message_filters/synchronizer.h:53:7: error: base type ‘int’ fails to be a struct or class type
[22.333s]    53 | class Synchronizer : public noncopyable, public Policy
[22.333s]       |       ^~~~~~~~~~~~
[22.333s] /home/neha/ros2_ws/src/semnav_migration/src/navigation.cpp:143:114: error: ‘Odometry’ is not a member of ‘nav_msgs’; did you mean ‘nav_msgs::msg::Odometry’?
[22.333s]   143 |                         typedef message_filters::sync_policies::ApproximateTime<sensor_msgs::LaserScan,nav_msgs::Odometry> SyncPolicy;
[22.333s]       |                                                                                                                  ^~~~~~~~
[22.333s] /opt/ros/jazzy/include/nav_msgs/nav_msgs/msg/detail/odometry__struct.hpp:175:7: note: ‘nav_msgs::msg::Odometry’ declared here
[22.334s]   175 | using Odometry =
[22.335s]       |       ^~~~~~~~
[22.335s] /home/neha/ros2_ws/src/semnav_migration/src/navigation.cpp:143:122: error: template argument 1 is invalid
[22.335s]   143 |                         typedef message_filters::sync_policies::ApproximateTime<sensor_msgs::LaserScan,nav_msgs::Odometry> SyncPolicy;
[22.335s]       |                                                                                                                          ^
[22.336s] /home/neha/ros2_ws/src/semnav_migration/src/navigation.cpp:143:122: error: template argument 2 is invalid
[22.339s] /opt/ros/jazzy/include/message_filters/message_filters/synchronizer.h:56:37: error: ‘int’ is not a class, struct, or union type
[22.339s]    56 |   typedef typename Policy::Messages Messages;
[22.339s]       |                                     ^~~~~~~~
[22.339s] /opt/ros/jazzy/include/message_filters/message_filters/synchronizer.h:57:35: error: ‘int’ is not a class, struct, or union type
[22.340s]    57 |   typedef typename Policy::Events Events;
[22.340s]       |                                   ^~~~~~
[22.340s] In file included from /home/neha/ros2_ws/src/semnav_migration/include/reactive_planner_lib.h:46:
[22.340s] /opt/ros/jazzy/include/message_filters/message_filters/synchronizer.h: In instantiation of ‘class message_filters::Synchronizer<int>’:
[22.340s] /home/neha/ros2_ws/src/semnav_migration/src/navigation.cpp:146:64:   required from here
[22.340s] /opt/ros/jazzy/include/message_filters/message_filters/synchronizer.h:53:7: error: base type ‘int’ fails to be a struct or class type
[22.340s]    53 | class Synchronizer : public noncopyable, public Policy
[22.340s]       |       ^~~~~~~~~~~~
[22.341s] /opt/ros/jazzy/include/message_filters/message_filters/synchronizer.h:58:35: error: ‘int’ is not a class, struct, or union type
[22.343s]    58 |   typedef typename Policy::Signal Signal;
[22.343s]       |                                   ^~~~~~
[22.343s] /opt/ros/jazzy/include/message_filters/message_filters/synchronizer.h:60:58: error: ‘int’ is not a class, struct, or union type
[22.343s]    60 |   typedef typename std::tuple_element<0, Messages>::type M0;
[22.343s]       |                                                          ^~
[22.343s] /opt/ros/jazzy/include/message_filters/message_filters/synchronizer.h:56:37: error: ‘int’ is not a class, struct, or union type
[22.344s]    56 |   typedef typename Policy::Messages Messages;
[22.344s]       |                                     ^~~~~~~~
[22.344s] /opt/ros/jazzy/include/message_filters/message_filters/synchronizer.h:61:58: error: ‘int’ is not a class, struct, or union type
[22.344s]    61 |   typedef typename std::tuple_element<1, Messages>::type M1;
[22.344s]       |                                                          ^~
[22.344s] /opt/ros/jazzy/include/message_filters/message_filters/synchronizer.h:57:35: error: ‘int’ is not a class, struct, or union type
[22.344s]    57 |   typedef typename Policy::Events Events;
[22.345s]       |                                   ^~~~~~
[22.348s] /opt/ros/jazzy/include/message_filters/message_filters/synchronizer.h:62:58: error: ‘int’ is not a class, struct, or union type
[22.348s]    62 |   typedef typename std::tuple_element<2, Messages>::type M2;
[22.348s]       |                                                          ^~
[22.348s] /opt/ros/jazzy/include/message_filters/message_filters/synchronizer.h:58:35: error: ‘int’ is not a class, struct, or union type
[22.348s]    58 |   typedef typename Policy::Signal Signal;
[22.348s]       |                                   ^~~~~~
[22.349s] /opt/ros/jazzy/include/message_filters/message_filters/synchronizer.h:63:58: error: ‘int’ is not a class, struct, or union type
[22.349s]    63 |   typedef typename std::tuple_element<3, Messages>::type M3;
[22.349s]       |                                                          ^~
[22.349s] /opt/ros/jazzy/include/message_filters/message_filters/synchronizer.h:60:58: error: ‘int’ is not a class, struct, or union type
[22.349s]    60 |   typedef typename std::tuple_element<0, Messages>::type M0;
[22.349s]       |                                                          ^~
[22.349s] /opt/ros/jazzy/include/message_filters/message_filters/synchronizer.h:64:58: error: ‘int’ is not a class, struct, or union type
[22.350s]    64 |   typedef typename std::tuple_element<4, Messages>::type M4;
[22.352s]       |                                                          ^~
[22.352s] /opt/ros/jazzy/include/message_filters/message_filters/synchronizer.h:61:58: error: ‘int’ is not a class, struct, or union type
[22.352s]    61 |   typedef typename std::tuple_element<1, Messages>::type M1;
[22.352s]       |                                                          ^~
[22.353s] /opt/ros/jazzy/include/message_filters/message_filters/synchronizer.h:65:58: error: ‘int’ is not a class, struct, or union type
[22.353s]    65 |   typedef typename std::tuple_element<5, Messages>::type M5;
[22.353s]       |                                                          ^~
[22.353s] /opt/ros/jazzy/include/message_filters/message_filters/synchronizer.h:62:58: error: ‘int’ is not a class, struct, or union type
[22.353s]    62 |   typedef typename std::tuple_element<2, Messages>::type M2;
[22.353s]       |                                                          ^~
[22.353s] /opt/ros/jazzy/include/message_filters/message_filters/synchronizer.h:66:58: error: ‘int’ is not a class, struct, or union type
[22.354s]    66 |   typedef typename std::tuple_element<6, Messages>::type M6;
[22.356s]       |                                                          ^~
[22.357s] /opt/ros/jazzy/include/message_filters/message_filters/synchronizer.h:63:58: error: ‘int’ is not a class, struct, or union type
[22.357s]    63 |   typedef typename std::tuple_element<3, Messages>::type M3;
[22.357s]       |                                                          ^~
[22.357s] /opt/ros/jazzy/include/message_filters/message_filters/synchronizer.h:67:58: error: ‘int’ is not a class, struct, or union type
[22.357s]    67 |   typedef typename std::tuple_element<7, Messages>::type M7;
[22.357s]       |                                                          ^~
[22.357s] /opt/ros/jazzy/include/message_filters/message_filters/synchronizer.h:64:58: error: ‘int’ is not a class, struct, or union type
[22.358s]    64 |   typedef typename std::tuple_element<4, Messages>::type M4;
[22.358s]       |                                                          ^~
[22.358s] /opt/ros/jazzy/include/message_filters/message_filters/synchronizer.h:68:58: error: ‘int’ is not a class, struct, or union type
[22.358s]    68 |   typedef typename std::tuple_element<8, Messages>::type M8;
[22.358s]       |                                                          ^~
[22.358s] /opt/ros/jazzy/include/message_filters/message_filters/synchronizer.h:65:58: error: ‘int’ is not a class, struct, or union type
[22.358s]    65 |   typedef typename std::tuple_element<5, Messages>::type M5;
[22.359s]       |                                                          ^~
[22.361s] /opt/ros/jazzy/include/message_filters/message_filters/synchronizer.h:71:56: error: ‘int’ is not a class, struct, or union type
[22.361s]    71 |   typedef typename std::tuple_element<0, Events>::type M0Event;
[22.361s]       |                                                        ^~~~~~~
[22.362s] /opt/ros/jazzy/include/message_filters/message_filters/synchronizer.h:66:58: error: ‘int’ is not a class, struct, or union type
[22.362s]    66 |   typedef typename std::tuple_element<6, Messages>::type M6;
[22.362s]       |                                                          ^~
[22.362s] /opt/ros/jazzy/include/message_filters/message_filters/synchronizer.h:72:56: error: ‘int’ is not a class, struct, or union type
[22.362s]    72 |   typedef typename std::tuple_element<1, Events>::type M1Event;
[22.362s]       |                                                        ^~~~~~~
[22.362s] /opt/ros/jazzy/include/message_filters/message_filters/synchronizer.h:73:56: error: ‘int’ is not a class, struct, or union type
[22.363s]    73 |   typedef typename std::tuple_element<2, Events>::type M2Event;
[22.365s]       |                                                        ^~~~~~~
[22.365s] /opt/ros/jazzy/include/message_filters/message_filters/synchronizer.h:67:58: error: ‘int’ is not a class, struct, or union type
[22.365s]    67 |   typedef typename std::tuple_element<7, Messages>::type M7;
[22.365s]       |                                                          ^~
[22.365s] /opt/ros/jazzy/include/message_filters/message_filters/synchronizer.h:68:58: error: ‘int’ is not a class, struct, or union type
[22.366s]    68 |   typedef typename std::tuple_element<8, Messages>::type M8;
[22.366s]       |                                                          ^~
[22.366s] /opt/ros/jazzy/include/message_filters/message_filters/synchronizer.h:74:56: error: ‘int’ is not a class, struct, or union type
[22.366s]    74 |   typedef typename std::tuple_element<3, Events>::type M3Event;
[22.366s]       |                                                        ^~~~~~~
[22.366s] /opt/ros/jazzy/include/message_filters/message_filters/synchronizer.h:71:56: error: ‘int’ is not a class, struct, or union type
[22.366s]    71 |   typedef typename std::tuple_element<0, Events>::type M0Event;
[22.366s]       |                                                        ^~~~~~~
[22.369s] /opt/ros/jazzy/include/message_filters/message_filters/synchronizer.h:75:56: error: ‘int’ is not a class, struct, or union type
[22.369s]    75 |   typedef typename std::tuple_element<4, Events>::type M4Event;
[22.369s]       |                                                        ^~~~~~~
[22.369s] /opt/ros/jazzy/include/message_filters/message_filters/synchronizer.h:72:56: error: ‘int’ is not a class, struct, or union type
[22.369s]    72 |   typedef typename std::tuple_element<1, Events>::type M1Event;
[22.369s]       |                                                        ^~~~~~~
[22.370s] /opt/ros/jazzy/include/message_filters/message_filters/synchronizer.h:76:56: error: ‘int’ is not a class, struct, or union type
[22.370s]    76 |   typedef typename std::tuple_element<5, Events>::type M5Event;
[22.370s]       |                                                        ^~~~~~~
[22.370s] /opt/ros/jazzy/include/message_filters/message_filters/synchronizer.h:73:56: error: ‘int’ is not a class, struct, or union type
[22.370s]    73 |   typedef typename std::tuple_element<2, Events>::type M2Event;
[22.370s]       |                                                        ^~~~~~~
[22.370s] /opt/ros/jazzy/include/message_filters/message_filters/synchronizer.h:77:56: error: ‘int’ is not a class, struct, or union type
[22.370s]    77 |   typedef typename std::tuple_element<6, Events>::type M6Event;
[22.373s]       |                                                        ^~~~~~~
[22.373s] /opt/ros/jazzy/include/message_filters/message_filters/synchronizer.h:74:56: error: ‘int’ is not a class, struct, or union type
[22.373s]    74 |   typedef typename std::tuple_element<3, Events>::type M3Event;
[22.373s]       |                                                        ^~~~~~~
[22.373s] /opt/ros/jazzy/include/message_filters/message_filters/synchronizer.h:78:56: error: ‘int’ is not a class, struct, or union type
[22.373s]    78 |   typedef typename std::tuple_element<7, Events>::type M7Event;
[22.374s]       |                                                        ^~~~~~~
[22.374s] /opt/ros/jazzy/include/message_filters/message_filters/synchronizer.h:75:56: error: ‘int’ is not a class, struct, or union type
[22.374s]    75 |   typedef typename std::tuple_element<4, Events>::type M4Event;
[22.374s]       |                                                        ^~~~~~~
[22.374s] /opt/ros/jazzy/include/message_filters/message_filters/synchronizer.h:79:56: error: ‘int’ is not a class, struct, or union type
[22.374s]    79 |   typedef typename std::tuple_element<8, Events>::type M8Event;
[22.374s]       |                                                        ^~~~~~~
[22.375s] /opt/ros/jazzy/include/message_filters/message_filters/synchronizer.h:76:56: error: ‘int’ is not a class, struct, or union type
[22.377s]    76 |   typedef typename std::tuple_element<5, Events>::type M5Event;
[22.377s]       |                                                        ^~~~~~~
[22.377s] /opt/ros/jazzy/include/message_filters/message_filters/synchronizer.h:77:56: error: ‘int’ is not a class, struct, or union type
[22.377s]    77 |   typedef typename std::tuple_element<6, Events>::type M6Event;
[22.377s]       |                                                        ^~~~~~~
[22.377s] /opt/ros/jazzy/include/message_filters/message_filters/synchronizer.h:78:56: error: ‘int’ is not a class, struct, or union type
[22.378s]    78 |   typedef typename std::tuple_element<7, Events>::type M7Event;
[22.378s]       |                                                        ^~~~~~~
[22.378s] /opt/ros/jazzy/include/message_filters/message_filters/synchronizer.h:79:56: error: ‘int’ is not a class, struct, or union type
[22.378s]    79 |   typedef typename std::tuple_element<8, Events>::type M8Event;
[22.378s]       |                                                        ^~~~~~~
[22.378s] /opt/ros/jazzy/include/message_filters/message_filters/synchronizer.h:325:17: error: ‘int’ is not a class, namespace, or enumeration
[22.378s]   325 |   using Policy::add;
[22.378s]       |                 ^~~
[22.379s] /opt/ros/jazzy/include/message_filters/message_filters/synchronizer.h:328:8: error: ‘int’ is not a class, struct, or union type
[22.381s]   328 |   void add(const std::shared_ptr<typename std::tuple_element<i, Messages>::type const>& msg)
[22.381s]       |        ^~~
[22.381s] /opt/ros/jazzy/include/message_filters/message_filters/synchronizer.h:344:8: error: ‘int’ is not a class, struct, or union type
[22.381s]   344 |   void cb(const typename std::tuple_element<i, Events>::type& evt)
[22.381s]       |        ^~
[22.381s] /home/neha/ros2_ws/src/semnav_migration/src/navigation.cpp:147:55: error: ‘bind’ is not a member of ‘boost’; did you mean ‘find’?
[22.382s]   147 |                         sync->registerCallback(boost::bind(&NavigationNode::control_callback, this, _1, _2));
[22.382s]       |                                                       ^~~~
[22.382s]       |                                                       find
[22.382s] /opt/ros/jazzy/include/message_filters/message_filters/synchronizer.h:325:17: error: ‘int’ is not a class, namespace, or enumeration
[22.382s]   325 |   using Policy::add;
[22.382s]       |                 ^~~
[22.382s] /opt/ros/jazzy/include/message_filters/message_filters/synchronizer.h:328:8: error: ‘int’ is not a class, struct, or union type
[22.383s]   328 |   void add(const std::shared_ptr<typename std::tuple_element<i, Messages>::type const>& msg)
[22.385s]       |        ^~~
[22.385s] /opt/ros/jazzy/include/message_filters/message_filters/synchronizer.h:344:8: error: ‘int’ is not a class, struct, or union type
[22.385s]   344 |   void cb(const typename std::tuple_element<i, Events>::type& evt)
[22.385s]       |        ^~
[22.385s] /home/neha/ros2_ws/src/semnav_migration/src/navigation_semantic.cpp:147:55: error: ‘bind’ is not a member of ‘boost’; did you mean ‘find’?
[22.385s]   147 |                         sync->registerCallback(boost::bind(&SemanticNavigationNode::control_callback, this, _1, _2));
[22.386s]       |                                                       ^~~~
[22.386s]       |                                                       find
[22.388s] /home/neha/ros2_ws/src/semnav_migration/src/navigation.cpp:147:101: error: ‘_1’ was not declared in this scope
[22.388s]   147 |                         sync->registerCallback(boost::bind(&NavigationNode::control_callback, this, _1, _2));
[22.388s]       |                                                                                                     ^~
[22.388s] /home/neha/ros2_ws/src/semnav_migration/src/navigation.cpp:147:101: note: suggested alternatives:
[22.388s] In file included from /usr/include/boost/mpl/aux_/include_preprocessed.hpp:37,
[22.388s]                  from /usr/include/boost/mpl/placeholders.hpp:43,
[22.389s]                  from /usr/include/boost/iterator/iterator_categories.hpp:16,
[22.389s]                  from /usr/include/boost/iterator/iterator_facade.hpp:13,
[22.389s]                  from /usr/include/boost/range/iterator_range_core.hpp:27,
[22.389s]                  from /usr/include/boost/lexical_cast.hpp:48,
[22.389s]                  from /usr/include/boost/multiprecision/detail/number_base.hpp:29,
[22.389s]                  from /usr/include/boost/multiprecision/traits/is_variable_precision.hpp:9,
[22.390s]                  from /usr/include/boost/multiprecision/detail/precision.hpp:9,
[22.390s]                  from /usr/include/boost/multiprecision/number.hpp:11,
[22.390s]                  from /usr/include/boost/multiprecision/cpp_int.hpp:19,
[22.390s]                  from /usr/include/boost/multiprecision/cpp_bin_float.hpp:15,
[22.390s]                  from /usr/include/boost/geometry/core/coordinate_promotion.hpp:16,
[22.390s]                  from /usr/include/boost/geometry/core/radian_access.hpp:30,
[22.390s]                  from /usr/include/boost/geometry/geometry.hpp:50,
[22.390s]                  from /usr/include/boost/geometry.hpp:17,
[22.391s]                  from /home/neha/ros2_ws/src/semnav_migration/include/reactive_planner_lib.h:26:
[22.393s] /usr/include/boost/mpl/aux_/preprocessed/gcc/placeholders.hpp:29:16: note:   ‘mpl_::_1’
[22.393s]    29 | typedef arg<1> _1;
[22.393s]       |                ^~
[22.393s] In file included from /usr/include/boost/numeric/conversion/converter_policies.hpp:13,
[22.394s]                  from /usr/include/boost/numeric/conversion/converter.hpp:14,
[22.394s]                  from /usr/include/boost/numeric/conversion/cast.hpp:33,
[22.394s]                  from /usr/include/boost/geometry/core/radian_access.hpp:26:
[22.394s] /usr/include/c++/13/functional:294:48: note:   ‘std::placeholders::_1’
[22.394s]   294 |     _GLIBCXX_PLACEHOLDER const _Placeholder<1> _1;
[22.394s]       |                                                ^~
[22.394s] /usr/include/boost/mpl/aux_/preprocessed/gcc/placeholders.hpp:29:16: note:   ‘mpl_::_1’
[22.394s]    29 | typedef arg<1> _1;
[22.395s]       |                ^~
[22.397s] In file included from /usr/include/boost/describe/members.hpp:20,
[22.397s]                  from /usr/include/boost/container_hash/is_described_class.hpp:11,
[22.397s]                  from /usr/include/boost/container_hash/hash.hpp:18,
[22.397s]                  from /usr/include/boost/functional/hash.hpp:6,
[22.397s]                  from /usr/include/CGAL/Kernel/hash_functions.h:16,
[22.397s]                  from /usr/include/CGAL/Kernel/global_functions.h:25,
[22.398s]                  from /usr/include/CGAL/Cartesian/Cartesian_base.h:22,
[22.398s]                  from /usr/include/CGAL/Simple_cartesian.h:20,
[22.398s]                  from /usr/include/CGAL/Exact_predicates_inexact_constructions_kernel.h:20,
[22.398s]                  from /home/neha/ros2_ws/src/semnav_migration/include/polygeom_lib.h:32,
[22.398s]                  from /home/neha/ros2_ws/src/semnav_migration/include/reactive_planner_lib.h:53:
[22.398s] /usr/include/boost/mp11/bind.hpp:45:7: note:   ‘boost::mp11::_1’
[22.398s]    45 | using _1 = mp_arg<0>;
[22.398s]       |       ^~
[22.399s] /usr/include/boost/mpl/aux_/preprocessed/gcc/placeholders.hpp:29:16: note:   ‘mpl_::_1’
[22.401s]    29 | typedef arg<1> _1;
[22.401s]       |                ^~
[22.401s] /home/neha/ros2_ws/src/semnav_migration/src/navigation.cpp:147:105: error: ‘_2’ was not declared in this scope
[22.401s]   147 |                         sync->registerCallback(boost::bind(&NavigationNode::control_callback, this, _1, _2));
[22.401s]       |                                                                                                         ^~
[22.402s] /home/neha/ros2_ws/src/semnav_migration/src/navigation.cpp:147:105: note: suggested alternatives:
[22.402s] /usr/include/boost/mpl/aux_/preprocessed/gcc/placeholders.hpp:42:16: note:   ‘mpl_::_2’
[22.402s]    42 | typedef arg<2> _2;
[22.402s]       |                ^~
[22.402s] /usr/include/c++/13/functional:295:48: note:   ‘std::placeholders::_2’
[22.402s]   295 |     _GLIBCXX_PLACEHOLDER const _Placeholder<2> _2;
[22.402s]       |                                                ^~
[22.402s] /usr/include/boost/mpl/aux_/preprocessed/gcc/placeholders.hpp:42:16: note:   ‘mpl_::_2’
[22.403s]    42 | typedef arg<2> _2;
[22.405s]       |                ^~
[22.405s] /usr/include/boost/mp11/bind.hpp:46:7: note:   ‘boost::mp11::_2’
[22.405s]    46 | using _2 = mp_arg<1>;
[22.405s]       |       ^~
[22.405s] /usr/include/boost/mpl/aux_/preprocessed/gcc/placeholders.hpp:42:16: note:   ‘mpl_::_2’
[22.405s]    42 | typedef arg<2> _2;
[22.406s]       |                ^~
[22.406s] /home/neha/ros2_ws/src/semnav_migration/src/navigation.cpp:149:65: error: ‘class rclcpp::Node’ has no member named ‘subscribe’
[22.406s]   149 |                         rclcpp::Subscription sub_semantic = nh_.subscribe(sub_semantic_topic_, 1, &NavigationNode::diffeo_tree_update, this);
[22.406s]       |                                                                 ^~~~~~~~~
[22.406s] /home/neha/ros2_ws/src/semnav_migration/src/navigation.cpp:153:45: error: no matching function for call to ‘rclcpp::Duration::Duration(double)’
[22.406s]   153 |                         rclcpp::Duration(5.0).sleep();
[22.406s]       |                                             ^
[22.406s] In file included from /opt/ros/jazzy/include/rclcpp/rclcpp/time.hpp:24,
[22.407s]                  from /opt/ros/jazzy/include/rclcpp/rclcpp/clock.hpp:24,
[22.409s]                  from /opt/ros/jazzy/include/rclcpp/rclcpp/client.hpp:38,
[22.409s]                  from /opt/ros/jazzy/include/rclcpp/rclcpp/callback_group.hpp:24,
[22.409s]                  from /opt/ros/jazzy/include/rclcpp/rclcpp/any_executable.hpp:20,
[22.409s]                  from /opt/ros/jazzy/include/rclcpp/rclcpp/memory_strategy.hpp:25,
[22.409s]                  from /opt/ros/jazzy/include/rclcpp/rclcpp/memory_strategies.hpp:18,
[22.409s]                  from /opt/ros/jazzy/include/rclcpp/rclcpp/executor_options.hpp:22,
[22.410s]                  from /opt/ros/jazzy/include/rclcpp/rclcpp/executor.hpp:38,
[22.410s]                  from /opt/ros/jazzy/include/rclcpp/rclcpp/executors/multi_threaded_executor.hpp:25,
[22.410s]                  from /opt/ros/jazzy/include/rclcpp/rclcpp/executors.hpp:21,
[22.410s]                  from /opt/ros/jazzy/include/rclcpp/rclcpp/rclcpp.hpp:172:
[22.410s] /opt/ros/jazzy/include/rclcpp/rclcpp/duration.hpp:49:3: note: candidate: ‘template<class Rep, class Period> rclcpp::Duration::Duration(const std::chrono::duration<_Rep1, _Period1>&)’
[22.410s]    49 |   Duration(const std::chrono::duration<Rep, Period> & duration)  // NOLINT(runtime/explicit)
[22.410s]       |   ^~~~~~~~
[22.410s] /opt/ros/jazzy/include/rclcpp/rclcpp/duration.hpp:49:3: note:   template argument deduction/substitution failed:
[22.411s] /home/neha/ros2_ws/src/semnav_migration/src/navigation.cpp:153:45: note:   mismatched types ‘const std::chrono::duration<_Rep1, _Period1>’ and ‘double’
[22.411s]   153 |                         rclcpp::Duration(5.0).sleep();
[22.411s]       |                                             ^
[22.411s] /opt/ros/jazzy/include/rclcpp/rclcpp/duration.hpp:159:3: note: candidate: ‘rclcpp::Duration::Duration()’
[22.411s]   159 |   Duration() = default;
[22.411s]       |   ^~~~~~~~
[22.411s] /opt/ros/jazzy/include/rclcpp/rclcpp/duration.hpp:159:3: note:   candidate expects 0 arguments, 1 provided
[22.411s] /opt/ros/jazzy/include/rclcpp/rclcpp/duration.hpp:62:3: note: candidate: ‘rclcpp::Duration::Duration(const rclcpp::Duration&)’
[22.412s]    62 |   Duration(const Duration & rhs);
[22.412s]       |   ^~~~~~~~
[22.412s] /opt/ros/jazzy/include/rclcpp/rclcpp/duration.hpp:62:29: note:   no known conversion for argument 1 from ‘double’ to ‘const rclcpp::Duration&’
[22.412s]    62 |   Duration(const Duration & rhs);
[22.412s]       |            ~~~~~~~~~~~~~~~~~^~~
[22.412s] /opt/ros/jazzy/include/rclcpp/rclcpp/duration.hpp:60:12: note: candidate: ‘rclcpp::Duration::Duration(const rcl_duration_t&)’
[22.412s]    60 |   explicit Duration(const rcl_duration_t & duration);
[22.412s]       |            ^~~~~~~~
[22.413s] /opt/ros/jazzy/include/rclcpp/rclcpp/duration.hpp:60:44: note:   no known conversion for argument 1 from ‘double’ to ‘const rcl_duration_t&’ {aka ‘const rcl_duration_s&’}
[22.413s]    60 |   explicit Duration(const rcl_duration_t & duration);
[22.413s]       |                     ~~~~~~~~~~~~~~~~~~~~~~~^~~~~~~~
[22.413s] /opt/ros/jazzy/include/rclcpp/rclcpp/duration.hpp:54:3: note: candidate: ‘rclcpp::Duration::Duration(const builtin_interfaces::msg::Duration&)’
[22.413s]    54 |   Duration(const builtin_interfaces::msg::Duration & duration_msg);  // NOLINT(runtime/explicit)
[22.413s]       |   ^~~~~~~~
[22.413s] /opt/ros/jazzy/include/rclcpp/rclcpp/duration.hpp:54:54: note:   no known conversion for argument 1 from ‘double’ to ‘const builtin_interfaces::msg::Duration&’ {aka ‘const builtin_interfaces::msg::Duration_<std::allocator<void> >&’}
[22.413s]    54 |   Duration(const builtin_interfaces::msg::Duration & duration_msg);  // NOLINT(runtime/explicit)
[22.414s]       |            ~~~~~~~~~~~~~~~~~~~~~~~~~~~~~~~~~~~~~~~~~~^~~~~~~~~~~~
[22.414s] /opt/ros/jazzy/include/rclcpp/rclcpp/duration.hpp:43:12: note: candidate: ‘rclcpp::Duration::Duration(std::chrono::nanoseconds)’
[22.414s]    43 |   explicit Duration(std::chrono::nanoseconds nanoseconds);
[22.414s]       |            ^~~~~~~~
[22.414s] /opt/ros/jazzy/include/rclcpp/rclcpp/duration.hpp:43:46: note:   no known conversion for argument 1 from ‘double’ to ‘std::chrono::nanoseconds’ {aka ‘std::chrono::duration<long int, std::ratio<1, 1000000000> >’}
[22.414s]    43 |   explicit Duration(std::chrono::nanoseconds nanoseconds);
[22.414s]       |                     ~~~~~~~~~~~~~~~~~~~~~~~~~^~~~~~~~~~~
[22.414s] /opt/ros/jazzy/include/rclcpp/rclcpp/duration.hpp:40:3: note: candidate: ‘rclcpp::Duration::Duration(int32_t, uint32_t)’
[22.415s]    40 |   Duration(int32_t seconds, uint32_t nanoseconds);
[22.415s]       |   ^~~~~~~~
[22.415s] /opt/ros/jazzy/include/rclcpp/rclcpp/duration.hpp:40:3: note:   candidate expects 2 arguments, 1 provided
[22.415s] /home/neha/ros2_ws/src/semnav_migration/src/navigation_semantic.cpp:147:109: error: ‘_1’ was not declared in this scope
[22.415s]   147 |                         sync->registerCallback(boost::bind(&SemanticNavigationNode::control_callback, this, _1, _2));
[22.415s]       |                                                                                                             ^~
[22.415s] /home/neha/ros2_ws/src/semnav_migration/src/navigation_semantic.cpp:147:109: note: suggested alternatives:
[22.415s] In file included from /usr/include/boost/mpl/aux_/include_preprocessed.hpp:37,
[22.416s]                  from /usr/include/boost/mpl/placeholders.hpp:43,
[22.416s]                  from /usr/include/boost/iterator/iterator_categories.hpp:16,
[22.416s]                  from /usr/include/boost/iterator/iterator_facade.hpp:13,
[22.416s]                  from /usr/include/boost/range/iterator_range_core.hpp:27,
[22.416s]                  from /usr/include/boost/lexical_cast.hpp:48,
[22.416s]                  from /usr/include/boost/multiprecision/detail/number_base.hpp:29,
[22.416s]                  from /usr/include/boost/multiprecision/traits/is_variable_precision.hpp:9,
[22.416s]                  from /usr/include/boost/multiprecision/detail/precision.hpp:9,
[22.417s]                  from /usr/include/boost/multiprecision/number.hpp:11,
[22.417s]                  from /usr/include/boost/multiprecision/cpp_int.hpp:19,
[22.417s]                  from /usr/include/boost/multiprecision/cpp_bin_float.hpp:15,
[22.417s]                  from /usr/include/boost/geometry/core/coordinate_promotion.hpp:16,
[22.417s]                  from /usr/include/boost/geometry/core/radian_access.hpp:30,
[22.417s]                  from /usr/include/boost/geometry/geometry.hpp:50,
[22.417s]                  from /usr/include/boost/geometry.hpp:17,
[22.417s]                  from /home/neha/ros2_ws/src/semnav_migration/include/reactive_planner_lib.h:26:
[22.418s] /usr/include/boost/mpl/aux_/preprocessed/gcc/placeholders.hpp:29:16: note:   ‘mpl_::_1’
[22.418s]    29 | typedef arg<1> _1;
[22.418s]       |                ^~
[22.418s] In file included from /usr/include/boost/numeric/conversion/converter_policies.hpp:13,
[22.418s]                  from /usr/include/boost/numeric/conversion/converter.hpp:14,
[22.418s]                  from /usr/include/boost/numeric/conversion/cast.hpp:33,
[22.418s]                  from /usr/include/boost/geometry/core/radian_access.hpp:26:
[22.418s] /usr/include/c++/13/functional:294:48: note:   ‘std::placeholders::_1’
[22.419s]   294 |     _GLIBCXX_PLACEHOLDER const _Placeholder<1> _1;
[22.419s]       |                                                ^~
[22.419s] /usr/include/boost/mpl/aux_/preprocessed/gcc/placeholders.hpp:29:16: note:   ‘mpl_::_1’
[22.419s]    29 | typedef arg<1> _1;
[22.419s]       |                ^~
[22.419s] In file included from /usr/include/boost/describe/members.hpp:20,
[22.419s]                  from /usr/include/boost/container_hash/is_described_class.hpp:11,
[22.419s]                  from /usr/include/boost/container_hash/hash.hpp:18,
[22.420s]                  from /usr/include/boost/functional/hash.hpp:6,
[22.420s]                  from /usr/include/CGAL/Kernel/hash_functions.h:16,
[22.420s]                  from /usr/include/CGAL/Kernel/global_functions.h:25,
[22.420s]                  from /usr/include/CGAL/Cartesian/Cartesian_base.h:22,
[22.420s]                  from /usr/include/CGAL/Simple_cartesian.h:20,
[22.420s]                  from /usr/include/CGAL/Exact_predicates_inexact_constructions_kernel.h:20,
[22.420s]                  from /home/neha/ros2_ws/src/semnav_migration/include/polygeom_lib.h:32,
[22.420s]                  from /home/neha/ros2_ws/src/semnav_migration/include/reactive_planner_lib.h:53:
[22.421s] /usr/include/boost/mp11/bind.hpp:45:7: note:   ‘boost::mp11::_1’
[22.421s]    45 | using _1 = mp_arg<0>;
[22.421s]       |       ^~
[22.421s] /usr/include/boost/mpl/aux_/preprocessed/gcc/placeholders.hpp:29:16: note:   ‘mpl_::_1’
[22.421s]    29 | typedef arg<1> _1;
[22.421s]       |                ^~
[22.421s] /home/neha/ros2_ws/src/semnav_migration/src/navigation_semantic.cpp:147:113: error: ‘_2’ was not declared in this scope
[22.421s]   147 |                         sync->registerCallback(boost::bind(&SemanticNavigationNode::control_callback, this, _1, _2));
[22.422s]       |                                                                                                                 ^~
[22.422s] /home/neha/ros2_ws/src/semnav_migration/src/navigation_semantic.cpp:147:113: note: suggested alternatives:
[22.422s] /usr/include/boost/mpl/aux_/preprocessed/gcc/placeholders.hpp:42:16: note:   ‘mpl_::_2’
[22.422s]    42 | typedef arg<2> _2;
[22.422s]       |                ^~
[22.422s] /usr/include/c++/13/functional:295:48: note:   ‘std::placeholders::_2’
[22.422s]   295 |     _GLIBCXX_PLACEHOLDER const _Placeholder<2> _2;
[22.423s]       |                                                ^~
[22.423s] /usr/include/boost/mpl/aux_/preprocessed/gcc/placeholders.hpp:42:16: note:   ‘mpl_::_2’
[22.423s]    42 | typedef arg<2> _2;
[22.423s]       |                ^~
[22.423s] /usr/include/boost/mp11/bind.hpp:46:7: note:   ‘boost::mp11::_2’
[22.423s]    46 | using _2 = mp_arg<1>;
[22.423s]       |       ^~
[22.424s] /usr/include/boost/mpl/aux_/preprocessed/gcc/placeholders.hpp:42:16: note:   ‘mpl_::_2’
[22.424s]    42 | typedef arg<2> _2;
[22.424s]       |                ^~
[22.424s] /home/neha/ros2_ws/src/semnav_migration/src/navigation_semantic.cpp:149:25: error: ‘ros’ has not been declared
[22.424s]   149 |                         ros::Subscriber sub_semantic = nh_.subscribe(sub_semantic_topic_, 1, &SemanticNavigationNode::diffeo_tree_update, this);
[22.424s]       |                         ^~~
[22.424s] /home/neha/ros2_ws/src/semnav_migration/src/navigation_semantic.cpp:153:25: error: ‘ros’ has not been declared
[22.424s]   153 |                         ros::Duration(5.0).sleep();
[22.425s]       |                         ^~~
[22.425s] /home/neha/ros2_ws/src/semnav_migration/src/navigation_semantic.cpp:160:25: error: ‘ros’ has not been declared
[22.425s]   160 |                         ros::spin();
[22.425s]       |                         ^~~
[22.425s] /home/neha/ros2_ws/src/semnav_migration/src/navigation.cpp:160:38: error: ‘node_ptr’ was not declared in this scope; did you mean ‘mode_t’?
[22.425s]   160 |                         rclcpp::spin(node_ptr);
[22.425s]       |                                      ^~~~~~~~
[22.425s]       |                                      mode_t
[22.426s] /home/neha/ros2_ws/src/semnav_migration/src/navigation.cpp: In member function ‘void NavigationNode::publish_behavior_id(uint16_t)’:
[22.426s] /home/neha/ros2_ws/src/semnav_migration/src/navigation.cpp:172:28: error: ‘UInt32’ is not a member of ‘std_msgs::msg’
[22.426s]   172 |             std_msgs::msg::UInt32 commandId;
[22.426s]       |                            ^~~~~~
[22.446s] /home/neha/ros2_ws/src/semnav_migration/src/navigation.cpp:173:25: error: ‘commandId’ was not declared in this scope
[22.447s]   173 |                         commandId.data = BehaviorIdCmd;
[22.447s]       |                         ^~~~~~~~~
[22.447s] /home/neha/ros2_ws/src/semnav_migration/src/navigation.cpp: In member function ‘void NavigationNode::publish_behavior_mode(uint16_t)’:
[22.447s] /home/neha/ros2_ws/src/semnav_migration/src/navigation.cpp:179:13: error: ‘object_pose_interface_msgs’ has not been declared
[22.447s]   179 |             object_pose_interface_msgs::msg::UInt32_t commandMode;
[22.447s]       |             ^~~~~~~~~~~~~~~~~~~~~~~~~~
[22.454s] /home/neha/ros2_ws/src/semnav_migration/src/navigation_semantic.cpp: In member function ‘void SemanticNavigationNode::publish_twist(double, double)’:
[22.454s] /home/neha/ros2_ws/src/semnav_migration/src/navigation_semantic.cpp:167:25: error: ‘pub_twist_’ was not declared in this scope; did you mean ‘publish_twist’?
[22.454s]   167 |                         pub_twist_.publish(commandTwist);
[22.455s]       |                         ^~~~~~~~~~
[22.455s]       |                         publish_twist
[22.459s] /home/neha/ros2_ws/src/semnav_migration/src/navigation_semantic.cpp: In member function ‘void SemanticNavigationNode::publish_behavior_id(uint16_t)’:
[22.459s] /home/neha/ros2_ws/src/semnav_migration/src/navigation_semantic.cpp:172:32: error: ‘UInt32’ is not a member of ‘std_msgs::msg’
[22.459s]   172 |                 std_msgs::msg::UInt32 commandId;
[22.460s]       |                                ^~~~~~
[22.505s] /home/neha/ros2_ws/src/semnav_migration/src/navigation_semantic.cpp:173:25: error: ‘commandId’ was not declared in this scope
[22.505s]   173 |                         commandId.data = BehaviorIdCmd;
[22.505s]       |                         ^~~~~~~~~
[22.509s] /home/neha/ros2_ws/src/semnav_migration/src/navigation.cpp:180:25: error: ‘commandMode’ was not declared in this scope
[22.509s]   180 |                         commandMode.data = BehaviorModeCmd;
[22.509s]       |                         ^~~~~~~~~~~
[22.594s] /home/neha/ros2_ws/src/semnav_migration/src/navigation_semantic.cpp:174:25: error: ‘pub_behaviorID_’ was not declared in this scope; did you mean ‘pub_behaviorID_topic_’?
[22.594s]   174 |                         pub_behaviorID_.publish(commandId);
[22.594s]       |                         ^~~~~~~~~~~~~~~
[22.595s]       |                         pub_behaviorID_topic_
[22.599s] /home/neha/ros2_ws/src/semnav_migration/src/navigation_semantic.cpp: In member function ‘void SemanticNavigationNode::publish_behavior_mode(uint16_t)’:
[22.599s] /home/neha/ros2_ws/src/semnav_migration/src/navigation_semantic.cpp:179:28: error: ‘UInt32’ is not a member of ‘std_msgs::msg’
[22.599s]   179 |             std_msgs::msg::UInt32 commandMode;
[22.600s]       |                            ^~~~~~
[22.668s] /home/neha/ros2_ws/src/semnav_migration/src/navigation_semantic.cpp:180:25: error: ‘commandMode’ was not declared in this scope
[22.668s]   180 |                         commandMode.data = BehaviorModeCmd;
[22.668s]       |                         ^~~~~~~~~~~
[22.769s] /home/neha/ros2_ws/src/semnav_migration/src/navigation_semantic.cpp:181:25: error: ‘pub_behaviorMode_’ was not declared in this scope; did you mean ‘pub_behaviorMode_topic_’?
[22.769s]   181 |                         pub_behaviorMode_.publish(commandMode);
[22.769s]       |                         ^~~~~~~~~~~~~~~~~
[22.769s]       |                         pub_behaviorMode_topic_
[22.826s] /home/neha/ros2_ws/src/semnav_migration/src/navigation_semantic.cpp: In member function ‘void SemanticNavigationNode::control_callback(const sensor_msgs::msg::LaserScan_<std::allocator<void> >::ConstPtr&, const nav_msgs::msg::Odometry_<std::allocator<void> >::ConstPtr&)’:
[22.826s] /home/neha/ros2_ws/src/semnav_migration/src/navigation_semantic.cpp:395:46: error: ‘ros’ has not been declared
[22.826s]   395 |                         double before_time = ros::Time::now().toSec();
[22.826s]       |                                              ^~~
[22.830s] /home/neha/ros2_ws/src/semnav_migration/src/navigation_semantic.cpp:398:40: error: ‘PoseStamped’ is not a member of ‘geometry_msgs’
[22.830s]   398 |                         geometry_msgs::PoseStamped odomPose, mapPose;
[22.830s]       |                                        ^~~~~~~~~~~
[22.878s] /home/neha/ros2_ws/src/semnav_migration/src/navigation_semantic.cpp:399:25: error: ‘odomPose’ was not declared in this scope
[22.878s]   399 |                         odomPose.header.stamp = ros::Time(0);
[22.879s]       |                         ^~~~~~~~
[22.881s] /home/neha/ros2_ws/src/semnav_migration/src/navigation_semantic.cpp:399:49: error: ‘ros’ has not been declared
[22.881s]   399 |                         odomPose.header.stamp = ros::Time(0);
[22.881s]       |                                                 ^~~
[22.934s] /home/neha/ros2_ws/src/semnav_migration/src/navigation_semantic.cpp:403:33: error: ‘listener_’ was not declared in this scope
[22.934s]   403 |                                 listener_.waitForTransform(world_frame_id_, odom_frame_id_, ros::Time(0), ros::Duration(1.0));
[22.935s]       |                                 ^~~~~~~~~
[22.935s] /home/neha/ros2_ws/src/semnav_migration/src/navigation_semantic.cpp:403:93: error: ‘ros’ has not been declared
[22.935s]   403 |                                 listener_.waitForTransform(world_frame_id_, odom_frame_id_, ros::Time(0), ros::Duration(1.0));
[22.935s]       |                                                                                             ^~~
[22.938s] /home/neha/ros2_ws/src/semnav_migration/src/navigation_semantic.cpp:403:107: error: ‘ros’ has not been declared
[22.938s]   403 |                                 listener_.waitForTransform(world_frame_id_, odom_frame_id_, ros::Time(0), ros::Duration(1.0));
[22.938s]       |                                                                                                           ^~~
[22.977s] /home/neha/ros2_ws/src/semnav_migration/src/navigation_semantic.cpp:404:84: error: ‘mapPose’ was not declared in this scope
[22.977s]   404 |                                 listener_.transformPose(world_frame_id_, odomPose, mapPose);
[22.977s]       |                                                                                    ^~~~~~~
[22.984s] /home/neha/ros2_ws/src/semnav_migration/src/navigation_semantic.cpp:405:34: error: ‘tf’ does not name a type; did you mean ‘tm’?
[22.984s]   405 |                         } catch (tf::TransformException &ex) {
[22.984s]       |                                  ^~
[22.984s]       |                                  tm
[22.985s] /home/neha/ros2_ws/src/semnav_migration/src/navigation_semantic.cpp:405:57: error: expected unqualified-id before ‘&’ token
[22.985s]   405 |                         } catch (tf::TransformException &ex) {
[22.985s]       |                                                         ^
[22.988s] /home/neha/ros2_ws/src/semnav_migration/src/navigation_semantic.cpp:405:57: error: expected ‘)’ before ‘&’ token
[22.988s] /home/neha/ros2_ws/src/semnav_migration/src/navigation_semantic.cpp:405:33: note: to match this ‘(’
[22.988s]   405 |                         } catch (tf::TransformException &ex) {
[22.988s]       |                                 ^
[22.989s] /home/neha/ros2_ws/src/semnav_migration/src/navigation_semantic.cpp:405:57: error: expected ‘{’ before ‘&’ token
[22.989s]   405 |                         } catch (tf::TransformException &ex) {
[22.989s]       |                                                         ^
[23.022s] /home/neha/ros2_ws/src/semnav_migration/src/navigation_semantic.cpp:405:58: error: ‘ex’ was not declared in this scope; did you mean ‘exp’?
[23.022s]   405 |                         } catch (tf::TransformException &ex) {
[23.022s]       |                                                          ^~
[23.022s]       |                                                          exp
[23.023s] /home/neha/ros2_ws/src/semnav_migration/src/navigation_semantic.cpp:411:25: error: ‘tf’ has not been declared
[23.023s]   411 |                         tf::Quaternion rotation = tf::Quaternion(mapPose.pose.orientation.x,
[23.023s]       |                         ^~
[23.023s] /home/neha/ros2_ws/src/semnav_migration/src/navigation_semantic.cpp:415:25: error: ‘tf’ has not been declared
[23.024s]   415 |                         tf::Matrix3x3 m(rotation);
[23.024s]       |                         ^~
[23.061s] /home/neha/ros2_ws/src/semnav_migration/src/navigation_semantic.cpp:417:25: error: ‘m’ was not declared in this scope; did you mean ‘tm’?
[23.061s]   417 |                         m.getRPY(roll, pitch, yaw);
[23.061s]       |                         ^
[23.061s]       |                         tm
[23.102s] /home/neha/ros2_ws/src/semnav_migration/src/navigation_semantic.cpp:418:51: error: ‘mapPose’ was not declared in this scope
[23.102s]   418 |                         double x_robot_position = mapPose.pose.position.x;
[23.102s]       |                                                   ^~~~~~~
[23.109s] /home/neha/ros2_ws/src/semnav_migration/src/navigation_semantic.cpp:431:42: error: could not convert ‘lidar_data’ from ‘shared_ptr<LaserScan_<[...]>>’ to ‘shared_ptr<LaserScan_<[...]>>’
[23.109s]   431 |                         constructLIDAR2D(lidar_data, CutoffRange_, AllowableRange_, RobotPitch_, &LIDAR);
[23.109s]       |                                          ^~~~~~~~~~
[23.109s]       |                                          |
[23.109s]       |                                          shared_ptr<LaserScan_<[...]>>
[23.128s] /home/neha/ros2_ws/src/semnav_migration/src/navigation_semantic.cpp:561:96: error: invalid operands of types ‘const char [53]’ and ‘double’ to binary ‘operator<<’
[23.128s]   561 |                         ROS_WARN_STREAM("[Navigation] Diffeomorphism jacobian determinant is " << MatrixDeterminant(RobotPositionTransformedD) << ", robot position is " << bg::dsv(RobotPosition_) << " and robot positon in model space is " << bg::dsv(RobotPositionTransformedPoint));
[23.129s]       |                                         ~~~~~~~~~~~~~~~~~~~~~~~~~~~~~~~~~~~~~~~~~~~~~~~~~~~~~~ ^~ ~~~~~~~~~~~~~~~~~~~~~~~~~~~~~~~~~~~~~~~~~~~~
[23.129s]       |                                         |                                                                          |
[23.129s]       |                                         const char [53]                                                            double
[23.226s] /home/neha/ros2_ws/src/semnav_migration/src/navigation_semantic.cpp:561:25: error: ‘ROS_WARN_STREAM’ was not declared in this scope; did you mean ‘RCLCPP_WARN_STREAM’?
[23.226s]   561 |                         ROS_WARN_STREAM("[Navigation] Diffeomorphism jacobian determinant is " << MatrixDeterminant(RobotPositionTransformedD) << ", robot position is " << bg::dsv(RobotPosition_) << " and robot positon in model space is " << bg::dsv(RobotPositionTransformedPoint));
[23.226s]       |                         ^~~~~~~~~~~~~~~
[23.226s]       |                         RCLCPP_WARN_STREAM
[23.228s] /home/neha/ros2_ws/src/semnav_migration/src/navigation_semantic.cpp:590:41: error: ‘ros’ has not been declared
[23.229s]   590 |                                         ros::Duration(5.0).sleep();
[23.229s]       |                                         ^~~
[23.238s] /home/neha/ros2_ws/src/semnav_migration/src/navigation_semantic.cpp:615:75: error: invalid operands of types ‘const char [32]’ and ‘double’ to binary ‘operator<<’
[23.238s]   615 |                         ROS_WARN_STREAM("[Navigation] Linear command is " << LinearCmd << " and angular command is " << AngularCmd);
[23.238s]       |                                         ~~~~~~~~~~~~~~~~~~~~~~~~~~~~~~~~~ ^~ ~~~~~~~~~
[23.238s]       |                                         |                                    |
[23.238s]       |                                         const char [32]                      double
[23.238s] /home/neha/ros2_ws/src/semnav_migration/src/navigation_semantic.cpp:616:76: error: invalid operands of types ‘const char [33]’ and ‘int’ to binary ‘operator<<’
[23.239s]   616 |                         ROS_WARN_STREAM("[Navigation] Command update for " << int(localDiffeoTreeArray.size()) << " polygons in " << ros::Time::now().toSec()-before_time << " seconds.");
[23.239s]       |                                         ~~~~~~~~~~~~~~~~~~~~~~~~~~~~~~~~~~ ^~ ~~~~~~~~~~~~~~~~~~~~~~~~~~~~~~~~
[23.239s]       |                                         |                                     |
[23.239s]       |                                         const char [33]                       int
[23.241s] /home/neha/ros2_ws/src/semnav_migration/src/navigation_semantic.cpp:616:134: error: ‘ros’ has not been declared
[23.241s]   616 |                         ROS_WARN_STREAM("[Navigation] Command update for " << int(localDiffeoTreeArray.size()) << " polygons in " << ros::Time::now().toSec()-before_time << " seconds.");
[23.243s]       |                                                                                                                                      ^~~
[23.244s] /home/neha/ros2_ws/src/semnav_migration/src/navigation_semantic.cpp: In function ‘int main(int, char**)’:
[23.244s] /home/neha/ros2_ws/src/semnav_migration/src/navigation_semantic.cpp:697:9: error: ‘ros’ has not been declared
[23.244s]   697 |         ros::init(argc, argv, "navigation_semantic");
[23.244s]       |         ^~~
[23.245s] /home/neha/ros2_ws/src/semnav_migration/src/navigation_semantic.cpp:700:9: error: ‘ros’ has not been declared
[23.245s]   700 |         ros::NodeHandle nh("~");
[23.245s]       |         ^~~
[23.267s] /home/neha/ros2_ws/src/semnav_migration/src/navigation_semantic.cpp:703:56: error: ‘nh’ was not declared in this scope
[23.267s]   703 |         SemanticNavigationNode semanticNavigationNode(&nh);
[23.268s]       |                                                        ^~
[26.998s] gmake[2]: *** [CMakeFiles/navigation.dir/build.make:76: CMakeFiles/navigation.dir/src/navigation.cpp.o] Error 1
[26.999s] gmake[1]: *** [CMakeFiles/Makefile2:181: CMakeFiles/navigation.dir/all] Error 2
[26.999s] gmake[1]: *** Waiting for unfinished jobs....
[30.045s] gmake[2]: *** [CMakeFiles/navigation_semantic.dir/build.make:76: CMakeFiles/navigation_semantic.dir/src/navigation_semantic.cpp.o] Error 1
[30.046s] gmake[1]: *** [CMakeFiles/Makefile2:207: CMakeFiles/navigation_semantic.dir/all] Error 2
[30.046s] gmake: *** [Makefile:146: all] Error 2
[30.049s] Invoked command in '/home/neha/ros2_ws/src/semnav_migration/build/semnav' returned '2': CMAKE_PREFIX_PATH=${CMAKE_PREFIX_PATH}:/opt/ros/jazzy DEBUGINFOD_URLS=https://debuginfod.ubuntu.com /usr/bin/cmake --build /home/neha/ros2_ws/src/semnav_migration/build/semnav -- -j2 -l2
