[0.031s] Invoking command in '/home/neha/ros2_ws/src/semnav_migration/build/semnav': CMAKE_PREFIX_PATH=${CMAKE_PREFIX_PATH}:/opt/ros/jazzy DEBUGINFOD_URLS=https://debuginfod.ubuntu.com /usr/bin/cmake --build /home/neha/ros2_ws/src/semnav_migration/build/semnav -- -j2 -l2
[0.210s] [ 14%] Built target reactive_planner
[0.320s] [ 23%] Built target navigation_semantic
[0.321s] [ 33%] Built target navigation
[0.428s] [ 42%] Built target navigation_humans
[0.473s] [ 47%] [32mBuilding CXX object CMakeFiles/human_following.dir/src/human_following.cpp.o[0m
[0.556s] [ 52%] [32mBuilding CXX object CMakeFiles/human_following_signal.dir/src/human_following_signal.cpp.o[0m
[24.934s] [01m[K/home/neha/ros2_ws/src/semnav_migration/src/human_following.cpp:[m[K In member function â€˜[01m[Kvoid HumanFollowingNode::[01;32m[Kcontrol_callback[m[K(const sensor_msgs::msg::LaserScan_<std::allocator<void> >::ConstPtr&, const nav_msgs::msg::Odometry_<std::allocator<void> >::ConstPtr&)[m[Kâ€™:
[24.935s] [01m[K/home/neha/ros2_ws/src/semnav_migration/src/human_following.cpp:471:62:[m[K [01;31m[Kerror: [m[Kâ€˜[01m[Khuman_data[m[Kâ€™ was not declared in this scope; did you mean â€˜[01m[Khuman_update[m[Kâ€™?
[24.935s]   471 |                 builtin_interfaces::msg::Time time_stamped = [01;31m[Khuman_data[m[K->header.stamp;
[24.935s]       |                                                              [01;31m[K^~~~~~~~~~[m[K
[24.935s]       |                                                              [32m[Khuman_update[m[K
[26.070s] [01m[K/home/neha/ros2_ws/src/semnav_migration/src/human_following_signal.cpp:[m[K In member function â€˜[01m[Kvoid HumanFollowingSignalNode::[01;32m[Khuman_update[m[K(const object_pose_interface_msgs::msg::KeypointDetections3D_<std::allocator<void> >::ConstPtr&)[m[Kâ€™:
[26.070s] [01m[K/home/neha/ros2_ws/src/semnav_migration/src/human_following_signal.cpp:295:43:[m[K [01;31m[Kerror: [m[Kâ€˜[01m[Kclass std::shared_ptr<tf2_ros::TransformListener>[m[Kâ€™ has no member named â€˜[01m[KwaitForTransform[m[Kâ€™
[26.071s]   295 |                                 listener_.[01;31m[KwaitForTransform[m[K(world_frame_id_, camera_optical_frame_id_, human_data->header.stamp, ros::Duration(2.0));
[26.071s]       |                                           [01;31m[K^~~~~~~~~~~~~~~~[m[K
[26.072s] [01m[K/home/neha/ros2_ws/src/semnav_migration/src/human_following_signal.cpp:295:129:[m[K [01;31m[Kerror: [m[Kâ€˜[01m[Kros[m[Kâ€™ has not been declared
[26.073s]   295 |                                 listener_.waitForTransform(world_frame_id_, camera_optical_frame_id_, human_data->header.stamp, [01;31m[Kros[m[K::Duration(2.0));
[26.073s]       |                                                                                                                                 [01;31m[K^~~[m[K
[26.074s] [01m[K/home/neha/ros2_ws/src/semnav_migration/src/human_following_signal.cpp:304:59:[m[K [01;31m[Kerror: [m[Kâ€˜[01m[Kclass std::shared_ptr<tf2_ros::TransformListener>[m[Kâ€™ has no member named â€˜[01m[KwaitForTransform[m[Kâ€™
[26.074s]   304 |                                                 listener_.[01;31m[KwaitForTransform[m[K(world_frame_id_, ros::Time(0), camera_optical_frame_id_, human_data->header.stamp, world_frame_id_, ros::Duration(1.0));
[26.074s]       |                                                           [01;31m[K^~~~~~~~~~~~~~~~[m[K
[26.074s] [01m[K/home/neha/ros2_ws/src/semnav_migration/src/human_following_signal.cpp:304:93:[m[K [01;31m[Kerror: [m[Kâ€˜[01m[Kros[m[Kâ€™ has not been declared
[26.075s]   304 |                                                 listener_.waitForTransform(world_frame_id_, [01;31m[Kros[m[K::Time(0), camera_optical_frame_id_, human_data->header.stamp, world_frame_id_, ros::Duration(1.0));
[26.075s]       |                                                                                             [01;31m[K^~~[m[K
[26.076s] [01m[K/home/neha/ros2_ws/src/semnav_migration/src/human_following_signal.cpp:304:176:[m[K [01;31m[Kerror: [m[Kâ€˜[01m[Kros[m[Kâ€™ has not been declared
[26.076s]   304 |                                                 listener_.waitForTransform(world_frame_id_, ros::Time(0), camera_optical_frame_id_, human_data->header.stamp, world_frame_id_, [01;31m[Kros[m[K::Duration(1.0));
[26.077s]       |                                                                                                                                                                                [01;31m[K^~~[m[K
[26.079s] [01m[K/home/neha/ros2_ws/src/semnav_migration/src/human_following_signal.cpp:305:59:[m[K [01;31m[Kerror: [m[Kâ€˜[01m[Kclass std::shared_ptr<tf2_ros::TransformListener>[m[Kâ€™ has no member named â€˜[01m[KtransformPoint[m[Kâ€™
[26.079s]   305 |                                                 listener_.[01;31m[KtransformPoint[m[K(world_frame_id_, ros::Time(0), pointCamera, world_frame_id_, pointMap);
[26.080s]       |                                                           [01;31m[K^~~~~~~~~~~~~~[m[K
[26.080s] [01m[K/home/neha/ros2_ws/src/semnav_migration/src/human_following_signal.cpp:305:91:[m[K [01;31m[Kerror: [m[Kâ€˜[01m[Kros[m[Kâ€™ has not been declared
[26.080s]   305 |                                                 listener_.transformPoint(world_frame_id_, [01;31m[Kros[m[K::Time(0), pointCamera, world_frame_id_, pointMap);
[26.080s]       |                                                                                           [01;31m[K^~~[m[K
[26.085s] [01m[K/home/neha/ros2_ws/src/semnav_migration/src/human_following_signal.cpp:306:50:[m[K [01;31m[Kerror: [m[Kâ€˜[01m[Ktf22[m[Kâ€™ does not name a type
[26.086s]   306 |                                         } catch ([01;31m[Ktf22[m[K::TransformException &ex) {
[26.086s]       |                                                  [01;31m[K^~~~[m[K
[26.086s] [01m[K/home/neha/ros2_ws/src/semnav_migration/src/human_following_signal.cpp:306:75:[m[K [01;31m[Kerror: [m[Kexpected unqualified-id before â€˜[01m[K&[m[Kâ€™ token
[26.087s]   306 |                                         } catch (tf22::TransformException [01;31m[K&[m[Kex) {
[26.087s]       |                                                                           [01;31m[K^[m[K
[26.087s] [01m[K/home/neha/ros2_ws/src/semnav_migration/src/human_following_signal.cpp:306:75:[m[K [01;31m[Kerror: [m[Kexpected â€˜[01m[K)[m[Kâ€™ before â€˜[01m[K&[m[Kâ€™ token
[26.088s] [01m[K/home/neha/ros2_ws/src/semnav_migration/src/human_following_signal.cpp:306:49:[m[K [01;36m[Knote: [m[Kto match this â€˜[01m[K([m[Kâ€™
[26.089s]   306 |                                         } catch [01;36m[K([m[Ktf22::TransformException &ex) {
[26.089s]       |                                                 [01;36m[K^[m[K
[26.090s] [01m[K/home/neha/ros2_ws/src/semnav_migration/src/human_following_signal.cpp:306:75:[m[K [01;31m[Kerror: [m[Kexpected â€˜[01m[K{[m[Kâ€™ before â€˜[01m[K&[m[Kâ€™ token
[26.090s]   306 |                                         } catch (tf22::TransformException [01;31m[K&[m[Kex) {
[26.090s]       |                                                                           [01;31m[K^[m[K
[26.125s] [01m[K/home/neha/ros2_ws/src/semnav_migration/src/human_following_signal.cpp:306:76:[m[K [01;31m[Kerror: [m[Kâ€˜[01m[Kex[m[Kâ€™ was not declared in this scope; did you mean â€˜[01m[Kexp[m[Kâ€™?
[26.126s]   306 |                                         } catch (tf22::TransformException &[01;31m[Kex[m[K) {
[26.126s]       |                                                                            [01;31m[K^~[m[K
[26.126s]       |                                                                            [32m[Kexp[m[K
[26.182s] [01m[K/home/neha/ros2_ws/src/semnav_migration/src/human_following_signal.cpp:[m[K In member function â€˜[01m[Kvoid HumanFollowingSignalNode::[01;32m[Kcontrol_callback[m[K(const sensor_msgs::msg::LaserScan_<std::allocator<void> >::ConstPtr&, const nav_msgs::msg::Odometry_<std::allocator<void> >::ConstPtr&)[m[Kâ€™:
[26.184s] [01m[K/home/neha/ros2_ws/src/semnav_migration/src/human_following_signal.cpp:459:49:[m[K [01;31m[Kerror: [m[Kâ€˜[01m[Kros[m[Kâ€™ has not been declared
[26.184s]   459 |                         odomPose.header.stamp = [01;31m[Kros[m[K::Time(0);
[26.185s]       |                                                 [01;31m[K^~~[m[K
[26.185s] [01m[K/home/neha/ros2_ws/src/semnav_migration/src/human_following_signal.cpp:463:43:[m[K [01;31m[Kerror: [m[Kâ€˜[01m[Kclass std::shared_ptr<tf2_ros::TransformListener>[m[Kâ€™ has no member named â€˜[01m[KwaitForTransform[m[Kâ€™
[26.185s]   463 |                                 listener_.[01;31m[KwaitForTransform[m[K(world_frame_id_, odom_frame_id_, ros::Time(0), ros::Duration(1.0));
[26.185s]       |                                           [01;31m[K^~~~~~~~~~~~~~~~[m[K
[26.186s] [01m[K/home/neha/ros2_ws/src/semnav_migration/src/human_following_signal.cpp:463:93:[m[K [01;31m[Kerror: [m[Kâ€˜[01m[Kros[m[Kâ€™ has not been declared
[26.186s]   463 |                                 listener_.waitForTransform(world_frame_id_, odom_frame_id_, [01;31m[Kros[m[K::Time(0), ros::Duration(1.0));
[26.186s]       |                                                                                             [01;31m[K^~~[m[K
[26.188s] [01m[K/home/neha/ros2_ws/src/semnav_migration/src/human_following_signal.cpp:463:107:[m[K [01;31m[Kerror: [m[Kâ€˜[01m[Kros[m[Kâ€™ has not been declared
[26.188s]   463 |                                 listener_.waitForTransform(world_frame_id_, odom_frame_id_, ros::Time(0), [01;31m[Kros[m[K::Duration(1.0));
[26.189s]       |                                                                                                           [01;31m[K^~~[m[K
[26.189s] [01m[K/home/neha/ros2_ws/src/semnav_migration/src/human_following_signal.cpp:464:43:[m[K [01;31m[Kerror: [m[Kâ€˜[01m[Kclass std::shared_ptr<tf2_ros::TransformListener>[m[Kâ€™ has no member named â€˜[01m[KtransformPose[m[Kâ€™
[26.189s]   464 |                                 listener_.[01;31m[KtransformPose[m[K(world_frame_id_, odomPose, mapPose);
[26.189s]       |                                           [01;31m[K^~~~~~~~~~~~~[m[K
[26.190s] [01m[K/home/neha/ros2_ws/src/semnav_migration/src/human_following_signal.cpp:497:43:[m[K [01;31m[Kerror: [m[Kâ€˜[01m[Kclass std::shared_ptr<tf2_ros::TransformListener>[m[Kâ€™ has no member named â€˜[01m[KwaitForTransform[m[Kâ€™
[26.190s]   497 |                                 listener_.[01;31m[KwaitForTransform[m[K(world_frame_id_, ros::Time(0), camera_optical_frame_id_, localGoalCameraStamp, world_frame_id_, ros::Duration(1.0));
[26.191s]       |                                           [01;31m[K^~~~~~~~~~~~~~~~[m[K
[26.191s] [01m[K/home/neha/ros2_ws/src/semnav_migration/src/human_following_signal.cpp:497:77:[m[K [01;31m[Kerror: [m[Kâ€˜[01m[Kros[m[Kâ€™ has not been declared
[26.191s]   497 |                                 listener_.waitForTransform(world_frame_id_, [01;31m[Kros[m[K::Time(0), camera_optical_frame_id_, localGoalCameraStamp, world_frame_id_, ros::Duration(1.0));
[26.192s]       |                                                                             [01;31m[K^~~[m[K
[26.192s] [01m[K/home/neha/ros2_ws/src/semnav_migration/src/human_following_signal.cpp:497:156:[m[K [01;31m[Kerror: [m[Kâ€˜[01m[Kros[m[Kâ€™ has not been declared
[26.194s]   497 |                                 listener_.waitForTransform(world_frame_id_, ros::Time(0), camera_optical_frame_id_, localGoalCameraStamp, world_frame_id_, [01;31m[Kros[m[K::Duration(1.0));
[26.195s]       |                                                                                                                                                            [01;31m[K^~~[m[K
[26.195s] [01m[K/home/neha/ros2_ws/src/semnav_migration/src/human_following_signal.cpp:498:43:[m[K [01;31m[Kerror: [m[Kâ€˜[01m[Kclass std::shared_ptr<tf2_ros::TransformListener>[m[Kâ€™ has no member named â€˜[01m[KtransformPoint[m[Kâ€™
[26.195s]   498 |                                 listener_.[01;31m[KtransformPoint[m[K(world_frame_id_, ros::Time(0), localGoalCamera, world_frame_id_, localGoalMap);
[26.195s]       |                                           [01;31m[K^~~~~~~~~~~~~~[m[K
[26.195s] [01m[K/home/neha/ros2_ws/src/semnav_migration/src/human_following_signal.cpp:498:75:[m[K [01;31m[Kerror: [m[Kâ€˜[01m[Kros[m[Kâ€™ has not been declared
[26.195s]   498 |                                 listener_.transformPoint(world_frame_id_, [01;31m[Kros[m[K::Time(0), localGoalCamera, world_frame_id_, localGoalMap);
[26.195s]       |                                                                           [01;31m[K^~~[m[K
[26.226s] [01m[K/home/neha/ros2_ws/src/semnav_migration/src/human_following_signal.cpp:669:33:[m[K [01;31m[Kerror: [m[Kâ€˜[01m[Kros[m[Kâ€™ has not been declared
[26.226s]   669 |                                 [01;31m[Kros[m[K::Duration(5.0).sleep();
[26.227s]       |                                 [01;31m[K^~~[m[K
[26.243s] In file included from [01m[K/opt/ros/jazzy/include/rclcpp/rclcpp/copy_all_parameter_values.hpp:27[m[K,
[26.243s]                  from [01m[K/opt/ros/jazzy/include/rclcpp/rclcpp/rclcpp.hpp:171[m[K,
[26.243s]                  from [01m[K/home/neha/ros2_ws/src/semnav_migration/include/reactive_planner_lib.h:32[m[K,
[26.244s]                  from [01m[K/home/neha/ros2_ws/src/semnav_migration/src/human_following_signal.cpp:25[m[K:
[26.246s] [01m[K/home/neha/ros2_ws/src/semnav_migration/src/human_following_signal.cpp:697:157:[m[K [01;31m[Kerror: [m[Kâ€˜[01m[Kros[m[Kâ€™ has not been declared
[26.246s]   697 |                         RCLCPP_WARN_STREAM(this->get_logger(), "[Navigation] Command update for " << int(localDiffeoTreeArray.size()) << " polygons in " << [01;31m[Kros[m[K::Time::now().toSec()-before_time << " seconds.");
[26.247s]       |                                                                                                                                                             [01;31m[K^~~[m[K
[47.765s] gmake[2]: *** [CMakeFiles/human_following.dir/build.make:76: CMakeFiles/human_following.dir/src/human_following.cpp.o] Error 1
[47.766s] gmake[1]: *** [CMakeFiles/Makefile2:259: CMakeFiles/human_following.dir/all] Error 2
[47.766s] gmake[1]: *** Waiting for unfinished jobs....
[48.921s] gmake[2]: *** [CMakeFiles/human_following_signal.dir/build.make:76: CMakeFiles/human_following_signal.dir/src/human_following_signal.cpp.o] Error 1
[48.922s] gmake[1]: *** [CMakeFiles/Makefile2:285: CMakeFiles/human_following_signal.dir/all] Error 2
[48.922s] gmake: *** [Makefile:146: all] Error 2
[48.926s] Invoked command in '/home/neha/ros2_ws/src/semnav_migration/build/semnav' returned '2': CMAKE_PREFIX_PATH=${CMAKE_PREFIX_PATH}:/opt/ros/jazzy DEBUGINFOD_URLS=https://debuginfod.ubuntu.com /usr/bin/cmake --build /home/neha/ros2_ws/src/semnav_migration/build/semnav -- -j2 -l2
