[0.026s] Invoking command in '/home/neha/ros2_ws/src/semnav_migration/build/semnav': CMAKE_PREFIX_PATH=${CMAKE_PREFIX_PATH}:/opt/ros/jazzy DEBUGINFOD_URLS=https://debuginfod.ubuntu.com /usr/bin/cmake --build /home/neha/ros2_ws/src/semnav_migration/build/semnav -- -j2 -l2
[0.192s] [ 14%] Built target reactive_planner
[0.329s] [ 19%] Building CXX object CMakeFiles/navigation.dir/src/navigation.cpp.o
[2.412s] [ 23%] Building CXX object CMakeFiles/navigation_semantic.dir/src/navigation_semantic.cpp.o
[21.852s] /home/neha/ros2_ws/src/semnav_migration/src/navigation.cpp:662:22: error: ‘TransformListener’ in namespace ‘tf2’ does not name a type
[21.852s]   662 |                 tf2::TransformListener listener_;
[21.852s]       |                      ^~~~~~~~~~~~~~~~~
[21.855s] /home/neha/ros2_ws/src/semnav_migration/src/navigation.cpp: In constructor ‘NavigationNode::NavigationNode()’:
[21.855s] /home/neha/ros2_ws/src/semnav_migration/src/navigation.cpp:45:63: error: no matching function for call to ‘rclcpp::Node::Node()’
[21.856s]    45 |         NavigationNode() : Node(std::string("navigation_node")) {
[21.856s]       |                                                               ^
[21.856s] In file included from /opt/ros/jazzy/include/rclcpp/rclcpp/executors/single_threaded_executor.hpp:28,
[21.856s]                  from /opt/ros/jazzy/include/rclcpp/rclcpp/executors.hpp:22,
[21.856s]                  from /opt/ros/jazzy/include/rclcpp/rclcpp/rclcpp.hpp:172,
[21.856s]                  from /home/neha/ros2_ws/src/semnav_migration/include/reactive_planner_lib.h:32,
[21.856s]                  from /home/neha/ros2_ws/src/semnav_migration/src/navigation.cpp:25:
[21.860s] /opt/ros/jazzy/include/rclcpp/rclcpp/node.hpp:1629:3: note: candidate: ‘rclcpp::Node::Node(const rclcpp::Node&, const std::string&)’
[21.860s]  1629 |   Node(
[21.860s]       |   ^~~~
[21.860s] /opt/ros/jazzy/include/rclcpp/rclcpp/node.hpp:1629:3: note:   candidate expects 2 arguments, 0 provided
[21.861s] /opt/ros/jazzy/include/rclcpp/rclcpp/node.hpp:103:12: note: candidate: ‘rclcpp::Node::Node(const std::string&, const std::string&, const rclcpp::NodeOptions&)’
[21.861s]   103 |   explicit Node(
[21.861s]       |            ^~~~
[21.861s] /opt/ros/jazzy/include/rclcpp/rclcpp/node.hpp:103:12: note:   candidate expects 3 arguments, 0 provided
[21.861s] /opt/ros/jazzy/include/rclcpp/rclcpp/node.hpp:91:12: note: candidate: ‘rclcpp::Node::Node(const std::string&, const rclcpp::NodeOptions&)’
[21.861s]    91 |   explicit Node(
[21.861s]       |            ^~~~
[21.862s] /opt/ros/jazzy/include/rclcpp/rclcpp/node.hpp:91:12: note:   candidate expects 2 arguments, 0 provided
[21.980s] /home/neha/ros2_ws/src/semnav_migration/src/navigation.cpp:137:13: error: ‘pub_behaviorID_’ was not declared in this scope; did you mean ‘pub_behaviorID_topic_’?
[21.980s]   137 |             pub_behaviorID_ = this->create_publisher<std_msgs::msg::UInt32>("pub_behaviorID_topic_", 1);
[21.981s]       |             ^~~~~~~~~~~~~~~
[21.981s]       |             pub_behaviorID_topic_
[21.987s] /home/neha/ros2_ws/src/semnav_migration/src/navigation.cpp:137:69: error: ‘UInt32’ is not a member of ‘std_msgs::msg’
[21.987s]   137 |             pub_behaviorID_ = this->create_publisher<std_msgs::msg::UInt32>("pub_behaviorID_topic_", 1);
[21.987s]       |                                                                     ^~~~~~
[21.988s] /home/neha/ros2_ws/src/semnav_migration/src/navigation.cpp:137:76: error: no matching function for call to ‘NavigationNode::create_publisher<<expression error> >(const char [22], int)’
[21.988s]   137 |             pub_behaviorID_ = this->create_publisher<std_msgs::msg::UInt32>("pub_behaviorID_topic_", 1);
[21.988s]       |                               ~~~~~~~~~~~~~~~~~~~~~~~~~~~~~~~~~~~~~~~~~~~~~^~~~~~~~~~~~~~~~~~~~~~~~~~~~
[21.988s] /opt/ros/jazzy/include/rclcpp/rclcpp/node.hpp:197:3: note: candidate: ‘template<class MessageT, class AllocatorT, class PublisherT> std::shared_ptr<PublisherT> rclcpp::Node::create_publisher(const std::string&, const rclcpp::QoS&, const rclcpp::PublisherOptionsWithAllocator<AllocatorT>&)’
[21.988s]   197 |   create_publisher(
[21.988s]       |   ^~~~~~~~~~~~~~~~
[21.989s] /opt/ros/jazzy/include/rclcpp/rclcpp/node.hpp:197:3: note:   template argument deduction/substitution failed:
[21.991s] /home/neha/ros2_ws/src/semnav_migration/src/navigation.cpp:137:76: error: template argument 1 is invalid
[21.991s]   137 |             pub_behaviorID_ = this->create_publisher<std_msgs::msg::UInt32>("pub_behaviorID_topic_", 1);
[21.991s]       |                               ~~~~~~~~~~~~~~~~~~~~~~~~~~~~~~~~~~~~~~~~~~~~~^~~~~~~~~~~~~~~~~~~~~~~~~~~~
[22.091s] /home/neha/ros2_ws/src/semnav_migration/src/navigation.cpp:138:13: error: ‘pub_behaviorMode_’ was not declared in this scope; did you mean ‘pub_behaviorMode_topic_’?
[22.091s]   138 |             pub_behaviorMode_ = this->create_publisher<std_msgs::msg::UInt32>("pub_behaviorMode_topic_", 1);
[22.092s]       |             ^~~~~~~~~~~~~~~~~
[22.093s]       |             pub_behaviorMode_topic_
[22.097s] /home/neha/ros2_ws/src/semnav_migration/src/navigation.cpp:138:71: error: ‘UInt32’ is not a member of ‘std_msgs::msg’
[22.097s]   138 |             pub_behaviorMode_ = this->create_publisher<std_msgs::msg::UInt32>("pub_behaviorMode_topic_", 1);
[22.100s]       |                                                                       ^~~~~~
[22.100s] /home/neha/ros2_ws/src/semnav_migration/src/navigation.cpp:138:78: error: no matching function for call to ‘NavigationNode::create_publisher<<expression error> >(const char [24], int)’
[22.100s]   138 |             pub_behaviorMode_ = this->create_publisher<std_msgs::msg::UInt32>("pub_behaviorMode_topic_", 1);
[22.100s]       |                                 ~~~~~~~~~~~~~~~~~~~~~~~~~~~~~~~~~~~~~~~~~~~~~^~~~~~~~~~~~~~~~~~~~~~~~~~~~~~
[22.101s] /opt/ros/jazzy/include/rclcpp/rclcpp/node.hpp:197:3: note: candidate: ‘template<class MessageT, class AllocatorT, class PublisherT> std::shared_ptr<PublisherT> rclcpp::Node::create_publisher(const std::string&, const rclcpp::QoS&, const rclcpp::PublisherOptionsWithAllocator<AllocatorT>&)’
[22.101s]   197 |   create_publisher(
[22.101s]       |   ^~~~~~~~~~~~~~~~
[22.101s] /opt/ros/jazzy/include/rclcpp/rclcpp/node.hpp:197:3: note:   template argument deduction/substitution failed:
[22.101s] /home/neha/ros2_ws/src/semnav_migration/src/navigation.cpp:138:78: error: template argument 1 is invalid
[22.101s]   138 |             pub_behaviorMode_ = this->create_publisher<std_msgs::msg::UInt32>("pub_behaviorMode_topic_", 1);
[22.101s]       |                                 ~~~~~~~~~~~~~~~~~~~~~~~~~~~~~~~~~~~~~~~~~~~~~^~~~~~~~~~~~~~~~~~~~~~~~~~~~~~
[22.153s] /home/neha/ros2_ws/src/semnav_migration/src/navigation.cpp:139:13: error: ‘pub_twist_’ was not declared in this scope; did you mean ‘publish_twist’?
[22.154s]   139 |             pub_twist_ = this->create_publisher<std_msgs::msg::UInt32>("pub_twist_topic_", 1);
[22.154s]       |             ^~~~~~~~~~
[22.154s]       |             publish_twist
[22.161s] /home/neha/ros2_ws/src/semnav_migration/src/navigation.cpp:139:64: error: ‘UInt32’ is not a member of ‘std_msgs::msg’
[22.161s]   139 |             pub_twist_ = this->create_publisher<std_msgs::msg::UInt32>("pub_twist_topic_", 1);
[22.161s]       |                                                                ^~~~~~
[22.161s] /home/neha/ros2_ws/src/semnav_migration/src/navigation.cpp:139:71: error: no matching function for call to ‘NavigationNode::create_publisher<<expression error> >(const char [17], int)’
[22.162s]   139 |             pub_twist_ = this->create_publisher<std_msgs::msg::UInt32>("pub_twist_topic_", 1);
[22.162s]       |                          ~~~~~~~~~~~~~~~~~~~~~~~~~~~~~~~~~~~~~~~~~~~~~^~~~~~~~~~~~~~~~~~~~~~~
[22.162s] /opt/ros/jazzy/include/rclcpp/rclcpp/node.hpp:197:3: note: candidate: ‘template<class MessageT, class AllocatorT, class PublisherT> std::shared_ptr<PublisherT> rclcpp::Node::create_publisher(const std::string&, const rclcpp::QoS&, const rclcpp::PublisherOptionsWithAllocator<AllocatorT>&)’
[22.162s]   197 |   create_publisher(
[22.162s]       |   ^~~~~~~~~~~~~~~~
[22.162s] /opt/ros/jazzy/include/rclcpp/rclcpp/node.hpp:197:3: note:   template argument deduction/substitution failed:
[22.162s] /home/neha/ros2_ws/src/semnav_migration/src/navigation.cpp:139:71: error: template argument 1 is invalid
[22.163s]   139 |             pub_twist_ = this->create_publisher<std_msgs::msg::UInt32>("pub_twist_topic_", 1);
[22.163s]       |                          ~~~~~~~~~~~~~~~~~~~~~~~~~~~~~~~~~~~~~~~~~~~~~^~~~~~~~~~~~~~~~~~~~~~~
[22.229s] /home/neha/ros2_ws/src/semnav_migration/src/navigation.cpp:142:116: error: no matching function for call to ‘message_filters::Subscriber<sensor_msgs::msg::LaserScan_<std::allocator<void> > >::Subscriber(rclcpp::Node&, std::string&, int)’
[22.229s]   142 |                         message_filters::Subscriber<sensor_msgs::msg::LaserScan> sub_laser(nh_, sub_laser_topic_, 1);
[22.230s]       |                                                                                                                    ^
[22.230s] In file included from /home/neha/ros2_ws/src/semnav_migration/include/reactive_planner_lib.h:43:
[22.231s] /opt/ros/jazzy/include/message_filters/message_filters/subscriber.h:224:3: note: candidate: ‘message_filters::Subscriber<M, NodeType>::Subscriber() [with M = sensor_msgs::msg::LaserScan_<std::allocator<void> >; NodeType = rclcpp::Node]’
[22.231s]   224 |   Subscriber() = default;
[22.231s]       |   ^~~~~~~~~~
[22.233s] /opt/ros/jazzy/include/message_filters/message_filters/subscriber.h:224:3: note:   candidate expects 0 arguments, 3 provided
[22.233s] /opt/ros/jazzy/include/message_filters/message_filters/subscriber.h:212:3: note: candidate: ‘message_filters::Subscriber<M, NodeType>::Subscriber(NodeType*, const std::string&, rmw_qos_profile_t, rclcpp::SubscriptionOptions) [with M = sensor_msgs::msg::LaserScan_<std::allocator<void> >; NodeType = rclcpp::Node; std::string = std::__cxx11::basic_string<char>; rmw_qos_profile_t = rmw_qos_profile_s; rclcpp::SubscriptionOptions = rclcpp::SubscriptionOptionsWithAllocator<std::allocator<void> >]’
[22.233s]   212 |   Subscriber(
[22.233s]       |   ^~~~~~~~~~
[22.234s] /opt/ros/jazzy/include/message_filters/message_filters/subscriber.h:212:3: note:   candidate expects 4 arguments, 3 provided
[22.234s] /opt/ros/jazzy/include/message_filters/message_filters/subscriber.h:203:3: note: candidate: ‘message_filters::Subscriber<M, NodeType>::Subscriber(NodePtr, const std::string&, rmw_qos_profile_t, rclcpp::SubscriptionOptions) [with M = sensor_msgs::msg::LaserScan_<std::allocator<void> >; NodeType = rclcpp::Node; NodePtr = std::shared_ptr<rclcpp::Node>; std::string = std::__cxx11::basic_string<char>; rmw_qos_profile_t = rmw_qos_profile_s; rclcpp::SubscriptionOptions = rclcpp::SubscriptionOptionsWithAllocator<std::allocator<void> >]’
[22.234s]   203 |   Subscriber(
[22.234s]       |   ^~~~~~~~~~
[22.234s] /opt/ros/jazzy/include/message_filters/message_filters/subscriber.h:203:3: note:   candidate expects 4 arguments, 3 provided
[22.234s] /opt/ros/jazzy/include/message_filters/message_filters/subscriber.h:188:3: note: candidate: ‘message_filters::Subscriber<M, NodeType>::Subscriber(NodeType*, const std::string&, rmw_qos_profile_t) [with M = sensor_msgs::msg::LaserScan_<std::allocator<void> >; NodeType = rclcpp::Node; std::string = std::__cxx11::basic_string<char>; rmw_qos_profile_t = rmw_qos_profile_s]’
[22.236s]   188 |   Subscriber(NodeType * node, const std::string& topic, const rmw_qos_profile_t qos = rmw_qos_profile_default)
[22.236s]       |   ^~~~~~~~~~
[22.236s] /opt/ros/jazzy/include/message_filters/message_filters/subscriber.h:188:25: note:   no known conversion for argument 1 from ‘rclcpp::Node’ to ‘rclcpp::Node*’
[22.236s]   188 |   Subscriber(NodeType * node, const std::string& topic, const rmw_qos_profile_t qos = rmw_qos_profile_default)
[22.236s]       |              ~~~~~~~~~~~^~~~
[22.236s] /opt/ros/jazzy/include/message_filters/message_filters/subscriber.h:183:3: note: candidate: ‘message_filters::Subscriber<M, NodeType>::Subscriber(NodePtr, const std::string&, rmw_qos_profile_t) [with M = sensor_msgs::msg::LaserScan_<std::allocator<void> >; NodeType = rclcpp::Node; NodePtr = std::shared_ptr<rclcpp::Node>; std::string = std::__cxx11::basic_string<char>; rmw_qos_profile_t = rmw_qos_profile_s]’
[22.238s]   183 |   Subscriber(NodePtr node, const std::string& topic, const rmw_qos_profile_t qos = rmw_qos_profile_default)
[22.238s]       |   ^~~~~~~~~~
[22.238s] /opt/ros/jazzy/include/message_filters/message_filters/subscriber.h:183:22: note:   no known conversion for argument 1 from ‘rclcpp::Node’ to ‘message_filters::Subscriber<sensor_msgs::msg::LaserScan_<std::allocator<void> > >::NodePtr’ {aka ‘std::shared_ptr<rclcpp::Node>’}
[22.238s]   183 |   Subscriber(NodePtr node, const std::string& topic, const rmw_qos_profile_t qos = rmw_qos_profile_default)
[22.241s]       |              ~~~~~~~~^~~~
[22.301s] /home/neha/ros2_ws/src/semnav_migration/src/navigation.cpp:143:112: error: no matching function for call to ‘message_filters::Subscriber<nav_msgs::msg::Odometry_<std::allocator<void> > >::Subscriber(rclcpp::Node&, std::string&, int)’
[22.301s]   143 |                         message_filters::Subscriber<nav_msgs::msg::Odometry> sub_robot(nh_, sub_robot_topic_, 1);
[22.301s]       |                                                                                                                ^
[22.302s] /opt/ros/jazzy/include/message_filters/message_filters/subscriber.h:224:3: note: candidate: ‘message_filters::Subscriber<M, NodeType>::Subscriber() [with M = nav_msgs::msg::Odometry_<std::allocator<void> >; NodeType = rclcpp::Node]’
[22.302s]   224 |   Subscriber() = default;
[22.302s]       |   ^~~~~~~~~~
[22.305s] /opt/ros/jazzy/include/message_filters/message_filters/subscriber.h:224:3: note:   candidate expects 0 arguments, 3 provided
[22.305s] /opt/ros/jazzy/include/message_filters/message_filters/subscriber.h:212:3: note: candidate: ‘message_filters::Subscriber<M, NodeType>::Subscriber(NodeType*, const std::string&, rmw_qos_profile_t, rclcpp::SubscriptionOptions) [with M = nav_msgs::msg::Odometry_<std::allocator<void> >; NodeType = rclcpp::Node; std::string = std::__cxx11::basic_string<char>; rmw_qos_profile_t = rmw_qos_profile_s; rclcpp::SubscriptionOptions = rclcpp::SubscriptionOptionsWithAllocator<std::allocator<void> >]’
[22.305s]   212 |   Subscriber(
[22.306s]       |   ^~~~~~~~~~
[22.306s] /opt/ros/jazzy/include/message_filters/message_filters/subscriber.h:212:3: note:   candidate expects 4 arguments, 3 provided
[22.306s] /opt/ros/jazzy/include/message_filters/message_filters/subscriber.h:203:3: note: candidate: ‘message_filters::Subscriber<M, NodeType>::Subscriber(NodePtr, const std::string&, rmw_qos_profile_t, rclcpp::SubscriptionOptions) [with M = nav_msgs::msg::Odometry_<std::allocator<void> >; NodeType = rclcpp::Node; NodePtr = std::shared_ptr<rclcpp::Node>; std::string = std::__cxx11::basic_string<char>; rmw_qos_profile_t = rmw_qos_profile_s; rclcpp::SubscriptionOptions = rclcpp::SubscriptionOptionsWithAllocator<std::allocator<void> >]’
[22.306s]   203 |   Subscriber(
[22.306s]       |   ^~~~~~~~~~
[22.306s] /opt/ros/jazzy/include/message_filters/message_filters/subscriber.h:203:3: note:   candidate expects 4 arguments, 3 provided
[22.306s] /opt/ros/jazzy/include/message_filters/message_filters/subscriber.h:188:3: note: candidate: ‘message_filters::Subscriber<M, NodeType>::Subscriber(NodeType*, const std::string&, rmw_qos_profile_t) [with M = nav_msgs::msg::Odometry_<std::allocator<void> >; NodeType = rclcpp::Node; std::string = std::__cxx11::basic_string<char>; rmw_qos_profile_t = rmw_qos_profile_s]’
[22.309s]   188 |   Subscriber(NodeType * node, const std::string& topic, const rmw_qos_profile_t qos = rmw_qos_profile_default)
[22.309s]       |   ^~~~~~~~~~
[22.309s] /opt/ros/jazzy/include/message_filters/message_filters/subscriber.h:188:25: note:   no known conversion for argument 1 from ‘rclcpp::Node’ to ‘rclcpp::Node*’
[22.309s]   188 |   Subscriber(NodeType * node, const std::string& topic, const rmw_qos_profile_t qos = rmw_qos_profile_default)
[22.309s]       |              ~~~~~~~~~~~^~~~
[22.310s] /opt/ros/jazzy/include/message_filters/message_filters/subscriber.h:183:3: note: candidate: ‘message_filters::Subscriber<M, NodeType>::Subscriber(NodePtr, const std::string&, rmw_qos_profile_t) [with M = nav_msgs::msg::Odometry_<std::allocator<void> >; NodeType = rclcpp::Node; NodePtr = std::shared_ptr<rclcpp::Node>; std::string = std::__cxx11::basic_string<char>; rmw_qos_profile_t = rmw_qos_profile_s]’
[22.310s]   183 |   Subscriber(NodePtr node, const std::string& topic, const rmw_qos_profile_t qos = rmw_qos_profile_default)
[22.310s]       |   ^~~~~~~~~~
[22.310s] /opt/ros/jazzy/include/message_filters/message_filters/subscriber.h:183:22: note:   no known conversion for argument 1 from ‘rclcpp::Node’ to ‘message_filters::Subscriber<nav_msgs::msg::Odometry_<std::allocator<void> > >::NodePtr’ {aka ‘std::shared_ptr<rclcpp::Node>’}
[22.310s]   183 |   Subscriber(NodePtr node, const std::string& topic, const rmw_qos_profile_t qos = rmw_qos_profile_default)
[22.310s]       |              ~~~~~~~~^~~~
[22.445s] /home/neha/ros2_ws/src/semnav_migration/src/navigation.cpp:148:55: error: ‘bind’ is not a member of ‘boost’; did you mean ‘find’?
[22.445s]   148 |                         sync->registerCallback(boost::bind(&NavigationNode::control_callback, this, _1, _2));
[22.445s]       |                                                       ^~~~
[22.445s]       |                                                       find
[22.450s] /home/neha/ros2_ws/src/semnav_migration/src/navigation.cpp:148:101: error: ‘_1’ was not declared in this scope
[22.450s]   148 |                         sync->registerCallback(boost::bind(&NavigationNode::control_callback, this, _1, _2));
[22.450s]       |                                                                                                     ^~
[22.451s] /home/neha/ros2_ws/src/semnav_migration/src/navigation.cpp:148:101: note: suggested alternatives:
[22.451s] In file included from /usr/include/boost/mpl/aux_/include_preprocessed.hpp:37,
[22.451s]                  from /usr/include/boost/mpl/placeholders.hpp:43,
[22.451s]                  from /usr/include/boost/iterator/iterator_categories.hpp:16,
[22.451s]                  from /usr/include/boost/iterator/iterator_facade.hpp:13,
[22.451s]                  from /usr/include/boost/range/iterator_range_core.hpp:27,
[22.451s]                  from /usr/include/boost/lexical_cast.hpp:48,
[22.454s]                  from /usr/include/boost/multiprecision/detail/number_base.hpp:29,
[22.454s]                  from /usr/include/boost/multiprecision/traits/is_variable_precision.hpp:9,
[22.454s]                  from /usr/include/boost/multiprecision/detail/precision.hpp:9,
[22.454s]                  from /usr/include/boost/multiprecision/number.hpp:11,
[22.455s]                  from /usr/include/boost/multiprecision/cpp_int.hpp:19,
[22.455s]                  from /usr/include/boost/multiprecision/cpp_bin_float.hpp:15,
[22.455s]                  from /usr/include/boost/geometry/core/coordinate_promotion.hpp:16,
[22.455s]                  from /usr/include/boost/geometry/core/radian_access.hpp:30,
[22.455s]                  from /usr/include/boost/geometry/geometry.hpp:50,
[22.455s]                  from /usr/include/boost/geometry.hpp:17,
[22.455s]                  from /home/neha/ros2_ws/src/semnav_migration/include/reactive_planner_lib.h:26:
[22.458s] /usr/include/boost/mpl/aux_/preprocessed/gcc/placeholders.hpp:29:16: note:   ‘mpl_::_1’
[22.458s]    29 | typedef arg<1> _1;
[22.458s]       |                ^~
[22.458s] In file included from /usr/include/boost/numeric/conversion/converter_policies.hpp:13,
[22.458s]                  from /usr/include/boost/numeric/conversion/converter.hpp:14,
[22.458s]                  from /usr/include/boost/numeric/conversion/cast.hpp:33,
[22.459s]                  from /usr/include/boost/geometry/core/radian_access.hpp:26:
[22.459s] /usr/include/c++/13/functional:294:48: note:   ‘std::placeholders::_1’
[22.459s]   294 |     _GLIBCXX_PLACEHOLDER const _Placeholder<1> _1;
[22.459s]       |                                                ^~
[22.459s] /usr/include/boost/mpl/aux_/preprocessed/gcc/placeholders.hpp:29:16: note:   ‘mpl_::_1’
[22.459s]    29 | typedef arg<1> _1;
[22.459s]       |                ^~
[22.462s] In file included from /usr/include/boost/describe/members.hpp:20,
[22.462s]                  from /usr/include/boost/container_hash/is_described_class.hpp:11,
[22.462s]                  from /usr/include/boost/container_hash/hash.hpp:18,
[22.462s]                  from /usr/include/boost/functional/hash.hpp:6,
[22.462s]                  from /usr/include/CGAL/Kernel/hash_functions.h:16,
[22.462s]                  from /usr/include/CGAL/Kernel/global_functions.h:25,
[22.463s]                  from /usr/include/CGAL/Cartesian/Cartesian_base.h:22,
[22.463s]                  from /usr/include/CGAL/Simple_cartesian.h:20,
[22.463s]                  from /usr/include/CGAL/Exact_predicates_inexact_constructions_kernel.h:20,
[22.463s]                  from /home/neha/ros2_ws/src/semnav_migration/include/polygeom_lib.h:32,
[22.463s]                  from /home/neha/ros2_ws/src/semnav_migration/include/reactive_planner_lib.h:50:
[22.463s] /usr/include/boost/mp11/bind.hpp:45:7: note:   ‘boost::mp11::_1’
[22.463s]    45 | using _1 = mp_arg<0>;
[22.466s]       |       ^~
[22.466s] /usr/include/boost/mpl/aux_/preprocessed/gcc/placeholders.hpp:29:16: note:   ‘mpl_::_1’
[22.466s]    29 | typedef arg<1> _1;
[22.466s]       |                ^~
[22.466s] /home/neha/ros2_ws/src/semnav_migration/src/navigation.cpp:148:105: error: ‘_2’ was not declared in this scope
[22.467s]   148 |                         sync->registerCallback(boost::bind(&NavigationNode::control_callback, this, _1, _2));
[22.467s]       |                                                                                                         ^~
[22.467s] /home/neha/ros2_ws/src/semnav_migration/src/navigation.cpp:148:105: note: suggested alternatives:
[22.467s] /usr/include/boost/mpl/aux_/preprocessed/gcc/placeholders.hpp:42:16: note:   ‘mpl_::_2’
[22.467s]    42 | typedef arg<2> _2;
[22.467s]       |                ^~
[22.467s] /usr/include/c++/13/functional:295:48: note:   ‘std::placeholders::_2’
[22.470s]   295 |     _GLIBCXX_PLACEHOLDER const _Placeholder<2> _2;
[22.470s]       |                                                ^~
[22.471s] /usr/include/boost/mpl/aux_/preprocessed/gcc/placeholders.hpp:42:16: note:   ‘mpl_::_2’
[22.471s]    42 | typedef arg<2> _2;
[22.471s]       |                ^~
[22.471s] /usr/include/boost/mp11/bind.hpp:46:7: note:   ‘boost::mp11::_2’
[22.471s]    46 | using _2 = mp_arg<1>;
[22.471s]       |       ^~
[22.471s] /usr/include/boost/mpl/aux_/preprocessed/gcc/placeholders.hpp:42:16: note:   ‘mpl_::_2’
[22.474s]    42 | typedef arg<2> _2;
[22.474s]       |                ^~
[22.474s] /home/neha/ros2_ws/src/semnav_migration/src/navigation.cpp:151:20: error: ‘Subscription’ was not declared in this scope
[22.474s]   151 |             rclcpp:Subscription sub_semantic = this->create_subscriber(sub_semantic_topic_, 1);
[22.474s]       |                    ^~~~~~~~~~~~
[22.474s] /home/neha/ros2_ws/src/semnav_migration/src/navigation.cpp:151:20: note: suggested alternatives:
[22.474s] In file included from /opt/ros/jazzy/include/rclcpp/rclcpp/any_executable.hpp:25,
[22.475s]                  from /opt/ros/jazzy/include/rclcpp/rclcpp/memory_strategy.hpp:25,
[22.475s]                  from /opt/ros/jazzy/include/rclcpp/rclcpp/memory_strategies.hpp:18,
[22.475s]                  from /opt/ros/jazzy/include/rclcpp/rclcpp/executor_options.hpp:22,
[22.475s]                  from /opt/ros/jazzy/include/rclcpp/rclcpp/executor.hpp:38,
[22.475s]                  from /opt/ros/jazzy/include/rclcpp/rclcpp/executors/multi_threaded_executor.hpp:25,
[22.475s]                  from /opt/ros/jazzy/include/rclcpp/rclcpp/executors.hpp:21:
[22.475s] /opt/ros/jazzy/include/rclcpp/rclcpp/subscription.hpp:75:7: note:   ‘rclcpp::Subscription’
[22.478s]    75 | class Subscription : public SubscriptionBase
[22.478s]       |       ^~~~~~~~~~~~
[22.478s] In file included from /opt/ros/jazzy/include/rclcpp/rclcpp/client.hpp:45,
[22.478s]                  from /opt/ros/jazzy/include/rclcpp/rclcpp/callback_group.hpp:24,
[22.478s]                  from /opt/ros/jazzy/include/rclcpp/rclcpp/any_executable.hpp:20:
[22.478s] /opt/ros/jazzy/include/rclcpp/rclcpp/node_interfaces/node_graph_interface.hpp:43:3: note:   ‘rclcpp::EndpointType::Subscription’
[22.479s]    43 |   Subscription = RMW_ENDPOINT_SUBSCRIPTION
[22.479s]       |   ^~~~~~~~~~~~
[22.479s] /home/neha/ros2_ws/src/semnav_migration/src/navigation.cpp:155:45: error: no matching function for call to ‘rclcpp::Duration::Duration(double)’
[22.479s]   155 |                         rclcpp::Duration(5.0).sleep();
[22.479s]       |                                             ^
[22.479s] In file included from /opt/ros/jazzy/include/rclcpp/rclcpp/time.hpp:24,
[22.479s]                  from /opt/ros/jazzy/include/rclcpp/rclcpp/clock.hpp:24,
[22.482s]                  from /opt/ros/jazzy/include/rclcpp/rclcpp/client.hpp:38:
[22.482s] /opt/ros/jazzy/include/rclcpp/rclcpp/duration.hpp:49:3: note: candidate: ‘template<class Rep, class Period> rclcpp::Duration::Duration(const std::chrono::duration<_Rep1, _Period1>&)’
[22.482s]    49 |   Duration(const std::chrono::duration<Rep, Period> & duration)  // NOLINT(runtime/explicit)
[22.482s]       |   ^~~~~~~~
[22.482s] /opt/ros/jazzy/include/rclcpp/rclcpp/duration.hpp:49:3: note:   template argument deduction/substitution failed:
[22.482s] /home/neha/ros2_ws/src/semnav_migration/src/navigation.cpp:155:45: note:   mismatched types ‘const std::chrono::duration<_Rep1, _Period1>’ and ‘double’
[22.483s]   155 |                         rclcpp::Duration(5.0).sleep();
[22.483s]       |                                             ^
[22.483s] /opt/ros/jazzy/include/rclcpp/rclcpp/duration.hpp:159:3: note: candidate: ‘rclcpp::Duration::Duration()’
[22.483s]   159 |   Duration() = default;
[22.483s]       |   ^~~~~~~~
[22.483s] /opt/ros/jazzy/include/rclcpp/rclcpp/duration.hpp:159:3: note:   candidate expects 0 arguments, 1 provided
[22.483s] /opt/ros/jazzy/include/rclcpp/rclcpp/duration.hpp:62:3: note: candidate: ‘rclcpp::Duration::Duration(const rclcpp::Duration&)’
[22.483s]    62 |   Duration(const Duration & rhs);
[22.486s]       |   ^~~~~~~~
[22.486s] /opt/ros/jazzy/include/rclcpp/rclcpp/duration.hpp:62:29: note:   no known conversion for argument 1 from ‘double’ to ‘const rclcpp::Duration&’
[22.486s]    62 |   Duration(const Duration & rhs);
[22.486s]       |            ~~~~~~~~~~~~~~~~~^~~
[22.486s] /opt/ros/jazzy/include/rclcpp/rclcpp/duration.hpp:60:12: note: candidate: ‘rclcpp::Duration::Duration(const rcl_duration_t&)’
[22.486s]    60 |   explicit Duration(const rcl_duration_t & duration);
[22.487s]       |            ^~~~~~~~
[22.487s] /opt/ros/jazzy/include/rclcpp/rclcpp/duration.hpp:60:44: note:   no known conversion for argument 1 from ‘double’ to ‘const rcl_duration_t&’ {aka ‘const rcl_duration_s&’}
[22.487s]    60 |   explicit Duration(const rcl_duration_t & duration);
[22.487s]       |                     ~~~~~~~~~~~~~~~~~~~~~~~^~~~~~~~
[22.487s] /opt/ros/jazzy/include/rclcpp/rclcpp/duration.hpp:54:3: note: candidate: ‘rclcpp::Duration::Duration(const builtin_interfaces::msg::Duration&)’
[22.487s]    54 |   Duration(const builtin_interfaces::msg::Duration & duration_msg);  // NOLINT(runtime/explicit)
[22.487s]       |   ^~~~~~~~
[22.489s] /opt/ros/jazzy/include/rclcpp/rclcpp/duration.hpp:54:54: note:   no known conversion for argument 1 from ‘double’ to ‘const builtin_interfaces::msg::Duration&’ {aka ‘const builtin_interfaces::msg::Duration_<std::allocator<void> >&’}
[22.490s]    54 |   Duration(const builtin_interfaces::msg::Duration & duration_msg);  // NOLINT(runtime/explicit)
[22.490s]       |            ~~~~~~~~~~~~~~~~~~~~~~~~~~~~~~~~~~~~~~~~~~^~~~~~~~~~~~
[22.490s] /opt/ros/jazzy/include/rclcpp/rclcpp/duration.hpp:43:12: note: candidate: ‘rclcpp::Duration::Duration(std::chrono::nanoseconds)’
[22.490s]    43 |   explicit Duration(std::chrono::nanoseconds nanoseconds);
[22.490s]       |            ^~~~~~~~
[22.490s] /opt/ros/jazzy/include/rclcpp/rclcpp/duration.hpp:43:46: note:   no known conversion for argument 1 from ‘double’ to ‘std::chrono::nanoseconds’ {aka ‘std::chrono::duration<long int, std::ratio<1, 1000000000> >’}
[22.491s]    43 |   explicit Duration(std::chrono::nanoseconds nanoseconds);
[22.491s]       |                     ~~~~~~~~~~~~~~~~~~~~~~~~~^~~~~~~~~~~
[22.491s] /opt/ros/jazzy/include/rclcpp/rclcpp/duration.hpp:40:3: note: candidate: ‘rclcpp::Duration::Duration(int32_t, uint32_t)’
[22.491s]    40 |   Duration(int32_t seconds, uint32_t nanoseconds);
[22.491s]       |   ^~~~~~~~
[22.491s] /opt/ros/jazzy/include/rclcpp/rclcpp/duration.hpp:40:3: note:   candidate expects 2 arguments, 1 provided
[22.529s] /home/neha/ros2_ws/src/semnav_migration/src/navigation.cpp:162:38: error: ‘node_ptr’ was not declared in this scope; did you mean ‘mode_t’?
[22.529s]   162 |                         rclcpp::spin(node_ptr);
[22.529s]       |                                      ^~~~~~~~
[22.529s]       |                                      mode_t
[22.589s] /home/neha/ros2_ws/src/semnav_migration/src/navigation.cpp: In member function ‘void NavigationNode::publish_twist(double, double)’:
[22.589s] /home/neha/ros2_ws/src/semnav_migration/src/navigation.cpp:169:25: error: ‘pub_twist_’ was not declared in this scope; did you mean ‘publish_twist’?
[22.589s]   169 |                         pub_twist_.publish(commandTwist);
[22.589s]       |                         ^~~~~~~~~~
[22.589s]       |                         publish_twist
[22.594s] /home/neha/ros2_ws/src/semnav_migration/src/navigation.cpp: In member function ‘void NavigationNode::publish_behavior_id(uint16_t)’:
[22.594s] /home/neha/ros2_ws/src/semnav_migration/src/navigation.cpp:174:28: error: ‘UInt32’ is not a member of ‘std_msgs::msg’
[22.594s]   174 |             std_msgs::msg::UInt32 commandId;
[22.594s]       |                            ^~~~~~
[22.645s] /home/neha/ros2_ws/src/semnav_migration/src/navigation.cpp:175:25: error: ‘commandId’ was not declared in this scope
[22.645s]   175 |                         commandId.data = BehaviorIdCmd;
[22.645s]       |                         ^~~~~~~~~
[22.736s] /home/neha/ros2_ws/src/semnav_migration/src/navigation.cpp:176:25: error: ‘pub_behaviorID_’ was not declared in this scope; did you mean ‘pub_behaviorID_topic_’?
[22.736s]   176 |                         pub_behaviorID_.publish(commandId);
[22.736s]       |                         ^~~~~~~~~~~~~~~
[22.736s]       |                         pub_behaviorID_topic_
[22.740s] /home/neha/ros2_ws/src/semnav_migration/src/navigation.cpp: In member function ‘void NavigationNode::publish_behavior_mode(uint16_t)’:
[22.741s] /home/neha/ros2_ws/src/semnav_migration/src/navigation.cpp:181:28: error: ‘UInt32’ is not a member of ‘std_msgs::msg’
[22.741s]   181 |             std_msgs::msg::UInt32 commandMode;
[22.741s]       |                            ^~~~~~
[22.811s] /home/neha/ros2_ws/src/semnav_migration/src/navigation.cpp:182:25: error: ‘commandMode’ was not declared in this scope
[22.811s]   182 |                         commandMode.data = BehaviorModeCmd;
[22.811s]       |                         ^~~~~~~~~~~
[22.914s] /home/neha/ros2_ws/src/semnav_migration/src/navigation.cpp:183:25: error: ‘pub_behaviorMode_’ was not declared in this scope; did you mean ‘pub_behaviorMode_topic_’?
[22.914s]   183 |                         pub_behaviorMode_.publish(commandMode);
[22.914s]       |                         ^~~~~~~~~~~~~~~~~
[22.914s]       |                         pub_behaviorMode_topic_
[23.051s] /home/neha/ros2_ws/src/semnav_migration/src/navigation.cpp: In member function ‘void NavigationNode::control_callback(const sensor_msgs::msg::LaserScan_<std::allocator<void> >::ConstPtr&, const nav_msgs::msg::Odometry_<std::allocator<void> >::ConstPtr&)’:
[23.052s] /home/neha/ros2_ws/src/semnav_migration/src/navigation.cpp:366:33: error: ‘listener_’ was not declared in this scope
[23.052s]   366 |                                 listener_.waitForTransform(world_frame_id_, odom_frame_id_, rclcpp::Time(0), rclcpp::Duration(1.0));
[23.052s]       |                                 ^~~~~~~~~
[23.054s] /home/neha/ros2_ws/src/semnav_migration/src/navigation.cpp:366:130: error: no matching function for call to ‘rclcpp::Duration::Duration(double)’
[23.054s]   366 |                                 listener_.waitForTransform(world_frame_id_, odom_frame_id_, rclcpp::Time(0), rclcpp::Duration(1.0));
[23.054s]       |                                                                                                                                  ^
[23.055s] /opt/ros/jazzy/include/rclcpp/rclcpp/duration.hpp:49:3: note: candidate: ‘template<class Rep, class Period> rclcpp::Duration::Duration(const std::chrono::duration<_Rep1, _Period1>&)’
[23.055s]    49 |   Duration(const std::chrono::duration<Rep, Period> & duration)  // NOLINT(runtime/explicit)
[23.055s]       |   ^~~~~~~~
[23.055s] /opt/ros/jazzy/include/rclcpp/rclcpp/duration.hpp:49:3: note:   template argument deduction/substitution failed:
[23.055s] /home/neha/ros2_ws/src/semnav_migration/src/navigation.cpp:366:130: note:   mismatched types ‘const std::chrono::duration<_Rep1, _Period1>’ and ‘double’
[23.055s]   366 |                                 listener_.waitForTransform(world_frame_id_, odom_frame_id_, rclcpp::Time(0), rclcpp::Duration(1.0));
[23.055s]       |                                                                                                                                  ^
[23.058s] /opt/ros/jazzy/include/rclcpp/rclcpp/duration.hpp:159:3: note: candidate: ‘rclcpp::Duration::Duration()’
[23.058s]   159 |   Duration() = default;
[23.058s]       |   ^~~~~~~~
[23.058s] /opt/ros/jazzy/include/rclcpp/rclcpp/duration.hpp:159:3: note:   candidate expects 0 arguments, 1 provided
[23.058s] /opt/ros/jazzy/include/rclcpp/rclcpp/duration.hpp:62:3: note: candidate: ‘rclcpp::Duration::Duration(const rclcpp::Duration&)’
[23.059s]    62 |   Duration(const Duration & rhs);
[23.059s]       |   ^~~~~~~~
[23.059s] /opt/ros/jazzy/include/rclcpp/rclcpp/duration.hpp:62:29: note:   no known conversion for argument 1 from ‘double’ to ‘const rclcpp::Duration&’
[23.059s]    62 |   Duration(const Duration & rhs);
[23.059s]       |            ~~~~~~~~~~~~~~~~~^~~
[23.059s] /opt/ros/jazzy/include/rclcpp/rclcpp/duration.hpp:60:12: note: candidate: ‘rclcpp::Duration::Duration(const rcl_duration_t&)’
[23.059s]    60 |   explicit Duration(const rcl_duration_t & duration);
[23.062s]       |            ^~~~~~~~
[23.062s] /opt/ros/jazzy/include/rclcpp/rclcpp/duration.hpp:60:44: note:   no known conversion for argument 1 from ‘double’ to ‘const rcl_duration_t&’ {aka ‘const rcl_duration_s&’}
[23.062s]    60 |   explicit Duration(const rcl_duration_t & duration);
[23.062s]       |                     ~~~~~~~~~~~~~~~~~~~~~~~^~~~~~~~
[23.063s] /opt/ros/jazzy/include/rclcpp/rclcpp/duration.hpp:54:3: note: candidate: ‘rclcpp::Duration::Duration(const builtin_interfaces::msg::Duration&)’
[23.063s]    54 |   Duration(const builtin_interfaces::msg::Duration & duration_msg);  // NOLINT(runtime/explicit)
[23.063s]       |   ^~~~~~~~
[23.063s] /opt/ros/jazzy/include/rclcpp/rclcpp/duration.hpp:54:54: note:   no known conversion for argument 1 from ‘double’ to ‘const builtin_interfaces::msg::Duration&’ {aka ‘const builtin_interfaces::msg::Duration_<std::allocator<void> >&’}
[23.063s]    54 |   Duration(const builtin_interfaces::msg::Duration & duration_msg);  // NOLINT(runtime/explicit)
[23.063s]       |            ~~~~~~~~~~~~~~~~~~~~~~~~~~~~~~~~~~~~~~~~~~^~~~~~~~~~~~
[23.063s] /opt/ros/jazzy/include/rclcpp/rclcpp/duration.hpp:43:12: note: candidate: ‘rclcpp::Duration::Duration(std::chrono::nanoseconds)’
[23.066s]    43 |   explicit Duration(std::chrono::nanoseconds nanoseconds);
[23.066s]       |            ^~~~~~~~
[23.066s] /opt/ros/jazzy/include/rclcpp/rclcpp/duration.hpp:43:46: note:   no known conversion for argument 1 from ‘double’ to ‘std::chrono::nanoseconds’ {aka ‘std::chrono::duration<long int, std::ratio<1, 1000000000> >’}
[23.066s]    43 |   explicit Duration(std::chrono::nanoseconds nanoseconds);
[23.066s]       |                     ~~~~~~~~~~~~~~~~~~~~~~~~~^~~~~~~~~~~
[23.067s] /opt/ros/jazzy/include/rclcpp/rclcpp/duration.hpp:40:3: note: candidate: ‘rclcpp::Duration::Duration(int32_t, uint32_t)’
[23.067s]    40 |   Duration(int32_t seconds, uint32_t nanoseconds);
[23.067s]       |   ^~~~~~~~
[23.067s] /opt/ros/jazzy/include/rclcpp/rclcpp/duration.hpp:40:3: note:   candidate expects 2 arguments, 1 provided
[23.067s] /home/neha/ros2_ws/src/semnav_migration/src/navigation.cpp:396:42: error: could not convert ‘lidar_data’ from ‘shared_ptr<LaserScan_<[...]>>’ to ‘shared_ptr<LaserScan_<[...]>>’
[23.067s]   396 |                         constructLIDAR2D(lidar_data, CutoffRange_, AllowableRange_, RobotPitch_, &LIDAR);
[23.067s]       |                                          ^~~~~~~~~~
[23.070s]       |                                          |
[23.070s]       |                                          shared_ptr<LaserScan_<[...]>>
[23.085s] /home/neha/ros2_ws/src/semnav_migration/src/navigation.cpp:570:53: error: no matching function for call to ‘rclcpp::Duration::Duration(double)’
[23.085s]   570 |                                 rclcpp::Duration(5.0).sleep();
[23.085s]       |                                                     ^
[23.086s] /opt/ros/jazzy/include/rclcpp/rclcpp/duration.hpp:49:3: note: candidate: ‘template<class Rep, class Period> rclcpp::Duration::Duration(const std::chrono::duration<_Rep1, _Period1>&)’
[23.086s]    49 |   Duration(const std::chrono::duration<Rep, Period> & duration)  // NOLINT(runtime/explicit)
[23.086s]       |   ^~~~~~~~
[23.087s] /opt/ros/jazzy/include/rclcpp/rclcpp/duration.hpp:49:3: note:   template argument deduction/substitution failed:
[23.087s] /home/neha/ros2_ws/src/semnav_migration/src/navigation.cpp:570:53: note:   mismatched types ‘const std::chrono::duration<_Rep1, _Period1>’ and ‘double’
[23.088s]   570 |                                 rclcpp::Duration(5.0).sleep();
[23.088s]       |                                                     ^
[23.088s] /opt/ros/jazzy/include/rclcpp/rclcpp/duration.hpp:159:3: note: candidate: ‘rclcpp::Duration::Duration()’
[23.088s]   159 |   Duration() = default;
[23.088s]       |   ^~~~~~~~
[23.088s] /opt/ros/jazzy/include/rclcpp/rclcpp/duration.hpp:159:3: note:   candidate expects 0 arguments, 1 provided
[23.088s] /opt/ros/jazzy/include/rclcpp/rclcpp/duration.hpp:62:3: note: candidate: ‘rclcpp::Duration::Duration(const rclcpp::Duration&)’
[23.089s]    62 |   Duration(const Duration & rhs);
[23.089s]       |   ^~~~~~~~
[23.092s] /opt/ros/jazzy/include/rclcpp/rclcpp/duration.hpp:62:29: note:   no known conversion for argument 1 from ‘double’ to ‘const rclcpp::Duration&’
[23.092s]    62 |   Duration(const Duration & rhs);
[23.092s]       |            ~~~~~~~~~~~~~~~~~^~~
[23.093s] /opt/ros/jazzy/include/rclcpp/rclcpp/duration.hpp:60:12: note: candidate: ‘rclcpp::Duration::Duration(const rcl_duration_t&)’
[23.093s]    60 |   explicit Duration(const rcl_duration_t & duration);
[23.093s]       |            ^~~~~~~~
[23.093s] /opt/ros/jazzy/include/rclcpp/rclcpp/duration.hpp:60:44: note:   no known conversion for argument 1 from ‘double’ to ‘const rcl_duration_t&’ {aka ‘const rcl_duration_s&’}
[23.093s]    60 |   explicit Duration(const rcl_duration_t & duration);
[23.093s]       |                     ~~~~~~~~~~~~~~~~~~~~~~~^~~~~~~~
[23.096s] /opt/ros/jazzy/include/rclcpp/rclcpp/duration.hpp:54:3: note: candidate: ‘rclcpp::Duration::Duration(const builtin_interfaces::msg::Duration&)’
[23.096s]    54 |   Duration(const builtin_interfaces::msg::Duration & duration_msg);  // NOLINT(runtime/explicit)
[23.096s]       |   ^~~~~~~~
[23.096s] /opt/ros/jazzy/include/rclcpp/rclcpp/duration.hpp:54:54: note:   no known conversion for argument 1 from ‘double’ to ‘const builtin_interfaces::msg::Duration&’ {aka ‘const builtin_interfaces::msg::Duration_<std::allocator<void> >&’}
[23.096s]    54 |   Duration(const builtin_interfaces::msg::Duration & duration_msg);  // NOLINT(runtime/explicit)
[23.097s]       |            ~~~~~~~~~~~~~~~~~~~~~~~~~~~~~~~~~~~~~~~~~~^~~~~~~~~~~~
[23.097s] /opt/ros/jazzy/include/rclcpp/rclcpp/duration.hpp:43:12: note: candidate: ‘rclcpp::Duration::Duration(std::chrono::nanoseconds)’
[23.097s]    43 |   explicit Duration(std::chrono::nanoseconds nanoseconds);
[23.097s]       |            ^~~~~~~~
[23.097s] /opt/ros/jazzy/include/rclcpp/rclcpp/duration.hpp:43:46: note:   no known conversion for argument 1 from ‘double’ to ‘std::chrono::nanoseconds’ {aka ‘std::chrono::duration<long int, std::ratio<1, 1000000000> >’}
[23.097s]    43 |   explicit Duration(std::chrono::nanoseconds nanoseconds);
[23.097s]       |                     ~~~~~~~~~~~~~~~~~~~~~~~~~^~~~~~~~~~~
[23.100s] /opt/ros/jazzy/include/rclcpp/rclcpp/duration.hpp:40:3: note: candidate: ‘rclcpp::Duration::Duration(int32_t, uint32_t)’
[23.100s]    40 |   Duration(int32_t seconds, uint32_t nanoseconds);
[23.100s]       |   ^~~~~~~~
[23.100s] /opt/ros/jazzy/include/rclcpp/rclcpp/duration.hpp:40:3: note:   candidate expects 2 arguments, 1 provided
[24.382s] /home/neha/ros2_ws/src/semnav_migration/src/navigation_semantic.cpp:624:17: error: ‘ros’ does not name a type
[24.382s]   624 |                 ros::NodeHandle nh_;
[24.382s]       |                 ^~~
[24.388s] /home/neha/ros2_ws/src/semnav_migration/src/navigation_semantic.cpp:641:17: error: ‘ros’ does not name a type
[24.389s]   641 |                 ros::Publisher pub_behaviorID_;
[24.389s]       |                 ^~~
[24.396s] /home/neha/ros2_ws/src/semnav_migration/src/navigation_semantic.cpp:642:17: error: ‘ros’ does not name a type
[24.396s]   642 |                 ros::Publisher pub_behaviorMode_;
[24.396s]       |                 ^~~
[24.404s] /home/neha/ros2_ws/src/semnav_migration/src/navigation_semantic.cpp:643:17: error: ‘ros’ does not name a type
[24.404s]   643 |                 ros::Publisher pub_twist_;
[24.404s]       |                 ^~~
[24.411s] /home/neha/ros2_ws/src/semnav_migration/src/navigation_semantic.cpp:645:17: error: ‘ros’ does not name a type
[24.411s]   645 |                 ros::Publisher pub_semantic_map_;
[24.411s]       |                 ^~~
[24.427s] /home/neha/ros2_ws/src/semnav_migration/src/navigation_semantic.cpp:691:17: error: ‘tf’ does not name a type; did you mean ‘tm’?
[24.427s]   691 |                 tf::TransformListener listener_;
[24.427s]       |                 ^~
[24.427s]       |                 tm
[24.550s] /home/neha/ros2_ws/src/semnav_migration/src/navigation_semantic.cpp: In constructor ‘SemanticNavigationNode::SemanticNavigationNode()’:
[24.551s] /home/neha/ros2_ws/src/semnav_migration/src/navigation_semantic.cpp:137:13: error: ‘pub_behaviorID_’ was not declared in this scope; did you mean ‘pub_behaviorID_topic_’?
[24.551s]   137 |             pub_behaviorID_ = this->create_publisher<std_msgs::msg::UInt32>("pub_behaviorID_topic_", 1);
[24.551s]       |             ^~~~~~~~~~~~~~~
[24.551s]       |             pub_behaviorID_topic_
[24.556s] /home/neha/ros2_ws/src/semnav_migration/src/navigation_semantic.cpp:137:69: error: ‘UInt32’ is not a member of ‘std_msgs::msg’
[24.556s]   137 |             pub_behaviorID_ = this->create_publisher<std_msgs::msg::UInt32>("pub_behaviorID_topic_", 1);
[24.556s]       |                                                                     ^~~~~~
[24.558s] /home/neha/ros2_ws/src/semnav_migration/src/navigation_semantic.cpp:137:76: error: no matching function for call to ‘SemanticNavigationNode::create_publisher<<expression error> >(const char [22], int)’
[24.558s]   137 |             pub_behaviorID_ = this->create_publisher<std_msgs::msg::UInt32>("pub_behaviorID_topic_", 1);
[24.558s]       |                               ~~~~~~~~~~~~~~~~~~~~~~~~~~~~~~~~~~~~~~~~~~~~~^~~~~~~~~~~~~~~~~~~~~~~~~~~~
[24.559s] In file included from /opt/ros/jazzy/include/rclcpp/rclcpp/executors/single_threaded_executor.hpp:28,
[24.559s]                  from /opt/ros/jazzy/include/rclcpp/rclcpp/executors.hpp:22,
[24.559s]                  from /opt/ros/jazzy/include/rclcpp/rclcpp/rclcpp.hpp:172,
[24.559s]                  from /home/neha/ros2_ws/src/semnav_migration/include/reactive_planner_lib.h:32,
[24.559s]                  from /home/neha/ros2_ws/src/semnav_migration/src/navigation_semantic.cpp:25:
[24.559s] /opt/ros/jazzy/include/rclcpp/rclcpp/node.hpp:197:3: note: candidate: ‘template<class MessageT, class AllocatorT, class PublisherT> std::shared_ptr<PublisherT> rclcpp::Node::create_publisher(const std::string&, const rclcpp::QoS&, const rclcpp::PublisherOptionsWithAllocator<AllocatorT>&)’
[24.559s]   197 |   create_publisher(
[24.559s]       |   ^~~~~~~~~~~~~~~~
[24.562s] /opt/ros/jazzy/include/rclcpp/rclcpp/node.hpp:197:3: note:   template argument deduction/substitution failed:
[24.562s] /home/neha/ros2_ws/src/semnav_migration/src/navigation_semantic.cpp:137:76: error: template argument 1 is invalid
[24.562s]   137 |             pub_behaviorID_ = this->create_publisher<std_msgs::msg::UInt32>("pub_behaviorID_topic_", 1);
[24.562s]       |                               ~~~~~~~~~~~~~~~~~~~~~~~~~~~~~~~~~~~~~~~~~~~~~^~~~~~~~~~~~~~~~~~~~~~~~~~~~
[24.659s] /home/neha/ros2_ws/src/semnav_migration/src/navigation_semantic.cpp:138:13: error: ‘pub_behaviorMode_’ was not declared in this scope; did you mean ‘pub_behaviorMode_topic_’?
[24.659s]   138 |             pub_behaviorMode_ = this->create_publisher<std_msgs::msg::UInt32>("pub_behaviorMode_topic_", 1);
[24.659s]       |             ^~~~~~~~~~~~~~~~~
[24.659s]       |             pub_behaviorMode_topic_
[24.665s] /home/neha/ros2_ws/src/semnav_migration/src/navigation_semantic.cpp:138:71: error: ‘UInt32’ is not a member of ‘std_msgs::msg’
[24.665s]   138 |             pub_behaviorMode_ = this->create_publisher<std_msgs::msg::UInt32>("pub_behaviorMode_topic_", 1);
[24.665s]       |                                                                       ^~~~~~
[24.668s] /home/neha/ros2_ws/src/semnav_migration/src/navigation_semantic.cpp:138:78: error: no matching function for call to ‘SemanticNavigationNode::create_publisher<<expression error> >(const char [24], int)’
[24.668s]   138 |             pub_behaviorMode_ = this->create_publisher<std_msgs::msg::UInt32>("pub_behaviorMode_topic_", 1);
[24.668s]       |                                 ~~~~~~~~~~~~~~~~~~~~~~~~~~~~~~~~~~~~~~~~~~~~~^~~~~~~~~~~~~~~~~~~~~~~~~~~~~~
[24.668s] /opt/ros/jazzy/include/rclcpp/rclcpp/node.hpp:197:3: note: candidate: ‘template<class MessageT, class AllocatorT, class PublisherT> std::shared_ptr<PublisherT> rclcpp::Node::create_publisher(const std::string&, const rclcpp::QoS&, const rclcpp::PublisherOptionsWithAllocator<AllocatorT>&)’
[24.668s]   197 |   create_publisher(
[24.668s]       |   ^~~~~~~~~~~~~~~~
[24.669s] /opt/ros/jazzy/include/rclcpp/rclcpp/node.hpp:197:3: note:   template argument deduction/substitution failed:
[24.669s] /home/neha/ros2_ws/src/semnav_migration/src/navigation_semantic.cpp:138:78: error: template argument 1 is invalid
[24.669s]   138 |             pub_behaviorMode_ = this->create_publisher<std_msgs::msg::UInt32>("pub_behaviorMode_topic_", 1);
[24.669s]       |                                 ~~~~~~~~~~~~~~~~~~~~~~~~~~~~~~~~~~~~~~~~~~~~~^~~~~~~~~~~~~~~~~~~~~~~~~~~~~~
[24.722s] /home/neha/ros2_ws/src/semnav_migration/src/navigation_semantic.cpp:139:13: error: ‘pub_twist_’ was not declared in this scope; did you mean ‘publish_twist’?
[24.722s]   139 |             pub_twist_ = this->create_publisher<std_msgs::msg::UInt32>("pub_twist_topic_", 1);
[24.722s]       |             ^~~~~~~~~~
[24.722s]       |             publish_twist
[24.729s] /home/neha/ros2_ws/src/semnav_migration/src/navigation_semantic.cpp:139:64: error: ‘UInt32’ is not a member of ‘std_msgs::msg’
[24.729s]   139 |             pub_twist_ = this->create_publisher<std_msgs::msg::UInt32>("pub_twist_topic_", 1);
[24.729s]       |                                                                ^~~~~~
[24.729s] /home/neha/ros2_ws/src/semnav_migration/src/navigation_semantic.cpp:139:71: error: no matching function for call to ‘SemanticNavigationNode::create_publisher<<expression error> >(const char [17], int)’
[24.730s]   139 |             pub_twist_ = this->create_publisher<std_msgs::msg::UInt32>("pub_twist_topic_", 1);
[24.730s]       |                          ~~~~~~~~~~~~~~~~~~~~~~~~~~~~~~~~~~~~~~~~~~~~~^~~~~~~~~~~~~~~~~~~~~~~
[24.730s] /opt/ros/jazzy/include/rclcpp/rclcpp/node.hpp:197:3: note: candidate: ‘template<class MessageT, class AllocatorT, class PublisherT> std::shared_ptr<PublisherT> rclcpp::Node::create_publisher(const std::string&, const rclcpp::QoS&, const rclcpp::PublisherOptionsWithAllocator<AllocatorT>&)’
[24.730s]   197 |   create_publisher(
[24.730s]       |   ^~~~~~~~~~~~~~~~
[24.730s] /opt/ros/jazzy/include/rclcpp/rclcpp/node.hpp:197:3: note:   template argument deduction/substitution failed:
[24.730s] /home/neha/ros2_ws/src/semnav_migration/src/navigation_semantic.cpp:139:71: error: template argument 1 is invalid
[24.731s]   139 |             pub_twist_ = this->create_publisher<std_msgs::msg::UInt32>("pub_twist_topic_", 1);
[24.731s]       |                          ~~~~~~~~~~~~~~~~~~~~~~~~~~~~~~~~~~~~~~~~~~~~~^~~~~~~~~~~~~~~~~~~~~~~
[24.731s] /home/neha/ros2_ws/src/semnav_migration/src/navigation_semantic.cpp:142:42: error: ‘message_filters::msg’ has not been declared
[24.731s]   142 |                         message_filters::msg::Subscriber<sensor_msgs::LaserScan> sub_laser(nh_, sub_laser_topic_, 1);
[24.731s]       |                                          ^~~
[24.733s] /home/neha/ros2_ws/src/semnav_migration/src/navigation_semantic.cpp:142:71: error: ‘LaserScan’ is not a member of ‘sensor_msgs’; did you mean ‘sensor_msgs::msg::LaserScan’?
[24.734s]   142 |                         message_filters::msg::Subscriber<sensor_msgs::LaserScan> sub_laser(nh_, sub_laser_topic_, 1);
[24.734s]       |                                                                       ^~~~~~~~~
[24.734s] In file included from /opt/ros/jazzy/include/sensor_msgs/sensor_msgs/msg/laser_scan.hpp:7,
[24.735s]                  from /home/neha/ros2_ws/src/semnav_migration/include/reactive_planner_lib.h:46:
[24.735s] /opt/ros/jazzy/include/sensor_msgs/sensor_msgs/msg/detail/laser_scan__struct.hpp:250:7: note: ‘sensor_msgs::msg::LaserScan’ declared here
[24.735s]   250 | using LaserScan =
[24.735s]       |       ^~~~~~~~~
[24.772s] /home/neha/ros2_ws/src/semnav_migration/src/navigation_semantic.cpp:142:92: error: ‘nh_’ was not declared in this scope
[24.772s]   142 |                         message_filters::msg::Subscriber<sensor_msgs::LaserScan> sub_laser(nh_, sub_laser_topic_, 1);
[24.772s]       |                                                                                            ^~~
[24.827s] /home/neha/ros2_ws/src/semnav_migration/src/navigation_semantic.cpp:142:82: error: ‘sub_laser’ was not declared in this scope
[24.827s]   142 |                         message_filters::msg::Subscriber<sensor_msgs::LaserScan> sub_laser(nh_, sub_laser_topic_, 1);
[24.828s]       |                                                                                  ^~~~~~~~~
[24.900s] /home/neha/ros2_ws/src/semnav_migration/src/navigation_semantic.cpp:144:94: error: ‘LaserScan’ is not a member of ‘sensor_msgs’; did you mean ‘sensor_msgs::msg::LaserScan’?
[24.901s]   144 |                         typedef message_filters::sync_policies::ApproximateTime<sensor_msgs::LaserScan,nav_msgs::msg::Odometry> SyncPolicy;
[24.901s]       |                                                                                              ^~~~~~~~~
[24.901s] /opt/ros/jazzy/include/sensor_msgs/sensor_msgs/msg/detail/laser_scan__struct.hpp:250:7: note: ‘sensor_msgs::msg::LaserScan’ declared here
[24.901s]   250 | using LaserScan =
[24.902s]       |       ^~~~~~~~~
[24.902s] /home/neha/ros2_ws/src/semnav_migration/src/navigation_semantic.cpp:144:127: error: template argument 1 is invalid
[24.902s]   144 |                         typedef message_filters::sync_policies::ApproximateTime<sensor_msgs::LaserScan,nav_msgs::msg::Odometry> SyncPolicy;
[24.902s]       |                                                                                                                               ^
[24.905s] In file included from /home/neha/ros2_ws/src/semnav_migration/include/reactive_planner_lib.h:44:
[24.905s] /opt/ros/jazzy/include/message_filters/message_filters/synchronizer.h: In instantiation of ‘class message_filters::Synchronizer<int>’:
[24.905s] /home/neha/ros2_ws/src/semnav_migration/src/navigation_semantic.cpp:147:64:   required from here
[24.905s] /opt/ros/jazzy/include/message_filters/message_filters/synchronizer.h:53:7: error: base type ‘int’ fails to be a struct or class type
[24.906s]    53 | class Synchronizer : public noncopyable, public Policy
[24.906s]       |       ^~~~~~~~~~~~
[24.907s] /opt/ros/jazzy/include/message_filters/message_filters/synchronizer.h:56:37: error: ‘int’ is not a class, struct, or union type
[24.908s]    56 |   typedef typename Policy::Messages Messages;
[24.908s]       |                                     ^~~~~~~~
[24.908s] /opt/ros/jazzy/include/message_filters/message_filters/synchronizer.h:57:35: error: ‘int’ is not a class, struct, or union type
[24.908s]    57 |   typedef typename Policy::Events Events;
[24.908s]       |                                   ^~~~~~
[24.908s] /opt/ros/jazzy/include/message_filters/message_filters/synchronizer.h:58:35: error: ‘int’ is not a class, struct, or union type
[24.908s]    58 |   typedef typename Policy::Signal Signal;
[24.909s]       |                                   ^~~~~~
[24.909s] /opt/ros/jazzy/include/message_filters/message_filters/synchronizer.h:60:58: error: ‘int’ is not a class, struct, or union type
[24.909s]    60 |   typedef typename std::tuple_element<0, Messages>::type M0;
[24.909s]       |                                                          ^~
[24.909s] /opt/ros/jazzy/include/message_filters/message_filters/synchronizer.h:61:58: error: ‘int’ is not a class, struct, or union type
[24.909s]    61 |   typedef typename std::tuple_element<1, Messages>::type M1;
[24.909s]       |                                                          ^~
[24.909s] /opt/ros/jazzy/include/message_filters/message_filters/synchronizer.h:62:58: error: ‘int’ is not a class, struct, or union type
[24.913s]    62 |   typedef typename std::tuple_element<2, Messages>::type M2;
[24.913s]       |                                                          ^~
[24.913s] /opt/ros/jazzy/include/message_filters/message_filters/synchronizer.h:63:58: error: ‘int’ is not a class, struct, or union type
[24.913s]    63 |   typedef typename std::tuple_element<3, Messages>::type M3;
[24.913s]       |                                                          ^~
[24.914s] /opt/ros/jazzy/include/message_filters/message_filters/synchronizer.h:64:58: error: ‘int’ is not a class, struct, or union type
[24.914s]    64 |   typedef typename std::tuple_element<4, Messages>::type M4;
[24.914s]       |                                                          ^~
[24.914s] /opt/ros/jazzy/include/message_filters/message_filters/synchronizer.h:65:58: error: ‘int’ is not a class, struct, or union type
[24.914s]    65 |   typedef typename std::tuple_element<5, Messages>::type M5;
[24.914s]       |                                                          ^~
[24.917s] /opt/ros/jazzy/include/message_filters/message_filters/synchronizer.h:66:58: error: ‘int’ is not a class, struct, or union type
[24.917s]    66 |   typedef typename std::tuple_element<6, Messages>::type M6;
[24.917s]       |                                                          ^~
[24.917s] /opt/ros/jazzy/include/message_filters/message_filters/synchronizer.h:67:58: error: ‘int’ is not a class, struct, or union type
[24.917s]    67 |   typedef typename std::tuple_element<7, Messages>::type M7;
[24.918s]       |                                                          ^~
[24.918s] /opt/ros/jazzy/include/message_filters/message_filters/synchronizer.h:68:58: error: ‘int’ is not a class, struct, or union type
[24.918s]    68 |   typedef typename std::tuple_element<8, Messages>::type M8;
[24.918s]       |                                                          ^~
[24.918s] /opt/ros/jazzy/include/message_filters/message_filters/synchronizer.h:71:56: error: ‘int’ is not a class, struct, or union type
[24.918s]    71 |   typedef typename std::tuple_element<0, Events>::type M0Event;
[24.918s]       |                                                        ^~~~~~~
[24.920s] /opt/ros/jazzy/include/message_filters/message_filters/synchronizer.h:72:56: error: ‘int’ is not a class, struct, or union type
[24.921s]    72 |   typedef typename std::tuple_element<1, Events>::type M1Event;
[24.923s]       |                                                        ^~~~~~~
[24.923s] /opt/ros/jazzy/include/message_filters/message_filters/synchronizer.h:73:56: error: ‘int’ is not a class, struct, or union type
[24.923s]    73 |   typedef typename std::tuple_element<2, Events>::type M2Event;
[24.923s]       |                                                        ^~~~~~~
[24.923s] /opt/ros/jazzy/include/message_filters/message_filters/synchronizer.h:74:56: error: ‘int’ is not a class, struct, or union type
[24.924s]    74 |   typedef typename std::tuple_element<3, Events>::type M3Event;
[24.924s]       |                                                        ^~~~~~~
[24.924s] /opt/ros/jazzy/include/message_filters/message_filters/synchronizer.h:75:56: error: ‘int’ is not a class, struct, or union type
[24.924s]    75 |   typedef typename std::tuple_element<4, Events>::type M4Event;
[24.924s]       |                                                        ^~~~~~~
[24.924s] /opt/ros/jazzy/include/message_filters/message_filters/synchronizer.h:76:56: error: ‘int’ is not a class, struct, or union type
[24.924s]    76 |   typedef typename std::tuple_element<5, Events>::type M5Event;
[24.927s]       |                                                        ^~~~~~~
[24.927s] /opt/ros/jazzy/include/message_filters/message_filters/synchronizer.h:77:56: error: ‘int’ is not a class, struct, or union type
[24.927s]    77 |   typedef typename std::tuple_element<6, Events>::type M6Event;
[24.927s]       |                                                        ^~~~~~~
[24.927s] /opt/ros/jazzy/include/message_filters/message_filters/synchronizer.h:78:56: error: ‘int’ is not a class, struct, or union type
[24.927s]    78 |   typedef typename std::tuple_element<7, Events>::type M7Event;
[24.928s]       |                                                        ^~~~~~~
[24.928s] /opt/ros/jazzy/include/message_filters/message_filters/synchronizer.h:79:56: error: ‘int’ is not a class, struct, or union type
[24.928s]    79 |   typedef typename std::tuple_element<8, Events>::type M8Event;
[24.928s]       |                                                        ^~~~~~~
[24.928s] /opt/ros/jazzy/include/message_filters/message_filters/synchronizer.h:325:17: error: ‘int’ is not a class, namespace, or enumeration
[24.928s]   325 |   using Policy::add;
[24.928s]       |                 ^~~
[24.931s] /opt/ros/jazzy/include/message_filters/message_filters/synchronizer.h:328:8: error: ‘int’ is not a class, struct, or union type
[24.931s]   328 |   void add(const std::shared_ptr<typename std::tuple_element<i, Messages>::type const>& msg)
[24.932s]       |        ^~~
[24.932s] /opt/ros/jazzy/include/message_filters/message_filters/synchronizer.h:344:8: error: ‘int’ is not a class, struct, or union type
[24.932s]   344 |   void cb(const typename std::tuple_element<i, Events>::type& evt)
[24.932s]       |        ^~
[24.932s] /home/neha/ros2_ws/src/semnav_migration/src/navigation_semantic.cpp:148:55: error: ‘bind’ is not a member of ‘boost’; did you mean ‘find’?
[24.932s]   148 |                         sync->registerCallback(boost::bind(&SemanticNavigationNode::control_callback, this, _1, _2));
[24.932s]       |                                                       ^~~~
[24.933s]       |                                                       find
[24.933s] /home/neha/ros2_ws/src/semnav_migration/src/navigation_semantic.cpp:148:109: error: ‘_1’ was not declared in this scope
[24.933s]   148 |                         sync->registerCallback(boost::bind(&SemanticNavigationNode::control_callback, this, _1, _2));
[24.933s]       |                                                                                                             ^~
[24.933s] /home/neha/ros2_ws/src/semnav_migration/src/navigation_semantic.cpp:148:109: note: suggested alternatives:
[24.933s] In file included from /usr/include/boost/mpl/aux_/include_preprocessed.hpp:37,
[24.933s]                  from /usr/include/boost/mpl/placeholders.hpp:43,
[24.934s]                  from /usr/include/boost/iterator/iterator_categories.hpp:16,
[24.934s]                  from /usr/include/boost/iterator/iterator_facade.hpp:13,
[24.934s]                  from /usr/include/boost/range/iterator_range_core.hpp:27,
[24.934s]                  from /usr/include/boost/lexical_cast.hpp:48,
[24.934s]                  from /usr/include/boost/multiprecision/detail/number_base.hpp:29,
[24.934s]                  from /usr/include/boost/multiprecision/traits/is_variable_precision.hpp:9,
[24.934s]                  from /usr/include/boost/multiprecision/detail/precision.hpp:9,
[24.937s]                  from /usr/include/boost/multiprecision/number.hpp:11,
[24.937s]                  from /usr/include/boost/multiprecision/cpp_int.hpp:19,
[24.937s]                  from /usr/include/boost/multiprecision/cpp_bin_float.hpp:15,
[24.937s]                  from /usr/include/boost/geometry/core/coordinate_promotion.hpp:16,
[24.937s]                  from /usr/include/boost/geometry/core/radian_access.hpp:30,
[24.937s]                  from /usr/include/boost/geometry/geometry.hpp:50,
[24.938s]                  from /usr/include/boost/geometry.hpp:17,
[24.938s]                  from /home/neha/ros2_ws/src/semnav_migration/include/reactive_planner_lib.h:26:
[24.938s] /usr/include/boost/mpl/aux_/preprocessed/gcc/placeholders.hpp:29:16: note:   ‘mpl_::_1’
[24.938s]    29 | typedef arg<1> _1;
[24.938s]       |                ^~
[24.938s] In file included from /usr/include/boost/numeric/conversion/converter_policies.hpp:13,
[24.938s]                  from /usr/include/boost/numeric/conversion/converter.hpp:14,
[24.941s]                  from /usr/include/boost/numeric/conversion/cast.hpp:33,
[24.941s]                  from /usr/include/boost/geometry/core/radian_access.hpp:26:
[24.941s] /usr/include/c++/13/functional:294:48: note:   ‘std::placeholders::_1’
[24.941s]   294 |     _GLIBCXX_PLACEHOLDER const _Placeholder<1> _1;
[24.941s]       |                                                ^~
[24.941s] /usr/include/boost/mpl/aux_/preprocessed/gcc/placeholders.hpp:29:16: note:   ‘mpl_::_1’
[24.942s]    29 | typedef arg<1> _1;
[24.942s]       |                ^~
[24.942s] In file included from /usr/include/boost/describe/members.hpp:20,
[24.942s]                  from /usr/include/boost/container_hash/is_described_class.hpp:11,
[24.942s]                  from /usr/include/boost/container_hash/hash.hpp:18,
[24.942s]                  from /usr/include/boost/functional/hash.hpp:6,
[24.945s]                  from /usr/include/CGAL/Kernel/hash_functions.h:16,
[24.945s]                  from /usr/include/CGAL/Kernel/global_functions.h:25,
[24.945s]                  from /usr/include/CGAL/Cartesian/Cartesian_base.h:22,
[24.945s]                  from /usr/include/CGAL/Simple_cartesian.h:20,
[24.945s]                  from /usr/include/CGAL/Exact_predicates_inexact_constructions_kernel.h:20,
[24.945s]                  from /home/neha/ros2_ws/src/semnav_migration/include/polygeom_lib.h:32,
[24.946s]                  from /home/neha/ros2_ws/src/semnav_migration/include/reactive_planner_lib.h:50:
[24.946s] /usr/include/boost/mp11/bind.hpp:45:7: note:   ‘boost::mp11::_1’
[24.946s]    45 | using _1 = mp_arg<0>;
[24.946s]       |       ^~
[24.946s] /usr/include/boost/mpl/aux_/preprocessed/gcc/placeholders.hpp:29:16: note:   ‘mpl_::_1’
[24.946s]    29 | typedef arg<1> _1;
[24.946s]       |                ^~
[24.950s] /home/neha/ros2_ws/src/semnav_migration/src/navigation_semantic.cpp:148:113: error: ‘_2’ was not declared in this scope
[24.950s]   148 |                         sync->registerCallback(boost::bind(&SemanticNavigationNode::control_callback, this, _1, _2));
[24.950s]       |                                                                                                                 ^~
[24.951s] /home/neha/ros2_ws/src/semnav_migration/src/navigation_semantic.cpp:148:113: note: suggested alternatives:
[24.951s] /usr/include/boost/mpl/aux_/preprocessed/gcc/placeholders.hpp:42:16: note:   ‘mpl_::_2’
[24.951s]    42 | typedef arg<2> _2;
[24.951s]       |                ^~
[24.951s] /usr/include/c++/13/functional:295:48: note:   ‘std::placeholders::_2’
[24.951s]   295 |     _GLIBCXX_PLACEHOLDER const _Placeholder<2> _2;
[24.951s]       |                                                ^~
[24.952s] /usr/include/boost/mpl/aux_/preprocessed/gcc/placeholders.hpp:42:16: note:   ‘mpl_::_2’
[24.952s]    42 | typedef arg<2> _2;
[24.952s]       |                ^~
[24.952s] /usr/include/boost/mp11/bind.hpp:46:7: note:   ‘boost::mp11::_2’
[24.952s]    46 | using _2 = mp_arg<1>;
[24.952s]       |       ^~
[24.952s] /usr/include/boost/mpl/aux_/preprocessed/gcc/placeholders.hpp:42:16: note:   ‘mpl_::_2’
[24.953s]    42 | typedef arg<2> _2;
[24.953s]       |                ^~
[24.953s] /home/neha/ros2_ws/src/semnav_migration/src/navigation_semantic.cpp:150:25: error: ‘ros’ has not been declared
[24.953s]   150 |                         ros::Subscriber sub_semantic = nh_.subscribe(sub_semantic_topic_, 1, &SemanticNavigationNode::diffeo_tree_update, this);
[24.953s]       |                         ^~~
[24.953s] /home/neha/ros2_ws/src/semnav_migration/src/navigation_semantic.cpp:154:25: error: ‘ros’ has not been declared
[24.953s]   154 |                         ros::Duration(5.0).sleep();
[24.956s]       |                         ^~~
[24.956s] /home/neha/ros2_ws/src/semnav_migration/src/navigation_semantic.cpp:161:25: error: ‘ros’ has not been declared
[24.956s]   161 |                         ros::spin();
[24.956s]       |                         ^~~
[25.008s] /home/neha/ros2_ws/src/semnav_migration/src/navigation_semantic.cpp: In member function ‘void SemanticNavigationNode::publish_twist(double, double)’:
[25.008s] /home/neha/ros2_ws/src/semnav_migration/src/navigation_semantic.cpp:168:25: error: ‘pub_twist_’ was not declared in this scope; did you mean ‘publish_twist’?
[25.008s]   168 |                         pub_twist_.publish(commandTwist);
[25.008s]       |                         ^~~~~~~~~~
[25.008s]       |                         publish_twist
[25.013s] /home/neha/ros2_ws/src/semnav_migration/src/navigation_semantic.cpp: In member function ‘void SemanticNavigationNode::publish_behavior_id(uint16_t)’:
[25.013s] /home/neha/ros2_ws/src/semnav_migration/src/navigation_semantic.cpp:173:32: error: ‘UInt32’ is not a member of ‘std_msgs::msg’
[25.014s]   173 |                 std_msgs::msg::UInt32 commandId;
[25.014s]       |                                ^~~~~~
[25.066s] /home/neha/ros2_ws/src/semnav_migration/src/navigation_semantic.cpp:174:25: error: ‘commandId’ was not declared in this scope
[25.066s]   174 |                         commandId.data = BehaviorIdCmd;
[25.067s]       |                         ^~~~~~~~~
[25.165s] /home/neha/ros2_ws/src/semnav_migration/src/navigation_semantic.cpp:175:25: error: ‘pub_behaviorID_’ was not declared in this scope; did you mean ‘pub_behaviorID_topic_’?
[25.165s]   175 |                         pub_behaviorID_.publish(commandId);
[25.165s]       |                         ^~~~~~~~~~~~~~~
[25.166s]       |                         pub_behaviorID_topic_
[25.170s] /home/neha/ros2_ws/src/semnav_migration/src/navigation_semantic.cpp: In member function ‘void SemanticNavigationNode::publish_behavior_mode(uint16_t)’:
[25.170s] /home/neha/ros2_ws/src/semnav_migration/src/navigation_semantic.cpp:180:28: error: ‘UInt32’ is not a member of ‘std_msgs::msg’
[25.170s]   180 |             std_msgs::msg::UInt32 commandMode;
[25.171s]       |                            ^~~~~~
[25.238s] /home/neha/ros2_ws/src/semnav_migration/src/navigation_semantic.cpp:181:25: error: ‘commandMode’ was not declared in this scope
[25.238s]   181 |                         commandMode.data = BehaviorModeCmd;
[25.238s]       |                         ^~~~~~~~~~~
[25.342s] /home/neha/ros2_ws/src/semnav_migration/src/navigation_semantic.cpp:182:25: error: ‘pub_behaviorMode_’ was not declared in this scope; did you mean ‘pub_behaviorMode_topic_’?
[25.342s]   182 |                         pub_behaviorMode_.publish(commandMode);
[25.342s]       |                         ^~~~~~~~~~~~~~~~~
[25.342s]       |                         pub_behaviorMode_topic_
[25.397s] /home/neha/ros2_ws/src/semnav_migration/src/navigation_semantic.cpp: In member function ‘void SemanticNavigationNode::diffeo_tree_update(const object_pose_interface_msgs::msg::SemanticMapObjectArray_<std::allocator<void> >::ConstPtr&)’:
[25.397s] /home/neha/ros2_ws/src/semnav_migration/src/navigation_semantic.cpp:252:29: error: ‘ros’ has not been declared
[25.397s]   252 |                         if (ros::Time::now().toSec() - DiffeoTreeUpdateTime_ < (1.0/DiffeoTreeUpdateRate_)) {
[25.398s]       |                             ^~~
[25.398s] /home/neha/ros2_ws/src/semnav_migration/src/navigation_semantic.cpp:256:53: error: ‘ros’ has not been declared
[25.398s]   256 |                                 double start_time = ros::Time::now().toSec();
[25.398s]       |                                                     ^~~
[25.401s] /home/neha/ros2_ws/src/semnav_migration/src/navigation_semantic.cpp:267:49: error: ‘tf’ has not been declared
[25.401s]   267 |                                                 tf::Quaternion rotation = tf::Quaternion(semantic_map_data->objects[i].pose.pose.orientation.x,
[25.401s]       |                                                 ^~
[25.402s] /home/neha/ros2_ws/src/semnav_migration/src/navigation_semantic.cpp:272:49: error: ‘tf’ has not been declared
[25.402s]   272 |                                                 tf::Matrix3x3 m(rotation);
[25.402s]       |                                                 ^~
[25.402s] /home/neha/ros2_ws/src/semnav_migration/src/navigation_semantic.cpp:275:49: error: ‘tf’ has not been declared
[25.403s]   275 |                                                 tf::Vector3 target_nominal_1(-0.5*target_object_width_ - ObstacleDilation_ - 0.08, 0.0, 0.0);
[25.403s]       |                                                 ^~
[25.403s] /home/neha/ros2_ws/src/semnav_migration/src/navigation_semantic.cpp:276:49: error: ‘tf’ has not been declared
[25.404s]   276 |                                                 tf::Vector3 target_nominal_2(0.5*target_object_width_ + ObstacleDilation_ + 0.25, 0.0, 0.0);
[25.404s]       |                                                 ^~
[25.404s] /home/neha/ros2_ws/src/semnav_migration/src/navigation_semantic.cpp:277:49: error: ‘tf’ has not been declared
[25.404s]   277 |                                                 tf::Vector3 target_nominal_1_rotated = tf::quatRotate(rotation, target_nominal_1);
[25.404s]       |                                                 ^~
[25.406s] /home/neha/ros2_ws/src/semnav_migration/src/navigation_semantic.cpp:278:49: error: ‘tf’ has not been declared
[25.406s]   278 |                                                 tf::Vector3 target_nominal_2_rotated = tf::quatRotate(rotation, target_nominal_2);
[25.406s]       |                                                 ^~
[25.441s] /home/neha/ros2_ws/src/semnav_migration/src/navigation_semantic.cpp:280:49: error: ‘m’ was not declared in this scope; did you mean ‘tm’?
[25.441s]   280 |                                                 m.getRPY(roll, pitch, yaw);
[25.441s]       |                                                 ^
[25.441s]       |                                                 tm
[25.607s] /home/neha/ros2_ws/src/semnav_migration/src/navigation_semantic.cpp:281:123: error: ‘target_nominal_1_rotated’ was not declared in this scope
[25.607s]   281 |                                                 GoalVector[0].set<0>(semantic_map_data->objects[i].pose.pose.position.x + target_nominal_1_rotated.getX());
[25.607s]       |                                                                                                                           ^~~~~~~~~~~~~~~~~~~~~~~~
[25.773s] /home/neha/ros2_ws/src/semnav_migration/src/navigation_semantic.cpp:283:123: error: ‘target_nominal_2_rotated’ was not declared in this scope
[25.773s]   283 |                                                 GoalVector[1].set<0>(semantic_map_data->objects[i].pose.pose.position.x + target_nominal_2_rotated.getX());
[25.773s]       |                                                                                                                           ^~~~~~~~~~~~~~~~~~~~~~~~
[25.892s] /home/neha/ros2_ws/src/semnav_migration/src/navigation_semantic.cpp:317:49: error: ‘ROS_ERROR_STREAM’ was not declared in this scope; did you mean ‘RCLCPP_ERROR_STREAM’?
[25.892s]   317 |                                                 ROS_ERROR_STREAM("Goal blocked by object");
[25.892s]       |                                                 ^~~~~~~~~~~~~~~~
[25.892s]       |                                                 RCLCPP_ERROR_STREAM
[25.898s] /home/neha/ros2_ws/src/semnav_migration/src/navigation_semantic.cpp:365:85: error: ‘ros’ has not been declared
[25.898s]   365 |                                 ROS_WARN_STREAM("[Navigation] Updated trees in " << ros::Time::now().toSec()-start_time << " seconds.");
[25.898s]       |                                                                                     ^~~
[25.998s] /home/neha/ros2_ws/src/semnav_migration/src/navigation_semantic.cpp:365:33: error: ‘ROS_WARN_STREAM’ was not declared in this scope; did you mean ‘RCLCPP_WARN_STREAM’?
[25.998s]   365 |                                 ROS_WARN_STREAM("[Navigation] Updated trees in " << ros::Time::now().toSec()-start_time << " seconds.");
[25.998s]       |                                 ^~~~~~~~~~~~~~~
[25.998s]       |                                 RCLCPP_WARN_STREAM
[25.999s] /home/neha/ros2_ws/src/semnav_migration/src/navigation_semantic.cpp:368:57: error: ‘ros’ has not been declared
[25.999s]   368 |                                 DiffeoTreeUpdateTime_ = ros::Time::now().toSec();
[25.999s]       |                                                         ^~~
[26.000s] /home/neha/ros2_ws/src/semnav_migration/src/navigation_semantic.cpp: In member function ‘void SemanticNavigationNode::control_callback(const sensor_msgs::msg::LaserScan_<std::allocator<void> >::ConstPtr&, const nav_msgs::msg::Odometry_<std::allocator<void> >::ConstPtr&)’:
[26.000s] /home/neha/ros2_ws/src/semnav_migration/src/navigation_semantic.cpp:396:46: error: ‘ros’ has not been declared
[26.000s]   396 |                         double before_time = ros::Time::now().toSec();
[26.000s]       |                                              ^~~
[26.005s] /home/neha/ros2_ws/src/semnav_migration/src/navigation_semantic.cpp:399:40: error: ‘PoseStamped’ is not a member of ‘geometry_msgs’; did you mean ‘geometry_msgs::msg::PoseStamped’?
[26.005s]   399 |                         geometry_msgs::PoseStamped odomPose, mapPose;
[26.005s]       |                                        ^~~~~~~~~~~
[26.008s] In file included from /home/neha/ros2_ws/src/install/object_pose_interface_msgs/include/object_pose_interface_msgs/object_pose_interface_msgs/msg/detail/semantic_map_object__struct.hpp:28,
[26.008s]                  from /home/neha/ros2_ws/src/install/object_pose_interface_msgs/include/object_pose_interface_msgs/object_pose_interface_msgs/msg/detail/semantic_map_object_array__struct.hpp:25,
[26.008s]                  from /home/neha/ros2_ws/src/install/object_pose_interface_msgs/include/object_pose_interface_msgs/object_pose_interface_msgs/msg/semantic_map_object_array.hpp:7,
[26.008s]                  from /home/neha/ros2_ws/src/semnav_migration/src/navigation_semantic.cpp:26:
[26.009s] /opt/ros/jazzy/include/geometry_msgs/geometry_msgs/msg/detail/pose_stamped__struct.hpp:138:7: note: ‘geometry_msgs::msg::PoseStamped’ declared here
[26.009s]   138 | using PoseStamped =
[26.009s]       |       ^~~~~~~~~~~
[26.056s] /home/neha/ros2_ws/src/semnav_migration/src/navigation_semantic.cpp:400:25: error: ‘odomPose’ was not declared in this scope
[26.056s]   400 |                         odomPose.header.stamp = ros::Time(0);
[26.056s]       |                         ^~~~~~~~
[26.056s] /home/neha/ros2_ws/src/semnav_migration/src/navigation_semantic.cpp:400:49: error: ‘ros’ has not been declared
[26.057s]   400 |                         odomPose.header.stamp = ros::Time(0);
[26.057s]       |                                                 ^~~
[26.112s] /home/neha/ros2_ws/src/semnav_migration/src/navigation_semantic.cpp:404:33: error: ‘listener_’ was not declared in this scope
[26.112s]   404 |                                 listener_.waitForTransform(world_frame_id_, odom_frame_id_, ros::Time(0), ros::Duration(1.0));
[26.112s]       |                                 ^~~~~~~~~
[26.113s] /home/neha/ros2_ws/src/semnav_migration/src/navigation_semantic.cpp:404:93: error: ‘ros’ has not been declared
[26.113s]   404 |                                 listener_.waitForTransform(world_frame_id_, odom_frame_id_, ros::Time(0), ros::Duration(1.0));
[26.113s]       |                                                                                             ^~~
[26.113s] /home/neha/ros2_ws/src/semnav_migration/src/navigation_semantic.cpp:404:107: error: ‘ros’ has not been declared
[26.113s]   404 |                                 listener_.waitForTransform(world_frame_id_, odom_frame_id_, ros::Time(0), ros::Duration(1.0));
[26.114s]       |                                                                                                           ^~~
[26.154s] /home/neha/ros2_ws/src/semnav_migration/src/navigation_semantic.cpp:405:84: error: ‘mapPose’ was not declared in this scope
[26.154s]   405 |                                 listener_.transformPose(world_frame_id_, odomPose, mapPose);
[26.154s]       |                                                                                    ^~~~~~~
[26.161s] /home/neha/ros2_ws/src/semnav_migration/src/navigation_semantic.cpp:406:34: error: ‘tf’ does not name a type; did you mean ‘tm’?
[26.161s]   406 |                         } catch (tf::TransformException &ex) {
[26.161s]       |                                  ^~
[26.161s]       |                                  tm
[26.163s] /home/neha/ros2_ws/src/semnav_migration/src/navigation_semantic.cpp:406:57: error: expected unqualified-id before ‘&’ token
[26.163s]   406 |                         } catch (tf::TransformException &ex) {
[26.163s]       |                                                         ^
[26.163s] /home/neha/ros2_ws/src/semnav_migration/src/navigation_semantic.cpp:406:57: error: expected ‘)’ before ‘&’ token
[26.164s] /home/neha/ros2_ws/src/semnav_migration/src/navigation_semantic.cpp:406:33: note: to match this ‘(’
[26.164s]   406 |                         } catch (tf::TransformException &ex) {
[26.164s]       |                                 ^
[26.164s] /home/neha/ros2_ws/src/semnav_migration/src/navigation_semantic.cpp:406:57: error: expected ‘{’ before ‘&’ token
[26.164s]   406 |                         } catch (tf::TransformException &ex) {
[26.164s]       |                                                         ^
[26.201s] /home/neha/ros2_ws/src/semnav_migration/src/navigation_semantic.cpp:406:58: error: ‘ex’ was not declared in this scope; did you mean ‘exp’?
[26.201s]   406 |                         } catch (tf::TransformException &ex) {
[26.201s]       |                                                          ^~
[26.201s]       |                                                          exp
[26.201s] /home/neha/ros2_ws/src/semnav_migration/src/navigation_semantic.cpp:412:25: error: ‘tf’ has not been declared
[26.202s]   412 |                         tf::Quaternion rotation = tf::Quaternion(mapPose.pose.orientation.x,
[26.202s]       |                         ^~
[26.202s] /home/neha/ros2_ws/src/semnav_migration/src/navigation_semantic.cpp:416:25: error: ‘tf’ has not been declared
[26.202s]   416 |                         tf::Matrix3x3 m(rotation);
[26.202s]       |                         ^~
[26.237s] /home/neha/ros2_ws/src/semnav_migration/src/navigation_semantic.cpp:418:25: error: ‘m’ was not declared in this scope; did you mean ‘tm’?
[26.237s]   418 |                         m.getRPY(roll, pitch, yaw);
[26.237s]       |                         ^
[26.237s]       |                         tm
[26.277s] /home/neha/ros2_ws/src/semnav_migration/src/navigation_semantic.cpp:419:51: error: ‘mapPose’ was not declared in this scope
[26.277s]   419 |                         double x_robot_position = mapPose.pose.position.x;
[26.278s]       |                                                   ^~~~~~~
[26.287s] /home/neha/ros2_ws/src/semnav_migration/src/navigation_semantic.cpp:432:42: error: could not convert ‘lidar_data’ from ‘shared_ptr<LaserScan_<[...]>>’ to ‘shared_ptr<LaserScan_<[...]>>’
[26.287s]   432 |                         constructLIDAR2D(lidar_data, CutoffRange_, AllowableRange_, RobotPitch_, &LIDAR);
[26.287s]       |                                          ^~~~~~~~~~
[26.287s]       |                                          |
[26.287s]       |                                          shared_ptr<LaserScan_<[...]>>
[26.304s] /home/neha/ros2_ws/src/semnav_migration/src/navigation_semantic.cpp:562:96: error: invalid operands of types ‘const char [53]’ and ‘double’ to binary ‘operator<<’
[26.304s]   562 |                         ROS_WARN_STREAM("[Navigation] Diffeomorphism jacobian determinant is " << MatrixDeterminant(RobotPositionTransformedD) << ", robot position is " << bg::dsv(RobotPosition_) << " and robot positon in model space is " << bg::dsv(RobotPositionTransformedPoint));
[26.305s]       |                                         ~~~~~~~~~~~~~~~~~~~~~~~~~~~~~~~~~~~~~~~~~~~~~~~~~~~~~~ ^~ ~~~~~~~~~~~~~~~~~~~~~~~~~~~~~~~~~~~~~~~~~~~~
[26.305s]       |                                         |                                                                          |
[26.305s]       |                                         const char [53]                                                            double
[26.403s] /home/neha/ros2_ws/src/semnav_migration/src/navigation_semantic.cpp:562:25: error: ‘ROS_WARN_STREAM’ was not declared in this scope; did you mean ‘RCLCPP_WARN_STREAM’?
[26.403s]   562 |                         ROS_WARN_STREAM("[Navigation] Diffeomorphism jacobian determinant is " << MatrixDeterminant(RobotPositionTransformedD) << ", robot position is " << bg::dsv(RobotPosition_) << " and robot positon in model space is " << bg::dsv(RobotPositionTransformedPoint));
[26.403s]       |                         ^~~~~~~~~~~~~~~
[26.404s]       |                         RCLCPP_WARN_STREAM
[26.406s] /home/neha/ros2_ws/src/semnav_migration/src/navigation_semantic.cpp:591:41: error: ‘ros’ has not been declared
[26.406s]   591 |                                         ros::Duration(5.0).sleep();
[26.406s]       |                                         ^~~
[26.417s] /home/neha/ros2_ws/src/semnav_migration/src/navigation_semantic.cpp:616:75: error: invalid operands of types ‘const char [32]’ and ‘double’ to binary ‘operator<<’
[26.417s]   616 |                         ROS_WARN_STREAM("[Navigation] Linear command is " << LinearCmd << " and angular command is " << AngularCmd);
[26.417s]       |                                         ~~~~~~~~~~~~~~~~~~~~~~~~~~~~~~~~~ ^~ ~~~~~~~~~
[26.417s]       |                                         |                                    |
[26.418s]       |                                         const char [32]                      double
[26.418s] /home/neha/ros2_ws/src/semnav_migration/src/navigation_semantic.cpp:617:76: error: invalid operands of types ‘const char [33]’ and ‘int’ to binary ‘operator<<’
[26.418s]   617 |                         ROS_WARN_STREAM("[Navigation] Command update for " << int(localDiffeoTreeArray.size()) << " polygons in " << ros::Time::now().toSec()-before_time << " seconds.");
[26.418s]       |                                         ~~~~~~~~~~~~~~~~~~~~~~~~~~~~~~~~~~ ^~ ~~~~~~~~~~~~~~~~~~~~~~~~~~~~~~~~
[26.418s]       |                                         |                                     |
[26.418s]       |                                         const char [33]                       int
[26.418s] /home/neha/ros2_ws/src/semnav_migration/src/navigation_semantic.cpp:617:134: error: ‘ros’ has not been declared
[26.419s]   617 |                         ROS_WARN_STREAM("[Navigation] Command update for " << int(localDiffeoTreeArray.size()) << " polygons in " << ros::Time::now().toSec()-before_time << " seconds.");
[26.419s]       |                                                                                                                                      ^~~
[26.420s] /home/neha/ros2_ws/src/semnav_migration/src/navigation_semantic.cpp: In function ‘int main(int, char**)’:
[26.420s] /home/neha/ros2_ws/src/semnav_migration/src/navigation_semantic.cpp:698:9: error: ‘ros’ has not been declared
[26.421s]   698 |         ros::init(argc, argv, "navigation_semantic");
[26.421s]       |         ^~~
[26.421s] /home/neha/ros2_ws/src/semnav_migration/src/navigation_semantic.cpp:701:9: error: ‘ros’ has not been declared
[26.421s]   701 |         ros::NodeHandle nh("~");
[26.422s]       |         ^~~
[26.443s] /home/neha/ros2_ws/src/semnav_migration/src/navigation_semantic.cpp:704:56: error: ‘nh’ was not declared in this scope
[26.444s]   704 |         SemanticNavigationNode semanticNavigationNode(&nh);
[26.444s]       |                                                        ^~
[36.232s] gmake[2]: *** [CMakeFiles/navigation_semantic.dir/build.make:76: CMakeFiles/navigation_semantic.dir/src/navigation_semantic.cpp.o] Error 1
[36.233s] gmake[1]: *** [CMakeFiles/Makefile2:207: CMakeFiles/navigation_semantic.dir/all] Error 2
[36.233s] gmake[1]: *** Waiting for unfinished jobs....
[37.633s] gmake[2]: *** [CMakeFiles/navigation.dir/build.make:76: CMakeFiles/navigation.dir/src/navigation.cpp.o] Error 1
[37.633s] gmake[1]: *** [CMakeFiles/Makefile2:181: CMakeFiles/navigation.dir/all] Error 2
[37.634s] gmake: *** [Makefile:146: all] Error 2
[37.637s] Invoked command in '/home/neha/ros2_ws/src/semnav_migration/build/semnav' returned '2': CMAKE_PREFIX_PATH=${CMAKE_PREFIX_PATH}:/opt/ros/jazzy DEBUGINFOD_URLS=https://debuginfod.ubuntu.com /usr/bin/cmake --build /home/neha/ros2_ws/src/semnav_migration/build/semnav -- -j2 -l2
