[0.025s] Invoking command in '/home/neha/ros2_ws/src/semnav_migration/build/semnav': CMAKE_PREFIX_PATH=${CMAKE_PREFIX_PATH}:/opt/ros/jazzy DEBUGINFOD_URLS=https://debuginfod.ubuntu.com /usr/bin/cmake --build /home/neha/ros2_ws/src/semnav_migration/build/semnav -- -j2 -l2
[0.236s] [ 14%] Built target reactive_planner
[0.376s] [ 19%] Building CXX object CMakeFiles/navigation.dir/src/navigation.cpp.o
[0.384s] [ 23%] Building CXX object CMakeFiles/navigation_semantic.dir/src/navigation_semantic.cpp.o
[21.492s] /home/neha/ros2_ws/src/semnav_migration/src/navigation.cpp:241:47: error: ‘object_pose_interface_msgs’ does not name a type
[21.492s]   241 |                 void diffeo_tree_update(const object_pose_interface_msgs::msg::SemanticMapObjectArray::ConstPtr& semantic_map_data) {
[21.492s]       |                                               ^~~~~~~~~~~~~~~~~~~~~~~~~~
[21.493s] /home/neha/ros2_ws/src/semnav_migration/src/navigation.cpp:241:78: error: expected unqualified-id before ‘::’ token
[21.493s]   241 |                 void diffeo_tree_update(const object_pose_interface_msgs::msg::SemanticMapObjectArray::ConstPtr& semantic_map_data) {
[21.493s]       |                                                                              ^~
[21.494s] /home/neha/ros2_ws/src/semnav_migration/src/navigation.cpp:241:78: error: expected ‘)’ before ‘::’ token
[21.494s]   241 |                 void diffeo_tree_update(const object_pose_interface_msgs::msg::SemanticMapObjectArray::ConstPtr& semantic_map_data) {
[21.494s]       |                                        ~                                     ^~
[21.494s]       |                                                                              )
[21.494s] /home/neha/ros2_ws/src/semnav_migration/src/navigation.cpp:241:75: error: expected ‘;’ at end of member declaration
[21.494s]   241 |                 void diffeo_tree_update(const object_pose_interface_msgs::msg::SemanticMapObjectArray::ConstPtr& semantic_map_data) {
[21.494s]       |                                                                           ^~~
[21.495s]       |                                                                              ;
[21.537s] /home/neha/ros2_ws/src/semnav_migration/src/navigation.cpp:241:80: error: ‘SemanticMapObjectArray’ in namespace ‘::’ does not name a type
[21.537s]   241 |                 void diffeo_tree_update(const object_pose_interface_msgs::msg::SemanticMapObjectArray::ConstPtr& semantic_map_data) {
[21.537s]       |                                                                                ^~~~~~~~~~~~~~~~~~~~~~
[21.538s] /home/neha/ros2_ws/src/semnav_migration/src/navigation.cpp:614:17: error: invalid use of template-name ‘rclcpp::Publisher’ without an argument list
[21.538s]   614 |                 rclcpp::Publisher pub_behaviorID_;
[21.538s]       |                 ^~~~~~
[21.538s] /home/neha/ros2_ws/src/semnav_migration/src/navigation.cpp:615:17: error: invalid use of template-name ‘rclcpp::Publisher’ without an argument list
[21.538s]   615 |                 rclcpp::Publisher pub_behaviorMode_;
[21.538s]       |                 ^~~~~~
[21.538s] /home/neha/ros2_ws/src/semnav_migration/src/navigation.cpp:616:17: error: invalid use of template-name ‘rclcpp::Publisher’ without an argument list
[21.538s]   616 |                 rclcpp::Publisher pub_twist_;
[21.539s]       |                 ^~~~~~
[21.541s] /home/neha/ros2_ws/src/semnav_migration/src/navigation.cpp:618:17: error: invalid use of template-name ‘rclcpp::Publisher’ without an argument list
[21.541s]   618 |                 rclcpp::Publisher pub_semantic_map_;
[21.541s]       |                 ^~~~~~
[21.548s] /home/neha/ros2_ws/src/semnav_migration/src/navigation.cpp:662:22: error: ‘TransformListener’ in namespace ‘tf2’ does not name a type
[21.548s]   662 |                 tf2::TransformListener listener_;
[21.548s]       |                      ^~~~~~~~~~~~~~~~~
[21.550s] /home/neha/ros2_ws/src/semnav_migration/src/navigation.cpp: In constructor ‘NavigationNode::NavigationNode()’:
[21.550s] /home/neha/ros2_ws/src/semnav_migration/src/navigation.cpp:45:50: error: no matching function for call to ‘rclcpp::Node::Node()’
[21.550s]    45 |         NavigationNode() : Node("navigation_node") {
[21.551s]       |                                                  ^
[21.551s] In file included from /opt/ros/jazzy/include/rclcpp/rclcpp/executors/single_threaded_executor.hpp:28,
[21.552s]                  from /opt/ros/jazzy/include/rclcpp/rclcpp/executors.hpp:22,
[21.552s]                  from /opt/ros/jazzy/include/rclcpp/rclcpp/rclcpp.hpp:172,
[21.552s]                  from /home/neha/ros2_ws/src/semnav_migration/include/reactive_planner_lib.h:32,
[21.552s]                  from /home/neha/ros2_ws/src/semnav_migration/src/navigation.cpp:25:
[21.552s] /opt/ros/jazzy/include/rclcpp/rclcpp/node.hpp:1629:3: note: candidate: ‘rclcpp::Node::Node(const rclcpp::Node&, const std::string&)’
[21.552s]  1629 |   Node(
[21.552s]       |   ^~~~
[21.554s] /opt/ros/jazzy/include/rclcpp/rclcpp/node.hpp:1629:3: note:   candidate expects 2 arguments, 0 provided
[21.554s] /opt/ros/jazzy/include/rclcpp/rclcpp/node.hpp:103:12: note: candidate: ‘rclcpp::Node::Node(const std::string&, const std::string&, const rclcpp::NodeOptions&)’
[21.554s]   103 |   explicit Node(
[21.554s]       |            ^~~~
[21.555s] /opt/ros/jazzy/include/rclcpp/rclcpp/node.hpp:103:12: note:   candidate expects 3 arguments, 0 provided
[21.555s] /opt/ros/jazzy/include/rclcpp/rclcpp/node.hpp:91:12: note: candidate: ‘rclcpp::Node::Node(const std::string&, const rclcpp::NodeOptions&)’
[21.555s]    91 |   explicit Node(
[21.555s]       |            ^~~~
[21.555s] /opt/ros/jazzy/include/rclcpp/rclcpp/node.hpp:91:12: note:   candidate expects 2 arguments, 0 provided
[21.580s] /home/neha/ros2_ws/src/semnav_migration/src/navigation.cpp:86:29: error: ‘class rclcpp::Node’ has no member named ‘getParam’
[21.580s]    86 |                         nh_.getParam("Tolerance", Tolerance_);
[21.580s]       |                             ^~~~~~~~
[21.631s] /home/neha/ros2_ws/src/semnav_migration/src/navigation_semantic.cpp:240:47: error: ‘object_pose_interface_msgs’ does not name a type
[21.631s]   240 |                 void diffeo_tree_update(const object_pose_interface_msgs::msg::SemanticMapObjectArray::ConstPtr& semantic_map_data) {
[21.632s]       |                                               ^~~~~~~~~~~~~~~~~~~~~~~~~~
[21.632s] /home/neha/ros2_ws/src/semnav_migration/src/navigation_semantic.cpp:240:78: error: expected unqualified-id before ‘::’ token
[21.632s]   240 |                 void diffeo_tree_update(const object_pose_interface_msgs::msg::SemanticMapObjectArray::ConstPtr& semantic_map_data) {
[21.632s]       |                                                                              ^~
[21.632s] /home/neha/ros2_ws/src/semnav_migration/src/navigation_semantic.cpp:240:78: error: expected ‘)’ before ‘::’ token
[21.632s]   240 |                 void diffeo_tree_update(const object_pose_interface_msgs::msg::SemanticMapObjectArray::ConstPtr& semantic_map_data) {
[21.632s]       |                                        ~                                     ^~
[21.632s]       |                                                                              )
[21.633s] /home/neha/ros2_ws/src/semnav_migration/src/navigation_semantic.cpp:240:75: error: expected ‘;’ at end of member declaration
[21.635s]   240 |                 void diffeo_tree_update(const object_pose_interface_msgs::msg::SemanticMapObjectArray::ConstPtr& semantic_map_data) {
[21.635s]       |                                                                           ^~~
[21.635s]       |                                                                              ;
[21.669s] /home/neha/ros2_ws/src/semnav_migration/src/navigation_semantic.cpp:240:80: error: ‘SemanticMapObjectArray’ in namespace ‘::’ does not name a type
[21.669s]   240 |                 void diffeo_tree_update(const object_pose_interface_msgs::msg::SemanticMapObjectArray::ConstPtr& semantic_map_data) {
[21.669s]       |                                                                                ^~~~~~~~~~~~~~~~~~~~~~
[21.671s] /home/neha/ros2_ws/src/semnav_migration/src/navigation.cpp:104:25: error: ‘target_object_’ was not declared in this scope
[21.671s]   104 |                         target_object_ = this->get_parameter("target_object").as_string();
[21.671s]       |                         ^~~~~~~~~~~~~~
[21.677s] /home/neha/ros2_ws/src/semnav_migration/src/navigation_semantic.cpp:623:17: error: ‘ros’ does not name a type
[21.677s]   623 |                 ros::NodeHandle nh_;
[21.677s]       |                 ^~~
[21.682s] /home/neha/ros2_ws/src/semnav_migration/src/navigation_semantic.cpp:640:17: error: ‘ros’ does not name a type
[21.682s]   640 |                 ros::Publisher pub_behaviorID_;
[21.682s]       |                 ^~~
[21.687s] /home/neha/ros2_ws/src/semnav_migration/src/navigation_semantic.cpp:641:17: error: ‘ros’ does not name a type
[21.688s]   641 |                 ros::Publisher pub_behaviorMode_;
[21.688s]       |                 ^~~
[21.696s] /home/neha/ros2_ws/src/semnav_migration/src/navigation_semantic.cpp:642:17: error: ‘ros’ does not name a type
[21.696s]   642 |                 ros::Publisher pub_twist_;
[21.696s]       |                 ^~~
[21.699s] /home/neha/ros2_ws/src/semnav_migration/src/navigation_semantic.cpp:644:17: error: ‘ros’ does not name a type
[21.700s]   644 |                 ros::Publisher pub_semantic_map_;
[21.700s]       |                 ^~~
[21.714s] /home/neha/ros2_ws/src/semnav_migration/src/navigation_semantic.cpp:690:17: error: ‘tf’ does not name a type; did you mean ‘tm’?
[21.714s]   690 |                 tf::TransformListener listener_;
[21.714s]       |                 ^~
[21.714s]       |                 tm
[21.823s] /home/neha/ros2_ws/src/semnav_migration/src/navigation.cpp:105:25: error: ‘target_object_length_’ was not declared in this scope
[21.823s]   105 |                         target_object_length_ = this->get_parameter("target_object_length").as_double();
[21.823s]       |                         ^~~~~~~~~~~~~~~~~~~~~
[21.829s] /home/neha/ros2_ws/src/semnav_migration/src/navigation_semantic.cpp: In constructor ‘SemanticNavigationNode::SemanticNavigationNode()’:
[21.829s] /home/neha/ros2_ws/src/semnav_migration/src/navigation_semantic.cpp:136:25: error: ‘pub_behaviorID_’ was not declared in this scope; did you mean ‘pub_behaviorID_topic_’?
[21.829s]   136 |                         pub_behaviorID_ = nh_.advertise<std_msgs::UInt32>(pub_behaviorID_topic_, 1, true);
[21.829s]       |                         ^~~~~~~~~~~~~~~
[21.829s]       |                         pub_behaviorID_topic_
[21.859s] /home/neha/ros2_ws/src/semnav_migration/src/navigation_semantic.cpp:136:43: error: ‘nh_’ was not declared in this scope
[21.859s]   136 |                         pub_behaviorID_ = nh_.advertise<std_msgs::UInt32>(pub_behaviorID_topic_, 1, true);
[21.859s]       |                                           ^~~
[21.864s] /home/neha/ros2_ws/src/semnav_migration/src/navigation_semantic.cpp:136:67: error: ‘UInt32’ is not a member of ‘std_msgs’
[21.864s]   136 |                         pub_behaviorID_ = nh_.advertise<std_msgs::UInt32>(pub_behaviorID_topic_, 1, true);
[21.864s]       |                                                                   ^~~~~~
[21.957s] /home/neha/ros2_ws/src/semnav_migration/src/navigation_semantic.cpp:137:25: error: ‘pub_behaviorMode_’ was not declared in this scope; did you mean ‘pub_behaviorMode_topic_’?
[21.957s]   137 |                         pub_behaviorMode_ = nh_.advertise<std_msgs::UInt32>(pub_behaviorMode_topic_, 1, true);
[21.958s]       |                         ^~~~~~~~~~~~~~~~~
[21.958s]       |                         pub_behaviorMode_topic_
[21.962s] /home/neha/ros2_ws/src/semnav_migration/src/navigation.cpp:106:25: error: ‘target_object_width_’ was not declared in this scope
[21.962s]   106 |                         target_object_width_ = this->get_parameter("target_object_width").as_double();
[21.962s]       |                         ^~~~~~~~~~~~~~~~~~~~
[21.963s] /home/neha/ros2_ws/src/semnav_migration/src/navigation_semantic.cpp:137:69: error: ‘UInt32’ is not a member of ‘std_msgs’
[21.963s]   137 |                         pub_behaviorMode_ = nh_.advertise<std_msgs::UInt32>(pub_behaviorMode_topic_, 1, true);
[21.963s]       |                                                                     ^~~~~~
[21.965s] /home/neha/ros2_ws/src/semnav_migration/src/navigation.cpp:137:47: error: ‘class rclcpp::Node’ has no member named ‘advertise’
[21.965s]   137 |                         pub_behaviorID_ = nh_.advertise<std_msgs::UInt32>(pub_behaviorID_topic_, 1, true);
[21.965s]       |                                               ^~~~~~~~~
[21.970s] /home/neha/ros2_ws/src/semnav_migration/src/navigation.cpp:137:67: error: ‘UInt32’ is not a member of ‘std_msgs’
[21.970s]   137 |                         pub_behaviorID_ = nh_.advertise<std_msgs::UInt32>(pub_behaviorID_topic_, 1, true);
[21.970s]       |                                                                   ^~~~~~
[21.971s] /home/neha/ros2_ws/src/semnav_migration/src/navigation.cpp:138:49: error: ‘class rclcpp::Node’ has no member named ‘advertise’
[21.971s]   138 |                         pub_behaviorMode_ = nh_.advertise<std_msgs::UInt32>(pub_behaviorMode_topic_, 1, true);
[21.971s]       |                                                 ^~~~~~~~~
[21.975s] /home/neha/ros2_ws/src/semnav_migration/src/navigation.cpp:138:69: error: ‘UInt32’ is not a member of ‘std_msgs’
[21.975s]   138 |                         pub_behaviorMode_ = nh_.advertise<std_msgs::UInt32>(pub_behaviorMode_topic_, 1, true);
[21.975s]       |                                                                     ^~~~~~
[21.976s] /home/neha/ros2_ws/src/semnav_migration/src/navigation.cpp:139:42: error: ‘class rclcpp::Node’ has no member named ‘advertise’
[21.976s]   139 |                         pub_twist_ = nh_.advertise<geometry_msgs::msg::Twist>(pub_twist_topic_, 1, true);
[21.976s]       |                                          ^~~~~~~~~
[21.977s] /home/neha/ros2_ws/src/semnav_migration/src/navigation.cpp:139:77: error: expected primary-expression before ‘>’ token
[21.977s]   139 |                         pub_twist_ = nh_.advertise<geometry_msgs::msg::Twist>(pub_twist_topic_, 1, true);
[21.977s]       |                                                                             ^
[22.014s] /home/neha/ros2_ws/src/semnav_migration/src/navigation_semantic.cpp:138:25: error: ‘pub_twist_’ was not declared in this scope; did you mean ‘publish_twist’?
[22.014s]   138 |                         pub_twist_ = nh_.advertise<geometry_msgs::msg::Twist>(pub_twist_topic_, 1, true);
[22.014s]       |                         ^~~~~~~~~~
[22.014s]       |                         publish_twist
[22.014s] /home/neha/ros2_ws/src/semnav_migration/src/navigation_semantic.cpp:138:77: error: expected primary-expression before ‘>’ token
[22.014s]   138 |                         pub_twist_ = nh_.advertise<geometry_msgs::msg::Twist>(pub_twist_topic_, 1, true);
[22.015s]       |                                                                             ^
[22.015s] /home/neha/ros2_ws/src/semnav_migration/src/navigation_semantic.cpp:141:42: error: ‘message_filters::msg’ has not been declared
[22.015s]   141 |                         message_filters::msg::Subscriber<sensor_msgs::LaserScan> sub_laser(nh_, sub_laser_topic_, 1);
[22.015s]       |                                          ^~~
[22.019s] /home/neha/ros2_ws/src/semnav_migration/src/navigation_semantic.cpp:141:71: error: ‘LaserScan’ is not a member of ‘sensor_msgs’; did you mean ‘sensor_msgs::msg::LaserScan’?
[22.019s]   141 |                         message_filters::msg::Subscriber<sensor_msgs::LaserScan> sub_laser(nh_, sub_laser_topic_, 1);
[22.019s]       |                                                                       ^~~~~~~~~
[22.019s] In file included from /opt/ros/jazzy/include/sensor_msgs/sensor_msgs/msg/laser_scan.hpp:7,
[22.020s]                  from /home/neha/ros2_ws/src/semnav_migration/include/reactive_planner_lib.h:46,
[22.020s]                  from /home/neha/ros2_ws/src/semnav_migration/src/navigation_semantic.cpp:25:
[22.020s] /opt/ros/jazzy/include/sensor_msgs/sensor_msgs/msg/detail/laser_scan__struct.hpp:250:7: note: ‘sensor_msgs::msg::LaserScan’ declared here
[22.020s]   250 | using LaserScan =
[22.020s]       |       ^~~~~~~~~
[22.050s] /home/neha/ros2_ws/src/semnav_migration/src/navigation.cpp:142:116: error: no matching function for call to ‘message_filters::Subscriber<sensor_msgs::msg::LaserScan_<std::allocator<void> > >::Subscriber(rclcpp::Node&, std::string&, int)’
[22.050s]   142 |                         message_filters::Subscriber<sensor_msgs::msg::LaserScan> sub_laser(nh_, sub_laser_topic_, 1);
[22.050s]       |                                                                                                                    ^
[22.051s] In file included from /home/neha/ros2_ws/src/semnav_migration/include/reactive_planner_lib.h:43:
[22.051s] /opt/ros/jazzy/include/message_filters/message_filters/subscriber.h:224:3: note: candidate: ‘message_filters::Subscriber<M, NodeType>::Subscriber() [with M = sensor_msgs::msg::LaserScan_<std::allocator<void> >; NodeType = rclcpp::Node]’
[22.051s]   224 |   Subscriber() = default;
[22.051s]       |   ^~~~~~~~~~
[22.051s] /opt/ros/jazzy/include/message_filters/message_filters/subscriber.h:224:3: note:   candidate expects 0 arguments, 3 provided
[22.051s] /opt/ros/jazzy/include/message_filters/message_filters/subscriber.h:212:3: note: candidate: ‘message_filters::Subscriber<M, NodeType>::Subscriber(NodeType*, const std::string&, rmw_qos_profile_t, rclcpp::SubscriptionOptions) [with M = sensor_msgs::msg::LaserScan_<std::allocator<void> >; NodeType = rclcpp::Node; std::string = std::__cxx11::basic_string<char>; rmw_qos_profile_t = rmw_qos_profile_s; rclcpp::SubscriptionOptions = rclcpp::SubscriptionOptionsWithAllocator<std::allocator<void> >]’
[22.051s]   212 |   Subscriber(
[22.052s]       |   ^~~~~~~~~~
[22.054s] /opt/ros/jazzy/include/message_filters/message_filters/subscriber.h:212:3: note:   candidate expects 4 arguments, 3 provided
[22.054s] /opt/ros/jazzy/include/message_filters/message_filters/subscriber.h:203:3: note: candidate: ‘message_filters::Subscriber<M, NodeType>::Subscriber(NodePtr, const std::string&, rmw_qos_profile_t, rclcpp::SubscriptionOptions) [with M = sensor_msgs::msg::LaserScan_<std::allocator<void> >; NodeType = rclcpp::Node; NodePtr = std::shared_ptr<rclcpp::Node>; std::string = std::__cxx11::basic_string<char>; rmw_qos_profile_t = rmw_qos_profile_s; rclcpp::SubscriptionOptions = rclcpp::SubscriptionOptionsWithAllocator<std::allocator<void> >]’
[22.054s]   203 |   Subscriber(
[22.054s]       |   ^~~~~~~~~~
[22.054s] /opt/ros/jazzy/include/message_filters/message_filters/subscriber.h:203:3: note:   candidate expects 4 arguments, 3 provided
[22.055s] /opt/ros/jazzy/include/message_filters/message_filters/subscriber.h:188:3: note: candidate: ‘message_filters::Subscriber<M, NodeType>::Subscriber(NodeType*, const std::string&, rmw_qos_profile_t) [with M = sensor_msgs::msg::LaserScan_<std::allocator<void> >; NodeType = rclcpp::Node; std::string = std::__cxx11::basic_string<char>; rmw_qos_profile_t = rmw_qos_profile_s]’
[22.055s]   188 |   Subscriber(NodeType * node, const std::string& topic, const rmw_qos_profile_t qos = rmw_qos_profile_default)
[22.055s]       |   ^~~~~~~~~~
[22.055s] /opt/ros/jazzy/include/message_filters/message_filters/subscriber.h:188:25: note:   no known conversion for argument 1 from ‘rclcpp::Node’ to ‘rclcpp::Node*’
[22.055s]   188 |   Subscriber(NodeType * node, const std::string& topic, const rmw_qos_profile_t qos = rmw_qos_profile_default)
[22.055s]       |              ~~~~~~~~~~~^~~~
[22.055s] /opt/ros/jazzy/include/message_filters/message_filters/subscriber.h:183:3: note: candidate: ‘message_filters::Subscriber<M, NodeType>::Subscriber(NodePtr, const std::string&, rmw_qos_profile_t) [with M = sensor_msgs::msg::LaserScan_<std::allocator<void> >; NodeType = rclcpp::Node; NodePtr = std::shared_ptr<rclcpp::Node>; std::string = std::__cxx11::basic_string<char>; rmw_qos_profile_t = rmw_qos_profile_s]’
[22.055s]   183 |   Subscriber(NodePtr node, const std::string& topic, const rmw_qos_profile_t qos = rmw_qos_profile_default)
[22.056s]       |   ^~~~~~~~~~
[22.058s] /opt/ros/jazzy/include/message_filters/message_filters/subscriber.h:183:22: note:   no known conversion for argument 1 from ‘rclcpp::Node’ to ‘message_filters::Subscriber<sensor_msgs::msg::LaserScan_<std::allocator<void> > >::NodePtr’ {aka ‘std::shared_ptr<rclcpp::Node>’}
[22.058s]   183 |   Subscriber(NodePtr node, const std::string& topic, const rmw_qos_profile_t qos = rmw_qos_profile_default)
[22.058s]       |              ~~~~~~~~^~~~
[22.072s] /home/neha/ros2_ws/src/semnav_migration/src/navigation_semantic.cpp:141:82: error: ‘sub_laser’ was not declared in this scope
[22.072s]   141 |                         message_filters::msg::Subscriber<sensor_msgs::LaserScan> sub_laser(nh_, sub_laser_topic_, 1);
[22.072s]       |                                                                                  ^~~~~~~~~
[22.119s] /home/neha/ros2_ws/src/semnav_migration/src/navigation.cpp:143:112: error: no matching function for call to ‘message_filters::Subscriber<nav_msgs::msg::Odometry_<std::allocator<void> > >::Subscriber(rclcpp::Node&, std::string&, int)’
[22.119s]   143 |                         message_filters::Subscriber<nav_msgs::msg::Odometry> sub_robot(nh_, sub_robot_topic_, 1);
[22.119s]       |                                                                                                                ^
[22.120s] /opt/ros/jazzy/include/message_filters/message_filters/subscriber.h:224:3: note: candidate: ‘message_filters::Subscriber<M, NodeType>::Subscriber() [with M = nav_msgs::msg::Odometry_<std::allocator<void> >; NodeType = rclcpp::Node]’
[22.120s]   224 |   Subscriber() = default;
[22.120s]       |   ^~~~~~~~~~
[22.120s] /opt/ros/jazzy/include/message_filters/message_filters/subscriber.h:224:3: note:   candidate expects 0 arguments, 3 provided
[22.120s] /opt/ros/jazzy/include/message_filters/message_filters/subscriber.h:212:3: note: candidate: ‘message_filters::Subscriber<M, NodeType>::Subscriber(NodeType*, const std::string&, rmw_qos_profile_t, rclcpp::SubscriptionOptions) [with M = nav_msgs::msg::Odometry_<std::allocator<void> >; NodeType = rclcpp::Node; std::string = std::__cxx11::basic_string<char>; rmw_qos_profile_t = rmw_qos_profile_s; rclcpp::SubscriptionOptions = rclcpp::SubscriptionOptionsWithAllocator<std::allocator<void> >]’
[22.121s]   212 |   Subscriber(
[22.121s]       |   ^~~~~~~~~~
[22.121s] /opt/ros/jazzy/include/message_filters/message_filters/subscriber.h:212:3: note:   candidate expects 4 arguments, 3 provided
[22.123s] /opt/ros/jazzy/include/message_filters/message_filters/subscriber.h:203:3: note: candidate: ‘message_filters::Subscriber<M, NodeType>::Subscriber(NodePtr, const std::string&, rmw_qos_profile_t, rclcpp::SubscriptionOptions) [with M = nav_msgs::msg::Odometry_<std::allocator<void> >; NodeType = rclcpp::Node; NodePtr = std::shared_ptr<rclcpp::Node>; std::string = std::__cxx11::basic_string<char>; rmw_qos_profile_t = rmw_qos_profile_s; rclcpp::SubscriptionOptions = rclcpp::SubscriptionOptionsWithAllocator<std::allocator<void> >]’
[22.123s]   203 |   Subscriber(
[22.123s]       |   ^~~~~~~~~~
[22.124s] /opt/ros/jazzy/include/message_filters/message_filters/subscriber.h:203:3: note:   candidate expects 4 arguments, 3 provided
[22.124s] /opt/ros/jazzy/include/message_filters/message_filters/subscriber.h:188:3: note: candidate: ‘message_filters::Subscriber<M, NodeType>::Subscriber(NodeType*, const std::string&, rmw_qos_profile_t) [with M = nav_msgs::msg::Odometry_<std::allocator<void> >; NodeType = rclcpp::Node; std::string = std::__cxx11::basic_string<char>; rmw_qos_profile_t = rmw_qos_profile_s]’
[22.124s]   188 |   Subscriber(NodeType * node, const std::string& topic, const rmw_qos_profile_t qos = rmw_qos_profile_default)
[22.124s]       |   ^~~~~~~~~~
[22.124s] /opt/ros/jazzy/include/message_filters/message_filters/subscriber.h:188:25: note:   no known conversion for argument 1 from ‘rclcpp::Node’ to ‘rclcpp::Node*’
[22.124s]   188 |   Subscriber(NodeType * node, const std::string& topic, const rmw_qos_profile_t qos = rmw_qos_profile_default)
[22.124s]       |              ~~~~~~~~~~~^~~~
[22.125s] /opt/ros/jazzy/include/message_filters/message_filters/subscriber.h:183:3: note: candidate: ‘message_filters::Subscriber<M, NodeType>::Subscriber(NodePtr, const std::string&, rmw_qos_profile_t) [with M = nav_msgs::msg::Odometry_<std::allocator<void> >; NodeType = rclcpp::Node; NodePtr = std::shared_ptr<rclcpp::Node>; std::string = std::__cxx11::basic_string<char>; rmw_qos_profile_t = rmw_qos_profile_s]’
[22.128s]   183 |   Subscriber(NodePtr node, const std::string& topic, const rmw_qos_profile_t qos = rmw_qos_profile_default)
[22.128s]       |   ^~~~~~~~~~
[22.128s] /opt/ros/jazzy/include/message_filters/message_filters/subscriber.h:183:22: note:   no known conversion for argument 1 from ‘rclcpp::Node’ to ‘message_filters::Subscriber<nav_msgs::msg::Odometry_<std::allocator<void> > >::NodePtr’ {aka ‘std::shared_ptr<rclcpp::Node>’}
[22.128s]   183 |   Subscriber(NodePtr node, const std::string& topic, const rmw_qos_profile_t qos = rmw_qos_profile_default)
[22.129s]       |              ~~~~~~~~^~~~
[22.144s] /home/neha/ros2_ws/src/semnav_migration/src/navigation_semantic.cpp:143:94: error: ‘LaserScan’ is not a member of ‘sensor_msgs’; did you mean ‘sensor_msgs::msg::LaserScan’?
[22.145s]   143 |                         typedef message_filters::sync_policies::ApproximateTime<sensor_msgs::LaserScan,nav_msgs::msg::Odometry> SyncPolicy;
[22.145s]       |                                                                                              ^~~~~~~~~
[22.145s] /opt/ros/jazzy/include/sensor_msgs/sensor_msgs/msg/detail/laser_scan__struct.hpp:250:7: note: ‘sensor_msgs::msg::LaserScan’ declared here
[22.145s]   250 | using LaserScan =
[22.145s]       |       ^~~~~~~~~
[22.145s] /home/neha/ros2_ws/src/semnav_migration/src/navigation_semantic.cpp:143:127: error: template argument 1 is invalid
[22.145s]   143 |                         typedef message_filters::sync_policies::ApproximateTime<sensor_msgs::LaserScan,nav_msgs::msg::Odometry> SyncPolicy;
[22.146s]       |                                                                                                                               ^
[22.149s] In file included from /home/neha/ros2_ws/src/semnav_migration/include/reactive_planner_lib.h:44:
[22.149s] /opt/ros/jazzy/include/message_filters/message_filters/synchronizer.h: In instantiation of ‘class message_filters::Synchronizer<int>’:
[22.149s] /home/neha/ros2_ws/src/semnav_migration/src/navigation_semantic.cpp:146:64:   required from here
[22.149s] /opt/ros/jazzy/include/message_filters/message_filters/synchronizer.h:53:7: error: base type ‘int’ fails to be a struct or class type
[22.150s]    53 | class Synchronizer : public noncopyable, public Policy
[22.150s]       |       ^~~~~~~~~~~~
[22.150s] /opt/ros/jazzy/include/message_filters/message_filters/synchronizer.h:56:37: error: ‘int’ is not a class, struct, or union type
[22.150s]    56 |   typedef typename Policy::Messages Messages;
[22.150s]       |                                     ^~~~~~~~
[22.150s] /opt/ros/jazzy/include/message_filters/message_filters/synchronizer.h:57:35: error: ‘int’ is not a class, struct, or union type
[22.150s]    57 |   typedef typename Policy::Events Events;
[22.150s]       |                                   ^~~~~~
[22.151s] /opt/ros/jazzy/include/message_filters/message_filters/synchronizer.h:58:35: error: ‘int’ is not a class, struct, or union type
[22.153s]    58 |   typedef typename Policy::Signal Signal;
[22.153s]       |                                   ^~~~~~
[22.153s] /opt/ros/jazzy/include/message_filters/message_filters/synchronizer.h:60:58: error: ‘int’ is not a class, struct, or union type
[22.153s]    60 |   typedef typename std::tuple_element<0, Messages>::type M0;
[22.153s]       |                                                          ^~
[22.154s] /opt/ros/jazzy/include/message_filters/message_filters/synchronizer.h:61:58: error: ‘int’ is not a class, struct, or union type
[22.154s]    61 |   typedef typename std::tuple_element<1, Messages>::type M1;
[22.154s]       |                                                          ^~
[22.154s] /opt/ros/jazzy/include/message_filters/message_filters/synchronizer.h:62:58: error: ‘int’ is not a class, struct, or union type
[22.154s]    62 |   typedef typename std::tuple_element<2, Messages>::type M2;
[22.154s]       |                                                          ^~
[22.154s] /opt/ros/jazzy/include/message_filters/message_filters/synchronizer.h:63:58: error: ‘int’ is not a class, struct, or union type
[22.155s]    63 |   typedef typename std::tuple_element<3, Messages>::type M3;
[22.157s]       |                                                          ^~
[22.157s] /opt/ros/jazzy/include/message_filters/message_filters/synchronizer.h:64:58: error: ‘int’ is not a class, struct, or union type
[22.157s]    64 |   typedef typename std::tuple_element<4, Messages>::type M4;
[22.157s]       |                                                          ^~
[22.157s] /opt/ros/jazzy/include/message_filters/message_filters/synchronizer.h:65:58: error: ‘int’ is not a class, struct, or union type
[22.158s]    65 |   typedef typename std::tuple_element<5, Messages>::type M5;
[22.158s]       |                                                          ^~
[22.158s] /opt/ros/jazzy/include/message_filters/message_filters/synchronizer.h:66:58: error: ‘int’ is not a class, struct, or union type
[22.158s]    66 |   typedef typename std::tuple_element<6, Messages>::type M6;
[22.158s]       |                                                          ^~
[22.158s] /opt/ros/jazzy/include/message_filters/message_filters/synchronizer.h:67:58: error: ‘int’ is not a class, struct, or union type
[22.158s]    67 |   typedef typename std::tuple_element<7, Messages>::type M7;
[22.158s]       |                                                          ^~
[22.159s] /opt/ros/jazzy/include/message_filters/message_filters/synchronizer.h:68:58: error: ‘int’ is not a class, struct, or union type
[22.161s]    68 |   typedef typename std::tuple_element<8, Messages>::type M8;
[22.162s]       |                                                          ^~
[22.162s] /opt/ros/jazzy/include/message_filters/message_filters/synchronizer.h:71:56: error: ‘int’ is not a class, struct, or union type
[22.162s]    71 |   typedef typename std::tuple_element<0, Events>::type M0Event;
[22.162s]       |                                                        ^~~~~~~
[22.162s] /opt/ros/jazzy/include/message_filters/message_filters/synchronizer.h:72:56: error: ‘int’ is not a class, struct, or union type
[22.162s]    72 |   typedef typename std::tuple_element<1, Events>::type M1Event;
[22.162s]       |                                                        ^~~~~~~
[22.163s] /opt/ros/jazzy/include/message_filters/message_filters/synchronizer.h:73:56: error: ‘int’ is not a class, struct, or union type
[22.163s]    73 |   typedef typename std::tuple_element<2, Events>::type M2Event;
[22.163s]       |                                                        ^~~~~~~
[22.163s] /opt/ros/jazzy/include/message_filters/message_filters/synchronizer.h:74:56: error: ‘int’ is not a class, struct, or union type
[22.163s]    74 |   typedef typename std::tuple_element<3, Events>::type M3Event;
[22.163s]       |                                                        ^~~~~~~
[22.163s] /opt/ros/jazzy/include/message_filters/message_filters/synchronizer.h:75:56: error: ‘int’ is not a class, struct, or union type
[22.163s]    75 |   typedef typename std::tuple_element<4, Events>::type M4Event;
[22.164s]       |                                                        ^~~~~~~
[22.166s] /opt/ros/jazzy/include/message_filters/message_filters/synchronizer.h:76:56: error: ‘int’ is not a class, struct, or union type
[22.166s]    76 |   typedef typename std::tuple_element<5, Events>::type M5Event;
[22.166s]       |                                                        ^~~~~~~
[22.166s] /opt/ros/jazzy/include/message_filters/message_filters/synchronizer.h:77:56: error: ‘int’ is not a class, struct, or union type
[22.166s]    77 |   typedef typename std::tuple_element<6, Events>::type M6Event;
[22.167s]       |                                                        ^~~~~~~
[22.167s] /opt/ros/jazzy/include/message_filters/message_filters/synchronizer.h:78:56: error: ‘int’ is not a class, struct, or union type
[22.167s]    78 |   typedef typename std::tuple_element<7, Events>::type M7Event;
[22.167s]       |                                                        ^~~~~~~
[22.167s] /opt/ros/jazzy/include/message_filters/message_filters/synchronizer.h:79:56: error: ‘int’ is not a class, struct, or union type
[22.167s]    79 |   typedef typename std::tuple_element<8, Events>::type M8Event;
[22.167s]       |                                                        ^~~~~~~
[22.167s] /opt/ros/jazzy/include/message_filters/message_filters/synchronizer.h:325:17: error: ‘int’ is not a class, namespace, or enumeration
[22.170s]   325 |   using Policy::add;
[22.170s]       |                 ^~~
[22.170s] /opt/ros/jazzy/include/message_filters/message_filters/synchronizer.h:328:8: error: ‘int’ is not a class, struct, or union type
[22.170s]   328 |   void add(const std::shared_ptr<typename std::tuple_element<i, Messages>::type const>& msg)
[22.170s]       |        ^~~
[22.171s] /opt/ros/jazzy/include/message_filters/message_filters/synchronizer.h:344:8: error: ‘int’ is not a class, struct, or union type
[22.171s]   344 |   void cb(const typename std::tuple_element<i, Events>::type& evt)
[22.171s]       |        ^~
[22.171s] /home/neha/ros2_ws/src/semnav_migration/src/navigation_semantic.cpp:147:55: error: ‘bind’ is not a member of ‘boost’; did you mean ‘find’?
[22.171s]   147 |                         sync->registerCallback(boost::bind(&SemanticNavigationNode::control_callback, this, _1, _2));
[22.171s]       |                                                       ^~~~
[22.171s]       |                                                       find
[22.171s] /home/neha/ros2_ws/src/semnav_migration/src/navigation_semantic.cpp:147:109: error: ‘_1’ was not declared in this scope
[22.172s]   147 |                         sync->registerCallback(boost::bind(&SemanticNavigationNode::control_callback, this, _1, _2));
[22.174s]       |                                                                                                             ^~
[22.174s] /home/neha/ros2_ws/src/semnav_migration/src/navigation_semantic.cpp:147:109: note: suggested alternatives:
[22.174s] In file included from /usr/include/boost/mpl/aux_/include_preprocessed.hpp:37,
[22.174s]                  from /usr/include/boost/mpl/placeholders.hpp:43,
[22.174s]                  from /usr/include/boost/iterator/iterator_categories.hpp:16,
[22.175s]                  from /usr/include/boost/iterator/iterator_facade.hpp:13,
[22.175s]                  from /usr/include/boost/range/iterator_range_core.hpp:27,
[22.175s]                  from /usr/include/boost/lexical_cast.hpp:48,
[22.175s]                  from /usr/include/boost/multiprecision/detail/number_base.hpp:29,
[22.175s]                  from /usr/include/boost/multiprecision/traits/is_variable_precision.hpp:9,
[22.175s]                  from /usr/include/boost/multiprecision/detail/precision.hpp:9,
[22.175s]                  from /usr/include/boost/multiprecision/number.hpp:11,
[22.175s]                  from /usr/include/boost/multiprecision/cpp_int.hpp:19,
[22.176s]                  from /usr/include/boost/multiprecision/cpp_bin_float.hpp:15,
[22.178s]                  from /usr/include/boost/geometry/core/coordinate_promotion.hpp:16,
[22.178s]                  from /usr/include/boost/geometry/core/radian_access.hpp:30,
[22.178s]                  from /usr/include/boost/geometry/geometry.hpp:50,
[22.178s]                  from /usr/include/boost/geometry.hpp:17,
[22.178s]                  from /home/neha/ros2_ws/src/semnav_migration/include/reactive_planner_lib.h:26:
[22.179s] /usr/include/boost/mpl/aux_/preprocessed/gcc/placeholders.hpp:29:16: note:   ‘mpl_::_1’
[22.179s]    29 | typedef arg<1> _1;
[22.179s]       |                ^~
[22.179s] In file included from /usr/include/boost/numeric/conversion/converter_policies.hpp:13,
[22.179s]                  from /usr/include/boost/numeric/conversion/converter.hpp:14,
[22.179s]                  from /usr/include/boost/numeric/conversion/cast.hpp:33,
[22.179s]                  from /usr/include/boost/geometry/core/radian_access.hpp:26:
[22.179s] /usr/include/c++/13/functional:294:48: note:   ‘std::placeholders::_1’
[22.180s]   294 |     _GLIBCXX_PLACEHOLDER const _Placeholder<1> _1;
[22.182s]       |                                                ^~
[22.182s] /usr/include/boost/mpl/aux_/preprocessed/gcc/placeholders.hpp:29:16: note:   ‘mpl_::_1’
[22.182s]    29 | typedef arg<1> _1;
[22.182s]       |                ^~
[22.182s] In file included from /usr/include/boost/describe/members.hpp:20,
[22.183s]                  from /usr/include/boost/container_hash/is_described_class.hpp:11,
[22.183s]                  from /usr/include/boost/container_hash/hash.hpp:18,
[22.183s]                  from /usr/include/boost/functional/hash.hpp:6,
[22.183s]                  from /usr/include/CGAL/Kernel/hash_functions.h:16,
[22.183s]                  from /usr/include/CGAL/Kernel/global_functions.h:25,
[22.183s]                  from /usr/include/CGAL/Cartesian/Cartesian_base.h:22,
[22.183s]                  from /usr/include/CGAL/Simple_cartesian.h:20,
[22.183s]                  from /usr/include/CGAL/Exact_predicates_inexact_constructions_kernel.h:20,
[22.184s]                  from /home/neha/ros2_ws/src/semnav_migration/include/polygeom_lib.h:32,
[22.186s]                  from /home/neha/ros2_ws/src/semnav_migration/include/reactive_planner_lib.h:52:
[22.186s] /usr/include/boost/mp11/bind.hpp:45:7: note:   ‘boost::mp11::_1’
[22.186s]    45 | using _1 = mp_arg<0>;
[22.186s]       |       ^~
[22.186s] /usr/include/boost/mpl/aux_/preprocessed/gcc/placeholders.hpp:29:16: note:   ‘mpl_::_1’
[22.187s]    29 | typedef arg<1> _1;
[22.187s]       |                ^~
[22.187s] /home/neha/ros2_ws/src/semnav_migration/src/navigation_semantic.cpp:147:113: error: ‘_2’ was not declared in this scope
[22.187s]   147 |                         sync->registerCallback(boost::bind(&SemanticNavigationNode::control_callback, this, _1, _2));
[22.187s]       |                                                                                                                 ^~
[22.187s] /home/neha/ros2_ws/src/semnav_migration/src/navigation_semantic.cpp:147:113: note: suggested alternatives:
[22.187s] /usr/include/boost/mpl/aux_/preprocessed/gcc/placeholders.hpp:42:16: note:   ‘mpl_::_2’
[22.187s]    42 | typedef arg<2> _2;
[22.188s]       |                ^~
[22.190s] /usr/include/c++/13/functional:295:48: note:   ‘std::placeholders::_2’
[22.190s]   295 |     _GLIBCXX_PLACEHOLDER const _Placeholder<2> _2;
[22.190s]       |                                                ^~
[22.190s] /usr/include/boost/mpl/aux_/preprocessed/gcc/placeholders.hpp:42:16: note:   ‘mpl_::_2’
[22.190s]    42 | typedef arg<2> _2;
[22.191s]       |                ^~
[22.191s] /usr/include/boost/mp11/bind.hpp:46:7: note:   ‘boost::mp11::_2’
[22.191s]    46 | using _2 = mp_arg<1>;
[22.191s]       |       ^~
[22.191s] /usr/include/boost/mpl/aux_/preprocessed/gcc/placeholders.hpp:42:16: note:   ‘mpl_::_2’
[22.191s]    42 | typedef arg<2> _2;
[22.191s]       |                ^~
[22.191s] /home/neha/ros2_ws/src/semnav_migration/src/navigation_semantic.cpp:149:25: error: ‘ros’ has not been declared
[22.194s]   149 |                         ros::Subscriber sub_semantic = nh_.subscribe(sub_semantic_topic_, 1, &SemanticNavigationNode::diffeo_tree_update, this);
[22.194s]       |                         ^~~
[22.194s] /home/neha/ros2_ws/src/semnav_migration/src/navigation_semantic.cpp:153:25: error: ‘ros’ has not been declared
[22.194s]   153 |                         ros::Duration(5.0).sleep();
[22.194s]       |                         ^~~
[22.195s] /home/neha/ros2_ws/src/semnav_migration/src/navigation_semantic.cpp:160:25: error: ‘ros’ has not been declared
[22.195s]   160 |                         ros::spin();
[22.195s]       |                         ^~~
[22.217s] /home/neha/ros2_ws/src/semnav_migration/src/navigation_semantic.cpp: In member function ‘void SemanticNavigationNode::publish_twist(double, double)’:
[22.217s] /home/neha/ros2_ws/src/semnav_migration/src/navigation_semantic.cpp:167:25: error: ‘pub_twist_’ was not declared in this scope; did you mean ‘publish_twist’?
[22.217s]   167 |                         pub_twist_.publish(commandTwist);
[22.217s]       |                         ^~~~~~~~~~
[22.217s]       |                         publish_twist
[22.221s] /home/neha/ros2_ws/src/semnav_migration/src/navigation_semantic.cpp: In member function ‘void SemanticNavigationNode::publish_behavior_id(uint16_t)’:
[22.221s] /home/neha/ros2_ws/src/semnav_migration/src/navigation_semantic.cpp:172:32: error: ‘UInt32’ is not a member of ‘std_msgs::msg’
[22.221s]   172 |                 std_msgs::msg::UInt32 commandId;
[22.221s]       |                                ^~~~~~
[22.270s] /home/neha/ros2_ws/src/semnav_migration/src/navigation_semantic.cpp:173:25: error: ‘commandId’ was not declared in this scope
[22.271s]   173 |                         commandId.data = BehaviorIdCmd;
[22.271s]       |                         ^~~~~~~~~
[22.291s] /home/neha/ros2_ws/src/semnav_migration/src/navigation.cpp:148:55: error: ‘bind’ is not a member of ‘boost’; did you mean ‘find’?
[22.292s]   148 |                         sync->registerCallback(boost::bind(&NavigationNode::control_callback, this, _1, _2));
[22.292s]       |                                                       ^~~~
[22.292s]       |                                                       find
[22.296s] /home/neha/ros2_ws/src/semnav_migration/src/navigation.cpp:148:101: error: ‘_1’ was not declared in this scope
[22.296s]   148 |                         sync->registerCallback(boost::bind(&NavigationNode::control_callback, this, _1, _2));
[22.296s]       |                                                                                                     ^~
[22.297s] /home/neha/ros2_ws/src/semnav_migration/src/navigation.cpp:148:101: note: suggested alternatives:
[22.299s] In file included from /usr/include/boost/mpl/aux_/include_preprocessed.hpp:37,
[22.299s]                  from /usr/include/boost/mpl/placeholders.hpp:43,
[22.300s]                  from /usr/include/boost/iterator/iterator_categories.hpp:16,
[22.300s]                  from /usr/include/boost/iterator/iterator_facade.hpp:13,
[22.300s]                  from /usr/include/boost/range/iterator_range_core.hpp:27,
[22.300s]                  from /usr/include/boost/lexical_cast.hpp:48,
[22.300s]                  from /usr/include/boost/multiprecision/detail/number_base.hpp:29,
[22.300s]                  from /usr/include/boost/multiprecision/traits/is_variable_precision.hpp:9,
[22.300s]                  from /usr/include/boost/multiprecision/detail/precision.hpp:9,
[22.300s]                  from /usr/include/boost/multiprecision/number.hpp:11,
[22.300s]                  from /usr/include/boost/multiprecision/cpp_int.hpp:19,
[22.301s]                  from /usr/include/boost/multiprecision/cpp_bin_float.hpp:15,
[22.303s]                  from /usr/include/boost/geometry/core/coordinate_promotion.hpp:16,
[22.303s]                  from /usr/include/boost/geometry/core/radian_access.hpp:30,
[22.303s]                  from /usr/include/boost/geometry/geometry.hpp:50,
[22.303s]                  from /usr/include/boost/geometry.hpp:17,
[22.303s]                  from /home/neha/ros2_ws/src/semnav_migration/include/reactive_planner_lib.h:26:
[22.303s] /usr/include/boost/mpl/aux_/preprocessed/gcc/placeholders.hpp:29:16: note:   ‘mpl_::_1’
[22.304s]    29 | typedef arg<1> _1;
[22.304s]       |                ^~
[22.304s] In file included from /usr/include/boost/numeric/conversion/converter_policies.hpp:13,
[22.304s]                  from /usr/include/boost/numeric/conversion/converter.hpp:14,
[22.304s]                  from /usr/include/boost/numeric/conversion/cast.hpp:33,
[22.304s]                  from /usr/include/boost/geometry/core/radian_access.hpp:26:
[22.304s] /usr/include/c++/13/functional:294:48: note:   ‘std::placeholders::_1’
[22.305s]   294 |     _GLIBCXX_PLACEHOLDER const _Placeholder<1> _1;
[22.307s]       |                                                ^~
[22.307s] /usr/include/boost/mpl/aux_/preprocessed/gcc/placeholders.hpp:29:16: note:   ‘mpl_::_1’
[22.307s]    29 | typedef arg<1> _1;
[22.307s]       |                ^~
[22.307s] In file included from /usr/include/boost/describe/members.hpp:20,
[22.308s]                  from /usr/include/boost/container_hash/is_described_class.hpp:11,
[22.308s]                  from /usr/include/boost/container_hash/hash.hpp:18,
[22.308s]                  from /usr/include/boost/functional/hash.hpp:6,
[22.308s]                  from /usr/include/CGAL/Kernel/hash_functions.h:16,
[22.308s]                  from /usr/include/CGAL/Kernel/global_functions.h:25,
[22.312s]                  from /usr/include/CGAL/Cartesian/Cartesian_base.h:22,
[22.312s]                  from /usr/include/CGAL/Simple_cartesian.h:20,
[22.312s]                  from /usr/include/CGAL/Exact_predicates_inexact_constructions_kernel.h:20,
[22.312s]                  from /home/neha/ros2_ws/src/semnav_migration/include/polygeom_lib.h:32,
[22.312s]                  from /home/neha/ros2_ws/src/semnav_migration/include/reactive_planner_lib.h:52:
[22.312s] /usr/include/boost/mp11/bind.hpp:45:7: note:   ‘boost::mp11::_1’
[22.313s]    45 | using _1 = mp_arg<0>;
[22.313s]       |       ^~
[22.313s] /usr/include/boost/mpl/aux_/preprocessed/gcc/placeholders.hpp:29:16: note:   ‘mpl_::_1’
[22.313s]    29 | typedef arg<1> _1;
[22.313s]       |                ^~
[22.313s] /home/neha/ros2_ws/src/semnav_migration/src/navigation.cpp:148:105: error: ‘_2’ was not declared in this scope
[22.313s]   148 |                         sync->registerCallback(boost::bind(&NavigationNode::control_callback, this, _1, _2));
[22.313s]       |                                                                                                         ^~
[22.314s] /home/neha/ros2_ws/src/semnav_migration/src/navigation.cpp:148:105: note: suggested alternatives:
[22.317s] /usr/include/boost/mpl/aux_/preprocessed/gcc/placeholders.hpp:42:16: note:   ‘mpl_::_2’
[22.317s]    42 | typedef arg<2> _2;
[22.317s]       |                ^~
[22.317s] /usr/include/c++/13/functional:295:48: note:   ‘std::placeholders::_2’
[22.317s]   295 |     _GLIBCXX_PLACEHOLDER const _Placeholder<2> _2;
[22.317s]       |                                                ^~
[22.318s] /usr/include/boost/mpl/aux_/preprocessed/gcc/placeholders.hpp:42:16: note:   ‘mpl_::_2’
[22.318s]    42 | typedef arg<2> _2;
[22.318s]       |                ^~
[22.318s] /usr/include/boost/mp11/bind.hpp:46:7: note:   ‘boost::mp11::_2’
[22.318s]    46 | using _2 = mp_arg<1>;
[22.318s]       |       ^~
[22.318s] /usr/include/boost/mpl/aux_/preprocessed/gcc/placeholders.hpp:42:16: note:   ‘mpl_::_2’
[22.318s]    42 | typedef arg<2> _2;
[22.319s]       |                ^~
[22.321s] /home/neha/ros2_ws/src/semnav_migration/src/navigation.cpp:150:65: error: ‘class rclcpp::Node’ has no member named ‘subscribe’
[22.321s]   150 |                         rclcpp::Subscription sub_semantic = nh_.subscribe(sub_semantic_topic_, 1, &NavigationNode::diffeo_tree_update, this);
[22.321s]       |                                                                 ^~~~~~~~~
[22.321s] /home/neha/ros2_ws/src/semnav_migration/src/navigation.cpp:154:45: error: no matching function for call to ‘rclcpp::Duration::Duration(double)’
[22.321s]   154 |                         rclcpp::Duration(5.0).sleep();
[22.322s]       |                                             ^
[22.322s] In file included from /opt/ros/jazzy/include/rclcpp/rclcpp/time.hpp:24,
[22.322s]                  from /opt/ros/jazzy/include/rclcpp/rclcpp/clock.hpp:24,
[22.322s]                  from /opt/ros/jazzy/include/rclcpp/rclcpp/client.hpp:38,
[22.322s]                  from /opt/ros/jazzy/include/rclcpp/rclcpp/callback_group.hpp:24,
[22.322s]                  from /opt/ros/jazzy/include/rclcpp/rclcpp/any_executable.hpp:20,
[22.322s]                  from /opt/ros/jazzy/include/rclcpp/rclcpp/memory_strategy.hpp:25,
[22.322s]                  from /opt/ros/jazzy/include/rclcpp/rclcpp/memory_strategies.hpp:18,
[22.323s]                  from /opt/ros/jazzy/include/rclcpp/rclcpp/executor_options.hpp:22,
[22.325s]                  from /opt/ros/jazzy/include/rclcpp/rclcpp/executor.hpp:38,
[22.325s]                  from /opt/ros/jazzy/include/rclcpp/rclcpp/executors/multi_threaded_executor.hpp:25,
[22.325s]                  from /opt/ros/jazzy/include/rclcpp/rclcpp/executors.hpp:21:
[22.325s] /opt/ros/jazzy/include/rclcpp/rclcpp/duration.hpp:49:3: note: candidate: ‘template<class Rep, class Period> rclcpp::Duration::Duration(const std::chrono::duration<_Rep1, _Period1>&)’
[22.325s]    49 |   Duration(const std::chrono::duration<Rep, Period> & duration)  // NOLINT(runtime/explicit)
[22.325s]       |   ^~~~~~~~
[22.326s] /opt/ros/jazzy/include/rclcpp/rclcpp/duration.hpp:49:3: note:   template argument deduction/substitution failed:
[22.326s] /home/neha/ros2_ws/src/semnav_migration/src/navigation.cpp:154:45: note:   mismatched types ‘const std::chrono::duration<_Rep1, _Period1>’ and ‘double’
[22.326s]   154 |                         rclcpp::Duration(5.0).sleep();
[22.326s]       |                                             ^
[22.326s] /opt/ros/jazzy/include/rclcpp/rclcpp/duration.hpp:159:3: note: candidate: ‘rclcpp::Duration::Duration()’
[22.326s]   159 |   Duration() = default;
[22.326s]       |   ^~~~~~~~
[22.326s] /opt/ros/jazzy/include/rclcpp/rclcpp/duration.hpp:159:3: note:   candidate expects 0 arguments, 1 provided
[22.326s] /opt/ros/jazzy/include/rclcpp/rclcpp/duration.hpp:62:3: note: candidate: ‘rclcpp::Duration::Duration(const rclcpp::Duration&)’
[22.327s]    62 |   Duration(const Duration & rhs);
[22.329s]       |   ^~~~~~~~
[22.329s] /opt/ros/jazzy/include/rclcpp/rclcpp/duration.hpp:62:29: note:   no known conversion for argument 1 from ‘double’ to ‘const rclcpp::Duration&’
[22.329s]    62 |   Duration(const Duration & rhs);
[22.329s]       |            ~~~~~~~~~~~~~~~~~^~~
[22.329s] /opt/ros/jazzy/include/rclcpp/rclcpp/duration.hpp:60:12: note: candidate: ‘rclcpp::Duration::Duration(const rcl_duration_t&)’
[22.329s]    60 |   explicit Duration(const rcl_duration_t & duration);
[22.330s]       |            ^~~~~~~~
[22.330s] /opt/ros/jazzy/include/rclcpp/rclcpp/duration.hpp:60:44: note:   no known conversion for argument 1 from ‘double’ to ‘const rcl_duration_t&’ {aka ‘const rcl_duration_s&’}
[22.330s]    60 |   explicit Duration(const rcl_duration_t & duration);
[22.330s]       |                     ~~~~~~~~~~~~~~~~~~~~~~~^~~~~~~~
[22.330s] /opt/ros/jazzy/include/rclcpp/rclcpp/duration.hpp:54:3: note: candidate: ‘rclcpp::Duration::Duration(const builtin_interfaces::msg::Duration&)’
[22.330s]    54 |   Duration(const builtin_interfaces::msg::Duration & duration_msg);  // NOLINT(runtime/explicit)
[22.330s]       |   ^~~~~~~~
[22.331s] /opt/ros/jazzy/include/rclcpp/rclcpp/duration.hpp:54:54: note:   no known conversion for argument 1 from ‘double’ to ‘const builtin_interfaces::msg::Duration&’ {aka ‘const builtin_interfaces::msg::Duration_<std::allocator<void> >&’}
[22.333s]    54 |   Duration(const builtin_interfaces::msg::Duration & duration_msg);  // NOLINT(runtime/explicit)
[22.333s]       |            ~~~~~~~~~~~~~~~~~~~~~~~~~~~~~~~~~~~~~~~~~~^~~~~~~~~~~~
[22.333s] /opt/ros/jazzy/include/rclcpp/rclcpp/duration.hpp:43:12: note: candidate: ‘rclcpp::Duration::Duration(std::chrono::nanoseconds)’
[22.333s]    43 |   explicit Duration(std::chrono::nanoseconds nanoseconds);
[22.333s]       |            ^~~~~~~~
[22.333s] /opt/ros/jazzy/include/rclcpp/rclcpp/duration.hpp:43:46: note:   no known conversion for argument 1 from ‘double’ to ‘std::chrono::nanoseconds’ {aka ‘std::chrono::duration<long int, std::ratio<1, 1000000000> >’}
[22.334s]    43 |   explicit Duration(std::chrono::nanoseconds nanoseconds);
[22.334s]       |                     ~~~~~~~~~~~~~~~~~~~~~~~~~^~~~~~~~~~~
[22.334s] /opt/ros/jazzy/include/rclcpp/rclcpp/duration.hpp:40:3: note: candidate: ‘rclcpp::Duration::Duration(int32_t, uint32_t)’
[22.334s]    40 |   Duration(int32_t seconds, uint32_t nanoseconds);
[22.334s]       |   ^~~~~~~~
[22.334s] /opt/ros/jazzy/include/rclcpp/rclcpp/duration.hpp:40:3: note:   candidate expects 2 arguments, 1 provided
[22.358s] /home/neha/ros2_ws/src/semnav_migration/src/navigation_semantic.cpp:174:25: error: ‘pub_behaviorID_’ was not declared in this scope; did you mean ‘pub_behaviorID_topic_’?
[22.358s]   174 |                         pub_behaviorID_.publish(commandId);
[22.358s]       |                         ^~~~~~~~~~~~~~~
[22.359s]       |                         pub_behaviorID_topic_
[22.362s] /home/neha/ros2_ws/src/semnav_migration/src/navigation.cpp:161:38: error: ‘node_ptr’ was not declared in this scope; did you mean ‘mode_t’?
[22.362s]   161 |                         rclcpp::spin(node_ptr);
[22.362s]       |                                      ^~~~~~~~
[22.362s]       |                                      mode_t
[22.363s] /home/neha/ros2_ws/src/semnav_migration/src/navigation_semantic.cpp: In member function ‘void SemanticNavigationNode::publish_behavior_mode(uint16_t)’:
[22.363s] /home/neha/ros2_ws/src/semnav_migration/src/navigation_semantic.cpp:179:28: error: ‘UInt32’ is not a member of ‘std_msgs::msg’
[22.363s]   179 |             std_msgs::msg::UInt32 commandMode;
[22.363s]       |                            ^~~~~~
[22.372s] /home/neha/ros2_ws/src/semnav_migration/src/navigation.cpp: In member function ‘void NavigationNode::publish_behavior_id(uint16_t)’:
[22.372s] /home/neha/ros2_ws/src/semnav_migration/src/navigation.cpp:173:28: error: ‘UInt32’ is not a member of ‘std_msgs::msg’
[22.372s]   173 |             std_msgs::msg::UInt32 commandId;
[22.373s]       |                            ^~~~~~
[22.419s] /home/neha/ros2_ws/src/semnav_migration/src/navigation.cpp:174:25: error: ‘commandId’ was not declared in this scope
[22.419s]   174 |                         commandId.data = BehaviorIdCmd;
[22.419s]       |                         ^~~~~~~~~
[22.423s] /home/neha/ros2_ws/src/semnav_migration/src/navigation.cpp: In member function ‘void NavigationNode::publish_behavior_mode(uint16_t)’:
[22.423s] /home/neha/ros2_ws/src/semnav_migration/src/navigation.cpp:180:28: error: ‘UInt32’ is not a member of ‘std_msgs::msg’
[22.424s]   180 |             std_msgs::msg::UInt32 commandMode;
[22.424s]       |                            ^~~~~~
[22.425s] /home/neha/ros2_ws/src/semnav_migration/src/navigation_semantic.cpp:180:25: error: ‘commandMode’ was not declared in this scope
[22.425s]   180 |                         commandMode.data = BehaviorModeCmd;
[22.426s]       |                         ^~~~~~~~~~~
[22.488s] /home/neha/ros2_ws/src/semnav_migration/src/navigation.cpp:181:25: error: ‘commandMode’ was not declared in this scope
[22.488s]   181 |                         commandMode.data = BehaviorModeCmd;
[22.488s]       |                         ^~~~~~~~~~~
[22.527s] /home/neha/ros2_ws/src/semnav_migration/src/navigation_semantic.cpp:181:25: error: ‘pub_behaviorMode_’ was not declared in this scope; did you mean ‘pub_behaviorMode_topic_’?
[22.527s]   181 |                         pub_behaviorMode_.publish(commandMode);
[22.527s]       |                         ^~~~~~~~~~~~~~~~~
[22.527s]       |                         pub_behaviorMode_topic_
[22.546s] /home/neha/ros2_ws/src/semnav_migration/src/navigation.cpp: In member function ‘void NavigationNode::control_callback(const sensor_msgs::msg::LaserScan_<std::allocator<void> >::ConstPtr&, const nav_msgs::msg::Odometry_<std::allocator<void> >::ConstPtr&)’:
[22.546s] /home/neha/ros2_ws/src/semnav_migration/src/navigation.cpp:355:60: error: ‘now’ is not a member of ‘rclcpp::Time’
[22.546s]   355 |                         double before_time = rclcpp::Time::now().toSec();
[22.546s]       |                                                            ^~~
[22.550s] /home/neha/ros2_ws/src/semnav_migration/src/navigation.cpp:358:33: error: ‘PoseStamped’ is not a member of ‘geometry_msgs::msg’
[22.550s]   358 |             geometry_msgs::msg::PoseStamped odomPose, mapPose;
[22.550s]       |                                 ^~~~~~~~~~~
[22.596s] /home/neha/ros2_ws/src/semnav_migration/src/navigation_semantic.cpp: In member function ‘void SemanticNavigationNode::control_callback(const sensor_msgs::msg::LaserScan_<std::allocator<void> >::ConstPtr&, const nav_msgs::msg::Odometry_<std::allocator<void> >::ConstPtr&)’:
[22.596s] /home/neha/ros2_ws/src/semnav_migration/src/navigation_semantic.cpp:395:46: error: ‘ros’ has not been declared
[22.596s]   395 |                         double before_time = ros::Time::now().toSec();
[22.596s]       |                                              ^~~
[22.601s] /home/neha/ros2_ws/src/semnav_migration/src/navigation_semantic.cpp:398:40: error: ‘PoseStamped’ is not a member of ‘geometry_msgs’
[22.601s]   398 |                         geometry_msgs::PoseStamped odomPose, mapPose;
[22.601s]       |                                        ^~~~~~~~~~~
[22.604s] /home/neha/ros2_ws/src/semnav_migration/src/navigation.cpp:359:25: error: ‘odomPose’ was not declared in this scope
[22.604s]   359 |                         odomPose.header.stamp = rclcpp::Time(0);
[22.604s]       |                         ^~~~~~~~
[22.642s] /home/neha/ros2_ws/src/semnav_migration/src/navigation_semantic.cpp:399:25: error: ‘odomPose’ was not declared in this scope
[22.642s]   399 |                         odomPose.header.stamp = ros::Time(0);
[22.642s]       |                         ^~~~~~~~
[22.643s] /home/neha/ros2_ws/src/semnav_migration/src/navigation_semantic.cpp:399:49: error: ‘ros’ has not been declared
[22.643s]   399 |                         odomPose.header.stamp = ros::Time(0);
[22.643s]       |                                                 ^~~
[22.653s] /home/neha/ros2_ws/src/semnav_migration/src/navigation.cpp:363:33: error: ‘listener_’ was not declared in this scope
[22.653s]   363 |                                 listener_.waitForTransform(world_frame_id_, odom_frame_id_, rclcpp::Time(0), rclcpp::Duration(1.0));
[22.653s]       |                                 ^~~~~~~~~
[22.655s] /home/neha/ros2_ws/src/semnav_migration/src/navigation.cpp:363:130: error: no matching function for call to ‘rclcpp::Duration::Duration(double)’
[22.655s]   363 |                                 listener_.waitForTransform(world_frame_id_, odom_frame_id_, rclcpp::Time(0), rclcpp::Duration(1.0));
[22.655s]       |                                                                                                                                  ^
[22.656s] /opt/ros/jazzy/include/rclcpp/rclcpp/duration.hpp:49:3: note: candidate: ‘template<class Rep, class Period> rclcpp::Duration::Duration(const std::chrono::duration<_Rep1, _Period1>&)’
[22.656s]    49 |   Duration(const std::chrono::duration<Rep, Period> & duration)  // NOLINT(runtime/explicit)
[22.656s]       |   ^~~~~~~~
[22.656s] /opt/ros/jazzy/include/rclcpp/rclcpp/duration.hpp:49:3: note:   template argument deduction/substitution failed:
[22.656s] /home/neha/ros2_ws/src/semnav_migration/src/navigation.cpp:363:130: note:   mismatched types ‘const std::chrono::duration<_Rep1, _Period1>’ and ‘double’
[22.656s]   363 |                                 listener_.waitForTransform(world_frame_id_, odom_frame_id_, rclcpp::Time(0), rclcpp::Duration(1.0));
[22.656s]       |                                                                                                                                  ^
[22.657s] /opt/ros/jazzy/include/rclcpp/rclcpp/duration.hpp:159:3: note: candidate: ‘rclcpp::Duration::Duration()’
[22.659s]   159 |   Duration() = default;
[22.659s]       |   ^~~~~~~~
[22.659s] /opt/ros/jazzy/include/rclcpp/rclcpp/duration.hpp:159:3: note:   candidate expects 0 arguments, 1 provided
[22.659s] /opt/ros/jazzy/include/rclcpp/rclcpp/duration.hpp:62:3: note: candidate: ‘rclcpp::Duration::Duration(const rclcpp::Duration&)’
[22.659s]    62 |   Duration(const Duration & rhs);
[22.659s]       |   ^~~~~~~~
[22.659s] /opt/ros/jazzy/include/rclcpp/rclcpp/duration.hpp:62:29: note:   no known conversion for argument 1 from ‘double’ to ‘const rclcpp::Duration&’
[22.660s]    62 |   Duration(const Duration & rhs);
[22.660s]       |            ~~~~~~~~~~~~~~~~~^~~
[22.660s] /opt/ros/jazzy/include/rclcpp/rclcpp/duration.hpp:60:12: note: candidate: ‘rclcpp::Duration::Duration(const rcl_duration_t&)’
[22.660s]    60 |   explicit Duration(const rcl_duration_t & duration);
[22.660s]       |            ^~~~~~~~
[22.660s] /opt/ros/jazzy/include/rclcpp/rclcpp/duration.hpp:60:44: note:   no known conversion for argument 1 from ‘double’ to ‘const rcl_duration_t&’ {aka ‘const rcl_duration_s&’}
[22.660s]    60 |   explicit Duration(const rcl_duration_t & duration);
[22.661s]       |                     ~~~~~~~~~~~~~~~~~~~~~~~^~~~~~~~
[22.663s] /opt/ros/jazzy/include/rclcpp/rclcpp/duration.hpp:54:3: note: candidate: ‘rclcpp::Duration::Duration(const builtin_interfaces::msg::Duration&)’
[22.663s]    54 |   Duration(const builtin_interfaces::msg::Duration & duration_msg);  // NOLINT(runtime/explicit)
[22.663s]       |   ^~~~~~~~
[22.663s] /opt/ros/jazzy/include/rclcpp/rclcpp/duration.hpp:54:54: note:   no known conversion for argument 1 from ‘double’ to ‘const builtin_interfaces::msg::Duration&’ {aka ‘const builtin_interfaces::msg::Duration_<std::allocator<void> >&’}
[22.663s]    54 |   Duration(const builtin_interfaces::msg::Duration & duration_msg);  // NOLINT(runtime/explicit)
[22.663s]       |            ~~~~~~~~~~~~~~~~~~~~~~~~~~~~~~~~~~~~~~~~~~^~~~~~~~~~~~
[22.664s] /opt/ros/jazzy/include/rclcpp/rclcpp/duration.hpp:43:12: note: candidate: ‘rclcpp::Duration::Duration(std::chrono::nanoseconds)’
[22.664s]    43 |   explicit Duration(std::chrono::nanoseconds nanoseconds);
[22.664s]       |            ^~~~~~~~
[22.664s] /opt/ros/jazzy/include/rclcpp/rclcpp/duration.hpp:43:46: note:   no known conversion for argument 1 from ‘double’ to ‘std::chrono::nanoseconds’ {aka ‘std::chrono::duration<long int, std::ratio<1, 1000000000> >’}
[22.664s]    43 |   explicit Duration(std::chrono::nanoseconds nanoseconds);
[22.664s]       |                     ~~~~~~~~~~~~~~~~~~~~~~~~~^~~~~~~~~~~
[22.664s] /opt/ros/jazzy/include/rclcpp/rclcpp/duration.hpp:40:3: note: candidate: ‘rclcpp::Duration::Duration(int32_t, uint32_t)’
[22.664s]    40 |   Duration(int32_t seconds, uint32_t nanoseconds);
[22.665s]       |   ^~~~~~~~
[22.667s] /opt/ros/jazzy/include/rclcpp/rclcpp/duration.hpp:40:3: note:   candidate expects 2 arguments, 1 provided
[22.695s] /home/neha/ros2_ws/src/semnav_migration/src/navigation_semantic.cpp:403:33: error: ‘listener_’ was not declared in this scope
[22.695s]   403 |                                 listener_.waitForTransform(world_frame_id_, odom_frame_id_, ros::Time(0), ros::Duration(1.0));
[22.695s]       |                                 ^~~~~~~~~
[22.695s] /home/neha/ros2_ws/src/semnav_migration/src/navigation_semantic.cpp:403:93: error: ‘ros’ has not been declared
[22.696s]   403 |                                 listener_.waitForTransform(world_frame_id_, odom_frame_id_, ros::Time(0), ros::Duration(1.0));
[22.696s]       |                                                                                             ^~~
[22.696s] /home/neha/ros2_ws/src/semnav_migration/src/navigation_semantic.cpp:403:107: error: ‘ros’ has not been declared
[22.696s]   403 |                                 listener_.waitForTransform(world_frame_id_, odom_frame_id_, ros::Time(0), ros::Duration(1.0));
[22.696s]       |                                                                                                           ^~~
[22.699s] /home/neha/ros2_ws/src/semnav_migration/src/navigation.cpp:364:84: error: ‘mapPose’ was not declared in this scope
[22.699s]   364 |                                 listener_.transformPose(world_frame_id_, odomPose, mapPose);
[22.699s]       |                                                                                    ^~~~~~~
[22.729s] /home/neha/ros2_ws/src/semnav_migration/src/navigation_semantic.cpp:404:84: error: ‘mapPose’ was not declared in this scope
[22.729s]   404 |                                 listener_.transformPose(world_frame_id_, odomPose, mapPose);
[22.730s]       |                                                                                    ^~~~~~~
[22.735s] /home/neha/ros2_ws/src/semnav_migration/src/navigation_semantic.cpp:405:34: error: ‘tf’ does not name a type; did you mean ‘tm’?
[22.735s]   405 |                         } catch (tf::TransformException &ex) {
[22.736s]       |                                  ^~
[22.736s]       |                                  tm
[22.736s] /home/neha/ros2_ws/src/semnav_migration/src/navigation_semantic.cpp:405:57: error: expected unqualified-id before ‘&’ token
[22.736s]   405 |                         } catch (tf::TransformException &ex) {
[22.736s]       |                                                         ^
[22.736s] /home/neha/ros2_ws/src/semnav_migration/src/navigation_semantic.cpp:405:57: error: expected ‘)’ before ‘&’ token
[22.736s] /home/neha/ros2_ws/src/semnav_migration/src/navigation_semantic.cpp:405:33: note: to match this ‘(’
[22.736s]   405 |                         } catch (tf::TransformException &ex) {
[22.737s]       |                                 ^
[22.739s] /home/neha/ros2_ws/src/semnav_migration/src/navigation_semantic.cpp:405:57: error: expected ‘{’ before ‘&’ token
[22.739s]   405 |                         } catch (tf::TransformException &ex) {
[22.739s]       |                                                         ^
[22.751s] /home/neha/ros2_ws/src/semnav_migration/src/navigation.cpp:366:33: error: ‘ROS_ERROR’ was not declared in this scope
[22.751s]   366 |                                 ROS_ERROR("%s",ex.what());
[22.751s]       |                                 ^~~~~~~~~
[22.767s] /home/neha/ros2_ws/src/semnav_migration/src/navigation_semantic.cpp:405:58: error: ‘ex’ was not declared in this scope; did you mean ‘exp’?
[22.768s]   405 |                         } catch (tf::TransformException &ex) {
[22.768s]       |                                                          ^~
[22.768s]       |                                                          exp
[22.768s] /home/neha/ros2_ws/src/semnav_migration/src/navigation_semantic.cpp:411:25: error: ‘tf’ has not been declared
[22.768s]   411 |                         tf::Quaternion rotation = tf::Quaternion(mapPose.pose.orientation.x,
[22.768s]       |                         ^~
[22.768s] /home/neha/ros2_ws/src/semnav_migration/src/navigation_semantic.cpp:415:25: error: ‘tf’ has not been declared
[22.768s]   415 |                         tf::Matrix3x3 m(rotation);
[22.769s]       |                         ^~
[22.791s] /home/neha/ros2_ws/src/semnav_migration/src/navigation.cpp:371:68: error: ‘mapPose’ was not declared in this scope
[22.791s]   371 |                         tf2::Quaternion rotation = tf2::Quaternion(mapPose.pose.orientation.x,
[22.791s]       |                                                                    ^~~~~~~
[22.796s] /home/neha/ros2_ws/src/semnav_migration/src/navigation.cpp:393:42: error: could not convert ‘lidar_data’ from ‘shared_ptr<LaserScan_<[...]>>’ to ‘shared_ptr<LaserScan_<[...]>>’
[22.796s]   393 |                         constructLIDAR2D(lidar_data, CutoffRange_, AllowableRange_, RobotPitch_, &LIDAR);
[22.796s]       |                                          ^~~~~~~~~~
[22.796s]       |                                          |
[22.797s]       |                                          shared_ptr<LaserScan_<[...]>>
[22.801s] /home/neha/ros2_ws/src/semnav_migration/src/navigation_semantic.cpp:417:25: error: ‘m’ was not declared in this scope; did you mean ‘tm’?
[22.801s]   417 |                         m.getRPY(roll, pitch, yaw);
[22.801s]       |                         ^
[22.802s]       |                         tm
[22.817s] /home/neha/ros2_ws/src/semnav_migration/src/navigation.cpp:567:53: error: no matching function for call to ‘rclcpp::Duration::Duration(double)’
[22.817s]   567 |                                 rclcpp::Duration(5.0).sleep();
[22.818s]       |                                                     ^
[22.818s] /opt/ros/jazzy/include/rclcpp/rclcpp/duration.hpp:49:3: note: candidate: ‘template<class Rep, class Period> rclcpp::Duration::Duration(const std::chrono::duration<_Rep1, _Period1>&)’
[22.818s]    49 |   Duration(const std::chrono::duration<Rep, Period> & duration)  // NOLINT(runtime/explicit)
[22.818s]       |   ^~~~~~~~
[22.819s] /opt/ros/jazzy/include/rclcpp/rclcpp/duration.hpp:49:3: note:   template argument deduction/substitution failed:
[22.819s] /home/neha/ros2_ws/src/semnav_migration/src/navigation.cpp:567:53: note:   mismatched types ‘const std::chrono::duration<_Rep1, _Period1>’ and ‘double’
[22.819s]   567 |                                 rclcpp::Duration(5.0).sleep();
[22.819s]       |                                                     ^
[22.819s] /opt/ros/jazzy/include/rclcpp/rclcpp/duration.hpp:159:3: note: candidate: ‘rclcpp::Duration::Duration()’
[22.820s]   159 |   Duration() = default;
[22.820s]       |   ^~~~~~~~
[22.820s] /opt/ros/jazzy/include/rclcpp/rclcpp/duration.hpp:159:3: note:   candidate expects 0 arguments, 1 provided
[22.820s] /opt/ros/jazzy/include/rclcpp/rclcpp/duration.hpp:62:3: note: candidate: ‘rclcpp::Duration::Duration(const rclcpp::Duration&)’
[22.821s]    62 |   Duration(const Duration & rhs);
[22.821s]       |   ^~~~~~~~
[22.821s] /opt/ros/jazzy/include/rclcpp/rclcpp/duration.hpp:62:29: note:   no known conversion for argument 1 from ‘double’ to ‘const rclcpp::Duration&’
[22.821s]    62 |   Duration(const Duration & rhs);
[22.821s]       |            ~~~~~~~~~~~~~~~~~^~~
[22.824s] /opt/ros/jazzy/include/rclcpp/rclcpp/duration.hpp:60:12: note: candidate: ‘rclcpp::Duration::Duration(const rcl_duration_t&)’
[22.824s]    60 |   explicit Duration(const rcl_duration_t & duration);
[22.824s]       |            ^~~~~~~~
[22.825s] /opt/ros/jazzy/include/rclcpp/rclcpp/duration.hpp:60:44: note:   no known conversion for argument 1 from ‘double’ to ‘const rcl_duration_t&’ {aka ‘const rcl_duration_s&’}
[22.825s]    60 |   explicit Duration(const rcl_duration_t & duration);
[22.825s]       |                     ~~~~~~~~~~~~~~~~~~~~~~~^~~~~~~~
[22.825s] /opt/ros/jazzy/include/rclcpp/rclcpp/duration.hpp:54:3: note: candidate: ‘rclcpp::Duration::Duration(const builtin_interfaces::msg::Duration&)’
[22.825s]    54 |   Duration(const builtin_interfaces::msg::Duration & duration_msg);  // NOLINT(runtime/explicit)
[22.825s]       |   ^~~~~~~~
[22.825s] /opt/ros/jazzy/include/rclcpp/rclcpp/duration.hpp:54:54: note:   no known conversion for argument 1 from ‘double’ to ‘const builtin_interfaces::msg::Duration&’ {aka ‘const builtin_interfaces::msg::Duration_<std::allocator<void> >&’}
[22.825s]    54 |   Duration(const builtin_interfaces::msg::Duration & duration_msg);  // NOLINT(runtime/explicit)
[22.826s]       |            ~~~~~~~~~~~~~~~~~~~~~~~~~~~~~~~~~~~~~~~~~~^~~~~~~~~~~~
[22.828s] /opt/ros/jazzy/include/rclcpp/rclcpp/duration.hpp:43:12: note: candidate: ‘rclcpp::Duration::Duration(std::chrono::nanoseconds)’
[22.828s]    43 |   explicit Duration(std::chrono::nanoseconds nanoseconds);
[22.828s]       |            ^~~~~~~~
[22.828s] /opt/ros/jazzy/include/rclcpp/rclcpp/duration.hpp:43:46: note:   no known conversion for argument 1 from ‘double’ to ‘std::chrono::nanoseconds’ {aka ‘std::chrono::duration<long int, std::ratio<1, 1000000000> >’}
[22.828s]    43 |   explicit Duration(std::chrono::nanoseconds nanoseconds);
[22.828s]       |                     ~~~~~~~~~~~~~~~~~~~~~~~~~^~~~~~~~~~~
[22.829s] /opt/ros/jazzy/include/rclcpp/rclcpp/duration.hpp:40:3: note: candidate: ‘rclcpp::Duration::Duration(int32_t, uint32_t)’
[22.829s]    40 |   Duration(int32_t seconds, uint32_t nanoseconds);
[22.829s]       |   ^~~~~~~~
[22.829s] /opt/ros/jazzy/include/rclcpp/rclcpp/duration.hpp:40:3: note:   candidate expects 2 arguments, 1 provided
[22.840s] /home/neha/ros2_ws/src/semnav_migration/src/navigation_semantic.cpp:418:51: error: ‘mapPose’ was not declared in this scope
[22.840s]   418 |                         double x_robot_position = mapPose.pose.position.x;
[22.840s]       |                                                   ^~~~~~~
[22.847s] /home/neha/ros2_ws/src/semnav_migration/src/navigation_semantic.cpp:431:42: error: could not convert ‘lidar_data’ from ‘shared_ptr<LaserScan_<[...]>>’ to ‘shared_ptr<LaserScan_<[...]>>’
[22.847s]   431 |                         constructLIDAR2D(lidar_data, CutoffRange_, AllowableRange_, RobotPitch_, &LIDAR);
[22.847s]       |                                          ^~~~~~~~~~
[22.847s]       |                                          |
[22.847s]       |                                          shared_ptr<LaserScan_<[...]>>
[22.865s] /home/neha/ros2_ws/src/semnav_migration/src/navigation_semantic.cpp:561:96: error: invalid operands of types ‘const char [53]’ and ‘double’ to binary ‘operator<<’
[22.865s]   561 |                         ROS_WARN_STREAM("[Navigation] Diffeomorphism jacobian determinant is " << MatrixDeterminant(RobotPositionTransformedD) << ", robot position is " << bg::dsv(RobotPosition_) << " and robot positon in model space is " << bg::dsv(RobotPositionTransformedPoint));
[22.865s]       |                                         ~~~~~~~~~~~~~~~~~~~~~~~~~~~~~~~~~~~~~~~~~~~~~~~~~~~~~~ ^~ ~~~~~~~~~~~~~~~~~~~~~~~~~~~~~~~~~~~~~~~~~~~~
[22.866s]       |                                         |                                                                          |
[22.866s]       |                                         const char [53]                                                            double
[22.921s] /home/neha/ros2_ws/src/semnav_migration/src/navigation.cpp:570:33: error: ‘ROS_WARN_STREAM’ was not declared in this scope; did you mean ‘RCLCPP_WARN_STREAM’?
[22.921s]   570 |                                 ROS_WARN_STREAM("[Navigation] Successfully navigated to goal and stopped...");
[22.921s]       |                                 ^~~~~~~~~~~~~~~
[22.922s]       |                                 RCLCPP_WARN_STREAM
[22.929s] /home/neha/ros2_ws/src/semnav_migration/src/navigation.cpp:593:75: error: invalid operands of types ‘const char [32]’ and ‘double’ to binary ‘operator<<’
[22.929s]   593 |                         ROS_WARN_STREAM("[Navigation] Linear command is " << LinearCmd << " and angular command is " << AngularCmd);
[22.929s]       |                                         ~~~~~~~~~~~~~~~~~~~~~~~~~~~~~~~~~ ^~ ~~~~~~~~~
[22.929s]       |                                         |                                    |
[22.929s]       |                                         const char [32]                      double
[22.956s] /home/neha/ros2_ws/src/semnav_migration/src/navigation_semantic.cpp:561:25: error: ‘ROS_WARN_STREAM’ was not declared in this scope; did you mean ‘RCLCPP_WARN_STREAM’?
[22.956s]   561 |                         ROS_WARN_STREAM("[Navigation] Diffeomorphism jacobian determinant is " << MatrixDeterminant(RobotPositionTransformedD) << ", robot position is " << bg::dsv(RobotPosition_) << " and robot positon in model space is " << bg::dsv(RobotPositionTransformedPoint));
[22.956s]       |                         ^~~~~~~~~~~~~~~
[22.956s]       |                         RCLCPP_WARN_STREAM
[22.959s] /home/neha/ros2_ws/src/semnav_migration/src/navigation_semantic.cpp:590:41: error: ‘ros’ has not been declared
[22.959s]   590 |                                         ros::Duration(5.0).sleep();
[22.959s]       |                                         ^~~
[22.965s] /home/neha/ros2_ws/src/semnav_migration/src/navigation_semantic.cpp:615:75: error: invalid operands of types ‘const char [32]’ and ‘double’ to binary ‘operator<<’
[22.965s]   615 |                         ROS_WARN_STREAM("[Navigation] Linear command is " << LinearCmd << " and angular command is " << AngularCmd);
[22.965s]       |                                         ~~~~~~~~~~~~~~~~~~~~~~~~~~~~~~~~~ ^~ ~~~~~~~~~
[22.965s]       |                                         |                                    |
[22.965s]       |                                         const char [32]                      double
[22.965s] /home/neha/ros2_ws/src/semnav_migration/src/navigation_semantic.cpp:616:76: error: invalid operands of types ‘const char [33]’ and ‘int’ to binary ‘operator<<’
[22.965s]   616 |                         ROS_WARN_STREAM("[Navigation] Command update for " << int(localDiffeoTreeArray.size()) << " polygons in " << ros::Time::now().toSec()-before_time << " seconds.");
[22.966s]       |                                         ~~~~~~~~~~~~~~~~~~~~~~~~~~~~~~~~~~ ^~ ~~~~~~~~~~~~~~~~~~~~~~~~~~~~~~~~
[22.966s]       |                                         |                                     |
[22.966s]       |                                         const char [33]                       int
[22.966s] /home/neha/ros2_ws/src/semnav_migration/src/navigation_semantic.cpp:616:134: error: ‘ros’ has not been declared
[22.966s]   616 |                         ROS_WARN_STREAM("[Navigation] Command update for " << int(localDiffeoTreeArray.size()) << " polygons in " << ros::Time::now().toSec()-before_time << " seconds.");
[22.966s]       |                                                                                                                                      ^~~
[22.968s] /home/neha/ros2_ws/src/semnav_migration/src/navigation_semantic.cpp: In function ‘int main(int, char**)’:
[22.968s] /home/neha/ros2_ws/src/semnav_migration/src/navigation_semantic.cpp:697:9: error: ‘ros’ has not been declared
[22.968s]   697 |         ros::init(argc, argv, "navigation_semantic");
[22.968s]       |         ^~~
[22.968s] /home/neha/ros2_ws/src/semnav_migration/src/navigation_semantic.cpp:700:9: error: ‘ros’ has not been declared
[22.968s]   700 |         ros::NodeHandle nh("~");
[22.969s]       |         ^~~
[22.987s] /home/neha/ros2_ws/src/semnav_migration/src/navigation_semantic.cpp:703:56: error: ‘nh’ was not declared in this scope
[22.987s]   703 |         SemanticNavigationNode semanticNavigationNode(&nh);
[22.987s]       |                                                        ^~
[23.027s] /home/neha/ros2_ws/src/semnav_migration/src/navigation.cpp:593:25: error: ‘ROS_WARN_STREAM’ was not declared in this scope; did you mean ‘RCLCPP_WARN_STREAM’?
[23.027s]   593 |                         ROS_WARN_STREAM("[Navigation] Linear command is " << LinearCmd << " and angular command is " << AngularCmd);
[23.027s]       |                         ^~~~~~~~~~~~~~~
[23.027s]       |                         RCLCPP_WARN_STREAM
[23.028s] /home/neha/ros2_ws/src/semnav_migration/src/navigation.cpp:594:76: error: invalid operands of types ‘const char [33]’ and ‘int’ to binary ‘operator<<’
[23.028s]   594 |                         ROS_WARN_STREAM("[Navigation] Command update for " << int(localDiffeoTreeArray.size()) << " polygons in " << rclcpp::Time::now().toSec()-before_time << " seconds.");
[23.028s]       |                                         ~~~~~~~~~~~~~~~~~~~~~~~~~~~~~~~~~~ ^~ ~~~~~~~~~~~~~~~~~~~~~~~~~~~~~~~~
[23.029s]       |                                         |                                     |
[23.029s]       |                                         const char [33]                       int
[23.029s] /home/neha/ros2_ws/src/semnav_migration/src/navigation.cpp:594:148: error: ‘now’ is not a member of ‘rclcpp::Time’
[23.029s]   594 |                         ROS_WARN_STREAM("[Navigation] Command update for " << int(localDiffeoTreeArray.size()) << " polygons in " << rclcpp::Time::now().toSec()-before_time << " seconds.");
[23.029s]       |                                                                                                                                                    ^~~
[23.034s] /home/neha/ros2_ws/src/semnav_migration/src/navigation.cpp: In function ‘int main(int, char**)’:
[23.034s] /home/neha/ros2_ws/src/semnav_migration/src/navigation.cpp:675:42: error: no matching function for call to ‘NavigationNode::NavigationNode(rclcpp::Node*)’
[23.034s]   675 |         NavigationNode navigationNode(&nh);
[23.034s]       |                                          ^
[23.035s] /home/neha/ros2_ws/src/semnav_migration/src/navigation.cpp:45:9: note: candidate: ‘NavigationNode::NavigationNode()’
[23.035s]    45 |         NavigationNode() : Node("navigation_node") {
[23.035s]       |         ^~~~~~~~~~~~~~
[23.038s] /home/neha/ros2_ws/src/semnav_migration/src/navigation.cpp:45:9: note:   candidate expects 0 arguments, 1 provided
[29.940s] gmake[2]: *** [CMakeFiles/navigation_semantic.dir/build.make:76: CMakeFiles/navigation_semantic.dir/src/navigation_semantic.cpp.o] Error 1
[29.941s] gmake[1]: *** [CMakeFiles/Makefile2:207: CMakeFiles/navigation_semantic.dir/all] Error 2
[29.941s] gmake[1]: *** Waiting for unfinished jobs....
[32.340s] gmake[2]: *** [CMakeFiles/navigation.dir/build.make:76: CMakeFiles/navigation.dir/src/navigation.cpp.o] Error 1
[32.340s] gmake[1]: *** [CMakeFiles/Makefile2:181: CMakeFiles/navigation.dir/all] Error 2
[32.341s] gmake: *** [Makefile:146: all] Error 2
[32.344s] Invoked command in '/home/neha/ros2_ws/src/semnav_migration/build/semnav' returned '2': CMAKE_PREFIX_PATH=${CMAKE_PREFIX_PATH}:/opt/ros/jazzy DEBUGINFOD_URLS=https://debuginfod.ubuntu.com /usr/bin/cmake --build /home/neha/ros2_ws/src/semnav_migration/build/semnav -- -j2 -l2
