[0.037s] Invoking command in '/home/neha/ros2_ws/src/semnav_migration/build/semnav': CMAKE_PREFIX_PATH=${CMAKE_PREFIX_PATH}:/opt/ros/jazzy DEBUGINFOD_URLS=https://debuginfod.ubuntu.com /usr/bin/cmake --build /home/neha/ros2_ws/src/semnav_migration/build/semnav -- -j2 -l2
[0.205s] [ 14%] Built target reactive_planner
[0.360s] [ 23%] Building CXX object CMakeFiles/navigation_semantic.dir/src/navigation_semantic.cpp.o
[0.361s] [ 23%] Building CXX object CMakeFiles/navigation.dir/src/navigation.cpp.o
[22.857s] /home/neha/ros2_ws/src/semnav_migration/src/navigation.cpp:46:13: error: extra qualification ‘NavigationNode::’ on member ‘NavigationNode’ [-fpermissive]
[22.857s]    46 |             NavigationNode::NavigationNode() : rclcpp::Node(std::string("navigation_node")) {
[22.857s]       |             ^~~~~~~~~~~~~~
[22.905s] /home/neha/ros2_ws/src/semnav_migration/src/navigation.cpp: In constructor ‘NavigationNode::NavigationNode()’:
[22.905s] /home/neha/ros2_ws/src/semnav_migration/src/navigation.cpp:46:91: error: no matching function for call to ‘rclcpp::Node::Node()’
[22.905s]    46 |             NavigationNode::NavigationNode() : rclcpp::Node(std::string("navigation_node")) {
[22.906s]       |                                                                                           ^
[22.908s] In file included from /opt/ros/jazzy/include/rclcpp/rclcpp/executors/single_threaded_executor.hpp:28,
[22.909s]                  from /opt/ros/jazzy/include/rclcpp/rclcpp/executors.hpp:22,
[22.909s]                  from /opt/ros/jazzy/include/rclcpp/rclcpp/rclcpp.hpp:172,
[22.909s]                  from /home/neha/ros2_ws/src/semnav_migration/include/reactive_planner_lib.h:32,
[22.909s]                  from /home/neha/ros2_ws/src/semnav_migration/src/navigation.cpp:25:
[22.909s] /opt/ros/jazzy/include/rclcpp/rclcpp/node.hpp:1629:3: note: candidate: ‘rclcpp::Node::Node(const rclcpp::Node&, const std::string&)’
[22.909s]  1629 |   Node(
[22.909s]       |   ^~~~
[22.910s] /opt/ros/jazzy/include/rclcpp/rclcpp/node.hpp:1629:3: note:   candidate expects 2 arguments, 0 provided
[22.910s] /opt/ros/jazzy/include/rclcpp/rclcpp/node.hpp:103:12: note: candidate: ‘rclcpp::Node::Node(const std::string&, const std::string&, const rclcpp::NodeOptions&)’
[22.910s]   103 |   explicit Node(
[22.912s]       |            ^~~~
[22.912s] /opt/ros/jazzy/include/rclcpp/rclcpp/node.hpp:103:12: note:   candidate expects 3 arguments, 0 provided
[22.913s] /opt/ros/jazzy/include/rclcpp/rclcpp/node.hpp:91:12: note: candidate: ‘rclcpp::Node::Node(const std::string&, const rclcpp::NodeOptions&)’
[22.913s]    91 |   explicit Node(
[22.913s]       |            ^~~~
[22.913s] /opt/ros/jazzy/include/rclcpp/rclcpp/node.hpp:91:12: note:   candidate expects 2 arguments, 0 provided
[22.968s] /home/neha/ros2_ws/src/semnav_migration/src/navigation_semantic.cpp:46:13: error: extra qualification ‘SemanticNavigationNode::’ on member ‘SemanticNavigationNode’ [-fpermissive]
[22.968s]    46 |             SemanticNavigationNode::SemanticNavigationNode() : Node("semantic_navigation_node") {
[22.968s]       |             ^~~~~~~~~~~~~~~~~~~~~~
[23.011s] /home/neha/ros2_ws/src/semnav_migration/src/navigation.cpp:143:116: error: no matching function for call to ‘message_filters::Subscriber<sensor_msgs::msg::LaserScan_<std::allocator<void> > >::Subscriber(rclcpp::Node&, std::string&, int)’
[23.011s]   143 |                         message_filters::Subscriber<sensor_msgs::msg::LaserScan> sub_laser(nh_, sub_laser_topic_, 1);
[23.011s]       |                                                                                                                    ^
[23.012s] In file included from /home/neha/ros2_ws/src/semnav_migration/include/reactive_planner_lib.h:44:
[23.012s] /opt/ros/jazzy/include/message_filters/message_filters/subscriber.h:224:3: note: candidate: ‘message_filters::Subscriber<M, NodeType>::Subscriber() [with M = sensor_msgs::msg::LaserScan_<std::allocator<void> >; NodeType = rclcpp::Node]’
[23.012s]   224 |   Subscriber() = default;
[23.012s]       |   ^~~~~~~~~~
[23.012s] /opt/ros/jazzy/include/message_filters/message_filters/subscriber.h:224:3: note:   candidate expects 0 arguments, 3 provided
[23.012s] /opt/ros/jazzy/include/message_filters/message_filters/subscriber.h:212:3: note: candidate: ‘message_filters::Subscriber<M, NodeType>::Subscriber(NodeType*, const std::string&, rmw_qos_profile_t, rclcpp::SubscriptionOptions) [with M = sensor_msgs::msg::LaserScan_<std::allocator<void> >; NodeType = rclcpp::Node; std::string = std::__cxx11::basic_string<char>; rmw_qos_profile_t = rmw_qos_profile_s; rclcpp::SubscriptionOptions = rclcpp::SubscriptionOptionsWithAllocator<std::allocator<void> >]’
[23.013s]   212 |   Subscriber(
[23.013s]       |   ^~~~~~~~~~
[23.013s] /opt/ros/jazzy/include/message_filters/message_filters/subscriber.h:212:3: note:   candidate expects 4 arguments, 3 provided
[23.016s] /opt/ros/jazzy/include/message_filters/message_filters/subscriber.h:203:3: note: candidate: ‘message_filters::Subscriber<M, NodeType>::Subscriber(NodePtr, const std::string&, rmw_qos_profile_t, rclcpp::SubscriptionOptions) [with M = sensor_msgs::msg::LaserScan_<std::allocator<void> >; NodeType = rclcpp::Node; NodePtr = std::shared_ptr<rclcpp::Node>; std::string = std::__cxx11::basic_string<char>; rmw_qos_profile_t = rmw_qos_profile_s; rclcpp::SubscriptionOptions = rclcpp::SubscriptionOptionsWithAllocator<std::allocator<void> >]’
[23.016s]   203 |   Subscriber(
[23.016s]       |   ^~~~~~~~~~
[23.017s] /opt/ros/jazzy/include/message_filters/message_filters/subscriber.h:203:3: note:   candidate expects 4 arguments, 3 provided
[23.017s] /opt/ros/jazzy/include/message_filters/message_filters/subscriber.h:188:3: note: candidate: ‘message_filters::Subscriber<M, NodeType>::Subscriber(NodeType*, const std::string&, rmw_qos_profile_t) [with M = sensor_msgs::msg::LaserScan_<std::allocator<void> >; NodeType = rclcpp::Node; std::string = std::__cxx11::basic_string<char>; rmw_qos_profile_t = rmw_qos_profile_s]’
[23.017s]   188 |   Subscriber(NodeType * node, const std::string& topic, const rmw_qos_profile_t qos = rmw_qos_profile_default)
[23.017s]       |   ^~~~~~~~~~
[23.017s] /opt/ros/jazzy/include/message_filters/message_filters/subscriber.h:188:25: note:   no known conversion for argument 1 from ‘rclcpp::Node’ to ‘rclcpp::Node*’
[23.017s]   188 |   Subscriber(NodeType * node, const std::string& topic, const rmw_qos_profile_t qos = rmw_qos_profile_default)
[23.017s]       |              ~~~~~~~~~~~^~~~
[23.018s] /opt/ros/jazzy/include/message_filters/message_filters/subscriber.h:183:3: note: candidate: ‘message_filters::Subscriber<M, NodeType>::Subscriber(NodePtr, const std::string&, rmw_qos_profile_t) [with M = sensor_msgs::msg::LaserScan_<std::allocator<void> >; NodeType = rclcpp::Node; NodePtr = std::shared_ptr<rclcpp::Node>; std::string = std::__cxx11::basic_string<char>; rmw_qos_profile_t = rmw_qos_profile_s]’
[23.018s]   183 |   Subscriber(NodePtr node, const std::string& topic, const rmw_qos_profile_t qos = rmw_qos_profile_default)
[23.018s]       |   ^~~~~~~~~~
[23.020s] /opt/ros/jazzy/include/message_filters/message_filters/subscriber.h:183:22: note:   no known conversion for argument 1 from ‘rclcpp::Node’ to ‘message_filters::Subscriber<sensor_msgs::msg::LaserScan_<std::allocator<void> > >::NodePtr’ {aka ‘std::shared_ptr<rclcpp::Node>’}
[23.020s]   183 |   Subscriber(NodePtr node, const std::string& topic, const rmw_qos_profile_t qos = rmw_qos_profile_default)
[23.020s]       |              ~~~~~~~~^~~~
[23.021s] /home/neha/ros2_ws/src/semnav_migration/src/navigation_semantic.cpp: In constructor ‘SemanticNavigationNode::SemanticNavigationNode()’:
[23.021s] /home/neha/ros2_ws/src/semnav_migration/src/navigation_semantic.cpp:46:95: error: no matching function for call to ‘rclcpp::Node::Node()’
[23.021s]    46 |             SemanticNavigationNode::SemanticNavigationNode() : Node("semantic_navigation_node") {
[23.021s]       |                                                                                               ^
[23.022s] In file included from /opt/ros/jazzy/include/rclcpp/rclcpp/executors/single_threaded_executor.hpp:28,
[23.022s]                  from /opt/ros/jazzy/include/rclcpp/rclcpp/executors.hpp:22,
[23.022s]                  from /opt/ros/jazzy/include/rclcpp/rclcpp/rclcpp.hpp:172,
[23.022s]                  from /home/neha/ros2_ws/src/semnav_migration/include/reactive_planner_lib.h:32,
[23.022s]                  from /home/neha/ros2_ws/src/semnav_migration/src/navigation_semantic.cpp:25:
[23.022s] /opt/ros/jazzy/include/rclcpp/rclcpp/node.hpp:1629:3: note: candidate: ‘rclcpp::Node::Node(const rclcpp::Node&, const std::string&)’
[23.022s]  1629 |   Node(
[23.022s]       |   ^~~~
[23.023s] /opt/ros/jazzy/include/rclcpp/rclcpp/node.hpp:1629:3: note:   candidate expects 2 arguments, 0 provided
[23.023s] /opt/ros/jazzy/include/rclcpp/rclcpp/node.hpp:103:12: note: candidate: ‘rclcpp::Node::Node(const std::string&, const std::string&, const rclcpp::NodeOptions&)’
[23.023s]   103 |   explicit Node(
[23.025s]       |            ^~~~
[23.025s] /opt/ros/jazzy/include/rclcpp/rclcpp/node.hpp:103:12: note:   candidate expects 3 arguments, 0 provided
[23.026s] /opt/ros/jazzy/include/rclcpp/rclcpp/node.hpp:91:12: note: candidate: ‘rclcpp::Node::Node(const std::string&, const rclcpp::NodeOptions&)’
[23.026s]    91 |   explicit Node(
[23.026s]       |            ^~~~
[23.026s] /opt/ros/jazzy/include/rclcpp/rclcpp/node.hpp:91:12: note:   candidate expects 2 arguments, 0 provided
[23.079s] /home/neha/ros2_ws/src/semnav_migration/src/navigation.cpp:144:112: error: no matching function for call to ‘message_filters::Subscriber<nav_msgs::msg::Odometry_<std::allocator<void> > >::Subscriber(rclcpp::Node&, std::string&, int)’
[23.079s]   144 |                         message_filters::Subscriber<nav_msgs::msg::Odometry> sub_robot(nh_, sub_robot_topic_, 1);
[23.079s]       |                                                                                                                ^
[23.079s] /opt/ros/jazzy/include/message_filters/message_filters/subscriber.h:224:3: note: candidate: ‘message_filters::Subscriber<M, NodeType>::Subscriber() [with M = nav_msgs::msg::Odometry_<std::allocator<void> >; NodeType = rclcpp::Node]’
[23.080s]   224 |   Subscriber() = default;
[23.080s]       |   ^~~~~~~~~~
[23.080s] /opt/ros/jazzy/include/message_filters/message_filters/subscriber.h:224:3: note:   candidate expects 0 arguments, 3 provided
[23.080s] /opt/ros/jazzy/include/message_filters/message_filters/subscriber.h:212:3: note: candidate: ‘message_filters::Subscriber<M, NodeType>::Subscriber(NodeType*, const std::string&, rmw_qos_profile_t, rclcpp::SubscriptionOptions) [with M = nav_msgs::msg::Odometry_<std::allocator<void> >; NodeType = rclcpp::Node; std::string = std::__cxx11::basic_string<char>; rmw_qos_profile_t = rmw_qos_profile_s; rclcpp::SubscriptionOptions = rclcpp::SubscriptionOptionsWithAllocator<std::allocator<void> >]’
[23.080s]   212 |   Subscriber(
[23.080s]       |   ^~~~~~~~~~
[23.080s] /opt/ros/jazzy/include/message_filters/message_filters/subscriber.h:212:3: note:   candidate expects 4 arguments, 3 provided
[23.081s] /opt/ros/jazzy/include/message_filters/message_filters/subscriber.h:203:3: note: candidate: ‘message_filters::Subscriber<M, NodeType>::Subscriber(NodePtr, const std::string&, rmw_qos_profile_t, rclcpp::SubscriptionOptions) [with M = nav_msgs::msg::Odometry_<std::allocator<void> >; NodeType = rclcpp::Node; NodePtr = std::shared_ptr<rclcpp::Node>; std::string = std::__cxx11::basic_string<char>; rmw_qos_profile_t = rmw_qos_profile_s; rclcpp::SubscriptionOptions = rclcpp::SubscriptionOptionsWithAllocator<std::allocator<void> >]’
[23.081s]   203 |   Subscriber(
[23.081s]       |   ^~~~~~~~~~
[23.085s] /opt/ros/jazzy/include/message_filters/message_filters/subscriber.h:203:3: note:   candidate expects 4 arguments, 3 provided
[23.085s] /opt/ros/jazzy/include/message_filters/message_filters/subscriber.h:188:3: note: candidate: ‘message_filters::Subscriber<M, NodeType>::Subscriber(NodeType*, const std::string&, rmw_qos_profile_t) [with M = nav_msgs::msg::Odometry_<std::allocator<void> >; NodeType = rclcpp::Node; std::string = std::__cxx11::basic_string<char>; rmw_qos_profile_t = rmw_qos_profile_s]’
[23.086s]   188 |   Subscriber(NodeType * node, const std::string& topic, const rmw_qos_profile_t qos = rmw_qos_profile_default)
[23.086s]       |   ^~~~~~~~~~
[23.086s] /opt/ros/jazzy/include/message_filters/message_filters/subscriber.h:188:25: note:   no known conversion for argument 1 from ‘rclcpp::Node’ to ‘rclcpp::Node*’
[23.086s]   188 |   Subscriber(NodeType * node, const std::string& topic, const rmw_qos_profile_t qos = rmw_qos_profile_default)
[23.086s]       |              ~~~~~~~~~~~^~~~
[23.086s] /opt/ros/jazzy/include/message_filters/message_filters/subscriber.h:183:3: note: candidate: ‘message_filters::Subscriber<M, NodeType>::Subscriber(NodePtr, const std::string&, rmw_qos_profile_t) [with M = nav_msgs::msg::Odometry_<std::allocator<void> >; NodeType = rclcpp::Node; NodePtr = std::shared_ptr<rclcpp::Node>; std::string = std::__cxx11::basic_string<char>; rmw_qos_profile_t = rmw_qos_profile_s]’
[23.086s]   183 |   Subscriber(NodePtr node, const std::string& topic, const rmw_qos_profile_t qos = rmw_qos_profile_default)
[23.087s]       |   ^~~~~~~~~~
[23.087s] /opt/ros/jazzy/include/message_filters/message_filters/subscriber.h:183:22: note:   no known conversion for argument 1 from ‘rclcpp::Node’ to ‘message_filters::Subscriber<nav_msgs::msg::Odometry_<std::allocator<void> > >::NodePtr’ {aka ‘std::shared_ptr<rclcpp::Node>’}
[23.087s]   183 |   Subscriber(NodePtr node, const std::string& topic, const rmw_qos_profile_t qos = rmw_qos_profile_default)
[23.089s]       |              ~~~~~~~~^~~~
[23.217s] /home/neha/ros2_ws/src/semnav_migration/src/navigation.cpp:150:55: error: ‘bind’ is not a member of ‘boost’; did you mean ‘find’?
[23.217s]   150 |                         sync->registerCallback(boost::bind(&NavigationNode::control_callback, this, _1, _2));
[23.217s]       |                                                       ^~~~
[23.217s]       |                                                       find
[23.220s] /home/neha/ros2_ws/src/semnav_migration/src/navigation.cpp:150:101: error: ‘_1’ was not declared in this scope
[23.221s]   150 |                         sync->registerCallback(boost::bind(&NavigationNode::control_callback, this, _1, _2));
[23.221s]       |                                                                                                     ^~
[23.221s] /home/neha/ros2_ws/src/semnav_migration/src/navigation.cpp:150:101: note: suggested alternatives:
[23.223s] In file included from /usr/include/boost/mpl/aux_/include_preprocessed.hpp:37,
[23.223s]                  from /usr/include/boost/mpl/placeholders.hpp:43,
[23.224s]                  from /usr/include/boost/iterator/iterator_categories.hpp:16,
[23.224s]                  from /usr/include/boost/iterator/iterator_facade.hpp:13,
[23.224s]                  from /usr/include/boost/range/iterator_range_core.hpp:27,
[23.224s]                  from /usr/include/boost/lexical_cast.hpp:48,
[23.224s]                  from /usr/include/boost/multiprecision/detail/number_base.hpp:29,
[23.224s]                  from /usr/include/boost/multiprecision/traits/is_variable_precision.hpp:9,
[23.224s]                  from /usr/include/boost/multiprecision/detail/precision.hpp:9,
[23.224s]                  from /usr/include/boost/multiprecision/number.hpp:11,
[23.225s]                  from /usr/include/boost/multiprecision/cpp_int.hpp:19,
[23.227s]                  from /usr/include/boost/multiprecision/cpp_bin_float.hpp:15,
[23.227s]                  from /usr/include/boost/geometry/core/coordinate_promotion.hpp:16,
[23.228s]                  from /usr/include/boost/geometry/core/radian_access.hpp:30,
[23.228s]                  from /usr/include/boost/geometry/geometry.hpp:50,
[23.228s]                  from /usr/include/boost/geometry.hpp:17,
[23.228s]                  from /home/neha/ros2_ws/src/semnav_migration/include/reactive_planner_lib.h:26:
[23.228s] /usr/include/boost/mpl/aux_/preprocessed/gcc/placeholders.hpp:29:16: note:   ‘mpl_::_1’
[23.228s]    29 | typedef arg<1> _1;
[23.228s]       |                ^~
[23.228s] In file included from /usr/include/boost/numeric/conversion/converter_policies.hpp:13,
[23.229s]                  from /usr/include/boost/numeric/conversion/converter.hpp:14,
[23.229s]                  from /usr/include/boost/numeric/conversion/cast.hpp:33,
[23.229s]                  from /usr/include/boost/geometry/core/radian_access.hpp:26:
[23.231s] /usr/include/c++/13/functional:294:48: note:   ‘std::placeholders::_1’
[23.231s]   294 |     _GLIBCXX_PLACEHOLDER const _Placeholder<1> _1;
[23.231s]       |                                                ^~
[23.232s] /usr/include/boost/mpl/aux_/preprocessed/gcc/placeholders.hpp:29:16: note:   ‘mpl_::_1’
[23.232s]    29 | typedef arg<1> _1;
[23.232s]       |                ^~
[23.232s] In file included from /usr/include/boost/describe/members.hpp:20,
[23.233s]                  from /usr/include/boost/container_hash/is_described_class.hpp:11,
[23.233s]                  from /usr/include/boost/container_hash/hash.hpp:18,
[23.233s]                  from /usr/include/boost/functional/hash.hpp:6,
[23.233s]                  from /usr/include/CGAL/Kernel/hash_functions.h:16,
[23.233s]                  from /usr/include/CGAL/Kernel/global_functions.h:25,
[23.233s]                  from /usr/include/CGAL/Cartesian/Cartesian_base.h:22,
[23.233s]                  from /usr/include/CGAL/Simple_cartesian.h:20,
[23.234s]                  from /usr/include/CGAL/Exact_predicates_inexact_constructions_kernel.h:20,
[23.234s]                  from /home/neha/ros2_ws/src/semnav_migration/include/polygeom_lib.h:32,
[23.234s]                  from /home/neha/ros2_ws/src/semnav_migration/include/reactive_planner_lib.h:52:
[23.236s] /usr/include/boost/mp11/bind.hpp:45:7: note:   ‘boost::mp11::_1’
[23.236s]    45 | using _1 = mp_arg<0>;
[23.236s]       |       ^~
[23.237s] /usr/include/boost/mpl/aux_/preprocessed/gcc/placeholders.hpp:29:16: note:   ‘mpl_::_1’
[23.237s]    29 | typedef arg<1> _1;
[23.237s]       |                ^~
[23.237s] /home/neha/ros2_ws/src/semnav_migration/src/navigation.cpp:150:105: error: ‘_2’ was not declared in this scope
[23.237s]   150 |                         sync->registerCallback(boost::bind(&NavigationNode::control_callback, this, _1, _2));
[23.237s]       |                                                                                                         ^~
[23.237s] /home/neha/ros2_ws/src/semnav_migration/src/navigation.cpp:150:105: note: suggested alternatives:
[23.238s] /usr/include/boost/mpl/aux_/preprocessed/gcc/placeholders.hpp:42:16: note:   ‘mpl_::_2’
[23.238s]    42 | typedef arg<2> _2;
[23.238s]       |                ^~
[23.240s] /usr/include/c++/13/functional:295:48: note:   ‘std::placeholders::_2’
[23.240s]   295 |     _GLIBCXX_PLACEHOLDER const _Placeholder<2> _2;
[23.240s]       |                                                ^~
[23.241s] /usr/include/boost/mpl/aux_/preprocessed/gcc/placeholders.hpp:42:16: note:   ‘mpl_::_2’
[23.241s]    42 | typedef arg<2> _2;
[23.241s]       |                ^~
[23.241s] /usr/include/boost/mp11/bind.hpp:46:7: note:   ‘boost::mp11::_2’
[23.241s]    46 | using _2 = mp_arg<1>;
[23.241s]       |       ^~
[23.241s] /usr/include/boost/mpl/aux_/preprocessed/gcc/placeholders.hpp:42:16: note:   ‘mpl_::_2’
[23.242s]    42 | typedef arg<2> _2;
[23.242s]       |                ^~
[23.242s] /home/neha/ros2_ws/src/semnav_migration/src/navigation.cpp:153:74: error: no matching function for call to ‘NavigationNode::create_subscription(const char [20], int)’
[23.244s]   153 |             rclcpp::Subscription sub_semantic = this->create_subscription("sub_semantic_topic_", 1);
[23.244s]       |                                                 ~~~~~~~~~~~~~~~~~~~~~~~~~^~~~~~~~~~~~~~~~~~~~~~~~~~
[23.244s] /opt/ros/jazzy/include/rclcpp/rclcpp/node.hpp:221:3: note: candidate: ‘template<class MessageT, class CallbackT, class AllocatorT, class SubscriptionT, class MessageMemoryStrategyT> std::shared_ptr<ROSMessageT> rclcpp::Node::create_subscription(const std::string&, const rclcpp::QoS&, CallbackT&&, const rclcpp::SubscriptionOptionsWithAllocator<AllocatorT>&, typename MessageMemoryStrategyT::SharedPtr)’
[23.245s]   221 |   create_subscription(
[23.245s]       |   ^~~~~~~~~~~~~~~~~~~
[23.245s] /opt/ros/jazzy/include/rclcpp/rclcpp/node.hpp:221:3: note:   template argument deduction/substitution failed:
[23.245s] /home/neha/ros2_ws/src/semnav_migration/src/navigation.cpp:153:74: note:   candidate expects 5 arguments, 2 provided
[23.245s]   153 |             rclcpp::Subscription sub_semantic = this->create_subscription("sub_semantic_topic_", 1);
[23.245s]       |                                                 ~~~~~~~~~~~~~~~~~~~~~~~~~^~~~~~~~~~~~~~~~~~~~~~~~~~
[23.328s] /home/neha/ros2_ws/src/semnav_migration/src/navigation.cpp: In member function ‘void NavigationNode::control_callback(const sensor_msgs::msg::LaserScan_<std::allocator<void> >::ConstPtr&, const nav_msgs::msg::Odometry_<std::allocator<void> >::ConstPtr&)’:
[23.328s] /home/neha/ros2_ws/src/semnav_migration/src/navigation.cpp:405:42: error: could not convert ‘lidar_data’ from ‘shared_ptr<LaserScan_<[...]>>’ to ‘shared_ptr<LaserScan_<[...]>>’
[23.328s]   405 |                         constructLIDAR2D(lidar_data, CutoffRange_, AllowableRange_, RobotPitch_, &LIDAR);
[23.328s]       |                                          ^~~~~~~~~~
[23.328s]       |                                          |
[23.328s]       |                                          shared_ptr<LaserScan_<[...]>>
[23.394s] /home/neha/ros2_ws/src/semnav_migration/src/navigation_semantic.cpp:173:86: error: no matching function for call to ‘SemanticNavigationNode::create_subscription(const char [20], int)’
[23.394s]   173 |                         rclcpp::Subscription sub_semantic = this->create_subscription("sub_semantic_topic_", 1);
[23.394s]       |                                                             ~~~~~~~~~~~~~~~~~~~~~~~~~^~~~~~~~~~~~~~~~~~~~~~~~~~
[23.394s] /opt/ros/jazzy/include/rclcpp/rclcpp/node.hpp:221:3: note: candidate: ‘template<class MessageT, class CallbackT, class AllocatorT, class SubscriptionT, class MessageMemoryStrategyT> std::shared_ptr<ROSMessageT> rclcpp::Node::create_subscription(const std::string&, const rclcpp::QoS&, CallbackT&&, const rclcpp::SubscriptionOptionsWithAllocator<AllocatorT>&, typename MessageMemoryStrategyT::SharedPtr)’
[23.395s]   221 |   create_subscription(
[23.395s]       |   ^~~~~~~~~~~~~~~~~~~
[23.395s] /opt/ros/jazzy/include/rclcpp/rclcpp/node.hpp:221:3: note:   template argument deduction/substitution failed:
[23.395s] /home/neha/ros2_ws/src/semnav_migration/src/navigation_semantic.cpp:173:86: note:   candidate expects 5 arguments, 2 provided
[23.395s]   173 |                         rclcpp::Subscription sub_semantic = this->create_subscription("sub_semantic_topic_", 1);
[23.395s]       |                                                             ~~~~~~~~~~~~~~~~~~~~~~~~~^~~~~~~~~~~~~~~~~~~~~~~~~~
[23.501s] /home/neha/ros2_ws/src/semnav_migration/src/navigation_semantic.cpp: In member function ‘void SemanticNavigationNode::control_callback(const sensor_msgs::msg::LaserScan_<std::allocator<void> >::ConstPtr&, const nav_msgs::msg::Odometry_<std::allocator<void> >::ConstPtr&)’:
[23.502s] /home/neha/ros2_ws/src/semnav_migration/src/navigation_semantic.cpp:471:42: error: could not convert ‘lidar_data’ from ‘shared_ptr<LaserScan_<[...]>>’ to ‘shared_ptr<LaserScan_<[...]>>’
[23.502s]   471 |                         constructLIDAR2D(lidar_data, CutoffRange_, AllowableRange_, RobotPitch_, &LIDAR);
[23.502s]       |                                          ^~~~~~~~~~
[23.502s]       |                                          |
[23.502s]       |                                          shared_ptr<LaserScan_<[...]>>
[40.274s] gmake[2]: *** [CMakeFiles/navigation.dir/build.make:76: CMakeFiles/navigation.dir/src/navigation.cpp.o] Error 1
[40.274s] gmake[1]: *** [CMakeFiles/Makefile2:181: CMakeFiles/navigation.dir/all] Error 2
[40.274s] gmake[1]: *** Waiting for unfinished jobs....
[40.702s] gmake[2]: *** [CMakeFiles/navigation_semantic.dir/build.make:76: CMakeFiles/navigation_semantic.dir/src/navigation_semantic.cpp.o] Error 1
[40.702s] gmake[1]: *** [CMakeFiles/Makefile2:207: CMakeFiles/navigation_semantic.dir/all] Error 2
[40.703s] gmake: *** [Makefile:146: all] Error 2
[40.706s] Invoked command in '/home/neha/ros2_ws/src/semnav_migration/build/semnav' returned '2': CMAKE_PREFIX_PATH=${CMAKE_PREFIX_PATH}:/opt/ros/jazzy DEBUGINFOD_URLS=https://debuginfod.ubuntu.com /usr/bin/cmake --build /home/neha/ros2_ws/src/semnav_migration/build/semnav -- -j2 -l2
