[0.034s] Invoking command in '/home/neha/ros2_ws/src/semnav_migration/build/semnav': CMAKE_PREFIX_PATH=${CMAKE_PREFIX_PATH}:/opt/ros/jazzy DEBUGINFOD_URLS=https://debuginfod.ubuntu.com /usr/bin/cmake --build /home/neha/ros2_ws/src/semnav_migration/build/semnav -- -j2 -l2
[0.211s] [ 14%] Built target reactive_planner
[0.318s] [ 23%] Built target navigation
[0.356s] [ 33%] Built target navigation_semantic
[0.463s] [ 38%] [32mBuilding CXX object CMakeFiles/navigation_humans.dir/src/navigation_humans.cpp.o[0m
[0.542s] [ 42%] [32mBuilding CXX object CMakeFiles/human_following.dir/src/human_following.cpp.o[0m
[54.212s] [01m[K/home/neha/ros2_ws/src/semnav_migration/src/human_following.cpp:[m[K In member function â€˜[01m[Kvoid HumanFollowingNode::[01;32m[Kcontrol_callback[m[K(const sensor_msgs::msg::LaserScan_<std::allocator<void> >::ConstPtr&, const nav_msgs::msg::Odometry_<std::allocator<void> >::ConstPtr&)[m[Kâ€™:
[54.212s] [01m[K/home/neha/ros2_ws/src/semnav_migration/src/human_following.cpp:466:43:[m[K [01;31m[Kerror: [m[Kâ€˜[01m[Kclass std::shared_ptr<tf2_ros::TransformListener>[m[Kâ€™ has no member named â€˜[01m[KwaitForTransform[m[Kâ€™
[54.213s]   466 |                                 listener_.[01;31m[KwaitForTransform[m[K(world_frame_id_, ros::Time(0), camera_optical_frame_id_, localGoalCameraStamp, world_frame_id_, ros::Duration(1.0));
[54.213s]       |                                           [01;31m[K^~~~~~~~~~~~~~~~[m[K
[54.213s] [01m[K/home/neha/ros2_ws/src/semnav_migration/src/human_following.cpp:466:77:[m[K [01;31m[Kerror: [m[Kâ€˜[01m[Kros[m[Kâ€™ has not been declared
[54.213s]   466 |                                 listener_.waitForTransform(world_frame_id_, [01;31m[Kros[m[K::Time(0), camera_optical_frame_id_, localGoalCameraStamp, world_frame_id_, ros::Duration(1.0));
[54.213s]       |                                                                             [01;31m[K^~~[m[K
[54.214s] [01m[K/home/neha/ros2_ws/src/semnav_migration/src/human_following.cpp:466:156:[m[K [01;31m[Kerror: [m[Kâ€˜[01m[Kros[m[Kâ€™ has not been declared
[54.217s]   466 |                                 listener_.waitForTransform(world_frame_id_, ros::Time(0), camera_optical_frame_id_, localGoalCameraStamp, world_frame_id_, [01;31m[Kros[m[K::Duration(1.0));
[54.218s]       |                                                                                                                                                            [01;31m[K^~~[m[K
[54.218s] [01m[K/home/neha/ros2_ws/src/semnav_migration/src/human_following.cpp:467:43:[m[K [01;31m[Kerror: [m[Kâ€˜[01m[Kclass std::shared_ptr<tf2_ros::TransformListener>[m[Kâ€™ has no member named â€˜[01m[KtransformPoint[m[Kâ€™
[54.218s]   467 |                                 listener_.[01;31m[KtransformPoint[m[K(world_frame_id_, ros::Time(0), localGoalCamera, world_frame_id_, localGoalMap);
[54.218s]       |                                           [01;31m[K^~~~~~~~~~~~~~[m[K
[54.220s] [01m[K/home/neha/ros2_ws/src/semnav_migration/src/human_following.cpp:467:75:[m[K [01;31m[Kerror: [m[Kâ€˜[01m[Kros[m[Kâ€™ has not been declared
[54.220s]   467 |                                 listener_.transformPoint(world_frame_id_, [01;31m[Kros[m[K::Time(0), localGoalCamera, world_frame_id_, localGoalMap);
[54.220s]       |                                                                           [01;31m[K^~~[m[K
[102.751s] gmake[2]: *** [CMakeFiles/human_following.dir/build.make:76: CMakeFiles/human_following.dir/src/human_following.cpp.o] Error 1
[102.754s] gmake[1]: *** [CMakeFiles/Makefile2:259: CMakeFiles/human_following.dir/all] Error 2
[102.756s] gmake[1]: *** Waiting for unfinished jobs....
[151.604s] [ 47%] [32m[1mLinking CXX executable navigation_humans[0m
[156.413s] [ 47%] Built target navigation_humans
[156.415s] gmake: *** [Makefile:146: all] Error 2
[156.419s] Invoked command in '/home/neha/ros2_ws/src/semnav_migration/build/semnav' returned '2': CMAKE_PREFIX_PATH=${CMAKE_PREFIX_PATH}:/opt/ros/jazzy DEBUGINFOD_URLS=https://debuginfod.ubuntu.com /usr/bin/cmake --build /home/neha/ros2_ws/src/semnav_migration/build/semnav -- -j2 -l2
