[0.035s] Invoking command in '/home/neha/ros2_ws/src/semnav_migration/build/semnav': CMAKE_PREFIX_PATH=${CMAKE_PREFIX_PATH}:/opt/ros/jazzy DEBUGINFOD_URLS=https://debuginfod.ubuntu.com /usr/bin/cmake --build /home/neha/ros2_ws/src/semnav_migration/build/semnav -- -j2 -l2
[0.207s] [ 14%] Built target reactive_planner
[0.353s] [ 23%] [32mBuilding CXX object CMakeFiles/navigation.dir/src/navigation.cpp.o[0m
[0.354s] [ 23%] [32mBuilding CXX object CMakeFiles/navigation_semantic.dir/src/navigation_semantic.cpp.o[0m
[22.922s] [01m[K/home/neha/ros2_ws/src/semnav_migration/src/navigation_semantic.cpp:240:47:[m[K [01;31m[Kerror: [m[Kâ€˜[01m[Kobject_pose_interface_msgs[m[Kâ€™ does not name a type
[22.922s]   240 |                 void diffeo_tree_update(const [01;31m[Kobject_pose_interface_msgs[m[K::msg::SemanticMapObjectArray::ConstPtr& semantic_map_data) {
[22.922s]       |                                               [01;31m[K^~~~~~~~~~~~~~~~~~~~~~~~~~[m[K
[22.922s] [01m[K/home/neha/ros2_ws/src/semnav_migration/src/navigation_semantic.cpp:240:78:[m[K [01;31m[Kerror: [m[Kexpected unqualified-id before â€˜[01m[K::[m[Kâ€™ token
[22.922s]   240 |                 void diffeo_tree_update(const object_pose_interface_msgs::msg[01;31m[K::[m[KSemanticMapObjectArray::ConstPtr& semantic_map_data) {
[22.923s]       |                                                                              [01;31m[K^~[m[K
[22.923s] [01m[K/home/neha/ros2_ws/src/semnav_migration/src/navigation_semantic.cpp:240:78:[m[K [01;31m[Kerror: [m[Kexpected â€˜[01m[K)[m[Kâ€™ before â€˜[01m[K::[m[Kâ€™ token
[22.923s]   240 |                 void diffeo_tree_update[34m[K([m[Kconst object_pose_interface_msgs::msg[01;31m[K:[m[K[32m[K:[m[KSemanticMapObjectArray::ConstPtr& semantic_map_data) {
[22.923s]       |                                        [34m[K~[m[K                                     [01;31m[K^[m[K[32m[K~[m[K
[22.923s]       |                                                                              [32m[K)[m[K
[22.923s] [01m[K/home/neha/ros2_ws/src/semnav_migration/src/navigation_semantic.cpp:240:75:[m[K [01;31m[Kerror: [m[Kexpected â€˜[01m[K;[m[Kâ€™ at end of member declaration
[22.926s]   240 |                 void diffeo_tree_update(const object_pose_interface_msgs::[01;31m[Kmsg[m[K::SemanticMapObjectArray::ConstPtr& semantic_map_data) {
[22.926s]       |                                                                           [01;31m[K^~~[m[K
[22.926s]       |                                                                              [32m[K;[m[K
[22.977s] [01m[K/home/neha/ros2_ws/src/semnav_migration/src/navigation_semantic.cpp:240:80:[m[K [01;31m[Kerror: [m[Kâ€˜[01m[KSemanticMapObjectArray[m[Kâ€™ in namespace â€˜[01m[K::[m[Kâ€™ does not name a type
[22.977s]   240 |                 void diffeo_tree_update(const object_pose_interface_msgs::msg::[01;31m[KSemanticMapObjectArray[m[K::ConstPtr& semantic_map_data) {
[22.977s]       |                                                                                [01;31m[K^~~~~~~~~~~~~~~~~~~~~~[m[K
[22.977s] [01m[K/home/neha/ros2_ws/src/semnav_migration/src/navigation_semantic.cpp:372:58:[m[K [01;31m[Kerror: [m[Kâ€˜[01m[KLaserScan[m[Kâ€™ in namespace â€˜[01m[Ksensor_msgs[m[Kâ€™ does not name a type
[22.977s]   372 |                 void control_callback(const sensor_msgs::[01;31m[KLaserScan[m[K::ConstPtr& lidar_data, const nav_msgs::Odometry::ConstPtr& robot_data) {
[22.977s]       |                                                          [01;31m[K^~~~~~~~~[m[K
[22.978s] [01m[K/home/neha/ros2_ws/src/semnav_migration/src/navigation_semantic.cpp:372:77:[m[K [01;31m[Kerror: [m[Kexpected unqualified-id before â€˜[01m[K&[m[Kâ€™ token
[22.978s]   372 |                 void control_callback(const sensor_msgs::LaserScan::ConstPtr[01;31m[K&[m[K lidar_data, const nav_msgs::Odometry::ConstPtr& robot_data) {
[22.978s]       |                                                                             [01;31m[K^[m[K
[22.978s] [01m[K/home/neha/ros2_ws/src/semnav_migration/src/navigation_semantic.cpp:372:77:[m[K [01;31m[Kerror: [m[Kexpected â€˜[01m[K)[m[Kâ€™ before â€˜[01m[K&[m[Kâ€™ token
[22.978s]   372 |                 void control_callback[34m[K([m[Kconst sensor_msgs::LaserScan::ConstPtr[01;31m[K&[m[K lidar_data, const nav_msgs::Odometry::ConstPtr& robot_data) {
[22.978s]       |                                      [34m[K~[m[K                                      [01;31m[K^[m[K
[22.981s]       |                                                                             [32m[K)[m[K
[22.981s] [01m[K/home/neha/ros2_ws/src/semnav_migration/src/navigation_semantic.cpp:372:77:[m[K [01;31m[Kerror: [m[Kexpected â€˜[01m[K;[m[Kâ€™ at end of member declaration
[22.981s]   372 |                 void control_callback(const sensor_msgs::LaserScan::ConstPtr[01;31m[K&[m[K lidar_data, const nav_msgs::Odometry::ConstPtr& robot_data) {
[22.981s]       |                                                                             [01;31m[K^[m[K
[22.981s]       |                                                                              [32m[K;[m[K
[22.991s] [01m[K/home/neha/ros2_ws/src/semnav_migration/src/navigation_semantic.cpp:372:79:[m[K [01;31m[Kerror: [m[Kâ€˜[01m[Klidar_data[m[Kâ€™ does not name a type
[22.991s]   372 |                 void control_callback(const sensor_msgs::LaserScan::ConstPtr& [01;31m[Klidar_data[m[K, const nav_msgs::Odometry::ConstPtr& robot_data) {
[22.992s]       |                                                                               [01;31m[K^~~~~~~~~~[m[K
[22.998s] [01m[K/home/neha/ros2_ws/src/semnav_migration/src/navigation_semantic.cpp:623:17:[m[K [01;31m[Kerror: [m[Kâ€˜[01m[Kros[m[Kâ€™ does not name a type
[22.998s]   623 |                 [01;31m[Kros[m[K::NodeHandle nh_;
[22.998s]       |                 [01;31m[K^~~[m[K
[23.006s] [01m[K/home/neha/ros2_ws/src/semnav_migration/src/navigation_semantic.cpp:640:17:[m[K [01;31m[Kerror: [m[Kâ€˜[01m[Kros[m[Kâ€™ does not name a type
[23.006s]   640 |                 [01;31m[Kros[m[K::Publisher pub_behaviorID_;
[23.006s]       |                 [01;31m[K^~~[m[K
[23.010s] [01m[K/home/neha/ros2_ws/src/semnav_migration/src/navigation_semantic.cpp:641:17:[m[K [01;31m[Kerror: [m[Kâ€˜[01m[Kros[m[Kâ€™ does not name a type
[23.010s]   641 |                 [01;31m[Kros[m[K::Publisher pub_behaviorMode_;
[23.011s]       |                 [01;31m[K^~~[m[K
[23.019s] [01m[K/home/neha/ros2_ws/src/semnav_migration/src/navigation_semantic.cpp:642:17:[m[K [01;31m[Kerror: [m[Kâ€˜[01m[Kros[m[Kâ€™ does not name a type
[23.019s]   642 |                 [01;31m[Kros[m[K::Publisher pub_twist_;
[23.019s]       |                 [01;31m[K^~~[m[K
[23.023s] [01m[K/home/neha/ros2_ws/src/semnav_migration/src/navigation_semantic.cpp:644:17:[m[K [01;31m[Kerror: [m[Kâ€˜[01m[Kros[m[Kâ€™ does not name a type
[23.023s]   644 |                 [01;31m[Kros[m[K::Publisher pub_semantic_map_;
[23.023s]       |                 [01;31m[K^~~[m[K
[23.041s] [01m[K/home/neha/ros2_ws/src/semnav_migration/src/navigation_semantic.cpp:690:17:[m[K [01;31m[Kerror: [m[Kâ€˜[01m[Ktf[m[Kâ€™ does not name a type; did you mean â€˜[01m[Ktm[m[Kâ€™?
[23.041s]   690 |                 [01;31m[Ktf[m[K::TransformListener listener_;
[23.041s]       |                 [01;31m[K^~[m[K
[23.042s]       |                 [32m[Ktm[m[K
[23.161s] [01m[K/home/neha/ros2_ws/src/semnav_migration/src/navigation_semantic.cpp:[m[K In constructor â€˜[01m[KSemanticNavigationNode::[01;32m[KSemanticNavigationNode[m[K()[m[Kâ€™:
[23.161s] [01m[K/home/neha/ros2_ws/src/semnav_migration/src/navigation_semantic.cpp:136:25:[m[K [01;31m[Kerror: [m[Kâ€˜[01m[Kpub_behaviorID_[m[Kâ€™ was not declared in this scope; did you mean â€˜[01m[Kpub_behaviorID_topic_[m[Kâ€™?
[23.161s]   136 |                         [01;31m[Kpub_behaviorID_[m[K = nh_.advertise<std_msgs::UInt32>(pub_behaviorID_topic_, 1, true);
[23.161s]       |                         [01;31m[K^~~~~~~~~~~~~~~[m[K
[23.161s]       |                         [32m[Kpub_behaviorID_topic_[m[K
[23.196s] [01m[K/home/neha/ros2_ws/src/semnav_migration/src/navigation_semantic.cpp:136:43:[m[K [01;31m[Kerror: [m[Kâ€˜[01m[Knh_[m[Kâ€™ was not declared in this scope
[23.196s]   136 |                         pub_behaviorID_ = [01;31m[Knh_[m[K.advertise<std_msgs::UInt32>(pub_behaviorID_topic_, 1, true);
[23.197s]       |                                           [01;31m[K^~~[m[K
[23.201s] [01m[K/home/neha/ros2_ws/src/semnav_migration/src/navigation_semantic.cpp:136:67:[m[K [01;31m[Kerror: [m[Kâ€˜[01m[KUInt32[m[Kâ€™ is not a member of â€˜[01m[Kstd_msgs[m[Kâ€™
[23.201s]   136 |                         pub_behaviorID_ = nh_.advertise<std_msgs::[01;31m[KUInt32[m[K>(pub_behaviorID_topic_, 1, true);
[23.201s]       |                                                                   [01;31m[K^~~~~~[m[K
[23.304s] [01m[K/home/neha/ros2_ws/src/semnav_migration/src/navigation_semantic.cpp:137:25:[m[K [01;31m[Kerror: [m[Kâ€˜[01m[Kpub_behaviorMode_[m[Kâ€™ was not declared in this scope; did you mean â€˜[01m[Kpub_behaviorMode_topic_[m[Kâ€™?
[23.304s]   137 |                         [01;31m[Kpub_behaviorMode_[m[K = nh_.advertise<std_msgs::UInt32>(pub_behaviorMode_topic_, 1, true);
[23.304s]       |                         [01;31m[K^~~~~~~~~~~~~~~~~[m[K
[23.304s]       |                         [32m[Kpub_behaviorMode_topic_[m[K
[23.307s] [01m[K/home/neha/ros2_ws/src/semnav_migration/src/navigation_semantic.cpp:137:69:[m[K [01;31m[Kerror: [m[Kâ€˜[01m[KUInt32[m[Kâ€™ is not a member of â€˜[01m[Kstd_msgs[m[Kâ€™
[23.307s]   137 |                         pub_behaviorMode_ = nh_.advertise<std_msgs::[01;31m[KUInt32[m[K>(pub_behaviorMode_topic_, 1, true);
[23.307s]       |                                                                     [01;31m[K^~~~~~[m[K
[23.359s] [01m[K/home/neha/ros2_ws/src/semnav_migration/src/navigation_semantic.cpp:138:25:[m[K [01;31m[Kerror: [m[Kâ€˜[01m[Kpub_twist_[m[Kâ€™ was not declared in this scope; did you mean â€˜[01m[Kpublish_twist[m[Kâ€™?
[23.359s]   138 |                         [01;31m[Kpub_twist_[m[K = nh_.advertise<geometry_msgs::Twist>(pub_twist_topic_, 1, true);
[23.359s]       |                         [01;31m[K^~~~~~~~~~[m[K
[23.359s]       |                         [32m[Kpublish_twist[m[K
[23.362s] [01m[K/home/neha/ros2_ws/src/semnav_migration/src/navigation_semantic.cpp:138:67:[m[K [01;31m[Kerror: [m[Kâ€˜[01m[KTwist[m[Kâ€™ is not a member of â€˜[01m[Kgeometry_msgs[m[Kâ€™; did you mean â€˜[01m[Kgeometry_msgs::msg::Twist[m[Kâ€™?
[23.362s]   138 |                         pub_twist_ = nh_.advertise<geometry_msgs::[01;31m[KTwist[m[K>(pub_twist_topic_, 1, true);
[23.362s]       |                                                                   [01;31m[K^~~~~[m[K
[23.364s] In file included from [01m[K/opt/ros/jazzy/include/geometry_msgs/geometry_msgs/msg/detail/velocity_stamped__struct.hpp:25[m[K,
[23.365s]                  from [01m[K/opt/ros/jazzy/include/geometry_msgs/geometry_msgs/msg/velocity_stamped.hpp:7[m[K,
[23.365s]                  from [01m[K/opt/ros/jazzy/include/tf2/tf2/buffer_core.h:49[m[K,
[23.365s]                  from [01m[K/opt/ros/jazzy/include/tf2_ros/tf2_ros/async_buffer_interface.h:39[m[K,
[23.365s]                  from [01m[K/opt/ros/jazzy/include/tf2_ros/tf2_ros/buffer.h:42[m[K,
[23.365s]                  from [01m[K/home/neha/ros2_ws/src/semnav_migration/include/reactive_planner_lib.h:38[m[K,
[23.366s]                  from [01m[K/home/neha/ros2_ws/src/semnav_migration/src/navigation_semantic.cpp:25[m[K:
[23.366s] [01m[K/opt/ros/jazzy/include/geometry_msgs/geometry_msgs/msg/detail/twist__struct.hpp:137:7:[m[K [01;36m[Knote: [m[Kâ€˜[01m[Kgeometry_msgs::msg::Twist[m[Kâ€™ declared here
[23.366s]   137 | using [01;36m[KTwist[m[K =
[23.366s]       |       [01;36m[K^~~~~[m[K
[23.366s] [01m[K/home/neha/ros2_ws/src/semnav_migration/src/navigation_semantic.cpp:141:66:[m[K [01;31m[Kerror: [m[Kâ€˜[01m[KLaserScan[m[Kâ€™ is not a member of â€˜[01m[Ksensor_msgs[m[Kâ€™; did you mean â€˜[01m[Ksensor_msgs::msg::LaserScan[m[Kâ€™?
[23.366s]   141 |                         message_filters::Subscriber<sensor_msgs::[01;31m[KLaserScan[m[K> sub_laser(nh_, sub_laser_topic_, 1);
[23.367s]       |                                                                  [01;31m[K^~~~~~~~~[m[K
[23.367s] In file included from [01m[K/opt/ros/jazzy/include/sensor_msgs/sensor_msgs/msg/laser_scan.hpp:7[m[K,
[23.367s]                  from [01m[K/home/neha/ros2_ws/src/semnav_migration/include/reactive_planner_lib.h:48[m[K:
[23.367s] [01m[K/opt/ros/jazzy/include/sensor_msgs/sensor_msgs/msg/detail/laser_scan__struct.hpp:250:7:[m[K [01;36m[Knote: [m[Kâ€˜[01m[Ksensor_msgs::msg::LaserScan[m[Kâ€™ declared here
[23.367s]   250 | using [01;36m[KLaserScan[m[K =
[23.367s]       |       [01;36m[K^~~~~~~~~[m[K
[23.367s] [01m[K/home/neha/ros2_ws/src/semnav_migration/src/navigation_semantic.cpp:141:75:[m[K [01;31m[Kerror: [m[Ktemplate argument 1 is invalid
[23.368s]   141 |                         message_filters::Subscriber<sensor_msgs::LaserScan[01;31m[K>[m[K sub_laser(nh_, sub_laser_topic_, 1);
[23.368s]       |                                                                           [01;31m[K^[m[K
[23.368s] [01m[K/home/neha/ros2_ws/src/semnav_migration/src/navigation_semantic.cpp:141:111:[m[K [01;31m[Kerror: [m[Kexpression list treated as compound expression in initializer [[01;31m[K]8;;https://gcc.gnu.org/onlinedocs/gcc/Warning-Options.html#index-fpermissive-fpermissive]8;;[m[K]
[23.368s]   141 |                         message_filters::Subscriber<sensor_msgs::LaserScan> sub_laser(nh_, sub_laser_topic_, 1[01;31m[K)[m[K;
[23.368s]       |                                                                                                               [01;31m[K^[m[K
[23.373s] [01m[K/home/neha/ros2_ws/src/semnav_migration/src/navigation_semantic.cpp:142:63:[m[K [01;31m[Kerror: [m[Kâ€˜[01m[KOdometry[m[Kâ€™ is not a member of â€˜[01m[Knav_msgs[m[Kâ€™; did you mean â€˜[01m[Knav_msgs::msg::Odometry[m[Kâ€™?
[23.373s]   142 |                         message_filters::Subscriber<nav_msgs::[01;31m[KOdometry[m[K> sub_robot(nh_, sub_robot_topic_, 1);
[23.373s]       |                                                               [01;31m[K^~~~~~~~[m[K
[23.373s] In file included from [01m[K/opt/ros/jazzy/include/nav_msgs/nav_msgs/msg/odometry.hpp:7[m[K,
[23.373s]                  from [01m[K/home/neha/ros2_ws/src/semnav_migration/include/reactive_planner_lib.h:49[m[K:
[23.374s] [01m[K/opt/ros/jazzy/include/nav_msgs/nav_msgs/msg/detail/odometry__struct.hpp:175:7:[m[K [01;36m[Knote: [m[Kâ€˜[01m[Knav_msgs::msg::Odometry[m[Kâ€™ declared here
[23.374s]   175 | using [01;36m[KOdometry[m[K =
[23.374s]       |       [01;36m[K^~~~~~~~[m[K
[23.374s] [01m[K/home/neha/ros2_ws/src/semnav_migration/src/navigation_semantic.cpp:142:71:[m[K [01;31m[Kerror: [m[Ktemplate argument 1 is invalid
[23.374s]   142 |                         message_filters::Subscriber<nav_msgs::Odometry[01;31m[K>[m[K sub_robot(nh_, sub_robot_topic_, 1);
[23.374s]       |                                                                       [01;31m[K^[m[K
[23.376s] [01m[K/home/neha/ros2_ws/src/semnav_migration/src/navigation_semantic.cpp:142:107:[m[K [01;31m[Kerror: [m[Kexpression list treated as compound expression in initializer [[01;31m[K]8;;https://gcc.gnu.org/onlinedocs/gcc/Warning-Options.html#index-fpermissive-fpermissive]8;;[m[K]
[23.377s]   142 |                         message_filters::Subscriber<nav_msgs::Odometry> sub_robot(nh_, sub_robot_topic_, 1[01;31m[K)[m[K;
[23.377s]       |                                                                                                           [01;31m[K^[m[K
[23.377s] [01m[K/home/neha/ros2_ws/src/semnav_migration/src/navigation_semantic.cpp:143:94:[m[K [01;31m[Kerror: [m[Kâ€˜[01m[KLaserScan[m[Kâ€™ is not a member of â€˜[01m[Ksensor_msgs[m[Kâ€™; did you mean â€˜[01m[Ksensor_msgs::msg::LaserScan[m[Kâ€™?
[23.377s]   143 |                         typedef message_filters::sync_policies::ApproximateTime<sensor_msgs::[01;31m[KLaserScan[m[K,nav_msgs::Odometry> SyncPolicy;
[23.378s]       |                                                                                              [01;31m[K^~~~~~~~~[m[K
[23.378s] [01m[K/opt/ros/jazzy/include/sensor_msgs/sensor_msgs/msg/detail/laser_scan__struct.hpp:250:7:[m[K [01;36m[Knote: [m[Kâ€˜[01m[Ksensor_msgs::msg::LaserScan[m[Kâ€™ declared here
[23.378s]   250 | using [01;36m[KLaserScan[m[K =
[23.378s]       |       [01;36m[K^~~~~~~~~[m[K
[23.378s] [01m[K/home/neha/ros2_ws/src/semnav_migration/src/navigation_semantic.cpp:143:114:[m[K [01;31m[Kerror: [m[Kâ€˜[01m[KOdometry[m[Kâ€™ is not a member of â€˜[01m[Knav_msgs[m[Kâ€™; did you mean â€˜[01m[Knav_msgs::msg::Odometry[m[Kâ€™?
[23.378s]   143 |                         typedef message_filters::sync_policies::ApproximateTime<sensor_msgs::LaserScan,nav_msgs::[01;31m[KOdometry[m[K> SyncPolicy;
[23.378s]       |                                                                                                                  [01;31m[K^~~~~~~~[m[K
[23.378s] [01m[K/opt/ros/jazzy/include/nav_msgs/nav_msgs/msg/detail/odometry__struct.hpp:175:7:[m[K [01;36m[Knote: [m[Kâ€˜[01m[Knav_msgs::msg::Odometry[m[Kâ€™ declared here
[23.379s]   175 | using [01;36m[KOdometry[m[K =
[23.379s]       |       [01;36m[K^~~~~~~~[m[K
[23.379s] [01m[K/home/neha/ros2_ws/src/semnav_migration/src/navigation_semantic.cpp:143:122:[m[K [01;31m[Kerror: [m[Ktemplate argument 1 is invalid
[23.379s]   143 |                         typedef message_filters::sync_policies::ApproximateTime<sensor_msgs::LaserScan,nav_msgs::Odometry[01;31m[K>[m[K SyncPolicy;
[23.381s]       |                                                                                                                          [01;31m[K^[m[K
[23.382s] [01m[K/home/neha/ros2_ws/src/semnav_migration/src/navigation_semantic.cpp:143:122:[m[K [01;31m[Kerror: [m[Ktemplate argument 2 is invalid
[23.382s] In file included from [01m[K/home/neha/ros2_ws/src/semnav_migration/include/reactive_planner_lib.h:46[m[K:
[23.382s] /opt/ros/jazzy/include/message_filters/message_filters/synchronizer.h: In instantiation of â€˜[01m[Kclass message_filters::Synchronizer<int>[m[Kâ€™:
[23.382s] [01m[K/home/neha/ros2_ws/src/semnav_migration/src/navigation_semantic.cpp:146:64:[m[K   required from here
[23.382s] [01m[K/opt/ros/jazzy/include/message_filters/message_filters/synchronizer.h:53:7:[m[K [01;31m[Kerror: [m[Kbase type â€˜[01m[Kint[m[Kâ€™ fails to be a struct or class type
[23.383s]    53 | class [01;31m[KSynchronizer[m[K : public noncopyable, public Policy
[23.383s]       |       [01;31m[K^~~~~~~~~~~~[m[K
[23.383s] [01m[K/opt/ros/jazzy/include/message_filters/message_filters/synchronizer.h:56:37:[m[K [01;31m[Kerror: [m[Kâ€˜[01m[Kint[m[Kâ€™ is not a class, struct, or union type
[23.385s]    56 |   typedef typename Policy::Messages [01;31m[KMessages[m[K;
[23.386s]       |                                     [01;31m[K^~~~~~~~[m[K
[23.386s] [01m[K/opt/ros/jazzy/include/message_filters/message_filters/synchronizer.h:57:35:[m[K [01;31m[Kerror: [m[Kâ€˜[01m[Kint[m[Kâ€™ is not a class, struct, or union type
[23.386s]    57 |   typedef typename Policy::Events [01;31m[KEvents[m[K;
[23.386s]       |                                   [01;31m[K^~~~~~[m[K
[23.387s] [01m[K/opt/ros/jazzy/include/message_filters/message_filters/synchronizer.h:58:35:[m[K [01;31m[Kerror: [m[Kâ€˜[01m[Kint[m[Kâ€™ is not a class, struct, or union type
[23.387s]    58 |   typedef typename Policy::Signal [01;31m[KSignal[m[K;
[23.387s]       |                                   [01;31m[K^~~~~~[m[K
[23.387s] [01m[K/opt/ros/jazzy/include/message_filters/message_filters/synchronizer.h:60:58:[m[K [01;31m[Kerror: [m[Kâ€˜[01m[Kint[m[Kâ€™ is not a class, struct, or union type
[23.388s]    60 |   typedef typename std::tuple_element<0, Messages>::type [01;31m[KM0[m[K;
[23.388s]       |                                                          [01;31m[K^~[m[K
[23.388s] [01m[K/opt/ros/jazzy/include/message_filters/message_filters/synchronizer.h:61:58:[m[K [01;31m[Kerror: [m[Kâ€˜[01m[Kint[m[Kâ€™ is not a class, struct, or union type
[23.388s]    61 |   typedef typename std::tuple_element<1, Messages>::type [01;31m[KM1[m[K;
[23.388s]       |                                                          [01;31m[K^~[m[K
[23.388s] [01m[K/opt/ros/jazzy/include/message_filters/message_filters/synchronizer.h:62:58:[m[K [01;31m[Kerror: [m[Kâ€˜[01m[Kint[m[Kâ€™ is not a class, struct, or union type
[23.388s]    62 |   typedef typename std::tuple_element<2, Messages>::type [01;31m[KM2[m[K;
[23.389s]       |                                                          [01;31m[K^~[m[K
[23.389s] [01m[K/opt/ros/jazzy/include/message_filters/message_filters/synchronizer.h:63:58:[m[K [01;31m[Kerror: [m[Kâ€˜[01m[Kint[m[Kâ€™ is not a class, struct, or union type
[23.389s]    63 |   typedef typename std::tuple_element<3, Messages>::type [01;31m[KM3[m[K;
[23.389s]       |                                                          [01;31m[K^~[m[K
[23.389s] [01m[K/opt/ros/jazzy/include/message_filters/message_filters/synchronizer.h:64:58:[m[K [01;31m[Kerror: [m[Kâ€˜[01m[Kint[m[Kâ€™ is not a class, struct, or union type
[23.389s]    64 |   typedef typename std::tuple_element<4, Messages>::type [01;31m[KM4[m[K;
[23.391s]       |                                                          [01;31m[K^~[m[K
[23.392s] [01m[K/opt/ros/jazzy/include/message_filters/message_filters/synchronizer.h:65:58:[m[K [01;31m[Kerror: [m[Kâ€˜[01m[Kint[m[Kâ€™ is not a class, struct, or union type
[23.392s]    65 |   typedef typename std::tuple_element<5, Messages>::type [01;31m[KM5[m[K;
[23.392s]       |                                                          [01;31m[K^~[m[K
[23.392s] [01m[K/opt/ros/jazzy/include/message_filters/message_filters/synchronizer.h:66:58:[m[K [01;31m[Kerror: [m[Kâ€˜[01m[Kint[m[Kâ€™ is not a class, struct, or union type
[23.392s]    66 |   typedef typename std::tuple_element<6, Messages>::type [01;31m[KM6[m[K;
[23.392s]       |                                                          [01;31m[K^~[m[K
[23.392s] [01m[K/opt/ros/jazzy/include/message_filters/message_filters/synchronizer.h:67:58:[m[K [01;31m[Kerror: [m[Kâ€˜[01m[Kint[m[Kâ€™ is not a class, struct, or union type
[23.393s]    67 |   typedef typename std::tuple_element<7, Messages>::type [01;31m[KM7[m[K;
[23.393s]       |                                                          [01;31m[K^~[m[K
[23.393s] [01m[K/opt/ros/jazzy/include/message_filters/message_filters/synchronizer.h:68:58:[m[K [01;31m[Kerror: [m[Kâ€˜[01m[Kint[m[Kâ€™ is not a class, struct, or union type
[23.393s]    68 |   typedef typename std::tuple_element<8, Messages>::type [01;31m[KM8[m[K;
[23.393s]       |                                                          [01;31m[K^~[m[K
[23.393s] [01m[K/opt/ros/jazzy/include/message_filters/message_filters/synchronizer.h:71:56:[m[K [01;31m[Kerror: [m[Kâ€˜[01m[Kint[m[Kâ€™ is not a class, struct, or union type
[23.393s]    71 |   typedef typename std::tuple_element<0, Events>::type [01;31m[KM0Event[m[K;
[23.395s]       |                                                        [01;31m[K^~~~~~~[m[K
[23.396s] [01m[K/opt/ros/jazzy/include/message_filters/message_filters/synchronizer.h:72:56:[m[K [01;31m[Kerror: [m[Kâ€˜[01m[Kint[m[Kâ€™ is not a class, struct, or union type
[23.396s]    72 |   typedef typename std::tuple_element<1, Events>::type [01;31m[KM1Event[m[K;
[23.396s]       |                                                        [01;31m[K^~~~~~~[m[K
[23.396s] [01m[K/opt/ros/jazzy/include/message_filters/message_filters/synchronizer.h:73:56:[m[K [01;31m[Kerror: [m[Kâ€˜[01m[Kint[m[Kâ€™ is not a class, struct, or union type
[23.396s]    73 |   typedef typename std::tuple_element<2, Events>::type [01;31m[KM2Event[m[K;
[23.396s]       |                                                        [01;31m[K^~~~~~~[m[K
[23.396s] [01m[K/opt/ros/jazzy/include/message_filters/message_filters/synchronizer.h:74:56:[m[K [01;31m[Kerror: [m[Kâ€˜[01m[Kint[m[Kâ€™ is not a class, struct, or union type
[23.397s]    74 |   typedef typename std::tuple_element<3, Events>::type [01;31m[KM3Event[m[K;
[23.397s]       |                                                        [01;31m[K^~~~~~~[m[K
[23.397s] [01m[K/opt/ros/jazzy/include/message_filters/message_filters/synchronizer.h:75:56:[m[K [01;31m[Kerror: [m[Kâ€˜[01m[Kint[m[Kâ€™ is not a class, struct, or union type
[23.397s]    75 |   typedef typename std::tuple_element<4, Events>::type [01;31m[KM4Event[m[K;
[23.397s]       |                                                        [01;31m[K^~~~~~~[m[K
[23.397s] [01m[K/opt/ros/jazzy/include/message_filters/message_filters/synchronizer.h:76:56:[m[K [01;31m[Kerror: [m[Kâ€˜[01m[Kint[m[Kâ€™ is not a class, struct, or union type
[23.399s]    76 |   typedef typename std::tuple_element<5, Events>::type [01;31m[KM5Event[m[K;
[23.400s]       |                                                        [01;31m[K^~~~~~~[m[K
[23.400s] [01m[K/opt/ros/jazzy/include/message_filters/message_filters/synchronizer.h:77:56:[m[K [01;31m[Kerror: [m[Kâ€˜[01m[Kint[m[Kâ€™ is not a class, struct, or union type
[23.400s]    77 |   typedef typename std::tuple_element<6, Events>::type [01;31m[KM6Event[m[K;
[23.400s]       |                                                        [01;31m[K^~~~~~~[m[K
[23.400s] [01m[K/opt/ros/jazzy/include/message_filters/message_filters/synchronizer.h:78:56:[m[K [01;31m[Kerror: [m[Kâ€˜[01m[Kint[m[Kâ€™ is not a class, struct, or union type
[23.402s]    78 |   typedef typename std::tuple_element<7, Events>::type [01;31m[KM7Event[m[K;
[23.403s]       |                                                        [01;31m[K^~~~~~~[m[K
[23.403s] [01m[K/opt/ros/jazzy/include/message_filters/message_filters/synchronizer.h:79:56:[m[K [01;31m[Kerror: [m[Kâ€˜[01m[Kint[m[Kâ€™ is not a class, struct, or union type
[23.403s]    79 |   typedef typename std::tuple_element<8, Events>::type [01;31m[KM8Event[m[K;
[23.403s]       |                                                        [01;31m[K^~~~~~~[m[K
[23.403s] [01m[K/opt/ros/jazzy/include/message_filters/message_filters/synchronizer.h:325:17:[m[K [01;31m[Kerror: [m[Kâ€˜[01m[Kint[m[Kâ€™ is not a class, namespace, or enumeration
[23.403s]   325 |   using Policy::[01;31m[Kadd[m[K;
[23.403s]       |                 [01;31m[K^~~[m[K
[23.404s] [01m[K/opt/ros/jazzy/include/message_filters/message_filters/synchronizer.h:328:8:[m[K [01;31m[Kerror: [m[Kâ€˜[01m[Kint[m[Kâ€™ is not a class, struct, or union type
[23.404s]   328 |   void [01;31m[Kadd[m[K(const std::shared_ptr<typename std::tuple_element<i, Messages>::type const>& msg)
[23.404s]       |        [01;31m[K^~~[m[K
[23.404s] [01m[K/opt/ros/jazzy/include/message_filters/message_filters/synchronizer.h:344:8:[m[K [01;31m[Kerror: [m[Kâ€˜[01m[Kint[m[Kâ€™ is not a class, struct, or union type
[23.404s]   344 |   void [01;31m[Kcb[m[K(const typename std::tuple_element<i, Events>::type& evt)
[23.404s]       |        [01;31m[K^~[m[K
[23.404s] [01m[K/home/neha/ros2_ws/src/semnav_migration/src/navigation_semantic.cpp:147:55:[m[K [01;31m[Kerror: [m[Kâ€˜[01m[Kbind[m[Kâ€™ is not a member of â€˜[01m[Kboost[m[Kâ€™; did you mean â€˜[01m[Kfind[m[Kâ€™?
[23.405s]   147 |                         sync->registerCallback(boost::[01;31m[Kbind[m[K(&SemanticNavigationNode::control_callback, this, _1, _2));
[23.405s]       |                                                       [01;31m[K^~~~[m[K
[23.405s]       |                                                       [32m[Kfind[m[K
[23.405s] [01m[K/home/neha/ros2_ws/src/semnav_migration/src/navigation_semantic.cpp:147:109:[m[K [01;31m[Kerror: [m[Kâ€˜[01m[K_1[m[Kâ€™ was not declared in this scope
[23.405s]   147 |                         sync->registerCallback(boost::bind(&SemanticNavigationNode::control_callback, this, [01;31m[K_1[m[K, _2));
[23.405s]       |                                                                                                             [01;31m[K^~[m[K
[23.407s] [01m[K/home/neha/ros2_ws/src/semnav_migration/src/navigation_semantic.cpp:147:109:[m[K [01;36m[Knote: [m[Ksuggested alternatives:
[23.408s] In file included from [01m[K/usr/include/boost/mpl/aux_/include_preprocessed.hpp:37[m[K,
[23.408s]                  from [01m[K/usr/include/boost/mpl/placeholders.hpp:43[m[K,
[23.408s]                  from [01m[K/usr/include/boost/iterator/iterator_categories.hpp:16[m[K,
[23.408s]                  from [01m[K/usr/include/boost/iterator/iterator_facade.hpp:13[m[K,
[23.408s]                  from [01m[K/usr/include/boost/range/iterator_range_core.hpp:27[m[K,
[23.408s]                  from [01m[K/usr/include/boost/lexical_cast.hpp:48[m[K,
[23.408s]                  from [01m[K/usr/include/boost/multiprecision/detail/number_base.hpp:29[m[K,
[23.408s]                  from [01m[K/usr/include/boost/multiprecision/traits/is_variable_precision.hpp:9[m[K,
[23.409s]                  from [01m[K/usr/include/boost/multiprecision/detail/precision.hpp:9[m[K,
[23.409s]                  from [01m[K/usr/include/boost/multiprecision/number.hpp:11[m[K,
[23.409s]                  from [01m[K/usr/include/boost/multiprecision/cpp_int.hpp:19[m[K,
[23.409s]                  from [01m[K/usr/include/boost/multiprecision/cpp_bin_float.hpp:15[m[K,
[23.409s]                  from [01m[K/usr/include/boost/geometry/core/coordinate_promotion.hpp:16[m[K,
[23.409s]                  from [01m[K/usr/include/boost/geometry/core/radian_access.hpp:30[m[K,
[23.411s]                  from [01m[K/usr/include/boost/geometry/geometry.hpp:50[m[K,
[23.412s]                  from [01m[K/usr/include/boost/geometry.hpp:17[m[K,
[23.412s]                  from [01m[K/home/neha/ros2_ws/src/semnav_migration/include/reactive_planner_lib.h:26[m[K:
[23.412s] [01m[K/usr/include/boost/mpl/aux_/preprocessed/gcc/placeholders.hpp:29:16:[m[K [01;36m[Knote: [m[K  â€˜[01m[Kmpl_::_1[m[Kâ€™
[23.412s]    29 | typedef arg<1> [01;36m[K_1[m[K;
[23.412s]       |                [01;36m[K^~[m[K
[23.412s] In file included from [01m[K/usr/include/boost/numeric/conversion/converter_policies.hpp:13[m[K,
[23.412s]                  from [01m[K/usr/include/boost/numeric/conversion/converter.hpp:14[m[K,
[23.413s]                  from [01m[K/usr/include/boost/numeric/conversion/cast.hpp:33[m[K,
[23.413s]                  from [01m[K/usr/include/boost/geometry/core/radian_access.hpp:26[m[K:
[23.413s] [01m[K/usr/include/c++/13/functional:294:48:[m[K [01;36m[Knote: [m[K  â€˜[01m[Kstd::placeholders::_1[m[Kâ€™
[23.413s]   294 |     _GLIBCXX_PLACEHOLDER const _Placeholder<1> [01;36m[K_1[m[K;
[23.413s]       |                                                [01;36m[K^~[m[K
[23.413s] [01m[K/usr/include/boost/mpl/aux_/preprocessed/gcc/placeholders.hpp:29:16:[m[K [01;36m[Knote: [m[K  â€˜[01m[Kmpl_::_1[m[Kâ€™
[23.415s]    29 | typedef arg<1> [01;36m[K_1[m[K;
[23.416s]       |                [01;36m[K^~[m[K
[23.416s] In file included from [01m[K/usr/include/boost/describe/members.hpp:20[m[K,
[23.416s]                  from [01m[K/usr/include/boost/container_hash/is_described_class.hpp:11[m[K,
[23.416s]                  from [01m[K/usr/include/boost/container_hash/hash.hpp:18[m[K,
[23.416s]                  from [01m[K/usr/include/boost/functional/hash.hpp:6[m[K,
[23.416s]                  from [01m[K/usr/include/CGAL/Kernel/hash_functions.h:16[m[K,
[23.416s]                  from [01m[K/usr/include/CGAL/Kernel/global_functions.h:25[m[K,
[23.416s]                  from [01m[K/usr/include/CGAL/Cartesian/Cartesian_base.h:22[m[K,
[23.417s]                  from [01m[K/usr/include/CGAL/Simple_cartesian.h:20[m[K,
[23.417s]                  from [01m[K/usr/include/CGAL/Exact_predicates_inexact_constructions_kernel.h:20[m[K,
[23.417s]                  from [01m[K/home/neha/ros2_ws/src/semnav_migration/include/polygeom_lib.h:32[m[K,
[23.417s]                  from [01m[K/home/neha/ros2_ws/src/semnav_migration/include/reactive_planner_lib.h:53[m[K:
[23.417s] [01m[K/usr/include/boost/mp11/bind.hpp:45:7:[m[K [01;36m[Knote: [m[K  â€˜[01m[Kboost::mp11::_1[m[Kâ€™
[23.417s]    45 | using [01;36m[K_1[m[K = mp_arg<0>;
[23.419s]       |       [01;36m[K^~[m[K
[23.420s] [01m[K/usr/include/boost/mpl/aux_/preprocessed/gcc/placeholders.hpp:29:16:[m[K [01;36m[Knote: [m[K  â€˜[01m[Kmpl_::_1[m[Kâ€™
[23.420s]    29 | typedef arg<1> [01;36m[K_1[m[K;
[23.420s]       |                [01;36m[K^~[m[K
[23.420s] [01m[K/home/neha/ros2_ws/src/semnav_migration/src/navigation_semantic.cpp:147:113:[m[K [01;31m[Kerror: [m[Kâ€˜[01m[K_2[m[Kâ€™ was not declared in this scope
[23.420s]   147 |                         sync->registerCallback(boost::bind(&SemanticNavigationNode::control_callback, this, _1, [01;31m[K_2[m[K));
[23.420s]       |                                                                                                                 [01;31m[K^~[m[K
[23.420s] [01m[K/home/neha/ros2_ws/src/semnav_migration/src/navigation_semantic.cpp:147:113:[m[K [01;36m[Knote: [m[Ksuggested alternatives:
[23.420s] [01m[K/usr/include/boost/mpl/aux_/preprocessed/gcc/placeholders.hpp:42:16:[m[K [01;36m[Knote: [m[K  â€˜[01m[Kmpl_::_2[m[Kâ€™
[23.421s]    42 | typedef arg<2> [01;36m[K_2[m[K;
[23.421s]       |                [01;36m[K^~[m[K
[23.421s] [01m[K/usr/include/c++/13/functional:295:48:[m[K [01;36m[Knote: [m[K  â€˜[01m[Kstd::placeholders::_2[m[Kâ€™
[23.421s]   295 |     _GLIBCXX_PLACEHOLDER const _Placeholder<2> [01;36m[K_2[m[K;
[23.421s]       |                                                [01;36m[K^~[m[K
[23.421s] [01m[K/usr/include/boost/mpl/aux_/preprocessed/gcc/placeholders.hpp:42:16:[m[K [01;36m[Knote: [m[K  â€˜[01m[Kmpl_::_2[m[Kâ€™
[23.421s]    42 | typedef arg<2> [01;36m[K_2[m[K;
[23.423s]       |                [01;36m[K^~[m[K
[23.424s] [01m[K/usr/include/boost/mp11/bind.hpp:46:7:[m[K [01;36m[Knote: [m[K  â€˜[01m[Kboost::mp11::_2[m[Kâ€™
[23.424s]    46 | using [01;36m[K_2[m[K = mp_arg<1>;
[23.424s]       |       [01;36m[K^~[m[K
[23.424s] [01m[K/usr/include/boost/mpl/aux_/preprocessed/gcc/placeholders.hpp:42:16:[m[K [01;36m[Knote: [m[K  â€˜[01m[Kmpl_::_2[m[Kâ€™
[23.424s]    42 | typedef arg<2> [01;36m[K_2[m[K;
[23.424s]       |                [01;36m[K^~[m[K
[23.424s] [01m[K/home/neha/ros2_ws/src/semnav_migration/src/navigation_semantic.cpp:149:25:[m[K [01;31m[Kerror: [m[Kâ€˜[01m[Kros[m[Kâ€™ has not been declared
[23.424s]   149 |                         [01;31m[Kros[m[K::Subscriber sub_semantic = nh_.subscribe(sub_semantic_topic_, 1, &SemanticNavigationNode::diffeo_tree_update, this);
[23.425s]       |                         [01;31m[K^~~[m[K
[23.425s] [01m[K/home/neha/ros2_ws/src/semnav_migration/src/navigation_semantic.cpp:153:25:[m[K [01;31m[Kerror: [m[Kâ€˜[01m[Kros[m[Kâ€™ has not been declared
[23.425s]   153 |                         [01;31m[Kros[m[K::Duration(5.0).sleep();
[23.425s]       |                         [01;31m[K^~~[m[K
[23.425s] [01m[K/home/neha/ros2_ws/src/semnav_migration/src/navigation_semantic.cpp:160:25:[m[K [01;31m[Kerror: [m[Kâ€˜[01m[Kros[m[Kâ€™ has not been declared
[23.425s]   160 |                         [01;31m[Kros[m[K::spin();
[23.427s]       |                         [01;31m[K^~~[m[K
[23.428s] [01m[K/home/neha/ros2_ws/src/semnav_migration/src/navigation_semantic.cpp:[m[K In member function â€˜[01m[Kvoid SemanticNavigationNode::[01;32m[Kpublish_twist[m[K(double, double)[m[Kâ€™:
[23.428s] [01m[K/home/neha/ros2_ws/src/semnav_migration/src/navigation_semantic.cpp:164:40:[m[K [01;31m[Kerror: [m[Kâ€˜[01m[KTwist[m[Kâ€™ is not a member of â€˜[01m[Kgeometry_msgs[m[Kâ€™; did you mean â€˜[01m[Kgeometry_msgs::msg::Twist[m[Kâ€™?
[23.428s]   164 |                         geometry_msgs::[01;31m[KTwist[m[K commandTwist;
[23.428s]       |                                        [01;31m[K^~~~~[m[K
[23.428s] [01m[K/opt/ros/jazzy/include/geometry_msgs/geometry_msgs/msg/detail/twist__struct.hpp:137:7:[m[K [01;36m[Knote: [m[Kâ€˜[01m[Kgeometry_msgs::msg::Twist[m[Kâ€™ declared here
[23.428s]   137 | using [01;36m[KTwist[m[K =
[23.428s]       |       [01;36m[K^~~~~[m[K
[23.473s] [01m[K/home/neha/ros2_ws/src/semnav_migration/src/navigation.cpp:240:47:[m[K [01;31m[Kerror: [m[Kâ€˜[01m[Kobject_pose_interface_msgs[m[Kâ€™ does not name a type
[23.474s]   240 |                 void diffeo_tree_update(const [01;31m[Kobject_pose_interface_msgs[m[K::SemanticMapObjectArray::ConstPtr& semantic_map_data) {
[23.474s]       |                                               [01;31m[K^~~~~~~~~~~~~~~~~~~~~~~~~~[m[K
[23.474s] [01m[K/home/neha/ros2_ws/src/semnav_migration/src/navigation.cpp:240:97:[m[K [01;31m[Kerror: [m[Kexpected unqualified-id before â€˜[01m[K::[m[Kâ€™ token
[23.475s]   240 |                 void diffeo_tree_update(const object_pose_interface_msgs::SemanticMapObjectArray[01;31m[K::[m[KConstPtr& semantic_map_data) {
[23.475s]       |                                                                                                 [01;31m[K^~[m[K
[23.475s] [01m[K/home/neha/ros2_ws/src/semnav_migration/src/navigation.cpp:240:97:[m[K [01;31m[Kerror: [m[Kexpected â€˜[01m[K)[m[Kâ€™ before â€˜[01m[K::[m[Kâ€™ token
[23.475s]   240 |                 void diffeo_tree_update[34m[K([m[Kconst object_pose_interface_msgs::SemanticMapObjectArray[01;31m[K:[m[K[32m[K:[m[KConstPtr& semantic_map_data) {
[23.478s]       |                                        [34m[K~[m[K                                                        [01;31m[K^[m[K[32m[K~[m[K
[23.478s]       |                                                                                                 [32m[K)[m[K
[23.478s] [01m[K/home/neha/ros2_ws/src/semnav_migration/src/navigation_semantic.cpp:165:25:[m[K [01;31m[Kerror: [m[Kâ€˜[01m[KcommandTwist[m[Kâ€™ was not declared in this scope
[23.478s]   165 |                         [01;31m[KcommandTwist[m[K.linear.x = LinearCmd;
[23.478s]       |                         [01;31m[K^~~~~~~~~~~~[m[K
[23.478s] [01m[K/home/neha/ros2_ws/src/semnav_migration/src/navigation.cpp:240:75:[m[K [01;31m[Kerror: [m[Kexpected â€˜[01m[K;[m[Kâ€™ at end of member declaration
[23.478s]   240 |                 void diffeo_tree_update(const object_pose_interface_msgs::[01;31m[KSemanticMapObjectArray[m[K::ConstPtr& semantic_map_data) {
[23.479s]       |                                                                           [01;31m[K^~~~~~~~~~~~~~~~~~~~~~[m[K
[23.479s]       |                                                                                                 [32m[K;[m[K
[23.493s] [01m[K/home/neha/ros2_ws/src/semnav_migration/src/navigation.cpp:240:99:[m[K [01;31m[Kerror: [m[Kâ€˜[01m[KConstPtr[m[Kâ€™ in namespace â€˜[01m[K::[m[Kâ€™ does not name a type
[23.494s]   240 |                 void diffeo_tree_update(const object_pose_interface_msgs::SemanticMapObjectArray::[01;31m[KConstPtr[m[K& semantic_map_data) {
[23.494s]       |                                                                                                   [01;31m[K^~~~~~~~[m[K
[23.494s] [01m[K/home/neha/ros2_ws/src/semnav_migration/src/navigation.cpp:332:58:[m[K [01;31m[Kerror: [m[Kâ€˜[01m[KLaserScan[m[Kâ€™ in namespace â€˜[01m[Ksensor_msgs[m[Kâ€™ does not name a type
[23.494s]   332 |                 void control_callback(const sensor_msgs::[01;31m[KLaserScan[m[K::ConstPtr& lidar_data, const nav_msgs::Odometry::ConstPtr& robot_data) {
[23.495s]       |                                                          [01;31m[K^~~~~~~~~[m[K
[23.495s] [01m[K/home/neha/ros2_ws/src/semnav_migration/src/navigation.cpp:332:77:[m[K [01;31m[Kerror: [m[Kexpected unqualified-id before â€˜[01m[K&[m[Kâ€™ token
[23.496s]   332 |                 void control_callback(const sensor_msgs::LaserScan::ConstPtr[01;31m[K&[m[K lidar_data, const nav_msgs::Odometry::ConstPtr& robot_data) {
[23.496s]       |                                                                             [01;31m[K^[m[K
[23.496s] [01m[K/home/neha/ros2_ws/src/semnav_migration/src/navigation.cpp:332:77:[m[K [01;31m[Kerror: [m[Kexpected â€˜[01m[K)[m[Kâ€™ before â€˜[01m[K&[m[Kâ€™ token
[23.496s]   332 |                 void control_callback[34m[K([m[Kconst sensor_msgs::LaserScan::ConstPtr[01;31m[K&[m[K lidar_data, const nav_msgs::Odometry::ConstPtr& robot_data) {
[23.496s]       |                                      [34m[K~[m[K                                      [01;31m[K^[m[K
[23.496s]       |                                                                             [32m[K)[m[K
[23.498s] [01m[K/home/neha/ros2_ws/src/semnav_migration/src/navigation.cpp:332:77:[m[K [01;31m[Kerror: [m[Kexpected â€˜[01m[K;[m[Kâ€™ at end of member declaration
[23.498s]   332 |                 void control_callback(const sensor_msgs::LaserScan::ConstPtr[01;31m[K&[m[K lidar_data, const nav_msgs::Odometry::ConstPtr& robot_data) {
[23.498s]       |                                                                             [01;31m[K^[m[K
[23.498s]       |                                                                              [32m[K;[m[K
[23.512s] [01m[K/home/neha/ros2_ws/src/semnav_migration/src/navigation.cpp:332:79:[m[K [01;31m[Kerror: [m[Kâ€˜[01m[Klidar_data[m[Kâ€™ does not name a type
[23.512s]   332 |                 void control_callback(const sensor_msgs::LaserScan::ConstPtr& [01;31m[Klidar_data[m[K, const nav_msgs::Odometry::ConstPtr& robot_data) {
[23.512s]       |                                                                               [01;31m[K^~~~~~~~~~[m[K
[23.513s] [01m[K/home/neha/ros2_ws/src/semnav_migration/src/navigation.cpp:613:17:[m[K [01;31m[Kerror: [m[Kinvalid use of template-name â€˜[01m[Krclcpp::Publisher[m[Kâ€™ without an argument list
[23.513s]   613 |                 [01;31m[Krclcpp[m[K::Publisher pub_behaviorID_;
[23.513s]       |                 [01;31m[K^~~~~~[m[K
[23.514s] [01m[K/home/neha/ros2_ws/src/semnav_migration/src/navigation.cpp:614:17:[m[K [01;31m[Kerror: [m[Kinvalid use of template-name â€˜[01m[Krclcpp::Publisher[m[Kâ€™ without an argument list
[23.514s]   614 |                 [01;31m[Krclcpp[m[K::Publisher pub_behaviorMode_;
[23.515s]       |                 [01;31m[K^~~~~~[m[K
[23.515s] [01m[K/home/neha/ros2_ws/src/semnav_migration/src/navigation.cpp:615:17:[m[K [01;31m[Kerror: [m[Kinvalid use of template-name â€˜[01m[Krclcpp::Publisher[m[Kâ€™ without an argument list
[23.515s]   615 |                 [01;31m[Krclcpp[m[K::Publisher pub_twist_;
[23.515s]       |                 [01;31m[K^~~~~~[m[K
[23.518s] [01m[K/home/neha/ros2_ws/src/semnav_migration/src/navigation.cpp:617:17:[m[K [01;31m[Kerror: [m[Kinvalid use of template-name â€˜[01m[Krclcpp::Publisher[m[Kâ€™ without an argument list
[23.518s]   617 |                 [01;31m[Krclcpp[m[K::Publisher pub_semantic_map_;
[23.518s]       |                 [01;31m[K^~~~~~[m[K
[23.526s] [01m[K/home/neha/ros2_ws/src/semnav_migration/src/navigation.cpp:661:22:[m[K [01;31m[Kerror: [m[Kâ€˜[01m[KTransformListener[m[Kâ€™ in namespace â€˜[01m[Ktf2[m[Kâ€™ does not name a type
[23.526s]   661 |                 tf2::[01;31m[KTransformListener[m[K listener_;
[23.527s]       |                      [01;31m[K^~~~~~~~~~~~~~~~~[m[K
[23.527s] [01m[K/home/neha/ros2_ws/src/semnav_migration/src/navigation_semantic.cpp:167:25:[m[K [01;31m[Kerror: [m[Kâ€˜[01m[Kpub_twist_[m[Kâ€™ was not declared in this scope; did you mean â€˜[01m[Kpublish_twist[m[Kâ€™?
[23.527s]   167 |                         [01;31m[Kpub_twist_[m[K.publish(commandTwist);
[23.527s]       |                         [01;31m[K^~~~~~~~~~[m[K
[23.527s]       |                         [32m[Kpublish_twist[m[K
[23.531s] [01m[K/home/neha/ros2_ws/src/semnav_migration/src/navigation.cpp:[m[K In constructor â€˜[01m[KNavigationNode::[01;32m[KNavigationNode[m[K(rclcpp::Node*)[m[Kâ€™:
[23.531s] [01m[K/home/neha/ros2_ws/src/semnav_migration/src/navigation.cpp:44:60:[m[K [01;31m[Kerror: [m[Kuse of deleted function â€˜[01m[Krclcpp::Node::[01;32m[KNode[m[K(const rclcpp::Node&)[m[Kâ€™
[23.531s]    44 |                 NavigationNode(rclcpp::Node* nodehandle) : [01;31m[Knh_(*nodehandle)[m[K {
[23.531s]       |                                                            [01;31m[K^~~~~~~~~~~~~~~~[m[K
[23.531s] In file included from [01m[K/opt/ros/jazzy/include/rclcpp/rclcpp/context.hpp:35[m[K,
[23.531s]                  from [01m[K/opt/ros/jazzy/include/rclcpp/rclcpp/utilities.hpp:24[m[K,
[23.532s]                  from [01m[K/opt/ros/jazzy/include/rclcpp/rclcpp/logging.hpp:25[m[K,
[23.532s]                  from [01m[K/opt/ros/jazzy/include/rclcpp/rclcpp/copy_all_parameter_values.hpp:27[m[K,
[23.532s]                  from [01m[K/opt/ros/jazzy/include/rclcpp/rclcpp/rclcpp.hpp:171[m[K,
[23.532s]                  from [01m[K/home/neha/ros2_ws/src/semnav_migration/include/reactive_planner_lib.h:32[m[K,
[23.532s]                  from [01m[K/home/neha/ros2_ws/src/semnav_migration/src/navigation.cpp:25[m[K:
[23.532s] [01m[K/opt/ros/jazzy/include/rclcpp/rclcpp/node.hpp:1634:3:[m[K [01;36m[Knote: [m[Kdeclared here
[23.535s]  1634 |   [01;36m[KRCLCPP_DISABLE_COPY[m[K(Node)
[23.535s]       |   [01;36m[K^~~~~~~~~~~~~~~~~~~[m[K
[23.535s] [01m[K/home/neha/ros2_ws/src/semnav_migration/src/navigation_semantic.cpp:[m[K In member function â€˜[01m[Kvoid SemanticNavigationNode::[01;32m[Kpublish_behavior_id[m[K(uint16_t)[m[Kâ€™:
[23.535s] [01m[K/home/neha/ros2_ws/src/semnav_migration/src/navigation_semantic.cpp:172:35:[m[K [01;31m[Kerror: [m[Kâ€˜[01m[KUInt32[m[Kâ€™ is not a member of â€˜[01m[Kstd_msgs[m[Kâ€™
[23.535s]   172 |                         std_msgs::[01;31m[KUInt32[m[K commandId;
[23.536s]       |                                   [01;31m[K^~~~~~[m[K
[23.536s] [01m[K/home/neha/ros2_ws/src/semnav_migration/src/navigation.cpp:46:31:[m[K [01;31m[Kerror: [m[Kâ€˜[01m[Kclass NavigationNode[m[Kâ€™ has no member named â€˜[01m[Kdeclare_parameter[m[Kâ€™
[23.536s]    46 |                         this->[01;31m[Kdeclare_parameter[m[K("pub_twist_topic", "/cmd_vel");
[23.536s]       |                               [01;31m[K^~~~~~~~~~~~~~~~~[m[K
[23.537s] [01m[K/home/neha/ros2_ws/src/semnav_migration/src/navigation.cpp:47:31:[m[K [01;31m[Kerror: [m[Kâ€˜[01m[Kclass NavigationNode[m[Kâ€™ has no member named â€˜[01m[Kdeclare_parameter[m[Kâ€™
[23.537s]    47 |                         this->[01;31m[Kdeclare_parameter[m[K("pub_behaviorID_topic", "/behavior_id");
[23.538s]       |                               [01;31m[K^~~~~~~~~~~~~~~~~[m[K
[23.539s] [01m[K/home/neha/ros2_ws/src/semnav_migration/src/navigation.cpp:48:31:[m[K [01;31m[Kerror: [m[Kâ€˜[01m[Kclass NavigationNode[m[Kâ€™ has no member named â€˜[01m[Kdeclare_parameter[m[Kâ€™
[23.539s]    48 |                         this->[01;31m[Kdeclare_parameter[m[K("pub_behaviorMode_topic", "/behavior_mode");
[23.539s]       |                               [01;31m[K^~~~~~~~~~~~~~~~~[m[K
[23.539s] [01m[K/home/neha/ros2_ws/src/semnav_migration/src/navigation.cpp:49:31:[m[K [01;31m[Kerror: [m[Kâ€˜[01m[Kclass NavigationNode[m[Kâ€™ has no member named â€˜[01m[Kdeclare_parameter[m[Kâ€™
[23.540s]    49 |                         this->[01;31m[Kdeclare_parameter[m[K("sub_laser_topic", "/laser_scan");
[23.540s]       |                               [01;31m[K^~~~~~~~~~~~~~~~~[m[K
[23.541s] [01m[K/home/neha/ros2_ws/src/semnav_migration/src/navigation.cpp:50:31:[m[K [01;31m[Kerror: [m[Kâ€˜[01m[Kclass NavigationNode[m[Kâ€™ has no member named â€˜[01m[Kdeclare_parameter[m[Kâ€™
[23.541s]    50 |                         this->[01;31m[Kdeclare_parameter[m[K("sub_robot_topic", "/robot_pose");
[23.541s]       |                               [01;31m[K^~~~~~~~~~~~~~~~~[m[K
[23.544s] [01m[K/home/neha/ros2_ws/src/semnav_migration/src/navigation.cpp:51:31:[m[K [01;31m[Kerror: [m[Kâ€˜[01m[Kclass NavigationNode[m[Kâ€™ has no member named â€˜[01m[Kdeclare_parameter[m[Kâ€™
[23.544s]    51 |                         this->[01;31m[Kdeclare_parameter[m[K("sub_semantic_topic", "/semantic_map");
[23.544s]       |                               [01;31m[K^~~~~~~~~~~~~~~~~[m[K
[23.547s] [01m[K/home/neha/ros2_ws/src/semnav_migration/src/navigation.cpp:52:31:[m[K [01;31m[Kerror: [m[Kâ€˜[01m[Kclass NavigationNode[m[Kâ€™ has no member named â€˜[01m[Kdeclare_parameter[m[Kâ€™
[23.547s]    52 |                         this->[01;31m[Kdeclare_parameter[m[K("world_frame_id", "world");
[23.547s]       |                               [01;31m[K^~~~~~~~~~~~~~~~~[m[K
[23.547s] [01m[K/home/neha/ros2_ws/src/semnav_migration/src/navigation.cpp:53:31:[m[K [01;31m[Kerror: [m[Kâ€˜[01m[Kclass NavigationNode[m[Kâ€™ has no member named â€˜[01m[Kdeclare_parameter[m[Kâ€™
[23.548s]    53 |                         this->[01;31m[Kdeclare_parameter[m[K("odom_frame_id", "odom");
[23.548s]       |                               [01;31m[K^~~~~~~~~~~~~~~~~[m[K
[23.549s] [01m[K/home/neha/ros2_ws/src/semnav_migration/src/navigation.cpp:54:31:[m[K [01;31m[Kerror: [m[Kâ€˜[01m[Kclass NavigationNode[m[Kâ€™ has no member named â€˜[01m[Kdeclare_parameter[m[Kâ€™
[23.549s]    54 |                         this->[01;31m[Kdeclare_parameter[m[K("laser_frame_id", "laser_frame");
[23.550s]       |                               [01;31m[K^~~~~~~~~~~~~~~~~[m[K
[23.550s] [01m[K/home/neha/ros2_ws/src/semnav_migration/src/navigation.cpp:56:31:[m[K [01;31m[Kerror: [m[Kâ€˜[01m[Kclass NavigationNode[m[Kâ€™ has no member named â€˜[01m[Kdeclare_parameter[m[Kâ€™
[23.550s]    56 |                         this->[01;31m[Kdeclare_parameter[m[K("target_object", "");
[23.550s]       |                               [01;31m[K^~~~~~~~~~~~~~~~~[m[K
[23.550s] [01m[K/home/neha/ros2_ws/src/semnav_migration/src/navigation.cpp:57:31:[m[K [01;31m[Kerror: [m[Kâ€˜[01m[Kclass NavigationNode[m[Kâ€™ has no member named â€˜[01m[Kdeclare_parameter[m[Kâ€™
[23.550s]    57 |                         this->[01;31m[Kdeclare_parameter[m[K("target_object_length", 0.0);
[23.552s]       |                               [01;31m[K^~~~~~~~~~~~~~~~~[m[K
[23.552s] [01m[K/home/neha/ros2_ws/src/semnav_migration/src/navigation.cpp:58:31:[m[K [01;31m[Kerror: [m[Kâ€˜[01m[Kclass NavigationNode[m[Kâ€™ has no member named â€˜[01m[Kdeclare_parameter[m[Kâ€™
[23.552s]    58 |                         this->[01;31m[Kdeclare_parameter[m[K("target_object_width", 0.0);
[23.552s]       |                               [01;31m[K^~~~~~~~~~~~~~~~~[m[K
[23.552s] [01m[K/home/neha/ros2_ws/src/semnav_migration/src/navigation.cpp:60:31:[m[K [01;31m[Kerror: [m[Kâ€˜[01m[Kclass NavigationNode[m[Kâ€™ has no member named â€˜[01m[Kdeclare_parameter[m[Kâ€™
[23.553s]    60 |                         this->[01;31m[Kdeclare_parameter[m[K("RobotRadius", 0.0);
[23.553s]       |                               [01;31m[K^~~~~~~~~~~~~~~~~[m[K
[23.553s] [01m[K/home/neha/ros2_ws/src/semnav_migration/src/navigation.cpp:61:31:[m[K [01;31m[Kerror: [m[Kâ€˜[01m[Kclass NavigationNode[m[Kâ€™ has no member named â€˜[01m[Kdeclare_parameter[m[Kâ€™
[23.553s]    61 |                         this->[01;31m[Kdeclare_parameter[m[K("ObstacleDilation", 0.0);
[23.553s]       |                               [01;31m[K^~~~~~~~~~~~~~~~~[m[K
[23.553s] [01m[K/home/neha/ros2_ws/src/semnav_migration/src/navigation.cpp:62:31:[m[K [01;31m[Kerror: [m[Kâ€˜[01m[Kclass NavigationNode[m[Kâ€™ has no member named â€˜[01m[Kdeclare_parameter[m[Kâ€™
[23.557s]    62 |                         this->[01;31m[Kdeclare_parameter[m[K("WalkHeight", 0.0);
[23.557s]       |                               [01;31m[K^~~~~~~~~~~~~~~~~[m[K
[23.557s] [01m[K/home/neha/ros2_ws/src/semnav_migration/src/navigation.cpp:64:31:[m[K [01;31m[Kerror: [m[Kâ€˜[01m[Kclass NavigationNode[m[Kâ€™ has no member named â€˜[01m[Kdeclare_parameter[m[Kâ€™
[23.557s]    64 |                         this->[01;31m[Kdeclare_parameter[m[K("AllowableRange", 0.0);
[23.557s]       |                               [01;31m[K^~~~~~~~~~~~~~~~~[m[K
[23.557s] [01m[K/home/neha/ros2_ws/src/semnav_migration/src/navigation.cpp:65:31:[m[K [01;31m[Kerror: [m[Kâ€˜[01m[Kclass NavigationNode[m[Kâ€™ has no member named â€˜[01m[Kdeclare_parameter[m[Kâ€™
[23.558s]    65 |                         this->[01;31m[Kdeclare_parameter[m[K("CutoffRange", 0.0);
[23.558s]       |                               [01;31m[K^~~~~~~~~~~~~~~~~[m[K
[23.558s] [01m[K/home/neha/ros2_ws/src/semnav_migration/src/navigation.cpp:67:31:[m[K [01;31m[Kerror: [m[Kâ€˜[01m[Kclass NavigationNode[m[Kâ€™ has no member named â€˜[01m[Kdeclare_parameter[m[Kâ€™
[23.558s]    67 |                         this->[01;31m[Kdeclare_parameter[m[K("ForwardLinCmdLimit", 0.0);
[23.558s]       |                               [01;31m[K^~~~~~~~~~~~~~~~~[m[K
[23.559s] [01m[K/home/neha/ros2_ws/src/semnav_migration/src/navigation.cpp:68:31:[m[K [01;31m[Kerror: [m[Kâ€˜[01m[Kclass NavigationNode[m[Kâ€™ has no member named â€˜[01m[Kdeclare_parameter[m[Kâ€™
[23.560s]    68 |                         this->[01;31m[Kdeclare_parameter[m[K("BackwardLinCmdLimit", 0.0);
[23.560s]       |                               [01;31m[K^~~~~~~~~~~~~~~~~[m[K
[23.560s] [01m[K/home/neha/ros2_ws/src/semnav_migration/src/navigation.cpp:69:31:[m[K [01;31m[Kerror: [m[Kâ€˜[01m[Kclass NavigationNode[m[Kâ€™ has no member named â€˜[01m[Kdeclare_parameter[m[Kâ€™
[23.560s]    69 |                         this->[01;31m[Kdeclare_parameter[m[K("AngCmdLimit", 0.0);
[23.560s]       |                               [01;31m[K^~~~~~~~~~~~~~~~~[m[K
[23.560s] [01m[K/home/neha/ros2_ws/src/semnav_migration/src/navigation.cpp:70:31:[m[K [01;31m[Kerror: [m[Kâ€˜[01m[Kclass NavigationNode[m[Kâ€™ has no member named â€˜[01m[Kdeclare_parameter[m[Kâ€™
[23.560s]    70 |                         this->[01;31m[Kdeclare_parameter[m[K("RFunctionExponent", 0.0);
[23.561s]       |                               [01;31m[K^~~~~~~~~~~~~~~~~[m[K
[23.561s] [01m[K/home/neha/ros2_ws/src/semnav_migration/src/navigation.cpp:71:31:[m[K [01;31m[Kerror: [m[Kâ€˜[01m[Kclass NavigationNode[m[Kâ€™ has no member named â€˜[01m[Kdeclare_parameter[m[Kâ€™
[23.561s]    71 |                         this->[01;31m[Kdeclare_parameter[m[K("Epsilon", 0.0);
[23.561s]       |                               [01;31m[K^~~~~~~~~~~~~~~~~[m[K
[23.561s] [01m[K/home/neha/ros2_ws/src/semnav_migration/src/navigation.cpp:72:31:[m[K [01;31m[Kerror: [m[Kâ€˜[01m[Kclass NavigationNode[m[Kâ€™ has no member named â€˜[01m[Kdeclare_parameter[m[Kâ€™
[23.561s]    72 |                         this->[01;31m[Kdeclare_parameter[m[K("VarEpsilon", 0.0);
[23.564s]       |                               [01;31m[K^~~~~~~~~~~~~~~~~[m[K
[23.564s] [01m[K/home/neha/ros2_ws/src/semnav_migration/src/navigation.cpp:73:31:[m[K [01;31m[Kerror: [m[Kâ€˜[01m[Kclass NavigationNode[m[Kâ€™ has no member named â€˜[01m[Kdeclare_parameter[m[Kâ€™
[23.564s]    73 |                         this->[01;31m[Kdeclare_parameter[m[K("Mu1", 0.0);
[23.565s]       |                               [01;31m[K^~~~~~~~~~~~~~~~~[m[K
[23.565s] [01m[K/home/neha/ros2_ws/src/semnav_migration/src/navigation.cpp:74:31:[m[K [01;31m[Kerror: [m[Kâ€˜[01m[Kclass NavigationNode[m[Kâ€™ has no member named â€˜[01m[Kdeclare_parameter[m[Kâ€™
[23.565s]    74 |                         this->[01;31m[Kdeclare_parameter[m[K("Mu2", 0.0);
[23.565s]       |                               [01;31m[K^~~~~~~~~~~~~~~~~[m[K
[23.565s] [01m[K/home/neha/ros2_ws/src/semnav_migration/src/navigation.cpp:75:31:[m[K [01;31m[Kerror: [m[Kâ€˜[01m[Kclass NavigationNode[m[Kâ€™ has no member named â€˜[01m[Kdeclare_parameter[m[Kâ€™
[23.565s]    75 |                         this->[01;31m[Kdeclare_parameter[m[K("SemanticMapUpdateRate", 0.0);
[23.565s]       |                               [01;31m[K^~~~~~~~~~~~~~~~~[m[K
[23.565s] [01m[K/home/neha/ros2_ws/src/semnav_migration/src/navigation.cpp:78:31:[m[K [01;31m[Kerror: [m[Kâ€˜[01m[Kclass NavigationNode[m[Kâ€™ has no member named â€˜[01m[Kdeclare_parameter[m[Kâ€™
[23.566s]    78 |                         this->[01;31m[Kdeclare_parameter[m[K("LinearGain", 0.0);
[23.566s]       |                               [01;31m[K^~~~~~~~~~~~~~~~~[m[K
[23.566s] [01m[K/home/neha/ros2_ws/src/semnav_migration/src/navigation.cpp:79:31:[m[K [01;31m[Kerror: [m[Kâ€˜[01m[Kclass NavigationNode[m[Kâ€™ has no member named â€˜[01m[Kdeclare_parameter[m[Kâ€™
[23.566s]    79 |                         this->[01;31m[Kdeclare_parameter[m[K("AngularGain", 0.0);
[23.566s]       |                               [01;31m[K^~~~~~~~~~~~~~~~~[m[K
[23.566s] [01m[K/home/neha/ros2_ws/src/semnav_migration/src/navigation.cpp:81:31:[m[K [01;31m[Kerror: [m[Kâ€˜[01m[Kclass NavigationNode[m[Kâ€™ has no member named â€˜[01m[Kdeclare_parameter[m[Kâ€™
[23.570s]    81 |                         this->[01;31m[Kdeclare_parameter[m[K("Goal_x", 0.0);
[23.570s]       |                               [01;31m[K^~~~~~~~~~~~~~~~~[m[K
[23.570s] [01m[K/home/neha/ros2_ws/src/semnav_migration/src/navigation.cpp:82:31:[m[K [01;31m[Kerror: [m[Kâ€˜[01m[Kclass NavigationNode[m[Kâ€™ has no member named â€˜[01m[Kdeclare_parameter[m[Kâ€™
[23.570s]    82 |                         this->[01;31m[Kdeclare_parameter[m[K("Goal_y", 0.0);
[23.570s]       |                               [01;31m[K^~~~~~~~~~~~~~~~~[m[K
[23.570s] [01m[K/home/neha/ros2_ws/src/semnav_migration/src/navigation.cpp:85:29:[m[K [01;31m[Kerror: [m[Kâ€˜[01m[Kclass rclcpp::Node[m[Kâ€™ has no member named â€˜[01m[KgetParam[m[Kâ€™
[23.570s]    85 |                         nh_.[01;31m[KgetParam[m[K("Tolerance", Tolerance_);
[23.570s]       |                             [01;31m[K^~~~~~~~[m[K
[23.571s] [01m[K/home/neha/ros2_ws/src/semnav_migration/src/navigation.cpp:87:31:[m[K [01;31m[Kerror: [m[Kâ€˜[01m[Kclass NavigationNode[m[Kâ€™ has no member named â€˜[01m[Kdeclare_parameter[m[Kâ€™
[23.571s]    87 |                         this->[01;31m[Kdeclare_parameter[m[K("LowpassCutOff", 0.0);
[23.571s]       |                               [01;31m[K^~~~~~~~~~~~~~~~~[m[K
[23.571s] [01m[K/home/neha/ros2_ws/src/semnav_migration/src/navigation.cpp:88:31:[m[K [01;31m[Kerror: [m[Kâ€˜[01m[Kclass NavigationNode[m[Kâ€™ has no member named â€˜[01m[Kdeclare_parameter[m[Kâ€™
[23.571s]    88 |                         this->[01;31m[Kdeclare_parameter[m[K("LowpassSampling", 0.0);
[23.571s]       |                               [01;31m[K^~~~~~~~~~~~~~~~~[m[K
[23.573s] [01m[K/home/neha/ros2_ws/src/semnav_migration/src/navigation.cpp:89:31:[m[K [01;31m[Kerror: [m[Kâ€˜[01m[Kclass NavigationNode[m[Kâ€™ has no member named â€˜[01m[Kdeclare_parameter[m[Kâ€™
[23.574s]    89 |                         this->[01;31m[Kdeclare_parameter[m[K("LowpassOrder", 0.0);
[23.574s]       |                               [01;31m[K^~~~~~~~~~~~~~~~~[m[K
[23.574s] [01m[K/home/neha/ros2_ws/src/semnav_migration/src/navigation.cpp:90:31:[m[K [01;31m[Kerror: [m[Kâ€˜[01m[Kclass NavigationNode[m[Kâ€™ has no member named â€˜[01m[Kdeclare_parameter[m[Kâ€™
[23.574s]    90 |                         this->[01;31m[Kdeclare_parameter[m[K("LowpassSamples", 0.0);
[23.574s]       |                               [01;31m[K^~~~~~~~~~~~~~~~~[m[K
[23.574s] [01m[K/home/neha/ros2_ws/src/semnav_migration/src/navigation.cpp:92:31:[m[K [01;31m[Kerror: [m[Kâ€˜[01m[Kclass NavigationNode[m[Kâ€™ has no member named â€˜[01m[Kdeclare_parameter[m[Kâ€™
[23.574s]    92 |                         this->[01;31m[Kdeclare_parameter[m[K("DebugFlag", false);
[23.575s]       |                               [01;31m[K^~~~~~~~~~~~~~~~~[m[K
[23.575s] [01m[K/home/neha/ros2_ws/src/semnav_migration/src/navigation.cpp:94:50:[m[K [01;31m[Kerror: [m[Kâ€˜[01m[Kclass NavigationNode[m[Kâ€™ has no member named â€˜[01m[Kget_parameter[m[Kâ€™
[23.575s]    94 |                         pub_twist_topic_ = this->[01;31m[Kget_parameter[m[K("pub_twist_topic").as_string();
[23.575s]       |                                                  [01;31m[K^~~~~~~~~~~~~[m[K
[23.575s] [01m[K/home/neha/ros2_ws/src/semnav_migration/src/navigation.cpp:95:55:[m[K [01;31m[Kerror: [m[Kâ€˜[01m[Kclass NavigationNode[m[Kâ€™ has no member named â€˜[01m[Kget_parameter[m[Kâ€™
[23.575s]    95 |                         pub_behaviorID_topic_ = this->[01;31m[Kget_parameter[m[K("pub_behaviorID_topic").as_string();
[23.575s]       |                                                       [01;31m[K^~~~~~~~~~~~~[m[K
[23.578s] [01m[K/home/neha/ros2_ws/src/semnav_migration/src/navigation.cpp:96:57:[m[K [01;31m[Kerror: [m[Kâ€˜[01m[Kclass NavigationNode[m[Kâ€™ has no member named â€˜[01m[Kget_parameter[m[Kâ€™
[23.578s]    96 |                         pub_behaviorMode_topic_ = this->[01;31m[Kget_parameter[m[K("pub_behaviorMode_topic").as_string();
[23.578s]       |                                                         [01;31m[K^~~~~~~~~~~~~[m[K
[23.578s] [01m[K/home/neha/ros2_ws/src/semnav_migration/src/navigation.cpp:97:50:[m[K [01;31m[Kerror: [m[Kâ€˜[01m[Kclass NavigationNode[m[Kâ€™ has no member named â€˜[01m[Kget_parameter[m[Kâ€™
[23.578s]    97 |                         sub_laser_topic_ = this->[01;31m[Kget_parameter[m[K("sub_laser_topic").as_string();
[23.578s]       |                                                  [01;31m[K^~~~~~~~~~~~~[m[K
[23.578s] [01m[K/home/neha/ros2_ws/src/semnav_migration/src/navigation.cpp:98:50:[m[K [01;31m[Kerror: [m[Kâ€˜[01m[Kclass NavigationNode[m[Kâ€™ has no member named â€˜[01m[Kget_parameter[m[Kâ€™
[23.578s]    98 |                         sub_robot_topic_ = this->[01;31m[Kget_parameter[m[K("sub_robot_topic").as_string();
[23.579s]       |                                                  [01;31m[K^~~~~~~~~~~~~[m[K
[23.579s] [01m[K/home/neha/ros2_ws/src/semnav_migration/src/navigation.cpp:99:53:[m[K [01;31m[Kerror: [m[Kâ€˜[01m[Kclass NavigationNode[m[Kâ€™ has no member named â€˜[01m[Kget_parameter[m[Kâ€™
[23.579s]    99 |                         sub_semantic_topic_ = this->[01;31m[Kget_parameter[m[K("sub_semantic_topic").as_string();
[23.579s]       |                                                     [01;31m[K^~~~~~~~~~~~~[m[K
[23.579s] [01m[K/home/neha/ros2_ws/src/semnav_migration/src/navigation.cpp:100:49:[m[K [01;31m[Kerror: [m[Kâ€˜[01m[Kclass NavigationNode[m[Kâ€™ has no member named â€˜[01m[Kget_parameter[m[Kâ€™
[23.579s]   100 |                         world_frame_id_ = this->[01;31m[Kget_parameter[m[K("world_frame_id").as_string();
[23.582s]       |                                                 [01;31m[K^~~~~~~~~~~~~[m[K
[23.582s] [01m[K/home/neha/ros2_ws/src/semnav_migration/src/navigation.cpp:101:48:[m[K [01;31m[Kerror: [m[Kâ€˜[01m[Kclass NavigationNode[m[Kâ€™ has no member named â€˜[01m[Kget_parameter[m[Kâ€™
[23.582s]   101 |                         odom_frame_id_ = this->[01;31m[Kget_parameter[m[K("odom_frame_id").as_string();
[23.582s]       |                                                [01;31m[K^~~~~~~~~~~~~[m[K
[23.582s] [01m[K/home/neha/ros2_ws/src/semnav_migration/src/navigation.cpp:102:49:[m[K [01;31m[Kerror: [m[Kâ€˜[01m[Kclass NavigationNode[m[Kâ€™ has no member named â€˜[01m[Kget_parameter[m[Kâ€™
[23.582s]   102 |                         laser_frame_id_ = this->[01;31m[Kget_parameter[m[K("laser_frame_id").as_string();
[23.582s]       |                                                 [01;31m[K^~~~~~~~~~~~~[m[K
[23.584s] [01m[K/home/neha/ros2_ws/src/semnav_migration/src/navigation_semantic.cpp:173:25:[m[K [01;31m[Kerror: [m[Kâ€˜[01m[KcommandId[m[Kâ€™ was not declared in this scope
[23.584s]   173 |                         [01;31m[KcommandId[m[K.data = BehaviorIdCmd;
[23.584s]       |                         [01;31m[K^~~~~~~~~[m[K
[23.669s] [01m[K/home/neha/ros2_ws/src/semnav_migration/src/navigation_semantic.cpp:174:25:[m[K [01;31m[Kerror: [m[Kâ€˜[01m[Kpub_behaviorID_[m[Kâ€™ was not declared in this scope; did you mean â€˜[01m[Kpub_behaviorID_topic_[m[Kâ€™?
[23.669s]   174 |                         [01;31m[Kpub_behaviorID_[m[K.publish(commandId);
[23.669s]       |                         [01;31m[K^~~~~~~~~~~~~~~[m[K
[23.669s]       |                         [32m[Kpub_behaviorID_topic_[m[K
[23.670s] [01m[K/home/neha/ros2_ws/src/semnav_migration/src/navigation.cpp:103:25:[m[K [01;31m[Kerror: [m[Kâ€˜[01m[Ktarget_object_[m[Kâ€™ was not declared in this scope
[23.670s]   103 |                         [01;31m[Ktarget_object_[m[K = this->get_parameter("target_object").as_string();
[23.670s]       |                         [01;31m[K^~~~~~~~~~~~~~[m[K
[23.671s] [01m[K/home/neha/ros2_ws/src/semnav_migration/src/navigation.cpp:103:48:[m[K [01;31m[Kerror: [m[Kâ€˜[01m[Kclass NavigationNode[m[Kâ€™ has no member named â€˜[01m[Kget_parameter[m[Kâ€™
[23.671s]   103 |                         target_object_ = this->[01;31m[Kget_parameter[m[K("target_object").as_string();
[23.672s]       |                                                [01;31m[K^~~~~~~~~~~~~[m[K
[23.673s] [01m[K/home/neha/ros2_ws/src/semnav_migration/src/navigation_semantic.cpp:[m[K In member function â€˜[01m[Kvoid SemanticNavigationNode::[01;32m[Kpublish_behavior_mode[m[K(uint16_t)[m[Kâ€™:
[23.673s] [01m[K/home/neha/ros2_ws/src/semnav_migration/src/navigation_semantic.cpp:179:35:[m[K [01;31m[Kerror: [m[Kâ€˜[01m[KUInt32[m[Kâ€™ is not a member of â€˜[01m[Kstd_msgs[m[Kâ€™
[23.673s]   179 |                         std_msgs::[01;31m[KUInt32[m[K commandMode;
[23.673s]       |                                   [01;31m[K^~~~~~[m[K
[23.734s] [01m[K/home/neha/ros2_ws/src/semnav_migration/src/navigation_semantic.cpp:180:25:[m[K [01;31m[Kerror: [m[Kâ€˜[01m[KcommandMode[m[Kâ€™ was not declared in this scope
[23.734s]   180 |                         [01;31m[KcommandMode[m[K.data = BehaviorModeCmd;
[23.734s]       |                         [01;31m[K^~~~~~~~~~~[m[K
[23.821s] [01m[K/home/neha/ros2_ws/src/semnav_migration/src/navigation.cpp:104:25:[m[K [01;31m[Kerror: [m[Kâ€˜[01m[Ktarget_object_length_[m[Kâ€™ was not declared in this scope
[23.821s]   104 |                         [01;31m[Ktarget_object_length_[m[K = this->get_parameter("target_object_length").as_double();
[23.821s]       |                         [01;31m[K^~~~~~~~~~~~~~~~~~~~~[m[K
[23.823s] [01m[K/home/neha/ros2_ws/src/semnav_migration/src/navigation.cpp:104:55:[m[K [01;31m[Kerror: [m[Kâ€˜[01m[Kclass NavigationNode[m[Kâ€™ has no member named â€˜[01m[Kget_parameter[m[Kâ€™
[23.823s]   104 |                         target_object_length_ = this->[01;31m[Kget_parameter[m[K("target_object_length").as_double();
[23.823s]       |                                                       [01;31m[K^~~~~~~~~~~~~[m[K
[23.832s] [01m[K/home/neha/ros2_ws/src/semnav_migration/src/navigation_semantic.cpp:181:25:[m[K [01;31m[Kerror: [m[Kâ€˜[01m[Kpub_behaviorMode_[m[Kâ€™ was not declared in this scope; did you mean â€˜[01m[Kpub_behaviorMode_topic_[m[Kâ€™?
[23.832s]   181 |                         [01;31m[Kpub_behaviorMode_[m[K.publish(commandMode);
[23.832s]       |                         [01;31m[K^~~~~~~~~~~~~~~~~[m[K
[23.832s]       |                         [32m[Kpub_behaviorMode_topic_[m[K
[23.887s] [01m[K/home/neha/ros2_ws/src/semnav_migration/src/navigation_semantic.cpp:[m[K In function â€˜[01m[Kint[01;32m[K main[m[K(int, char**)[m[Kâ€™:
[23.888s] [01m[K/home/neha/ros2_ws/src/semnav_migration/src/navigation_semantic.cpp:697:9:[m[K [01;31m[Kerror: [m[Kâ€˜[01m[Kros[m[Kâ€™ has not been declared
[23.888s]   697 |         [01;31m[Kros[m[K::init(argc, argv, "navigation_semantic");
[23.888s]       |         [01;31m[K^~~[m[K
[23.888s] [01m[K/home/neha/ros2_ws/src/semnav_migration/src/navigation_semantic.cpp:700:9:[m[K [01;31m[Kerror: [m[Kâ€˜[01m[Kros[m[Kâ€™ has not been declared
[23.888s]   700 |         [01;31m[Kros[m[K::NodeHandle nh("~");
[23.888s]       |         [01;31m[K^~~[m[K
[23.905s] [01m[K/home/neha/ros2_ws/src/semnav_migration/src/navigation_semantic.cpp:703:56:[m[K [01;31m[Kerror: [m[Kâ€˜[01m[Knh[m[Kâ€™ was not declared in this scope
[23.905s]   703 |         SemanticNavigationNode semanticNavigationNode(&[01;31m[Knh[m[K);
[23.905s]       |                                                        [01;31m[K^~[m[K
[23.971s] [01m[K/home/neha/ros2_ws/src/semnav_migration/src/navigation.cpp:105:25:[m[K [01;31m[Kerror: [m[Kâ€˜[01m[Ktarget_object_width_[m[Kâ€™ was not declared in this scope
[23.971s]   105 |                         [01;31m[Ktarget_object_width_[m[K = this->get_parameter("target_object_width").as_double();
[23.971s]       |                         [01;31m[K^~~~~~~~~~~~~~~~~~~~[m[K
[23.973s] [01m[K/home/neha/ros2_ws/src/semnav_migration/src/navigation.cpp:105:54:[m[K [01;31m[Kerror: [m[Kâ€˜[01m[Kclass NavigationNode[m[Kâ€™ has no member named â€˜[01m[Kget_parameter[m[Kâ€™
[23.973s]   105 |                         target_object_width_ = this->[01;31m[Kget_parameter[m[K("target_object_width").as_double();
[23.973s]       |                                                      [01;31m[K^~~~~~~~~~~~~[m[K
[23.973s] [01m[K/home/neha/ros2_ws/src/semnav_migration/src/navigation.cpp:107:46:[m[K [01;31m[Kerror: [m[Kâ€˜[01m[Kclass NavigationNode[m[Kâ€™ has no member named â€˜[01m[Kget_parameter[m[Kâ€™
[23.974s]   107 |                         RobotRadius_ = this->[01;31m[Kget_parameter[m[K("RobotRadius").as_double();
[23.974s]       |                                              [01;31m[K^~~~~~~~~~~~~[m[K
[23.974s] [01m[K/home/neha/ros2_ws/src/semnav_migration/src/navigation.cpp:108:51:[m[K [01;31m[Kerror: [m[Kâ€˜[01m[Kclass NavigationNode[m[Kâ€™ has no member named â€˜[01m[Kget_parameter[m[Kâ€™
[23.975s]   108 |                         ObstacleDilation_ = this->[01;31m[Kget_parameter[m[K("ObstacleDilation").as_double();
[23.975s]       |                                                   [01;31m[K^~~~~~~~~~~~~[m[K
[23.975s] [01m[K/home/neha/ros2_ws/src/semnav_migration/src/navigation.cpp:109:45:[m[K [01;31m[Kerror: [m[Kâ€˜[01m[Kclass NavigationNode[m[Kâ€™ has no member named â€˜[01m[Kget_parameter[m[Kâ€™
[23.975s]   109 |                         WalkHeight_ = this->[01;31m[Kget_parameter[m[K("WalkHeight").as_double();
[23.975s]       |                                             [01;31m[K^~~~~~~~~~~~~[m[K
[23.977s] [01m[K/home/neha/ros2_ws/src/semnav_migration/src/navigation.cpp:110:49:[m[K [01;31m[Kerror: [m[Kâ€˜[01m[Kclass NavigationNode[m[Kâ€™ has no member named â€˜[01m[Kget_parameter[m[Kâ€™
[23.977s]   110 |                         AllowableRange_ = this->[01;31m[Kget_parameter[m[K("AllowableRange").as_double();
[23.978s]       |                                                 [01;31m[K^~~~~~~~~~~~~[m[K
[23.978s] [01m[K/home/neha/ros2_ws/src/semnav_migration/src/navigation.cpp:111:46:[m[K [01;31m[Kerror: [m[Kâ€˜[01m[Kclass NavigationNode[m[Kâ€™ has no member named â€˜[01m[Kget_parameter[m[Kâ€™
[23.978s]   111 |                         CutoffRange_ = this->[01;31m[Kget_parameter[m[K("CutoffRange").as_double();
[23.978s]       |                                              [01;31m[K^~~~~~~~~~~~~[m[K
[23.978s] [01m[K/home/neha/ros2_ws/src/semnav_migration/src/navigation.cpp:112:53:[m[K [01;31m[Kerror: [m[Kâ€˜[01m[Kclass NavigationNode[m[Kâ€™ has no member named â€˜[01m[Kget_parameter[m[Kâ€™
[23.978s]   112 |                         ForwardLinCmdLimit_ = this->[01;31m[Kget_parameter[m[K("ForwardLinCmdLimit").as_double();
[23.978s]       |                                                     [01;31m[K^~~~~~~~~~~~~[m[K
[23.979s] [01m[K/home/neha/ros2_ws/src/semnav_migration/src/navigation.cpp:113:54:[m[K [01;31m[Kerror: [m[Kâ€˜[01m[Kclass NavigationNode[m[Kâ€™ has no member named â€˜[01m[Kget_parameter[m[Kâ€™
[23.979s]   113 |                         BackwardLinCmdLimit_ = this->[01;31m[Kget_parameter[m[K("BackwardLinCmdLimit").as_double();
[23.979s]       |                                                      [01;31m[K^~~~~~~~~~~~~[m[K
[23.979s] [01m[K/home/neha/ros2_ws/src/semnav_migration/src/navigation.cpp:114:46:[m[K [01;31m[Kerror: [m[Kâ€˜[01m[Kclass NavigationNode[m[Kâ€™ has no member named â€˜[01m[Kget_parameter[m[Kâ€™
[23.979s]   114 |                         AngCmdLimit_ = this->[01;31m[Kget_parameter[m[K("AngCmdLimit").as_double();
[23.983s]       |                                              [01;31m[K^~~~~~~~~~~~~[m[K
[23.984s] [01m[K/home/neha/ros2_ws/src/semnav_migration/src/navigation.cpp:115:52:[m[K [01;31m[Kerror: [m[Kâ€˜[01m[Kclass NavigationNode[m[Kâ€™ has no member named â€˜[01m[Kget_parameter[m[Kâ€™
[23.984s]   115 |                         RFunctionExponent_ = this->[01;31m[Kget_parameter[m[K("RFunctionExponent").as_double();
[23.984s]       |                                                    [01;31m[K^~~~~~~~~~~~~[m[K
[23.984s] [01m[K/home/neha/ros2_ws/src/semnav_migration/src/navigation.cpp:116:42:[m[K [01;31m[Kerror: [m[Kâ€˜[01m[Kclass NavigationNode[m[Kâ€™ has no member named â€˜[01m[Kget_parameter[m[Kâ€™
[23.984s]   116 |                         Epsilon_ = this->[01;31m[Kget_parameter[m[K("Epsilon").as_double();
[23.984s]       |                                          [01;31m[K^~~~~~~~~~~~~[m[K
[23.985s] [01m[K/home/neha/ros2_ws/src/semnav_migration/src/navigation.cpp:117:45:[m[K [01;31m[Kerror: [m[Kâ€˜[01m[Kclass NavigationNode[m[Kâ€™ has no member named â€˜[01m[Kget_parameter[m[Kâ€™
[23.985s]   117 |                         VarEpsilon_ = this->[01;31m[Kget_parameter[m[K("VarEpsilon").as_double();
[23.985s]       |                                             [01;31m[K^~~~~~~~~~~~~[m[K
[23.985s] [01m[K/home/neha/ros2_ws/src/semnav_migration/src/navigation.cpp:118:38:[m[K [01;31m[Kerror: [m[Kâ€˜[01m[Kclass NavigationNode[m[Kâ€™ has no member named â€˜[01m[Kget_parameter[m[Kâ€™
[23.985s]   118 |                         Mu1_ = this->[01;31m[Kget_parameter[m[K("Mu1").as_double();
[23.985s]       |                                      [01;31m[K^~~~~~~~~~~~~[m[K
[23.987s] [01m[K/home/neha/ros2_ws/src/semnav_migration/src/navigation.cpp:119:38:[m[K [01;31m[Kerror: [m[Kâ€˜[01m[Kclass NavigationNode[m[Kâ€™ has no member named â€˜[01m[Kget_parameter[m[Kâ€™
[23.988s]   119 |                         Mu2_ = this->[01;31m[Kget_parameter[m[K("Mu2").as_double();
[23.988s]       |                                      [01;31m[K^~~~~~~~~~~~~[m[K
[23.988s] [01m[K/home/neha/ros2_ws/src/semnav_migration/src/navigation.cpp:120:55:[m[K [01;31m[Kerror: [m[Kâ€˜[01m[Kclass NavigationNode[m[Kâ€™ has no member named â€˜[01m[Kget_parameter[m[Kâ€™
[23.988s]   120 |                         DiffeoTreeUpdateRate_ = this->[01;31m[Kget_parameter[m[K("SemanticMapUpdateRate").as_double();
[23.988s]       |                                                       [01;31m[K^~~~~~~~~~~~~[m[K
[23.989s] [01m[K/home/neha/ros2_ws/src/semnav_migration/src/navigation.cpp:122:45:[m[K [01;31m[Kerror: [m[Kâ€˜[01m[Kclass NavigationNode[m[Kâ€™ has no member named â€˜[01m[Kget_parameter[m[Kâ€™
[23.989s]   122 |                         LinearGain_ = this->[01;31m[Kget_parameter[m[K("LinearGain").as_double();
[23.989s]       |                                             [01;31m[K^~~~~~~~~~~~~[m[K
[23.989s] [01m[K/home/neha/ros2_ws/src/semnav_migration/src/navigation.cpp:123:46:[m[K [01;31m[Kerror: [m[Kâ€˜[01m[Kclass NavigationNode[m[Kâ€™ has no member named â€˜[01m[Kget_parameter[m[Kâ€™
[23.989s]   123 |                         AngularGain_ = this->[01;31m[Kget_parameter[m[K("AngularGain").as_double();
[23.989s]       |                                              [01;31m[K^~~~~~~~~~~~~[m[K
[23.989s] [01m[K/home/neha/ros2_ws/src/semnav_migration/src/navigation.cpp:124:41:[m[K [01;31m[Kerror: [m[Kâ€˜[01m[Kclass NavigationNode[m[Kâ€™ has no member named â€˜[01m[Kget_parameter[m[Kâ€™
[23.990s]   124 |                         Goal_x_ = this->[01;31m[Kget_parameter[m[K("Goal_x").as_double();
[23.990s]       |                                         [01;31m[K^~~~~~~~~~~~~[m[K
[23.990s] [01m[K/home/neha/ros2_ws/src/semnav_migration/src/navigation.cpp:125:41:[m[K [01;31m[Kerror: [m[Kâ€˜[01m[Kclass NavigationNode[m[Kâ€™ has no member named â€˜[01m[Kget_parameter[m[Kâ€™
[23.990s]   125 |                         Goal_y_ = this->[01;31m[Kget_parameter[m[K("Goal_y").as_double();
[23.990s]       |                                         [01;31m[K^~~~~~~~~~~~~[m[K
[23.990s] [01m[K/home/neha/ros2_ws/src/semnav_migration/src/navigation.cpp:126:44:[m[K [01;31m[Kerror: [m[Kâ€˜[01m[Kclass NavigationNode[m[Kâ€™ has no member named â€˜[01m[Kget_parameter[m[Kâ€™
[23.993s]   126 |                         Tolerance_ = this->[01;31m[Kget_parameter[m[K("Tolerance").as_double();
[23.993s]       |                                            [01;31m[K^~~~~~~~~~~~~[m[K
[24.024s] [01m[K/home/neha/ros2_ws/src/semnav_migration/src/navigation.cpp:128:25:[m[K [01;31m[Kerror: [m[Kâ€˜[01m[KLowpassCutOff_[m[Kâ€™ was not declared in this scope; did you mean â€˜[01m[KLowpassCutoff_[m[Kâ€™?
[24.024s]   128 |                         [01;31m[KLowpassCutOff_[m[K = this->get_parameter("LowpassCutOff").as_double();
[24.024s]       |                         [01;31m[K^~~~~~~~~~~~~~[m[K
[24.024s]       |                         [32m[KLowpassCutoff_[m[K
[24.025s] [01m[K/home/neha/ros2_ws/src/semnav_migration/src/navigation.cpp:128:48:[m[K [01;31m[Kerror: [m[Kâ€˜[01m[Kclass NavigationNode[m[Kâ€™ has no member named â€˜[01m[Kget_parameter[m[Kâ€™
[24.025s]   128 |                         LowpassCutOff_ = this->[01;31m[Kget_parameter[m[K("LowpassCutOff").as_double();
[24.026s]       |                                                [01;31m[K^~~~~~~~~~~~~[m[K
[24.026s] [01m[K/home/neha/ros2_ws/src/semnav_migration/src/navigation.cpp:129:50:[m[K [01;31m[Kerror: [m[Kâ€˜[01m[Kclass NavigationNode[m[Kâ€™ has no member named â€˜[01m[Kget_parameter[m[Kâ€™
[24.026s]   129 |                         LowpassSampling_ = this->[01;31m[Kget_parameter[m[K("LowpassSampling").as_double();
[24.027s]       |                                                  [01;31m[K^~~~~~~~~~~~~[m[K
[24.027s] [01m[K/home/neha/ros2_ws/src/semnav_migration/src/navigation.cpp:130:47:[m[K [01;31m[Kerror: [m[Kâ€˜[01m[Kclass NavigationNode[m[Kâ€™ has no member named â€˜[01m[Kget_parameter[m[Kâ€™
[24.028s]   130 |                         LowpassOrder_ = this->[01;31m[Kget_parameter[m[K("LowpassOrder").as_double();
[24.028s]       |                                               [01;31m[K^~~~~~~~~~~~~[m[K
[24.028s] [01m[K/home/neha/ros2_ws/src/semnav_migration/src/navigation.cpp:131:49:[m[K [01;31m[Kerror: [m[Kâ€˜[01m[Kclass NavigationNode[m[Kâ€™ has no member named â€˜[01m[Kget_parameter[m[Kâ€™
[24.029s]   131 |                         LowpassSamples_ = this->[01;31m[Kget_parameter[m[K("LowpassSamples").as_double();
[24.029s]       |                                                 [01;31m[K^~~~~~~~~~~~~[m[K
[24.030s] [01m[K/home/neha/ros2_ws/src/semnav_migration/src/navigation.cpp:133:44:[m[K [01;31m[Kerror: [m[Kâ€˜[01m[Kclass NavigationNode[m[Kâ€™ has no member named â€˜[01m[Kget_parameter[m[Kâ€™
[24.030s]   133 |                         DebugFlag_ = this->[01;31m[Kget_parameter[m[K("DebugFlag").as_bool();
[24.030s]       |                                            [01;31m[K^~~~~~~~~~~~~[m[K
[24.032s] [01m[K/home/neha/ros2_ws/src/semnav_migration/src/navigation.cpp:136:47:[m[K [01;31m[Kerror: [m[Kâ€˜[01m[Kclass rclcpp::Node[m[Kâ€™ has no member named â€˜[01m[Kadvertise[m[Kâ€™
[24.032s]   136 |                         pub_behaviorID_ = nh_.[01;31m[Kadvertise[m[K<std_msgs::UInt32>(pub_behaviorID_topic_, 1, true);
[24.032s]       |                                               [01;31m[K^~~~~~~~~[m[K
[24.035s] [01m[K/home/neha/ros2_ws/src/semnav_migration/src/navigation.cpp:136:67:[m[K [01;31m[Kerror: [m[Kâ€˜[01m[KUInt32[m[Kâ€™ is not a member of â€˜[01m[Kstd_msgs[m[Kâ€™
[24.035s]   136 |                         pub_behaviorID_ = nh_.advertise<std_msgs::[01;31m[KUInt32[m[K>(pub_behaviorID_topic_, 1, true);
[24.036s]       |                                                                   [01;31m[K^~~~~~[m[K
[24.038s] [01m[K/home/neha/ros2_ws/src/semnav_migration/src/navigation.cpp:137:49:[m[K [01;31m[Kerror: [m[Kâ€˜[01m[Kclass rclcpp::Node[m[Kâ€™ has no member named â€˜[01m[Kadvertise[m[Kâ€™
[24.038s]   137 |                         pub_behaviorMode_ = nh_.[01;31m[Kadvertise[m[K<std_msgs::UInt32>(pub_behaviorMode_topic_, 1, true);
[24.038s]       |                                                 [01;31m[K^~~~~~~~~[m[K
[24.041s] [01m[K/home/neha/ros2_ws/src/semnav_migration/src/navigation.cpp:137:69:[m[K [01;31m[Kerror: [m[Kâ€˜[01m[KUInt32[m[Kâ€™ is not a member of â€˜[01m[Kstd_msgs[m[Kâ€™
[24.041s]   137 |                         pub_behaviorMode_ = nh_.advertise<std_msgs::[01;31m[KUInt32[m[K>(pub_behaviorMode_topic_, 1, true);
[24.041s]       |                                                                     [01;31m[K^~~~~~[m[K
[24.042s] [01m[K/home/neha/ros2_ws/src/semnav_migration/src/navigation.cpp:138:42:[m[K [01;31m[Kerror: [m[Kâ€˜[01m[Kclass rclcpp::Node[m[Kâ€™ has no member named â€˜[01m[Kadvertise[m[Kâ€™
[24.045s]   138 |                         pub_twist_ = nh_.[01;31m[Kadvertise[m[K<geometry_msgs::Twist>(pub_twist_topic_, 1, true);
[24.045s]       |                                          [01;31m[K^~~~~~~~~[m[K
[24.051s] [01m[K/home/neha/ros2_ws/src/semnav_migration/src/navigation.cpp:138:67:[m[K [01;31m[Kerror: [m[Kâ€˜[01m[KTwist[m[Kâ€™ is not a member of â€˜[01m[Kgeometry_msgs[m[Kâ€™; did you mean â€˜[01m[Kgeometry_msgs::msg::Twist[m[Kâ€™?
[24.052s]   138 |                         pub_twist_ = nh_.advertise<geometry_msgs::[01;31m[KTwist[m[K>(pub_twist_topic_, 1, true);
[24.052s]       |                                                                   [01;31m[K^~~~~[m[K
[24.055s] In file included from [01m[K/opt/ros/jazzy/include/geometry_msgs/geometry_msgs/msg/detail/velocity_stamped__struct.hpp:25[m[K,
[24.055s]                  from [01m[K/opt/ros/jazzy/include/geometry_msgs/geometry_msgs/msg/velocity_stamped.hpp:7[m[K,
[24.055s]                  from [01m[K/opt/ros/jazzy/include/tf2/tf2/buffer_core.h:49[m[K,
[24.055s]                  from [01m[K/opt/ros/jazzy/include/tf2_ros/tf2_ros/async_buffer_interface.h:39[m[K,
[24.055s]                  from [01m[K/opt/ros/jazzy/include/tf2_ros/tf2_ros/buffer.h:42[m[K,
[24.055s]                  from [01m[K/home/neha/ros2_ws/src/semnav_migration/include/reactive_planner_lib.h:38[m[K:
[24.056s] [01m[K/opt/ros/jazzy/include/geometry_msgs/geometry_msgs/msg/detail/twist__struct.hpp:137:7:[m[K [01;36m[Knote: [m[Kâ€˜[01m[Kgeometry_msgs::msg::Twist[m[Kâ€™ declared here
[24.056s]   137 | using [01;36m[KTwist[m[K =
[24.056s]       |       [01;36m[K^~~~~[m[K
[24.059s] [01m[K/home/neha/ros2_ws/src/semnav_migration/src/navigation.cpp:141:66:[m[K [01;31m[Kerror: [m[Kâ€˜[01m[KLaserScan[m[Kâ€™ is not a member of â€˜[01m[Ksensor_msgs[m[Kâ€™; did you mean â€˜[01m[Ksensor_msgs::msg::LaserScan[m[Kâ€™?
[24.059s]   141 |                         message_filters::Subscriber<sensor_msgs::[01;31m[KLaserScan[m[K> sub_laser(nh_, sub_laser_topic_, 1);
[24.059s]       |                                                                  [01;31m[K^~~~~~~~~[m[K
[24.060s] In file included from [01m[K/opt/ros/jazzy/include/sensor_msgs/sensor_msgs/msg/laser_scan.hpp:7[m[K,
[24.060s]                  from [01m[K/home/neha/ros2_ws/src/semnav_migration/include/reactive_planner_lib.h:48[m[K:
[24.061s] [01m[K/opt/ros/jazzy/include/sensor_msgs/sensor_msgs/msg/detail/laser_scan__struct.hpp:250:7:[m[K [01;36m[Knote: [m[Kâ€˜[01m[Ksensor_msgs::msg::LaserScan[m[Kâ€™ declared here
[24.061s]   250 | using [01;36m[KLaserScan[m[K =
[24.061s]       |       [01;36m[K^~~~~~~~~[m[K
[24.064s] [01m[K/home/neha/ros2_ws/src/semnav_migration/src/navigation.cpp:141:75:[m[K [01;31m[Kerror: [m[Ktemplate argument 1 is invalid
[24.064s]   141 |                         message_filters::Subscriber<sensor_msgs::LaserScan[01;31m[K>[m[K sub_laser(nh_, sub_laser_topic_, 1);
[24.064s]       |                                                                           [01;31m[K^[m[K
[24.064s] [01m[K/home/neha/ros2_ws/src/semnav_migration/src/navigation.cpp:141:111:[m[K [01;31m[Kerror: [m[Kexpression list treated as compound expression in initializer [[01;31m[K]8;;https://gcc.gnu.org/onlinedocs/gcc/Warning-Options.html#index-fpermissive-fpermissive]8;;[m[K]
[24.064s]   141 |                         message_filters::Subscriber<sensor_msgs::LaserScan> sub_laser(nh_, sub_laser_topic_, 1[01;31m[K)[m[K;
[24.064s]       |                                                                                                               [01;31m[K^[m[K
[24.067s] [01m[K/home/neha/ros2_ws/src/semnav_migration/src/navigation.cpp:142:63:[m[K [01;31m[Kerror: [m[Kâ€˜[01m[KOdometry[m[Kâ€™ is not a member of â€˜[01m[Knav_msgs[m[Kâ€™; did you mean â€˜[01m[Knav_msgs::msg::Odometry[m[Kâ€™?
[24.068s]   142 |                         message_filters::Subscriber<nav_msgs::[01;31m[KOdometry[m[K> sub_robot(nh_, sub_robot_topic_, 1);
[24.068s]       |                                                               [01;31m[K^~~~~~~~[m[K
[24.068s] In file included from [01m[K/opt/ros/jazzy/include/nav_msgs/nav_msgs/msg/odometry.hpp:7[m[K,
[24.069s]                  from [01m[K/home/neha/ros2_ws/src/semnav_migration/include/reactive_planner_lib.h:49[m[K:
[24.069s] [01m[K/opt/ros/jazzy/include/nav_msgs/nav_msgs/msg/detail/odometry__struct.hpp:175:7:[m[K [01;36m[Knote: [m[Kâ€˜[01m[Knav_msgs::msg::Odometry[m[Kâ€™ declared here
[24.069s]   175 | using [01;36m[KOdometry[m[K =
[24.070s]       |       [01;36m[K^~~~~~~~[m[K
[24.071s] [01m[K/home/neha/ros2_ws/src/semnav_migration/src/navigation.cpp:142:71:[m[K [01;31m[Kerror: [m[Ktemplate argument 1 is invalid
[24.071s]   142 |                         message_filters::Subscriber<nav_msgs::Odometry[01;31m[K>[m[K sub_robot(nh_, sub_robot_topic_, 1);
[24.071s]       |                                                                       [01;31m[K^[m[K
[24.071s] [01m[K/home/neha/ros2_ws/src/semnav_migration/src/navigation.cpp:142:107:[m[K [01;31m[Kerror: [m[Kexpression list treated as compound expression in initializer [[01;31m[K]8;;https://gcc.gnu.org/onlinedocs/gcc/Warning-Options.html#index-fpermissive-fpermissive]8;;[m[K]
[24.071s]   142 |                         message_filters::Subscriber<nav_msgs::Odometry> sub_robot(nh_, sub_robot_topic_, 1[01;31m[K)[m[K;
[24.071s]       |                                                                                                           [01;31m[K^[m[K
[24.078s] [01m[K/home/neha/ros2_ws/src/semnav_migration/src/navigation.cpp:143:94:[m[K [01;31m[Kerror: [m[Kâ€˜[01m[KLaserScan[m[Kâ€™ is not a member of â€˜[01m[Ksensor_msgs[m[Kâ€™; did you mean â€˜[01m[Ksensor_msgs::msg::LaserScan[m[Kâ€™?
[24.078s]   143 |                         typedef message_filters::sync_policies::ApproximateTime<sensor_msgs::[01;31m[KLaserScan[m[K,nav_msgs::Odometry> SyncPolicy;
[24.078s]       |                                                                                              [01;31m[K^~~~~~~~~[m[K
[24.078s] [01m[K/opt/ros/jazzy/include/sensor_msgs/sensor_msgs/msg/detail/laser_scan__struct.hpp:250:7:[m[K [01;36m[Knote: [m[Kâ€˜[01m[Ksensor_msgs::msg::LaserScan[m[Kâ€™ declared here
[24.078s]   250 | using [01;36m[KLaserScan[m[K =
[24.078s]       |       [01;36m[K^~~~~~~~~[m[K
[24.080s] [01m[K/home/neha/ros2_ws/src/semnav_migration/src/navigation.cpp:143:114:[m[K [01;31m[Kerror: [m[Kâ€˜[01m[KOdometry[m[Kâ€™ is not a member of â€˜[01m[Knav_msgs[m[Kâ€™; did you mean â€˜[01m[Knav_msgs::msg::Odometry[m[Kâ€™?
[24.081s]   143 |                    typedef message_filters::sync_policies::ApproximateTime<sensor_msgs::LaserScan,nav_msgs::[01;31m[KOdometry[m[K> SyncPolicy;
[24.081s]       |                                                                                                             [01;31m[K^~~~~~~~[m[K
[24.082s] 
[24.082s] [01m[K/opt/ros/jazzy/include/nav_msgs/nav_msgs/msg/detail/odometry__struct.hpp:175:7:[m[K [01;36m[Knote: [m[Kâ€˜[01m[Knav_msgs::msg::Odometry[m[Kâ€™ declared here
[24.082s]   175 | using [01;36m[KOdometry[m[K =
[24.082s]       |       [01;36m[K^~~~~~~~[m[K
[24.085s] [01m[K/home/neha/ros2_ws/src/semnav_migration/src/navigation.cpp:143:122:[m[K [01;31m[Kerror: [m[Ktemplate argument 1 is invalid
[24.085s]   143 |            typedef message_filters::sync_policies::ApproximateTime<sensor_msgs::LaserScan,nav_msgs::Odometry[01;31m[K>[m[K SyncPolicy;
[24.085s]       |                                                                                                             [01;31m[K^[m[K
[24.085s] 
[24.085s] [01m[K/home/neha/ros2_ws/src/semnav_migration/src/navigation.cpp:143:122:[m[K [01;31m[Kerror: [m[Ktemplate argument 2 is invalid
[24.085s] In file included from [01m[K/home/neha/ros2_ws/src/semnav_migration/include/reactive_planner_lib.h:46[m[K:
[24.086s] /opt/ros/jazzy/include/message_filters/message_filters/synchronizer.h: In instantiation of â€˜[01m[Kclass message_filters::Synchronizer<int>[m[Kâ€™:
[24.086s] [01m[K/home/neha/ros2_ws/src/semnav_migration/src/navigation.cpp:146:64:[m[K   required from here
[24.086s] [01m[K/opt/ros/jazzy/include/message_filters/message_filters/synchronizer.h:53:7:[m[K [01;31m[Kerror: [m[Kbase type â€˜[01m[Kint[m[Kâ€™ fails to be a struct or class type
[24.087s]    53 | class [01;31m[KSynchronizer[m[K : public noncopyable, public Policy
[24.087s]       |       [01;31m[K^~~~~~~~~~~~[m[K
[24.087s] [01m[K/opt/ros/jazzy/include/message_filters/message_filters/synchronizer.h:56:37:[m[K [01;31m[Kerror: [m[Kâ€˜[01m[Kint[m[Kâ€™ is not a class, struct, or union type
[24.088s]    56 |   typedef typename Policy::Messages [01;31m[KMessages[m[K;
[24.088s]       |                                     [01;31m[K^~~~~~~~[m[K
[24.088s] [01m[K/opt/ros/jazzy/include/message_filters/message_filters/synchronizer.h:57:35:[m[K [01;31m[Kerror: [m[Kâ€˜[01m[Kint[m[Kâ€™ is not a class, struct, or union type
[24.088s]    57 |   typedef typename Policy::Events [01;31m[KEvents[m[K;
[24.088s]       |                                   [01;31m[K^~~~~~[m[K
[24.090s] [01m[K/opt/ros/jazzy/include/message_filters/message_filters/synchronizer.h:58:35:[m[K [01;31m[Kerror: [m[Kâ€˜[01m[Kint[m[Kâ€™ is not a class, struct, or union type
[24.090s]    58 |   typedef typename Policy::Signal [01;31m[KSignal[m[K;
[24.090s]       |                                   [01;31m[K^~~~~~[m[K
[24.090s] [01m[K/opt/ros/jazzy/include/message_filters/message_filters/synchronizer.h:60:58:[m[K [01;31m[Kerror: [m[Kâ€˜[01m[Kint[m[Kâ€™ is not a class, struct, or union type
[24.090s]    60 |   typedef typename std::tuple_element<0, Messages>::type [01;31m[KM0[m[K;
[24.091s]       |                                                          [01;31m[K^~[m[K
[24.091s] [01m[K/opt/ros/jazzy/include/message_filters/message_filters/synchronizer.h:61:58:[m[K [01;31m[Kerror: [m[Kâ€˜[01m[Kint[m[Kâ€™ is not a class, struct, or union type
[24.091s]    61 |   typedef typename std::tuple_element<1, Messages>::type [01;31m[KM1[m[K;
[24.091s]       |                                                          [01;31m[K^~[m[K
[24.091s] [01m[K/opt/ros/jazzy/include/message_filters/message_filters/synchronizer.h:62:58:[m[K [01;31m[Kerror: [m[Kâ€˜[01m[Kint[m[Kâ€™ is not a class, struct, or union type
[24.091s]    62 |   typedef typename std::tuple_element<2, Messages>::type [01;31m[KM2[m[K;
[24.095s]       |                                                          [01;31m[K^~[m[K
[24.095s] [01m[K/opt/ros/jazzy/include/message_filters/message_filters/synchronizer.h:63:58:[m[K [01;31m[Kerror: [m[Kâ€˜[01m[Kint[m[Kâ€™ is not a class, struct, or union type
[24.095s]    63 |   typedef typename std::tuple_element<3, Messages>::type [01;31m[KM3[m[K;
[24.095s]       |                                                          [01;31m[K^~[m[K
[24.095s] [01m[K/opt/ros/jazzy/include/message_filters/message_filters/synchronizer.h:64:58:[m[K [01;31m[Kerror: [m[Kâ€˜[01m[Kint[m[Kâ€™ is not a class, struct, or union type
[24.095s]    64 |   typedef typename std::tuple_element<4, Messages>::type [01;31m[KM4[m[K;
[24.095s]       |                                                          [01;31m[K^~[m[K
[24.096s] [01m[K/opt/ros/jazzy/include/message_filters/message_filters/synchronizer.h:65:58:[m[K [01;31m[Kerror: [m[Kâ€˜[01m[Kint[m[Kâ€™ is not a class, struct, or union type
[24.096s]    65 |   typedef typename std::tuple_element<5, Messages>::type [01;31m[KM5[m[K;
[24.096s]       |                                                          [01;31m[K^~[m[K
[24.096s] [01m[K/opt/ros/jazzy/include/message_filters/message_filters/synchronizer.h:66:58:[m[K [01;31m[Kerror: [m[Kâ€˜[01m[Kint[m[Kâ€™ is not a class, struct, or union type
[24.096s]    66 |   typedef typename std::tuple_element<6, Messages>::type [01;31m[KM6[m[K;
[24.098s]       |                                                          [01;31m[K^~[m[K
[24.099s] [01m[K/opt/ros/jazzy/include/message_filters/message_filters/synchronizer.h:67:58:[m[K [01;31m[Kerror: [m[Kâ€˜[01m[Kint[m[Kâ€™ is not a class, struct, or union type
[24.099s]    67 |   typedef typename std::tuple_element<7, Messages>::type [01;31m[KM7[m[K;
[24.099s]       |                                                          [01;31m[K^~[m[K
[24.099s] [01m[K/opt/ros/jazzy/include/message_filters/message_filters/synchronizer.h:68:58:[m[K [01;31m[Kerror: [m[Kâ€˜[01m[Kint[m[Kâ€™ is not a class, struct, or union type
[24.099s]    68 |   typedef typename std::tuple_element<8, Messages>::type [01;31m[KM8[m[K;
[24.099s]       |                                                          [01;31m[K^~[m[K
[24.100s] [01m[K/opt/ros/jazzy/include/message_filters/message_filters/synchronizer.h:71:56:[m[K [01;31m[Kerror: [m[Kâ€˜[01m[Kint[m[Kâ€™ is not a class, struct, or union type
[24.100s]    71 |   typedef typename std::tuple_element<0, Events>::type [01;31m[KM0Event[m[K;
[24.100s]       |                                                        [01;31m[K^~~~~~~[m[K
[24.102s] [01m[K/opt/ros/jazzy/include/message_filters/message_filters/synchronizer.h:72:56:[m[K [01;31m[Kerror: [m[Kâ€˜[01m[Kint[m[Kâ€™ is not a class, struct, or union type
[24.102s]    72 |   typedef typename std::tuple_element<1, Events>::type [01;31m[KM1Event[m[K;
[24.102s]       |                                                        [01;31m[K^~~~~~~[m[K
[24.103s] [01m[K/opt/ros/jazzy/include/message_filters/message_filters/synchronizer.h:73:56:[m[K [01;31m[Kerror: [m[Kâ€˜[01m[Kint[m[Kâ€™ is not a class, struct, or union type
[24.104s]    73 |   typedef typename std::tuple_element<2, Events>::type [01;31m[KM2Event[m[K;
[24.104s]       |                                                        [01;31m[K^~~~~~~[m[K
[24.104s] [01m[K/opt/ros/jazzy/include/message_filters/message_filters/synchronizer.h:74:56:[m[K [01;31m[Kerror: [m[Kâ€˜[01m[Kint[m[Kâ€™ is not a class, struct, or union type
[24.104s]    74 |   typedef typename std::tuple_element<3, Events>::type [01;31m[KM3Event[m[K;
[24.105s]       |                                                        [01;31m[K^~~~~~~[m[K
[24.105s] [01m[K/opt/ros/jazzy/include/message_filters/message_filters/synchronizer.h:75:56:[m[K [01;31m[Kerror: [m[Kâ€˜[01m[Kint[m[Kâ€™ is not a class, struct, or union type
[24.105s]    75 |   typedef typename std::tuple_element<4, Events>::type [01;31m[KM4Event[m[K;
[24.105s]       |                                                        [01;31m[K^~~~~~~[m[K
[24.105s] [01m[K/opt/ros/jazzy/include/message_filters/message_filters/synchronizer.h:76:56:[m[K [01;31m[Kerror: [m[Kâ€˜[01m[Kint[m[Kâ€™ is not a class, struct, or union type
[24.105s]    76 |   typedef typename std::tuple_element<5, Events>::type [01;31m[KM5Event[m[K;
[24.105s]       |                                                        [01;31m[K^~~~~~~[m[K
[24.106s] [01m[K/opt/ros/jazzy/include/message_filters/message_filters/synchronizer.h:77:56:[m[K [01;31m[Kerror: [m[Kâ€˜[01m[Kint[m[Kâ€™ is not a class, struct, or union type
[24.106s]    77 |   typedef typename std::tuple_element<6, Events>::type [01;31m[KM6Event[m[K;
[24.106s]       |                                                        [01;31m[K^~~~~~~[m[K
[24.106s] [01m[K/opt/ros/jazzy/include/message_filters/message_filters/synchronizer.h:78:56:[m[K [01;31m[Kerror: [m[Kâ€˜[01m[Kint[m[Kâ€™ is not a class, struct, or union type
[24.106s]    78 |   typedef typename std::tuple_element<7, Events>::type [01;31m[KM7Event[m[K;
[24.106s]       |                                                        [01;31m[K^~~~~~~[m[K
[24.108s] [01m[K/opt/ros/jazzy/include/message_filters/message_filters/synchronizer.h:79:56:[m[K [01;31m[Kerror: [m[Kâ€˜[01m[Kint[m[Kâ€™ is not a class, struct, or union type
[24.109s]    79 |   typedef typename std::tuple_element<8, Events>::type [01;31m[KM8Event[m[K;
[24.109s]       |                                                        [01;31m[K^~~~~~~[m[K
[24.109s] [01m[K/opt/ros/jazzy/include/message_filters/message_filters/synchronizer.h:325:17:[m[K [01;31m[Kerror: [m[Kâ€˜[01m[Kint[m[Kâ€™ is not a class, namespace, or enumeration
[24.109s]   325 |   using Policy::[01;31m[Kadd[m[K;
[24.109s]       |                 [01;31m[K^~~[m[K
[24.110s] [01m[K/opt/ros/jazzy/include/message_filters/message_filters/synchronizer.h:328:8:[m[K [01;31m[Kerror: [m[Kâ€˜[01m[Kint[m[Kâ€™ is not a class, struct, or union type
[24.110s]   328 |   void [01;31m[Kadd[m[K(const std::shared_ptr<typename std::tuple_element<i, Messages>::type const>& msg)
[24.110s]       |        [01;31m[K^~~[m[K
[24.110s] [01m[K/opt/ros/jazzy/include/message_filters/message_filters/synchronizer.h:344:8:[m[K [01;31m[Kerror: [m[Kâ€˜[01m[Kint[m[Kâ€™ is not a class, struct, or union type
[24.110s]   344 |   void [01;31m[Kcb[m[K(const typename std::tuple_element<i, Events>::type& evt)
[24.110s]       |        [01;31m[K^~[m[K
[24.112s] [01m[K/home/neha/ros2_ws/src/semnav_migration/src/navigation.cpp:147:55:[m[K [01;31m[Kerror: [m[Kâ€˜[01m[Kbind[m[Kâ€™ is not a member of â€˜[01m[Kboost[m[Kâ€™; did you mean â€˜[01m[Kfind[m[Kâ€™?
[24.113s]   147 |                         sync->registerCallback(boost::[01;31m[Kbind[m[K(&NavigationNode::control_callback, this, _1, _2));
[24.113s]       |                                                       [01;31m[K^~~~[m[K
[24.113s]       |                                                       [32m[Kfind[m[K
[24.113s] [01m[K/home/neha/ros2_ws/src/semnav_migration/src/navigation.cpp:147:101:[m[K [01;31m[Kerror: [m[Kâ€˜[01m[K_1[m[Kâ€™ was not declared in this scope
[24.114s]   147 |                         sync->registerCallback(boost::bind(&NavigationNode::control_callback, this, [01;31m[K_1[m[K, _2));
[24.114s]       |                                                                                                     [01;31m[K^~[m[K
[24.114s] [01m[K/home/neha/ros2_ws/src/semnav_migration/src/navigation.cpp:147:101:[m[K [01;36m[Knote: [m[Ksuggested alternatives:
[24.114s] In file included from [01m[K/usr/include/boost/mpl/aux_/include_preprocessed.hpp:37[m[K,
[24.114s]                  from [01m[K/usr/include/boost/mpl/placeholders.hpp:43[m[K,
[24.114s]                  from [01m[K/usr/include/boost/iterator/iterator_categories.hpp:16[m[K,
[24.117s]                  from [01m[K/usr/include/boost/iterator/iterator_facade.hpp:13[m[K,
[24.118s]                  from [01m[K/usr/include/boost/range/iterator_range_core.hpp:27[m[K,
[24.118s]                  from [01m[K/usr/include/boost/lexical_cast.hpp:48[m[K,
[24.118s]                  from [01m[K/usr/include/boost/multiprecision/detail/number_base.hpp:29[m[K,
[24.118s]                  from [01m[K/usr/include/boost/multiprecision/traits/is_variable_precision.hpp:9[m[K,
[24.118s]                  from [01m[K/usr/include/boost/multiprecision/detail/precision.hpp:9[m[K,
[24.118s]                  from [01m[K/usr/include/boost/multiprecision/number.hpp:11[m[K,
[24.119s]                  from [01m[K/usr/include/boost/multiprecision/cpp_int.hpp:19[m[K,
[24.119s]                  from [01m[K/usr/include/boost/multiprecision/cpp_bin_float.hpp:15[m[K,
[24.119s]                  from [01m[K/usr/include/boost/geometry/core/coordinate_promotion.hpp:16[m[K,
[24.119s]                  from [01m[K/usr/include/boost/geometry/core/radian_access.hpp:30[m[K,
[24.119s]                  from [01m[K/usr/include/boost/geometry/geometry.hpp:50[m[K,
[24.119s]                  from [01m[K/usr/include/boost/geometry.hpp:17[m[K,
[24.122s]                  from [01m[K/home/neha/ros2_ws/src/semnav_migration/include/reactive_planner_lib.h:26[m[K:
[24.122s] [01m[K/usr/include/boost/mpl/aux_/preprocessed/gcc/placeholders.hpp:29:16:[m[K [01;36m[Knote: [m[K  â€˜[01m[Kmpl_::_1[m[Kâ€™
[24.122s]    29 | typedef arg<1> [01;36m[K_1[m[K;
[24.122s]       |                [01;36m[K^~[m[K
[24.122s] In file included from [01m[K/usr/include/boost/numeric/conversion/converter_policies.hpp:13[m[K,
[24.122s]                  from [01m[K/usr/include/boost/numeric/conversion/converter.hpp:14[m[K,
[24.123s]                  from [01m[K/usr/include/boost/numeric/conversion/cast.hpp:33[m[K,
[24.123s]                  from [01m[K/usr/include/boost/geometry/core/radian_access.hpp:26[m[K:
[24.123s] [01m[K/usr/include/c++/13/functional:294:48:[m[K [01;36m[Knote: [m[K  â€˜[01m[Kstd::placeholders::_1[m[Kâ€™
[24.123s]   294 |     _GLIBCXX_PLACEHOLDER const _Placeholder<1> [01;36m[K_1[m[K;
[24.123s]       |                                                [01;36m[K^~[m[K
[24.125s] [01m[K/usr/include/boost/mpl/aux_/preprocessed/gcc/placeholders.hpp:29:16:[m[K [01;36m[Knote: [m[K  â€˜[01m[Kmpl_::_1[m[Kâ€™
[24.126s]    29 | typedef arg<1> [01;36m[K_1[m[K;
[24.126s]       |                [01;36m[K^~[m[K
[24.126s] In file included from [01m[K/usr/include/boost/describe/members.hpp:20[m[K,
[24.126s]                  from [01m[K/usr/include/boost/container_hash/is_described_class.hpp:11[m[K,
[24.126s]                  from [01m[K/usr/include/boost/container_hash/hash.hpp:18[m[K,
[24.126s]                  from [01m[K/usr/include/boost/functional/hash.hpp:6[m[K,
[24.126s]                  from [01m[K/usr/include/CGAL/Kernel/hash_functions.h:16[m[K,
[24.127s]                  from [01m[K/usr/include/CGAL/Kernel/global_functions.h:25[m[K,
[24.127s]                  from [01m[K/usr/include/CGAL/Cartesian/Cartesian_base.h:22[m[K,
[24.127s]                  from [01m[K/usr/include/CGAL/Simple_cartesian.h:20[m[K,
[24.127s]                  from [01m[K/usr/include/CGAL/Exact_predicates_inexact_constructions_kernel.h:20[m[K,
[24.127s]                  from [01m[K/home/neha/ros2_ws/src/semnav_migration/include/polygeom_lib.h:32[m[K,
[24.129s]                  from [01m[K/home/neha/ros2_ws/src/semnav_migration/include/reactive_planner_lib.h:53[m[K:
[24.130s] [01m[K/usr/include/boost/mp11/bind.hpp:45:7:[m[K [01;36m[Knote: [m[K  â€˜[01m[Kboost::mp11::_1[m[Kâ€™
[24.130s]    45 | using [01;36m[K_1[m[K = mp_arg<0>;
[24.130s]       |       [01;36m[K^~[m[K
[24.130s] [01m[K/usr/include/boost/mpl/aux_/preprocessed/gcc/placeholders.hpp:29:16:[m[K [01;36m[Knote: [m[K  â€˜[01m[Kmpl_::_1[m[Kâ€™
[24.130s]    29 | typedef arg<1> [01;36m[K_1[m[K;
[24.130s]       |                [01;36m[K^~[m[K
[24.130s] [01m[K/home/neha/ros2_ws/src/semnav_migration/src/navigation.cpp:147:105:[m[K [01;31m[Kerror: [m[Kâ€˜[01m[K_2[m[Kâ€™ was not declared in this scope
[24.131s]   147 |                         sync->registerCallback(boost::bind(&NavigationNode::control_callback, this, _1, [01;31m[K_2[m[K));
[24.131s]       |                                                                                                         [01;31m[K^~[m[K
[24.131s] [01m[K/home/neha/ros2_ws/src/semnav_migration/src/navigation.cpp:147:105:[m[K [01;36m[Knote: [m[Ksuggested alternatives:
[24.131s] [01m[K/usr/include/boost/mpl/aux_/preprocessed/gcc/placeholders.hpp:42:16:[m[K [01;36m[Knote: [m[K  â€˜[01m[Kmpl_::_2[m[Kâ€™
[24.131s]    42 | typedef arg<2> [01;36m[K_2[m[K;
[24.131s]       |                [01;36m[K^~[m[K
[24.134s] [01m[K/usr/include/c++/13/functional:295:48:[m[K [01;36m[Knote: [m[K  â€˜[01m[Kstd::placeholders::_2[m[Kâ€™
[24.134s]   295 |     _GLIBCXX_PLACEHOLDER const _Placeholder<2> [01;36m[K_2[m[K;
[24.134s]       |                                                [01;36m[K^~[m[K
[24.134s] [01m[K/usr/include/boost/mpl/aux_/preprocessed/gcc/placeholders.hpp:42:16:[m[K [01;36m[Knote: [m[K  â€˜[01m[Kmpl_::_2[m[Kâ€™
[24.134s]    42 | typedef arg<2> [01;36m[K_2[m[K;
[24.134s]       |                [01;36m[K^~[m[K
[24.134s] [01m[K/usr/include/boost/mp11/bind.hpp:46:7:[m[K [01;36m[Knote: [m[K  â€˜[01m[Kboost::mp11::_2[m[Kâ€™
[24.135s]    46 | using [01;36m[K_2[m[K = mp_arg<1>;
[24.135s]       |       [01;36m[K^~[m[K
[24.135s] [01m[K/usr/include/boost/mpl/aux_/preprocessed/gcc/placeholders.hpp:42:16:[m[K [01;36m[Knote: [m[K  â€˜[01m[Kmpl_::_2[m[Kâ€™
[24.135s]    42 | typedef arg<2> [01;36m[K_2[m[K;
[24.135s]       |                [01;36m[K^~[m[K
[24.135s] [01m[K/home/neha/ros2_ws/src/semnav_migration/src/navigation.cpp:149:65:[m[K [01;31m[Kerror: [m[Kâ€˜[01m[Kclass rclcpp::Node[m[Kâ€™ has no member named â€˜[01m[Ksubscribe[m[Kâ€™
[24.138s]   149 |                         rclcpp::Subscription sub_semantic = nh_.[01;31m[Ksubscribe[m[K(sub_semantic_topic_, 1, &NavigationNode::diffeo_tree_update, this);
[24.138s]       |                                                                 [01;31m[K^~~~~~~~~[m[K
[24.138s] [01m[K/home/neha/ros2_ws/src/semnav_migration/src/navigation.cpp:153:45:[m[K [01;31m[Kerror: [m[Kno matching function for call to â€˜[01m[Krclcpp::Duration::Duration(double)[m[Kâ€™
[24.138s]   153 |                         rclcpp::Duration(5.0[01;31m[K)[m[K.sleep();
[24.138s]       |                                             [01;31m[K^[m[K
[24.138s] In file included from [01m[K/opt/ros/jazzy/include/rclcpp/rclcpp/time.hpp:24[m[K,
[24.138s]                  from [01m[K/opt/ros/jazzy/include/rclcpp/rclcpp/clock.hpp:24[m[K,
[24.139s]                  from [01m[K/opt/ros/jazzy/include/rclcpp/rclcpp/client.hpp:38[m[K,
[24.139s]                  from [01m[K/opt/ros/jazzy/include/rclcpp/rclcpp/callback_group.hpp:24[m[K,
[24.139s]                  from [01m[K/opt/ros/jazzy/include/rclcpp/rclcpp/any_executable.hpp:20[m[K,
[24.139s]                  from [01m[K/opt/ros/jazzy/include/rclcpp/rclcpp/memory_strategy.hpp:25[m[K,
[24.139s]                  from [01m[K/opt/ros/jazzy/include/rclcpp/rclcpp/memory_strategies.hpp:18[m[K,
[24.139s]                  from [01m[K/opt/ros/jazzy/include/rclcpp/rclcpp/executor_options.hpp:22[m[K,
[24.141s]                  from [01m[K/opt/ros/jazzy/include/rclcpp/rclcpp/executor.hpp:38[m[K,
[24.142s]                  from [01m[K/opt/ros/jazzy/include/rclcpp/rclcpp/executors/multi_threaded_executor.hpp:25[m[K,
[24.142s]                  from [01m[K/opt/ros/jazzy/include/rclcpp/rclcpp/executors.hpp:21[m[K,
[24.142s]                  from [01m[K/opt/ros/jazzy/include/rclcpp/rclcpp/rclcpp.hpp:172[m[K:
[24.142s] [01m[K/opt/ros/jazzy/include/rclcpp/rclcpp/duration.hpp:49:3:[m[K [01;36m[Knote: [m[Kcandidate: â€˜[01m[Ktemplate<class Rep, class Period> rclcpp::Duration::[01;32m[KDuration[m[K(const std::chrono::duration<_Rep1, _Period1>&)[m[Kâ€™
[24.142s]    49 |   [01;36m[KDuration[m[K(const std::chrono::duration<Rep, Period> & duration)  // NOLINT(runtime/explicit)
[24.143s]       |   [01;36m[K^~~~~~~~[m[K
[24.143s] [01m[K/opt/ros/jazzy/include/rclcpp/rclcpp/duration.hpp:49:3:[m[K [01;36m[Knote: [m[K  template argument deduction/substitution failed:
[24.143s] [01m[K/home/neha/ros2_ws/src/semnav_migration/src/navigation.cpp:153:45:[m[K [01;36m[Knote: [m[K  mismatched types â€˜[01m[Kconst std::chrono::duration<_Rep1, _Period1>[m[Kâ€™ and â€˜[01m[Kdouble[m[Kâ€™
[24.143s]   153 |                         rclcpp::Duration(5.0[01;36m[K)[m[K.sleep();
[24.143s]       |                                             [01;36m[K^[m[K
[24.144s] [01m[K/opt/ros/jazzy/include/rclcpp/rclcpp/duration.hpp:159:3:[m[K [01;36m[Knote: [m[Kcandidate: â€˜[01m[Krclcpp::Duration::[01;32m[KDuration[m[K()[m[Kâ€™
[24.145s]   159 |   [01;36m[KDuration[m[K() = default;
[24.145s]       |   [01;36m[K^~~~~~~~[m[K
[24.145s] [01m[K/opt/ros/jazzy/include/rclcpp/rclcpp/duration.hpp:159:3:[m[K [01;36m[Knote: [m[K  candidate expects 0 arguments, 1 provided
[24.145s] [01m[K/opt/ros/jazzy/include/rclcpp/rclcpp/duration.hpp:62:3:[m[K [01;36m[Knote: [m[Kcandidate: â€˜[01m[Krclcpp::Duration::[01;32m[KDuration[m[K(const rclcpp::Duration&)[m[Kâ€™
[24.145s]    62 |   [01;36m[KDuration[m[K(const Duration & rhs);
[24.145s]       |   [01;36m[K^~~~~~~~[m[K
[24.145s] [01m[K/opt/ros/jazzy/include/rclcpp/rclcpp/duration.hpp:62:29:[m[K [01;36m[Knote: [m[K  no known conversion for argument 1 from â€˜[01m[Kdouble[m[Kâ€™ to â€˜[01m[Kconst rclcpp::Duration&[m[Kâ€™
[24.146s]    62 |   Duration([01;36m[Kconst Duration & rhs[m[K);
[24.146s]       |            [01;36m[K~~~~~~~~~~~~~~~~~^~~[m[K
[24.146s] [01m[K/opt/ros/jazzy/include/rclcpp/rclcpp/duration.hpp:60:12:[m[K [01;36m[Knote: [m[Kcandidate: â€˜[01m[Krclcpp::Duration::[01;32m[KDuration[m[K(const rcl_duration_t&)[m[Kâ€™
[24.146s]    60 |   explicit [01;36m[KDuration[m[K(const rcl_duration_t & duration);
[24.146s]       |            [01;36m[K^~~~~~~~[m[K
[24.152s] [01m[K/opt/ros/jazzy/include/rclcpp/rclcpp/duration.hpp:60:44:[m[K [01;36m[Knote: [m[K  no known conversion for argument 1 from â€˜[01m[Kdouble[m[Kâ€™ to â€˜[01m[Kconst rcl_duration_t&[m[Kâ€™ {aka â€˜[01m[Kconst rcl_duration_s&[m[Kâ€™}
[24.152s]    60 |   explicit Duration([01;36m[Kconst rcl_duration_t & duration[m[K);
[24.153s]       |                     [01;36m[K~~~~~~~~~~~~~~~~~~~~~~~^~~~~~~~[m[K
[24.153s] [01m[K/opt/ros/jazzy/include/rclcpp/rclcpp/duration.hpp:54:3:[m[K [01;36m[Knote: [m[Kcandidate: â€˜[01m[Krclcpp::Duration::[01;32m[KDuration[m[K(const builtin_interfaces::msg::Duration&)[m[Kâ€™
[24.153s]    54 |   [01;36m[KDuration[m[K(const builtin_interfaces::msg::Duration & duration_msg);  // NOLINT(runtime/explicit)
[24.153s]       |   [01;36m[K^~~~~~~~[m[K
[24.156s] [01m[K/opt/ros/jazzy/include/rclcpp/rclcpp/duration.hpp:54:54:[m[K [01;36m[Knote: [m[K  no known conversion for argument 1 from â€˜[01m[Kdouble[m[Kâ€™ to â€˜[01m[Kconst builtin_interfaces::msg::Duration&[m[Kâ€™ {aka â€˜[01m[Kconst builtin_interfaces::msg::Duration_<std::allocator<void> >&[m[Kâ€™}
[24.156s]    54 |   Duration([01;36m[Kconst builtin_interfaces::msg::Duration & duration_msg[m[K);  // NOLINT(runtime/explicit)
[24.156s]       |            [01;36m[K~~~~~~~~~~~~~~~~~~~~~~~~~~~~~~~~~~~~~~~~~~^~~~~~~~~~~~[m[K
[24.156s] [01m[K/opt/ros/jazzy/include/rclcpp/rclcpp/duration.hpp:43:12:[m[K [01;36m[Knote: [m[Kcandidate: â€˜[01m[Krclcpp::Duration::[01;32m[KDuration[m[K(std::chrono::nanoseconds)[m[Kâ€™
[24.156s]    43 |   explicit [01;36m[KDuration[m[K(std::chrono::nanoseconds nanoseconds);
[24.157s]       |            [01;36m[K^~~~~~~~[m[K
[24.158s] [01m[K/opt/ros/jazzy/include/rclcpp/rclcpp/duration.hpp:43:46:[m[K [01;36m[Knote: [m[K  no known conversion for argument 1 from â€˜[01m[Kdouble[m[Kâ€™ to â€˜[01m[Kstd::chrono::nanoseconds[m[Kâ€™ {aka â€˜[01m[Kstd::chrono::duration<long int, std::ratio<1, 1000000000> >[m[Kâ€™}
[24.158s]    43 |   explicit Duration([01;36m[Kstd::chrono::nanoseconds nanoseconds[m[K);
[24.158s]       |                     [01;36m[K~~~~~~~~~~~~~~~~~~~~~~~~~^~~~~~~~~~~[m[K
[24.158s] [01m[K/opt/ros/jazzy/include/rclcpp/rclcpp/duration.hpp:40:3:[m[K [01;36m[Knote: [m[Kcandidate: â€˜[01m[Krclcpp::Duration::[01;32m[KDuration[m[K(int32_t, uint32_t)[m[Kâ€™
[24.158s]    40 |   [01;36m[KDuration[m[K(int32_t seconds, uint32_t nanoseconds);
[24.160s]       |   [01;36m[K^~~~~~~~[m[K
[24.161s] [01m[K/opt/ros/jazzy/include/rclcpp/rclcpp/duration.hpp:40:3:[m[K [01;36m[Knote: [m[K  candidate expects 2 arguments, 1 provided
[24.183s] [01m[K/home/neha/ros2_ws/src/semnav_migration/src/navigation.cpp:160:38:[m[K [01;31m[Kerror: [m[Kâ€˜[01m[Knode_ptr[m[Kâ€™ was not declared in this scope; did you mean â€˜[01m[Kmode_t[m[Kâ€™?
[24.183s]   160 |                         rclcpp::spin([01;31m[Knode_ptr[m[K);
[24.183s]       |                                      [01;31m[K^~~~~~~~[m[K
[24.184s]       |                                      [32m[Kmode_t[m[K
[24.189s] [01m[K/home/neha/ros2_ws/src/semnav_migration/src/navigation.cpp:[m[K In member function â€˜[01m[Kvoid NavigationNode::[01;32m[Kpublish_twist[m[K(double, double)[m[Kâ€™:
[24.190s] [01m[K/home/neha/ros2_ws/src/semnav_migration/src/navigation.cpp:164:40:[m[K [01;31m[Kerror: [m[Kâ€˜[01m[KTwist[m[Kâ€™ is not a member of â€˜[01m[Kgeometry_msgs[m[Kâ€™; did you mean â€˜[01m[Kgeometry_msgs::msg::Twist[m[Kâ€™?
[24.190s]   164 |                         geometry_msgs::[01;31m[KTwist[m[K commandTwist;
[24.190s]       |                                        [01;31m[K^~~~~[m[K
[24.191s] [01m[K/opt/ros/jazzy/include/geometry_msgs/geometry_msgs/msg/detail/twist__struct.hpp:137:7:[m[K [01;36m[Knote: [m[Kâ€˜[01m[Kgeometry_msgs::msg::Twist[m[Kâ€™ declared here
[24.193s]   137 | using [01;36m[KTwist[m[K =
[24.193s]       |       [01;36m[K^~~~~[m[K
[24.272s] [01m[K/home/neha/ros2_ws/src/semnav_migration/src/navigation.cpp:165:25:[m[K [01;31m[Kerror: [m[Kâ€˜[01m[KcommandTwist[m[Kâ€™ was not declared in this scope
[24.273s]   165 |                         [01;31m[KcommandTwist[m[K.linear.x = LinearCmd;
[24.273s]       |                         [01;31m[K^~~~~~~~~~~~[m[K
[24.277s] [01m[K/home/neha/ros2_ws/src/semnav_migration/src/navigation.cpp:[m[K In member function â€˜[01m[Kvoid NavigationNode::[01;32m[Kpublish_behavior_id[m[K(uint16_t)[m[Kâ€™:
[24.280s] [01m[K/home/neha/ros2_ws/src/semnav_migration/src/navigation.cpp:172:35:[m[K [01;31m[Kerror: [m[Kâ€˜[01m[KUInt32[m[Kâ€™ is not a member of â€˜[01m[Kstd_msgs[m[Kâ€™
[24.280s]   172 |                         std_msgs::[01;31m[KUInt32[m[K commandId;
[24.280s]       |                                   [01;31m[K^~~~~~[m[K
[24.329s] [01m[K/home/neha/ros2_ws/src/semnav_migration/src/navigation.cpp:173:25:[m[K [01;31m[Kerror: [m[Kâ€˜[01m[KcommandId[m[Kâ€™ was not declared in this scope
[24.330s]   173 |                         [01;31m[KcommandId[m[K.data = BehaviorIdCmd;
[24.331s]       |                         [01;31m[K^~~~~~~~~[m[K
[24.334s] [01m[K/home/neha/ros2_ws/src/semnav_migration/src/navigation.cpp:[m[K In member function â€˜[01m[Kvoid NavigationNode::[01;32m[Kpublish_behavior_mode[m[K(uint16_t)[m[Kâ€™:
[24.337s] [01m[K/home/neha/ros2_ws/src/semnav_migration/src/navigation.cpp:179:35:[m[K [01;31m[Kerror: [m[Kâ€˜[01m[KUInt32[m[Kâ€™ is not a member of â€˜[01m[Kstd_msgs[m[Kâ€™
[24.337s]   179 |                         std_msgs::[01;31m[KUInt32[m[K commandMode;
[24.337s]       |                                   [01;31m[K^~~~~~[m[K
[24.409s] [01m[K/home/neha/ros2_ws/src/semnav_migration/src/navigation.cpp:180:25:[m[K [01;31m[Kerror: [m[Kâ€˜[01m[KcommandMode[m[Kâ€™ was not declared in this scope
[24.409s]   180 |                         [01;31m[KcommandMode[m[K.data = BehaviorModeCmd;
[24.409s]       |                         [01;31m[K^~~~~~~~~~~[m[K
[24.470s] [01m[K/home/neha/ros2_ws/src/semnav_migration/src/navigation.cpp:[m[K In function â€˜[01m[Kint[01;32m[K main[m[K(int, char**)[m[Kâ€™:
[24.470s] [01m[K/home/neha/ros2_ws/src/semnav_migration/src/navigation.cpp:668:9:[m[K [01;31m[Kerror: [m[Kâ€˜[01m[Kros[m[Kâ€™ has not been declared
[24.471s]   668 |         [01;31m[Kros[m[K::init(argc, argv, "navigation");
[24.472s]       |         [01;31m[K^~~[m[K
[28.402s] gmake[2]: *** [CMakeFiles/navigation_semantic.dir/build.make:76: CMakeFiles/navigation_semantic.dir/src/navigation_semantic.cpp.o] Error 1
[28.402s] gmake[1]: *** [CMakeFiles/Makefile2:207: CMakeFiles/navigation_semantic.dir/all] Error 2
[28.402s] gmake[1]: *** Waiting for unfinished jobs....
[29.080s] gmake[2]: *** [CMakeFiles/navigation.dir/build.make:76: CMakeFiles/navigation.dir/src/navigation.cpp.o] Error 1
[29.080s] gmake[1]: *** [CMakeFiles/Makefile2:181: CMakeFiles/navigation.dir/all] Error 2
[29.082s] gmake: *** [Makefile:146: all] Error 2
[29.084s] Invoked command in '/home/neha/ros2_ws/src/semnav_migration/build/semnav' returned '2': CMAKE_PREFIX_PATH=${CMAKE_PREFIX_PATH}:/opt/ros/jazzy DEBUGINFOD_URLS=https://debuginfod.ubuntu.com /usr/bin/cmake --build /home/neha/ros2_ws/src/semnav_migration/build/semnav -- -j2 -l2
