[0.027s] Invoking command in '/home/neha/ros2_ws/src/semnav_migration/build/semnav': CMAKE_PREFIX_PATH=${CMAKE_PREFIX_PATH}:/opt/ros/jazzy DEBUGINFOD_URLS=https://debuginfod.ubuntu.com /usr/bin/cmake --build /home/neha/ros2_ws/src/semnav_migration/build/semnav -- -j2 -l2
[0.277s] [ 14%] Built target reactive_planner
[0.419s] [ 19%] Building CXX object CMakeFiles/navigation.dir/src/navigation.cpp.o
[0.419s] [ 23%] Building CXX object CMakeFiles/navigation_semantic.dir/src/navigation_semantic.cpp.o
[23.595s] /home/neha/ros2_ws/src/semnav_migration/src/navigation_semantic.cpp: In constructor ‘SemanticNavigationNode::SemanticNavigationNode()’:
[23.595s] /home/neha/ros2_ws/src/semnav_migration/src/navigation_semantic.cpp:46:75: error: no matching function for call to ‘rclcpp::Node::Node()’
[23.595s]    46 |                 SemanticNavigationNode() : Node("semantic_navigation_node")  {
[23.595s]       |                                                                           ^
[23.597s] In file included from /opt/ros/jazzy/include/rclcpp/rclcpp/executors/single_threaded_executor.hpp:28,
[23.597s]                  from /opt/ros/jazzy/include/rclcpp/rclcpp/executors.hpp:22,
[23.597s]                  from /opt/ros/jazzy/include/rclcpp/rclcpp/rclcpp.hpp:172,
[23.597s]                  from /home/neha/ros2_ws/src/semnav_migration/include/reactive_planner_lib.h:32,
[23.597s]                  from /home/neha/ros2_ws/src/semnav_migration/src/navigation_semantic.cpp:25:
[23.597s] /opt/ros/jazzy/include/rclcpp/rclcpp/node.hpp:1629:3: note: candidate: ‘rclcpp::Node::Node(const rclcpp::Node&, const std::string&)’
[23.598s]  1629 |   Node(
[23.598s]       |   ^~~~
[23.598s] /opt/ros/jazzy/include/rclcpp/rclcpp/node.hpp:1629:3: note:   candidate expects 2 arguments, 0 provided
[23.598s] /opt/ros/jazzy/include/rclcpp/rclcpp/node.hpp:103:12: note: candidate: ‘rclcpp::Node::Node(const std::string&, const std::string&, const rclcpp::NodeOptions&)’
[23.598s]   103 |   explicit Node(
[23.598s]       |            ^~~~
[23.598s] /opt/ros/jazzy/include/rclcpp/rclcpp/node.hpp:103:12: note:   candidate expects 3 arguments, 0 provided
[23.601s] /opt/ros/jazzy/include/rclcpp/rclcpp/node.hpp:91:12: note: candidate: ‘rclcpp::Node::Node(const std::string&, const rclcpp::NodeOptions&)’
[23.601s]    91 |   explicit Node(
[23.601s]       |            ^~~~
[23.602s] /opt/ros/jazzy/include/rclcpp/rclcpp/node.hpp:91:12: note:   candidate expects 2 arguments, 0 provided
[23.602s] /home/neha/ros2_ws/src/semnav_migration/src/navigation_semantic.cpp:46:75: error: no matching function for call to ‘tf2_ros::TransformListener::TransformListener()’
[23.602s]    46 |                 SemanticNavigationNode() : Node("semantic_navigation_node")  {
[23.602s]       |                                                                           ^
[23.602s] In file included from /home/neha/ros2_ws/src/semnav_migration/include/reactive_planner_lib.h:40:
[23.602s] /opt/ros/jazzy/include/tf2_ros/tf2_ros/transform_listener.h:121:3: note: candidate: ‘template<class AllocatorT> tf2_ros::TransformListener::TransformListener(tf2::BufferCore&, rclcpp::node_interfaces::NodeBaseInterface::SharedPtr, rclcpp::node_interfaces::NodeLoggingInterface::SharedPtr, rclcpp::node_interfaces::NodeParametersInterface::SharedPtr, rclcpp::node_interfaces::NodeTopicsInterface::SharedPtr, bool, const rclcpp::QoS&, const rclcpp::QoS&, const rclcpp::SubscriptionOptionsWithAllocator<AllocatorT>&, const rclcpp::SubscriptionOptionsWithAllocator<AllocatorT>&)’
[23.602s]   121 |   TransformListener(
[23.605s]       |   ^~~~~~~~~~~~~~~~~
[23.605s] /opt/ros/jazzy/include/tf2_ros/tf2_ros/transform_listener.h:121:3: note:   template argument deduction/substitution failed:
[23.605s] /home/neha/ros2_ws/src/semnav_migration/src/navigation_semantic.cpp:46:75: note:   candidate expects 10 arguments, 0 provided
[23.605s]    46 |                 SemanticNavigationNode() : Node("semantic_navigation_node")  {
[23.605s]       |                                                                           ^
[23.605s] /opt/ros/jazzy/include/tf2_ros/tf2_ros/transform_listener.h:96:3: note: candidate: ‘template<class NodeT, class AllocatorT> tf2_ros::TransformListener::TransformListener(tf2::BufferCore&, NodeT&&, bool, const rclcpp::QoS&, const rclcpp::QoS&, const rclcpp::SubscriptionOptionsWithAllocator<AllocatorT>&, const rclcpp::SubscriptionOptionsWithAllocator<AllocatorT>&)’
[23.606s]    96 |   TransformListener(
[23.606s]       |   ^~~~~~~~~~~~~~~~~
[23.606s] /opt/ros/jazzy/include/tf2_ros/tf2_ros/transform_listener.h:96:3: note:   template argument deduction/substitution failed:
[23.606s] /home/neha/ros2_ws/src/semnav_migration/src/navigation_semantic.cpp:46:75: note:   candidate expects 7 arguments, 0 provided
[23.606s]    46 |                 SemanticNavigationNode() : Node("semantic_navigation_node")  {
[23.606s]       |                                                                           ^
[23.609s] /opt/ros/jazzy/include/tf2_ros/tf2_ros/transform_listener.h:92:12: note: candidate: ‘tf2_ros::TransformListener::TransformListener(tf2::BufferCore&, bool)’
[23.609s]    92 |   explicit TransformListener(tf2::BufferCore & buffer, bool spin_thread = true);
[23.609s]       |            ^~~~~~~~~~~~~~~~~
[23.609s] /opt/ros/jazzy/include/tf2_ros/tf2_ros/transform_listener.h:92:12: note:   candidate expects 2 arguments, 0 provided
[23.697s] /home/neha/ros2_ws/src/semnav_migration/src/navigation_semantic.cpp:143:116: error: no matching function for call to ‘message_filters::Subscriber<sensor_msgs::msg::LaserScan_<std::allocator<void> > >::Subscriber(rclcpp::Node&, std::string&, int)’
[23.698s]   143 |                         message_filters::Subscriber<sensor_msgs::msg::LaserScan> sub_laser(nh_, sub_laser_topic_, 1);
[23.698s]       |                                                                                                                    ^
[23.700s] In file included from /home/neha/ros2_ws/src/semnav_migration/include/reactive_planner_lib.h:44:
[23.700s] /opt/ros/jazzy/include/message_filters/message_filters/subscriber.h:224:3: note: candidate: ‘message_filters::Subscriber<M, NodeType>::Subscriber() [with M = sensor_msgs::msg::LaserScan_<std::allocator<void> >; NodeType = rclcpp::Node]’
[23.700s]   224 |   Subscriber() = default;
[23.700s]       |   ^~~~~~~~~~
[23.700s] /opt/ros/jazzy/include/message_filters/message_filters/subscriber.h:224:3: note:   candidate expects 0 arguments, 3 provided
[23.701s] /opt/ros/jazzy/include/message_filters/message_filters/subscriber.h:212:3: note: candidate: ‘message_filters::Subscriber<M, NodeType>::Subscriber(NodeType*, const std::string&, rmw_qos_profile_t, rclcpp::SubscriptionOptions) [with M = sensor_msgs::msg::LaserScan_<std::allocator<void> >; NodeType = rclcpp::Node; std::string = std::__cxx11::basic_string<char>; rmw_qos_profile_t = rmw_qos_profile_s; rclcpp::SubscriptionOptions = rclcpp::SubscriptionOptionsWithAllocator<std::allocator<void> >]’
[23.701s]   212 |   Subscriber(
[23.701s]       |   ^~~~~~~~~~
[23.701s] /opt/ros/jazzy/include/message_filters/message_filters/subscriber.h:212:3: note:   candidate expects 4 arguments, 3 provided
[23.701s] /opt/ros/jazzy/include/message_filters/message_filters/subscriber.h:203:3: note: candidate: ‘message_filters::Subscriber<M, NodeType>::Subscriber(NodePtr, const std::string&, rmw_qos_profile_t, rclcpp::SubscriptionOptions) [with M = sensor_msgs::msg::LaserScan_<std::allocator<void> >; NodeType = rclcpp::Node; NodePtr = std::shared_ptr<rclcpp::Node>; std::string = std::__cxx11::basic_string<char>; rmw_qos_profile_t = rmw_qos_profile_s; rclcpp::SubscriptionOptions = rclcpp::SubscriptionOptionsWithAllocator<std::allocator<void> >]’
[23.701s]   203 |   Subscriber(
[23.701s]       |   ^~~~~~~~~~
[23.704s] /opt/ros/jazzy/include/message_filters/message_filters/subscriber.h:203:3: note:   candidate expects 4 arguments, 3 provided
[23.704s] /opt/ros/jazzy/include/message_filters/message_filters/subscriber.h:188:3: note: candidate: ‘message_filters::Subscriber<M, NodeType>::Subscriber(NodeType*, const std::string&, rmw_qos_profile_t) [with M = sensor_msgs::msg::LaserScan_<std::allocator<void> >; NodeType = rclcpp::Node; std::string = std::__cxx11::basic_string<char>; rmw_qos_profile_t = rmw_qos_profile_s]’
[23.704s]   188 |   Subscriber(NodeType * node, const std::string& topic, const rmw_qos_profile_t qos = rmw_qos_profile_default)
[23.704s]       |   ^~~~~~~~~~
[23.704s] /opt/ros/jazzy/include/message_filters/message_filters/subscriber.h:188:25: note:   no known conversion for argument 1 from ‘rclcpp::Node’ to ‘rclcpp::Node*’
[23.704s]   188 |   Subscriber(NodeType * node, const std::string& topic, const rmw_qos_profile_t qos = rmw_qos_profile_default)
[23.705s]       |              ~~~~~~~~~~~^~~~
[23.705s] /opt/ros/jazzy/include/message_filters/message_filters/subscriber.h:183:3: note: candidate: ‘message_filters::Subscriber<M, NodeType>::Subscriber(NodePtr, const std::string&, rmw_qos_profile_t) [with M = sensor_msgs::msg::LaserScan_<std::allocator<void> >; NodeType = rclcpp::Node; NodePtr = std::shared_ptr<rclcpp::Node>; std::string = std::__cxx11::basic_string<char>; rmw_qos_profile_t = rmw_qos_profile_s]’
[23.705s]   183 |   Subscriber(NodePtr node, const std::string& topic, const rmw_qos_profile_t qos = rmw_qos_profile_default)
[23.705s]       |   ^~~~~~~~~~
[23.705s] /opt/ros/jazzy/include/message_filters/message_filters/subscriber.h:183:22: note:   no known conversion for argument 1 from ‘rclcpp::Node’ to ‘message_filters::Subscriber<sensor_msgs::msg::LaserScan_<std::allocator<void> > >::NodePtr’ {aka ‘std::shared_ptr<rclcpp::Node>’}
[23.705s]   183 |   Subscriber(NodePtr node, const std::string& topic, const rmw_qos_profile_t qos = rmw_qos_profile_default)
[23.705s]       |              ~~~~~~~~^~~~
[23.766s] /home/neha/ros2_ws/src/semnav_migration/src/navigation_semantic.cpp:144:100: error: no matching function for call to ‘message_filters::Subscriber<nav_msgs::msg::Odometry_<std::allocator<void> > >::Subscriber(rclcpp::Node&, std::string&, int)’
[23.766s]   144 |             message_filters::Subscriber<nav_msgs::msg::Odometry> sub_robot(nh_, sub_robot_topic_, 1);
[23.766s]       |                                                                                                    ^
[23.766s] /opt/ros/jazzy/include/message_filters/message_filters/subscriber.h:224:3: note: candidate: ‘message_filters::Subscriber<M, NodeType>::Subscriber() [with M = nav_msgs::msg::Odometry_<std::allocator<void> >; NodeType = rclcpp::Node]’
[23.766s]   224 |   Subscriber() = default;
[23.766s]       |   ^~~~~~~~~~
[23.766s] /opt/ros/jazzy/include/message_filters/message_filters/subscriber.h:224:3: note:   candidate expects 0 arguments, 3 provided
[23.769s] /opt/ros/jazzy/include/message_filters/message_filters/subscriber.h:212:3: note: candidate: ‘message_filters::Subscriber<M, NodeType>::Subscriber(NodeType*, const std::string&, rmw_qos_profile_t, rclcpp::SubscriptionOptions) [with M = nav_msgs::msg::Odometry_<std::allocator<void> >; NodeType = rclcpp::Node; std::string = std::__cxx11::basic_string<char>; rmw_qos_profile_t = rmw_qos_profile_s; rclcpp::SubscriptionOptions = rclcpp::SubscriptionOptionsWithAllocator<std::allocator<void> >]’
[23.769s]   212 |   Subscriber(
[23.769s]       |   ^~~~~~~~~~
[23.769s] /opt/ros/jazzy/include/message_filters/message_filters/subscriber.h:212:3: note:   candidate expects 4 arguments, 3 provided
[23.769s] /opt/ros/jazzy/include/message_filters/message_filters/subscriber.h:203:3: note: candidate: ‘message_filters::Subscriber<M, NodeType>::Subscriber(NodePtr, const std::string&, rmw_qos_profile_t, rclcpp::SubscriptionOptions) [with M = nav_msgs::msg::Odometry_<std::allocator<void> >; NodeType = rclcpp::Node; NodePtr = std::shared_ptr<rclcpp::Node>; std::string = std::__cxx11::basic_string<char>; rmw_qos_profile_t = rmw_qos_profile_s; rclcpp::SubscriptionOptions = rclcpp::SubscriptionOptionsWithAllocator<std::allocator<void> >]’
[23.769s]   203 |   Subscriber(
[23.770s]       |   ^~~~~~~~~~
[23.770s] /opt/ros/jazzy/include/message_filters/message_filters/subscriber.h:203:3: note:   candidate expects 4 arguments, 3 provided
[23.770s] /opt/ros/jazzy/include/message_filters/message_filters/subscriber.h:188:3: note: candidate: ‘message_filters::Subscriber<M, NodeType>::Subscriber(NodeType*, const std::string&, rmw_qos_profile_t) [with M = nav_msgs::msg::Odometry_<std::allocator<void> >; NodeType = rclcpp::Node; std::string = std::__cxx11::basic_string<char>; rmw_qos_profile_t = rmw_qos_profile_s]’
[23.770s]   188 |   Subscriber(NodeType * node, const std::string& topic, const rmw_qos_profile_t qos = rmw_qos_profile_default)
[23.770s]       |   ^~~~~~~~~~
[23.770s] /opt/ros/jazzy/include/message_filters/message_filters/subscriber.h:188:25: note:   no known conversion for argument 1 from ‘rclcpp::Node’ to ‘rclcpp::Node*’
[23.770s]   188 |   Subscriber(NodeType * node, const std::string& topic, const rmw_qos_profile_t qos = rmw_qos_profile_default)
[23.773s]       |              ~~~~~~~~~~~^~~~
[23.773s] /opt/ros/jazzy/include/message_filters/message_filters/subscriber.h:183:3: note: candidate: ‘message_filters::Subscriber<M, NodeType>::Subscriber(NodePtr, const std::string&, rmw_qos_profile_t) [with M = nav_msgs::msg::Odometry_<std::allocator<void> >; NodeType = rclcpp::Node; NodePtr = std::shared_ptr<rclcpp::Node>; std::string = std::__cxx11::basic_string<char>; rmw_qos_profile_t = rmw_qos_profile_s]’
[23.773s]   183 |   Subscriber(NodePtr node, const std::string& topic, const rmw_qos_profile_t qos = rmw_qos_profile_default)
[23.773s]       |   ^~~~~~~~~~
[23.773s] /opt/ros/jazzy/include/message_filters/message_filters/subscriber.h:183:22: note:   no known conversion for argument 1 from ‘rclcpp::Node’ to ‘message_filters::Subscriber<nav_msgs::msg::Odometry_<std::allocator<void> > >::NodePtr’ {aka ‘std::shared_ptr<rclcpp::Node>’}
[23.774s]   183 |   Subscriber(NodePtr node, const std::string& topic, const rmw_qos_profile_t qos = rmw_qos_profile_default)
[23.774s]       |              ~~~~~~~~^~~~
[23.841s] /home/neha/ros2_ws/src/semnav_migration/src/navigation.cpp:621:56: error: template argument 1 is invalid
[23.841s]   621 |         rclcpp::Publisher<example_interfaces/msg/UInt32>::SharedPtr pub_behaviorID_;
[23.842s]       |                                                        ^
[23.842s] /home/neha/ros2_ws/src/semnav_migration/src/navigation.cpp:621:59: error: expected ‘;’ at end of member declaration
[23.843s]   621 |         rclcpp::Publisher<example_interfaces/msg/UInt32>::SharedPtr pub_behaviorID_;
[23.843s]       |                                                           ^~~~~~~~~
[23.843s]       |                                                                    ;
[23.885s] /home/neha/ros2_ws/src/semnav_migration/src/navigation.cpp:621:69: error: ‘pub_behaviorID_’ does not name a type
[23.885s]   621 |         rclcpp::Publisher<example_interfaces/msg/UInt32>::SharedPtr pub_behaviorID_;
[23.885s]       |                                                                     ^~~~~~~~~~~~~~~
[23.885s] /home/neha/ros2_ws/src/semnav_migration/src/navigation.cpp:622:56: error: template argument 1 is invalid
[23.885s]   622 |         rclcpp::Publisher<example_interfaces/msg/UInt32>::SharedPtr pub_behaviorMode_;
[23.885s]       |                                                        ^
[23.886s] /home/neha/ros2_ws/src/semnav_migration/src/navigation.cpp:622:59: error: expected ‘;’ at end of member declaration
[23.886s]   622 |         rclcpp::Publisher<example_interfaces/msg/UInt32>::SharedPtr pub_behaviorMode_;
[23.886s]       |                                                           ^~~~~~~~~
[23.886s]       |                                                                    ;
[23.886s] /home/neha/ros2_ws/src/semnav_migration/src/navigation.cpp:622:59: error: redeclaration of ‘int NavigationNode::SharedPtr’
[23.886s] /home/neha/ros2_ws/src/semnav_migration/src/navigation.cpp:621:59: note: previous declaration ‘int NavigationNode::SharedPtr’
[23.886s]   621 |         rclcpp::Publisher<example_interfaces/msg/UInt32>::SharedPtr pub_behaviorID_;
[23.889s]       |                                                           ^~~~~~~~~
[23.902s] /home/neha/ros2_ws/src/semnav_migration/src/navigation_semantic.cpp:149:55: error: ‘bind’ is not a member of ‘boost’; did you mean ‘find’?
[23.902s]   149 |                         sync->registerCallback(boost::bind(&SemanticNavigationNode::control_callback, this, _1, _2));
[23.902s]       |                                                       ^~~~
[23.902s]       |                                                       find
[23.908s] /home/neha/ros2_ws/src/semnav_migration/src/navigation_semantic.cpp:149:109: error: ‘_1’ was not declared in this scope
[23.908s]   149 |                         sync->registerCallback(boost::bind(&SemanticNavigationNode::control_callback, this, _1, _2));
[23.908s]       |                                                                                                             ^~
[23.909s] /home/neha/ros2_ws/src/semnav_migration/src/navigation_semantic.cpp:149:109: note: suggested alternatives:
[23.909s] In file included from /usr/include/boost/mpl/aux_/include_preprocessed.hpp:37,
[23.909s]                  from /usr/include/boost/mpl/placeholders.hpp:43,
[23.909s]                  from /usr/include/boost/iterator/iterator_categories.hpp:16,
[23.909s]                  from /usr/include/boost/iterator/iterator_facade.hpp:13,
[23.909s]                  from /usr/include/boost/range/iterator_range_core.hpp:27,
[23.909s]                  from /usr/include/boost/lexical_cast.hpp:48,
[23.909s]                  from /usr/include/boost/multiprecision/detail/number_base.hpp:29,
[23.912s]                  from /usr/include/boost/multiprecision/traits/is_variable_precision.hpp:9,
[23.912s]                  from /usr/include/boost/multiprecision/detail/precision.hpp:9,
[23.912s]                  from /usr/include/boost/multiprecision/number.hpp:11,
[23.912s]                  from /usr/include/boost/multiprecision/cpp_int.hpp:19,
[23.912s]                  from /usr/include/boost/multiprecision/cpp_bin_float.hpp:15,
[23.912s]                  from /usr/include/boost/geometry/core/coordinate_promotion.hpp:16,
[23.912s]                  from /usr/include/boost/geometry/core/radian_access.hpp:30,
[23.913s]                  from /usr/include/boost/geometry/geometry.hpp:50,
[23.913s]                  from /usr/include/boost/geometry.hpp:17,
[23.913s]                  from /home/neha/ros2_ws/src/semnav_migration/include/reactive_planner_lib.h:26:
[23.913s] /usr/include/boost/mpl/aux_/preprocessed/gcc/placeholders.hpp:29:16: note:   ‘mpl_::_1’
[23.913s]    29 | typedef arg<1> _1;
[23.913s]       |                ^~
[23.913s] In file included from /usr/include/boost/numeric/conversion/converter_policies.hpp:13,
[23.913s]                  from /usr/include/boost/numeric/conversion/converter.hpp:14,
[23.916s]                  from /usr/include/boost/numeric/conversion/cast.hpp:33,
[23.916s]                  from /usr/include/boost/geometry/core/radian_access.hpp:26:
[23.916s] /usr/include/c++/13/functional:294:48: note:   ‘std::placeholders::_1’
[23.916s]   294 |     _GLIBCXX_PLACEHOLDER const _Placeholder<1> _1;
[23.916s]       |                                                ^~
[23.916s] /usr/include/boost/mpl/aux_/preprocessed/gcc/placeholders.hpp:29:16: note:   ‘mpl_::_1’
[23.916s]    29 | typedef arg<1> _1;
[23.917s]       |                ^~
[23.917s] In file included from /usr/include/boost/describe/members.hpp:20,
[23.917s]                  from /usr/include/boost/container_hash/is_described_class.hpp:11,
[23.917s]                  from /usr/include/boost/container_hash/hash.hpp:18,
[23.917s]                  from /usr/include/boost/functional/hash.hpp:6,
[23.917s]                  from /usr/include/CGAL/Kernel/hash_functions.h:16,
[23.917s]                  from /usr/include/CGAL/Kernel/global_functions.h:25,
[23.920s]                  from /usr/include/CGAL/Cartesian/Cartesian_base.h:22,
[23.920s]                  from /usr/include/CGAL/Simple_cartesian.h:20,
[23.920s]                  from /usr/include/CGAL/Exact_predicates_inexact_constructions_kernel.h:20,
[23.921s]                  from /home/neha/ros2_ws/src/semnav_migration/include/polygeom_lib.h:32,
[23.921s]                  from /home/neha/ros2_ws/src/semnav_migration/include/reactive_planner_lib.h:52:
[23.921s] /usr/include/boost/mp11/bind.hpp:45:7: note:   ‘boost::mp11::_1’
[23.921s]    45 | using _1 = mp_arg<0>;
[23.921s]       |       ^~
[23.921s] /usr/include/boost/mpl/aux_/preprocessed/gcc/placeholders.hpp:29:16: note:   ‘mpl_::_1’
[23.921s]    29 | typedef arg<1> _1;
[23.924s]       |                ^~
[23.924s] /home/neha/ros2_ws/src/semnav_migration/src/navigation_semantic.cpp:149:113: error: ‘_2’ was not declared in this scope
[23.924s]   149 |                         sync->registerCallback(boost::bind(&SemanticNavigationNode::control_callback, this, _1, _2));
[23.924s]       |                                                                                                                 ^~
[23.924s] /home/neha/ros2_ws/src/semnav_migration/src/navigation_semantic.cpp:149:113: note: suggested alternatives:
[23.924s] /usr/include/boost/mpl/aux_/preprocessed/gcc/placeholders.hpp:42:16: note:   ‘mpl_::_2’
[23.924s]    42 | typedef arg<2> _2;
[23.925s]       |                ^~
[23.925s] /usr/include/c++/13/functional:295:48: note:   ‘std::placeholders::_2’
[23.925s]   295 |     _GLIBCXX_PLACEHOLDER const _Placeholder<2> _2;
[23.925s]       |                                                ^~
[23.925s] /usr/include/boost/mpl/aux_/preprocessed/gcc/placeholders.hpp:42:16: note:   ‘mpl_::_2’
[23.925s]    42 | typedef arg<2> _2;
[23.925s]       |                ^~
[23.928s] /usr/include/boost/mp11/bind.hpp:46:7: note:   ‘boost::mp11::_2’
[23.928s]    46 | using _2 = mp_arg<1>;
[23.928s]       |       ^~
[23.928s] /usr/include/boost/mpl/aux_/preprocessed/gcc/placeholders.hpp:42:16: note:   ‘mpl_::_2’
[23.928s]    42 | typedef arg<2> _2;
[23.928s]       |                ^~
[23.929s] /home/neha/ros2_ws/src/semnav_migration/src/navigation_semantic.cpp:151:86: error: no matching function for call to ‘SemanticNavigationNode::create_subscription(const char [20], int)’
[23.929s]   151 |                         rclcpp::Subscription sub_semantic = this->create_subscription("sub_semantic_topic_", 1);
[23.929s]       |                                                             ~~~~~~~~~~~~~~~~~~~~~~~~~^~~~~~~~~~~~~~~~~~~~~~~~~~
[23.929s] /opt/ros/jazzy/include/rclcpp/rclcpp/node.hpp:221:3: note: candidate: ‘template<class MessageT, class CallbackT, class AllocatorT, class SubscriptionT, class MessageMemoryStrategyT> std::shared_ptr<ROSMessageT> rclcpp::Node::create_subscription(const std::string&, const rclcpp::QoS&, CallbackT&&, const rclcpp::SubscriptionOptionsWithAllocator<AllocatorT>&, typename MessageMemoryStrategyT::SharedPtr)’
[23.929s]   221 |   create_subscription(
[23.929s]       |   ^~~~~~~~~~~~~~~~~~~
[23.929s] /opt/ros/jazzy/include/rclcpp/rclcpp/node.hpp:221:3: note:   template argument deduction/substitution failed:
[23.932s] /home/neha/ros2_ws/src/semnav_migration/src/navigation_semantic.cpp:151:86: note:   candidate expects 5 arguments, 2 provided
[23.932s]   151 |                         rclcpp::Subscription sub_semantic = this->create_subscription("sub_semantic_topic_", 1);
[23.932s]       |                                                             ~~~~~~~~~~~~~~~~~~~~~~~~~^~~~~~~~~~~~~~~~~~~~~~~~~~
[23.932s] /home/neha/ros2_ws/src/semnav_migration/src/navigation_semantic.cpp: In member function ‘void SemanticNavigationNode::publish_twist(double, double)’:
[23.932s] /home/neha/ros2_ws/src/semnav_migration/src/navigation_semantic.cpp:168:36: error: ‘using rclcpp::Publisher<example_interfaces::msg::UInt32_<std::allocator<void> > >::SharedPtr = class std::shared_ptr<rclcpp::Publisher<example_interfaces::msg::UInt32_<std::allocator<void> > > >’ {aka ‘class std::shared_ptr<rclcpp::Publisher<example_interfaces::msg::UInt32_<std::allocator<void> > > >’} has no member named ‘publish’
[23.932s]   168 |                         pub_twist_.publish(commandTwist);
[23.932s]       |                                    ^~~~~~~
[23.933s] /home/neha/ros2_ws/src/semnav_migration/src/navigation_semantic.cpp: In member function ‘void SemanticNavigationNode::publish_behavior_id(uint16_t)’:
[23.933s] /home/neha/ros2_ws/src/semnav_migration/src/navigation_semantic.cpp:175:41: error: ‘using rclcpp::Publisher<example_interfaces::msg::UInt32_<std::allocator<void> > >::SharedPtr = class std::shared_ptr<rclcpp::Publisher<example_interfaces::msg::UInt32_<std::allocator<void> > > >’ {aka ‘class std::shared_ptr<rclcpp::Publisher<example_interfaces::msg::UInt32_<std::allocator<void> > > >’} has no member named ‘publish’
[23.933s]   175 |                         pub_behaviorID_.publish(commandId);
[23.933s]       |                                         ^~~~~~~
[23.933s] /home/neha/ros2_ws/src/semnav_migration/src/navigation_semantic.cpp: In member function ‘void SemanticNavigationNode::publish_behavior_mode(uint16_t)’:
[23.933s] /home/neha/ros2_ws/src/semnav_migration/src/navigation_semantic.cpp:182:43: error: ‘using rclcpp::Publisher<example_interfaces::msg::UInt32_<std::allocator<void> > >::SharedPtr = class std::shared_ptr<rclcpp::Publisher<example_interfaces::msg::UInt32_<std::allocator<void> > > >’ {aka ‘class std::shared_ptr<rclcpp::Publisher<example_interfaces::msg::UInt32_<std::allocator<void> > > >’} has no member named ‘publish’
[23.933s]   182 |                         pub_behaviorMode_.publish(commandMode);
[23.936s]       |                                           ^~~~~~~
[23.950s] /home/neha/ros2_ws/src/semnav_migration/src/navigation.cpp:622:69: error: ‘pub_behaviorMode_’ does not name a type
[23.950s]   622 |         rclcpp::Publisher<example_interfaces/msg/UInt32>::SharedPtr pub_behaviorMode_;
[23.950s]       |                                                                     ^~~~~~~~~~~~~~~~~
[23.951s] /home/neha/ros2_ws/src/semnav_migration/src/navigation.cpp:623:56: error: template argument 1 is invalid
[23.951s]   623 |         rclcpp::Publisher<example_interfaces/msg/UInt32>::SharedPtr pub_twist_;
[23.951s]       |                                                        ^
[23.951s] /home/neha/ros2_ws/src/semnav_migration/src/navigation.cpp:623:59: error: expected ‘;’ at end of member declaration
[23.951s]   623 |         rclcpp::Publisher<example_interfaces/msg/UInt32>::SharedPtr pub_twist_;
[23.952s]       |                                                           ^~~~~~~~~
[23.952s]       |                                                                    ;
[23.952s] /home/neha/ros2_ws/src/semnav_migration/src/navigation.cpp:623:59: error: redeclaration of ‘int NavigationNode::SharedPtr’
[23.953s] /home/neha/ros2_ws/src/semnav_migration/src/navigation.cpp:621:59: note: previous declaration ‘int NavigationNode::SharedPtr’
[23.953s]   621 |         rclcpp::Publisher<example_interfaces/msg/UInt32>::SharedPtr pub_behaviorID_;
[23.953s]       |                                                           ^~~~~~~~~
[23.973s] /home/neha/ros2_ws/src/semnav_migration/src/navigation.cpp:623:69: error: ‘pub_twist_’ does not name a type
[23.973s]   623 |         rclcpp::Publisher<example_interfaces/msg/UInt32>::SharedPtr pub_twist_;
[23.973s]       |                                                                     ^~~~~~~~~~
[23.986s] /home/neha/ros2_ws/src/semnav_migration/src/navigation.cpp: In constructor ‘NavigationNode::NavigationNode()’:
[23.986s] /home/neha/ros2_ws/src/semnav_migration/src/navigation.cpp:46:71: error: no matching function for call to ‘rclcpp::Node::Node()’
[23.986s]    46 |         NavigationNode() : rclcpp::Node(std::string("navigation_node")) {
[23.986s]       |                                                                       ^
[23.989s] In file included from /opt/ros/jazzy/include/rclcpp/rclcpp/executors/single_threaded_executor.hpp:28,
[23.989s]                  from /opt/ros/jazzy/include/rclcpp/rclcpp/executors.hpp:22,
[23.989s]                  from /opt/ros/jazzy/include/rclcpp/rclcpp/rclcpp.hpp:172,
[23.989s]                  from /home/neha/ros2_ws/src/semnav_migration/include/reactive_planner_lib.h:32,
[23.989s]                  from /home/neha/ros2_ws/src/semnav_migration/src/navigation.cpp:25:
[23.990s] /opt/ros/jazzy/include/rclcpp/rclcpp/node.hpp:1629:3: note: candidate: ‘rclcpp::Node::Node(const rclcpp::Node&, const std::string&)’
[23.990s]  1629 |   Node(
[23.990s]       |   ^~~~
[23.990s] /opt/ros/jazzy/include/rclcpp/rclcpp/node.hpp:1629:3: note:   candidate expects 2 arguments, 0 provided
[23.990s] /opt/ros/jazzy/include/rclcpp/rclcpp/node.hpp:103:12: note: candidate: ‘rclcpp::Node::Node(const std::string&, const std::string&, const rclcpp::NodeOptions&)’
[23.990s]   103 |   explicit Node(
[23.990s]       |            ^~~~
[23.991s] /opt/ros/jazzy/include/rclcpp/rclcpp/node.hpp:103:12: note:   candidate expects 3 arguments, 0 provided
[23.992s] /opt/ros/jazzy/include/rclcpp/rclcpp/node.hpp:91:12: note: candidate: ‘rclcpp::Node::Node(const std::string&, const rclcpp::NodeOptions&)’
[23.992s]    91 |   explicit Node(
[23.992s]       |            ^~~~
[23.992s] /opt/ros/jazzy/include/rclcpp/rclcpp/node.hpp:91:12: note:   candidate expects 2 arguments, 0 provided
[23.992s] /home/neha/ros2_ws/src/semnav_migration/src/navigation.cpp:46:71: error: no matching function for call to ‘tf2_ros::TransformListener::TransformListener()’
[23.992s]    46 |         NavigationNode() : rclcpp::Node(std::string("navigation_node")) {
[23.993s]       |                                                                       ^
[23.995s] In file included from /home/neha/ros2_ws/src/semnav_migration/include/reactive_planner_lib.h:40:
[23.995s] /opt/ros/jazzy/include/tf2_ros/tf2_ros/transform_listener.h:121:3: note: candidate: ‘template<class AllocatorT> tf2_ros::TransformListener::TransformListener(tf2::BufferCore&, rclcpp::node_interfaces::NodeBaseInterface::SharedPtr, rclcpp::node_interfaces::NodeLoggingInterface::SharedPtr, rclcpp::node_interfaces::NodeParametersInterface::SharedPtr, rclcpp::node_interfaces::NodeTopicsInterface::SharedPtr, bool, const rclcpp::QoS&, const rclcpp::QoS&, const rclcpp::SubscriptionOptionsWithAllocator<AllocatorT>&, const rclcpp::SubscriptionOptionsWithAllocator<AllocatorT>&)’
[23.995s]   121 |   TransformListener(
[23.995s]       |   ^~~~~~~~~~~~~~~~~
[23.996s] /opt/ros/jazzy/include/tf2_ros/tf2_ros/transform_listener.h:121:3: note:   template argument deduction/substitution failed:
[23.996s] /home/neha/ros2_ws/src/semnav_migration/src/navigation.cpp:46:71: note:   candidate expects 10 arguments, 0 provided
[23.996s]    46 |         NavigationNode() : rclcpp::Node(std::string("navigation_node")) {
[23.996s]       |                                                                       ^
[23.996s] /opt/ros/jazzy/include/tf2_ros/tf2_ros/transform_listener.h:96:3: note: candidate: ‘template<class NodeT, class AllocatorT> tf2_ros::TransformListener::TransformListener(tf2::BufferCore&, NodeT&&, bool, const rclcpp::QoS&, const rclcpp::QoS&, const rclcpp::SubscriptionOptionsWithAllocator<AllocatorT>&, const rclcpp::SubscriptionOptionsWithAllocator<AllocatorT>&)’
[23.996s]    96 |   TransformListener(
[23.996s]       |   ^~~~~~~~~~~~~~~~~
[23.999s] /opt/ros/jazzy/include/tf2_ros/tf2_ros/transform_listener.h:96:3: note:   template argument deduction/substitution failed:
[23.999s] /home/neha/ros2_ws/src/semnav_migration/src/navigation.cpp:46:71: note:   candidate expects 7 arguments, 0 provided
[23.999s]    46 |         NavigationNode() : rclcpp::Node(std::string("navigation_node")) {
[23.999s]       |                                                                       ^
[23.999s] /opt/ros/jazzy/include/tf2_ros/tf2_ros/transform_listener.h:92:12: note: candidate: ‘tf2_ros::TransformListener::TransformListener(tf2::BufferCore&, bool)’
[24.000s]    92 |   explicit TransformListener(tf2::BufferCore & buffer, bool spin_thread = true);
[24.000s]       |            ^~~~~~~~~~~~~~~~~
[24.000s] /opt/ros/jazzy/include/tf2_ros/tf2_ros/transform_listener.h:92:12: note:   candidate expects 2 arguments, 0 provided
[24.009s] /home/neha/ros2_ws/src/semnav_migration/src/navigation_semantic.cpp: In member function ‘void SemanticNavigationNode::control_callback(const sensor_msgs::msg::LaserScan_<std::allocator<void> >::ConstPtr&, const nav_msgs::msg::Odometry_<std::allocator<void> >::ConstPtr&)’:
[24.009s] /home/neha/ros2_ws/src/semnav_migration/src/navigation_semantic.cpp:406:43: error: ‘class tf2_ros::TransformListener’ has no member named ‘waitForTransform’
[24.009s]   406 |                                 listener_.waitForTransform(world_frame_id_, odom_frame_id_, rclcpp::Time(0), rclcpp::Duration(std::chrono::nanoseconds(1000000000));
[24.009s]       |                                           ^~~~~~~~~~~~~~~~
[24.010s] /home/neha/ros2_ws/src/semnav_migration/src/navigation_semantic.cpp:406:164: error: expected ‘)’ before ‘;’ token
[24.010s]   406 |                                 listener_.waitForTransform(world_frame_id_, odom_frame_id_, rclcpp::Time(0), rclcpp::Duration(std::chrono::nanoseconds(1000000000));
[24.010s]       |                                                                                                                                                                    ^
[24.010s] /home/neha/ros2_ws/src/semnav_migration/src/navigation_semantic.cpp:406:59: note: to match this ‘(’
[24.011s]   406 |                                 listener_.waitForTransform(world_frame_id_, odom_frame_id_, rclcpp::Time(0), rclcpp::Duration(std::chrono::nanoseconds(1000000000));
[24.011s]       |                                                           ^
[24.011s] /home/neha/ros2_ws/src/semnav_migration/src/navigation_semantic.cpp:407:43: error: ‘class tf2_ros::TransformListener’ has no member named ‘transformPose’
[24.011s]   407 |                                 listener_.transformPose(world_frame_id_, odomPose, mapPose);
[24.011s]       |                                           ^~~~~~~~~~~~~
[24.011s] In file included from /opt/ros/jazzy/include/rclcpp/rclcpp/copy_all_parameter_values.hpp:27,
[24.011s]                  from /opt/ros/jazzy/include/rclcpp/rclcpp/rclcpp.hpp:171:
[24.013s] /home/neha/ros2_ws/src/semnav_migration/src/navigation_semantic.cpp:409:33: error: static assertion failed: First argument to logging macros must be an rclcpp::Logger
[24.013s]   409 |                                 RCLCPP_ERROR("%s",ex.what());
[24.013s]       |                                 ^~~~~~~~~~~~
[24.013s] In file included from /opt/ros/jazzy/include/rclcpp/rclcpp/logging.hpp:24:
[24.014s] /home/neha/ros2_ws/src/semnav_migration/src/navigation_semantic.cpp:409:33: error: request for member ‘get_name’ in ‘("%s")’, which is of non-class type ‘const char [3]’
[24.014s]   409 |                                 RCLCPP_ERROR("%s",ex.what());
[24.014s]       |                                 ^~~~~~~~~~~~
[24.014s] /home/neha/ros2_ws/src/semnav_migration/src/navigation_semantic.cpp:409:33: error: request for member ‘get_name’ in ‘("%s")’, which is of non-class type ‘const char [3]’
[24.014s]   409 |                                 RCLCPP_ERROR("%s",ex.what());
[24.014s]       |                                 ^~~~~~~~~~~~
[24.017s] /home/neha/ros2_ws/src/semnav_migration/src/navigation_semantic.cpp:434:42: error: could not convert ‘lidar_data’ from ‘shared_ptr<LaserScan_<[...]>>’ to ‘shared_ptr<LaserScan_<[...]>>’
[24.017s]   434 |                         constructLIDAR2D(lidar_data, CutoffRange_, AllowableRange_, RobotPitch_, &LIDAR);
[24.017s]       |                                          ^~~~~~~~~~
[24.017s]       |                                          |
[24.017s]       |                                          shared_ptr<LaserScan_<[...]>>
[24.056s] /home/neha/ros2_ws/src/semnav_migration/src/navigation_semantic.cpp: In function ‘int main(int, char**)’:
[24.056s] /home/neha/ros2_ws/src/semnav_migration/src/navigation_semantic.cpp:700:34: error: invalid initialization of reference of type ‘const rclcpp::InitOptions&’ from expression of type ‘const char [20]’
[24.056s]   700 |         rclcpp::init(argc, argv, "navigation_semantic");
[24.056s]       |                                  ^~~~~~~~~~~~~~~~~~~~~
[24.056s] In file included from /opt/ros/jazzy/include/rclcpp/rclcpp/logging.hpp:25:
[24.056s] /opt/ros/jazzy/include/rclcpp/rclcpp/utilities.hpp:78:23: note: in passing argument 3 of ‘void rclcpp::init(int, const char* const*, const InitOptions&, SignalHandlerOptions)’
[24.057s]    78 |   const InitOptions & init_options = InitOptions(),
[24.057s]       |   ~~~~~~~~~~~~~~~~~~~~^~~~~~~~~~~~~~~~~~~~~~~~~~~~
[24.122s] /home/neha/ros2_ws/src/semnav_migration/src/navigation.cpp:138:13: error: ‘pub_behaviorID_’ was not declared in this scope; did you mean ‘pub_behaviorID_topic_’?
[24.122s]   138 |             pub_behaviorID_ = this->create_publisher<example_interfaces::msg::UInt32>("pub_behaviorID_topic_", 1);
[24.122s]       |             ^~~~~~~~~~~~~~~
[24.122s]       |             pub_behaviorID_topic_
[24.230s] /home/neha/ros2_ws/src/semnav_migration/src/navigation.cpp:139:13: error: ‘pub_behaviorMode_’ was not declared in this scope; did you mean ‘pub_behaviorMode_topic_’?
[24.231s]   139 |             pub_behaviorMode_ = this->create_publisher<example_interfaces::msg::UInt32>("pub_behaviorMode_topic_", 1);
[24.231s]       |             ^~~~~~~~~~~~~~~~~
[24.231s]       |             pub_behaviorMode_topic_
[24.286s] /home/neha/ros2_ws/src/semnav_migration/src/navigation.cpp:140:13: error: ‘pub_twist_’ was not declared in this scope; did you mean ‘publish_twist’?
[24.286s]   140 |             pub_twist_ = this->create_publisher<example_interfaces::msg::UInt32>("pub_twist_topic_", 1);
[24.287s]       |             ^~~~~~~~~~
[24.287s]       |             publish_twist
[24.356s] /home/neha/ros2_ws/src/semnav_migration/src/navigation.cpp:143:116: error: no matching function for call to ‘message_filters::Subscriber<sensor_msgs::msg::LaserScan_<std::allocator<void> > >::Subscriber(rclcpp::Node&, std::string&, int)’
[24.356s]   143 |                         message_filters::Subscriber<sensor_msgs::msg::LaserScan> sub_laser(nh_, sub_laser_topic_, 1);
[24.356s]       |                                                                                                                    ^
[24.357s] In file included from /home/neha/ros2_ws/src/semnav_migration/include/reactive_planner_lib.h:44:
[24.357s] /opt/ros/jazzy/include/message_filters/message_filters/subscriber.h:224:3: note: candidate: ‘message_filters::Subscriber<M, NodeType>::Subscriber() [with M = sensor_msgs::msg::LaserScan_<std::allocator<void> >; NodeType = rclcpp::Node]’
[24.357s]   224 |   Subscriber() = default;
[24.357s]       |   ^~~~~~~~~~
[24.357s] /opt/ros/jazzy/include/message_filters/message_filters/subscriber.h:224:3: note:   candidate expects 0 arguments, 3 provided
[24.357s] /opt/ros/jazzy/include/message_filters/message_filters/subscriber.h:212:3: note: candidate: ‘message_filters::Subscriber<M, NodeType>::Subscriber(NodeType*, const std::string&, rmw_qos_profile_t, rclcpp::SubscriptionOptions) [with M = sensor_msgs::msg::LaserScan_<std::allocator<void> >; NodeType = rclcpp::Node; std::string = std::__cxx11::basic_string<char>; rmw_qos_profile_t = rmw_qos_profile_s; rclcpp::SubscriptionOptions = rclcpp::SubscriptionOptionsWithAllocator<std::allocator<void> >]’
[24.357s]   212 |   Subscriber(
[24.358s]       |   ^~~~~~~~~~
[24.358s] /opt/ros/jazzy/include/message_filters/message_filters/subscriber.h:212:3: note:   candidate expects 4 arguments, 3 provided
[24.358s] /opt/ros/jazzy/include/message_filters/message_filters/subscriber.h:203:3: note: candidate: ‘message_filters::Subscriber<M, NodeType>::Subscriber(NodePtr, const std::string&, rmw_qos_profile_t, rclcpp::SubscriptionOptions) [with M = sensor_msgs::msg::LaserScan_<std::allocator<void> >; NodeType = rclcpp::Node; NodePtr = std::shared_ptr<rclcpp::Node>; std::string = std::__cxx11::basic_string<char>; rmw_qos_profile_t = rmw_qos_profile_s; rclcpp::SubscriptionOptions = rclcpp::SubscriptionOptionsWithAllocator<std::allocator<void> >]’
[24.358s]   203 |   Subscriber(
[24.358s]       |   ^~~~~~~~~~
[24.358s] /opt/ros/jazzy/include/message_filters/message_filters/subscriber.h:203:3: note:   candidate expects 4 arguments, 3 provided
[24.358s] /opt/ros/jazzy/include/message_filters/message_filters/subscriber.h:188:3: note: candidate: ‘message_filters::Subscriber<M, NodeType>::Subscriber(NodeType*, const std::string&, rmw_qos_profile_t) [with M = sensor_msgs::msg::LaserScan_<std::allocator<void> >; NodeType = rclcpp::Node; std::string = std::__cxx11::basic_string<char>; rmw_qos_profile_t = rmw_qos_profile_s]’
[24.359s]   188 |   Subscriber(NodeType * node, const std::string& topic, const rmw_qos_profile_t qos = rmw_qos_profile_default)
[24.359s]       |   ^~~~~~~~~~
[24.359s] /opt/ros/jazzy/include/message_filters/message_filters/subscriber.h:188:25: note:   no known conversion for argument 1 from ‘rclcpp::Node’ to ‘rclcpp::Node*’
[24.359s]   188 |   Subscriber(NodeType * node, const std::string& topic, const rmw_qos_profile_t qos = rmw_qos_profile_default)
[24.359s]       |              ~~~~~~~~~~~^~~~
[24.359s] /opt/ros/jazzy/include/message_filters/message_filters/subscriber.h:183:3: note: candidate: ‘message_filters::Subscriber<M, NodeType>::Subscriber(NodePtr, const std::string&, rmw_qos_profile_t) [with M = sensor_msgs::msg::LaserScan_<std::allocator<void> >; NodeType = rclcpp::Node; NodePtr = std::shared_ptr<rclcpp::Node>; std::string = std::__cxx11::basic_string<char>; rmw_qos_profile_t = rmw_qos_profile_s]’
[24.359s]   183 |   Subscriber(NodePtr node, const std::string& topic, const rmw_qos_profile_t qos = rmw_qos_profile_default)
[24.362s]       |   ^~~~~~~~~~
[24.362s] /opt/ros/jazzy/include/message_filters/message_filters/subscriber.h:183:22: note:   no known conversion for argument 1 from ‘rclcpp::Node’ to ‘message_filters::Subscriber<sensor_msgs::msg::LaserScan_<std::allocator<void> > >::NodePtr’ {aka ‘std::shared_ptr<rclcpp::Node>’}
[24.362s]   183 |   Subscriber(NodePtr node, const std::string& topic, const rmw_qos_profile_t qos = rmw_qos_profile_default)
[24.362s]       |              ~~~~~~~~^~~~
[24.424s] /home/neha/ros2_ws/src/semnav_migration/src/navigation.cpp:144:112: error: no matching function for call to ‘message_filters::Subscriber<nav_msgs::msg::Odometry_<std::allocator<void> > >::Subscriber(rclcpp::Node&, std::string&, int)’
[24.424s]   144 |                         message_filters::Subscriber<nav_msgs::msg::Odometry> sub_robot(nh_, sub_robot_topic_, 1);
[24.424s]       |                                                                                                                ^
[24.424s] /opt/ros/jazzy/include/message_filters/message_filters/subscriber.h:224:3: note: candidate: ‘message_filters::Subscriber<M, NodeType>::Subscriber() [with M = nav_msgs::msg::Odometry_<std::allocator<void> >; NodeType = rclcpp::Node]’
[24.425s]   224 |   Subscriber() = default;
[24.425s]       |   ^~~~~~~~~~
[24.426s] /opt/ros/jazzy/include/message_filters/message_filters/subscriber.h:224:3: note:   candidate expects 0 arguments, 3 provided
[24.426s] /opt/ros/jazzy/include/message_filters/message_filters/subscriber.h:212:3: note: candidate: ‘message_filters::Subscriber<M, NodeType>::Subscriber(NodeType*, const std::string&, rmw_qos_profile_t, rclcpp::SubscriptionOptions) [with M = nav_msgs::msg::Odometry_<std::allocator<void> >; NodeType = rclcpp::Node; std::string = std::__cxx11::basic_string<char>; rmw_qos_profile_t = rmw_qos_profile_s; rclcpp::SubscriptionOptions = rclcpp::SubscriptionOptionsWithAllocator<std::allocator<void> >]’
[24.426s]   212 |   Subscriber(
[24.426s]       |   ^~~~~~~~~~
[24.426s] /opt/ros/jazzy/include/message_filters/message_filters/subscriber.h:212:3: note:   candidate expects 4 arguments, 3 provided
[24.426s] /opt/ros/jazzy/include/message_filters/message_filters/subscriber.h:203:3: note: candidate: ‘message_filters::Subscriber<M, NodeType>::Subscriber(NodePtr, const std::string&, rmw_qos_profile_t, rclcpp::SubscriptionOptions) [with M = nav_msgs::msg::Odometry_<std::allocator<void> >; NodeType = rclcpp::Node; NodePtr = std::shared_ptr<rclcpp::Node>; std::string = std::__cxx11::basic_string<char>; rmw_qos_profile_t = rmw_qos_profile_s; rclcpp::SubscriptionOptions = rclcpp::SubscriptionOptionsWithAllocator<std::allocator<void> >]’
[24.427s]   203 |   Subscriber(
[24.427s]       |   ^~~~~~~~~~
[24.430s] /opt/ros/jazzy/include/message_filters/message_filters/subscriber.h:203:3: note:   candidate expects 4 arguments, 3 provided
[24.430s] /opt/ros/jazzy/include/message_filters/message_filters/subscriber.h:188:3: note: candidate: ‘message_filters::Subscriber<M, NodeType>::Subscriber(NodeType*, const std::string&, rmw_qos_profile_t) [with M = nav_msgs::msg::Odometry_<std::allocator<void> >; NodeType = rclcpp::Node; std::string = std::__cxx11::basic_string<char>; rmw_qos_profile_t = rmw_qos_profile_s]’
[24.430s]   188 |   Subscriber(NodeType * node, const std::string& topic, const rmw_qos_profile_t qos = rmw_qos_profile_default)
[24.430s]       |   ^~~~~~~~~~
[24.430s] /opt/ros/jazzy/include/message_filters/message_filters/subscriber.h:188:25: note:   no known conversion for argument 1 from ‘rclcpp::Node’ to ‘rclcpp::Node*’
[24.431s]   188 |   Subscriber(NodeType * node, const std::string& topic, const rmw_qos_profile_t qos = rmw_qos_profile_default)
[24.431s]       |              ~~~~~~~~~~~^~~~
[24.431s] /opt/ros/jazzy/include/message_filters/message_filters/subscriber.h:183:3: note: candidate: ‘message_filters::Subscriber<M, NodeType>::Subscriber(NodePtr, const std::string&, rmw_qos_profile_t) [with M = nav_msgs::msg::Odometry_<std::allocator<void> >; NodeType = rclcpp::Node; NodePtr = std::shared_ptr<rclcpp::Node>; std::string = std::__cxx11::basic_string<char>; rmw_qos_profile_t = rmw_qos_profile_s]’
[24.431s]   183 |   Subscriber(NodePtr node, const std::string& topic, const rmw_qos_profile_t qos = rmw_qos_profile_default)
[24.431s]       |   ^~~~~~~~~~
[24.431s] /opt/ros/jazzy/include/message_filters/message_filters/subscriber.h:183:22: note:   no known conversion for argument 1 from ‘rclcpp::Node’ to ‘message_filters::Subscriber<nav_msgs::msg::Odometry_<std::allocator<void> > >::NodePtr’ {aka ‘std::shared_ptr<rclcpp::Node>’}
[24.431s]   183 |   Subscriber(NodePtr node, const std::string& topic, const rmw_qos_profile_t qos = rmw_qos_profile_default)
[24.434s]       |              ~~~~~~~~^~~~
[24.566s] /home/neha/ros2_ws/src/semnav_migration/src/navigation.cpp:149:55: error: ‘bind’ is not a member of ‘boost’; did you mean ‘find’?
[24.566s]   149 |                         sync->registerCallback(boost::bind(&NavigationNode::control_callback, this, _1, _2));
[24.566s]       |                                                       ^~~~
[24.566s]       |                                                       find
[24.573s] /home/neha/ros2_ws/src/semnav_migration/src/navigation.cpp:149:101: error: ‘_1’ was not declared in this scope
[24.573s]   149 |                         sync->registerCallback(boost::bind(&NavigationNode::control_callback, this, _1, _2));
[24.573s]       |                                                                                                     ^~
[24.574s] /home/neha/ros2_ws/src/semnav_migration/src/navigation.cpp:149:101: note: suggested alternatives:
[24.574s] In file included from /usr/include/boost/mpl/aux_/include_preprocessed.hpp:37,
[24.574s]                  from /usr/include/boost/mpl/placeholders.hpp:43,
[24.574s]                  from /usr/include/boost/iterator/iterator_categories.hpp:16,
[24.574s]                  from /usr/include/boost/iterator/iterator_facade.hpp:13,
[24.574s]                  from /usr/include/boost/range/iterator_range_core.hpp:27,
[24.574s]                  from /usr/include/boost/lexical_cast.hpp:48,
[24.577s]                  from /usr/include/boost/multiprecision/detail/number_base.hpp:29,
[24.577s]                  from /usr/include/boost/multiprecision/traits/is_variable_precision.hpp:9,
[24.577s]                  from /usr/include/boost/multiprecision/detail/precision.hpp:9,
[24.577s]                  from /usr/include/boost/multiprecision/number.hpp:11,
[24.577s]                  from /usr/include/boost/multiprecision/cpp_int.hpp:19,
[24.577s]                  from /usr/include/boost/multiprecision/cpp_bin_float.hpp:15,
[24.577s]                  from /usr/include/boost/geometry/core/coordinate_promotion.hpp:16,
[24.578s]                  from /usr/include/boost/geometry/core/radian_access.hpp:30,
[24.578s]                  from /usr/include/boost/geometry/geometry.hpp:50,
[24.578s]                  from /usr/include/boost/geometry.hpp:17,
[24.578s]                  from /home/neha/ros2_ws/src/semnav_migration/include/reactive_planner_lib.h:26:
[24.578s] /usr/include/boost/mpl/aux_/preprocessed/gcc/placeholders.hpp:29:16: note:   ‘mpl_::_1’
[24.578s]    29 | typedef arg<1> _1;
[24.578s]       |                ^~
[24.579s] In file included from /usr/include/boost/numeric/conversion/converter_policies.hpp:13,
[24.579s]                  from /usr/include/boost/numeric/conversion/converter.hpp:14,
[24.579s]                  from /usr/include/boost/numeric/conversion/cast.hpp:33,
[24.579s]                  from /usr/include/boost/geometry/core/radian_access.hpp:26:
[24.580s] /usr/include/c++/13/functional:294:48: note:   ‘std::placeholders::_1’
[24.580s]   294 |     _GLIBCXX_PLACEHOLDER const _Placeholder<1> _1;
[24.580s]       |                                                ^~
[24.580s] /usr/include/boost/mpl/aux_/preprocessed/gcc/placeholders.hpp:29:16: note:   ‘mpl_::_1’
[24.580s]    29 | typedef arg<1> _1;
[24.580s]       |                ^~
[24.580s] In file included from /usr/include/boost/describe/members.hpp:20,
[24.583s]                  from /usr/include/boost/container_hash/is_described_class.hpp:11,
[24.583s]                  from /usr/include/boost/container_hash/hash.hpp:18,
[24.583s]                  from /usr/include/boost/functional/hash.hpp:6,
[24.584s]                  from /usr/include/CGAL/Kernel/hash_functions.h:16,
[24.584s]                  from /usr/include/CGAL/Kernel/global_functions.h:25,
[24.584s]                  from /usr/include/CGAL/Cartesian/Cartesian_base.h:22,
[24.584s]                  from /usr/include/CGAL/Simple_cartesian.h:20,
[24.584s]                  from /usr/include/CGAL/Exact_predicates_inexact_constructions_kernel.h:20,
[24.584s]                  from /home/neha/ros2_ws/src/semnav_migration/include/polygeom_lib.h:32,
[24.584s]                  from /home/neha/ros2_ws/src/semnav_migration/include/reactive_planner_lib.h:52:
[24.587s] /usr/include/boost/mp11/bind.hpp:45:7: note:   ‘boost::mp11::_1’
[24.587s]    45 | using _1 = mp_arg<0>;
[24.587s]       |       ^~
[24.587s] /usr/include/boost/mpl/aux_/preprocessed/gcc/placeholders.hpp:29:16: note:   ‘mpl_::_1’
[24.587s]    29 | typedef arg<1> _1;
[24.587s]       |                ^~
[24.587s] /home/neha/ros2_ws/src/semnav_migration/src/navigation.cpp:149:105: error: ‘_2’ was not declared in this scope
[24.588s]   149 |                         sync->registerCallback(boost::bind(&NavigationNode::control_callback, this, _1, _2));
[24.588s]       |                                                                                                         ^~
[24.588s] /home/neha/ros2_ws/src/semnav_migration/src/navigation.cpp:149:105: note: suggested alternatives:
[24.588s] /usr/include/boost/mpl/aux_/preprocessed/gcc/placeholders.hpp:42:16: note:   ‘mpl_::_2’
[24.588s]    42 | typedef arg<2> _2;
[24.588s]       |                ^~
[24.588s] /usr/include/c++/13/functional:295:48: note:   ‘std::placeholders::_2’
[24.591s]   295 |     _GLIBCXX_PLACEHOLDER const _Placeholder<2> _2;
[24.591s]       |                                                ^~
[24.591s] /usr/include/boost/mpl/aux_/preprocessed/gcc/placeholders.hpp:42:16: note:   ‘mpl_::_2’
[24.591s]    42 | typedef arg<2> _2;
[24.591s]       |                ^~
[24.591s] /usr/include/boost/mp11/bind.hpp:46:7: note:   ‘boost::mp11::_2’
[24.592s]    46 | using _2 = mp_arg<1>;
[24.592s]       |       ^~
[24.592s] /usr/include/boost/mpl/aux_/preprocessed/gcc/placeholders.hpp:42:16: note:   ‘mpl_::_2’
[24.592s]    42 | typedef arg<2> _2;
[24.592s]       |                ^~
[24.592s] /home/neha/ros2_ws/src/semnav_migration/src/navigation.cpp:152:74: error: no matching function for call to ‘NavigationNode::create_subscription(std::string&, int)’
[24.592s]   152 |             rclcpp::Subscription sub_semantic = this->create_subscription(sub_semantic_topic_, 1);
[24.595s]       |                                                 ~~~~~~~~~~~~~~~~~~~~~~~~~^~~~~~~~~~~~~~~~~~~~~~~~
[24.595s] /opt/ros/jazzy/include/rclcpp/rclcpp/node.hpp:221:3: note: candidate: ‘template<class MessageT, class CallbackT, class AllocatorT, class SubscriptionT, class MessageMemoryStrategyT> std::shared_ptr<ROSMessageT> rclcpp::Node::create_subscription(const std::string&, const rclcpp::QoS&, CallbackT&&, const rclcpp::SubscriptionOptionsWithAllocator<AllocatorT>&, typename MessageMemoryStrategyT::SharedPtr)’
[24.595s]   221 |   create_subscription(
[24.595s]       |   ^~~~~~~~~~~~~~~~~~~
[24.595s] /opt/ros/jazzy/include/rclcpp/rclcpp/node.hpp:221:3: note:   template argument deduction/substitution failed:
[24.595s] /home/neha/ros2_ws/src/semnav_migration/src/navigation.cpp:152:74: note:   candidate expects 5 arguments, 2 provided
[24.596s]   152 |             rclcpp::Subscription sub_semantic = this->create_subscription(sub_semantic_topic_, 1);
[24.596s]       |                                                 ~~~~~~~~~~~~~~~~~~~~~~~~~^~~~~~~~~~~~~~~~~~~~~~~~
[24.650s] /home/neha/ros2_ws/src/semnav_migration/src/navigation.cpp: In member function ‘void NavigationNode::publish_twist(double, double)’:
[24.650s] /home/neha/ros2_ws/src/semnav_migration/src/navigation.cpp:169:25: error: ‘pub_twist_’ was not declared in this scope; did you mean ‘publish_twist’?
[24.650s]   169 |                         pub_twist_.publish(commandTwist);
[24.650s]       |                         ^~~~~~~~~~
[24.650s]       |                         publish_twist
[24.740s] /home/neha/ros2_ws/src/semnav_migration/src/navigation.cpp: In member function ‘void NavigationNode::publish_behavior_id(uint16_t)’:
[24.740s] /home/neha/ros2_ws/src/semnav_migration/src/navigation.cpp:176:25: error: ‘pub_behaviorID_’ was not declared in this scope; did you mean ‘pub_behaviorID_topic_’?
[24.740s]   176 |                         pub_behaviorID_.publish(commandId);
[24.740s]       |                         ^~~~~~~~~~~~~~~
[24.740s]       |                         pub_behaviorID_topic_
[24.841s] /home/neha/ros2_ws/src/semnav_migration/src/navigation.cpp: In member function ‘void NavigationNode::publish_behavior_mode(uint16_t)’:
[24.841s] /home/neha/ros2_ws/src/semnav_migration/src/navigation.cpp:183:25: error: ‘pub_behaviorMode_’ was not declared in this scope; did you mean ‘pub_behaviorMode_topic_’?
[24.841s]   183 |                         pub_behaviorMode_.publish(commandMode);
[24.841s]       |                         ^~~~~~~~~~~~~~~~~
[24.843s]       |                         pub_behaviorMode_topic_
[24.931s] /home/neha/ros2_ws/src/semnav_migration/src/navigation.cpp: In member function ‘void NavigationNode::control_callback(const sensor_msgs::msg::LaserScan_<std::allocator<void> >::ConstPtr&, const nav_msgs::msg::Odometry_<std::allocator<void> >::ConstPtr&)’:
[24.931s] /home/neha/ros2_ws/src/semnav_migration/src/navigation.cpp:366:43: error: ‘class tf2_ros::TransformListener’ has no member named ‘waitForTransform’
[24.931s]   366 |                                 listener_.waitForTransform(world_frame_id_, odom_frame_id_, rclcpp::Time(0), rclcpp::Duration(std::chrono::nanoseconds(1000000000));
[24.931s]       |                                           ^~~~~~~~~~~~~~~~
[24.932s] /home/neha/ros2_ws/src/semnav_migration/src/navigation.cpp:366:164: error: expected ‘)’ before ‘;’ token
[24.932s]   366 |                                 listener_.waitForTransform(world_frame_id_, odom_frame_id_, rclcpp::Time(0), rclcpp::Duration(std::chrono::nanoseconds(1000000000));
[24.932s]       |                                                                                                                                                                    ^
[24.933s] /home/neha/ros2_ws/src/semnav_migration/src/navigation.cpp:366:59: note: to match this ‘(’
[24.933s]   366 |                                 listener_.waitForTransform(world_frame_id_, odom_frame_id_, rclcpp::Time(0), rclcpp::Duration(std::chrono::nanoseconds(1000000000));
[24.933s]       |                                                           ^
[24.934s] /home/neha/ros2_ws/src/semnav_migration/src/navigation.cpp:367:43: error: ‘class tf2_ros::TransformListener’ has no member named ‘transformPose’
[24.934s]   367 |                                 listener_.transformPose(world_frame_id_, odomPose, mapPose);
[24.934s]       |                                           ^~~~~~~~~~~~~
[24.940s] /home/neha/ros2_ws/src/semnav_migration/src/navigation.cpp:396:42: error: could not convert ‘lidar_data’ from ‘shared_ptr<LaserScan_<[...]>>’ to ‘shared_ptr<LaserScan_<[...]>>’
[24.940s]   396 |                         constructLIDAR2D(lidar_data, CutoffRange_, AllowableRange_, RobotPitch_, &LIDAR);
[24.940s]       |                                          ^~~~~~~~~~
[24.940s]       |                                          |
[24.940s]       |                                          shared_ptr<LaserScan_<[...]>>
[39.268s] gmake[2]: *** [CMakeFiles/navigation_semantic.dir/build.make:76: CMakeFiles/navigation_semantic.dir/src/navigation_semantic.cpp.o] Error 1
[39.269s] gmake[1]: *** [CMakeFiles/Makefile2:207: CMakeFiles/navigation_semantic.dir/all] Error 2
[39.270s] gmake[1]: *** Waiting for unfinished jobs....
[40.114s] gmake[2]: *** [CMakeFiles/navigation.dir/build.make:76: CMakeFiles/navigation.dir/src/navigation.cpp.o] Error 1
[40.114s] gmake[1]: *** [CMakeFiles/Makefile2:181: CMakeFiles/navigation.dir/all] Error 2
[40.115s] gmake: *** [Makefile:146: all] Error 2
[40.118s] Invoked command in '/home/neha/ros2_ws/src/semnav_migration/build/semnav' returned '2': CMAKE_PREFIX_PATH=${CMAKE_PREFIX_PATH}:/opt/ros/jazzy DEBUGINFOD_URLS=https://debuginfod.ubuntu.com /usr/bin/cmake --build /home/neha/ros2_ws/src/semnav_migration/build/semnav -- -j2 -l2
