[0.028s] Invoking command in '/home/neha/ros2_ws/src/semnav_migration/build/semnav': CMAKE_PREFIX_PATH=${CMAKE_PREFIX_PATH}:/opt/ros/jazzy DEBUGINFOD_URLS=https://debuginfod.ubuntu.com /usr/bin/cmake --build /home/neha/ros2_ws/src/semnav_migration/build/semnav -- -j2 -l2
[0.196s] [ 14%] Built target reactive_planner
[0.340s] [ 23%] Building CXX object CMakeFiles/navigation.dir/src/navigation.cpp.o
[0.340s] [ 23%] Building CXX object CMakeFiles/navigation_semantic.dir/src/navigation_semantic.cpp.o
[22.169s] /home/neha/ros2_ws/src/semnav_migration/src/navigation.cpp:46:13: error: extra qualification ‘NavigationNode::’ on member ‘NavigationNode’ [-fpermissive]
[22.170s]    46 |             NavigationNode::NavigationNode() : rclcpp::Node(std::string("navigation_node")) {
[22.170s]       |             ^~~~~~~~~~~~~~
[22.216s] /home/neha/ros2_ws/src/semnav_migration/src/navigation.cpp: In constructor ‘NavigationNode::NavigationNode()’:
[22.216s] /home/neha/ros2_ws/src/semnav_migration/src/navigation.cpp:46:91: error: no matching function for call to ‘rclcpp::Node::Node()’
[22.216s]    46 |             NavigationNode::NavigationNode() : rclcpp::Node(std::string("navigation_node")) {
[22.217s]       |                                                                                           ^
[22.218s] In file included from /opt/ros/jazzy/include/rclcpp/rclcpp/executors/single_threaded_executor.hpp:28,
[22.218s]                  from /opt/ros/jazzy/include/rclcpp/rclcpp/executors.hpp:22,
[22.218s]                  from /opt/ros/jazzy/include/rclcpp/rclcpp/rclcpp.hpp:172,
[22.218s]                  from /home/neha/ros2_ws/src/semnav_migration/include/reactive_planner_lib.h:32,
[22.218s]                  from /home/neha/ros2_ws/src/semnav_migration/src/navigation.cpp:25:
[22.218s] /opt/ros/jazzy/include/rclcpp/rclcpp/node.hpp:1629:3: note: candidate: ‘rclcpp::Node::Node(const rclcpp::Node&, const std::string&)’
[22.218s]  1629 |   Node(
[22.219s]       |   ^~~~
[22.219s] /opt/ros/jazzy/include/rclcpp/rclcpp/node.hpp:1629:3: note:   candidate expects 2 arguments, 0 provided
[22.222s] /opt/ros/jazzy/include/rclcpp/rclcpp/node.hpp:103:12: note: candidate: ‘rclcpp::Node::Node(const std::string&, const std::string&, const rclcpp::NodeOptions&)’
[22.222s]   103 |   explicit Node(
[22.223s]       |            ^~~~
[22.223s] /opt/ros/jazzy/include/rclcpp/rclcpp/node.hpp:103:12: note:   candidate expects 3 arguments, 0 provided
[22.223s] /opt/ros/jazzy/include/rclcpp/rclcpp/node.hpp:91:12: note: candidate: ‘rclcpp::Node::Node(const std::string&, const rclcpp::NodeOptions&)’
[22.223s]    91 |   explicit Node(
[22.223s]       |            ^~~~
[22.223s] /opt/ros/jazzy/include/rclcpp/rclcpp/node.hpp:91:12: note:   candidate expects 2 arguments, 0 provided
[22.322s] /home/neha/ros2_ws/src/semnav_migration/src/navigation.cpp:143:116: error: no matching function for call to ‘message_filters::Subscriber<sensor_msgs::msg::LaserScan_<std::allocator<void> > >::Subscriber(rclcpp::Node&, std::string&, int)’
[22.323s]   143 |                         message_filters::Subscriber<sensor_msgs::msg::LaserScan> sub_laser(nh_, sub_laser_topic_, 1);
[22.323s]       |                                                                                                                    ^
[22.323s] In file included from /home/neha/ros2_ws/src/semnav_migration/include/reactive_planner_lib.h:44:
[22.324s] /opt/ros/jazzy/include/message_filters/message_filters/subscriber.h:224:3: note: candidate: ‘message_filters::Subscriber<M, NodeType>::Subscriber() [with M = sensor_msgs::msg::LaserScan_<std::allocator<void> >; NodeType = rclcpp::Node]’
[22.324s]   224 |   Subscriber() = default;
[22.324s]       |   ^~~~~~~~~~
[22.325s] /opt/ros/jazzy/include/message_filters/message_filters/subscriber.h:224:3: note:   candidate expects 0 arguments, 3 provided
[22.325s] /opt/ros/jazzy/include/message_filters/message_filters/subscriber.h:212:3: note: candidate: ‘message_filters::Subscriber<M, NodeType>::Subscriber(NodeType*, const std::string&, rmw_qos_profile_t, rclcpp::SubscriptionOptions) [with M = sensor_msgs::msg::LaserScan_<std::allocator<void> >; NodeType = rclcpp::Node; std::string = std::__cxx11::basic_string<char>; rmw_qos_profile_t = rmw_qos_profile_s; rclcpp::SubscriptionOptions = rclcpp::SubscriptionOptionsWithAllocator<std::allocator<void> >]’
[22.325s]   212 |   Subscriber(
[22.325s]       |   ^~~~~~~~~~
[22.325s] /opt/ros/jazzy/include/message_filters/message_filters/subscriber.h:212:3: note:   candidate expects 4 arguments, 3 provided
[22.325s] /opt/ros/jazzy/include/message_filters/message_filters/subscriber.h:203:3: note: candidate: ‘message_filters::Subscriber<M, NodeType>::Subscriber(NodePtr, const std::string&, rmw_qos_profile_t, rclcpp::SubscriptionOptions) [with M = sensor_msgs::msg::LaserScan_<std::allocator<void> >; NodeType = rclcpp::Node; NodePtr = std::shared_ptr<rclcpp::Node>; std::string = std::__cxx11::basic_string<char>; rmw_qos_profile_t = rmw_qos_profile_s; rclcpp::SubscriptionOptions = rclcpp::SubscriptionOptionsWithAllocator<std::allocator<void> >]’
[22.326s]   203 |   Subscriber(
[22.326s]       |   ^~~~~~~~~~
[22.328s] /opt/ros/jazzy/include/message_filters/message_filters/subscriber.h:203:3: note:   candidate expects 4 arguments, 3 provided
[22.329s] /opt/ros/jazzy/include/message_filters/message_filters/subscriber.h:188:3: note: candidate: ‘message_filters::Subscriber<M, NodeType>::Subscriber(NodeType*, const std::string&, rmw_qos_profile_t) [with M = sensor_msgs::msg::LaserScan_<std::allocator<void> >; NodeType = rclcpp::Node; std::string = std::__cxx11::basic_string<char>; rmw_qos_profile_t = rmw_qos_profile_s]’
[22.329s]   188 |   Subscriber(NodeType * node, const std::string& topic, const rmw_qos_profile_t qos = rmw_qos_profile_default)
[22.329s]       |   ^~~~~~~~~~
[22.329s] /opt/ros/jazzy/include/message_filters/message_filters/subscriber.h:188:25: note:   no known conversion for argument 1 from ‘rclcpp::Node’ to ‘rclcpp::Node*’
[22.329s]   188 |   Subscriber(NodeType * node, const std::string& topic, const rmw_qos_profile_t qos = rmw_qos_profile_default)
[22.329s]       |              ~~~~~~~~~~~^~~~
[22.330s] /opt/ros/jazzy/include/message_filters/message_filters/subscriber.h:183:3: note: candidate: ‘message_filters::Subscriber<M, NodeType>::Subscriber(NodePtr, const std::string&, rmw_qos_profile_t) [with M = sensor_msgs::msg::LaserScan_<std::allocator<void> >; NodeType = rclcpp::Node; NodePtr = std::shared_ptr<rclcpp::Node>; std::string = std::__cxx11::basic_string<char>; rmw_qos_profile_t = rmw_qos_profile_s]’
[22.330s]   183 |   Subscriber(NodePtr node, const std::string& topic, const rmw_qos_profile_t qos = rmw_qos_profile_default)
[22.330s]       |   ^~~~~~~~~~
[22.330s] /opt/ros/jazzy/include/message_filters/message_filters/subscriber.h:183:22: note:   no known conversion for argument 1 from ‘rclcpp::Node’ to ‘message_filters::Subscriber<sensor_msgs::msg::LaserScan_<std::allocator<void> > >::NodePtr’ {aka ‘std::shared_ptr<rclcpp::Node>’}
[22.332s]   183 |   Subscriber(NodePtr node, const std::string& topic, const rmw_qos_profile_t qos = rmw_qos_profile_default)
[22.332s]       |              ~~~~~~~~^~~~
[22.394s] /home/neha/ros2_ws/src/semnav_migration/src/navigation.cpp:144:112: error: no matching function for call to ‘message_filters::Subscriber<nav_msgs::msg::Odometry_<std::allocator<void> > >::Subscriber(rclcpp::Node&, std::string&, int)’
[22.395s]   144 |                         message_filters::Subscriber<nav_msgs::msg::Odometry> sub_robot(nh_, sub_robot_topic_, 1);
[22.395s]       |                                                                                                                ^
[22.395s] /opt/ros/jazzy/include/message_filters/message_filters/subscriber.h:224:3: note: candidate: ‘message_filters::Subscriber<M, NodeType>::Subscriber() [with M = nav_msgs::msg::Odometry_<std::allocator<void> >; NodeType = rclcpp::Node]’
[22.395s]   224 |   Subscriber() = default;
[22.396s]       |   ^~~~~~~~~~
[22.396s] /opt/ros/jazzy/include/message_filters/message_filters/subscriber.h:224:3: note:   candidate expects 0 arguments, 3 provided
[22.397s] /opt/ros/jazzy/include/message_filters/message_filters/subscriber.h:212:3: note: candidate: ‘message_filters::Subscriber<M, NodeType>::Subscriber(NodeType*, const std::string&, rmw_qos_profile_t, rclcpp::SubscriptionOptions) [with M = nav_msgs::msg::Odometry_<std::allocator<void> >; NodeType = rclcpp::Node; std::string = std::__cxx11::basic_string<char>; rmw_qos_profile_t = rmw_qos_profile_s; rclcpp::SubscriptionOptions = rclcpp::SubscriptionOptionsWithAllocator<std::allocator<void> >]’
[22.397s]   212 |   Subscriber(
[22.397s]       |   ^~~~~~~~~~
[22.399s] /opt/ros/jazzy/include/message_filters/message_filters/subscriber.h:212:3: note:   candidate expects 4 arguments, 3 provided
[22.400s] /opt/ros/jazzy/include/message_filters/message_filters/subscriber.h:203:3: note: candidate: ‘message_filters::Subscriber<M, NodeType>::Subscriber(NodePtr, const std::string&, rmw_qos_profile_t, rclcpp::SubscriptionOptions) [with M = nav_msgs::msg::Odometry_<std::allocator<void> >; NodeType = rclcpp::Node; NodePtr = std::shared_ptr<rclcpp::Node>; std::string = std::__cxx11::basic_string<char>; rmw_qos_profile_t = rmw_qos_profile_s; rclcpp::SubscriptionOptions = rclcpp::SubscriptionOptionsWithAllocator<std::allocator<void> >]’
[22.400s]   203 |   Subscriber(
[22.400s]       |   ^~~~~~~~~~
[22.400s] /opt/ros/jazzy/include/message_filters/message_filters/subscriber.h:203:3: note:   candidate expects 4 arguments, 3 provided
[22.400s] /opt/ros/jazzy/include/message_filters/message_filters/subscriber.h:188:3: note: candidate: ‘message_filters::Subscriber<M, NodeType>::Subscriber(NodeType*, const std::string&, rmw_qos_profile_t) [with M = nav_msgs::msg::Odometry_<std::allocator<void> >; NodeType = rclcpp::Node; std::string = std::__cxx11::basic_string<char>; rmw_qos_profile_t = rmw_qos_profile_s]’
[22.400s]   188 |   Subscriber(NodeType * node, const std::string& topic, const rmw_qos_profile_t qos = rmw_qos_profile_default)
[22.401s]       |   ^~~~~~~~~~
[22.401s] /opt/ros/jazzy/include/message_filters/message_filters/subscriber.h:188:25: note:   no known conversion for argument 1 from ‘rclcpp::Node’ to ‘rclcpp::Node*’
[22.401s]   188 |   Subscriber(NodeType * node, const std::string& topic, const rmw_qos_profile_t qos = rmw_qos_profile_default)
[22.403s]       |              ~~~~~~~~~~~^~~~
[22.403s] /opt/ros/jazzy/include/message_filters/message_filters/subscriber.h:183:3: note: candidate: ‘message_filters::Subscriber<M, NodeType>::Subscriber(NodePtr, const std::string&, rmw_qos_profile_t) [with M = nav_msgs::msg::Odometry_<std::allocator<void> >; NodeType = rclcpp::Node; NodePtr = std::shared_ptr<rclcpp::Node>; std::string = std::__cxx11::basic_string<char>; rmw_qos_profile_t = rmw_qos_profile_s]’
[22.403s]   183 |   Subscriber(NodePtr node, const std::string& topic, const rmw_qos_profile_t qos = rmw_qos_profile_default)
[22.404s]       |   ^~~~~~~~~~
[22.404s] /opt/ros/jazzy/include/message_filters/message_filters/subscriber.h:183:22: note:   no known conversion for argument 1 from ‘rclcpp::Node’ to ‘message_filters::Subscriber<nav_msgs::msg::Odometry_<std::allocator<void> > >::NodePtr’ {aka ‘std::shared_ptr<rclcpp::Node>’}
[22.404s]   183 |   Subscriber(NodePtr node, const std::string& topic, const rmw_qos_profile_t qos = rmw_qos_profile_default)
[22.404s]       |              ~~~~~~~~^~~~
[22.430s] /home/neha/ros2_ws/src/semnav_migration/src/navigation_semantic.cpp:46:13: error: extra qualification ‘SemanticNavigationNode::’ on member ‘SemanticNavigationNode’ [-fpermissive]
[22.430s]    46 |             SemanticNavigationNode::SemanticNavigationNode() : Node("semantic_navigation_node") {
[22.430s]       |             ^~~~~~~~~~~~~~~~~~~~~~
[22.454s] /home/neha/ros2_ws/src/semnav_migration/src/navigation_semantic.cpp:684:45: error: ‘String’ is not a member of ‘std_msgs::msg’
[22.454s]   684 |         rclcpp::Subscription<std_msgs::msg::String>::SharedPtr sub_semantic;
[22.454s]       |                                             ^~~~~~
[22.454s] /home/neha/ros2_ws/src/semnav_migration/src/navigation_semantic.cpp:684:51: error: template argument 1 is invalid
[22.454s]   684 |         rclcpp::Subscription<std_msgs::msg::String>::SharedPtr sub_semantic;
[22.454s]       |                                                   ^
[22.454s] /home/neha/ros2_ws/src/semnav_migration/src/navigation_semantic.cpp:684:51: error: template argument 3 is invalid
[22.455s] /home/neha/ros2_ws/src/semnav_migration/src/navigation_semantic.cpp:684:51: error: template argument 4 is invalid
[22.455s] /home/neha/ros2_ws/src/semnav_migration/src/navigation_semantic.cpp:684:51: error: template argument 5 is invalid
[22.455s] /home/neha/ros2_ws/src/semnav_migration/src/navigation_semantic.cpp:684:54: error: expected ‘;’ at end of member declaration
[22.458s]   684 |         rclcpp::Subscription<std_msgs::msg::String>::SharedPtr sub_semantic;
[22.458s]       |                                                      ^~~~~~~~~
[22.458s]       |                                                               ;
[22.481s] /home/neha/ros2_ws/src/semnav_migration/src/navigation_semantic.cpp:684:64: error: ‘sub_semantic’ does not name a type
[22.482s]   684 |         rclcpp::Subscription<std_msgs::msg::String>::SharedPtr sub_semantic;
[22.482s]       |                                                                ^~~~~~~~~~~~
[22.507s] /home/neha/ros2_ws/src/semnav_migration/src/navigation_semantic.cpp: In constructor ‘SemanticNavigationNode::SemanticNavigationNode()’:
[22.507s] /home/neha/ros2_ws/src/semnav_migration/src/navigation_semantic.cpp:46:95: error: no matching function for call to ‘rclcpp::Node::Node()’
[22.507s]    46 |             SemanticNavigationNode::SemanticNavigationNode() : Node("semantic_navigation_node") {
[22.507s]       |                                                                                               ^
[22.509s] In file included from /opt/ros/jazzy/include/rclcpp/rclcpp/executors/single_threaded_executor.hpp:28,
[22.509s]                  from /opt/ros/jazzy/include/rclcpp/rclcpp/executors.hpp:22,
[22.510s]                  from /opt/ros/jazzy/include/rclcpp/rclcpp/rclcpp.hpp:172,
[22.510s]                  from /home/neha/ros2_ws/src/semnav_migration/include/reactive_planner_lib.h:32,
[22.510s]                  from /home/neha/ros2_ws/src/semnav_migration/src/navigation_semantic.cpp:25:
[22.510s] /opt/ros/jazzy/include/rclcpp/rclcpp/node.hpp:1629:3: note: candidate: ‘rclcpp::Node::Node(const rclcpp::Node&, const std::string&)’
[22.510s]  1629 |   Node(
[22.510s]       |   ^~~~
[22.510s] /opt/ros/jazzy/include/rclcpp/rclcpp/node.hpp:1629:3: note:   candidate expects 2 arguments, 0 provided
[22.511s] /opt/ros/jazzy/include/rclcpp/rclcpp/node.hpp:103:12: note: candidate: ‘rclcpp::Node::Node(const std::string&, const std::string&, const rclcpp::NodeOptions&)’
[22.511s]   103 |   explicit Node(
[22.511s]       |            ^~~~
[22.513s] /opt/ros/jazzy/include/rclcpp/rclcpp/node.hpp:103:12: note:   candidate expects 3 arguments, 0 provided
[22.513s] /opt/ros/jazzy/include/rclcpp/rclcpp/node.hpp:91:12: note: candidate: ‘rclcpp::Node::Node(const std::string&, const rclcpp::NodeOptions&)’
[22.513s]    91 |   explicit Node(
[22.514s]       |            ^~~~
[22.514s] /opt/ros/jazzy/include/rclcpp/rclcpp/node.hpp:91:12: note:   candidate expects 2 arguments, 0 provided
[22.546s] /home/neha/ros2_ws/src/semnav_migration/src/navigation.cpp:150:55: error: ‘bind’ is not a member of ‘boost’; did you mean ‘find’?
[22.546s]   150 |                         sync->registerCallback(boost::bind(&NavigationNode::control_callback, this, _1, _2));
[22.547s]       |                                                       ^~~~
[22.547s]       |                                                       find
[22.554s] /home/neha/ros2_ws/src/semnav_migration/src/navigation.cpp:150:101: error: ‘_1’ was not declared in this scope
[22.554s]   150 |                         sync->registerCallback(boost::bind(&NavigationNode::control_callback, this, _1, _2));
[22.554s]       |                                                                                                     ^~
[22.554s] /home/neha/ros2_ws/src/semnav_migration/src/navigation.cpp:150:101: note: suggested alternatives:
[22.554s] In file included from /usr/include/boost/mpl/aux_/include_preprocessed.hpp:37,
[22.554s]                  from /usr/include/boost/mpl/placeholders.hpp:43,
[22.555s]                  from /usr/include/boost/iterator/iterator_categories.hpp:16,
[22.555s]                  from /usr/include/boost/iterator/iterator_facade.hpp:13,
[22.555s]                  from /usr/include/boost/range/iterator_range_core.hpp:27,
[22.555s]                  from /usr/include/boost/lexical_cast.hpp:48,
[22.557s]                  from /usr/include/boost/multiprecision/detail/number_base.hpp:29,
[22.557s]                  from /usr/include/boost/multiprecision/traits/is_variable_precision.hpp:9,
[22.558s]                  from /usr/include/boost/multiprecision/detail/precision.hpp:9,
[22.558s]                  from /usr/include/boost/multiprecision/number.hpp:11,
[22.558s]                  from /usr/include/boost/multiprecision/cpp_int.hpp:19,
[22.558s]                  from /usr/include/boost/multiprecision/cpp_bin_float.hpp:15,
[22.558s]                  from /usr/include/boost/geometry/core/coordinate_promotion.hpp:16,
[22.558s]                  from /usr/include/boost/geometry/core/radian_access.hpp:30,
[22.558s]                  from /usr/include/boost/geometry/geometry.hpp:50,
[22.559s]                  from /usr/include/boost/geometry.hpp:17,
[22.559s]                  from /home/neha/ros2_ws/src/semnav_migration/include/reactive_planner_lib.h:26:
[22.561s] /usr/include/boost/mpl/aux_/preprocessed/gcc/placeholders.hpp:29:16: note:   ‘mpl_::_1’
[22.562s]    29 | typedef arg<1> _1;
[22.562s]       |                ^~
[22.562s] In file included from /usr/include/boost/numeric/conversion/converter_policies.hpp:13,
[22.562s]                  from /usr/include/boost/numeric/conversion/converter.hpp:14,
[22.562s]                  from /usr/include/boost/numeric/conversion/cast.hpp:33,
[22.562s]                  from /usr/include/boost/geometry/core/radian_access.hpp:26:
[22.563s] /usr/include/c++/13/functional:294:48: note:   ‘std::placeholders::_1’
[22.563s]   294 |     _GLIBCXX_PLACEHOLDER const _Placeholder<1> _1;
[22.563s]       |                                                ^~
[22.563s] /usr/include/boost/mpl/aux_/preprocessed/gcc/placeholders.hpp:29:16: note:   ‘mpl_::_1’
[22.565s]    29 | typedef arg<1> _1;
[22.565s]       |                ^~
[22.566s] In file included from /usr/include/boost/describe/members.hpp:20,
[22.566s]                  from /usr/include/boost/container_hash/is_described_class.hpp:11,
[22.566s]                  from /usr/include/boost/container_hash/hash.hpp:18,
[22.566s]                  from /usr/include/boost/functional/hash.hpp:6,
[22.566s]                  from /usr/include/CGAL/Kernel/hash_functions.h:16,
[22.566s]                  from /usr/include/CGAL/Kernel/global_functions.h:25,
[22.566s]                  from /usr/include/CGAL/Cartesian/Cartesian_base.h:22,
[22.566s]                  from /usr/include/CGAL/Simple_cartesian.h:20,
[22.567s]                  from /usr/include/CGAL/Exact_predicates_inexact_constructions_kernel.h:20,
[22.567s]                  from /home/neha/ros2_ws/src/semnav_migration/include/polygeom_lib.h:32,
[22.567s]                  from /home/neha/ros2_ws/src/semnav_migration/include/reactive_planner_lib.h:52:
[22.569s] /usr/include/boost/mp11/bind.hpp:45:7: note:   ‘boost::mp11::_1’
[22.569s]    45 | using _1 = mp_arg<0>;
[22.569s]       |       ^~
[22.570s] /usr/include/boost/mpl/aux_/preprocessed/gcc/placeholders.hpp:29:16: note:   ‘mpl_::_1’
[22.570s]    29 | typedef arg<1> _1;
[22.570s]       |                ^~
[22.570s] /home/neha/ros2_ws/src/semnav_migration/src/navigation.cpp:150:105: error: ‘_2’ was not declared in this scope
[22.570s]   150 |                         sync->registerCallback(boost::bind(&NavigationNode::control_callback, this, _1, _2));
[22.570s]       |                                                                                                         ^~
[22.570s] /home/neha/ros2_ws/src/semnav_migration/src/navigation.cpp:150:105: note: suggested alternatives:
[22.571s] /usr/include/boost/mpl/aux_/preprocessed/gcc/placeholders.hpp:42:16: note:   ‘mpl_::_2’
[22.571s]    42 | typedef arg<2> _2;
[22.571s]       |                ^~
[22.573s] /usr/include/c++/13/functional:295:48: note:   ‘std::placeholders::_2’
[22.573s]   295 |     _GLIBCXX_PLACEHOLDER const _Placeholder<2> _2;
[22.573s]       |                                                ^~
[22.574s] /usr/include/boost/mpl/aux_/preprocessed/gcc/placeholders.hpp:42:16: note:   ‘mpl_::_2’
[22.574s]    42 | typedef arg<2> _2;
[22.574s]       |                ^~
[22.574s] /usr/include/boost/mp11/bind.hpp:46:7: note:   ‘boost::mp11::_2’
[22.574s]    46 | using _2 = mp_arg<1>;
[22.574s]       |       ^~
[22.574s] /usr/include/boost/mpl/aux_/preprocessed/gcc/placeholders.hpp:42:16: note:   ‘mpl_::_2’
[22.575s]    42 | typedef arg<2> _2;
[22.575s]       |                ^~
[22.575s] /home/neha/ros2_ws/src/semnav_migration/src/navigation.cpp:153:74: error: no matching function for call to ‘NavigationNode::create_subscription(const char [20], int)’
[22.576s]   153 |             rclcpp::Subscription sub_semantic = this->create_subscription("sub_semantic_topic_", 1);
[22.576s]       |                                                 ~~~~~~~~~~~~~~~~~~~~~~~~~^~~~~~~~~~~~~~~~~~~~~~~~~~
[22.577s] /opt/ros/jazzy/include/rclcpp/rclcpp/node.hpp:221:3: note: candidate: ‘template<class MessageT, class CallbackT, class AllocatorT, class SubscriptionT, class MessageMemoryStrategyT> std::shared_ptr<ROSMessageT> rclcpp::Node::create_subscription(const std::string&, const rclcpp::QoS&, CallbackT&&, const rclcpp::SubscriptionOptionsWithAllocator<AllocatorT>&, typename MessageMemoryStrategyT::SharedPtr)’
[22.577s]   221 |   create_subscription(
[22.577s]       |   ^~~~~~~~~~~~~~~~~~~
[22.577s] /opt/ros/jazzy/include/rclcpp/rclcpp/node.hpp:221:3: note:   template argument deduction/substitution failed:
[22.577s] /home/neha/ros2_ws/src/semnav_migration/src/navigation.cpp:153:74: note:   candidate expects 5 arguments, 2 provided
[22.577s]   153 |             rclcpp::Subscription sub_semantic = this->create_subscription("sub_semantic_topic_", 1);
[22.577s]       |                                                 ~~~~~~~~~~~~~~~~~~~~~~~~~^~~~~~~~~~~~~~~~~~~~~~~~~~
[22.670s] /home/neha/ros2_ws/src/semnav_migration/src/navigation.cpp: In member function ‘void NavigationNode::control_callback(const sensor_msgs::msg::LaserScan_<std::allocator<void> >::ConstPtr&, const nav_msgs::msg::Odometry_<std::allocator<void> >::ConstPtr&)’:
[22.671s] /home/neha/ros2_ws/src/semnav_migration/src/navigation.cpp:405:42: error: could not convert ‘lidar_data’ from ‘shared_ptr<LaserScan_<[...]>>’ to ‘shared_ptr<LaserScan_<[...]>>’
[22.671s]   405 |                         constructLIDAR2D(lidar_data, CutoffRange_, AllowableRange_, RobotPitch_, &LIDAR);
[22.671s]       |                                          ^~~~~~~~~~
[22.671s]       |                                          |
[22.671s]       |                                          shared_ptr<LaserScan_<[...]>>
[22.914s] /home/neha/ros2_ws/src/semnav_migration/src/navigation_semantic.cpp:173:25: error: ‘sub_semantic’ was not declared in this scope; did you mean ‘pub_semantic_map_’?
[22.914s]   173 |                         sub_semantic = this->create_subscription<std_msgs::msg::String>("sub_semantic_topic_", 1);
[22.914s]       |                         ^~~~~~~~~~~~
[22.914s]       |                         pub_semantic_map_
[22.918s] /home/neha/ros2_ws/src/semnav_migration/src/navigation_semantic.cpp:173:81: error: ‘String’ is not a member of ‘std_msgs::msg’
[22.918s]   173 |                         sub_semantic = this->create_subscription<std_msgs::msg::String>("sub_semantic_topic_", 1);
[22.918s]       |                                                                                 ^~~~~~
[22.919s] /home/neha/ros2_ws/src/semnav_migration/src/navigation_semantic.cpp:173:88: error: no matching function for call to ‘SemanticNavigationNode::create_subscription<<expression error> >(const char [20], int)’
[22.919s]   173 |                         sub_semantic = this->create_subscription<std_msgs::msg::String>("sub_semantic_topic_", 1);
[22.919s]       |                                        ~~~~~~~~~~~~~~~~~~~~~~~~~~~~~~~~~~~~~~~~~~~~~~~~^~~~~~~~~~~~~~~~~~~~~~~~~~
[22.919s] /opt/ros/jazzy/include/rclcpp/rclcpp/node.hpp:221:3: note: candidate: ‘template<class MessageT, class CallbackT, class AllocatorT, class SubscriptionT, class MessageMemoryStrategyT> std::shared_ptr<ROSMessageT> rclcpp::Node::create_subscription(const std::string&, const rclcpp::QoS&, CallbackT&&, const rclcpp::SubscriptionOptionsWithAllocator<AllocatorT>&, typename MessageMemoryStrategyT::SharedPtr)’
[22.919s]   221 |   create_subscription(
[22.919s]       |   ^~~~~~~~~~~~~~~~~~~
[22.919s] /opt/ros/jazzy/include/rclcpp/rclcpp/node.hpp:221:3: note:   candidate expects 3 arguments, 2 provided
[23.025s] /home/neha/ros2_ws/src/semnav_migration/src/navigation_semantic.cpp: In member function ‘void SemanticNavigationNode::control_callback(const sensor_msgs::msg::LaserScan_<std::allocator<void> >::ConstPtr&, const nav_msgs::msg::Odometry_<std::allocator<void> >::ConstPtr&)’:
[23.026s] /home/neha/ros2_ws/src/semnav_migration/src/navigation_semantic.cpp:471:42: error: could not convert ‘lidar_data’ from ‘shared_ptr<LaserScan_<[...]>>’ to ‘shared_ptr<LaserScan_<[...]>>’
[23.026s]   471 |                         constructLIDAR2D(lidar_data, CutoffRange_, AllowableRange_, RobotPitch_, &LIDAR);
[23.026s]       |                                          ^~~~~~~~~~
[23.026s]       |                                          |
[23.026s]       |                                          shared_ptr<LaserScan_<[...]>>
[39.424s] gmake[2]: *** [CMakeFiles/navigation.dir/build.make:76: CMakeFiles/navigation.dir/src/navigation.cpp.o] Error 1
[39.424s] gmake[1]: *** [CMakeFiles/Makefile2:181: CMakeFiles/navigation.dir/all] Error 2
[39.424s] gmake[1]: *** Waiting for unfinished jobs....
[39.927s] gmake[2]: *** [CMakeFiles/navigation_semantic.dir/build.make:76: CMakeFiles/navigation_semantic.dir/src/navigation_semantic.cpp.o] Error 1
[39.927s] gmake[1]: *** [CMakeFiles/Makefile2:207: CMakeFiles/navigation_semantic.dir/all] Error 2
[39.928s] gmake: *** [Makefile:146: all] Error 2
[39.931s] Invoked command in '/home/neha/ros2_ws/src/semnav_migration/build/semnav' returned '2': CMAKE_PREFIX_PATH=${CMAKE_PREFIX_PATH}:/opt/ros/jazzy DEBUGINFOD_URLS=https://debuginfod.ubuntu.com /usr/bin/cmake --build /home/neha/ros2_ws/src/semnav_migration/build/semnav -- -j2 -l2
