[0.032s] Invoking command in '/home/neha/ros2_ws/src/semnav_migration/build/semnav': CMAKE_PREFIX_PATH=${CMAKE_PREFIX_PATH}:/opt/ros/jazzy DEBUGINFOD_URLS=https://debuginfod.ubuntu.com /usr/bin/cmake --build /home/neha/ros2_ws/src/semnav_migration/build/semnav -- -j2 -l2
[0.087s] -- Found ament_cmake: 2.5.0 (/opt/ros/jazzy/share/ament_cmake/cmake)
[0.514s] -- Found rclcpp: 28.1.2 (/opt/ros/jazzy/share/rclcpp/cmake)
[0.566s] -- Found rosidl_generator_c: 4.6.2 (/opt/ros/jazzy/share/rosidl_generator_c/cmake)
[0.586s] -- Found rosidl_generator_cpp: 4.6.2 (/opt/ros/jazzy/share/rosidl_generator_cpp/cmake)
[0.611s] -- Using all available rosidl_typesupport_c: rosidl_typesupport_fastrtps_c;rosidl_typesupport_introspection_c
[0.641s] -- Using all available rosidl_typesupport_cpp: rosidl_typesupport_fastrtps_cpp;rosidl_typesupport_introspection_cpp
[0.778s] -- Found rmw_implementation_cmake: 7.3.1 (/opt/ros/jazzy/share/rmw_implementation_cmake/cmake)
[0.781s] -- Found rmw_fastrtps_cpp: 8.4.0 (/opt/ros/jazzy/share/rmw_fastrtps_cpp/cmake)
[0.909s] -- Using RMW implementation 'rmw_fastrtps_cpp' as default
[1.050s] -- Found sensor_msgs: 5.3.5 (/opt/ros/jazzy/share/sensor_msgs/cmake)
[1.182s] -- Found nav_msgs: 5.3.5 (/opt/ros/jazzy/share/nav_msgs/cmake)
[1.243s] -- Found tf2: 0.36.4 (/opt/ros/jazzy/share/tf2/cmake)
[1.251s] -- Found tf2_ros: 0.36.4 (/opt/ros/jazzy/share/tf2_ros/cmake)
[1.495s] -- Found object_pose_interface_msgs: 0.0.0 (/home/neha/ros2_ws/src/install/object_pose_interface_msgs/share/object_pose_interface_msgs/cmake)
[1.556s] -- Found Boost: /usr/lib/x86_64-linux-gnu/cmake/Boost-1.83.0/BoostConfig.cmake (found version "1.83.0") found components: system 
[1.563s] -- Using header-only CGAL
[1.566s] -- Targeting Unix Makefiles
[1.566s] -- Using /usr/bin/c++ compiler.
[1.580s] -- Found Boost: /usr/lib/x86_64-linux-gnu/cmake/Boost-1.83.0/BoostConfig.cmake (found suitable version "1.83.0", minimum required is "1.66")  
[1.581s] -- Boost include dirs: /usr/include
[1.581s] -- Boost libraries:    
[1.585s] -- Using gcc version 4 or later. Adding -frounding-math
[2.479s] CMake Warning at /usr/lib/x86_64-linux-gnu/cmake/CGAL/CGAL_enable_end_of_configuration_hook.cmake:93 (message):
[2.480s]   =======================================================================
[2.480s] 
[2.480s]   CGAL performance notice:
[2.480s] 
[2.480s]   The variable CMAKE_BUILD_TYPE is set to "".  For performance reasons, you
[2.480s]   should set CMAKE_BUILD_TYPE to "Release".
[2.480s] 
[2.481s]   Set CGAL_DO_NOT_WARN_ABOUT_CMAKE_BUILD_TYPE to TRUE if you want to disable
[2.481s]   this warning.
[2.481s] 
[2.481s]   =======================================================================
[2.481s] Call Stack (most recent call first):
[2.481s]   /usr/lib/x86_64-linux-gnu/cmake/CGAL/CGAL_enable_end_of_configuration_hook.cmake:163 (CGAL_hook_check_CMAKE_BUILD_TYPE)
[2.481s]   CMakeLists.txt:DEFERRED
[2.481s] 
[2.482s] 
[2.482s] -- Configuring done (2.4s)
[4.108s] -- Generating done (1.3s)
[4.115s] -- Build files have been written to: /home/neha/ros2_ws/src/semnav_migration/build/semnav
[4.275s] [ 14%] Built target reactive_planner
[4.387s] [ 23%] Building CXX object CMakeFiles/navigation.dir/src/navigation.cpp.o
[4.387s] [ 23%] Building CXX object CMakeFiles/navigation_semantic.dir/src/navigation_semantic.cpp.o
[10.387s] /home/neha/ros2_ws/src/semnav_migration/src/navigation.cpp:138:77: error: missing terminating " character
[10.387s]   138 |             pub_behaviorID_ = this->create_publisher(std_msgs::msg::UInt32>("pub_behaviorID_topic), 1);
[10.387s]       |                                                                             ^~~~~~~~~~~~~~~~~~~~~~~~~~~
[25.618s] /home/neha/ros2_ws/src/semnav_migration/src/navigation.cpp:242:47: error: ‘object_pose_interface_msgs’ does not name a type
[25.618s]   242 |                 void diffeo_tree_update(const object_pose_interface_msgs::msg::SemanticMapObjectArray::ConstPtr& semantic_map_data) {
[25.619s]       |                                               ^~~~~~~~~~~~~~~~~~~~~~~~~~
[25.619s] /home/neha/ros2_ws/src/semnav_migration/src/navigation.cpp:242:78: error: expected unqualified-id before ‘::’ token
[25.619s]   242 |                 void diffeo_tree_update(const object_pose_interface_msgs::msg::SemanticMapObjectArray::ConstPtr& semantic_map_data) {
[25.619s]       |                                                                              ^~
[25.620s] /home/neha/ros2_ws/src/semnav_migration/src/navigation.cpp:242:78: error: expected ‘)’ before ‘::’ token
[25.620s]   242 |                 void diffeo_tree_update(const object_pose_interface_msgs::msg::SemanticMapObjectArray::ConstPtr& semantic_map_data) {
[25.620s]       |                                        ~                                     ^~
[25.620s]       |                                                                              )
[25.621s] /home/neha/ros2_ws/src/semnav_migration/src/navigation.cpp:242:75: error: expected ‘;’ at end of member declaration
[25.621s]   242 |                 void diffeo_tree_update(const object_pose_interface_msgs::msg::SemanticMapObjectArray::ConstPtr& semantic_map_data) {
[25.621s]       |                                                                           ^~~
[25.621s]       |                                                                              ;
[25.630s] /home/neha/ros2_ws/src/semnav_migration/src/navigation_semantic.cpp:240:47: error: ‘object_pose_interface_msgs’ does not name a type
[25.630s]   240 |                 void diffeo_tree_update(const object_pose_interface_msgs::msg::SemanticMapObjectArray::ConstPtr& semantic_map_data) {
[25.630s]       |                                               ^~~~~~~~~~~~~~~~~~~~~~~~~~
[25.630s] /home/neha/ros2_ws/src/semnav_migration/src/navigation_semantic.cpp:240:78: error: expected unqualified-id before ‘::’ token
[25.631s]   240 |                 void diffeo_tree_update(const object_pose_interface_msgs::msg::SemanticMapObjectArray::ConstPtr& semantic_map_data) {
[25.631s]       |                                                                              ^~
[25.631s] /home/neha/ros2_ws/src/semnav_migration/src/navigation_semantic.cpp:240:78: error: expected ‘)’ before ‘::’ token
[25.631s]   240 |                 void diffeo_tree_update(const object_pose_interface_msgs::msg::SemanticMapObjectArray::ConstPtr& semantic_map_data) {
[25.631s]       |                                        ~                                     ^~
[25.631s]       |                                                                              )
[25.631s] /home/neha/ros2_ws/src/semnav_migration/src/navigation_semantic.cpp:240:75: error: expected ‘;’ at end of member declaration
[25.634s]   240 |                 void diffeo_tree_update(const object_pose_interface_msgs::msg::SemanticMapObjectArray::ConstPtr& semantic_map_data) {
[25.634s]       |                                                                           ^~~
[25.634s]       |                                                                              ;
[25.661s] /home/neha/ros2_ws/src/semnav_migration/src/navigation.cpp:242:80: error: ‘SemanticMapObjectArray’ in namespace ‘::’ does not name a type
[25.661s]   242 |                 void diffeo_tree_update(const object_pose_interface_msgs::msg::SemanticMapObjectArray::ConstPtr& semantic_map_data) {
[25.661s]       |                                                                                ^~~~~~~~~~~~~~~~~~~~~~
[25.661s] /home/neha/ros2_ws/src/semnav_migration/src/navigation.cpp:615:17: error: invalid use of template-name ‘rclcpp::Publisher’ without an argument list
[25.661s]   615 |                 rclcpp::Publisher pub_behaviorID_;
[25.661s]       |                 ^~~~~~
[25.662s] /home/neha/ros2_ws/src/semnav_migration/src/navigation.cpp:616:17: error: invalid use of template-name ‘rclcpp::Publisher’ without an argument list
[25.662s]   616 |                 rclcpp::Publisher pub_behaviorMode_;
[25.662s]       |                 ^~~~~~
[25.663s] /home/neha/ros2_ws/src/semnav_migration/src/navigation.cpp:617:17: error: invalid use of template-name ‘rclcpp::Publisher’ without an argument list
[25.663s]   617 |                 rclcpp::Publisher pub_twist_;
[25.663s]       |                 ^~~~~~
[25.665s] /home/neha/ros2_ws/src/semnav_migration/src/navigation.cpp:619:17: error: invalid use of template-name ‘rclcpp::Publisher’ without an argument list
[25.665s]   619 |                 rclcpp::Publisher pub_semantic_map_;
[25.665s]       |                 ^~~~~~
[25.672s] /home/neha/ros2_ws/src/semnav_migration/src/navigation_semantic.cpp:240:80: error: ‘SemanticMapObjectArray’ in namespace ‘::’ does not name a type
[25.672s]   240 |                 void diffeo_tree_update(const object_pose_interface_msgs::msg::SemanticMapObjectArray::ConstPtr& semantic_map_data) {
[25.672s]       |                                                                                ^~~~~~~~~~~~~~~~~~~~~~
[25.678s] /home/neha/ros2_ws/src/semnav_migration/src/navigation.cpp:663:22: error: ‘TransformListener’ in namespace ‘tf2’ does not name a type
[25.678s]   663 |                 tf2::TransformListener listener_;
[25.678s]       |                      ^~~~~~~~~~~~~~~~~
[25.679s] /home/neha/ros2_ws/src/semnav_migration/src/navigation_semantic.cpp:623:17: error: ‘ros’ does not name a type
[25.679s]   623 |                 ros::NodeHandle nh_;
[25.679s]       |                 ^~~
[25.679s] /home/neha/ros2_ws/src/semnav_migration/src/navigation.cpp: In constructor ‘NavigationNode::NavigationNode()’:
[25.679s] /home/neha/ros2_ws/src/semnav_migration/src/navigation.cpp:45:50: error: no matching function for call to ‘rclcpp::Node::Node()’
[25.679s]    45 |         NavigationNode() : Node("navigation_node") {
[25.679s]       |                                                  ^
[25.679s] In file included from /opt/ros/jazzy/include/rclcpp/rclcpp/executors/single_threaded_executor.hpp:28,
[25.680s]                  from /opt/ros/jazzy/include/rclcpp/rclcpp/executors.hpp:22,
[25.680s]                  from /opt/ros/jazzy/include/rclcpp/rclcpp/rclcpp.hpp:172,
[25.680s]                  from /home/neha/ros2_ws/src/semnav_migration/include/reactive_planner_lib.h:32,
[25.680s]                  from /home/neha/ros2_ws/src/semnav_migration/src/navigation.cpp:25:
[25.680s] /opt/ros/jazzy/include/rclcpp/rclcpp/node.hpp:1629:3: note: candidate: ‘rclcpp::Node::Node(const rclcpp::Node&, const std::string&)’
[25.680s]  1629 |   Node(
[25.680s]       |   ^~~~
[25.681s] /opt/ros/jazzy/include/rclcpp/rclcpp/node.hpp:1629:3: note:   candidate expects 2 arguments, 0 provided
[25.681s] /opt/ros/jazzy/include/rclcpp/rclcpp/node.hpp:103:12: note: candidate: ‘rclcpp::Node::Node(const std::string&, const std::string&, const rclcpp::NodeOptions&)’
[25.681s]   103 |   explicit Node(
[25.681s]       |            ^~~~
[25.681s] /opt/ros/jazzy/include/rclcpp/rclcpp/node.hpp:103:12: note:   candidate expects 3 arguments, 0 provided
[25.681s] /opt/ros/jazzy/include/rclcpp/rclcpp/node.hpp:91:12: note: candidate: ‘rclcpp::Node::Node(const std::string&, const rclcpp::NodeOptions&)’
[25.681s]    91 |   explicit Node(
[25.681s]       |            ^~~~
[25.684s] /opt/ros/jazzy/include/rclcpp/rclcpp/node.hpp:91:12: note:   candidate expects 2 arguments, 0 provided
[25.684s] /home/neha/ros2_ws/src/semnav_migration/src/navigation_semantic.cpp:640:17: error: ‘ros’ does not name a type
[25.684s]   640 |                 ros::Publisher pub_behaviorID_;
[25.684s]       |                 ^~~
[25.691s] /home/neha/ros2_ws/src/semnav_migration/src/navigation_semantic.cpp:641:17: error: ‘ros’ does not name a type
[25.691s]   641 |                 ros::Publisher pub_behaviorMode_;
[25.691s]       |                 ^~~
[25.698s] /home/neha/ros2_ws/src/semnav_migration/src/navigation_semantic.cpp:642:17: error: ‘ros’ does not name a type
[25.698s]   642 |                 ros::Publisher pub_twist_;
[25.698s]       |                 ^~~
[25.705s] /home/neha/ros2_ws/src/semnav_migration/src/navigation_semantic.cpp:644:17: error: ‘ros’ does not name a type
[25.705s]   644 |                 ros::Publisher pub_semantic_map_;
[25.705s]       |                 ^~~
[25.723s] /home/neha/ros2_ws/src/semnav_migration/src/navigation_semantic.cpp:690:17: error: ‘tf’ does not name a type; did you mean ‘tm’?
[25.723s]   690 |                 tf::TransformListener listener_;
[25.723s]       |                 ^~
[25.723s]       |                 tm
[25.802s] /home/neha/ros2_ws/src/semnav_migration/src/navigation.cpp:104:25: error: ‘target_object_’ was not declared in this scope
[25.802s]   104 |                         target_object_ = this->get_parameter("target_object").as_string();
[25.802s]       |                         ^~~~~~~~~~~~~~
[25.834s] /home/neha/ros2_ws/src/semnav_migration/src/navigation_semantic.cpp: In constructor ‘SemanticNavigationNode::SemanticNavigationNode()’:
[25.834s] /home/neha/ros2_ws/src/semnav_migration/src/navigation_semantic.cpp:136:25: error: ‘pub_behaviorID_’ was not declared in this scope; did you mean ‘pub_behaviorID_topic_’?
[25.835s]   136 |                         pub_behaviorID_ = nh_.advertise<std_msgs::UInt32>(pub_behaviorID_topic_, 1, true);
[25.835s]       |                         ^~~~~~~~~~~~~~~
[25.835s]       |                         pub_behaviorID_topic_
[25.866s] /home/neha/ros2_ws/src/semnav_migration/src/navigation_semantic.cpp:136:43: error: ‘nh_’ was not declared in this scope
[25.866s]   136 |                         pub_behaviorID_ = nh_.advertise<std_msgs::UInt32>(pub_behaviorID_topic_, 1, true);
[25.866s]       |                                           ^~~
[25.870s] /home/neha/ros2_ws/src/semnav_migration/src/navigation_semantic.cpp:136:67: error: ‘UInt32’ is not a member of ‘std_msgs’
[25.870s]   136 |                         pub_behaviorID_ = nh_.advertise<std_msgs::UInt32>(pub_behaviorID_topic_, 1, true);
[25.871s]       |                                                                   ^~~~~~
[25.943s] /home/neha/ros2_ws/src/semnav_migration/src/navigation.cpp:105:25: error: ‘target_object_length_’ was not declared in this scope
[25.944s]   105 |                         target_object_length_ = this->get_parameter("target_object_length").as_double();
[25.944s]       |                         ^~~~~~~~~~~~~~~~~~~~~
[25.963s] /home/neha/ros2_ws/src/semnav_migration/src/navigation_semantic.cpp:137:25: error: ‘pub_behaviorMode_’ was not declared in this scope; did you mean ‘pub_behaviorMode_topic_’?
[25.964s]   137 |                         pub_behaviorMode_ = nh_.advertise<std_msgs::UInt32>(pub_behaviorMode_topic_, 1, true);
[25.964s]       |                         ^~~~~~~~~~~~~~~~~
[25.964s]       |                         pub_behaviorMode_topic_
[25.969s] /home/neha/ros2_ws/src/semnav_migration/src/navigation_semantic.cpp:137:69: error: ‘UInt32’ is not a member of ‘std_msgs’
[25.969s]   137 |                         pub_behaviorMode_ = nh_.advertise<std_msgs::UInt32>(pub_behaviorMode_topic_, 1, true);
[25.969s]       |                                                                     ^~~~~~
[26.017s] /home/neha/ros2_ws/src/semnav_migration/src/navigation_semantic.cpp:138:25: error: ‘pub_twist_’ was not declared in this scope; did you mean ‘publish_twist’?
[26.017s]   138 |                         pub_twist_ = nh_.advertise<geometry_msgs::msg::Twist>(pub_twist_topic_, 1, true);
[26.017s]       |                         ^~~~~~~~~~
[26.017s]       |                         publish_twist
[26.018s] /home/neha/ros2_ws/src/semnav_migration/src/navigation_semantic.cpp:138:77: error: expected primary-expression before ‘>’ token
[26.018s]   138 |                         pub_twist_ = nh_.advertise<geometry_msgs::msg::Twist>(pub_twist_topic_, 1, true);
[26.018s]       |                                                                             ^
[26.020s] /home/neha/ros2_ws/src/semnav_migration/src/navigation_semantic.cpp:141:42: error: ‘message_filters::msg’ has not been declared
[26.020s]   141 |                         message_filters::msg::Subscriber<sensor_msgs::LaserScan> sub_laser(nh_, sub_laser_topic_, 1);
[26.020s]       |                                          ^~~
[26.025s] /home/neha/ros2_ws/src/semnav_migration/src/navigation_semantic.cpp:141:71: error: ‘LaserScan’ is not a member of ‘sensor_msgs’; did you mean ‘sensor_msgs::msg::LaserScan’?
[26.025s]   141 |                         message_filters::msg::Subscriber<sensor_msgs::LaserScan> sub_laser(nh_, sub_laser_topic_, 1);
[26.025s]       |                                                                       ^~~~~~~~~
[26.025s] In file included from /opt/ros/jazzy/include/sensor_msgs/sensor_msgs/msg/laser_scan.hpp:7,
[26.026s]                  from /home/neha/ros2_ws/src/semnav_migration/include/reactive_planner_lib.h:46,
[26.026s]                  from /home/neha/ros2_ws/src/semnav_migration/src/navigation_semantic.cpp:25:
[26.026s] /opt/ros/jazzy/include/sensor_msgs/sensor_msgs/msg/detail/laser_scan__struct.hpp:250:7: note: ‘sensor_msgs::msg::LaserScan’ declared here
[26.026s]   250 | using LaserScan =
[26.026s]       |       ^~~~~~~~~
[26.072s] /home/neha/ros2_ws/src/semnav_migration/src/navigation_semantic.cpp:141:82: error: ‘sub_laser’ was not declared in this scope
[26.073s]   141 |                         message_filters::msg::Subscriber<sensor_msgs::LaserScan> sub_laser(nh_, sub_laser_topic_, 1);
[26.073s]       |                                                                                  ^~~~~~~~~
[26.076s] /home/neha/ros2_ws/src/semnav_migration/src/navigation.cpp:106:25: error: ‘target_object_width_’ was not declared in this scope
[26.077s]   106 |                         target_object_width_ = this->get_parameter("target_object_width").as_double();
[26.077s]       |                         ^~~~~~~~~~~~~~~~~~~~
[26.085s] /home/neha/ros2_ws/src/semnav_migration/src/navigation.cpp:138:69: error: ‘UInt32’ is not a member of ‘std_msgs::msg’
[26.085s]   138 |             pub_behaviorID_ = this->create_publisher(std_msgs::msg::UInt32>("pub_behaviorID_topic), 1);
[26.085s]       |                                                                     ^~~~~~
[26.086s] /home/neha/ros2_ws/src/semnav_migration/src/navigation.cpp:139:49: error: ‘class rclcpp::Node’ has no member named ‘advertise’
[26.086s]   139 |                         pub_behaviorMode_ = nh_.advertise<std_msgs::UInt32>(pub_behaviorMode_topic_, 1, true);
[26.086s]       |                                                 ^~~~~~~~~
[26.090s] /home/neha/ros2_ws/src/semnav_migration/src/navigation.cpp:139:69: error: ‘UInt32’ is not a member of ‘std_msgs’
[26.090s]   139 |                         pub_behaviorMode_ = nh_.advertise<std_msgs::UInt32>(pub_behaviorMode_topic_, 1, true);
[26.090s]       |                                                                     ^~~~~~
[26.091s] /home/neha/ros2_ws/src/semnav_migration/src/navigation.cpp:139:110: error: expected ‘)’ before ‘;’ token
[26.091s]   139 |                         pub_behaviorMode_ = nh_.advertise<std_msgs::UInt32>(pub_behaviorMode_topic_, 1, true);
[26.091s]       |                                                                                                              ^
[26.092s] /home/neha/ros2_ws/src/semnav_migration/src/navigation.cpp:138:76: note: to match this ‘(’
[26.092s]   138 |             pub_behaviorID_ = this->create_publisher(std_msgs::msg::UInt32>("pub_behaviorID_topic), 1);
[26.092s]       |                                                                            ^
[26.093s] /home/neha/ros2_ws/src/semnav_migration/src/navigation.cpp:140:42: error: ‘class rclcpp::Node’ has no member named ‘advertise’
[26.093s]   140 |                         pub_twist_ = nh_.advertise<geometry_msgs::msg::Twist>(pub_twist_topic_, 1, true);
[26.093s]       |                                          ^~~~~~~~~
[26.093s] /home/neha/ros2_ws/src/semnav_migration/src/navigation.cpp:140:77: error: expected primary-expression before ‘>’ token
[26.094s]   140 |                         pub_twist_ = nh_.advertise<geometry_msgs::msg::Twist>(pub_twist_topic_, 1, true);
[26.094s]       |                                                                             ^
[26.145s] /home/neha/ros2_ws/src/semnav_migration/src/navigation_semantic.cpp:143:94: error: ‘LaserScan’ is not a member of ‘sensor_msgs’; did you mean ‘sensor_msgs::msg::LaserScan’?
[26.145s]   143 |                         typedef message_filters::sync_policies::ApproximateTime<sensor_msgs::LaserScan,nav_msgs::msg::Odometry> SyncPolicy;
[26.145s]       |                                                                                              ^~~~~~~~~
[26.146s] /opt/ros/jazzy/include/sensor_msgs/sensor_msgs/msg/detail/laser_scan__struct.hpp:250:7: note: ‘sensor_msgs::msg::LaserScan’ declared here
[26.146s]   250 | using LaserScan =
[26.146s]       |       ^~~~~~~~~
[26.148s] /home/neha/ros2_ws/src/semnav_migration/src/navigation_semantic.cpp:143:127: error: template argument 1 is invalid
[26.148s]   143 |                         typedef message_filters::sync_policies::ApproximateTime<sensor_msgs::LaserScan,nav_msgs::msg::Odometry> SyncPolicy;
[26.148s]       |                                                                                                                               ^
[26.151s] In file included from /home/neha/ros2_ws/src/semnav_migration/include/reactive_planner_lib.h:44:
[26.151s] /opt/ros/jazzy/include/message_filters/message_filters/synchronizer.h: In instantiation of ‘class message_filters::Synchronizer<int>’:
[26.152s] /home/neha/ros2_ws/src/semnav_migration/src/navigation_semantic.cpp:146:64:   required from here
[26.152s] /opt/ros/jazzy/include/message_filters/message_filters/synchronizer.h:53:7: error: base type ‘int’ fails to be a struct or class type
[26.152s]    53 | class Synchronizer : public noncopyable, public Policy
[26.152s]       |       ^~~~~~~~~~~~
[26.152s] /opt/ros/jazzy/include/message_filters/message_filters/synchronizer.h:56:37: error: ‘int’ is not a class, struct, or union type
[26.152s]    56 |   typedef typename Policy::Messages Messages;
[26.152s]       |                                     ^~~~~~~~
[26.153s] /opt/ros/jazzy/include/message_filters/message_filters/synchronizer.h:57:35: error: ‘int’ is not a class, struct, or union type
[26.153s]    57 |   typedef typename Policy::Events Events;
[26.153s]       |                                   ^~~~~~
[26.153s] /opt/ros/jazzy/include/message_filters/message_filters/synchronizer.h:58:35: error: ‘int’ is not a class, struct, or union type
[26.153s]    58 |   typedef typename Policy::Signal Signal;
[26.153s]       |                                   ^~~~~~
[26.153s] /opt/ros/jazzy/include/message_filters/message_filters/synchronizer.h:60:58: error: ‘int’ is not a class, struct, or union type
[26.153s]    60 |   typedef typename std::tuple_element<0, Messages>::type M0;
[26.156s]       |                                                          ^~
[26.156s] /opt/ros/jazzy/include/message_filters/message_filters/synchronizer.h:61:58: error: ‘int’ is not a class, struct, or union type
[26.156s]    61 |   typedef typename std::tuple_element<1, Messages>::type M1;
[26.156s]       |                                                          ^~
[26.157s] /opt/ros/jazzy/include/message_filters/message_filters/synchronizer.h:62:58: error: ‘int’ is not a class, struct, or union type
[26.157s]    62 |   typedef typename std::tuple_element<2, Messages>::type M2;
[26.157s]       |                                                          ^~
[26.157s] /opt/ros/jazzy/include/message_filters/message_filters/synchronizer.h:63:58: error: ‘int’ is not a class, struct, or union type
[26.157s]    63 |   typedef typename std::tuple_element<3, Messages>::type M3;
[26.157s]       |                                                          ^~
[26.157s] /opt/ros/jazzy/include/message_filters/message_filters/synchronizer.h:64:58: error: ‘int’ is not a class, struct, or union type
[26.160s]    64 |   typedef typename std::tuple_element<4, Messages>::type M4;
[26.160s]       |                                                          ^~
[26.160s] /opt/ros/jazzy/include/message_filters/message_filters/synchronizer.h:65:58: error: ‘int’ is not a class, struct, or union type
[26.160s]    65 |   typedef typename std::tuple_element<5, Messages>::type M5;
[26.160s]       |                                                          ^~
[26.160s] /opt/ros/jazzy/include/message_filters/message_filters/synchronizer.h:66:58: error: ‘int’ is not a class, struct, or union type
[26.160s]    66 |   typedef typename std::tuple_element<6, Messages>::type M6;
[26.161s]       |                                                          ^~
[26.161s] /opt/ros/jazzy/include/message_filters/message_filters/synchronizer.h:67:58: error: ‘int’ is not a class, struct, or union type
[26.161s]    67 |   typedef typename std::tuple_element<7, Messages>::type M7;
[26.161s]       |                                                          ^~
[26.161s] /opt/ros/jazzy/include/message_filters/message_filters/synchronizer.h:68:58: error: ‘int’ is not a class, struct, or union type
[26.161s]    68 |   typedef typename std::tuple_element<8, Messages>::type M8;
[26.161s]       |                                                          ^~
[26.164s] /opt/ros/jazzy/include/message_filters/message_filters/synchronizer.h:71:56: error: ‘int’ is not a class, struct, or union type
[26.165s]    71 |   typedef typename std::tuple_element<0, Events>::type M0Event;
[26.165s]       |                                                        ^~~~~~~
[26.165s] /opt/ros/jazzy/include/message_filters/message_filters/synchronizer.h:72:56: error: ‘int’ is not a class, struct, or union type
[26.165s]    72 |   typedef typename std::tuple_element<1, Events>::type M1Event;
[26.165s]       |                                                        ^~~~~~~
[26.165s] /opt/ros/jazzy/include/message_filters/message_filters/synchronizer.h:73:56: error: ‘int’ is not a class, struct, or union type
[26.165s]    73 |   typedef typename std::tuple_element<2, Events>::type M2Event;
[26.166s]       |                                                        ^~~~~~~
[26.166s] /opt/ros/jazzy/include/message_filters/message_filters/synchronizer.h:74:56: error: ‘int’ is not a class, struct, or union type
[26.166s]    74 |   typedef typename std::tuple_element<3, Events>::type M3Event;
[26.166s]       |                                                        ^~~~~~~
[26.166s] /opt/ros/jazzy/include/message_filters/message_filters/synchronizer.h:75:56: error: ‘int’ is not a class, struct, or union type
[26.166s]    75 |   typedef typename std::tuple_element<4, Events>::type M4Event;
[26.166s]       |                                                        ^~~~~~~
[26.166s] /opt/ros/jazzy/include/message_filters/message_filters/synchronizer.h:76:56: error: ‘int’ is not a class, struct, or union type
[26.170s]    76 |   typedef typename std::tuple_element<5, Events>::type M5Event;
[26.170s]       |                                                        ^~~~~~~
[26.170s] /opt/ros/jazzy/include/message_filters/message_filters/synchronizer.h:77:56: error: ‘int’ is not a class, struct, or union type
[26.170s]    77 |   typedef typename std::tuple_element<6, Events>::type M6Event;
[26.170s]       |                                                        ^~~~~~~
[26.170s] /opt/ros/jazzy/include/message_filters/message_filters/synchronizer.h:78:56: error: ‘int’ is not a class, struct, or union type
[26.171s]    78 |   typedef typename std::tuple_element<7, Events>::type M7Event;
[26.171s]       |                                                        ^~~~~~~
[26.171s] /opt/ros/jazzy/include/message_filters/message_filters/synchronizer.h:79:56: error: ‘int’ is not a class, struct, or union type
[26.171s]    79 |   typedef typename std::tuple_element<8, Events>::type M8Event;
[26.171s]       |                                                        ^~~~~~~
[26.171s] /opt/ros/jazzy/include/message_filters/message_filters/synchronizer.h:325:17: error: ‘int’ is not a class, namespace, or enumeration
[26.171s]   325 |   using Policy::add;
[26.171s]       |                 ^~~
[26.174s] /opt/ros/jazzy/include/message_filters/message_filters/synchronizer.h:328:8: error: ‘int’ is not a class, struct, or union type
[26.174s]   328 |   void add(const std::shared_ptr<typename std::tuple_element<i, Messages>::type const>& msg)
[26.174s]       |        ^~~
[26.175s] /opt/ros/jazzy/include/message_filters/message_filters/synchronizer.h:344:8: error: ‘int’ is not a class, struct, or union type
[26.175s]   344 |   void cb(const typename std::tuple_element<i, Events>::type& evt)
[26.175s]       |        ^~
[26.175s] /home/neha/ros2_ws/src/semnav_migration/src/navigation_semantic.cpp:147:55: error: ‘bind’ is not a member of ‘boost’; did you mean ‘find’?
[26.175s]   147 |                         sync->registerCallback(boost::bind(&SemanticNavigationNode::control_callback, this, _1, _2));
[26.175s]       |                                                       ^~~~
[26.175s]       |                                                       find
[26.176s] /home/neha/ros2_ws/src/semnav_migration/src/navigation.cpp:143:116: error: no matching function for call to ‘message_filters::Subscriber<sensor_msgs::msg::LaserScan_<std::allocator<void> > >::Subscriber(rclcpp::Node&, std::string&, int)’
[26.176s]   143 |                         message_filters::Subscriber<sensor_msgs::msg::LaserScan> sub_laser(nh_, sub_laser_topic_, 1);
[26.176s]       |                                                                                                                    ^
[26.176s] In file included from /home/neha/ros2_ws/src/semnav_migration/include/reactive_planner_lib.h:43:
[26.176s] /opt/ros/jazzy/include/message_filters/message_filters/subscriber.h:224:3: note: candidate: ‘message_filters::Subscriber<M, NodeType>::Subscriber() [with M = sensor_msgs::msg::LaserScan_<std::allocator<void> >; NodeType = rclcpp::Node]’
[26.176s]   224 |   Subscriber() = default;
[26.176s]       |   ^~~~~~~~~~
[26.176s] /opt/ros/jazzy/include/message_filters/message_filters/subscriber.h:224:3: note:   candidate expects 0 arguments, 3 provided
[26.179s] /opt/ros/jazzy/include/message_filters/message_filters/subscriber.h:212:3: note: candidate: ‘message_filters::Subscriber<M, NodeType>::Subscriber(NodeType*, const std::string&, rmw_qos_profile_t, rclcpp::SubscriptionOptions) [with M = sensor_msgs::msg::LaserScan_<std::allocator<void> >; NodeType = rclcpp::Node; std::string = std::__cxx11::basic_string<char>; rmw_qos_profile_t = rmw_qos_profile_s; rclcpp::SubscriptionOptions = rclcpp::SubscriptionOptionsWithAllocator<std::allocator<void> >]’
[26.179s]   212 |   Subscriber(
[26.179s]       |   ^~~~~~~~~~
[26.179s] /opt/ros/jazzy/include/message_filters/message_filters/subscriber.h:212:3: note:   candidate expects 4 arguments, 3 provided
[26.179s] /opt/ros/jazzy/include/message_filters/message_filters/subscriber.h:203:3: note: candidate: ‘message_filters::Subscriber<M, NodeType>::Subscriber(NodePtr, const std::string&, rmw_qos_profile_t, rclcpp::SubscriptionOptions) [with M = sensor_msgs::msg::LaserScan_<std::allocator<void> >; NodeType = rclcpp::Node; NodePtr = std::shared_ptr<rclcpp::Node>; std::string = std::__cxx11::basic_string<char>; rmw_qos_profile_t = rmw_qos_profile_s; rclcpp::SubscriptionOptions = rclcpp::SubscriptionOptionsWithAllocator<std::allocator<void> >]’
[26.180s]   203 |   Subscriber(
[26.180s]       |   ^~~~~~~~~~
[26.180s] /opt/ros/jazzy/include/message_filters/message_filters/subscriber.h:203:3: note:   candidate expects 4 arguments, 3 provided
[26.180s] /opt/ros/jazzy/include/message_filters/message_filters/subscriber.h:188:3: note: candidate: ‘message_filters::Subscriber<M, NodeType>::Subscriber(NodeType*, const std::string&, rmw_qos_profile_t) [with M = sensor_msgs::msg::LaserScan_<std::allocator<void> >; NodeType = rclcpp::Node; std::string = std::__cxx11::basic_string<char>; rmw_qos_profile_t = rmw_qos_profile_s]’
[26.180s]   188 |   Subscriber(NodeType * node, const std::string& topic, const rmw_qos_profile_t qos = rmw_qos_profile_default)
[26.180s]       |   ^~~~~~~~~~
[26.180s] /opt/ros/jazzy/include/message_filters/message_filters/subscriber.h:188:25: note:   no known conversion for argument 1 from ‘rclcpp::Node’ to ‘rclcpp::Node*’
[26.183s]   188 |   Subscriber(NodeType * node, const std::string& topic, const rmw_qos_profile_t qos = rmw_qos_profile_default)
[26.183s]       |              ~~~~~~~~~~~^~~~
[26.183s] /opt/ros/jazzy/include/message_filters/message_filters/subscriber.h:183:3: note: candidate: ‘message_filters::Subscriber<M, NodeType>::Subscriber(NodePtr, const std::string&, rmw_qos_profile_t) [with M = sensor_msgs::msg::LaserScan_<std::allocator<void> >; NodeType = rclcpp::Node; NodePtr = std::shared_ptr<rclcpp::Node>; std::string = std::__cxx11::basic_string<char>; rmw_qos_profile_t = rmw_qos_profile_s]’
[26.183s]   183 |   Subscriber(NodePtr node, const std::string& topic, const rmw_qos_profile_t qos = rmw_qos_profile_default)
[26.183s]       |   ^~~~~~~~~~
[26.183s] /opt/ros/jazzy/include/message_filters/message_filters/subscriber.h:183:22: note:   no known conversion for argument 1 from ‘rclcpp::Node’ to ‘message_filters::Subscriber<sensor_msgs::msg::LaserScan_<std::allocator<void> > >::NodePtr’ {aka ‘std::shared_ptr<rclcpp::Node>’}
[26.184s]   183 |   Subscriber(NodePtr node, const std::string& topic, const rmw_qos_profile_t qos = rmw_qos_profile_default)
[26.184s]       |              ~~~~~~~~^~~~
[26.184s] /home/neha/ros2_ws/src/semnav_migration/src/navigation_semantic.cpp:147:109: error: ‘_1’ was not declared in this scope
[26.184s]   147 |                         sync->registerCallback(boost::bind(&SemanticNavigationNode::control_callback, this, _1, _2));
[26.184s]       |                                                                                                             ^~
[26.184s] /home/neha/ros2_ws/src/semnav_migration/src/navigation_semantic.cpp:147:109: note: suggested alternatives:
[26.184s] In file included from /usr/include/boost/mpl/aux_/include_preprocessed.hpp:37,
[26.187s]                  from /usr/include/boost/mpl/placeholders.hpp:43,
[26.187s]                  from /usr/include/boost/iterator/iterator_categories.hpp:16,
[26.187s]                  from /usr/include/boost/iterator/iterator_facade.hpp:13,
[26.187s]                  from /usr/include/boost/range/iterator_range_core.hpp:27,
[26.187s]                  from /usr/include/boost/lexical_cast.hpp:48,
[26.187s]                  from /usr/include/boost/multiprecision/detail/number_base.hpp:29,
[26.188s]                  from /usr/include/boost/multiprecision/traits/is_variable_precision.hpp:9,
[26.188s]                  from /usr/include/boost/multiprecision/detail/precision.hpp:9,
[26.188s]                  from /usr/include/boost/multiprecision/number.hpp:11,
[26.188s]                  from /usr/include/boost/multiprecision/cpp_int.hpp:19,
[26.188s]                  from /usr/include/boost/multiprecision/cpp_bin_float.hpp:15,
[26.188s]                  from /usr/include/boost/geometry/core/coordinate_promotion.hpp:16,
[26.188s]                  from /usr/include/boost/geometry/core/radian_access.hpp:30,
[26.189s]                  from /usr/include/boost/geometry/geometry.hpp:50,
[26.191s]                  from /usr/include/boost/geometry.hpp:17,
[26.191s]                  from /home/neha/ros2_ws/src/semnav_migration/include/reactive_planner_lib.h:26:
[26.191s] /usr/include/boost/mpl/aux_/preprocessed/gcc/placeholders.hpp:29:16: note:   ‘mpl_::_1’
[26.191s]    29 | typedef arg<1> _1;
[26.191s]       |                ^~
[26.192s] In file included from /usr/include/boost/numeric/conversion/converter_policies.hpp:13,
[26.192s]                  from /usr/include/boost/numeric/conversion/converter.hpp:14,
[26.192s]                  from /usr/include/boost/numeric/conversion/cast.hpp:33,
[26.192s]                  from /usr/include/boost/geometry/core/radian_access.hpp:26:
[26.192s] /usr/include/c++/13/functional:294:48: note:   ‘std::placeholders::_1’
[26.192s]   294 |     _GLIBCXX_PLACEHOLDER const _Placeholder<1> _1;
[26.192s]       |                                                ^~
[26.192s] /usr/include/boost/mpl/aux_/preprocessed/gcc/placeholders.hpp:29:16: note:   ‘mpl_::_1’
[26.195s]    29 | typedef arg<1> _1;
[26.195s]       |                ^~
[26.195s] In file included from /usr/include/boost/describe/members.hpp:20,
[26.195s]                  from /usr/include/boost/container_hash/is_described_class.hpp:11,
[26.195s]                  from /usr/include/boost/container_hash/hash.hpp:18,
[26.195s]                  from /usr/include/boost/functional/hash.hpp:6,
[26.196s]                  from /usr/include/CGAL/Kernel/hash_functions.h:16,
[26.196s]                  from /usr/include/CGAL/Kernel/global_functions.h:25,
[26.196s]                  from /usr/include/CGAL/Cartesian/Cartesian_base.h:22,
[26.196s]                  from /usr/include/CGAL/Simple_cartesian.h:20,
[26.196s]                  from /usr/include/CGAL/Exact_predicates_inexact_constructions_kernel.h:20,
[26.196s]                  from /home/neha/ros2_ws/src/semnav_migration/include/polygeom_lib.h:32,
[26.196s]                  from /home/neha/ros2_ws/src/semnav_migration/include/reactive_planner_lib.h:52:
[26.196s] /usr/include/boost/mp11/bind.hpp:45:7: note:   ‘boost::mp11::_1’
[26.199s]    45 | using _1 = mp_arg<0>;
[26.199s]       |       ^~
[26.199s] /usr/include/boost/mpl/aux_/preprocessed/gcc/placeholders.hpp:29:16: note:   ‘mpl_::_1’
[26.199s]    29 | typedef arg<1> _1;
[26.199s]       |                ^~
[26.199s] /home/neha/ros2_ws/src/semnav_migration/src/navigation_semantic.cpp:147:113: error: ‘_2’ was not declared in this scope
[26.200s]   147 |                         sync->registerCallback(boost::bind(&SemanticNavigationNode::control_callback, this, _1, _2));
[26.200s]       |                                                                                                                 ^~
[26.200s] /home/neha/ros2_ws/src/semnav_migration/src/navigation_semantic.cpp:147:113: note: suggested alternatives:
[26.200s] /usr/include/boost/mpl/aux_/preprocessed/gcc/placeholders.hpp:42:16: note:   ‘mpl_::_2’
[26.200s]    42 | typedef arg<2> _2;
[26.200s]       |                ^~
[26.200s] /usr/include/c++/13/functional:295:48: note:   ‘std::placeholders::_2’
[26.203s]   295 |     _GLIBCXX_PLACEHOLDER const _Placeholder<2> _2;
[26.203s]       |                                                ^~
[26.203s] /usr/include/boost/mpl/aux_/preprocessed/gcc/placeholders.hpp:42:16: note:   ‘mpl_::_2’
[26.203s]    42 | typedef arg<2> _2;
[26.203s]       |                ^~
[26.203s] /usr/include/boost/mp11/bind.hpp:46:7: note:   ‘boost::mp11::_2’
[26.203s]    46 | using _2 = mp_arg<1>;
[26.204s]       |       ^~
[26.204s] /usr/include/boost/mpl/aux_/preprocessed/gcc/placeholders.hpp:42:16: note:   ‘mpl_::_2’
[26.204s]    42 | typedef arg<2> _2;
[26.204s]       |                ^~
[26.204s] /home/neha/ros2_ws/src/semnav_migration/src/navigation_semantic.cpp:149:25: error: ‘ros’ has not been declared
[26.204s]   149 |                         ros::Subscriber sub_semantic = nh_.subscribe(sub_semantic_topic_, 1, &SemanticNavigationNode::diffeo_tree_update, this);
[26.204s]       |                         ^~~
[26.207s] /home/neha/ros2_ws/src/semnav_migration/src/navigation_semantic.cpp:153:25: error: ‘ros’ has not been declared
[26.207s]   153 |                         ros::Duration(5.0).sleep();
[26.207s]       |                         ^~~
[26.207s] /home/neha/ros2_ws/src/semnav_migration/src/navigation_semantic.cpp:160:25: error: ‘ros’ has not been declared
[26.207s]   160 |                         ros::spin();
[26.207s]       |                         ^~~
[26.232s] /home/neha/ros2_ws/src/semnav_migration/src/navigation.cpp:144:112: error: no matching function for call to ‘message_filters::Subscriber<nav_msgs::msg::Odometry_<std::allocator<void> > >::Subscriber(rclcpp::Node&, std::string&, int)’
[26.232s]   144 |                         message_filters::Subscriber<nav_msgs::msg::Odometry> sub_robot(nh_, sub_robot_topic_, 1);
[26.232s]       |                                                                                                                ^
[26.232s] /opt/ros/jazzy/include/message_filters/message_filters/subscriber.h:224:3: note: candidate: ‘message_filters::Subscriber<M, NodeType>::Subscriber() [with M = nav_msgs::msg::Odometry_<std::allocator<void> >; NodeType = rclcpp::Node]’
[26.232s]   224 |   Subscriber() = default;
[26.232s]       |   ^~~~~~~~~~
[26.233s] /opt/ros/jazzy/include/message_filters/message_filters/subscriber.h:224:3: note:   candidate expects 0 arguments, 3 provided
[26.233s] /opt/ros/jazzy/include/message_filters/message_filters/subscriber.h:212:3: note: candidate: ‘message_filters::Subscriber<M, NodeType>::Subscriber(NodeType*, const std::string&, rmw_qos_profile_t, rclcpp::SubscriptionOptions) [with M = nav_msgs::msg::Odometry_<std::allocator<void> >; NodeType = rclcpp::Node; std::string = std::__cxx11::basic_string<char>; rmw_qos_profile_t = rmw_qos_profile_s; rclcpp::SubscriptionOptions = rclcpp::SubscriptionOptionsWithAllocator<std::allocator<void> >]’
[26.233s]   212 |   Subscriber(
[26.233s]       |   ^~~~~~~~~~
[26.233s] /opt/ros/jazzy/include/message_filters/message_filters/subscriber.h:212:3: note:   candidate expects 4 arguments, 3 provided
[26.233s] /opt/ros/jazzy/include/message_filters/message_filters/subscriber.h:203:3: note: candidate: ‘message_filters::Subscriber<M, NodeType>::Subscriber(NodePtr, const std::string&, rmw_qos_profile_t, rclcpp::SubscriptionOptions) [with M = nav_msgs::msg::Odometry_<std::allocator<void> >; NodeType = rclcpp::Node; NodePtr = std::shared_ptr<rclcpp::Node>; std::string = std::__cxx11::basic_string<char>; rmw_qos_profile_t = rmw_qos_profile_s; rclcpp::SubscriptionOptions = rclcpp::SubscriptionOptionsWithAllocator<std::allocator<void> >]’
[26.233s]   203 |   Subscriber(
[26.236s]       |   ^~~~~~~~~~
[26.236s] /opt/ros/jazzy/include/message_filters/message_filters/subscriber.h:203:3: note:   candidate expects 4 arguments, 3 provided
[26.236s] /opt/ros/jazzy/include/message_filters/message_filters/subscriber.h:188:3: note: candidate: ‘message_filters::Subscriber<M, NodeType>::Subscriber(NodeType*, const std::string&, rmw_qos_profile_t) [with M = nav_msgs::msg::Odometry_<std::allocator<void> >; NodeType = rclcpp::Node; std::string = std::__cxx11::basic_string<char>; rmw_qos_profile_t = rmw_qos_profile_s]’
[26.236s]   188 |   Subscriber(NodeType * node, const std::string& topic, const rmw_qos_profile_t qos = rmw_qos_profile_default)
[26.236s]       |   ^~~~~~~~~~
[26.236s] /opt/ros/jazzy/include/message_filters/message_filters/subscriber.h:188:25: note:   no known conversion for argument 1 from ‘rclcpp::Node’ to ‘rclcpp::Node*’
[26.236s]   188 |   Subscriber(NodeType * node, const std::string& topic, const rmw_qos_profile_t qos = rmw_qos_profile_default)
[26.237s]       |              ~~~~~~~~~~~^~~~
[26.237s] /opt/ros/jazzy/include/message_filters/message_filters/subscriber.h:183:3: note: candidate: ‘message_filters::Subscriber<M, NodeType>::Subscriber(NodePtr, const std::string&, rmw_qos_profile_t) [with M = nav_msgs::msg::Odometry_<std::allocator<void> >; NodeType = rclcpp::Node; NodePtr = std::shared_ptr<rclcpp::Node>; std::string = std::__cxx11::basic_string<char>; rmw_qos_profile_t = rmw_qos_profile_s]’
[26.237s]   183 |   Subscriber(NodePtr node, const std::string& topic, const rmw_qos_profile_t qos = rmw_qos_profile_default)
[26.237s]       |   ^~~~~~~~~~
[26.237s] /opt/ros/jazzy/include/message_filters/message_filters/subscriber.h:183:22: note:   no known conversion for argument 1 from ‘rclcpp::Node’ to ‘message_filters::Subscriber<nav_msgs::msg::Odometry_<std::allocator<void> > >::NodePtr’ {aka ‘std::shared_ptr<rclcpp::Node>’}
[26.237s]   183 |   Subscriber(NodePtr node, const std::string& topic, const rmw_qos_profile_t qos = rmw_qos_profile_default)
[26.237s]       |              ~~~~~~~~^~~~
[26.256s] /home/neha/ros2_ws/src/semnav_migration/src/navigation_semantic.cpp: In member function ‘void SemanticNavigationNode::publish_twist(double, double)’:
[26.256s] /home/neha/ros2_ws/src/semnav_migration/src/navigation_semantic.cpp:167:25: error: ‘pub_twist_’ was not declared in this scope; did you mean ‘publish_twist’?
[26.256s]   167 |                         pub_twist_.publish(commandTwist);
[26.256s]       |                         ^~~~~~~~~~
[26.256s]       |                         publish_twist
[26.261s] /home/neha/ros2_ws/src/semnav_migration/src/navigation_semantic.cpp: In member function ‘void SemanticNavigationNode::publish_behavior_id(uint16_t)’:
[26.261s] /home/neha/ros2_ws/src/semnav_migration/src/navigation_semantic.cpp:172:32: error: ‘UInt32’ is not a member of ‘std_msgs::msg’
[26.261s]   172 |                 std_msgs::msg::UInt32 commandId;
[26.261s]       |                                ^~~~~~
[26.310s] /home/neha/ros2_ws/src/semnav_migration/src/navigation_semantic.cpp:173:25: error: ‘commandId’ was not declared in this scope
[26.311s]   173 |                         commandId.data = BehaviorIdCmd;
[26.311s]       |                         ^~~~~~~~~
[26.365s] /home/neha/ros2_ws/src/semnav_migration/src/navigation.cpp:149:55: error: ‘bind’ is not a member of ‘boost’; did you mean ‘find’?
[26.365s]   149 |                         sync->registerCallback(boost::bind(&NavigationNode::control_callback, this, _1, _2));
[26.365s]       |                                                       ^~~~
[26.365s]       |                                                       find
[26.366s] /home/neha/ros2_ws/src/semnav_migration/src/navigation.cpp:149:101: error: ‘_1’ was not declared in this scope
[26.367s]   149 |                         sync->registerCallback(boost::bind(&NavigationNode::control_callback, this, _1, _2));
[26.367s]       |                                                                                                     ^~
[26.369s] /home/neha/ros2_ws/src/semnav_migration/src/navigation.cpp:149:101: note: suggested alternatives:
[26.369s] In file included from /usr/include/boost/mpl/aux_/include_preprocessed.hpp:37,
[26.369s]                  from /usr/include/boost/mpl/placeholders.hpp:43,
[26.370s]                  from /usr/include/boost/iterator/iterator_categories.hpp:16,
[26.370s]                  from /usr/include/boost/iterator/iterator_facade.hpp:13,
[26.370s]                  from /usr/include/boost/range/iterator_range_core.hpp:27,
[26.370s]                  from /usr/include/boost/lexical_cast.hpp:48,
[26.370s]                  from /usr/include/boost/multiprecision/detail/number_base.hpp:29,
[26.370s]                  from /usr/include/boost/multiprecision/traits/is_variable_precision.hpp:9,
[26.370s]                  from /usr/include/boost/multiprecision/detail/precision.hpp:9,
[26.370s]                  from /usr/include/boost/multiprecision/number.hpp:11,
[26.373s]                  from /usr/include/boost/multiprecision/cpp_int.hpp:19,
[26.373s]                  from /usr/include/boost/multiprecision/cpp_bin_float.hpp:15,
[26.373s]                  from /usr/include/boost/geometry/core/coordinate_promotion.hpp:16,
[26.373s]                  from /usr/include/boost/geometry/core/radian_access.hpp:30,
[26.373s]                  from /usr/include/boost/geometry/geometry.hpp:50,
[26.373s]                  from /usr/include/boost/geometry.hpp:17,
[26.373s]                  from /home/neha/ros2_ws/src/semnav_migration/include/reactive_planner_lib.h:26:
[26.374s] /usr/include/boost/mpl/aux_/preprocessed/gcc/placeholders.hpp:29:16: note:   ‘mpl_::_1’
[26.374s]    29 | typedef arg<1> _1;
[26.374s]       |                ^~
[26.374s] In file included from /usr/include/boost/numeric/conversion/converter_policies.hpp:13,
[26.374s]                  from /usr/include/boost/numeric/conversion/converter.hpp:14,
[26.374s]                  from /usr/include/boost/numeric/conversion/cast.hpp:33,
[26.374s]                  from /usr/include/boost/geometry/core/radian_access.hpp:26:
[26.374s] /usr/include/c++/13/functional:294:48: note:   ‘std::placeholders::_1’
[26.376s]   294 |     _GLIBCXX_PLACEHOLDER const _Placeholder<1> _1;
[26.376s]       |                                                ^~
[26.376s] /usr/include/boost/mpl/aux_/preprocessed/gcc/placeholders.hpp:29:16: note:   ‘mpl_::_1’
[26.376s]    29 | typedef arg<1> _1;
[26.376s]       |                ^~
[26.376s] In file included from /usr/include/boost/describe/members.hpp:20,
[26.377s]                  from /usr/include/boost/container_hash/is_described_class.hpp:11,
[26.377s]                  from /usr/include/boost/container_hash/hash.hpp:18,
[26.377s]                  from /usr/include/boost/functional/hash.hpp:6,
[26.377s]                  from /usr/include/CGAL/Kernel/hash_functions.h:16,
[26.377s]                  from /usr/include/CGAL/Kernel/global_functions.h:25,
[26.377s]                  from /usr/include/CGAL/Cartesian/Cartesian_base.h:22,
[26.377s]                  from /usr/include/CGAL/Simple_cartesian.h:20,
[26.377s]                  from /usr/include/CGAL/Exact_predicates_inexact_constructions_kernel.h:20,
[26.381s]                  from /home/neha/ros2_ws/src/semnav_migration/include/polygeom_lib.h:32,
[26.381s]                  from /home/neha/ros2_ws/src/semnav_migration/include/reactive_planner_lib.h:52:
[26.381s] /usr/include/boost/mp11/bind.hpp:45:7: note:   ‘boost::mp11::_1’
[26.381s]    45 | using _1 = mp_arg<0>;
[26.381s]       |       ^~
[26.381s] /usr/include/boost/mpl/aux_/preprocessed/gcc/placeholders.hpp:29:16: note:   ‘mpl_::_1’
[26.382s]    29 | typedef arg<1> _1;
[26.382s]       |                ^~
[26.382s] /home/neha/ros2_ws/src/semnav_migration/src/navigation.cpp:149:105: error: ‘_2’ was not declared in this scope
[26.382s]   149 |                         sync->registerCallback(boost::bind(&NavigationNode::control_callback, this, _1, _2));
[26.382s]       |                                                                                                         ^~
[26.385s] /home/neha/ros2_ws/src/semnav_migration/src/navigation.cpp:149:105: note: suggested alternatives:
[26.385s] /usr/include/boost/mpl/aux_/preprocessed/gcc/placeholders.hpp:42:16: note:   ‘mpl_::_2’
[26.385s]    42 | typedef arg<2> _2;
[26.385s]       |                ^~
[26.385s] /usr/include/c++/13/functional:295:48: note:   ‘std::placeholders::_2’
[26.385s]   295 |     _GLIBCXX_PLACEHOLDER const _Placeholder<2> _2;
[26.386s]       |                                                ^~
[26.386s] /usr/include/boost/mpl/aux_/preprocessed/gcc/placeholders.hpp:42:16: note:   ‘mpl_::_2’
[26.386s]    42 | typedef arg<2> _2;
[26.386s]       |                ^~
[26.386s] /usr/include/boost/mp11/bind.hpp:46:7: note:   ‘boost::mp11::_2’
[26.386s]    46 | using _2 = mp_arg<1>;
[26.386s]       |       ^~
[26.386s] /usr/include/boost/mpl/aux_/preprocessed/gcc/placeholders.hpp:42:16: note:   ‘mpl_::_2’
[26.389s]    42 | typedef arg<2> _2;
[26.389s]       |                ^~
[26.389s] /home/neha/ros2_ws/src/semnav_migration/src/navigation.cpp:151:65: error: ‘class rclcpp::Node’ has no member named ‘subscribe’
[26.389s]   151 |                         rclcpp::Subscription sub_semantic = nh_.subscribe(sub_semantic_topic_, 1, &NavigationNode::diffeo_tree_update, this);
[26.389s]       |                                                                 ^~~~~~~~~
[26.389s] /home/neha/ros2_ws/src/semnav_migration/src/navigation.cpp:155:45: error: no matching function for call to ‘rclcpp::Duration::Duration(double)’
[26.389s]   155 |                         rclcpp::Duration(5.0).sleep();
[26.390s]       |                                             ^
[26.390s] In file included from /opt/ros/jazzy/include/rclcpp/rclcpp/time.hpp:24,
[26.390s]                  from /opt/ros/jazzy/include/rclcpp/rclcpp/clock.hpp:24,
[26.390s]                  from /opt/ros/jazzy/include/rclcpp/rclcpp/client.hpp:38,
[26.390s]                  from /opt/ros/jazzy/include/rclcpp/rclcpp/callback_group.hpp:24,
[26.390s]                  from /opt/ros/jazzy/include/rclcpp/rclcpp/any_executable.hpp:20,
[26.390s]                  from /opt/ros/jazzy/include/rclcpp/rclcpp/memory_strategy.hpp:25,
[26.390s]                  from /opt/ros/jazzy/include/rclcpp/rclcpp/memory_strategies.hpp:18,
[26.393s]                  from /opt/ros/jazzy/include/rclcpp/rclcpp/executor_options.hpp:22,
[26.393s]                  from /opt/ros/jazzy/include/rclcpp/rclcpp/executor.hpp:38,
[26.393s]                  from /opt/ros/jazzy/include/rclcpp/rclcpp/executors/multi_threaded_executor.hpp:25,
[26.393s]                  from /opt/ros/jazzy/include/rclcpp/rclcpp/executors.hpp:21:
[26.393s] /opt/ros/jazzy/include/rclcpp/rclcpp/duration.hpp:49:3: note: candidate: ‘template<class Rep, class Period> rclcpp::Duration::Duration(const std::chrono::duration<_Rep1, _Period1>&)’
[26.393s]    49 |   Duration(const std::chrono::duration<Rep, Period> & duration)  // NOLINT(runtime/explicit)
[26.393s]       |   ^~~~~~~~
[26.394s] /opt/ros/jazzy/include/rclcpp/rclcpp/duration.hpp:49:3: note:   template argument deduction/substitution failed:
[26.394s] /home/neha/ros2_ws/src/semnav_migration/src/navigation.cpp:155:45: note:   mismatched types ‘const std::chrono::duration<_Rep1, _Period1>’ and ‘double’
[26.394s]   155 |                         rclcpp::Duration(5.0).sleep();
[26.394s]       |                                             ^
[26.394s] /opt/ros/jazzy/include/rclcpp/rclcpp/duration.hpp:159:3: note: candidate: ‘rclcpp::Duration::Duration()’
[26.394s]   159 |   Duration() = default;
[26.394s]       |   ^~~~~~~~
[26.394s] /opt/ros/jazzy/include/rclcpp/rclcpp/duration.hpp:159:3: note:   candidate expects 0 arguments, 1 provided
[26.396s] /opt/ros/jazzy/include/rclcpp/rclcpp/duration.hpp:62:3: note: candidate: ‘rclcpp::Duration::Duration(const rclcpp::Duration&)’
[26.396s]    62 |   Duration(const Duration & rhs);
[26.396s]       |   ^~~~~~~~
[26.396s] /opt/ros/jazzy/include/rclcpp/rclcpp/duration.hpp:62:29: note:   no known conversion for argument 1 from ‘double’ to ‘const rclcpp::Duration&’
[26.396s]    62 |   Duration(const Duration & rhs);
[26.396s]       |            ~~~~~~~~~~~~~~~~~^~~
[26.397s] /opt/ros/jazzy/include/rclcpp/rclcpp/duration.hpp:60:12: note: candidate: ‘rclcpp::Duration::Duration(const rcl_duration_t&)’
[26.397s]    60 |   explicit Duration(const rcl_duration_t & duration);
[26.397s]       |            ^~~~~~~~
[26.397s] /opt/ros/jazzy/include/rclcpp/rclcpp/duration.hpp:60:44: note:   no known conversion for argument 1 from ‘double’ to ‘const rcl_duration_t&’ {aka ‘const rcl_duration_s&’}
[26.397s]    60 |   explicit Duration(const rcl_duration_t & duration);
[26.397s]       |                     ~~~~~~~~~~~~~~~~~~~~~~~^~~~~~~~
[26.397s] /opt/ros/jazzy/include/rclcpp/rclcpp/duration.hpp:54:3: note: candidate: ‘rclcpp::Duration::Duration(const builtin_interfaces::msg::Duration&)’
[26.401s]    54 |   Duration(const builtin_interfaces::msg::Duration & duration_msg);  // NOLINT(runtime/explicit)
[26.401s]       |   ^~~~~~~~
[26.401s] /opt/ros/jazzy/include/rclcpp/rclcpp/duration.hpp:54:54: note:   no known conversion for argument 1 from ‘double’ to ‘const builtin_interfaces::msg::Duration&’ {aka ‘const builtin_interfaces::msg::Duration_<std::allocator<void> >&’}
[26.401s]    54 |   Duration(const builtin_interfaces::msg::Duration & duration_msg);  // NOLINT(runtime/explicit)
[26.402s]       |            ~~~~~~~~~~~~~~~~~~~~~~~~~~~~~~~~~~~~~~~~~~^~~~~~~~~~~~
[26.402s] /opt/ros/jazzy/include/rclcpp/rclcpp/duration.hpp:43:12: note: candidate: ‘rclcpp::Duration::Duration(std::chrono::nanoseconds)’
[26.402s]    43 |   explicit Duration(std::chrono::nanoseconds nanoseconds);
[26.402s]       |            ^~~~~~~~
[26.402s] /opt/ros/jazzy/include/rclcpp/rclcpp/duration.hpp:43:46: note:   no known conversion for argument 1 from ‘double’ to ‘std::chrono::nanoseconds’ {aka ‘std::chrono::duration<long int, std::ratio<1, 1000000000> >’}
[26.402s]    43 |   explicit Duration(std::chrono::nanoseconds nanoseconds);
[26.402s]       |                     ~~~~~~~~~~~~~~~~~~~~~~~~~^~~~~~~~~~~
[26.403s] /opt/ros/jazzy/include/rclcpp/rclcpp/duration.hpp:40:3: note: candidate: ‘rclcpp::Duration::Duration(int32_t, uint32_t)’
[26.403s]    40 |   Duration(int32_t seconds, uint32_t nanoseconds);
[26.403s]       |   ^~~~~~~~
[26.403s] /opt/ros/jazzy/include/rclcpp/rclcpp/duration.hpp:40:3: note:   candidate expects 2 arguments, 1 provided
[26.403s] /home/neha/ros2_ws/src/semnav_migration/src/navigation_semantic.cpp:174:25: error: ‘pub_behaviorID_’ was not declared in this scope; did you mean ‘pub_behaviorID_topic_’?
[26.403s]   174 |                         pub_behaviorID_.publish(commandId);
[26.403s]       |                         ^~~~~~~~~~~~~~~
[26.403s]       |                         pub_behaviorID_topic_
[26.406s] /home/neha/ros2_ws/src/semnav_migration/src/navigation_semantic.cpp: In member function ‘void SemanticNavigationNode::publish_behavior_mode(uint16_t)’:
[26.406s] /home/neha/ros2_ws/src/semnav_migration/src/navigation_semantic.cpp:179:28: error: ‘UInt32’ is not a member of ‘std_msgs::msg’
[26.406s]   179 |             std_msgs::msg::UInt32 commandMode;
[26.406s]       |                            ^~~~~~
[26.431s] /home/neha/ros2_ws/src/semnav_migration/src/navigation.cpp:162:38: error: ‘node_ptr’ was not declared in this scope; did you mean ‘mode_t’?
[26.431s]   162 |                         rclcpp::spin(node_ptr);
[26.431s]       |                                      ^~~~~~~~
[26.431s]       |                                      mode_t
[26.442s] /home/neha/ros2_ws/src/semnav_migration/src/navigation.cpp: In member function ‘void NavigationNode::publish_behavior_id(uint16_t)’:
[26.442s] /home/neha/ros2_ws/src/semnav_migration/src/navigation.cpp:174:28: error: ‘UInt32’ is not a member of ‘std_msgs::msg’
[26.442s]   174 |             std_msgs::msg::UInt32 commandId;
[26.442s]       |                            ^~~~~~
[26.467s] /home/neha/ros2_ws/src/semnav_migration/src/navigation_semantic.cpp:180:25: error: ‘commandMode’ was not declared in this scope
[26.467s]   180 |                         commandMode.data = BehaviorModeCmd;
[26.467s]       |                         ^~~~~~~~~~~
[26.488s] /home/neha/ros2_ws/src/semnav_migration/src/navigation.cpp:175:25: error: ‘commandId’ was not declared in this scope
[26.489s]   175 |                         commandId.data = BehaviorIdCmd;
[26.489s]       |                         ^~~~~~~~~
[26.493s] /home/neha/ros2_ws/src/semnav_migration/src/navigation.cpp: In member function ‘void NavigationNode::publish_behavior_mode(uint16_t)’:
[26.493s] /home/neha/ros2_ws/src/semnav_migration/src/navigation.cpp:181:28: error: ‘UInt32’ is not a member of ‘std_msgs::msg’
[26.493s]   181 |             std_msgs::msg::UInt32 commandMode;
[26.493s]       |                            ^~~~~~
[26.555s] /home/neha/ros2_ws/src/semnav_migration/src/navigation.cpp:182:25: error: ‘commandMode’ was not declared in this scope
[26.555s]   182 |                         commandMode.data = BehaviorModeCmd;
[26.555s]       |                         ^~~~~~~~~~~
[26.563s] /home/neha/ros2_ws/src/semnav_migration/src/navigation_semantic.cpp:181:25: error: ‘pub_behaviorMode_’ was not declared in this scope; did you mean ‘pub_behaviorMode_topic_’?
[26.563s]   181 |                         pub_behaviorMode_.publish(commandMode);
[26.563s]       |                         ^~~~~~~~~~~~~~~~~
[26.563s]       |                         pub_behaviorMode_topic_
[26.612s] /home/neha/ros2_ws/src/semnav_migration/src/navigation.cpp: In member function ‘void NavigationNode::control_callback(const sensor_msgs::msg::LaserScan_<std::allocator<void> >::ConstPtr&, const nav_msgs::msg::Odometry_<std::allocator<void> >::ConstPtr&)’:
[26.612s] /home/neha/ros2_ws/src/semnav_migration/src/navigation.cpp:356:60: error: ‘now’ is not a member of ‘rclcpp::Time’
[26.612s]   356 |                         double before_time = rclcpp::Time::now().toSec();
[26.612s]       |                                                            ^~~
[26.616s] /home/neha/ros2_ws/src/semnav_migration/src/navigation_semantic.cpp: In member function ‘void SemanticNavigationNode::control_callback(const sensor_msgs::msg::LaserScan_<std::allocator<void> >::ConstPtr&, const nav_msgs::msg::Odometry_<std::allocator<void> >::ConstPtr&)’:
[26.616s] /home/neha/ros2_ws/src/semnav_migration/src/navigation_semantic.cpp:395:46: error: ‘ros’ has not been declared
[26.616s]   395 |                         double before_time = ros::Time::now().toSec();
[26.616s]       |                                              ^~~
[26.618s] /home/neha/ros2_ws/src/semnav_migration/src/navigation.cpp:359:33: error: ‘PoseStamped’ is not a member of ‘geometry_msgs::msg’
[26.618s]   359 |             geometry_msgs::msg::PoseStamped odomPose, mapPose;
[26.618s]       |                                 ^~~~~~~~~~~
[26.621s] /home/neha/ros2_ws/src/semnav_migration/src/navigation_semantic.cpp:398:40: error: ‘PoseStamped’ is not a member of ‘geometry_msgs’
[26.621s]   398 |                         geometry_msgs::PoseStamped odomPose, mapPose;
[26.621s]       |                                        ^~~~~~~~~~~
[26.663s] /home/neha/ros2_ws/src/semnav_migration/src/navigation.cpp:360:25: error: ‘odomPose’ was not declared in this scope
[26.663s]   360 |                         odomPose.header.stamp = rclcpp::Time(0);
[26.663s]       |                         ^~~~~~~~
[26.666s] /home/neha/ros2_ws/src/semnav_migration/src/navigation_semantic.cpp:399:25: error: ‘odomPose’ was not declared in this scope
[26.666s]   399 |                         odomPose.header.stamp = ros::Time(0);
[26.666s]       |                         ^~~~~~~~
[26.666s] /home/neha/ros2_ws/src/semnav_migration/src/navigation_semantic.cpp:399:49: error: ‘ros’ has not been declared
[26.666s]   399 |                         odomPose.header.stamp = ros::Time(0);
[26.667s]       |                                                 ^~~
[26.710s] /home/neha/ros2_ws/src/semnav_migration/src/navigation.cpp:364:33: error: ‘listener_’ was not declared in this scope
[26.710s]   364 |                                 listener_.waitForTransform(world_frame_id_, odom_frame_id_, rclcpp::Time(0), rclcpp::Duration(1.0));
[26.711s]       |                                 ^~~~~~~~~
[26.714s] /home/neha/ros2_ws/src/semnav_migration/src/navigation.cpp:364:130: error: no matching function for call to ‘rclcpp::Duration::Duration(double)’
[26.714s]   364 |                                 listener_.waitForTransform(world_frame_id_, odom_frame_id_, rclcpp::Time(0), rclcpp::Duration(1.0));
[26.714s]       |                                                                                                                                  ^
[26.715s] /opt/ros/jazzy/include/rclcpp/rclcpp/duration.hpp:49:3: note: candidate: ‘template<class Rep, class Period> rclcpp::Duration::Duration(const std::chrono::duration<_Rep1, _Period1>&)’
[26.715s]    49 |   Duration(const std::chrono::duration<Rep, Period> & duration)  // NOLINT(runtime/explicit)
[26.715s]       |   ^~~~~~~~
[26.715s] /opt/ros/jazzy/include/rclcpp/rclcpp/duration.hpp:49:3: note:   template argument deduction/substitution failed:
[26.715s] /home/neha/ros2_ws/src/semnav_migration/src/navigation.cpp:364:130: note:   mismatched types ‘const std::chrono::duration<_Rep1, _Period1>’ and ‘double’
[26.715s]   364 |                                 listener_.waitForTransform(world_frame_id_, odom_frame_id_, rclcpp::Time(0), rclcpp::Duration(1.0));
[26.715s]       |                                                                                                                                  ^
[26.716s] /opt/ros/jazzy/include/rclcpp/rclcpp/duration.hpp:159:3: note: candidate: ‘rclcpp::Duration::Duration()’
[26.716s]   159 |   Duration() = default;
[26.716s]       |   ^~~~~~~~
[26.716s] /opt/ros/jazzy/include/rclcpp/rclcpp/duration.hpp:159:3: note:   candidate expects 0 arguments, 1 provided
[26.716s] /opt/ros/jazzy/include/rclcpp/rclcpp/duration.hpp:62:3: note: candidate: ‘rclcpp::Duration::Duration(const rclcpp::Duration&)’
[26.716s]    62 |   Duration(const Duration & rhs);
[26.716s]       |   ^~~~~~~~
[26.716s] /opt/ros/jazzy/include/rclcpp/rclcpp/duration.hpp:62:29: note:   no known conversion for argument 1 from ‘double’ to ‘const rclcpp::Duration&’
[26.717s]    62 |   Duration(const Duration & rhs);
[26.717s]       |            ~~~~~~~~~~~~~~~~~^~~
[26.717s] /opt/ros/jazzy/include/rclcpp/rclcpp/duration.hpp:60:12: note: candidate: ‘rclcpp::Duration::Duration(const rcl_duration_t&)’
[26.717s]    60 |   explicit Duration(const rcl_duration_t & duration);
[26.717s]       |            ^~~~~~~~
[26.717s] /opt/ros/jazzy/include/rclcpp/rclcpp/duration.hpp:60:44: note:   no known conversion for argument 1 from ‘double’ to ‘const rcl_duration_t&’ {aka ‘const rcl_duration_s&’}
[26.717s]    60 |   explicit Duration(const rcl_duration_t & duration);
[26.717s]       |                     ~~~~~~~~~~~~~~~~~~~~~~~^~~~~~~~
[26.720s] /opt/ros/jazzy/include/rclcpp/rclcpp/duration.hpp:54:3: note: candidate: ‘rclcpp::Duration::Duration(const builtin_interfaces::msg::Duration&)’
[26.720s]    54 |   Duration(const builtin_interfaces::msg::Duration & duration_msg);  // NOLINT(runtime/explicit)
[26.720s]       |   ^~~~~~~~
[26.720s] /opt/ros/jazzy/include/rclcpp/rclcpp/duration.hpp:54:54: note:   no known conversion for argument 1 from ‘double’ to ‘const builtin_interfaces::msg::Duration&’ {aka ‘const builtin_interfaces::msg::Duration_<std::allocator<void> >&’}
[26.720s]    54 |   Duration(const builtin_interfaces::msg::Duration & duration_msg);  // NOLINT(runtime/explicit)
[26.720s]       |            ~~~~~~~~~~~~~~~~~~~~~~~~~~~~~~~~~~~~~~~~~~^~~~~~~~~~~~
[26.720s] /opt/ros/jazzy/include/rclcpp/rclcpp/duration.hpp:43:12: note: candidate: ‘rclcpp::Duration::Duration(std::chrono::nanoseconds)’
[26.721s]    43 |   explicit Duration(std::chrono::nanoseconds nanoseconds);
[26.721s]       |            ^~~~~~~~
[26.721s] /opt/ros/jazzy/include/rclcpp/rclcpp/duration.hpp:43:46: note:   no known conversion for argument 1 from ‘double’ to ‘std::chrono::nanoseconds’ {aka ‘std::chrono::duration<long int, std::ratio<1, 1000000000> >’}
[26.721s]    43 |   explicit Duration(std::chrono::nanoseconds nanoseconds);
[26.721s]       |                     ~~~~~~~~~~~~~~~~~~~~~~~~~^~~~~~~~~~~
[26.721s] /opt/ros/jazzy/include/rclcpp/rclcpp/duration.hpp:40:3: note: candidate: ‘rclcpp::Duration::Duration(int32_t, uint32_t)’
[26.721s]    40 |   Duration(int32_t seconds, uint32_t nanoseconds);
[26.721s]       |   ^~~~~~~~
[26.724s] /opt/ros/jazzy/include/rclcpp/rclcpp/duration.hpp:40:3: note:   candidate expects 2 arguments, 1 provided
[26.724s] /home/neha/ros2_ws/src/semnav_migration/src/navigation_semantic.cpp:403:33: error: ‘listener_’ was not declared in this scope
[26.724s]   403 |                                 listener_.waitForTransform(world_frame_id_, odom_frame_id_, ros::Time(0), ros::Duration(1.0));
[26.724s]       |                                 ^~~~~~~~~
[26.724s] /home/neha/ros2_ws/src/semnav_migration/src/navigation_semantic.cpp:403:93: error: ‘ros’ has not been declared
[26.724s]   403 |                                 listener_.waitForTransform(world_frame_id_, odom_frame_id_, ros::Time(0), ros::Duration(1.0));
[26.725s]       |                                                                                             ^~~
[26.725s] /home/neha/ros2_ws/src/semnav_migration/src/navigation_semantic.cpp:403:107: error: ‘ros’ has not been declared
[26.725s]   403 |                                 listener_.waitForTransform(world_frame_id_, odom_frame_id_, ros::Time(0), ros::Duration(1.0));
[26.725s]       |                                                                                                           ^~~
[26.753s] /home/neha/ros2_ws/src/semnav_migration/src/navigation_semantic.cpp:404:84: error: ‘mapPose’ was not declared in this scope
[26.753s]   404 |                                 listener_.transformPose(world_frame_id_, odomPose, mapPose);
[26.753s]       |                                                                                    ^~~~~~~
[26.756s] /home/neha/ros2_ws/src/semnav_migration/src/navigation_semantic.cpp:405:34: error: ‘tf’ does not name a type; did you mean ‘tm’?
[26.757s]   405 |                         } catch (tf::TransformException &ex) {
[26.757s]       |                                  ^~
[26.757s]       |                                  tm
[26.757s] /home/neha/ros2_ws/src/semnav_migration/src/navigation_semantic.cpp:405:57: error: expected unqualified-id before ‘&’ token
[26.757s]   405 |                         } catch (tf::TransformException &ex) {
[26.757s]       |                                                         ^
[26.757s] /home/neha/ros2_ws/src/semnav_migration/src/navigation_semantic.cpp:405:57: error: expected ‘)’ before ‘&’ token
[26.758s] /home/neha/ros2_ws/src/semnav_migration/src/navigation_semantic.cpp:405:33: note: to match this ‘(’
[26.758s]   405 |                         } catch (tf::TransformException &ex) {
[26.758s]       |                                 ^
[26.758s] /home/neha/ros2_ws/src/semnav_migration/src/navigation_semantic.cpp:405:57: error: expected ‘{’ before ‘&’ token
[26.758s]   405 |                         } catch (tf::TransformException &ex) {
[26.758s]       |                                                         ^
[26.762s] /home/neha/ros2_ws/src/semnav_migration/src/navigation.cpp:365:84: error: ‘mapPose’ was not declared in this scope
[26.762s]   365 |                                 listener_.transformPose(world_frame_id_, odomPose, mapPose);
[26.762s]       |                                                                                    ^~~~~~~
[26.789s] /home/neha/ros2_ws/src/semnav_migration/src/navigation_semantic.cpp:405:58: error: ‘ex’ was not declared in this scope; did you mean ‘exp’?
[26.789s]   405 |                         } catch (tf::TransformException &ex) {
[26.789s]       |                                                          ^~
[26.789s]       |                                                          exp
[26.789s] /home/neha/ros2_ws/src/semnav_migration/src/navigation_semantic.cpp:411:25: error: ‘tf’ has not been declared
[26.790s]   411 |                         tf::Quaternion rotation = tf::Quaternion(mapPose.pose.orientation.x,
[26.790s]       |                         ^~
[26.790s] /home/neha/ros2_ws/src/semnav_migration/src/navigation_semantic.cpp:415:25: error: ‘tf’ has not been declared
[26.790s]   415 |                         tf::Matrix3x3 m(rotation);
[26.790s]       |                         ^~
[26.810s] /home/neha/ros2_ws/src/semnav_migration/src/navigation.cpp:367:33: error: ‘ROS_ERROR’ was not declared in this scope
[26.810s]   367 |                                 ROS_ERROR("%s",ex.what());
[26.810s]       |                                 ^~~~~~~~~
[26.820s] /home/neha/ros2_ws/src/semnav_migration/src/navigation_semantic.cpp:417:25: error: ‘m’ was not declared in this scope; did you mean ‘tm’?
[26.820s]   417 |                         m.getRPY(roll, pitch, yaw);
[26.820s]       |                         ^
[26.820s]       |                         tm
[26.849s] /home/neha/ros2_ws/src/semnav_migration/src/navigation.cpp:372:68: error: ‘mapPose’ was not declared in this scope
[26.850s]   372 |                         tf2::Quaternion rotation = tf2::Quaternion(mapPose.pose.orientation.x,
[26.850s]       |                                                                    ^~~~~~~
[26.854s] /home/neha/ros2_ws/src/semnav_migration/src/navigation.cpp:394:42: error: could not convert ‘lidar_data’ from ‘shared_ptr<LaserScan_<[...]>>’ to ‘shared_ptr<LaserScan_<[...]>>’
[26.854s]   394 |                         constructLIDAR2D(lidar_data, CutoffRange_, AllowableRange_, RobotPitch_, &LIDAR);
[26.854s]       |                                          ^~~~~~~~~~
[26.854s]       |                                          |
[26.854s]       |                                          shared_ptr<LaserScan_<[...]>>
[26.861s] /home/neha/ros2_ws/src/semnav_migration/src/navigation_semantic.cpp:418:51: error: ‘mapPose’ was not declared in this scope
[26.861s]   418 |                         double x_robot_position = mapPose.pose.position.x;
[26.861s]       |                                                   ^~~~~~~
[26.866s] /home/neha/ros2_ws/src/semnav_migration/src/navigation_semantic.cpp:431:42: error: could not convert ‘lidar_data’ from ‘shared_ptr<LaserScan_<[...]>>’ to ‘shared_ptr<LaserScan_<[...]>>’
[26.866s]   431 |                         constructLIDAR2D(lidar_data, CutoffRange_, AllowableRange_, RobotPitch_, &LIDAR);
[26.866s]       |                                          ^~~~~~~~~~
[26.866s]       |                                          |
[26.866s]       |                                          shared_ptr<LaserScan_<[...]>>
[26.877s] /home/neha/ros2_ws/src/semnav_migration/src/navigation.cpp:568:53: error: no matching function for call to ‘rclcpp::Duration::Duration(double)’
[26.877s]   568 |                                 rclcpp::Duration(5.0).sleep();
[26.877s]       |                                                     ^
[26.877s] /opt/ros/jazzy/include/rclcpp/rclcpp/duration.hpp:49:3: note: candidate: ‘template<class Rep, class Period> rclcpp::Duration::Duration(const std::chrono::duration<_Rep1, _Period1>&)’
[26.877s]    49 |   Duration(const std::chrono::duration<Rep, Period> & duration)  // NOLINT(runtime/explicit)
[26.878s]       |   ^~~~~~~~
[26.878s] /opt/ros/jazzy/include/rclcpp/rclcpp/duration.hpp:49:3: note:   template argument deduction/substitution failed:
[26.882s] /home/neha/ros2_ws/src/semnav_migration/src/navigation.cpp:568:53: note:   mismatched types ‘const std::chrono::duration<_Rep1, _Period1>’ and ‘double’
[26.882s]   568 |                                 rclcpp::Duration(5.0).sleep();
[26.882s]       |                                                     ^
[26.882s] /opt/ros/jazzy/include/rclcpp/rclcpp/duration.hpp:159:3: note: candidate: ‘rclcpp::Duration::Duration()’
[26.882s]   159 |   Duration() = default;
[26.883s]       |   ^~~~~~~~
[26.883s] /opt/ros/jazzy/include/rclcpp/rclcpp/duration.hpp:159:3: note:   candidate expects 0 arguments, 1 provided
[26.883s] /opt/ros/jazzy/include/rclcpp/rclcpp/duration.hpp:62:3: note: candidate: ‘rclcpp::Duration::Duration(const rclcpp::Duration&)’
[26.883s]    62 |   Duration(const Duration & rhs);
[26.883s]       |   ^~~~~~~~
[26.883s] /opt/ros/jazzy/include/rclcpp/rclcpp/duration.hpp:62:29: note:   no known conversion for argument 1 from ‘double’ to ‘const rclcpp::Duration&’
[26.883s]    62 |   Duration(const Duration & rhs);
[26.883s]       |            ~~~~~~~~~~~~~~~~~^~~
[26.886s] /opt/ros/jazzy/include/rclcpp/rclcpp/duration.hpp:60:12: note: candidate: ‘rclcpp::Duration::Duration(const rcl_duration_t&)’
[26.886s]    60 |   explicit Duration(const rcl_duration_t & duration);
[26.886s]       |            ^~~~~~~~
[26.886s] /opt/ros/jazzy/include/rclcpp/rclcpp/duration.hpp:60:44: note:   no known conversion for argument 1 from ‘double’ to ‘const rcl_duration_t&’ {aka ‘const rcl_duration_s&’}
[26.886s]    60 |   explicit Duration(const rcl_duration_t & duration);
[26.886s]       |                     ~~~~~~~~~~~~~~~~~~~~~~~^~~~~~~~
[26.887s] /opt/ros/jazzy/include/rclcpp/rclcpp/duration.hpp:54:3: note: candidate: ‘rclcpp::Duration::Duration(const builtin_interfaces::msg::Duration&)’
[26.887s]    54 |   Duration(const builtin_interfaces::msg::Duration & duration_msg);  // NOLINT(runtime/explicit)
[26.887s]       |   ^~~~~~~~
[26.887s] /opt/ros/jazzy/include/rclcpp/rclcpp/duration.hpp:54:54: note:   no known conversion for argument 1 from ‘double’ to ‘const builtin_interfaces::msg::Duration&’ {aka ‘const builtin_interfaces::msg::Duration_<std::allocator<void> >&’}
[26.887s]    54 |   Duration(const builtin_interfaces::msg::Duration & duration_msg);  // NOLINT(runtime/explicit)
[26.887s]       |            ~~~~~~~~~~~~~~~~~~~~~~~~~~~~~~~~~~~~~~~~~~^~~~~~~~~~~~
[26.888s] /opt/ros/jazzy/include/rclcpp/rclcpp/duration.hpp:43:12: note: candidate: ‘rclcpp::Duration::Duration(std::chrono::nanoseconds)’
[26.888s]    43 |   explicit Duration(std::chrono::nanoseconds nanoseconds);
[26.888s]       |            ^~~~~~~~
[26.888s] /opt/ros/jazzy/include/rclcpp/rclcpp/duration.hpp:43:46: note:   no known conversion for argument 1 from ‘double’ to ‘std::chrono::nanoseconds’ {aka ‘std::chrono::duration<long int, std::ratio<1, 1000000000> >’}
[26.888s]    43 |   explicit Duration(std::chrono::nanoseconds nanoseconds);
[26.888s]       |                     ~~~~~~~~~~~~~~~~~~~~~~~~~^~~~~~~~~~~
[26.888s] /opt/ros/jazzy/include/rclcpp/rclcpp/duration.hpp:40:3: note: candidate: ‘rclcpp::Duration::Duration(int32_t, uint32_t)’
[26.889s]    40 |   Duration(int32_t seconds, uint32_t nanoseconds);
[26.891s]       |   ^~~~~~~~
[26.891s] /opt/ros/jazzy/include/rclcpp/rclcpp/duration.hpp:40:3: note:   candidate expects 2 arguments, 1 provided
[26.891s] /home/neha/ros2_ws/src/semnav_migration/src/navigation_semantic.cpp:561:96: error: invalid operands of types ‘const char [53]’ and ‘double’ to binary ‘operator<<’
[26.891s]   561 |                         ROS_WARN_STREAM("[Navigation] Diffeomorphism jacobian determinant is " << MatrixDeterminant(RobotPositionTransformedD) << ", robot position is " << bg::dsv(RobotPosition_) << " and robot positon in model space is " << bg::dsv(RobotPositionTransformedPoint));
[26.891s]       |                                         ~~~~~~~~~~~~~~~~~~~~~~~~~~~~~~~~~~~~~~~~~~~~~~~~~~~~~~ ^~ ~~~~~~~~~~~~~~~~~~~~~~~~~~~~~~~~~~~~~~~~~~~~
[26.891s]       |                                         |                                                                          |
[26.892s]       |                                         const char [53]                                                            double
[26.976s] /home/neha/ros2_ws/src/semnav_migration/src/navigation_semantic.cpp:561:25: error: ‘ROS_WARN_STREAM’ was not declared in this scope; did you mean ‘RCLCPP_WARN_STREAM’?
[26.976s]   561 |                         ROS_WARN_STREAM("[Navigation] Diffeomorphism jacobian determinant is " << MatrixDeterminant(RobotPositionTransformedD) << ", robot position is " << bg::dsv(RobotPosition_) << " and robot positon in model space is " << bg::dsv(RobotPositionTransformedPoint));
[26.976s]       |                         ^~~~~~~~~~~~~~~
[26.976s]       |                         RCLCPP_WARN_STREAM
[26.978s] /home/neha/ros2_ws/src/semnav_migration/src/navigation.cpp:571:33: error: ‘ROS_WARN_STREAM’ was not declared in this scope; did you mean ‘RCLCPP_WARN_STREAM’?
[26.978s]   571 |                                 ROS_WARN_STREAM("[Navigation] Successfully navigated to goal and stopped...");
[26.978s]       |                                 ^~~~~~~~~~~~~~~
[26.978s]       |                                 RCLCPP_WARN_STREAM
[26.979s] /home/neha/ros2_ws/src/semnav_migration/src/navigation_semantic.cpp:590:41: error: ‘ros’ has not been declared
[26.979s]   590 |                                         ros::Duration(5.0).sleep();
[26.979s]       |                                         ^~~
[26.986s] /home/neha/ros2_ws/src/semnav_migration/src/navigation.cpp:594:75: error: invalid operands of types ‘const char [32]’ and ‘double’ to binary ‘operator<<’
[26.986s]   594 |                         ROS_WARN_STREAM("[Navigation] Linear command is " << LinearCmd << " and angular command is " << AngularCmd);
[26.986s]       |                                         ~~~~~~~~~~~~~~~~~~~~~~~~~~~~~~~~~ ^~ ~~~~~~~~~
[26.986s]       |                                         |                                    |
[26.986s]       |                                         const char [32]                      double
[26.990s] /home/neha/ros2_ws/src/semnav_migration/src/navigation_semantic.cpp:615:75: error: invalid operands of types ‘const char [32]’ and ‘double’ to binary ‘operator<<’
[26.990s]   615 |                         ROS_WARN_STREAM("[Navigation] Linear command is " << LinearCmd << " and angular command is " << AngularCmd);
[26.990s]       |                                         ~~~~~~~~~~~~~~~~~~~~~~~~~~~~~~~~~ ^~ ~~~~~~~~~
[26.990s]       |                                         |                                    |
[26.990s]       |                                         const char [32]                      double
[26.990s] /home/neha/ros2_ws/src/semnav_migration/src/navigation_semantic.cpp:616:76: error: invalid operands of types ‘const char [33]’ and ‘int’ to binary ‘operator<<’
[26.991s]   616 |                         ROS_WARN_STREAM("[Navigation] Command update for " << int(localDiffeoTreeArray.size()) << " polygons in " << ros::Time::now().toSec()-before_time << " seconds.");
[26.991s]       |                                         ~~~~~~~~~~~~~~~~~~~~~~~~~~~~~~~~~~ ^~ ~~~~~~~~~~~~~~~~~~~~~~~~~~~~~~~~
[26.991s]       |                                         |                                     |
[26.991s]       |                                         const char [33]                       int
[26.991s] /home/neha/ros2_ws/src/semnav_migration/src/navigation_semantic.cpp:616:134: error: ‘ros’ has not been declared
[26.992s]   616 |                         ROS_WARN_STREAM("[Navigation] Command update for " << int(localDiffeoTreeArray.size()) << " polygons in " << ros::Time::now().toSec()-before_time << " seconds.");
[26.992s]       |                                                                                                                                      ^~~
[26.992s] /home/neha/ros2_ws/src/semnav_migration/src/navigation_semantic.cpp: In function ‘int main(int, char**)’:
[26.992s] /home/neha/ros2_ws/src/semnav_migration/src/navigation_semantic.cpp:697:9: error: ‘ros’ has not been declared
[26.992s]   697 |         ros::init(argc, argv, "navigation_semantic");
[26.992s]       |         ^~~
[26.995s] /home/neha/ros2_ws/src/semnav_migration/src/navigation_semantic.cpp:700:9: error: ‘ros’ has not been declared
[26.995s]   700 |         ros::NodeHandle nh("~");
[26.995s]       |         ^~~
[27.012s] /home/neha/ros2_ws/src/semnav_migration/src/navigation_semantic.cpp:703:56: error: ‘nh’ was not declared in this scope
[27.012s]   703 |         SemanticNavigationNode semanticNavigationNode(&nh);
[27.012s]       |                                                        ^~
[27.087s] /home/neha/ros2_ws/src/semnav_migration/src/navigation.cpp:594:25: error: ‘ROS_WARN_STREAM’ was not declared in this scope; did you mean ‘RCLCPP_WARN_STREAM’?
[27.087s]   594 |                         ROS_WARN_STREAM("[Navigation] Linear command is " << LinearCmd << " and angular command is " << AngularCmd);
[27.087s]       |                         ^~~~~~~~~~~~~~~
[27.087s]       |                         RCLCPP_WARN_STREAM
[27.089s] /home/neha/ros2_ws/src/semnav_migration/src/navigation.cpp:595:76: error: invalid operands of types ‘const char [33]’ and ‘int’ to binary ‘operator<<’
[27.089s]   595 |                         ROS_WARN_STREAM("[Navigation] Command update for " << int(localDiffeoTreeArray.size()) << " polygons in " << rclcpp::Time::now().toSec()-before_time << " seconds.");
[27.089s]       |                                         ~~~~~~~~~~~~~~~~~~~~~~~~~~~~~~~~~~ ^~ ~~~~~~~~~~~~~~~~~~~~~~~~~~~~~~~~
[27.089s]       |                                         |                                     |
[27.090s]       |                                         const char [33]                       int
[27.092s] /home/neha/ros2_ws/src/semnav_migration/src/navigation.cpp:595:148: error: ‘now’ is not a member of ‘rclcpp::Time’
[27.092s]   595 |                         ROS_WARN_STREAM("[Navigation] Command update for " << int(localDiffeoTreeArray.size()) << " polygons in " << rclcpp::Time::now().toSec()-before_time << " seconds.");
[27.092s]       |                                                                                                                                                    ^~~
[33.933s] gmake[2]: *** [CMakeFiles/navigation_semantic.dir/build.make:76: CMakeFiles/navigation_semantic.dir/src/navigation_semantic.cpp.o] Error 1
[33.933s] gmake[1]: *** [CMakeFiles/Makefile2:207: CMakeFiles/navigation_semantic.dir/all] Error 2
[33.933s] gmake[1]: *** Waiting for unfinished jobs....
[38.714s] gmake[2]: *** [CMakeFiles/navigation.dir/build.make:76: CMakeFiles/navigation.dir/src/navigation.cpp.o] Error 1
[38.714s] gmake[1]: *** [CMakeFiles/Makefile2:181: CMakeFiles/navigation.dir/all] Error 2
[38.715s] gmake: *** [Makefile:146: all] Error 2
[38.718s] Invoked command in '/home/neha/ros2_ws/src/semnav_migration/build/semnav' returned '2': CMAKE_PREFIX_PATH=${CMAKE_PREFIX_PATH}:/opt/ros/jazzy DEBUGINFOD_URLS=https://debuginfod.ubuntu.com /usr/bin/cmake --build /home/neha/ros2_ws/src/semnav_migration/build/semnav -- -j2 -l2
