[0.025s] Invoking command in '/home/neha/ros2_ws/src/semnav_migration/build/semnav': CMAKE_PREFIX_PATH=${CMAKE_PREFIX_PATH}:/opt/ros/jazzy DEBUGINFOD_URLS=https://debuginfod.ubuntu.com /usr/bin/cmake --build /home/neha/ros2_ws/src/semnav_migration/build/semnav -- -j2 -l2
[0.191s] [ 14%] Built target reactive_planner
[0.333s] [ 23%] Building CXX object CMakeFiles/navigation_semantic.dir/src/navigation_semantic.cpp.o
[0.334s] [ 23%] Building CXX object CMakeFiles/navigation.dir/src/navigation.cpp.o
[6.300s] /home/neha/ros2_ws/src/semnav_migration/src/navigation.cpp:27:10: fatal error: std_msgs/msg/UInt32.h: No such file or directory
[6.300s]    27 | #include <std_msgs/msg/UInt32.h>
[6.300s]       |          ^~~~~~~~~~~~~~~~~~~~~~~
[6.300s] compilation terminated.
[6.346s] gmake[2]: *** [CMakeFiles/navigation.dir/build.make:76: CMakeFiles/navigation.dir/src/navigation.cpp.o] Error 1
[6.346s] gmake[1]: *** [CMakeFiles/Makefile2:181: CMakeFiles/navigation.dir/all] Error 2
[6.346s] gmake[1]: *** Waiting for unfinished jobs....
[20.535s] /home/neha/ros2_ws/src/semnav_migration/src/navigation_semantic.cpp:624:17: error: ‘ros’ does not name a type
[20.535s]   624 |                 ros::NodeHandle nh_;
[20.535s]       |                 ^~~
[20.541s] /home/neha/ros2_ws/src/semnav_migration/src/navigation_semantic.cpp:641:17: error: ‘ros’ does not name a type
[20.541s]   641 |                 ros::Publisher pub_behaviorID_;
[20.541s]       |                 ^~~
[20.547s] /home/neha/ros2_ws/src/semnav_migration/src/navigation_semantic.cpp:642:17: error: ‘ros’ does not name a type
[20.547s]   642 |                 ros::Publisher pub_behaviorMode_;
[20.547s]       |                 ^~~
[20.553s] /home/neha/ros2_ws/src/semnav_migration/src/navigation_semantic.cpp:643:17: error: ‘ros’ does not name a type
[20.553s]   643 |                 ros::Publisher pub_twist_;
[20.553s]       |                 ^~~
[20.559s] /home/neha/ros2_ws/src/semnav_migration/src/navigation_semantic.cpp:645:17: error: ‘ros’ does not name a type
[20.559s]   645 |                 ros::Publisher pub_semantic_map_;
[20.559s]       |                 ^~~
[20.573s] /home/neha/ros2_ws/src/semnav_migration/src/navigation_semantic.cpp:691:17: error: ‘tf’ does not name a type; did you mean ‘tm’?
[20.573s]   691 |                 tf::TransformListener listener_;
[20.574s]       |                 ^~
[20.574s]       |                 tm
[20.682s] /home/neha/ros2_ws/src/semnav_migration/src/navigation_semantic.cpp: In constructor ‘SemanticNavigationNode::SemanticNavigationNode()’:
[20.682s] /home/neha/ros2_ws/src/semnav_migration/src/navigation_semantic.cpp:137:13: error: ‘pub_behaviorID_’ was not declared in this scope; did you mean ‘pub_behaviorID_topic_’?
[20.682s]   137 |             pub_behaviorID_ = this->create_publisher<std_msgs::msg::UInt32>("pub_behaviorID_topic_", 1);
[20.682s]       |             ^~~~~~~~~~~~~~~
[20.682s]       |             pub_behaviorID_topic_
[20.686s] /home/neha/ros2_ws/src/semnav_migration/src/navigation_semantic.cpp:137:69: error: ‘UInt32’ is not a member of ‘std_msgs::msg’
[20.686s]   137 |             pub_behaviorID_ = this->create_publisher<std_msgs::msg::UInt32>("pub_behaviorID_topic_", 1);
[20.686s]       |                                                                     ^~~~~~
[20.686s] /home/neha/ros2_ws/src/semnav_migration/src/navigation_semantic.cpp:137:76: error: no matching function for call to ‘SemanticNavigationNode::create_publisher<<expression error> >(const char [22], int)’
[20.686s]   137 |             pub_behaviorID_ = this->create_publisher<std_msgs::msg::UInt32>("pub_behaviorID_topic_", 1);
[20.686s]       |                               ~~~~~~~~~~~~~~~~~~~~~~~~~~~~~~~~~~~~~~~~~~~~~^~~~~~~~~~~~~~~~~~~~~~~~~~~~
[20.687s] In file included from /opt/ros/jazzy/include/rclcpp/rclcpp/executors/single_threaded_executor.hpp:28,
[20.687s]                  from /opt/ros/jazzy/include/rclcpp/rclcpp/executors.hpp:22,
[20.687s]                  from /opt/ros/jazzy/include/rclcpp/rclcpp/rclcpp.hpp:172,
[20.687s]                  from /home/neha/ros2_ws/src/semnav_migration/include/reactive_planner_lib.h:32,
[20.687s]                  from /home/neha/ros2_ws/src/semnav_migration/src/navigation_semantic.cpp:25:
[20.687s] /opt/ros/jazzy/include/rclcpp/rclcpp/node.hpp:197:3: note: candidate: ‘template<class MessageT, class AllocatorT, class PublisherT> std::shared_ptr<PublisherT> rclcpp::Node::create_publisher(const std::string&, const rclcpp::QoS&, const rclcpp::PublisherOptionsWithAllocator<AllocatorT>&)’
[20.688s]   197 |   create_publisher(
[20.688s]       |   ^~~~~~~~~~~~~~~~
[20.688s] /opt/ros/jazzy/include/rclcpp/rclcpp/node.hpp:197:3: note:   template argument deduction/substitution failed:
[20.688s] /home/neha/ros2_ws/src/semnav_migration/src/navigation_semantic.cpp:137:76: error: template argument 1 is invalid
[20.688s]   137 |             pub_behaviorID_ = this->create_publisher<std_msgs::msg::UInt32>("pub_behaviorID_topic_", 1);
[20.688s]       |                               ~~~~~~~~~~~~~~~~~~~~~~~~~~~~~~~~~~~~~~~~~~~~~^~~~~~~~~~~~~~~~~~~~~~~~~~~~
[20.777s] /home/neha/ros2_ws/src/semnav_migration/src/navigation_semantic.cpp:138:13: error: ‘pub_behaviorMode_’ was not declared in this scope; did you mean ‘pub_behaviorMode_topic_’?
[20.777s]   138 |             pub_behaviorMode_ = this->create_publisher<std_msgs::msg::UInt32>("pub_behaviorMode_topic_", 1);
[20.777s]       |             ^~~~~~~~~~~~~~~~~
[20.777s]       |             pub_behaviorMode_topic_
[20.781s] /home/neha/ros2_ws/src/semnav_migration/src/navigation_semantic.cpp:138:71: error: ‘UInt32’ is not a member of ‘std_msgs::msg’
[20.781s]   138 |             pub_behaviorMode_ = this->create_publisher<std_msgs::msg::UInt32>("pub_behaviorMode_topic_", 1);
[20.781s]       |                                                                       ^~~~~~
[20.781s] /home/neha/ros2_ws/src/semnav_migration/src/navigation_semantic.cpp:138:78: error: no matching function for call to ‘SemanticNavigationNode::create_publisher<<expression error> >(const char [24], int)’
[20.781s]   138 |             pub_behaviorMode_ = this->create_publisher<std_msgs::msg::UInt32>("pub_behaviorMode_topic_", 1);
[20.781s]       |                                 ~~~~~~~~~~~~~~~~~~~~~~~~~~~~~~~~~~~~~~~~~~~~~^~~~~~~~~~~~~~~~~~~~~~~~~~~~~~
[20.782s] /opt/ros/jazzy/include/rclcpp/rclcpp/node.hpp:197:3: note: candidate: ‘template<class MessageT, class AllocatorT, class PublisherT> std::shared_ptr<PublisherT> rclcpp::Node::create_publisher(const std::string&, const rclcpp::QoS&, const rclcpp::PublisherOptionsWithAllocator<AllocatorT>&)’
[20.782s]   197 |   create_publisher(
[20.782s]       |   ^~~~~~~~~~~~~~~~
[20.782s] /opt/ros/jazzy/include/rclcpp/rclcpp/node.hpp:197:3: note:   template argument deduction/substitution failed:
[20.782s] /home/neha/ros2_ws/src/semnav_migration/src/navigation_semantic.cpp:138:78: error: template argument 1 is invalid
[20.782s]   138 |             pub_behaviorMode_ = this->create_publisher<std_msgs::msg::UInt32>("pub_behaviorMode_topic_", 1);
[20.782s]       |                                 ~~~~~~~~~~~~~~~~~~~~~~~~~~~~~~~~~~~~~~~~~~~~~^~~~~~~~~~~~~~~~~~~~~~~~~~~~~~
[20.827s] /home/neha/ros2_ws/src/semnav_migration/src/navigation_semantic.cpp:139:13: error: ‘pub_twist_’ was not declared in this scope; did you mean ‘publish_twist’?
[20.827s]   139 |             pub_twist_ = this->create_publisher<std_msgs::msg::UInt32>("pub_twist_topic_", 1);
[20.827s]       |             ^~~~~~~~~~
[20.827s]       |             publish_twist
[20.831s] /home/neha/ros2_ws/src/semnav_migration/src/navigation_semantic.cpp:139:64: error: ‘UInt32’ is not a member of ‘std_msgs::msg’
[20.831s]   139 |             pub_twist_ = this->create_publisher<std_msgs::msg::UInt32>("pub_twist_topic_", 1);
[20.831s]       |                                                                ^~~~~~
[20.831s] /home/neha/ros2_ws/src/semnav_migration/src/navigation_semantic.cpp:139:71: error: no matching function for call to ‘SemanticNavigationNode::create_publisher<<expression error> >(const char [17], int)’
[20.831s]   139 |             pub_twist_ = this->create_publisher<std_msgs::msg::UInt32>("pub_twist_topic_", 1);
[20.831s]       |                          ~~~~~~~~~~~~~~~~~~~~~~~~~~~~~~~~~~~~~~~~~~~~~^~~~~~~~~~~~~~~~~~~~~~~
[20.832s] /opt/ros/jazzy/include/rclcpp/rclcpp/node.hpp:197:3: note: candidate: ‘template<class MessageT, class AllocatorT, class PublisherT> std::shared_ptr<PublisherT> rclcpp::Node::create_publisher(const std::string&, const rclcpp::QoS&, const rclcpp::PublisherOptionsWithAllocator<AllocatorT>&)’
[20.832s]   197 |   create_publisher(
[20.832s]       |   ^~~~~~~~~~~~~~~~
[20.832s] /opt/ros/jazzy/include/rclcpp/rclcpp/node.hpp:197:3: note:   template argument deduction/substitution failed:
[20.832s] /home/neha/ros2_ws/src/semnav_migration/src/navigation_semantic.cpp:139:71: error: template argument 1 is invalid
[20.832s]   139 |             pub_twist_ = this->create_publisher<std_msgs::msg::UInt32>("pub_twist_topic_", 1);
[20.832s]       |                          ~~~~~~~~~~~~~~~~~~~~~~~~~~~~~~~~~~~~~~~~~~~~~^~~~~~~~~~~~~~~~~~~~~~~
[20.832s] /home/neha/ros2_ws/src/semnav_migration/src/navigation_semantic.cpp:142:42: error: ‘message_filters::msg’ has not been declared
[20.833s]   142 |                         message_filters::msg::Subscriber<sensor_msgs::LaserScan> sub_laser(nh_, sub_laser_topic_, 1);
[20.833s]       |                                          ^~~
[20.835s] /home/neha/ros2_ws/src/semnav_migration/src/navigation_semantic.cpp:142:71: error: ‘LaserScan’ is not a member of ‘sensor_msgs’; did you mean ‘sensor_msgs::msg::LaserScan’?
[20.835s]   142 |                         message_filters::msg::Subscriber<sensor_msgs::LaserScan> sub_laser(nh_, sub_laser_topic_, 1);
[20.835s]       |                                                                       ^~~~~~~~~
[20.835s] In file included from /opt/ros/jazzy/include/sensor_msgs/sensor_msgs/msg/laser_scan.hpp:7,
[20.835s]                  from /home/neha/ros2_ws/src/semnav_migration/include/reactive_planner_lib.h:46:
[20.835s] /opt/ros/jazzy/include/sensor_msgs/sensor_msgs/msg/detail/laser_scan__struct.hpp:250:7: note: ‘sensor_msgs::msg::LaserScan’ declared here
[20.835s]   250 | using LaserScan =
[20.836s]       |       ^~~~~~~~~
[20.864s] /home/neha/ros2_ws/src/semnav_migration/src/navigation_semantic.cpp:142:92: error: ‘nh_’ was not declared in this scope
[20.864s]   142 |                         message_filters::msg::Subscriber<sensor_msgs::LaserScan> sub_laser(nh_, sub_laser_topic_, 1);
[20.864s]       |                                                                                            ^~~
[20.910s] /home/neha/ros2_ws/src/semnav_migration/src/navigation_semantic.cpp:142:82: error: ‘sub_laser’ was not declared in this scope
[20.910s]   142 |                         message_filters::msg::Subscriber<sensor_msgs::LaserScan> sub_laser(nh_, sub_laser_topic_, 1);
[20.911s]       |                                                                                  ^~~~~~~~~
[20.977s] /home/neha/ros2_ws/src/semnav_migration/src/navigation_semantic.cpp:144:94: error: ‘LaserScan’ is not a member of ‘sensor_msgs’; did you mean ‘sensor_msgs::msg::LaserScan’?
[20.977s]   144 |                         typedef message_filters::sync_policies::ApproximateTime<sensor_msgs::LaserScan,nav_msgs::msg::Odometry> SyncPolicy;
[20.977s]       |                                                                                              ^~~~~~~~~
[20.977s] /opt/ros/jazzy/include/sensor_msgs/sensor_msgs/msg/detail/laser_scan__struct.hpp:250:7: note: ‘sensor_msgs::msg::LaserScan’ declared here
[20.977s]   250 | using LaserScan =
[20.978s]       |       ^~~~~~~~~
[20.978s] /home/neha/ros2_ws/src/semnav_migration/src/navigation_semantic.cpp:144:127: error: template argument 1 is invalid
[20.978s]   144 |                         typedef message_filters::sync_policies::ApproximateTime<sensor_msgs::LaserScan,nav_msgs::msg::Odometry> SyncPolicy;
[20.978s]       |                                                                                                                               ^
[20.979s] In file included from /home/neha/ros2_ws/src/semnav_migration/include/reactive_planner_lib.h:44:
[20.980s] /opt/ros/jazzy/include/message_filters/message_filters/synchronizer.h: In instantiation of ‘class message_filters::Synchronizer<int>’:
[20.980s] /home/neha/ros2_ws/src/semnav_migration/src/navigation_semantic.cpp:147:64:   required from here
[20.980s] /opt/ros/jazzy/include/message_filters/message_filters/synchronizer.h:53:7: error: base type ‘int’ fails to be a struct or class type
[20.980s]    53 | class Synchronizer : public noncopyable, public Policy
[20.980s]       |       ^~~~~~~~~~~~
[20.980s] /opt/ros/jazzy/include/message_filters/message_filters/synchronizer.h:56:37: error: ‘int’ is not a class, struct, or union type
[20.980s]    56 |   typedef typename Policy::Messages Messages;
[20.981s]       |                                     ^~~~~~~~
[20.981s] /opt/ros/jazzy/include/message_filters/message_filters/synchronizer.h:57:35: error: ‘int’ is not a class, struct, or union type
[20.981s]    57 |   typedef typename Policy::Events Events;
[20.981s]       |                                   ^~~~~~
[20.981s] /opt/ros/jazzy/include/message_filters/message_filters/synchronizer.h:58:35: error: ‘int’ is not a class, struct, or union type
[20.981s]    58 |   typedef typename Policy::Signal Signal;
[20.982s]       |                                   ^~~~~~
[20.982s] /opt/ros/jazzy/include/message_filters/message_filters/synchronizer.h:60:58: error: ‘int’ is not a class, struct, or union type
[20.982s]    60 |   typedef typename std::tuple_element<0, Messages>::type M0;
[20.982s]       |                                                          ^~
[20.982s] /opt/ros/jazzy/include/message_filters/message_filters/synchronizer.h:61:58: error: ‘int’ is not a class, struct, or union type
[20.982s]    61 |   typedef typename std::tuple_element<1, Messages>::type M1;
[20.982s]       |                                                          ^~
[20.983s] /opt/ros/jazzy/include/message_filters/message_filters/synchronizer.h:62:58: error: ‘int’ is not a class, struct, or union type
[20.983s]    62 |   typedef typename std::tuple_element<2, Messages>::type M2;
[20.983s]       |                                                          ^~
[20.983s] /opt/ros/jazzy/include/message_filters/message_filters/synchronizer.h:63:58: error: ‘int’ is not a class, struct, or union type
[20.983s]    63 |   typedef typename std::tuple_element<3, Messages>::type M3;
[20.983s]       |                                                          ^~
[20.983s] /opt/ros/jazzy/include/message_filters/message_filters/synchronizer.h:64:58: error: ‘int’ is not a class, struct, or union type
[20.983s]    64 |   typedef typename std::tuple_element<4, Messages>::type M4;
[20.984s]       |                                                          ^~
[20.984s] /opt/ros/jazzy/include/message_filters/message_filters/synchronizer.h:65:58: error: ‘int’ is not a class, struct, or union type
[20.984s]    65 |   typedef typename std::tuple_element<5, Messages>::type M5;
[20.984s]       |                                                          ^~
[20.984s] /opt/ros/jazzy/include/message_filters/message_filters/synchronizer.h:66:58: error: ‘int’ is not a class, struct, or union type
[20.984s]    66 |   typedef typename std::tuple_element<6, Messages>::type M6;
[20.984s]       |                                                          ^~
[20.984s] /opt/ros/jazzy/include/message_filters/message_filters/synchronizer.h:67:58: error: ‘int’ is not a class, struct, or union type
[20.985s]    67 |   typedef typename std::tuple_element<7, Messages>::type M7;
[20.985s]       |                                                          ^~
[20.985s] /opt/ros/jazzy/include/message_filters/message_filters/synchronizer.h:68:58: error: ‘int’ is not a class, struct, or union type
[20.985s]    68 |   typedef typename std::tuple_element<8, Messages>::type M8;
[20.986s]       |                                                          ^~
[20.986s] /opt/ros/jazzy/include/message_filters/message_filters/synchronizer.h:71:56: error: ‘int’ is not a class, struct, or union type
[20.986s]    71 |   typedef typename std::tuple_element<0, Events>::type M0Event;
[20.986s]       |                                                        ^~~~~~~
[20.986s] /opt/ros/jazzy/include/message_filters/message_filters/synchronizer.h:72:56: error: ‘int’ is not a class, struct, or union type
[20.986s]    72 |   typedef typename std::tuple_element<1, Events>::type M1Event;
[20.986s]       |                                                        ^~~~~~~
[20.986s] /opt/ros/jazzy/include/message_filters/message_filters/synchronizer.h:73:56: error: ‘int’ is not a class, struct, or union type
[20.987s]    73 |   typedef typename std::tuple_element<2, Events>::type M2Event;
[20.987s]       |                                                        ^~~~~~~
[20.987s] /opt/ros/jazzy/include/message_filters/message_filters/synchronizer.h:74:56: error: ‘int’ is not a class, struct, or union type
[20.987s]    74 |   typedef typename std::tuple_element<3, Events>::type M3Event;
[20.987s]       |                                                        ^~~~~~~
[20.987s] /opt/ros/jazzy/include/message_filters/message_filters/synchronizer.h:75:56: error: ‘int’ is not a class, struct, or union type
[20.988s]    75 |   typedef typename std::tuple_element<4, Events>::type M4Event;
[20.988s]       |                                                        ^~~~~~~
[20.988s] /opt/ros/jazzy/include/message_filters/message_filters/synchronizer.h:76:56: error: ‘int’ is not a class, struct, or union type
[20.988s]    76 |   typedef typename std::tuple_element<5, Events>::type M5Event;
[20.988s]       |                                                        ^~~~~~~
[20.988s] /opt/ros/jazzy/include/message_filters/message_filters/synchronizer.h:77:56: error: ‘int’ is not a class, struct, or union type
[20.988s]    77 |   typedef typename std::tuple_element<6, Events>::type M6Event;
[20.989s]       |                                                        ^~~~~~~
[20.989s] /opt/ros/jazzy/include/message_filters/message_filters/synchronizer.h:78:56: error: ‘int’ is not a class, struct, or union type
[20.989s]    78 |   typedef typename std::tuple_element<7, Events>::type M7Event;
[20.989s]       |                                                        ^~~~~~~
[20.989s] /opt/ros/jazzy/include/message_filters/message_filters/synchronizer.h:79:56: error: ‘int’ is not a class, struct, or union type
[20.989s]    79 |   typedef typename std::tuple_element<8, Events>::type M8Event;
[20.989s]       |                                                        ^~~~~~~
[20.990s] /opt/ros/jazzy/include/message_filters/message_filters/synchronizer.h:325:17: error: ‘int’ is not a class, namespace, or enumeration
[20.990s]   325 |   using Policy::add;
[20.990s]       |                 ^~~
[20.990s] /opt/ros/jazzy/include/message_filters/message_filters/synchronizer.h:328:8: error: ‘int’ is not a class, struct, or union type
[20.990s]   328 |   void add(const std::shared_ptr<typename std::tuple_element<i, Messages>::type const>& msg)
[20.991s]       |        ^~~
[20.991s] /opt/ros/jazzy/include/message_filters/message_filters/synchronizer.h:344:8: error: ‘int’ is not a class, struct, or union type
[20.991s]   344 |   void cb(const typename std::tuple_element<i, Events>::type& evt)
[20.991s]       |        ^~
[20.991s] /home/neha/ros2_ws/src/semnav_migration/src/navigation_semantic.cpp:148:55: error: ‘bind’ is not a member of ‘boost’; did you mean ‘find’?
[20.991s]   148 |                         sync->registerCallback(boost::bind(&SemanticNavigationNode::control_callback, this, _1, _2));
[20.991s]       |                                                       ^~~~
[20.991s]       |                                                       find
[20.992s] /home/neha/ros2_ws/src/semnav_migration/src/navigation_semantic.cpp:148:109: error: ‘_1’ was not declared in this scope
[20.992s]   148 |                         sync->registerCallback(boost::bind(&SemanticNavigationNode::control_callback, this, _1, _2));
[20.992s]       |                                                                                                             ^~
[20.992s] /home/neha/ros2_ws/src/semnav_migration/src/navigation_semantic.cpp:148:109: note: suggested alternatives:
[20.992s] In file included from /usr/include/boost/mpl/aux_/include_preprocessed.hpp:37,
[20.992s]                  from /usr/include/boost/mpl/placeholders.hpp:43,
[20.992s]                  from /usr/include/boost/iterator/iterator_categories.hpp:16,
[20.992s]                  from /usr/include/boost/iterator/iterator_facade.hpp:13,
[20.993s]                  from /usr/include/boost/range/iterator_range_core.hpp:27,
[20.993s]                  from /usr/include/boost/lexical_cast.hpp:48,
[20.993s]                  from /usr/include/boost/multiprecision/detail/number_base.hpp:29,
[20.993s]                  from /usr/include/boost/multiprecision/traits/is_variable_precision.hpp:9,
[20.993s]                  from /usr/include/boost/multiprecision/detail/precision.hpp:9,
[20.993s]                  from /usr/include/boost/multiprecision/number.hpp:11,
[20.993s]                  from /usr/include/boost/multiprecision/cpp_int.hpp:19,
[20.993s]                  from /usr/include/boost/multiprecision/cpp_bin_float.hpp:15,
[20.993s]                  from /usr/include/boost/geometry/core/coordinate_promotion.hpp:16,
[20.994s]                  from /usr/include/boost/geometry/core/radian_access.hpp:30,
[20.994s]                  from /usr/include/boost/geometry/geometry.hpp:50,
[20.994s]                  from /usr/include/boost/geometry.hpp:17,
[20.994s]                  from /home/neha/ros2_ws/src/semnav_migration/include/reactive_planner_lib.h:26:
[20.994s] /usr/include/boost/mpl/aux_/preprocessed/gcc/placeholders.hpp:29:16: note:   ‘mpl_::_1’
[20.994s]    29 | typedef arg<1> _1;
[20.994s]       |                ^~
[20.994s] In file included from /usr/include/boost/numeric/conversion/converter_policies.hpp:13,
[20.995s]                  from /usr/include/boost/numeric/conversion/converter.hpp:14,
[20.995s]                  from /usr/include/boost/numeric/conversion/cast.hpp:33,
[20.995s]                  from /usr/include/boost/geometry/core/radian_access.hpp:26:
[20.995s] /usr/include/c++/13/functional:294:48: note:   ‘std::placeholders::_1’
[20.995s]   294 |     _GLIBCXX_PLACEHOLDER const _Placeholder<1> _1;
[20.995s]       |                                                ^~
[20.995s] /usr/include/boost/mpl/aux_/preprocessed/gcc/placeholders.hpp:29:16: note:   ‘mpl_::_1’
[20.995s]    29 | typedef arg<1> _1;
[20.996s]       |                ^~
[20.996s] In file included from /usr/include/boost/describe/members.hpp:20,
[20.996s]                  from /usr/include/boost/container_hash/is_described_class.hpp:11,
[20.996s]                  from /usr/include/boost/container_hash/hash.hpp:18,
[20.996s]                  from /usr/include/boost/functional/hash.hpp:6,
[20.996s]                  from /usr/include/CGAL/Kernel/hash_functions.h:16,
[20.996s]                  from /usr/include/CGAL/Kernel/global_functions.h:25,
[20.997s]                  from /usr/include/CGAL/Cartesian/Cartesian_base.h:22,
[20.997s]                  from /usr/include/CGAL/Simple_cartesian.h:20,
[20.997s]                  from /usr/include/CGAL/Exact_predicates_inexact_constructions_kernel.h:20,
[20.997s]                  from /home/neha/ros2_ws/src/semnav_migration/include/polygeom_lib.h:32,
[20.997s]                  from /home/neha/ros2_ws/src/semnav_migration/include/reactive_planner_lib.h:50:
[20.997s] /usr/include/boost/mp11/bind.hpp:45:7: note:   ‘boost::mp11::_1’
[20.997s]    45 | using _1 = mp_arg<0>;
[20.997s]       |       ^~
[20.998s] /usr/include/boost/mpl/aux_/preprocessed/gcc/placeholders.hpp:29:16: note:   ‘mpl_::_1’
[20.998s]    29 | typedef arg<1> _1;
[20.998s]       |                ^~
[20.998s] /home/neha/ros2_ws/src/semnav_migration/src/navigation_semantic.cpp:148:113: error: ‘_2’ was not declared in this scope
[20.998s]   148 |                         sync->registerCallback(boost::bind(&SemanticNavigationNode::control_callback, this, _1, _2));
[20.998s]       |                                                                                                                 ^~
[20.998s] /home/neha/ros2_ws/src/semnav_migration/src/navigation_semantic.cpp:148:113: note: suggested alternatives:
[20.998s] /usr/include/boost/mpl/aux_/preprocessed/gcc/placeholders.hpp:42:16: note:   ‘mpl_::_2’
[20.998s]    42 | typedef arg<2> _2;
[20.999s]       |                ^~
[20.999s] /usr/include/c++/13/functional:295:48: note:   ‘std::placeholders::_2’
[20.999s]   295 |     _GLIBCXX_PLACEHOLDER const _Placeholder<2> _2;
[20.999s]       |                                                ^~
[20.999s] /usr/include/boost/mpl/aux_/preprocessed/gcc/placeholders.hpp:42:16: note:   ‘mpl_::_2’
[20.999s]    42 | typedef arg<2> _2;
[20.999s]       |                ^~
[20.999s] /usr/include/boost/mp11/bind.hpp:46:7: note:   ‘boost::mp11::_2’
[21.000s]    46 | using _2 = mp_arg<1>;
[21.000s]       |       ^~
[21.000s] /usr/include/boost/mpl/aux_/preprocessed/gcc/placeholders.hpp:42:16: note:   ‘mpl_::_2’
[21.000s]    42 | typedef arg<2> _2;
[21.000s]       |                ^~
[21.000s] /home/neha/ros2_ws/src/semnav_migration/src/navigation_semantic.cpp:150:25: error: ‘ros’ has not been declared
[21.000s]   150 |                         ros::Subscriber sub_semantic = nh_.subscribe(sub_semantic_topic_, 1, &SemanticNavigationNode::diffeo_tree_update, this);
[21.000s]       |                         ^~~
[21.001s] /home/neha/ros2_ws/src/semnav_migration/src/navigation_semantic.cpp:154:25: error: ‘ros’ has not been declared
[21.001s]   154 |                         ros::Duration(5.0).sleep();
[21.001s]       |                         ^~~
[21.001s] /home/neha/ros2_ws/src/semnav_migration/src/navigation_semantic.cpp:161:25: error: ‘ros’ has not been declared
[21.001s]   161 |                         ros::spin();
[21.001s]       |                         ^~~
[21.042s] /home/neha/ros2_ws/src/semnav_migration/src/navigation_semantic.cpp: In member function ‘void SemanticNavigationNode::publish_twist(double, double)’:
[21.042s] /home/neha/ros2_ws/src/semnav_migration/src/navigation_semantic.cpp:168:25: error: ‘pub_twist_’ was not declared in this scope; did you mean ‘publish_twist’?
[21.042s]   168 |                         pub_twist_.publish(commandTwist);
[21.043s]       |                         ^~~~~~~~~~
[21.043s]       |                         publish_twist
[21.046s] /home/neha/ros2_ws/src/semnav_migration/src/navigation_semantic.cpp: In member function ‘void SemanticNavigationNode::publish_behavior_id(uint16_t)’:
[21.046s] /home/neha/ros2_ws/src/semnav_migration/src/navigation_semantic.cpp:173:32: error: ‘UInt32’ is not a member of ‘std_msgs::msg’
[21.046s]   173 |                 std_msgs::msg::UInt32 commandId;
[21.047s]       |                                ^~~~~~
[21.089s] /home/neha/ros2_ws/src/semnav_migration/src/navigation_semantic.cpp:174:25: error: ‘commandId’ was not declared in this scope
[21.089s]   174 |                         commandId.data = BehaviorIdCmd;
[21.089s]       |                         ^~~~~~~~~
[21.168s] /home/neha/ros2_ws/src/semnav_migration/src/navigation_semantic.cpp:175:25: error: ‘pub_behaviorID_’ was not declared in this scope; did you mean ‘pub_behaviorID_topic_’?
[21.168s]   175 |                         pub_behaviorID_.publish(commandId);
[21.168s]       |                         ^~~~~~~~~~~~~~~
[21.168s]       |                         pub_behaviorID_topic_
[21.172s] /home/neha/ros2_ws/src/semnav_migration/src/navigation_semantic.cpp: In member function ‘void SemanticNavigationNode::publish_behavior_mode(uint16_t)’:
[21.172s] /home/neha/ros2_ws/src/semnav_migration/src/navigation_semantic.cpp:180:28: error: ‘UInt32’ is not a member of ‘std_msgs::msg’
[21.172s]   180 |             std_msgs::msg::UInt32 commandMode;
[21.172s]       |                            ^~~~~~
[21.229s] /home/neha/ros2_ws/src/semnav_migration/src/navigation_semantic.cpp:181:25: error: ‘commandMode’ was not declared in this scope
[21.230s]   181 |                         commandMode.data = BehaviorModeCmd;
[21.230s]       |                         ^~~~~~~~~~~
[21.320s] /home/neha/ros2_ws/src/semnav_migration/src/navigation_semantic.cpp:182:25: error: ‘pub_behaviorMode_’ was not declared in this scope; did you mean ‘pub_behaviorMode_topic_’?
[21.320s]   182 |                         pub_behaviorMode_.publish(commandMode);
[21.321s]       |                         ^~~~~~~~~~~~~~~~~
[21.321s]       |                         pub_behaviorMode_topic_
[21.370s] /home/neha/ros2_ws/src/semnav_migration/src/navigation_semantic.cpp: In member function ‘void SemanticNavigationNode::diffeo_tree_update(const object_pose_interface_msgs::msg::SemanticMapObjectArray_<std::allocator<void> >::ConstPtr&)’:
[21.370s] /home/neha/ros2_ws/src/semnav_migration/src/navigation_semantic.cpp:252:29: error: ‘ros’ has not been declared
[21.370s]   252 |                         if (ros::Time::now().toSec() - DiffeoTreeUpdateTime_ < (1.0/DiffeoTreeUpdateRate_)) {
[21.370s]       |                             ^~~
[21.370s] /home/neha/ros2_ws/src/semnav_migration/src/navigation_semantic.cpp:256:53: error: ‘ros’ has not been declared
[21.370s]   256 |                                 double start_time = ros::Time::now().toSec();
[21.370s]       |                                                     ^~~
[21.374s] /home/neha/ros2_ws/src/semnav_migration/src/navigation_semantic.cpp:267:49: error: ‘tf’ has not been declared
[21.374s]   267 |                                                 tf::Quaternion rotation = tf::Quaternion(semantic_map_data->objects[i].pose.pose.orientation.x,
[21.374s]       |                                                 ^~
[21.374s] /home/neha/ros2_ws/src/semnav_migration/src/navigation_semantic.cpp:272:49: error: ‘tf’ has not been declared
[21.374s]   272 |                                                 tf::Matrix3x3 m(rotation);
[21.375s]       |                                                 ^~
[21.375s] /home/neha/ros2_ws/src/semnav_migration/src/navigation_semantic.cpp:275:49: error: ‘tf’ has not been declared
[21.375s]   275 |                                                 tf::Vector3 target_nominal_1(-0.5*target_object_width_ - ObstacleDilation_ - 0.08, 0.0, 0.0);
[21.375s]       |                                                 ^~
[21.375s] /home/neha/ros2_ws/src/semnav_migration/src/navigation_semantic.cpp:276:49: error: ‘tf’ has not been declared
[21.375s]   276 |                                                 tf::Vector3 target_nominal_2(0.5*target_object_width_ + ObstacleDilation_ + 0.25, 0.0, 0.0);
[21.375s]       |                                                 ^~
[21.375s] /home/neha/ros2_ws/src/semnav_migration/src/navigation_semantic.cpp:277:49: error: ‘tf’ has not been declared
[21.376s]   277 |                                                 tf::Vector3 target_nominal_1_rotated = tf::quatRotate(rotation, target_nominal_1);
[21.376s]       |                                                 ^~
[21.376s] /home/neha/ros2_ws/src/semnav_migration/src/navigation_semantic.cpp:278:49: error: ‘tf’ has not been declared
[21.376s]   278 |                                                 tf::Vector3 target_nominal_2_rotated = tf::quatRotate(rotation, target_nominal_2);
[21.376s]       |                                                 ^~
[21.402s] /home/neha/ros2_ws/src/semnav_migration/src/navigation_semantic.cpp:280:49: error: ‘m’ was not declared in this scope; did you mean ‘tm’?
[21.402s]   280 |                                                 m.getRPY(roll, pitch, yaw);
[21.402s]       |                                                 ^
[21.403s]       |                                                 tm
[21.556s] /home/neha/ros2_ws/src/semnav_migration/src/navigation_semantic.cpp:281:123: error: ‘target_nominal_1_rotated’ was not declared in this scope
[21.556s]   281 |                                                 GoalVector[0].set<0>(semantic_map_data->objects[i].pose.pose.position.x + target_nominal_1_rotated.getX());
[21.556s]       |                                                                                                                           ^~~~~~~~~~~~~~~~~~~~~~~~
[21.709s] /home/neha/ros2_ws/src/semnav_migration/src/navigation_semantic.cpp:283:123: error: ‘target_nominal_2_rotated’ was not declared in this scope
[21.709s]   283 |                                                 GoalVector[1].set<0>(semantic_map_data->objects[i].pose.pose.position.x + target_nominal_2_rotated.getX());
[21.709s]       |                                                                                                                           ^~~~~~~~~~~~~~~~~~~~~~~~
[21.815s] /home/neha/ros2_ws/src/semnav_migration/src/navigation_semantic.cpp:317:49: error: ‘ROS_ERROR_STREAM’ was not declared in this scope; did you mean ‘RCLCPP_ERROR_STREAM’?
[21.815s]   317 |                                                 ROS_ERROR_STREAM("Goal blocked by object");
[21.815s]       |                                                 ^~~~~~~~~~~~~~~~
[21.815s]       |                                                 RCLCPP_ERROR_STREAM
[21.820s] /home/neha/ros2_ws/src/semnav_migration/src/navigation_semantic.cpp:365:85: error: ‘ros’ has not been declared
[21.820s]   365 |                                 ROS_WARN_STREAM("[Navigation] Updated trees in " << ros::Time::now().toSec()-start_time << " seconds.");
[21.820s]       |                                                                                     ^~~
[21.905s] /home/neha/ros2_ws/src/semnav_migration/src/navigation_semantic.cpp:365:33: error: ‘ROS_WARN_STREAM’ was not declared in this scope; did you mean ‘RCLCPP_WARN_STREAM’?
[21.906s]   365 |                                 ROS_WARN_STREAM("[Navigation] Updated trees in " << ros::Time::now().toSec()-start_time << " seconds.");
[21.906s]       |                                 ^~~~~~~~~~~~~~~
[21.906s]       |                                 RCLCPP_WARN_STREAM
[21.906s] /home/neha/ros2_ws/src/semnav_migration/src/navigation_semantic.cpp:368:57: error: ‘ros’ has not been declared
[21.906s]   368 |                                 DiffeoTreeUpdateTime_ = ros::Time::now().toSec();
[21.906s]       |                                                         ^~~
[21.907s] /home/neha/ros2_ws/src/semnav_migration/src/navigation_semantic.cpp: In member function ‘void SemanticNavigationNode::control_callback(const sensor_msgs::msg::LaserScan_<std::allocator<void> >::ConstPtr&, const nav_msgs::msg::Odometry_<std::allocator<void> >::ConstPtr&)’:
[21.907s] /home/neha/ros2_ws/src/semnav_migration/src/navigation_semantic.cpp:396:46: error: ‘ros’ has not been declared
[21.907s]   396 |                         double before_time = ros::Time::now().toSec();
[21.907s]       |                                              ^~~
[21.911s] /home/neha/ros2_ws/src/semnav_migration/src/navigation_semantic.cpp:399:40: error: ‘PoseStamped’ is not a member of ‘geometry_msgs’; did you mean ‘geometry_msgs::msg::PoseStamped’?
[21.911s]   399 |                         geometry_msgs::PoseStamped odomPose, mapPose;
[21.911s]       |                                        ^~~~~~~~~~~
[21.911s] In file included from /home/neha/ros2_ws/src/install/object_pose_interface_msgs/include/object_pose_interface_msgs/object_pose_interface_msgs/msg/detail/semantic_map_object__struct.hpp:28,
[21.911s]                  from /home/neha/ros2_ws/src/install/object_pose_interface_msgs/include/object_pose_interface_msgs/object_pose_interface_msgs/msg/detail/semantic_map_object_array__struct.hpp:25,
[21.911s]                  from /home/neha/ros2_ws/src/install/object_pose_interface_msgs/include/object_pose_interface_msgs/object_pose_interface_msgs/msg/semantic_map_object_array.hpp:7,
[21.912s]                  from /home/neha/ros2_ws/src/semnav_migration/src/navigation_semantic.cpp:26:
[21.912s] /opt/ros/jazzy/include/geometry_msgs/geometry_msgs/msg/detail/pose_stamped__struct.hpp:138:7: note: ‘geometry_msgs::msg::PoseStamped’ declared here
[21.912s]   138 | using PoseStamped =
[21.912s]       |       ^~~~~~~~~~~
[21.950s] /home/neha/ros2_ws/src/semnav_migration/src/navigation_semantic.cpp:400:25: error: ‘odomPose’ was not declared in this scope
[21.950s]   400 |                         odomPose.header.stamp = ros::Time(0);
[21.951s]       |                         ^~~~~~~~
[21.951s] /home/neha/ros2_ws/src/semnav_migration/src/navigation_semantic.cpp:400:49: error: ‘ros’ has not been declared
[21.951s]   400 |                         odomPose.header.stamp = ros::Time(0);
[21.951s]       |                                                 ^~~
[21.996s] /home/neha/ros2_ws/src/semnav_migration/src/navigation_semantic.cpp:404:33: error: ‘listener_’ was not declared in this scope
[21.997s]   404 |                                 listener_.waitForTransform(world_frame_id_, odom_frame_id_, ros::Time(0), ros::Duration(1.0));
[21.997s]       |                                 ^~~~~~~~~
[21.997s] /home/neha/ros2_ws/src/semnav_migration/src/navigation_semantic.cpp:404:93: error: ‘ros’ has not been declared
[21.997s]   404 |                                 listener_.waitForTransform(world_frame_id_, odom_frame_id_, ros::Time(0), ros::Duration(1.0));
[21.997s]       |                                                                                             ^~~
[21.997s] /home/neha/ros2_ws/src/semnav_migration/src/navigation_semantic.cpp:404:107: error: ‘ros’ has not been declared
[21.997s]   404 |                                 listener_.waitForTransform(world_frame_id_, odom_frame_id_, ros::Time(0), ros::Duration(1.0));
[21.997s]       |                                                                                                           ^~~
[22.029s] /home/neha/ros2_ws/src/semnav_migration/src/navigation_semantic.cpp:405:84: error: ‘mapPose’ was not declared in this scope
[22.029s]   405 |                                 listener_.transformPose(world_frame_id_, odomPose, mapPose);
[22.029s]       |                                                                                    ^~~~~~~
[22.035s] /home/neha/ros2_ws/src/semnav_migration/src/navigation_semantic.cpp:406:34: error: ‘tf’ does not name a type; did you mean ‘tm’?
[22.035s]   406 |                         } catch (tf::TransformException &ex) {
[22.035s]       |                                  ^~
[22.035s]       |                                  tm
[22.036s] /home/neha/ros2_ws/src/semnav_migration/src/navigation_semantic.cpp:406:57: error: expected unqualified-id before ‘&’ token
[22.036s]   406 |                         } catch (tf::TransformException &ex) {
[22.036s]       |                                                         ^
[22.036s] /home/neha/ros2_ws/src/semnav_migration/src/navigation_semantic.cpp:406:57: error: expected ‘)’ before ‘&’ token
[22.036s] /home/neha/ros2_ws/src/semnav_migration/src/navigation_semantic.cpp:406:33: note: to match this ‘(’
[22.036s]   406 |                         } catch (tf::TransformException &ex) {
[22.036s]       |                                 ^
[22.036s] /home/neha/ros2_ws/src/semnav_migration/src/navigation_semantic.cpp:406:57: error: expected ‘{’ before ‘&’ token
[22.037s]   406 |                         } catch (tf::TransformException &ex) {
[22.037s]       |                                                         ^
[22.063s] /home/neha/ros2_ws/src/semnav_migration/src/navigation_semantic.cpp:406:58: error: ‘ex’ was not declared in this scope; did you mean ‘exp’?
[22.063s]   406 |                         } catch (tf::TransformException &ex) {
[22.064s]       |                                                          ^~
[22.064s]       |                                                          exp
[22.064s] /home/neha/ros2_ws/src/semnav_migration/src/navigation_semantic.cpp:412:25: error: ‘tf’ has not been declared
[22.064s]   412 |                         tf::Quaternion rotation = tf::Quaternion(mapPose.pose.orientation.x,
[22.064s]       |                         ^~
[22.064s] /home/neha/ros2_ws/src/semnav_migration/src/navigation_semantic.cpp:416:25: error: ‘tf’ has not been declared
[22.064s]   416 |                         tf::Matrix3x3 m(rotation);
[22.064s]       |                         ^~
[22.091s] /home/neha/ros2_ws/src/semnav_migration/src/navigation_semantic.cpp:418:25: error: ‘m’ was not declared in this scope; did you mean ‘tm’?
[22.091s]   418 |                         m.getRPY(roll, pitch, yaw);
[22.091s]       |                         ^
[22.092s]       |                         tm
[22.124s] /home/neha/ros2_ws/src/semnav_migration/src/navigation_semantic.cpp:419:51: error: ‘mapPose’ was not declared in this scope
[22.124s]   419 |                         double x_robot_position = mapPose.pose.position.x;
[22.124s]       |                                                   ^~~~~~~
[22.131s] /home/neha/ros2_ws/src/semnav_migration/src/navigation_semantic.cpp:432:42: error: could not convert ‘lidar_data’ from ‘shared_ptr<LaserScan_<[...]>>’ to ‘shared_ptr<LaserScan_<[...]>>’
[22.131s]   432 |                         constructLIDAR2D(lidar_data, CutoffRange_, AllowableRange_, RobotPitch_, &LIDAR);
[22.131s]       |                                          ^~~~~~~~~~
[22.131s]       |                                          |
[22.132s]       |                                          shared_ptr<LaserScan_<[...]>>
[22.148s] /home/neha/ros2_ws/src/semnav_migration/src/navigation_semantic.cpp:562:96: error: invalid operands of types ‘const char [53]’ and ‘double’ to binary ‘operator<<’
[22.148s]   562 |                         ROS_WARN_STREAM("[Navigation] Diffeomorphism jacobian determinant is " << MatrixDeterminant(RobotPositionTransformedD) << ", robot position is " << bg::dsv(RobotPosition_) << " and robot positon in model space is " << bg::dsv(RobotPositionTransformedPoint));
[22.148s]       |                                         ~~~~~~~~~~~~~~~~~~~~~~~~~~~~~~~~~~~~~~~~~~~~~~~~~~~~~~ ^~ ~~~~~~~~~~~~~~~~~~~~~~~~~~~~~~~~~~~~~~~~~~~~
[22.148s]       |                                         |                                                                          |
[22.148s]       |                                         const char [53]                                                            double
[22.235s] /home/neha/ros2_ws/src/semnav_migration/src/navigation_semantic.cpp:562:25: error: ‘ROS_WARN_STREAM’ was not declared in this scope; did you mean ‘RCLCPP_WARN_STREAM’?
[22.235s]   562 |                         ROS_WARN_STREAM("[Navigation] Diffeomorphism jacobian determinant is " << MatrixDeterminant(RobotPositionTransformedD) << ", robot position is " << bg::dsv(RobotPosition_) << " and robot positon in model space is " << bg::dsv(RobotPositionTransformedPoint));
[22.235s]       |                         ^~~~~~~~~~~~~~~
[22.235s]       |                         RCLCPP_WARN_STREAM
[22.237s] /home/neha/ros2_ws/src/semnav_migration/src/navigation_semantic.cpp:591:41: error: ‘ros’ has not been declared
[22.237s]   591 |                                         ros::Duration(5.0).sleep();
[22.237s]       |                                         ^~~
[22.244s] /home/neha/ros2_ws/src/semnav_migration/src/navigation_semantic.cpp:616:75: error: invalid operands of types ‘const char [32]’ and ‘double’ to binary ‘operator<<’
[22.244s]   616 |                         ROS_WARN_STREAM("[Navigation] Linear command is " << LinearCmd << " and angular command is " << AngularCmd);
[22.244s]       |                                         ~~~~~~~~~~~~~~~~~~~~~~~~~~~~~~~~~ ^~ ~~~~~~~~~
[22.244s]       |                                         |                                    |
[22.244s]       |                                         const char [32]                      double
[22.245s] /home/neha/ros2_ws/src/semnav_migration/src/navigation_semantic.cpp:617:76: error: invalid operands of types ‘const char [33]’ and ‘int’ to binary ‘operator<<’
[22.245s]   617 |                         ROS_WARN_STREAM("[Navigation] Command update for " << int(localDiffeoTreeArray.size()) << " polygons in " << ros::Time::now().toSec()-before_time << " seconds.");
[22.245s]       |                                         ~~~~~~~~~~~~~~~~~~~~~~~~~~~~~~~~~~ ^~ ~~~~~~~~~~~~~~~~~~~~~~~~~~~~~~~~
[22.245s]       |                                         |                                     |
[22.245s]       |                                         const char [33]                       int
[22.245s] /home/neha/ros2_ws/src/semnav_migration/src/navigation_semantic.cpp:617:134: error: ‘ros’ has not been declared
[22.245s]   617 |                         ROS_WARN_STREAM("[Navigation] Command update for " << int(localDiffeoTreeArray.size()) << " polygons in " << ros::Time::now().toSec()-before_time << " seconds.");
[22.245s]       |                                                                                                                                      ^~~
[22.247s] /home/neha/ros2_ws/src/semnav_migration/src/navigation_semantic.cpp: In function ‘int main(int, char**)’:
[22.247s] /home/neha/ros2_ws/src/semnav_migration/src/navigation_semantic.cpp:698:9: error: ‘ros’ has not been declared
[22.247s]   698 |         ros::init(argc, argv, "navigation_semantic");
[22.247s]       |         ^~~
[22.247s] /home/neha/ros2_ws/src/semnav_migration/src/navigation_semantic.cpp:701:9: error: ‘ros’ has not been declared
[22.248s]   701 |         ros::NodeHandle nh("~");
[22.248s]       |         ^~~
[22.265s] /home/neha/ros2_ws/src/semnav_migration/src/navigation_semantic.cpp:704:56: error: ‘nh’ was not declared in this scope
[22.265s]   704 |         SemanticNavigationNode semanticNavigationNode(&nh);
[22.265s]       |                                                        ^~
[31.496s] gmake[2]: *** [CMakeFiles/navigation_semantic.dir/build.make:76: CMakeFiles/navigation_semantic.dir/src/navigation_semantic.cpp.o] Error 1
[31.497s] gmake[1]: *** [CMakeFiles/Makefile2:207: CMakeFiles/navigation_semantic.dir/all] Error 2
[31.497s] gmake: *** [Makefile:146: all] Error 2
[31.500s] Invoked command in '/home/neha/ros2_ws/src/semnav_migration/build/semnav' returned '2': CMAKE_PREFIX_PATH=${CMAKE_PREFIX_PATH}:/opt/ros/jazzy DEBUGINFOD_URLS=https://debuginfod.ubuntu.com /usr/bin/cmake --build /home/neha/ros2_ws/src/semnav_migration/build/semnav -- -j2 -l2
