[0.028s] Invoking command in '/home/neha/ros2_ws/src/semnav_migration/build/semnav': CMAKE_PREFIX_PATH=${CMAKE_PREFIX_PATH}:/opt/ros/jazzy DEBUGINFOD_URLS=https://debuginfod.ubuntu.com /usr/bin/cmake --build /home/neha/ros2_ws/src/semnav_migration/build/semnav -- -j2 -l2
[0.207s] [ 14%] Built target reactive_planner
[0.360s] [ 23%] Building CXX object CMakeFiles/navigation.dir/src/navigation.cpp.o
[0.361s] [ 23%] Building CXX object CMakeFiles/navigation_semantic.dir/src/navigation_semantic.cpp.o
[21.904s] /home/neha/ros2_ws/src/semnav_migration/src/navigation_semantic.cpp:46:13: error: extra qualification ‘SemanticNavigationNode::’ on member ‘SemanticNavigationNode’ [-fpermissive]
[21.904s]    46 |             SemanticNavigationNode::SemanticNavigationNode() : Node("semantic_navigation_node") {
[21.905s]       |             ^~~~~~~~~~~~~~~~~~~~~~
[21.906s] /home/neha/ros2_ws/src/semnav_migration/src/navigation.cpp:46:13: error: extra qualification ‘NavigationNode::’ on member ‘NavigationNode’ [-fpermissive]
[21.906s]    46 |             NavigationNode::NavigationNode() : rclcpp::Node(std::string("navigation_node")) {
[21.906s]       |             ^~~~~~~~~~~~~~
[21.924s] /home/neha/ros2_ws/src/semnav_migration/src/navigation_semantic.cpp: In constructor ‘SemanticNavigationNode::SemanticNavigationNode()’:
[21.925s] /home/neha/ros2_ws/src/semnav_migration/src/navigation_semantic.cpp:46:95: error: no matching function for call to ‘rclcpp::Node::Node()’
[21.925s]    46 |             SemanticNavigationNode::SemanticNavigationNode() : Node("semantic_navigation_node") {
[21.925s]       |                                                                                               ^
[21.928s] In file included from /opt/ros/jazzy/include/rclcpp/rclcpp/executors/single_threaded_executor.hpp:28,
[21.928s]                  from /opt/ros/jazzy/include/rclcpp/rclcpp/executors.hpp:22,
[21.929s]                  from /opt/ros/jazzy/include/rclcpp/rclcpp/rclcpp.hpp:172,
[21.929s]                  from /home/neha/ros2_ws/src/semnav_migration/include/reactive_planner_lib.h:32,
[21.929s]                  from /home/neha/ros2_ws/src/semnav_migration/src/navigation_semantic.cpp:25:
[21.929s] /opt/ros/jazzy/include/rclcpp/rclcpp/node.hpp:1629:3: note: candidate: ‘rclcpp::Node::Node(const rclcpp::Node&, const std::string&)’
[21.929s]  1629 |   Node(
[21.929s]       |   ^~~~
[21.929s] /opt/ros/jazzy/include/rclcpp/rclcpp/node.hpp:1629:3: note:   candidate expects 2 arguments, 0 provided
[21.929s] /opt/ros/jazzy/include/rclcpp/rclcpp/node.hpp:103:12: note: candidate: ‘rclcpp::Node::Node(const std::string&, const std::string&, const rclcpp::NodeOptions&)’
[21.930s]   103 |   explicit Node(
[21.931s]       |            ^~~~
[21.931s] /opt/ros/jazzy/include/rclcpp/rclcpp/node.hpp:103:12: note:   candidate expects 3 arguments, 0 provided
[21.931s] /opt/ros/jazzy/include/rclcpp/rclcpp/node.hpp:91:12: note: candidate: ‘rclcpp::Node::Node(const std::string&, const rclcpp::NodeOptions&)’
[21.931s]    91 |   explicit Node(
[21.932s]       |            ^~~~
[21.932s] /opt/ros/jazzy/include/rclcpp/rclcpp/node.hpp:91:12: note:   candidate expects 2 arguments, 0 provided
[21.933s] /home/neha/ros2_ws/src/semnav_migration/src/navigation_semantic.cpp:46:95: error: no matching function for call to ‘tf2_ros::TransformListener::TransformListener()’
[21.933s]    46 |             SemanticNavigationNode::SemanticNavigationNode() : Node("semantic_navigation_node") {
[21.933s]       |                                                                                               ^
[21.933s] In file included from /home/neha/ros2_ws/src/semnav_migration/include/reactive_planner_lib.h:40:
[21.933s] /opt/ros/jazzy/include/tf2_ros/tf2_ros/transform_listener.h:121:3: note: candidate: ‘template<class AllocatorT> tf2_ros::TransformListener::TransformListener(tf2::BufferCore&, rclcpp::node_interfaces::NodeBaseInterface::SharedPtr, rclcpp::node_interfaces::NodeLoggingInterface::SharedPtr, rclcpp::node_interfaces::NodeParametersInterface::SharedPtr, rclcpp::node_interfaces::NodeTopicsInterface::SharedPtr, bool, const rclcpp::QoS&, const rclcpp::QoS&, const rclcpp::SubscriptionOptionsWithAllocator<AllocatorT>&, const rclcpp::SubscriptionOptionsWithAllocator<AllocatorT>&)’
[21.933s]   121 |   TransformListener(
[21.933s]       |   ^~~~~~~~~~~~~~~~~
[21.934s] /opt/ros/jazzy/include/tf2_ros/tf2_ros/transform_listener.h:121:3: note:   template argument deduction/substitution failed:
[21.934s] /home/neha/ros2_ws/src/semnav_migration/src/navigation_semantic.cpp:46:95: note:   candidate expects 10 arguments, 0 provided
[21.934s]    46 |             SemanticNavigationNode::SemanticNavigationNode() : Node("semantic_navigation_node") {
[21.935s]       |                                                                                               ^
[21.935s] /opt/ros/jazzy/include/tf2_ros/tf2_ros/transform_listener.h:96:3: note: candidate: ‘template<class NodeT, class AllocatorT> tf2_ros::TransformListener::TransformListener(tf2::BufferCore&, NodeT&&, bool, const rclcpp::QoS&, const rclcpp::QoS&, const rclcpp::SubscriptionOptionsWithAllocator<AllocatorT>&, const rclcpp::SubscriptionOptionsWithAllocator<AllocatorT>&)’
[21.935s]    96 |   TransformListener(
[21.935s]       |   ^~~~~~~~~~~~~~~~~
[21.936s] /opt/ros/jazzy/include/tf2_ros/tf2_ros/transform_listener.h:96:3: note:   template argument deduction/substitution failed:
[21.936s] /home/neha/ros2_ws/src/semnav_migration/src/navigation_semantic.cpp:46:95: note:   candidate expects 7 arguments, 0 provided
[21.936s]    46 |             SemanticNavigationNode::SemanticNavigationNode() : Node("semantic_navigation_node") {
[21.936s]       |                                                                                               ^
[21.937s] /opt/ros/jazzy/include/tf2_ros/tf2_ros/transform_listener.h:92:12: note: candidate: ‘tf2_ros::TransformListener::TransformListener(tf2::BufferCore&, bool)’
[21.937s]    92 |   explicit TransformListener(tf2::BufferCore & buffer, bool spin_thread = true);
[21.937s]       |            ^~~~~~~~~~~~~~~~~
[21.939s] /opt/ros/jazzy/include/tf2_ros/tf2_ros/transform_listener.h:92:12: note:   candidate expects 2 arguments, 0 provided
[21.953s] /home/neha/ros2_ws/src/semnav_migration/src/navigation.cpp: In constructor ‘NavigationNode::NavigationNode()’:
[21.953s] /home/neha/ros2_ws/src/semnav_migration/src/navigation.cpp:46:91: error: no matching function for call to ‘rclcpp::Node::Node()’
[21.953s]    46 |             NavigationNode::NavigationNode() : rclcpp::Node(std::string("navigation_node")) {
[21.953s]       |                                                                                           ^
[21.954s] In file included from /opt/ros/jazzy/include/rclcpp/rclcpp/executors/single_threaded_executor.hpp:28,
[21.954s]                  from /opt/ros/jazzy/include/rclcpp/rclcpp/executors.hpp:22,
[21.954s]                  from /opt/ros/jazzy/include/rclcpp/rclcpp/rclcpp.hpp:172,
[21.954s]                  from /home/neha/ros2_ws/src/semnav_migration/include/reactive_planner_lib.h:32,
[21.954s]                  from /home/neha/ros2_ws/src/semnav_migration/src/navigation.cpp:25:
[21.955s] /opt/ros/jazzy/include/rclcpp/rclcpp/node.hpp:1629:3: note: candidate: ‘rclcpp::Node::Node(const rclcpp::Node&, const std::string&)’
[21.955s]  1629 |   Node(
[21.955s]       |   ^~~~
[21.955s] /opt/ros/jazzy/include/rclcpp/rclcpp/node.hpp:1629:3: note:   candidate expects 2 arguments, 0 provided
[21.955s] /opt/ros/jazzy/include/rclcpp/rclcpp/node.hpp:103:12: note: candidate: ‘rclcpp::Node::Node(const std::string&, const std::string&, const rclcpp::NodeOptions&)’
[21.955s]   103 |   explicit Node(
[21.955s]       |            ^~~~
[21.956s] /opt/ros/jazzy/include/rclcpp/rclcpp/node.hpp:103:12: note:   candidate expects 3 arguments, 0 provided
[21.956s] /opt/ros/jazzy/include/rclcpp/rclcpp/node.hpp:91:12: note: candidate: ‘rclcpp::Node::Node(const std::string&, const rclcpp::NodeOptions&)’
[21.958s]    91 |   explicit Node(
[21.958s]       |            ^~~~
[21.958s] /opt/ros/jazzy/include/rclcpp/rclcpp/node.hpp:91:12: note:   candidate expects 2 arguments, 0 provided
[21.991s] /home/neha/ros2_ws/src/semnav_migration/src/navigation.cpp:140:103: error: no match for ‘operator=’ (operand types are ‘rclcpp::Publisher<geometry_msgs::msg::Twist_<std::allocator<void> > >::SharedPtr’ {aka ‘std::shared_ptr<rclcpp::Publisher<geometry_msgs::msg::Twist_<std::allocator<void> > > >’} and ‘std::shared_ptr<rclcpp::Publisher<example_interfaces::msg::UInt32_<std::allocator<void> > > >’)
[21.991s]   140 |             pub_twist_ = this->create_publisher<example_interfaces::msg::UInt32>("pub_twist_topic_", 1);
[21.991s]       |                                                                                                       ^
[21.994s] In file included from /usr/include/c++/13/memory:80,
[21.994s]                  from /usr/include/boost/math/cstdfloat/cstdfloat_cmath.hpp:25,
[21.994s]                  from /usr/include/boost/cstdfloat.hpp:27,
[21.995s]                  from /usr/include/boost/multiprecision/detail/float128_functions.hpp:15,
[21.995s]                  from /usr/include/boost/multiprecision/detail/fpclassify.hpp:13,
[21.995s]                  from /usr/include/boost/multiprecision/detail/default_ops.hpp:15,
[21.995s]                  from /usr/include/boost/multiprecision/detail/generic_interconvert.hpp:12,
[21.995s]                  from /usr/include/boost/multiprecision/number.hpp:12,
[21.995s]                  from /usr/include/boost/multiprecision/cpp_int.hpp:19,
[21.995s]                  from /usr/include/boost/multiprecision/cpp_bin_float.hpp:15,
[21.995s]                  from /usr/include/boost/geometry/core/coordinate_promotion.hpp:16,
[21.996s]                  from /usr/include/boost/geometry/core/radian_access.hpp:30,
[21.996s]                  from /usr/include/boost/geometry/geometry.hpp:50,
[21.998s]                  from /usr/include/boost/geometry.hpp:17,
[21.998s]                  from /home/neha/ros2_ws/src/semnav_migration/include/reactive_planner_lib.h:26:
[21.998s] /usr/include/c++/13/bits/shared_ptr.h:418:9: note: candidate: ‘template<class _Yp> std::shared_ptr<_Tp>::_Assignable<const std::shared_ptr<_Yp>&> std::shared_ptr<_Tp>::operator=(const std::shared_ptr<_Yp>&) [with _Tp = rclcpp::Publisher<geometry_msgs::msg::Twist_<std::allocator<void> > >]’
[21.998s]   418 |         operator=(const shared_ptr<_Yp>& __r) noexcept
[21.999s]       |         ^~~~~~~~
[21.999s] /usr/include/c++/13/bits/shared_ptr.h:418:9: note:   template argument deduction/substitution failed:
[21.999s] /usr/include/c++/13/bits/shared_ptr.h: In substitution of ‘template<class _Tp> template<class _Arg> using std::shared_ptr<_Tp>::_Assignable = typename std::enable_if<std::is_assignable<std::__shared_ptr<_Tp>&, _Arg>::value, std::shared_ptr<_Tp>&>::type [with _Arg = const std::shared_ptr<rclcpp::Publisher<example_interfaces::msg::UInt32_<std::allocator<void> > > >&; _Tp = rclcpp::Publisher<geometry_msgs::msg::Twist_<std::allocator<void> > >]’:
[21.999s] /usr/include/c++/13/bits/shared_ptr.h:418:2:   required by substitution of ‘template<class _Yp> std::shared_ptr<rclcpp::Publisher<geometry_msgs::msg::Twist_<std::allocator<void> > > >::_Assignable<const std::shared_ptr<_Tp>&> std::shared_ptr<rclcpp::Publisher<geometry_msgs::msg::Twist_<std::allocator<void> > > >::operator=(const std::shared_ptr<_Tp>&) [with _Yp = rclcpp::Publisher<example_interfaces::msg::UInt32_<std::allocator<void> > >]’
[21.999s] /home/neha/ros2_ws/src/semnav_migration/src/navigation.cpp:140:103:   required from here
[21.999s] /usr/include/c++/13/bits/shared_ptr.h:183:15: error: no type named ‘type’ in ‘struct std::enable_if<false, std::shared_ptr<rclcpp::Publisher<geometry_msgs::msg::Twist_<std::allocator<void> > > >&>’
[21.999s]   183 |         using _Assignable = typename enable_if<
[22.000s]       |               ^~~~~~~~~~~
[22.000s] /usr/include/c++/13/bits/shared_ptr.h:429:9: note: candidate: ‘template<class _Yp> std::shared_ptr<_Tp>::_Assignable<std::auto_ptr<_Up> > std::shared_ptr<_Tp>::operator=(std::auto_ptr<_Up>&&) [with _Tp = rclcpp::Publisher<geometry_msgs::msg::Twist_<std::allocator<void> > >]’
[22.002s]   429 |         operator=(auto_ptr<_Yp>&& __r)
[22.002s]       |         ^~~~~~~~
[22.002s] /usr/include/c++/13/bits/shared_ptr.h:429:9: note:   template argument deduction/substitution failed:
[22.003s] /home/neha/ros2_ws/src/semnav_migration/src/navigation.cpp:140:103: note:   ‘std::shared_ptr<rclcpp::Publisher<example_interfaces::msg::UInt32_<std::allocator<void> > > >’ is not derived from ‘std::auto_ptr<T>’
[22.003s]   140 |             pub_twist_ = this->create_publisher<example_interfaces::msg::UInt32>("pub_twist_topic_", 1);
[22.003s]       |                                                                                                       ^
[22.003s] /usr/include/c++/13/bits/shared_ptr.h:446:9: note: candidate: ‘template<class _Yp> std::shared_ptr<_Tp>::_Assignable<std::shared_ptr<_Yp> > std::shared_ptr<_Tp>::operator=(std::shared_ptr<_Yp>&&) [with _Tp = rclcpp::Publisher<geometry_msgs::msg::Twist_<std::allocator<void> > >]’
[22.003s]   446 |         operator=(shared_ptr<_Yp>&& __r) noexcept
[22.003s]       |         ^~~~~~~~
[22.003s] /usr/include/c++/13/bits/shared_ptr.h:446:9: note:   template argument deduction/substitution failed:
[22.003s] /usr/include/c++/13/bits/shared_ptr.h: In substitution of ‘template<class _Tp> template<class _Arg> using std::shared_ptr<_Tp>::_Assignable = typename std::enable_if<std::is_assignable<std::__shared_ptr<_Tp>&, _Arg>::value, std::shared_ptr<_Tp>&>::type [with _Arg = std::shared_ptr<rclcpp::Publisher<example_interfaces::msg::UInt32_<std::allocator<void> > > >; _Tp = rclcpp::Publisher<geometry_msgs::msg::Twist_<std::allocator<void> > >]’:
[22.004s] /usr/include/c++/13/bits/shared_ptr.h:446:2:   required by substitution of ‘template<class _Yp> std::shared_ptr<rclcpp::Publisher<geometry_msgs::msg::Twist_<std::allocator<void> > > >::_Assignable<std::shared_ptr<_Tp> > std::shared_ptr<rclcpp::Publisher<geometry_msgs::msg::Twist_<std::allocator<void> > > >::operator=(std::shared_ptr<_Tp>&&) [with _Yp = rclcpp::Publisher<example_interfaces::msg::UInt32_<std::allocator<void> > >]’
[22.004s] /home/neha/ros2_ws/src/semnav_migration/src/navigation.cpp:140:103:   required from here
[22.006s] /usr/include/c++/13/bits/shared_ptr.h:183:15: error: no type named ‘type’ in ‘struct std::enable_if<false, std::shared_ptr<rclcpp::Publisher<geometry_msgs::msg::Twist_<std::allocator<void> > > >&>’
[22.006s]   183 |         using _Assignable = typename enable_if<
[22.006s]       |               ^~~~~~~~~~~
[22.007s] /usr/include/c++/13/bits/shared_ptr.h:454:9: note: candidate: ‘template<class _Yp, class _Del> std::shared_ptr<_Tp>::_Assignable<std::unique_ptr<_Up, _Ep> > std::shared_ptr<_Tp>::operator=(std::unique_ptr<_Up, _Ep>&&) [with _Del = _Yp; _Tp = rclcpp::Publisher<geometry_msgs::msg::Twist_<std::allocator<void> > >]’
[22.007s]   454 |         operator=(unique_ptr<_Yp, _Del>&& __r)
[22.007s]       |         ^~~~~~~~
[22.007s] /usr/include/c++/13/bits/shared_ptr.h:454:9: note:   template argument deduction/substitution failed:
[22.007s] /home/neha/ros2_ws/src/semnav_migration/src/navigation.cpp:140:103: note:   ‘std::shared_ptr<rclcpp::Publisher<example_interfaces::msg::UInt32_<std::allocator<void> > > >’ is not derived from ‘std::unique_ptr<_Tp, _Dp>’
[22.007s]   140 |             pub_twist_ = this->create_publisher<example_interfaces::msg::UInt32>("pub_twist_topic_", 1);
[22.007s]       |                                                                                                       ^
[22.008s] /usr/include/c++/13/bits/shared_ptr.h:414:19: note: candidate: ‘std::shared_ptr<_Tp>& std::shared_ptr<_Tp>::operator=(const std::shared_ptr<_Tp>&) [with _Tp = rclcpp::Publisher<geometry_msgs::msg::Twist_<std::allocator<void> > >]’
[22.008s]   414 |       shared_ptr& operator=(const shared_ptr&) noexcept = default;
[22.010s]       |                   ^~~~~~~~
[22.010s] /usr/include/c++/13/bits/shared_ptr.h:414:29: note:   no known conversion for argument 1 from ‘std::shared_ptr<rclcpp::Publisher<example_interfaces::msg::UInt32_<std::allocator<void> > > >’ to ‘const std::shared_ptr<rclcpp::Publisher<geometry_msgs::msg::Twist_<std::allocator<void> > > >&’
[22.010s]   414 |       shared_ptr& operator=(const shared_ptr&) noexcept = default;
[22.010s]       |                             ^~~~~~~~~~~~~~~~~
[22.011s] /usr/include/c++/13/bits/shared_ptr.h:438:7: note: candidate: ‘std::shared_ptr<_Tp>& std::shared_ptr<_Tp>::operator=(std::shared_ptr<_Tp>&&) [with _Tp = rclcpp::Publisher<geometry_msgs::msg::Twist_<std::allocator<void> > >]’
[22.011s]   438 |       operator=(shared_ptr&& __r) noexcept
[22.011s]       |       ^~~~~~~~
[22.011s] /usr/include/c++/13/bits/shared_ptr.h:438:30: note:   no known conversion for argument 1 from ‘std::shared_ptr<rclcpp::Publisher<example_interfaces::msg::UInt32_<std::allocator<void> > > >’ to ‘std::shared_ptr<rclcpp::Publisher<geometry_msgs::msg::Twist_<std::allocator<void> > > >&&’
[22.011s]   438 |       operator=(shared_ptr&& __r) noexcept
[22.011s]       |                 ~~~~~~~~~~~~~^~~
[22.052s] /home/neha/ros2_ws/src/semnav_migration/src/navigation_semantic.cpp:143:116: error: no matching function for call to ‘message_filters::Subscriber<sensor_msgs::msg::LaserScan_<std::allocator<void> > >::Subscriber(rclcpp::Node&, std::string&, int)’
[22.052s]   143 |                         message_filters::Subscriber<sensor_msgs::msg::LaserScan> sub_laser(nh_, sub_laser_topic_, 1);
[22.053s]       |                                                                                                                    ^
[22.053s] In file included from /home/neha/ros2_ws/src/semnav_migration/include/reactive_planner_lib.h:44:
[22.053s] /opt/ros/jazzy/include/message_filters/message_filters/subscriber.h:224:3: note: candidate: ‘message_filters::Subscriber<M, NodeType>::Subscriber() [with M = sensor_msgs::msg::LaserScan_<std::allocator<void> >; NodeType = rclcpp::Node]’
[22.053s]   224 |   Subscriber() = default;
[22.053s]       |   ^~~~~~~~~~
[22.053s] /opt/ros/jazzy/include/message_filters/message_filters/subscriber.h:224:3: note:   candidate expects 0 arguments, 3 provided
[22.053s] /opt/ros/jazzy/include/message_filters/message_filters/subscriber.h:212:3: note: candidate: ‘message_filters::Subscriber<M, NodeType>::Subscriber(NodeType*, const std::string&, rmw_qos_profile_t, rclcpp::SubscriptionOptions) [with M = sensor_msgs::msg::LaserScan_<std::allocator<void> >; NodeType = rclcpp::Node; std::string = std::__cxx11::basic_string<char>; rmw_qos_profile_t = rmw_qos_profile_s; rclcpp::SubscriptionOptions = rclcpp::SubscriptionOptionsWithAllocator<std::allocator<void> >]’
[22.054s]   212 |   Subscriber(
[22.056s]       |   ^~~~~~~~~~
[22.056s] /opt/ros/jazzy/include/message_filters/message_filters/subscriber.h:212:3: note:   candidate expects 4 arguments, 3 provided
[22.056s] /opt/ros/jazzy/include/message_filters/message_filters/subscriber.h:203:3: note: candidate: ‘message_filters::Subscriber<M, NodeType>::Subscriber(NodePtr, const std::string&, rmw_qos_profile_t, rclcpp::SubscriptionOptions) [with M = sensor_msgs::msg::LaserScan_<std::allocator<void> >; NodeType = rclcpp::Node; NodePtr = std::shared_ptr<rclcpp::Node>; std::string = std::__cxx11::basic_string<char>; rmw_qos_profile_t = rmw_qos_profile_s; rclcpp::SubscriptionOptions = rclcpp::SubscriptionOptionsWithAllocator<std::allocator<void> >]’
[22.056s]   203 |   Subscriber(
[22.057s]       |   ^~~~~~~~~~
[22.057s] /opt/ros/jazzy/include/message_filters/message_filters/subscriber.h:203:3: note:   candidate expects 4 arguments, 3 provided
[22.057s] /opt/ros/jazzy/include/message_filters/message_filters/subscriber.h:188:3: note: candidate: ‘message_filters::Subscriber<M, NodeType>::Subscriber(NodeType*, const std::string&, rmw_qos_profile_t) [with M = sensor_msgs::msg::LaserScan_<std::allocator<void> >; NodeType = rclcpp::Node; std::string = std::__cxx11::basic_string<char>; rmw_qos_profile_t = rmw_qos_profile_s]’
[22.057s]   188 |   Subscriber(NodeType * node, const std::string& topic, const rmw_qos_profile_t qos = rmw_qos_profile_default)
[22.057s]       |   ^~~~~~~~~~
[22.057s] /opt/ros/jazzy/include/message_filters/message_filters/subscriber.h:188:25: note:   no known conversion for argument 1 from ‘rclcpp::Node’ to ‘rclcpp::Node*’
[22.057s]   188 |   Subscriber(NodeType * node, const std::string& topic, const rmw_qos_profile_t qos = rmw_qos_profile_default)
[22.058s]       |              ~~~~~~~~~~~^~~~
[22.058s] /opt/ros/jazzy/include/message_filters/message_filters/subscriber.h:183:3: note: candidate: ‘message_filters::Subscriber<M, NodeType>::Subscriber(NodePtr, const std::string&, rmw_qos_profile_t) [with M = sensor_msgs::msg::LaserScan_<std::allocator<void> >; NodeType = rclcpp::Node; NodePtr = std::shared_ptr<rclcpp::Node>; std::string = std::__cxx11::basic_string<char>; rmw_qos_profile_t = rmw_qos_profile_s]’
[22.060s]   183 |   Subscriber(NodePtr node, const std::string& topic, const rmw_qos_profile_t qos = rmw_qos_profile_default)
[22.060s]       |   ^~~~~~~~~~
[22.060s] /opt/ros/jazzy/include/message_filters/message_filters/subscriber.h:183:22: note:   no known conversion for argument 1 from ‘rclcpp::Node’ to ‘message_filters::Subscriber<sensor_msgs::msg::LaserScan_<std::allocator<void> > >::NodePtr’ {aka ‘std::shared_ptr<rclcpp::Node>’}
[22.060s]   183 |   Subscriber(NodePtr node, const std::string& topic, const rmw_qos_profile_t qos = rmw_qos_profile_default)
[22.061s]       |              ~~~~~~~~^~~~
[22.061s] /home/neha/ros2_ws/src/semnav_migration/src/navigation.cpp:143:116: error: no matching function for call to ‘message_filters::Subscriber<sensor_msgs::msg::LaserScan_<std::allocator<void> > >::Subscriber(rclcpp::Node&, std::string&, int)’
[22.061s]   143 |                         message_filters::Subscriber<sensor_msgs::msg::LaserScan> sub_laser(nh_, sub_laser_topic_, 1);
[22.061s]       |                                                                                                                    ^
[22.062s] In file included from /home/neha/ros2_ws/src/semnav_migration/include/reactive_planner_lib.h:44:
[22.062s] /opt/ros/jazzy/include/message_filters/message_filters/subscriber.h:224:3: note: candidate: ‘message_filters::Subscriber<M, NodeType>::Subscriber() [with M = sensor_msgs::msg::LaserScan_<std::allocator<void> >; NodeType = rclcpp::Node]’
[22.062s]   224 |   Subscriber() = default;
[22.062s]       |   ^~~~~~~~~~
[22.062s] /opt/ros/jazzy/include/message_filters/message_filters/subscriber.h:224:3: note:   candidate expects 0 arguments, 3 provided
[22.062s] /opt/ros/jazzy/include/message_filters/message_filters/subscriber.h:212:3: note: candidate: ‘message_filters::Subscriber<M, NodeType>::Subscriber(NodeType*, const std::string&, rmw_qos_profile_t, rclcpp::SubscriptionOptions) [with M = sensor_msgs::msg::LaserScan_<std::allocator<void> >; NodeType = rclcpp::Node; std::string = std::__cxx11::basic_string<char>; rmw_qos_profile_t = rmw_qos_profile_s; rclcpp::SubscriptionOptions = rclcpp::SubscriptionOptionsWithAllocator<std::allocator<void> >]’
[22.062s]   212 |   Subscriber(
[22.062s]       |   ^~~~~~~~~~
[22.063s] /opt/ros/jazzy/include/message_filters/message_filters/subscriber.h:212:3: note:   candidate expects 4 arguments, 3 provided
[22.065s] /opt/ros/jazzy/include/message_filters/message_filters/subscriber.h:203:3: note: candidate: ‘message_filters::Subscriber<M, NodeType>::Subscriber(NodePtr, const std::string&, rmw_qos_profile_t, rclcpp::SubscriptionOptions) [with M = sensor_msgs::msg::LaserScan_<std::allocator<void> >; NodeType = rclcpp::Node; NodePtr = std::shared_ptr<rclcpp::Node>; std::string = std::__cxx11::basic_string<char>; rmw_qos_profile_t = rmw_qos_profile_s; rclcpp::SubscriptionOptions = rclcpp::SubscriptionOptionsWithAllocator<std::allocator<void> >]’
[22.065s]   203 |   Subscriber(
[22.065s]       |   ^~~~~~~~~~
[22.065s] /opt/ros/jazzy/include/message_filters/message_filters/subscriber.h:203:3: note:   candidate expects 4 arguments, 3 provided
[22.066s] /opt/ros/jazzy/include/message_filters/message_filters/subscriber.h:188:3: note: candidate: ‘message_filters::Subscriber<M, NodeType>::Subscriber(NodeType*, const std::string&, rmw_qos_profile_t) [with M = sensor_msgs::msg::LaserScan_<std::allocator<void> >; NodeType = rclcpp::Node; std::string = std::__cxx11::basic_string<char>; rmw_qos_profile_t = rmw_qos_profile_s]’
[22.066s]   188 |   Subscriber(NodeType * node, const std::string& topic, const rmw_qos_profile_t qos = rmw_qos_profile_default)
[22.066s]       |   ^~~~~~~~~~
[22.066s] /opt/ros/jazzy/include/message_filters/message_filters/subscriber.h:188:25: note:   no known conversion for argument 1 from ‘rclcpp::Node’ to ‘rclcpp::Node*’
[22.066s]   188 |   Subscriber(NodeType * node, const std::string& topic, const rmw_qos_profile_t qos = rmw_qos_profile_default)
[22.066s]       |              ~~~~~~~~~~~^~~~
[22.066s] /opt/ros/jazzy/include/message_filters/message_filters/subscriber.h:183:3: note: candidate: ‘message_filters::Subscriber<M, NodeType>::Subscriber(NodePtr, const std::string&, rmw_qos_profile_t) [with M = sensor_msgs::msg::LaserScan_<std::allocator<void> >; NodeType = rclcpp::Node; NodePtr = std::shared_ptr<rclcpp::Node>; std::string = std::__cxx11::basic_string<char>; rmw_qos_profile_t = rmw_qos_profile_s]’
[22.067s]   183 |   Subscriber(NodePtr node, const std::string& topic, const rmw_qos_profile_t qos = rmw_qos_profile_default)
[22.067s]       |   ^~~~~~~~~~
[22.069s] /opt/ros/jazzy/include/message_filters/message_filters/subscriber.h:183:22: note:   no known conversion for argument 1 from ‘rclcpp::Node’ to ‘message_filters::Subscriber<sensor_msgs::msg::LaserScan_<std::allocator<void> > >::NodePtr’ {aka ‘std::shared_ptr<rclcpp::Node>’}
[22.069s]   183 |   Subscriber(NodePtr node, const std::string& topic, const rmw_qos_profile_t qos = rmw_qos_profile_default)
[22.069s]       |              ~~~~~~~~^~~~
[22.121s] /home/neha/ros2_ws/src/semnav_migration/src/navigation.cpp:144:112: error: no matching function for call to ‘message_filters::Subscriber<nav_msgs::msg::Odometry_<std::allocator<void> > >::Subscriber(rclcpp::Node&, std::string&, int)’
[22.121s]   144 |                         message_filters::Subscriber<nav_msgs::msg::Odometry> sub_robot(nh_, sub_robot_topic_, 1);
[22.121s]       |                                                                                                                ^
[22.121s] /opt/ros/jazzy/include/message_filters/message_filters/subscriber.h:224:3: note: candidate: ‘message_filters::Subscriber<M, NodeType>::Subscriber() [with M = nav_msgs::msg::Odometry_<std::allocator<void> >; NodeType = rclcpp::Node]’
[22.121s]   224 |   Subscriber() = default;
[22.121s]       |   ^~~~~~~~~~
[22.121s] /opt/ros/jazzy/include/message_filters/message_filters/subscriber.h:224:3: note:   candidate expects 0 arguments, 3 provided
[22.122s] /opt/ros/jazzy/include/message_filters/message_filters/subscriber.h:212:3: note: candidate: ‘message_filters::Subscriber<M, NodeType>::Subscriber(NodeType*, const std::string&, rmw_qos_profile_t, rclcpp::SubscriptionOptions) [with M = nav_msgs::msg::Odometry_<std::allocator<void> >; NodeType = rclcpp::Node; std::string = std::__cxx11::basic_string<char>; rmw_qos_profile_t = rmw_qos_profile_s; rclcpp::SubscriptionOptions = rclcpp::SubscriptionOptionsWithAllocator<std::allocator<void> >]’
[22.122s]   212 |   Subscriber(
[22.122s]       |   ^~~~~~~~~~
[22.122s] /opt/ros/jazzy/include/message_filters/message_filters/subscriber.h:212:3: note:   candidate expects 4 arguments, 3 provided
[22.122s] /opt/ros/jazzy/include/message_filters/message_filters/subscriber.h:203:3: note: candidate: ‘message_filters::Subscriber<M, NodeType>::Subscriber(NodePtr, const std::string&, rmw_qos_profile_t, rclcpp::SubscriptionOptions) [with M = nav_msgs::msg::Odometry_<std::allocator<void> >; NodeType = rclcpp::Node; NodePtr = std::shared_ptr<rclcpp::Node>; std::string = std::__cxx11::basic_string<char>; rmw_qos_profile_t = rmw_qos_profile_s; rclcpp::SubscriptionOptions = rclcpp::SubscriptionOptionsWithAllocator<std::allocator<void> >]’
[22.122s]   203 |   Subscriber(
[22.122s]       |   ^~~~~~~~~~
[22.123s] /opt/ros/jazzy/include/message_filters/message_filters/subscriber.h:203:3: note:   candidate expects 4 arguments, 3 provided
[22.123s] /opt/ros/jazzy/include/message_filters/message_filters/subscriber.h:188:3: note: candidate: ‘message_filters::Subscriber<M, NodeType>::Subscriber(NodeType*, const std::string&, rmw_qos_profile_t) [with M = nav_msgs::msg::Odometry_<std::allocator<void> >; NodeType = rclcpp::Node; std::string = std::__cxx11::basic_string<char>; rmw_qos_profile_t = rmw_qos_profile_s]’
[22.125s]   188 |   Subscriber(NodeType * node, const std::string& topic, const rmw_qos_profile_t qos = rmw_qos_profile_default)
[22.125s]       |   ^~~~~~~~~~
[22.125s] /opt/ros/jazzy/include/message_filters/message_filters/subscriber.h:188:25: note:   no known conversion for argument 1 from ‘rclcpp::Node’ to ‘rclcpp::Node*’
[22.125s]   188 |   Subscriber(NodeType * node, const std::string& topic, const rmw_qos_profile_t qos = rmw_qos_profile_default)
[22.126s]       |              ~~~~~~~~~~~^~~~
[22.126s] /opt/ros/jazzy/include/message_filters/message_filters/subscriber.h:183:3: note: candidate: ‘message_filters::Subscriber<M, NodeType>::Subscriber(NodePtr, const std::string&, rmw_qos_profile_t) [with M = nav_msgs::msg::Odometry_<std::allocator<void> >; NodeType = rclcpp::Node; NodePtr = std::shared_ptr<rclcpp::Node>; std::string = std::__cxx11::basic_string<char>; rmw_qos_profile_t = rmw_qos_profile_s]’
[22.126s]   183 |   Subscriber(NodePtr node, const std::string& topic, const rmw_qos_profile_t qos = rmw_qos_profile_default)
[22.126s]       |   ^~~~~~~~~~
[22.126s] /opt/ros/jazzy/include/message_filters/message_filters/subscriber.h:183:22: note:   no known conversion for argument 1 from ‘rclcpp::Node’ to ‘message_filters::Subscriber<nav_msgs::msg::Odometry_<std::allocator<void> > >::NodePtr’ {aka ‘std::shared_ptr<rclcpp::Node>’}
[22.126s]   183 |   Subscriber(NodePtr node, const std::string& topic, const rmw_qos_profile_t qos = rmw_qos_profile_default)
[22.126s]       |              ~~~~~~~~^~~~
[22.130s] /home/neha/ros2_ws/src/semnav_migration/src/navigation_semantic.cpp:144:100: error: no matching function for call to ‘message_filters::Subscriber<nav_msgs::msg::Odometry_<std::allocator<void> > >::Subscriber(rclcpp::Node&, std::string&, int)’
[22.130s]   144 |             message_filters::Subscriber<nav_msgs::msg::Odometry> sub_robot(nh_, sub_robot_topic_, 1);
[22.130s]       |                                                                                                    ^
[22.131s] /opt/ros/jazzy/include/message_filters/message_filters/subscriber.h:224:3: note: candidate: ‘message_filters::Subscriber<M, NodeType>::Subscriber() [with M = nav_msgs::msg::Odometry_<std::allocator<void> >; NodeType = rclcpp::Node]’
[22.131s]   224 |   Subscriber() = default;
[22.131s]       |   ^~~~~~~~~~
[22.131s] /opt/ros/jazzy/include/message_filters/message_filters/subscriber.h:224:3: note:   candidate expects 0 arguments, 3 provided
[22.132s] /opt/ros/jazzy/include/message_filters/message_filters/subscriber.h:212:3: note: candidate: ‘message_filters::Subscriber<M, NodeType>::Subscriber(NodeType*, const std::string&, rmw_qos_profile_t, rclcpp::SubscriptionOptions) [with M = nav_msgs::msg::Odometry_<std::allocator<void> >; NodeType = rclcpp::Node; std::string = std::__cxx11::basic_string<char>; rmw_qos_profile_t = rmw_qos_profile_s; rclcpp::SubscriptionOptions = rclcpp::SubscriptionOptionsWithAllocator<std::allocator<void> >]’
[22.132s]   212 |   Subscriber(
[22.132s]       |   ^~~~~~~~~~
[22.132s] /opt/ros/jazzy/include/message_filters/message_filters/subscriber.h:212:3: note:   candidate expects 4 arguments, 3 provided
[22.133s] /opt/ros/jazzy/include/message_filters/message_filters/subscriber.h:203:3: note: candidate: ‘message_filters::Subscriber<M, NodeType>::Subscriber(NodePtr, const std::string&, rmw_qos_profile_t, rclcpp::SubscriptionOptions) [with M = nav_msgs::msg::Odometry_<std::allocator<void> >; NodeType = rclcpp::Node; NodePtr = std::shared_ptr<rclcpp::Node>; std::string = std::__cxx11::basic_string<char>; rmw_qos_profile_t = rmw_qos_profile_s; rclcpp::SubscriptionOptions = rclcpp::SubscriptionOptionsWithAllocator<std::allocator<void> >]’
[22.133s]   203 |   Subscriber(
[22.133s]       |   ^~~~~~~~~~
[22.133s] /opt/ros/jazzy/include/message_filters/message_filters/subscriber.h:203:3: note:   candidate expects 4 arguments, 3 provided
[22.134s] /opt/ros/jazzy/include/message_filters/message_filters/subscriber.h:188:3: note: candidate: ‘message_filters::Subscriber<M, NodeType>::Subscriber(NodeType*, const std::string&, rmw_qos_profile_t) [with M = nav_msgs::msg::Odometry_<std::allocator<void> >; NodeType = rclcpp::Node; std::string = std::__cxx11::basic_string<char>; rmw_qos_profile_t = rmw_qos_profile_s]’
[22.134s]   188 |   Subscriber(NodeType * node, const std::string& topic, const rmw_qos_profile_t qos = rmw_qos_profile_default)
[22.134s]       |   ^~~~~~~~~~
[22.136s] /opt/ros/jazzy/include/message_filters/message_filters/subscriber.h:188:25: note:   no known conversion for argument 1 from ‘rclcpp::Node’ to ‘rclcpp::Node*’
[22.136s]   188 |   Subscriber(NodeType * node, const std::string& topic, const rmw_qos_profile_t qos = rmw_qos_profile_default)
[22.136s]       |              ~~~~~~~~~~~^~~~
[22.137s] /opt/ros/jazzy/include/message_filters/message_filters/subscriber.h:183:3: note: candidate: ‘message_filters::Subscriber<M, NodeType>::Subscriber(NodePtr, const std::string&, rmw_qos_profile_t) [with M = nav_msgs::msg::Odometry_<std::allocator<void> >; NodeType = rclcpp::Node; NodePtr = std::shared_ptr<rclcpp::Node>; std::string = std::__cxx11::basic_string<char>; rmw_qos_profile_t = rmw_qos_profile_s]’
[22.137s]   183 |   Subscriber(NodePtr node, const std::string& topic, const rmw_qos_profile_t qos = rmw_qos_profile_default)
[22.137s]       |   ^~~~~~~~~~
[22.137s] /opt/ros/jazzy/include/message_filters/message_filters/subscriber.h:183:22: note:   no known conversion for argument 1 from ‘rclcpp::Node’ to ‘message_filters::Subscriber<nav_msgs::msg::Odometry_<std::allocator<void> > >::NodePtr’ {aka ‘std::shared_ptr<rclcpp::Node>’}
[22.137s]   183 |   Subscriber(NodePtr node, const std::string& topic, const rmw_qos_profile_t qos = rmw_qos_profile_default)
[22.137s]       |              ~~~~~~~~^~~~
[22.257s] /home/neha/ros2_ws/src/semnav_migration/src/navigation.cpp:149:55: error: ‘bind’ is not a member of ‘boost’; did you mean ‘find’?
[22.257s]   149 |                         sync->registerCallback(boost::bind(&NavigationNode::control_callback, this, _1, _2));
[22.258s]       |                                                       ^~~~
[22.258s]       |                                                       find
[22.261s] /home/neha/ros2_ws/src/semnav_migration/src/navigation.cpp:149:101: error: ‘_1’ was not declared in this scope
[22.261s]   149 |                         sync->registerCallback(boost::bind(&NavigationNode::control_callback, this, _1, _2));
[22.261s]       |                                                                                                     ^~
[22.262s] /home/neha/ros2_ws/src/semnav_migration/src/navigation.cpp:149:101: note: suggested alternatives:
[22.264s] In file included from /usr/include/boost/mpl/aux_/include_preprocessed.hpp:37,
[22.264s]                  from /usr/include/boost/mpl/placeholders.hpp:43,
[22.264s]                  from /usr/include/boost/iterator/iterator_categories.hpp:16,
[22.264s]                  from /usr/include/boost/iterator/iterator_facade.hpp:13,
[22.265s]                  from /usr/include/boost/range/iterator_range_core.hpp:27,
[22.265s]                  from /usr/include/boost/lexical_cast.hpp:48,
[22.265s]                  from /usr/include/boost/multiprecision/detail/number_base.hpp:29,
[22.265s]                  from /usr/include/boost/multiprecision/traits/is_variable_precision.hpp:9,
[22.268s]                  from /usr/include/boost/multiprecision/detail/precision.hpp:9,
[22.268s]                  from /usr/include/boost/multiprecision/number.hpp:11:
[22.268s] /usr/include/boost/mpl/aux_/preprocessed/gcc/placeholders.hpp:29:16: note:   ‘mpl_::_1’
[22.268s]    29 | typedef arg<1> _1;
[22.269s]       |                ^~
[22.269s] In file included from /usr/include/boost/numeric/conversion/converter_policies.hpp:13,
[22.269s]                  from /usr/include/boost/numeric/conversion/converter.hpp:14,
[22.269s]                  from /usr/include/boost/numeric/conversion/cast.hpp:33,
[22.269s]                  from /usr/include/boost/geometry/core/radian_access.hpp:26:
[22.269s] /usr/include/c++/13/functional:294:48: note:   ‘std::placeholders::_1’
[22.269s]   294 |     _GLIBCXX_PLACEHOLDER const _Placeholder<1> _1;
[22.270s]       |                                                ^~
[22.270s] /usr/include/boost/mpl/aux_/preprocessed/gcc/placeholders.hpp:29:16: note:   ‘mpl_::_1’
[22.270s]    29 | typedef arg<1> _1;
[22.270s]       |                ^~
[22.270s] In file included from /usr/include/boost/describe/members.hpp:20,
[22.270s]                  from /usr/include/boost/container_hash/is_described_class.hpp:11,
[22.270s]                  from /usr/include/boost/container_hash/hash.hpp:18,
[22.270s]                  from /usr/include/boost/functional/hash.hpp:6,
[22.271s]                  from /usr/include/CGAL/Kernel/hash_functions.h:16,
[22.271s]                  from /usr/include/CGAL/Kernel/global_functions.h:25,
[22.273s]                  from /usr/include/CGAL/Cartesian/Cartesian_base.h:22,
[22.273s]                  from /usr/include/CGAL/Simple_cartesian.h:20,
[22.273s]                  from /usr/include/CGAL/Exact_predicates_inexact_constructions_kernel.h:20,
[22.274s]                  from /home/neha/ros2_ws/src/semnav_migration/include/polygeom_lib.h:32,
[22.274s]                  from /home/neha/ros2_ws/src/semnav_migration/include/reactive_planner_lib.h:52:
[22.274s] /usr/include/boost/mp11/bind.hpp:45:7: note:   ‘boost::mp11::_1’
[22.274s]    45 | using _1 = mp_arg<0>;
[22.274s]       |       ^~
[22.274s] /usr/include/boost/mpl/aux_/preprocessed/gcc/placeholders.hpp:29:16: note:   ‘mpl_::_1’
[22.274s]    29 | typedef arg<1> _1;
[22.275s]       |                ^~
[22.275s] /home/neha/ros2_ws/src/semnav_migration/src/navigation.cpp:149:105: error: ‘_2’ was not declared in this scope
[22.277s]   149 |                         sync->registerCallback(boost::bind(&NavigationNode::control_callback, this, _1, _2));
[22.277s]       |                                                                                                         ^~
[22.277s] /home/neha/ros2_ws/src/semnav_migration/src/navigation.cpp:149:105: note: suggested alternatives:
[22.278s] /usr/include/boost/mpl/aux_/preprocessed/gcc/placeholders.hpp:42:16: note:   ‘mpl_::_2’
[22.278s]    42 | typedef arg<2> _2;
[22.278s]       |                ^~
[22.278s] /usr/include/c++/13/functional:295:48: note:   ‘std::placeholders::_2’
[22.278s]   295 |     _GLIBCXX_PLACEHOLDER const _Placeholder<2> _2;
[22.278s]       |                                                ^~
[22.278s] /usr/include/boost/mpl/aux_/preprocessed/gcc/placeholders.hpp:42:16: note:   ‘mpl_::_2’
[22.278s]    42 | typedef arg<2> _2;
[22.279s]       |                ^~
[22.281s] /usr/include/boost/mp11/bind.hpp:46:7: note:   ‘boost::mp11::_2’
[22.281s]    46 | using _2 = mp_arg<1>;
[22.281s]       |       ^~
[22.281s] /usr/include/boost/mpl/aux_/preprocessed/gcc/placeholders.hpp:42:16: note:   ‘mpl_::_2’
[22.282s]    42 | typedef arg<2> _2;
[22.282s]       |                ^~
[22.282s] /home/neha/ros2_ws/src/semnav_migration/src/navigation.cpp:152:74: error: no matching function for call to ‘NavigationNode::create_subscription(std::string&, int)’
[22.282s]   152 |             rclcpp::Subscription sub_semantic = this->create_subscription(sub_semantic_topic_, 1);
[22.282s]       |                                                 ~~~~~~~~~~~~~~~~~~~~~~~~~^~~~~~~~~~~~~~~~~~~~~~~~
[22.282s] /opt/ros/jazzy/include/rclcpp/rclcpp/node.hpp:221:3: note: candidate: ‘template<class MessageT, class CallbackT, class AllocatorT, class SubscriptionT, class MessageMemoryStrategyT> std::shared_ptr<ROSMessageT> rclcpp::Node::create_subscription(const std::string&, const rclcpp::QoS&, CallbackT&&, const rclcpp::SubscriptionOptionsWithAllocator<AllocatorT>&, typename MessageMemoryStrategyT::SharedPtr)’
[22.282s]   221 |   create_subscription(
[22.282s]       |   ^~~~~~~~~~~~~~~~~~~
[22.283s] /opt/ros/jazzy/include/rclcpp/rclcpp/node.hpp:221:3: note:   template argument deduction/substitution failed:
[22.285s] /home/neha/ros2_ws/src/semnav_migration/src/navigation.cpp:152:74: note:   candidate expects 5 arguments, 2 provided
[22.285s]   152 |             rclcpp::Subscription sub_semantic = this->create_subscription(sub_semantic_topic_, 1);
[22.285s]       |                                                 ~~~~~~~~~~~~~~~~~~~~~~~~~^~~~~~~~~~~~~~~~~~~~~~~~
[22.288s] /home/neha/ros2_ws/src/semnav_migration/src/navigation_semantic.cpp:149:55: error: ‘bind’ is not a member of ‘boost’; did you mean ‘find’?
[22.288s]   149 |                         sync->registerCallback(boost::bind(&SemanticNavigationNode::control_callback, this, _1, _2));
[22.289s]       |                                                       ^~~~
[22.289s]       |                                                       find
[22.293s] /home/neha/ros2_ws/src/semnav_migration/src/navigation_semantic.cpp:149:109: error: ‘_1’ was not declared in this scope
[22.293s]   149 |                         sync->registerCallback(boost::bind(&SemanticNavigationNode::control_callback, this, _1, _2));
[22.293s]       |                                                                                                             ^~
[22.294s] /home/neha/ros2_ws/src/semnav_migration/src/navigation_semantic.cpp:149:109: note: suggested alternatives:
[22.295s] In file included from /usr/include/boost/mpl/aux_/include_preprocessed.hpp:37,
[22.295s]                  from /usr/include/boost/mpl/placeholders.hpp:43,
[22.295s]                  from /usr/include/boost/iterator/iterator_categories.hpp:16,
[22.295s]                  from /usr/include/boost/iterator/iterator_facade.hpp:13,
[22.295s]                  from /usr/include/boost/range/iterator_range_core.hpp:27,
[22.295s]                  from /usr/include/boost/lexical_cast.hpp:48,
[22.296s]                  from /usr/include/boost/multiprecision/detail/number_base.hpp:29,
[22.296s]                  from /usr/include/boost/multiprecision/traits/is_variable_precision.hpp:9,
[22.296s]                  from /usr/include/boost/multiprecision/detail/precision.hpp:9,
[22.296s]                  from /usr/include/boost/multiprecision/number.hpp:11,
[22.296s]                  from /usr/include/boost/multiprecision/cpp_int.hpp:19,
[22.296s]                  from /usr/include/boost/multiprecision/cpp_bin_float.hpp:15,
[22.296s]                  from /usr/include/boost/geometry/core/coordinate_promotion.hpp:16,
[22.297s]                  from /usr/include/boost/geometry/core/radian_access.hpp:30,
[22.297s]                  from /usr/include/boost/geometry/geometry.hpp:50,
[22.299s]                  from /usr/include/boost/geometry.hpp:17,
[22.299s]                  from /home/neha/ros2_ws/src/semnav_migration/include/reactive_planner_lib.h:26:
[22.299s] /usr/include/boost/mpl/aux_/preprocessed/gcc/placeholders.hpp:29:16: note:   ‘mpl_::_1’
[22.299s]    29 | typedef arg<1> _1;
[22.300s]       |                ^~
[22.300s] In file included from /usr/include/boost/numeric/conversion/converter_policies.hpp:13,
[22.300s]                  from /usr/include/boost/numeric/conversion/converter.hpp:14,
[22.300s]                  from /usr/include/boost/numeric/conversion/cast.hpp:33,
[22.300s]                  from /usr/include/boost/geometry/core/radian_access.hpp:26:
[22.301s] /usr/include/c++/13/functional:294:48: note:   ‘std::placeholders::_1’
[22.301s]   294 |     _GLIBCXX_PLACEHOLDER const _Placeholder<1> _1;
[22.301s]       |                                                ^~
[22.301s] /usr/include/boost/mpl/aux_/preprocessed/gcc/placeholders.hpp:29:16: note:   ‘mpl_::_1’
[22.301s]    29 | typedef arg<1> _1;
[22.301s]       |                ^~
[22.301s] In file included from /usr/include/boost/describe/members.hpp:20,
[22.302s]                  from /usr/include/boost/container_hash/is_described_class.hpp:11,
[22.302s]                  from /usr/include/boost/container_hash/hash.hpp:18,
[22.304s]                  from /usr/include/boost/functional/hash.hpp:6,
[22.304s]                  from /usr/include/CGAL/Kernel/hash_functions.h:16,
[22.304s]                  from /usr/include/CGAL/Kernel/global_functions.h:25,
[22.304s]                  from /usr/include/CGAL/Cartesian/Cartesian_base.h:22,
[22.304s]                  from /usr/include/CGAL/Simple_cartesian.h:20,
[22.305s]                  from /usr/include/CGAL/Exact_predicates_inexact_constructions_kernel.h:20,
[22.305s]                  from /home/neha/ros2_ws/src/semnav_migration/include/polygeom_lib.h:32,
[22.305s]                  from /home/neha/ros2_ws/src/semnav_migration/include/reactive_planner_lib.h:52:
[22.305s] /usr/include/boost/mp11/bind.hpp:45:7: note:   ‘boost::mp11::_1’
[22.305s]    45 | using _1 = mp_arg<0>;
[22.305s]       |       ^~
[22.305s] /usr/include/boost/mpl/aux_/preprocessed/gcc/placeholders.hpp:29:16: note:   ‘mpl_::_1’
[22.306s]    29 | typedef arg<1> _1;
[22.306s]       |                ^~
[22.309s] /home/neha/ros2_ws/src/semnav_migration/src/navigation_semantic.cpp:149:113: error: ‘_2’ was not declared in this scope
[22.309s]   149 |                         sync->registerCallback(boost::bind(&SemanticNavigationNode::control_callback, this, _1, _2));
[22.309s]       |                                                                                                                 ^~
[22.309s] /home/neha/ros2_ws/src/semnav_migration/src/navigation_semantic.cpp:149:113: note: suggested alternatives:
[22.310s] /usr/include/boost/mpl/aux_/preprocessed/gcc/placeholders.hpp:42:16: note:   ‘mpl_::_2’
[22.310s]    42 | typedef arg<2> _2;
[22.310s]       |                ^~
[22.310s] /usr/include/c++/13/functional:295:48: note:   ‘std::placeholders::_2’
[22.310s]   295 |     _GLIBCXX_PLACEHOLDER const _Placeholder<2> _2;
[22.310s]       |                                                ^~
[22.310s] /usr/include/boost/mpl/aux_/preprocessed/gcc/placeholders.hpp:42:16: note:   ‘mpl_::_2’
[22.311s]    42 | typedef arg<2> _2;
[22.311s]       |                ^~
[22.313s] /usr/include/boost/mp11/bind.hpp:46:7: note:   ‘boost::mp11::_2’
[22.313s]    46 | using _2 = mp_arg<1>;
[22.313s]       |       ^~
[22.313s] /usr/include/boost/mpl/aux_/preprocessed/gcc/placeholders.hpp:42:16: note:   ‘mpl_::_2’
[22.314s]    42 | typedef arg<2> _2;
[22.314s]       |                ^~
[22.314s] /home/neha/ros2_ws/src/semnav_migration/src/navigation_semantic.cpp:151:86: error: no matching function for call to ‘SemanticNavigationNode::create_subscription(const char [20], int)’
[22.314s]   151 |                         rclcpp::Subscription sub_semantic = this->create_subscription("sub_semantic_topic_", 1);
[22.314s]       |                                                             ~~~~~~~~~~~~~~~~~~~~~~~~~^~~~~~~~~~~~~~~~~~~~~~~~~~
[22.314s] /opt/ros/jazzy/include/rclcpp/rclcpp/node.hpp:221:3: note: candidate: ‘template<class MessageT, class CallbackT, class AllocatorT, class SubscriptionT, class MessageMemoryStrategyT> std::shared_ptr<ROSMessageT> rclcpp::Node::create_subscription(const std::string&, const rclcpp::QoS&, CallbackT&&, const rclcpp::SubscriptionOptionsWithAllocator<AllocatorT>&, typename MessageMemoryStrategyT::SharedPtr)’
[22.314s]   221 |   create_subscription(
[22.315s]       |   ^~~~~~~~~~~~~~~~~~~
[22.315s] /opt/ros/jazzy/include/rclcpp/rclcpp/node.hpp:221:3: note:   template argument deduction/substitution failed:
[22.317s] /home/neha/ros2_ws/src/semnav_migration/src/navigation_semantic.cpp:151:86: note:   candidate expects 5 arguments, 2 provided
[22.317s]   151 |                         rclcpp::Subscription sub_semantic = this->create_subscription("sub_semantic_topic_", 1);
[22.317s]       |                                                             ~~~~~~~~~~~~~~~~~~~~~~~~~^~~~~~~~~~~~~~~~~~~~~~~~~~
[22.320s] /home/neha/ros2_ws/src/semnav_migration/src/navigation_semantic.cpp: In member function ‘void SemanticNavigationNode::publish_twist(double, double)’:
[22.321s] /home/neha/ros2_ws/src/semnav_migration/src/navigation_semantic.cpp:168:50: error: no matching function for call to ‘rclcpp::Publisher<example_interfaces::msg::UInt32_<std::allocator<void> > >::publish(geometry_msgs::msg::Twist&)’
[22.321s]   168 |                         this->pub_twist_->publish(commandTwist);
[22.321s]       |                         ~~~~~~~~~~~~~~~~~~~~~~~~~^~~~~~~~~~~~~~
[22.322s] In file included from /opt/ros/jazzy/include/rclcpp/rclcpp/topic_statistics/subscription_topic_statistics.hpp:31,
[22.322s]                  from /opt/ros/jazzy/include/rclcpp/rclcpp/subscription.hpp:50,
[22.322s]                  from /opt/ros/jazzy/include/rclcpp/rclcpp/any_executable.hpp:25,
[22.322s]                  from /opt/ros/jazzy/include/rclcpp/rclcpp/memory_strategy.hpp:25,
[22.322s]                  from /opt/ros/jazzy/include/rclcpp/rclcpp/memory_strategies.hpp:18,
[22.322s]                  from /opt/ros/jazzy/include/rclcpp/rclcpp/executor_options.hpp:22,
[22.323s]                  from /opt/ros/jazzy/include/rclcpp/rclcpp/executor.hpp:38,
[22.323s]                  from /opt/ros/jazzy/include/rclcpp/rclcpp/executors/multi_threaded_executor.hpp:25,
[22.323s]                  from /opt/ros/jazzy/include/rclcpp/rclcpp/executors.hpp:21:
[22.323s] /opt/ros/jazzy/include/rclcpp/rclcpp/publisher.hpp:239:3: note: candidate: ‘template<class T> std::enable_if_t<(rosidl_generator_traits::is_message<T>::value && std::is_same<T, typename rclcpp::TypeAdapter<MessageT>::ros_message_type>::value)> rclcpp::Publisher<MessageT, AllocatorT>::publish(std::unique_ptr<T, typename std::conditional<std::is_same<typename std::allocator_traits<typename std::allocator_traits<_Allocator>::rebind_traits<typename rclcpp::TypeAdapter<MessageT, void, void>::ros_message_type>::allocator_type>::rebind_alloc<typename rclcpp::TypeAdapter<MessageT, void, void>::ros_message_type>, std::allocator<typename rclcpp::TypeAdapter<MessageT>::ros_message_type> >::value, std::default_delete<typename rclcpp::TypeAdapter<MessageT>::ros_message_type>, rclcpp::allocator::AllocatorDeleter<typename std::allocator_traits<_Allocator>::rebind_traits<typename rclcpp::TypeAdapter<MessageT, void, void>::ros_message_type>::allocator_type> >::type>) [with MessageT = example_interfaces::msg::UInt32_<std::allocator<void> >; AllocatorT = std::allocator<void>]’
[22.323s]   239 |   publish(std::unique_ptr<T, ROSMessageTypeDeleter> msg)
[22.323s]       |   ^~~~~~~
[22.326s] /opt/ros/jazzy/include/rclcpp/rclcpp/publisher.hpp:239:3: note:   template argument deduction/substitution failed:
[22.326s] /home/neha/ros2_ws/src/semnav_migration/src/navigation_semantic.cpp:168:50: note:   ‘geometry_msgs::msg::Twist_<std::allocator<void> >’ is not derived from ‘std::unique_ptr<T, std::default_delete<example_interfaces::msg::UInt32_<std::allocator<void> > > >’
[22.326s]   168 |                         this->pub_twist_->publish(commandTwist);
[22.326s]       |                         ~~~~~~~~~~~~~~~~~~~~~~~~~^~~~~~~~~~~~~~
[22.326s] /opt/ros/jazzy/include/rclcpp/rclcpp/publisher.hpp:289:3: note: candidate: ‘template<class T> std::enable_if_t<(rosidl_generator_traits::is_message<T>::value && std::is_same<T, typename rclcpp::TypeAdapter<MessageT>::ros_message_type>::value)> rclcpp::Publisher<MessageT, AllocatorT>::publish(const T&) [with MessageT = example_interfaces::msg::UInt32_<std::allocator<void> >; AllocatorT = std::allocator<void>]’
[22.326s]   289 |   publish(const T & msg)
[22.326s]       |   ^~~~~~~
[22.327s] /opt/ros/jazzy/include/rclcpp/rclcpp/publisher.hpp:289:3: note:   template argument deduction/substitution failed:
[22.327s] In file included from /usr/include/c++/13/bits/stl_iterator_base_types.h:67,
[22.327s]                  from /usr/include/c++/13/iterator:61,
[22.327s]                  from /usr/include/boost/iterator/iterator_traits.hpp:10,
[22.327s]                  from /usr/include/boost/range/mutable_iterator.hpp:23,
[22.327s]                  from /usr/include/boost/range/iterator.hpp:20,
[22.327s]                  from /usr/include/boost/range/value_type.hpp:19,
[22.328s]                  from /usr/include/boost/geometry/core/closure.hpp:21,
[22.328s]                  from /usr/include/boost/geometry/geometry.hpp:31:
[22.332s] /usr/include/c++/13/type_traits: In substitution of ‘template<bool _Cond, class _Tp> using std::enable_if_t = typename std::enable_if::type [with bool _Cond = false; _Tp = void]’:
[22.332s] /opt/ros/jazzy/include/rclcpp/rclcpp/publisher.hpp:289:3:   required by substitution of ‘template<class T> std::enable_if_t<(rosidl_generator_traits::is_message<T>::value && std::is_same<T, example_interfaces::msg::UInt32_<std::allocator<void> > >::value), void> rclcpp::Publisher<example_interfaces::msg::UInt32_<std::allocator<void> > >::publish(const T&) [with T = geometry_msgs::msg::Twist_<std::allocator<void> >]’
[22.332s] /home/neha/ros2_ws/src/semnav_migration/src/navigation_semantic.cpp:168:29:   required from here
[22.333s] /usr/include/c++/13/type_traits:2610:11: error: no type named ‘type’ in ‘struct std::enable_if<false, void>’
[22.333s]  2610 |     using enable_if_t = typename enable_if<_Cond, _Tp>::type;
[22.333s]       |           ^~~~~~~~~~~
[22.333s] /opt/ros/jazzy/include/rclcpp/rclcpp/publisher.hpp:319:3: note: candidate: ‘template<class T> std::enable_if_t<(typename rclcpp::TypeAdapter<MessageT>::is_specialized::value && std::is_same<T, typename rclcpp::TypeAdapter<MessageT>::custom_type>::value)> rclcpp::Publisher<MessageT, AllocatorT>::publish(std::unique_ptr<T, typename std::conditional<std::is_same<typename std::allocator_traits<typename std::allocator_traits<_Allocator>::rebind_traits<typename rclcpp::TypeAdapter<MessageT, void, void>::custom_type>::allocator_type>::rebind_alloc<typename rclcpp::TypeAdapter<MessageT, void, void>::custom_type>, std::allocator<typename rclcpp::TypeAdapter<MessageT>::custom_type> >::value, std::default_delete<typename rclcpp::TypeAdapter<MessageT>::custom_type>, rclcpp::allocator::AllocatorDeleter<typename std::allocator_traits<_Allocator>::rebind_traits<typename rclcpp::TypeAdapter<MessageT, void, void>::custom_type>::allocator_type> >::type>) [with MessageT = example_interfaces::msg::UInt32_<std::allocator<void> >; AllocatorT = std::allocator<void>]’
[22.333s]   319 |   publish(std::unique_ptr<T, PublishedTypeDeleter> msg)
[22.333s]       |   ^~~~~~~
[22.333s] /opt/ros/jazzy/include/rclcpp/rclcpp/publisher.hpp:319:3: note:   template argument deduction/substitution failed:
[22.334s] /home/neha/ros2_ws/src/semnav_migration/src/navigation_semantic.cpp:168:50: note:   ‘geometry_msgs::msg::Twist_<std::allocator<void> >’ is not derived from ‘std::unique_ptr<T, std::default_delete<example_interfaces::msg::UInt32_<std::allocator<void> > > >’
[22.334s]   168 |                         this->pub_twist_->publish(commandTwist);
[22.336s]       |                         ~~~~~~~~~~~~~~~~~~~~~~~~~^~~~~~~~~~~~~~
[22.336s] /opt/ros/jazzy/include/rclcpp/rclcpp/publisher.hpp:366:3: note: candidate: ‘template<class T> std::enable_if_t<(typename rclcpp::TypeAdapter<MessageT>::is_specialized::value && std::is_same<T, typename rclcpp::TypeAdapter<MessageT>::custom_type>::value)> rclcpp::Publisher<MessageT, AllocatorT>::publish(const T&) [with MessageT = example_interfaces::msg::UInt32_<std::allocator<void> >; AllocatorT = std::allocator<void>]’
[22.336s]   366 |   publish(const T & msg)
[22.337s]       |   ^~~~~~~
[22.337s] /opt/ros/jazzy/include/rclcpp/rclcpp/publisher.hpp:366:3: note:   template argument deduction/substitution failed:
[22.337s] /opt/ros/jazzy/include/rclcpp/rclcpp/publisher.hpp:384:3: note: candidate: ‘void rclcpp::Publisher<MessageT, AllocatorT>::publish(const rcl_serialized_message_t&) [with MessageT = example_interfaces::msg::UInt32_<std::allocator<void> >; AllocatorT = std::allocator<void>; rcl_serialized_message_t = rcutils_uint8_array_s]’
[22.337s]   384 |   publish(const rcl_serialized_message_t & serialized_msg)
[22.337s]       |   ^~~~~~~
[22.337s] /opt/ros/jazzy/include/rclcpp/rclcpp/publisher.hpp:384:44: note:   no known conversion for argument 1 from ‘geometry_msgs::msg::Twist’ {aka ‘geometry_msgs::msg::Twist_<std::allocator<void> >’} to ‘const rcl_serialized_message_t&’ {aka ‘const rcutils_uint8_array_s&’}
[22.337s]   384 |   publish(const rcl_serialized_message_t & serialized_msg)
[22.338s]       |           ~~~~~~~~~~~~~~~~~~~~~~~~~~~~~~~~~^~~~~~~~~~~~~~
[22.338s] /opt/ros/jazzy/include/rclcpp/rclcpp/publisher.hpp:390:3: note: candidate: ‘void rclcpp::Publisher<MessageT, AllocatorT>::publish(const rclcpp::SerializedMessage&) [with MessageT = example_interfaces::msg::UInt32_<std::allocator<void> >; AllocatorT = std::allocator<void>]’
[22.340s]   390 |   publish(const SerializedMessage & serialized_msg)
[22.340s]       |   ^~~~~~~
[22.340s] /opt/ros/jazzy/include/rclcpp/rclcpp/publisher.hpp:390:37: note:   no known conversion for argument 1 from ‘geometry_msgs::msg::Twist’ {aka ‘geometry_msgs::msg::Twist_<std::allocator<void> >’} to ‘const rclcpp::SerializedMessage&’
[22.341s]   390 |   publish(const SerializedMessage & serialized_msg)
[22.341s]       |           ~~~~~~~~~~~~~~~~~~~~~~~~~~^~~~~~~~~~~~~~
[22.341s] /opt/ros/jazzy/include/rclcpp/rclcpp/publisher.hpp:404:3: note: candidate: ‘void rclcpp::Publisher<MessageT, AllocatorT>::publish(rclcpp::LoanedMessage<typename rclcpp::TypeAdapter<MessageT>::ros_message_type, AllocatorT>&&) [with MessageT = example_interfaces::msg::UInt32_<std::allocator<void> >; AllocatorT = std::allocator<void>; typename rclcpp::TypeAdapter<MessageT>::ros_message_type = example_interfaces::msg::UInt32_<std::allocator<void> >]’
[22.341s]   404 |   publish(rclcpp::LoanedMessage<ROSMessageType, AllocatorT> && loaned_msg)
[22.341s]       |   ^~~~~~~
[22.341s] /opt/ros/jazzy/include/rclcpp/rclcpp/publisher.hpp:404:64: note:   no known conversion for argument 1 from ‘geometry_msgs::msg::Twist’ {aka ‘geometry_msgs::msg::Twist_<std::allocator<void> >’} to ‘rclcpp::LoanedMessage<example_interfaces::msg::UInt32_<std::allocator<void> >, std::allocator<void> >&&’
[22.341s]   404 |   publish(rclcpp::LoanedMessage<ROSMessageType, AllocatorT> && loaned_msg)
[22.342s]       |           ~~~~~~~~~~~~~~~~~~~~~~~~~~~~~~~~~~~~~~~~~~~~~~~~~~~~~^~~~~~~~~~
[22.367s] /home/neha/ros2_ws/src/semnav_migration/src/navigation.cpp: In member function ‘void NavigationNode::control_callback(const sensor_msgs::msg::LaserScan_<std::allocator<void> >::ConstPtr&, const nav_msgs::msg::Odometry_<std::allocator<void> >::ConstPtr&)’:
[22.367s] /home/neha/ros2_ws/src/semnav_migration/src/navigation.cpp:404:42: error: could not convert ‘lidar_data’ from ‘shared_ptr<LaserScan_<[...]>>’ to ‘shared_ptr<LaserScan_<[...]>>’
[22.368s]   404 |                         constructLIDAR2D(lidar_data, CutoffRange_, AllowableRange_, RobotPitch_, &LIDAR);
[22.368s]       |                                          ^~~~~~~~~~
[22.368s]       |                                          |
[22.368s]       |                                          shared_ptr<LaserScan_<[...]>>
[22.429s] /home/neha/ros2_ws/src/semnav_migration/src/navigation_semantic.cpp: In member function ‘void SemanticNavigationNode::control_callback(const sensor_msgs::msg::LaserScan_<std::allocator<void> >::ConstPtr&, const nav_msgs::msg::Odometry_<std::allocator<void> >::ConstPtr&)’:
[22.430s] /home/neha/ros2_ws/src/semnav_migration/src/navigation_semantic.cpp:406:43: error: ‘class tf2_ros::TransformListener’ has no member named ‘waitForTransform’
[22.430s]   406 |                                 listener_.waitForTransform(world_frame_id_, odom_frame_id_, rclcpp::Time(0), rclcpp::Duration(std::chrono::nanoseconds(1000000000));
[22.430s]       |                                           ^~~~~~~~~~~~~~~~
[22.431s] /home/neha/ros2_ws/src/semnav_migration/src/navigation_semantic.cpp:406:164: error: expected ‘)’ before ‘;’ token
[22.431s]   406 |                                 listener_.waitForTransform(world_frame_id_, odom_frame_id_, rclcpp::Time(0), rclcpp::Duration(std::chrono::nanoseconds(1000000000));
[22.431s]       |                                                                                                                                                                    ^
[22.432s] /home/neha/ros2_ws/src/semnav_migration/src/navigation_semantic.cpp:406:59: note: to match this ‘(’
[22.432s]   406 |                                 listener_.waitForTransform(world_frame_id_, odom_frame_id_, rclcpp::Time(0), rclcpp::Duration(std::chrono::nanoseconds(1000000000));
[22.432s]       |                                                           ^
[22.433s] /home/neha/ros2_ws/src/semnav_migration/src/navigation_semantic.cpp:407:43: error: ‘class tf2_ros::TransformListener’ has no member named ‘transformPose’
[22.433s]   407 |                                 listener_.transformPose(world_frame_id_, odomPose, mapPose);
[22.433s]       |                                           ^~~~~~~~~~~~~
[22.434s] In file included from /opt/ros/jazzy/include/rclcpp/rclcpp/copy_all_parameter_values.hpp:27,
[22.434s]                  from /opt/ros/jazzy/include/rclcpp/rclcpp/rclcpp.hpp:171:
[22.434s] /home/neha/ros2_ws/src/semnav_migration/src/navigation_semantic.cpp:409:33: error: static assertion failed: First argument to logging macros must be an rclcpp::Logger
[22.434s]   409 |                                 RCLCPP_ERROR("%s",ex.what());
[22.435s]       |                                 ^~~~~~~~~~~~
[22.438s] In file included from /opt/ros/jazzy/include/rclcpp/rclcpp/logging.hpp:24:
[22.438s] /home/neha/ros2_ws/src/semnav_migration/src/navigation_semantic.cpp:409:33: error: request for member ‘get_name’ in ‘("%s")’, which is of non-class type ‘const char [3]’
[22.438s]   409 |                                 RCLCPP_ERROR("%s",ex.what());
[22.439s]       |                                 ^~~~~~~~~~~~
[22.439s] /home/neha/ros2_ws/src/semnav_migration/src/navigation_semantic.cpp:409:33: error: request for member ‘get_name’ in ‘("%s")’, which is of non-class type ‘const char [3]’
[22.439s]   409 |                                 RCLCPP_ERROR("%s",ex.what());
[22.439s]       |                                 ^~~~~~~~~~~~
[22.440s] /home/neha/ros2_ws/src/semnav_migration/src/navigation_semantic.cpp:434:42: error: could not convert ‘lidar_data’ from ‘shared_ptr<LaserScan_<[...]>>’ to ‘shared_ptr<LaserScan_<[...]>>’
[22.440s]   434 |                         constructLIDAR2D(lidar_data, CutoffRange_, AllowableRange_, RobotPitch_, &LIDAR);
[22.440s]       |                                          ^~~~~~~~~~
[22.440s]       |                                          |
[22.441s]       |                                          shared_ptr<LaserScan_<[...]>>
[22.484s] /home/neha/ros2_ws/src/semnav_migration/src/navigation_semantic.cpp: In function ‘int main(int, char**)’:
[22.484s] /home/neha/ros2_ws/src/semnav_migration/src/navigation_semantic.cpp:700:34: error: invalid initialization of reference of type ‘const rclcpp::InitOptions&’ from expression of type ‘const char [20]’
[22.485s]   700 |         rclcpp::init(argc, argv, "navigation_semantic");
[22.485s]       |                                  ^~~~~~~~~~~~~~~~~~~~~
[22.485s] In file included from /opt/ros/jazzy/include/rclcpp/rclcpp/logging.hpp:25:
[22.485s] /opt/ros/jazzy/include/rclcpp/rclcpp/utilities.hpp:78:23: note: in passing argument 3 of ‘void rclcpp::init(int, const char* const*, const InitOptions&, SignalHandlerOptions)’
[22.485s]    78 |   const InitOptions & init_options = InitOptions(),
[22.485s]       |   ~~~~~~~~~~~~~~~~~~~~^~~~~~~~~~~~~~~~~~~~~~~~~~~~
[37.892s] gmake[2]: *** [CMakeFiles/navigation_semantic.dir/build.make:76: CMakeFiles/navigation_semantic.dir/src/navigation_semantic.cpp.o] Error 1
[37.892s] gmake[1]: *** [CMakeFiles/Makefile2:207: CMakeFiles/navigation_semantic.dir/all] Error 2
[37.892s] gmake[1]: *** Waiting for unfinished jobs....
[38.424s] gmake[2]: *** [CMakeFiles/navigation.dir/build.make:76: CMakeFiles/navigation.dir/src/navigation.cpp.o] Error 1
[38.424s] gmake[1]: *** [CMakeFiles/Makefile2:181: CMakeFiles/navigation.dir/all] Error 2
[38.424s] gmake: *** [Makefile:146: all] Error 2
[38.427s] Invoked command in '/home/neha/ros2_ws/src/semnav_migration/build/semnav' returned '2': CMAKE_PREFIX_PATH=${CMAKE_PREFIX_PATH}:/opt/ros/jazzy DEBUGINFOD_URLS=https://debuginfod.ubuntu.com /usr/bin/cmake --build /home/neha/ros2_ws/src/semnav_migration/build/semnav -- -j2 -l2
