/home/neha/ros2_ws/src/semnav_migration/src/navigation.cpp:667:22: error: ‘TransformListener’ in namespace ‘tf2’ does not name a type
  667 |                 tf2::TransformListener listener_;
      |                      ^~~~~~~~~~~~~~~~~
/home/neha/ros2_ws/src/semnav_migration/src/navigation.cpp: In constructor ‘NavigationNode::NavigationNode()’:
/home/neha/ros2_ws/src/semnav_migration/src/navigation.cpp:47:63: error: no matching function for call to ‘rclcpp::Node::Node()’
   47 |         NavigationNode() : Node(std::string("navigation_node")) {
      |                                                               ^
In file included from /opt/ros/jazzy/include/rclcpp/rclcpp/executors/single_threaded_executor.hpp:28,
                 from /opt/ros/jazzy/include/rclcpp/rclcpp/executors.hpp:22,
                 from /opt/ros/jazzy/include/rclcpp/rclcpp/rclcpp.hpp:172,
                 from /home/neha/ros2_ws/src/semnav_migration/include/reactive_planner_lib.h:32,
                 from /home/neha/ros2_ws/src/semnav_migration/src/navigation.cpp:25:
/opt/ros/jazzy/include/rclcpp/rclcpp/node.hpp:1629:3: note: candidate: ‘rclcpp::Node::Node(const rclcpp::Node&, const std::string&)’
 1629 |   Node(
      |   ^~~~
/opt/ros/jazzy/include/rclcpp/rclcpp/node.hpp:1629:3: note:   candidate expects 2 arguments, 0 provided
/opt/ros/jazzy/include/rclcpp/rclcpp/node.hpp:103:12: note: candidate: ‘rclcpp::Node::Node(const std::string&, const std::string&, const rclcpp::NodeOptions&)’
  103 |   explicit Node(
      |            ^~~~
/opt/ros/jazzy/include/rclcpp/rclcpp/node.hpp:103:12: note:   candidate expects 3 arguments, 0 provided
/opt/ros/jazzy/include/rclcpp/rclcpp/node.hpp:91:12: note: candidate: ‘rclcpp::Node::Node(const std::string&, const rclcpp::NodeOptions&)’
   91 |   explicit Node(
      |            ^~~~
/opt/ros/jazzy/include/rclcpp/rclcpp/node.hpp:91:12: note:   candidate expects 2 arguments, 0 provided
/home/neha/ros2_ws/src/semnav_migration/src/navigation_semantic.cpp:643:50: error: ‘UInt32’ is not a member of ‘std_msgs::msg’
  643 |                 rclcpp::Publisher<std_msgs::msg::UInt32> pub_behaviorID_;
      |                                                  ^~~~~~
/home/neha/ros2_ws/src/semnav_migration/src/navigation_semantic.cpp:643:56: error: template argument 1 is invalid
  643 |                 rclcpp::Publisher<std_msgs::msg::UInt32> pub_behaviorID_;
      |                                                        ^
/home/neha/ros2_ws/src/semnav_migration/src/navigation_semantic.cpp:644:17: error: invalid use of template-name ‘rclcpp::Publisher’ without an argument list
  644 |                 rclcpp::Publisher pub_behaviorMode_;
      |                 ^~~~~~
/home/neha/ros2_ws/src/semnav_migration/src/navigation_semantic.cpp:645:17: error: invalid use of template-name ‘rclcpp::Publisher’ without an argument list
  645 |                 rclcpp::Publisher pub_twist_;
      |                 ^~~~~~
/home/neha/ros2_ws/src/semnav_migration/src/navigation_semantic.cpp:647:17: error: invalid use of template-name ‘rclcpp::Publisher’ without an argument list
  647 |                 rclcpp::Publisher pub_semantic_map_;
      |                 ^~~~~~
/home/neha/ros2_ws/src/semnav_migration/src/navigation_semantic.cpp:693:22: error: ‘TransformListener’ in namespace ‘tf2’ does not name a type
  693 |                 tf2::TransformListener listener_;
      |                      ^~~~~~~~~~~~~~~~~
/home/neha/ros2_ws/src/semnav_migration/src/navigation_semantic.cpp: In constructor ‘SemanticNavigationNode::SemanticNavigationNode()’:
/home/neha/ros2_ws/src/semnav_migration/src/navigation_semantic.cpp:45:75: error: no matching function for call to ‘rclcpp::Node::Node()’
   45 |                 SemanticNavigationNode() : Node("semantic_navigation_node")  {
      |                                                                           ^
In file included from /opt/ros/jazzy/include/rclcpp/rclcpp/executors/single_threaded_executor.hpp:28,
                 from /opt/ros/jazzy/include/rclcpp/rclcpp/executors.hpp:22,
                 from /opt/ros/jazzy/include/rclcpp/rclcpp/rclcpp.hpp:172,
                 from /home/neha/ros2_ws/src/semnav_migration/include/reactive_planner_lib.h:32,
                 from /home/neha/ros2_ws/src/semnav_migration/src/navigation_semantic.cpp:25:
/opt/ros/jazzy/include/rclcpp/rclcpp/node.hpp:1629:3: note: candidate: ‘rclcpp::Node::Node(const rclcpp::Node&, const std::string&)’
 1629 |   Node(
      |   ^~~~
/opt/ros/jazzy/include/rclcpp/rclcpp/node.hpp:1629:3: note:   candidate expects 2 arguments, 0 provided
/opt/ros/jazzy/include/rclcpp/rclcpp/node.hpp:103:12: note: candidate: ‘rclcpp::Node::Node(const std::string&, const std::string&, const rclcpp::NodeOptions&)’
  103 |   explicit Node(
      |            ^~~~
/opt/ros/jazzy/include/rclcpp/rclcpp/node.hpp:103:12: note:   candidate expects 3 arguments, 0 provided
/opt/ros/jazzy/include/rclcpp/rclcpp/node.hpp:91:12: note: candidate: ‘rclcpp::Node::Node(const std::string&, const rclcpp::NodeOptions&)’
   91 |   explicit Node(
      |            ^~~~
/opt/ros/jazzy/include/rclcpp/rclcpp/node.hpp:91:12: note:   candidate expects 2 arguments, 0 provided
/home/neha/ros2_ws/src/semnav_migration/src/navigation_semantic.cpp:137:69: error: ‘UInt32’ is not a member of ‘std_msgs::msg’
  137 |             pub_behaviorID_ = this->create_publisher<std_msgs::msg::UInt32>("pub_behaviorID_topic_", 1);
      |                                                                     ^~~~~~
/home/neha/ros2_ws/src/semnav_migration/src/navigation_semantic.cpp:137:76: error: no matching function for call to ‘SemanticNavigationNode::create_publisher<<expression error> >(const char [22], int)’
  137 |             pub_behaviorID_ = this->create_publisher<std_msgs::msg::UInt32>("pub_behaviorID_topic_", 1);
      |                               ~~~~~~~~~~~~~~~~~~~~~~~~~~~~~~~~~~~~~~~~~~~~~^~~~~~~~~~~~~~~~~~~~~~~~~~~~
/opt/ros/jazzy/include/rclcpp/rclcpp/node.hpp:197:3: note: candidate: ‘template<class MessageT, class AllocatorT, class PublisherT> std::shared_ptr<PublisherT> rclcpp::Node::create_publisher(const std::string&, const rclcpp::QoS&, const rclcpp::PublisherOptionsWithAllocator<AllocatorT>&)’
  197 |   create_publisher(
      |   ^~~~~~~~~~~~~~~~
/opt/ros/jazzy/include/rclcpp/rclcpp/node.hpp:197:3: note:   template argument deduction/substitution failed:
/home/neha/ros2_ws/src/semnav_migration/src/navigation_semantic.cpp:137:76: error: template argument 1 is invalid
  137 |             pub_behaviorID_ = this->create_publisher<std_msgs::msg::UInt32>("pub_behaviorID_topic_", 1);
      |                               ~~~~~~~~~~~~~~~~~~~~~~~~~~~~~~~~~~~~~~~~~~~~~^~~~~~~~~~~~~~~~~~~~~~~~~~~~
/home/neha/ros2_ws/src/semnav_migration/src/navigation_semantic.cpp:138:71: error: ‘UInt32’ is not a member of ‘std_msgs::msg’
  138 |             pub_behaviorMode_ = this->create_publisher<std_msgs::msg::UInt32>("pub_behaviorMode_topic_", 1);
      |                                                                       ^~~~~~
/home/neha/ros2_ws/src/semnav_migration/src/navigation_semantic.cpp:138:78: error: no matching function for call to ‘SemanticNavigationNode::create_publisher<<expression error> >(const char [24], int)’
  138 |             pub_behaviorMode_ = this->create_publisher<std_msgs::msg::UInt32>("pub_behaviorMode_topic_", 1);
      |                                 ~~~~~~~~~~~~~~~~~~~~~~~~~~~~~~~~~~~~~~~~~~~~~^~~~~~~~~~~~~~~~~~~~~~~~~~~~~~
/opt/ros/jazzy/include/rclcpp/rclcpp/node.hpp:197:3: note: candidate: ‘template<class MessageT, class AllocatorT, class PublisherT> std::shared_ptr<PublisherT> rclcpp::Node::create_publisher(const std::string&, const rclcpp::QoS&, const rclcpp::PublisherOptionsWithAllocator<AllocatorT>&)’
  197 |   create_publisher(
      |   ^~~~~~~~~~~~~~~~
/opt/ros/jazzy/include/rclcpp/rclcpp/node.hpp:197:3: note:   template argument deduction/substitution failed:
/home/neha/ros2_ws/src/semnav_migration/src/navigation_semantic.cpp:138:78: error: template argument 1 is invalid
  138 |             pub_behaviorMode_ = this->create_publisher<std_msgs::msg::UInt32>("pub_behaviorMode_topic_", 1);
      |                                 ~~~~~~~~~~~~~~~~~~~~~~~~~~~~~~~~~~~~~~~~~~~~~^~~~~~~~~~~~~~~~~~~~~~~~~~~~~~
/home/neha/ros2_ws/src/semnav_migration/src/navigation_semantic.cpp:139:64: error: ‘UInt32’ is not a member of ‘std_msgs::msg’
  139 |             pub_twist_ = this->create_publisher<std_msgs::msg::UInt32>("pub_twist_topic_", 1);
      |                                                                ^~~~~~
/home/neha/ros2_ws/src/semnav_migration/src/navigation_semantic.cpp:139:71: error: no matching function for call to ‘SemanticNavigationNode::create_publisher<<expression error> >(const char [17], int)’
  139 |             pub_twist_ = this->create_publisher<std_msgs::msg::UInt32>("pub_twist_topic_", 1);
      |                          ~~~~~~~~~~~~~~~~~~~~~~~~~~~~~~~~~~~~~~~~~~~~~^~~~~~~~~~~~~~~~~~~~~~~
/opt/ros/jazzy/include/rclcpp/rclcpp/node.hpp:197:3: note: candidate: ‘template<class MessageT, class AllocatorT, class PublisherT> std::shared_ptr<PublisherT> rclcpp::Node::create_publisher(const std::string&, const rclcpp::QoS&, const rclcpp::PublisherOptionsWithAllocator<AllocatorT>&)’
  197 |   create_publisher(
      |   ^~~~~~~~~~~~~~~~
/opt/ros/jazzy/include/rclcpp/rclcpp/node.hpp:197:3: note:   template argument deduction/substitution failed:
/home/neha/ros2_ws/src/semnav_migration/src/navigation_semantic.cpp:139:71: error: template argument 1 is invalid
  139 |             pub_twist_ = this->create_publisher<std_msgs::msg::UInt32>("pub_twist_topic_", 1);
      |                          ~~~~~~~~~~~~~~~~~~~~~~~~~~~~~~~~~~~~~~~~~~~~~^~~~~~~~~~~~~~~~~~~~~~~
/home/neha/ros2_ws/src/semnav_migration/src/navigation_semantic.cpp:142:42: error: ‘message_filters::msg’ has not been declared
  142 |                         message_filters::msg::Subscriber<sensor_msgs::msg::LaserScan> sub_laser(nh_, sub_laser_topic_, 1);
      |                                          ^~~
/home/neha/ros2_ws/src/semnav_migration/src/navigation_semantic.cpp:142:85: error: expected primary-expression before ‘>’ token
  142 |                         message_filters::msg::Subscriber<sensor_msgs::msg::LaserScan> sub_laser(nh_, sub_laser_topic_, 1);
      |                                                                                     ^
/home/neha/ros2_ws/src/semnav_migration/src/navigation.cpp:139:13: error: ‘pub_behaviorID_’ was not declared in this scope; did you mean ‘pub_behaviorID_topic_’?
  139 |             pub_behaviorID_ = this->create_publisher<std_msgs::msg::UInt32>("pub_behaviorID_topic_", 1);
      |             ^~~~~~~~~~~~~~~
      |             pub_behaviorID_topic_
/home/neha/ros2_ws/src/semnav_migration/src/navigation.cpp:139:69: error: ‘UInt32’ is not a member of ‘std_msgs::msg’
  139 |             pub_behaviorID_ = this->create_publisher<std_msgs::msg::UInt32>("pub_behaviorID_topic_", 1);
      |                                                                     ^~~~~~
/home/neha/ros2_ws/src/semnav_migration/src/navigation.cpp:139:76: error: no matching function for call to ‘NavigationNode::create_publisher<<expression error> >(const char [22], int)’
  139 |             pub_behaviorID_ = this->create_publisher<std_msgs::msg::UInt32>("pub_behaviorID_topic_", 1);
      |                               ~~~~~~~~~~~~~~~~~~~~~~~~~~~~~~~~~~~~~~~~~~~~~^~~~~~~~~~~~~~~~~~~~~~~~~~~~
/opt/ros/jazzy/include/rclcpp/rclcpp/node.hpp:197:3: note: candidate: ‘template<class MessageT, class AllocatorT, class PublisherT> std::shared_ptr<PublisherT> rclcpp::Node::create_publisher(const std::string&, const rclcpp::QoS&, const rclcpp::PublisherOptionsWithAllocator<AllocatorT>&)’
  197 |   create_publisher(
      |   ^~~~~~~~~~~~~~~~
/opt/ros/jazzy/include/rclcpp/rclcpp/node.hpp:197:3: note:   template argument deduction/substitution failed:
/home/neha/ros2_ws/src/semnav_migration/src/navigation.cpp:139:76: error: template argument 1 is invalid
  139 |             pub_behaviorID_ = this->create_publisher<std_msgs::msg::UInt32>("pub_behaviorID_topic_", 1);
      |                               ~~~~~~~~~~~~~~~~~~~~~~~~~~~~~~~~~~~~~~~~~~~~~^~~~~~~~~~~~~~~~~~~~~~~~~~~~
/home/neha/ros2_ws/src/semnav_migration/src/navigation_semantic.cpp:142:87: error: ‘sub_laser’ was not declared in this scope
  142 |                         message_filters::msg::Subscriber<sensor_msgs::msg::LaserScan> sub_laser(nh_, sub_laser_topic_, 1);
      |                                                                                       ^~~~~~~~~
/home/neha/ros2_ws/src/semnav_migration/src/navigation_semantic.cpp:143:30: error: ‘message_filters::msg’ has not been declared
  143 |             message_filters::msg::Subscriber<nav_msgs::msg::Odometry> sub_robot(nh_, sub_robot_topic_, 1);
      |                              ^~~
/home/neha/ros2_ws/src/semnav_migration/src/navigation_semantic.cpp:143:69: error: expected primary-expression before ‘>’ token
  143 |             message_filters::msg::Subscriber<nav_msgs::msg::Odometry> sub_robot(nh_, sub_robot_topic_, 1);
      |                                                                     ^
/home/neha/ros2_ws/src/semnav_migration/src/navigation_semantic.cpp:143:71: error: ‘sub_robot’ was not declared in this scope
  143 |             message_filters::msg::Subscriber<nav_msgs::msg::Odometry> sub_robot(nh_, sub_robot_topic_, 1);
      |                                                                       ^~~~~~~~~
/home/neha/ros2_ws/src/semnav_migration/src/navigation.cpp:140:13: error: ‘pub_behaviorMode_’ was not declared in this scope; did you mean ‘pub_behaviorMode_topic_’?
  140 |             pub_behaviorMode_ = this->create_publisher<std_msgs::msg::UInt32>("pub_behaviorMode_topic_", 1);
      |             ^~~~~~~~~~~~~~~~~
      |             pub_behaviorMode_topic_
/home/neha/ros2_ws/src/semnav_migration/src/navigation.cpp:140:71: error: ‘UInt32’ is not a member of ‘std_msgs::msg’
  140 |             pub_behaviorMode_ = this->create_publisher<std_msgs::msg::UInt32>("pub_behaviorMode_topic_", 1);
      |                                                                       ^~~~~~
/home/neha/ros2_ws/src/semnav_migration/src/navigation.cpp:140:78: error: no matching function for call to ‘NavigationNode::create_publisher<<expression error> >(const char [24], int)’
  140 |             pub_behaviorMode_ = this->create_publisher<std_msgs::msg::UInt32>("pub_behaviorMode_topic_", 1);
      |                                 ~~~~~~~~~~~~~~~~~~~~~~~~~~~~~~~~~~~~~~~~~~~~~^~~~~~~~~~~~~~~~~~~~~~~~~~~~~~
/opt/ros/jazzy/include/rclcpp/rclcpp/node.hpp:197:3: note: candidate: ‘template<class MessageT, class AllocatorT, class PublisherT> std::shared_ptr<PublisherT> rclcpp::Node::create_publisher(const std::string&, const rclcpp::QoS&, const rclcpp::PublisherOptionsWithAllocator<AllocatorT>&)’
  197 |   create_publisher(
      |   ^~~~~~~~~~~~~~~~
/opt/ros/jazzy/include/rclcpp/rclcpp/node.hpp:197:3: note:   template argument deduction/substitution failed:
/home/neha/ros2_ws/src/semnav_migration/src/navigation.cpp:140:78: error: template argument 1 is invalid
  140 |             pub_behaviorMode_ = this->create_publisher<std_msgs::msg::UInt32>("pub_behaviorMode_topic_", 1);
      |                                 ~~~~~~~~~~~~~~~~~~~~~~~~~~~~~~~~~~~~~~~~~~~~~^~~~~~~~~~~~~~~~~~~~~~~~~~~~~~
/home/neha/ros2_ws/src/semnav_migration/src/navigation.cpp:141:13: error: ‘pub_twist_’ was not declared in this scope; did you mean ‘publish_twist’?
  141 |             pub_twist_ = this->create_publisher<std_msgs::msg::UInt32>("pub_twist_topic_", 1);
      |             ^~~~~~~~~~
      |             publish_twist
/home/neha/ros2_ws/src/semnav_migration/src/navigation.cpp:141:64: error: ‘UInt32’ is not a member of ‘std_msgs::msg’
  141 |             pub_twist_ = this->create_publisher<std_msgs::msg::UInt32>("pub_twist_topic_", 1);
      |                                                                ^~~~~~
/home/neha/ros2_ws/src/semnav_migration/src/navigation.cpp:141:71: error: no matching function for call to ‘NavigationNode::create_publisher<<expression error> >(const char [17], int)’
  141 |             pub_twist_ = this->create_publisher<std_msgs::msg::UInt32>("pub_twist_topic_", 1);
      |                          ~~~~~~~~~~~~~~~~~~~~~~~~~~~~~~~~~~~~~~~~~~~~~^~~~~~~~~~~~~~~~~~~~~~~
/opt/ros/jazzy/include/rclcpp/rclcpp/node.hpp:197:3: note: candidate: ‘template<class MessageT, class AllocatorT, class PublisherT> std::shared_ptr<PublisherT> rclcpp::Node::create_publisher(const std::string&, const rclcpp::QoS&, const rclcpp::PublisherOptionsWithAllocator<AllocatorT>&)’
  197 |   create_publisher(
      |   ^~~~~~~~~~~~~~~~
/opt/ros/jazzy/include/rclcpp/rclcpp/node.hpp:197:3: note:   template argument deduction/substitution failed:
/home/neha/ros2_ws/src/semnav_migration/src/navigation.cpp:141:71: error: template argument 1 is invalid
  141 |             pub_twist_ = this->create_publisher<std_msgs::msg::UInt32>("pub_twist_topic_", 1);
      |                          ~~~~~~~~~~~~~~~~~~~~~~~~~~~~~~~~~~~~~~~~~~~~~^~~~~~~~~~~~~~~~~~~~~~~
/home/neha/ros2_ws/src/semnav_migration/src/navigation_semantic.cpp:148:55: error: ‘bind’ is not a member of ‘boost’; did you mean ‘find’?
  148 |                         sync->registerCallback(boost::bind(&SemanticNavigationNode::control_callback, this, _1, _2));
      |                                                       ^~~~
      |                                                       find
/home/neha/ros2_ws/src/semnav_migration/src/navigation_semantic.cpp:148:109: error: ‘_1’ was not declared in this scope
  148 |                         sync->registerCallback(boost::bind(&SemanticNavigationNode::control_callback, this, _1, _2));
      |                                                                                                             ^~
/home/neha/ros2_ws/src/semnav_migration/src/navigation_semantic.cpp:148:109: note: suggested alternatives:
In file included from /usr/include/boost/mpl/aux_/include_preprocessed.hpp:37,
                 from /usr/include/boost/mpl/placeholders.hpp:43,
                 from /usr/include/boost/iterator/iterator_categories.hpp:16,
                 from /usr/include/boost/iterator/iterator_facade.hpp:13,
                 from /usr/include/boost/range/iterator_range_core.hpp:27,
                 from /usr/include/boost/lexical_cast.hpp:48,
                 from /usr/include/boost/multiprecision/detail/number_base.hpp:29,
                 from /usr/include/boost/multiprecision/traits/is_variable_precision.hpp:9,
                 from /usr/include/boost/multiprecision/detail/precision.hpp:9,
                 from /usr/include/boost/multiprecision/number.hpp:11,
                 from /usr/include/boost/multiprecision/cpp_int.hpp:19,
                 from /usr/include/boost/multiprecision/cpp_bin_float.hpp:15,
                 from /usr/include/boost/geometry/core/coordinate_promotion.hpp:16,
                 from /usr/include/boost/geometry/core/radian_access.hpp:30,
                 from /usr/include/boost/geometry/geometry.hpp:50,
                 from /usr/include/boost/geometry.hpp:17,
                 from /home/neha/ros2_ws/src/semnav_migration/include/reactive_planner_lib.h:26:
/usr/include/boost/mpl/aux_/preprocessed/gcc/placeholders.hpp:29:16: note:   ‘mpl_::_1’
   29 | typedef arg<1> _1;
      |                ^~
In file included from /usr/include/boost/numeric/conversion/converter_policies.hpp:13,
                 from /usr/include/boost/numeric/conversion/converter.hpp:14,
                 from /usr/include/boost/numeric/conversion/cast.hpp:33,
                 from /usr/include/boost/geometry/core/radian_access.hpp:26:
/usr/include/c++/13/functional:294:48: note:   ‘std::placeholders::_1’
  294 |     _GLIBCXX_PLACEHOLDER const _Placeholder<1> _1;
      |                                                ^~
/usr/include/boost/mpl/aux_/preprocessed/gcc/placeholders.hpp:29:16: note:   ‘mpl_::_1’
   29 | typedef arg<1> _1;
      |                ^~
In file included from /usr/include/boost/describe/members.hpp:20,
                 from /usr/include/boost/container_hash/is_described_class.hpp:11,
                 from /usr/include/boost/container_hash/hash.hpp:18,
                 from /usr/include/boost/functional/hash.hpp:6,
                 from /usr/include/CGAL/Kernel/hash_functions.h:16,
                 from /usr/include/CGAL/Kernel/global_functions.h:25,
                 from /usr/include/CGAL/Cartesian/Cartesian_base.h:22,
                 from /usr/include/CGAL/Simple_cartesian.h:20,
                 from /usr/include/CGAL/Exact_predicates_inexact_constructions_kernel.h:20,
                 from /home/neha/ros2_ws/src/semnav_migration/include/polygeom_lib.h:32,
                 from /home/neha/ros2_ws/src/semnav_migration/include/reactive_planner_lib.h:51:
/usr/include/boost/mp11/bind.hpp:45:7: note:   ‘boost::mp11::_1’
   45 | using _1 = mp_arg<0>;
      |       ^~
/usr/include/boost/mpl/aux_/preprocessed/gcc/placeholders.hpp:29:16: note:   ‘mpl_::_1’
   29 | typedef arg<1> _1;
      |                ^~
/home/neha/ros2_ws/src/semnav_migration/src/navigation_semantic.cpp:148:113: error: ‘_2’ was not declared in this scope
  148 |                         sync->registerCallback(boost::bind(&SemanticNavigationNode::control_callback, this, _1, _2));
      |                                                                                                                 ^~
/home/neha/ros2_ws/src/semnav_migration/src/navigation_semantic.cpp:148:113: note: suggested alternatives:
/usr/include/boost/mpl/aux_/preprocessed/gcc/placeholders.hpp:42:16: note:   ‘mpl_::_2’
   42 | typedef arg<2> _2;
      |                ^~
/usr/include/c++/13/functional:295:48: note:   ‘std::placeholders::_2’
  295 |     _GLIBCXX_PLACEHOLDER const _Placeholder<2> _2;
      |                                                ^~
/usr/include/boost/mpl/aux_/preprocessed/gcc/placeholders.hpp:42:16: note:   ‘mpl_::_2’
   42 | typedef arg<2> _2;
      |                ^~
/usr/include/boost/mp11/bind.hpp:46:7: note:   ‘boost::mp11::_2’
   46 | using _2 = mp_arg<1>;
      |       ^~
/usr/include/boost/mpl/aux_/preprocessed/gcc/placeholders.hpp:42:16: note:   ‘mpl_::_2’
   42 | typedef arg<2> _2;
      |                ^~
/home/neha/ros2_ws/src/semnav_migration/src/navigation_semantic.cpp:150:33: error: ‘Subscriber’ is not a member of ‘rclcpp’; did you mean ‘message_filters::Subscriber’?
  150 |                         rclcpp::Subscriber sub_semantic = this->create_subscriber("sub_semantic_topic_", 1);
      |                                 ^~~~~~~~~~
In file included from /home/neha/ros2_ws/src/semnav_migration/include/reactive_planner_lib.h:43:
/opt/ros/jazzy/include/message_filters/message_filters/subscriber.h:165:7: note: ‘message_filters::Subscriber’ declared here
  165 | class Subscriber
      |       ^~~~~~~~~~
/home/neha/ros2_ws/src/semnav_migration/src/navigation_semantic.cpp:154:45: error: no matching function for call to ‘rclcpp::Duration::Duration(double)’
  154 |                         rclcpp::Duration(5.0).sleep();
      |                                             ^
In file included from /opt/ros/jazzy/include/rclcpp/rclcpp/time.hpp:24,
                 from /opt/ros/jazzy/include/rclcpp/rclcpp/clock.hpp:24,
                 from /opt/ros/jazzy/include/rclcpp/rclcpp/client.hpp:38,
                 from /opt/ros/jazzy/include/rclcpp/rclcpp/callback_group.hpp:24,
                 from /opt/ros/jazzy/include/rclcpp/rclcpp/any_executable.hpp:20,
                 from /opt/ros/jazzy/include/rclcpp/rclcpp/memory_strategy.hpp:25,
                 from /opt/ros/jazzy/include/rclcpp/rclcpp/memory_strategies.hpp:18,
                 from /opt/ros/jazzy/include/rclcpp/rclcpp/executor_options.hpp:22,
                 from /opt/ros/jazzy/include/rclcpp/rclcpp/executor.hpp:38,
                 from /opt/ros/jazzy/include/rclcpp/rclcpp/executors/multi_threaded_executor.hpp:25,
                 from /opt/ros/jazzy/include/rclcpp/rclcpp/executors.hpp:21:
/opt/ros/jazzy/include/rclcpp/rclcpp/duration.hpp:49:3: note: candidate: ‘template<class Rep, class Period> rclcpp::Duration::Duration(const std::chrono::duration<_Rep1, _Period1>&)’
   49 |   Duration(const std::chrono::duration<Rep, Period> & duration)  // NOLINT(runtime/explicit)
      |   ^~~~~~~~
/opt/ros/jazzy/include/rclcpp/rclcpp/duration.hpp:49:3: note:   template argument deduction/substitution failed:
/home/neha/ros2_ws/src/semnav_migration/src/navigation_semantic.cpp:154:45: note:   mismatched types ‘const std::chrono::duration<_Rep1, _Period1>’ and ‘double’
  154 |                         rclcpp::Duration(5.0).sleep();
      |                                             ^
/opt/ros/jazzy/include/rclcpp/rclcpp/duration.hpp:159:3: note: candidate: ‘rclcpp::Duration::Duration()’
  159 |   Duration() = default;
      |   ^~~~~~~~
/opt/ros/jazzy/include/rclcpp/rclcpp/duration.hpp:159:3: note:   candidate expects 0 arguments, 1 provided
/opt/ros/jazzy/include/rclcpp/rclcpp/duration.hpp:62:3: note: candidate: ‘rclcpp::Duration::Duration(const rclcpp::Duration&)’
   62 |   Duration(const Duration & rhs);
      |   ^~~~~~~~
/opt/ros/jazzy/include/rclcpp/rclcpp/duration.hpp:62:29: note:   no known conversion for argument 1 from ‘double’ to ‘const rclcpp::Duration&’
   62 |   Duration(const Duration & rhs);
      |            ~~~~~~~~~~~~~~~~~^~~
/opt/ros/jazzy/include/rclcpp/rclcpp/duration.hpp:60:12: note: candidate: ‘rclcpp::Duration::Duration(const rcl_duration_t&)’
   60 |   explicit Duration(const rcl_duration_t & duration);
      |            ^~~~~~~~
/opt/ros/jazzy/include/rclcpp/rclcpp/duration.hpp:60:44: note:   no known conversion for argument 1 from ‘double’ to ‘const rcl_duration_t&’ {aka ‘const rcl_duration_s&’}
   60 |   explicit Duration(const rcl_duration_t & duration);
      |                     ~~~~~~~~~~~~~~~~~~~~~~~^~~~~~~~
/opt/ros/jazzy/include/rclcpp/rclcpp/duration.hpp:54:3: note: candidate: ‘rclcpp::Duration::Duration(const builtin_interfaces::msg::Duration&)’
   54 |   Duration(const builtin_interfaces::msg::Duration & duration_msg);  // NOLINT(runtime/explicit)
      |   ^~~~~~~~
/opt/ros/jazzy/include/rclcpp/rclcpp/duration.hpp:54:54: note:   no known conversion for argument 1 from ‘double’ to ‘const builtin_interfaces::msg::Duration&’ {aka ‘const builtin_interfaces::msg::Duration_<std::allocator<void> >&’}
   54 |   Duration(const builtin_interfaces::msg::Duration & duration_msg);  // NOLINT(runtime/explicit)
      |            ~~~~~~~~~~~~~~~~~~~~~~~~~~~~~~~~~~~~~~~~~~^~~~~~~~~~~~
/opt/ros/jazzy/include/rclcpp/rclcpp/duration.hpp:43:12: note: candidate: ‘rclcpp::Duration::Duration(std::chrono::nanoseconds)’
   43 |   explicit Duration(std::chrono::nanoseconds nanoseconds);
      |            ^~~~~~~~
/opt/ros/jazzy/include/rclcpp/rclcpp/duration.hpp:43:46: note:   no known conversion for argument 1 from ‘double’ to ‘std::chrono::nanoseconds’ {aka ‘std::chrono::duration<long int, std::ratio<1, 1000000000> >’}
   43 |   explicit Duration(std::chrono::nanoseconds nanoseconds);
      |                     ~~~~~~~~~~~~~~~~~~~~~~~~~^~~~~~~~~~~
/opt/ros/jazzy/include/rclcpp/rclcpp/duration.hpp:40:3: note: candidate: ‘rclcpp::Duration::Duration(int32_t, uint32_t)’
   40 |   Duration(int32_t seconds, uint32_t nanoseconds);
      |   ^~~~~~~~
/opt/ros/jazzy/include/rclcpp/rclcpp/duration.hpp:40:3: note:   candidate expects 2 arguments, 1 provided
/home/neha/ros2_ws/src/semnav_migration/src/navigation_semantic.cpp:161:25: error: ‘ros’ has not been declared
  161 |                         ros::spin();
      |                         ^~~
/home/neha/ros2_ws/src/semnav_migration/src/navigation_semantic.cpp: In member function ‘void SemanticNavigationNode::publish_behavior_id(uint16_t)’:
/home/neha/ros2_ws/src/semnav_migration/src/navigation_semantic.cpp:173:32: error: ‘UInt32’ is not a member of ‘std_msgs::msg’
  173 |                 std_msgs::msg::UInt32 commandId;
      |                                ^~~~~~
/home/neha/ros2_ws/src/semnav_migration/src/navigation_semantic.cpp:174:25: error: ‘commandId’ was not declared in this scope
  174 |                         commandId.data = BehaviorIdCmd;
      |                         ^~~~~~~~~
/home/neha/ros2_ws/src/semnav_migration/src/navigation_semantic.cpp:175:41: error: request for member ‘publish’ in ‘((SemanticNavigationNode*)this)->SemanticNavigationNode::pub_behaviorID_’, which is of non-class type ‘int’
  175 |                         pub_behaviorID_.publish(commandId);
      |                                         ^~~~~~~
/home/neha/ros2_ws/src/semnav_migration/src/navigation_semantic.cpp: In member function ‘void SemanticNavigationNode::publish_behavior_mode(uint16_t)’:
/home/neha/ros2_ws/src/semnav_migration/src/navigation_semantic.cpp:180:28: error: ‘UInt32’ is not a member of ‘std_msgs::msg’
  180 |             std_msgs::msg::UInt32 commandMode;
      |                            ^~~~~~
/home/neha/ros2_ws/src/semnav_migration/src/navigation.cpp:144:116: error: no matching function for call to ‘message_filters::Subscriber<sensor_msgs::msg::LaserScan_<std::allocator<void> > >::Subscriber(rclcpp::Node&, std::string&, int)’
  144 |                         message_filters::Subscriber<sensor_msgs::msg::LaserScan> sub_laser(nh_, sub_laser_topic_, 1);
      |                                                                                                                    ^
In file included from /home/neha/ros2_ws/src/semnav_migration/include/reactive_planner_lib.h:43:
/opt/ros/jazzy/include/message_filters/message_filters/subscriber.h:224:3: note: candidate: ‘message_filters::Subscriber<M, NodeType>::Subscriber() [with M = sensor_msgs::msg::LaserScan_<std::allocator<void> >; NodeType = rclcpp::Node]’
  224 |   Subscriber() = default;
      |   ^~~~~~~~~~
/opt/ros/jazzy/include/message_filters/message_filters/subscriber.h:224:3: note:   candidate expects 0 arguments, 3 provided
/opt/ros/jazzy/include/message_filters/message_filters/subscriber.h:212:3: note: candidate: ‘message_filters::Subscriber<M, NodeType>::Subscriber(NodeType*, const std::string&, rmw_qos_profile_t, rclcpp::SubscriptionOptions) [with M = sensor_msgs::msg::LaserScan_<std::allocator<void> >; NodeType = rclcpp::Node; std::string = std::__cxx11::basic_string<char>; rmw_qos_profile_t = rmw_qos_profile_s; rclcpp::SubscriptionOptions = rclcpp::SubscriptionOptionsWithAllocator<std::allocator<void> >]’
  212 |   Subscriber(
      |   ^~~~~~~~~~
/opt/ros/jazzy/include/message_filters/message_filters/subscriber.h:212:3: note:   candidate expects 4 arguments, 3 provided
/opt/ros/jazzy/include/message_filters/message_filters/subscriber.h:203:3: note: candidate: ‘message_filters::Subscriber<M, NodeType>::Subscriber(NodePtr, const std::string&, rmw_qos_profile_t, rclcpp::SubscriptionOptions) [with M = sensor_msgs::msg::LaserScan_<std::allocator<void> >; NodeType = rclcpp::Node; NodePtr = std::shared_ptr<rclcpp::Node>; std::string = std::__cxx11::basic_string<char>; rmw_qos_profile_t = rmw_qos_profile_s; rclcpp::SubscriptionOptions = rclcpp::SubscriptionOptionsWithAllocator<std::allocator<void> >]’
  203 |   Subscriber(
      |   ^~~~~~~~~~
/opt/ros/jazzy/include/message_filters/message_filters/subscriber.h:203:3: note:   candidate expects 4 arguments, 3 provided
/opt/ros/jazzy/include/message_filters/message_filters/subscriber.h:188:3: note: candidate: ‘message_filters::Subscriber<M, NodeType>::Subscriber(NodeType*, const std::string&, rmw_qos_profile_t) [with M = sensor_msgs::msg::LaserScan_<std::allocator<void> >; NodeType = rclcpp::Node; std::string = std::__cxx11::basic_string<char>; rmw_qos_profile_t = rmw_qos_profile_s]’
  188 |   Subscriber(NodeType * node, const std::string& topic, const rmw_qos_profile_t qos = rmw_qos_profile_default)
      |   ^~~~~~~~~~
/opt/ros/jazzy/include/message_filters/message_filters/subscriber.h:188:25: note:   no known conversion for argument 1 from ‘rclcpp::Node’ to ‘rclcpp::Node*’
  188 |   Subscriber(NodeType * node, const std::string& topic, const rmw_qos_profile_t qos = rmw_qos_profile_default)
      |              ~~~~~~~~~~~^~~~
/opt/ros/jazzy/include/message_filters/message_filters/subscriber.h:183:3: note: candidate: ‘message_filters::Subscriber<M, NodeType>::Subscriber(NodePtr, const std::string&, rmw_qos_profile_t) [with M = sensor_msgs::msg::LaserScan_<std::allocator<void> >; NodeType = rclcpp::Node; NodePtr = std::shared_ptr<rclcpp::Node>; std::string = std::__cxx11::basic_string<char>; rmw_qos_profile_t = rmw_qos_profile_s]’
  183 |   Subscriber(NodePtr node, const std::string& topic, const rmw_qos_profile_t qos = rmw_qos_profile_default)
      |   ^~~~~~~~~~
/opt/ros/jazzy/include/message_filters/message_filters/subscriber.h:183:22: note:   no known conversion for argument 1 from ‘rclcpp::Node’ to ‘message_filters::Subscriber<sensor_msgs::msg::LaserScan_<std::allocator<void> > >::NodePtr’ {aka ‘std::shared_ptr<rclcpp::Node>’}
  183 |   Subscriber(NodePtr node, const std::string& topic, const rmw_qos_profile_t qos = rmw_qos_profile_default)
      |              ~~~~~~~~^~~~
/home/neha/ros2_ws/src/semnav_migration/src/navigation_semantic.cpp:181:25: error: ‘commandMode’ was not declared in this scope
  181 |                         commandMode.data = BehaviorModeCmd;
      |                         ^~~~~~~~~~~
/home/neha/ros2_ws/src/semnav_migration/src/navigation.cpp:145:112: error: no matching function for call to ‘message_filters::Subscriber<nav_msgs::msg::Odometry_<std::allocator<void> > >::Subscriber(rclcpp::Node&, std::string&, int)’
  145 |                         message_filters::Subscriber<nav_msgs::msg::Odometry> sub_robot(nh_, sub_robot_topic_, 1);
      |                                                                                                                ^
/opt/ros/jazzy/include/message_filters/message_filters/subscriber.h:224:3: note: candidate: ‘message_filters::Subscriber<M, NodeType>::Subscriber() [with M = nav_msgs::msg::Odometry_<std::allocator<void> >; NodeType = rclcpp::Node]’
  224 |   Subscriber() = default;
      |   ^~~~~~~~~~
/opt/ros/jazzy/include/message_filters/message_filters/subscriber.h:224:3: note:   candidate expects 0 arguments, 3 provided
/opt/ros/jazzy/include/message_filters/message_filters/subscriber.h:212:3: note: candidate: ‘message_filters::Subscriber<M, NodeType>::Subscriber(NodeType*, const std::string&, rmw_qos_profile_t, rclcpp::SubscriptionOptions) [with M = nav_msgs::msg::Odometry_<std::allocator<void> >; NodeType = rclcpp::Node; std::string = std::__cxx11::basic_string<char>; rmw_qos_profile_t = rmw_qos_profile_s; rclcpp::SubscriptionOptions = rclcpp::SubscriptionOptionsWithAllocator<std::allocator<void> >]’
  212 |   Subscriber(
      |   ^~~~~~~~~~
/opt/ros/jazzy/include/message_filters/message_filters/subscriber.h:212:3: note:   candidate expects 4 arguments, 3 provided
/opt/ros/jazzy/include/message_filters/message_filters/subscriber.h:203:3: note: candidate: ‘message_filters::Subscriber<M, NodeType>::Subscriber(NodePtr, const std::string&, rmw_qos_profile_t, rclcpp::SubscriptionOptions) [with M = nav_msgs::msg::Odometry_<std::allocator<void> >; NodeType = rclcpp::Node; NodePtr = std::shared_ptr<rclcpp::Node>; std::string = std::__cxx11::basic_string<char>; rmw_qos_profile_t = rmw_qos_profile_s; rclcpp::SubscriptionOptions = rclcpp::SubscriptionOptionsWithAllocator<std::allocator<void> >]’
  203 |   Subscriber(
      |   ^~~~~~~~~~
/opt/ros/jazzy/include/message_filters/message_filters/subscriber.h:203:3: note:   candidate expects 4 arguments, 3 provided
/opt/ros/jazzy/include/message_filters/message_filters/subscriber.h:188:3: note: candidate: ‘message_filters::Subscriber<M, NodeType>::Subscriber(NodeType*, const std::string&, rmw_qos_profile_t) [with M = nav_msgs::msg::Odometry_<std::allocator<void> >; NodeType = rclcpp::Node; std::string = std::__cxx11::basic_string<char>; rmw_qos_profile_t = rmw_qos_profile_s]’
  188 |   Subscriber(NodeType * node, const std::string& topic, const rmw_qos_profile_t qos = rmw_qos_profile_default)
      |   ^~~~~~~~~~
/opt/ros/jazzy/include/message_filters/message_filters/subscriber.h:188:25: note:   no known conversion for argument 1 from ‘rclcpp::Node’ to ‘rclcpp::Node*’
  188 |   Subscriber(NodeType * node, const std::string& topic, const rmw_qos_profile_t qos = rmw_qos_profile_default)
      |              ~~~~~~~~~~~^~~~
/opt/ros/jazzy/include/message_filters/message_filters/subscriber.h:183:3: note: candidate: ‘message_filters::Subscriber<M, NodeType>::Subscriber(NodePtr, const std::string&, rmw_qos_profile_t) [with M = nav_msgs::msg::Odometry_<std::allocator<void> >; NodeType = rclcpp::Node; NodePtr = std::shared_ptr<rclcpp::Node>; std::string = std::__cxx11::basic_string<char>; rmw_qos_profile_t = rmw_qos_profile_s]’
  183 |   Subscriber(NodePtr node, const std::string& topic, const rmw_qos_profile_t qos = rmw_qos_profile_default)
      |   ^~~~~~~~~~
/opt/ros/jazzy/include/message_filters/message_filters/subscriber.h:183:22: note:   no known conversion for argument 1 from ‘rclcpp::Node’ to ‘message_filters::Subscriber<nav_msgs::msg::Odometry_<std::allocator<void> > >::NodePtr’ {aka ‘std::shared_ptr<rclcpp::Node>’}
  183 |   Subscriber(NodePtr node, const std::string& topic, const rmw_qos_profile_t qos = rmw_qos_profile_default)
      |              ~~~~~~~~^~~~
/home/neha/ros2_ws/src/semnav_migration/src/navigation_semantic.cpp: In member function ‘void SemanticNavigationNode::control_callback(const sensor_msgs::msg::LaserScan_<std::allocator<void> >::ConstPtr&, const nav_msgs::msg::Odometry_<std::allocator<void> >::ConstPtr&)’:
/home/neha/ros2_ws/src/semnav_migration/src/navigation_semantic.cpp:406:33: error: ‘listener_’ was not declared in this scope
  406 |                                 listener_.waitForTransform(world_frame_id_, odom_frame_id_, rclcpp::Time(0), ros::Duration(1.0));
      |                                 ^~~~~~~~~
/home/neha/ros2_ws/src/semnav_migration/src/navigation_semantic.cpp:406:110: error: ‘ros’ has not been declared
  406 |                                 listener_.waitForTransform(world_frame_id_, odom_frame_id_, rclcpp::Time(0), ros::Duration(1.0));
      |                                                                                                              ^~~
In file included from /opt/ros/jazzy/include/rclcpp/rclcpp/copy_all_parameter_values.hpp:27,
                 from /opt/ros/jazzy/include/rclcpp/rclcpp/rclcpp.hpp:171:
/home/neha/ros2_ws/src/semnav_migration/src/navigation_semantic.cpp:409:33: error: static assertion failed: First argument to logging macros must be an rclcpp::Logger
  409 |                                 RCLCPP_ERROR("%s",ex.what());
      |                                 ^~~~~~~~~~~~
In file included from /opt/ros/jazzy/include/rclcpp/rclcpp/logging.hpp:24:
/home/neha/ros2_ws/src/semnav_migration/src/navigation_semantic.cpp:409:33: error: request for member ‘get_name’ in ‘("%s")’, which is of non-class type ‘const char [3]’
  409 |                                 RCLCPP_ERROR("%s",ex.what());
      |                                 ^~~~~~~~~~~~
/home/neha/ros2_ws/src/semnav_migration/src/navigation_semantic.cpp:409:33: error: request for member ‘get_name’ in ‘("%s")’, which is of non-class type ‘const char [3]’
  409 |                                 RCLCPP_ERROR("%s",ex.what());
      |                                 ^~~~~~~~~~~~
/home/neha/ros2_ws/src/semnav_migration/src/navigation_semantic.cpp:434:42: error: could not convert ‘lidar_data’ from ‘shared_ptr<LaserScan_<[...]>>’ to ‘shared_ptr<LaserScan_<[...]>>’
  434 |                         constructLIDAR2D(lidar_data, CutoffRange_, AllowableRange_, RobotPitch_, &LIDAR);
      |                                          ^~~~~~~~~~
      |                                          |
      |                                          shared_ptr<LaserScan_<[...]>>
/home/neha/ros2_ws/src/semnav_migration/src/navigation.cpp:150:55: error: ‘bind’ is not a member of ‘boost’; did you mean ‘find’?
  150 |                         sync->registerCallback(boost::bind(&NavigationNode::control_callback, this, _1, _2));
      |                                                       ^~~~
      |                                                       find
/home/neha/ros2_ws/src/semnav_migration/src/navigation.cpp:150:101: error: ‘_1’ was not declared in this scope
  150 |                         sync->registerCallback(boost::bind(&NavigationNode::control_callback, this, _1, _2));
      |                                                                                                     ^~
/home/neha/ros2_ws/src/semnav_migration/src/navigation.cpp:150:101: note: suggested alternatives:
In file included from /usr/include/boost/mpl/aux_/include_preprocessed.hpp:37,
                 from /usr/include/boost/mpl/placeholders.hpp:43,
                 from /usr/include/boost/iterator/iterator_categories.hpp:16,
                 from /usr/include/boost/iterator/iterator_facade.hpp:13,
                 from /usr/include/boost/range/iterator_range_core.hpp:27,
                 from /usr/include/boost/lexical_cast.hpp:48,
                 from /usr/include/boost/multiprecision/detail/number_base.hpp:29,
                 from /usr/include/boost/multiprecision/traits/is_variable_precision.hpp:9,
                 from /usr/include/boost/multiprecision/detail/precision.hpp:9,
                 from /usr/include/boost/multiprecision/number.hpp:11,
                 from /usr/include/boost/multiprecision/cpp_int.hpp:19,
                 from /usr/include/boost/multiprecision/cpp_bin_float.hpp:15,
                 from /usr/include/boost/geometry/core/coordinate_promotion.hpp:16,
                 from /usr/include/boost/geometry/core/radian_access.hpp:30,
                 from /usr/include/boost/geometry/geometry.hpp:50,
                 from /usr/include/boost/geometry.hpp:17,
                 from /home/neha/ros2_ws/src/semnav_migration/include/reactive_planner_lib.h:26:
/usr/include/boost/mpl/aux_/preprocessed/gcc/placeholders.hpp:29:16: note:   ‘mpl_::_1’
   29 | typedef arg<1> _1;
      |                ^~
In file included from /usr/include/boost/numeric/conversion/converter_policies.hpp:13,
                 from /usr/include/boost/numeric/conversion/converter.hpp:14,
                 from /usr/include/boost/numeric/conversion/cast.hpp:33,
                 from /usr/include/boost/geometry/core/radian_access.hpp:26:
/usr/include/c++/13/functional:294:48: note:   ‘std::placeholders::_1’
  294 |     _GLIBCXX_PLACEHOLDER const _Placeholder<1> _1;
      |                                                ^~
/usr/include/boost/mpl/aux_/preprocessed/gcc/placeholders.hpp:29:16: note:   ‘mpl_::_1’
   29 | typedef arg<1> _1;
      |                ^~
In file included from /usr/include/boost/describe/members.hpp:20,
                 from /usr/include/boost/container_hash/is_described_class.hpp:11,
                 from /usr/include/boost/container_hash/hash.hpp:18,
                 from /usr/include/boost/functional/hash.hpp:6,
                 from /usr/include/CGAL/Kernel/hash_functions.h:16,
                 from /usr/include/CGAL/Kernel/global_functions.h:25,
                 from /usr/include/CGAL/Cartesian/Cartesian_base.h:22,
                 from /usr/include/CGAL/Simple_cartesian.h:20,
                 from /usr/include/CGAL/Exact_predicates_inexact_constructions_kernel.h:20,
                 from /home/neha/ros2_ws/src/semnav_migration/include/polygeom_lib.h:32,
                 from /home/neha/ros2_ws/src/semnav_migration/include/reactive_planner_lib.h:51:
/usr/include/boost/mp11/bind.hpp:45:7: note:   ‘boost::mp11::_1’
   45 | using _1 = mp_arg<0>;
      |       ^~
/usr/include/boost/mpl/aux_/preprocessed/gcc/placeholders.hpp:29:16: note:   ‘mpl_::_1’
   29 | typedef arg<1> _1;
      |                ^~
/home/neha/ros2_ws/src/semnav_migration/src/navigation.cpp:150:105: error: ‘_2’ was not declared in this scope
  150 |                         sync->registerCallback(boost::bind(&NavigationNode::control_callback, this, _1, _2));
      |                                                                                                         ^~
/home/neha/ros2_ws/src/semnav_migration/src/navigation.cpp:150:105: note: suggested alternatives:
/usr/include/boost/mpl/aux_/preprocessed/gcc/placeholders.hpp:42:16: note:   ‘mpl_::_2’
   42 | typedef arg<2> _2;
      |                ^~
/usr/include/c++/13/functional:295:48: note:   ‘std::placeholders::_2’
  295 |     _GLIBCXX_PLACEHOLDER const _Placeholder<2> _2;
      |                                                ^~
/usr/include/boost/mpl/aux_/preprocessed/gcc/placeholders.hpp:42:16: note:   ‘mpl_::_2’
   42 | typedef arg<2> _2;
      |                ^~
/usr/include/boost/mp11/bind.hpp:46:7: note:   ‘boost::mp11::_2’
   46 | using _2 = mp_arg<1>;
      |       ^~
/usr/include/boost/mpl/aux_/preprocessed/gcc/placeholders.hpp:42:16: note:   ‘mpl_::_2’
   42 | typedef arg<2> _2;
      |                ^~
/home/neha/ros2_ws/src/semnav_migration/src/navigation_semantic.cpp:593:61: error: no matching function for call to ‘rclcpp::Duration::Duration(double)’
  593 |                                         rclcpp::Duration(5.0).sleep();
      |                                                             ^
/opt/ros/jazzy/include/rclcpp/rclcpp/duration.hpp:49:3: note: candidate: ‘template<class Rep, class Period> rclcpp::Duration::Duration(const std::chrono::duration<_Rep1, _Period1>&)’
   49 |   Duration(const std::chrono::duration<Rep, Period> & duration)  // NOLINT(runtime/explicit)
      |   ^~~~~~~~
/opt/ros/jazzy/include/rclcpp/rclcpp/duration.hpp:49:3: note:   template argument deduction/substitution failed:
/home/neha/ros2_ws/src/semnav_migration/src/navigation_semantic.cpp:593:61: note:   mismatched types ‘const std::chrono::duration<_Rep1, _Period1>’ and ‘double’
  593 |                                         rclcpp::Duration(5.0).sleep();
      |                                                             ^
/opt/ros/jazzy/include/rclcpp/rclcpp/duration.hpp:159:3: note: candidate: ‘rclcpp::Duration::Duration()’
  159 |   Duration() = default;
      |   ^~~~~~~~
/opt/ros/jazzy/include/rclcpp/rclcpp/duration.hpp:159:3: note:   candidate expects 0 arguments, 1 provided
/opt/ros/jazzy/include/rclcpp/rclcpp/duration.hpp:62:3: note: candidate: ‘rclcpp::Duration::Duration(const rclcpp::Duration&)’
   62 |   Duration(const Duration & rhs);
      |   ^~~~~~~~
/opt/ros/jazzy/include/rclcpp/rclcpp/duration.hpp:62:29: note:   no known conversion for argument 1 from ‘double’ to ‘const rclcpp::Duration&’
   62 |   Duration(const Duration & rhs);
      |            ~~~~~~~~~~~~~~~~~^~~
/opt/ros/jazzy/include/rclcpp/rclcpp/duration.hpp:60:12: note: candidate: ‘rclcpp::Duration::Duration(const rcl_duration_t&)’
   60 |   explicit Duration(const rcl_duration_t & duration);
      |            ^~~~~~~~
/opt/ros/jazzy/include/rclcpp/rclcpp/duration.hpp:60:44: note:   no known conversion for argument 1 from ‘double’ to ‘const rcl_duration_t&’ {aka ‘const rcl_duration_s&’}
   60 |   explicit Duration(const rcl_duration_t & duration);
      |                     ~~~~~~~~~~~~~~~~~~~~~~~^~~~~~~~
/opt/ros/jazzy/include/rclcpp/rclcpp/duration.hpp:54:3: note: candidate: ‘rclcpp::Duration::Duration(const builtin_interfaces::msg::Duration&)’
   54 |   Duration(const builtin_interfaces::msg::Duration & duration_msg);  // NOLINT(runtime/explicit)
      |   ^~~~~~~~
/opt/ros/jazzy/include/rclcpp/rclcpp/duration.hpp:54:54: note:   no known conversion for argument 1 from ‘double’ to ‘const builtin_interfaces::msg::Duration&’ {aka ‘const builtin_interfaces::msg::Duration_<std::allocator<void> >&’}
   54 |   Duration(const builtin_interfaces::msg::Duration & duration_msg);  // NOLINT(runtime/explicit)
      |            ~~~~~~~~~~~~~~~~~~~~~~~~~~~~~~~~~~~~~~~~~~^~~~~~~~~~~~
/opt/ros/jazzy/include/rclcpp/rclcpp/duration.hpp:43:12: note: candidate: ‘rclcpp::Duration::Duration(std::chrono::nanoseconds)’
   43 |   explicit Duration(std::chrono::nanoseconds nanoseconds);
      |            ^~~~~~~~
/opt/ros/jazzy/include/rclcpp/rclcpp/duration.hpp:43:46: note:   no known conversion for argument 1 from ‘double’ to ‘std::chrono::nanoseconds’ {aka ‘std::chrono::duration<long int, std::ratio<1, 1000000000> >’}
   43 |   explicit Duration(std::chrono::nanoseconds nanoseconds);
      |                     ~~~~~~~~~~~~~~~~~~~~~~~~~^~~~~~~~~~~
/opt/ros/jazzy/include/rclcpp/rclcpp/duration.hpp:40:3: note: candidate: ‘rclcpp::Duration::Duration(int32_t, uint32_t)’
   40 |   Duration(int32_t seconds, uint32_t nanoseconds);
      |   ^~~~~~~~
/opt/ros/jazzy/include/rclcpp/rclcpp/duration.hpp:40:3: note:   candidate expects 2 arguments, 1 provided
/home/neha/ros2_ws/src/semnav_migration/src/navigation.cpp:153:20: error: ‘Subscription’ was not declared in this scope
  153 |             rclcpp:Subscription sub_semantic = this->create_subscriber(sub_semantic_topic_, 1);
      |                    ^~~~~~~~~~~~
/home/neha/ros2_ws/src/semnav_migration/src/navigation.cpp:153:20: note: suggested alternatives:
In file included from /opt/ros/jazzy/include/rclcpp/rclcpp/any_executable.hpp:25,
                 from /opt/ros/jazzy/include/rclcpp/rclcpp/memory_strategy.hpp:25,
                 from /opt/ros/jazzy/include/rclcpp/rclcpp/memory_strategies.hpp:18,
                 from /opt/ros/jazzy/include/rclcpp/rclcpp/executor_options.hpp:22,
                 from /opt/ros/jazzy/include/rclcpp/rclcpp/executor.hpp:38,
                 from /opt/ros/jazzy/include/rclcpp/rclcpp/executors/multi_threaded_executor.hpp:25,
                 from /opt/ros/jazzy/include/rclcpp/rclcpp/executors.hpp:21:
/opt/ros/jazzy/include/rclcpp/rclcpp/subscription.hpp:75:7: note:   ‘rclcpp::Subscription’
   75 | class Subscription : public SubscriptionBase
      |       ^~~~~~~~~~~~
In file included from /opt/ros/jazzy/include/rclcpp/rclcpp/client.hpp:45,
                 from /opt/ros/jazzy/include/rclcpp/rclcpp/callback_group.hpp:24,
                 from /opt/ros/jazzy/include/rclcpp/rclcpp/any_executable.hpp:20:
/opt/ros/jazzy/include/rclcpp/rclcpp/node_interfaces/node_graph_interface.hpp:43:3: note:   ‘rclcpp::EndpointType::Subscription’
   43 |   Subscription = RMW_ENDPOINT_SUBSCRIPTION
      |   ^~~~~~~~~~~~
/home/neha/ros2_ws/src/semnav_migration/src/navigation.cpp:157:45: error: no matching function for call to ‘rclcpp::Duration::Duration(double)’
  157 |                         rclcpp::Duration(5.0).sleep();
      |                                             ^
In file included from /opt/ros/jazzy/include/rclcpp/rclcpp/time.hpp:24,
                 from /opt/ros/jazzy/include/rclcpp/rclcpp/clock.hpp:24,
                 from /opt/ros/jazzy/include/rclcpp/rclcpp/client.hpp:38:
/opt/ros/jazzy/include/rclcpp/rclcpp/duration.hpp:49:3: note: candidate: ‘template<class Rep, class Period> rclcpp::Duration::Duration(const std::chrono::duration<_Rep1, _Period1>&)’
   49 |   Duration(const std::chrono::duration<Rep, Period> & duration)  // NOLINT(runtime/explicit)
      |   ^~~~~~~~
/opt/ros/jazzy/include/rclcpp/rclcpp/duration.hpp:49:3: note:   template argument deduction/substitution failed:
/home/neha/ros2_ws/src/semnav_migration/src/navigation.cpp:157:45: note:   mismatched types ‘const std::chrono::duration<_Rep1, _Period1>’ and ‘double’
  157 |                         rclcpp::Duration(5.0).sleep();
      |                                             ^
/opt/ros/jazzy/include/rclcpp/rclcpp/duration.hpp:159:3: note: candidate: ‘rclcpp::Duration::Duration()’
  159 |   Duration() = default;
      |   ^~~~~~~~
/opt/ros/jazzy/include/rclcpp/rclcpp/duration.hpp:159:3: note:   candidate expects 0 arguments, 1 provided
/opt/ros/jazzy/include/rclcpp/rclcpp/duration.hpp:62:3: note: candidate: ‘rclcpp::Duration::Duration(const rclcpp::Duration&)’
   62 |   Duration(const Duration & rhs);
      |   ^~~~~~~~
/opt/ros/jazzy/include/rclcpp/rclcpp/duration.hpp:62:29: note:   no known conversion for argument 1 from ‘double’ to ‘const rclcpp::Duration&’
   62 |   Duration(const Duration & rhs);
      |            ~~~~~~~~~~~~~~~~~^~~
/opt/ros/jazzy/include/rclcpp/rclcpp/duration.hpp:60:12: note: candidate: ‘rclcpp::Duration::Duration(const rcl_duration_t&)’
   60 |   explicit Duration(const rcl_duration_t & duration);
      |            ^~~~~~~~
/opt/ros/jazzy/include/rclcpp/rclcpp/duration.hpp:60:44: note:   no known conversion for argument 1 from ‘double’ to ‘const rcl_duration_t&’ {aka ‘const rcl_duration_s&’}
   60 |   explicit Duration(const rcl_duration_t & duration);
      |                     ~~~~~~~~~~~~~~~~~~~~~~~^~~~~~~~
/opt/ros/jazzy/include/rclcpp/rclcpp/duration.hpp:54:3: note: candidate: ‘rclcpp::Duration::Duration(const builtin_interfaces::msg::Duration&)’
   54 |   Duration(const builtin_interfaces::msg::Duration & duration_msg);  // NOLINT(runtime/explicit)
      |   ^~~~~~~~
/opt/ros/jazzy/include/rclcpp/rclcpp/duration.hpp:54:54: note:   no known conversion for argument 1 from ‘double’ to ‘const builtin_interfaces::msg::Duration&’ {aka ‘const builtin_interfaces::msg::Duration_<std::allocator<void> >&’}
   54 |   Duration(const builtin_interfaces::msg::Duration & duration_msg);  // NOLINT(runtime/explicit)
      |            ~~~~~~~~~~~~~~~~~~~~~~~~~~~~~~~~~~~~~~~~~~^~~~~~~~~~~~
/opt/ros/jazzy/include/rclcpp/rclcpp/duration.hpp:43:12: note: candidate: ‘rclcpp::Duration::Duration(std::chrono::nanoseconds)’
   43 |   explicit Duration(std::chrono::nanoseconds nanoseconds);
      |            ^~~~~~~~
/opt/ros/jazzy/include/rclcpp/rclcpp/duration.hpp:43:46: note:   no known conversion for argument 1 from ‘double’ to ‘std::chrono::nanoseconds’ {aka ‘std::chrono::duration<long int, std::ratio<1, 1000000000> >’}
   43 |   explicit Duration(std::chrono::nanoseconds nanoseconds);
      |                     ~~~~~~~~~~~~~~~~~~~~~~~~~^~~~~~~~~~~
/opt/ros/jazzy/include/rclcpp/rclcpp/duration.hpp:40:3: note: candidate: ‘rclcpp::Duration::Duration(int32_t, uint32_t)’
   40 |   Duration(int32_t seconds, uint32_t nanoseconds);
      |   ^~~~~~~~
/opt/ros/jazzy/include/rclcpp/rclcpp/duration.hpp:40:3: note:   candidate expects 2 arguments, 1 provided
/home/neha/ros2_ws/src/semnav_migration/src/navigation_semantic.cpp: In function ‘int main(int, char**)’:
/home/neha/ros2_ws/src/semnav_migration/src/navigation_semantic.cpp:700:34: error: invalid initialization of reference of type ‘const rclcpp::InitOptions&’ from expression of type ‘const char [20]’
  700 |         rclcpp::init(argc, argv, "navigation_semantic");
      |                                  ^~~~~~~~~~~~~~~~~~~~~
In file included from /opt/ros/jazzy/include/rclcpp/rclcpp/logging.hpp:25:
/opt/ros/jazzy/include/rclcpp/rclcpp/utilities.hpp:78:23: note: in passing argument 3 of ‘void rclcpp::init(int, const char* const*, const InitOptions&, SignalHandlerOptions)’
   78 |   const InitOptions & init_options = InitOptions(),
      |   ~~~~~~~~~~~~~~~~~~~~^~~~~~~~~~~~~~~~~~~~~~~~~~~~
/home/neha/ros2_ws/src/semnav_migration/src/navigation.cpp:164:38: error: ‘node_ptr’ was not declared in this scope; did you mean ‘mode_t’?
  164 |                         rclcpp::spin(node_ptr);
      |                                      ^~~~~~~~
      |                                      mode_t
/home/neha/ros2_ws/src/semnav_migration/src/navigation.cpp: In member function ‘void NavigationNode::publish_twist(double, double)’:
/home/neha/ros2_ws/src/semnav_migration/src/navigation.cpp:171:25: error: ‘pub_twist_’ was not declared in this scope; did you mean ‘publish_twist’?
  171 |                         pub_twist_.publish(commandTwist);
      |                         ^~~~~~~~~~
      |                         publish_twist
/home/neha/ros2_ws/src/semnav_migration/src/navigation.cpp: In member function ‘void NavigationNode::publish_behavior_id(uint16_t)’:
/home/neha/ros2_ws/src/semnav_migration/src/navigation.cpp:176:28: error: ‘UInt32’ is not a member of ‘std_msgs::msg’
  176 |             std_msgs::msg::UInt32 commandId;
      |                            ^~~~~~
/home/neha/ros2_ws/src/semnav_migration/src/navigation.cpp:177:25: error: ‘commandId’ was not declared in this scope
  177 |                         commandId.data = BehaviorIdCmd;
      |                         ^~~~~~~~~
/home/neha/ros2_ws/src/semnav_migration/src/navigation.cpp:178:25: error: ‘pub_behaviorID_’ was not declared in this scope; did you mean ‘pub_behaviorID_topic_’?
  178 |                         pub_behaviorID_.publish(commandId);
      |                         ^~~~~~~~~~~~~~~
      |                         pub_behaviorID_topic_
/home/neha/ros2_ws/src/semnav_migration/src/navigation.cpp: In member function ‘void NavigationNode::publish_behavior_mode(uint16_t)’:
/home/neha/ros2_ws/src/semnav_migration/src/navigation.cpp:183:28: error: ‘UInt32’ is not a member of ‘std_msgs::msg’
  183 |             std_msgs::msg::UInt32 commandMode;
      |                            ^~~~~~
/home/neha/ros2_ws/src/semnav_migration/src/navigation.cpp:184:25: error: ‘commandMode’ was not declared in this scope
  184 |                         commandMode.data = BehaviorModeCmd;
      |                         ^~~~~~~~~~~
/home/neha/ros2_ws/src/semnav_migration/src/navigation.cpp:185:25: error: ‘pub_behaviorMode_’ was not declared in this scope; did you mean ‘pub_behaviorMode_topic_’?
  185 |                         pub_behaviorMode_.publish(commandMode);
      |                         ^~~~~~~~~~~~~~~~~
      |                         pub_behaviorMode_topic_
/home/neha/ros2_ws/src/semnav_migration/src/navigation.cpp: In member function ‘void NavigationNode::control_callback(const sensor_msgs::msg::LaserScan_<std::allocator<void> >::ConstPtr&, const nav_msgs::msg::Odometry_<std::allocator<void> >::ConstPtr&)’:
/home/neha/ros2_ws/src/semnav_migration/src/navigation.cpp:368:33: error: ‘listener_’ was not declared in this scope
  368 |                                 listener_.waitForTransform(world_frame_id_, odom_frame_id_, rclcpp::Time(0), rclcpp::Duration(1.0));
      |                                 ^~~~~~~~~
/home/neha/ros2_ws/src/semnav_migration/src/navigation.cpp:368:130: error: no matching function for call to ‘rclcpp::Duration::Duration(double)’
  368 |                                 listener_.waitForTransform(world_frame_id_, odom_frame_id_, rclcpp::Time(0), rclcpp::Duration(1.0));
      |                                                                                                                                  ^
/opt/ros/jazzy/include/rclcpp/rclcpp/duration.hpp:49:3: note: candidate: ‘template<class Rep, class Period> rclcpp::Duration::Duration(const std::chrono::duration<_Rep1, _Period1>&)’
   49 |   Duration(const std::chrono::duration<Rep, Period> & duration)  // NOLINT(runtime/explicit)
      |   ^~~~~~~~
/opt/ros/jazzy/include/rclcpp/rclcpp/duration.hpp:49:3: note:   template argument deduction/substitution failed:
/home/neha/ros2_ws/src/semnav_migration/src/navigation.cpp:368:130: note:   mismatched types ‘const std::chrono::duration<_Rep1, _Period1>’ and ‘double’
  368 |                                 listener_.waitForTransform(world_frame_id_, odom_frame_id_, rclcpp::Time(0), rclcpp::Duration(1.0));
      |                                                                                                                                  ^
/opt/ros/jazzy/include/rclcpp/rclcpp/duration.hpp:159:3: note: candidate: ‘rclcpp::Duration::Duration()’
  159 |   Duration() = default;
      |   ^~~~~~~~
/opt/ros/jazzy/include/rclcpp/rclcpp/duration.hpp:159:3: note:   candidate expects 0 arguments, 1 provided
/opt/ros/jazzy/include/rclcpp/rclcpp/duration.hpp:62:3: note: candidate: ‘rclcpp::Duration::Duration(const rclcpp::Duration&)’
   62 |   Duration(const Duration & rhs);
      |   ^~~~~~~~
/opt/ros/jazzy/include/rclcpp/rclcpp/duration.hpp:62:29: note:   no known conversion for argument 1 from ‘double’ to ‘const rclcpp::Duration&’
   62 |   Duration(const Duration & rhs);
      |            ~~~~~~~~~~~~~~~~~^~~
/opt/ros/jazzy/include/rclcpp/rclcpp/duration.hpp:60:12: note: candidate: ‘rclcpp::Duration::Duration(const rcl_duration_t&)’
   60 |   explicit Duration(const rcl_duration_t & duration);
      |            ^~~~~~~~
/opt/ros/jazzy/include/rclcpp/rclcpp/duration.hpp:60:44: note:   no known conversion for argument 1 from ‘double’ to ‘const rcl_duration_t&’ {aka ‘const rcl_duration_s&’}
   60 |   explicit Duration(const rcl_duration_t & duration);
      |                     ~~~~~~~~~~~~~~~~~~~~~~~^~~~~~~~
/opt/ros/jazzy/include/rclcpp/rclcpp/duration.hpp:54:3: note: candidate: ‘rclcpp::Duration::Duration(const builtin_interfaces::msg::Duration&)’
   54 |   Duration(const builtin_interfaces::msg::Duration & duration_msg);  // NOLINT(runtime/explicit)
      |   ^~~~~~~~
/opt/ros/jazzy/include/rclcpp/rclcpp/duration.hpp:54:54: note:   no known conversion for argument 1 from ‘double’ to ‘const builtin_interfaces::msg::Duration&’ {aka ‘const builtin_interfaces::msg::Duration_<std::allocator<void> >&’}
   54 |   Duration(const builtin_interfaces::msg::Duration & duration_msg);  // NOLINT(runtime/explicit)
      |            ~~~~~~~~~~~~~~~~~~~~~~~~~~~~~~~~~~~~~~~~~~^~~~~~~~~~~~
/opt/ros/jazzy/include/rclcpp/rclcpp/duration.hpp:43:12: note: candidate: ‘rclcpp::Duration::Duration(std::chrono::nanoseconds)’
   43 |   explicit Duration(std::chrono::nanoseconds nanoseconds);
      |            ^~~~~~~~
/opt/ros/jazzy/include/rclcpp/rclcpp/duration.hpp:43:46: note:   no known conversion for argument 1 from ‘double’ to ‘std::chrono::nanoseconds’ {aka ‘std::chrono::duration<long int, std::ratio<1, 1000000000> >’}
   43 |   explicit Duration(std::chrono::nanoseconds nanoseconds);
      |                     ~~~~~~~~~~~~~~~~~~~~~~~~~^~~~~~~~~~~
/opt/ros/jazzy/include/rclcpp/rclcpp/duration.hpp:40:3: note: candidate: ‘rclcpp::Duration::Duration(int32_t, uint32_t)’
   40 |   Duration(int32_t seconds, uint32_t nanoseconds);
      |   ^~~~~~~~
/opt/ros/jazzy/include/rclcpp/rclcpp/duration.hpp:40:3: note:   candidate expects 2 arguments, 1 provided
/home/neha/ros2_ws/src/semnav_migration/src/navigation.cpp:398:42: error: could not convert ‘lidar_data’ from ‘shared_ptr<LaserScan_<[...]>>’ to ‘shared_ptr<LaserScan_<[...]>>’
  398 |                         constructLIDAR2D(lidar_data, CutoffRange_, AllowableRange_, RobotPitch_, &LIDAR);
      |                                          ^~~~~~~~~~
      |                                          |
      |                                          shared_ptr<LaserScan_<[...]>>
/home/neha/ros2_ws/src/semnav_migration/src/navigation.cpp:573:59: error: conversion from ‘long int’ to non-scalar type ‘const std::chrono::nanoseconds’ {aka ‘const std::chrono::duration<long int, std::ratio<1, 1000000000> >’} requested
  573 |                 const std::chrono::nanoseconds duration = 5000000000;
      |                                                           ^~~~~~~~~~
gmake[2]: *** [CMakeFiles/navigation_semantic.dir/build.make:76: CMakeFiles/navigation_semantic.dir/src/navigation_semantic.cpp.o] Error 1
gmake[1]: *** [CMakeFiles/Makefile2:207: CMakeFiles/navigation_semantic.dir/all] Error 2
gmake[1]: *** Waiting for unfinished jobs....
gmake[2]: *** [CMakeFiles/navigation.dir/build.make:76: CMakeFiles/navigation.dir/src/navigation.cpp.o] Error 1
gmake[1]: *** [CMakeFiles/Makefile2:181: CMakeFiles/navigation.dir/all] Error 2
gmake: *** [Makefile:146: all] Error 2
