[0.035s] Invoking command in '/home/neha/ros2_ws/src/semnav_migration/build/semnav': CMAKE_PREFIX_PATH=${CMAKE_PREFIX_PATH}:/opt/ros/jazzy DEBUGINFOD_URLS=https://debuginfod.ubuntu.com /usr/bin/cmake --build /home/neha/ros2_ws/src/semnav_migration/build/semnav -- -j2 -l2
[0.219s] [  4%] [32mBuilding CXX object CMakeFiles/reactive_planner.dir/src/libraries/reactive_planner_lib.cpp.o[0m
[62.142s] [  9%] [32m[1mLinking CXX static library libreactive_planner.a[0m
[62.920s] [ 14%] Built target reactive_planner
[63.223s] [ 19%] [32mBuilding CXX object CMakeFiles/navigation_semantic.dir/src/navigation_semantic.cpp.o[0m
[63.237s] [ 23%] [32mBuilding CXX object CMakeFiles/navigation.dir/src/navigation.cpp.o[0m
[88.581s] [01m[K/home/neha/ros2_ws/src/semnav_migration/src/navigation_semantic.cpp:240:47:[m[K [01;31m[Kerror: [m[Kâ€˜[01m[Kobject_pose_interface_msgs[m[Kâ€™ does not name a type
[88.581s]   240 |                 void diffeo_tree_update(const [01;31m[Kobject_pose_interface_msgs[m[K::msg::SemanticMapObjectArray::ConstPtr& semantic_map_data) {
[88.584s]       |                                               [01;31m[K^~~~~~~~~~~~~~~~~~~~~~~~~~[m[K
[88.585s] [01m[K/home/neha/ros2_ws/src/semnav_migration/src/navigation_semantic.cpp:240:78:[m[K [01;31m[Kerror: [m[Kexpected unqualified-id before â€˜[01m[K::[m[Kâ€™ token
[88.585s]   240 |                 void diffeo_tree_update(const object_pose_interface_msgs::msg[01;31m[K::[m[KSemanticMapObjectArray::ConstPtr& semantic_map_data) {
[88.585s]       |                                                                              [01;31m[K^~[m[K
[88.585s] [01m[K/home/neha/ros2_ws/src/semnav_migration/src/navigation_semantic.cpp:240:78:[m[K [01;31m[Kerror: [m[Kexpected â€˜[01m[K)[m[Kâ€™ before â€˜[01m[K::[m[Kâ€™ token
[88.585s]   240 |                 void diffeo_tree_update[34m[K([m[Kconst object_pose_interface_msgs::msg[01;31m[K:[m[K[32m[K:[m[KSemanticMapObjectArray::ConstPtr& semantic_map_data) {
[88.588s]       |                                        [34m[K~[m[K                                     [01;31m[K^[m[K[32m[K~[m[K
[88.588s]       |                                                                              [32m[K)[m[K
[88.588s] [01m[K/home/neha/ros2_ws/src/semnav_migration/src/navigation_semantic.cpp:240:75:[m[K [01;31m[Kerror: [m[Kexpected â€˜[01m[K;[m[Kâ€™ at end of member declaration
[88.588s]   240 |                 void diffeo_tree_update(const object_pose_interface_msgs::[01;31m[Kmsg[m[K::SemanticMapObjectArray::ConstPtr& semantic_map_data) {
[88.588s]       |                                                                           [01;31m[K^~~[m[K
[88.588s]       |                                                                              [32m[K;[m[K
[88.625s] [01m[K/home/neha/ros2_ws/src/semnav_migration/src/navigation_semantic.cpp:240:80:[m[K [01;31m[Kerror: [m[Kâ€˜[01m[KSemanticMapObjectArray[m[Kâ€™ in namespace â€˜[01m[K::[m[Kâ€™ does not name a type
[88.625s]   240 |                 void diffeo_tree_update(const object_pose_interface_msgs::msg::[01;31m[KSemanticMapObjectArray[m[K::ConstPtr& semantic_map_data) {
[88.625s]       |                                                                                [01;31m[K^~~~~~~~~~~~~~~~~~~~~~[m[K
[88.629s] [01m[K/home/neha/ros2_ws/src/semnav_migration/src/navigation_semantic.cpp:623:17:[m[K [01;31m[Kerror: [m[Kâ€˜[01m[Kros[m[Kâ€™ does not name a type
[88.629s]   623 |                 [01;31m[Kros[m[K::NodeHandle nh_;
[88.629s]       |                 [01;31m[K^~~[m[K
[88.638s] [01m[K/home/neha/ros2_ws/src/semnav_migration/src/navigation_semantic.cpp:640:17:[m[K [01;31m[Kerror: [m[Kâ€˜[01m[Kros[m[Kâ€™ does not name a type
[88.638s]   640 |                 [01;31m[Kros[m[K::Publisher pub_behaviorID_;
[88.638s]       |                 [01;31m[K^~~[m[K
[88.642s] [01m[K/home/neha/ros2_ws/src/semnav_migration/src/navigation_semantic.cpp:641:17:[m[K [01;31m[Kerror: [m[Kâ€˜[01m[Kros[m[Kâ€™ does not name a type
[88.643s]   641 |                 [01;31m[Kros[m[K::Publisher pub_behaviorMode_;
[88.643s]       |                 [01;31m[K^~~[m[K
[88.647s] [01m[K/home/neha/ros2_ws/src/semnav_migration/src/navigation_semantic.cpp:642:17:[m[K [01;31m[Kerror: [m[Kâ€˜[01m[Kros[m[Kâ€™ does not name a type
[88.647s]   642 |                 [01;31m[Kros[m[K::Publisher pub_twist_;
[88.647s]       |                 [01;31m[K^~~[m[K
[88.653s] [01m[K/home/neha/ros2_ws/src/semnav_migration/src/navigation_semantic.cpp:644:17:[m[K [01;31m[Kerror: [m[Kâ€˜[01m[Kros[m[Kâ€™ does not name a type
[88.653s]   644 |                 [01;31m[Kros[m[K::Publisher pub_semantic_map_;
[88.653s]       |                 [01;31m[K^~~[m[K
[88.667s] [01m[K/home/neha/ros2_ws/src/semnav_migration/src/navigation_semantic.cpp:690:17:[m[K [01;31m[Kerror: [m[Kâ€˜[01m[Ktf[m[Kâ€™ does not name a type; did you mean â€˜[01m[Ktm[m[Kâ€™?
[88.668s]   690 |                 [01;31m[Ktf[m[K::TransformListener listener_;
[88.668s]       |                 [01;31m[K^~[m[K
[88.668s]       |                 [32m[Ktm[m[K
[88.722s] [01m[K/home/neha/ros2_ws/src/semnav_migration/src/navigation.cpp:243:47:[m[K [01;31m[Kerror: [m[Kâ€˜[01m[Kobject_pose_interface_msgs[m[Kâ€™ does not name a type
[88.722s]   243 |                 void diffeo_tree_update(const [01;31m[Kobject_pose_interface_msgs[m[K::msg::SemanticMapObjectArray::ConstPtr& semantic_map_data) {
[88.722s]       |                                               [01;31m[K^~~~~~~~~~~~~~~~~~~~~~~~~~[m[K
[88.723s] [01m[K/home/neha/ros2_ws/src/semnav_migration/src/navigation.cpp:243:78:[m[K [01;31m[Kerror: [m[Kexpected unqualified-id before â€˜[01m[K::[m[Kâ€™ token
[88.723s]   243 |                 void diffeo_tree_update(const object_pose_interface_msgs::msg[01;31m[K::[m[KSemanticMapObjectArray::ConstPtr& semantic_map_data) {
[88.723s]       |                                                                              [01;31m[K^~[m[K
[88.724s] [01m[K/home/neha/ros2_ws/src/semnav_migration/src/navigation.cpp:243:78:[m[K [01;31m[Kerror: [m[Kexpected â€˜[01m[K)[m[Kâ€™ before â€˜[01m[K::[m[Kâ€™ token
[88.724s]   243 |                 void diffeo_tree_update[34m[K([m[Kconst object_pose_interface_msgs::msg[01;31m[K:[m[K[32m[K:[m[KSemanticMapObjectArray::ConstPtr& semantic_map_data) {
[88.724s]       |                                        [34m[K~[m[K                                     [01;31m[K^[m[K[32m[K~[m[K
[88.724s]       |                                                                              [32m[K)[m[K
[88.726s] [01m[K/home/neha/ros2_ws/src/semnav_migration/src/navigation.cpp:243:75:[m[K [01;31m[Kerror: [m[Kexpected â€˜[01m[K;[m[Kâ€™ at end of member declaration
[88.726s]   243 |                 void diffeo_tree_update(const object_pose_interface_msgs::[01;31m[Kmsg[m[K::SemanticMapObjectArray::ConstPtr& semantic_map_data) {
[88.726s]       |                                                                           [01;31m[K^~~[m[K
[88.726s]       |                                                                              [32m[K;[m[K
[88.765s] [01m[K/home/neha/ros2_ws/src/semnav_migration/src/navigation.cpp:243:80:[m[K [01;31m[Kerror: [m[Kâ€˜[01m[KSemanticMapObjectArray[m[Kâ€™ in namespace â€˜[01m[K::[m[Kâ€™ does not name a type
[88.765s]   243 |                 void diffeo_tree_update(const object_pose_interface_msgs::msg::[01;31m[KSemanticMapObjectArray[m[K::ConstPtr& semantic_map_data) {
[88.766s]       |                                                                                [01;31m[K^~~~~~~~~~~~~~~~~~~~~~[m[K
[88.766s] [01m[K/home/neha/ros2_ws/src/semnav_migration/src/navigation.cpp:616:17:[m[K [01;31m[Kerror: [m[Kinvalid use of template-name â€˜[01m[Krclcpp::Publisher[m[Kâ€™ without an argument list
[88.767s]   616 |                 [01;31m[Krclcpp[m[K::Publisher pub_behaviorID_;
[88.767s]       |                 [01;31m[K^~~~~~[m[K
[88.768s] [01m[K/home/neha/ros2_ws/src/semnav_migration/src/navigation.cpp:617:17:[m[K [01;31m[Kerror: [m[Kinvalid use of template-name â€˜[01m[Krclcpp::Publisher[m[Kâ€™ without an argument list
[88.770s]   617 |                 [01;31m[Krclcpp[m[K::Publisher pub_behaviorMode_;
[88.770s]       |                 [01;31m[K^~~~~~[m[K
[88.770s] [01m[K/home/neha/ros2_ws/src/semnav_migration/src/navigation.cpp:618:17:[m[K [01;31m[Kerror: [m[Kinvalid use of template-name â€˜[01m[Krclcpp::Publisher[m[Kâ€™ without an argument list
[88.770s]   618 |                 [01;31m[Krclcpp[m[K::Publisher pub_twist_;
[88.770s]       |                 [01;31m[K^~~~~~[m[K
[88.770s] [01m[K/home/neha/ros2_ws/src/semnav_migration/src/navigation.cpp:620:17:[m[K [01;31m[Kerror: [m[Kinvalid use of template-name â€˜[01m[Krclcpp::Publisher[m[Kâ€™ without an argument list
[88.771s]   620 |                 [01;31m[Krclcpp[m[K::Publisher pub_semantic_map_;
[88.771s]       |                 [01;31m[K^~~~~~[m[K
[88.782s] [01m[K/home/neha/ros2_ws/src/semnav_migration/src/navigation.cpp:664:22:[m[K [01;31m[Kerror: [m[Kâ€˜[01m[KTransformListener[m[Kâ€™ in namespace â€˜[01m[Ktf2[m[Kâ€™ does not name a type
[88.784s]   664 |                 tf2::[01;31m[KTransformListener[m[K listener_;
[88.784s]       |                      [01;31m[K^~~~~~~~~~~~~~~~~[m[K
[88.788s] [01m[K/home/neha/ros2_ws/src/semnav_migration/src/navigation.cpp:[m[K In constructor â€˜[01m[KNavigationNode::[01;32m[KNavigationNode[m[K()[m[Kâ€™:
[88.789s] [01m[K/home/neha/ros2_ws/src/semnav_migration/src/navigation.cpp:45:50:[m[K [01;31m[Kerror: [m[Kno matching function for call to â€˜[01m[Krclcpp::Node::Node()[m[Kâ€™
[88.790s]    45 |         NavigationNode() : Node("navigation_node"[01;31m[K)[m[K {
[88.790s]       |                                                  [01;31m[K^[m[K
[88.790s] [01m[K/home/neha/ros2_ws/src/semnav_migration/src/navigation_semantic.cpp:[m[K In constructor â€˜[01m[KSemanticNavigationNode::[01;32m[KSemanticNavigationNode[m[K()[m[Kâ€™:
[88.791s] [01m[K/home/neha/ros2_ws/src/semnav_migration/src/navigation_semantic.cpp:136:25:[m[K [01;31m[Kerror: [m[Kâ€˜[01m[Kpub_behaviorID_[m[Kâ€™ was not declared in this scope; did you mean â€˜[01m[Kpub_behaviorID_topic_[m[Kâ€™?
[88.791s]   136 |                         [01;31m[Kpub_behaviorID_[m[K = nh_.advertise<std_msgs::UInt32>(pub_behaviorID_topic_, 1, true);
[88.791s]       |                         [01;31m[K^~~~~~~~~~~~~~~[m[K
[88.791s]       |                         [32m[Kpub_behaviorID_topic_[m[K
[88.795s] In file included from [01m[K/opt/ros/jazzy/include/rclcpp/rclcpp/executors/single_threaded_executor.hpp:28[m[K,
[88.795s]                  from [01m[K/opt/ros/jazzy/include/rclcpp/rclcpp/executors.hpp:22[m[K,
[88.795s]                  from [01m[K/opt/ros/jazzy/include/rclcpp/rclcpp/rclcpp.hpp:172[m[K,
[88.795s]                  from [01m[K/home/neha/ros2_ws/src/semnav_migration/include/reactive_planner_lib.h:32[m[K,
[88.795s]                  from [01m[K/home/neha/ros2_ws/src/semnav_migration/src/navigation.cpp:25[m[K:
[88.796s] [01m[K/opt/ros/jazzy/include/rclcpp/rclcpp/node.hpp:1629:3:[m[K [01;36m[Knote: [m[Kcandidate: â€˜[01m[Krclcpp::Node::[01;32m[KNode[m[K(const rclcpp::Node&, const std::string&)[m[Kâ€™
[88.796s]  1629 |   [01;36m[KNode[m[K(
[88.796s]       |   [01;36m[K^~~~[m[K
[88.796s] [01m[K/opt/ros/jazzy/include/rclcpp/rclcpp/node.hpp:1629:3:[m[K [01;36m[Knote: [m[K  candidate expects 2 arguments, 0 provided
[88.796s] [01m[K/opt/ros/jazzy/include/rclcpp/rclcpp/node.hpp:103:12:[m[K [01;36m[Knote: [m[Kcandidate: â€˜[01m[Krclcpp::Node::[01;32m[KNode[m[K(const std::string&, const std::string&, const rclcpp::NodeOptions&)[m[Kâ€™
[88.796s]   103 |   explicit [01;36m[KNode[m[K(
[88.798s]       |            [01;36m[K^~~~[m[K
[88.799s] [01m[K/opt/ros/jazzy/include/rclcpp/rclcpp/node.hpp:103:12:[m[K [01;36m[Knote: [m[K  candidate expects 3 arguments, 0 provided
[88.799s] [01m[K/opt/ros/jazzy/include/rclcpp/rclcpp/node.hpp:91:12:[m[K [01;36m[Knote: [m[Kcandidate: â€˜[01m[Krclcpp::Node::[01;32m[KNode[m[K(const std::string&, const rclcpp::NodeOptions&)[m[Kâ€™
[88.799s]    91 |   explicit [01;36m[KNode[m[K(
[88.799s]       |            [01;36m[K^~~~[m[K
[88.799s] [01m[K/opt/ros/jazzy/include/rclcpp/rclcpp/node.hpp:91:12:[m[K [01;36m[Knote: [m[K  candidate expects 2 arguments, 0 provided
[88.827s] [01m[K/home/neha/ros2_ws/src/semnav_migration/src/navigation_semantic.cpp:136:43:[m[K [01;31m[Kerror: [m[Kâ€˜[01m[Knh_[m[Kâ€™ was not declared in this scope
[88.827s]   136 |                         pub_behaviorID_ = [01;31m[Knh_[m[K.advertise<std_msgs::UInt32>(pub_behaviorID_topic_, 1, true);
[88.827s]       |                                           [01;31m[K^~~[m[K
[88.831s] [01m[K/home/neha/ros2_ws/src/semnav_migration/src/navigation_semantic.cpp:136:67:[m[K [01;31m[Kerror: [m[Kâ€˜[01m[KUInt32[m[Kâ€™ is not a member of â€˜[01m[Kstd_msgs[m[Kâ€™
[88.831s]   136 |                         pub_behaviorID_ = nh_.advertise<std_msgs::[01;31m[KUInt32[m[K>(pub_behaviorID_topic_, 1, true);
[88.831s]       |                                                                   [01;31m[K^~~~~~[m[K
[88.929s] [01m[K/home/neha/ros2_ws/src/semnav_migration/src/navigation.cpp:104:25:[m[K [01;31m[Kerror: [m[Kâ€˜[01m[Ktarget_object_[m[Kâ€™ was not declared in this scope
[88.929s]   104 |                         [01;31m[Ktarget_object_[m[K = this->get_parameter("target_object").as_string();
[88.929s]       |                         [01;31m[K^~~~~~~~~~~~~~[m[K
[88.935s] [01m[K/home/neha/ros2_ws/src/semnav_migration/src/navigation_semantic.cpp:137:25:[m[K [01;31m[Kerror: [m[Kâ€˜[01m[Kpub_behaviorMode_[m[Kâ€™ was not declared in this scope; did you mean â€˜[01m[Kpub_behaviorMode_topic_[m[Kâ€™?
[88.935s]   137 |                         [01;31m[Kpub_behaviorMode_[m[K = nh_.advertise<std_msgs::UInt32>(pub_behaviorMode_topic_, 1, true);
[88.935s]       |                         [01;31m[K^~~~~~~~~~~~~~~~~[m[K
[88.936s]       |                         [32m[Kpub_behaviorMode_topic_[m[K
[88.942s] [01m[K/home/neha/ros2_ws/src/semnav_migration/src/navigation_semantic.cpp:137:69:[m[K [01;31m[Kerror: [m[Kâ€˜[01m[KUInt32[m[Kâ€™ is not a member of â€˜[01m[Kstd_msgs[m[Kâ€™
[88.942s]   137 |                         pub_behaviorMode_ = nh_.advertise<std_msgs::[01;31m[KUInt32[m[K>(pub_behaviorMode_topic_, 1, true);
[88.942s]       |                                                                     [01;31m[K^~~~~~[m[K
[88.991s] [01m[K/home/neha/ros2_ws/src/semnav_migration/src/navigation_semantic.cpp:138:25:[m[K [01;31m[Kerror: [m[Kâ€˜[01m[Kpub_twist_[m[Kâ€™ was not declared in this scope; did you mean â€˜[01m[Kpublish_twist[m[Kâ€™?
[88.991s]   138 |                         [01;31m[Kpub_twist_[m[K = nh_.advertise<geometry_msgs::msg::Twist>(pub_twist_topic_, 1, true);
[88.992s]       |                         [01;31m[K^~~~~~~~~~[m[K
[88.992s]       |                         [32m[Kpublish_twist[m[K
[88.992s] [01m[K/home/neha/ros2_ws/src/semnav_migration/src/navigation_semantic.cpp:138:77:[m[K [01;31m[Kerror: [m[Kexpected primary-expression before â€˜[01m[K>[m[Kâ€™ token
[88.992s]   138 |                         pub_twist_ = nh_.advertise<geometry_msgs::msg::Twist[01;31m[K>[m[K(pub_twist_topic_, 1, true);
[88.992s]       |                                                                             [01;31m[K^[m[K
[88.992s] [01m[K/home/neha/ros2_ws/src/semnav_migration/src/navigation_semantic.cpp:141:42:[m[K [01;31m[Kerror: [m[Kâ€˜[01m[Kmessage_filters::msg[m[Kâ€™ has not been declared
[88.992s]   141 |                         message_filters::[01;31m[Kmsg[m[K::Subscriber<sensor_msgs::LaserScan> sub_laser(nh_, sub_laser_topic_, 1);
[88.994s]       |                                          [01;31m[K^~~[m[K
[88.997s] [01m[K/home/neha/ros2_ws/src/semnav_migration/src/navigation_semantic.cpp:141:71:[m[K [01;31m[Kerror: [m[Kâ€˜[01m[KLaserScan[m[Kâ€™ is not a member of â€˜[01m[Ksensor_msgs[m[Kâ€™; did you mean â€˜[01m[Ksensor_msgs::msg::LaserScan[m[Kâ€™?
[88.997s]   141 |                         message_filters::msg::Subscriber<sensor_msgs::[01;31m[KLaserScan[m[K> sub_laser(nh_, sub_laser_topic_, 1);
[88.997s]       |                                                                       [01;31m[K^~~~~~~~~[m[K
[88.997s] In file included from [01m[K/opt/ros/jazzy/include/sensor_msgs/sensor_msgs/msg/laser_scan.hpp:7[m[K,
[88.997s]                  from [01m[K/home/neha/ros2_ws/src/semnav_migration/include/reactive_planner_lib.h:46[m[K,
[88.998s]                  from [01m[K/home/neha/ros2_ws/src/semnav_migration/src/navigation_semantic.cpp:25[m[K:
[88.998s] [01m[K/opt/ros/jazzy/include/sensor_msgs/sensor_msgs/msg/detail/laser_scan__struct.hpp:250:7:[m[K [01;36m[Knote: [m[Kâ€˜[01m[Ksensor_msgs::msg::LaserScan[m[Kâ€™ declared here
[88.998s]   250 | using [01;36m[KLaserScan[m[K =
[88.998s]       |       [01;36m[K^~~~~~~~~[m[K
[89.045s] [01m[K/home/neha/ros2_ws/src/semnav_migration/src/navigation_semantic.cpp:141:82:[m[K [01;31m[Kerror: [m[Kâ€˜[01m[Ksub_laser[m[Kâ€™ was not declared in this scope
[89.046s]   141 |                         message_filters::msg::Subscriber<sensor_msgs::LaserScan> [01;31m[Ksub_laser[m[K(nh_, sub_laser_topic_, 1);
[89.046s]       |                                                                                  [01;31m[K^~~~~~~~~[m[K
[89.102s] [01m[K/home/neha/ros2_ws/src/semnav_migration/src/navigation.cpp:105:25:[m[K [01;31m[Kerror: [m[Kâ€˜[01m[Ktarget_object_length_[m[Kâ€™ was not declared in this scope
[89.103s]   105 |                         [01;31m[Ktarget_object_length_[m[K = this->get_parameter("target_object_length").as_double();
[89.104s]       |                         [01;31m[K^~~~~~~~~~~~~~~~~~~~~[m[K
[89.122s] [01m[K/home/neha/ros2_ws/src/semnav_migration/src/navigation_semantic.cpp:143:94:[m[K [01;31m[Kerror: [m[Kâ€˜[01m[KLaserScan[m[Kâ€™ is not a member of â€˜[01m[Ksensor_msgs[m[Kâ€™; did you mean â€˜[01m[Ksensor_msgs::msg::LaserScan[m[Kâ€™?
[89.122s]   143 |                         typedef message_filters::sync_policies::ApproximateTime<sensor_msgs::[01;31m[KLaserScan[m[K,nav_msgs::msg::Odometry> SyncPolicy;
[89.122s]       |                                                                                              [01;31m[K^~~~~~~~~[m[K
[89.122s] [01m[K/opt/ros/jazzy/include/sensor_msgs/sensor_msgs/msg/detail/laser_scan__struct.hpp:250:7:[m[K [01;36m[Knote: [m[Kâ€˜[01m[Ksensor_msgs::msg::LaserScan[m[Kâ€™ declared here
[89.123s]   250 | using [01;36m[KLaserScan[m[K =
[89.123s]       |       [01;36m[K^~~~~~~~~[m[K
[89.125s] [01m[K/home/neha/ros2_ws/src/semnav_migration/src/navigation_semantic.cpp:143:127:[m[K [01;31m[Kerror: [m[Ktemplate argument 1 is invalid
[89.125s]   143 |                         typedef message_filters::sync_policies::ApproximateTime<sensor_msgs::LaserScan,nav_msgs::msg::Odometry[01;31m[K>[m[K SyncPolicy;
[89.125s]       |                                                                                                                               [01;31m[K^[m[K
[89.126s] In file included from [01m[K/home/neha/ros2_ws/src/semnav_migration/include/reactive_planner_lib.h:44[m[K:
[89.127s] /opt/ros/jazzy/include/message_filters/message_filters/synchronizer.h: In instantiation of â€˜[01m[Kclass message_filters::Synchronizer<int>[m[Kâ€™:
[89.127s] [01m[K/home/neha/ros2_ws/src/semnav_migration/src/navigation_semantic.cpp:146:64:[m[K   required from here
[89.127s] [01m[K/opt/ros/jazzy/include/message_filters/message_filters/synchronizer.h:53:7:[m[K [01;31m[Kerror: [m[Kbase type â€˜[01m[Kint[m[Kâ€™ fails to be a struct or class type
[89.127s]    53 | class [01;31m[KSynchronizer[m[K : public noncopyable, public Policy
[89.127s]       |       [01;31m[K^~~~~~~~~~~~[m[K
[89.127s] [01m[K/opt/ros/jazzy/include/message_filters/message_filters/synchronizer.h:56:37:[m[K [01;31m[Kerror: [m[Kâ€˜[01m[Kint[m[Kâ€™ is not a class, struct, or union type
[89.128s]    56 |   typedef typename Policy::Messages [01;31m[KMessages[m[K;
[89.128s]       |                                     [01;31m[K^~~~~~~~[m[K
[89.128s] [01m[K/opt/ros/jazzy/include/message_filters/message_filters/synchronizer.h:57:35:[m[K [01;31m[Kerror: [m[Kâ€˜[01m[Kint[m[Kâ€™ is not a class, struct, or union type
[89.128s]    57 |   typedef typename Policy::Events [01;31m[KEvents[m[K;
[89.128s]       |                                   [01;31m[K^~~~~~[m[K
[89.128s] [01m[K/opt/ros/jazzy/include/message_filters/message_filters/synchronizer.h:58:35:[m[K [01;31m[Kerror: [m[Kâ€˜[01m[Kint[m[Kâ€™ is not a class, struct, or union type
[89.128s]    58 |   typedef typename Policy::Signal [01;31m[KSignal[m[K;
[89.130s]       |                                   [01;31m[K^~~~~~[m[K
[89.132s] [01m[K/opt/ros/jazzy/include/message_filters/message_filters/synchronizer.h:60:58:[m[K [01;31m[Kerror: [m[Kâ€˜[01m[Kint[m[Kâ€™ is not a class, struct, or union type
[89.133s]    60 |   typedef typename std::tuple_element<0, Messages>::type [01;31m[KM0[m[K;
[89.133s]       |                                                          [01;31m[K^~[m[K
[89.133s] [01m[K/opt/ros/jazzy/include/message_filters/message_filters/synchronizer.h:61:58:[m[K [01;31m[Kerror: [m[Kâ€˜[01m[Kint[m[Kâ€™ is not a class, struct, or union type
[89.133s]    61 |   typedef typename std::tuple_element<1, Messages>::type [01;31m[KM1[m[K;
[89.133s]       |                                                          [01;31m[K^~[m[K
[89.133s] [01m[K/opt/ros/jazzy/include/message_filters/message_filters/synchronizer.h:62:58:[m[K [01;31m[Kerror: [m[Kâ€˜[01m[Kint[m[Kâ€™ is not a class, struct, or union type
[89.134s]    62 |   typedef typename std::tuple_element<2, Messages>::type [01;31m[KM2[m[K;
[89.134s]       |                                                          [01;31m[K^~[m[K
[89.134s] [01m[K/opt/ros/jazzy/include/message_filters/message_filters/synchronizer.h:63:58:[m[K [01;31m[Kerror: [m[Kâ€˜[01m[Kint[m[Kâ€™ is not a class, struct, or union type
[89.134s]    63 |   typedef typename std::tuple_element<3, Messages>::type [01;31m[KM3[m[K;
[89.134s]       |                                                          [01;31m[K^~[m[K
[89.134s] [01m[K/opt/ros/jazzy/include/message_filters/message_filters/synchronizer.h:64:58:[m[K [01;31m[Kerror: [m[Kâ€˜[01m[Kint[m[Kâ€™ is not a class, struct, or union type
[89.134s]    64 |   typedef typename std::tuple_element<4, Messages>::type [01;31m[KM4[m[K;
[89.137s]       |                                                          [01;31m[K^~[m[K
[89.137s] [01m[K/opt/ros/jazzy/include/message_filters/message_filters/synchronizer.h:65:58:[m[K [01;31m[Kerror: [m[Kâ€˜[01m[Kint[m[Kâ€™ is not a class, struct, or union type
[89.137s]    65 |   typedef typename std::tuple_element<5, Messages>::type [01;31m[KM5[m[K;
[89.137s]       |                                                          [01;31m[K^~[m[K
[89.137s] [01m[K/opt/ros/jazzy/include/message_filters/message_filters/synchronizer.h:66:58:[m[K [01;31m[Kerror: [m[Kâ€˜[01m[Kint[m[Kâ€™ is not a class, struct, or union type
[89.137s]    66 |   typedef typename std::tuple_element<6, Messages>::type [01;31m[KM6[m[K;
[89.137s]       |                                                          [01;31m[K^~[m[K
[89.138s] [01m[K/opt/ros/jazzy/include/message_filters/message_filters/synchronizer.h:67:58:[m[K [01;31m[Kerror: [m[Kâ€˜[01m[Kint[m[Kâ€™ is not a class, struct, or union type
[89.138s]    67 |   typedef typename std::tuple_element<7, Messages>::type [01;31m[KM7[m[K;
[89.138s]       |                                                          [01;31m[K^~[m[K
[89.138s] [01m[K/opt/ros/jazzy/include/message_filters/message_filters/synchronizer.h:68:58:[m[K [01;31m[Kerror: [m[Kâ€˜[01m[Kint[m[Kâ€™ is not a class, struct, or union type
[89.138s]    68 |   typedef typename std::tuple_element<8, Messages>::type [01;31m[KM8[m[K;
[89.138s]       |                                                          [01;31m[K^~[m[K
[89.138s] [01m[K/opt/ros/jazzy/include/message_filters/message_filters/synchronizer.h:71:56:[m[K [01;31m[Kerror: [m[Kâ€˜[01m[Kint[m[Kâ€™ is not a class, struct, or union type
[89.141s]    71 |   typedef typename std::tuple_element<0, Events>::type [01;31m[KM0Event[m[K;
[89.141s]       |                                                        [01;31m[K^~~~~~~[m[K
[89.141s] [01m[K/opt/ros/jazzy/include/message_filters/message_filters/synchronizer.h:72:56:[m[K [01;31m[Kerror: [m[Kâ€˜[01m[Kint[m[Kâ€™ is not a class, struct, or union type
[89.141s]    72 |   typedef typename std::tuple_element<1, Events>::type [01;31m[KM1Event[m[K;
[89.141s]       |                                                        [01;31m[K^~~~~~~[m[K
[89.142s] [01m[K/opt/ros/jazzy/include/message_filters/message_filters/synchronizer.h:73:56:[m[K [01;31m[Kerror: [m[Kâ€˜[01m[Kint[m[Kâ€™ is not a class, struct, or union type
[89.142s]    73 |   typedef typename std::tuple_element<2, Events>::type [01;31m[KM2Event[m[K;
[89.142s]       |                                                        [01;31m[K^~~~~~~[m[K
[89.142s] [01m[K/opt/ros/jazzy/include/message_filters/message_filters/synchronizer.h:74:56:[m[K [01;31m[Kerror: [m[Kâ€˜[01m[Kint[m[Kâ€™ is not a class, struct, or union type
[89.142s]    74 |   typedef typename std::tuple_element<3, Events>::type [01;31m[KM3Event[m[K;
[89.142s]       |                                                        [01;31m[K^~~~~~~[m[K
[89.144s] [01m[K/opt/ros/jazzy/include/message_filters/message_filters/synchronizer.h:75:56:[m[K [01;31m[Kerror: [m[Kâ€˜[01m[Kint[m[Kâ€™ is not a class, struct, or union type
[89.144s]    75 |   typedef typename std::tuple_element<4, Events>::type [01;31m[KM4Event[m[K;
[89.144s]       |                                                        [01;31m[K^~~~~~~[m[K
[89.144s] [01m[K/opt/ros/jazzy/include/message_filters/message_filters/synchronizer.h:76:56:[m[K [01;31m[Kerror: [m[Kâ€˜[01m[Kint[m[Kâ€™ is not a class, struct, or union type
[89.145s]    76 |   typedef typename std::tuple_element<5, Events>::type [01;31m[KM5Event[m[K;
[89.145s]       |                                                        [01;31m[K^~~~~~~[m[K
[89.145s] [01m[K/opt/ros/jazzy/include/message_filters/message_filters/synchronizer.h:77:56:[m[K [01;31m[Kerror: [m[Kâ€˜[01m[Kint[m[Kâ€™ is not a class, struct, or union type
[89.145s]    77 |   typedef typename std::tuple_element<6, Events>::type [01;31m[KM6Event[m[K;
[89.145s]       |                                                        [01;31m[K^~~~~~~[m[K
[89.145s] [01m[K/opt/ros/jazzy/include/message_filters/message_filters/synchronizer.h:78:56:[m[K [01;31m[Kerror: [m[Kâ€˜[01m[Kint[m[Kâ€™ is not a class, struct, or union type
[89.145s]    78 |   typedef typename std::tuple_element<7, Events>::type [01;31m[KM7Event[m[K;
[89.146s]       |                                                        [01;31m[K^~~~~~~[m[K
[89.146s] [01m[K/opt/ros/jazzy/include/message_filters/message_filters/synchronizer.h:79:56:[m[K [01;31m[Kerror: [m[Kâ€˜[01m[Kint[m[Kâ€™ is not a class, struct, or union type
[89.146s]    79 |   typedef typename std::tuple_element<8, Events>::type [01;31m[KM8Event[m[K;
[89.146s]       |                                                        [01;31m[K^~~~~~~[m[K
[89.146s] [01m[K/opt/ros/jazzy/include/message_filters/message_filters/synchronizer.h:325:17:[m[K [01;31m[Kerror: [m[Kâ€˜[01m[Kint[m[Kâ€™ is not a class, namespace, or enumeration
[89.146s]   325 |   using Policy::[01;31m[Kadd[m[K;
[89.146s]       |                 [01;31m[K^~~[m[K
[89.149s] [01m[K/opt/ros/jazzy/include/message_filters/message_filters/synchronizer.h:328:8:[m[K [01;31m[Kerror: [m[Kâ€˜[01m[Kint[m[Kâ€™ is not a class, struct, or union type
[89.149s]   328 |   void [01;31m[Kadd[m[K(const std::shared_ptr<typename std::tuple_element<i, Messages>::type const>& msg)
[89.149s]       |        [01;31m[K^~~[m[K
[89.149s] [01m[K/opt/ros/jazzy/include/message_filters/message_filters/synchronizer.h:344:8:[m[K [01;31m[Kerror: [m[Kâ€˜[01m[Kint[m[Kâ€™ is not a class, struct, or union type
[89.150s]   344 |   void [01;31m[Kcb[m[K(const typename std::tuple_element<i, Events>::type& evt)
[89.150s]       |        [01;31m[K^~[m[K
[89.150s] [01m[K/home/neha/ros2_ws/src/semnav_migration/src/navigation_semantic.cpp:147:55:[m[K [01;31m[Kerror: [m[Kâ€˜[01m[Kbind[m[Kâ€™ is not a member of â€˜[01m[Kboost[m[Kâ€™; did you mean â€˜[01m[Kfind[m[Kâ€™?
[89.150s]   147 |                         sync->registerCallback(boost::[01;31m[Kbind[m[K(&SemanticNavigationNode::control_callback, this, _1, _2));
[89.150s]       |                                                       [01;31m[K^~~~[m[K
[89.150s]       |                                                       [32m[Kfind[m[K
[89.153s] [01m[K/home/neha/ros2_ws/src/semnav_migration/src/navigation_semantic.cpp:147:109:[m[K [01;31m[Kerror: [m[Kâ€˜[01m[K_1[m[Kâ€™ was not declared in this scope
[89.153s]   147 |                         sync->registerCallback(boost::bind(&SemanticNavigationNode::control_callback, this, [01;31m[K_1[m[K, _2));
[89.154s]       |                                                                                                             [01;31m[K^~[m[K
[89.154s] [01m[K/home/neha/ros2_ws/src/semnav_migration/src/navigation_semantic.cpp:147:109:[m[K [01;36m[Knote: [m[Ksuggested alternatives:
[89.154s] In file included from [01m[K/usr/include/boost/mpl/aux_/include_preprocessed.hpp:37[m[K,
[89.154s]                  from [01m[K/usr/include/boost/mpl/placeholders.hpp:43[m[K,
[89.154s]                  from [01m[K/usr/include/boost/iterator/iterator_categories.hpp:16[m[K,
[89.154s]                  from [01m[K/usr/include/boost/iterator/iterator_facade.hpp:13[m[K,
[89.155s]                  from [01m[K/usr/include/boost/range/iterator_range_core.hpp:27[m[K,
[89.155s]                  from [01m[K/usr/include/boost/lexical_cast.hpp:48[m[K,
[89.155s]                  from [01m[K/usr/include/boost/multiprecision/detail/number_base.hpp:29[m[K,
[89.155s]                  from [01m[K/usr/include/boost/multiprecision/traits/is_variable_precision.hpp:9[m[K,
[89.155s]                  from [01m[K/usr/include/boost/multiprecision/detail/precision.hpp:9[m[K,
[89.155s]                  from [01m[K/usr/include/boost/multiprecision/number.hpp:11[m[K,
[89.155s]                  from [01m[K/usr/include/boost/multiprecision/cpp_int.hpp:19[m[K,
[89.157s]                  from [01m[K/usr/include/boost/multiprecision/cpp_bin_float.hpp:15[m[K,
[89.158s]                  from [01m[K/usr/include/boost/geometry/core/coordinate_promotion.hpp:16[m[K,
[89.158s]                  from [01m[K/usr/include/boost/geometry/core/radian_access.hpp:30[m[K,
[89.158s]                  from [01m[K/usr/include/boost/geometry/geometry.hpp:50[m[K,
[89.158s]                  from [01m[K/usr/include/boost/geometry.hpp:17[m[K,
[89.158s]                  from [01m[K/home/neha/ros2_ws/src/semnav_migration/include/reactive_planner_lib.h:26[m[K:
[89.158s] [01m[K/usr/include/boost/mpl/aux_/preprocessed/gcc/placeholders.hpp:29:16:[m[K [01;36m[Knote: [m[K  â€˜[01m[Kmpl_::_1[m[Kâ€™
[89.158s]    29 | typedef arg<1> [01;36m[K_1[m[K;
[89.159s]       |                [01;36m[K^~[m[K
[89.159s] In file included from [01m[K/usr/include/boost/numeric/conversion/converter_policies.hpp:13[m[K,
[89.159s]                  from [01m[K/usr/include/boost/numeric/conversion/converter.hpp:14[m[K,
[89.159s]                  from [01m[K/usr/include/boost/numeric/conversion/cast.hpp:33[m[K,
[89.159s]                  from [01m[K/usr/include/boost/geometry/core/radian_access.hpp:26[m[K:
[89.159s] [01m[K/usr/include/c++/13/functional:294:48:[m[K [01;36m[Knote: [m[K  â€˜[01m[Kstd::placeholders::_1[m[Kâ€™
[89.159s]   294 |     _GLIBCXX_PLACEHOLDER const _Placeholder<1> [01;36m[K_1[m[K;
[89.161s]       |                                                [01;36m[K^~[m[K
[89.162s] [01m[K/usr/include/boost/mpl/aux_/preprocessed/gcc/placeholders.hpp:29:16:[m[K [01;36m[Knote: [m[K  â€˜[01m[Kmpl_::_1[m[Kâ€™
[89.162s]    29 | typedef arg<1> [01;36m[K_1[m[K;
[89.162s]       |                [01;36m[K^~[m[K
[89.162s] In file included from [01m[K/usr/include/boost/describe/members.hpp:20[m[K,
[89.162s]                  from [01m[K/usr/include/boost/container_hash/is_described_class.hpp:11[m[K,
[89.162s]                  from [01m[K/usr/include/boost/container_hash/hash.hpp:18[m[K,
[89.162s]                  from [01m[K/usr/include/boost/functional/hash.hpp:6[m[K,
[89.162s]                  from [01m[K/usr/include/CGAL/Kernel/hash_functions.h:16[m[K,
[89.163s]                  from [01m[K/usr/include/CGAL/Kernel/global_functions.h:25[m[K,
[89.163s]                  from [01m[K/usr/include/CGAL/Cartesian/Cartesian_base.h:22[m[K,
[89.163s]                  from [01m[K/usr/include/CGAL/Simple_cartesian.h:20[m[K,
[89.163s]                  from [01m[K/usr/include/CGAL/Exact_predicates_inexact_constructions_kernel.h:20[m[K,
[89.163s]                  from [01m[K/home/neha/ros2_ws/src/semnav_migration/include/polygeom_lib.h:32[m[K,
[89.163s]                  from [01m[K/home/neha/ros2_ws/src/semnav_migration/include/reactive_planner_lib.h:51[m[K:
[89.163s] [01m[K/usr/include/boost/mp11/bind.hpp:45:7:[m[K [01;36m[Knote: [m[K  â€˜[01m[Kboost::mp11::_1[m[Kâ€™
[89.165s]    45 | using [01;36m[K_1[m[K = mp_arg<0>;
[89.166s]       |       [01;36m[K^~[m[K
[89.166s] [01m[K/usr/include/boost/mpl/aux_/preprocessed/gcc/placeholders.hpp:29:16:[m[K [01;36m[Knote: [m[K  â€˜[01m[Kmpl_::_1[m[Kâ€™
[89.166s]    29 | typedef arg<1> [01;36m[K_1[m[K;
[89.166s]       |                [01;36m[K^~[m[K
[89.166s] [01m[K/home/neha/ros2_ws/src/semnav_migration/src/navigation_semantic.cpp:147:113:[m[K [01;31m[Kerror: [m[Kâ€˜[01m[K_2[m[Kâ€™ was not declared in this scope
[89.166s]   147 |                         sync->registerCallback(boost::bind(&SemanticNavigationNode::control_callback, this, _1, [01;31m[K_2[m[K));
[89.166s]       |                                                                                                                 [01;31m[K^~[m[K
[89.167s] [01m[K/home/neha/ros2_ws/src/semnav_migration/src/navigation_semantic.cpp:147:113:[m[K [01;36m[Knote: [m[Ksuggested alternatives:
[89.167s] [01m[K/usr/include/boost/mpl/aux_/preprocessed/gcc/placeholders.hpp:42:16:[m[K [01;36m[Knote: [m[K  â€˜[01m[Kmpl_::_2[m[Kâ€™
[89.167s]    42 | typedef arg<2> [01;36m[K_2[m[K;
[89.167s]       |                [01;36m[K^~[m[K
[89.167s] [01m[K/usr/include/c++/13/functional:295:48:[m[K [01;36m[Knote: [m[K  â€˜[01m[Kstd::placeholders::_2[m[Kâ€™
[89.167s]   295 |     _GLIBCXX_PLACEHOLDER const _Placeholder<2> [01;36m[K_2[m[K;
[89.167s]       |                                                [01;36m[K^~[m[K
[89.170s] [01m[K/usr/include/boost/mpl/aux_/preprocessed/gcc/placeholders.hpp:42:16:[m[K [01;36m[Knote: [m[K  â€˜[01m[Kmpl_::_2[m[Kâ€™
[89.170s]    42 | typedef arg<2> [01;36m[K_2[m[K;
[89.170s]       |                [01;36m[K^~[m[K
[89.170s] [01m[K/usr/include/boost/mp11/bind.hpp:46:7:[m[K [01;36m[Knote: [m[K  â€˜[01m[Kboost::mp11::_2[m[Kâ€™
[89.170s]    46 | using [01;36m[K_2[m[K = mp_arg<1>;
[89.170s]       |       [01;36m[K^~[m[K
[89.170s] [01m[K/usr/include/boost/mpl/aux_/preprocessed/gcc/placeholders.hpp:42:16:[m[K [01;36m[Knote: [m[K  â€˜[01m[Kmpl_::_2[m[Kâ€™
[89.170s]    42 | typedef arg<2> [01;36m[K_2[m[K;
[89.171s]       |                [01;36m[K^~[m[K
[89.171s] [01m[K/home/neha/ros2_ws/src/semnav_migration/src/navigation_semantic.cpp:149:25:[m[K [01;31m[Kerror: [m[Kâ€˜[01m[Kros[m[Kâ€™ has not been declared
[89.171s]   149 |                         [01;31m[Kros[m[K::Subscriber sub_semantic = nh_.subscribe(sub_semantic_topic_, 1, &SemanticNavigationNode::diffeo_tree_update, this);
[89.171s]       |                         [01;31m[K^~~[m[K
[89.171s] [01m[K/home/neha/ros2_ws/src/semnav_migration/src/navigation_semantic.cpp:153:25:[m[K [01;31m[Kerror: [m[Kâ€˜[01m[Kros[m[Kâ€™ has not been declared
[89.171s]   153 |                         [01;31m[Kros[m[K::Duration(5.0).sleep();
[89.171s]       |                         [01;31m[K^~~[m[K
[89.174s] [01m[K/home/neha/ros2_ws/src/semnav_migration/src/navigation_semantic.cpp:160:25:[m[K [01;31m[Kerror: [m[Kâ€˜[01m[Kros[m[Kâ€™ has not been declared
[89.174s]   160 |                         [01;31m[Kros[m[K::spin();
[89.174s]       |                         [01;31m[K^~~[m[K
[89.197s] [01m[K/home/neha/ros2_ws/src/semnav_migration/src/navigation_semantic.cpp:[m[K In member function â€˜[01m[Kvoid SemanticNavigationNode::[01;32m[Kpublish_twist[m[K(double, double)[m[Kâ€™:
[89.198s] [01m[K/home/neha/ros2_ws/src/semnav_migration/src/navigation_semantic.cpp:167:25:[m[K [01;31m[Kerror: [m[Kâ€˜[01m[Kpub_twist_[m[Kâ€™ was not declared in this scope; did you mean â€˜[01m[Kpublish_twist[m[Kâ€™?
[89.198s]   167 |                         [01;31m[Kpub_twist_[m[K.publish(commandTwist);
[89.198s]       |                         [01;31m[K^~~~~~~~~~[m[K
[89.198s]       |                         [32m[Kpublish_twist[m[K
[89.201s] [01m[K/home/neha/ros2_ws/src/semnav_migration/src/navigation_semantic.cpp:[m[K In member function â€˜[01m[Kvoid SemanticNavigationNode::[01;32m[Kpublish_behavior_id[m[K(uint16_t)[m[Kâ€™:
[89.201s] [01m[K/home/neha/ros2_ws/src/semnav_migration/src/navigation_semantic.cpp:172:32:[m[K [01;31m[Kerror: [m[Kâ€˜[01m[KUInt32[m[Kâ€™ is not a member of â€˜[01m[Kstd_msgs::msg[m[Kâ€™
[89.201s]   172 |                 std_msgs::msg::[01;31m[KUInt32[m[K commandId;
[89.201s]       |                                [01;31m[K^~~~~~[m[K
[89.246s] [01m[K/home/neha/ros2_ws/src/semnav_migration/src/navigation_semantic.cpp:173:25:[m[K [01;31m[Kerror: [m[Kâ€˜[01m[KcommandId[m[Kâ€™ was not declared in this scope
[89.246s]   173 |                         [01;31m[KcommandId[m[K.data = BehaviorIdCmd;
[89.246s]       |                         [01;31m[K^~~~~~~~~[m[K
[89.282s] [01m[K/home/neha/ros2_ws/src/semnav_migration/src/navigation.cpp:106:25:[m[K [01;31m[Kerror: [m[Kâ€˜[01m[Ktarget_object_width_[m[Kâ€™ was not declared in this scope
[89.282s]   106 |                         [01;31m[Ktarget_object_width_[m[K = this->get_parameter("target_object_width").as_double();
[89.282s]       |                         [01;31m[K^~~~~~~~~~~~~~~~~~~~[m[K
[89.294s] [01m[K/home/neha/ros2_ws/src/semnav_migration/src/navigation.cpp:138:69:[m[K [01;31m[Kerror: [m[Kâ€˜[01m[KUInt32[m[Kâ€™ is not a member of â€˜[01m[Kstd_msgs::msg[m[Kâ€™
[89.294s]   138 |             pub_behaviorID_ = this->create_publisher<std_msgs::msg::[01;31m[KUInt32[m[K>("pub_behaviorID_topic_", 1);
[89.294s]       |                                                                     [01;31m[K^~~~~~[m[K
[89.295s] [01m[K/home/neha/ros2_ws/src/semnav_migration/src/navigation.cpp:138:76:[m[K [01;31m[Kerror: [m[Kno matching function for call to â€˜[01m[KNavigationNode::create_publisher<<expression error> >(const char [22], int)[m[Kâ€™
[89.298s]   138 |             pub_behaviorID_ = [01;31m[Kthis->create_publisher<std_msgs::msg::UInt32>("pub_behaviorID_topic_", 1)[m[K;
[89.298s]       |                               [01;31m[K~~~~~~~~~~~~~~~~~~~~~~~~~~~~~~~~~~~~~~~~~~~~~^~~~~~~~~~~~~~~~~~~~~~~~~~~~[m[K
[89.298s] [01m[K/opt/ros/jazzy/include/rclcpp/rclcpp/node.hpp:197:3:[m[K [01;36m[Knote: [m[Kcandidate: â€˜[01m[Ktemplate<class MessageT, class AllocatorT, class PublisherT> std::shared_ptr<PublisherT> rclcpp::Node::[01;32m[Kcreate_publisher[m[K(const std::string&, const rclcpp::QoS&, const rclcpp::PublisherOptionsWithAllocator<AllocatorT>&)[m[Kâ€™
[89.298s]   197 |   [01;36m[Kcreate_publisher[m[K(
[89.298s]       |   [01;36m[K^~~~~~~~~~~~~~~~[m[K
[89.298s] [01m[K/opt/ros/jazzy/include/rclcpp/rclcpp/node.hpp:197:3:[m[K [01;36m[Knote: [m[K  template argument deduction/substitution failed:
[89.299s] [01m[K/home/neha/ros2_ws/src/semnav_migration/src/navigation.cpp:138:76:[m[K [01;31m[Kerror: [m[Ktemplate argument 1 is invalid
[89.299s]   138 |             pub_behaviorID_ = [01;31m[Kthis->create_publisher<std_msgs::msg::UInt32>("pub_behaviorID_topic_", 1)[m[K;
[89.299s]       |                               [01;31m[K~~~~~~~~~~~~~~~~~~~~~~~~~~~~~~~~~~~~~~~~~~~~~^~~~~~~~~~~~~~~~~~~~~~~~~~~~[m[K
[89.301s] [01m[K/home/neha/ros2_ws/src/semnav_migration/src/navigation.cpp:139:71:[m[K [01;31m[Kerror: [m[Kâ€˜[01m[KUInt32[m[Kâ€™ is not a member of â€˜[01m[Kstd_msgs::msg[m[Kâ€™
[89.301s]   139 |             pub_behaviorMode_ = this->create_publisher<std_msgs::msg::[01;31m[KUInt32[m[K>("pub_behaviorMode_topic_", 1);
[89.301s]       |                                                                       [01;31m[K^~~~~~[m[K
[89.304s] [01m[K/home/neha/ros2_ws/src/semnav_migration/src/navigation.cpp:139:78:[m[K [01;31m[Kerror: [m[Kno matching function for call to â€˜[01m[KNavigationNode::create_publisher<<expression error> >(const char [24], int)[m[Kâ€™
[89.304s]   139 |             pub_behaviorMode_ = [01;31m[Kthis->create_publisher<std_msgs::msg::UInt32>("pub_behaviorMode_topic_", 1)[m[K;
[89.304s]       |                                 [01;31m[K~~~~~~~~~~~~~~~~~~~~~~~~~~~~~~~~~~~~~~~~~~~~~^~~~~~~~~~~~~~~~~~~~~~~~~~~~~~[m[K
[89.304s] [01m[K/opt/ros/jazzy/include/rclcpp/rclcpp/node.hpp:197:3:[m[K [01;36m[Knote: [m[Kcandidate: â€˜[01m[Ktemplate<class MessageT, class AllocatorT, class PublisherT> std::shared_ptr<PublisherT> rclcpp::Node::[01;32m[Kcreate_publisher[m[K(const std::string&, const rclcpp::QoS&, const rclcpp::PublisherOptionsWithAllocator<AllocatorT>&)[m[Kâ€™
[89.304s]   197 |   [01;36m[Kcreate_publisher[m[K(
[89.305s]       |   [01;36m[K^~~~~~~~~~~~~~~~[m[K
[89.305s] [01m[K/opt/ros/jazzy/include/rclcpp/rclcpp/node.hpp:197:3:[m[K [01;36m[Knote: [m[K  template argument deduction/substitution failed:
[89.305s] [01m[K/home/neha/ros2_ws/src/semnav_migration/src/navigation.cpp:139:78:[m[K [01;31m[Kerror: [m[Ktemplate argument 1 is invalid
[89.305s]   139 |             pub_behaviorMode_ = [01;31m[Kthis->create_publisher<std_msgs::msg::UInt32>("pub_behaviorMode_topic_", 1)[m[K;
[89.305s]       |                                 [01;31m[K~~~~~~~~~~~~~~~~~~~~~~~~~~~~~~~~~~~~~~~~~~~~~^~~~~~~~~~~~~~~~~~~~~~~~~~~~~~[m[K
[89.309s] [01m[K/home/neha/ros2_ws/src/semnav_migration/src/navigation.cpp:140:64:[m[K [01;31m[Kerror: [m[Kâ€˜[01m[KUInt32[m[Kâ€™ is not a member of â€˜[01m[Kstd_msgs::msg[m[Kâ€™
[89.309s]   140 |             pub_twist_ = this->create_publisher<std_msgs::msg::[01;31m[KUInt32[m[K>("pub_twist_topic_", 1);
[89.312s]       |                                                                [01;31m[K^~~~~~[m[K
[89.312s] [01m[K/home/neha/ros2_ws/src/semnav_migration/src/navigation.cpp:140:71:[m[K [01;31m[Kerror: [m[Kno matching function for call to â€˜[01m[KNavigationNode::create_publisher<<expression error> >(const char [17], int)[m[Kâ€™
[89.312s]   140 |             pub_twist_ = [01;31m[Kthis->create_publisher<std_msgs::msg::UInt32>("pub_twist_topic_", 1)[m[K;
[89.312s]       |                          [01;31m[K~~~~~~~~~~~~~~~~~~~~~~~~~~~~~~~~~~~~~~~~~~~~~^~~~~~~~~~~~~~~~~~~~~~~[m[K
[89.312s] [01m[K/opt/ros/jazzy/include/rclcpp/rclcpp/node.hpp:197:3:[m[K [01;36m[Knote: [m[Kcandidate: â€˜[01m[Ktemplate<class MessageT, class AllocatorT, class PublisherT> std::shared_ptr<PublisherT> rclcpp::Node::[01;32m[Kcreate_publisher[m[K(const std::string&, const rclcpp::QoS&, const rclcpp::PublisherOptionsWithAllocator<AllocatorT>&)[m[Kâ€™
[89.313s]   197 |   [01;36m[Kcreate_publisher[m[K(
[89.313s]       |   [01;36m[K^~~~~~~~~~~~~~~~[m[K
[89.313s] [01m[K/opt/ros/jazzy/include/rclcpp/rclcpp/node.hpp:197:3:[m[K [01;36m[Knote: [m[K  template argument deduction/substitution failed:
[89.313s] [01m[K/home/neha/ros2_ws/src/semnav_migration/src/navigation.cpp:140:71:[m[K [01;31m[Kerror: [m[Ktemplate argument 1 is invalid
[89.313s]   140 |             pub_twist_ = [01;31m[Kthis->create_publisher<std_msgs::msg::UInt32>("pub_twist_topic_", 1)[m[K;
[89.316s]       |                          [01;31m[K~~~~~~~~~~~~~~~~~~~~~~~~~~~~~~~~~~~~~~~~~~~~~^~~~~~~~~~~~~~~~~~~~~~~[m[K
[89.335s] [01m[K/home/neha/ros2_ws/src/semnav_migration/src/navigation_semantic.cpp:174:25:[m[K [01;31m[Kerror: [m[Kâ€˜[01m[Kpub_behaviorID_[m[Kâ€™ was not declared in this scope; did you mean â€˜[01m[Kpub_behaviorID_topic_[m[Kâ€™?
[89.335s]   174 |                         [01;31m[Kpub_behaviorID_[m[K.publish(commandId);
[89.335s]       |                         [01;31m[K^~~~~~~~~~~~~~~[m[K
[89.335s]       |                         [32m[Kpub_behaviorID_topic_[m[K
[89.339s] [01m[K/home/neha/ros2_ws/src/semnav_migration/src/navigation_semantic.cpp:[m[K In member function â€˜[01m[Kvoid SemanticNavigationNode::[01;32m[Kpublish_behavior_mode[m[K(uint16_t)[m[Kâ€™:
[89.339s] [01m[K/home/neha/ros2_ws/src/semnav_migration/src/navigation_semantic.cpp:179:28:[m[K [01;31m[Kerror: [m[Kâ€˜[01m[KUInt32[m[Kâ€™ is not a member of â€˜[01m[Kstd_msgs::msg[m[Kâ€™
[89.339s]   179 |             std_msgs::msg::[01;31m[KUInt32[m[K commandMode;
[89.339s]       |                            [01;31m[K^~~~~~[m[K
[89.384s] [01m[K/home/neha/ros2_ws/src/semnav_migration/src/navigation.cpp:143:116:[m[K [01;31m[Kerror: [m[Kno matching function for call to â€˜[01m[Kmessage_filters::Subscriber<sensor_msgs::msg::LaserScan_<std::allocator<void> > >::Subscriber(rclcpp::Node&, std::string&, int)[m[Kâ€™
[89.384s]   143 |                         message_filters::Subscriber<sensor_msgs::msg::LaserScan> sub_laser(nh_, sub_laser_topic_, 1[01;31m[K)[m[K;
[89.384s]       |                                                                                                                    [01;31m[K^[m[K
[89.385s] In file included from [01m[K/home/neha/ros2_ws/src/semnav_migration/include/reactive_planner_lib.h:43[m[K:
[89.386s] [01m[K/opt/ros/jazzy/include/message_filters/message_filters/subscriber.h:224:3:[m[K [01;36m[Knote: [m[Kcandidate: â€˜[01m[Kmessage_filters::Subscriber<M, NodeType>::[01;32m[KSubscriber[m[K() [35m[K[with M = sensor_msgs::msg::LaserScan_<std::allocator<void> >; NodeType = rclcpp::Node][m[K[m[Kâ€™
[89.386s]   224 |   [01;36m[KSubscriber[m[K() = default;
[89.386s]       |   [01;36m[K^~~~~~~~~~[m[K
[89.387s] [01m[K/opt/ros/jazzy/include/message_filters/message_filters/subscriber.h:224:3:[m[K [01;36m[Knote: [m[K  candidate expects 0 arguments, 3 provided
[89.387s] [01m[K/opt/ros/jazzy/include/message_filters/message_filters/subscriber.h:212:3:[m[K [01;36m[Knote: [m[Kcandidate: â€˜[01m[Kmessage_filters::Subscriber<M, NodeType>::[01;32m[KSubscriber[m[K(NodeType*, const std::string&, rmw_qos_profile_t, rclcpp::SubscriptionOptions) [35m[K[with M = sensor_msgs::msg::LaserScan_<std::allocator<void> >; NodeType = rclcpp::Node; std::string = std::__cxx11::basic_string<char>; rmw_qos_profile_t = rmw_qos_profile_s; rclcpp::SubscriptionOptions = rclcpp::SubscriptionOptionsWithAllocator<std::allocator<void> >][m[K[m[Kâ€™
[89.387s]   212 |   [01;36m[KSubscriber[m[K(
[89.387s]       |   [01;36m[K^~~~~~~~~~[m[K
[89.390s] [01m[K/opt/ros/jazzy/include/message_filters/message_filters/subscriber.h:212:3:[m[K [01;36m[Knote: [m[K  candidate expects 4 arguments, 3 provided
[89.390s] [01m[K/opt/ros/jazzy/include/message_filters/message_filters/subscriber.h:203:3:[m[K [01;36m[Knote: [m[Kcandidate: â€˜[01m[Kmessage_filters::Subscriber<M, NodeType>::[01;32m[KSubscriber[m[K(NodePtr, const std::string&, rmw_qos_profile_t, rclcpp::SubscriptionOptions) [35m[K[with M = sensor_msgs::msg::LaserScan_<std::allocator<void> >; NodeType = rclcpp::Node; NodePtr = std::shared_ptr<rclcpp::Node>; std::string = std::__cxx11::basic_string<char>; rmw_qos_profile_t = rmw_qos_profile_s; rclcpp::SubscriptionOptions = rclcpp::SubscriptionOptionsWithAllocator<std::allocator<void> >][m[K[m[Kâ€™
[89.390s]   203 |   [01;36m[KSubscriber[m[K(
[89.390s]       |   [01;36m[K^~~~~~~~~~[m[K
[89.390s] [01m[K/opt/ros/jazzy/include/message_filters/message_filters/subscriber.h:203:3:[m[K [01;36m[Knote: [m[K  candidate expects 4 arguments, 3 provided
[89.393s] [01m[K/opt/ros/jazzy/include/message_filters/message_filters/subscriber.h:188:3:[m[K [01;36m[Knote: [m[Kcandidate: â€˜[01m[Kmessage_filters::Subscriber<M, NodeType>::[01;32m[KSubscriber[m[K(NodeType*, const std::string&, rmw_qos_profile_t) [35m[K[with M = sensor_msgs::msg::LaserScan_<std::allocator<void> >; NodeType = rclcpp::Node; std::string = std::__cxx11::basic_string<char>; rmw_qos_profile_t = rmw_qos_profile_s][m[K[m[Kâ€™
[89.393s]   188 |   [01;36m[KSubscriber[m[K(NodeType * node, const std::string& topic, const rmw_qos_profile_t qos = rmw_qos_profile_default)
[89.393s]       |   [01;36m[K^~~~~~~~~~[m[K
[89.393s] [01m[K/opt/ros/jazzy/include/message_filters/message_filters/subscriber.h:188:25:[m[K [01;36m[Knote: [m[K  no known conversion for argument 1 from â€˜[01m[Krclcpp::Node[m[Kâ€™ to â€˜[01m[Krclcpp::Node*[m[Kâ€™
[89.393s]   188 |   Subscriber([01;36m[KNodeType * node[m[K, const std::string& topic, const rmw_qos_profile_t qos = rmw_qos_profile_default)
[89.397s]       |              [01;36m[K~~~~~~~~~~~^~~~[m[K
[89.398s] [01m[K/opt/ros/jazzy/include/message_filters/message_filters/subscriber.h:183:3:[m[K [01;36m[Knote: [m[Kcandidate: â€˜[01m[Kmessage_filters::Subscriber<M, NodeType>::[01;32m[KSubscriber[m[K(NodePtr, const std::string&, rmw_qos_profile_t) [35m[K[with M = sensor_msgs::msg::LaserScan_<std::allocator<void> >; NodeType = rclcpp::Node; NodePtr = std::shared_ptr<rclcpp::Node>; std::string = std::__cxx11::basic_string<char>; rmw_qos_profile_t = rmw_qos_profile_s][m[K[m[Kâ€™
[89.398s]   183 |   [01;36m[KSubscriber[m[K(NodePtr node, const std::string& topic, const rmw_qos_profile_t qos = rmw_qos_profile_default)
[89.398s]       |   [01;36m[K^~~~~~~~~~[m[K
[89.398s] [01m[K/opt/ros/jazzy/include/message_filters/message_filters/subscriber.h:183:22:[m[K [01;36m[Knote: [m[K  no known conversion for argument 1 from â€˜[01m[Krclcpp::Node[m[Kâ€™ to â€˜[01m[Kmessage_filters::Subscriber<sensor_msgs::msg::LaserScan_<std::allocator<void> > >::NodePtr[m[Kâ€™ {aka â€˜[01m[Kstd::shared_ptr<rclcpp::Node>[m[Kâ€™}
[89.398s]   183 |   Subscriber([01;36m[KNodePtr node[m[K, const std::string& topic, const rmw_qos_profile_t qos = rmw_qos_profile_default)
[89.398s]       |              [01;36m[K~~~~~~~~^~~~[m[K
[89.410s] [01m[K/home/neha/ros2_ws/src/semnav_migration/src/navigation_semantic.cpp:180:25:[m[K [01;31m[Kerror: [m[Kâ€˜[01m[KcommandMode[m[Kâ€™ was not declared in this scope
[89.410s]   180 |                         [01;31m[KcommandMode[m[K.data = BehaviorModeCmd;
[89.410s]       |                         [01;31m[K^~~~~~~~~~~[m[K
[89.462s] [01m[K/home/neha/ros2_ws/src/semnav_migration/src/navigation.cpp:144:112:[m[K [01;31m[Kerror: [m[Kno matching function for call to â€˜[01m[Kmessage_filters::Subscriber<nav_msgs::msg::Odometry_<std::allocator<void> > >::Subscriber(rclcpp::Node&, std::string&, int)[m[Kâ€™
[89.462s]   144 |                         message_filters::Subscriber<nav_msgs::msg::Odometry> sub_robot(nh_, sub_robot_topic_, 1[01;31m[K)[m[K;
[89.462s]       |                                                                                                                [01;31m[K^[m[K
[89.463s] [01m[K/opt/ros/jazzy/include/message_filters/message_filters/subscriber.h:224:3:[m[K [01;36m[Knote: [m[Kcandidate: â€˜[01m[Kmessage_filters::Subscriber<M, NodeType>::[01;32m[KSubscriber[m[K() [35m[K[with M = nav_msgs::msg::Odometry_<std::allocator<void> >; NodeType = rclcpp::Node][m[K[m[Kâ€™
[89.463s]   224 |   [01;36m[KSubscriber[m[K() = default;
[89.463s]       |   [01;36m[K^~~~~~~~~~[m[K
[89.463s] [01m[K/opt/ros/jazzy/include/message_filters/message_filters/subscriber.h:224:3:[m[K [01;36m[Knote: [m[K  candidate expects 0 arguments, 3 provided
[89.464s] [01m[K/opt/ros/jazzy/include/message_filters/message_filters/subscriber.h:212:3:[m[K [01;36m[Knote: [m[Kcandidate: â€˜[01m[Kmessage_filters::Subscriber<M, NodeType>::[01;32m[KSubscriber[m[K(NodeType*, const std::string&, rmw_qos_profile_t, rclcpp::SubscriptionOptions) [35m[K[with M = nav_msgs::msg::Odometry_<std::allocator<void> >; NodeType = rclcpp::Node; std::string = std::__cxx11::basic_string<char>; rmw_qos_profile_t = rmw_qos_profile_s; rclcpp::SubscriptionOptions = rclcpp::SubscriptionOptionsWithAllocator<std::allocator<void> >][m[K[m[Kâ€™
[89.464s]   212 |   [01;36m[KSubscriber[m[K(
[89.464s]       |   [01;36m[K^~~~~~~~~~[m[K
[89.464s] [01m[K/opt/ros/jazzy/include/message_filters/message_filters/subscriber.h:212:3:[m[K [01;36m[Knote: [m[K  candidate expects 4 arguments, 3 provided
[89.466s] [01m[K/opt/ros/jazzy/include/message_filters/message_filters/subscriber.h:203:3:[m[K [01;36m[Knote: [m[Kcandidate: â€˜[01m[Kmessage_filters::Subscriber<M, NodeType>::[01;32m[KSubscriber[m[K(NodePtr, const std::string&, rmw_qos_profile_t, rclcpp::SubscriptionOptions) [35m[K[with M = nav_msgs::msg::Odometry_<std::allocator<void> >; NodeType = rclcpp::Node; NodePtr = std::shared_ptr<rclcpp::Node>; std::string = std::__cxx11::basic_string<char>; rmw_qos_profile_t = rmw_qos_profile_s; rclcpp::SubscriptionOptions = rclcpp::SubscriptionOptionsWithAllocator<std::allocator<void> >][m[K[m[Kâ€™
[89.466s]   203 |   [01;36m[KSubscriber[m[K(
[89.466s]       |   [01;36m[K^~~~~~~~~~[m[K
[89.466s] [01m[K/opt/ros/jazzy/include/message_filters/message_filters/subscriber.h:203:3:[m[K [01;36m[Knote: [m[K  candidate expects 4 arguments, 3 provided
[89.466s] [01m[K/opt/ros/jazzy/include/message_filters/message_filters/subscriber.h:188:3:[m[K [01;36m[Knote: [m[Kcandidate: â€˜[01m[Kmessage_filters::Subscriber<M, NodeType>::[01;32m[KSubscriber[m[K(NodeType*, const std::string&, rmw_qos_profile_t) [35m[K[with M = nav_msgs::msg::Odometry_<std::allocator<void> >; NodeType = rclcpp::Node; std::string = std::__cxx11::basic_string<char>; rmw_qos_profile_t = rmw_qos_profile_s][m[K[m[Kâ€™
[89.466s]   188 |   [01;36m[KSubscriber[m[K(NodeType * node, const std::string& topic, const rmw_qos_profile_t qos = rmw_qos_profile_default)
[89.467s]       |   [01;36m[K^~~~~~~~~~[m[K
[89.467s] [01m[K/opt/ros/jazzy/include/message_filters/message_filters/subscriber.h:188:25:[m[K [01;36m[Knote: [m[K  no known conversion for argument 1 from â€˜[01m[Krclcpp::Node[m[Kâ€™ to â€˜[01m[Krclcpp::Node*[m[Kâ€™
[89.467s]   188 |   Subscriber([01;36m[KNodeType * node[m[K, const std::string& topic, const rmw_qos_profile_t qos = rmw_qos_profile_default)
[89.467s]       |              [01;36m[K~~~~~~~~~~~^~~~[m[K
[89.467s] [01m[K/opt/ros/jazzy/include/message_filters/message_filters/subscriber.h:183:3:[m[K [01;36m[Knote: [m[Kcandidate: â€˜[01m[Kmessage_filters::Subscriber<M, NodeType>::[01;32m[KSubscriber[m[K(NodePtr, const std::string&, rmw_qos_profile_t) [35m[K[with M = nav_msgs::msg::Odometry_<std::allocator<void> >; NodeType = rclcpp::Node; NodePtr = std::shared_ptr<rclcpp::Node>; std::string = std::__cxx11::basic_string<char>; rmw_qos_profile_t = rmw_qos_profile_s][m[K[m[Kâ€™
[89.467s]   183 |   [01;36m[KSubscriber[m[K(NodePtr node, const std::string& topic, const rmw_qos_profile_t qos = rmw_qos_profile_default)
[89.470s]       |   [01;36m[K^~~~~~~~~~[m[K
[89.470s] [01m[K/opt/ros/jazzy/include/message_filters/message_filters/subscriber.h:183:22:[m[K [01;36m[Knote: [m[K  no known conversion for argument 1 from â€˜[01m[Krclcpp::Node[m[Kâ€™ to â€˜[01m[Kmessage_filters::Subscriber<nav_msgs::msg::Odometry_<std::allocator<void> > >::NodePtr[m[Kâ€™ {aka â€˜[01m[Kstd::shared_ptr<rclcpp::Node>[m[Kâ€™}
[89.470s]   183 |   Subscriber([01;36m[KNodePtr node[m[K, const std::string& topic, const rmw_qos_profile_t qos = rmw_qos_profile_default)
[89.471s]       |              [01;36m[K~~~~~~~~^~~~[m[K
[89.514s] [01m[K/home/neha/ros2_ws/src/semnav_migration/src/navigation_semantic.cpp:181:25:[m[K [01;31m[Kerror: [m[Kâ€˜[01m[Kpub_behaviorMode_[m[Kâ€™ was not declared in this scope; did you mean â€˜[01m[Kpub_behaviorMode_topic_[m[Kâ€™?
[89.514s]   181 |                         [01;31m[Kpub_behaviorMode_[m[K.publish(commandMode);
[89.514s]       |                         [01;31m[K^~~~~~~~~~~~~~~~~[m[K
[89.515s]       |                         [32m[Kpub_behaviorMode_topic_[m[K
[89.569s] [01m[K/home/neha/ros2_ws/src/semnav_migration/src/navigation_semantic.cpp:[m[K In member function â€˜[01m[Kvoid SemanticNavigationNode::[01;32m[Kcontrol_callback[m[K(const sensor_msgs::msg::LaserScan_<std::allocator<void> >::ConstPtr&, const nav_msgs::msg::Odometry_<std::allocator<void> >::ConstPtr&)[m[Kâ€™:
[89.569s] [01m[K/home/neha/ros2_ws/src/semnav_migration/src/navigation_semantic.cpp:395:46:[m[K [01;31m[Kerror: [m[Kâ€˜[01m[Kros[m[Kâ€™ has not been declared
[89.569s]   395 |                         double before_time = [01;31m[Kros[m[K::Time::now().toSec();
[89.569s]       |                                              [01;31m[K^~~[m[K
[89.575s] [01m[K/home/neha/ros2_ws/src/semnav_migration/src/navigation_semantic.cpp:398:40:[m[K [01;31m[Kerror: [m[Kâ€˜[01m[KPoseStamped[m[Kâ€™ is not a member of â€˜[01m[Kgeometry_msgs[m[Kâ€™
[89.575s]   398 |                         geometry_msgs::[01;31m[KPoseStamped[m[K odomPose, mapPose;
[89.575s]       |                                        [01;31m[K^~~~~~~~~~~[m[K
[89.628s] [01m[K/home/neha/ros2_ws/src/semnav_migration/src/navigation_semantic.cpp:399:25:[m[K [01;31m[Kerror: [m[Kâ€˜[01m[KodomPose[m[Kâ€™ was not declared in this scope
[89.628s]   399 |                         [01;31m[KodomPose[m[K.header.stamp = ros::Time(0);
[89.628s]       |                         [01;31m[K^~~~~~~~[m[K
[89.629s] [01m[K/home/neha/ros2_ws/src/semnav_migration/src/navigation_semantic.cpp:399:49:[m[K [01;31m[Kerror: [m[Kâ€˜[01m[Kros[m[Kâ€™ has not been declared
[89.629s]   399 |                         odomPose.header.stamp = [01;31m[Kros[m[K::Time(0);
[89.629s]       |                                                 [01;31m[K^~~[m[K
[89.635s] [01m[K/home/neha/ros2_ws/src/semnav_migration/src/navigation.cpp:149:55:[m[K [01;31m[Kerror: [m[Kâ€˜[01m[Kbind[m[Kâ€™ is not a member of â€˜[01m[Kboost[m[Kâ€™; did you mean â€˜[01m[Kfind[m[Kâ€™?
[89.635s]   149 |                         sync->registerCallback(boost::[01;31m[Kbind[m[K(&NavigationNode::control_callback, this, _1, _2));
[89.635s]       |                                                       [01;31m[K^~~~[m[K
[89.635s]       |                                                       [32m[Kfind[m[K
[89.638s] [01m[K/home/neha/ros2_ws/src/semnav_migration/src/navigation.cpp:149:101:[m[K [01;31m[Kerror: [m[Kâ€˜[01m[K_1[m[Kâ€™ was not declared in this scope
[89.639s]   149 |                         sync->registerCallback(boost::bind(&NavigationNode::control_callback, this, [01;31m[K_1[m[K, _2));
[89.639s]       |                                                                                                     [01;31m[K^~[m[K
[89.640s] [01m[K/home/neha/ros2_ws/src/semnav_migration/src/navigation.cpp:149:101:[m[K [01;36m[Knote: [m[Ksuggested alternatives:
[89.641s] In file included from [01m[K/usr/include/boost/mpl/aux_/include_preprocessed.hpp:37[m[K,
[89.642s]                  from [01m[K/usr/include/boost/mpl/placeholders.hpp:43[m[K,
[89.642s]                  from [01m[K/usr/include/boost/iterator/iterator_categories.hpp:16[m[K,
[89.642s]                  from [01m[K/usr/include/boost/iterator/iterator_facade.hpp:13[m[K,
[89.645s]                  from [01m[K/usr/include/boost/range/iterator_range_core.hpp:27[m[K,
[89.645s]                  from [01m[K/usr/include/boost/lexical_cast.hpp:48[m[K,
[89.645s]                  from [01m[K/usr/include/boost/multiprecision/detail/number_base.hpp:29[m[K,
[89.645s]                  from [01m[K/usr/include/boost/multiprecision/traits/is_variable_precision.hpp:9[m[K,
[89.646s]                  from [01m[K/usr/include/boost/multiprecision/detail/precision.hpp:9[m[K,
[89.646s]                  from [01m[K/usr/include/boost/multiprecision/number.hpp:11[m[K,
[89.646s]                  from [01m[K/usr/include/boost/multiprecision/cpp_int.hpp:19[m[K,
[89.646s]                  from [01m[K/usr/include/boost/multiprecision/cpp_bin_float.hpp:15[m[K,
[89.646s]                  from [01m[K/usr/include/boost/geometry/core/coordinate_promotion.hpp:16[m[K,
[89.647s]                  from [01m[K/usr/include/boost/geometry/core/radian_access.hpp:30[m[K,
[89.647s]                  from [01m[K/usr/include/boost/geometry/geometry.hpp:50[m[K,
[89.647s]                  from [01m[K/usr/include/boost/geometry.hpp:17[m[K,
[89.647s]                  from [01m[K/home/neha/ros2_ws/src/semnav_migration/include/reactive_planner_lib.h:26[m[K:
[89.647s] [01m[K/usr/include/boost/mpl/aux_/preprocessed/gcc/placeholders.hpp:29:16:[m[K [01;36m[Knote: [m[K  â€˜[01m[Kmpl_::_1[m[Kâ€™
[89.647s]    29 | typedef arg<1> [01;36m[K_1[m[K;
[89.650s]       |                [01;36m[K^~[m[K
[89.650s] In file included from [01m[K/usr/include/boost/numeric/conversion/converter_policies.hpp:13[m[K,
[89.650s]                  from [01m[K/usr/include/boost/numeric/conversion/converter.hpp:14[m[K,
[89.650s]                  from [01m[K/usr/include/boost/numeric/conversion/cast.hpp:33[m[K,
[89.650s]                  from [01m[K/usr/include/boost/geometry/core/radian_access.hpp:26[m[K:
[89.650s] [01m[K/usr/include/c++/13/functional:294:48:[m[K [01;36m[Knote: [m[K  â€˜[01m[Kstd::placeholders::_1[m[Kâ€™
[89.651s]   294 |     _GLIBCXX_PLACEHOLDER const _Placeholder<1> [01;36m[K_1[m[K;
[89.651s]       |                                                [01;36m[K^~[m[K
[89.651s] [01m[K/usr/include/boost/mpl/aux_/preprocessed/gcc/placeholders.hpp:29:16:[m[K [01;36m[Knote: [m[K  â€˜[01m[Kmpl_::_1[m[Kâ€™
[89.651s]    29 | typedef arg<1> [01;36m[K_1[m[K;
[89.651s]       |                [01;36m[K^~[m[K
[89.651s] In file included from [01m[K/usr/include/boost/describe/members.hpp:20[m[K,
[89.656s]                  from [01m[K/usr/include/boost/container_hash/is_described_class.hpp:11[m[K,
[89.656s]                  from [01m[K/usr/include/boost/container_hash/hash.hpp:18[m[K,
[89.656s]                  from [01m[K/usr/include/boost/functional/hash.hpp:6[m[K,
[89.656s]                  from [01m[K/usr/include/CGAL/Kernel/hash_functions.h:16[m[K,
[89.656s]                  from [01m[K/usr/include/CGAL/Kernel/global_functions.h:25[m[K,
[89.657s]                  from [01m[K/usr/include/CGAL/Cartesian/Cartesian_base.h:22[m[K,
[89.657s]                  from [01m[K/usr/include/CGAL/Simple_cartesian.h:20[m[K,
[89.657s]                  from [01m[K/usr/include/CGAL/Exact_predicates_inexact_constructions_kernel.h:20[m[K,
[89.657s]                  from [01m[K/home/neha/ros2_ws/src/semnav_migration/include/polygeom_lib.h:32[m[K,
[89.657s]                  from [01m[K/home/neha/ros2_ws/src/semnav_migration/include/reactive_planner_lib.h:51[m[K:
[89.657s] [01m[K/usr/include/boost/mp11/bind.hpp:45:7:[m[K [01;36m[Knote: [m[K  â€˜[01m[Kboost::mp11::_1[m[Kâ€™
[89.660s]    45 | using [01;36m[K_1[m[K = mp_arg<0>;
[89.660s]       |       [01;36m[K^~[m[K
[89.660s] [01m[K/usr/include/boost/mpl/aux_/preprocessed/gcc/placeholders.hpp:29:16:[m[K [01;36m[Knote: [m[K  â€˜[01m[Kmpl_::_1[m[Kâ€™
[89.660s]    29 | typedef arg<1> [01;36m[K_1[m[K;
[89.661s]       |                [01;36m[K^~[m[K
[89.661s] [01m[K/home/neha/ros2_ws/src/semnav_migration/src/navigation.cpp:149:105:[m[K [01;31m[Kerror: [m[Kâ€˜[01m[K_2[m[Kâ€™ was not declared in this scope
[89.661s]   149 |                         sync->registerCallback(boost::bind(&NavigationNode::control_callback, this, _1, [01;31m[K_2[m[K));
[89.661s]       |                                                                                                         [01;31m[K^~[m[K
[89.661s] [01m[K/home/neha/ros2_ws/src/semnav_migration/src/navigation.cpp:149:105:[m[K [01;36m[Knote: [m[Ksuggested alternatives:
[89.661s] [01m[K/usr/include/boost/mpl/aux_/preprocessed/gcc/placeholders.hpp:42:16:[m[K [01;36m[Knote: [m[K  â€˜[01m[Kmpl_::_2[m[Kâ€™
[89.663s]    42 | typedef arg<2> [01;36m[K_2[m[K;
[89.663s]       |                [01;36m[K^~[m[K
[89.664s] [01m[K/usr/include/c++/13/functional:295:48:[m[K [01;36m[Knote: [m[K  â€˜[01m[Kstd::placeholders::_2[m[Kâ€™
[89.664s]   295 |     _GLIBCXX_PLACEHOLDER const _Placeholder<2> [01;36m[K_2[m[K;
[89.664s]       |                                                [01;36m[K^~[m[K
[89.664s] [01m[K/usr/include/boost/mpl/aux_/preprocessed/gcc/placeholders.hpp:42:16:[m[K [01;36m[Knote: [m[K  â€˜[01m[Kmpl_::_2[m[Kâ€™
[89.664s]    42 | typedef arg<2> [01;36m[K_2[m[K;
[89.664s]       |                [01;36m[K^~[m[K
[89.665s] [01m[K/usr/include/boost/mp11/bind.hpp:46:7:[m[K [01;36m[Knote: [m[K  â€˜[01m[Kboost::mp11::_2[m[Kâ€™
[89.665s]    46 | using [01;36m[K_2[m[K = mp_arg<1>;
[89.665s]       |       [01;36m[K^~[m[K
[89.665s] [01m[K/usr/include/boost/mpl/aux_/preprocessed/gcc/placeholders.hpp:42:16:[m[K [01;36m[Knote: [m[K  â€˜[01m[Kmpl_::_2[m[Kâ€™
[89.665s]    42 | typedef arg<2> [01;36m[K_2[m[K;
[89.665s]       |                [01;36m[K^~[m[K
[89.667s] [01m[K/home/neha/ros2_ws/src/semnav_migration/src/navigation.cpp:152:20:[m[K [01;31m[Kerror: [m[Kâ€˜[01m[KSubscription[m[Kâ€™ was not declared in this scope
[89.667s]   152 |             rclcpp:[01;31m[KSubscription[m[K sub_semantic = this->create_subscriber(sub_semantic_topic_, 1);
[89.667s]       |                    [01;31m[K^~~~~~~~~~~~[m[K
[89.667s] [01m[K/home/neha/ros2_ws/src/semnav_migration/src/navigation.cpp:152:20:[m[K [01;36m[Knote: [m[Ksuggested alternatives:
[89.668s] In file included from [01m[K/opt/ros/jazzy/include/rclcpp/rclcpp/any_executable.hpp:25[m[K,
[89.668s]                  from [01m[K/opt/ros/jazzy/include/rclcpp/rclcpp/memory_strategy.hpp:25[m[K,
[89.668s]                  from [01m[K/opt/ros/jazzy/include/rclcpp/rclcpp/memory_strategies.hpp:18[m[K,
[89.668s]                  from [01m[K/opt/ros/jazzy/include/rclcpp/rclcpp/executor_options.hpp:22[m[K,
[89.668s]                  from [01m[K/opt/ros/jazzy/include/rclcpp/rclcpp/executor.hpp:38[m[K,
[89.668s]                  from [01m[K/opt/ros/jazzy/include/rclcpp/rclcpp/executors/multi_threaded_executor.hpp:25[m[K,
[89.672s]                  from [01m[K/opt/ros/jazzy/include/rclcpp/rclcpp/executors.hpp:21[m[K:
[89.673s] [01m[K/opt/ros/jazzy/include/rclcpp/rclcpp/subscription.hpp:75:7:[m[K [01;36m[Knote: [m[K  â€˜[01m[Krclcpp::Subscription[m[Kâ€™
[89.673s]    75 | class [01;36m[KSubscription[m[K : public SubscriptionBase
[89.673s]       |       [01;36m[K^~~~~~~~~~~~[m[K
[89.673s] In file included from [01m[K/opt/ros/jazzy/include/rclcpp/rclcpp/client.hpp:45[m[K,
[89.673s]                  from [01m[K/opt/ros/jazzy/include/rclcpp/rclcpp/callback_group.hpp:24[m[K,
[89.673s]                  from [01m[K/opt/ros/jazzy/include/rclcpp/rclcpp/any_executable.hpp:20[m[K:
[89.674s] [01m[K/opt/ros/jazzy/include/rclcpp/rclcpp/node_interfaces/node_graph_interface.hpp:43:3:[m[K [01;36m[Knote: [m[K  â€˜[01m[Krclcpp::EndpointType::Subscription[m[Kâ€™
[89.674s]    43 |   [01;36m[KSubscription[m[K = RMW_ENDPOINT_SUBSCRIPTION
[89.674s]       |   [01;36m[K^~~~~~~~~~~~[m[K
[89.674s] [01m[K/home/neha/ros2_ws/src/semnav_migration/src/navigation.cpp:156:45:[m[K [01;31m[Kerror: [m[Kno matching function for call to â€˜[01m[Krclcpp::Duration::Duration(double)[m[Kâ€™
[89.674s]   156 |                         rclcpp::Duration(5.0[01;31m[K)[m[K.sleep();
[89.674s]       |                                             [01;31m[K^[m[K
[89.677s] In file included from [01m[K/opt/ros/jazzy/include/rclcpp/rclcpp/time.hpp:24[m[K,
[89.677s]                  from [01m[K/opt/ros/jazzy/include/rclcpp/rclcpp/clock.hpp:24[m[K,
[89.677s]                  from [01m[K/opt/ros/jazzy/include/rclcpp/rclcpp/client.hpp:38[m[K:
[89.677s] [01m[K/opt/ros/jazzy/include/rclcpp/rclcpp/duration.hpp:49:3:[m[K [01;36m[Knote: [m[Kcandidate: â€˜[01m[Ktemplate<class Rep, class Period> rclcpp::Duration::[01;32m[KDuration[m[K(const std::chrono::duration<_Rep1, _Period1>&)[m[Kâ€™
[89.678s]    49 |   [01;36m[KDuration[m[K(const std::chrono::duration<Rep, Period> & duration)  // NOLINT(runtime/explicit)
[89.678s]       |   [01;36m[K^~~~~~~~[m[K
[89.678s] [01m[K/opt/ros/jazzy/include/rclcpp/rclcpp/duration.hpp:49:3:[m[K [01;36m[Knote: [m[K  template argument deduction/substitution failed:
[89.678s] [01m[K/home/neha/ros2_ws/src/semnav_migration/src/navigation.cpp:156:45:[m[K [01;36m[Knote: [m[K  mismatched types â€˜[01m[Kconst std::chrono::duration<_Rep1, _Period1>[m[Kâ€™ and â€˜[01m[Kdouble[m[Kâ€™
[89.678s]   156 |                         rclcpp::Duration(5.0[01;36m[K)[m[K.sleep();
[89.678s]       |                                             [01;36m[K^[m[K
[89.681s] [01m[K/opt/ros/jazzy/include/rclcpp/rclcpp/duration.hpp:159:3:[m[K [01;36m[Knote: [m[Kcandidate: â€˜[01m[Krclcpp::Duration::[01;32m[KDuration[m[K()[m[Kâ€™
[89.681s]   159 |   [01;36m[KDuration[m[K() = default;
[89.681s]       |   [01;36m[K^~~~~~~~[m[K
[89.681s] [01m[K/opt/ros/jazzy/include/rclcpp/rclcpp/duration.hpp:159:3:[m[K [01;36m[Knote: [m[K  candidate expects 0 arguments, 1 provided
[89.681s] [01m[K/opt/ros/jazzy/include/rclcpp/rclcpp/duration.hpp:62:3:[m[K [01;36m[Knote: [m[Kcandidate: â€˜[01m[Krclcpp::Duration::[01;32m[KDuration[m[K(const rclcpp::Duration&)[m[Kâ€™
[89.681s]    62 |   [01;36m[KDuration[m[K(const Duration & rhs);
[89.682s]       |   [01;36m[K^~~~~~~~[m[K
[89.682s] [01m[K/opt/ros/jazzy/include/rclcpp/rclcpp/duration.hpp:62:29:[m[K [01;36m[Knote: [m[K  no known conversion for argument 1 from â€˜[01m[Kdouble[m[Kâ€™ to â€˜[01m[Kconst rclcpp::Duration&[m[Kâ€™
[89.682s]    62 |   Duration([01;36m[Kconst Duration & rhs[m[K);
[89.682s]       |            [01;36m[K~~~~~~~~~~~~~~~~~^~~[m[K
[89.682s] [01m[K/opt/ros/jazzy/include/rclcpp/rclcpp/duration.hpp:60:12:[m[K [01;36m[Knote: [m[Kcandidate: â€˜[01m[Krclcpp::Duration::[01;32m[KDuration[m[K(const rcl_duration_t&)[m[Kâ€™
[89.682s]    60 |   explicit [01;36m[KDuration[m[K(const rcl_duration_t & duration);
[89.685s]       |            [01;36m[K^~~~~~~~[m[K
[89.685s] [01m[K/opt/ros/jazzy/include/rclcpp/rclcpp/duration.hpp:60:44:[m[K [01;36m[Knote: [m[K  no known conversion for argument 1 from â€˜[01m[Kdouble[m[Kâ€™ to â€˜[01m[Kconst rcl_duration_t&[m[Kâ€™ {aka â€˜[01m[Kconst rcl_duration_s&[m[Kâ€™}
[89.685s]    60 |   explicit Duration([01;36m[Kconst rcl_duration_t & duration[m[K);
[89.685s]       |                     [01;36m[K~~~~~~~~~~~~~~~~~~~~~~~^~~~~~~~[m[K
[89.685s] [01m[K/opt/ros/jazzy/include/rclcpp/rclcpp/duration.hpp:54:3:[m[K [01;36m[Knote: [m[Kcandidate: â€˜[01m[Krclcpp::Duration::[01;32m[KDuration[m[K(const builtin_interfaces::msg::Duration&)[m[Kâ€™
[89.685s]    54 |   [01;36m[KDuration[m[K(const builtin_interfaces::msg::Duration & duration_msg);  // NOLINT(runtime/explicit)
[89.686s]       |   [01;36m[K^~~~~~~~[m[K
[89.689s] [01m[K/opt/ros/jazzy/include/rclcpp/rclcpp/duration.hpp:54:54:[m[K [01;36m[Knote: [m[K  no known conversion for argument 1 from â€˜[01m[Kdouble[m[Kâ€™ to â€˜[01m[Kconst builtin_interfaces::msg::Duration&[m[Kâ€™ {aka â€˜[01m[Kconst builtin_interfaces::msg::Duration_<std::allocator<void> >&[m[Kâ€™}
[89.689s]    54 |   Duration([01;36m[Kconst builtin_interfaces::msg::Duration & duration_msg[m[K);  // NOLINT(runtime/explicit)
[89.689s]       |            [01;36m[K~~~~~~~~~~~~~~~~~~~~~~~~~~~~~~~~~~~~~~~~~~^~~~~~~~~~~~[m[K
[89.689s] [01m[K/opt/ros/jazzy/include/rclcpp/rclcpp/duration.hpp:43:12:[m[K [01;36m[Knote: [m[Kcandidate: â€˜[01m[Krclcpp::Duration::[01;32m[KDuration[m[K(std::chrono::nanoseconds)[m[Kâ€™
[89.689s]    43 |   explicit [01;36m[KDuration[m[K(std::chrono::nanoseconds nanoseconds);
[89.690s]       |            [01;36m[K^~~~~~~~[m[K
[89.690s] [01m[K/opt/ros/jazzy/include/rclcpp/rclcpp/duration.hpp:43:46:[m[K [01;36m[Knote: [m[K  no known conversion for argument 1 from â€˜[01m[Kdouble[m[Kâ€™ to â€˜[01m[Kstd::chrono::nanoseconds[m[Kâ€™ {aka â€˜[01m[Kstd::chrono::duration<long int, std::ratio<1, 1000000000> >[m[Kâ€™}
[89.690s]    43 |   explicit Duration([01;36m[Kstd::chrono::nanoseconds nanoseconds[m[K);
[89.690s]       |                     [01;36m[K~~~~~~~~~~~~~~~~~~~~~~~~~^~~~~~~~~~~[m[K
[89.690s] [01m[K/opt/ros/jazzy/include/rclcpp/rclcpp/duration.hpp:40:3:[m[K [01;36m[Knote: [m[Kcandidate: â€˜[01m[Krclcpp::Duration::[01;32m[KDuration[m[K(int32_t, uint32_t)[m[Kâ€™
[89.690s]    40 |   [01;36m[KDuration[m[K(int32_t seconds, uint32_t nanoseconds);
[89.691s]       |   [01;36m[K^~~~~~~~[m[K
[89.691s] [01m[K/opt/ros/jazzy/include/rclcpp/rclcpp/duration.hpp:40:3:[m[K [01;36m[Knote: [m[K  candidate expects 2 arguments, 1 provided
[89.692s] [01m[K/home/neha/ros2_ws/src/semnav_migration/src/navigation_semantic.cpp:403:33:[m[K [01;31m[Kerror: [m[Kâ€˜[01m[Klistener_[m[Kâ€™ was not declared in this scope
[89.692s]   403 |                                 [01;31m[Klistener_[m[K.waitForTransform(world_frame_id_, odom_frame_id_, ros::Time(0), ros::Duration(1.0));
[89.693s]       |                                 [01;31m[K^~~~~~~~~[m[K
[89.693s] [01m[K/home/neha/ros2_ws/src/semnav_migration/src/navigation_semantic.cpp:403:93:[m[K [01;31m[Kerror: [m[Kâ€˜[01m[Kros[m[Kâ€™ has not been declared
[89.693s]   403 |                                 listener_.waitForTransform(world_frame_id_, odom_frame_id_, [01;31m[Kros[m[K::Time(0), ros::Duration(1.0));
[89.693s]       |                                                                                             [01;31m[K^~~[m[K
[89.693s] [01m[K/home/neha/ros2_ws/src/semnav_migration/src/navigation_semantic.cpp:403:107:[m[K [01;31m[Kerror: [m[Kâ€˜[01m[Kros[m[Kâ€™ has not been declared
[89.693s]   403 |                                 listener_.waitForTransform(world_frame_id_, odom_frame_id_, ros::Time(0), [01;31m[Kros[m[K::Duration(1.0));
[89.693s]       |                                                                                                           [01;31m[K^~~[m[K
[89.740s] [01m[K/home/neha/ros2_ws/src/semnav_migration/src/navigation.cpp:163:38:[m[K [01;31m[Kerror: [m[Kâ€˜[01m[Knode_ptr[m[Kâ€™ was not declared in this scope; did you mean â€˜[01m[Kmode_t[m[Kâ€™?
[89.741s]   163 |                         rclcpp::spin([01;31m[Knode_ptr[m[K);
[89.741s]       |                                      [01;31m[K^~~~~~~~[m[K
[89.741s]       |                                      [32m[Kmode_t[m[K
[89.747s] [01m[K/home/neha/ros2_ws/src/semnav_migration/src/navigation_semantic.cpp:404:84:[m[K [01;31m[Kerror: [m[Kâ€˜[01m[KmapPose[m[Kâ€™ was not declared in this scope
[89.747s]   404 |                                 listener_.transformPose(world_frame_id_, odomPose, [01;31m[KmapPose[m[K);
[89.747s]       |                                                                                    [01;31m[K^~~~~~~[m[K
[89.754s] [01m[K/home/neha/ros2_ws/src/semnav_migration/src/navigation_semantic.cpp:405:34:[m[K [01;31m[Kerror: [m[Kâ€˜[01m[Ktf[m[Kâ€™ does not name a type; did you mean â€˜[01m[Ktm[m[Kâ€™?
[89.754s]   405 |                         } catch ([01;31m[Ktf[m[K::TransformException &ex) {
[89.754s]       |                                  [01;31m[K^~[m[K
[89.755s]       |                                  [32m[Ktm[m[K
[89.756s] [01m[K/home/neha/ros2_ws/src/semnav_migration/src/navigation_semantic.cpp:405:57:[m[K [01;31m[Kerror: [m[Kexpected unqualified-id before â€˜[01m[K&[m[Kâ€™ token
[89.756s]   405 |                         } catch (tf::TransformException [01;31m[K&[m[Kex) {
[89.756s]       |                                                         [01;31m[K^[m[K
[89.756s] [01m[K/home/neha/ros2_ws/src/semnav_migration/src/navigation_semantic.cpp:405:57:[m[K [01;31m[Kerror: [m[Kexpected â€˜[01m[K)[m[Kâ€™ before â€˜[01m[K&[m[Kâ€™ token
[89.757s] [01m[K/home/neha/ros2_ws/src/semnav_migration/src/navigation_semantic.cpp:405:33:[m[K [01;36m[Knote: [m[Kto match this â€˜[01m[K([m[Kâ€™
[89.757s]   405 |                         } catch [01;36m[K([m[Ktf::TransformException &ex) {
[89.757s]       |                                 [01;36m[K^[m[K
[89.757s] [01m[K/home/neha/ros2_ws/src/semnav_migration/src/navigation_semantic.cpp:405:57:[m[K [01;31m[Kerror: [m[Kexpected â€˜[01m[K{[m[Kâ€™ before â€˜[01m[K&[m[Kâ€™ token
[89.757s]   405 |                         } catch (tf::TransformException [01;31m[K&[m[Kex) {
[89.761s]       |                                                         [01;31m[K^[m[K
[89.761s] [01m[K/home/neha/ros2_ws/src/semnav_migration/src/navigation.cpp:[m[K In member function â€˜[01m[Kvoid NavigationNode::[01;32m[Kpublish_behavior_id[m[K(uint16_t)[m[Kâ€™:
[89.761s] [01m[K/home/neha/ros2_ws/src/semnav_migration/src/navigation.cpp:175:28:[m[K [01;31m[Kerror: [m[Kâ€˜[01m[KUInt32[m[Kâ€™ is not a member of â€˜[01m[Kstd_msgs::msg[m[Kâ€™
[89.761s]   175 |             std_msgs::msg::[01;31m[KUInt32[m[K commandId;
[89.762s]       |                            [01;31m[K^~~~~~[m[K
[89.799s] [01m[K/home/neha/ros2_ws/src/semnav_migration/src/navigation_semantic.cpp:405:58:[m[K [01;31m[Kerror: [m[Kâ€˜[01m[Kex[m[Kâ€™ was not declared in this scope; did you mean â€˜[01m[Kexp[m[Kâ€™?
[89.800s]   405 |                         } catch (tf::TransformException &[01;31m[Kex[m[K) {
[89.800s]       |                                                          [01;31m[K^~[m[K
[89.800s]       |                                                          [32m[Kexp[m[K
[89.800s] [01m[K/home/neha/ros2_ws/src/semnav_migration/src/navigation_semantic.cpp:411:25:[m[K [01;31m[Kerror: [m[Kâ€˜[01m[Ktf[m[Kâ€™ has not been declared
[89.800s]   411 |                         [01;31m[Ktf[m[K::Quaternion rotation = tf::Quaternion(mapPose.pose.orientation.x,
[89.803s]       |                         [01;31m[K^~[m[K
[89.803s] [01m[K/home/neha/ros2_ws/src/semnav_migration/src/navigation_semantic.cpp:415:25:[m[K [01;31m[Kerror: [m[Kâ€˜[01m[Ktf[m[Kâ€™ has not been declared
[89.803s]   415 |                         [01;31m[Ktf[m[K::Matrix3x3 m(rotation);
[89.803s]       |                         [01;31m[K^~[m[K
[89.833s] [01m[K/home/neha/ros2_ws/src/semnav_migration/src/navigation.cpp:176:25:[m[K [01;31m[Kerror: [m[Kâ€˜[01m[KcommandId[m[Kâ€™ was not declared in this scope
[89.833s]   176 |                         [01;31m[KcommandId[m[K.data = BehaviorIdCmd;
[89.834s]       |                         [01;31m[K^~~~~~~~~[m[K
[89.839s] [01m[K/home/neha/ros2_ws/src/semnav_migration/src/navigation.cpp:[m[K In member function â€˜[01m[Kvoid NavigationNode::[01;32m[Kpublish_behavior_mode[m[K(uint16_t)[m[Kâ€™:
[89.840s] [01m[K/home/neha/ros2_ws/src/semnav_migration/src/navigation.cpp:182:28:[m[K [01;31m[Kerror: [m[Kâ€˜[01m[KUInt32[m[Kâ€™ is not a member of â€˜[01m[Kstd_msgs::msg[m[Kâ€™
[89.842s]   182 |             std_msgs::msg::[01;31m[KUInt32[m[K commandMode;
[89.842s]       |                            [01;31m[K^~~~~~[m[K
[89.842s] [01m[K/home/neha/ros2_ws/src/semnav_migration/src/navigation_semantic.cpp:417:25:[m[K [01;31m[Kerror: [m[Kâ€˜[01m[Km[m[Kâ€™ was not declared in this scope; did you mean â€˜[01m[Ktm[m[Kâ€™?
[89.842s]   417 |                         [01;31m[Km[m[K.getRPY(roll, pitch, yaw);
[89.843s]       |                         [01;31m[K^[m[K
[89.843s]       |                         [32m[Ktm[m[K
[89.890s] [01m[K/home/neha/ros2_ws/src/semnav_migration/src/navigation_semantic.cpp:418:51:[m[K [01;31m[Kerror: [m[Kâ€˜[01m[KmapPose[m[Kâ€™ was not declared in this scope
[89.890s]   418 |                         double x_robot_position = [01;31m[KmapPose[m[K.pose.position.x;
[89.890s]       |                                                   [01;31m[K^~~~~~~[m[K
[89.900s] [01m[K/home/neha/ros2_ws/src/semnav_migration/src/navigation_semantic.cpp:431:42:[m[K [01;31m[Kerror: [m[Kcould not convert â€˜[01m[Klidar_data[m[Kâ€™ from â€˜[01m[Kshared_ptr<LaserScan_<[...]>>[m[Kâ€™ to â€˜[01m[Kshared_ptr<LaserScan_<[...]>>[m[Kâ€™
[89.900s]   431 |                         constructLIDAR2D([01;31m[Klidar_data[m[K, CutoffRange_, AllowableRange_, RobotPitch_, &LIDAR);
[89.900s]       |                                          [01;31m[K^~~~~~~~~~[m[K
[89.902s]       |                                          [01;31m[K|[m[K
[89.902s]       |                                          [01;31m[Kshared_ptr<LaserScan_<[...]>>[m[K
[89.920s] [01m[K/home/neha/ros2_ws/src/semnav_migration/src/navigation_semantic.cpp:561:96:[m[K [01;31m[Kerror: [m[Kinvalid operands of types â€˜[01m[Kconst char [53][m[Kâ€™ and â€˜[01m[Kdouble[m[Kâ€™ to binary â€˜[01m[Koperator<<[m[Kâ€™
[89.920s]   561 |                         ROS_WARN_STREAM([32m[K"[Navigation] Diffeomorphism jacobian determinant is "[m[K [01;31m[K<<[m[K [34m[KMatrixDeterminant(RobotPositionTransformedD)[m[K << ", robot position is " << bg::dsv(RobotPosition_) << " and robot positon in model space is " << bg::dsv(RobotPositionTransformedPoint));
[89.920s]       |                                         [32m[K~~~~~~~~~~~~~~~~~~~~~~~~~~~~~~~~~~~~~~~~~~~~~~~~~~~~~~[m[K [01;31m[K^~[m[K [34m[K~~~~~~~~~~~~~~~~~~~~~~~~~~~~~~~~~~~~~~~~~~~~[m[K
[89.921s]       |                                         [32m[K|[m[K                                                                          [34m[K|[m[K
[89.921s]       |                                         [32m[Kconst char [53][m[K                                                            [34m[Kdouble[m[K
[89.931s] [01m[K/home/neha/ros2_ws/src/semnav_migration/src/navigation.cpp:183:25:[m[K [01;31m[Kerror: [m[Kâ€˜[01m[KcommandMode[m[Kâ€™ was not declared in this scope
[89.931s]   183 |                         [01;31m[KcommandMode[m[K.data = BehaviorModeCmd;
[89.931s]       |                         [01;31m[K^~~~~~~~~~~[m[K
[89.986s] [01m[K/home/neha/ros2_ws/src/semnav_migration/src/navigation.cpp:[m[K In member function â€˜[01m[Kvoid NavigationNode::[01;32m[Kcontrol_callback[m[K(const sensor_msgs::msg::LaserScan_<std::allocator<void> >::ConstPtr&, const nav_msgs::msg::Odometry_<std::allocator<void> >::ConstPtr&)[m[Kâ€™:
[89.986s] [01m[K/home/neha/ros2_ws/src/semnav_migration/src/navigation.cpp:357:60:[m[K [01;31m[Kerror: [m[Kâ€˜[01m[Know[m[Kâ€™ is not a member of â€˜[01m[Krclcpp::Time[m[Kâ€™
[89.986s]   357 |                         double before_time = rclcpp::Time::[01;31m[Know[m[K().toSec();
[89.986s]       |                                                            [01;31m[K^~~[m[K
[89.993s] [01m[K/home/neha/ros2_ws/src/semnav_migration/src/navigation.cpp:360:33:[m[K [01;31m[Kerror: [m[Kâ€˜[01m[KPoseStamped[m[Kâ€™ is not a member of â€˜[01m[Kgeometry_msgs::msg[m[Kâ€™
[89.993s]   360 |             geometry_msgs::msg::[01;31m[KPoseStamped[m[K odomPose, mapPose;
[89.993s]       |                                 [01;31m[K^~~~~~~~~~~[m[K
[90.019s] [01m[K/home/neha/ros2_ws/src/semnav_migration/src/navigation_semantic.cpp:561:25:[m[K [01;31m[Kerror: [m[Kâ€˜[01m[KROS_WARN_STREAM[m[Kâ€™ was not declared in this scope; did you mean â€˜[01m[KRCLCPP_WARN_STREAM[m[Kâ€™?
[90.019s]   561 |                         [01;31m[KROS_WARN_STREAM[m[K("[Navigation] Diffeomorphism jacobian determinant is " << MatrixDeterminant(RobotPositionTransformedD) << ", robot position is " << bg::dsv(RobotPosition_) << " and robot positon in model space is " << bg::dsv(RobotPositionTransformedPoint));
[90.019s]       |                         [01;31m[K^~~~~~~~~~~~~~~[m[K
[90.019s]       |                         [32m[KRCLCPP_WARN_STREAM[m[K
[90.020s] [01m[K/home/neha/ros2_ws/src/semnav_migration/src/navigation_semantic.cpp:590:41:[m[K [01;31m[Kerror: [m[Kâ€˜[01m[Kros[m[Kâ€™ has not been declared
[90.020s]   590 |                                         [01;31m[Kros[m[K::Duration(5.0).sleep();
[90.021s]       |                                         [01;31m[K^~~[m[K
[90.029s] [01m[K/home/neha/ros2_ws/src/semnav_migration/src/navigation_semantic.cpp:615:75:[m[K [01;31m[Kerror: [m[Kinvalid operands of types â€˜[01m[Kconst char [32][m[Kâ€™ and â€˜[01m[Kdouble[m[Kâ€™ to binary â€˜[01m[Koperator<<[m[Kâ€™
[90.029s]   615 |                         ROS_WARN_STREAM([32m[K"[Navigation] Linear command is "[m[K [01;31m[K<<[m[K [34m[KLinearCmd[m[K << " and angular command is " << AngularCmd);
[90.029s]       |                                         [32m[K~~~~~~~~~~~~~~~~~~~~~~~~~~~~~~~~~[m[K [01;31m[K^~[m[K [34m[K~~~~~~~~~[m[K
[90.029s]       |                                         [32m[K|[m[K                                    [34m[K|[m[K
[90.029s]       |                                         [32m[Kconst char [32][m[K                      [34m[Kdouble[m[K
[90.029s] [01m[K/home/neha/ros2_ws/src/semnav_migration/src/navigation_semantic.cpp:616:76:[m[K [01;31m[Kerror: [m[Kinvalid operands of types â€˜[01m[Kconst char [33][m[Kâ€™ and â€˜[01m[Kint[m[Kâ€™ to binary â€˜[01m[Koperator<<[m[Kâ€™
[90.030s]   616 |                         ROS_WARN_STREAM([32m[K"[Navigation] Command update for "[m[K [01;31m[K<<[m[K [34m[Kint(localDiffeoTreeArray.size())[m[K << " polygons in " << ros::Time::now().toSec()-before_time << " seconds.");
[90.030s]       |                                         [32m[K~~~~~~~~~~~~~~~~~~~~~~~~~~~~~~~~~~[m[K [01;31m[K^~[m[K [34m[K~~~~~~~~~~~~~~~~~~~~~~~~~~~~~~~~[m[K
[90.030s]       |                                         [32m[K|[m[K                                     [34m[K|[m[K
[90.030s]       |                                         [32m[Kconst char [33][m[K                       [34m[Kint[m[K
[90.030s] [01m[K/home/neha/ros2_ws/src/semnav_migration/src/navigation_semantic.cpp:616:134:[m[K [01;31m[Kerror: [m[Kâ€˜[01m[Kros[m[Kâ€™ has not been declared
[90.030s]   616 |                         ROS_WARN_STREAM("[Navigation] Command update for " << int(localDiffeoTreeArray.size()) << " polygons in " << [01;31m[Kros[m[K::Time::now().toSec()-before_time << " seconds.");
[90.030s]       |                                                                                                                                      [01;31m[K^~~[m[K
[90.033s] [01m[K/home/neha/ros2_ws/src/semnav_migration/src/navigation_semantic.cpp:[m[K In function â€˜[01m[Kint[01;32m[K main[m[K(int, char**)[m[Kâ€™:
[90.033s] [01m[K/home/neha/ros2_ws/src/semnav_migration/src/navigation_semantic.cpp:697:9:[m[K [01;31m[Kerror: [m[Kâ€˜[01m[Kros[m[Kâ€™ has not been declared
[90.033s]   697 |         [01;31m[Kros[m[K::init(argc, argv, "navigation_semantic");
[90.033s]       |         [01;31m[K^~~[m[K
[90.033s] [01m[K/home/neha/ros2_ws/src/semnav_migration/src/navigation_semantic.cpp:700:9:[m[K [01;31m[Kerror: [m[Kâ€˜[01m[Kros[m[Kâ€™ has not been declared
[90.033s]   700 |         [01;31m[Kros[m[K::NodeHandle nh("~");
[90.034s]       |         [01;31m[K^~~[m[K
[90.052s] [01m[K/home/neha/ros2_ws/src/semnav_migration/src/navigation_semantic.cpp:703:56:[m[K [01;31m[Kerror: [m[Kâ€˜[01m[Knh[m[Kâ€™ was not declared in this scope
[90.052s]   703 |         SemanticNavigationNode semanticNavigationNode(&[01;31m[Knh[m[K);
[90.052s]       |                                                        [01;31m[K^~[m[K
[90.054s] [01m[K/home/neha/ros2_ws/src/semnav_migration/src/navigation.cpp:361:25:[m[K [01;31m[Kerror: [m[Kâ€˜[01m[KodomPose[m[Kâ€™ was not declared in this scope
[90.054s]   361 |                         [01;31m[KodomPose[m[K.header.stamp = rclcpp::Time(0);
[90.054s]       |                         [01;31m[K^~~~~~~~[m[K
[90.130s] [01m[K/home/neha/ros2_ws/src/semnav_migration/src/navigation.cpp:365:33:[m[K [01;31m[Kerror: [m[Kâ€˜[01m[Klistener_[m[Kâ€™ was not declared in this scope
[90.131s]   365 |                                 [01;31m[Klistener_[m[K.waitForTransform(world_frame_id_, odom_frame_id_, rclcpp::Time(0), rclcpp::Duration(1.0));
[90.131s]       |                                 [01;31m[K^~~~~~~~~[m[K
[90.132s] [01m[K/home/neha/ros2_ws/src/semnav_migration/src/navigation.cpp:365:130:[m[K [01;31m[Kerror: [m[Kno matching function for call to â€˜[01m[Krclcpp::Duration::Duration(double)[m[Kâ€™
[90.132s]   365 |                    listener_.waitForTransform(world_frame_id_, odom_frame_id_, rclcpp::Time(0), rclcpp::Duration(1.0[01;31m[K)[m[K);
[90.132s]       |                                                                                                                     [01;31m[K^[m[K
[90.133s] 
[90.133s] [01m[K/opt/ros/jazzy/include/rclcpp/rclcpp/duration.hpp:49:3:[m[K [01;36m[Knote: [m[Kcandidate: â€˜[01m[Ktemplate<class Rep, class Period> rclcpp::Duration::[01;32m[KDuration[m[K(const std::chrono::duration<_Rep1, _Period1>&)[m[Kâ€™
[90.133s]    49 |   [01;36m[KDuration[m[K(const std::chrono::duration<Rep, Period> & duration)  // NOLINT(runtime/explicit)
[90.134s]       |   [01;36m[K^~~~~~~~[m[K
[90.134s] [01m[K/opt/ros/jazzy/include/rclcpp/rclcpp/duration.hpp:49:3:[m[K [01;36m[Knote: [m[K  template argument deduction/substitution failed:
[90.138s] [01m[K/home/neha/ros2_ws/src/semnav_migration/src/navigation.cpp:365:130:[m[K [01;36m[Knote: [m[K  mismatched types â€˜[01m[Kconst std::chrono::duration<_Rep1, _Period1>[m[Kâ€™ and â€˜[01m[Kdouble[m[Kâ€™
[90.138s]   365 |                    listener_.waitForTransform(world_frame_id_, odom_frame_id_, rclcpp::Time(0), rclcpp::Duration(1.0[01;36m[K)[m[K);
[90.138s]       |                                                                                                                     [01;36m[K^[m[K
[90.138s] 
[90.139s] [01m[K/opt/ros/jazzy/include/rclcpp/rclcpp/duration.hpp:159:3:[m[K [01;36m[Knote: [m[Kcandidate: â€˜[01m[Krclcpp::Duration::[01;32m[KDuration[m[K()[m[Kâ€™
[90.139s]   159 |   [01;36m[KDuration[m[K() = default;
[90.139s]       |   [01;36m[K^~~~~~~~[m[K
[90.139s] [01m[K/opt/ros/jazzy/include/rclcpp/rclcpp/duration.hpp:159:3:[m[K [01;36m[Knote: [m[K  candidate expects 0 arguments, 1 provided
[90.139s] [01m[K/opt/ros/jazzy/include/rclcpp/rclcpp/duration.hpp:62:3:[m[K [01;36m[Knote: [m[Kcandidate: â€˜[01m[Krclcpp::Duration::[01;32m[KDuration[m[K(const rclcpp::Duration&)[m[Kâ€™
[90.139s]    62 |   [01;36m[KDuration[m[K(const Duration & rhs);
[90.141s]       |   [01;36m[K^~~~~~~~[m[K
[90.142s] [01m[K/opt/ros/jazzy/include/rclcpp/rclcpp/duration.hpp:62:29:[m[K [01;36m[Knote: [m[K  no known conversion for argument 1 from â€˜[01m[Kdouble[m[Kâ€™ to â€˜[01m[Kconst rclcpp::Duration&[m[Kâ€™
[90.142s]    62 |   Duration([01;36m[Kconst Duration & rhs[m[K);
[90.142s]       |            [01;36m[K~~~~~~~~~~~~~~~~~^~~[m[K
[90.145s] [01m[K/opt/ros/jazzy/include/rclcpp/rclcpp/duration.hpp:60:12:[m[K [01;36m[Knote: [m[Kcandidate: â€˜[01m[Krclcpp::Duration::[01;32m[KDuration[m[K(const rcl_duration_t&)[m[Kâ€™
[90.145s]    60 |   explicit [01;36m[KDuration[m[K(const rcl_duration_t & duration);
[90.145s]       |            [01;36m[K^~~~~~~~[m[K
[90.146s] [01m[K/opt/ros/jazzy/include/rclcpp/rclcpp/duration.hpp:60:44:[m[K [01;36m[Knote: [m[K  no known conversion for argument 1 from â€˜[01m[Kdouble[m[Kâ€™ to â€˜[01m[Kconst rcl_duration_t&[m[Kâ€™ {aka â€˜[01m[Kconst rcl_duration_s&[m[Kâ€™}
[90.146s]    60 |   explicit Duration([01;36m[Kconst rcl_duration_t & duration[m[K);
[90.146s]       |                     [01;36m[K~~~~~~~~~~~~~~~~~~~~~~~^~~~~~~~[m[K
[90.146s] [01m[K/opt/ros/jazzy/include/rclcpp/rclcpp/duration.hpp:54:3:[m[K [01;36m[Knote: [m[Kcandidate: â€˜[01m[Krclcpp::Duration::[01;32m[KDuration[m[K(const builtin_interfaces::msg::Duration&)[m[Kâ€™
[90.146s]    54 |   [01;36m[KDuration[m[K(const builtin_interfaces::msg::Duration & duration_msg);  // NOLINT(runtime/explicit)
[90.146s]       |   [01;36m[K^~~~~~~~[m[K
[90.150s] [01m[K/opt/ros/jazzy/include/rclcpp/rclcpp/duration.hpp:54:54:[m[K [01;36m[Knote: [m[K  no known conversion for argument 1 from â€˜[01m[Kdouble[m[Kâ€™ to â€˜[01m[Kconst builtin_interfaces::msg::Duration&[m[Kâ€™ {aka â€˜[01m[Kconst builtin_interfaces::msg::Duration_<std::allocator<void> >&[m[Kâ€™}
[90.150s]    54 |   Duration([01;36m[Kconst builtin_interfaces::msg::Duration & duration_msg[m[K);  // NOLINT(runtime/explicit)
[90.150s]       |            [01;36m[K~~~~~~~~~~~~~~~~~~~~~~~~~~~~~~~~~~~~~~~~~~^~~~~~~~~~~~[m[K
[90.150s] [01m[K/opt/ros/jazzy/include/rclcpp/rclcpp/duration.hpp:43:12:[m[K [01;36m[Knote: [m[Kcandidate: â€˜[01m[Krclcpp::Duration::[01;32m[KDuration[m[K(std::chrono::nanoseconds)[m[Kâ€™
[90.150s]    43 |   explicit [01;36m[KDuration[m[K(std::chrono::nanoseconds nanoseconds);
[90.150s]       |            [01;36m[K^~~~~~~~[m[K
[90.151s] [01m[K/opt/ros/jazzy/include/rclcpp/rclcpp/duration.hpp:43:46:[m[K [01;36m[Knote: [m[K  no known conversion for argument 1 from â€˜[01m[Kdouble[m[Kâ€™ to â€˜[01m[Kstd::chrono::nanoseconds[m[Kâ€™ {aka â€˜[01m[Kstd::chrono::duration<long int, std::ratio<1, 1000000000> >[m[Kâ€™}
[90.151s]    43 |   explicit Duration([01;36m[Kstd::chrono::nanoseconds nanoseconds[m[K);
[90.151s]       |                     [01;36m[K~~~~~~~~~~~~~~~~~~~~~~~~~^~~~~~~~~~~[m[K
[90.151s] [01m[K/opt/ros/jazzy/include/rclcpp/rclcpp/duration.hpp:40:3:[m[K [01;36m[Knote: [m[Kcandidate: â€˜[01m[Krclcpp::Duration::[01;32m[KDuration[m[K(int32_t, uint32_t)[m[Kâ€™
[90.151s]    40 |   [01;36m[KDuration[m[K(int32_t seconds, uint32_t nanoseconds);
[90.151s]       |   [01;36m[K^~~~~~~~[m[K
[90.151s] [01m[K/opt/ros/jazzy/include/rclcpp/rclcpp/duration.hpp:40:3:[m[K [01;36m[Knote: [m[K  candidate expects 2 arguments, 1 provided
[90.188s] [01m[K/home/neha/ros2_ws/src/semnav_migration/src/navigation.cpp:366:84:[m[K [01;31m[Kerror: [m[Kâ€˜[01m[KmapPose[m[Kâ€™ was not declared in this scope
[90.188s]   366 |                                 listener_.transformPose(world_frame_id_, odomPose, [01;31m[KmapPose[m[K);
[90.188s]       |                                                                                    [01;31m[K^~~~~~~[m[K
[90.261s] [01m[K/home/neha/ros2_ws/src/semnav_migration/src/navigation.cpp:368:33:[m[K [01;31m[Kerror: [m[Kâ€˜[01m[KROS_ERROR[m[Kâ€™ was not declared in this scope
[90.262s]   368 |                                 [01;31m[KROS_ERROR[m[K("%s",ex.what());
[90.262s]       |                                 [01;31m[K^~~~~~~~~[m[K
[90.316s] [01m[K/home/neha/ros2_ws/src/semnav_migration/src/navigation.cpp:373:68:[m[K [01;31m[Kerror: [m[Kâ€˜[01m[KmapPose[m[Kâ€™ was not declared in this scope
[90.316s]   373 |                         tf2::Quaternion rotation = tf2::Quaternion([01;31m[KmapPose[m[K.pose.orientation.x,
[90.316s]       |                                                                    [01;31m[K^~~~~~~[m[K
[90.319s] [01m[K/home/neha/ros2_ws/src/semnav_migration/src/navigation.cpp:395:42:[m[K [01;31m[Kerror: [m[Kcould not convert â€˜[01m[Klidar_data[m[Kâ€™ from â€˜[01m[Kshared_ptr<LaserScan_<[...]>>[m[Kâ€™ to â€˜[01m[Kshared_ptr<LaserScan_<[...]>>[m[Kâ€™
[90.321s]   395 |                         constructLIDAR2D([01;31m[Klidar_data[m[K, CutoffRange_, AllowableRange_, RobotPitch_, &LIDAR);
[90.321s]       |                                          [01;31m[K^~~~~~~~~~[m[K
[90.321s]       |                                          [01;31m[K|[m[K
[90.321s]       |                                          [01;31m[Kshared_ptr<LaserScan_<[...]>>[m[K
[90.342s] [01m[K/home/neha/ros2_ws/src/semnav_migration/src/navigation.cpp:569:53:[m[K [01;31m[Kerror: [m[Kno matching function for call to â€˜[01m[Krclcpp::Duration::Duration(double)[m[Kâ€™
[90.342s]   569 |                                 rclcpp::Duration(5.0[01;31m[K)[m[K.sleep();
[90.343s]       |                                                     [01;31m[K^[m[K
[90.344s] [01m[K/opt/ros/jazzy/include/rclcpp/rclcpp/duration.hpp:49:3:[m[K [01;36m[Knote: [m[Kcandidate: â€˜[01m[Ktemplate<class Rep, class Period> rclcpp::Duration::[01;32m[KDuration[m[K(const std::chrono::duration<_Rep1, _Period1>&)[m[Kâ€™
[90.345s]    49 |   [01;36m[KDuration[m[K(const std::chrono::duration<Rep, Period> & duration)  // NOLINT(runtime/explicit)
[90.345s]       |   [01;36m[K^~~~~~~~[m[K
[90.345s] [01m[K/opt/ros/jazzy/include/rclcpp/rclcpp/duration.hpp:49:3:[m[K [01;36m[Knote: [m[K  template argument deduction/substitution failed:
[90.345s] [01m[K/home/neha/ros2_ws/src/semnav_migration/src/navigation.cpp:569:53:[m[K [01;36m[Knote: [m[K  mismatched types â€˜[01m[Kconst std::chrono::duration<_Rep1, _Period1>[m[Kâ€™ and â€˜[01m[Kdouble[m[Kâ€™
[90.345s]   569 |                                 rclcpp::Duration(5.0[01;36m[K)[m[K.sleep();
[90.345s]       |                                                     [01;36m[K^[m[K
[90.345s] [01m[K/opt/ros/jazzy/include/rclcpp/rclcpp/duration.hpp:159:3:[m[K [01;36m[Knote: [m[Kcandidate: â€˜[01m[Krclcpp::Duration::[01;32m[KDuration[m[K()[m[Kâ€™
[90.346s]   159 |   [01;36m[KDuration[m[K() = default;
[90.346s]       |   [01;36m[K^~~~~~~~[m[K
[90.346s] [01m[K/opt/ros/jazzy/include/rclcpp/rclcpp/duration.hpp:159:3:[m[K [01;36m[Knote: [m[K  candidate expects 0 arguments, 1 provided
[90.346s] [01m[K/opt/ros/jazzy/include/rclcpp/rclcpp/duration.hpp:62:3:[m[K [01;36m[Knote: [m[Kcandidate: â€˜[01m[Krclcpp::Duration::[01;32m[KDuration[m[K(const rclcpp::Duration&)[m[Kâ€™
[90.346s]    62 |   [01;36m[KDuration[m[K(const Duration & rhs);
[90.346s]       |   [01;36m[K^~~~~~~~[m[K
[90.351s] [01m[K/opt/ros/jazzy/include/rclcpp/rclcpp/duration.hpp:62:29:[m[K [01;36m[Knote: [m[K  no known conversion for argument 1 from â€˜[01m[Kdouble[m[Kâ€™ to â€˜[01m[Kconst rclcpp::Duration&[m[Kâ€™
[90.351s]    62 |   Duration([01;36m[Kconst Duration & rhs[m[K);
[90.351s]       |            [01;36m[K~~~~~~~~~~~~~~~~~^~~[m[K
[90.351s] [01m[K/opt/ros/jazzy/include/rclcpp/rclcpp/duration.hpp:60:12:[m[K [01;36m[Knote: [m[Kcandidate: â€˜[01m[Krclcpp::Duration::[01;32m[KDuration[m[K(const rcl_duration_t&)[m[Kâ€™
[90.352s]    60 |   explicit [01;36m[KDuration[m[K(const rcl_duration_t & duration);
[90.352s]       |            [01;36m[K^~~~~~~~[m[K
[90.352s] [01m[K/opt/ros/jazzy/include/rclcpp/rclcpp/duration.hpp:60:44:[m[K [01;36m[Knote: [m[K  no known conversion for argument 1 from â€˜[01m[Kdouble[m[Kâ€™ to â€˜[01m[Kconst rcl_duration_t&[m[Kâ€™ {aka â€˜[01m[Kconst rcl_duration_s&[m[Kâ€™}
[90.352s]    60 |   explicit Duration([01;36m[Kconst rcl_duration_t & duration[m[K);
[90.352s]       |                     [01;36m[K~~~~~~~~~~~~~~~~~~~~~~~^~~~~~~~[m[K
[90.352s] [01m[K/opt/ros/jazzy/include/rclcpp/rclcpp/duration.hpp:54:3:[m[K [01;36m[Knote: [m[Kcandidate: â€˜[01m[Krclcpp::Duration::[01;32m[KDuration[m[K(const builtin_interfaces::msg::Duration&)[m[Kâ€™
[90.352s]    54 |   [01;36m[KDuration[m[K(const builtin_interfaces::msg::Duration & duration_msg);  // NOLINT(runtime/explicit)
[90.353s]       |   [01;36m[K^~~~~~~~[m[K
[90.353s] [01m[K/opt/ros/jazzy/include/rclcpp/rclcpp/duration.hpp:54:54:[m[K [01;36m[Knote: [m[K  no known conversion for argument 1 from â€˜[01m[Kdouble[m[Kâ€™ to â€˜[01m[Kconst builtin_interfaces::msg::Duration&[m[Kâ€™ {aka â€˜[01m[Kconst builtin_interfaces::msg::Duration_<std::allocator<void> >&[m[Kâ€™}
[90.353s]    54 |   Duration([01;36m[Kconst builtin_interfaces::msg::Duration & duration_msg[m[K);  // NOLINT(runtime/explicit)
[90.353s]       |            [01;36m[K~~~~~~~~~~~~~~~~~~~~~~~~~~~~~~~~~~~~~~~~~~^~~~~~~~~~~~[m[K
[90.353s] [01m[K/opt/ros/jazzy/include/rclcpp/rclcpp/duration.hpp:43:12:[m[K [01;36m[Knote: [m[Kcandidate: â€˜[01m[Krclcpp::Duration::[01;32m[KDuration[m[K(std::chrono::nanoseconds)[m[Kâ€™
[90.353s]    43 |   explicit [01;36m[KDuration[m[K(std::chrono::nanoseconds nanoseconds);
[90.353s]       |            [01;36m[K^~~~~~~~[m[K
[90.356s] [01m[K/opt/ros/jazzy/include/rclcpp/rclcpp/duration.hpp:43:46:[m[K [01;36m[Knote: [m[K  no known conversion for argument 1 from â€˜[01m[Kdouble[m[Kâ€™ to â€˜[01m[Kstd::chrono::nanoseconds[m[Kâ€™ {aka â€˜[01m[Kstd::chrono::duration<long int, std::ratio<1, 1000000000> >[m[Kâ€™}
[90.356s]    43 |   explicit Duration([01;36m[Kstd::chrono::nanoseconds nanoseconds[m[K);
[90.356s]       |                     [01;36m[K~~~~~~~~~~~~~~~~~~~~~~~~~^~~~~~~~~~~[m[K
[90.356s] [01m[K/opt/ros/jazzy/include/rclcpp/rclcpp/duration.hpp:40:3:[m[K [01;36m[Knote: [m[Kcandidate: â€˜[01m[Krclcpp::Duration::[01;32m[KDuration[m[K(int32_t, uint32_t)[m[Kâ€™
[90.356s]    40 |   [01;36m[KDuration[m[K(int32_t seconds, uint32_t nanoseconds);
[90.356s]       |   [01;36m[K^~~~~~~~[m[K
[90.357s] [01m[K/opt/ros/jazzy/include/rclcpp/rclcpp/duration.hpp:40:3:[m[K [01;36m[Knote: [m[K  candidate expects 2 arguments, 1 provided
[90.458s] [01m[K/home/neha/ros2_ws/src/semnav_migration/src/navigation.cpp:572:33:[m[K [01;31m[Kerror: [m[Kâ€˜[01m[KROS_WARN_STREAM[m[Kâ€™ was not declared in this scope; did you mean â€˜[01m[KRCLCPP_WARN_STREAM[m[Kâ€™?
[90.459s]   572 |                                 [01;31m[KROS_WARN_STREAM[m[K("[Navigation] Successfully navigated to goal and stopped...");
[90.459s]       |                                 [01;31m[K^~~~~~~~~~~~~~~[m[K
[90.459s]       |                                 [32m[KRCLCPP_WARN_STREAM[m[K
[90.467s] [01m[K/home/neha/ros2_ws/src/semnav_migration/src/navigation.cpp:595:75:[m[K [01;31m[Kerror: [m[Kinvalid operands of types â€˜[01m[Kconst char [32][m[Kâ€™ and â€˜[01m[Kdouble[m[Kâ€™ to binary â€˜[01m[Koperator<<[m[Kâ€™
[90.467s]   595 |                         ROS_WARN_STREAM([32m[K"[Navigation] Linear command is "[m[K [01;31m[K<<[m[K [34m[KLinearCmd[m[K << " and angular command is " << AngularCmd);
[90.467s]       |                                         [32m[K~~~~~~~~~~~~~~~~~~~~~~~~~~~~~~~~~[m[K [01;31m[K^~[m[K [34m[K~~~~~~~~~[m[K
[90.467s]       |                                         [32m[K|[m[K                                    [34m[K|[m[K
[90.468s]       |                                         [32m[Kconst char [32][m[K                      [34m[Kdouble[m[K
[90.579s] [01m[K/home/neha/ros2_ws/src/semnav_migration/src/navigation.cpp:595:25:[m[K [01;31m[Kerror: [m[Kâ€˜[01m[KROS_WARN_STREAM[m[Kâ€™ was not declared in this scope; did you mean â€˜[01m[KRCLCPP_WARN_STREAM[m[Kâ€™?
[90.580s]   595 |                         [01;31m[KROS_WARN_STREAM[m[K("[Navigation] Linear command is " << LinearCmd << " and angular command is " << AngularCmd);
[90.580s]       |                         [01;31m[K^~~~~~~~~~~~~~~[m[K
[90.580s]       |                         [32m[KRCLCPP_WARN_STREAM[m[K
[90.580s] [01m[K/home/neha/ros2_ws/src/semnav_migration/src/navigation.cpp:596:76:[m[K [01;31m[Kerror: [m[Kinvalid operands of types â€˜[01m[Kconst char [33][m[Kâ€™ and â€˜[01m[Kint[m[Kâ€™ to binary â€˜[01m[Koperator<<[m[Kâ€™
[90.581s]   596 |                         ROS_WARN_STREAM([32m[K"[Navigation] Command update for "[m[K [01;31m[K<<[m[K [34m[Kint(localDiffeoTreeArray.size())[m[K << " polygons in " << rclcpp::Time::now().toSec()-before_time << " seconds.");
[90.581s]       |                                         [32m[K~~~~~~~~~~~~~~~~~~~~~~~~~~~~~~~~~~[m[K [01;31m[K^~[m[K [34m[K~~~~~~~~~~~~~~~~~~~~~~~~~~~~~~~~[m[K
[90.581s]       |                                         [32m[K|[m[K                                     [34m[K|[m[K
[90.581s]       |                                         [32m[Kconst char [33][m[K                       [34m[Kint[m[K
[90.583s] [01m[K/home/neha/ros2_ws/src/semnav_migration/src/navigation.cpp:596:148:[m[K [01;31m[Kerror: [m[Kâ€˜[01m[Know[m[Kâ€™ is not a member of â€˜[01m[Krclcpp::Time[m[Kâ€™
[90.583s]   596 | ("[Navigation] Command update for " << int(localDiffeoTreeArray.size()) << " polygons in " << rclcpp::Time::[01;31m[Know[m[K().toSec()-before_time << " seconds.");
[90.583s]       |                                                                                                             [01;31m[K^~~[m[K
[90.583s] 
[98.488s] gmake[2]: *** [CMakeFiles/navigation_semantic.dir/build.make:76: CMakeFiles/navigation_semantic.dir/src/navigation_semantic.cpp.o] Error 1
[98.490s] gmake[1]: *** [CMakeFiles/Makefile2:207: CMakeFiles/navigation_semantic.dir/all] Error 2
[98.490s] gmake[1]: *** Waiting for unfinished jobs....
[104.040s] gmake[2]: *** [CMakeFiles/navigation.dir/build.make:76: CMakeFiles/navigation.dir/src/navigation.cpp.o] Error 1
[104.041s] gmake[1]: *** [CMakeFiles/Makefile2:181: CMakeFiles/navigation.dir/all] Error 2
[104.043s] gmake: *** [Makefile:146: all] Error 2
[104.047s] Invoked command in '/home/neha/ros2_ws/src/semnav_migration/build/semnav' returned '2': CMAKE_PREFIX_PATH=${CMAKE_PREFIX_PATH}:/opt/ros/jazzy DEBUGINFOD_URLS=https://debuginfod.ubuntu.com /usr/bin/cmake --build /home/neha/ros2_ws/src/semnav_migration/build/semnav -- -j2 -l2
