[0.024s] Invoking command in '/home/neha/ros2_ws/src/semnav_migration/build/semnav': CMAKE_PREFIX_PATH=${CMAKE_PREFIX_PATH}:/opt/ros/jazzy DEBUGINFOD_URLS=https://debuginfod.ubuntu.com /usr/bin/cmake --build /home/neha/ros2_ws/src/semnav_migration/build/semnav -- -j2 -l2
[0.190s] [ 14%] Built target reactive_planner
[0.331s] [ 23%] Building CXX object CMakeFiles/navigation.dir/src/navigation.cpp.o
[0.331s] [ 23%] Building CXX object CMakeFiles/navigation_semantic.dir/src/navigation_semantic.cpp.o
[21.753s] /home/neha/ros2_ws/src/semnav_migration/src/navigation_semantic.cpp:624:17: error: ‘ros’ does not name a type
[21.753s]   624 |                 ros::NodeHandle nh_;
[21.753s]       |                 ^~~
[21.758s] /home/neha/ros2_ws/src/semnav_migration/src/navigation_semantic.cpp:641:17: error: ‘ros’ does not name a type
[21.758s]   641 |                 ros::Publisher pub_behaviorID_;
[21.758s]       |                 ^~~
[21.764s] /home/neha/ros2_ws/src/semnav_migration/src/navigation_semantic.cpp:642:17: error: ‘ros’ does not name a type
[21.765s]   642 |                 ros::Publisher pub_behaviorMode_;
[21.765s]       |                 ^~~
[21.773s] /home/neha/ros2_ws/src/semnav_migration/src/navigation_semantic.cpp:643:17: error: ‘ros’ does not name a type
[21.773s]   643 |                 ros::Publisher pub_twist_;
[21.773s]       |                 ^~~
[21.777s] /home/neha/ros2_ws/src/semnav_migration/src/navigation_semantic.cpp:645:17: error: ‘ros’ does not name a type
[21.777s]   645 |                 ros::Publisher pub_semantic_map_;
[21.777s]       |                 ^~~
[21.792s] /home/neha/ros2_ws/src/semnav_migration/src/navigation_semantic.cpp:691:17: error: ‘tf’ does not name a type; did you mean ‘tm’?
[21.793s]   691 |                 tf::TransformListener listener_;
[21.793s]       |                 ^~
[21.793s]       |                 tm
[21.810s] /home/neha/ros2_ws/src/semnav_migration/src/navigation.cpp:616:17: error: invalid use of template-name ‘rclcpp::Publisher’ without an argument list
[21.810s]   616 |                 rclcpp::Publisher pub_behaviorID_;
[21.810s]       |                 ^~~~~~
[21.810s] /home/neha/ros2_ws/src/semnav_migration/src/navigation.cpp:617:17: error: invalid use of template-name ‘rclcpp::Publisher’ without an argument list
[21.811s]   617 |                 rclcpp::Publisher pub_behaviorMode_;
[21.811s]       |                 ^~~~~~
[21.811s] /home/neha/ros2_ws/src/semnav_migration/src/navigation.cpp:618:17: error: invalid use of template-name ‘rclcpp::Publisher’ without an argument list
[21.811s]   618 |                 rclcpp::Publisher pub_twist_;
[21.811s]       |                 ^~~~~~
[21.811s] /home/neha/ros2_ws/src/semnav_migration/src/navigation.cpp:620:17: error: invalid use of template-name ‘rclcpp::Publisher’ without an argument list
[21.811s]   620 |                 rclcpp::Publisher pub_semantic_map_;
[21.814s]       |                 ^~~~~~
[21.822s] /home/neha/ros2_ws/src/semnav_migration/src/navigation.cpp:664:22: error: ‘TransformListener’ in namespace ‘tf2’ does not name a type
[21.822s]   664 |                 tf2::TransformListener listener_;
[21.822s]       |                      ^~~~~~~~~~~~~~~~~
[21.826s] /home/neha/ros2_ws/src/semnav_migration/src/navigation.cpp: In constructor ‘NavigationNode::NavigationNode()’:
[21.826s] /home/neha/ros2_ws/src/semnav_migration/src/navigation.cpp:45:50: error: no matching function for call to ‘rclcpp::Node::Node()’
[21.826s]    45 |         NavigationNode() : Node("navigation_node") {
[21.826s]       |                                                  ^
[21.827s] In file included from /opt/ros/jazzy/include/rclcpp/rclcpp/executors/single_threaded_executor.hpp:28,
[21.827s]                  from /opt/ros/jazzy/include/rclcpp/rclcpp/executors.hpp:22,
[21.827s]                  from /opt/ros/jazzy/include/rclcpp/rclcpp/rclcpp.hpp:172,
[21.827s]                  from /home/neha/ros2_ws/src/semnav_migration/include/reactive_planner_lib.h:32,
[21.827s]                  from /home/neha/ros2_ws/src/semnav_migration/src/navigation.cpp:25:
[21.827s] /opt/ros/jazzy/include/rclcpp/rclcpp/node.hpp:1629:3: note: candidate: ‘rclcpp::Node::Node(const rclcpp::Node&, const std::string&)’
[21.828s]  1629 |   Node(
[21.828s]       |   ^~~~
[21.828s] /opt/ros/jazzy/include/rclcpp/rclcpp/node.hpp:1629:3: note:   candidate expects 2 arguments, 0 provided
[21.828s] /opt/ros/jazzy/include/rclcpp/rclcpp/node.hpp:103:12: note: candidate: ‘rclcpp::Node::Node(const std::string&, const std::string&, const rclcpp::NodeOptions&)’
[21.828s]   103 |   explicit Node(
[21.828s]       |            ^~~~
[21.828s] /opt/ros/jazzy/include/rclcpp/rclcpp/node.hpp:103:12: note:   candidate expects 3 arguments, 0 provided
[21.828s] /opt/ros/jazzy/include/rclcpp/rclcpp/node.hpp:91:12: note: candidate: ‘rclcpp::Node::Node(const std::string&, const rclcpp::NodeOptions&)’
[21.831s]    91 |   explicit Node(
[21.831s]       |            ^~~~
[21.831s] /opt/ros/jazzy/include/rclcpp/rclcpp/node.hpp:91:12: note:   candidate expects 2 arguments, 0 provided
[21.910s] /home/neha/ros2_ws/src/semnav_migration/src/navigation_semantic.cpp: In constructor ‘SemanticNavigationNode::SemanticNavigationNode()’:
[21.910s] /home/neha/ros2_ws/src/semnav_migration/src/navigation_semantic.cpp:137:13: error: ‘pub_behaviorID_’ was not declared in this scope; did you mean ‘pub_behaviorID_topic_’?
[21.910s]   137 |             pub_behaviorID_ = this->create_publisher<std_msgs::msg::UInt32>("pub_behaviorID_topic_", 1);
[21.910s]       |             ^~~~~~~~~~~~~~~
[21.911s]       |             pub_behaviorID_topic_
[21.915s] /home/neha/ros2_ws/src/semnav_migration/src/navigation_semantic.cpp:137:69: error: ‘UInt32’ is not a member of ‘std_msgs::msg’
[21.915s]   137 |             pub_behaviorID_ = this->create_publisher<std_msgs::msg::UInt32>("pub_behaviorID_topic_", 1);
[21.915s]       |                                                                     ^~~~~~
[21.915s] /home/neha/ros2_ws/src/semnav_migration/src/navigation_semantic.cpp:137:76: error: no matching function for call to ‘SemanticNavigationNode::create_publisher<<expression error> >(const char [22], int)’
[21.915s]   137 |             pub_behaviorID_ = this->create_publisher<std_msgs::msg::UInt32>("pub_behaviorID_topic_", 1);
[21.915s]       |                               ~~~~~~~~~~~~~~~~~~~~~~~~~~~~~~~~~~~~~~~~~~~~~^~~~~~~~~~~~~~~~~~~~~~~~~~~~
[21.918s] In file included from /opt/ros/jazzy/include/rclcpp/rclcpp/executors/single_threaded_executor.hpp:28,
[21.918s]                  from /opt/ros/jazzy/include/rclcpp/rclcpp/executors.hpp:22,
[21.918s]                  from /opt/ros/jazzy/include/rclcpp/rclcpp/rclcpp.hpp:172,
[21.918s]                  from /home/neha/ros2_ws/src/semnav_migration/include/reactive_planner_lib.h:32,
[21.918s]                  from /home/neha/ros2_ws/src/semnav_migration/src/navigation_semantic.cpp:25:
[21.918s] /opt/ros/jazzy/include/rclcpp/rclcpp/node.hpp:197:3: note: candidate: ‘template<class MessageT, class AllocatorT, class PublisherT> std::shared_ptr<PublisherT> rclcpp::Node::create_publisher(const std::string&, const rclcpp::QoS&, const rclcpp::PublisherOptionsWithAllocator<AllocatorT>&)’
[21.919s]   197 |   create_publisher(
[21.919s]       |   ^~~~~~~~~~~~~~~~
[21.919s] /opt/ros/jazzy/include/rclcpp/rclcpp/node.hpp:197:3: note:   template argument deduction/substitution failed:
[21.919s] /home/neha/ros2_ws/src/semnav_migration/src/navigation_semantic.cpp:137:76: error: template argument 1 is invalid
[21.919s]   137 |             pub_behaviorID_ = this->create_publisher<std_msgs::msg::UInt32>("pub_behaviorID_topic_", 1);
[21.919s]       |                               ~~~~~~~~~~~~~~~~~~~~~~~~~~~~~~~~~~~~~~~~~~~~~^~~~~~~~~~~~~~~~~~~~~~~~~~~~
[21.947s] /home/neha/ros2_ws/src/semnav_migration/src/navigation.cpp:104:25: error: ‘target_object_’ was not declared in this scope
[21.948s]   104 |                         target_object_ = this->get_parameter("target_object").as_string();
[21.948s]       |                         ^~~~~~~~~~~~~~
[22.009s] /home/neha/ros2_ws/src/semnav_migration/src/navigation_semantic.cpp:138:13: error: ‘pub_behaviorMode_’ was not declared in this scope; did you mean ‘pub_behaviorMode_topic_’?
[22.009s]   138 |             pub_behaviorMode_ = this->create_publisher<std_msgs::msg::UInt32>("pub_behaviorMode_topic_", 1);
[22.009s]       |             ^~~~~~~~~~~~~~~~~
[22.009s]       |             pub_behaviorMode_topic_
[22.014s] /home/neha/ros2_ws/src/semnav_migration/src/navigation_semantic.cpp:138:71: error: ‘UInt32’ is not a member of ‘std_msgs::msg’
[22.014s]   138 |             pub_behaviorMode_ = this->create_publisher<std_msgs::msg::UInt32>("pub_behaviorMode_topic_", 1);
[22.014s]       |                                                                       ^~~~~~
[22.014s] /home/neha/ros2_ws/src/semnav_migration/src/navigation_semantic.cpp:138:78: error: no matching function for call to ‘SemanticNavigationNode::create_publisher<<expression error> >(const char [24], int)’
[22.015s]   138 |             pub_behaviorMode_ = this->create_publisher<std_msgs::msg::UInt32>("pub_behaviorMode_topic_", 1);
[22.015s]       |                                 ~~~~~~~~~~~~~~~~~~~~~~~~~~~~~~~~~~~~~~~~~~~~~^~~~~~~~~~~~~~~~~~~~~~~~~~~~~~
[22.015s] /opt/ros/jazzy/include/rclcpp/rclcpp/node.hpp:197:3: note: candidate: ‘template<class MessageT, class AllocatorT, class PublisherT> std::shared_ptr<PublisherT> rclcpp::Node::create_publisher(const std::string&, const rclcpp::QoS&, const rclcpp::PublisherOptionsWithAllocator<AllocatorT>&)’
[22.015s]   197 |   create_publisher(
[22.015s]       |   ^~~~~~~~~~~~~~~~
[22.015s] /opt/ros/jazzy/include/rclcpp/rclcpp/node.hpp:197:3: note:   template argument deduction/substitution failed:
[22.015s] /home/neha/ros2_ws/src/semnav_migration/src/navigation_semantic.cpp:138:78: error: template argument 1 is invalid
[22.018s]   138 |             pub_behaviorMode_ = this->create_publisher<std_msgs::msg::UInt32>("pub_behaviorMode_topic_", 1);
[22.018s]       |                                 ~~~~~~~~~~~~~~~~~~~~~~~~~~~~~~~~~~~~~~~~~~~~~^~~~~~~~~~~~~~~~~~~~~~~~~~~~~~
[22.060s] /home/neha/ros2_ws/src/semnav_migration/src/navigation_semantic.cpp:139:13: error: ‘pub_twist_’ was not declared in this scope; did you mean ‘publish_twist’?
[22.060s]   139 |             pub_twist_ = this->create_publisher<std_msgs::msg::UInt32>("pub_twist_topic_", 1);
[22.060s]       |             ^~~~~~~~~~
[22.060s]       |             publish_twist
[22.064s] /home/neha/ros2_ws/src/semnav_migration/src/navigation_semantic.cpp:139:64: error: ‘UInt32’ is not a member of ‘std_msgs::msg’
[22.064s]   139 |             pub_twist_ = this->create_publisher<std_msgs::msg::UInt32>("pub_twist_topic_", 1);
[22.064s]       |                                                                ^~~~~~
[22.064s] /home/neha/ros2_ws/src/semnav_migration/src/navigation_semantic.cpp:139:71: error: no matching function for call to ‘SemanticNavigationNode::create_publisher<<expression error> >(const char [17], int)’
[22.064s]   139 |             pub_twist_ = this->create_publisher<std_msgs::msg::UInt32>("pub_twist_topic_", 1);
[22.064s]       |                          ~~~~~~~~~~~~~~~~~~~~~~~~~~~~~~~~~~~~~~~~~~~~~^~~~~~~~~~~~~~~~~~~~~~~
[22.065s] /opt/ros/jazzy/include/rclcpp/rclcpp/node.hpp:197:3: note: candidate: ‘template<class MessageT, class AllocatorT, class PublisherT> std::shared_ptr<PublisherT> rclcpp::Node::create_publisher(const std::string&, const rclcpp::QoS&, const rclcpp::PublisherOptionsWithAllocator<AllocatorT>&)’
[22.065s]   197 |   create_publisher(
[22.065s]       |   ^~~~~~~~~~~~~~~~
[22.065s] /opt/ros/jazzy/include/rclcpp/rclcpp/node.hpp:197:3: note:   template argument deduction/substitution failed:
[22.065s] /home/neha/ros2_ws/src/semnav_migration/src/navigation_semantic.cpp:139:71: error: template argument 1 is invalid
[22.065s]   139 |             pub_twist_ = this->create_publisher<std_msgs::msg::UInt32>("pub_twist_topic_", 1);
[22.065s]       |                          ~~~~~~~~~~~~~~~~~~~~~~~~~~~~~~~~~~~~~~~~~~~~~^~~~~~~~~~~~~~~~~~~~~~~
[22.069s] /home/neha/ros2_ws/src/semnav_migration/src/navigation_semantic.cpp:142:42: error: ‘message_filters::msg’ has not been declared
[22.069s]   142 |                         message_filters::msg::Subscriber<sensor_msgs::LaserScan> sub_laser(nh_, sub_laser_topic_, 1);
[22.069s]       |                                          ^~~
[22.069s] /home/neha/ros2_ws/src/semnav_migration/src/navigation_semantic.cpp:142:71: error: ‘LaserScan’ is not a member of ‘sensor_msgs’; did you mean ‘sensor_msgs::msg::LaserScan’?
[22.069s]   142 |                         message_filters::msg::Subscriber<sensor_msgs::LaserScan> sub_laser(nh_, sub_laser_topic_, 1);
[22.070s]       |                                                                       ^~~~~~~~~
[22.070s] In file included from /opt/ros/jazzy/include/sensor_msgs/sensor_msgs/msg/laser_scan.hpp:7,
[22.070s]                  from /home/neha/ros2_ws/src/semnav_migration/include/reactive_planner_lib.h:46:
[22.070s] /opt/ros/jazzy/include/sensor_msgs/sensor_msgs/msg/detail/laser_scan__struct.hpp:250:7: note: ‘sensor_msgs::msg::LaserScan’ declared here
[22.070s]   250 | using LaserScan =
[22.070s]       |       ^~~~~~~~~
[22.097s] /home/neha/ros2_ws/src/semnav_migration/src/navigation.cpp:105:25: error: ‘target_object_length_’ was not declared in this scope
[22.097s]   105 |                         target_object_length_ = this->get_parameter("target_object_length").as_double();
[22.097s]       |                         ^~~~~~~~~~~~~~~~~~~~~
[22.097s] /home/neha/ros2_ws/src/semnav_migration/src/navigation_semantic.cpp:142:92: error: ‘nh_’ was not declared in this scope
[22.097s]   142 |                         message_filters::msg::Subscriber<sensor_msgs::LaserScan> sub_laser(nh_, sub_laser_topic_, 1);
[22.098s]       |                                                                                            ^~~
[22.148s] /home/neha/ros2_ws/src/semnav_migration/src/navigation_semantic.cpp:142:82: error: ‘sub_laser’ was not declared in this scope
[22.148s]   142 |                         message_filters::msg::Subscriber<sensor_msgs::LaserScan> sub_laser(nh_, sub_laser_topic_, 1);
[22.148s]       |                                                                                  ^~~~~~~~~
[22.214s] /home/neha/ros2_ws/src/semnav_migration/src/navigation_semantic.cpp:144:94: error: ‘LaserScan’ is not a member of ‘sensor_msgs’; did you mean ‘sensor_msgs::msg::LaserScan’?
[22.214s]   144 |                         typedef message_filters::sync_policies::ApproximateTime<sensor_msgs::LaserScan,nav_msgs::msg::Odometry> SyncPolicy;
[22.214s]       |                                                                                              ^~~~~~~~~
[22.215s] /opt/ros/jazzy/include/sensor_msgs/sensor_msgs/msg/detail/laser_scan__struct.hpp:250:7: note: ‘sensor_msgs::msg::LaserScan’ declared here
[22.215s]   250 | using LaserScan =
[22.215s]       |       ^~~~~~~~~
[22.215s] /home/neha/ros2_ws/src/semnav_migration/src/navigation_semantic.cpp:144:127: error: template argument 1 is invalid
[22.215s]   144 |                         typedef message_filters::sync_policies::ApproximateTime<sensor_msgs::LaserScan,nav_msgs::msg::Odometry> SyncPolicy;
[22.215s]       |                                                                                                                               ^
[22.217s] In file included from /home/neha/ros2_ws/src/semnav_migration/include/reactive_planner_lib.h:44:
[22.217s] /opt/ros/jazzy/include/message_filters/message_filters/synchronizer.h: In instantiation of ‘class message_filters::Synchronizer<int>’:
[22.217s] /home/neha/ros2_ws/src/semnav_migration/src/navigation_semantic.cpp:147:64:   required from here
[22.217s] /opt/ros/jazzy/include/message_filters/message_filters/synchronizer.h:53:7: error: base type ‘int’ fails to be a struct or class type
[22.217s]    53 | class Synchronizer : public noncopyable, public Policy
[22.220s]       |       ^~~~~~~~~~~~
[22.220s] /opt/ros/jazzy/include/message_filters/message_filters/synchronizer.h:56:37: error: ‘int’ is not a class, struct, or union type
[22.220s]    56 |   typedef typename Policy::Messages Messages;
[22.220s]       |                                     ^~~~~~~~
[22.220s] /opt/ros/jazzy/include/message_filters/message_filters/synchronizer.h:57:35: error: ‘int’ is not a class, struct, or union type
[22.220s]    57 |   typedef typename Policy::Events Events;
[22.221s]       |                                   ^~~~~~
[22.221s] /opt/ros/jazzy/include/message_filters/message_filters/synchronizer.h:58:35: error: ‘int’ is not a class, struct, or union type
[22.221s]    58 |   typedef typename Policy::Signal Signal;
[22.221s]       |                                   ^~~~~~
[22.221s] /opt/ros/jazzy/include/message_filters/message_filters/synchronizer.h:60:58: error: ‘int’ is not a class, struct, or union type
[22.221s]    60 |   typedef typename std::tuple_element<0, Messages>::type M0;
[22.222s]       |                                                          ^~
[22.222s] /opt/ros/jazzy/include/message_filters/message_filters/synchronizer.h:61:58: error: ‘int’ is not a class, struct, or union type
[22.222s]    61 |   typedef typename std::tuple_element<1, Messages>::type M1;
[22.222s]       |                                                          ^~
[22.222s] /opt/ros/jazzy/include/message_filters/message_filters/synchronizer.h:62:58: error: ‘int’ is not a class, struct, or union type
[22.222s]    62 |   typedef typename std::tuple_element<2, Messages>::type M2;
[22.225s]       |                                                          ^~
[22.225s] /opt/ros/jazzy/include/message_filters/message_filters/synchronizer.h:63:58: error: ‘int’ is not a class, struct, or union type
[22.225s]    63 |   typedef typename std::tuple_element<3, Messages>::type M3;
[22.225s]       |                                                          ^~
[22.225s] /opt/ros/jazzy/include/message_filters/message_filters/synchronizer.h:64:58: error: ‘int’ is not a class, struct, or union type
[22.225s]    64 |   typedef typename std::tuple_element<4, Messages>::type M4;
[22.225s]       |                                                          ^~
[22.226s] /opt/ros/jazzy/include/message_filters/message_filters/synchronizer.h:65:58: error: ‘int’ is not a class, struct, or union type
[22.226s]    65 |   typedef typename std::tuple_element<5, Messages>::type M5;
[22.226s]       |                                                          ^~
[22.226s] /opt/ros/jazzy/include/message_filters/message_filters/synchronizer.h:66:58: error: ‘int’ is not a class, struct, or union type
[22.226s]    66 |   typedef typename std::tuple_element<6, Messages>::type M6;
[22.226s]       |                                                          ^~
[22.226s] /opt/ros/jazzy/include/message_filters/message_filters/synchronizer.h:67:58: error: ‘int’ is not a class, struct, or union type
[22.226s]    67 |   typedef typename std::tuple_element<7, Messages>::type M7;
[22.229s]       |                                                          ^~
[22.229s] /opt/ros/jazzy/include/message_filters/message_filters/synchronizer.h:68:58: error: ‘int’ is not a class, struct, or union type
[22.230s]    68 |   typedef typename std::tuple_element<8, Messages>::type M8;
[22.230s]       |                                                          ^~
[22.230s] /opt/ros/jazzy/include/message_filters/message_filters/synchronizer.h:71:56: error: ‘int’ is not a class, struct, or union type
[22.230s]    71 |   typedef typename std::tuple_element<0, Events>::type M0Event;
[22.230s]       |                                                        ^~~~~~~
[22.230s] /opt/ros/jazzy/include/message_filters/message_filters/synchronizer.h:72:56: error: ‘int’ is not a class, struct, or union type
[22.230s]    72 |   typedef typename std::tuple_element<1, Events>::type M1Event;
[22.230s]       |                                                        ^~~~~~~
[22.233s] /opt/ros/jazzy/include/message_filters/message_filters/synchronizer.h:73:56: error: ‘int’ is not a class, struct, or union type
[22.233s]    73 |   typedef typename std::tuple_element<2, Events>::type M2Event;
[22.233s]       |                                                        ^~~~~~~
[22.233s] /opt/ros/jazzy/include/message_filters/message_filters/synchronizer.h:74:56: error: ‘int’ is not a class, struct, or union type
[22.233s]    74 |   typedef typename std::tuple_element<3, Events>::type M3Event;
[22.233s]       |                                                        ^~~~~~~
[22.233s] /opt/ros/jazzy/include/message_filters/message_filters/synchronizer.h:75:56: error: ‘int’ is not a class, struct, or union type
[22.234s]    75 |   typedef typename std::tuple_element<4, Events>::type M4Event;
[22.234s]       |                                                        ^~~~~~~
[22.234s] /opt/ros/jazzy/include/message_filters/message_filters/synchronizer.h:76:56: error: ‘int’ is not a class, struct, or union type
[22.234s]    76 |   typedef typename std::tuple_element<5, Events>::type M5Event;
[22.234s]       |                                                        ^~~~~~~
[22.234s] /opt/ros/jazzy/include/message_filters/message_filters/synchronizer.h:77:56: error: ‘int’ is not a class, struct, or union type
[22.234s]    77 |   typedef typename std::tuple_element<6, Events>::type M6Event;
[22.234s]       |                                                        ^~~~~~~
[22.237s] /opt/ros/jazzy/include/message_filters/message_filters/synchronizer.h:78:56: error: ‘int’ is not a class, struct, or union type
[22.237s]    78 |   typedef typename std::tuple_element<7, Events>::type M7Event;
[22.237s]       |                                                        ^~~~~~~
[22.237s] /opt/ros/jazzy/include/message_filters/message_filters/synchronizer.h:79:56: error: ‘int’ is not a class, struct, or union type
[22.237s]    79 |   typedef typename std::tuple_element<8, Events>::type M8Event;
[22.237s]       |                                                        ^~~~~~~
[22.237s] /opt/ros/jazzy/include/message_filters/message_filters/synchronizer.h:325:17: error: ‘int’ is not a class, namespace, or enumeration
[22.238s]   325 |   using Policy::add;
[22.238s]       |                 ^~~
[22.238s] /opt/ros/jazzy/include/message_filters/message_filters/synchronizer.h:328:8: error: ‘int’ is not a class, struct, or union type
[22.238s]   328 |   void add(const std::shared_ptr<typename std::tuple_element<i, Messages>::type const>& msg)
[22.238s]       |        ^~~
[22.238s] /opt/ros/jazzy/include/message_filters/message_filters/synchronizer.h:344:8: error: ‘int’ is not a class, struct, or union type
[22.238s]   344 |   void cb(const typename std::tuple_element<i, Events>::type& evt)
[22.238s]       |        ^~
[22.241s] /home/neha/ros2_ws/src/semnav_migration/src/navigation_semantic.cpp:148:55: error: ‘bind’ is not a member of ‘boost’; did you mean ‘find’?
[22.241s]   148 |                         sync->registerCallback(boost::bind(&SemanticNavigationNode::control_callback, this, _1, _2));
[22.241s]       |                                                       ^~~~
[22.241s]       |                                                       find
[22.241s] /home/neha/ros2_ws/src/semnav_migration/src/navigation_semantic.cpp:148:109: error: ‘_1’ was not declared in this scope
[22.241s]   148 |                         sync->registerCallback(boost::bind(&SemanticNavigationNode::control_callback, this, _1, _2));
[22.241s]       |                                                                                                             ^~
[22.242s] /home/neha/ros2_ws/src/semnav_migration/src/navigation_semantic.cpp:148:109: note: suggested alternatives:
[22.242s] In file included from /usr/include/boost/mpl/aux_/include_preprocessed.hpp:37,
[22.242s]                  from /usr/include/boost/mpl/placeholders.hpp:43,
[22.242s]                  from /usr/include/boost/iterator/iterator_categories.hpp:16,
[22.242s]                  from /usr/include/boost/iterator/iterator_facade.hpp:13,
[22.242s]                  from /usr/include/boost/range/iterator_range_core.hpp:27,
[22.242s]                  from /usr/include/boost/lexical_cast.hpp:48,
[22.243s]                  from /usr/include/boost/multiprecision/detail/number_base.hpp:29,
[22.245s]                  from /usr/include/boost/multiprecision/traits/is_variable_precision.hpp:9,
[22.245s]                  from /usr/include/boost/multiprecision/detail/precision.hpp:9,
[22.245s]                  from /usr/include/boost/multiprecision/number.hpp:11,
[22.245s]                  from /usr/include/boost/multiprecision/cpp_int.hpp:19,
[22.245s]                  from /usr/include/boost/multiprecision/cpp_bin_float.hpp:15,
[22.245s]                  from /usr/include/boost/geometry/core/coordinate_promotion.hpp:16,
[22.245s]                  from /usr/include/boost/geometry/core/radian_access.hpp:30,
[22.246s]                  from /usr/include/boost/geometry/geometry.hpp:50,
[22.246s]                  from /usr/include/boost/geometry.hpp:17,
[22.246s]                  from /home/neha/ros2_ws/src/semnav_migration/include/reactive_planner_lib.h:26:
[22.246s] /usr/include/boost/mpl/aux_/preprocessed/gcc/placeholders.hpp:29:16: note:   ‘mpl_::_1’
[22.246s]    29 | typedef arg<1> _1;
[22.246s]       |                ^~
[22.246s] In file included from /usr/include/boost/numeric/conversion/converter_policies.hpp:13,
[22.246s]                  from /usr/include/boost/numeric/conversion/converter.hpp:14,
[22.249s]                  from /usr/include/boost/numeric/conversion/cast.hpp:33,
[22.249s]                  from /usr/include/boost/geometry/core/radian_access.hpp:26:
[22.249s] /usr/include/c++/13/functional:294:48: note:   ‘std::placeholders::_1’
[22.249s]   294 |     _GLIBCXX_PLACEHOLDER const _Placeholder<1> _1;
[22.249s]       |                                                ^~
[22.249s] /usr/include/boost/mpl/aux_/preprocessed/gcc/placeholders.hpp:29:16: note:   ‘mpl_::_1’
[22.249s]    29 | typedef arg<1> _1;
[22.250s]       |                ^~
[22.250s] In file included from /usr/include/boost/describe/members.hpp:20,
[22.250s]                  from /usr/include/boost/container_hash/is_described_class.hpp:11,
[22.250s]                  from /usr/include/boost/container_hash/hash.hpp:18,
[22.250s]                  from /usr/include/boost/functional/hash.hpp:6,
[22.250s]                  from /usr/include/CGAL/Kernel/hash_functions.h:16,
[22.250s]                  from /usr/include/CGAL/Kernel/global_functions.h:25,
[22.250s]                  from /usr/include/CGAL/Cartesian/Cartesian_base.h:22,
[22.253s]                  from /usr/include/CGAL/Simple_cartesian.h:20,
[22.253s]                  from /usr/include/CGAL/Exact_predicates_inexact_constructions_kernel.h:20,
[22.253s]                  from /home/neha/ros2_ws/src/semnav_migration/include/polygeom_lib.h:32,
[22.253s]                  from /home/neha/ros2_ws/src/semnav_migration/include/reactive_planner_lib.h:50:
[22.253s] /usr/include/boost/mp11/bind.hpp:45:7: note:   ‘boost::mp11::_1’
[22.253s]    45 | using _1 = mp_arg<0>;
[22.253s]       |       ^~
[22.253s] /usr/include/boost/mpl/aux_/preprocessed/gcc/placeholders.hpp:29:16: note:   ‘mpl_::_1’
[22.254s]    29 | typedef arg<1> _1;
[22.254s]       |                ^~
[22.254s] /home/neha/ros2_ws/src/semnav_migration/src/navigation_semantic.cpp:148:113: error: ‘_2’ was not declared in this scope
[22.254s]   148 |                         sync->registerCallback(boost::bind(&SemanticNavigationNode::control_callback, this, _1, _2));
[22.254s]       |                                                                                                                 ^~
[22.254s] /home/neha/ros2_ws/src/semnav_migration/src/navigation_semantic.cpp:148:113: note: suggested alternatives:
[22.254s] /usr/include/boost/mpl/aux_/preprocessed/gcc/placeholders.hpp:42:16: note:   ‘mpl_::_2’
[22.256s]    42 | typedef arg<2> _2;
[22.256s]       |                ^~
[22.256s] /usr/include/c++/13/functional:295:48: note:   ‘std::placeholders::_2’
[22.256s]   295 |     _GLIBCXX_PLACEHOLDER const _Placeholder<2> _2;
[22.256s]       |                                                ^~
[22.256s] /usr/include/boost/mpl/aux_/preprocessed/gcc/placeholders.hpp:42:16: note:   ‘mpl_::_2’
[22.257s]    42 | typedef arg<2> _2;
[22.257s]       |                ^~
[22.257s] /usr/include/boost/mp11/bind.hpp:46:7: note:   ‘boost::mp11::_2’
[22.257s]    46 | using _2 = mp_arg<1>;
[22.257s]       |       ^~
[22.257s] /usr/include/boost/mpl/aux_/preprocessed/gcc/placeholders.hpp:42:16: note:   ‘mpl_::_2’
[22.257s]    42 | typedef arg<2> _2;
[22.257s]       |                ^~
[22.261s] /home/neha/ros2_ws/src/semnav_migration/src/navigation_semantic.cpp:150:25: error: ‘ros’ has not been declared
[22.261s]   150 |                         ros::Subscriber sub_semantic = nh_.subscribe(sub_semantic_topic_, 1, &SemanticNavigationNode::diffeo_tree_update, this);
[22.261s]       |                         ^~~
[22.261s] /home/neha/ros2_ws/src/semnav_migration/src/navigation_semantic.cpp:154:25: error: ‘ros’ has not been declared
[22.261s]   154 |                         ros::Duration(5.0).sleep();
[22.261s]       |                         ^~~
[22.262s] /home/neha/ros2_ws/src/semnav_migration/src/navigation_semantic.cpp:161:25: error: ‘ros’ has not been declared
[22.262s]   161 |                         ros::spin();
[22.262s]       |                         ^~~
[22.262s] /home/neha/ros2_ws/src/semnav_migration/src/navigation.cpp:106:25: error: ‘target_object_width_’ was not declared in this scope
[22.262s]   106 |                         target_object_width_ = this->get_parameter("target_object_width").as_double();
[22.262s]       |                         ^~~~~~~~~~~~~~~~~~~~
[22.267s] /home/neha/ros2_ws/src/semnav_migration/src/navigation.cpp:138:69: error: ‘UInt32’ is not a member of ‘std_msgs::msg’
[22.267s]   138 |             pub_behaviorID_ = this->create_publisher<std_msgs::msg::UInt32>("pub_behaviorID_topic_", 1);
[22.267s]       |                                                                     ^~~~~~
[22.268s] /home/neha/ros2_ws/src/semnav_migration/src/navigation.cpp:138:76: error: no matching function for call to ‘NavigationNode::create_publisher<<expression error> >(const char [22], int)’
[22.268s]   138 |             pub_behaviorID_ = this->create_publisher<std_msgs::msg::UInt32>("pub_behaviorID_topic_", 1);
[22.268s]       |                               ~~~~~~~~~~~~~~~~~~~~~~~~~~~~~~~~~~~~~~~~~~~~~^~~~~~~~~~~~~~~~~~~~~~~~~~~~
[22.268s] /opt/ros/jazzy/include/rclcpp/rclcpp/node.hpp:197:3: note: candidate: ‘template<class MessageT, class AllocatorT, class PublisherT> std::shared_ptr<PublisherT> rclcpp::Node::create_publisher(const std::string&, const rclcpp::QoS&, const rclcpp::PublisherOptionsWithAllocator<AllocatorT>&)’
[22.268s]   197 |   create_publisher(
[22.269s]       |   ^~~~~~~~~~~~~~~~
[22.269s] /opt/ros/jazzy/include/rclcpp/rclcpp/node.hpp:197:3: note:   template argument deduction/substitution failed:
[22.269s] /home/neha/ros2_ws/src/semnav_migration/src/navigation.cpp:138:76: error: template argument 1 is invalid
[22.269s]   138 |             pub_behaviorID_ = this->create_publisher<std_msgs::msg::UInt32>("pub_behaviorID_topic_", 1);
[22.269s]       |                               ~~~~~~~~~~~~~~~~~~~~~~~~~~~~~~~~~~~~~~~~~~~~~^~~~~~~~~~~~~~~~~~~~~~~~~~~~
[22.274s] /home/neha/ros2_ws/src/semnav_migration/src/navigation.cpp:139:71: error: ‘UInt32’ is not a member of ‘std_msgs::msg’
[22.274s]   139 |             pub_behaviorMode_ = this->create_publisher<std_msgs::msg::UInt32>("pub_behaviorMode_topic_", 1);
[22.274s]       |                                                                       ^~~~~~
[22.277s] /home/neha/ros2_ws/src/semnav_migration/src/navigation.cpp:139:78: error: no matching function for call to ‘NavigationNode::create_publisher<<expression error> >(const char [24], int)’
[22.277s]   139 |             pub_behaviorMode_ = this->create_publisher<std_msgs::msg::UInt32>("pub_behaviorMode_topic_", 1);
[22.277s]       |                                 ~~~~~~~~~~~~~~~~~~~~~~~~~~~~~~~~~~~~~~~~~~~~~^~~~~~~~~~~~~~~~~~~~~~~~~~~~~~
[22.277s] /opt/ros/jazzy/include/rclcpp/rclcpp/node.hpp:197:3: note: candidate: ‘template<class MessageT, class AllocatorT, class PublisherT> std::shared_ptr<PublisherT> rclcpp::Node::create_publisher(const std::string&, const rclcpp::QoS&, const rclcpp::PublisherOptionsWithAllocator<AllocatorT>&)’
[22.277s]   197 |   create_publisher(
[22.278s]       |   ^~~~~~~~~~~~~~~~
[22.278s] /opt/ros/jazzy/include/rclcpp/rclcpp/node.hpp:197:3: note:   template argument deduction/substitution failed:
[22.278s] /home/neha/ros2_ws/src/semnav_migration/src/navigation.cpp:139:78: error: template argument 1 is invalid
[22.278s]   139 |             pub_behaviorMode_ = this->create_publisher<std_msgs::msg::UInt32>("pub_behaviorMode_topic_", 1);
[22.278s]       |                                 ~~~~~~~~~~~~~~~~~~~~~~~~~~~~~~~~~~~~~~~~~~~~~^~~~~~~~~~~~~~~~~~~~~~~~~~~~~~
[22.280s] /home/neha/ros2_ws/src/semnav_migration/src/navigation.cpp:140:64: error: ‘UInt32’ is not a member of ‘std_msgs::msg’
[22.280s]   140 |             pub_twist_ = this->create_publisher<std_msgs::msg::UInt32>("pub_twist_topic_", 1);
[22.280s]       |                                                                ^~~~~~
[22.281s] /home/neha/ros2_ws/src/semnav_migration/src/navigation.cpp:140:71: error: no matching function for call to ‘NavigationNode::create_publisher<<expression error> >(const char [17], int)’
[22.281s]   140 |             pub_twist_ = this->create_publisher<std_msgs::msg::UInt32>("pub_twist_topic_", 1);
[22.281s]       |                          ~~~~~~~~~~~~~~~~~~~~~~~~~~~~~~~~~~~~~~~~~~~~~^~~~~~~~~~~~~~~~~~~~~~~
[22.282s] /opt/ros/jazzy/include/rclcpp/rclcpp/node.hpp:197:3: note: candidate: ‘template<class MessageT, class AllocatorT, class PublisherT> std::shared_ptr<PublisherT> rclcpp::Node::create_publisher(const std::string&, const rclcpp::QoS&, const rclcpp::PublisherOptionsWithAllocator<AllocatorT>&)’
[22.282s]   197 |   create_publisher(
[22.282s]       |   ^~~~~~~~~~~~~~~~
[22.284s] /opt/ros/jazzy/include/rclcpp/rclcpp/node.hpp:197:3: note:   template argument deduction/substitution failed:
[22.284s] /home/neha/ros2_ws/src/semnav_migration/src/navigation.cpp:140:71: error: template argument 1 is invalid
[22.284s]   140 |             pub_twist_ = this->create_publisher<std_msgs::msg::UInt32>("pub_twist_topic_", 1);
[22.285s]       |                          ~~~~~~~~~~~~~~~~~~~~~~~~~~~~~~~~~~~~~~~~~~~~~^~~~~~~~~~~~~~~~~~~~~~~
[22.285s] /home/neha/ros2_ws/src/semnav_migration/src/navigation_semantic.cpp: In member function ‘void SemanticNavigationNode::publish_twist(double, double)’:
[22.285s] /home/neha/ros2_ws/src/semnav_migration/src/navigation_semantic.cpp:168:25: error: ‘pub_twist_’ was not declared in this scope; did you mean ‘publish_twist’?
[22.285s]   168 |                         pub_twist_.publish(commandTwist);
[22.285s]       |                         ^~~~~~~~~~
[22.285s]       |                         publish_twist
[22.288s] /home/neha/ros2_ws/src/semnav_migration/src/navigation_semantic.cpp: In member function ‘void SemanticNavigationNode::publish_behavior_id(uint16_t)’:
[22.288s] /home/neha/ros2_ws/src/semnav_migration/src/navigation_semantic.cpp:173:32: error: ‘UInt32’ is not a member of ‘std_msgs::msg’
[22.288s]   173 |                 std_msgs::msg::UInt32 commandId;
[22.288s]       |                                ^~~~~~
[22.337s] /home/neha/ros2_ws/src/semnav_migration/src/navigation_semantic.cpp:174:25: error: ‘commandId’ was not declared in this scope
[22.337s]   174 |                         commandId.data = BehaviorIdCmd;
[22.337s]       |                         ^~~~~~~~~
[22.356s] /home/neha/ros2_ws/src/semnav_migration/src/navigation.cpp:143:116: error: no matching function for call to ‘message_filters::Subscriber<sensor_msgs::msg::LaserScan_<std::allocator<void> > >::Subscriber(rclcpp::Node&, std::string&, int)’
[22.356s]   143 |                         message_filters::Subscriber<sensor_msgs::msg::LaserScan> sub_laser(nh_, sub_laser_topic_, 1);
[22.356s]       |                                                                                                                    ^
[22.356s] In file included from /home/neha/ros2_ws/src/semnav_migration/include/reactive_planner_lib.h:43:
[22.356s] /opt/ros/jazzy/include/message_filters/message_filters/subscriber.h:224:3: note: candidate: ‘message_filters::Subscriber<M, NodeType>::Subscriber() [with M = sensor_msgs::msg::LaserScan_<std::allocator<void> >; NodeType = rclcpp::Node]’
[22.356s]   224 |   Subscriber() = default;
[22.357s]       |   ^~~~~~~~~~
[22.359s] /opt/ros/jazzy/include/message_filters/message_filters/subscriber.h:224:3: note:   candidate expects 0 arguments, 3 provided
[22.359s] /opt/ros/jazzy/include/message_filters/message_filters/subscriber.h:212:3: note: candidate: ‘message_filters::Subscriber<M, NodeType>::Subscriber(NodeType*, const std::string&, rmw_qos_profile_t, rclcpp::SubscriptionOptions) [with M = sensor_msgs::msg::LaserScan_<std::allocator<void> >; NodeType = rclcpp::Node; std::string = std::__cxx11::basic_string<char>; rmw_qos_profile_t = rmw_qos_profile_s; rclcpp::SubscriptionOptions = rclcpp::SubscriptionOptionsWithAllocator<std::allocator<void> >]’
[22.359s]   212 |   Subscriber(
[22.359s]       |   ^~~~~~~~~~
[22.359s] /opt/ros/jazzy/include/message_filters/message_filters/subscriber.h:212:3: note:   candidate expects 4 arguments, 3 provided
[22.360s] /opt/ros/jazzy/include/message_filters/message_filters/subscriber.h:203:3: note: candidate: ‘message_filters::Subscriber<M, NodeType>::Subscriber(NodePtr, const std::string&, rmw_qos_profile_t, rclcpp::SubscriptionOptions) [with M = sensor_msgs::msg::LaserScan_<std::allocator<void> >; NodeType = rclcpp::Node; NodePtr = std::shared_ptr<rclcpp::Node>; std::string = std::__cxx11::basic_string<char>; rmw_qos_profile_t = rmw_qos_profile_s; rclcpp::SubscriptionOptions = rclcpp::SubscriptionOptionsWithAllocator<std::allocator<void> >]’
[22.360s]   203 |   Subscriber(
[22.360s]       |   ^~~~~~~~~~
[22.360s] /opt/ros/jazzy/include/message_filters/message_filters/subscriber.h:203:3: note:   candidate expects 4 arguments, 3 provided
[22.360s] /opt/ros/jazzy/include/message_filters/message_filters/subscriber.h:188:3: note: candidate: ‘message_filters::Subscriber<M, NodeType>::Subscriber(NodeType*, const std::string&, rmw_qos_profile_t) [with M = sensor_msgs::msg::LaserScan_<std::allocator<void> >; NodeType = rclcpp::Node; std::string = std::__cxx11::basic_string<char>; rmw_qos_profile_t = rmw_qos_profile_s]’
[22.360s]   188 |   Subscriber(NodeType * node, const std::string& topic, const rmw_qos_profile_t qos = rmw_qos_profile_default)
[22.360s]       |   ^~~~~~~~~~
[22.360s] /opt/ros/jazzy/include/message_filters/message_filters/subscriber.h:188:25: note:   no known conversion for argument 1 from ‘rclcpp::Node’ to ‘rclcpp::Node*’
[22.360s]   188 |   Subscriber(NodeType * node, const std::string& topic, const rmw_qos_profile_t qos = rmw_qos_profile_default)
[22.363s]       |              ~~~~~~~~~~~^~~~
[22.363s] /opt/ros/jazzy/include/message_filters/message_filters/subscriber.h:183:3: note: candidate: ‘message_filters::Subscriber<M, NodeType>::Subscriber(NodePtr, const std::string&, rmw_qos_profile_t) [with M = sensor_msgs::msg::LaserScan_<std::allocator<void> >; NodeType = rclcpp::Node; NodePtr = std::shared_ptr<rclcpp::Node>; std::string = std::__cxx11::basic_string<char>; rmw_qos_profile_t = rmw_qos_profile_s]’
[22.363s]   183 |   Subscriber(NodePtr node, const std::string& topic, const rmw_qos_profile_t qos = rmw_qos_profile_default)
[22.363s]       |   ^~~~~~~~~~
[22.363s] /opt/ros/jazzy/include/message_filters/message_filters/subscriber.h:183:22: note:   no known conversion for argument 1 from ‘rclcpp::Node’ to ‘message_filters::Subscriber<sensor_msgs::msg::LaserScan_<std::allocator<void> > >::NodePtr’ {aka ‘std::shared_ptr<rclcpp::Node>’}
[22.364s]   183 |   Subscriber(NodePtr node, const std::string& topic, const rmw_qos_profile_t qos = rmw_qos_profile_default)
[22.364s]       |              ~~~~~~~~^~~~
[22.424s] /home/neha/ros2_ws/src/semnav_migration/src/navigation_semantic.cpp:175:25: error: ‘pub_behaviorID_’ was not declared in this scope; did you mean ‘pub_behaviorID_topic_’?
[22.424s]   175 |                         pub_behaviorID_.publish(commandId);
[22.425s]       |                         ^~~~~~~~~~~~~~~
[22.425s]       |                         pub_behaviorID_topic_
[22.427s] /home/neha/ros2_ws/src/semnav_migration/src/navigation.cpp:144:112: error: no matching function for call to ‘message_filters::Subscriber<nav_msgs::msg::Odometry_<std::allocator<void> > >::Subscriber(rclcpp::Node&, std::string&, int)’
[22.427s]   144 |                         message_filters::Subscriber<nav_msgs::msg::Odometry> sub_robot(nh_, sub_robot_topic_, 1);
[22.427s]       |                                                                                                                ^
[22.427s] /opt/ros/jazzy/include/message_filters/message_filters/subscriber.h:224:3: note: candidate: ‘message_filters::Subscriber<M, NodeType>::Subscriber() [with M = nav_msgs::msg::Odometry_<std::allocator<void> >; NodeType = rclcpp::Node]’
[22.428s]   224 |   Subscriber() = default;
[22.428s]       |   ^~~~~~~~~~
[22.428s] /opt/ros/jazzy/include/message_filters/message_filters/subscriber.h:224:3: note:   candidate expects 0 arguments, 3 provided
[22.428s] /opt/ros/jazzy/include/message_filters/message_filters/subscriber.h:212:3: note: candidate: ‘message_filters::Subscriber<M, NodeType>::Subscriber(NodeType*, const std::string&, rmw_qos_profile_t, rclcpp::SubscriptionOptions) [with M = nav_msgs::msg::Odometry_<std::allocator<void> >; NodeType = rclcpp::Node; std::string = std::__cxx11::basic_string<char>; rmw_qos_profile_t = rmw_qos_profile_s; rclcpp::SubscriptionOptions = rclcpp::SubscriptionOptionsWithAllocator<std::allocator<void> >]’
[22.428s]   212 |   Subscriber(
[22.431s]       |   ^~~~~~~~~~
[22.431s] /opt/ros/jazzy/include/message_filters/message_filters/subscriber.h:212:3: note:   candidate expects 4 arguments, 3 provided
[22.431s] /opt/ros/jazzy/include/message_filters/message_filters/subscriber.h:203:3: note: candidate: ‘message_filters::Subscriber<M, NodeType>::Subscriber(NodePtr, const std::string&, rmw_qos_profile_t, rclcpp::SubscriptionOptions) [with M = nav_msgs::msg::Odometry_<std::allocator<void> >; NodeType = rclcpp::Node; NodePtr = std::shared_ptr<rclcpp::Node>; std::string = std::__cxx11::basic_string<char>; rmw_qos_profile_t = rmw_qos_profile_s; rclcpp::SubscriptionOptions = rclcpp::SubscriptionOptionsWithAllocator<std::allocator<void> >]’
[22.431s]   203 |   Subscriber(
[22.431s]       |   ^~~~~~~~~~
[22.431s] /opt/ros/jazzy/include/message_filters/message_filters/subscriber.h:203:3: note:   candidate expects 4 arguments, 3 provided
[22.432s] /opt/ros/jazzy/include/message_filters/message_filters/subscriber.h:188:3: note: candidate: ‘message_filters::Subscriber<M, NodeType>::Subscriber(NodeType*, const std::string&, rmw_qos_profile_t) [with M = nav_msgs::msg::Odometry_<std::allocator<void> >; NodeType = rclcpp::Node; std::string = std::__cxx11::basic_string<char>; rmw_qos_profile_t = rmw_qos_profile_s]’
[22.432s]   188 |   Subscriber(NodeType * node, const std::string& topic, const rmw_qos_profile_t qos = rmw_qos_profile_default)
[22.432s]       |   ^~~~~~~~~~
[22.432s] /opt/ros/jazzy/include/message_filters/message_filters/subscriber.h:188:25: note:   no known conversion for argument 1 from ‘rclcpp::Node’ to ‘rclcpp::Node*’
[22.432s]   188 |   Subscriber(NodeType * node, const std::string& topic, const rmw_qos_profile_t qos = rmw_qos_profile_default)
[22.432s]       |              ~~~~~~~~~~~^~~~
[22.432s] /opt/ros/jazzy/include/message_filters/message_filters/subscriber.h:183:3: note: candidate: ‘message_filters::Subscriber<M, NodeType>::Subscriber(NodePtr, const std::string&, rmw_qos_profile_t) [with M = nav_msgs::msg::Odometry_<std::allocator<void> >; NodeType = rclcpp::Node; NodePtr = std::shared_ptr<rclcpp::Node>; std::string = std::__cxx11::basic_string<char>; rmw_qos_profile_t = rmw_qos_profile_s]’
[22.432s]   183 |   Subscriber(NodePtr node, const std::string& topic, const rmw_qos_profile_t qos = rmw_qos_profile_default)
[22.435s]       |   ^~~~~~~~~~
[22.435s] /opt/ros/jazzy/include/message_filters/message_filters/subscriber.h:183:22: note:   no known conversion for argument 1 from ‘rclcpp::Node’ to ‘message_filters::Subscriber<nav_msgs::msg::Odometry_<std::allocator<void> > >::NodePtr’ {aka ‘std::shared_ptr<rclcpp::Node>’}
[22.435s]   183 |   Subscriber(NodePtr node, const std::string& topic, const rmw_qos_profile_t qos = rmw_qos_profile_default)
[22.435s]       |              ~~~~~~~~^~~~
[22.435s] /home/neha/ros2_ws/src/semnav_migration/src/navigation_semantic.cpp: In member function ‘void SemanticNavigationNode::publish_behavior_mode(uint16_t)’:
[22.435s] /home/neha/ros2_ws/src/semnav_migration/src/navigation_semantic.cpp:180:28: error: ‘UInt32’ is not a member of ‘std_msgs::msg’
[22.436s]   180 |             std_msgs::msg::UInt32 commandMode;
[22.436s]       |                            ^~~~~~
[22.493s] /home/neha/ros2_ws/src/semnav_migration/src/navigation_semantic.cpp:181:25: error: ‘commandMode’ was not declared in this scope
[22.494s]   181 |                         commandMode.data = BehaviorModeCmd;
[22.494s]       |                         ^~~~~~~~~~~
[22.567s] /home/neha/ros2_ws/src/semnav_migration/src/navigation.cpp:149:55: error: ‘bind’ is not a member of ‘boost’; did you mean ‘find’?
[22.567s]   149 |                         sync->registerCallback(boost::bind(&NavigationNode::control_callback, this, _1, _2));
[22.567s]       |                                                       ^~~~
[22.567s]       |                                                       find
[22.570s] /home/neha/ros2_ws/src/semnav_migration/src/navigation.cpp:149:101: error: ‘_1’ was not declared in this scope
[22.571s]   149 |                         sync->registerCallback(boost::bind(&NavigationNode::control_callback, this, _1, _2));
[22.571s]       |                                                                                                     ^~
[22.573s] /home/neha/ros2_ws/src/semnav_migration/src/navigation.cpp:149:101: note: suggested alternatives:
[22.573s] In file included from /usr/include/boost/mpl/aux_/include_preprocessed.hpp:37,
[22.573s]                  from /usr/include/boost/mpl/placeholders.hpp:43,
[22.574s]                  from /usr/include/boost/iterator/iterator_categories.hpp:16,
[22.574s]                  from /usr/include/boost/iterator/iterator_facade.hpp:13,
[22.574s]                  from /usr/include/boost/range/iterator_range_core.hpp:27,
[22.574s]                  from /usr/include/boost/lexical_cast.hpp:48,
[22.574s]                  from /usr/include/boost/multiprecision/detail/number_base.hpp:29,
[22.574s]                  from /usr/include/boost/multiprecision/traits/is_variable_precision.hpp:9,
[22.574s]                  from /usr/include/boost/multiprecision/detail/precision.hpp:9,
[22.574s]                  from /usr/include/boost/multiprecision/number.hpp:11,
[22.575s]                  from /usr/include/boost/multiprecision/cpp_int.hpp:19,
[22.575s]                  from /usr/include/boost/multiprecision/cpp_bin_float.hpp:15,
[22.575s]                  from /usr/include/boost/geometry/core/coordinate_promotion.hpp:16,
[22.575s]                  from /usr/include/boost/geometry/core/radian_access.hpp:30,
[22.575s]                  from /usr/include/boost/geometry/geometry.hpp:50,
[22.575s]                  from /usr/include/boost/geometry.hpp:17,
[22.575s]                  from /home/neha/ros2_ws/src/semnav_migration/include/reactive_planner_lib.h:26:
[22.575s] /usr/include/boost/mpl/aux_/preprocessed/gcc/placeholders.hpp:29:16: note:   ‘mpl_::_1’
[22.578s]    29 | typedef arg<1> _1;
[22.578s]       |                ^~
[22.578s] In file included from /usr/include/boost/numeric/conversion/converter_policies.hpp:13,
[22.578s]                  from /usr/include/boost/numeric/conversion/converter.hpp:14,
[22.578s]                  from /usr/include/boost/numeric/conversion/cast.hpp:33,
[22.578s]                  from /usr/include/boost/geometry/core/radian_access.hpp:26:
[22.578s] /usr/include/c++/13/functional:294:48: note:   ‘std::placeholders::_1’
[22.579s]   294 |     _GLIBCXX_PLACEHOLDER const _Placeholder<1> _1;
[22.579s]       |                                                ^~
[22.579s] /usr/include/boost/mpl/aux_/preprocessed/gcc/placeholders.hpp:29:16: note:   ‘mpl_::_1’
[22.579s]    29 | typedef arg<1> _1;
[22.579s]       |                ^~
[22.579s] In file included from /usr/include/boost/describe/members.hpp:20,
[22.579s]                  from /usr/include/boost/container_hash/is_described_class.hpp:11,
[22.579s]                  from /usr/include/boost/container_hash/hash.hpp:18,
[22.582s]                  from /usr/include/boost/functional/hash.hpp:6,
[22.582s]                  from /usr/include/CGAL/Kernel/hash_functions.h:16,
[22.582s]                  from /usr/include/CGAL/Kernel/global_functions.h:25,
[22.582s]                  from /usr/include/CGAL/Cartesian/Cartesian_base.h:22,
[22.582s]                  from /usr/include/CGAL/Simple_cartesian.h:20,
[22.582s]                  from /usr/include/CGAL/Exact_predicates_inexact_constructions_kernel.h:20,
[22.582s]                  from /home/neha/ros2_ws/src/semnav_migration/include/polygeom_lib.h:32,
[22.583s]                  from /home/neha/ros2_ws/src/semnav_migration/include/reactive_planner_lib.h:50:
[22.583s] /usr/include/boost/mp11/bind.hpp:45:7: note:   ‘boost::mp11::_1’
[22.583s]    45 | using _1 = mp_arg<0>;
[22.583s]       |       ^~
[22.583s] /usr/include/boost/mpl/aux_/preprocessed/gcc/placeholders.hpp:29:16: note:   ‘mpl_::_1’
[22.583s]    29 | typedef arg<1> _1;
[22.583s]       |                ^~
[22.586s] /home/neha/ros2_ws/src/semnav_migration/src/navigation.cpp:149:105: error: ‘_2’ was not declared in this scope
[22.586s]   149 |                         sync->registerCallback(boost::bind(&NavigationNode::control_callback, this, _1, _2));
[22.586s]       |                                                                                                         ^~
[22.586s] /home/neha/ros2_ws/src/semnav_migration/src/navigation.cpp:149:105: note: suggested alternatives:
[22.586s] /usr/include/boost/mpl/aux_/preprocessed/gcc/placeholders.hpp:42:16: note:   ‘mpl_::_2’
[22.586s]    42 | typedef arg<2> _2;
[22.587s]       |                ^~
[22.587s] /usr/include/c++/13/functional:295:48: note:   ‘std::placeholders::_2’
[22.587s]   295 |     _GLIBCXX_PLACEHOLDER const _Placeholder<2> _2;
[22.587s]       |                                                ^~
[22.587s] /usr/include/boost/mpl/aux_/preprocessed/gcc/placeholders.hpp:42:16: note:   ‘mpl_::_2’
[22.587s]    42 | typedef arg<2> _2;
[22.587s]       |                ^~
[22.587s] /usr/include/boost/mp11/bind.hpp:46:7: note:   ‘boost::mp11::_2’
[22.587s]    46 | using _2 = mp_arg<1>;
[22.590s]       |       ^~
[22.590s] /usr/include/boost/mpl/aux_/preprocessed/gcc/placeholders.hpp:42:16: note:   ‘mpl_::_2’
[22.591s]    42 | typedef arg<2> _2;
[22.591s]       |                ^~
[22.591s] /home/neha/ros2_ws/src/semnav_migration/src/navigation.cpp:152:20: error: ‘Subscription’ was not declared in this scope
[22.591s]   152 |             rclcpp:Subscription sub_semantic = this->create_subscriber(sub_semantic_topic_, 1);
[22.591s]       |                    ^~~~~~~~~~~~
[22.591s] /home/neha/ros2_ws/src/semnav_migration/src/navigation.cpp:152:20: note: suggested alternatives:
[22.591s] In file included from /opt/ros/jazzy/include/rclcpp/rclcpp/any_executable.hpp:25,
[22.591s]                  from /opt/ros/jazzy/include/rclcpp/rclcpp/memory_strategy.hpp:25,
[22.593s]                  from /opt/ros/jazzy/include/rclcpp/rclcpp/memory_strategies.hpp:18,
[22.593s]                  from /opt/ros/jazzy/include/rclcpp/rclcpp/executor_options.hpp:22,
[22.593s]                  from /opt/ros/jazzy/include/rclcpp/rclcpp/executor.hpp:38,
[22.593s]                  from /opt/ros/jazzy/include/rclcpp/rclcpp/executors/multi_threaded_executor.hpp:25,
[22.593s]                  from /opt/ros/jazzy/include/rclcpp/rclcpp/executors.hpp:21:
[22.594s] /opt/ros/jazzy/include/rclcpp/rclcpp/subscription.hpp:75:7: note:   ‘rclcpp::Subscription’
[22.594s]    75 | class Subscription : public SubscriptionBase
[22.594s]       |       ^~~~~~~~~~~~
[22.594s] In file included from /opt/ros/jazzy/include/rclcpp/rclcpp/client.hpp:45,
[22.594s]                  from /opt/ros/jazzy/include/rclcpp/rclcpp/callback_group.hpp:24,
[22.594s]                  from /opt/ros/jazzy/include/rclcpp/rclcpp/any_executable.hpp:20:
[22.594s] /opt/ros/jazzy/include/rclcpp/rclcpp/node_interfaces/node_graph_interface.hpp:43:3: note:   ‘rclcpp::EndpointType::Subscription’
[22.598s]    43 |   Subscription = RMW_ENDPOINT_SUBSCRIPTION
[22.598s]       |   ^~~~~~~~~~~~
[22.598s] /home/neha/ros2_ws/src/semnav_migration/src/navigation.cpp:156:45: error: no matching function for call to ‘rclcpp::Duration::Duration(double)’
[22.598s]   156 |                         rclcpp::Duration(5.0).sleep();
[22.598s]       |                                             ^
[22.598s] In file included from /opt/ros/jazzy/include/rclcpp/rclcpp/time.hpp:24,
[22.598s]                  from /opt/ros/jazzy/include/rclcpp/rclcpp/clock.hpp:24,
[22.599s]                  from /opt/ros/jazzy/include/rclcpp/rclcpp/client.hpp:38:
[22.599s] /opt/ros/jazzy/include/rclcpp/rclcpp/duration.hpp:49:3: note: candidate: ‘template<class Rep, class Period> rclcpp::Duration::Duration(const std::chrono::duration<_Rep1, _Period1>&)’
[22.599s]    49 |   Duration(const std::chrono::duration<Rep, Period> & duration)  // NOLINT(runtime/explicit)
[22.599s]       |   ^~~~~~~~
[22.599s] /opt/ros/jazzy/include/rclcpp/rclcpp/duration.hpp:49:3: note:   template argument deduction/substitution failed:
[22.599s] /home/neha/ros2_ws/src/semnav_migration/src/navigation.cpp:156:45: note:   mismatched types ‘const std::chrono::duration<_Rep1, _Period1>’ and ‘double’
[22.599s]   156 |                         rclcpp::Duration(5.0).sleep();
[22.602s]       |                                             ^
[22.602s] /opt/ros/jazzy/include/rclcpp/rclcpp/duration.hpp:159:3: note: candidate: ‘rclcpp::Duration::Duration()’
[22.602s]   159 |   Duration() = default;
[22.602s]       |   ^~~~~~~~
[22.602s] /opt/ros/jazzy/include/rclcpp/rclcpp/duration.hpp:159:3: note:   candidate expects 0 arguments, 1 provided
[22.602s] /opt/ros/jazzy/include/rclcpp/rclcpp/duration.hpp:62:3: note: candidate: ‘rclcpp::Duration::Duration(const rclcpp::Duration&)’
[22.602s]    62 |   Duration(const Duration & rhs);
[22.603s]       |   ^~~~~~~~
[22.603s] /opt/ros/jazzy/include/rclcpp/rclcpp/duration.hpp:62:29: note:   no known conversion for argument 1 from ‘double’ to ‘const rclcpp::Duration&’
[22.603s]    62 |   Duration(const Duration & rhs);
[22.603s]       |            ~~~~~~~~~~~~~~~~~^~~
[22.603s] /opt/ros/jazzy/include/rclcpp/rclcpp/duration.hpp:60:12: note: candidate: ‘rclcpp::Duration::Duration(const rcl_duration_t&)’
[22.603s]    60 |   explicit Duration(const rcl_duration_t & duration);
[22.603s]       |            ^~~~~~~~
[22.606s] /opt/ros/jazzy/include/rclcpp/rclcpp/duration.hpp:60:44: note:   no known conversion for argument 1 from ‘double’ to ‘const rcl_duration_t&’ {aka ‘const rcl_duration_s&’}
[22.606s]    60 |   explicit Duration(const rcl_duration_t & duration);
[22.606s]       |                     ~~~~~~~~~~~~~~~~~~~~~~~^~~~~~~~
[22.606s] /opt/ros/jazzy/include/rclcpp/rclcpp/duration.hpp:54:3: note: candidate: ‘rclcpp::Duration::Duration(const builtin_interfaces::msg::Duration&)’
[22.606s]    54 |   Duration(const builtin_interfaces::msg::Duration & duration_msg);  // NOLINT(runtime/explicit)
[22.606s]       |   ^~~~~~~~
[22.607s] /opt/ros/jazzy/include/rclcpp/rclcpp/duration.hpp:54:54: note:   no known conversion for argument 1 from ‘double’ to ‘const builtin_interfaces::msg::Duration&’ {aka ‘const builtin_interfaces::msg::Duration_<std::allocator<void> >&’}
[22.607s]    54 |   Duration(const builtin_interfaces::msg::Duration & duration_msg);  // NOLINT(runtime/explicit)
[22.607s]       |            ~~~~~~~~~~~~~~~~~~~~~~~~~~~~~~~~~~~~~~~~~~^~~~~~~~~~~~
[22.607s] /opt/ros/jazzy/include/rclcpp/rclcpp/duration.hpp:43:12: note: candidate: ‘rclcpp::Duration::Duration(std::chrono::nanoseconds)’
[22.607s]    43 |   explicit Duration(std::chrono::nanoseconds nanoseconds);
[22.607s]       |            ^~~~~~~~
[22.607s] /opt/ros/jazzy/include/rclcpp/rclcpp/duration.hpp:43:46: note:   no known conversion for argument 1 from ‘double’ to ‘std::chrono::nanoseconds’ {aka ‘std::chrono::duration<long int, std::ratio<1, 1000000000> >’}
[22.610s]    43 |   explicit Duration(std::chrono::nanoseconds nanoseconds);
[22.610s]       |                     ~~~~~~~~~~~~~~~~~~~~~~~~~^~~~~~~~~~~
[22.610s] /opt/ros/jazzy/include/rclcpp/rclcpp/duration.hpp:40:3: note: candidate: ‘rclcpp::Duration::Duration(int32_t, uint32_t)’
[22.610s]    40 |   Duration(int32_t seconds, uint32_t nanoseconds);
[22.610s]       |   ^~~~~~~~
[22.610s] /opt/ros/jazzy/include/rclcpp/rclcpp/duration.hpp:40:3: note:   candidate expects 2 arguments, 1 provided
[22.611s] /home/neha/ros2_ws/src/semnav_migration/src/navigation_semantic.cpp:182:25: error: ‘pub_behaviorMode_’ was not declared in this scope; did you mean ‘pub_behaviorMode_topic_’?
[22.611s]   182 |                         pub_behaviorMode_.publish(commandMode);
[22.611s]       |                         ^~~~~~~~~~~~~~~~~
[22.611s]       |                         pub_behaviorMode_topic_
[22.643s] /home/neha/ros2_ws/src/semnav_migration/src/navigation.cpp:163:38: error: ‘node_ptr’ was not declared in this scope; did you mean ‘mode_t’?
[22.643s]   163 |                         rclcpp::spin(node_ptr);
[22.643s]       |                                      ^~~~~~~~
[22.644s]       |                                      mode_t
[22.646s] /home/neha/ros2_ws/src/semnav_migration/src/navigation_semantic.cpp: In member function ‘void SemanticNavigationNode::diffeo_tree_update(const object_pose_interface_msgs::msg::SemanticMapObjectArray_<std::allocator<void> >::ConstPtr&)’:
[22.646s] /home/neha/ros2_ws/src/semnav_migration/src/navigation_semantic.cpp:252:29: error: ‘ros’ has not been declared
[22.646s]   252 |                         if (ros::Time::now().toSec() - DiffeoTreeUpdateTime_ < (1.0/DiffeoTreeUpdateRate_)) {
[22.646s]       |                             ^~~
[22.646s] /home/neha/ros2_ws/src/semnav_migration/src/navigation_semantic.cpp:256:53: error: ‘ros’ has not been declared
[22.646s]   256 |                                 double start_time = ros::Time::now().toSec();
[22.647s]       |                                                     ^~~
[22.651s] /home/neha/ros2_ws/src/semnav_migration/src/navigation_semantic.cpp:267:49: error: ‘tf’ has not been declared
[22.651s]   267 |                                                 tf::Quaternion rotation = tf::Quaternion(semantic_map_data->objects[i].pose.pose.orientation.x,
[22.651s]       |                                                 ^~
[22.651s] /home/neha/ros2_ws/src/semnav_migration/src/navigation_semantic.cpp:272:49: error: ‘tf’ has not been declared
[22.651s]   272 |                                                 tf::Matrix3x3 m(rotation);
[22.652s]       |                                                 ^~
[22.652s] /home/neha/ros2_ws/src/semnav_migration/src/navigation_semantic.cpp:275:49: error: ‘tf’ has not been declared
[22.652s]   275 |                                                 tf::Vector3 target_nominal_1(-0.5*target_object_width_ - ObstacleDilation_ - 0.08, 0.0, 0.0);
[22.652s]       |                                                 ^~
[22.652s] /home/neha/ros2_ws/src/semnav_migration/src/navigation_semantic.cpp:276:49: error: ‘tf’ has not been declared
[22.652s]   276 |                                                 tf::Vector3 target_nominal_2(0.5*target_object_width_ + ObstacleDilation_ + 0.25, 0.0, 0.0);
[22.652s]       |                                                 ^~
[22.652s] /home/neha/ros2_ws/src/semnav_migration/src/navigation_semantic.cpp:277:49: error: ‘tf’ has not been declared
[22.655s]   277 |                                                 tf::Vector3 target_nominal_1_rotated = tf::quatRotate(rotation, target_nominal_1);
[22.655s]       |                                                 ^~
[22.655s] /home/neha/ros2_ws/src/semnav_migration/src/navigation_semantic.cpp:278:49: error: ‘tf’ has not been declared
[22.655s]   278 |                                                 tf::Vector3 target_nominal_2_rotated = tf::quatRotate(rotation, target_nominal_2);
[22.655s]       |                                                 ^~
[22.659s] /home/neha/ros2_ws/src/semnav_migration/src/navigation.cpp: In member function ‘void NavigationNode::publish_behavior_id(uint16_t)’:
[22.659s] /home/neha/ros2_ws/src/semnav_migration/src/navigation.cpp:175:28: error: ‘UInt32’ is not a member of ‘std_msgs::msg’
[22.659s]   175 |             std_msgs::msg::UInt32 commandId;
[22.659s]       |                            ^~~~~~
[22.683s] /home/neha/ros2_ws/src/semnav_migration/src/navigation_semantic.cpp:280:49: error: ‘m’ was not declared in this scope; did you mean ‘tm’?
[22.683s]   280 |                                                 m.getRPY(roll, pitch, yaw);
[22.683s]       |                                                 ^
[22.683s]       |                                                 tm
[22.710s] /home/neha/ros2_ws/src/semnav_migration/src/navigation.cpp:176:25: error: ‘commandId’ was not declared in this scope
[22.710s]   176 |                         commandId.data = BehaviorIdCmd;
[22.710s]       |                         ^~~~~~~~~
[22.713s] /home/neha/ros2_ws/src/semnav_migration/src/navigation.cpp: In member function ‘void NavigationNode::publish_behavior_mode(uint16_t)’:
[22.713s] /home/neha/ros2_ws/src/semnav_migration/src/navigation.cpp:182:28: error: ‘UInt32’ is not a member of ‘std_msgs::msg’
[22.713s]   182 |             std_msgs::msg::UInt32 commandMode;
[22.713s]       |                            ^~~~~~
[22.773s] /home/neha/ros2_ws/src/semnav_migration/src/navigation.cpp:183:25: error: ‘commandMode’ was not declared in this scope
[22.773s]   183 |                         commandMode.data = BehaviorModeCmd;
[22.774s]       |                         ^~~~~~~~~~~
[22.824s] /home/neha/ros2_ws/src/semnav_migration/src/navigation.cpp: In member function ‘void NavigationNode::diffeo_tree_update(const object_pose_interface_msgs::msg::SemanticMapObjectArray_<std::allocator<void> >::ConstPtr&)’:
[22.824s] /home/neha/ros2_ws/src/semnav_migration/src/navigation.cpp:254:47: error: cannot call member function ‘rclcpp::Time rclcpp::Clock::now() const’ without object
[22.824s]   254 |                         if (rclcpp::Clock::now().toSec() - DiffeoTreeUpdateTime_ < (1.0/DiffeoTreeUpdateRate_)) {
[22.824s]       |                             ~~~~~~~~~~~~~~~~~~^~
[22.826s] /home/neha/ros2_ws/src/semnav_migration/src/navigation.cpp:259:71: error: cannot call member function ‘rclcpp::Time rclcpp::Clock::now() const’ without object
[22.826s]   259 |                                 double start_time = rclcpp::Clock::now().toSec();
[22.826s]       |                                                     ~~~~~~~~~~~~~~~~~~^~
[22.841s] /home/neha/ros2_ws/src/semnav_migration/src/navigation_semantic.cpp:281:123: error: ‘target_nominal_1_rotated’ was not declared in this scope
[22.841s]   281 |                                                 GoalVector[0].set<0>(semantic_map_data->objects[i].pose.pose.position.x + target_nominal_1_rotated.getX());
[22.841s]       |                                                                                                                           ^~~~~~~~~~~~~~~~~~~~~~~~
[22.858s] /home/neha/ros2_ws/src/semnav_migration/src/navigation.cpp:327:103: error: cannot call member function ‘rclcpp::Time rclcpp::Clock::now() const’ without object
[22.858s]   327 |                                 ROS_WARN_STREAM("[Navigation] Updated trees in " << rclcpp::Clock::now().toSec()-start_time << " seconds.");
[22.858s]       |                                                                                     ~~~~~~~~~~~~~~~~~~^~
[22.945s] /home/neha/ros2_ws/src/semnav_migration/src/navigation.cpp:327:33: error: ‘ROS_WARN_STREAM’ was not declared in this scope; did you mean ‘RCLCPP_WARN_STREAM’?
[22.945s]   327 |                                 ROS_WARN_STREAM("[Navigation] Updated trees in " << rclcpp::Clock::now().toSec()-start_time << " seconds.");
[22.945s]       |                                 ^~~~~~~~~~~~~~~
[22.946s]       |                                 RCLCPP_WARN_STREAM
[22.946s] /home/neha/ros2_ws/src/semnav_migration/src/navigation.cpp:330:75: error: cannot call member function ‘rclcpp::Time rclcpp::Clock::now() const’ without object
[22.946s]   330 |                                 DiffeoTreeUpdateTime_ = rclcpp::Clock::now().toSec();
[22.946s]       |                                                         ~~~~~~~~~~~~~~~~~~^~
[22.949s] /home/neha/ros2_ws/src/semnav_migration/src/navigation.cpp: In member function ‘void NavigationNode::control_callback(const sensor_msgs::msg::LaserScan_<std::allocator<void> >::ConstPtr&, const nav_msgs::msg::Odometry_<std::allocator<void> >::ConstPtr&)’:
[22.949s] /home/neha/ros2_ws/src/semnav_migration/src/navigation.cpp:357:64: error: cannot call member function ‘rclcpp::Time rclcpp::Clock::now() const’ without object
[22.949s]   357 |                         double before_time = rclcpp::Clock::now().toSec();
[22.949s]       |                                              ~~~~~~~~~~~~~~~~~~^~
[22.993s] /home/neha/ros2_ws/src/semnav_migration/src/navigation.cpp:365:33: error: ‘listener_’ was not declared in this scope
[22.994s]   365 |                                 listener_.waitForTransform(world_frame_id_, odom_frame_id_, rclcpp::Time(0), rclcpp::Duration(1.0));
[22.994s]       |                                 ^~~~~~~~~
[22.995s] /home/neha/ros2_ws/src/semnav_migration/src/navigation.cpp:365:130: error: no matching function for call to ‘rclcpp::Duration::Duration(double)’
[22.995s]   365 |                                 listener_.waitForTransform(world_frame_id_, odom_frame_id_, rclcpp::Time(0), rclcpp::Duration(1.0));
[22.995s]       |                                                                                                                                  ^
[22.995s] /opt/ros/jazzy/include/rclcpp/rclcpp/duration.hpp:49:3: note: candidate: ‘template<class Rep, class Period> rclcpp::Duration::Duration(const std::chrono::duration<_Rep1, _Period1>&)’
[22.995s]    49 |   Duration(const std::chrono::duration<Rep, Period> & duration)  // NOLINT(runtime/explicit)
[22.995s]       |   ^~~~~~~~
[22.996s] /opt/ros/jazzy/include/rclcpp/rclcpp/duration.hpp:49:3: note:   template argument deduction/substitution failed:
[22.996s] /home/neha/ros2_ws/src/semnav_migration/src/navigation.cpp:365:130: note:   mismatched types ‘const std::chrono::duration<_Rep1, _Period1>’ and ‘double’
[22.996s]   365 |                                 listener_.waitForTransform(world_frame_id_, odom_frame_id_, rclcpp::Time(0), rclcpp::Duration(1.0));
[22.996s]       |                                                                                                                                  ^
[22.996s] /opt/ros/jazzy/include/rclcpp/rclcpp/duration.hpp:159:3: note: candidate: ‘rclcpp::Duration::Duration()’
[22.996s]   159 |   Duration() = default;
[22.996s]       |   ^~~~~~~~
[22.999s] /opt/ros/jazzy/include/rclcpp/rclcpp/duration.hpp:159:3: note:   candidate expects 0 arguments, 1 provided
[22.999s] /opt/ros/jazzy/include/rclcpp/rclcpp/duration.hpp:62:3: note: candidate: ‘rclcpp::Duration::Duration(const rclcpp::Duration&)’
[22.999s]    62 |   Duration(const Duration & rhs);
[22.999s]       |   ^~~~~~~~
[23.000s] /opt/ros/jazzy/include/rclcpp/rclcpp/duration.hpp:62:29: note:   no known conversion for argument 1 from ‘double’ to ‘const rclcpp::Duration&’
[23.000s]    62 |   Duration(const Duration & rhs);
[23.000s]       |            ~~~~~~~~~~~~~~~~~^~~
[23.000s] /opt/ros/jazzy/include/rclcpp/rclcpp/duration.hpp:60:12: note: candidate: ‘rclcpp::Duration::Duration(const rcl_duration_t&)’
[23.000s]    60 |   explicit Duration(const rcl_duration_t & duration);
[23.000s]       |            ^~~~~~~~
[23.000s] /opt/ros/jazzy/include/rclcpp/rclcpp/duration.hpp:60:44: note:   no known conversion for argument 1 from ‘double’ to ‘const rcl_duration_t&’ {aka ‘const rcl_duration_s&’}
[23.000s]    60 |   explicit Duration(const rcl_duration_t & duration);
[23.003s]       |                     ~~~~~~~~~~~~~~~~~~~~~~~^~~~~~~~
[23.003s] /opt/ros/jazzy/include/rclcpp/rclcpp/duration.hpp:54:3: note: candidate: ‘rclcpp::Duration::Duration(const builtin_interfaces::msg::Duration&)’
[23.003s]    54 |   Duration(const builtin_interfaces::msg::Duration & duration_msg);  // NOLINT(runtime/explicit)
[23.003s]       |   ^~~~~~~~
[23.003s] /opt/ros/jazzy/include/rclcpp/rclcpp/duration.hpp:54:54: note:   no known conversion for argument 1 from ‘double’ to ‘const builtin_interfaces::msg::Duration&’ {aka ‘const builtin_interfaces::msg::Duration_<std::allocator<void> >&’}
[23.004s]    54 |   Duration(const builtin_interfaces::msg::Duration & duration_msg);  // NOLINT(runtime/explicit)
[23.004s]       |            ~~~~~~~~~~~~~~~~~~~~~~~~~~~~~~~~~~~~~~~~~~^~~~~~~~~~~~
[23.004s] /opt/ros/jazzy/include/rclcpp/rclcpp/duration.hpp:43:12: note: candidate: ‘rclcpp::Duration::Duration(std::chrono::nanoseconds)’
[23.004s]    43 |   explicit Duration(std::chrono::nanoseconds nanoseconds);
[23.004s]       |            ^~~~~~~~
[23.004s] /opt/ros/jazzy/include/rclcpp/rclcpp/duration.hpp:43:46: note:   no known conversion for argument 1 from ‘double’ to ‘std::chrono::nanoseconds’ {aka ‘std::chrono::duration<long int, std::ratio<1, 1000000000> >’}
[23.004s]    43 |   explicit Duration(std::chrono::nanoseconds nanoseconds);
[23.005s]       |                     ~~~~~~~~~~~~~~~~~~~~~~~~~^~~~~~~~~~~
[23.007s] /opt/ros/jazzy/include/rclcpp/rclcpp/duration.hpp:40:3: note: candidate: ‘rclcpp::Duration::Duration(int32_t, uint32_t)’
[23.007s]    40 |   Duration(int32_t seconds, uint32_t nanoseconds);
[23.007s]       |   ^~~~~~~~
[23.007s] /opt/ros/jazzy/include/rclcpp/rclcpp/duration.hpp:40:3: note:   candidate expects 2 arguments, 1 provided
[23.007s] /home/neha/ros2_ws/src/semnav_migration/src/navigation_semantic.cpp:283:123: error: ‘target_nominal_2_rotated’ was not declared in this scope
[23.008s]   283 |                                                 GoalVector[1].set<0>(semantic_map_data->objects[i].pose.pose.position.x + target_nominal_2_rotated.getX());
[23.008s]       |                                                                                                                           ^~~~~~~~~~~~~~~~~~~~~~~~
[23.050s] /home/neha/ros2_ws/src/semnav_migration/src/navigation.cpp:368:33: error: ‘ROS_ERROR’ was not declared in this scope
[23.050s]   368 |                                 ROS_ERROR("%s",ex.what());
[23.050s]       |                                 ^~~~~~~~~
[23.053s] /home/neha/ros2_ws/src/semnav_migration/src/navigation.cpp:395:42: error: could not convert ‘lidar_data’ from ‘shared_ptr<LaserScan_<[...]>>’ to ‘shared_ptr<LaserScan_<[...]>>’
[23.053s]   395 |                         constructLIDAR2D(lidar_data, CutoffRange_, AllowableRange_, RobotPitch_, &LIDAR);
[23.053s]       |                                          ^~~~~~~~~~
[23.053s]       |                                          |
[23.053s]       |                                          shared_ptr<LaserScan_<[...]>>
[23.074s] /home/neha/ros2_ws/src/semnav_migration/src/navigation.cpp:569:53: error: no matching function for call to ‘rclcpp::Duration::Duration(double)’
[23.074s]   569 |                                 rclcpp::Duration(5.0).sleep();
[23.074s]       |                                                     ^
[23.074s] /opt/ros/jazzy/include/rclcpp/rclcpp/duration.hpp:49:3: note: candidate: ‘template<class Rep, class Period> rclcpp::Duration::Duration(const std::chrono::duration<_Rep1, _Period1>&)’
[23.074s]    49 |   Duration(const std::chrono::duration<Rep, Period> & duration)  // NOLINT(runtime/explicit)
[23.075s]       |   ^~~~~~~~
[23.075s] /opt/ros/jazzy/include/rclcpp/rclcpp/duration.hpp:49:3: note:   template argument deduction/substitution failed:
[23.077s] /home/neha/ros2_ws/src/semnav_migration/src/navigation.cpp:569:53: note:   mismatched types ‘const std::chrono::duration<_Rep1, _Period1>’ and ‘double’
[23.077s]   569 |                                 rclcpp::Duration(5.0).sleep();
[23.077s]       |                                                     ^
[23.077s] /opt/ros/jazzy/include/rclcpp/rclcpp/duration.hpp:159:3: note: candidate: ‘rclcpp::Duration::Duration()’
[23.078s]   159 |   Duration() = default;
[23.078s]       |   ^~~~~~~~
[23.078s] /opt/ros/jazzy/include/rclcpp/rclcpp/duration.hpp:159:3: note:   candidate expects 0 arguments, 1 provided
[23.078s] /opt/ros/jazzy/include/rclcpp/rclcpp/duration.hpp:62:3: note: candidate: ‘rclcpp::Duration::Duration(const rclcpp::Duration&)’
[23.078s]    62 |   Duration(const Duration & rhs);
[23.078s]       |   ^~~~~~~~
[23.078s] /opt/ros/jazzy/include/rclcpp/rclcpp/duration.hpp:62:29: note:   no known conversion for argument 1 from ‘double’ to ‘const rclcpp::Duration&’
[23.078s]    62 |   Duration(const Duration & rhs);
[23.081s]       |            ~~~~~~~~~~~~~~~~~^~~
[23.081s] /opt/ros/jazzy/include/rclcpp/rclcpp/duration.hpp:60:12: note: candidate: ‘rclcpp::Duration::Duration(const rcl_duration_t&)’
[23.081s]    60 |   explicit Duration(const rcl_duration_t & duration);
[23.081s]       |            ^~~~~~~~
[23.081s] /opt/ros/jazzy/include/rclcpp/rclcpp/duration.hpp:60:44: note:   no known conversion for argument 1 from ‘double’ to ‘const rcl_duration_t&’ {aka ‘const rcl_duration_s&’}
[23.081s]    60 |   explicit Duration(const rcl_duration_t & duration);
[23.081s]       |                     ~~~~~~~~~~~~~~~~~~~~~~~^~~~~~~~
[23.081s] /opt/ros/jazzy/include/rclcpp/rclcpp/duration.hpp:54:3: note: candidate: ‘rclcpp::Duration::Duration(const builtin_interfaces::msg::Duration&)’
[23.082s]    54 |   Duration(const builtin_interfaces::msg::Duration & duration_msg);  // NOLINT(runtime/explicit)
[23.082s]       |   ^~~~~~~~
[23.082s] /opt/ros/jazzy/include/rclcpp/rclcpp/duration.hpp:54:54: note:   no known conversion for argument 1 from ‘double’ to ‘const builtin_interfaces::msg::Duration&’ {aka ‘const builtin_interfaces::msg::Duration_<std::allocator<void> >&’}
[23.082s]    54 |   Duration(const builtin_interfaces::msg::Duration & duration_msg);  // NOLINT(runtime/explicit)
[23.082s]       |            ~~~~~~~~~~~~~~~~~~~~~~~~~~~~~~~~~~~~~~~~~~^~~~~~~~~~~~
[23.082s] /opt/ros/jazzy/include/rclcpp/rclcpp/duration.hpp:43:12: note: candidate: ‘rclcpp::Duration::Duration(std::chrono::nanoseconds)’
[23.082s]    43 |   explicit Duration(std::chrono::nanoseconds nanoseconds);
[23.082s]       |            ^~~~~~~~
[23.085s] /opt/ros/jazzy/include/rclcpp/rclcpp/duration.hpp:43:46: note:   no known conversion for argument 1 from ‘double’ to ‘std::chrono::nanoseconds’ {aka ‘std::chrono::duration<long int, std::ratio<1, 1000000000> >’}
[23.085s]    43 |   explicit Duration(std::chrono::nanoseconds nanoseconds);
[23.085s]       |                     ~~~~~~~~~~~~~~~~~~~~~~~~~^~~~~~~~~~~
[23.085s] /opt/ros/jazzy/include/rclcpp/rclcpp/duration.hpp:40:3: note: candidate: ‘rclcpp::Duration::Duration(int32_t, uint32_t)’
[23.085s]    40 |   Duration(int32_t seconds, uint32_t nanoseconds);
[23.085s]       |   ^~~~~~~~
[23.085s] /opt/ros/jazzy/include/rclcpp/rclcpp/duration.hpp:40:3: note:   candidate expects 2 arguments, 1 provided
[23.116s] /home/neha/ros2_ws/src/semnav_migration/src/navigation_semantic.cpp:317:49: error: ‘ROS_ERROR_STREAM’ was not declared in this scope; did you mean ‘RCLCPP_ERROR_STREAM’?
[23.116s]   317 |                                                 ROS_ERROR_STREAM("Goal blocked by object");
[23.116s]       |                                                 ^~~~~~~~~~~~~~~~
[23.116s]       |                                                 RCLCPP_ERROR_STREAM
[23.123s] /home/neha/ros2_ws/src/semnav_migration/src/navigation_semantic.cpp:365:85: error: ‘ros’ has not been declared
[23.123s]   365 |                                 ROS_WARN_STREAM("[Navigation] Updated trees in " << ros::Time::now().toSec()-start_time << " seconds.");
[23.123s]       |                                                                                     ^~~
[23.176s] /home/neha/ros2_ws/src/semnav_migration/src/navigation.cpp:572:33: error: ‘ROS_WARN_STREAM’ was not declared in this scope; did you mean ‘RCLCPP_WARN_STREAM’?
[23.176s]   572 |                                 ROS_WARN_STREAM("[Navigation] Successfully navigated to goal and stopped...");
[23.176s]       |                                 ^~~~~~~~~~~~~~~
[23.176s]       |                                 RCLCPP_WARN_STREAM
[23.181s] /home/neha/ros2_ws/src/semnav_migration/src/navigation.cpp:595:75: error: invalid operands of types ‘const char [32]’ and ‘double’ to binary ‘operator<<’
[23.181s]   595 |                         ROS_WARN_STREAM("[Navigation] Linear command is " << LinearCmd << " and angular command is " << AngularCmd);
[23.182s]       |                                         ~~~~~~~~~~~~~~~~~~~~~~~~~~~~~~~~~ ^~ ~~~~~~~~~
[23.182s]       |                                         |                                    |
[23.182s]       |                                         const char [32]                      double
[23.209s] /home/neha/ros2_ws/src/semnav_migration/src/navigation_semantic.cpp:365:33: error: ‘ROS_WARN_STREAM’ was not declared in this scope; did you mean ‘RCLCPP_WARN_STREAM’?
[23.209s]   365 |                                 ROS_WARN_STREAM("[Navigation] Updated trees in " << ros::Time::now().toSec()-start_time << " seconds.");
[23.210s]       |                                 ^~~~~~~~~~~~~~~
[23.210s]       |                                 RCLCPP_WARN_STREAM
[23.210s] /home/neha/ros2_ws/src/semnav_migration/src/navigation_semantic.cpp:368:57: error: ‘ros’ has not been declared
[23.210s]   368 |                                 DiffeoTreeUpdateTime_ = ros::Time::now().toSec();
[23.210s]       |                                                         ^~~
[23.212s] /home/neha/ros2_ws/src/semnav_migration/src/navigation_semantic.cpp: In member function ‘void SemanticNavigationNode::control_callback(const sensor_msgs::msg::LaserScan_<std::allocator<void> >::ConstPtr&, const nav_msgs::msg::Odometry_<std::allocator<void> >::ConstPtr&)’:
[23.212s] /home/neha/ros2_ws/src/semnav_migration/src/navigation_semantic.cpp:396:46: error: ‘ros’ has not been declared
[23.212s]   396 |                         double before_time = ros::Time::now().toSec();
[23.212s]       |                                              ^~~
[23.215s] /home/neha/ros2_ws/src/semnav_migration/src/navigation_semantic.cpp:399:40: error: ‘PoseStamped’ is not a member of ‘geometry_msgs’; did you mean ‘geometry_msgs::msg::PoseStamped’?
[23.215s]   399 |                         geometry_msgs::PoseStamped odomPose, mapPose;
[23.215s]       |                                        ^~~~~~~~~~~
[23.215s] In file included from /home/neha/ros2_ws/src/install/object_pose_interface_msgs/include/object_pose_interface_msgs/object_pose_interface_msgs/msg/detail/semantic_map_object__struct.hpp:28,
[23.215s]                  from /home/neha/ros2_ws/src/install/object_pose_interface_msgs/include/object_pose_interface_msgs/object_pose_interface_msgs/msg/detail/semantic_map_object_array__struct.hpp:25,
[23.215s]                  from /home/neha/ros2_ws/src/install/object_pose_interface_msgs/include/object_pose_interface_msgs/object_pose_interface_msgs/msg/semantic_map_object_array.hpp:7,
[23.216s]                  from /home/neha/ros2_ws/src/semnav_migration/src/navigation_semantic.cpp:26:
[23.216s] /opt/ros/jazzy/include/geometry_msgs/geometry_msgs/msg/detail/pose_stamped__struct.hpp:138:7: note: ‘geometry_msgs::msg::PoseStamped’ declared here
[23.216s]   138 | using PoseStamped =
[23.216s]       |       ^~~~~~~~~~~
[23.258s] /home/neha/ros2_ws/src/semnav_migration/src/navigation_semantic.cpp:400:25: error: ‘odomPose’ was not declared in this scope
[23.258s]   400 |                         odomPose.header.stamp = ros::Time(0);
[23.258s]       |                         ^~~~~~~~
[23.258s] /home/neha/ros2_ws/src/semnav_migration/src/navigation_semantic.cpp:400:49: error: ‘ros’ has not been declared
[23.258s]   400 |                         odomPose.header.stamp = ros::Time(0);
[23.258s]       |                                                 ^~~
[23.278s] /home/neha/ros2_ws/src/semnav_migration/src/navigation.cpp:595:25: error: ‘ROS_WARN_STREAM’ was not declared in this scope; did you mean ‘RCLCPP_WARN_STREAM’?
[23.278s]   595 |                         ROS_WARN_STREAM("[Navigation] Linear command is " << LinearCmd << " and angular command is " << AngularCmd);
[23.278s]       |                         ^~~~~~~~~~~~~~~
[23.278s]       |                         RCLCPP_WARN_STREAM
[23.278s] /home/neha/ros2_ws/src/semnav_migration/src/navigation.cpp:596:76: error: invalid operands of types ‘const char [33]’ and ‘int’ to binary ‘operator<<’
[23.279s]   596 |                         ROS_WARN_STREAM("[Navigation] Command update for " << int(localDiffeoTreeArray.size()) << " polygons in " << rclcpp::Clock::now().toSec()-before_time << " seconds.");
[23.279s]       |                                         ~~~~~~~~~~~~~~~~~~~~~~~~~~~~~~~~~~ ^~ ~~~~~~~~~~~~~~~~~~~~~~~~~~~~~~~~
[23.279s]       |                                         |                                     |
[23.279s]       |                                         const char [33]                       int
[23.281s] /home/neha/ros2_ws/src/semnav_migration/src/navigation.cpp:596:152: error: cannot call member function ‘rclcpp::Time rclcpp::Clock::now() const’ without object
[23.281s]   596 |                         ROS_WARN_STREAM("[Navigation] Command update for " << int(localDiffeoTreeArray.size()) << " polygons in " << rclcpp::Clock::now().toSec()-before_time << " seconds.");
[23.281s]       |                                                                                                                                      ~~~~~~~~~~~~~~~~~~^~
[23.308s] /home/neha/ros2_ws/src/semnav_migration/src/navigation_semantic.cpp:404:33: error: ‘listener_’ was not declared in this scope
[23.308s]   404 |                                 listener_.waitForTransform(world_frame_id_, odom_frame_id_, ros::Time(0), ros::Duration(1.0));
[23.308s]       |                                 ^~~~~~~~~
[23.308s] /home/neha/ros2_ws/src/semnav_migration/src/navigation_semantic.cpp:404:93: error: ‘ros’ has not been declared
[23.309s]   404 |                                 listener_.waitForTransform(world_frame_id_, odom_frame_id_, ros::Time(0), ros::Duration(1.0));
[23.309s]       |                                                                                             ^~~
[23.309s] /home/neha/ros2_ws/src/semnav_migration/src/navigation_semantic.cpp:404:107: error: ‘ros’ has not been declared
[23.309s]   404 |                                 listener_.waitForTransform(world_frame_id_, odom_frame_id_, ros::Time(0), ros::Duration(1.0));
[23.309s]       |                                                                                                           ^~~
[23.348s] /home/neha/ros2_ws/src/semnav_migration/src/navigation_semantic.cpp:405:84: error: ‘mapPose’ was not declared in this scope
[23.348s]   405 |                                 listener_.transformPose(world_frame_id_, odomPose, mapPose);
[23.349s]       |                                                                                    ^~~~~~~
[23.357s] /home/neha/ros2_ws/src/semnav_migration/src/navigation_semantic.cpp:406:34: error: ‘tf’ does not name a type; did you mean ‘tm’?
[23.357s]   406 |                         } catch (tf::TransformException &ex) {
[23.357s]       |                                  ^~
[23.357s]       |                                  tm
[23.357s] /home/neha/ros2_ws/src/semnav_migration/src/navigation_semantic.cpp:406:57: error: expected unqualified-id before ‘&’ token
[23.358s]   406 |                         } catch (tf::TransformException &ex) {
[23.358s]       |                                                         ^
[23.358s] /home/neha/ros2_ws/src/semnav_migration/src/navigation_semantic.cpp:406:57: error: expected ‘)’ before ‘&’ token
[23.358s] /home/neha/ros2_ws/src/semnav_migration/src/navigation_semantic.cpp:406:33: note: to match this ‘(’
[23.358s]   406 |                         } catch (tf::TransformException &ex) {
[23.358s]       |                                 ^
[23.358s] /home/neha/ros2_ws/src/semnav_migration/src/navigation_semantic.cpp:406:57: error: expected ‘{’ before ‘&’ token
[23.358s]   406 |                         } catch (tf::TransformException &ex) {
[23.361s]       |                                                         ^
[23.390s] /home/neha/ros2_ws/src/semnav_migration/src/navigation_semantic.cpp:406:58: error: ‘ex’ was not declared in this scope; did you mean ‘exp’?
[23.390s]   406 |                         } catch (tf::TransformException &ex) {
[23.390s]       |                                                          ^~
[23.390s]       |                                                          exp
[23.391s] /home/neha/ros2_ws/src/semnav_migration/src/navigation_semantic.cpp:412:25: error: ‘tf’ has not been declared
[23.391s]   412 |                         tf::Quaternion rotation = tf::Quaternion(mapPose.pose.orientation.x,
[23.391s]       |                         ^~
[23.391s] /home/neha/ros2_ws/src/semnav_migration/src/navigation_semantic.cpp:416:25: error: ‘tf’ has not been declared
[23.391s]   416 |                         tf::Matrix3x3 m(rotation);
[23.391s]       |                         ^~
[23.427s] /home/neha/ros2_ws/src/semnav_migration/src/navigation_semantic.cpp:418:25: error: ‘m’ was not declared in this scope; did you mean ‘tm’?
[23.427s]   418 |                         m.getRPY(roll, pitch, yaw);
[23.427s]       |                         ^
[23.427s]       |                         tm
[23.466s] /home/neha/ros2_ws/src/semnav_migration/src/navigation_semantic.cpp:419:51: error: ‘mapPose’ was not declared in this scope
[23.466s]   419 |                         double x_robot_position = mapPose.pose.position.x;
[23.466s]       |                                                   ^~~~~~~
[23.475s] /home/neha/ros2_ws/src/semnav_migration/src/navigation_semantic.cpp:432:42: error: could not convert ‘lidar_data’ from ‘shared_ptr<LaserScan_<[...]>>’ to ‘shared_ptr<LaserScan_<[...]>>’
[23.475s]   432 |                         constructLIDAR2D(lidar_data, CutoffRange_, AllowableRange_, RobotPitch_, &LIDAR);
[23.475s]       |                                          ^~~~~~~~~~
[23.475s]       |                                          |
[23.475s]       |                                          shared_ptr<LaserScan_<[...]>>
[23.492s] /home/neha/ros2_ws/src/semnav_migration/src/navigation_semantic.cpp:562:96: error: invalid operands of types ‘const char [53]’ and ‘double’ to binary ‘operator<<’
[23.492s]   562 |                         ROS_WARN_STREAM("[Navigation] Diffeomorphism jacobian determinant is " << MatrixDeterminant(RobotPositionTransformedD) << ", robot position is " << bg::dsv(RobotPosition_) << " and robot positon in model space is " << bg::dsv(RobotPositionTransformedPoint));
[23.492s]       |                                         ~~~~~~~~~~~~~~~~~~~~~~~~~~~~~~~~~~~~~~~~~~~~~~~~~~~~~~ ^~ ~~~~~~~~~~~~~~~~~~~~~~~~~~~~~~~~~~~~~~~~~~~~
[23.493s]       |                                         |                                                                          |
[23.493s]       |                                         const char [53]                                                            double
[23.588s] /home/neha/ros2_ws/src/semnav_migration/src/navigation_semantic.cpp:562:25: error: ‘ROS_WARN_STREAM’ was not declared in this scope; did you mean ‘RCLCPP_WARN_STREAM’?
[23.588s]   562 |                         ROS_WARN_STREAM("[Navigation] Diffeomorphism jacobian determinant is " << MatrixDeterminant(RobotPositionTransformedD) << ", robot position is " << bg::dsv(RobotPosition_) << " and robot positon in model space is " << bg::dsv(RobotPositionTransformedPoint));
[23.588s]       |                         ^~~~~~~~~~~~~~~
[23.588s]       |                         RCLCPP_WARN_STREAM
[23.590s] /home/neha/ros2_ws/src/semnav_migration/src/navigation_semantic.cpp:591:41: error: ‘ros’ has not been declared
[23.590s]   591 |                                         ros::Duration(5.0).sleep();
[23.590s]       |                                         ^~~
[23.599s] /home/neha/ros2_ws/src/semnav_migration/src/navigation_semantic.cpp:616:75: error: invalid operands of types ‘const char [32]’ and ‘double’ to binary ‘operator<<’
[23.599s]   616 |                         ROS_WARN_STREAM("[Navigation] Linear command is " << LinearCmd << " and angular command is " << AngularCmd);
[23.599s]       |                                         ~~~~~~~~~~~~~~~~~~~~~~~~~~~~~~~~~ ^~ ~~~~~~~~~
[23.599s]       |                                         |                                    |
[23.600s]       |                                         const char [32]                      double
[23.600s] /home/neha/ros2_ws/src/semnav_migration/src/navigation_semantic.cpp:617:76: error: invalid operands of types ‘const char [33]’ and ‘int’ to binary ‘operator<<’
[23.600s]   617 |                         ROS_WARN_STREAM("[Navigation] Command update for " << int(localDiffeoTreeArray.size()) << " polygons in " << ros::Time::now().toSec()-before_time << " seconds.");
[23.600s]       |                                         ~~~~~~~~~~~~~~~~~~~~~~~~~~~~~~~~~~ ^~ ~~~~~~~~~~~~~~~~~~~~~~~~~~~~~~~~
[23.600s]       |                                         |                                     |
[23.603s]       |                                         const char [33]                       int
[23.603s] /home/neha/ros2_ws/src/semnav_migration/src/navigation_semantic.cpp:617:134: error: ‘ros’ has not been declared
[23.603s]   617 |                         ROS_WARN_STREAM("[Navigation] Command update for " << int(localDiffeoTreeArray.size()) << " polygons in " << ros::Time::now().toSec()-before_time << " seconds.");
[23.603s]       |                                                                                                                                      ^~~
[23.604s] /home/neha/ros2_ws/src/semnav_migration/src/navigation_semantic.cpp: In function ‘int main(int, char**)’:
[23.604s] /home/neha/ros2_ws/src/semnav_migration/src/navigation_semantic.cpp:698:9: error: ‘ros’ has not been declared
[23.604s]   698 |         ros::init(argc, argv, "navigation_semantic");
[23.604s]       |         ^~~
[23.604s] /home/neha/ros2_ws/src/semnav_migration/src/navigation_semantic.cpp:701:9: error: ‘ros’ has not been declared
[23.604s]   701 |         ros::NodeHandle nh("~");
[23.604s]       |         ^~~
[23.622s] /home/neha/ros2_ws/src/semnav_migration/src/navigation_semantic.cpp:704:56: error: ‘nh’ was not declared in this scope
[23.623s]   704 |         SemanticNavigationNode semanticNavigationNode(&nh);
[23.623s]       |                                                        ^~
[33.416s] gmake[2]: *** [CMakeFiles/navigation_semantic.dir/build.make:76: CMakeFiles/navigation_semantic.dir/src/navigation_semantic.cpp.o] Error 1
[33.417s] gmake[1]: *** [CMakeFiles/Makefile2:207: CMakeFiles/navigation_semantic.dir/all] Error 2
[33.418s] gmake[1]: *** Waiting for unfinished jobs....
[37.757s] gmake[2]: *** [CMakeFiles/navigation.dir/build.make:76: CMakeFiles/navigation.dir/src/navigation.cpp.o] Error 1
[37.757s] gmake[1]: *** [CMakeFiles/Makefile2:181: CMakeFiles/navigation.dir/all] Error 2
[37.757s] gmake: *** [Makefile:146: all] Error 2
[37.760s] Invoked command in '/home/neha/ros2_ws/src/semnav_migration/build/semnav' returned '2': CMAKE_PREFIX_PATH=${CMAKE_PREFIX_PATH}:/opt/ros/jazzy DEBUGINFOD_URLS=https://debuginfod.ubuntu.com /usr/bin/cmake --build /home/neha/ros2_ws/src/semnav_migration/build/semnav -- -j2 -l2
