[0.025s] Invoking command in '/home/neha/ros2_ws/src/semnav_migration/build/semnav': CMAKE_PREFIX_PATH=${CMAKE_PREFIX_PATH}:/opt/ros/jazzy DEBUGINFOD_URLS=https://debuginfod.ubuntu.com /usr/bin/cmake --build /home/neha/ros2_ws/src/semnav_migration/build/semnav -- -j2 -l2
[0.192s] [ 14%] Built target reactive_planner
[0.333s] [ 23%] Building CXX object CMakeFiles/navigation_semantic.dir/src/navigation_semantic.cpp.o
[0.333s] [ 23%] Building CXX object CMakeFiles/navigation.dir/src/navigation.cpp.o
[21.600s] /home/neha/ros2_ws/src/semnav_migration/src/navigation_semantic.cpp:643:50: error: ‘UInt32’ is not a member of ‘std_msgs::msg’
[21.600s]   643 |                 rclcpp::Publisher<std_msgs::msg::UInt32> pub_behaviorID_;
[21.601s]       |                                                  ^~~~~~
[21.601s] /home/neha/ros2_ws/src/semnav_migration/src/navigation_semantic.cpp:643:56: error: template argument 1 is invalid
[21.601s]   643 |                 rclcpp::Publisher<std_msgs::msg::UInt32> pub_behaviorID_;
[21.601s]       |                                                        ^
[21.603s] /home/neha/ros2_ws/src/semnav_migration/src/navigation_semantic.cpp:644:17: error: invalid use of template-name ‘rclcpp::Publisher’ without an argument list
[21.603s]   644 |                 rclcpp::Publisher pub_behaviorMode_;
[21.604s]       |                 ^~~~~~
[21.604s] /home/neha/ros2_ws/src/semnav_migration/src/navigation_semantic.cpp:645:17: error: invalid use of template-name ‘rclcpp::Publisher’ without an argument list
[21.604s]   645 |                 rclcpp::Publisher pub_twist_;
[21.604s]       |                 ^~~~~~
[21.604s] /home/neha/ros2_ws/src/semnav_migration/src/navigation_semantic.cpp:647:17: error: invalid use of template-name ‘rclcpp::Publisher’ without an argument list
[21.604s]   647 |                 rclcpp::Publisher pub_semantic_map_;
[21.605s]       |                 ^~~~~~
[21.615s] /home/neha/ros2_ws/src/semnav_migration/src/navigation_semantic.cpp:693:22: error: ‘TransformListener’ in namespace ‘tf2’ does not name a type
[21.615s]   693 |                 tf2::TransformListener listener_;
[21.615s]       |                      ^~~~~~~~~~~~~~~~~
[21.616s] /home/neha/ros2_ws/src/semnav_migration/src/navigation_semantic.cpp: In constructor ‘SemanticNavigationNode::SemanticNavigationNode()’:
[21.617s] /home/neha/ros2_ws/src/semnav_migration/src/navigation_semantic.cpp:45:75: error: no matching function for call to ‘rclcpp::Node::Node()’
[21.617s]    45 |                 SemanticNavigationNode() : Node("semantic_navigation_node")  {
[21.617s]       |                                                                           ^
[21.618s] In file included from /opt/ros/jazzy/include/rclcpp/rclcpp/executors/single_threaded_executor.hpp:28,
[21.618s]                  from /opt/ros/jazzy/include/rclcpp/rclcpp/executors.hpp:22,
[21.618s]                  from /opt/ros/jazzy/include/rclcpp/rclcpp/rclcpp.hpp:172,
[21.618s]                  from /home/neha/ros2_ws/src/semnav_migration/include/reactive_planner_lib.h:32,
[21.619s]                  from /home/neha/ros2_ws/src/semnav_migration/src/navigation_semantic.cpp:25:
[21.619s] /opt/ros/jazzy/include/rclcpp/rclcpp/node.hpp:1629:3: note: candidate: ‘rclcpp::Node::Node(const rclcpp::Node&, const std::string&)’
[21.619s]  1629 |   Node(
[21.619s]       |   ^~~~
[21.620s] /opt/ros/jazzy/include/rclcpp/rclcpp/node.hpp:1629:3: note:   candidate expects 2 arguments, 0 provided
[21.620s] /opt/ros/jazzy/include/rclcpp/rclcpp/node.hpp:103:12: note: candidate: ‘rclcpp::Node::Node(const std::string&, const std::string&, const rclcpp::NodeOptions&)’
[21.620s]   103 |   explicit Node(
[21.620s]       |            ^~~~
[21.620s] /opt/ros/jazzy/include/rclcpp/rclcpp/node.hpp:103:12: note:   candidate expects 3 arguments, 0 provided
[21.622s] /opt/ros/jazzy/include/rclcpp/rclcpp/node.hpp:91:12: note: candidate: ‘rclcpp::Node::Node(const std::string&, const rclcpp::NodeOptions&)’
[21.622s]    91 |   explicit Node(
[21.622s]       |            ^~~~
[21.623s] /opt/ros/jazzy/include/rclcpp/rclcpp/node.hpp:91:12: note:   candidate expects 2 arguments, 0 provided
[21.655s] /home/neha/ros2_ws/src/semnav_migration/src/navigation_semantic.cpp:137:69: error: ‘UInt32’ is not a member of ‘std_msgs::msg’
[21.656s]   137 |             pub_behaviorID_ = this->create_publisher<std_msgs::msg::UInt32>("pub_behaviorID_topic_", 1);
[21.656s]       |                                                                     ^~~~~~
[21.656s] /home/neha/ros2_ws/src/semnav_migration/src/navigation_semantic.cpp:137:76: error: no matching function for call to ‘SemanticNavigationNode::create_publisher<<expression error> >(const char [22], int)’
[21.657s]   137 |             pub_behaviorID_ = this->create_publisher<std_msgs::msg::UInt32>("pub_behaviorID_topic_", 1);
[21.657s]       |                               ~~~~~~~~~~~~~~~~~~~~~~~~~~~~~~~~~~~~~~~~~~~~~^~~~~~~~~~~~~~~~~~~~~~~~~~~~
[21.657s] /opt/ros/jazzy/include/rclcpp/rclcpp/node.hpp:197:3: note: candidate: ‘template<class MessageT, class AllocatorT, class PublisherT> std::shared_ptr<PublisherT> rclcpp::Node::create_publisher(const std::string&, const rclcpp::QoS&, const rclcpp::PublisherOptionsWithAllocator<AllocatorT>&)’
[21.657s]   197 |   create_publisher(
[21.658s]       |   ^~~~~~~~~~~~~~~~
[21.658s] /opt/ros/jazzy/include/rclcpp/rclcpp/node.hpp:197:3: note:   template argument deduction/substitution failed:
[21.658s] /home/neha/ros2_ws/src/semnav_migration/src/navigation_semantic.cpp:137:76: error: template argument 1 is invalid
[21.658s]   137 |             pub_behaviorID_ = this->create_publisher<std_msgs::msg::UInt32>("pub_behaviorID_topic_", 1);
[21.659s]       |                               ~~~~~~~~~~~~~~~~~~~~~~~~~~~~~~~~~~~~~~~~~~~~~^~~~~~~~~~~~~~~~~~~~~~~~~~~~
[21.664s] /home/neha/ros2_ws/src/semnav_migration/src/navigation_semantic.cpp:138:71: error: ‘UInt32’ is not a member of ‘std_msgs::msg’
[21.664s]   138 |             pub_behaviorMode_ = this->create_publisher<std_msgs::msg::UInt32>("pub_behaviorMode_topic_", 1);
[21.664s]       |                                                                       ^~~~~~
[21.664s] /home/neha/ros2_ws/src/semnav_migration/src/navigation_semantic.cpp:138:78: error: no matching function for call to ‘SemanticNavigationNode::create_publisher<<expression error> >(const char [24], int)’
[21.664s]   138 |             pub_behaviorMode_ = this->create_publisher<std_msgs::msg::UInt32>("pub_behaviorMode_topic_", 1);
[21.664s]       |                                 ~~~~~~~~~~~~~~~~~~~~~~~~~~~~~~~~~~~~~~~~~~~~~^~~~~~~~~~~~~~~~~~~~~~~~~~~~~~
[21.664s] /opt/ros/jazzy/include/rclcpp/rclcpp/node.hpp:197:3: note: candidate: ‘template<class MessageT, class AllocatorT, class PublisherT> std::shared_ptr<PublisherT> rclcpp::Node::create_publisher(const std::string&, const rclcpp::QoS&, const rclcpp::PublisherOptionsWithAllocator<AllocatorT>&)’
[21.665s]   197 |   create_publisher(
[21.665s]       |   ^~~~~~~~~~~~~~~~
[21.668s] /opt/ros/jazzy/include/rclcpp/rclcpp/node.hpp:197:3: note:   template argument deduction/substitution failed:
[21.668s] /home/neha/ros2_ws/src/semnav_migration/src/navigation_semantic.cpp:138:78: error: template argument 1 is invalid
[21.668s]   138 |             pub_behaviorMode_ = this->create_publisher<std_msgs::msg::UInt32>("pub_behaviorMode_topic_", 1);
[21.668s]       |                                 ~~~~~~~~~~~~~~~~~~~~~~~~~~~~~~~~~~~~~~~~~~~~~^~~~~~~~~~~~~~~~~~~~~~~~~~~~~~
[21.671s] /home/neha/ros2_ws/src/semnav_migration/src/navigation_semantic.cpp:139:64: error: ‘UInt32’ is not a member of ‘std_msgs::msg’
[21.672s]   139 |             pub_twist_ = this->create_publisher<std_msgs::msg::UInt32>("pub_twist_topic_", 1);
[21.672s]       |                                                                ^~~~~~
[21.672s] /home/neha/ros2_ws/src/semnav_migration/src/navigation_semantic.cpp:139:71: error: no matching function for call to ‘SemanticNavigationNode::create_publisher<<expression error> >(const char [17], int)’
[21.672s]   139 |             pub_twist_ = this->create_publisher<std_msgs::msg::UInt32>("pub_twist_topic_", 1);
[21.672s]       |                          ~~~~~~~~~~~~~~~~~~~~~~~~~~~~~~~~~~~~~~~~~~~~~^~~~~~~~~~~~~~~~~~~~~~~
[21.672s] /opt/ros/jazzy/include/rclcpp/rclcpp/node.hpp:197:3: note: candidate: ‘template<class MessageT, class AllocatorT, class PublisherT> std::shared_ptr<PublisherT> rclcpp::Node::create_publisher(const std::string&, const rclcpp::QoS&, const rclcpp::PublisherOptionsWithAllocator<AllocatorT>&)’
[21.672s]   197 |   create_publisher(
[21.673s]       |   ^~~~~~~~~~~~~~~~
[21.673s] /opt/ros/jazzy/include/rclcpp/rclcpp/node.hpp:197:3: note:   template argument deduction/substitution failed:
[21.675s] /home/neha/ros2_ws/src/semnav_migration/src/navigation_semantic.cpp:139:71: error: template argument 1 is invalid
[21.675s]   139 |             pub_twist_ = this->create_publisher<std_msgs::msg::UInt32>("pub_twist_topic_", 1);
[21.675s]       |                          ~~~~~~~~~~~~~~~~~~~~~~~~~~~~~~~~~~~~~~~~~~~~~^~~~~~~~~~~~~~~~~~~~~~~
[21.675s] /home/neha/ros2_ws/src/semnav_migration/src/navigation_semantic.cpp:142:42: error: ‘message_filters::msg’ has not been declared
[21.675s]   142 |                         message_filters::msg::Subscriber<sensor_msgs::msg::LaserScan> sub_laser(nh_, sub_laser_topic_, 1);
[21.676s]       |                                          ^~~
[21.676s] /home/neha/ros2_ws/src/semnav_migration/src/navigation_semantic.cpp:142:85: error: expected primary-expression before ‘>’ token
[21.676s]   142 |                         message_filters::msg::Subscriber<sensor_msgs::msg::LaserScan> sub_laser(nh_, sub_laser_topic_, 1);
[21.676s]       |                                                                                     ^
[21.694s] /home/neha/ros2_ws/src/semnav_migration/src/navigation.cpp:666:22: error: ‘TransformListener’ in namespace ‘tf2’ does not name a type
[21.694s]   666 |                 tf2::TransformListener listener_;
[21.694s]       |                      ^~~~~~~~~~~~~~~~~
[21.696s] /home/neha/ros2_ws/src/semnav_migration/src/navigation.cpp: In constructor ‘NavigationNode::NavigationNode()’:
[21.696s] /home/neha/ros2_ws/src/semnav_migration/src/navigation.cpp:47:63: error: no matching function for call to ‘rclcpp::Node::Node()’
[21.696s]    47 |         NavigationNode() : Node(std::string("navigation_node")) {
[21.697s]       |                                                               ^
[21.697s] In file included from /opt/ros/jazzy/include/rclcpp/rclcpp/executors/single_threaded_executor.hpp:28,
[21.697s]                  from /opt/ros/jazzy/include/rclcpp/rclcpp/executors.hpp:22,
[21.697s]                  from /opt/ros/jazzy/include/rclcpp/rclcpp/rclcpp.hpp:172,
[21.697s]                  from /home/neha/ros2_ws/src/semnav_migration/include/reactive_planner_lib.h:32,
[21.697s]                  from /home/neha/ros2_ws/src/semnav_migration/src/navigation.cpp:25:
[21.697s] /opt/ros/jazzy/include/rclcpp/rclcpp/node.hpp:1629:3: note: candidate: ‘rclcpp::Node::Node(const rclcpp::Node&, const std::string&)’
[21.698s]  1629 |   Node(
[21.698s]       |   ^~~~
[21.698s] /opt/ros/jazzy/include/rclcpp/rclcpp/node.hpp:1629:3: note:   candidate expects 2 arguments, 0 provided
[21.701s] /opt/ros/jazzy/include/rclcpp/rclcpp/node.hpp:103:12: note: candidate: ‘rclcpp::Node::Node(const std::string&, const std::string&, const rclcpp::NodeOptions&)’
[21.701s]   103 |   explicit Node(
[21.701s]       |            ^~~~
[21.701s] /opt/ros/jazzy/include/rclcpp/rclcpp/node.hpp:103:12: note:   candidate expects 3 arguments, 0 provided
[21.702s] /opt/ros/jazzy/include/rclcpp/rclcpp/node.hpp:91:12: note: candidate: ‘rclcpp::Node::Node(const std::string&, const rclcpp::NodeOptions&)’
[21.702s]    91 |   explicit Node(
[21.702s]       |            ^~~~
[21.702s] /opt/ros/jazzy/include/rclcpp/rclcpp/node.hpp:91:12: note:   candidate expects 2 arguments, 0 provided
[21.734s] /home/neha/ros2_ws/src/semnav_migration/src/navigation_semantic.cpp:142:87: error: ‘sub_laser’ was not declared in this scope
[21.734s]   142 |                         message_filters::msg::Subscriber<sensor_msgs::msg::LaserScan> sub_laser(nh_, sub_laser_topic_, 1);
[21.734s]       |                                                                                       ^~~~~~~~~
[21.735s] /home/neha/ros2_ws/src/semnav_migration/src/navigation_semantic.cpp:143:30: error: ‘message_filters::msg’ has not been declared
[21.735s]   143 |             message_filters::msg::Subscriber<nav_msgs::msg::Odometry> sub_robot(nh_, sub_robot_topic_, 1);
[21.735s]       |                              ^~~
[21.735s] /home/neha/ros2_ws/src/semnav_migration/src/navigation_semantic.cpp:143:69: error: expected primary-expression before ‘>’ token
[21.735s]   143 |             message_filters::msg::Subscriber<nav_msgs::msg::Odometry> sub_robot(nh_, sub_robot_topic_, 1);
[21.735s]       |                                                                     ^
[21.780s] /home/neha/ros2_ws/src/semnav_migration/src/navigation_semantic.cpp:143:71: error: ‘sub_robot’ was not declared in this scope
[21.780s]   143 |             message_filters::msg::Subscriber<nav_msgs::msg::Odometry> sub_robot(nh_, sub_robot_topic_, 1);
[21.780s]       |                                                                       ^~~~~~~~~
[21.810s] /home/neha/ros2_ws/src/semnav_migration/src/navigation.cpp:139:13: error: ‘pub_behaviorID_’ was not declared in this scope; did you mean ‘pub_behaviorID_topic_’?
[21.810s]   139 |             pub_behaviorID_ = this->create_publisher<std_msgs::msg::UInt32>("pub_behaviorID_topic_", 1);
[21.810s]       |             ^~~~~~~~~~~~~~~
[21.810s]       |             pub_behaviorID_topic_
[21.814s] /home/neha/ros2_ws/src/semnav_migration/src/navigation.cpp:139:69: error: ‘UInt32’ is not a member of ‘std_msgs::msg’
[21.814s]   139 |             pub_behaviorID_ = this->create_publisher<std_msgs::msg::UInt32>("pub_behaviorID_topic_", 1);
[21.814s]       |                                                                     ^~~~~~
[21.817s] /home/neha/ros2_ws/src/semnav_migration/src/navigation.cpp:139:76: error: no matching function for call to ‘NavigationNode::create_publisher<<expression error> >(const char [22], int)’
[21.817s]   139 |             pub_behaviorID_ = this->create_publisher<std_msgs::msg::UInt32>("pub_behaviorID_topic_", 1);
[21.817s]       |                               ~~~~~~~~~~~~~~~~~~~~~~~~~~~~~~~~~~~~~~~~~~~~~^~~~~~~~~~~~~~~~~~~~~~~~~~~~
[21.818s] /opt/ros/jazzy/include/rclcpp/rclcpp/node.hpp:197:3: note: candidate: ‘template<class MessageT, class AllocatorT, class PublisherT> std::shared_ptr<PublisherT> rclcpp::Node::create_publisher(const std::string&, const rclcpp::QoS&, const rclcpp::PublisherOptionsWithAllocator<AllocatorT>&)’
[21.818s]   197 |   create_publisher(
[21.818s]       |   ^~~~~~~~~~~~~~~~
[21.818s] /opt/ros/jazzy/include/rclcpp/rclcpp/node.hpp:197:3: note:   template argument deduction/substitution failed:
[21.818s] /home/neha/ros2_ws/src/semnav_migration/src/navigation.cpp:139:76: error: template argument 1 is invalid
[21.818s]   139 |             pub_behaviorID_ = this->create_publisher<std_msgs::msg::UInt32>("pub_behaviorID_topic_", 1);
[21.818s]       |                               ~~~~~~~~~~~~~~~~~~~~~~~~~~~~~~~~~~~~~~~~~~~~~^~~~~~~~~~~~~~~~~~~~~~~~~~~~
[21.915s] /home/neha/ros2_ws/src/semnav_migration/src/navigation_semantic.cpp:148:55: error: ‘bind’ is not a member of ‘boost’; did you mean ‘find’?
[21.915s]   148 |                         sync->registerCallback(boost::bind(&SemanticNavigationNode::control_callback, this, _1, _2));
[21.916s]       |                                                       ^~~~
[21.916s]       |                                                       find
[21.916s] /home/neha/ros2_ws/src/semnav_migration/src/navigation.cpp:140:13: error: ‘pub_behaviorMode_’ was not declared in this scope; did you mean ‘pub_behaviorMode_topic_’?
[21.916s]   140 |             pub_behaviorMode_ = this->create_publisher<std_msgs::msg::UInt32>("pub_behaviorMode_topic_", 1);
[21.916s]       |             ^~~~~~~~~~~~~~~~~
[21.916s]       |             pub_behaviorMode_topic_
[21.918s] /home/neha/ros2_ws/src/semnav_migration/src/navigation.cpp:140:71: error: ‘UInt32’ is not a member of ‘std_msgs::msg’
[21.918s]   140 |             pub_behaviorMode_ = this->create_publisher<std_msgs::msg::UInt32>("pub_behaviorMode_topic_", 1);
[21.918s]       |                                                                       ^~~~~~
[21.918s] /home/neha/ros2_ws/src/semnav_migration/src/navigation.cpp:140:78: error: no matching function for call to ‘NavigationNode::create_publisher<<expression error> >(const char [24], int)’
[21.918s]   140 |             pub_behaviorMode_ = this->create_publisher<std_msgs::msg::UInt32>("pub_behaviorMode_topic_", 1);
[21.918s]       |                                 ~~~~~~~~~~~~~~~~~~~~~~~~~~~~~~~~~~~~~~~~~~~~~^~~~~~~~~~~~~~~~~~~~~~~~~~~~~~
[21.918s] /opt/ros/jazzy/include/rclcpp/rclcpp/node.hpp:197:3: note: candidate: ‘template<class MessageT, class AllocatorT, class PublisherT> std::shared_ptr<PublisherT> rclcpp::Node::create_publisher(const std::string&, const rclcpp::QoS&, const rclcpp::PublisherOptionsWithAllocator<AllocatorT>&)’
[21.919s]   197 |   create_publisher(
[21.919s]       |   ^~~~~~~~~~~~~~~~
[21.919s] /opt/ros/jazzy/include/rclcpp/rclcpp/node.hpp:197:3: note:   template argument deduction/substitution failed:
[21.919s] /home/neha/ros2_ws/src/semnav_migration/src/navigation.cpp:140:78: error: template argument 1 is invalid
[21.919s]   140 |             pub_behaviorMode_ = this->create_publisher<std_msgs::msg::UInt32>("pub_behaviorMode_topic_", 1);
[21.919s]       |                                 ~~~~~~~~~~~~~~~~~~~~~~~~~~~~~~~~~~~~~~~~~~~~~^~~~~~~~~~~~~~~~~~~~~~~~~~~~~~
[21.922s] /home/neha/ros2_ws/src/semnav_migration/src/navigation_semantic.cpp:148:109: error: ‘_1’ was not declared in this scope
[21.922s]   148 |                         sync->registerCallback(boost::bind(&SemanticNavigationNode::control_callback, this, _1, _2));
[21.923s]       |                                                                                                             ^~
[21.923s] /home/neha/ros2_ws/src/semnav_migration/src/navigation_semantic.cpp:148:109: note: suggested alternatives:
[21.923s] In file included from /usr/include/boost/mpl/aux_/include_preprocessed.hpp:37,
[21.923s]                  from /usr/include/boost/mpl/placeholders.hpp:43,
[21.923s]                  from /usr/include/boost/iterator/iterator_categories.hpp:16,
[21.923s]                  from /usr/include/boost/iterator/iterator_facade.hpp:13,
[21.923s]                  from /usr/include/boost/range/iterator_range_core.hpp:27,
[21.924s]                  from /usr/include/boost/lexical_cast.hpp:48,
[21.924s]                  from /usr/include/boost/multiprecision/detail/number_base.hpp:29,
[21.924s]                  from /usr/include/boost/multiprecision/traits/is_variable_precision.hpp:9,
[21.927s]                  from /usr/include/boost/multiprecision/detail/precision.hpp:9,
[21.927s]                  from /usr/include/boost/multiprecision/number.hpp:11,
[21.927s]                  from /usr/include/boost/multiprecision/cpp_int.hpp:19,
[21.927s]                  from /usr/include/boost/multiprecision/cpp_bin_float.hpp:15,
[21.928s]                  from /usr/include/boost/geometry/core/coordinate_promotion.hpp:16,
[21.928s]                  from /usr/include/boost/geometry/core/radian_access.hpp:30,
[21.928s]                  from /usr/include/boost/geometry/geometry.hpp:50,
[21.928s]                  from /usr/include/boost/geometry.hpp:17,
[21.928s]                  from /home/neha/ros2_ws/src/semnav_migration/include/reactive_planner_lib.h:26:
[21.928s] /usr/include/boost/mpl/aux_/preprocessed/gcc/placeholders.hpp:29:16: note:   ‘mpl_::_1’
[21.928s]    29 | typedef arg<1> _1;
[21.928s]       |                ^~
[21.929s] In file included from /usr/include/boost/numeric/conversion/converter_policies.hpp:13,
[21.929s]                  from /usr/include/boost/numeric/conversion/converter.hpp:14,
[21.931s]                  from /usr/include/boost/numeric/conversion/cast.hpp:33,
[21.932s]                  from /usr/include/boost/geometry/core/radian_access.hpp:26:
[21.932s] /usr/include/c++/13/functional:294:48: note:   ‘std::placeholders::_1’
[21.932s]   294 |     _GLIBCXX_PLACEHOLDER const _Placeholder<1> _1;
[21.932s]       |                                                ^~
[21.932s] /usr/include/boost/mpl/aux_/preprocessed/gcc/placeholders.hpp:29:16: note:   ‘mpl_::_1’
[21.932s]    29 | typedef arg<1> _1;
[21.932s]       |                ^~
[21.932s] In file included from /usr/include/boost/describe/members.hpp:20,
[21.933s]                  from /usr/include/boost/container_hash/is_described_class.hpp:11,
[21.933s]                  from /usr/include/boost/container_hash/hash.hpp:18,
[21.935s]                  from /usr/include/boost/functional/hash.hpp:6,
[21.935s]                  from /usr/include/CGAL/Kernel/hash_functions.h:16,
[21.935s]                  from /usr/include/CGAL/Kernel/global_functions.h:25,
[21.935s]                  from /usr/include/CGAL/Cartesian/Cartesian_base.h:22,
[21.935s]                  from /usr/include/CGAL/Simple_cartesian.h:20,
[21.936s]                  from /usr/include/CGAL/Exact_predicates_inexact_constructions_kernel.h:20,
[21.936s]                  from /home/neha/ros2_ws/src/semnav_migration/include/polygeom_lib.h:32,
[21.936s]                  from /home/neha/ros2_ws/src/semnav_migration/include/reactive_planner_lib.h:51:
[21.936s] /usr/include/boost/mp11/bind.hpp:45:7: note:   ‘boost::mp11::_1’
[21.936s]    45 | using _1 = mp_arg<0>;
[21.936s]       |       ^~
[21.936s] /usr/include/boost/mpl/aux_/preprocessed/gcc/placeholders.hpp:29:16: note:   ‘mpl_::_1’
[21.936s]    29 | typedef arg<1> _1;
[21.936s]       |                ^~
[21.937s] /home/neha/ros2_ws/src/semnav_migration/src/navigation_semantic.cpp:148:113: error: ‘_2’ was not declared in this scope
[21.937s]   148 |                         sync->registerCallback(boost::bind(&SemanticNavigationNode::control_callback, this, _1, _2));
[21.938s]       |                                                                                                                 ^~
[21.938s] /home/neha/ros2_ws/src/semnav_migration/src/navigation_semantic.cpp:148:113: note: suggested alternatives:
[21.939s] /usr/include/boost/mpl/aux_/preprocessed/gcc/placeholders.hpp:42:16: note:   ‘mpl_::_2’
[21.939s]    42 | typedef arg<2> _2;
[21.939s]       |                ^~
[21.939s] /usr/include/c++/13/functional:295:48: note:   ‘std::placeholders::_2’
[21.939s]   295 |     _GLIBCXX_PLACEHOLDER const _Placeholder<2> _2;
[21.939s]       |                                                ^~
[21.939s] /usr/include/boost/mpl/aux_/preprocessed/gcc/placeholders.hpp:42:16: note:   ‘mpl_::_2’
[21.939s]    42 | typedef arg<2> _2;
[21.940s]       |                ^~
[21.940s] /usr/include/boost/mp11/bind.hpp:46:7: note:   ‘boost::mp11::_2’
[21.943s]    46 | using _2 = mp_arg<1>;
[21.943s]       |       ^~
[21.943s] /usr/include/boost/mpl/aux_/preprocessed/gcc/placeholders.hpp:42:16: note:   ‘mpl_::_2’
[21.943s]    42 | typedef arg<2> _2;
[21.944s]       |                ^~
[21.944s] /home/neha/ros2_ws/src/semnav_migration/src/navigation_semantic.cpp:150:33: error: ‘Subscriber’ is not a member of ‘rclcpp’; did you mean ‘message_filters::Subscriber’?
[21.944s]   150 |                         rclcpp::Subscriber sub_semantic = this->create_subscriber("sub_semantic_topic_", 1);
[21.944s]       |                                 ^~~~~~~~~~
[21.945s] In file included from /home/neha/ros2_ws/src/semnav_migration/include/reactive_planner_lib.h:43:
[21.945s] /opt/ros/jazzy/include/message_filters/message_filters/subscriber.h:165:7: note: ‘message_filters::Subscriber’ declared here
[21.945s]   165 | class Subscriber
[21.945s]       |       ^~~~~~~~~~
[21.945s] /home/neha/ros2_ws/src/semnav_migration/src/navigation_semantic.cpp:154:45: error: no matching function for call to ‘rclcpp::Duration::Duration(double)’
[21.945s]   154 |                         rclcpp::Duration(5.0).sleep();
[21.945s]       |                                             ^
[21.946s] In file included from /opt/ros/jazzy/include/rclcpp/rclcpp/time.hpp:24,
[21.946s]                  from /opt/ros/jazzy/include/rclcpp/rclcpp/clock.hpp:24,
[21.946s]                  from /opt/ros/jazzy/include/rclcpp/rclcpp/client.hpp:38,
[21.946s]                  from /opt/ros/jazzy/include/rclcpp/rclcpp/callback_group.hpp:24,
[21.946s]                  from /opt/ros/jazzy/include/rclcpp/rclcpp/any_executable.hpp:20,
[21.946s]                  from /opt/ros/jazzy/include/rclcpp/rclcpp/memory_strategy.hpp:25,
[21.946s]                  from /opt/ros/jazzy/include/rclcpp/rclcpp/memory_strategies.hpp:18,
[21.946s]                  from /opt/ros/jazzy/include/rclcpp/rclcpp/executor_options.hpp:22,
[21.947s]                  from /opt/ros/jazzy/include/rclcpp/rclcpp/executor.hpp:38,
[21.947s]                  from /opt/ros/jazzy/include/rclcpp/rclcpp/executors/multi_threaded_executor.hpp:25,
[21.949s]                  from /opt/ros/jazzy/include/rclcpp/rclcpp/executors.hpp:21:
[21.949s] /opt/ros/jazzy/include/rclcpp/rclcpp/duration.hpp:49:3: note: candidate: ‘template<class Rep, class Period> rclcpp::Duration::Duration(const std::chrono::duration<_Rep1, _Period1>&)’
[21.949s]    49 |   Duration(const std::chrono::duration<Rep, Period> & duration)  // NOLINT(runtime/explicit)
[21.949s]       |   ^~~~~~~~
[21.950s] /opt/ros/jazzy/include/rclcpp/rclcpp/duration.hpp:49:3: note:   template argument deduction/substitution failed:
[21.950s] /home/neha/ros2_ws/src/semnav_migration/src/navigation_semantic.cpp:154:45: note:   mismatched types ‘const std::chrono::duration<_Rep1, _Period1>’ and ‘double’
[21.950s]   154 |                         rclcpp::Duration(5.0).sleep();
[21.950s]       |                                             ^
[21.950s] /opt/ros/jazzy/include/rclcpp/rclcpp/duration.hpp:159:3: note: candidate: ‘rclcpp::Duration::Duration()’
[21.950s]   159 |   Duration() = default;
[21.950s]       |   ^~~~~~~~
[21.950s] /opt/ros/jazzy/include/rclcpp/rclcpp/duration.hpp:159:3: note:   candidate expects 0 arguments, 1 provided
[21.951s] /opt/ros/jazzy/include/rclcpp/rclcpp/duration.hpp:62:3: note: candidate: ‘rclcpp::Duration::Duration(const rclcpp::Duration&)’
[21.951s]    62 |   Duration(const Duration & rhs);
[21.953s]       |   ^~~~~~~~
[21.953s] /opt/ros/jazzy/include/rclcpp/rclcpp/duration.hpp:62:29: note:   no known conversion for argument 1 from ‘double’ to ‘const rclcpp::Duration&’
[21.953s]    62 |   Duration(const Duration & rhs);
[21.953s]       |            ~~~~~~~~~~~~~~~~~^~~
[21.953s] /opt/ros/jazzy/include/rclcpp/rclcpp/duration.hpp:60:12: note: candidate: ‘rclcpp::Duration::Duration(const rcl_duration_t&)’
[21.954s]    60 |   explicit Duration(const rcl_duration_t & duration);
[21.954s]       |            ^~~~~~~~
[21.956s] /opt/ros/jazzy/include/rclcpp/rclcpp/duration.hpp:60:44: note:   no known conversion for argument 1 from ‘double’ to ‘const rcl_duration_t&’ {aka ‘const rcl_duration_s&’}
[21.956s]    60 |   explicit Duration(const rcl_duration_t & duration);
[21.956s]       |                     ~~~~~~~~~~~~~~~~~~~~~~~^~~~~~~~
[21.956s] /opt/ros/jazzy/include/rclcpp/rclcpp/duration.hpp:54:3: note: candidate: ‘rclcpp::Duration::Duration(const builtin_interfaces::msg::Duration&)’
[21.957s]    54 |   Duration(const builtin_interfaces::msg::Duration & duration_msg);  // NOLINT(runtime/explicit)
[21.957s]       |   ^~~~~~~~
[21.957s] /opt/ros/jazzy/include/rclcpp/rclcpp/duration.hpp:54:54: note:   no known conversion for argument 1 from ‘double’ to ‘const builtin_interfaces::msg::Duration&’ {aka ‘const builtin_interfaces::msg::Duration_<std::allocator<void> >&’}
[21.957s]    54 |   Duration(const builtin_interfaces::msg::Duration & duration_msg);  // NOLINT(runtime/explicit)
[21.957s]       |            ~~~~~~~~~~~~~~~~~~~~~~~~~~~~~~~~~~~~~~~~~~^~~~~~~~~~~~
[21.957s] /opt/ros/jazzy/include/rclcpp/rclcpp/duration.hpp:43:12: note: candidate: ‘rclcpp::Duration::Duration(std::chrono::nanoseconds)’
[21.957s]    43 |   explicit Duration(std::chrono::nanoseconds nanoseconds);
[21.957s]       |            ^~~~~~~~
[21.958s] /opt/ros/jazzy/include/rclcpp/rclcpp/duration.hpp:43:46: note:   no known conversion for argument 1 from ‘double’ to ‘std::chrono::nanoseconds’ {aka ‘std::chrono::duration<long int, std::ratio<1, 1000000000> >’}
[21.958s]    43 |   explicit Duration(std::chrono::nanoseconds nanoseconds);
[21.958s]       |                     ~~~~~~~~~~~~~~~~~~~~~~~~~^~~~~~~~~~~
[21.958s] /opt/ros/jazzy/include/rclcpp/rclcpp/duration.hpp:40:3: note: candidate: ‘rclcpp::Duration::Duration(int32_t, uint32_t)’
[21.958s]    40 |   Duration(int32_t seconds, uint32_t nanoseconds);
[21.958s]       |   ^~~~~~~~
[21.958s] /opt/ros/jazzy/include/rclcpp/rclcpp/duration.hpp:40:3: note:   candidate expects 2 arguments, 1 provided
[21.958s] /home/neha/ros2_ws/src/semnav_migration/src/navigation_semantic.cpp:161:25: error: ‘ros’ has not been declared
[21.959s]   161 |                         ros::spin();
[21.959s]       |                         ^~~
[21.962s] /home/neha/ros2_ws/src/semnav_migration/src/navigation_semantic.cpp: In member function ‘void SemanticNavigationNode::publish_behavior_id(uint16_t)’:
[21.962s] /home/neha/ros2_ws/src/semnav_migration/src/navigation_semantic.cpp:173:32: error: ‘UInt32’ is not a member of ‘std_msgs::msg’
[21.962s]   173 |                 std_msgs::msg::UInt32 commandId;
[21.963s]       |                                ^~~~~~
[21.971s] /home/neha/ros2_ws/src/semnav_migration/src/navigation.cpp:141:13: error: ‘pub_twist_’ was not declared in this scope; did you mean ‘publish_twist’?
[21.971s]   141 |             pub_twist_ = this->create_publisher<std_msgs::msg::UInt32>("pub_twist_topic_", 1);
[21.971s]       |             ^~~~~~~~~~
[21.971s]       |             publish_twist
[21.974s] /home/neha/ros2_ws/src/semnav_migration/src/navigation.cpp:141:64: error: ‘UInt32’ is not a member of ‘std_msgs::msg’
[21.974s]   141 |             pub_twist_ = this->create_publisher<std_msgs::msg::UInt32>("pub_twist_topic_", 1);
[21.974s]       |                                                                ^~~~~~
[21.974s] /home/neha/ros2_ws/src/semnav_migration/src/navigation.cpp:141:71: error: no matching function for call to ‘NavigationNode::create_publisher<<expression error> >(const char [17], int)’
[21.974s]   141 |             pub_twist_ = this->create_publisher<std_msgs::msg::UInt32>("pub_twist_topic_", 1);
[21.975s]       |                          ~~~~~~~~~~~~~~~~~~~~~~~~~~~~~~~~~~~~~~~~~~~~~^~~~~~~~~~~~~~~~~~~~~~~
[21.975s] /opt/ros/jazzy/include/rclcpp/rclcpp/node.hpp:197:3: note: candidate: ‘template<class MessageT, class AllocatorT, class PublisherT> std::shared_ptr<PublisherT> rclcpp::Node::create_publisher(const std::string&, const rclcpp::QoS&, const rclcpp::PublisherOptionsWithAllocator<AllocatorT>&)’
[21.975s]   197 |   create_publisher(
[21.975s]       |   ^~~~~~~~~~~~~~~~
[21.975s] /opt/ros/jazzy/include/rclcpp/rclcpp/node.hpp:197:3: note:   template argument deduction/substitution failed:
[21.975s] /home/neha/ros2_ws/src/semnav_migration/src/navigation.cpp:141:71: error: template argument 1 is invalid
[21.975s]   141 |             pub_twist_ = this->create_publisher<std_msgs::msg::UInt32>("pub_twist_topic_", 1);
[21.975s]       |                          ~~~~~~~~~~~~~~~~~~~~~~~~~~~~~~~~~~~~~~~~~~~~~^~~~~~~~~~~~~~~~~~~~~~~
[22.011s] /home/neha/ros2_ws/src/semnav_migration/src/navigation_semantic.cpp:174:25: error: ‘commandId’ was not declared in this scope
[22.011s]   174 |                         commandId.data = BehaviorIdCmd;
[22.011s]       |                         ^~~~~~~~~
[22.012s] /home/neha/ros2_ws/src/semnav_migration/src/navigation_semantic.cpp:175:41: error: request for member ‘publish’ in ‘((SemanticNavigationNode*)this)->SemanticNavigationNode::pub_behaviorID_’, which is of non-class type ‘int’
[22.012s]   175 |                         pub_behaviorID_.publish(commandId);
[22.012s]       |                                         ^~~~~~~
[22.017s] /home/neha/ros2_ws/src/semnav_migration/src/navigation_semantic.cpp: In member function ‘void SemanticNavigationNode::publish_behavior_mode(uint16_t)’:
[22.017s] /home/neha/ros2_ws/src/semnav_migration/src/navigation_semantic.cpp:180:28: error: ‘UInt32’ is not a member of ‘std_msgs::msg’
[22.017s]   180 |             std_msgs::msg::UInt32 commandMode;
[22.017s]       |                            ^~~~~~
[22.044s] /home/neha/ros2_ws/src/semnav_migration/src/navigation.cpp:144:116: error: no matching function for call to ‘message_filters::Subscriber<sensor_msgs::msg::LaserScan_<std::allocator<void> > >::Subscriber(rclcpp::Node&, std::string&, int)’
[22.044s]   144 |                         message_filters::Subscriber<sensor_msgs::msg::LaserScan> sub_laser(nh_, sub_laser_topic_, 1);
[22.044s]       |                                                                                                                    ^
[22.047s] In file included from /home/neha/ros2_ws/src/semnav_migration/include/reactive_planner_lib.h:43:
[22.047s] /opt/ros/jazzy/include/message_filters/message_filters/subscriber.h:224:3: note: candidate: ‘message_filters::Subscriber<M, NodeType>::Subscriber() [with M = sensor_msgs::msg::LaserScan_<std::allocator<void> >; NodeType = rclcpp::Node]’
[22.047s]   224 |   Subscriber() = default;
[22.048s]       |   ^~~~~~~~~~
[22.048s] /opt/ros/jazzy/include/message_filters/message_filters/subscriber.h:224:3: note:   candidate expects 0 arguments, 3 provided
[22.048s] /opt/ros/jazzy/include/message_filters/message_filters/subscriber.h:212:3: note: candidate: ‘message_filters::Subscriber<M, NodeType>::Subscriber(NodeType*, const std::string&, rmw_qos_profile_t, rclcpp::SubscriptionOptions) [with M = sensor_msgs::msg::LaserScan_<std::allocator<void> >; NodeType = rclcpp::Node; std::string = std::__cxx11::basic_string<char>; rmw_qos_profile_t = rmw_qos_profile_s; rclcpp::SubscriptionOptions = rclcpp::SubscriptionOptionsWithAllocator<std::allocator<void> >]’
[22.048s]   212 |   Subscriber(
[22.048s]       |   ^~~~~~~~~~
[22.048s] /opt/ros/jazzy/include/message_filters/message_filters/subscriber.h:212:3: note:   candidate expects 4 arguments, 3 provided
[22.048s] /opt/ros/jazzy/include/message_filters/message_filters/subscriber.h:203:3: note: candidate: ‘message_filters::Subscriber<M, NodeType>::Subscriber(NodePtr, const std::string&, rmw_qos_profile_t, rclcpp::SubscriptionOptions) [with M = sensor_msgs::msg::LaserScan_<std::allocator<void> >; NodeType = rclcpp::Node; NodePtr = std::shared_ptr<rclcpp::Node>; std::string = std::__cxx11::basic_string<char>; rmw_qos_profile_t = rmw_qos_profile_s; rclcpp::SubscriptionOptions = rclcpp::SubscriptionOptionsWithAllocator<std::allocator<void> >]’
[22.048s]   203 |   Subscriber(
[22.049s]       |   ^~~~~~~~~~
[22.049s] /opt/ros/jazzy/include/message_filters/message_filters/subscriber.h:203:3: note:   candidate expects 4 arguments, 3 provided
[22.049s] /opt/ros/jazzy/include/message_filters/message_filters/subscriber.h:188:3: note: candidate: ‘message_filters::Subscriber<M, NodeType>::Subscriber(NodeType*, const std::string&, rmw_qos_profile_t) [with M = sensor_msgs::msg::LaserScan_<std::allocator<void> >; NodeType = rclcpp::Node; std::string = std::__cxx11::basic_string<char>; rmw_qos_profile_t = rmw_qos_profile_s]’
[22.049s]   188 |   Subscriber(NodeType * node, const std::string& topic, const rmw_qos_profile_t qos = rmw_qos_profile_default)
[22.049s]       |   ^~~~~~~~~~
[22.049s] /opt/ros/jazzy/include/message_filters/message_filters/subscriber.h:188:25: note:   no known conversion for argument 1 from ‘rclcpp::Node’ to ‘rclcpp::Node*’
[22.049s]   188 |   Subscriber(NodeType * node, const std::string& topic, const rmw_qos_profile_t qos = rmw_qos_profile_default)
[22.049s]       |              ~~~~~~~~~~~^~~~
[22.050s] /opt/ros/jazzy/include/message_filters/message_filters/subscriber.h:183:3: note: candidate: ‘message_filters::Subscriber<M, NodeType>::Subscriber(NodePtr, const std::string&, rmw_qos_profile_t) [with M = sensor_msgs::msg::LaserScan_<std::allocator<void> >; NodeType = rclcpp::Node; NodePtr = std::shared_ptr<rclcpp::Node>; std::string = std::__cxx11::basic_string<char>; rmw_qos_profile_t = rmw_qos_profile_s]’
[22.050s]   183 |   Subscriber(NodePtr node, const std::string& topic, const rmw_qos_profile_t qos = rmw_qos_profile_default)
[22.050s]       |   ^~~~~~~~~~
[22.050s] /opt/ros/jazzy/include/message_filters/message_filters/subscriber.h:183:22: note:   no known conversion for argument 1 from ‘rclcpp::Node’ to ‘message_filters::Subscriber<sensor_msgs::msg::LaserScan_<std::allocator<void> > >::NodePtr’ {aka ‘std::shared_ptr<rclcpp::Node>’}
[22.050s]   183 |   Subscriber(NodePtr node, const std::string& topic, const rmw_qos_profile_t qos = rmw_qos_profile_default)
[22.050s]       |              ~~~~~~~~^~~~
[22.083s] /home/neha/ros2_ws/src/semnav_migration/src/navigation_semantic.cpp:181:25: error: ‘commandMode’ was not declared in this scope
[22.083s]   181 |                         commandMode.data = BehaviorModeCmd;
[22.083s]       |                         ^~~~~~~~~~~
[22.113s] /home/neha/ros2_ws/src/semnav_migration/src/navigation.cpp:145:112: error: no matching function for call to ‘message_filters::Subscriber<nav_msgs::msg::Odometry_<std::allocator<void> > >::Subscriber(rclcpp::Node&, std::string&, int)’
[22.113s]   145 |                         message_filters::Subscriber<nav_msgs::msg::Odometry> sub_robot(nh_, sub_robot_topic_, 1);
[22.113s]       |                                                                                                                ^
[22.113s] /opt/ros/jazzy/include/message_filters/message_filters/subscriber.h:224:3: note: candidate: ‘message_filters::Subscriber<M, NodeType>::Subscriber() [with M = nav_msgs::msg::Odometry_<std::allocator<void> >; NodeType = rclcpp::Node]’
[22.113s]   224 |   Subscriber() = default;
[22.113s]       |   ^~~~~~~~~~
[22.114s] /opt/ros/jazzy/include/message_filters/message_filters/subscriber.h:224:3: note:   candidate expects 0 arguments, 3 provided
[22.114s] /opt/ros/jazzy/include/message_filters/message_filters/subscriber.h:212:3: note: candidate: ‘message_filters::Subscriber<M, NodeType>::Subscriber(NodeType*, const std::string&, rmw_qos_profile_t, rclcpp::SubscriptionOptions) [with M = nav_msgs::msg::Odometry_<std::allocator<void> >; NodeType = rclcpp::Node; std::string = std::__cxx11::basic_string<char>; rmw_qos_profile_t = rmw_qos_profile_s; rclcpp::SubscriptionOptions = rclcpp::SubscriptionOptionsWithAllocator<std::allocator<void> >]’
[22.114s]   212 |   Subscriber(
[22.114s]       |   ^~~~~~~~~~
[22.114s] /opt/ros/jazzy/include/message_filters/message_filters/subscriber.h:212:3: note:   candidate expects 4 arguments, 3 provided
[22.114s] /opt/ros/jazzy/include/message_filters/message_filters/subscriber.h:203:3: note: candidate: ‘message_filters::Subscriber<M, NodeType>::Subscriber(NodePtr, const std::string&, rmw_qos_profile_t, rclcpp::SubscriptionOptions) [with M = nav_msgs::msg::Odometry_<std::allocator<void> >; NodeType = rclcpp::Node; NodePtr = std::shared_ptr<rclcpp::Node>; std::string = std::__cxx11::basic_string<char>; rmw_qos_profile_t = rmw_qos_profile_s; rclcpp::SubscriptionOptions = rclcpp::SubscriptionOptionsWithAllocator<std::allocator<void> >]’
[22.114s]   203 |   Subscriber(
[22.115s]       |   ^~~~~~~~~~
[22.115s] /opt/ros/jazzy/include/message_filters/message_filters/subscriber.h:203:3: note:   candidate expects 4 arguments, 3 provided
[22.116s] /opt/ros/jazzy/include/message_filters/message_filters/subscriber.h:188:3: note: candidate: ‘message_filters::Subscriber<M, NodeType>::Subscriber(NodeType*, const std::string&, rmw_qos_profile_t) [with M = nav_msgs::msg::Odometry_<std::allocator<void> >; NodeType = rclcpp::Node; std::string = std::__cxx11::basic_string<char>; rmw_qos_profile_t = rmw_qos_profile_s]’
[22.116s]   188 |   Subscriber(NodeType * node, const std::string& topic, const rmw_qos_profile_t qos = rmw_qos_profile_default)
[22.116s]       |   ^~~~~~~~~~
[22.117s] /opt/ros/jazzy/include/message_filters/message_filters/subscriber.h:188:25: note:   no known conversion for argument 1 from ‘rclcpp::Node’ to ‘rclcpp::Node*’
[22.117s]   188 |   Subscriber(NodeType * node, const std::string& topic, const rmw_qos_profile_t qos = rmw_qos_profile_default)
[22.117s]       |              ~~~~~~~~~~~^~~~
[22.117s] /opt/ros/jazzy/include/message_filters/message_filters/subscriber.h:183:3: note: candidate: ‘message_filters::Subscriber<M, NodeType>::Subscriber(NodePtr, const std::string&, rmw_qos_profile_t) [with M = nav_msgs::msg::Odometry_<std::allocator<void> >; NodeType = rclcpp::Node; NodePtr = std::shared_ptr<rclcpp::Node>; std::string = std::__cxx11::basic_string<char>; rmw_qos_profile_t = rmw_qos_profile_s]’
[22.117s]   183 |   Subscriber(NodePtr node, const std::string& topic, const rmw_qos_profile_t qos = rmw_qos_profile_default)
[22.117s]       |   ^~~~~~~~~~
[22.117s] /opt/ros/jazzy/include/message_filters/message_filters/subscriber.h:183:22: note:   no known conversion for argument 1 from ‘rclcpp::Node’ to ‘message_filters::Subscriber<nav_msgs::msg::Odometry_<std::allocator<void> > >::NodePtr’ {aka ‘std::shared_ptr<rclcpp::Node>’}
[22.118s]   183 |   Subscriber(NodePtr node, const std::string& topic, const rmw_qos_profile_t qos = rmw_qos_profile_default)
[22.118s]       |              ~~~~~~~~^~~~
[22.221s] /home/neha/ros2_ws/src/semnav_migration/src/navigation_semantic.cpp: In member function ‘void SemanticNavigationNode::control_callback(const sensor_msgs::msg::LaserScan_<std::allocator<void> >::ConstPtr&, const nav_msgs::msg::Odometry_<std::allocator<void> >::ConstPtr&)’:
[22.221s] /home/neha/ros2_ws/src/semnav_migration/src/navigation_semantic.cpp:406:33: error: ‘listener_’ was not declared in this scope
[22.221s]   406 |                                 listener_.waitForTransform(world_frame_id_, odom_frame_id_, rclcpp::Time(0), ros::Duration(1.0));
[22.221s]       |                                 ^~~~~~~~~
[22.222s] /home/neha/ros2_ws/src/semnav_migration/src/navigation_semantic.cpp:406:110: error: ‘ros’ has not been declared
[22.222s]   406 |                                 listener_.waitForTransform(world_frame_id_, odom_frame_id_, rclcpp::Time(0), ros::Duration(1.0));
[22.222s]       |                                                                                                              ^~~
[22.224s] In file included from /opt/ros/jazzy/include/rclcpp/rclcpp/copy_all_parameter_values.hpp:27,
[22.224s]                  from /opt/ros/jazzy/include/rclcpp/rclcpp/rclcpp.hpp:171:
[22.224s] /home/neha/ros2_ws/src/semnav_migration/src/navigation_semantic.cpp:409:33: error: static assertion failed: First argument to logging macros must be an rclcpp::Logger
[22.225s]   409 |                                 RCLCPP_ERROR("%s",ex.what());
[22.225s]       |                                 ^~~~~~~~~~~~
[22.225s] In file included from /opt/ros/jazzy/include/rclcpp/rclcpp/logging.hpp:24:
[22.225s] /home/neha/ros2_ws/src/semnav_migration/src/navigation_semantic.cpp:409:33: error: request for member ‘get_name’ in ‘("%s")’, which is of non-class type ‘const char [3]’
[22.225s]   409 |                                 RCLCPP_ERROR("%s",ex.what());
[22.225s]       |                                 ^~~~~~~~~~~~
[22.228s] /home/neha/ros2_ws/src/semnav_migration/src/navigation_semantic.cpp:409:33: error: request for member ‘get_name’ in ‘("%s")’, which is of non-class type ‘const char [3]’
[22.228s]   409 |                                 RCLCPP_ERROR("%s",ex.what());
[22.228s]       |                                 ^~~~~~~~~~~~
[22.229s] /home/neha/ros2_ws/src/semnav_migration/src/navigation_semantic.cpp:434:42: error: could not convert ‘lidar_data’ from ‘shared_ptr<LaserScan_<[...]>>’ to ‘shared_ptr<LaserScan_<[...]>>’
[22.229s]   434 |                         constructLIDAR2D(lidar_data, CutoffRange_, AllowableRange_, RobotPitch_, &LIDAR);
[22.229s]       |                                          ^~~~~~~~~~
[22.230s]       |                                          |
[22.230s]       |                                          shared_ptr<LaserScan_<[...]>>
[22.252s] /home/neha/ros2_ws/src/semnav_migration/src/navigation.cpp:150:55: error: ‘bind’ is not a member of ‘boost’; did you mean ‘find’?
[22.252s]   150 |                         sync->registerCallback(boost::bind(&NavigationNode::control_callback, this, _1, _2));
[22.253s]       |                                                       ^~~~
[22.253s]       |                                                       find
[22.256s] /home/neha/ros2_ws/src/semnav_migration/src/navigation.cpp:150:101: error: ‘_1’ was not declared in this scope
[22.256s]   150 |                         sync->registerCallback(boost::bind(&NavigationNode::control_callback, this, _1, _2));
[22.256s]       |                                                                                                     ^~
[22.256s] /home/neha/ros2_ws/src/semnav_migration/src/navigation.cpp:150:101: note: suggested alternatives:
[22.256s] In file included from /usr/include/boost/mpl/aux_/include_preprocessed.hpp:37,
[22.256s]                  from /usr/include/boost/mpl/placeholders.hpp:43,
[22.257s]                  from /usr/include/boost/iterator/iterator_categories.hpp:16,
[22.257s]                  from /usr/include/boost/iterator/iterator_facade.hpp:13,
[22.257s]                  from /usr/include/boost/range/iterator_range_core.hpp:27,
[22.257s]                  from /usr/include/boost/lexical_cast.hpp:48,
[22.257s]                  from /usr/include/boost/multiprecision/detail/number_base.hpp:29,
[22.257s]                  from /usr/include/boost/multiprecision/traits/is_variable_precision.hpp:9,
[22.257s]                  from /usr/include/boost/multiprecision/detail/precision.hpp:9,
[22.257s]                  from /usr/include/boost/multiprecision/number.hpp:11,
[22.258s]                  from /usr/include/boost/multiprecision/cpp_int.hpp:19,
[22.258s]                  from /usr/include/boost/multiprecision/cpp_bin_float.hpp:15,
[22.262s]                  from /usr/include/boost/geometry/core/coordinate_promotion.hpp:16,
[22.262s]                  from /usr/include/boost/geometry/core/radian_access.hpp:30,
[22.262s]                  from /usr/include/boost/geometry/geometry.hpp:50,
[22.262s]                  from /usr/include/boost/geometry.hpp:17,
[22.263s]                  from /home/neha/ros2_ws/src/semnav_migration/include/reactive_planner_lib.h:26:
[22.263s] /usr/include/boost/mpl/aux_/preprocessed/gcc/placeholders.hpp:29:16: note:   ‘mpl_::_1’
[22.263s]    29 | typedef arg<1> _1;
[22.263s]       |                ^~
[22.265s] In file included from /usr/include/boost/numeric/conversion/converter_policies.hpp:13,
[22.265s]                  from /usr/include/boost/numeric/conversion/converter.hpp:14,
[22.265s]                  from /usr/include/boost/numeric/conversion/cast.hpp:33,
[22.265s]                  from /usr/include/boost/geometry/core/radian_access.hpp:26:
[22.265s] /usr/include/c++/13/functional:294:48: note:   ‘std::placeholders::_1’
[22.265s]   294 |     _GLIBCXX_PLACEHOLDER const _Placeholder<1> _1;
[22.265s]       |                                                ^~
[22.266s] /usr/include/boost/mpl/aux_/preprocessed/gcc/placeholders.hpp:29:16: note:   ‘mpl_::_1’
[22.266s]    29 | typedef arg<1> _1;
[22.266s]       |                ^~
[22.266s] In file included from /usr/include/boost/describe/members.hpp:20,
[22.266s]                  from /usr/include/boost/container_hash/is_described_class.hpp:11,
[22.266s]                  from /usr/include/boost/container_hash/hash.hpp:18,
[22.266s]                  from /usr/include/boost/functional/hash.hpp:6,
[22.266s]                  from /usr/include/CGAL/Kernel/hash_functions.h:16,
[22.267s]                  from /usr/include/CGAL/Kernel/global_functions.h:25,
[22.267s]                  from /usr/include/CGAL/Cartesian/Cartesian_base.h:22,
[22.269s]                  from /usr/include/CGAL/Simple_cartesian.h:20,
[22.269s]                  from /usr/include/CGAL/Exact_predicates_inexact_constructions_kernel.h:20,
[22.269s]                  from /home/neha/ros2_ws/src/semnav_migration/include/polygeom_lib.h:32,
[22.269s]                  from /home/neha/ros2_ws/src/semnav_migration/include/reactive_planner_lib.h:51:
[22.270s] /usr/include/boost/mp11/bind.hpp:45:7: note:   ‘boost::mp11::_1’
[22.270s]    45 | using _1 = mp_arg<0>;
[22.270s]       |       ^~
[22.270s] /usr/include/boost/mpl/aux_/preprocessed/gcc/placeholders.hpp:29:16: note:   ‘mpl_::_1’
[22.270s]    29 | typedef arg<1> _1;
[22.270s]       |                ^~
[22.270s] /home/neha/ros2_ws/src/semnav_migration/src/navigation_semantic.cpp:593:61: error: no matching function for call to ‘rclcpp::Duration::Duration(double)’
[22.270s]   593 |                                         rclcpp::Duration(5.0).sleep();
[22.271s]       |                                                             ^
[22.271s] /opt/ros/jazzy/include/rclcpp/rclcpp/duration.hpp:49:3: note: candidate: ‘template<class Rep, class Period> rclcpp::Duration::Duration(const std::chrono::duration<_Rep1, _Period1>&)’
[22.273s]    49 |   Duration(const std::chrono::duration<Rep, Period> & duration)  // NOLINT(runtime/explicit)
[22.273s]       |   ^~~~~~~~
[22.273s] /opt/ros/jazzy/include/rclcpp/rclcpp/duration.hpp:49:3: note:   template argument deduction/substitution failed:
[22.273s] /home/neha/ros2_ws/src/semnav_migration/src/navigation_semantic.cpp:593:61: note:   mismatched types ‘const std::chrono::duration<_Rep1, _Period1>’ and ‘double’
[22.274s]   593 |                                         rclcpp::Duration(5.0).sleep();
[22.274s]       |                                                             ^
[22.274s] /opt/ros/jazzy/include/rclcpp/rclcpp/duration.hpp:159:3: note: candidate: ‘rclcpp::Duration::Duration()’
[22.274s]   159 |   Duration() = default;
[22.274s]       |   ^~~~~~~~
[22.274s] /opt/ros/jazzy/include/rclcpp/rclcpp/duration.hpp:159:3: note:   candidate expects 0 arguments, 1 provided
[22.274s] /opt/ros/jazzy/include/rclcpp/rclcpp/duration.hpp:62:3: note: candidate: ‘rclcpp::Duration::Duration(const rclcpp::Duration&)’
[22.274s]    62 |   Duration(const Duration & rhs);
[22.275s]       |   ^~~~~~~~
[22.275s] /opt/ros/jazzy/include/rclcpp/rclcpp/duration.hpp:62:29: note:   no known conversion for argument 1 from ‘double’ to ‘const rclcpp::Duration&’
[22.277s]    62 |   Duration(const Duration & rhs);
[22.277s]       |            ~~~~~~~~~~~~~~~~~^~~
[22.277s] /opt/ros/jazzy/include/rclcpp/rclcpp/duration.hpp:60:12: note: candidate: ‘rclcpp::Duration::Duration(const rcl_duration_t&)’
[22.277s]    60 |   explicit Duration(const rcl_duration_t & duration);
[22.278s]       |            ^~~~~~~~
[22.278s] /opt/ros/jazzy/include/rclcpp/rclcpp/duration.hpp:60:44: note:   no known conversion for argument 1 from ‘double’ to ‘const rcl_duration_t&’ {aka ‘const rcl_duration_s&’}
[22.278s]    60 |   explicit Duration(const rcl_duration_t & duration);
[22.278s]       |                     ~~~~~~~~~~~~~~~~~~~~~~~^~~~~~~~
[22.278s] /opt/ros/jazzy/include/rclcpp/rclcpp/duration.hpp:54:3: note: candidate: ‘rclcpp::Duration::Duration(const builtin_interfaces::msg::Duration&)’
[22.278s]    54 |   Duration(const builtin_interfaces::msg::Duration & duration_msg);  // NOLINT(runtime/explicit)
[22.278s]       |   ^~~~~~~~
[22.278s] /opt/ros/jazzy/include/rclcpp/rclcpp/duration.hpp:54:54: note:   no known conversion for argument 1 from ‘double’ to ‘const builtin_interfaces::msg::Duration&’ {aka ‘const builtin_interfaces::msg::Duration_<std::allocator<void> >&’}
[22.279s]    54 |   Duration(const builtin_interfaces::msg::Duration & duration_msg);  // NOLINT(runtime/explicit)
[22.279s]       |            ~~~~~~~~~~~~~~~~~~~~~~~~~~~~~~~~~~~~~~~~~~^~~~~~~~~~~~
[22.281s] /opt/ros/jazzy/include/rclcpp/rclcpp/duration.hpp:43:12: note: candidate: ‘rclcpp::Duration::Duration(std::chrono::nanoseconds)’
[22.281s]    43 |   explicit Duration(std::chrono::nanoseconds nanoseconds);
[22.281s]       |            ^~~~~~~~
[22.281s] /opt/ros/jazzy/include/rclcpp/rclcpp/duration.hpp:43:46: note:   no known conversion for argument 1 from ‘double’ to ‘std::chrono::nanoseconds’ {aka ‘std::chrono::duration<long int, std::ratio<1, 1000000000> >’}
[22.282s]    43 |   explicit Duration(std::chrono::nanoseconds nanoseconds);
[22.282s]       |                     ~~~~~~~~~~~~~~~~~~~~~~~~~^~~~~~~~~~~
[22.282s] /opt/ros/jazzy/include/rclcpp/rclcpp/duration.hpp:40:3: note: candidate: ‘rclcpp::Duration::Duration(int32_t, uint32_t)’
[22.282s]    40 |   Duration(int32_t seconds, uint32_t nanoseconds);
[22.282s]       |   ^~~~~~~~
[22.282s] /opt/ros/jazzy/include/rclcpp/rclcpp/duration.hpp:40:3: note:   candidate expects 2 arguments, 1 provided
[22.282s] /home/neha/ros2_ws/src/semnav_migration/src/navigation.cpp:150:105: error: ‘_2’ was not declared in this scope
[22.282s]   150 |                         sync->registerCallback(boost::bind(&NavigationNode::control_callback, this, _1, _2));
[22.283s]       |                                                                                                         ^~
[22.283s] /home/neha/ros2_ws/src/semnav_migration/src/navigation.cpp:150:105: note: suggested alternatives:
[22.285s] /usr/include/boost/mpl/aux_/preprocessed/gcc/placeholders.hpp:42:16: note:   ‘mpl_::_2’
[22.285s]    42 | typedef arg<2> _2;
[22.285s]       |                ^~
[22.285s] /usr/include/c++/13/functional:295:48: note:   ‘std::placeholders::_2’
[22.286s]   295 |     _GLIBCXX_PLACEHOLDER const _Placeholder<2> _2;
[22.286s]       |                                                ^~
[22.286s] /usr/include/boost/mpl/aux_/preprocessed/gcc/placeholders.hpp:42:16: note:   ‘mpl_::_2’
[22.286s]    42 | typedef arg<2> _2;
[22.286s]       |                ^~
[22.286s] /usr/include/boost/mp11/bind.hpp:46:7: note:   ‘boost::mp11::_2’
[22.286s]    46 | using _2 = mp_arg<1>;
[22.286s]       |       ^~
[22.287s] /usr/include/boost/mpl/aux_/preprocessed/gcc/placeholders.hpp:42:16: note:   ‘mpl_::_2’
[22.287s]    42 | typedef arg<2> _2;
[22.289s]       |                ^~
[22.289s] /home/neha/ros2_ws/src/semnav_migration/src/navigation.cpp:153:20: error: ‘Subscription’ was not declared in this scope
[22.289s]   153 |             rclcpp:Subscription sub_semantic = this->create_subscriber(sub_semantic_topic_, 1);
[22.289s]       |                    ^~~~~~~~~~~~
[22.290s] /home/neha/ros2_ws/src/semnav_migration/src/navigation.cpp:153:20: note: suggested alternatives:
[22.290s] In file included from /opt/ros/jazzy/include/rclcpp/rclcpp/any_executable.hpp:25,
[22.290s]                  from /opt/ros/jazzy/include/rclcpp/rclcpp/memory_strategy.hpp:25,
[22.290s]                  from /opt/ros/jazzy/include/rclcpp/rclcpp/memory_strategies.hpp:18,
[22.290s]                  from /opt/ros/jazzy/include/rclcpp/rclcpp/executor_options.hpp:22,
[22.290s]                  from /opt/ros/jazzy/include/rclcpp/rclcpp/executor.hpp:38,
[22.290s]                  from /opt/ros/jazzy/include/rclcpp/rclcpp/executors/multi_threaded_executor.hpp:25,
[22.290s]                  from /opt/ros/jazzy/include/rclcpp/rclcpp/executors.hpp:21:
[22.291s] /opt/ros/jazzy/include/rclcpp/rclcpp/subscription.hpp:75:7: note:   ‘rclcpp::Subscription’
[22.291s]    75 | class Subscription : public SubscriptionBase
[22.293s]       |       ^~~~~~~~~~~~
[22.293s] In file included from /opt/ros/jazzy/include/rclcpp/rclcpp/client.hpp:45,
[22.293s]                  from /opt/ros/jazzy/include/rclcpp/rclcpp/callback_group.hpp:24,
[22.293s]                  from /opt/ros/jazzy/include/rclcpp/rclcpp/any_executable.hpp:20:
[22.294s] /opt/ros/jazzy/include/rclcpp/rclcpp/node_interfaces/node_graph_interface.hpp:43:3: note:   ‘rclcpp::EndpointType::Subscription’
[22.294s]    43 |   Subscription = RMW_ENDPOINT_SUBSCRIPTION
[22.294s]       |   ^~~~~~~~~~~~
[22.294s] /home/neha/ros2_ws/src/semnav_migration/src/navigation.cpp:157:45: error: no matching function for call to ‘rclcpp::Duration::Duration(double)’
[22.294s]   157 |                         rclcpp::Duration(5.0).sleep();
[22.294s]       |                                             ^
[22.294s] In file included from /opt/ros/jazzy/include/rclcpp/rclcpp/time.hpp:24,
[22.295s]                  from /opt/ros/jazzy/include/rclcpp/rclcpp/clock.hpp:24,
[22.295s]                  from /opt/ros/jazzy/include/rclcpp/rclcpp/client.hpp:38:
[22.295s] /opt/ros/jazzy/include/rclcpp/rclcpp/duration.hpp:49:3: note: candidate: ‘template<class Rep, class Period> rclcpp::Duration::Duration(const std::chrono::duration<_Rep1, _Period1>&)’
[22.299s]    49 |   Duration(const std::chrono::duration<Rep, Period> & duration)  // NOLINT(runtime/explicit)
[22.299s]       |   ^~~~~~~~
[22.299s] /opt/ros/jazzy/include/rclcpp/rclcpp/duration.hpp:49:3: note:   template argument deduction/substitution failed:
[22.300s] /home/neha/ros2_ws/src/semnav_migration/src/navigation.cpp:157:45: note:   mismatched types ‘const std::chrono::duration<_Rep1, _Period1>’ and ‘double’
[22.300s]   157 |                         rclcpp::Duration(5.0).sleep();
[22.300s]       |                                             ^
[22.300s] /opt/ros/jazzy/include/rclcpp/rclcpp/duration.hpp:159:3: note: candidate: ‘rclcpp::Duration::Duration()’
[22.300s]   159 |   Duration() = default;
[22.300s]       |   ^~~~~~~~
[22.300s] /opt/ros/jazzy/include/rclcpp/rclcpp/duration.hpp:159:3: note:   candidate expects 0 arguments, 1 provided
[22.300s] /opt/ros/jazzy/include/rclcpp/rclcpp/duration.hpp:62:3: note: candidate: ‘rclcpp::Duration::Duration(const rclcpp::Duration&)’
[22.301s]    62 |   Duration(const Duration & rhs);
[22.301s]       |   ^~~~~~~~
[22.303s] /opt/ros/jazzy/include/rclcpp/rclcpp/duration.hpp:62:29: note:   no known conversion for argument 1 from ‘double’ to ‘const rclcpp::Duration&’
[22.303s]    62 |   Duration(const Duration & rhs);
[22.303s]       |            ~~~~~~~~~~~~~~~~~^~~
[22.304s] /opt/ros/jazzy/include/rclcpp/rclcpp/duration.hpp:60:12: note: candidate: ‘rclcpp::Duration::Duration(const rcl_duration_t&)’
[22.304s]    60 |   explicit Duration(const rcl_duration_t & duration);
[22.304s]       |            ^~~~~~~~
[22.304s] /opt/ros/jazzy/include/rclcpp/rclcpp/duration.hpp:60:44: note:   no known conversion for argument 1 from ‘double’ to ‘const rcl_duration_t&’ {aka ‘const rcl_duration_s&’}
[22.304s]    60 |   explicit Duration(const rcl_duration_t & duration);
[22.304s]       |                     ~~~~~~~~~~~~~~~~~~~~~~~^~~~~~~~
[22.305s] /opt/ros/jazzy/include/rclcpp/rclcpp/duration.hpp:54:3: note: candidate: ‘rclcpp::Duration::Duration(const builtin_interfaces::msg::Duration&)’
[22.305s]    54 |   Duration(const builtin_interfaces::msg::Duration & duration_msg);  // NOLINT(runtime/explicit)
[22.305s]       |   ^~~~~~~~
[22.305s] /opt/ros/jazzy/include/rclcpp/rclcpp/duration.hpp:54:54: note:   no known conversion for argument 1 from ‘double’ to ‘const builtin_interfaces::msg::Duration&’ {aka ‘const builtin_interfaces::msg::Duration_<std::allocator<void> >&’}
[22.305s]    54 |   Duration(const builtin_interfaces::msg::Duration & duration_msg);  // NOLINT(runtime/explicit)
[22.305s]       |            ~~~~~~~~~~~~~~~~~~~~~~~~~~~~~~~~~~~~~~~~~~^~~~~~~~~~~~
[22.305s] /opt/ros/jazzy/include/rclcpp/rclcpp/duration.hpp:43:12: note: candidate: ‘rclcpp::Duration::Duration(std::chrono::nanoseconds)’
[22.306s]    43 |   explicit Duration(std::chrono::nanoseconds nanoseconds);
[22.306s]       |            ^~~~~~~~
[22.306s] /opt/ros/jazzy/include/rclcpp/rclcpp/duration.hpp:43:46: note:   no known conversion for argument 1 from ‘double’ to ‘std::chrono::nanoseconds’ {aka ‘std::chrono::duration<long int, std::ratio<1, 1000000000> >’}
[22.306s]    43 |   explicit Duration(std::chrono::nanoseconds nanoseconds);
[22.306s]       |                     ~~~~~~~~~~~~~~~~~~~~~~~~~^~~~~~~~~~~
[22.306s] /opt/ros/jazzy/include/rclcpp/rclcpp/duration.hpp:40:3: note: candidate: ‘rclcpp::Duration::Duration(int32_t, uint32_t)’
[22.306s]    40 |   Duration(int32_t seconds, uint32_t nanoseconds);
[22.306s]       |   ^~~~~~~~
[22.307s] /opt/ros/jazzy/include/rclcpp/rclcpp/duration.hpp:40:3: note:   candidate expects 2 arguments, 1 provided
[22.307s] /home/neha/ros2_ws/src/semnav_migration/src/navigation_semantic.cpp: In function ‘int main(int, char**)’:
[22.307s] /home/neha/ros2_ws/src/semnav_migration/src/navigation_semantic.cpp:700:34: error: invalid initialization of reference of type ‘const rclcpp::InitOptions&’ from expression of type ‘const char [20]’
[22.309s]   700 |         rclcpp::init(argc, argv, "navigation_semantic");
[22.309s]       |                                  ^~~~~~~~~~~~~~~~~~~~~
[22.309s] In file included from /opt/ros/jazzy/include/rclcpp/rclcpp/logging.hpp:25:
[22.309s] /opt/ros/jazzy/include/rclcpp/rclcpp/utilities.hpp:78:23: note: in passing argument 3 of ‘void rclcpp::init(int, const char* const*, const InitOptions&, SignalHandlerOptions)’
[22.310s]    78 |   const InitOptions & init_options = InitOptions(),
[22.310s]       |   ~~~~~~~~~~~~~~~~~~~~^~~~~~~~~~~~~~~~~~~~~~~~~~~~
[22.310s] /home/neha/ros2_ws/src/semnav_migration/src/navigation.cpp:164:38: error: ‘node_ptr’ was not declared in this scope; did you mean ‘mode_t’?
[22.310s]   164 |                         rclcpp::spin(node_ptr);
[22.310s]       |                                      ^~~~~~~~
[22.310s]       |                                      mode_t
[22.366s] /home/neha/ros2_ws/src/semnav_migration/src/navigation.cpp: In member function ‘void NavigationNode::publish_twist(double, double)’:
[22.366s] /home/neha/ros2_ws/src/semnav_migration/src/navigation.cpp:171:25: error: ‘pub_twist_’ was not declared in this scope; did you mean ‘publish_twist’?
[22.367s]   171 |                         pub_twist_.publish(commandTwist);
[22.367s]       |                         ^~~~~~~~~~
[22.367s]       |                         publish_twist
[22.370s] /home/neha/ros2_ws/src/semnav_migration/src/navigation.cpp: In member function ‘void NavigationNode::publish_behavior_id(uint16_t)’:
[22.370s] /home/neha/ros2_ws/src/semnav_migration/src/navigation.cpp:176:28: error: ‘UInt32’ is not a member of ‘std_msgs::msg’
[22.371s]   176 |             std_msgs::msg::UInt32 commandId;
[22.371s]       |                            ^~~~~~
[22.421s] /home/neha/ros2_ws/src/semnav_migration/src/navigation.cpp:177:25: error: ‘commandId’ was not declared in this scope
[22.421s]   177 |                         commandId.data = BehaviorIdCmd;
[22.421s]       |                         ^~~~~~~~~
[22.510s] /home/neha/ros2_ws/src/semnav_migration/src/navigation.cpp:178:25: error: ‘pub_behaviorID_’ was not declared in this scope; did you mean ‘pub_behaviorID_topic_’?
[22.510s]   178 |                         pub_behaviorID_.publish(commandId);
[22.510s]       |                         ^~~~~~~~~~~~~~~
[22.511s]       |                         pub_behaviorID_topic_
[22.514s] /home/neha/ros2_ws/src/semnav_migration/src/navigation.cpp: In member function ‘void NavigationNode::publish_behavior_mode(uint16_t)’:
[22.514s] /home/neha/ros2_ws/src/semnav_migration/src/navigation.cpp:183:28: error: ‘UInt32’ is not a member of ‘std_msgs::msg’
[22.514s]   183 |             std_msgs::msg::UInt32 commandMode;
[22.515s]       |                            ^~~~~~
[22.581s] /home/neha/ros2_ws/src/semnav_migration/src/navigation.cpp:184:25: error: ‘commandMode’ was not declared in this scope
[22.581s]   184 |                         commandMode.data = BehaviorModeCmd;
[22.581s]       |                         ^~~~~~~~~~~
[22.682s] /home/neha/ros2_ws/src/semnav_migration/src/navigation.cpp:185:25: error: ‘pub_behaviorMode_’ was not declared in this scope; did you mean ‘pub_behaviorMode_topic_’?
[22.683s]   185 |                         pub_behaviorMode_.publish(commandMode);
[22.683s]       |                         ^~~~~~~~~~~~~~~~~
[22.683s]       |                         pub_behaviorMode_topic_
[22.821s] /home/neha/ros2_ws/src/semnav_migration/src/navigation.cpp: In member function ‘void NavigationNode::control_callback(const sensor_msgs::msg::LaserScan_<std::allocator<void> >::ConstPtr&, const nav_msgs::msg::Odometry_<std::allocator<void> >::ConstPtr&)’:
[22.821s] /home/neha/ros2_ws/src/semnav_migration/src/navigation.cpp:368:33: error: ‘listener_’ was not declared in this scope
[22.822s]   368 |                                 listener_.waitForTransform(world_frame_id_, odom_frame_id_, rclcpp::Time(0), rclcpp::Duration(1.0));
[22.822s]       |                                 ^~~~~~~~~
[22.822s] /home/neha/ros2_ws/src/semnav_migration/src/navigation.cpp:368:130: error: no matching function for call to ‘rclcpp::Duration::Duration(double)’
[22.822s]   368 |                                 listener_.waitForTransform(world_frame_id_, odom_frame_id_, rclcpp::Time(0), rclcpp::Duration(1.0));
[22.823s]       |                                                                                                                                  ^
[22.823s] /opt/ros/jazzy/include/rclcpp/rclcpp/duration.hpp:49:3: note: candidate: ‘template<class Rep, class Period> rclcpp::Duration::Duration(const std::chrono::duration<_Rep1, _Period1>&)’
[22.823s]    49 |   Duration(const std::chrono::duration<Rep, Period> & duration)  // NOLINT(runtime/explicit)
[22.823s]       |   ^~~~~~~~
[22.823s] /opt/ros/jazzy/include/rclcpp/rclcpp/duration.hpp:49:3: note:   template argument deduction/substitution failed:
[22.823s] /home/neha/ros2_ws/src/semnav_migration/src/navigation.cpp:368:130: note:   mismatched types ‘const std::chrono::duration<_Rep1, _Period1>’ and ‘double’
[22.823s]   368 |                                 listener_.waitForTransform(world_frame_id_, odom_frame_id_, rclcpp::Time(0), rclcpp::Duration(1.0));
[22.824s]       |                                                                                                                                  ^
[22.824s] /opt/ros/jazzy/include/rclcpp/rclcpp/duration.hpp:159:3: note: candidate: ‘rclcpp::Duration::Duration()’
[22.826s]   159 |   Duration() = default;
[22.826s]       |   ^~~~~~~~
[22.826s] /opt/ros/jazzy/include/rclcpp/rclcpp/duration.hpp:159:3: note:   candidate expects 0 arguments, 1 provided
[22.827s] /opt/ros/jazzy/include/rclcpp/rclcpp/duration.hpp:62:3: note: candidate: ‘rclcpp::Duration::Duration(const rclcpp::Duration&)’
[22.827s]    62 |   Duration(const Duration & rhs);
[22.827s]       |   ^~~~~~~~
[22.827s] /opt/ros/jazzy/include/rclcpp/rclcpp/duration.hpp:62:29: note:   no known conversion for argument 1 from ‘double’ to ‘const rclcpp::Duration&’
[22.827s]    62 |   Duration(const Duration & rhs);
[22.827s]       |            ~~~~~~~~~~~~~~~~~^~~
[22.827s] /opt/ros/jazzy/include/rclcpp/rclcpp/duration.hpp:60:12: note: candidate: ‘rclcpp::Duration::Duration(const rcl_duration_t&)’
[22.828s]    60 |   explicit Duration(const rcl_duration_t & duration);
[22.828s]       |            ^~~~~~~~
[22.828s] /opt/ros/jazzy/include/rclcpp/rclcpp/duration.hpp:60:44: note:   no known conversion for argument 1 from ‘double’ to ‘const rcl_duration_t&’ {aka ‘const rcl_duration_s&’}
[22.830s]    60 |   explicit Duration(const rcl_duration_t & duration);
[22.830s]       |                     ~~~~~~~~~~~~~~~~~~~~~~~^~~~~~~~
[22.830s] /opt/ros/jazzy/include/rclcpp/rclcpp/duration.hpp:54:3: note: candidate: ‘rclcpp::Duration::Duration(const builtin_interfaces::msg::Duration&)’
[22.831s]    54 |   Duration(const builtin_interfaces::msg::Duration & duration_msg);  // NOLINT(runtime/explicit)
[22.831s]       |   ^~~~~~~~
[22.831s] /opt/ros/jazzy/include/rclcpp/rclcpp/duration.hpp:54:54: note:   no known conversion for argument 1 from ‘double’ to ‘const builtin_interfaces::msg::Duration&’ {aka ‘const builtin_interfaces::msg::Duration_<std::allocator<void> >&’}
[22.831s]    54 |   Duration(const builtin_interfaces::msg::Duration & duration_msg);  // NOLINT(runtime/explicit)
[22.831s]       |            ~~~~~~~~~~~~~~~~~~~~~~~~~~~~~~~~~~~~~~~~~~^~~~~~~~~~~~
[22.831s] /opt/ros/jazzy/include/rclcpp/rclcpp/duration.hpp:43:12: note: candidate: ‘rclcpp::Duration::Duration(std::chrono::nanoseconds)’
[22.831s]    43 |   explicit Duration(std::chrono::nanoseconds nanoseconds);
[22.831s]       |            ^~~~~~~~
[22.832s] /opt/ros/jazzy/include/rclcpp/rclcpp/duration.hpp:43:46: note:   no known conversion for argument 1 from ‘double’ to ‘std::chrono::nanoseconds’ {aka ‘std::chrono::duration<long int, std::ratio<1, 1000000000> >’}
[22.832s]    43 |   explicit Duration(std::chrono::nanoseconds nanoseconds);
[22.834s]       |                     ~~~~~~~~~~~~~~~~~~~~~~~~~^~~~~~~~~~~
[22.834s] /opt/ros/jazzy/include/rclcpp/rclcpp/duration.hpp:40:3: note: candidate: ‘rclcpp::Duration::Duration(int32_t, uint32_t)’
[22.835s]    40 |   Duration(int32_t seconds, uint32_t nanoseconds);
[22.835s]       |   ^~~~~~~~
[22.835s] /opt/ros/jazzy/include/rclcpp/rclcpp/duration.hpp:40:3: note:   candidate expects 2 arguments, 1 provided
[22.835s] /home/neha/ros2_ws/src/semnav_migration/src/navigation.cpp:398:42: error: could not convert ‘lidar_data’ from ‘shared_ptr<LaserScan_<[...]>>’ to ‘shared_ptr<LaserScan_<[...]>>’
[22.835s]   398 |                         constructLIDAR2D(lidar_data, CutoffRange_, AllowableRange_, RobotPitch_, &LIDAR);
[22.835s]       |                                          ^~~~~~~~~~
[22.835s]       |                                          |
[22.836s]       |                                          shared_ptr<LaserScan_<[...]>>
[22.845s] /home/neha/ros2_ws/src/semnav_migration/src/navigation.cpp:573:61: error: cannot call constructor ‘rclcpp::Duration::Duration’ directly [-fpermissive]
[22.845s]   573 |                 rclcpp::sleep_for(rclcpp::Duration::Duration(5000000000);
[22.845s]       |                                   ~~~~~~~~~~~~~~~~~~~~~~~~~~^~~~~~~~~~~~
[22.845s] /home/neha/ros2_ws/src/semnav_migration/src/navigation.cpp:573:61: note: for a function-style cast, remove the redundant ‘::Duration’
[22.845s] /home/neha/ros2_ws/src/semnav_migration/src/navigation.cpp:573:61: error: no matching function for call to ‘rclcpp::Duration::Duration(long int)’
[22.845s] /opt/ros/jazzy/include/rclcpp/rclcpp/duration.hpp:49:3: note: candidate: ‘template<class Rep, class Period> rclcpp::Duration::Duration(const std::chrono::duration<_Rep1, _Period1>&)’
[22.846s]    49 |   Duration(const std::chrono::duration<Rep, Period> & duration)  // NOLINT(runtime/explicit)
[22.846s]       |   ^~~~~~~~
[22.846s] /opt/ros/jazzy/include/rclcpp/rclcpp/duration.hpp:49:3: note:   template argument deduction/substitution failed:
[22.846s] /home/neha/ros2_ws/src/semnav_migration/src/navigation.cpp:573:61: note:   mismatched types ‘const std::chrono::duration<_Rep1, _Period1>’ and ‘long int’
[22.846s]   573 |                 rclcpp::sleep_for(rclcpp::Duration::Duration(5000000000);
[22.846s]       |                                   ~~~~~~~~~~~~~~~~~~~~~~~~~~^~~~~~~~~~~~
[22.846s] /opt/ros/jazzy/include/rclcpp/rclcpp/duration.hpp:159:3: note: candidate: ‘rclcpp::Duration::Duration()’
[22.847s]   159 |   Duration() = default;
[22.847s]       |   ^~~~~~~~
[22.849s] /opt/ros/jazzy/include/rclcpp/rclcpp/duration.hpp:159:3: note:   candidate expects 0 arguments, 1 provided
[22.849s] /opt/ros/jazzy/include/rclcpp/rclcpp/duration.hpp:62:3: note: candidate: ‘rclcpp::Duration::Duration(const rclcpp::Duration&)’
[22.849s]    62 |   Duration(const Duration & rhs);
[22.849s]       |   ^~~~~~~~
[22.850s] /opt/ros/jazzy/include/rclcpp/rclcpp/duration.hpp:62:29: note:   no known conversion for argument 1 from ‘long int’ to ‘const rclcpp::Duration&’
[22.850s]    62 |   Duration(const Duration & rhs);
[22.850s]       |            ~~~~~~~~~~~~~~~~~^~~
[22.850s] /opt/ros/jazzy/include/rclcpp/rclcpp/duration.hpp:60:12: note: candidate: ‘rclcpp::Duration::Duration(const rcl_duration_t&)’
[22.850s]    60 |   explicit Duration(const rcl_duration_t & duration);
[22.850s]       |            ^~~~~~~~
[22.850s] /opt/ros/jazzy/include/rclcpp/rclcpp/duration.hpp:60:44: note:   no known conversion for argument 1 from ‘long int’ to ‘const rcl_duration_t&’ {aka ‘const rcl_duration_s&’}
[22.851s]    60 |   explicit Duration(const rcl_duration_t & duration);
[22.851s]       |                     ~~~~~~~~~~~~~~~~~~~~~~~^~~~~~~~
[22.851s] /opt/ros/jazzy/include/rclcpp/rclcpp/duration.hpp:54:3: note: candidate: ‘rclcpp::Duration::Duration(const builtin_interfaces::msg::Duration&)’
[22.853s]    54 |   Duration(const builtin_interfaces::msg::Duration & duration_msg);  // NOLINT(runtime/explicit)
[22.853s]       |   ^~~~~~~~
[22.853s] /opt/ros/jazzy/include/rclcpp/rclcpp/duration.hpp:54:54: note:   no known conversion for argument 1 from ‘long int’ to ‘const builtin_interfaces::msg::Duration&’ {aka ‘const builtin_interfaces::msg::Duration_<std::allocator<void> >&’}
[22.854s]    54 |   Duration(const builtin_interfaces::msg::Duration & duration_msg);  // NOLINT(runtime/explicit)
[22.854s]       |            ~~~~~~~~~~~~~~~~~~~~~~~~~~~~~~~~~~~~~~~~~~^~~~~~~~~~~~
[22.854s] /opt/ros/jazzy/include/rclcpp/rclcpp/duration.hpp:43:12: note: candidate: ‘rclcpp::Duration::Duration(std::chrono::nanoseconds)’
[22.854s]    43 |   explicit Duration(std::chrono::nanoseconds nanoseconds);
[22.854s]       |            ^~~~~~~~
[22.854s] /opt/ros/jazzy/include/rclcpp/rclcpp/duration.hpp:43:46: note:   no known conversion for argument 1 from ‘long int’ to ‘std::chrono::nanoseconds’ {aka ‘std::chrono::duration<long int, std::ratio<1, 1000000000> >’}
[22.854s]    43 |   explicit Duration(std::chrono::nanoseconds nanoseconds);
[22.855s]       |                     ~~~~~~~~~~~~~~~~~~~~~~~~~^~~~~~~~~~~
[22.855s] /opt/ros/jazzy/include/rclcpp/rclcpp/duration.hpp:40:3: note: candidate: ‘rclcpp::Duration::Duration(int32_t, uint32_t)’
[22.857s]    40 |   Duration(int32_t seconds, uint32_t nanoseconds);
[22.857s]       |   ^~~~~~~~
[22.857s] /opt/ros/jazzy/include/rclcpp/rclcpp/duration.hpp:40:3: note:   candidate expects 2 arguments, 1 provided
[29.849s] gmake[2]: *** [CMakeFiles/navigation_semantic.dir/build.make:76: CMakeFiles/navigation_semantic.dir/src/navigation_semantic.cpp.o] Error 1
[29.850s] gmake[1]: *** [CMakeFiles/Makefile2:207: CMakeFiles/navigation_semantic.dir/all] Error 2
[29.850s] gmake[1]: *** Waiting for unfinished jobs....
[36.942s] gmake[2]: *** [CMakeFiles/navigation.dir/build.make:76: CMakeFiles/navigation.dir/src/navigation.cpp.o] Error 1
[36.942s] gmake[1]: *** [CMakeFiles/Makefile2:181: CMakeFiles/navigation.dir/all] Error 2
[36.942s] gmake: *** [Makefile:146: all] Error 2
[36.946s] Invoked command in '/home/neha/ros2_ws/src/semnav_migration/build/semnav' returned '2': CMAKE_PREFIX_PATH=${CMAKE_PREFIX_PATH}:/opt/ros/jazzy DEBUGINFOD_URLS=https://debuginfod.ubuntu.com /usr/bin/cmake --build /home/neha/ros2_ws/src/semnav_migration/build/semnav -- -j2 -l2
