[0.091s] Invoking command in '/home/neha/ros2_ws/src/semnav_migration/build/semnav': CMAKE_PREFIX_PATH=${CMAKE_PREFIX_PATH}:/opt/ros/jazzy DEBUGINFOD_URLS=https://debuginfod.ubuntu.com /usr/bin/cmake --build /home/neha/ros2_ws/src/semnav_migration/build/semnav -- -j2 -l2
[0.325s] [ 14%] Built target reactive_planner
[0.466s] [ 19%] Building CXX object CMakeFiles/navigation.dir/src/navigation.cpp.o
[0.468s] [ 23%] Building CXX object CMakeFiles/navigation_semantic.dir/src/navigation_semantic.cpp.o
[6.494s] /home/neha/ros2_ws/src/semnav_migration/src/navigation.cpp:138:77: error: missing terminating " character
[6.495s]   138 |             pub_behaviorID_ = this->create_publisher<std_msgs::msg::UInt32>("pub_behaviorID_topic_, 1);
[6.495s]       |                                                                             ^~~~~~~~~~~~~~~~~~~~~~~~~~~
[6.495s] /home/neha/ros2_ws/src/semnav_migration/src/navigation.cpp:139:79: error: missing terminating " character
[6.495s]   139 |             pub_behaviorMode_ = this->create_publisher<std_msgs::msg::UInt32>("pub_behaviorMode_topic_, 1);
[6.496s]       |                                                                               ^~~~~~~~~~~~~~~~~~~~~~~~~~~~~
[6.497s] /home/neha/ros2_ws/src/semnav_migration/src/navigation.cpp:140:72: error: missing terminating " character
[6.497s]   140 |             pub_twist_ = this->create_publisher<std_msgs::msg::UInt32>("pub_twist_topic_, 1);
[6.497s]       |                                                                        ^~~~~~~~~~~~~~~~~~~~~~
[21.776s] /home/neha/ros2_ws/src/semnav_migration/src/navigation.cpp:242:47: error: ‘object_pose_interface_msgs’ does not name a type
[21.776s]   242 |                 void diffeo_tree_update(const object_pose_interface_msgs::msg::SemanticMapObjectArray::ConstPtr& semantic_map_data) {
[21.776s]       |                                               ^~~~~~~~~~~~~~~~~~~~~~~~~~
[21.777s] /home/neha/ros2_ws/src/semnav_migration/src/navigation.cpp:242:78: error: expected unqualified-id before ‘::’ token
[21.777s]   242 |                 void diffeo_tree_update(const object_pose_interface_msgs::msg::SemanticMapObjectArray::ConstPtr& semantic_map_data) {
[21.777s]       |                                                                              ^~
[21.778s] /home/neha/ros2_ws/src/semnav_migration/src/navigation.cpp:242:78: error: expected ‘)’ before ‘::’ token
[21.778s]   242 |                 void diffeo_tree_update(const object_pose_interface_msgs::msg::SemanticMapObjectArray::ConstPtr& semantic_map_data) {
[21.778s]       |                                        ~                                     ^~
[21.778s]       |                                                                              )
[21.779s] /home/neha/ros2_ws/src/semnav_migration/src/navigation.cpp:242:75: error: expected ‘;’ at end of member declaration
[21.779s]   242 |                 void diffeo_tree_update(const object_pose_interface_msgs::msg::SemanticMapObjectArray::ConstPtr& semantic_map_data) {
[21.779s]       |                                                                           ^~~
[21.779s]       |                                                                              ;
[21.785s] /home/neha/ros2_ws/src/semnav_migration/src/navigation_semantic.cpp:240:47: error: ‘object_pose_interface_msgs’ does not name a type
[21.785s]   240 |                 void diffeo_tree_update(const object_pose_interface_msgs::msg::SemanticMapObjectArray::ConstPtr& semantic_map_data) {
[21.785s]       |                                               ^~~~~~~~~~~~~~~~~~~~~~~~~~
[21.785s] /home/neha/ros2_ws/src/semnav_migration/src/navigation_semantic.cpp:240:78: error: expected unqualified-id before ‘::’ token
[21.786s]   240 |                 void diffeo_tree_update(const object_pose_interface_msgs::msg::SemanticMapObjectArray::ConstPtr& semantic_map_data) {
[21.786s]       |                                                                              ^~
[21.786s] /home/neha/ros2_ws/src/semnav_migration/src/navigation_semantic.cpp:240:78: error: expected ‘)’ before ‘::’ token
[21.786s]   240 |                 void diffeo_tree_update(const object_pose_interface_msgs::msg::SemanticMapObjectArray::ConstPtr& semantic_map_data) {
[21.786s]       |                                        ~                                     ^~
[21.786s]       |                                                                              )
[21.786s] /home/neha/ros2_ws/src/semnav_migration/src/navigation_semantic.cpp:240:75: error: expected ‘;’ at end of member declaration
[21.787s]   240 |                 void diffeo_tree_update(const object_pose_interface_msgs::msg::SemanticMapObjectArray::ConstPtr& semantic_map_data) {
[21.787s]       |                                                                           ^~~
[21.789s]       |                                                                              ;
[21.823s] /home/neha/ros2_ws/src/semnav_migration/src/navigation_semantic.cpp:240:80: error: ‘SemanticMapObjectArray’ in namespace ‘::’ does not name a type
[21.823s]   240 |                 void diffeo_tree_update(const object_pose_interface_msgs::msg::SemanticMapObjectArray::ConstPtr& semantic_map_data) {
[21.824s]       |                                                                                ^~~~~~~~~~~~~~~~~~~~~~
[21.824s] /home/neha/ros2_ws/src/semnav_migration/src/navigation.cpp:242:80: error: ‘SemanticMapObjectArray’ in namespace ‘::’ does not name a type
[21.824s]   242 |                 void diffeo_tree_update(const object_pose_interface_msgs::msg::SemanticMapObjectArray::ConstPtr& semantic_map_data) {
[21.824s]       |                                                                                ^~~~~~~~~~~~~~~~~~~~~~
[21.824s] /home/neha/ros2_ws/src/semnav_migration/src/navigation.cpp:615:17: error: invalid use of template-name ‘rclcpp::Publisher’ without an argument list
[21.824s]   615 |                 rclcpp::Publisher pub_behaviorID_;
[21.824s]       |                 ^~~~~~
[21.825s] /home/neha/ros2_ws/src/semnav_migration/src/navigation.cpp:616:17: error: invalid use of template-name ‘rclcpp::Publisher’ without an argument list
[21.825s]   616 |                 rclcpp::Publisher pub_behaviorMode_;
[21.825s]       |                 ^~~~~~
[21.826s] /home/neha/ros2_ws/src/semnav_migration/src/navigation.cpp:617:17: error: invalid use of template-name ‘rclcpp::Publisher’ without an argument list
[21.826s]   617 |                 rclcpp::Publisher pub_twist_;
[21.826s]       |                 ^~~~~~
[21.827s] /home/neha/ros2_ws/src/semnav_migration/src/navigation.cpp:619:17: error: invalid use of template-name ‘rclcpp::Publisher’ without an argument list
[21.827s]   619 |                 rclcpp::Publisher pub_semantic_map_;
[21.827s]       |                 ^~~~~~
[21.828s] /home/neha/ros2_ws/src/semnav_migration/src/navigation_semantic.cpp:623:17: error: ‘ros’ does not name a type
[21.828s]   623 |                 ros::NodeHandle nh_;
[21.828s]       |                 ^~~
[21.835s] /home/neha/ros2_ws/src/semnav_migration/src/navigation_semantic.cpp:640:17: error: ‘ros’ does not name a type
[21.835s]   640 |                 ros::Publisher pub_behaviorID_;
[21.835s]       |                 ^~~
[21.840s] /home/neha/ros2_ws/src/semnav_migration/src/navigation_semantic.cpp:641:17: error: ‘ros’ does not name a type
[21.840s]   641 |                 ros::Publisher pub_behaviorMode_;
[21.840s]       |                 ^~~
[21.843s] /home/neha/ros2_ws/src/semnav_migration/src/navigation.cpp:663:22: error: ‘TransformListener’ in namespace ‘tf2’ does not name a type
[21.843s]   663 |                 tf2::TransformListener listener_;
[21.844s]       |                      ^~~~~~~~~~~~~~~~~
[21.844s] /home/neha/ros2_ws/src/semnav_migration/src/navigation.cpp: In constructor ‘NavigationNode::NavigationNode()’:
[21.844s] /home/neha/ros2_ws/src/semnav_migration/src/navigation.cpp:45:50: error: no matching function for call to ‘rclcpp::Node::Node()’
[21.844s]    45 |         NavigationNode() : Node("navigation_node") {
[21.844s]       |                                                  ^
[21.844s] In file included from /opt/ros/jazzy/include/rclcpp/rclcpp/executors/single_threaded_executor.hpp:28,
[21.844s]                  from /opt/ros/jazzy/include/rclcpp/rclcpp/executors.hpp:22,
[21.845s]                  from /opt/ros/jazzy/include/rclcpp/rclcpp/rclcpp.hpp:172,
[21.845s]                  from /home/neha/ros2_ws/src/semnav_migration/include/reactive_planner_lib.h:32,
[21.847s]                  from /home/neha/ros2_ws/src/semnav_migration/src/navigation.cpp:25:
[21.847s] /opt/ros/jazzy/include/rclcpp/rclcpp/node.hpp:1629:3: note: candidate: ‘rclcpp::Node::Node(const rclcpp::Node&, const std::string&)’
[21.847s]  1629 |   Node(
[21.847s]       |   ^~~~
[21.848s] /opt/ros/jazzy/include/rclcpp/rclcpp/node.hpp:1629:3: note:   candidate expects 2 arguments, 0 provided
[21.848s] /opt/ros/jazzy/include/rclcpp/rclcpp/node.hpp:103:12: note: candidate: ‘rclcpp::Node::Node(const std::string&, const std::string&, const rclcpp::NodeOptions&)’
[21.848s]   103 |   explicit Node(
[21.848s]       |            ^~~~
[21.848s] /opt/ros/jazzy/include/rclcpp/rclcpp/node.hpp:103:12: note:   candidate expects 3 arguments, 0 provided
[21.849s] /opt/ros/jazzy/include/rclcpp/rclcpp/node.hpp:91:12: note: candidate: ‘rclcpp::Node::Node(const std::string&, const rclcpp::NodeOptions&)’
[21.849s]    91 |   explicit Node(
[21.849s]       |            ^~~~
[21.849s] /opt/ros/jazzy/include/rclcpp/rclcpp/node.hpp:91:12: note:   candidate expects 2 arguments, 0 provided
[21.849s] /home/neha/ros2_ws/src/semnav_migration/src/navigation_semantic.cpp:642:17: error: ‘ros’ does not name a type
[21.849s]   642 |                 ros::Publisher pub_twist_;
[21.849s]       |                 ^~~
[21.852s] /home/neha/ros2_ws/src/semnav_migration/src/navigation_semantic.cpp:644:17: error: ‘ros’ does not name a type
[21.852s]   644 |                 ros::Publisher pub_semantic_map_;
[21.853s]       |                 ^~~
[21.868s] /home/neha/ros2_ws/src/semnav_migration/src/navigation_semantic.cpp:690:17: error: ‘tf’ does not name a type; did you mean ‘tm’?
[21.868s]   690 |                 tf::TransformListener listener_;
[21.868s]       |                 ^~
[21.868s]       |                 tm
[21.966s] /home/neha/ros2_ws/src/semnav_migration/src/navigation.cpp:104:25: error: ‘target_object_’ was not declared in this scope
[21.967s]   104 |                         target_object_ = this->get_parameter("target_object").as_string();
[21.967s]       |                         ^~~~~~~~~~~~~~
[21.980s] /home/neha/ros2_ws/src/semnav_migration/src/navigation_semantic.cpp: In constructor ‘SemanticNavigationNode::SemanticNavigationNode()’:
[21.980s] /home/neha/ros2_ws/src/semnav_migration/src/navigation_semantic.cpp:136:25: error: ‘pub_behaviorID_’ was not declared in this scope; did you mean ‘pub_behaviorID_topic_’?
[21.980s]   136 |                         pub_behaviorID_ = nh_.advertise<std_msgs::UInt32>(pub_behaviorID_topic_, 1, true);
[21.980s]       |                         ^~~~~~~~~~~~~~~
[21.981s]       |                         pub_behaviorID_topic_
[22.009s] /home/neha/ros2_ws/src/semnav_migration/src/navigation_semantic.cpp:136:43: error: ‘nh_’ was not declared in this scope
[22.009s]   136 |                         pub_behaviorID_ = nh_.advertise<std_msgs::UInt32>(pub_behaviorID_topic_, 1, true);
[22.009s]       |                                           ^~~
[22.013s] /home/neha/ros2_ws/src/semnav_migration/src/navigation_semantic.cpp:136:67: error: ‘UInt32’ is not a member of ‘std_msgs’
[22.013s]   136 |                         pub_behaviorID_ = nh_.advertise<std_msgs::UInt32>(pub_behaviorID_topic_, 1, true);
[22.013s]       |                                                                   ^~~~~~
[22.105s] /home/neha/ros2_ws/src/semnav_migration/src/navigation_semantic.cpp:137:25: error: ‘pub_behaviorMode_’ was not declared in this scope; did you mean ‘pub_behaviorMode_topic_’?
[22.105s]   137 |                         pub_behaviorMode_ = nh_.advertise<std_msgs::UInt32>(pub_behaviorMode_topic_, 1, true);
[22.106s]       |                         ^~~~~~~~~~~~~~~~~
[22.106s]       |                         pub_behaviorMode_topic_
[22.109s] /home/neha/ros2_ws/src/semnav_migration/src/navigation_semantic.cpp:137:69: error: ‘UInt32’ is not a member of ‘std_msgs’
[22.109s]   137 |                         pub_behaviorMode_ = nh_.advertise<std_msgs::UInt32>(pub_behaviorMode_topic_, 1, true);
[22.109s]       |                                                                     ^~~~~~
[22.114s] /home/neha/ros2_ws/src/semnav_migration/src/navigation.cpp:105:25: error: ‘target_object_length_’ was not declared in this scope
[22.114s]   105 |                         target_object_length_ = this->get_parameter("target_object_length").as_double();
[22.114s]       |                         ^~~~~~~~~~~~~~~~~~~~~
[22.158s] /home/neha/ros2_ws/src/semnav_migration/src/navigation_semantic.cpp:138:25: error: ‘pub_twist_’ was not declared in this scope; did you mean ‘publish_twist’?
[22.158s]   138 |                         pub_twist_ = nh_.advertise<geometry_msgs::msg::Twist>(pub_twist_topic_, 1, true);
[22.158s]       |                         ^~~~~~~~~~
[22.158s]       |                         publish_twist
[22.158s] /home/neha/ros2_ws/src/semnav_migration/src/navigation_semantic.cpp:138:77: error: expected primary-expression before ‘>’ token
[22.158s]   138 |                         pub_twist_ = nh_.advertise<geometry_msgs::msg::Twist>(pub_twist_topic_, 1, true);
[22.158s]       |                                                                             ^
[22.159s] /home/neha/ros2_ws/src/semnav_migration/src/navigation_semantic.cpp:141:42: error: ‘message_filters::msg’ has not been declared
[22.159s]   141 |                         message_filters::msg::Subscriber<sensor_msgs::LaserScan> sub_laser(nh_, sub_laser_topic_, 1);
[22.159s]       |                                          ^~~
[22.163s] /home/neha/ros2_ws/src/semnav_migration/src/navigation_semantic.cpp:141:71: error: ‘LaserScan’ is not a member of ‘sensor_msgs’; did you mean ‘sensor_msgs::msg::LaserScan’?
[22.163s]   141 |                         message_filters::msg::Subscriber<sensor_msgs::LaserScan> sub_laser(nh_, sub_laser_topic_, 1);
[22.163s]       |                                                                       ^~~~~~~~~
[22.164s] In file included from /opt/ros/jazzy/include/sensor_msgs/sensor_msgs/msg/laser_scan.hpp:7,
[22.164s]                  from /home/neha/ros2_ws/src/semnav_migration/include/reactive_planner_lib.h:46,
[22.164s]                  from /home/neha/ros2_ws/src/semnav_migration/src/navigation_semantic.cpp:25:
[22.164s] /opt/ros/jazzy/include/sensor_msgs/sensor_msgs/msg/detail/laser_scan__struct.hpp:250:7: note: ‘sensor_msgs::msg::LaserScan’ declared here
[22.164s]   250 | using LaserScan =
[22.164s]       |       ^~~~~~~~~
[22.209s] /home/neha/ros2_ws/src/semnav_migration/src/navigation_semantic.cpp:141:82: error: ‘sub_laser’ was not declared in this scope
[22.209s]   141 |                         message_filters::msg::Subscriber<sensor_msgs::LaserScan> sub_laser(nh_, sub_laser_topic_, 1);
[22.209s]       |                                                                                  ^~~~~~~~~
[22.252s] /home/neha/ros2_ws/src/semnav_migration/src/navigation.cpp:106:25: error: ‘target_object_width_’ was not declared in this scope
[22.252s]   106 |                         target_object_width_ = this->get_parameter("target_object_width").as_double();
[22.252s]       |                         ^~~~~~~~~~~~~~~~~~~~
[22.261s] /home/neha/ros2_ws/src/semnav_migration/src/navigation.cpp:138:69: error: ‘UInt32’ is not a member of ‘std_msgs::msg’
[22.261s]   138 |             pub_behaviorID_ = this->create_publisher<std_msgs::msg::UInt32>("pub_behaviorID_topic_, 1);
[22.262s]       |                                                                     ^~~~~~
[22.264s] /home/neha/ros2_ws/src/semnav_migration/src/navigation.cpp:139:71: error: ‘UInt32’ is not a member of ‘std_msgs::msg’
[22.265s]   139 |             pub_behaviorMode_ = this->create_publisher<std_msgs::msg::UInt32>("pub_behaviorMode_topic_, 1);
[22.265s]       |                                                                       ^~~~~~
[22.269s] /home/neha/ros2_ws/src/semnav_migration/src/navigation.cpp:140:64: error: ‘UInt32’ is not a member of ‘std_msgs::msg’
[22.269s]   140 |             pub_twist_ = this->create_publisher<std_msgs::msg::UInt32>("pub_twist_topic_, 1);
[22.269s]       |                                                                ^~~~~~
[22.272s] /home/neha/ros2_ws/src/semnav_migration/src/navigation.cpp:143:82: error: expected primary-expression before ‘sub_laser’
[22.272s]   143 |                         message_filters::Subscriber<sensor_msgs::msg::LaserScan> sub_laser(nh_, sub_laser_topic_, 1);
[22.272s]       |                                                                                  ^~~~~~~~~
[22.279s] /home/neha/ros2_ws/src/semnav_migration/src/navigation_semantic.cpp:143:94: error: ‘LaserScan’ is not a member of ‘sensor_msgs’; did you mean ‘sensor_msgs::msg::LaserScan’?
[22.279s]   143 |                         typedef message_filters::sync_policies::ApproximateTime<sensor_msgs::LaserScan,nav_msgs::msg::Odometry> SyncPolicy;
[22.279s]       |                                                                                              ^~~~~~~~~
[22.280s] /opt/ros/jazzy/include/sensor_msgs/sensor_msgs/msg/detail/laser_scan__struct.hpp:250:7: note: ‘sensor_msgs::msg::LaserScan’ declared here
[22.280s]   250 | using LaserScan =
[22.280s]       |       ^~~~~~~~~
[22.282s] /home/neha/ros2_ws/src/semnav_migration/src/navigation_semantic.cpp:143:127: error: template argument 1 is invalid
[22.282s]   143 |                         typedef message_filters::sync_policies::ApproximateTime<sensor_msgs::LaserScan,nav_msgs::msg::Odometry> SyncPolicy;
[22.282s]       |                                                                                                                               ^
[22.283s] In file included from /home/neha/ros2_ws/src/semnav_migration/include/reactive_planner_lib.h:44:
[22.283s] /opt/ros/jazzy/include/message_filters/message_filters/synchronizer.h: In instantiation of ‘class message_filters::Synchronizer<int>’:
[22.283s] /home/neha/ros2_ws/src/semnav_migration/src/navigation_semantic.cpp:146:64:   required from here
[22.284s] /opt/ros/jazzy/include/message_filters/message_filters/synchronizer.h:53:7: error: base type ‘int’ fails to be a struct or class type
[22.284s]    53 | class Synchronizer : public noncopyable, public Policy
[22.284s]       |       ^~~~~~~~~~~~
[22.284s] /opt/ros/jazzy/include/message_filters/message_filters/synchronizer.h:56:37: error: ‘int’ is not a class, struct, or union type
[22.284s]    56 |   typedef typename Policy::Messages Messages;
[22.284s]       |                                     ^~~~~~~~
[22.284s] /opt/ros/jazzy/include/message_filters/message_filters/synchronizer.h:57:35: error: ‘int’ is not a class, struct, or union type
[22.284s]    57 |   typedef typename Policy::Events Events;
[22.285s]       |                                   ^~~~~~
[22.285s] /opt/ros/jazzy/include/message_filters/message_filters/synchronizer.h:58:35: error: ‘int’ is not a class, struct, or union type
[22.287s]    58 |   typedef typename Policy::Signal Signal;
[22.287s]       |                                   ^~~~~~
[22.288s] /opt/ros/jazzy/include/message_filters/message_filters/synchronizer.h:60:58: error: ‘int’ is not a class, struct, or union type
[22.288s]    60 |   typedef typename std::tuple_element<0, Messages>::type M0;
[22.288s]       |                                                          ^~
[22.289s] /opt/ros/jazzy/include/message_filters/message_filters/synchronizer.h:61:58: error: ‘int’ is not a class, struct, or union type
[22.289s]    61 |   typedef typename std::tuple_element<1, Messages>::type M1;
[22.289s]       |                                                          ^~
[22.289s] /opt/ros/jazzy/include/message_filters/message_filters/synchronizer.h:62:58: error: ‘int’ is not a class, struct, or union type
[22.289s]    62 |   typedef typename std::tuple_element<2, Messages>::type M2;
[22.289s]       |                                                          ^~
[22.289s] /opt/ros/jazzy/include/message_filters/message_filters/synchronizer.h:63:58: error: ‘int’ is not a class, struct, or union type
[22.290s]    63 |   typedef typename std::tuple_element<3, Messages>::type M3;
[22.290s]       |                                                          ^~
[22.292s] /opt/ros/jazzy/include/message_filters/message_filters/synchronizer.h:64:58: error: ‘int’ is not a class, struct, or union type
[22.292s]    64 |   typedef typename std::tuple_element<4, Messages>::type M4;
[22.292s]       |                                                          ^~
[22.292s] /opt/ros/jazzy/include/message_filters/message_filters/synchronizer.h:65:58: error: ‘int’ is not a class, struct, or union type
[22.293s]    65 |   typedef typename std::tuple_element<5, Messages>::type M5;
[22.293s]       |                                                          ^~
[22.293s] /opt/ros/jazzy/include/message_filters/message_filters/synchronizer.h:66:58: error: ‘int’ is not a class, struct, or union type
[22.293s]    66 |   typedef typename std::tuple_element<6, Messages>::type M6;
[22.293s]       |                                                          ^~
[22.293s] /opt/ros/jazzy/include/message_filters/message_filters/synchronizer.h:67:58: error: ‘int’ is not a class, struct, or union type
[22.293s]    67 |   typedef typename std::tuple_element<7, Messages>::type M7;
[22.293s]       |                                                          ^~
[22.294s] /opt/ros/jazzy/include/message_filters/message_filters/synchronizer.h:68:58: error: ‘int’ is not a class, struct, or union type
[22.294s]    68 |   typedef typename std::tuple_element<8, Messages>::type M8;
[22.296s]       |                                                          ^~
[22.296s] /opt/ros/jazzy/include/message_filters/message_filters/synchronizer.h:71:56: error: ‘int’ is not a class, struct, or union type
[22.297s]    71 |   typedef typename std::tuple_element<0, Events>::type M0Event;
[22.297s]       |                                                        ^~~~~~~
[22.297s] /opt/ros/jazzy/include/message_filters/message_filters/synchronizer.h:72:56: error: ‘int’ is not a class, struct, or union type
[22.297s]    72 |   typedef typename std::tuple_element<1, Events>::type M1Event;
[22.297s]       |                                                        ^~~~~~~
[22.297s] /opt/ros/jazzy/include/message_filters/message_filters/synchronizer.h:73:56: error: ‘int’ is not a class, struct, or union type
[22.297s]    73 |   typedef typename std::tuple_element<2, Events>::type M2Event;
[22.298s]       |                                                        ^~~~~~~
[22.298s] /opt/ros/jazzy/include/message_filters/message_filters/synchronizer.h:74:56: error: ‘int’ is not a class, struct, or union type
[22.300s]    74 |   typedef typename std::tuple_element<3, Events>::type M3Event;
[22.300s]       |                                                        ^~~~~~~
[22.300s] /opt/ros/jazzy/include/message_filters/message_filters/synchronizer.h:75:56: error: ‘int’ is not a class, struct, or union type
[22.300s]    75 |   typedef typename std::tuple_element<4, Events>::type M4Event;
[22.301s]       |                                                        ^~~~~~~
[22.301s] /opt/ros/jazzy/include/message_filters/message_filters/synchronizer.h:76:56: error: ‘int’ is not a class, struct, or union type
[22.301s]    76 |   typedef typename std::tuple_element<5, Events>::type M5Event;
[22.301s]       |                                                        ^~~~~~~
[22.301s] /opt/ros/jazzy/include/message_filters/message_filters/synchronizer.h:77:56: error: ‘int’ is not a class, struct, or union type
[22.301s]    77 |   typedef typename std::tuple_element<6, Events>::type M6Event;
[22.301s]       |                                                        ^~~~~~~
[22.301s] /opt/ros/jazzy/include/message_filters/message_filters/synchronizer.h:78:56: error: ‘int’ is not a class, struct, or union type
[22.302s]    78 |   typedef typename std::tuple_element<7, Events>::type M7Event;
[22.302s]       |                                                        ^~~~~~~
[22.304s] /opt/ros/jazzy/include/message_filters/message_filters/synchronizer.h:79:56: error: ‘int’ is not a class, struct, or union type
[22.304s]    79 |   typedef typename std::tuple_element<8, Events>::type M8Event;
[22.304s]       |                                                        ^~~~~~~
[22.304s] /opt/ros/jazzy/include/message_filters/message_filters/synchronizer.h:325:17: error: ‘int’ is not a class, namespace, or enumeration
[22.305s]   325 |   using Policy::add;
[22.305s]       |                 ^~~
[22.305s] /opt/ros/jazzy/include/message_filters/message_filters/synchronizer.h:328:8: error: ‘int’ is not a class, struct, or union type
[22.305s]   328 |   void add(const std::shared_ptr<typename std::tuple_element<i, Messages>::type const>& msg)
[22.305s]       |        ^~~
[22.305s] /opt/ros/jazzy/include/message_filters/message_filters/synchronizer.h:344:8: error: ‘int’ is not a class, struct, or union type
[22.305s]   344 |   void cb(const typename std::tuple_element<i, Events>::type& evt)
[22.305s]       |        ^~
[22.306s] /home/neha/ros2_ws/src/semnav_migration/src/navigation_semantic.cpp:147:55: error: ‘bind’ is not a member of ‘boost’; did you mean ‘find’?
[22.306s]   147 |                         sync->registerCallback(boost::bind(&SemanticNavigationNode::control_callback, this, _1, _2));
[22.308s]       |                                                       ^~~~
[22.308s]       |                                                       find
[22.308s] /home/neha/ros2_ws/src/semnav_migration/src/navigation_semantic.cpp:147:109: error: ‘_1’ was not declared in this scope
[22.308s]   147 |                         sync->registerCallback(boost::bind(&SemanticNavigationNode::control_callback, this, _1, _2));
[22.309s]       |                                                                                                             ^~
[22.309s] /home/neha/ros2_ws/src/semnav_migration/src/navigation_semantic.cpp:147:109: note: suggested alternatives:
[22.309s] In file included from /usr/include/boost/mpl/aux_/include_preprocessed.hpp:37,
[22.309s]                  from /usr/include/boost/mpl/placeholders.hpp:43,
[22.309s]                  from /usr/include/boost/iterator/iterator_categories.hpp:16,
[22.309s]                  from /usr/include/boost/iterator/iterator_facade.hpp:13,
[22.309s]                  from /usr/include/boost/range/iterator_range_core.hpp:27,
[22.309s]                  from /usr/include/boost/lexical_cast.hpp:48,
[22.310s]                  from /usr/include/boost/multiprecision/detail/number_base.hpp:29,
[22.312s]                  from /usr/include/boost/multiprecision/traits/is_variable_precision.hpp:9,
[22.312s]                  from /usr/include/boost/multiprecision/detail/precision.hpp:9,
[22.312s]                  from /usr/include/boost/multiprecision/number.hpp:11,
[22.312s]                  from /usr/include/boost/multiprecision/cpp_int.hpp:19,
[22.313s]                  from /usr/include/boost/multiprecision/cpp_bin_float.hpp:15,
[22.313s]                  from /usr/include/boost/geometry/core/coordinate_promotion.hpp:16,
[22.313s]                  from /usr/include/boost/geometry/core/radian_access.hpp:30,
[22.313s]                  from /usr/include/boost/geometry/geometry.hpp:50,
[22.313s]                  from /usr/include/boost/geometry.hpp:17,
[22.313s]                  from /home/neha/ros2_ws/src/semnav_migration/include/reactive_planner_lib.h:26:
[22.313s] /usr/include/boost/mpl/aux_/preprocessed/gcc/placeholders.hpp:29:16: note:   ‘mpl_::_1’
[22.313s]    29 | typedef arg<1> _1;
[22.314s]       |                ^~
[22.314s] In file included from /usr/include/boost/numeric/conversion/converter_policies.hpp:13,
[22.316s]                  from /usr/include/boost/numeric/conversion/converter.hpp:14,
[22.316s]                  from /usr/include/boost/numeric/conversion/cast.hpp:33,
[22.316s]                  from /usr/include/boost/geometry/core/radian_access.hpp:26:
[22.316s] /usr/include/c++/13/functional:294:48: note:   ‘std::placeholders::_1’
[22.316s]   294 |     _GLIBCXX_PLACEHOLDER const _Placeholder<1> _1;
[22.317s]       |                                                ^~
[22.317s] /usr/include/boost/mpl/aux_/preprocessed/gcc/placeholders.hpp:29:16: note:   ‘mpl_::_1’
[22.317s]    29 | typedef arg<1> _1;
[22.317s]       |                ^~
[22.317s] In file included from /usr/include/boost/describe/members.hpp:20,
[22.317s]                  from /usr/include/boost/container_hash/is_described_class.hpp:11,
[22.317s]                  from /usr/include/boost/container_hash/hash.hpp:18,
[22.317s]                  from /usr/include/boost/functional/hash.hpp:6,
[22.318s]                  from /usr/include/CGAL/Kernel/hash_functions.h:16,
[22.318s]                  from /usr/include/CGAL/Kernel/global_functions.h:25,
[22.320s]                  from /usr/include/CGAL/Cartesian/Cartesian_base.h:22,
[22.320s]                  from /usr/include/CGAL/Simple_cartesian.h:20,
[22.320s]                  from /usr/include/CGAL/Exact_predicates_inexact_constructions_kernel.h:20,
[22.320s]                  from /home/neha/ros2_ws/src/semnav_migration/include/polygeom_lib.h:32,
[22.321s]                  from /home/neha/ros2_ws/src/semnav_migration/include/reactive_planner_lib.h:52:
[22.321s] /usr/include/boost/mp11/bind.hpp:45:7: note:   ‘boost::mp11::_1’
[22.321s]    45 | using _1 = mp_arg<0>;
[22.321s]       |       ^~
[22.321s] /usr/include/boost/mpl/aux_/preprocessed/gcc/placeholders.hpp:29:16: note:   ‘mpl_::_1’
[22.321s]    29 | typedef arg<1> _1;
[22.321s]       |                ^~
[22.321s] /home/neha/ros2_ws/src/semnav_migration/src/navigation_semantic.cpp:147:113: error: ‘_2’ was not declared in this scope
[22.322s]   147 |                         sync->registerCallback(boost::bind(&SemanticNavigationNode::control_callback, this, _1, _2));
[22.324s]       |                                                                                                                 ^~
[22.324s] /home/neha/ros2_ws/src/semnav_migration/src/navigation_semantic.cpp:147:113: note: suggested alternatives:
[22.324s] /usr/include/boost/mpl/aux_/preprocessed/gcc/placeholders.hpp:42:16: note:   ‘mpl_::_2’
[22.324s]    42 | typedef arg<2> _2;
[22.324s]       |                ^~
[22.325s] /usr/include/c++/13/functional:295:48: note:   ‘std::placeholders::_2’
[22.325s]   295 |     _GLIBCXX_PLACEHOLDER const _Placeholder<2> _2;
[22.325s]       |                                                ^~
[22.325s] /usr/include/boost/mpl/aux_/preprocessed/gcc/placeholders.hpp:42:16: note:   ‘mpl_::_2’
[22.325s]    42 | typedef arg<2> _2;
[22.325s]       |                ^~
[22.325s] /usr/include/boost/mp11/bind.hpp:46:7: note:   ‘boost::mp11::_2’
[22.326s]    46 | using _2 = mp_arg<1>;
[22.326s]       |       ^~
[22.328s] /usr/include/boost/mpl/aux_/preprocessed/gcc/placeholders.hpp:42:16: note:   ‘mpl_::_2’
[22.328s]    42 | typedef arg<2> _2;
[22.328s]       |                ^~
[22.328s] /home/neha/ros2_ws/src/semnav_migration/src/navigation_semantic.cpp:149:25: error: ‘ros’ has not been declared
[22.329s]   149 |                         ros::Subscriber sub_semantic = nh_.subscribe(sub_semantic_topic_, 1, &SemanticNavigationNode::diffeo_tree_update, this);
[22.329s]       |                         ^~~
[22.329s] /home/neha/ros2_ws/src/semnav_migration/src/navigation_semantic.cpp:153:25: error: ‘ros’ has not been declared
[22.329s]   153 |                         ros::Duration(5.0).sleep();
[22.329s]       |                         ^~~
[22.329s] /home/neha/ros2_ws/src/semnav_migration/src/navigation_semantic.cpp:160:25: error: ‘ros’ has not been declared
[22.329s]   160 |                         ros::spin();
[22.329s]       |                         ^~~
[22.352s] /home/neha/ros2_ws/src/semnav_migration/src/navigation_semantic.cpp: In member function ‘void SemanticNavigationNode::publish_twist(double, double)’:
[22.352s] /home/neha/ros2_ws/src/semnav_migration/src/navigation_semantic.cpp:167:25: error: ‘pub_twist_’ was not declared in this scope; did you mean ‘publish_twist’?
[22.352s]   167 |                         pub_twist_.publish(commandTwist);
[22.352s]       |                         ^~~~~~~~~~
[22.353s]       |                         publish_twist
[22.355s] /home/neha/ros2_ws/src/semnav_migration/src/navigation_semantic.cpp: In member function ‘void SemanticNavigationNode::publish_behavior_id(uint16_t)’:
[22.356s] /home/neha/ros2_ws/src/semnav_migration/src/navigation_semantic.cpp:172:32: error: ‘UInt32’ is not a member of ‘std_msgs::msg’
[22.356s]   172 |                 std_msgs::msg::UInt32 commandId;
[22.356s]       |                                ^~~~~~
[22.370s] /home/neha/ros2_ws/src/semnav_migration/src/navigation.cpp:144:112: error: no matching function for call to ‘message_filters::Subscriber<nav_msgs::msg::Odometry_<std::allocator<void> > >::Subscriber(rclcpp::Node&, std::string&, int)’
[22.370s]   144 |                         message_filters::Subscriber<nav_msgs::msg::Odometry> sub_robot(nh_, sub_robot_topic_, 1);
[22.370s]       |                                                                                                                ^
[22.370s] In file included from /home/neha/ros2_ws/src/semnav_migration/include/reactive_planner_lib.h:43:
[22.371s] /opt/ros/jazzy/include/message_filters/message_filters/subscriber.h:224:3: note: candidate: ‘message_filters::Subscriber<M, NodeType>::Subscriber() [with M = nav_msgs::msg::Odometry_<std::allocator<void> >; NodeType = rclcpp::Node]’
[22.371s]   224 |   Subscriber() = default;
[22.371s]       |   ^~~~~~~~~~
[22.371s] /opt/ros/jazzy/include/message_filters/message_filters/subscriber.h:224:3: note:   candidate expects 0 arguments, 3 provided
[22.372s] /opt/ros/jazzy/include/message_filters/message_filters/subscriber.h:212:3: note: candidate: ‘message_filters::Subscriber<M, NodeType>::Subscriber(NodeType*, const std::string&, rmw_qos_profile_t, rclcpp::SubscriptionOptions) [with M = nav_msgs::msg::Odometry_<std::allocator<void> >; NodeType = rclcpp::Node; std::string = std::__cxx11::basic_string<char>; rmw_qos_profile_t = rmw_qos_profile_s; rclcpp::SubscriptionOptions = rclcpp::SubscriptionOptionsWithAllocator<std::allocator<void> >]’
[22.372s]   212 |   Subscriber(
[22.372s]       |   ^~~~~~~~~~
[22.372s] /opt/ros/jazzy/include/message_filters/message_filters/subscriber.h:212:3: note:   candidate expects 4 arguments, 3 provided
[22.373s] /opt/ros/jazzy/include/message_filters/message_filters/subscriber.h:203:3: note: candidate: ‘message_filters::Subscriber<M, NodeType>::Subscriber(NodePtr, const std::string&, rmw_qos_profile_t, rclcpp::SubscriptionOptions) [with M = nav_msgs::msg::Odometry_<std::allocator<void> >; NodeType = rclcpp::Node; NodePtr = std::shared_ptr<rclcpp::Node>; std::string = std::__cxx11::basic_string<char>; rmw_qos_profile_t = rmw_qos_profile_s; rclcpp::SubscriptionOptions = rclcpp::SubscriptionOptionsWithAllocator<std::allocator<void> >]’
[22.373s]   203 |   Subscriber(
[22.373s]       |   ^~~~~~~~~~
[22.373s] /opt/ros/jazzy/include/message_filters/message_filters/subscriber.h:203:3: note:   candidate expects 4 arguments, 3 provided
[22.374s] /opt/ros/jazzy/include/message_filters/message_filters/subscriber.h:188:3: note: candidate: ‘message_filters::Subscriber<M, NodeType>::Subscriber(NodeType*, const std::string&, rmw_qos_profile_t) [with M = nav_msgs::msg::Odometry_<std::allocator<void> >; NodeType = rclcpp::Node; std::string = std::__cxx11::basic_string<char>; rmw_qos_profile_t = rmw_qos_profile_s]’
[22.374s]   188 |   Subscriber(NodeType * node, const std::string& topic, const rmw_qos_profile_t qos = rmw_qos_profile_default)
[22.374s]       |   ^~~~~~~~~~
[22.376s] /opt/ros/jazzy/include/message_filters/message_filters/subscriber.h:188:25: note:   no known conversion for argument 1 from ‘rclcpp::Node’ to ‘rclcpp::Node*’
[22.376s]   188 |   Subscriber(NodeType * node, const std::string& topic, const rmw_qos_profile_t qos = rmw_qos_profile_default)
[22.376s]       |              ~~~~~~~~~~~^~~~
[22.377s] /opt/ros/jazzy/include/message_filters/message_filters/subscriber.h:183:3: note: candidate: ‘message_filters::Subscriber<M, NodeType>::Subscriber(NodePtr, const std::string&, rmw_qos_profile_t) [with M = nav_msgs::msg::Odometry_<std::allocator<void> >; NodeType = rclcpp::Node; NodePtr = std::shared_ptr<rclcpp::Node>; std::string = std::__cxx11::basic_string<char>; rmw_qos_profile_t = rmw_qos_profile_s]’
[22.377s]   183 |   Subscriber(NodePtr node, const std::string& topic, const rmw_qos_profile_t qos = rmw_qos_profile_default)
[22.377s]       |   ^~~~~~~~~~
[22.377s] /opt/ros/jazzy/include/message_filters/message_filters/subscriber.h:183:22: note:   no known conversion for argument 1 from ‘rclcpp::Node’ to ‘message_filters::Subscriber<nav_msgs::msg::Odometry_<std::allocator<void> > >::NodePtr’ {aka ‘std::shared_ptr<rclcpp::Node>’}
[22.377s]   183 |   Subscriber(NodePtr node, const std::string& topic, const rmw_qos_profile_t qos = rmw_qos_profile_default)
[22.377s]       |              ~~~~~~~~^~~~
[22.405s] /home/neha/ros2_ws/src/semnav_migration/src/navigation_semantic.cpp:173:25: error: ‘commandId’ was not declared in this scope
[22.405s]   173 |                         commandId.data = BehaviorIdCmd;
[22.405s]       |                         ^~~~~~~~~
[22.492s] /home/neha/ros2_ws/src/semnav_migration/src/navigation_semantic.cpp:174:25: error: ‘pub_behaviorID_’ was not declared in this scope; did you mean ‘pub_behaviorID_topic_’?
[22.493s]   174 |                         pub_behaviorID_.publish(commandId);
[22.493s]       |                         ^~~~~~~~~~~~~~~
[22.493s]       |                         pub_behaviorID_topic_
[22.498s] /home/neha/ros2_ws/src/semnav_migration/src/navigation_semantic.cpp: In member function ‘void SemanticNavigationNode::publish_behavior_mode(uint16_t)’:
[22.498s] /home/neha/ros2_ws/src/semnav_migration/src/navigation_semantic.cpp:179:28: error: ‘UInt32’ is not a member of ‘std_msgs::msg’
[22.498s]   179 |             std_msgs::msg::UInt32 commandMode;
[22.498s]       |                            ^~~~~~
[22.549s] /home/neha/ros2_ws/src/semnav_migration/src/navigation.cpp:148:65: error: ‘sub_laser’ was not declared in this scope
[22.549s]   148 |                         sync.reset(new Sync(SyncPolicy(100000), sub_laser, sub_robot));
[22.549s]       |                                                                 ^~~~~~~~~
[22.560s] /home/neha/ros2_ws/src/semnav_migration/src/navigation_semantic.cpp:180:25: error: ‘commandMode’ was not declared in this scope
[22.560s]   180 |                         commandMode.data = BehaviorModeCmd;
[22.560s]       |                         ^~~~~~~~~~~
[22.563s] /home/neha/ros2_ws/src/semnav_migration/src/navigation.cpp:149:55: error: ‘bind’ is not a member of ‘boost’; did you mean ‘find’?
[22.563s]   149 |                         sync->registerCallback(boost::bind(&NavigationNode::control_callback, this, _1, _2));
[22.563s]       |                                                       ^~~~
[22.563s]       |                                                       find
[22.565s] /home/neha/ros2_ws/src/semnav_migration/src/navigation.cpp:149:101: error: ‘_1’ was not declared in this scope
[22.566s]   149 |                         sync->registerCallback(boost::bind(&NavigationNode::control_callback, this, _1, _2));
[22.566s]       |                                                                                                     ^~
[22.568s] /home/neha/ros2_ws/src/semnav_migration/src/navigation.cpp:149:101: note: suggested alternatives:
[22.569s] In file included from /usr/include/boost/mpl/aux_/include_preprocessed.hpp:37,
[22.569s]                  from /usr/include/boost/mpl/placeholders.hpp:43,
[22.569s]                  from /usr/include/boost/iterator/iterator_categories.hpp:16,
[22.569s]                  from /usr/include/boost/iterator/iterator_facade.hpp:13,
[22.569s]                  from /usr/include/boost/range/iterator_range_core.hpp:27,
[22.569s]                  from /usr/include/boost/lexical_cast.hpp:48,
[22.569s]                  from /usr/include/boost/multiprecision/detail/number_base.hpp:29,
[22.569s]                  from /usr/include/boost/multiprecision/traits/is_variable_precision.hpp:9,
[22.570s]                  from /usr/include/boost/multiprecision/detail/precision.hpp:9,
[22.570s]                  from /usr/include/boost/multiprecision/number.hpp:11,
[22.572s]                  from /usr/include/boost/multiprecision/cpp_int.hpp:19,
[22.572s]                  from /usr/include/boost/multiprecision/cpp_bin_float.hpp:15,
[22.572s]                  from /usr/include/boost/geometry/core/coordinate_promotion.hpp:16,
[22.572s]                  from /usr/include/boost/geometry/core/radian_access.hpp:30,
[22.572s]                  from /usr/include/boost/geometry/geometry.hpp:50,
[22.573s]                  from /usr/include/boost/geometry.hpp:17,
[22.573s]                  from /home/neha/ros2_ws/src/semnav_migration/include/reactive_planner_lib.h:26:
[22.573s] /usr/include/boost/mpl/aux_/preprocessed/gcc/placeholders.hpp:29:16: note:   ‘mpl_::_1’
[22.573s]    29 | typedef arg<1> _1;
[22.573s]       |                ^~
[22.573s] In file included from /usr/include/boost/numeric/conversion/converter_policies.hpp:13,
[22.573s]                  from /usr/include/boost/numeric/conversion/converter.hpp:14,
[22.573s]                  from /usr/include/boost/numeric/conversion/cast.hpp:33,
[22.574s]                  from /usr/include/boost/geometry/core/radian_access.hpp:26:
[22.574s] /usr/include/c++/13/functional:294:48: note:   ‘std::placeholders::_1’
[22.575s]   294 |     _GLIBCXX_PLACEHOLDER const _Placeholder<1> _1;
[22.575s]       |                                                ^~
[22.575s] /usr/include/boost/mpl/aux_/preprocessed/gcc/placeholders.hpp:29:16: note:   ‘mpl_::_1’
[22.575s]    29 | typedef arg<1> _1;
[22.575s]       |                ^~
[22.575s] In file included from /usr/include/boost/describe/members.hpp:20,
[22.576s]                  from /usr/include/boost/container_hash/is_described_class.hpp:11,
[22.576s]                  from /usr/include/boost/container_hash/hash.hpp:18,
[22.576s]                  from /usr/include/boost/functional/hash.hpp:6,
[22.576s]                  from /usr/include/CGAL/Kernel/hash_functions.h:16,
[22.576s]                  from /usr/include/CGAL/Kernel/global_functions.h:25,
[22.576s]                  from /usr/include/CGAL/Cartesian/Cartesian_base.h:22,
[22.576s]                  from /usr/include/CGAL/Simple_cartesian.h:20,
[22.576s]                  from /usr/include/CGAL/Exact_predicates_inexact_constructions_kernel.h:20,
[22.576s]                  from /home/neha/ros2_ws/src/semnav_migration/include/polygeom_lib.h:32,
[22.577s]                  from /home/neha/ros2_ws/src/semnav_migration/include/reactive_planner_lib.h:52:
[22.577s] /usr/include/boost/mp11/bind.hpp:45:7: note:   ‘boost::mp11::_1’
[22.580s]    45 | using _1 = mp_arg<0>;
[22.580s]       |       ^~
[22.580s] /usr/include/boost/mpl/aux_/preprocessed/gcc/placeholders.hpp:29:16: note:   ‘mpl_::_1’
[22.580s]    29 | typedef arg<1> _1;
[22.581s]       |                ^~
[22.581s] /home/neha/ros2_ws/src/semnav_migration/src/navigation.cpp:149:105: error: ‘_2’ was not declared in this scope
[22.581s]   149 |                         sync->registerCallback(boost::bind(&NavigationNode::control_callback, this, _1, _2));
[22.581s]       |                                                                                                         ^~
[22.584s] /home/neha/ros2_ws/src/semnav_migration/src/navigation.cpp:149:105: note: suggested alternatives:
[22.584s] /usr/include/boost/mpl/aux_/preprocessed/gcc/placeholders.hpp:42:16: note:   ‘mpl_::_2’
[22.584s]    42 | typedef arg<2> _2;
[22.584s]       |                ^~
[22.585s] /usr/include/c++/13/functional:295:48: note:   ‘std::placeholders::_2’
[22.585s]   295 |     _GLIBCXX_PLACEHOLDER const _Placeholder<2> _2;
[22.585s]       |                                                ^~
[22.585s] /usr/include/boost/mpl/aux_/preprocessed/gcc/placeholders.hpp:42:16: note:   ‘mpl_::_2’
[22.585s]    42 | typedef arg<2> _2;
[22.585s]       |                ^~
[22.585s] /usr/include/boost/mp11/bind.hpp:46:7: note:   ‘boost::mp11::_2’
[22.585s]    46 | using _2 = mp_arg<1>;
[22.586s]       |       ^~
[22.586s] /usr/include/boost/mpl/aux_/preprocessed/gcc/placeholders.hpp:42:16: note:   ‘mpl_::_2’
[22.588s]    42 | typedef arg<2> _2;
[22.588s]       |                ^~
[22.588s] /home/neha/ros2_ws/src/semnav_migration/src/navigation.cpp:151:65: error: ‘class rclcpp::Node’ has no member named ‘subscribe’
[22.588s]   151 |                         rclcpp::Subscription sub_semantic = nh_.subscribe(sub_semantic_topic_, 1, &NavigationNode::diffeo_tree_update, this);
[22.588s]       |                                                                 ^~~~~~~~~
[22.589s] /home/neha/ros2_ws/src/semnav_migration/src/navigation.cpp:155:45: error: no matching function for call to ‘rclcpp::Duration::Duration(double)’
[22.589s]   155 |                         rclcpp::Duration(5.0).sleep();
[22.589s]       |                                             ^
[22.589s] In file included from /opt/ros/jazzy/include/rclcpp/rclcpp/time.hpp:24,
[22.589s]                  from /opt/ros/jazzy/include/rclcpp/rclcpp/clock.hpp:24,
[22.589s]                  from /opt/ros/jazzy/include/rclcpp/rclcpp/client.hpp:38,
[22.589s]                  from /opt/ros/jazzy/include/rclcpp/rclcpp/callback_group.hpp:24,
[22.589s]                  from /opt/ros/jazzy/include/rclcpp/rclcpp/any_executable.hpp:20,
[22.590s]                  from /opt/ros/jazzy/include/rclcpp/rclcpp/memory_strategy.hpp:25,
[22.590s]                  from /opt/ros/jazzy/include/rclcpp/rclcpp/memory_strategies.hpp:18,
[22.592s]                  from /opt/ros/jazzy/include/rclcpp/rclcpp/executor_options.hpp:22,
[22.592s]                  from /opt/ros/jazzy/include/rclcpp/rclcpp/executor.hpp:38,
[22.592s]                  from /opt/ros/jazzy/include/rclcpp/rclcpp/executors/multi_threaded_executor.hpp:25,
[22.592s]                  from /opt/ros/jazzy/include/rclcpp/rclcpp/executors.hpp:21:
[22.592s] /opt/ros/jazzy/include/rclcpp/rclcpp/duration.hpp:49:3: note: candidate: ‘template<class Rep, class Period> rclcpp::Duration::Duration(const std::chrono::duration<_Rep1, _Period1>&)’
[22.593s]    49 |   Duration(const std::chrono::duration<Rep, Period> & duration)  // NOLINT(runtime/explicit)
[22.593s]       |   ^~~~~~~~
[22.593s] /opt/ros/jazzy/include/rclcpp/rclcpp/duration.hpp:49:3: note:   template argument deduction/substitution failed:
[22.593s] /home/neha/ros2_ws/src/semnav_migration/src/navigation.cpp:155:45: note:   mismatched types ‘const std::chrono::duration<_Rep1, _Period1>’ and ‘double’
[22.593s]   155 |                         rclcpp::Duration(5.0).sleep();
[22.593s]       |                                             ^
[22.593s] /opt/ros/jazzy/include/rclcpp/rclcpp/duration.hpp:159:3: note: candidate: ‘rclcpp::Duration::Duration()’
[22.593s]   159 |   Duration() = default;
[22.594s]       |   ^~~~~~~~
[22.594s] /opt/ros/jazzy/include/rclcpp/rclcpp/duration.hpp:159:3: note:   candidate expects 0 arguments, 1 provided
[22.596s] /opt/ros/jazzy/include/rclcpp/rclcpp/duration.hpp:62:3: note: candidate: ‘rclcpp::Duration::Duration(const rclcpp::Duration&)’
[22.596s]    62 |   Duration(const Duration & rhs);
[22.596s]       |   ^~~~~~~~
[22.596s] /opt/ros/jazzy/include/rclcpp/rclcpp/duration.hpp:62:29: note:   no known conversion for argument 1 from ‘double’ to ‘const rclcpp::Duration&’
[22.597s]    62 |   Duration(const Duration & rhs);
[22.597s]       |            ~~~~~~~~~~~~~~~~~^~~
[22.597s] /opt/ros/jazzy/include/rclcpp/rclcpp/duration.hpp:60:12: note: candidate: ‘rclcpp::Duration::Duration(const rcl_duration_t&)’
[22.597s]    60 |   explicit Duration(const rcl_duration_t & duration);
[22.597s]       |            ^~~~~~~~
[22.597s] /opt/ros/jazzy/include/rclcpp/rclcpp/duration.hpp:60:44: note:   no known conversion for argument 1 from ‘double’ to ‘const rcl_duration_t&’ {aka ‘const rcl_duration_s&’}
[22.597s]    60 |   explicit Duration(const rcl_duration_t & duration);
[22.597s]       |                     ~~~~~~~~~~~~~~~~~~~~~~~^~~~~~~~
[22.598s] /opt/ros/jazzy/include/rclcpp/rclcpp/duration.hpp:54:3: note: candidate: ‘rclcpp::Duration::Duration(const builtin_interfaces::msg::Duration&)’
[22.598s]    54 |   Duration(const builtin_interfaces::msg::Duration & duration_msg);  // NOLINT(runtime/explicit)
[22.600s]       |   ^~~~~~~~
[22.600s] /opt/ros/jazzy/include/rclcpp/rclcpp/duration.hpp:54:54: note:   no known conversion for argument 1 from ‘double’ to ‘const builtin_interfaces::msg::Duration&’ {aka ‘const builtin_interfaces::msg::Duration_<std::allocator<void> >&’}
[22.600s]    54 |   Duration(const builtin_interfaces::msg::Duration & duration_msg);  // NOLINT(runtime/explicit)
[22.600s]       |            ~~~~~~~~~~~~~~~~~~~~~~~~~~~~~~~~~~~~~~~~~~^~~~~~~~~~~~
[22.600s] /opt/ros/jazzy/include/rclcpp/rclcpp/duration.hpp:43:12: note: candidate: ‘rclcpp::Duration::Duration(std::chrono::nanoseconds)’
[22.601s]    43 |   explicit Duration(std::chrono::nanoseconds nanoseconds);
[22.601s]       |            ^~~~~~~~
[22.601s] /opt/ros/jazzy/include/rclcpp/rclcpp/duration.hpp:43:46: note:   no known conversion for argument 1 from ‘double’ to ‘std::chrono::nanoseconds’ {aka ‘std::chrono::duration<long int, std::ratio<1, 1000000000> >’}
[22.601s]    43 |   explicit Duration(std::chrono::nanoseconds nanoseconds);
[22.601s]       |                     ~~~~~~~~~~~~~~~~~~~~~~~~~^~~~~~~~~~~
[22.601s] /opt/ros/jazzy/include/rclcpp/rclcpp/duration.hpp:40:3: note: candidate: ‘rclcpp::Duration::Duration(int32_t, uint32_t)’
[22.601s]    40 |   Duration(int32_t seconds, uint32_t nanoseconds);
[22.601s]       |   ^~~~~~~~
[22.602s] /opt/ros/jazzy/include/rclcpp/rclcpp/duration.hpp:40:3: note:   candidate expects 2 arguments, 1 provided
[22.626s] /home/neha/ros2_ws/src/semnav_migration/src/navigation.cpp:162:38: error: ‘node_ptr’ was not declared in this scope; did you mean ‘mode_t’?
[22.627s]   162 |                         rclcpp::spin(node_ptr);
[22.627s]       |                                      ^~~~~~~~
[22.627s]       |                                      mode_t
[22.637s] /home/neha/ros2_ws/src/semnav_migration/src/navigation.cpp: In member function ‘void NavigationNode::publish_behavior_id(uint16_t)’:
[22.637s] /home/neha/ros2_ws/src/semnav_migration/src/navigation.cpp:174:28: error: ‘UInt32’ is not a member of ‘std_msgs::msg’
[22.637s]   174 |             std_msgs::msg::UInt32 commandId;
[22.637s]       |                            ^~~~~~
[22.656s] /home/neha/ros2_ws/src/semnav_migration/src/navigation_semantic.cpp:181:25: error: ‘pub_behaviorMode_’ was not declared in this scope; did you mean ‘pub_behaviorMode_topic_’?
[22.656s]   181 |                         pub_behaviorMode_.publish(commandMode);
[22.657s]       |                         ^~~~~~~~~~~~~~~~~
[22.657s]       |                         pub_behaviorMode_topic_
[22.686s] /home/neha/ros2_ws/src/semnav_migration/src/navigation.cpp:175:25: error: ‘commandId’ was not declared in this scope
[22.686s]   175 |                         commandId.data = BehaviorIdCmd;
[22.686s]       |                         ^~~~~~~~~
[22.691s] /home/neha/ros2_ws/src/semnav_migration/src/navigation.cpp: In member function ‘void NavigationNode::publish_behavior_mode(uint16_t)’:
[22.691s] /home/neha/ros2_ws/src/semnav_migration/src/navigation.cpp:181:28: error: ‘UInt32’ is not a member of ‘std_msgs::msg’
[22.691s]   181 |             std_msgs::msg::UInt32 commandMode;
[22.691s]       |                            ^~~~~~
[22.710s] /home/neha/ros2_ws/src/semnav_migration/src/navigation_semantic.cpp: In member function ‘void SemanticNavigationNode::control_callback(const sensor_msgs::msg::LaserScan_<std::allocator<void> >::ConstPtr&, const nav_msgs::msg::Odometry_<std::allocator<void> >::ConstPtr&)’:
[22.711s] /home/neha/ros2_ws/src/semnav_migration/src/navigation_semantic.cpp:395:46: error: ‘ros’ has not been declared
[22.711s]   395 |                         double before_time = ros::Time::now().toSec();
[22.711s]       |                                              ^~~
[22.716s] /home/neha/ros2_ws/src/semnav_migration/src/navigation_semantic.cpp:398:40: error: ‘PoseStamped’ is not a member of ‘geometry_msgs’
[22.716s]   398 |                         geometry_msgs::PoseStamped odomPose, mapPose;
[22.716s]       |                                        ^~~~~~~~~~~
[22.757s] /home/neha/ros2_ws/src/semnav_migration/src/navigation_semantic.cpp:399:25: error: ‘odomPose’ was not declared in this scope
[22.757s]   399 |                         odomPose.header.stamp = ros::Time(0);
[22.758s]       |                         ^~~~~~~~
[22.758s] /home/neha/ros2_ws/src/semnav_migration/src/navigation_semantic.cpp:399:49: error: ‘ros’ has not been declared
[22.758s]   399 |                         odomPose.header.stamp = ros::Time(0);
[22.758s]       |                                                 ^~~
[22.760s] /home/neha/ros2_ws/src/semnav_migration/src/navigation.cpp:182:25: error: ‘commandMode’ was not declared in this scope
[22.760s]   182 |                         commandMode.data = BehaviorModeCmd;
[22.760s]       |                         ^~~~~~~~~~~
[22.813s] /home/neha/ros2_ws/src/semnav_migration/src/navigation_semantic.cpp:403:33: error: ‘listener_’ was not declared in this scope
[22.813s]   403 |                                 listener_.waitForTransform(world_frame_id_, odom_frame_id_, ros::Time(0), ros::Duration(1.0));
[22.814s]       |                                 ^~~~~~~~~
[22.814s] /home/neha/ros2_ws/src/semnav_migration/src/navigation_semantic.cpp:403:93: error: ‘ros’ has not been declared
[22.814s]   403 |                                 listener_.waitForTransform(world_frame_id_, odom_frame_id_, ros::Time(0), ros::Duration(1.0));
[22.814s]       |                                                                                             ^~~
[22.814s] /home/neha/ros2_ws/src/semnav_migration/src/navigation_semantic.cpp:403:107: error: ‘ros’ has not been declared
[22.814s]   403 |                                 listener_.waitForTransform(world_frame_id_, odom_frame_id_, ros::Time(0), ros::Duration(1.0));
[22.814s]       |                                                                                                           ^~~
[22.816s] /home/neha/ros2_ws/src/semnav_migration/src/navigation.cpp: In member function ‘void NavigationNode::control_callback(const sensor_msgs::msg::LaserScan_<std::allocator<void> >::ConstPtr&, const nav_msgs::msg::Odometry_<std::allocator<void> >::ConstPtr&)’:
[22.816s] /home/neha/ros2_ws/src/semnav_migration/src/navigation.cpp:356:60: error: ‘now’ is not a member of ‘rclcpp::Time’
[22.816s]   356 |                         double before_time = rclcpp::Time::now().toSec();
[22.816s]       |                                                            ^~~
[22.821s] /home/neha/ros2_ws/src/semnav_migration/src/navigation.cpp:359:33: error: ‘PoseStamped’ is not a member of ‘geometry_msgs::msg’
[22.821s]   359 |             geometry_msgs::msg::PoseStamped odomPose, mapPose;
[22.821s]       |                                 ^~~~~~~~~~~
[22.847s] /home/neha/ros2_ws/src/semnav_migration/src/navigation_semantic.cpp:404:84: error: ‘mapPose’ was not declared in this scope
[22.847s]   404 |                                 listener_.transformPose(world_frame_id_, odomPose, mapPose);
[22.848s]       |                                                                                    ^~~~~~~
[22.853s] /home/neha/ros2_ws/src/semnav_migration/src/navigation_semantic.cpp:405:34: error: ‘tf’ does not name a type; did you mean ‘tm’?
[22.853s]   405 |                         } catch (tf::TransformException &ex) {
[22.853s]       |                                  ^~
[22.854s]       |                                  tm
[22.854s] /home/neha/ros2_ws/src/semnav_migration/src/navigation_semantic.cpp:405:57: error: expected unqualified-id before ‘&’ token
[22.854s]   405 |                         } catch (tf::TransformException &ex) {
[22.854s]       |                                                         ^
[22.854s] /home/neha/ros2_ws/src/semnav_migration/src/navigation_semantic.cpp:405:57: error: expected ‘)’ before ‘&’ token
[22.854s] /home/neha/ros2_ws/src/semnav_migration/src/navigation_semantic.cpp:405:33: note: to match this ‘(’
[22.854s]   405 |                         } catch (tf::TransformException &ex) {
[22.854s]       |                                 ^
[22.855s] /home/neha/ros2_ws/src/semnav_migration/src/navigation_semantic.cpp:405:57: error: expected ‘{’ before ‘&’ token
[22.857s]   405 |                         } catch (tf::TransformException &ex) {
[22.857s]       |                                                         ^
[22.870s] /home/neha/ros2_ws/src/semnav_migration/src/navigation.cpp:360:25: error: ‘odomPose’ was not declared in this scope
[22.870s]   360 |                         odomPose.header.stamp = rclcpp::Time(0);
[22.870s]       |                         ^~~~~~~~
[22.887s] /home/neha/ros2_ws/src/semnav_migration/src/navigation_semantic.cpp:405:58: error: ‘ex’ was not declared in this scope; did you mean ‘exp’?
[22.887s]   405 |                         } catch (tf::TransformException &ex) {
[22.887s]       |                                                          ^~
[22.887s]       |                                                          exp
[22.888s] /home/neha/ros2_ws/src/semnav_migration/src/navigation_semantic.cpp:411:25: error: ‘tf’ has not been declared
[22.888s]   411 |                         tf::Quaternion rotation = tf::Quaternion(mapPose.pose.orientation.x,
[22.888s]       |                         ^~
[22.888s] /home/neha/ros2_ws/src/semnav_migration/src/navigation_semantic.cpp:415:25: error: ‘tf’ has not been declared
[22.888s]   415 |                         tf::Matrix3x3 m(rotation);
[22.888s]       |                         ^~
[22.916s] /home/neha/ros2_ws/src/semnav_migration/src/navigation_semantic.cpp:417:25: error: ‘m’ was not declared in this scope; did you mean ‘tm’?
[22.916s]   417 |                         m.getRPY(roll, pitch, yaw);
[22.916s]       |                         ^
[22.916s]       |                         tm
[22.926s] /home/neha/ros2_ws/src/semnav_migration/src/navigation.cpp:364:33: error: ‘listener_’ was not declared in this scope
[22.926s]   364 |                                 listener_.waitForTransform(world_frame_id_, odom_frame_id_, rclcpp::Time(0), rclcpp::Duration(1.0));
[22.926s]       |                                 ^~~~~~~~~
[22.926s] /home/neha/ros2_ws/src/semnav_migration/src/navigation.cpp:364:130: error: no matching function for call to ‘rclcpp::Duration::Duration(double)’
[22.927s]   364 |                                 listener_.waitForTransform(world_frame_id_, odom_frame_id_, rclcpp::Time(0), rclcpp::Duration(1.0));
[22.927s]       |                                                                                                                                  ^
[22.927s] /opt/ros/jazzy/include/rclcpp/rclcpp/duration.hpp:49:3: note: candidate: ‘template<class Rep, class Period> rclcpp::Duration::Duration(const std::chrono::duration<_Rep1, _Period1>&)’
[22.927s]    49 |   Duration(const std::chrono::duration<Rep, Period> & duration)  // NOLINT(runtime/explicit)
[22.927s]       |   ^~~~~~~~
[22.927s] /opt/ros/jazzy/include/rclcpp/rclcpp/duration.hpp:49:3: note:   template argument deduction/substitution failed:
[22.927s] /home/neha/ros2_ws/src/semnav_migration/src/navigation.cpp:364:130: note:   mismatched types ‘const std::chrono::duration<_Rep1, _Period1>’ and ‘double’
[22.927s]   364 |                                 listener_.waitForTransform(world_frame_id_, odom_frame_id_, rclcpp::Time(0), rclcpp::Duration(1.0));
[22.928s]       |                                                                                                                                  ^
[22.928s] /opt/ros/jazzy/include/rclcpp/rclcpp/duration.hpp:159:3: note: candidate: ‘rclcpp::Duration::Duration()’
[22.930s]   159 |   Duration() = default;
[22.930s]       |   ^~~~~~~~
[22.930s] /opt/ros/jazzy/include/rclcpp/rclcpp/duration.hpp:159:3: note:   candidate expects 0 arguments, 1 provided
[22.930s] /opt/ros/jazzy/include/rclcpp/rclcpp/duration.hpp:62:3: note: candidate: ‘rclcpp::Duration::Duration(const rclcpp::Duration&)’
[22.930s]    62 |   Duration(const Duration & rhs);
[22.931s]       |   ^~~~~~~~
[22.931s] /opt/ros/jazzy/include/rclcpp/rclcpp/duration.hpp:62:29: note:   no known conversion for argument 1 from ‘double’ to ‘const rclcpp::Duration&’
[22.931s]    62 |   Duration(const Duration & rhs);
[22.931s]       |            ~~~~~~~~~~~~~~~~~^~~
[22.931s] /opt/ros/jazzy/include/rclcpp/rclcpp/duration.hpp:60:12: note: candidate: ‘rclcpp::Duration::Duration(const rcl_duration_t&)’
[22.931s]    60 |   explicit Duration(const rcl_duration_t & duration);
[22.931s]       |            ^~~~~~~~
[22.931s] /opt/ros/jazzy/include/rclcpp/rclcpp/duration.hpp:60:44: note:   no known conversion for argument 1 from ‘double’ to ‘const rcl_duration_t&’ {aka ‘const rcl_duration_s&’}
[22.932s]    60 |   explicit Duration(const rcl_duration_t & duration);
[22.934s]       |                     ~~~~~~~~~~~~~~~~~~~~~~~^~~~~~~~
[22.934s] /opt/ros/jazzy/include/rclcpp/rclcpp/duration.hpp:54:3: note: candidate: ‘rclcpp::Duration::Duration(const builtin_interfaces::msg::Duration&)’
[22.934s]    54 |   Duration(const builtin_interfaces::msg::Duration & duration_msg);  // NOLINT(runtime/explicit)
[22.934s]       |   ^~~~~~~~
[22.934s] /opt/ros/jazzy/include/rclcpp/rclcpp/duration.hpp:54:54: note:   no known conversion for argument 1 from ‘double’ to ‘const builtin_interfaces::msg::Duration&’ {aka ‘const builtin_interfaces::msg::Duration_<std::allocator<void> >&’}
[22.935s]    54 |   Duration(const builtin_interfaces::msg::Duration & duration_msg);  // NOLINT(runtime/explicit)
[22.935s]       |            ~~~~~~~~~~~~~~~~~~~~~~~~~~~~~~~~~~~~~~~~~~^~~~~~~~~~~~
[22.935s] /opt/ros/jazzy/include/rclcpp/rclcpp/duration.hpp:43:12: note: candidate: ‘rclcpp::Duration::Duration(std::chrono::nanoseconds)’
[22.935s]    43 |   explicit Duration(std::chrono::nanoseconds nanoseconds);
[22.935s]       |            ^~~~~~~~
[22.935s] /opt/ros/jazzy/include/rclcpp/rclcpp/duration.hpp:43:46: note:   no known conversion for argument 1 from ‘double’ to ‘std::chrono::nanoseconds’ {aka ‘std::chrono::duration<long int, std::ratio<1, 1000000000> >’}
[22.935s]    43 |   explicit Duration(std::chrono::nanoseconds nanoseconds);
[22.935s]       |                     ~~~~~~~~~~~~~~~~~~~~~~~~~^~~~~~~~~~~
[22.936s] /opt/ros/jazzy/include/rclcpp/rclcpp/duration.hpp:40:3: note: candidate: ‘rclcpp::Duration::Duration(int32_t, uint32_t)’
[22.936s]    40 |   Duration(int32_t seconds, uint32_t nanoseconds);
[22.938s]       |   ^~~~~~~~
[22.938s] /opt/ros/jazzy/include/rclcpp/rclcpp/duration.hpp:40:3: note:   candidate expects 2 arguments, 1 provided
[22.952s] /home/neha/ros2_ws/src/semnav_migration/src/navigation_semantic.cpp:418:51: error: ‘mapPose’ was not declared in this scope
[22.952s]   418 |                         double x_robot_position = mapPose.pose.position.x;
[22.953s]       |                                                   ^~~~~~~
[22.961s] /home/neha/ros2_ws/src/semnav_migration/src/navigation_semantic.cpp:431:42: error: could not convert ‘lidar_data’ from ‘shared_ptr<LaserScan_<[...]>>’ to ‘shared_ptr<LaserScan_<[...]>>’
[22.961s]   431 |                         constructLIDAR2D(lidar_data, CutoffRange_, AllowableRange_, RobotPitch_, &LIDAR);
[22.961s]       |                                          ^~~~~~~~~~
[22.962s]       |                                          |
[22.962s]       |                                          shared_ptr<LaserScan_<[...]>>
[22.972s] /home/neha/ros2_ws/src/semnav_migration/src/navigation.cpp:365:84: error: ‘mapPose’ was not declared in this scope
[22.972s]   365 |                                 listener_.transformPose(world_frame_id_, odomPose, mapPose);
[22.972s]       |                                                                                    ^~~~~~~
[22.978s] /home/neha/ros2_ws/src/semnav_migration/src/navigation_semantic.cpp:561:96: error: invalid operands of types ‘const char [53]’ and ‘double’ to binary ‘operator<<’
[22.978s]   561 |                         ROS_WARN_STREAM("[Navigation] Diffeomorphism jacobian determinant is " << MatrixDeterminant(RobotPositionTransformedD) << ", robot position is " << bg::dsv(RobotPosition_) << " and robot positon in model space is " << bg::dsv(RobotPositionTransformedPoint));
[22.979s]       |                                         ~~~~~~~~~~~~~~~~~~~~~~~~~~~~~~~~~~~~~~~~~~~~~~~~~~~~~~ ^~ ~~~~~~~~~~~~~~~~~~~~~~~~~~~~~~~~~~~~~~~~~~~~
[22.979s]       |                                         |                                                                          |
[22.979s]       |                                         const char [53]                                                            double
[23.018s] /home/neha/ros2_ws/src/semnav_migration/src/navigation.cpp:367:33: error: ‘ROS_ERROR’ was not declared in this scope
[23.019s]   367 |                                 ROS_ERROR("%s",ex.what());
[23.019s]       |                                 ^~~~~~~~~
[23.053s] /home/neha/ros2_ws/src/semnav_migration/src/navigation.cpp:372:68: error: ‘mapPose’ was not declared in this scope
[23.053s]   372 |                         tf2::Quaternion rotation = tf2::Quaternion(mapPose.pose.orientation.x,
[23.053s]       |                                                                    ^~~~~~~
[23.057s] /home/neha/ros2_ws/src/semnav_migration/src/navigation.cpp:394:42: error: could not convert ‘lidar_data’ from ‘shared_ptr<LaserScan_<[...]>>’ to ‘shared_ptr<LaserScan_<[...]>>’
[23.057s]   394 |                         constructLIDAR2D(lidar_data, CutoffRange_, AllowableRange_, RobotPitch_, &LIDAR);
[23.058s]       |                                          ^~~~~~~~~~
[23.058s]       |                                          |
[23.058s]       |                                          shared_ptr<LaserScan_<[...]>>
[23.071s] /home/neha/ros2_ws/src/semnav_migration/src/navigation_semantic.cpp:561:25: error: ‘ROS_WARN_STREAM’ was not declared in this scope; did you mean ‘RCLCPP_WARN_STREAM’?
[23.071s]   561 |                         ROS_WARN_STREAM("[Navigation] Diffeomorphism jacobian determinant is " << MatrixDeterminant(RobotPositionTransformedD) << ", robot position is " << bg::dsv(RobotPosition_) << " and robot positon in model space is " << bg::dsv(RobotPositionTransformedPoint));
[23.071s]       |                         ^~~~~~~~~~~~~~~
[23.071s]       |                         RCLCPP_WARN_STREAM
[23.072s] /home/neha/ros2_ws/src/semnav_migration/src/navigation_semantic.cpp:590:41: error: ‘ros’ has not been declared
[23.072s]   590 |                                         ros::Duration(5.0).sleep();
[23.072s]       |                                         ^~~
[23.080s] /home/neha/ros2_ws/src/semnav_migration/src/navigation_semantic.cpp:615:75: error: invalid operands of types ‘const char [32]’ and ‘double’ to binary ‘operator<<’
[23.080s]   615 |                         ROS_WARN_STREAM("[Navigation] Linear command is " << LinearCmd << " and angular command is " << AngularCmd);
[23.080s]       |                                         ~~~~~~~~~~~~~~~~~~~~~~~~~~~~~~~~~ ^~ ~~~~~~~~~
[23.081s]       |                                         |                                    |
[23.081s]       |                                         const char [32]                      double
[23.081s] /home/neha/ros2_ws/src/semnav_migration/src/navigation_semantic.cpp:616:76: error: invalid operands of types ‘const char [33]’ and ‘int’ to binary ‘operator<<’
[23.081s]   616 |                         ROS_WARN_STREAM("[Navigation] Command update for " << int(localDiffeoTreeArray.size()) << " polygons in " << ros::Time::now().toSec()-before_time << " seconds.");
[23.081s]       |                                         ~~~~~~~~~~~~~~~~~~~~~~~~~~~~~~~~~~ ^~ ~~~~~~~~~~~~~~~~~~~~~~~~~~~~~~~~
[23.081s]       |                                         |                                     |
[23.081s]       |                                         const char [33]                       int
[23.082s] /home/neha/ros2_ws/src/semnav_migration/src/navigation_semantic.cpp:616:134: error: ‘ros’ has not been declared
[23.082s]   616 |                         ROS_WARN_STREAM("[Navigation] Command update for " << int(localDiffeoTreeArray.size()) << " polygons in " << ros::Time::now().toSec()-before_time << " seconds.");
[23.084s]       |                                                                                                                                      ^~~
[23.085s] /home/neha/ros2_ws/src/semnav_migration/src/navigation.cpp:568:53: error: no matching function for call to ‘rclcpp::Duration::Duration(double)’
[23.085s]   568 |                                 rclcpp::Duration(5.0).sleep();
[23.085s]       |                                                     ^
[23.085s] /opt/ros/jazzy/include/rclcpp/rclcpp/duration.hpp:49:3: note: candidate: ‘template<class Rep, class Period> rclcpp::Duration::Duration(const std::chrono::duration<_Rep1, _Period1>&)’
[23.085s]    49 |   Duration(const std::chrono::duration<Rep, Period> & duration)  // NOLINT(runtime/explicit)
[23.085s]       |   ^~~~~~~~
[23.085s] /opt/ros/jazzy/include/rclcpp/rclcpp/duration.hpp:49:3: note:   template argument deduction/substitution failed:
[23.086s] /home/neha/ros2_ws/src/semnav_migration/src/navigation.cpp:568:53: note:   mismatched types ‘const std::chrono::duration<_Rep1, _Period1>’ and ‘double’
[23.086s]   568 |                                 rclcpp::Duration(5.0).sleep();
[23.088s]       |                                                     ^
[23.088s] /opt/ros/jazzy/include/rclcpp/rclcpp/duration.hpp:159:3: note: candidate: ‘rclcpp::Duration::Duration()’
[23.088s]   159 |   Duration() = default;
[23.088s]       |   ^~~~~~~~
[23.088s] /opt/ros/jazzy/include/rclcpp/rclcpp/duration.hpp:159:3: note:   candidate expects 0 arguments, 1 provided
[23.089s] /opt/ros/jazzy/include/rclcpp/rclcpp/duration.hpp:62:3: note: candidate: ‘rclcpp::Duration::Duration(const rclcpp::Duration&)’
[23.089s]    62 |   Duration(const Duration & rhs);
[23.089s]       |   ^~~~~~~~
[23.089s] /opt/ros/jazzy/include/rclcpp/rclcpp/duration.hpp:62:29: note:   no known conversion for argument 1 from ‘double’ to ‘const rclcpp::Duration&’
[23.089s]    62 |   Duration(const Duration & rhs);
[23.089s]       |            ~~~~~~~~~~~~~~~~~^~~
[23.089s] /opt/ros/jazzy/include/rclcpp/rclcpp/duration.hpp:60:12: note: candidate: ‘rclcpp::Duration::Duration(const rcl_duration_t&)’
[23.089s]    60 |   explicit Duration(const rcl_duration_t & duration);
[23.090s]       |            ^~~~~~~~
[23.090s] /opt/ros/jazzy/include/rclcpp/rclcpp/duration.hpp:60:44: note:   no known conversion for argument 1 from ‘double’ to ‘const rcl_duration_t&’ {aka ‘const rcl_duration_s&’}
[23.092s]    60 |   explicit Duration(const rcl_duration_t & duration);
[23.092s]       |                     ~~~~~~~~~~~~~~~~~~~~~~~^~~~~~~~
[23.092s] /opt/ros/jazzy/include/rclcpp/rclcpp/duration.hpp:54:3: note: candidate: ‘rclcpp::Duration::Duration(const builtin_interfaces::msg::Duration&)’
[23.092s]    54 |   Duration(const builtin_interfaces::msg::Duration & duration_msg);  // NOLINT(runtime/explicit)
[23.092s]       |   ^~~~~~~~
[23.093s] /opt/ros/jazzy/include/rclcpp/rclcpp/duration.hpp:54:54: note:   no known conversion for argument 1 from ‘double’ to ‘const builtin_interfaces::msg::Duration&’ {aka ‘const builtin_interfaces::msg::Duration_<std::allocator<void> >&’}
[23.093s]    54 |   Duration(const builtin_interfaces::msg::Duration & duration_msg);  // NOLINT(runtime/explicit)
[23.093s]       |            ~~~~~~~~~~~~~~~~~~~~~~~~~~~~~~~~~~~~~~~~~~^~~~~~~~~~~~
[23.093s] /opt/ros/jazzy/include/rclcpp/rclcpp/duration.hpp:43:12: note: candidate: ‘rclcpp::Duration::Duration(std::chrono::nanoseconds)’
[23.093s]    43 |   explicit Duration(std::chrono::nanoseconds nanoseconds);
[23.093s]       |            ^~~~~~~~
[23.093s] /opt/ros/jazzy/include/rclcpp/rclcpp/duration.hpp:43:46: note:   no known conversion for argument 1 from ‘double’ to ‘std::chrono::nanoseconds’ {aka ‘std::chrono::duration<long int, std::ratio<1, 1000000000> >’}
[23.093s]    43 |   explicit Duration(std::chrono::nanoseconds nanoseconds);
[23.094s]       |                     ~~~~~~~~~~~~~~~~~~~~~~~~~^~~~~~~~~~~
[23.094s] /home/neha/ros2_ws/src/semnav_migration/src/navigation_semantic.cpp: In function ‘int main(int, char**)’:
[23.096s] /home/neha/ros2_ws/src/semnav_migration/src/navigation_semantic.cpp:697:9: error: ‘ros’ has not been declared
[23.096s]   697 |         ros::init(argc, argv, "navigation_semantic");
[23.096s]       |         ^~~
[23.096s] /opt/ros/jazzy/include/rclcpp/rclcpp/duration.hpp:40:3: note: candidate: ‘rclcpp::Duration::Duration(int32_t, uint32_t)’
[23.097s]    40 |   Duration(int32_t seconds, uint32_t nanoseconds);
[23.097s]       |   ^~~~~~~~
[23.097s] /opt/ros/jazzy/include/rclcpp/rclcpp/duration.hpp:40:3: note:   candidate expects 2 arguments, 1 provided
[23.097s] /home/neha/ros2_ws/src/semnav_migration/src/navigation_semantic.cpp:700:9: error: ‘ros’ has not been declared
[23.097s]   700 |         ros::NodeHandle nh("~");
[23.097s]       |         ^~~
[23.103s] /home/neha/ros2_ws/src/semnav_migration/src/navigation_semantic.cpp:703:56: error: ‘nh’ was not declared in this scope
[23.103s]   703 |         SemanticNavigationNode semanticNavigationNode(&nh);
[23.103s]       |                                                        ^~
[23.188s] /home/neha/ros2_ws/src/semnav_migration/src/navigation.cpp:571:33: error: ‘ROS_WARN_STREAM’ was not declared in this scope; did you mean ‘RCLCPP_WARN_STREAM’?
[23.188s]   571 |                                 ROS_WARN_STREAM("[Navigation] Successfully navigated to goal and stopped...");
[23.188s]       |                                 ^~~~~~~~~~~~~~~
[23.188s]       |                                 RCLCPP_WARN_STREAM
[23.197s] /home/neha/ros2_ws/src/semnav_migration/src/navigation.cpp:594:75: error: invalid operands of types ‘const char [32]’ and ‘double’ to binary ‘operator<<’
[23.197s]   594 |                         ROS_WARN_STREAM("[Navigation] Linear command is " << LinearCmd << " and angular command is " << AngularCmd);
[23.197s]       |                                         ~~~~~~~~~~~~~~~~~~~~~~~~~~~~~~~~~ ^~ ~~~~~~~~~
[23.197s]       |                                         |                                    |
[23.198s]       |                                         const char [32]                      double
[23.295s] /home/neha/ros2_ws/src/semnav_migration/src/navigation.cpp:594:25: error: ‘ROS_WARN_STREAM’ was not declared in this scope; did you mean ‘RCLCPP_WARN_STREAM’?
[23.295s]   594 |                         ROS_WARN_STREAM("[Navigation] Linear command is " << LinearCmd << " and angular command is " << AngularCmd);
[23.295s]       |                         ^~~~~~~~~~~~~~~
[23.295s]       |                         RCLCPP_WARN_STREAM
[23.297s] /home/neha/ros2_ws/src/semnav_migration/src/navigation.cpp:595:76: error: invalid operands of types ‘const char [33]’ and ‘int’ to binary ‘operator<<’
[23.297s]   595 |                         ROS_WARN_STREAM("[Navigation] Command update for " << int(localDiffeoTreeArray.size()) << " polygons in " << rclcpp::Time::now().toSec()-before_time << " seconds.");
[23.298s]       |                                         ~~~~~~~~~~~~~~~~~~~~~~~~~~~~~~~~~~ ^~ ~~~~~~~~~~~~~~~~~~~~~~~~~~~~~~~~
[23.298s]       |                                         |                                     |
[23.298s]       |                                         const char [33]                       int
[23.299s] /home/neha/ros2_ws/src/semnav_migration/src/navigation.cpp:595:148: error: ‘now’ is not a member of ‘rclcpp::Time’
[23.299s]   595 |                         ROS_WARN_STREAM("[Navigation] Command update for " << int(localDiffeoTreeArray.size()) << " polygons in " << rclcpp::Time::now().toSec()-before_time << " seconds.");
[23.299s]       |                                                                                                                                                    ^~~
[30.094s] gmake[2]: *** [CMakeFiles/navigation_semantic.dir/build.make:76: CMakeFiles/navigation_semantic.dir/src/navigation_semantic.cpp.o] Error 1
[30.095s] gmake[1]: *** [CMakeFiles/Makefile2:207: CMakeFiles/navigation_semantic.dir/all] Error 2
[30.095s] gmake[1]: *** Waiting for unfinished jobs....
[30.812s] gmake[2]: *** [CMakeFiles/navigation.dir/build.make:76: CMakeFiles/navigation.dir/src/navigation.cpp.o] Error 1
[30.813s] gmake[1]: *** [CMakeFiles/Makefile2:181: CMakeFiles/navigation.dir/all] Error 2
[30.813s] gmake: *** [Makefile:146: all] Error 2
[30.816s] Invoked command in '/home/neha/ros2_ws/src/semnav_migration/build/semnav' returned '2': CMAKE_PREFIX_PATH=${CMAKE_PREFIX_PATH}:/opt/ros/jazzy DEBUGINFOD_URLS=https://debuginfod.ubuntu.com /usr/bin/cmake --build /home/neha/ros2_ws/src/semnav_migration/build/semnav -- -j2 -l2
