[0.025s] Invoking command in '/home/neha/ros2_ws/src/semnav_migration/build/semnav': CMAKE_PREFIX_PATH=${CMAKE_PREFIX_PATH}:/opt/ros/jazzy DEBUGINFOD_URLS=https://debuginfod.ubuntu.com /usr/bin/cmake --build /home/neha/ros2_ws/src/semnav_migration/build/semnav -- -j2 -l2
[0.075s] -- Found ament_cmake: 2.5.0 (/opt/ros/jazzy/share/ament_cmake/cmake)
[0.507s] -- Found rclcpp: 28.1.2 (/opt/ros/jazzy/share/rclcpp/cmake)
[0.566s] -- Found rosidl_generator_c: 4.6.2 (/opt/ros/jazzy/share/rosidl_generator_c/cmake)
[0.589s] -- Found rosidl_generator_cpp: 4.6.2 (/opt/ros/jazzy/share/rosidl_generator_cpp/cmake)
[0.618s] -- Using all available rosidl_typesupport_c: rosidl_typesupport_fastrtps_c;rosidl_typesupport_introspection_c
[0.647s] -- Using all available rosidl_typesupport_cpp: rosidl_typesupport_fastrtps_cpp;rosidl_typesupport_introspection_cpp
[0.783s] -- Found rmw_implementation_cmake: 7.3.1 (/opt/ros/jazzy/share/rmw_implementation_cmake/cmake)
[0.785s] -- Found rmw_fastrtps_cpp: 8.4.0 (/opt/ros/jazzy/share/rmw_fastrtps_cpp/cmake)
[0.912s] -- Using RMW implementation 'rmw_fastrtps_cpp' as default
[1.052s] -- Found sensor_msgs: 5.3.5 (/opt/ros/jazzy/share/sensor_msgs/cmake)
[1.177s] -- Found nav_msgs: 5.3.5 (/opt/ros/jazzy/share/nav_msgs/cmake)
[1.237s] -- Found tf2: 0.36.4 (/opt/ros/jazzy/share/tf2/cmake)
[1.245s] -- Found tf2_ros: 0.36.4 (/opt/ros/jazzy/share/tf2_ros/cmake)
[1.488s] -- Found object_pose_interface_msgs: 0.0.0 (/home/neha/ros2_ws/src/install/object_pose_interface_msgs/share/object_pose_interface_msgs/cmake)
[1.548s] -- Found Boost: /usr/lib/x86_64-linux-gnu/cmake/Boost-1.83.0/BoostConfig.cmake (found version "1.83.0") found components: system 
[1.555s] -- Using header-only CGAL
[1.558s] -- Targeting Unix Makefiles
[1.558s] -- Using /usr/bin/c++ compiler.
[1.572s] -- Found Boost: /usr/lib/x86_64-linux-gnu/cmake/Boost-1.83.0/BoostConfig.cmake (found suitable version "1.83.0", minimum required is "1.66")  
[1.573s] -- Boost include dirs: /usr/include
[1.573s] -- Boost libraries:    
[1.577s] -- Using gcc version 4 or later. Adding -frounding-math
[2.471s] CMake Warning at /usr/lib/x86_64-linux-gnu/cmake/CGAL/CGAL_enable_end_of_configuration_hook.cmake:93 (message):
[2.471s]   =======================================================================
[2.472s] 
[2.472s]   CGAL performance notice:
[2.472s] 
[2.472s]   The variable CMAKE_BUILD_TYPE is set to "".  For performance reasons, you
[2.472s]   should set CMAKE_BUILD_TYPE to "Release".
[2.472s] 
[2.472s]   Set CGAL_DO_NOT_WARN_ABOUT_CMAKE_BUILD_TYPE to TRUE if you want to disable
[2.473s]   this warning.
[2.473s] 
[2.473s]   =======================================================================
[2.473s] Call Stack (most recent call first):
[2.473s]   /usr/lib/x86_64-linux-gnu/cmake/CGAL/CGAL_enable_end_of_configuration_hook.cmake:163 (CGAL_hook_check_CMAKE_BUILD_TYPE)
[2.473s]   CMakeLists.txt:DEFERRED
[2.473s] 
[2.473s] 
[2.474s] -- Configuring done (2.4s)
[4.072s] -- Generating done (1.2s)
[4.080s] -- Build files have been written to: /home/neha/ros2_ws/src/semnav_migration/build/semnav
[4.258s] [ 14%] Built target reactive_planner
[4.423s] [ 19%] Building CXX object CMakeFiles/navigation_semantic.dir/src/navigation_semantic.cpp.o
[4.465s] [ 23%] Building CXX object CMakeFiles/navigation.dir/src/navigation.cpp.o
[10.559s] /home/neha/ros2_ws/src/semnav_migration/src/navigation.cpp:27:10: fatal error: object_pose_interface_msgs/msg/UInt32.hpp: No such file or directory
[10.560s]    27 | #include <object_pose_interface_msgs/msg/UInt32.hpp>
[10.560s]       |          ^~~~~~~~~~~~~~~~~~~~~~~~~~~~~~~~~~~~~~~~~~~
[10.562s] compilation terminated.
[10.611s] gmake[2]: *** [CMakeFiles/navigation.dir/build.make:76: CMakeFiles/navigation.dir/src/navigation.cpp.o] Error 1
[10.612s] gmake[1]: *** [CMakeFiles/Makefile2:181: CMakeFiles/navigation.dir/all] Error 2
[10.612s] gmake[1]: *** Waiting for unfinished jobs....
[24.895s] /home/neha/ros2_ws/src/semnav_migration/src/navigation_semantic.cpp:624:17: error: ‘ros’ does not name a type
[24.895s]   624 |                 ros::NodeHandle nh_;
[24.895s]       |                 ^~~
[24.901s] /home/neha/ros2_ws/src/semnav_migration/src/navigation_semantic.cpp:641:17: error: ‘ros’ does not name a type
[24.901s]   641 |                 ros::Publisher pub_behaviorID_;
[24.902s]       |                 ^~~
[24.907s] /home/neha/ros2_ws/src/semnav_migration/src/navigation_semantic.cpp:642:17: error: ‘ros’ does not name a type
[24.907s]   642 |                 ros::Publisher pub_behaviorMode_;
[24.907s]       |                 ^~~
[24.913s] /home/neha/ros2_ws/src/semnav_migration/src/navigation_semantic.cpp:643:17: error: ‘ros’ does not name a type
[24.913s]   643 |                 ros::Publisher pub_twist_;
[24.913s]       |                 ^~~
[24.919s] /home/neha/ros2_ws/src/semnav_migration/src/navigation_semantic.cpp:645:17: error: ‘ros’ does not name a type
[24.919s]   645 |                 ros::Publisher pub_semantic_map_;
[24.919s]       |                 ^~~
[24.933s] /home/neha/ros2_ws/src/semnav_migration/src/navigation_semantic.cpp:691:17: error: ‘tf’ does not name a type; did you mean ‘tm’?
[24.933s]   691 |                 tf::TransformListener listener_;
[24.933s]       |                 ^~
[24.934s]       |                 tm
[25.042s] /home/neha/ros2_ws/src/semnav_migration/src/navigation_semantic.cpp: In constructor ‘SemanticNavigationNode::SemanticNavigationNode()’:
[25.042s] /home/neha/ros2_ws/src/semnav_migration/src/navigation_semantic.cpp:137:13: error: ‘pub_behaviorID_’ was not declared in this scope; did you mean ‘pub_behaviorID_topic_’?
[25.042s]   137 |             pub_behaviorID_ = this->create_publisher<std_msgs::msg::UInt32>("pub_behaviorID_topic_", 1);
[25.042s]       |             ^~~~~~~~~~~~~~~
[25.042s]       |             pub_behaviorID_topic_
[25.046s] /home/neha/ros2_ws/src/semnav_migration/src/navigation_semantic.cpp:137:69: error: ‘UInt32’ is not a member of ‘std_msgs::msg’
[25.046s]   137 |             pub_behaviorID_ = this->create_publisher<std_msgs::msg::UInt32>("pub_behaviorID_topic_", 1);
[25.046s]       |                                                                     ^~~~~~
[25.046s] /home/neha/ros2_ws/src/semnav_migration/src/navigation_semantic.cpp:137:76: error: no matching function for call to ‘SemanticNavigationNode::create_publisher<<expression error> >(const char [22], int)’
[25.046s]   137 |             pub_behaviorID_ = this->create_publisher<std_msgs::msg::UInt32>("pub_behaviorID_topic_", 1);
[25.046s]       |                               ~~~~~~~~~~~~~~~~~~~~~~~~~~~~~~~~~~~~~~~~~~~~~^~~~~~~~~~~~~~~~~~~~~~~~~~~~
[25.047s] In file included from /opt/ros/jazzy/include/rclcpp/rclcpp/executors/single_threaded_executor.hpp:28,
[25.047s]                  from /opt/ros/jazzy/include/rclcpp/rclcpp/executors.hpp:22,
[25.047s]                  from /opt/ros/jazzy/include/rclcpp/rclcpp/rclcpp.hpp:172,
[25.047s]                  from /home/neha/ros2_ws/src/semnav_migration/include/reactive_planner_lib.h:32,
[25.047s]                  from /home/neha/ros2_ws/src/semnav_migration/src/navigation_semantic.cpp:25:
[25.047s] /opt/ros/jazzy/include/rclcpp/rclcpp/node.hpp:197:3: note: candidate: ‘template<class MessageT, class AllocatorT, class PublisherT> std::shared_ptr<PublisherT> rclcpp::Node::create_publisher(const std::string&, const rclcpp::QoS&, const rclcpp::PublisherOptionsWithAllocator<AllocatorT>&)’
[25.048s]   197 |   create_publisher(
[25.048s]       |   ^~~~~~~~~~~~~~~~
[25.048s] /opt/ros/jazzy/include/rclcpp/rclcpp/node.hpp:197:3: note:   template argument deduction/substitution failed:
[25.048s] /home/neha/ros2_ws/src/semnav_migration/src/navigation_semantic.cpp:137:76: error: template argument 1 is invalid
[25.048s]   137 |             pub_behaviorID_ = this->create_publisher<std_msgs::msg::UInt32>("pub_behaviorID_topic_", 1);
[25.048s]       |                               ~~~~~~~~~~~~~~~~~~~~~~~~~~~~~~~~~~~~~~~~~~~~~^~~~~~~~~~~~~~~~~~~~~~~~~~~~
[25.139s] /home/neha/ros2_ws/src/semnav_migration/src/navigation_semantic.cpp:138:13: error: ‘pub_behaviorMode_’ was not declared in this scope; did you mean ‘pub_behaviorMode_topic_’?
[25.139s]   138 |             pub_behaviorMode_ = this->create_publisher<std_msgs::msg::UInt32>("pub_behaviorMode_topic_", 1);
[25.139s]       |             ^~~~~~~~~~~~~~~~~
[25.139s]       |             pub_behaviorMode_topic_
[25.143s] /home/neha/ros2_ws/src/semnav_migration/src/navigation_semantic.cpp:138:71: error: ‘UInt32’ is not a member of ‘std_msgs::msg’
[25.143s]   138 |             pub_behaviorMode_ = this->create_publisher<std_msgs::msg::UInt32>("pub_behaviorMode_topic_", 1);
[25.143s]       |                                                                       ^~~~~~
[25.143s] /home/neha/ros2_ws/src/semnav_migration/src/navigation_semantic.cpp:138:78: error: no matching function for call to ‘SemanticNavigationNode::create_publisher<<expression error> >(const char [24], int)’
[25.143s]   138 |             pub_behaviorMode_ = this->create_publisher<std_msgs::msg::UInt32>("pub_behaviorMode_topic_", 1);
[25.143s]       |                                 ~~~~~~~~~~~~~~~~~~~~~~~~~~~~~~~~~~~~~~~~~~~~~^~~~~~~~~~~~~~~~~~~~~~~~~~~~~~
[25.144s] /opt/ros/jazzy/include/rclcpp/rclcpp/node.hpp:197:3: note: candidate: ‘template<class MessageT, class AllocatorT, class PublisherT> std::shared_ptr<PublisherT> rclcpp::Node::create_publisher(const std::string&, const rclcpp::QoS&, const rclcpp::PublisherOptionsWithAllocator<AllocatorT>&)’
[25.144s]   197 |   create_publisher(
[25.144s]       |   ^~~~~~~~~~~~~~~~
[25.144s] /opt/ros/jazzy/include/rclcpp/rclcpp/node.hpp:197:3: note:   template argument deduction/substitution failed:
[25.144s] /home/neha/ros2_ws/src/semnav_migration/src/navigation_semantic.cpp:138:78: error: template argument 1 is invalid
[25.144s]   138 |             pub_behaviorMode_ = this->create_publisher<std_msgs::msg::UInt32>("pub_behaviorMode_topic_", 1);
[25.144s]       |                                 ~~~~~~~~~~~~~~~~~~~~~~~~~~~~~~~~~~~~~~~~~~~~~^~~~~~~~~~~~~~~~~~~~~~~~~~~~~~
[25.190s] /home/neha/ros2_ws/src/semnav_migration/src/navigation_semantic.cpp:139:13: error: ‘pub_twist_’ was not declared in this scope; did you mean ‘publish_twist’?
[25.190s]   139 |             pub_twist_ = this->create_publisher<std_msgs::msg::UInt32>("pub_twist_topic_", 1);
[25.190s]       |             ^~~~~~~~~~
[25.190s]       |             publish_twist
[25.194s] /home/neha/ros2_ws/src/semnav_migration/src/navigation_semantic.cpp:139:64: error: ‘UInt32’ is not a member of ‘std_msgs::msg’
[25.194s]   139 |             pub_twist_ = this->create_publisher<std_msgs::msg::UInt32>("pub_twist_topic_", 1);
[25.194s]       |                                                                ^~~~~~
[25.194s] /home/neha/ros2_ws/src/semnav_migration/src/navigation_semantic.cpp:139:71: error: no matching function for call to ‘SemanticNavigationNode::create_publisher<<expression error> >(const char [17], int)’
[25.194s]   139 |             pub_twist_ = this->create_publisher<std_msgs::msg::UInt32>("pub_twist_topic_", 1);
[25.194s]       |                          ~~~~~~~~~~~~~~~~~~~~~~~~~~~~~~~~~~~~~~~~~~~~~^~~~~~~~~~~~~~~~~~~~~~~
[25.194s] /opt/ros/jazzy/include/rclcpp/rclcpp/node.hpp:197:3: note: candidate: ‘template<class MessageT, class AllocatorT, class PublisherT> std::shared_ptr<PublisherT> rclcpp::Node::create_publisher(const std::string&, const rclcpp::QoS&, const rclcpp::PublisherOptionsWithAllocator<AllocatorT>&)’
[25.195s]   197 |   create_publisher(
[25.195s]       |   ^~~~~~~~~~~~~~~~
[25.195s] /opt/ros/jazzy/include/rclcpp/rclcpp/node.hpp:197:3: note:   template argument deduction/substitution failed:
[25.195s] /home/neha/ros2_ws/src/semnav_migration/src/navigation_semantic.cpp:139:71: error: template argument 1 is invalid
[25.195s]   139 |             pub_twist_ = this->create_publisher<std_msgs::msg::UInt32>("pub_twist_topic_", 1);
[25.195s]       |                          ~~~~~~~~~~~~~~~~~~~~~~~~~~~~~~~~~~~~~~~~~~~~~^~~~~~~~~~~~~~~~~~~~~~~
[25.195s] /home/neha/ros2_ws/src/semnav_migration/src/navigation_semantic.cpp:142:42: error: ‘message_filters::msg’ has not been declared
[25.195s]   142 |                         message_filters::msg::Subscriber<sensor_msgs::LaserScan> sub_laser(nh_, sub_laser_topic_, 1);
[25.196s]       |                                          ^~~
[25.197s] /home/neha/ros2_ws/src/semnav_migration/src/navigation_semantic.cpp:142:71: error: ‘LaserScan’ is not a member of ‘sensor_msgs’; did you mean ‘sensor_msgs::msg::LaserScan’?
[25.198s]   142 |                         message_filters::msg::Subscriber<sensor_msgs::LaserScan> sub_laser(nh_, sub_laser_topic_, 1);
[25.198s]       |                                                                       ^~~~~~~~~
[25.198s] In file included from /opt/ros/jazzy/include/sensor_msgs/sensor_msgs/msg/laser_scan.hpp:7,
[25.198s]                  from /home/neha/ros2_ws/src/semnav_migration/include/reactive_planner_lib.h:46:
[25.198s] /opt/ros/jazzy/include/sensor_msgs/sensor_msgs/msg/detail/laser_scan__struct.hpp:250:7: note: ‘sensor_msgs::msg::LaserScan’ declared here
[25.198s]   250 | using LaserScan =
[25.198s]       |       ^~~~~~~~~
[25.227s] /home/neha/ros2_ws/src/semnav_migration/src/navigation_semantic.cpp:142:92: error: ‘nh_’ was not declared in this scope
[25.227s]   142 |                         message_filters::msg::Subscriber<sensor_msgs::LaserScan> sub_laser(nh_, sub_laser_topic_, 1);
[25.227s]       |                                                                                            ^~~
[25.274s] /home/neha/ros2_ws/src/semnav_migration/src/navigation_semantic.cpp:142:82: error: ‘sub_laser’ was not declared in this scope
[25.275s]   142 |                         message_filters::msg::Subscriber<sensor_msgs::LaserScan> sub_laser(nh_, sub_laser_topic_, 1);
[25.275s]       |                                                                                  ^~~~~~~~~
[25.341s] /home/neha/ros2_ws/src/semnav_migration/src/navigation_semantic.cpp:144:94: error: ‘LaserScan’ is not a member of ‘sensor_msgs’; did you mean ‘sensor_msgs::msg::LaserScan’?
[25.341s]   144 |                         typedef message_filters::sync_policies::ApproximateTime<sensor_msgs::LaserScan,nav_msgs::msg::Odometry> SyncPolicy;
[25.342s]       |                                                                                              ^~~~~~~~~
[25.342s] /opt/ros/jazzy/include/sensor_msgs/sensor_msgs/msg/detail/laser_scan__struct.hpp:250:7: note: ‘sensor_msgs::msg::LaserScan’ declared here
[25.342s]   250 | using LaserScan =
[25.342s]       |       ^~~~~~~~~
[25.342s] /home/neha/ros2_ws/src/semnav_migration/src/navigation_semantic.cpp:144:127: error: template argument 1 is invalid
[25.342s]   144 |                         typedef message_filters::sync_policies::ApproximateTime<sensor_msgs::LaserScan,nav_msgs::msg::Odometry> SyncPolicy;
[25.342s]       |                                                                                                                               ^
[25.344s] In file included from /home/neha/ros2_ws/src/semnav_migration/include/reactive_planner_lib.h:44:
[25.344s] /opt/ros/jazzy/include/message_filters/message_filters/synchronizer.h: In instantiation of ‘class message_filters::Synchronizer<int>’:
[25.344s] /home/neha/ros2_ws/src/semnav_migration/src/navigation_semantic.cpp:147:64:   required from here
[25.344s] /opt/ros/jazzy/include/message_filters/message_filters/synchronizer.h:53:7: error: base type ‘int’ fails to be a struct or class type
[25.344s]    53 | class Synchronizer : public noncopyable, public Policy
[25.344s]       |       ^~~~~~~~~~~~
[25.345s] /opt/ros/jazzy/include/message_filters/message_filters/synchronizer.h:56:37: error: ‘int’ is not a class, struct, or union type
[25.345s]    56 |   typedef typename Policy::Messages Messages;
[25.345s]       |                                     ^~~~~~~~
[25.345s] /opt/ros/jazzy/include/message_filters/message_filters/synchronizer.h:57:35: error: ‘int’ is not a class, struct, or union type
[25.345s]    57 |   typedef typename Policy::Events Events;
[25.345s]       |                                   ^~~~~~
[25.345s] /opt/ros/jazzy/include/message_filters/message_filters/synchronizer.h:58:35: error: ‘int’ is not a class, struct, or union type
[25.346s]    58 |   typedef typename Policy::Signal Signal;
[25.346s]       |                                   ^~~~~~
[25.346s] /opt/ros/jazzy/include/message_filters/message_filters/synchronizer.h:60:58: error: ‘int’ is not a class, struct, or union type
[25.346s]    60 |   typedef typename std::tuple_element<0, Messages>::type M0;
[25.346s]       |                                                          ^~
[25.346s] /opt/ros/jazzy/include/message_filters/message_filters/synchronizer.h:61:58: error: ‘int’ is not a class, struct, or union type
[25.347s]    61 |   typedef typename std::tuple_element<1, Messages>::type M1;
[25.347s]       |                                                          ^~
[25.347s] /opt/ros/jazzy/include/message_filters/message_filters/synchronizer.h:62:58: error: ‘int’ is not a class, struct, or union type
[25.347s]    62 |   typedef typename std::tuple_element<2, Messages>::type M2;
[25.347s]       |                                                          ^~
[25.347s] /opt/ros/jazzy/include/message_filters/message_filters/synchronizer.h:63:58: error: ‘int’ is not a class, struct, or union type
[25.347s]    63 |   typedef typename std::tuple_element<3, Messages>::type M3;
[25.347s]       |                                                          ^~
[25.348s] /opt/ros/jazzy/include/message_filters/message_filters/synchronizer.h:64:58: error: ‘int’ is not a class, struct, or union type
[25.348s]    64 |   typedef typename std::tuple_element<4, Messages>::type M4;
[25.348s]       |                                                          ^~
[25.348s] /opt/ros/jazzy/include/message_filters/message_filters/synchronizer.h:65:58: error: ‘int’ is not a class, struct, or union type
[25.348s]    65 |   typedef typename std::tuple_element<5, Messages>::type M5;
[25.348s]       |                                                          ^~
[25.348s] /opt/ros/jazzy/include/message_filters/message_filters/synchronizer.h:66:58: error: ‘int’ is not a class, struct, or union type
[25.348s]    66 |   typedef typename std::tuple_element<6, Messages>::type M6;
[25.349s]       |                                                          ^~
[25.349s] /opt/ros/jazzy/include/message_filters/message_filters/synchronizer.h:67:58: error: ‘int’ is not a class, struct, or union type
[25.349s]    67 |   typedef typename std::tuple_element<7, Messages>::type M7;
[25.349s]       |                                                          ^~
[25.349s] /opt/ros/jazzy/include/message_filters/message_filters/synchronizer.h:68:58: error: ‘int’ is not a class, struct, or union type
[25.349s]    68 |   typedef typename std::tuple_element<8, Messages>::type M8;
[25.350s]       |                                                          ^~
[25.350s] /opt/ros/jazzy/include/message_filters/message_filters/synchronizer.h:71:56: error: ‘int’ is not a class, struct, or union type
[25.350s]    71 |   typedef typename std::tuple_element<0, Events>::type M0Event;
[25.350s]       |                                                        ^~~~~~~
[25.350s] /opt/ros/jazzy/include/message_filters/message_filters/synchronizer.h:72:56: error: ‘int’ is not a class, struct, or union type
[25.351s]    72 |   typedef typename std::tuple_element<1, Events>::type M1Event;
[25.351s]       |                                                        ^~~~~~~
[25.351s] /opt/ros/jazzy/include/message_filters/message_filters/synchronizer.h:73:56: error: ‘int’ is not a class, struct, or union type
[25.351s]    73 |   typedef typename std::tuple_element<2, Events>::type M2Event;
[25.351s]       |                                                        ^~~~~~~
[25.351s] /opt/ros/jazzy/include/message_filters/message_filters/synchronizer.h:74:56: error: ‘int’ is not a class, struct, or union type
[25.351s]    74 |   typedef typename std::tuple_element<3, Events>::type M3Event;
[25.352s]       |                                                        ^~~~~~~
[25.352s] /opt/ros/jazzy/include/message_filters/message_filters/synchronizer.h:75:56: error: ‘int’ is not a class, struct, or union type
[25.352s]    75 |   typedef typename std::tuple_element<4, Events>::type M4Event;
[25.352s]       |                                                        ^~~~~~~
[25.352s] /opt/ros/jazzy/include/message_filters/message_filters/synchronizer.h:76:56: error: ‘int’ is not a class, struct, or union type
[25.352s]    76 |   typedef typename std::tuple_element<5, Events>::type M5Event;
[25.353s]       |                                                        ^~~~~~~
[25.353s] /opt/ros/jazzy/include/message_filters/message_filters/synchronizer.h:77:56: error: ‘int’ is not a class, struct, or union type
[25.353s]    77 |   typedef typename std::tuple_element<6, Events>::type M6Event;
[25.353s]       |                                                        ^~~~~~~
[25.353s] /opt/ros/jazzy/include/message_filters/message_filters/synchronizer.h:78:56: error: ‘int’ is not a class, struct, or union type
[25.353s]    78 |   typedef typename std::tuple_element<7, Events>::type M7Event;
[25.353s]       |                                                        ^~~~~~~
[25.353s] /opt/ros/jazzy/include/message_filters/message_filters/synchronizer.h:79:56: error: ‘int’ is not a class, struct, or union type
[25.354s]    79 |   typedef typename std::tuple_element<8, Events>::type M8Event;
[25.354s]       |                                                        ^~~~~~~
[25.354s] /opt/ros/jazzy/include/message_filters/message_filters/synchronizer.h:325:17: error: ‘int’ is not a class, namespace, or enumeration
[25.354s]   325 |   using Policy::add;
[25.354s]       |                 ^~~
[25.355s] /opt/ros/jazzy/include/message_filters/message_filters/synchronizer.h:328:8: error: ‘int’ is not a class, struct, or union type
[25.355s]   328 |   void add(const std::shared_ptr<typename std::tuple_element<i, Messages>::type const>& msg)
[25.355s]       |        ^~~
[25.355s] /opt/ros/jazzy/include/message_filters/message_filters/synchronizer.h:344:8: error: ‘int’ is not a class, struct, or union type
[25.355s]   344 |   void cb(const typename std::tuple_element<i, Events>::type& evt)
[25.355s]       |        ^~
[25.355s] /home/neha/ros2_ws/src/semnav_migration/src/navigation_semantic.cpp:148:55: error: ‘bind’ is not a member of ‘boost’; did you mean ‘find’?
[25.355s]   148 |                         sync->registerCallback(boost::bind(&SemanticNavigationNode::control_callback, this, _1, _2));
[25.356s]       |                                                       ^~~~
[25.356s]       |                                                       find
[25.356s] /home/neha/ros2_ws/src/semnav_migration/src/navigation_semantic.cpp:148:109: error: ‘_1’ was not declared in this scope
[25.356s]   148 |                         sync->registerCallback(boost::bind(&SemanticNavigationNode::control_callback, this, _1, _2));
[25.356s]       |                                                                                                             ^~
[25.356s] /home/neha/ros2_ws/src/semnav_migration/src/navigation_semantic.cpp:148:109: note: suggested alternatives:
[25.356s] In file included from /usr/include/boost/mpl/aux_/include_preprocessed.hpp:37,
[25.356s]                  from /usr/include/boost/mpl/placeholders.hpp:43,
[25.357s]                  from /usr/include/boost/iterator/iterator_categories.hpp:16,
[25.357s]                  from /usr/include/boost/iterator/iterator_facade.hpp:13,
[25.357s]                  from /usr/include/boost/range/iterator_range_core.hpp:27,
[25.357s]                  from /usr/include/boost/lexical_cast.hpp:48,
[25.357s]                  from /usr/include/boost/multiprecision/detail/number_base.hpp:29,
[25.357s]                  from /usr/include/boost/multiprecision/traits/is_variable_precision.hpp:9,
[25.357s]                  from /usr/include/boost/multiprecision/detail/precision.hpp:9,
[25.357s]                  from /usr/include/boost/multiprecision/number.hpp:11,
[25.358s]                  from /usr/include/boost/multiprecision/cpp_int.hpp:19,
[25.358s]                  from /usr/include/boost/multiprecision/cpp_bin_float.hpp:15,
[25.358s]                  from /usr/include/boost/geometry/core/coordinate_promotion.hpp:16,
[25.358s]                  from /usr/include/boost/geometry/core/radian_access.hpp:30,
[25.358s]                  from /usr/include/boost/geometry/geometry.hpp:50,
[25.358s]                  from /usr/include/boost/geometry.hpp:17,
[25.358s]                  from /home/neha/ros2_ws/src/semnav_migration/include/reactive_planner_lib.h:26:
[25.359s] /usr/include/boost/mpl/aux_/preprocessed/gcc/placeholders.hpp:29:16: note:   ‘mpl_::_1’
[25.359s]    29 | typedef arg<1> _1;
[25.359s]       |                ^~
[25.360s] In file included from /usr/include/boost/numeric/conversion/converter_policies.hpp:13,
[25.360s]                  from /usr/include/boost/numeric/conversion/converter.hpp:14,
[25.360s]                  from /usr/include/boost/numeric/conversion/cast.hpp:33,
[25.360s]                  from /usr/include/boost/geometry/core/radian_access.hpp:26:
[25.360s] /usr/include/c++/13/functional:294:48: note:   ‘std::placeholders::_1’
[25.360s]   294 |     _GLIBCXX_PLACEHOLDER const _Placeholder<1> _1;
[25.360s]       |                                                ^~
[25.360s] /usr/include/boost/mpl/aux_/preprocessed/gcc/placeholders.hpp:29:16: note:   ‘mpl_::_1’
[25.361s]    29 | typedef arg<1> _1;
[25.361s]       |                ^~
[25.361s] In file included from /usr/include/boost/describe/members.hpp:20,
[25.361s]                  from /usr/include/boost/container_hash/is_described_class.hpp:11,
[25.361s]                  from /usr/include/boost/container_hash/hash.hpp:18,
[25.361s]                  from /usr/include/boost/functional/hash.hpp:6,
[25.361s]                  from /usr/include/CGAL/Kernel/hash_functions.h:16,
[25.362s]                  from /usr/include/CGAL/Kernel/global_functions.h:25,
[25.362s]                  from /usr/include/CGAL/Cartesian/Cartesian_base.h:22,
[25.362s]                  from /usr/include/CGAL/Simple_cartesian.h:20,
[25.362s]                  from /usr/include/CGAL/Exact_predicates_inexact_constructions_kernel.h:20,
[25.362s]                  from /home/neha/ros2_ws/src/semnav_migration/include/polygeom_lib.h:32,
[25.362s]                  from /home/neha/ros2_ws/src/semnav_migration/include/reactive_planner_lib.h:50:
[25.362s] /usr/include/boost/mp11/bind.hpp:45:7: note:   ‘boost::mp11::_1’
[25.362s]    45 | using _1 = mp_arg<0>;
[25.363s]       |       ^~
[25.363s] /usr/include/boost/mpl/aux_/preprocessed/gcc/placeholders.hpp:29:16: note:   ‘mpl_::_1’
[25.363s]    29 | typedef arg<1> _1;
[25.363s]       |                ^~
[25.363s] /home/neha/ros2_ws/src/semnav_migration/src/navigation_semantic.cpp:148:113: error: ‘_2’ was not declared in this scope
[25.363s]   148 |                         sync->registerCallback(boost::bind(&SemanticNavigationNode::control_callback, this, _1, _2));
[25.363s]       |                                                                                                                 ^~
[25.363s] /home/neha/ros2_ws/src/semnav_migration/src/navigation_semantic.cpp:148:113: note: suggested alternatives:
[25.364s] /usr/include/boost/mpl/aux_/preprocessed/gcc/placeholders.hpp:42:16: note:   ‘mpl_::_2’
[25.364s]    42 | typedef arg<2> _2;
[25.364s]       |                ^~
[25.364s] /usr/include/c++/13/functional:295:48: note:   ‘std::placeholders::_2’
[25.364s]   295 |     _GLIBCXX_PLACEHOLDER const _Placeholder<2> _2;
[25.364s]       |                                                ^~
[25.364s] /usr/include/boost/mpl/aux_/preprocessed/gcc/placeholders.hpp:42:16: note:   ‘mpl_::_2’
[25.364s]    42 | typedef arg<2> _2;
[25.365s]       |                ^~
[25.365s] /usr/include/boost/mp11/bind.hpp:46:7: note:   ‘boost::mp11::_2’
[25.365s]    46 | using _2 = mp_arg<1>;
[25.365s]       |       ^~
[25.365s] /usr/include/boost/mpl/aux_/preprocessed/gcc/placeholders.hpp:42:16: note:   ‘mpl_::_2’
[25.365s]    42 | typedef arg<2> _2;
[25.365s]       |                ^~
[25.365s] /home/neha/ros2_ws/src/semnav_migration/src/navigation_semantic.cpp:150:25: error: ‘ros’ has not been declared
[25.366s]   150 |                         ros::Subscriber sub_semantic = nh_.subscribe(sub_semantic_topic_, 1, &SemanticNavigationNode::diffeo_tree_update, this);
[25.366s]       |                         ^~~
[25.366s] /home/neha/ros2_ws/src/semnav_migration/src/navigation_semantic.cpp:154:25: error: ‘ros’ has not been declared
[25.366s]   154 |                         ros::Duration(5.0).sleep();
[25.366s]       |                         ^~~
[25.366s] /home/neha/ros2_ws/src/semnav_migration/src/navigation_semantic.cpp:161:25: error: ‘ros’ has not been declared
[25.366s]   161 |                         ros::spin();
[25.366s]       |                         ^~~
[25.407s] /home/neha/ros2_ws/src/semnav_migration/src/navigation_semantic.cpp: In member function ‘void SemanticNavigationNode::publish_twist(double, double)’:
[25.407s] /home/neha/ros2_ws/src/semnav_migration/src/navigation_semantic.cpp:168:25: error: ‘pub_twist_’ was not declared in this scope; did you mean ‘publish_twist’?
[25.408s]   168 |                         pub_twist_.publish(commandTwist);
[25.408s]       |                         ^~~~~~~~~~
[25.408s]       |                         publish_twist
[25.411s] /home/neha/ros2_ws/src/semnav_migration/src/navigation_semantic.cpp: In member function ‘void SemanticNavigationNode::publish_behavior_id(uint16_t)’:
[25.411s] /home/neha/ros2_ws/src/semnav_migration/src/navigation_semantic.cpp:173:32: error: ‘UInt32’ is not a member of ‘std_msgs::msg’
[25.412s]   173 |                 std_msgs::msg::UInt32 commandId;
[25.412s]       |                                ^~~~~~
[25.454s] /home/neha/ros2_ws/src/semnav_migration/src/navigation_semantic.cpp:174:25: error: ‘commandId’ was not declared in this scope
[25.454s]   174 |                         commandId.data = BehaviorIdCmd;
[25.454s]       |                         ^~~~~~~~~
[25.533s] /home/neha/ros2_ws/src/semnav_migration/src/navigation_semantic.cpp:175:25: error: ‘pub_behaviorID_’ was not declared in this scope; did you mean ‘pub_behaviorID_topic_’?
[25.533s]   175 |                         pub_behaviorID_.publish(commandId);
[25.534s]       |                         ^~~~~~~~~~~~~~~
[25.534s]       |                         pub_behaviorID_topic_
[25.537s] /home/neha/ros2_ws/src/semnav_migration/src/navigation_semantic.cpp: In member function ‘void SemanticNavigationNode::publish_behavior_mode(uint16_t)’:
[25.537s] /home/neha/ros2_ws/src/semnav_migration/src/navigation_semantic.cpp:180:28: error: ‘UInt32’ is not a member of ‘std_msgs::msg’
[25.537s]   180 |             std_msgs::msg::UInt32 commandMode;
[25.537s]       |                            ^~~~~~
[25.595s] /home/neha/ros2_ws/src/semnav_migration/src/navigation_semantic.cpp:181:25: error: ‘commandMode’ was not declared in this scope
[25.595s]   181 |                         commandMode.data = BehaviorModeCmd;
[25.596s]       |                         ^~~~~~~~~~~
[25.686s] /home/neha/ros2_ws/src/semnav_migration/src/navigation_semantic.cpp:182:25: error: ‘pub_behaviorMode_’ was not declared in this scope; did you mean ‘pub_behaviorMode_topic_’?
[25.687s]   182 |                         pub_behaviorMode_.publish(commandMode);
[25.687s]       |                         ^~~~~~~~~~~~~~~~~
[25.687s]       |                         pub_behaviorMode_topic_
[25.736s] /home/neha/ros2_ws/src/semnav_migration/src/navigation_semantic.cpp: In member function ‘void SemanticNavigationNode::diffeo_tree_update(const object_pose_interface_msgs::msg::SemanticMapObjectArray_<std::allocator<void> >::ConstPtr&)’:
[25.736s] /home/neha/ros2_ws/src/semnav_migration/src/navigation_semantic.cpp:252:29: error: ‘ros’ has not been declared
[25.736s]   252 |                         if (ros::Time::now().toSec() - DiffeoTreeUpdateTime_ < (1.0/DiffeoTreeUpdateRate_)) {
[25.736s]       |                             ^~~
[25.736s] /home/neha/ros2_ws/src/semnav_migration/src/navigation_semantic.cpp:256:53: error: ‘ros’ has not been declared
[25.736s]   256 |                                 double start_time = ros::Time::now().toSec();
[25.737s]       |                                                     ^~~
[25.746s] /home/neha/ros2_ws/src/semnav_migration/src/navigation_semantic.cpp:267:49: error: ‘tf’ has not been declared
[25.746s]   267 |                                                 tf::Quaternion rotation = tf::Quaternion(semantic_map_data->objects[i].pose.pose.orientation.x,
[25.746s]       |                                                 ^~
[25.749s] /home/neha/ros2_ws/src/semnav_migration/src/navigation_semantic.cpp:272:49: error: ‘tf’ has not been declared
[25.749s]   272 |                                                 tf::Matrix3x3 m(rotation);
[25.749s]       |                                                 ^~
[25.749s] /home/neha/ros2_ws/src/semnav_migration/src/navigation_semantic.cpp:275:49: error: ‘tf’ has not been declared
[25.749s]   275 |                                                 tf::Vector3 target_nominal_1(-0.5*target_object_width_ - ObstacleDilation_ - 0.08, 0.0, 0.0);
[25.752s]       |                                                 ^~
[25.752s] /home/neha/ros2_ws/src/semnav_migration/src/navigation_semantic.cpp:276:49: error: ‘tf’ has not been declared
[25.752s]   276 |                                                 tf::Vector3 target_nominal_2(0.5*target_object_width_ + ObstacleDilation_ + 0.25, 0.0, 0.0);
[25.754s]       |                                                 ^~
[25.755s] /home/neha/ros2_ws/src/semnav_migration/src/navigation_semantic.cpp:277:49: error: ‘tf’ has not been declared
[25.755s]   277 |                                                 tf::Vector3 target_nominal_1_rotated = tf::quatRotate(rotation, target_nominal_1);
[25.755s]       |                                                 ^~
[25.755s] /home/neha/ros2_ws/src/semnav_migration/src/navigation_semantic.cpp:278:49: error: ‘tf’ has not been declared
[25.755s]   278 |                                                 tf::Vector3 target_nominal_2_rotated = tf::quatRotate(rotation, target_nominal_2);
[25.755s]       |                                                 ^~
[25.778s] /home/neha/ros2_ws/src/semnav_migration/src/navigation_semantic.cpp:280:49: error: ‘m’ was not declared in this scope; did you mean ‘tm’?
[25.778s]   280 |                                                 m.getRPY(roll, pitch, yaw);
[25.778s]       |                                                 ^
[25.778s]       |                                                 tm
[25.932s] /home/neha/ros2_ws/src/semnav_migration/src/navigation_semantic.cpp:281:123: error: ‘target_nominal_1_rotated’ was not declared in this scope
[25.932s]   281 |                                                 GoalVector[0].set<0>(semantic_map_data->objects[i].pose.pose.position.x + target_nominal_1_rotated.getX());
[25.932s]       |                                                                                                                           ^~~~~~~~~~~~~~~~~~~~~~~~
[26.086s] /home/neha/ros2_ws/src/semnav_migration/src/navigation_semantic.cpp:283:123: error: ‘target_nominal_2_rotated’ was not declared in this scope
[26.086s]   283 |                                                 GoalVector[1].set<0>(semantic_map_data->objects[i].pose.pose.position.x + target_nominal_2_rotated.getX());
[26.086s]       |                                                                                                                           ^~~~~~~~~~~~~~~~~~~~~~~~
[26.191s] /home/neha/ros2_ws/src/semnav_migration/src/navigation_semantic.cpp:317:49: error: ‘ROS_ERROR_STREAM’ was not declared in this scope; did you mean ‘RCLCPP_ERROR_STREAM’?
[26.192s]   317 |                                                 ROS_ERROR_STREAM("Goal blocked by object");
[26.192s]       |                                                 ^~~~~~~~~~~~~~~~
[26.192s]       |                                                 RCLCPP_ERROR_STREAM
[26.197s] /home/neha/ros2_ws/src/semnav_migration/src/navigation_semantic.cpp:365:85: error: ‘ros’ has not been declared
[26.197s]   365 |                                 ROS_WARN_STREAM("[Navigation] Updated trees in " << ros::Time::now().toSec()-start_time << " seconds.");
[26.197s]       |                                                                                     ^~~
[26.282s] /home/neha/ros2_ws/src/semnav_migration/src/navigation_semantic.cpp:365:33: error: ‘ROS_WARN_STREAM’ was not declared in this scope; did you mean ‘RCLCPP_WARN_STREAM’?
[26.283s]   365 |                                 ROS_WARN_STREAM("[Navigation] Updated trees in " << ros::Time::now().toSec()-start_time << " seconds.");
[26.283s]       |                                 ^~~~~~~~~~~~~~~
[26.283s]       |                                 RCLCPP_WARN_STREAM
[26.283s] /home/neha/ros2_ws/src/semnav_migration/src/navigation_semantic.cpp:368:57: error: ‘ros’ has not been declared
[26.283s]   368 |                                 DiffeoTreeUpdateTime_ = ros::Time::now().toSec();
[26.283s]       |                                                         ^~~
[26.284s] /home/neha/ros2_ws/src/semnav_migration/src/navigation_semantic.cpp: In member function ‘void SemanticNavigationNode::control_callback(const sensor_msgs::msg::LaserScan_<std::allocator<void> >::ConstPtr&, const nav_msgs::msg::Odometry_<std::allocator<void> >::ConstPtr&)’:
[26.284s] /home/neha/ros2_ws/src/semnav_migration/src/navigation_semantic.cpp:396:46: error: ‘ros’ has not been declared
[26.284s]   396 |                         double before_time = ros::Time::now().toSec();
[26.284s]       |                                              ^~~
[26.288s] /home/neha/ros2_ws/src/semnav_migration/src/navigation_semantic.cpp:399:40: error: ‘PoseStamped’ is not a member of ‘geometry_msgs’; did you mean ‘geometry_msgs::msg::PoseStamped’?
[26.288s]   399 |                         geometry_msgs::PoseStamped odomPose, mapPose;
[26.288s]       |                                        ^~~~~~~~~~~
[26.288s] In file included from /home/neha/ros2_ws/src/install/object_pose_interface_msgs/include/object_pose_interface_msgs/object_pose_interface_msgs/msg/detail/semantic_map_object__struct.hpp:28,
[26.288s]                  from /home/neha/ros2_ws/src/install/object_pose_interface_msgs/include/object_pose_interface_msgs/object_pose_interface_msgs/msg/detail/semantic_map_object_array__struct.hpp:25,
[26.289s]                  from /home/neha/ros2_ws/src/install/object_pose_interface_msgs/include/object_pose_interface_msgs/object_pose_interface_msgs/msg/semantic_map_object_array.hpp:7,
[26.289s]                  from /home/neha/ros2_ws/src/semnav_migration/src/navigation_semantic.cpp:26:
[26.289s] /opt/ros/jazzy/include/geometry_msgs/geometry_msgs/msg/detail/pose_stamped__struct.hpp:138:7: note: ‘geometry_msgs::msg::PoseStamped’ declared here
[26.289s]   138 | using PoseStamped =
[26.289s]       |       ^~~~~~~~~~~
[26.328s] /home/neha/ros2_ws/src/semnav_migration/src/navigation_semantic.cpp:400:25: error: ‘odomPose’ was not declared in this scope
[26.328s]   400 |                         odomPose.header.stamp = ros::Time(0);
[26.328s]       |                         ^~~~~~~~
[26.328s] /home/neha/ros2_ws/src/semnav_migration/src/navigation_semantic.cpp:400:49: error: ‘ros’ has not been declared
[26.328s]   400 |                         odomPose.header.stamp = ros::Time(0);
[26.329s]       |                                                 ^~~
[26.374s] /home/neha/ros2_ws/src/semnav_migration/src/navigation_semantic.cpp:404:33: error: ‘listener_’ was not declared in this scope
[26.375s]   404 |                                 listener_.waitForTransform(world_frame_id_, odom_frame_id_, ros::Time(0), ros::Duration(1.0));
[26.375s]       |                                 ^~~~~~~~~
[26.375s] /home/neha/ros2_ws/src/semnav_migration/src/navigation_semantic.cpp:404:93: error: ‘ros’ has not been declared
[26.375s]   404 |                                 listener_.waitForTransform(world_frame_id_, odom_frame_id_, ros::Time(0), ros::Duration(1.0));
[26.375s]       |                                                                                             ^~~
[26.375s] /home/neha/ros2_ws/src/semnav_migration/src/navigation_semantic.cpp:404:107: error: ‘ros’ has not been declared
[26.375s]   404 |                                 listener_.waitForTransform(world_frame_id_, odom_frame_id_, ros::Time(0), ros::Duration(1.0));
[26.376s]       |                                                                                                           ^~~
[26.407s] /home/neha/ros2_ws/src/semnav_migration/src/navigation_semantic.cpp:405:84: error: ‘mapPose’ was not declared in this scope
[26.408s]   405 |                                 listener_.transformPose(world_frame_id_, odomPose, mapPose);
[26.408s]       |                                                                                    ^~~~~~~
[26.414s] /home/neha/ros2_ws/src/semnav_migration/src/navigation_semantic.cpp:406:34: error: ‘tf’ does not name a type; did you mean ‘tm’?
[26.414s]   406 |                         } catch (tf::TransformException &ex) {
[26.414s]       |                                  ^~
[26.414s]       |                                  tm
[26.414s] /home/neha/ros2_ws/src/semnav_migration/src/navigation_semantic.cpp:406:57: error: expected unqualified-id before ‘&’ token
[26.414s]   406 |                         } catch (tf::TransformException &ex) {
[26.414s]       |                                                         ^
[26.414s] /home/neha/ros2_ws/src/semnav_migration/src/navigation_semantic.cpp:406:57: error: expected ‘)’ before ‘&’ token
[26.415s] /home/neha/ros2_ws/src/semnav_migration/src/navigation_semantic.cpp:406:33: note: to match this ‘(’
[26.415s]   406 |                         } catch (tf::TransformException &ex) {
[26.415s]       |                                 ^
[26.415s] /home/neha/ros2_ws/src/semnav_migration/src/navigation_semantic.cpp:406:57: error: expected ‘{’ before ‘&’ token
[26.415s]   406 |                         } catch (tf::TransformException &ex) {
[26.415s]       |                                                         ^
[26.442s] /home/neha/ros2_ws/src/semnav_migration/src/navigation_semantic.cpp:406:58: error: ‘ex’ was not declared in this scope; did you mean ‘exp’?
[26.442s]   406 |                         } catch (tf::TransformException &ex) {
[26.442s]       |                                                          ^~
[26.442s]       |                                                          exp
[26.443s] /home/neha/ros2_ws/src/semnav_migration/src/navigation_semantic.cpp:412:25: error: ‘tf’ has not been declared
[26.443s]   412 |                         tf::Quaternion rotation = tf::Quaternion(mapPose.pose.orientation.x,
[26.443s]       |                         ^~
[26.443s] /home/neha/ros2_ws/src/semnav_migration/src/navigation_semantic.cpp:416:25: error: ‘tf’ has not been declared
[26.443s]   416 |                         tf::Matrix3x3 m(rotation);
[26.443s]       |                         ^~
[26.470s] /home/neha/ros2_ws/src/semnav_migration/src/navigation_semantic.cpp:418:25: error: ‘m’ was not declared in this scope; did you mean ‘tm’?
[26.470s]   418 |                         m.getRPY(roll, pitch, yaw);
[26.470s]       |                         ^
[26.470s]       |                         tm
[26.503s] /home/neha/ros2_ws/src/semnav_migration/src/navigation_semantic.cpp:419:51: error: ‘mapPose’ was not declared in this scope
[26.503s]   419 |                         double x_robot_position = mapPose.pose.position.x;
[26.503s]       |                                                   ^~~~~~~
[26.510s] /home/neha/ros2_ws/src/semnav_migration/src/navigation_semantic.cpp:432:42: error: could not convert ‘lidar_data’ from ‘shared_ptr<LaserScan_<[...]>>’ to ‘shared_ptr<LaserScan_<[...]>>’
[26.510s]   432 |                         constructLIDAR2D(lidar_data, CutoffRange_, AllowableRange_, RobotPitch_, &LIDAR);
[26.511s]       |                                          ^~~~~~~~~~
[26.511s]       |                                          |
[26.511s]       |                                          shared_ptr<LaserScan_<[...]>>
[26.527s] /home/neha/ros2_ws/src/semnav_migration/src/navigation_semantic.cpp:562:96: error: invalid operands of types ‘const char [53]’ and ‘double’ to binary ‘operator<<’
[26.527s]   562 |                         ROS_WARN_STREAM("[Navigation] Diffeomorphism jacobian determinant is " << MatrixDeterminant(RobotPositionTransformedD) << ", robot position is " << bg::dsv(RobotPosition_) << " and robot positon in model space is " << bg::dsv(RobotPositionTransformedPoint));
[26.527s]       |                                         ~~~~~~~~~~~~~~~~~~~~~~~~~~~~~~~~~~~~~~~~~~~~~~~~~~~~~~ ^~ ~~~~~~~~~~~~~~~~~~~~~~~~~~~~~~~~~~~~~~~~~~~~
[26.527s]       |                                         |                                                                          |
[26.528s]       |                                         const char [53]                                                            double
[26.614s] /home/neha/ros2_ws/src/semnav_migration/src/navigation_semantic.cpp:562:25: error: ‘ROS_WARN_STREAM’ was not declared in this scope; did you mean ‘RCLCPP_WARN_STREAM’?
[26.614s]   562 |                         ROS_WARN_STREAM("[Navigation] Diffeomorphism jacobian determinant is " << MatrixDeterminant(RobotPositionTransformedD) << ", robot position is " << bg::dsv(RobotPosition_) << " and robot positon in model space is " << bg::dsv(RobotPositionTransformedPoint));
[26.614s]       |                         ^~~~~~~~~~~~~~~
[26.615s]       |                         RCLCPP_WARN_STREAM
[26.616s] /home/neha/ros2_ws/src/semnav_migration/src/navigation_semantic.cpp:591:41: error: ‘ros’ has not been declared
[26.616s]   591 |                                         ros::Duration(5.0).sleep();
[26.616s]       |                                         ^~~
[26.623s] /home/neha/ros2_ws/src/semnav_migration/src/navigation_semantic.cpp:616:75: error: invalid operands of types ‘const char [32]’ and ‘double’ to binary ‘operator<<’
[26.623s]   616 |                         ROS_WARN_STREAM("[Navigation] Linear command is " << LinearCmd << " and angular command is " << AngularCmd);
[26.623s]       |                                         ~~~~~~~~~~~~~~~~~~~~~~~~~~~~~~~~~ ^~ ~~~~~~~~~
[26.623s]       |                                         |                                    |
[26.624s]       |                                         const char [32]                      double
[26.624s] /home/neha/ros2_ws/src/semnav_migration/src/navigation_semantic.cpp:617:76: error: invalid operands of types ‘const char [33]’ and ‘int’ to binary ‘operator<<’
[26.624s]   617 |                         ROS_WARN_STREAM("[Navigation] Command update for " << int(localDiffeoTreeArray.size()) << " polygons in " << ros::Time::now().toSec()-before_time << " seconds.");
[26.624s]       |                                         ~~~~~~~~~~~~~~~~~~~~~~~~~~~~~~~~~~ ^~ ~~~~~~~~~~~~~~~~~~~~~~~~~~~~~~~~
[26.624s]       |                                         |                                     |
[26.624s]       |                                         const char [33]                       int
[26.624s] /home/neha/ros2_ws/src/semnav_migration/src/navigation_semantic.cpp:617:134: error: ‘ros’ has not been declared
[26.624s]   617 |                         ROS_WARN_STREAM("[Navigation] Command update for " << int(localDiffeoTreeArray.size()) << " polygons in " << ros::Time::now().toSec()-before_time << " seconds.");
[26.625s]       |                                                                                                                                      ^~~
[26.626s] /home/neha/ros2_ws/src/semnav_migration/src/navigation_semantic.cpp: In function ‘int main(int, char**)’:
[26.626s] /home/neha/ros2_ws/src/semnav_migration/src/navigation_semantic.cpp:698:9: error: ‘ros’ has not been declared
[26.626s]   698 |         ros::init(argc, argv, "navigation_semantic");
[26.626s]       |         ^~~
[26.626s] /home/neha/ros2_ws/src/semnav_migration/src/navigation_semantic.cpp:701:9: error: ‘ros’ has not been declared
[26.627s]   701 |         ros::NodeHandle nh("~");
[26.627s]       |         ^~~
[26.644s] /home/neha/ros2_ws/src/semnav_migration/src/navigation_semantic.cpp:704:56: error: ‘nh’ was not declared in this scope
[26.644s]   704 |         SemanticNavigationNode semanticNavigationNode(&nh);
[26.644s]       |                                                        ^~
[35.880s] gmake[2]: *** [CMakeFiles/navigation_semantic.dir/build.make:76: CMakeFiles/navigation_semantic.dir/src/navigation_semantic.cpp.o] Error 1
[35.881s] gmake[1]: *** [CMakeFiles/Makefile2:207: CMakeFiles/navigation_semantic.dir/all] Error 2
[35.881s] gmake: *** [Makefile:146: all] Error 2
[35.884s] Invoked command in '/home/neha/ros2_ws/src/semnav_migration/build/semnav' returned '2': CMAKE_PREFIX_PATH=${CMAKE_PREFIX_PATH}:/opt/ros/jazzy DEBUGINFOD_URLS=https://debuginfod.ubuntu.com /usr/bin/cmake --build /home/neha/ros2_ws/src/semnav_migration/build/semnav -- -j2 -l2
