[0.025s] Invoking command in '/home/neha/ros2_ws/src/semnav_migration/build/semnav': CMAKE_PREFIX_PATH=${CMAKE_PREFIX_PATH}:/opt/ros/jazzy DEBUGINFOD_URLS=https://debuginfod.ubuntu.com /usr/bin/cmake --build /home/neha/ros2_ws/src/semnav_migration/build/semnav -- -j2 -l2
[0.200s] [  4%] Building CXX object CMakeFiles/reactive_planner.dir/src/libraries/reactive_planner_lib.cpp.o
[57.920s] [  9%] Linking CXX static library libreactive_planner.a
[58.775s] [ 14%] Built target reactive_planner
[58.889s] [ 19%] Building CXX object CMakeFiles/navigation_semantic.dir/src/navigation_semantic.cpp.o
[58.889s] [ 23%] Building CXX object CMakeFiles/navigation.dir/src/navigation.cpp.o
[79.986s] /home/neha/ros2_ws/src/semnav_migration/src/navigation.cpp:662:22: error: ‘TransformListener’ in namespace ‘tf2’ does not name a type
[79.986s]   662 |                 tf2::TransformListener listener_;
[79.986s]       |                      ^~~~~~~~~~~~~~~~~
[79.989s] /home/neha/ros2_ws/src/semnav_migration/src/navigation.cpp: In constructor ‘NavigationNode::NavigationNode()’:
[79.989s] /home/neha/ros2_ws/src/semnav_migration/src/navigation.cpp:45:63: error: no matching function for call to ‘rclcpp::Node::Node()’
[79.989s]    45 |         NavigationNode() : Node(std::string("navigation_node")) {
[79.989s]       |                                                               ^
[79.992s] In file included from /opt/ros/jazzy/include/rclcpp/rclcpp/executors/single_threaded_executor.hpp:28,
[79.992s]                  from /opt/ros/jazzy/include/rclcpp/rclcpp/executors.hpp:22,
[79.992s]                  from /opt/ros/jazzy/include/rclcpp/rclcpp/rclcpp.hpp:172,
[79.992s]                  from /home/neha/ros2_ws/src/semnav_migration/include/reactive_planner_lib.h:32,
[79.992s]                  from /home/neha/ros2_ws/src/semnav_migration/src/navigation.cpp:25:
[79.992s] /opt/ros/jazzy/include/rclcpp/rclcpp/node.hpp:1629:3: note: candidate: ‘rclcpp::Node::Node(const rclcpp::Node&, const std::string&)’
[79.993s]  1629 |   Node(
[79.993s]       |   ^~~~
[79.993s] /opt/ros/jazzy/include/rclcpp/rclcpp/node.hpp:1629:3: note:   candidate expects 2 arguments, 0 provided
[79.993s] /opt/ros/jazzy/include/rclcpp/rclcpp/node.hpp:103:12: note: candidate: ‘rclcpp::Node::Node(const std::string&, const std::string&, const rclcpp::NodeOptions&)’
[79.993s]   103 |   explicit Node(
[79.995s]       |            ^~~~
[79.996s] /opt/ros/jazzy/include/rclcpp/rclcpp/node.hpp:103:12: note:   candidate expects 3 arguments, 0 provided
[79.996s] /opt/ros/jazzy/include/rclcpp/rclcpp/node.hpp:91:12: note: candidate: ‘rclcpp::Node::Node(const std::string&, const rclcpp::NodeOptions&)’
[79.996s]    91 |   explicit Node(
[79.996s]       |            ^~~~
[79.996s] /opt/ros/jazzy/include/rclcpp/rclcpp/node.hpp:91:12: note:   candidate expects 2 arguments, 0 provided
[79.998s] /home/neha/ros2_ws/src/semnav_migration/src/navigation_semantic.cpp:624:17: error: ‘ros’ does not name a type
[79.999s]   624 |                 ros::NodeHandle nh_;
[79.999s]       |                 ^~~
[80.003s] /home/neha/ros2_ws/src/semnav_migration/src/navigation_semantic.cpp:641:17: error: ‘ros’ does not name a type
[80.003s]   641 |                 ros::Publisher pub_behaviorID_;
[80.003s]       |                 ^~~
[80.009s] /home/neha/ros2_ws/src/semnav_migration/src/navigation_semantic.cpp:642:17: error: ‘ros’ does not name a type
[80.009s]   642 |                 ros::Publisher pub_behaviorMode_;
[80.009s]       |                 ^~~
[80.017s] /home/neha/ros2_ws/src/semnav_migration/src/navigation_semantic.cpp:643:17: error: ‘ros’ does not name a type
[80.017s]   643 |                 ros::Publisher pub_twist_;
[80.017s]       |                 ^~~
[80.024s] /home/neha/ros2_ws/src/semnav_migration/src/navigation_semantic.cpp:645:17: error: ‘ros’ does not name a type
[80.024s]   645 |                 ros::Publisher pub_semantic_map_;
[80.024s]       |                 ^~~
[80.036s] /home/neha/ros2_ws/src/semnav_migration/src/navigation_semantic.cpp:691:17: error: ‘tf’ does not name a type; did you mean ‘tm’?
[80.037s]   691 |                 tf::TransformListener listener_;
[80.037s]       |                 ^~
[80.037s]       |                 tm
[80.118s] /home/neha/ros2_ws/src/semnav_migration/src/navigation.cpp:137:13: error: ‘pub_behaviorID_’ was not declared in this scope; did you mean ‘pub_behaviorID_topic_’?
[80.118s]   137 |             pub_behaviorID_ = this->create_publisher<example_interfaces::msg::UInt32>("pub_behaviorID_topic_", 1);
[80.118s]       |             ^~~~~~~~~~~~~~~
[80.118s]       |             pub_behaviorID_topic_
[80.149s] /home/neha/ros2_ws/src/semnav_migration/src/navigation_semantic.cpp: In constructor ‘SemanticNavigationNode::SemanticNavigationNode()’:
[80.149s] /home/neha/ros2_ws/src/semnav_migration/src/navigation_semantic.cpp:137:13: error: ‘pub_behaviorID_’ was not declared in this scope; did you mean ‘pub_behaviorID_topic_’?
[80.149s]   137 |             pub_behaviorID_ = this->create_publisher<std_msgs::msg::UInt32>("pub_behaviorID_topic_", 1);
[80.149s]       |             ^~~~~~~~~~~~~~~
[80.149s]       |             pub_behaviorID_topic_
[80.153s] /home/neha/ros2_ws/src/semnav_migration/src/navigation_semantic.cpp:137:69: error: ‘UInt32’ is not a member of ‘std_msgs::msg’
[80.153s]   137 |             pub_behaviorID_ = this->create_publisher<std_msgs::msg::UInt32>("pub_behaviorID_topic_", 1);
[80.153s]       |                                                                     ^~~~~~
[80.153s] /home/neha/ros2_ws/src/semnav_migration/src/navigation_semantic.cpp:137:76: error: no matching function for call to ‘SemanticNavigationNode::create_publisher<<expression error> >(const char [22], int)’
[80.153s]   137 |             pub_behaviorID_ = this->create_publisher<std_msgs::msg::UInt32>("pub_behaviorID_topic_", 1);
[80.153s]       |                               ~~~~~~~~~~~~~~~~~~~~~~~~~~~~~~~~~~~~~~~~~~~~~^~~~~~~~~~~~~~~~~~~~~~~~~~~~
[80.154s] In file included from /opt/ros/jazzy/include/rclcpp/rclcpp/executors/single_threaded_executor.hpp:28,
[80.154s]                  from /opt/ros/jazzy/include/rclcpp/rclcpp/executors.hpp:22,
[80.154s]                  from /opt/ros/jazzy/include/rclcpp/rclcpp/rclcpp.hpp:172,
[80.154s]                  from /home/neha/ros2_ws/src/semnav_migration/include/reactive_planner_lib.h:32,
[80.154s]                  from /home/neha/ros2_ws/src/semnav_migration/src/navigation_semantic.cpp:25:
[80.157s] /opt/ros/jazzy/include/rclcpp/rclcpp/node.hpp:197:3: note: candidate: ‘template<class MessageT, class AllocatorT, class PublisherT> std::shared_ptr<PublisherT> rclcpp::Node::create_publisher(const std::string&, const rclcpp::QoS&, const rclcpp::PublisherOptionsWithAllocator<AllocatorT>&)’
[80.157s]   197 |   create_publisher(
[80.158s]       |   ^~~~~~~~~~~~~~~~
[80.158s] /opt/ros/jazzy/include/rclcpp/rclcpp/node.hpp:197:3: note:   template argument deduction/substitution failed:
[80.158s] /home/neha/ros2_ws/src/semnav_migration/src/navigation_semantic.cpp:137:76: error: template argument 1 is invalid
[80.158s]   137 |             pub_behaviorID_ = this->create_publisher<std_msgs::msg::UInt32>("pub_behaviorID_topic_", 1);
[80.158s]       |                               ~~~~~~~~~~~~~~~~~~~~~~~~~~~~~~~~~~~~~~~~~~~~~^~~~~~~~~~~~~~~~~~~~~~~~~~~~
[80.223s] /home/neha/ros2_ws/src/semnav_migration/src/navigation.cpp:137:54: error: ‘example_interfaces’ was not declared in this scope; did you mean ‘rcl_interfaces’?
[80.223s]   137 |             pub_behaviorID_ = this->create_publisher<example_interfaces::msg::UInt32>("pub_behaviorID_topic_", 1);
[80.223s]       |                                                      ^~~~~~~~~~~~~~~~~~
[80.223s]       |                                                      rcl_interfaces
[80.225s] /home/neha/ros2_ws/src/semnav_migration/src/navigation.cpp:137:37: error: parse error in template argument list
[80.226s]   137 |             pub_behaviorID_ = this->create_publisher<example_interfaces::msg::UInt32>("pub_behaviorID_topic_", 1);
[80.226s]       |                                     ^~~~~~~~~~~~~~~~~~~~~~~~~~~~~~~~~~~~~~~~~~~~~~~~~
[80.226s] /home/neha/ros2_ws/src/semnav_migration/src/navigation.cpp:137:86: error: no matching function for call to ‘NavigationNode::create_publisher<<expression error> >(const char [22], int)’
[80.226s]   137 |             pub_behaviorID_ = this->create_publisher<example_interfaces::msg::UInt32>("pub_behaviorID_topic_", 1);
[80.226s]       |                               ~~~~~~~~~~~~~~~~~~~~~~~~~~~~~~~~~~~~~~~~~~~~~~~~~~~~~~~^~~~~~~~~~~~~~~~~~~~~~~~~~~~
[80.226s] /opt/ros/jazzy/include/rclcpp/rclcpp/node.hpp:197:3: note: candidate: ‘template<class MessageT, class AllocatorT, class PublisherT> std::shared_ptr<PublisherT> rclcpp::Node::create_publisher(const std::string&, const rclcpp::QoS&, const rclcpp::PublisherOptionsWithAllocator<AllocatorT>&)’
[80.226s]   197 |   create_publisher(
[80.227s]       |   ^~~~~~~~~~~~~~~~
[80.228s] /opt/ros/jazzy/include/rclcpp/rclcpp/node.hpp:197:3: note:   template argument deduction/substitution failed:
[80.229s] /home/neha/ros2_ws/src/semnav_migration/src/navigation.cpp:137:86: error: template argument 1 is invalid
[80.229s]   137 |             pub_behaviorID_ = this->create_publisher<example_interfaces::msg::UInt32>("pub_behaviorID_topic_", 1);
[80.229s]       |                               ~~~~~~~~~~~~~~~~~~~~~~~~~~~~~~~~~~~~~~~~~~~~~~~~~~~~~~~^~~~~~~~~~~~~~~~~~~~~~~~~~~~
[80.248s] /home/neha/ros2_ws/src/semnav_migration/src/navigation_semantic.cpp:138:13: error: ‘pub_behaviorMode_’ was not declared in this scope; did you mean ‘pub_behaviorMode_topic_’?
[80.249s]   138 |             pub_behaviorMode_ = this->create_publisher<std_msgs::msg::UInt32>("pub_behaviorMode_topic_", 1);
[80.249s]       |             ^~~~~~~~~~~~~~~~~
[80.249s]       |             pub_behaviorMode_topic_
[80.252s] /home/neha/ros2_ws/src/semnav_migration/src/navigation_semantic.cpp:138:71: error: ‘UInt32’ is not a member of ‘std_msgs::msg’
[80.252s]   138 |             pub_behaviorMode_ = this->create_publisher<std_msgs::msg::UInt32>("pub_behaviorMode_topic_", 1);
[80.253s]       |                                                                       ^~~~~~
[80.253s] /home/neha/ros2_ws/src/semnav_migration/src/navigation_semantic.cpp:138:78: error: no matching function for call to ‘SemanticNavigationNode::create_publisher<<expression error> >(const char [24], int)’
[80.253s]   138 |             pub_behaviorMode_ = this->create_publisher<std_msgs::msg::UInt32>("pub_behaviorMode_topic_", 1);
[80.253s]       |                                 ~~~~~~~~~~~~~~~~~~~~~~~~~~~~~~~~~~~~~~~~~~~~~^~~~~~~~~~~~~~~~~~~~~~~~~~~~~~
[80.253s] /opt/ros/jazzy/include/rclcpp/rclcpp/node.hpp:197:3: note: candidate: ‘template<class MessageT, class AllocatorT, class PublisherT> std::shared_ptr<PublisherT> rclcpp::Node::create_publisher(const std::string&, const rclcpp::QoS&, const rclcpp::PublisherOptionsWithAllocator<AllocatorT>&)’
[80.253s]   197 |   create_publisher(
[80.253s]       |   ^~~~~~~~~~~~~~~~
[80.254s] /opt/ros/jazzy/include/rclcpp/rclcpp/node.hpp:197:3: note:   template argument deduction/substitution failed:
[80.254s] /home/neha/ros2_ws/src/semnav_migration/src/navigation_semantic.cpp:138:78: error: template argument 1 is invalid
[80.254s]   138 |             pub_behaviorMode_ = this->create_publisher<std_msgs::msg::UInt32>("pub_behaviorMode_topic_", 1);
[80.254s]       |                                 ~~~~~~~~~~~~~~~~~~~~~~~~~~~~~~~~~~~~~~~~~~~~~^~~~~~~~~~~~~~~~~~~~~~~~~~~~~~
[80.302s] /home/neha/ros2_ws/src/semnav_migration/src/navigation_semantic.cpp:139:13: error: ‘pub_twist_’ was not declared in this scope; did you mean ‘publish_twist’?
[80.303s]   139 |             pub_twist_ = this->create_publisher<std_msgs::msg::UInt32>("pub_twist_topic_", 1);
[80.303s]       |             ^~~~~~~~~~
[80.303s]       |             publish_twist
[80.304s] /home/neha/ros2_ws/src/semnav_migration/src/navigation_semantic.cpp:139:64: error: ‘UInt32’ is not a member of ‘std_msgs::msg’
[80.304s]   139 |             pub_twist_ = this->create_publisher<std_msgs::msg::UInt32>("pub_twist_topic_", 1);
[80.304s]       |                                                                ^~~~~~
[80.304s] /home/neha/ros2_ws/src/semnav_migration/src/navigation_semantic.cpp:139:71: error: no matching function for call to ‘SemanticNavigationNode::create_publisher<<expression error> >(const char [17], int)’
[80.305s]   139 |             pub_twist_ = this->create_publisher<std_msgs::msg::UInt32>("pub_twist_topic_", 1);
[80.305s]       |                          ~~~~~~~~~~~~~~~~~~~~~~~~~~~~~~~~~~~~~~~~~~~~~^~~~~~~~~~~~~~~~~~~~~~~
[80.305s] /opt/ros/jazzy/include/rclcpp/rclcpp/node.hpp:197:3: note: candidate: ‘template<class MessageT, class AllocatorT, class PublisherT> std::shared_ptr<PublisherT> rclcpp::Node::create_publisher(const std::string&, const rclcpp::QoS&, const rclcpp::PublisherOptionsWithAllocator<AllocatorT>&)’
[80.305s]   197 |   create_publisher(
[80.305s]       |   ^~~~~~~~~~~~~~~~
[80.305s] /opt/ros/jazzy/include/rclcpp/rclcpp/node.hpp:197:3: note:   template argument deduction/substitution failed:
[80.305s] /home/neha/ros2_ws/src/semnav_migration/src/navigation_semantic.cpp:139:71: error: template argument 1 is invalid
[80.305s]   139 |             pub_twist_ = this->create_publisher<std_msgs::msg::UInt32>("pub_twist_topic_", 1);
[80.306s]       |                          ~~~~~~~~~~~~~~~~~~~~~~~~~~~~~~~~~~~~~~~~~~~~~^~~~~~~~~~~~~~~~~~~~~~~
[80.306s] /home/neha/ros2_ws/src/semnav_migration/src/navigation_semantic.cpp:142:42: error: ‘message_filters::msg’ has not been declared
[80.306s]   142 |                         message_filters::msg::Subscriber<sensor_msgs::LaserScan> sub_laser(nh_, sub_laser_topic_, 1);
[80.306s]       |                                          ^~~
[80.310s] /home/neha/ros2_ws/src/semnav_migration/src/navigation_semantic.cpp:142:71: error: ‘LaserScan’ is not a member of ‘sensor_msgs’; did you mean ‘sensor_msgs::msg::LaserScan’?
[80.310s]   142 |                         message_filters::msg::Subscriber<sensor_msgs::LaserScan> sub_laser(nh_, sub_laser_topic_, 1);
[80.310s]       |                                                                       ^~~~~~~~~
[80.310s] In file included from /opt/ros/jazzy/include/sensor_msgs/sensor_msgs/msg/laser_scan.hpp:7,
[80.310s]                  from /home/neha/ros2_ws/src/semnav_migration/include/reactive_planner_lib.h:46:
[80.310s] /opt/ros/jazzy/include/sensor_msgs/sensor_msgs/msg/detail/laser_scan__struct.hpp:250:7: note: ‘sensor_msgs::msg::LaserScan’ declared here
[80.310s]   250 | using LaserScan =
[80.311s]       |       ^~~~~~~~~
[80.329s] /home/neha/ros2_ws/src/semnav_migration/src/navigation.cpp:138:13: error: ‘pub_behaviorMode_’ was not declared in this scope; did you mean ‘pub_behaviorMode_topic_’?
[80.329s]   138 |             pub_behaviorMode_ = this->create_publisher<example_interfaces::msg::UInt32>("pub_behaviorMode_topic_", 1);
[80.329s]       |             ^~~~~~~~~~~~~~~~~
[80.329s]       |             pub_behaviorMode_topic_
[80.330s] /home/neha/ros2_ws/src/semnav_migration/src/navigation.cpp:138:39: error: parse error in template argument list
[80.330s]   138 |             pub_behaviorMode_ = this->create_publisher<example_interfaces::msg::UInt32>("pub_behaviorMode_topic_", 1);
[80.330s]       |                                       ^~~~~~~~~~~~~~~~~~~~~~~~~~~~~~~~~~~~~~~~~~~~~~~~~
[80.330s] /home/neha/ros2_ws/src/semnav_migration/src/navigation.cpp:138:88: error: no matching function for call to ‘NavigationNode::create_publisher<example_interfaces>(const char [24], int)’
[80.331s]   138 |             pub_behaviorMode_ = this->create_publisher<example_interfaces::msg::UInt32>("pub_behaviorMode_topic_", 1);
[80.331s]       |                                 ~~~~~~~~~~~~~~~~~~~~~~~~~~~~~~~~~~~~~~~~~~~~~~~~~~~~~~~^~~~~~~~~~~~~~~~~~~~~~~~~~~~~~
[80.331s] /opt/ros/jazzy/include/rclcpp/rclcpp/node.hpp:197:3: note: candidate: ‘template<class MessageT, class AllocatorT, class PublisherT> std::shared_ptr<PublisherT> rclcpp::Node::create_publisher(const std::string&, const rclcpp::QoS&, const rclcpp::PublisherOptionsWithAllocator<AllocatorT>&)’
[80.331s]   197 |   create_publisher(
[80.331s]       |   ^~~~~~~~~~~~~~~~
[80.332s] /opt/ros/jazzy/include/rclcpp/rclcpp/node.hpp:197:3: note:   template argument deduction/substitution failed:
[80.339s] /home/neha/ros2_ws/src/semnav_migration/src/navigation_semantic.cpp:142:92: error: ‘nh_’ was not declared in this scope
[80.339s]   142 |                         message_filters::msg::Subscriber<sensor_msgs::LaserScan> sub_laser(nh_, sub_laser_topic_, 1);
[80.340s]       |                                                                                            ^~~
[80.383s] /home/neha/ros2_ws/src/semnav_migration/src/navigation.cpp:139:13: error: ‘pub_twist_’ was not declared in this scope; did you mean ‘publish_twist’?
[80.384s]   139 |             pub_twist_ = this->create_publisher<example_interfaces::msg::UInt32>("pub_twist_topic_", 1);
[80.384s]       |             ^~~~~~~~~~
[80.384s]       |             publish_twist
[80.386s] /home/neha/ros2_ws/src/semnav_migration/src/navigation.cpp:139:32: error: parse error in template argument list
[80.386s]   139 |             pub_twist_ = this->create_publisher<example_interfaces::msg::UInt32>("pub_twist_topic_", 1);
[80.386s]       |                                ^~~~~~~~~~~~~~~~~~~~~~~~~~~~~~~~~~~~~~~~~~~~~~~~~
[80.386s] /home/neha/ros2_ws/src/semnav_migration/src/navigation.cpp:139:81: error: no matching function for call to ‘NavigationNode::create_publisher<example_interfaces>(const char [17], int)’
[80.386s]   139 |             pub_twist_ = this->create_publisher<example_interfaces::msg::UInt32>("pub_twist_topic_", 1);
[80.386s]       |                          ~~~~~~~~~~~~~~~~~~~~~~~~~~~~~~~~~~~~~~~~~~~~~~~~~~~~~~~^~~~~~~~~~~~~~~~~~~~~~~
[80.387s] /opt/ros/jazzy/include/rclcpp/rclcpp/node.hpp:197:3: note: candidate: ‘template<class MessageT, class AllocatorT, class PublisherT> std::shared_ptr<PublisherT> rclcpp::Node::create_publisher(const std::string&, const rclcpp::QoS&, const rclcpp::PublisherOptionsWithAllocator<AllocatorT>&)’
[80.387s]   197 |   create_publisher(
[80.387s]       |   ^~~~~~~~~~~~~~~~
[80.387s] /opt/ros/jazzy/include/rclcpp/rclcpp/node.hpp:197:3: note:   template argument deduction/substitution failed:
[80.391s] /home/neha/ros2_ws/src/semnav_migration/src/navigation_semantic.cpp:142:82: error: ‘sub_laser’ was not declared in this scope
[80.392s]   142 |                         message_filters::msg::Subscriber<sensor_msgs::LaserScan> sub_laser(nh_, sub_laser_topic_, 1);
[80.392s]       |                                                                                  ^~~~~~~~~
[80.453s] /home/neha/ros2_ws/src/semnav_migration/src/navigation.cpp:142:116: error: no matching function for call to ‘message_filters::Subscriber<sensor_msgs::msg::LaserScan_<std::allocator<void> > >::Subscriber(rclcpp::Node&, std::string&, int)’
[80.453s]   142 |                         message_filters::Subscriber<sensor_msgs::msg::LaserScan> sub_laser(nh_, sub_laser_topic_, 1);
[80.453s]       |                                                                                                                    ^
[80.454s] In file included from /home/neha/ros2_ws/src/semnav_migration/include/reactive_planner_lib.h:43:
[80.454s] /opt/ros/jazzy/include/message_filters/message_filters/subscriber.h:224:3: note: candidate: ‘message_filters::Subscriber<M, NodeType>::Subscriber() [with M = sensor_msgs::msg::LaserScan_<std::allocator<void> >; NodeType = rclcpp::Node]’
[80.454s]   224 |   Subscriber() = default;
[80.454s]       |   ^~~~~~~~~~
[80.454s] /opt/ros/jazzy/include/message_filters/message_filters/subscriber.h:224:3: note:   candidate expects 0 arguments, 3 provided
[80.454s] /opt/ros/jazzy/include/message_filters/message_filters/subscriber.h:212:3: note: candidate: ‘message_filters::Subscriber<M, NodeType>::Subscriber(NodeType*, const std::string&, rmw_qos_profile_t, rclcpp::SubscriptionOptions) [with M = sensor_msgs::msg::LaserScan_<std::allocator<void> >; NodeType = rclcpp::Node; std::string = std::__cxx11::basic_string<char>; rmw_qos_profile_t = rmw_qos_profile_s; rclcpp::SubscriptionOptions = rclcpp::SubscriptionOptionsWithAllocator<std::allocator<void> >]’
[80.454s]   212 |   Subscriber(
[80.455s]       |   ^~~~~~~~~~
[80.455s] /opt/ros/jazzy/include/message_filters/message_filters/subscriber.h:212:3: note:   candidate expects 4 arguments, 3 provided
[80.455s] /opt/ros/jazzy/include/message_filters/message_filters/subscriber.h:203:3: note: candidate: ‘message_filters::Subscriber<M, NodeType>::Subscriber(NodePtr, const std::string&, rmw_qos_profile_t, rclcpp::SubscriptionOptions) [with M = sensor_msgs::msg::LaserScan_<std::allocator<void> >; NodeType = rclcpp::Node; NodePtr = std::shared_ptr<rclcpp::Node>; std::string = std::__cxx11::basic_string<char>; rmw_qos_profile_t = rmw_qos_profile_s; rclcpp::SubscriptionOptions = rclcpp::SubscriptionOptionsWithAllocator<std::allocator<void> >]’
[80.455s]   203 |   Subscriber(
[80.455s]       |   ^~~~~~~~~~
[80.457s] /opt/ros/jazzy/include/message_filters/message_filters/subscriber.h:203:3: note:   candidate expects 4 arguments, 3 provided
[80.458s] /opt/ros/jazzy/include/message_filters/message_filters/subscriber.h:188:3: note: candidate: ‘message_filters::Subscriber<M, NodeType>::Subscriber(NodeType*, const std::string&, rmw_qos_profile_t) [with M = sensor_msgs::msg::LaserScan_<std::allocator<void> >; NodeType = rclcpp::Node; std::string = std::__cxx11::basic_string<char>; rmw_qos_profile_t = rmw_qos_profile_s]’
[80.458s]   188 |   Subscriber(NodeType * node, const std::string& topic, const rmw_qos_profile_t qos = rmw_qos_profile_default)
[80.458s]       |   ^~~~~~~~~~
[80.458s] /opt/ros/jazzy/include/message_filters/message_filters/subscriber.h:188:25: note:   no known conversion for argument 1 from ‘rclcpp::Node’ to ‘rclcpp::Node*’
[80.458s]   188 |   Subscriber(NodeType * node, const std::string& topic, const rmw_qos_profile_t qos = rmw_qos_profile_default)
[80.458s]       |              ~~~~~~~~~~~^~~~
[80.458s] /opt/ros/jazzy/include/message_filters/message_filters/subscriber.h:183:3: note: candidate: ‘message_filters::Subscriber<M, NodeType>::Subscriber(NodePtr, const std::string&, rmw_qos_profile_t) [with M = sensor_msgs::msg::LaserScan_<std::allocator<void> >; NodeType = rclcpp::Node; NodePtr = std::shared_ptr<rclcpp::Node>; std::string = std::__cxx11::basic_string<char>; rmw_qos_profile_t = rmw_qos_profile_s]’
[80.459s]   183 |   Subscriber(NodePtr node, const std::string& topic, const rmw_qos_profile_t qos = rmw_qos_profile_default)
[80.459s]       |   ^~~~~~~~~~
[80.459s] /opt/ros/jazzy/include/message_filters/message_filters/subscriber.h:183:22: note:   no known conversion for argument 1 from ‘rclcpp::Node’ to ‘message_filters::Subscriber<sensor_msgs::msg::LaserScan_<std::allocator<void> > >::NodePtr’ {aka ‘std::shared_ptr<rclcpp::Node>’}
[80.459s]   183 |   Subscriber(NodePtr node, const std::string& topic, const rmw_qos_profile_t qos = rmw_qos_profile_default)
[80.461s]       |              ~~~~~~~~^~~~
[80.468s] /home/neha/ros2_ws/src/semnav_migration/src/navigation_semantic.cpp:144:94: error: ‘LaserScan’ is not a member of ‘sensor_msgs’; did you mean ‘sensor_msgs::msg::LaserScan’?
[80.468s]   144 |                         typedef message_filters::sync_policies::ApproximateTime<sensor_msgs::LaserScan,nav_msgs::msg::Odometry> SyncPolicy;
[80.468s]       |                                                                                              ^~~~~~~~~
[80.470s] /opt/ros/jazzy/include/sensor_msgs/sensor_msgs/msg/detail/laser_scan__struct.hpp:250:7: note: ‘sensor_msgs::msg::LaserScan’ declared here
[80.471s]   250 | using LaserScan =
[80.471s]       |       ^~~~~~~~~
[80.471s] /home/neha/ros2_ws/src/semnav_migration/src/navigation_semantic.cpp:144:127: error: template argument 1 is invalid
[80.471s]   144 |                         typedef message_filters::sync_policies::ApproximateTime<sensor_msgs::LaserScan,nav_msgs::msg::Odometry> SyncPolicy;
[80.471s]       |                                                                                                                               ^
[80.474s] In file included from /home/neha/ros2_ws/src/semnav_migration/include/reactive_planner_lib.h:44:
[80.474s] /opt/ros/jazzy/include/message_filters/message_filters/synchronizer.h: In instantiation of ‘class message_filters::Synchronizer<int>’:
[80.474s] /home/neha/ros2_ws/src/semnav_migration/src/navigation_semantic.cpp:147:64:   required from here
[80.474s] /opt/ros/jazzy/include/message_filters/message_filters/synchronizer.h:53:7: error: base type ‘int’ fails to be a struct or class type
[80.474s]    53 | class Synchronizer : public noncopyable, public Policy
[80.475s]       |       ^~~~~~~~~~~~
[80.475s] /opt/ros/jazzy/include/message_filters/message_filters/synchronizer.h:56:37: error: ‘int’ is not a class, struct, or union type
[80.475s]    56 |   typedef typename Policy::Messages Messages;
[80.475s]       |                                     ^~~~~~~~
[80.475s] /opt/ros/jazzy/include/message_filters/message_filters/synchronizer.h:57:35: error: ‘int’ is not a class, struct, or union type
[80.477s]    57 |   typedef typename Policy::Events Events;
[80.478s]       |                                   ^~~~~~
[80.478s] /opt/ros/jazzy/include/message_filters/message_filters/synchronizer.h:58:35: error: ‘int’ is not a class, struct, or union type
[80.478s]    58 |   typedef typename Policy::Signal Signal;
[80.478s]       |                                   ^~~~~~
[80.478s] /opt/ros/jazzy/include/message_filters/message_filters/synchronizer.h:60:58: error: ‘int’ is not a class, struct, or union type
[80.478s]    60 |   typedef typename std::tuple_element<0, Messages>::type M0;
[80.478s]       |                                                          ^~
[80.479s] /opt/ros/jazzy/include/message_filters/message_filters/synchronizer.h:61:58: error: ‘int’ is not a class, struct, or union type
[80.479s]    61 |   typedef typename std::tuple_element<1, Messages>::type M1;
[80.479s]       |                                                          ^~
[80.479s] /opt/ros/jazzy/include/message_filters/message_filters/synchronizer.h:62:58: error: ‘int’ is not a class, struct, or union type
[80.479s]    62 |   typedef typename std::tuple_element<2, Messages>::type M2;
[80.482s]       |                                                          ^~
[80.482s] /opt/ros/jazzy/include/message_filters/message_filters/synchronizer.h:63:58: error: ‘int’ is not a class, struct, or union type
[80.482s]    63 |   typedef typename std::tuple_element<3, Messages>::type M3;
[80.482s]       |                                                          ^~
[80.482s] /opt/ros/jazzy/include/message_filters/message_filters/synchronizer.h:64:58: error: ‘int’ is not a class, struct, or union type
[80.482s]    64 |   typedef typename std::tuple_element<4, Messages>::type M4;
[80.483s]       |                                                          ^~
[80.483s] /opt/ros/jazzy/include/message_filters/message_filters/synchronizer.h:65:58: error: ‘int’ is not a class, struct, or union type
[80.483s]    65 |   typedef typename std::tuple_element<5, Messages>::type M5;
[80.483s]       |                                                          ^~
[80.483s] /opt/ros/jazzy/include/message_filters/message_filters/synchronizer.h:66:58: error: ‘int’ is not a class, struct, or union type
[80.485s]    66 |   typedef typename std::tuple_element<6, Messages>::type M6;
[80.485s]       |                                                          ^~
[80.485s] /opt/ros/jazzy/include/message_filters/message_filters/synchronizer.h:67:58: error: ‘int’ is not a class, struct, or union type
[80.486s]    67 |   typedef typename std::tuple_element<7, Messages>::type M7;
[80.486s]       |                                                          ^~
[80.486s] /opt/ros/jazzy/include/message_filters/message_filters/synchronizer.h:68:58: error: ‘int’ is not a class, struct, or union type
[80.486s]    68 |   typedef typename std::tuple_element<8, Messages>::type M8;
[80.486s]       |                                                          ^~
[80.486s] /opt/ros/jazzy/include/message_filters/message_filters/synchronizer.h:71:56: error: ‘int’ is not a class, struct, or union type
[80.486s]    71 |   typedef typename std::tuple_element<0, Events>::type M0Event;
[80.487s]       |                                                        ^~~~~~~
[80.487s] /opt/ros/jazzy/include/message_filters/message_filters/synchronizer.h:72:56: error: ‘int’ is not a class, struct, or union type
[80.487s]    72 |   typedef typename std::tuple_element<1, Events>::type M1Event;
[80.487s]       |                                                        ^~~~~~~
[80.487s] /opt/ros/jazzy/include/message_filters/message_filters/synchronizer.h:73:56: error: ‘int’ is not a class, struct, or union type
[80.490s]    73 |   typedef typename std::tuple_element<2, Events>::type M2Event;
[80.490s]       |                                                        ^~~~~~~
[80.490s] /opt/ros/jazzy/include/message_filters/message_filters/synchronizer.h:74:56: error: ‘int’ is not a class, struct, or union type
[80.490s]    74 |   typedef typename std::tuple_element<3, Events>::type M3Event;
[80.490s]       |                                                        ^~~~~~~
[80.490s] /opt/ros/jazzy/include/message_filters/message_filters/synchronizer.h:75:56: error: ‘int’ is not a class, struct, or union type
[80.491s]    75 |   typedef typename std::tuple_element<4, Events>::type M4Event;
[80.491s]       |                                                        ^~~~~~~
[80.491s] /opt/ros/jazzy/include/message_filters/message_filters/synchronizer.h:76:56: error: ‘int’ is not a class, struct, or union type
[80.491s]    76 |   typedef typename std::tuple_element<5, Events>::type M5Event;
[80.491s]       |                                                        ^~~~~~~
[80.493s] /opt/ros/jazzy/include/message_filters/message_filters/synchronizer.h:77:56: error: ‘int’ is not a class, struct, or union type
[80.493s]    77 |   typedef typename std::tuple_element<6, Events>::type M6Event;
[80.494s]       |                                                        ^~~~~~~
[80.494s] /opt/ros/jazzy/include/message_filters/message_filters/synchronizer.h:78:56: error: ‘int’ is not a class, struct, or union type
[80.494s]    78 |   typedef typename std::tuple_element<7, Events>::type M7Event;
[80.494s]       |                                                        ^~~~~~~
[80.494s] /opt/ros/jazzy/include/message_filters/message_filters/synchronizer.h:79:56: error: ‘int’ is not a class, struct, or union type
[80.494s]    79 |   typedef typename std::tuple_element<8, Events>::type M8Event;
[80.494s]       |                                                        ^~~~~~~
[80.495s] /opt/ros/jazzy/include/message_filters/message_filters/synchronizer.h:325:17: error: ‘int’ is not a class, namespace, or enumeration
[80.495s]   325 |   using Policy::add;
[80.495s]       |                 ^~~
[80.495s] /opt/ros/jazzy/include/message_filters/message_filters/synchronizer.h:328:8: error: ‘int’ is not a class, struct, or union type
[80.495s]   328 |   void add(const std::shared_ptr<typename std::tuple_element<i, Messages>::type const>& msg)
[80.498s]       |        ^~~
[80.498s] /opt/ros/jazzy/include/message_filters/message_filters/synchronizer.h:344:8: error: ‘int’ is not a class, struct, or union type
[80.498s]   344 |   void cb(const typename std::tuple_element<i, Events>::type& evt)
[80.498s]       |        ^~
[80.498s] /home/neha/ros2_ws/src/semnav_migration/src/navigation_semantic.cpp:148:55: error: ‘bind’ is not a member of ‘boost’; did you mean ‘find’?
[80.498s]   148 |                         sync->registerCallback(boost::bind(&SemanticNavigationNode::control_callback, this, _1, _2));
[80.499s]       |                                                       ^~~~
[80.499s]       |                                                       find
[80.499s] /home/neha/ros2_ws/src/semnav_migration/src/navigation_semantic.cpp:148:109: error: ‘_1’ was not declared in this scope
[80.499s]   148 |                         sync->registerCallback(boost::bind(&SemanticNavigationNode::control_callback, this, _1, _2));
[80.499s]       |                                                                                                             ^~
[80.501s] /home/neha/ros2_ws/src/semnav_migration/src/navigation_semantic.cpp:148:109: note: suggested alternatives:
[80.502s] In file included from /usr/include/boost/mpl/aux_/include_preprocessed.hpp:37,
[80.502s]                  from /usr/include/boost/mpl/placeholders.hpp:43,
[80.502s]                  from /usr/include/boost/iterator/iterator_categories.hpp:16,
[80.502s]                  from /usr/include/boost/iterator/iterator_facade.hpp:13,
[80.502s]                  from /usr/include/boost/range/iterator_range_core.hpp:27,
[80.502s]                  from /usr/include/boost/lexical_cast.hpp:48,
[80.502s]                  from /usr/include/boost/multiprecision/detail/number_base.hpp:29,
[80.502s]                  from /usr/include/boost/multiprecision/traits/is_variable_precision.hpp:9,
[80.503s]                  from /usr/include/boost/multiprecision/detail/precision.hpp:9,
[80.503s]                  from /usr/include/boost/multiprecision/number.hpp:11,
[80.503s]                  from /usr/include/boost/multiprecision/cpp_int.hpp:19,
[80.503s]                  from /usr/include/boost/multiprecision/cpp_bin_float.hpp:15,
[80.503s]                  from /usr/include/boost/geometry/core/coordinate_promotion.hpp:16,
[80.505s]                  from /usr/include/boost/geometry/core/radian_access.hpp:30,
[80.506s]                  from /usr/include/boost/geometry/geometry.hpp:50,
[80.506s]                  from /usr/include/boost/geometry.hpp:17,
[80.506s]                  from /home/neha/ros2_ws/src/semnav_migration/include/reactive_planner_lib.h:26:
[80.506s] /usr/include/boost/mpl/aux_/preprocessed/gcc/placeholders.hpp:29:16: note:   ‘mpl_::_1’
[80.506s]    29 | typedef arg<1> _1;
[80.506s]       |                ^~
[80.506s] In file included from /usr/include/boost/numeric/conversion/converter_policies.hpp:13,
[80.507s]                  from /usr/include/boost/numeric/conversion/converter.hpp:14,
[80.507s]                  from /usr/include/boost/numeric/conversion/cast.hpp:33,
[80.507s]                  from /usr/include/boost/geometry/core/radian_access.hpp:26:
[80.507s] /usr/include/c++/13/functional:294:48: note:   ‘std::placeholders::_1’
[80.507s]   294 |     _GLIBCXX_PLACEHOLDER const _Placeholder<1> _1;
[80.507s]       |                                                ^~
[80.509s] /usr/include/boost/mpl/aux_/preprocessed/gcc/placeholders.hpp:29:16: note:   ‘mpl_::_1’
[80.510s]    29 | typedef arg<1> _1;
[80.510s]       |                ^~
[80.510s] In file included from /usr/include/boost/describe/members.hpp:20,
[80.510s]                  from /usr/include/boost/container_hash/is_described_class.hpp:11,
[80.510s]                  from /usr/include/boost/container_hash/hash.hpp:18,
[80.510s]                  from /usr/include/boost/functional/hash.hpp:6,
[80.511s]                  from /usr/include/CGAL/Kernel/hash_functions.h:16,
[80.511s]                  from /usr/include/CGAL/Kernel/global_functions.h:25,
[80.511s]                  from /usr/include/CGAL/Cartesian/Cartesian_base.h:22,
[80.511s]                  from /usr/include/CGAL/Simple_cartesian.h:20,
[80.511s]                  from /usr/include/CGAL/Exact_predicates_inexact_constructions_kernel.h:20,
[80.513s]                  from /home/neha/ros2_ws/src/semnav_migration/include/polygeom_lib.h:32,
[80.513s]                  from /home/neha/ros2_ws/src/semnav_migration/include/reactive_planner_lib.h:51:
[80.514s] /usr/include/boost/mp11/bind.hpp:45:7: note:   ‘boost::mp11::_1’
[80.514s]    45 | using _1 = mp_arg<0>;
[80.514s]       |       ^~
[80.514s] /usr/include/boost/mpl/aux_/preprocessed/gcc/placeholders.hpp:29:16: note:   ‘mpl_::_1’
[80.514s]    29 | typedef arg<1> _1;
[80.514s]       |                ^~
[80.514s] /home/neha/ros2_ws/src/semnav_migration/src/navigation_semantic.cpp:148:113: error: ‘_2’ was not declared in this scope
[80.515s]   148 |                         sync->registerCallback(boost::bind(&SemanticNavigationNode::control_callback, this, _1, _2));
[80.515s]       |                                                                                                                 ^~
[80.515s] /home/neha/ros2_ws/src/semnav_migration/src/navigation_semantic.cpp:148:113: note: suggested alternatives:
[80.515s] /usr/include/boost/mpl/aux_/preprocessed/gcc/placeholders.hpp:42:16: note:   ‘mpl_::_2’
[80.515s]    42 | typedef arg<2> _2;
[80.515s]       |                ^~
[80.517s] /usr/include/c++/13/functional:295:48: note:   ‘std::placeholders::_2’
[80.518s]   295 |     _GLIBCXX_PLACEHOLDER const _Placeholder<2> _2;
[80.518s]       |                                                ^~
[80.518s] /usr/include/boost/mpl/aux_/preprocessed/gcc/placeholders.hpp:42:16: note:   ‘mpl_::_2’
[80.519s]    42 | typedef arg<2> _2;
[80.519s]       |                ^~
[80.519s] /usr/include/boost/mp11/bind.hpp:46:7: note:   ‘boost::mp11::_2’
[80.519s]    46 | using _2 = mp_arg<1>;
[80.519s]       |       ^~
[80.519s] /usr/include/boost/mpl/aux_/preprocessed/gcc/placeholders.hpp:42:16: note:   ‘mpl_::_2’
[80.521s]    42 | typedef arg<2> _2;
[80.522s]       |                ^~
[80.522s] /home/neha/ros2_ws/src/semnav_migration/src/navigation_semantic.cpp:150:25: error: ‘ros’ has not been declared
[80.522s]   150 |                         ros::Subscriber sub_semantic = nh_.subscribe(sub_semantic_topic_, 1, &SemanticNavigationNode::diffeo_tree_update, this);
[80.522s]       |                         ^~~
[80.522s] /home/neha/ros2_ws/src/semnav_migration/src/navigation_semantic.cpp:154:25: error: ‘ros’ has not been declared
[80.522s]   154 |                         ros::Duration(5.0).sleep();
[80.522s]       |                         ^~~
[80.522s] /home/neha/ros2_ws/src/semnav_migration/src/navigation_semantic.cpp:161:25: error: ‘ros’ has not been declared
[80.523s]   161 |                         ros::spin();
[80.523s]       |                         ^~~
[80.523s] /home/neha/ros2_ws/src/semnav_migration/src/navigation.cpp:143:112: error: no matching function for call to ‘message_filters::Subscriber<nav_msgs::msg::Odometry_<std::allocator<void> > >::Subscriber(rclcpp::Node&, std::string&, int)’
[80.523s]   143 |                         message_filters::Subscriber<nav_msgs::msg::Odometry> sub_robot(nh_, sub_robot_topic_, 1);
[80.523s]       |                                                                                                                ^
[80.525s] /opt/ros/jazzy/include/message_filters/message_filters/subscriber.h:224:3: note: candidate: ‘message_filters::Subscriber<M, NodeType>::Subscriber() [with M = nav_msgs::msg::Odometry_<std::allocator<void> >; NodeType = rclcpp::Node]’
[80.526s]   224 |   Subscriber() = default;
[80.526s]       |   ^~~~~~~~~~
[80.526s] /opt/ros/jazzy/include/message_filters/message_filters/subscriber.h:224:3: note:   candidate expects 0 arguments, 3 provided
[80.526s] /opt/ros/jazzy/include/message_filters/message_filters/subscriber.h:212:3: note: candidate: ‘message_filters::Subscriber<M, NodeType>::Subscriber(NodeType*, const std::string&, rmw_qos_profile_t, rclcpp::SubscriptionOptions) [with M = nav_msgs::msg::Odometry_<std::allocator<void> >; NodeType = rclcpp::Node; std::string = std::__cxx11::basic_string<char>; rmw_qos_profile_t = rmw_qos_profile_s; rclcpp::SubscriptionOptions = rclcpp::SubscriptionOptionsWithAllocator<std::allocator<void> >]’
[80.526s]   212 |   Subscriber(
[80.526s]       |   ^~~~~~~~~~
[80.527s] /opt/ros/jazzy/include/message_filters/message_filters/subscriber.h:212:3: note:   candidate expects 4 arguments, 3 provided
[80.527s] /opt/ros/jazzy/include/message_filters/message_filters/subscriber.h:203:3: note: candidate: ‘message_filters::Subscriber<M, NodeType>::Subscriber(NodePtr, const std::string&, rmw_qos_profile_t, rclcpp::SubscriptionOptions) [with M = nav_msgs::msg::Odometry_<std::allocator<void> >; NodeType = rclcpp::Node; NodePtr = std::shared_ptr<rclcpp::Node>; std::string = std::__cxx11::basic_string<char>; rmw_qos_profile_t = rmw_qos_profile_s; rclcpp::SubscriptionOptions = rclcpp::SubscriptionOptionsWithAllocator<std::allocator<void> >]’
[80.527s]   203 |   Subscriber(
[80.527s]       |   ^~~~~~~~~~
[80.527s] /opt/ros/jazzy/include/message_filters/message_filters/subscriber.h:203:3: note:   candidate expects 4 arguments, 3 provided
[80.529s] /opt/ros/jazzy/include/message_filters/message_filters/subscriber.h:188:3: note: candidate: ‘message_filters::Subscriber<M, NodeType>::Subscriber(NodeType*, const std::string&, rmw_qos_profile_t) [with M = nav_msgs::msg::Odometry_<std::allocator<void> >; NodeType = rclcpp::Node; std::string = std::__cxx11::basic_string<char>; rmw_qos_profile_t = rmw_qos_profile_s]’
[80.530s]   188 |   Subscriber(NodeType * node, const std::string& topic, const rmw_qos_profile_t qos = rmw_qos_profile_default)
[80.530s]       |   ^~~~~~~~~~
[80.530s] /opt/ros/jazzy/include/message_filters/message_filters/subscriber.h:188:25: note:   no known conversion for argument 1 from ‘rclcpp::Node’ to ‘rclcpp::Node*’
[80.530s]   188 |   Subscriber(NodeType * node, const std::string& topic, const rmw_qos_profile_t qos = rmw_qos_profile_default)
[80.530s]       |              ~~~~~~~~~~~^~~~
[80.530s] /opt/ros/jazzy/include/message_filters/message_filters/subscriber.h:183:3: note: candidate: ‘message_filters::Subscriber<M, NodeType>::Subscriber(NodePtr, const std::string&, rmw_qos_profile_t) [with M = nav_msgs::msg::Odometry_<std::allocator<void> >; NodeType = rclcpp::Node; NodePtr = std::shared_ptr<rclcpp::Node>; std::string = std::__cxx11::basic_string<char>; rmw_qos_profile_t = rmw_qos_profile_s]’
[80.530s]   183 |   Subscriber(NodePtr node, const std::string& topic, const rmw_qos_profile_t qos = rmw_qos_profile_default)
[80.530s]       |   ^~~~~~~~~~
[80.531s] /opt/ros/jazzy/include/message_filters/message_filters/subscriber.h:183:22: note:   no known conversion for argument 1 from ‘rclcpp::Node’ to ‘message_filters::Subscriber<nav_msgs::msg::Odometry_<std::allocator<void> > >::NodePtr’ {aka ‘std::shared_ptr<rclcpp::Node>’}
[80.531s]   183 |   Subscriber(NodePtr node, const std::string& topic, const rmw_qos_profile_t qos = rmw_qos_profile_default)
[80.531s]       |              ~~~~~~~~^~~~
[80.575s] /home/neha/ros2_ws/src/semnav_migration/src/navigation_semantic.cpp: In member function ‘void SemanticNavigationNode::publish_twist(double, double)’:
[80.575s] /home/neha/ros2_ws/src/semnav_migration/src/navigation_semantic.cpp:168:25: error: ‘pub_twist_’ was not declared in this scope; did you mean ‘publish_twist’?
[80.575s]   168 |                         pub_twist_.publish(commandTwist);
[80.575s]       |                         ^~~~~~~~~~
[80.575s]       |                         publish_twist
[80.580s] /home/neha/ros2_ws/src/semnav_migration/src/navigation_semantic.cpp: In member function ‘void SemanticNavigationNode::publish_behavior_id(uint16_t)’:
[80.580s] /home/neha/ros2_ws/src/semnav_migration/src/navigation_semantic.cpp:173:32: error: ‘UInt32’ is not a member of ‘std_msgs::msg’
[80.580s]   173 |                 std_msgs::msg::UInt32 commandId;
[80.581s]       |                                ^~~~~~
[80.630s] /home/neha/ros2_ws/src/semnav_migration/src/navigation_semantic.cpp:174:25: error: ‘commandId’ was not declared in this scope
[80.630s]   174 |                         commandId.data = BehaviorIdCmd;
[80.631s]       |                         ^~~~~~~~~
[80.652s] /home/neha/ros2_ws/src/semnav_migration/src/navigation.cpp:148:55: error: ‘bind’ is not a member of ‘boost’; did you mean ‘find’?
[80.652s]   148 |                         sync->registerCallback(boost::bind(&NavigationNode::control_callback, this, _1, _2));
[80.652s]       |                                                       ^~~~
[80.652s]       |                                                       find
[80.656s] /home/neha/ros2_ws/src/semnav_migration/src/navigation.cpp:148:101: error: ‘_1’ was not declared in this scope
[80.656s]   148 |                         sync->registerCallback(boost::bind(&NavigationNode::control_callback, this, _1, _2));
[80.656s]       |                                                                                                     ^~
[80.656s] /home/neha/ros2_ws/src/semnav_migration/src/navigation.cpp:148:101: note: suggested alternatives:
[80.658s] In file included from /usr/include/boost/mpl/aux_/include_preprocessed.hpp:37,
[80.659s]                  from /usr/include/boost/mpl/placeholders.hpp:43,
[80.659s]                  from /usr/include/boost/iterator/iterator_categories.hpp:16,
[80.659s]                  from /usr/include/boost/iterator/iterator_facade.hpp:13,
[80.659s]                  from /usr/include/boost/range/iterator_range_core.hpp:27,
[80.659s]                  from /usr/include/boost/lexical_cast.hpp:48,
[80.659s]                  from /usr/include/boost/multiprecision/detail/number_base.hpp:29,
[80.659s]                  from /usr/include/boost/multiprecision/traits/is_variable_precision.hpp:9,
[80.659s]                  from /usr/include/boost/multiprecision/detail/precision.hpp:9,
[80.660s]                  from /usr/include/boost/multiprecision/number.hpp:11,
[80.660s]                  from /usr/include/boost/multiprecision/cpp_int.hpp:19,
[80.660s]                  from /usr/include/boost/multiprecision/cpp_bin_float.hpp:15,
[80.660s]                  from /usr/include/boost/geometry/core/coordinate_promotion.hpp:16,
[80.660s]                  from /usr/include/boost/geometry/core/radian_access.hpp:30,
[80.660s]                  from /usr/include/boost/geometry/geometry.hpp:50,
[80.660s]                  from /usr/include/boost/geometry.hpp:17,
[80.660s]                  from /home/neha/ros2_ws/src/semnav_migration/include/reactive_planner_lib.h:26:
[80.661s] /usr/include/boost/mpl/aux_/preprocessed/gcc/placeholders.hpp:29:16: note:   ‘mpl_::_1’
[80.661s]    29 | typedef arg<1> _1;
[80.661s]       |                ^~
[80.661s] In file included from /usr/include/boost/numeric/conversion/converter_policies.hpp:13,
[80.661s]                  from /usr/include/boost/numeric/conversion/converter.hpp:14,
[80.661s]                  from /usr/include/boost/numeric/conversion/cast.hpp:33,
[80.661s]                  from /usr/include/boost/geometry/core/radian_access.hpp:26:
[80.661s] /usr/include/c++/13/functional:294:48: note:   ‘std::placeholders::_1’
[80.662s]   294 |     _GLIBCXX_PLACEHOLDER const _Placeholder<1> _1;
[80.662s]       |                                                ^~
[80.662s] /usr/include/boost/mpl/aux_/preprocessed/gcc/placeholders.hpp:29:16: note:   ‘mpl_::_1’
[80.662s]    29 | typedef arg<1> _1;
[80.662s]       |                ^~
[80.666s] In file included from /usr/include/boost/describe/members.hpp:20,
[80.666s]                  from /usr/include/boost/container_hash/is_described_class.hpp:11,
[80.667s]                  from /usr/include/boost/container_hash/hash.hpp:18,
[80.667s]                  from /usr/include/boost/functional/hash.hpp:6,
[80.667s]                  from /usr/include/CGAL/Kernel/hash_functions.h:16,
[80.667s]                  from /usr/include/CGAL/Kernel/global_functions.h:25,
[80.667s]                  from /usr/include/CGAL/Cartesian/Cartesian_base.h:22,
[80.667s]                  from /usr/include/CGAL/Simple_cartesian.h:20,
[80.667s]                  from /usr/include/CGAL/Exact_predicates_inexact_constructions_kernel.h:20,
[80.667s]                  from /home/neha/ros2_ws/src/semnav_migration/include/polygeom_lib.h:32,
[80.668s]                  from /home/neha/ros2_ws/src/semnav_migration/include/reactive_planner_lib.h:51:
[80.668s] /usr/include/boost/mp11/bind.hpp:45:7: note:   ‘boost::mp11::_1’
[80.668s]    45 | using _1 = mp_arg<0>;
[80.668s]       |       ^~
[80.668s] /usr/include/boost/mpl/aux_/preprocessed/gcc/placeholders.hpp:29:16: note:   ‘mpl_::_1’
[80.671s]    29 | typedef arg<1> _1;
[80.671s]       |                ^~
[80.671s] /home/neha/ros2_ws/src/semnav_migration/src/navigation.cpp:148:105: error: ‘_2’ was not declared in this scope
[80.671s]   148 |                         sync->registerCallback(boost::bind(&NavigationNode::control_callback, this, _1, _2));
[80.671s]       |                                                                                                         ^~
[80.672s] /home/neha/ros2_ws/src/semnav_migration/src/navigation.cpp:148:105: note: suggested alternatives:
[80.672s] /usr/include/boost/mpl/aux_/preprocessed/gcc/placeholders.hpp:42:16: note:   ‘mpl_::_2’
[80.672s]    42 | typedef arg<2> _2;
[80.672s]       |                ^~
[80.672s] /usr/include/c++/13/functional:295:48: note:   ‘std::placeholders::_2’
[80.672s]   295 |     _GLIBCXX_PLACEHOLDER const _Placeholder<2> _2;
[80.672s]       |                                                ^~
[80.672s] /usr/include/boost/mpl/aux_/preprocessed/gcc/placeholders.hpp:42:16: note:   ‘mpl_::_2’
[80.673s]    42 | typedef arg<2> _2;
[80.673s]       |                ^~
[80.673s] /usr/include/boost/mp11/bind.hpp:46:7: note:   ‘boost::mp11::_2’
[80.673s]    46 | using _2 = mp_arg<1>;
[80.673s]       |       ^~
[80.673s] /usr/include/boost/mpl/aux_/preprocessed/gcc/placeholders.hpp:42:16: note:   ‘mpl_::_2’
[80.673s]    42 | typedef arg<2> _2;
[80.673s]       |                ^~
[80.674s] /home/neha/ros2_ws/src/semnav_migration/src/navigation.cpp:151:20: error: ‘Subscription’ was not declared in this scope
[80.674s]   151 |             rclcpp:Subscription sub_semantic = this->create_subscriber(sub_semantic_topic_, 1);
[80.674s]       |                    ^~~~~~~~~~~~
[80.674s] /home/neha/ros2_ws/src/semnav_migration/src/navigation.cpp:151:20: note: suggested alternatives:
[80.674s] In file included from /opt/ros/jazzy/include/rclcpp/rclcpp/any_executable.hpp:25,
[80.676s]                  from /opt/ros/jazzy/include/rclcpp/rclcpp/memory_strategy.hpp:25,
[80.676s]                  from /opt/ros/jazzy/include/rclcpp/rclcpp/memory_strategies.hpp:18,
[80.677s]                  from /opt/ros/jazzy/include/rclcpp/rclcpp/executor_options.hpp:22,
[80.677s]                  from /opt/ros/jazzy/include/rclcpp/rclcpp/executor.hpp:38,
[80.677s]                  from /opt/ros/jazzy/include/rclcpp/rclcpp/executors/multi_threaded_executor.hpp:25,
[80.677s]                  from /opt/ros/jazzy/include/rclcpp/rclcpp/executors.hpp:21:
[80.677s] /opt/ros/jazzy/include/rclcpp/rclcpp/subscription.hpp:75:7: note:   ‘rclcpp::Subscription’
[80.677s]    75 | class Subscription : public SubscriptionBase
[80.677s]       |       ^~~~~~~~~~~~
[80.678s] In file included from /opt/ros/jazzy/include/rclcpp/rclcpp/client.hpp:45,
[80.678s]                  from /opt/ros/jazzy/include/rclcpp/rclcpp/callback_group.hpp:24,
[80.678s]                  from /opt/ros/jazzy/include/rclcpp/rclcpp/any_executable.hpp:20:
[80.678s] /opt/ros/jazzy/include/rclcpp/rclcpp/node_interfaces/node_graph_interface.hpp:43:3: note:   ‘rclcpp::EndpointType::Subscription’
[80.678s]    43 |   Subscription = RMW_ENDPOINT_SUBSCRIPTION
[80.678s]       |   ^~~~~~~~~~~~
[80.680s] /home/neha/ros2_ws/src/semnav_migration/src/navigation.cpp:155:45: error: no matching function for call to ‘rclcpp::Duration::Duration(double)’
[80.681s]   155 |                         rclcpp::Duration(5.0).sleep();
[80.681s]       |                                             ^
[80.681s] In file included from /opt/ros/jazzy/include/rclcpp/rclcpp/time.hpp:24,
[80.681s]                  from /opt/ros/jazzy/include/rclcpp/rclcpp/clock.hpp:24,
[80.681s]                  from /opt/ros/jazzy/include/rclcpp/rclcpp/client.hpp:38:
[80.681s] /opt/ros/jazzy/include/rclcpp/rclcpp/duration.hpp:49:3: note: candidate: ‘template<class Rep, class Period> rclcpp::Duration::Duration(const std::chrono::duration<_Rep1, _Period1>&)’
[80.681s]    49 |   Duration(const std::chrono::duration<Rep, Period> & duration)  // NOLINT(runtime/explicit)
[80.681s]       |   ^~~~~~~~
[80.682s] /opt/ros/jazzy/include/rclcpp/rclcpp/duration.hpp:49:3: note:   template argument deduction/substitution failed:
[80.682s] /home/neha/ros2_ws/src/semnav_migration/src/navigation.cpp:155:45: note:   mismatched types ‘const std::chrono::duration<_Rep1, _Period1>’ and ‘double’
[80.682s]   155 |                         rclcpp::Duration(5.0).sleep();
[80.682s]       |                                             ^
[80.682s] /opt/ros/jazzy/include/rclcpp/rclcpp/duration.hpp:159:3: note: candidate: ‘rclcpp::Duration::Duration()’
[80.684s]   159 |   Duration() = default;
[80.684s]       |   ^~~~~~~~
[80.685s] /opt/ros/jazzy/include/rclcpp/rclcpp/duration.hpp:159:3: note:   candidate expects 0 arguments, 1 provided
[80.685s] /opt/ros/jazzy/include/rclcpp/rclcpp/duration.hpp:62:3: note: candidate: ‘rclcpp::Duration::Duration(const rclcpp::Duration&)’
[80.685s]    62 |   Duration(const Duration & rhs);
[80.685s]       |   ^~~~~~~~
[80.685s] /opt/ros/jazzy/include/rclcpp/rclcpp/duration.hpp:62:29: note:   no known conversion for argument 1 from ‘double’ to ‘const rclcpp::Duration&’
[80.685s]    62 |   Duration(const Duration & rhs);
[80.685s]       |            ~~~~~~~~~~~~~~~~~^~~
[80.686s] /opt/ros/jazzy/include/rclcpp/rclcpp/duration.hpp:60:12: note: candidate: ‘rclcpp::Duration::Duration(const rcl_duration_t&)’
[80.686s]    60 |   explicit Duration(const rcl_duration_t & duration);
[80.686s]       |            ^~~~~~~~
[80.686s] /opt/ros/jazzy/include/rclcpp/rclcpp/duration.hpp:60:44: note:   no known conversion for argument 1 from ‘double’ to ‘const rcl_duration_t&’ {aka ‘const rcl_duration_s&’}
[80.686s]    60 |   explicit Duration(const rcl_duration_t & duration);
[80.688s]       |                     ~~~~~~~~~~~~~~~~~~~~~~~^~~~~~~~
[80.688s] /opt/ros/jazzy/include/rclcpp/rclcpp/duration.hpp:54:3: note: candidate: ‘rclcpp::Duration::Duration(const builtin_interfaces::msg::Duration&)’
[80.689s]    54 |   Duration(const builtin_interfaces::msg::Duration & duration_msg);  // NOLINT(runtime/explicit)
[80.689s]       |   ^~~~~~~~
[80.689s] /opt/ros/jazzy/include/rclcpp/rclcpp/duration.hpp:54:54: note:   no known conversion for argument 1 from ‘double’ to ‘const builtin_interfaces::msg::Duration&’ {aka ‘const builtin_interfaces::msg::Duration_<std::allocator<void> >&’}
[80.689s]    54 |   Duration(const builtin_interfaces::msg::Duration & duration_msg);  // NOLINT(runtime/explicit)
[80.689s]       |            ~~~~~~~~~~~~~~~~~~~~~~~~~~~~~~~~~~~~~~~~~~^~~~~~~~~~~~
[80.691s] /opt/ros/jazzy/include/rclcpp/rclcpp/duration.hpp:43:12: note: candidate: ‘rclcpp::Duration::Duration(std::chrono::nanoseconds)’
[80.691s]    43 |   explicit Duration(std::chrono::nanoseconds nanoseconds);
[80.692s]       |            ^~~~~~~~
[80.692s] /opt/ros/jazzy/include/rclcpp/rclcpp/duration.hpp:43:46: note:   no known conversion for argument 1 from ‘double’ to ‘std::chrono::nanoseconds’ {aka ‘std::chrono::duration<long int, std::ratio<1, 1000000000> >’}
[80.692s]    43 |   explicit Duration(std::chrono::nanoseconds nanoseconds);
[80.692s]       |                     ~~~~~~~~~~~~~~~~~~~~~~~~~^~~~~~~~~~~
[80.692s] /opt/ros/jazzy/include/rclcpp/rclcpp/duration.hpp:40:3: note: candidate: ‘rclcpp::Duration::Duration(int32_t, uint32_t)’
[80.692s]    40 |   Duration(int32_t seconds, uint32_t nanoseconds);
[80.692s]       |   ^~~~~~~~
[80.692s] /opt/ros/jazzy/include/rclcpp/rclcpp/duration.hpp:40:3: note:   candidate expects 2 arguments, 1 provided
[80.703s] /home/neha/ros2_ws/src/semnav_migration/src/navigation.cpp:162:38: error: ‘node_ptr’ was not declared in this scope; did you mean ‘mode_t’?
[80.703s]   162 |                         rclcpp::spin(node_ptr);
[80.703s]       |                                      ^~~~~~~~
[80.703s]       |                                      mode_t
[80.739s] /home/neha/ros2_ws/src/semnav_migration/src/navigation_semantic.cpp:175:25: error: ‘pub_behaviorID_’ was not declared in this scope; did you mean ‘pub_behaviorID_topic_’?
[80.739s]   175 |                         pub_behaviorID_.publish(commandId);
[80.739s]       |                         ^~~~~~~~~~~~~~~
[80.739s]       |                         pub_behaviorID_topic_
[80.744s] /home/neha/ros2_ws/src/semnav_migration/src/navigation_semantic.cpp: In member function ‘void SemanticNavigationNode::publish_behavior_mode(uint16_t)’:
[80.744s] /home/neha/ros2_ws/src/semnav_migration/src/navigation_semantic.cpp:180:28: error: ‘UInt32’ is not a member of ‘std_msgs::msg’
[80.744s]   180 |             std_msgs::msg::UInt32 commandMode;
[80.744s]       |                            ^~~~~~
[80.757s] /home/neha/ros2_ws/src/semnav_migration/src/navigation.cpp: In member function ‘void NavigationNode::publish_twist(double, double)’:
[80.757s] /home/neha/ros2_ws/src/semnav_migration/src/navigation.cpp:169:25: error: ‘pub_twist_’ was not declared in this scope; did you mean ‘publish_twist’?
[80.757s]   169 |                         pub_twist_.publish(commandTwist);
[80.757s]       |                         ^~~~~~~~~~
[80.758s]       |                         publish_twist
[80.758s] /home/neha/ros2_ws/src/semnav_migration/src/navigation.cpp: In member function ‘void NavigationNode::publish_behavior_id(uint16_t)’:
[80.758s] /home/neha/ros2_ws/src/semnav_migration/src/navigation.cpp:174:13: error: ‘example_interfaces’ has not been declared
[80.758s]   174 |             example_interfaces::msg::UInt32 commandId;
[80.758s]       |             ^~~~~~~~~~~~~~~~~~
[80.803s] /home/neha/ros2_ws/src/semnav_migration/src/navigation.cpp:175:25: error: ‘commandId’ was not declared in this scope
[80.803s]   175 |                         commandId.data = BehaviorIdCmd;
[80.803s]       |                         ^~~~~~~~~
[80.810s] /home/neha/ros2_ws/src/semnav_migration/src/navigation_semantic.cpp:181:25: error: ‘commandMode’ was not declared in this scope
[80.810s]   181 |                         commandMode.data = BehaviorModeCmd;
[80.810s]       |                         ^~~~~~~~~~~
[80.886s] /home/neha/ros2_ws/src/semnav_migration/src/navigation.cpp:176:25: error: ‘pub_behaviorID_’ was not declared in this scope; did you mean ‘pub_behaviorID_topic_’?
[80.886s]   176 |                         pub_behaviorID_.publish(commandId);
[80.886s]       |                         ^~~~~~~~~~~~~~~
[80.886s]       |                         pub_behaviorID_topic_
[80.886s] /home/neha/ros2_ws/src/semnav_migration/src/navigation.cpp: In member function ‘void NavigationNode::publish_behavior_mode(uint16_t)’:
[80.886s] /home/neha/ros2_ws/src/semnav_migration/src/navigation.cpp:181:13: error: ‘example_interfaces’ has not been declared
[80.886s]   181 |             example_interfaces::msg::UInt32 commandMode;
[80.887s]       |             ^~~~~~~~~~~~~~~~~~
[80.906s] /home/neha/ros2_ws/src/semnav_migration/src/navigation_semantic.cpp:182:25: error: ‘pub_behaviorMode_’ was not declared in this scope; did you mean ‘pub_behaviorMode_topic_’?
[80.907s]   182 |                         pub_behaviorMode_.publish(commandMode);
[80.907s]       |                         ^~~~~~~~~~~~~~~~~
[80.907s]       |                         pub_behaviorMode_topic_
[80.948s] /home/neha/ros2_ws/src/semnav_migration/src/navigation.cpp:182:25: error: ‘commandMode’ was not declared in this scope
[80.949s]   182 |                         commandMode.data = BehaviorModeCmd;
[80.949s]       |                         ^~~~~~~~~~~
[80.961s] /home/neha/ros2_ws/src/semnav_migration/src/navigation_semantic.cpp: In member function ‘void SemanticNavigationNode::diffeo_tree_update(const object_pose_interface_msgs::msg::SemanticMapObjectArray_<std::allocator<void> >::ConstPtr&)’:
[80.961s] /home/neha/ros2_ws/src/semnav_migration/src/navigation_semantic.cpp:252:29: error: ‘ros’ has not been declared
[80.961s]   252 |                         if (ros::Time::now().toSec() - DiffeoTreeUpdateTime_ < (1.0/DiffeoTreeUpdateRate_)) {
[80.961s]       |                             ^~~
[80.961s] /home/neha/ros2_ws/src/semnav_migration/src/navigation_semantic.cpp:256:53: error: ‘ros’ has not been declared
[80.961s]   256 |                                 double start_time = ros::Time::now().toSec();
[80.962s]       |                                                     ^~~
[80.966s] /home/neha/ros2_ws/src/semnav_migration/src/navigation_semantic.cpp:267:49: error: ‘tf’ has not been declared
[80.966s]   267 |                                                 tf::Quaternion rotation = tf::Quaternion(semantic_map_data->objects[i].pose.pose.orientation.x,
[80.966s]       |                                                 ^~
[80.966s] /home/neha/ros2_ws/src/semnav_migration/src/navigation_semantic.cpp:272:49: error: ‘tf’ has not been declared
[80.966s]   272 |                                                 tf::Matrix3x3 m(rotation);
[80.966s]       |                                                 ^~
[80.969s] /home/neha/ros2_ws/src/semnav_migration/src/navigation_semantic.cpp:275:49: error: ‘tf’ has not been declared
[80.969s]   275 |                                                 tf::Vector3 target_nominal_1(-0.5*target_object_width_ - ObstacleDilation_ - 0.08, 0.0, 0.0);
[80.969s]       |                                                 ^~
[80.969s] /home/neha/ros2_ws/src/semnav_migration/src/navigation_semantic.cpp:276:49: error: ‘tf’ has not been declared
[80.969s]   276 |                                                 tf::Vector3 target_nominal_2(0.5*target_object_width_ + ObstacleDilation_ + 0.25, 0.0, 0.0);
[80.969s]       |                                                 ^~
[80.969s] /home/neha/ros2_ws/src/semnav_migration/src/navigation_semantic.cpp:277:49: error: ‘tf’ has not been declared
[80.969s]   277 |                                                 tf::Vector3 target_nominal_1_rotated = tf::quatRotate(rotation, target_nominal_1);
[80.970s]       |                                                 ^~
[80.970s] /home/neha/ros2_ws/src/semnav_migration/src/navigation_semantic.cpp:278:49: error: ‘tf’ has not been declared
[80.970s]   278 |                                                 tf::Vector3 target_nominal_2_rotated = tf::quatRotate(rotation, target_nominal_2);
[80.970s]       |                                                 ^~
[80.999s] /home/neha/ros2_ws/src/semnav_migration/src/navigation_semantic.cpp:280:49: error: ‘m’ was not declared in this scope; did you mean ‘tm’?
[80.999s]   280 |                                                 m.getRPY(roll, pitch, yaw);
[80.999s]       |                                                 ^
[80.999s]       |                                                 tm
[81.046s] /home/neha/ros2_ws/src/semnav_migration/src/navigation.cpp:183:25: error: ‘pub_behaviorMode_’ was not declared in this scope; did you mean ‘pub_behaviorMode_topic_’?
[81.046s]   183 |                         pub_behaviorMode_.publish(commandMode);
[81.046s]       |                         ^~~~~~~~~~~~~~~~~
[81.047s]       |                         pub_behaviorMode_topic_
[81.160s] /home/neha/ros2_ws/src/semnav_migration/src/navigation_semantic.cpp:281:123: error: ‘target_nominal_1_rotated’ was not declared in this scope
[81.161s]   281 |                                                 GoalVector[0].set<0>(semantic_map_data->objects[i].pose.pose.position.x + target_nominal_1_rotated.getX());
[81.161s]       |                                                                                                                           ^~~~~~~~~~~~~~~~~~~~~~~~
[81.172s] /home/neha/ros2_ws/src/semnav_migration/src/navigation.cpp: In member function ‘void NavigationNode::control_callback(const sensor_msgs::msg::LaserScan_<std::allocator<void> >::ConstPtr&, const nav_msgs::msg::Odometry_<std::allocator<void> >::ConstPtr&)’:
[81.172s] /home/neha/ros2_ws/src/semnav_migration/src/navigation.cpp:366:33: error: ‘listener_’ was not declared in this scope
[81.172s]   366 |                                 listener_.waitForTransform(world_frame_id_, odom_frame_id_, rclcpp::Time(0), rclcpp::Duration(1.0));
[81.173s]       |                                 ^~~~~~~~~
[81.174s] /home/neha/ros2_ws/src/semnav_migration/src/navigation.cpp:366:130: error: no matching function for call to ‘rclcpp::Duration::Duration(double)’
[81.175s]   366 |                                 listener_.waitForTransform(world_frame_id_, odom_frame_id_, rclcpp::Time(0), rclcpp::Duration(1.0));
[81.175s]       |                                                                                                                                  ^
[81.175s] /opt/ros/jazzy/include/rclcpp/rclcpp/duration.hpp:49:3: note: candidate: ‘template<class Rep, class Period> rclcpp::Duration::Duration(const std::chrono::duration<_Rep1, _Period1>&)’
[81.175s]    49 |   Duration(const std::chrono::duration<Rep, Period> & duration)  // NOLINT(runtime/explicit)
[81.175s]       |   ^~~~~~~~
[81.175s] /opt/ros/jazzy/include/rclcpp/rclcpp/duration.hpp:49:3: note:   template argument deduction/substitution failed:
[81.175s] /home/neha/ros2_ws/src/semnav_migration/src/navigation.cpp:366:130: note:   mismatched types ‘const std::chrono::duration<_Rep1, _Period1>’ and ‘double’
[81.176s]   366 |                                 listener_.waitForTransform(world_frame_id_, odom_frame_id_, rclcpp::Time(0), rclcpp::Duration(1.0));
[81.176s]       |                                                                                                                                  ^
[81.176s] /opt/ros/jazzy/include/rclcpp/rclcpp/duration.hpp:159:3: note: candidate: ‘rclcpp::Duration::Duration()’
[81.176s]   159 |   Duration() = default;
[81.176s]       |   ^~~~~~~~
[81.179s] /opt/ros/jazzy/include/rclcpp/rclcpp/duration.hpp:159:3: note:   candidate expects 0 arguments, 1 provided
[81.179s] /opt/ros/jazzy/include/rclcpp/rclcpp/duration.hpp:62:3: note: candidate: ‘rclcpp::Duration::Duration(const rclcpp::Duration&)’
[81.179s]    62 |   Duration(const Duration & rhs);
[81.179s]       |   ^~~~~~~~
[81.179s] /opt/ros/jazzy/include/rclcpp/rclcpp/duration.hpp:62:29: note:   no known conversion for argument 1 from ‘double’ to ‘const rclcpp::Duration&’
[81.179s]    62 |   Duration(const Duration & rhs);
[81.179s]       |            ~~~~~~~~~~~~~~~~~^~~
[81.180s] /opt/ros/jazzy/include/rclcpp/rclcpp/duration.hpp:60:12: note: candidate: ‘rclcpp::Duration::Duration(const rcl_duration_t&)’
[81.180s]    60 |   explicit Duration(const rcl_duration_t & duration);
[81.180s]       |            ^~~~~~~~
[81.180s] /opt/ros/jazzy/include/rclcpp/rclcpp/duration.hpp:60:44: note:   no known conversion for argument 1 from ‘double’ to ‘const rcl_duration_t&’ {aka ‘const rcl_duration_s&’}
[81.180s]    60 |   explicit Duration(const rcl_duration_t & duration);
[81.182s]       |                     ~~~~~~~~~~~~~~~~~~~~~~~^~~~~~~~
[81.183s] /opt/ros/jazzy/include/rclcpp/rclcpp/duration.hpp:54:3: note: candidate: ‘rclcpp::Duration::Duration(const builtin_interfaces::msg::Duration&)’
[81.183s]    54 |   Duration(const builtin_interfaces::msg::Duration & duration_msg);  // NOLINT(runtime/explicit)
[81.183s]       |   ^~~~~~~~
[81.183s] /opt/ros/jazzy/include/rclcpp/rclcpp/duration.hpp:54:54: note:   no known conversion for argument 1 from ‘double’ to ‘const builtin_interfaces::msg::Duration&’ {aka ‘const builtin_interfaces::msg::Duration_<std::allocator<void> >&’}
[81.183s]    54 |   Duration(const builtin_interfaces::msg::Duration & duration_msg);  // NOLINT(runtime/explicit)
[81.183s]       |            ~~~~~~~~~~~~~~~~~~~~~~~~~~~~~~~~~~~~~~~~~~^~~~~~~~~~~~
[81.183s] /opt/ros/jazzy/include/rclcpp/rclcpp/duration.hpp:43:12: note: candidate: ‘rclcpp::Duration::Duration(std::chrono::nanoseconds)’
[81.184s]    43 |   explicit Duration(std::chrono::nanoseconds nanoseconds);
[81.184s]       |            ^~~~~~~~
[81.184s] /opt/ros/jazzy/include/rclcpp/rclcpp/duration.hpp:43:46: note:   no known conversion for argument 1 from ‘double’ to ‘std::chrono::nanoseconds’ {aka ‘std::chrono::duration<long int, std::ratio<1, 1000000000> >’}
[81.184s]    43 |   explicit Duration(std::chrono::nanoseconds nanoseconds);
[81.184s]       |                     ~~~~~~~~~~~~~~~~~~~~~~~~~^~~~~~~~~~~
[81.186s] /opt/ros/jazzy/include/rclcpp/rclcpp/duration.hpp:40:3: note: candidate: ‘rclcpp::Duration::Duration(int32_t, uint32_t)’
[81.186s]    40 |   Duration(int32_t seconds, uint32_t nanoseconds);
[81.187s]       |   ^~~~~~~~
[81.187s] /opt/ros/jazzy/include/rclcpp/rclcpp/duration.hpp:40:3: note:   candidate expects 2 arguments, 1 provided
[81.187s] /home/neha/ros2_ws/src/semnav_migration/src/navigation.cpp:396:42: error: could not convert ‘lidar_data’ from ‘shared_ptr<LaserScan_<[...]>>’ to ‘shared_ptr<LaserScan_<[...]>>’
[81.187s]   396 |                         constructLIDAR2D(lidar_data, CutoffRange_, AllowableRange_, RobotPitch_, &LIDAR);
[81.187s]       |                                          ^~~~~~~~~~
[81.187s]       |                                          |
[81.187s]       |                                          shared_ptr<LaserScan_<[...]>>
[81.196s] /home/neha/ros2_ws/src/semnav_migration/src/navigation.cpp:570:53: error: no matching function for call to ‘rclcpp::Duration::Duration(double)’
[81.196s]   570 |                                 rclcpp::Duration(5.0).sleep();
[81.196s]       |                                                     ^
[81.196s] /opt/ros/jazzy/include/rclcpp/rclcpp/duration.hpp:49:3: note: candidate: ‘template<class Rep, class Period> rclcpp::Duration::Duration(const std::chrono::duration<_Rep1, _Period1>&)’
[81.196s]    49 |   Duration(const std::chrono::duration<Rep, Period> & duration)  // NOLINT(runtime/explicit)
[81.197s]       |   ^~~~~~~~
[81.197s] /opt/ros/jazzy/include/rclcpp/rclcpp/duration.hpp:49:3: note:   template argument deduction/substitution failed:
[81.197s] /home/neha/ros2_ws/src/semnav_migration/src/navigation.cpp:570:53: note:   mismatched types ‘const std::chrono::duration<_Rep1, _Period1>’ and ‘double’
[81.197s]   570 |                                 rclcpp::Duration(5.0).sleep();
[81.197s]       |                                                     ^
[81.199s] /opt/ros/jazzy/include/rclcpp/rclcpp/duration.hpp:159:3: note: candidate: ‘rclcpp::Duration::Duration()’
[81.200s]   159 |   Duration() = default;
[81.200s]       |   ^~~~~~~~
[81.200s] /opt/ros/jazzy/include/rclcpp/rclcpp/duration.hpp:159:3: note:   candidate expects 0 arguments, 1 provided
[81.200s] /opt/ros/jazzy/include/rclcpp/rclcpp/duration.hpp:62:3: note: candidate: ‘rclcpp::Duration::Duration(const rclcpp::Duration&)’
[81.200s]    62 |   Duration(const Duration & rhs);
[81.200s]       |   ^~~~~~~~
[81.200s] /opt/ros/jazzy/include/rclcpp/rclcpp/duration.hpp:62:29: note:   no known conversion for argument 1 from ‘double’ to ‘const rclcpp::Duration&’
[81.200s]    62 |   Duration(const Duration & rhs);
[81.201s]       |            ~~~~~~~~~~~~~~~~~^~~
[81.201s] /opt/ros/jazzy/include/rclcpp/rclcpp/duration.hpp:60:12: note: candidate: ‘rclcpp::Duration::Duration(const rcl_duration_t&)’
[81.201s]    60 |   explicit Duration(const rcl_duration_t & duration);
[81.201s]       |            ^~~~~~~~
[81.203s] /opt/ros/jazzy/include/rclcpp/rclcpp/duration.hpp:60:44: note:   no known conversion for argument 1 from ‘double’ to ‘const rcl_duration_t&’ {aka ‘const rcl_duration_s&’}
[81.203s]    60 |   explicit Duration(const rcl_duration_t & duration);
[81.204s]       |                     ~~~~~~~~~~~~~~~~~~~~~~~^~~~~~~~
[81.204s] /opt/ros/jazzy/include/rclcpp/rclcpp/duration.hpp:54:3: note: candidate: ‘rclcpp::Duration::Duration(const builtin_interfaces::msg::Duration&)’
[81.204s]    54 |   Duration(const builtin_interfaces::msg::Duration & duration_msg);  // NOLINT(runtime/explicit)
[81.204s]       |   ^~~~~~~~
[81.204s] /opt/ros/jazzy/include/rclcpp/rclcpp/duration.hpp:54:54: note:   no known conversion for argument 1 from ‘double’ to ‘const builtin_interfaces::msg::Duration&’ {aka ‘const builtin_interfaces::msg::Duration_<std::allocator<void> >&’}
[81.204s]    54 |   Duration(const builtin_interfaces::msg::Duration & duration_msg);  // NOLINT(runtime/explicit)
[81.204s]       |            ~~~~~~~~~~~~~~~~~~~~~~~~~~~~~~~~~~~~~~~~~~^~~~~~~~~~~~
[81.205s] /opt/ros/jazzy/include/rclcpp/rclcpp/duration.hpp:43:12: note: candidate: ‘rclcpp::Duration::Duration(std::chrono::nanoseconds)’
[81.205s]    43 |   explicit Duration(std::chrono::nanoseconds nanoseconds);
[81.205s]       |            ^~~~~~~~
[81.205s] /opt/ros/jazzy/include/rclcpp/rclcpp/duration.hpp:43:46: note:   no known conversion for argument 1 from ‘double’ to ‘std::chrono::nanoseconds’ {aka ‘std::chrono::duration<long int, std::ratio<1, 1000000000> >’}
[81.205s]    43 |   explicit Duration(std::chrono::nanoseconds nanoseconds);
[81.207s]       |                     ~~~~~~~~~~~~~~~~~~~~~~~~~^~~~~~~~~~~
[81.207s] /opt/ros/jazzy/include/rclcpp/rclcpp/duration.hpp:40:3: note: candidate: ‘rclcpp::Duration::Duration(int32_t, uint32_t)’
[81.208s]    40 |   Duration(int32_t seconds, uint32_t nanoseconds);
[81.208s]       |   ^~~~~~~~
[81.208s] /opt/ros/jazzy/include/rclcpp/rclcpp/duration.hpp:40:3: note:   candidate expects 2 arguments, 1 provided
[81.342s] /home/neha/ros2_ws/src/semnav_migration/src/navigation_semantic.cpp:283:123: error: ‘target_nominal_2_rotated’ was not declared in this scope
[81.342s]   283 |                                                 GoalVector[1].set<0>(semantic_map_data->objects[i].pose.pose.position.x + target_nominal_2_rotated.getX());
[81.342s]       |                                                                                                                           ^~~~~~~~~~~~~~~~~~~~~~~~
[81.461s] /home/neha/ros2_ws/src/semnav_migration/src/navigation_semantic.cpp:317:49: error: ‘ROS_ERROR_STREAM’ was not declared in this scope; did you mean ‘RCLCPP_ERROR_STREAM’?
[81.462s]   317 |                                                 ROS_ERROR_STREAM("Goal blocked by object");
[81.462s]       |                                                 ^~~~~~~~~~~~~~~~
[81.462s]       |                                                 RCLCPP_ERROR_STREAM
[81.468s] /home/neha/ros2_ws/src/semnav_migration/src/navigation_semantic.cpp:365:85: error: ‘ros’ has not been declared
[81.469s]   365 |                                 ROS_WARN_STREAM("[Navigation] Updated trees in " << ros::Time::now().toSec()-start_time << " seconds.");
[81.469s]       |                                                                                     ^~~
[81.564s] /home/neha/ros2_ws/src/semnav_migration/src/navigation_semantic.cpp:365:33: error: ‘ROS_WARN_STREAM’ was not declared in this scope; did you mean ‘RCLCPP_WARN_STREAM’?
[81.565s]   365 |                                 ROS_WARN_STREAM("[Navigation] Updated trees in " << ros::Time::now().toSec()-start_time << " seconds.");
[81.565s]       |                                 ^~~~~~~~~~~~~~~
[81.565s]       |                                 RCLCPP_WARN_STREAM
[81.566s] /home/neha/ros2_ws/src/semnav_migration/src/navigation_semantic.cpp:368:57: error: ‘ros’ has not been declared
[81.567s]   368 |                                 DiffeoTreeUpdateTime_ = ros::Time::now().toSec();
[81.567s]       |                                                         ^~~
[81.569s] /home/neha/ros2_ws/src/semnav_migration/src/navigation_semantic.cpp: In member function ‘void SemanticNavigationNode::control_callback(const sensor_msgs::msg::LaserScan_<std::allocator<void> >::ConstPtr&, const nav_msgs::msg::Odometry_<std::allocator<void> >::ConstPtr&)’:
[81.570s] /home/neha/ros2_ws/src/semnav_migration/src/navigation_semantic.cpp:396:46: error: ‘ros’ has not been declared
[81.570s]   396 |                         double before_time = ros::Time::now().toSec();
[81.570s]       |                                              ^~~
[81.573s] /home/neha/ros2_ws/src/semnav_migration/src/navigation_semantic.cpp:399:40: error: ‘PoseStamped’ is not a member of ‘geometry_msgs’; did you mean ‘geometry_msgs::msg::PoseStamped’?
[81.573s]   399 |                         geometry_msgs::PoseStamped odomPose, mapPose;
[81.573s]       |                                        ^~~~~~~~~~~
[81.575s] In file included from /home/neha/ros2_ws/src/install/object_pose_interface_msgs/include/object_pose_interface_msgs/object_pose_interface_msgs/msg/detail/semantic_map_object__struct.hpp:28,
[81.576s]                  from /home/neha/ros2_ws/src/install/object_pose_interface_msgs/include/object_pose_interface_msgs/object_pose_interface_msgs/msg/detail/semantic_map_object_array__struct.hpp:25,
[81.576s]                  from /home/neha/ros2_ws/src/install/object_pose_interface_msgs/include/object_pose_interface_msgs/object_pose_interface_msgs/msg/semantic_map_object_array.hpp:7,
[81.576s]                  from /home/neha/ros2_ws/src/semnav_migration/src/navigation_semantic.cpp:26:
[81.576s] /opt/ros/jazzy/include/geometry_msgs/geometry_msgs/msg/detail/pose_stamped__struct.hpp:138:7: note: ‘geometry_msgs::msg::PoseStamped’ declared here
[81.576s]   138 | using PoseStamped =
[81.576s]       |       ^~~~~~~~~~~
[81.624s] /home/neha/ros2_ws/src/semnav_migration/src/navigation_semantic.cpp:400:25: error: ‘odomPose’ was not declared in this scope
[81.625s]   400 |                         odomPose.header.stamp = ros::Time(0);
[81.625s]       |                         ^~~~~~~~
[81.625s] /home/neha/ros2_ws/src/semnav_migration/src/navigation_semantic.cpp:400:49: error: ‘ros’ has not been declared
[81.625s]   400 |                         odomPose.header.stamp = ros::Time(0);
[81.626s]       |                                                 ^~~
[81.690s] /home/neha/ros2_ws/src/semnav_migration/src/navigation_semantic.cpp:404:33: error: ‘listener_’ was not declared in this scope
[81.690s]   404 |                                 listener_.waitForTransform(world_frame_id_, odom_frame_id_, ros::Time(0), ros::Duration(1.0));
[81.691s]       |                                 ^~~~~~~~~
[81.691s] /home/neha/ros2_ws/src/semnav_migration/src/navigation_semantic.cpp:404:93: error: ‘ros’ has not been declared
[81.691s]   404 |                                 listener_.waitForTransform(world_frame_id_, odom_frame_id_, ros::Time(0), ros::Duration(1.0));
[81.691s]       |                                                                                             ^~~
[81.692s] /home/neha/ros2_ws/src/semnav_migration/src/navigation_semantic.cpp:404:107: error: ‘ros’ has not been declared
[81.692s]   404 |                                 listener_.waitForTransform(world_frame_id_, odom_frame_id_, ros::Time(0), ros::Duration(1.0));
[81.692s]       |                                                                                                           ^~~
[81.732s] /home/neha/ros2_ws/src/semnav_migration/src/navigation_semantic.cpp:405:84: error: ‘mapPose’ was not declared in this scope
[81.733s]   405 |                                 listener_.transformPose(world_frame_id_, odomPose, mapPose);
[81.733s]       |                                                                                    ^~~~~~~
[81.740s] /home/neha/ros2_ws/src/semnav_migration/src/navigation_semantic.cpp:406:34: error: ‘tf’ does not name a type; did you mean ‘tm’?
[81.740s]   406 |                         } catch (tf::TransformException &ex) {
[81.740s]       |                                  ^~
[81.740s]       |                                  tm
[81.740s] /home/neha/ros2_ws/src/semnav_migration/src/navigation_semantic.cpp:406:57: error: expected unqualified-id before ‘&’ token
[81.740s]   406 |                         } catch (tf::TransformException &ex) {
[81.740s]       |                                                         ^
[81.741s] /home/neha/ros2_ws/src/semnav_migration/src/navigation_semantic.cpp:406:57: error: expected ‘)’ before ‘&’ token
[81.743s] /home/neha/ros2_ws/src/semnav_migration/src/navigation_semantic.cpp:406:33: note: to match this ‘(’
[81.743s]   406 |                         } catch (tf::TransformException &ex) {
[81.743s]       |                                 ^
[81.743s] /home/neha/ros2_ws/src/semnav_migration/src/navigation_semantic.cpp:406:57: error: expected ‘{’ before ‘&’ token
[81.743s]   406 |                         } catch (tf::TransformException &ex) {
[81.743s]       |                                                         ^
[81.778s] /home/neha/ros2_ws/src/semnav_migration/src/navigation_semantic.cpp:406:58: error: ‘ex’ was not declared in this scope; did you mean ‘exp’?
[81.778s]   406 |                         } catch (tf::TransformException &ex) {
[81.778s]       |                                                          ^~
[81.778s]       |                                                          exp
[81.779s] /home/neha/ros2_ws/src/semnav_migration/src/navigation_semantic.cpp:412:25: error: ‘tf’ has not been declared
[81.779s]   412 |                         tf::Quaternion rotation = tf::Quaternion(mapPose.pose.orientation.x,
[81.779s]       |                         ^~
[81.780s] /home/neha/ros2_ws/src/semnav_migration/src/navigation_semantic.cpp:416:25: error: ‘tf’ has not been declared
[81.780s]   416 |                         tf::Matrix3x3 m(rotation);
[81.780s]       |                         ^~
[81.817s] /home/neha/ros2_ws/src/semnav_migration/src/navigation_semantic.cpp:418:25: error: ‘m’ was not declared in this scope; did you mean ‘tm’?
[81.818s]   418 |                         m.getRPY(roll, pitch, yaw);
[81.818s]       |                         ^
[81.818s]       |                         tm
[81.861s] /home/neha/ros2_ws/src/semnav_migration/src/navigation_semantic.cpp:419:51: error: ‘mapPose’ was not declared in this scope
[81.861s]   419 |                         double x_robot_position = mapPose.pose.position.x;
[81.861s]       |                                                   ^~~~~~~
[81.867s] /home/neha/ros2_ws/src/semnav_migration/src/navigation_semantic.cpp:432:42: error: could not convert ‘lidar_data’ from ‘shared_ptr<LaserScan_<[...]>>’ to ‘shared_ptr<LaserScan_<[...]>>’
[81.867s]   432 |                         constructLIDAR2D(lidar_data, CutoffRange_, AllowableRange_, RobotPitch_, &LIDAR);
[81.867s]       |                                          ^~~~~~~~~~
[81.867s]       |                                          |
[81.867s]       |                                          shared_ptr<LaserScan_<[...]>>
[81.885s] /home/neha/ros2_ws/src/semnav_migration/src/navigation_semantic.cpp:562:96: error: invalid operands of types ‘const char [53]’ and ‘double’ to binary ‘operator<<’
[81.885s]   562 |                         ROS_WARN_STREAM("[Navigation] Diffeomorphism jacobian determinant is " << MatrixDeterminant(RobotPositionTransformedD) << ", robot position is " << bg::dsv(RobotPosition_) << " and robot positon in model space is " << bg::dsv(RobotPositionTransformedPoint));
[81.886s]       |                                         ~~~~~~~~~~~~~~~~~~~~~~~~~~~~~~~~~~~~~~~~~~~~~~~~~~~~~~ ^~ ~~~~~~~~~~~~~~~~~~~~~~~~~~~~~~~~~~~~~~~~~~~~
[81.886s]       |                                         |                                                                          |
[81.886s]       |                                         const char [53]                                                            double
[81.982s] /home/neha/ros2_ws/src/semnav_migration/src/navigation_semantic.cpp:562:25: error: ‘ROS_WARN_STREAM’ was not declared in this scope; did you mean ‘RCLCPP_WARN_STREAM’?
[81.982s]   562 |                         ROS_WARN_STREAM("[Navigation] Diffeomorphism jacobian determinant is " << MatrixDeterminant(RobotPositionTransformedD) << ", robot position is " << bg::dsv(RobotPosition_) << " and robot positon in model space is " << bg::dsv(RobotPositionTransformedPoint));
[81.982s]       |                         ^~~~~~~~~~~~~~~
[81.982s]       |                         RCLCPP_WARN_STREAM
[81.986s] /home/neha/ros2_ws/src/semnav_migration/src/navigation_semantic.cpp:591:41: error: ‘ros’ has not been declared
[81.987s]   591 |                                         ros::Duration(5.0).sleep();
[81.987s]       |                                         ^~~
[81.994s] /home/neha/ros2_ws/src/semnav_migration/src/navigation_semantic.cpp:616:75: error: invalid operands of types ‘const char [32]’ and ‘double’ to binary ‘operator<<’
[81.994s]   616 |                         ROS_WARN_STREAM("[Navigation] Linear command is " << LinearCmd << " and angular command is " << AngularCmd);
[81.994s]       |                                         ~~~~~~~~~~~~~~~~~~~~~~~~~~~~~~~~~ ^~ ~~~~~~~~~
[81.994s]       |                                         |                                    |
[81.994s]       |                                         const char [32]                      double
[81.995s] /home/neha/ros2_ws/src/semnav_migration/src/navigation_semantic.cpp:617:76: error: invalid operands of types ‘const char [33]’ and ‘int’ to binary ‘operator<<’
[81.995s]   617 |                         ROS_WARN_STREAM("[Navigation] Command update for " << int(localDiffeoTreeArray.size()) << " polygons in " << ros::Time::now().toSec()-before_time << " seconds.");
[81.995s]       |                                         ~~~~~~~~~~~~~~~~~~~~~~~~~~~~~~~~~~ ^~ ~~~~~~~~~~~~~~~~~~~~~~~~~~~~~~~~
[81.996s]       |                                         |                                     |
[81.996s]       |                                         const char [33]                       int
[81.996s] /home/neha/ros2_ws/src/semnav_migration/src/navigation_semantic.cpp:617:134: error: ‘ros’ has not been declared
[81.996s]   617 |                         ROS_WARN_STREAM("[Navigation] Command update for " << int(localDiffeoTreeArray.size()) << " polygons in " << ros::Time::now().toSec()-before_time << " seconds.");
[81.996s]       |                                                                                                                                      ^~~
[82.002s] /home/neha/ros2_ws/src/semnav_migration/src/navigation_semantic.cpp: In function ‘int main(int, char**)’:
[82.003s] /home/neha/ros2_ws/src/semnav_migration/src/navigation_semantic.cpp:698:9: error: ‘ros’ has not been declared
[82.003s]   698 |         ros::init(argc, argv, "navigation_semantic");
[82.003s]       |         ^~~
[82.003s] /home/neha/ros2_ws/src/semnav_migration/src/navigation_semantic.cpp:701:9: error: ‘ros’ has not been declared
[82.003s]   701 |         ros::NodeHandle nh("~");
[82.003s]       |         ^~~
[82.023s] /home/neha/ros2_ws/src/semnav_migration/src/navigation_semantic.cpp:704:56: error: ‘nh’ was not declared in this scope
[82.023s]   704 |         SemanticNavigationNode semanticNavigationNode(&nh);
[82.023s]       |                                                        ^~
[91.760s] gmake[2]: *** [CMakeFiles/navigation_semantic.dir/build.make:76: CMakeFiles/navigation_semantic.dir/src/navigation_semantic.cpp.o] Error 1
[91.762s] gmake[1]: *** [CMakeFiles/Makefile2:207: CMakeFiles/navigation_semantic.dir/all] Error 2
[91.762s] gmake[1]: *** Waiting for unfinished jobs....
[95.481s] gmake[2]: *** [CMakeFiles/navigation.dir/build.make:76: CMakeFiles/navigation.dir/src/navigation.cpp.o] Error 1
[95.481s] gmake[1]: *** [CMakeFiles/Makefile2:181: CMakeFiles/navigation.dir/all] Error 2
[95.482s] gmake: *** [Makefile:146: all] Error 2
[95.485s] Invoked command in '/home/neha/ros2_ws/src/semnav_migration/build/semnav' returned '2': CMAKE_PREFIX_PATH=${CMAKE_PREFIX_PATH}:/opt/ros/jazzy DEBUGINFOD_URLS=https://debuginfod.ubuntu.com /usr/bin/cmake --build /home/neha/ros2_ws/src/semnav_migration/build/semnav -- -j2 -l2
