/home/neha/ros2_ws/src/semnav_migration/src/navigation.cpp:46:13: error: extra qualification ‘NavigationNode::’ on member ‘NavigationNode’ [-fpermissive]
   46 |             NavigationNode::NavigationNode() : rclcpp::Node(std::string("navigation_node")) {
      |             ^~~~~~~~~~~~~~
/home/neha/ros2_ws/src/semnav_migration/src/navigation.cpp: In constructor ‘NavigationNode::NavigationNode()’:
/home/neha/ros2_ws/src/semnav_migration/src/navigation.cpp:46:91: error: no matching function for call to ‘rclcpp::Node::Node()’
   46 |             NavigationNode::NavigationNode() : rclcpp::Node(std::string("navigation_node")) {
      |                                                                                           ^
In file included from /opt/ros/jazzy/include/rclcpp/rclcpp/executors/single_threaded_executor.hpp:28,
                 from /opt/ros/jazzy/include/rclcpp/rclcpp/executors.hpp:22,
                 from /opt/ros/jazzy/include/rclcpp/rclcpp/rclcpp.hpp:172,
                 from /home/neha/ros2_ws/src/semnav_migration/include/reactive_planner_lib.h:32,
                 from /home/neha/ros2_ws/src/semnav_migration/src/navigation.cpp:25:
/opt/ros/jazzy/include/rclcpp/rclcpp/node.hpp:1629:3: note: candidate: ‘rclcpp::Node::Node(const rclcpp::Node&, const std::string&)’
 1629 |   Node(
      |   ^~~~
/opt/ros/jazzy/include/rclcpp/rclcpp/node.hpp:1629:3: note:   candidate expects 2 arguments, 0 provided
/opt/ros/jazzy/include/rclcpp/rclcpp/node.hpp:103:12: note: candidate: ‘rclcpp::Node::Node(const std::string&, const std::string&, const rclcpp::NodeOptions&)’
  103 |   explicit Node(
      |            ^~~~
/opt/ros/jazzy/include/rclcpp/rclcpp/node.hpp:103:12: note:   candidate expects 3 arguments, 0 provided
/opt/ros/jazzy/include/rclcpp/rclcpp/node.hpp:91:12: note: candidate: ‘rclcpp::Node::Node(const std::string&, const rclcpp::NodeOptions&)’
   91 |   explicit Node(
      |            ^~~~
/opt/ros/jazzy/include/rclcpp/rclcpp/node.hpp:91:12: note:   candidate expects 2 arguments, 0 provided
/home/neha/ros2_ws/src/semnav_migration/src/navigation_semantic.cpp: In constructor ‘SemanticNavigationNode::SemanticNavigationNode()’:
/home/neha/ros2_ws/src/semnav_migration/src/navigation_semantic.cpp:46:71: error: no matching function for call to ‘rclcpp::Node::Node()’
   46 |             SemanticNavigationNode() : Node("semantic_navigation_node") {
      |                                                                       ^
In file included from /opt/ros/jazzy/include/rclcpp/rclcpp/executors/single_threaded_executor.hpp:28,
                 from /opt/ros/jazzy/include/rclcpp/rclcpp/executors.hpp:22,
                 from /opt/ros/jazzy/include/rclcpp/rclcpp/rclcpp.hpp:172,
                 from /home/neha/ros2_ws/src/semnav_migration/include/reactive_planner_lib.h:32,
                 from /home/neha/ros2_ws/src/semnav_migration/src/navigation_semantic.cpp:25:
/opt/ros/jazzy/include/rclcpp/rclcpp/node.hpp:1629:3: note: candidate: ‘rclcpp::Node::Node(const rclcpp::Node&, const std::string&)’
 1629 |   Node(
      |   ^~~~
/opt/ros/jazzy/include/rclcpp/rclcpp/node.hpp:1629:3: note:   candidate expects 2 arguments, 0 provided
/opt/ros/jazzy/include/rclcpp/rclcpp/node.hpp:103:12: note: candidate: ‘rclcpp::Node::Node(const std::string&, const std::string&, const rclcpp::NodeOptions&)’
  103 |   explicit Node(
      |            ^~~~
/opt/ros/jazzy/include/rclcpp/rclcpp/node.hpp:103:12: note:   candidate expects 3 arguments, 0 provided
/opt/ros/jazzy/include/rclcpp/rclcpp/node.hpp:91:12: note: candidate: ‘rclcpp::Node::Node(const std::string&, const rclcpp::NodeOptions&)’
   91 |   explicit Node(
      |            ^~~~
/opt/ros/jazzy/include/rclcpp/rclcpp/node.hpp:91:12: note:   candidate expects 2 arguments, 0 provided
/home/neha/ros2_ws/src/semnav_migration/src/navigation.cpp: In member function ‘void NavigationNode::control_callback(const sensor_msgs::msg::LaserScan_<std::allocator<void> >::ConstPtr&, const nav_msgs::msg::Odometry_<std::allocator<void> >::ConstPtr&)’:
/home/neha/ros2_ws/src/semnav_migration/src/navigation.cpp:421:42: error: could not convert ‘lidar_data’ from ‘shared_ptr<LaserScan_<[...]>>’ to ‘shared_ptr<LaserScan_<[...]>>’
  421 |                         constructLIDAR2D(lidar_data, CutoffRange_, AllowableRange_, RobotPitch_, &LIDAR);
      |                                          ^~~~~~~~~~
      |                                          |
      |                                          shared_ptr<LaserScan_<[...]>>
/home/neha/ros2_ws/src/semnav_migration/src/navigation_semantic.cpp: In member function ‘void SemanticNavigationNode::control_callback(const sensor_msgs::msg::LaserScan_<std::allocator<void> >::ConstPtr&, const nav_msgs::msg::Odometry_<std::allocator<void> >::ConstPtr&)’:
/home/neha/ros2_ws/src/semnav_migration/src/navigation_semantic.cpp:457:42: error: could not convert ‘lidar_data’ from ‘shared_ptr<LaserScan_<[...]>>’ to ‘shared_ptr<LaserScan_<[...]>>’
  457 |                         constructLIDAR2D(lidar_data, CutoffRange_, AllowableRange_, RobotPitch_, &LIDAR);
      |                                          ^~~~~~~~~~
      |                                          |
      |                                          shared_ptr<LaserScan_<[...]>>
In file included from /usr/include/c++/13/bits/alloc_traits.h:33,
                 from /usr/include/c++/13/ext/alloc_traits.h:34,
                 from /usr/include/c++/13/bits/basic_string.h:39,
                 from /usr/include/c++/13/string:54,
                 from /usr/include/c++/13/bits/locale_classes.h:40,
                 from /usr/include/c++/13/bits/ios_base.h:41,
                 from /usr/include/c++/13/streambuf:43,
                 from /usr/include/c++/13/bits/streambuf_iterator.h:35,
                 from /usr/include/c++/13/iterator:66,
                 from /usr/include/boost/iterator/iterator_traits.hpp:10,
                 from /usr/include/boost/range/mutable_iterator.hpp:23,
                 from /usr/include/boost/range/iterator.hpp:20,
                 from /usr/include/boost/range/value_type.hpp:19,
                 from /usr/include/boost/geometry/core/closure.hpp:21,
                 from /usr/include/boost/geometry/geometry.hpp:31,
                 from /usr/include/boost/geometry.hpp:17,
                 from /home/neha/ros2_ws/src/semnav_migration/include/reactive_planner_lib.h:26:
/usr/include/c++/13/bits/stl_construct.h: In instantiation of ‘void std::_Construct(_Tp*, _Args&& ...) [with _Tp = SemanticNavigationNode; _Args = {const char (&)[25]}]’:
/usr/include/c++/13/bits/alloc_traits.h:661:19:   required from ‘static void std::allocator_traits<std::allocator<void> >::construct(allocator_type&, _Up*, _Args&& ...) [with _Up = SemanticNavigationNode; _Args = {const char (&)[25]}; allocator_type = std::allocator<void>]’
/usr/include/c++/13/bits/shared_ptr_base.h:604:39:   required from ‘std::_Sp_counted_ptr_inplace<_Tp, _Alloc, _Lp>::_Sp_counted_ptr_inplace(_Alloc, _Args&& ...) [with _Args = {const char (&)[25]}; _Tp = SemanticNavigationNode; _Alloc = std::allocator<void>; __gnu_cxx::_Lock_policy _Lp = __gnu_cxx::_S_atomic]’
/usr/include/c++/13/bits/shared_ptr_base.h:971:16:   required from ‘std::__shared_count<_Lp>::__shared_count(_Tp*&, std::_Sp_alloc_shared_tag<_Alloc>, _Args&& ...) [with _Tp = SemanticNavigationNode; _Alloc = std::allocator<void>; _Args = {const char (&)[25]}; __gnu_cxx::_Lock_policy _Lp = __gnu_cxx::_S_atomic]’
/usr/include/c++/13/bits/shared_ptr_base.h:1712:14:   required from ‘std::__shared_ptr<_Tp, _Lp>::__shared_ptr(std::_Sp_alloc_shared_tag<_Tp>, _Args&& ...) [with _Alloc = std::allocator<void>; _Args = {const char (&)[25]}; _Tp = SemanticNavigationNode; __gnu_cxx::_Lock_policy _Lp = __gnu_cxx::_S_atomic]’
/usr/include/c++/13/bits/shared_ptr.h:464:59:   required from ‘std::shared_ptr<_Tp>::shared_ptr(std::_Sp_alloc_shared_tag<_Tp>, _Args&& ...) [with _Alloc = std::allocator<void>; _Args = {const char (&)[25]}; _Tp = SemanticNavigationNode]’
/usr/include/c++/13/bits/shared_ptr.h:1009:14:   required from ‘std::shared_ptr<typename std::enable_if<(! std::is_array< <template-parameter-1-1> >::value), _Tp>::type> std::make_shared(_Args&& ...) [with _Tp = SemanticNavigationNode; _Args = {const char (&)[25]}; typename enable_if<(! is_array< <template-parameter-1-1> >::value), _Tp>::type = SemanticNavigationNode]’
/home/neha/ros2_ws/src/semnav_migration/src/navigation_semantic.cpp:724:57:   required from here
/usr/include/c++/13/bits/stl_construct.h:119:7: error: no matching function for call to ‘SemanticNavigationNode::SemanticNavigationNode(const char [25])’
  119 |       ::new((void*)__p) _Tp(std::forward<_Args>(__args)...);
      |       ^~~~~~~~~~~~~~~~~~~~~~~~~~~~~~~~~~~~~~~~~~~~~~~~~~~~~
/home/neha/ros2_ws/src/semnav_migration/src/navigation_semantic.cpp:46:13: note: candidate: ‘SemanticNavigationNode::SemanticNavigationNode()’
   46 |             SemanticNavigationNode() : Node("semantic_navigation_node") {
      |             ^~~~~~~~~~~~~~~~~~~~~~
/home/neha/ros2_ws/src/semnav_migration/src/navigation_semantic.cpp:46:13: note:   candidate expects 0 arguments, 1 provided
gmake[2]: *** [CMakeFiles/navigation_semantic.dir/build.make:76: CMakeFiles/navigation_semantic.dir/src/navigation_semantic.cpp.o] Error 1
gmake[1]: *** [CMakeFiles/Makefile2:207: CMakeFiles/navigation_semantic.dir/all] Error 2
gmake[1]: *** Waiting for unfinished jobs....
gmake[2]: *** [CMakeFiles/navigation.dir/build.make:76: CMakeFiles/navigation.dir/src/navigation.cpp.o] Error 1
gmake[1]: *** [CMakeFiles/Makefile2:181: CMakeFiles/navigation.dir/all] Error 2
gmake: *** [Makefile:146: all] Error 2
