[0.026s] Invoking command in '/home/neha/ros2_ws/src/semnav_migration/build/semnav': CMAKE_PREFIX_PATH=${CMAKE_PREFIX_PATH}:/opt/ros/jazzy DEBUGINFOD_URLS=https://debuginfod.ubuntu.com /usr/bin/cmake --build /home/neha/ros2_ws/src/semnav_migration/build/semnav -- -j2 -l2
[0.191s] [ 14%] Built target reactive_planner
[0.330s] [ 19%] Building CXX object CMakeFiles/navigation_semantic.dir/src/navigation_semantic.cpp.o
[0.332s] [ 23%] Building CXX object CMakeFiles/navigation.dir/src/navigation.cpp.o
[6.345s] /home/neha/ros2_ws/src/semnav_migration/src/navigation.cpp:138:77: error: missing terminating " character
[6.346s]   138 |             pub_behaviorID_ = this->create_publisher<std_msgs::msg::UInt32>("pub_behaviorID_topic_, 1);
[6.346s]       |                                                                             ^~~~~~~~~~~~~~~~~~~~~~~~~~~
[6.346s] /home/neha/ros2_ws/src/semnav_migration/src/navigation.cpp:139:79: error: missing terminating " character
[6.346s]   139 |             pub_behaviorMode_ = this->create_publisher<std_msgs::msg::UInt32>("pub_behaviorMode_topic_, 1);
[6.346s]       |                                                                               ^~~~~~~~~~~~~~~~~~~~~~~~~~~~~
[6.346s] /home/neha/ros2_ws/src/semnav_migration/src/navigation.cpp:140:72: error: missing terminating " character
[6.347s]   140 |             pub_twist_ = this->create_publisher<std_msgs::msg::UInt32>("pub_twist_topic_, 1);
[6.347s]       |                                                                        ^~~~~~~~~~~~~~~~~~~~~~
[21.620s] /home/neha/ros2_ws/src/semnav_migration/src/navigation_semantic.cpp:240:47: error: ‘object_pose_interface_msgs’ does not name a type
[21.621s]   240 |                 void diffeo_tree_update(const object_pose_interface_msgs::msg::SemanticMapObjectArray::ConstPtr& semantic_map_data) {
[21.621s]       |                                               ^~~~~~~~~~~~~~~~~~~~~~~~~~
[21.621s] /home/neha/ros2_ws/src/semnav_migration/src/navigation_semantic.cpp:240:78: error: expected unqualified-id before ‘::’ token
[21.621s]   240 |                 void diffeo_tree_update(const object_pose_interface_msgs::msg::SemanticMapObjectArray::ConstPtr& semantic_map_data) {
[21.621s]       |                                                                              ^~
[21.621s] /home/neha/ros2_ws/src/semnav_migration/src/navigation_semantic.cpp:240:78: error: expected ‘)’ before ‘::’ token
[21.621s]   240 |                 void diffeo_tree_update(const object_pose_interface_msgs::msg::SemanticMapObjectArray::ConstPtr& semantic_map_data) {
[21.622s]       |                                        ~                                     ^~
[21.622s]       |                                                                              )
[21.622s] /home/neha/ros2_ws/src/semnav_migration/src/navigation_semantic.cpp:240:75: error: expected ‘;’ at end of member declaration
[21.622s]   240 |                 void diffeo_tree_update(const object_pose_interface_msgs::msg::SemanticMapObjectArray::ConstPtr& semantic_map_data) {
[21.622s]       |                                                                           ^~~
[21.622s]       |                                                                              ;
[21.660s] /home/neha/ros2_ws/src/semnav_migration/src/navigation_semantic.cpp:240:80: error: ‘SemanticMapObjectArray’ in namespace ‘::’ does not name a type
[21.660s]   240 |                 void diffeo_tree_update(const object_pose_interface_msgs::msg::SemanticMapObjectArray::ConstPtr& semantic_map_data) {
[21.660s]       |                                                                                ^~~~~~~~~~~~~~~~~~~~~~
[21.667s] /home/neha/ros2_ws/src/semnav_migration/src/navigation_semantic.cpp:623:17: error: ‘ros’ does not name a type
[21.667s]   623 |                 ros::NodeHandle nh_;
[21.667s]       |                 ^~~
[21.672s] /home/neha/ros2_ws/src/semnav_migration/src/navigation_semantic.cpp:640:17: error: ‘ros’ does not name a type
[21.672s]   640 |                 ros::Publisher pub_behaviorID_;
[21.673s]       |                 ^~~
[21.679s] /home/neha/ros2_ws/src/semnav_migration/src/navigation_semantic.cpp:641:17: error: ‘ros’ does not name a type
[21.679s]   641 |                 ros::Publisher pub_behaviorMode_;
[21.679s]       |                 ^~~
[21.683s] /home/neha/ros2_ws/src/semnav_migration/src/navigation_semantic.cpp:642:17: error: ‘ros’ does not name a type
[21.683s]   642 |                 ros::Publisher pub_twist_;
[21.683s]       |                 ^~~
[21.689s] /home/neha/ros2_ws/src/semnav_migration/src/navigation_semantic.cpp:644:17: error: ‘ros’ does not name a type
[21.689s]   644 |                 ros::Publisher pub_semantic_map_;
[21.689s]       |                 ^~~
[21.703s] /home/neha/ros2_ws/src/semnav_migration/src/navigation_semantic.cpp:690:17: error: ‘tf’ does not name a type; did you mean ‘tm’?
[21.704s]   690 |                 tf::TransformListener listener_;
[21.704s]       |                 ^~
[21.704s]       |                 tm
[21.748s] /home/neha/ros2_ws/src/semnav_migration/src/navigation.cpp:243:47: error: ‘object_pose_interface_msgs’ does not name a type
[21.748s]   243 |                 void diffeo_tree_update(const object_pose_interface_msgs::msg::SemanticMapObjectArray::ConstPtr& semantic_map_data) {
[21.749s]       |                                               ^~~~~~~~~~~~~~~~~~~~~~~~~~
[21.749s] /home/neha/ros2_ws/src/semnav_migration/src/navigation.cpp:243:78: error: expected unqualified-id before ‘::’ token
[21.749s]   243 |                 void diffeo_tree_update(const object_pose_interface_msgs::msg::SemanticMapObjectArray::ConstPtr& semantic_map_data) {
[21.749s]       |                                                                              ^~
[21.749s] /home/neha/ros2_ws/src/semnav_migration/src/navigation.cpp:243:78: error: expected ‘)’ before ‘::’ token
[21.749s]   243 |                 void diffeo_tree_update(const object_pose_interface_msgs::msg::SemanticMapObjectArray::ConstPtr& semantic_map_data) {
[21.749s]       |                                        ~                                     ^~
[21.749s]       |                                                                              )
[21.750s] /home/neha/ros2_ws/src/semnav_migration/src/navigation.cpp:243:75: error: expected ‘;’ at end of member declaration
[21.750s]   243 |                 void diffeo_tree_update(const object_pose_interface_msgs::msg::SemanticMapObjectArray::ConstPtr& semantic_map_data) {
[21.752s]       |                                                                           ^~~
[21.752s]       |                                                                              ;
[21.787s] /home/neha/ros2_ws/src/semnav_migration/src/navigation.cpp:243:80: error: ‘SemanticMapObjectArray’ in namespace ‘::’ does not name a type
[21.787s]   243 |                 void diffeo_tree_update(const object_pose_interface_msgs::msg::SemanticMapObjectArray::ConstPtr& semantic_map_data) {
[21.787s]       |                                                                                ^~~~~~~~~~~~~~~~~~~~~~
[21.789s] /home/neha/ros2_ws/src/semnav_migration/src/navigation.cpp:616:17: error: invalid use of template-name ‘rclcpp::Publisher’ without an argument list
[21.789s]   616 |                 rclcpp::Publisher pub_behaviorID_;
[21.789s]       |                 ^~~~~~
[21.791s] /home/neha/ros2_ws/src/semnav_migration/src/navigation.cpp:617:17: error: invalid use of template-name ‘rclcpp::Publisher’ without an argument list
[21.791s]   617 |                 rclcpp::Publisher pub_behaviorMode_;
[21.791s]       |                 ^~~~~~
[21.792s] /home/neha/ros2_ws/src/semnav_migration/src/navigation.cpp:618:17: error: invalid use of template-name ‘rclcpp::Publisher’ without an argument list
[21.792s]   618 |                 rclcpp::Publisher pub_twist_;
[21.792s]       |                 ^~~~~~
[21.794s] /home/neha/ros2_ws/src/semnav_migration/src/navigation.cpp:620:17: error: invalid use of template-name ‘rclcpp::Publisher’ without an argument list
[21.794s]   620 |                 rclcpp::Publisher pub_semantic_map_;
[21.794s]       |                 ^~~~~~
[21.804s] /home/neha/ros2_ws/src/semnav_migration/src/navigation.cpp:664:22: error: ‘TransformListener’ in namespace ‘tf2’ does not name a type
[21.804s]   664 |                 tf2::TransformListener listener_;
[21.804s]       |                      ^~~~~~~~~~~~~~~~~
[21.806s] /home/neha/ros2_ws/src/semnav_migration/src/navigation.cpp: In constructor ‘NavigationNode::NavigationNode()’:
[21.806s] /home/neha/ros2_ws/src/semnav_migration/src/navigation.cpp:45:50: error: no matching function for call to ‘rclcpp::Node::Node()’
[21.806s]    45 |         NavigationNode() : Node("navigation_node") {
[21.807s]       |                                                  ^
[21.809s] In file included from /opt/ros/jazzy/include/rclcpp/rclcpp/executors/single_threaded_executor.hpp:28,
[21.809s]                  from /opt/ros/jazzy/include/rclcpp/rclcpp/executors.hpp:22,
[21.810s]                  from /opt/ros/jazzy/include/rclcpp/rclcpp/rclcpp.hpp:172,
[21.810s]                  from /home/neha/ros2_ws/src/semnav_migration/include/reactive_planner_lib.h:32,
[21.810s]                  from /home/neha/ros2_ws/src/semnav_migration/src/navigation.cpp:25:
[21.810s] /opt/ros/jazzy/include/rclcpp/rclcpp/node.hpp:1629:3: note: candidate: ‘rclcpp::Node::Node(const rclcpp::Node&, const std::string&)’
[21.810s]  1629 |   Node(
[21.810s]       |   ^~~~
[21.813s] /opt/ros/jazzy/include/rclcpp/rclcpp/node.hpp:1629:3: note:   candidate expects 2 arguments, 0 provided
[21.813s] /opt/ros/jazzy/include/rclcpp/rclcpp/node.hpp:103:12: note: candidate: ‘rclcpp::Node::Node(const std::string&, const std::string&, const rclcpp::NodeOptions&)’
[21.813s]   103 |   explicit Node(
[21.813s]       |            ^~~~
[21.814s] /opt/ros/jazzy/include/rclcpp/rclcpp/node.hpp:103:12: note:   candidate expects 3 arguments, 0 provided
[21.814s] /opt/ros/jazzy/include/rclcpp/rclcpp/node.hpp:91:12: note: candidate: ‘rclcpp::Node::Node(const std::string&, const rclcpp::NodeOptions&)’
[21.814s]    91 |   explicit Node(
[21.814s]       |            ^~~~
[21.814s] /opt/ros/jazzy/include/rclcpp/rclcpp/node.hpp:91:12: note:   candidate expects 2 arguments, 0 provided
[21.815s] /home/neha/ros2_ws/src/semnav_migration/src/navigation_semantic.cpp: In constructor ‘SemanticNavigationNode::SemanticNavigationNode()’:
[21.815s] /home/neha/ros2_ws/src/semnav_migration/src/navigation_semantic.cpp:136:25: error: ‘pub_behaviorID_’ was not declared in this scope; did you mean ‘pub_behaviorID_topic_’?
[21.815s]   136 |                         pub_behaviorID_ = nh_.advertise<std_msgs::UInt32>(pub_behaviorID_topic_, 1, true);
[21.815s]       |                         ^~~~~~~~~~~~~~~
[21.815s]       |                         pub_behaviorID_topic_
[21.849s] /home/neha/ros2_ws/src/semnav_migration/src/navigation_semantic.cpp:136:43: error: ‘nh_’ was not declared in this scope
[21.850s]   136 |                         pub_behaviorID_ = nh_.advertise<std_msgs::UInt32>(pub_behaviorID_topic_, 1, true);
[21.850s]       |                                           ^~~
[21.854s] /home/neha/ros2_ws/src/semnav_migration/src/navigation_semantic.cpp:136:67: error: ‘UInt32’ is not a member of ‘std_msgs’
[21.854s]   136 |                         pub_behaviorID_ = nh_.advertise<std_msgs::UInt32>(pub_behaviorID_topic_, 1, true);
[21.854s]       |                                                                   ^~~~~~
[21.931s] /home/neha/ros2_ws/src/semnav_migration/src/navigation.cpp:104:25: error: ‘target_object_’ was not declared in this scope
[21.931s]   104 |                         target_object_ = this->get_parameter("target_object").as_string();
[21.931s]       |                         ^~~~~~~~~~~~~~
[21.946s] /home/neha/ros2_ws/src/semnav_migration/src/navigation_semantic.cpp:137:25: error: ‘pub_behaviorMode_’ was not declared in this scope; did you mean ‘pub_behaviorMode_topic_’?
[21.946s]   137 |                         pub_behaviorMode_ = nh_.advertise<std_msgs::UInt32>(pub_behaviorMode_topic_, 1, true);
[21.946s]       |                         ^~~~~~~~~~~~~~~~~
[21.947s]       |                         pub_behaviorMode_topic_
[21.951s] /home/neha/ros2_ws/src/semnav_migration/src/navigation_semantic.cpp:137:69: error: ‘UInt32’ is not a member of ‘std_msgs’
[21.951s]   137 |                         pub_behaviorMode_ = nh_.advertise<std_msgs::UInt32>(pub_behaviorMode_topic_, 1, true);
[21.951s]       |                                                                     ^~~~~~
[21.998s] /home/neha/ros2_ws/src/semnav_migration/src/navigation_semantic.cpp:138:25: error: ‘pub_twist_’ was not declared in this scope; did you mean ‘publish_twist’?
[21.998s]   138 |                         pub_twist_ = nh_.advertise<geometry_msgs::msg::Twist>(pub_twist_topic_, 1, true);
[21.998s]       |                         ^~~~~~~~~~
[21.998s]       |                         publish_twist
[21.999s] /home/neha/ros2_ws/src/semnav_migration/src/navigation_semantic.cpp:138:77: error: expected primary-expression before ‘>’ token
[21.999s]   138 |                         pub_twist_ = nh_.advertise<geometry_msgs::msg::Twist>(pub_twist_topic_, 1, true);
[21.999s]       |                                                                             ^
[21.999s] /home/neha/ros2_ws/src/semnav_migration/src/navigation_semantic.cpp:141:42: error: ‘message_filters::msg’ has not been declared
[21.999s]   141 |                         message_filters::msg::Subscriber<sensor_msgs::LaserScan> sub_laser(nh_, sub_laser_topic_, 1);
[21.999s]       |                                          ^~~
[22.003s] /home/neha/ros2_ws/src/semnav_migration/src/navigation_semantic.cpp:141:71: error: ‘LaserScan’ is not a member of ‘sensor_msgs’; did you mean ‘sensor_msgs::msg::LaserScan’?
[22.003s]   141 |                         message_filters::msg::Subscriber<sensor_msgs::LaserScan> sub_laser(nh_, sub_laser_topic_, 1);
[22.003s]       |                                                                       ^~~~~~~~~
[22.004s] In file included from /opt/ros/jazzy/include/sensor_msgs/sensor_msgs/msg/laser_scan.hpp:7,
[22.004s]                  from /home/neha/ros2_ws/src/semnav_migration/include/reactive_planner_lib.h:46,
[22.004s]                  from /home/neha/ros2_ws/src/semnav_migration/src/navigation_semantic.cpp:25:
[22.004s] /opt/ros/jazzy/include/sensor_msgs/sensor_msgs/msg/detail/laser_scan__struct.hpp:250:7: note: ‘sensor_msgs::msg::LaserScan’ declared here
[22.004s]   250 | using LaserScan =
[22.004s]       |       ^~~~~~~~~
[22.050s] /home/neha/ros2_ws/src/semnav_migration/src/navigation_semantic.cpp:141:82: error: ‘sub_laser’ was not declared in this scope
[22.050s]   141 |                         message_filters::msg::Subscriber<sensor_msgs::LaserScan> sub_laser(nh_, sub_laser_topic_, 1);
[22.050s]       |                                                                                  ^~~~~~~~~
[22.078s] /home/neha/ros2_ws/src/semnav_migration/src/navigation.cpp:105:25: error: ‘target_object_length_’ was not declared in this scope
[22.078s]   105 |                         target_object_length_ = this->get_parameter("target_object_length").as_double();
[22.078s]       |                         ^~~~~~~~~~~~~~~~~~~~~
[22.118s] /home/neha/ros2_ws/src/semnav_migration/src/navigation_semantic.cpp:143:94: error: ‘LaserScan’ is not a member of ‘sensor_msgs’; did you mean ‘sensor_msgs::msg::LaserScan’?
[22.119s]   143 |                         typedef message_filters::sync_policies::ApproximateTime<sensor_msgs::LaserScan,nav_msgs::msg::Odometry> SyncPolicy;
[22.119s]       |                                                                                              ^~~~~~~~~
[22.119s] /opt/ros/jazzy/include/sensor_msgs/sensor_msgs/msg/detail/laser_scan__struct.hpp:250:7: note: ‘sensor_msgs::msg::LaserScan’ declared here
[22.119s]   250 | using LaserScan =
[22.119s]       |       ^~~~~~~~~
[22.119s] /home/neha/ros2_ws/src/semnav_migration/src/navigation_semantic.cpp:143:127: error: template argument 1 is invalid
[22.119s]   143 |                         typedef message_filters::sync_policies::ApproximateTime<sensor_msgs::LaserScan,nav_msgs::msg::Odometry> SyncPolicy;
[22.119s]       |                                                                                                                               ^
[22.122s] In file included from /home/neha/ros2_ws/src/semnav_migration/include/reactive_planner_lib.h:44:
[22.122s] /opt/ros/jazzy/include/message_filters/message_filters/synchronizer.h: In instantiation of ‘class message_filters::Synchronizer<int>’:
[22.122s] /home/neha/ros2_ws/src/semnav_migration/src/navigation_semantic.cpp:146:64:   required from here
[22.122s] /opt/ros/jazzy/include/message_filters/message_filters/synchronizer.h:53:7: error: base type ‘int’ fails to be a struct or class type
[22.122s]    53 | class Synchronizer : public noncopyable, public Policy
[22.123s]       |       ^~~~~~~~~~~~
[22.123s] /opt/ros/jazzy/include/message_filters/message_filters/synchronizer.h:56:37: error: ‘int’ is not a class, struct, or union type
[22.123s]    56 |   typedef typename Policy::Messages Messages;
[22.123s]       |                                     ^~~~~~~~
[22.123s] /opt/ros/jazzy/include/message_filters/message_filters/synchronizer.h:57:35: error: ‘int’ is not a class, struct, or union type
[22.123s]    57 |   typedef typename Policy::Events Events;
[22.123s]       |                                   ^~~~~~
[22.124s] /opt/ros/jazzy/include/message_filters/message_filters/synchronizer.h:58:35: error: ‘int’ is not a class, struct, or union type
[22.124s]    58 |   typedef typename Policy::Signal Signal;
[22.124s]       |                                   ^~~~~~
[22.127s] /opt/ros/jazzy/include/message_filters/message_filters/synchronizer.h:60:58: error: ‘int’ is not a class, struct, or union type
[22.127s]    60 |   typedef typename std::tuple_element<0, Messages>::type M0;
[22.127s]       |                                                          ^~
[22.128s] /opt/ros/jazzy/include/message_filters/message_filters/synchronizer.h:61:58: error: ‘int’ is not a class, struct, or union type
[22.128s]    61 |   typedef typename std::tuple_element<1, Messages>::type M1;
[22.128s]       |                                                          ^~
[22.128s] /opt/ros/jazzy/include/message_filters/message_filters/synchronizer.h:62:58: error: ‘int’ is not a class, struct, or union type
[22.128s]    62 |   typedef typename std::tuple_element<2, Messages>::type M2;
[22.128s]       |                                                          ^~
[22.128s] /opt/ros/jazzy/include/message_filters/message_filters/synchronizer.h:63:58: error: ‘int’ is not a class, struct, or union type
[22.128s]    63 |   typedef typename std::tuple_element<3, Messages>::type M3;
[22.129s]       |                                                          ^~
[22.129s] /opt/ros/jazzy/include/message_filters/message_filters/synchronizer.h:64:58: error: ‘int’ is not a class, struct, or union type
[22.129s]    64 |   typedef typename std::tuple_element<4, Messages>::type M4;
[22.132s]       |                                                          ^~
[22.132s] /opt/ros/jazzy/include/message_filters/message_filters/synchronizer.h:65:58: error: ‘int’ is not a class, struct, or union type
[22.132s]    65 |   typedef typename std::tuple_element<5, Messages>::type M5;
[22.132s]       |                                                          ^~
[22.132s] /opt/ros/jazzy/include/message_filters/message_filters/synchronizer.h:66:58: error: ‘int’ is not a class, struct, or union type
[22.132s]    66 |   typedef typename std::tuple_element<6, Messages>::type M6;
[22.133s]       |                                                          ^~
[22.133s] /opt/ros/jazzy/include/message_filters/message_filters/synchronizer.h:67:58: error: ‘int’ is not a class, struct, or union type
[22.133s]    67 |   typedef typename std::tuple_element<7, Messages>::type M7;
[22.133s]       |                                                          ^~
[22.133s] /opt/ros/jazzy/include/message_filters/message_filters/synchronizer.h:68:58: error: ‘int’ is not a class, struct, or union type
[22.133s]    68 |   typedef typename std::tuple_element<8, Messages>::type M8;
[22.133s]       |                                                          ^~
[22.133s] /opt/ros/jazzy/include/message_filters/message_filters/synchronizer.h:71:56: error: ‘int’ is not a class, struct, or union type
[22.134s]    71 |   typedef typename std::tuple_element<0, Events>::type M0Event;
[22.134s]       |                                                        ^~~~~~~
[22.136s] /opt/ros/jazzy/include/message_filters/message_filters/synchronizer.h:72:56: error: ‘int’ is not a class, struct, or union type
[22.136s]    72 |   typedef typename std::tuple_element<1, Events>::type M1Event;
[22.136s]       |                                                        ^~~~~~~
[22.136s] /opt/ros/jazzy/include/message_filters/message_filters/synchronizer.h:73:56: error: ‘int’ is not a class, struct, or union type
[22.136s]    73 |   typedef typename std::tuple_element<2, Events>::type M2Event;
[22.137s]       |                                                        ^~~~~~~
[22.137s] /opt/ros/jazzy/include/message_filters/message_filters/synchronizer.h:74:56: error: ‘int’ is not a class, struct, or union type
[22.137s]    74 |   typedef typename std::tuple_element<3, Events>::type M3Event;
[22.137s]       |                                                        ^~~~~~~
[22.137s] /opt/ros/jazzy/include/message_filters/message_filters/synchronizer.h:75:56: error: ‘int’ is not a class, struct, or union type
[22.137s]    75 |   typedef typename std::tuple_element<4, Events>::type M4Event;
[22.137s]       |                                                        ^~~~~~~
[22.138s] /opt/ros/jazzy/include/message_filters/message_filters/synchronizer.h:76:56: error: ‘int’ is not a class, struct, or union type
[22.138s]    76 |   typedef typename std::tuple_element<5, Events>::type M5Event;
[22.138s]       |                                                        ^~~~~~~
[22.140s] /opt/ros/jazzy/include/message_filters/message_filters/synchronizer.h:77:56: error: ‘int’ is not a class, struct, or union type
[22.140s]    77 |   typedef typename std::tuple_element<6, Events>::type M6Event;
[22.140s]       |                                                        ^~~~~~~
[22.140s] /opt/ros/jazzy/include/message_filters/message_filters/synchronizer.h:78:56: error: ‘int’ is not a class, struct, or union type
[22.141s]    78 |   typedef typename std::tuple_element<7, Events>::type M7Event;
[22.141s]       |                                                        ^~~~~~~
[22.141s] /opt/ros/jazzy/include/message_filters/message_filters/synchronizer.h:79:56: error: ‘int’ is not a class, struct, or union type
[22.141s]    79 |   typedef typename std::tuple_element<8, Events>::type M8Event;
[22.141s]       |                                                        ^~~~~~~
[22.141s] /opt/ros/jazzy/include/message_filters/message_filters/synchronizer.h:325:17: error: ‘int’ is not a class, namespace, or enumeration
[22.141s]   325 |   using Policy::add;
[22.141s]       |                 ^~~
[22.142s] /opt/ros/jazzy/include/message_filters/message_filters/synchronizer.h:328:8: error: ‘int’ is not a class, struct, or union type
[22.142s]   328 |   void add(const std::shared_ptr<typename std::tuple_element<i, Messages>::type const>& msg)
[22.142s]       |        ^~~
[22.144s] /opt/ros/jazzy/include/message_filters/message_filters/synchronizer.h:344:8: error: ‘int’ is not a class, struct, or union type
[22.144s]   344 |   void cb(const typename std::tuple_element<i, Events>::type& evt)
[22.144s]       |        ^~
[22.144s] /home/neha/ros2_ws/src/semnav_migration/src/navigation_semantic.cpp:147:55: error: ‘bind’ is not a member of ‘boost’; did you mean ‘find’?
[22.145s]   147 |                         sync->registerCallback(boost::bind(&SemanticNavigationNode::control_callback, this, _1, _2));
[22.145s]       |                                                       ^~~~
[22.145s]       |                                                       find
[22.145s] /home/neha/ros2_ws/src/semnav_migration/src/navigation_semantic.cpp:147:109: error: ‘_1’ was not declared in this scope
[22.145s]   147 |                         sync->registerCallback(boost::bind(&SemanticNavigationNode::control_callback, this, _1, _2));
[22.145s]       |                                                                                                             ^~
[22.145s] /home/neha/ros2_ws/src/semnav_migration/src/navigation_semantic.cpp:147:109: note: suggested alternatives:
[22.145s] In file included from /usr/include/boost/mpl/aux_/include_preprocessed.hpp:37,
[22.148s]                  from /usr/include/boost/mpl/placeholders.hpp:43,
[22.148s]                  from /usr/include/boost/iterator/iterator_categories.hpp:16,
[22.149s]                  from /usr/include/boost/iterator/iterator_facade.hpp:13,
[22.149s]                  from /usr/include/boost/range/iterator_range_core.hpp:27,
[22.149s]                  from /usr/include/boost/lexical_cast.hpp:48,
[22.149s]                  from /usr/include/boost/multiprecision/detail/number_base.hpp:29,
[22.149s]                  from /usr/include/boost/multiprecision/traits/is_variable_precision.hpp:9,
[22.149s]                  from /usr/include/boost/multiprecision/detail/precision.hpp:9,
[22.149s]                  from /usr/include/boost/multiprecision/number.hpp:11,
[22.149s]                  from /usr/include/boost/multiprecision/cpp_int.hpp:19,
[22.150s]                  from /usr/include/boost/multiprecision/cpp_bin_float.hpp:15,
[22.150s]                  from /usr/include/boost/geometry/core/coordinate_promotion.hpp:16,
[22.152s]                  from /usr/include/boost/geometry/core/radian_access.hpp:30,
[22.152s]                  from /usr/include/boost/geometry/geometry.hpp:50,
[22.152s]                  from /usr/include/boost/geometry.hpp:17,
[22.152s]                  from /home/neha/ros2_ws/src/semnav_migration/include/reactive_planner_lib.h:26:
[22.153s] /usr/include/boost/mpl/aux_/preprocessed/gcc/placeholders.hpp:29:16: note:   ‘mpl_::_1’
[22.153s]    29 | typedef arg<1> _1;
[22.153s]       |                ^~
[22.153s] In file included from /usr/include/boost/numeric/conversion/converter_policies.hpp:13,
[22.153s]                  from /usr/include/boost/numeric/conversion/converter.hpp:14,
[22.153s]                  from /usr/include/boost/numeric/conversion/cast.hpp:33,
[22.153s]                  from /usr/include/boost/geometry/core/radian_access.hpp:26:
[22.153s] /usr/include/c++/13/functional:294:48: note:   ‘std::placeholders::_1’
[22.154s]   294 |     _GLIBCXX_PLACEHOLDER const _Placeholder<1> _1;
[22.154s]       |                                                ^~
[22.156s] /usr/include/boost/mpl/aux_/preprocessed/gcc/placeholders.hpp:29:16: note:   ‘mpl_::_1’
[22.156s]    29 | typedef arg<1> _1;
[22.156s]       |                ^~
[22.156s] In file included from /usr/include/boost/describe/members.hpp:20,
[22.156s]                  from /usr/include/boost/container_hash/is_described_class.hpp:11,
[22.156s]                  from /usr/include/boost/container_hash/hash.hpp:18,
[22.157s]                  from /usr/include/boost/functional/hash.hpp:6,
[22.157s]                  from /usr/include/CGAL/Kernel/hash_functions.h:16,
[22.157s]                  from /usr/include/CGAL/Kernel/global_functions.h:25,
[22.157s]                  from /usr/include/CGAL/Cartesian/Cartesian_base.h:22,
[22.157s]                  from /usr/include/CGAL/Simple_cartesian.h:20,
[22.157s]                  from /usr/include/CGAL/Exact_predicates_inexact_constructions_kernel.h:20,
[22.157s]                  from /home/neha/ros2_ws/src/semnav_migration/include/polygeom_lib.h:32,
[22.157s]                  from /home/neha/ros2_ws/src/semnav_migration/include/reactive_planner_lib.h:52:
[22.158s] /usr/include/boost/mp11/bind.hpp:45:7: note:   ‘boost::mp11::_1’
[22.158s]    45 | using _1 = mp_arg<0>;
[22.160s]       |       ^~
[22.160s] /usr/include/boost/mpl/aux_/preprocessed/gcc/placeholders.hpp:29:16: note:   ‘mpl_::_1’
[22.160s]    29 | typedef arg<1> _1;
[22.160s]       |                ^~
[22.160s] /home/neha/ros2_ws/src/semnav_migration/src/navigation_semantic.cpp:147:113: error: ‘_2’ was not declared in this scope
[22.161s]   147 |                         sync->registerCallback(boost::bind(&SemanticNavigationNode::control_callback, this, _1, _2));
[22.161s]       |                                                                                                                 ^~
[22.161s] /home/neha/ros2_ws/src/semnav_migration/src/navigation_semantic.cpp:147:113: note: suggested alternatives:
[22.161s] /usr/include/boost/mpl/aux_/preprocessed/gcc/placeholders.hpp:42:16: note:   ‘mpl_::_2’
[22.161s]    42 | typedef arg<2> _2;
[22.161s]       |                ^~
[22.161s] /usr/include/c++/13/functional:295:48: note:   ‘std::placeholders::_2’
[22.161s]   295 |     _GLIBCXX_PLACEHOLDER const _Placeholder<2> _2;
[22.162s]       |                                                ^~
[22.162s] /usr/include/boost/mpl/aux_/preprocessed/gcc/placeholders.hpp:42:16: note:   ‘mpl_::_2’
[22.164s]    42 | typedef arg<2> _2;
[22.164s]       |                ^~
[22.164s] /usr/include/boost/mp11/bind.hpp:46:7: note:   ‘boost::mp11::_2’
[22.164s]    46 | using _2 = mp_arg<1>;
[22.164s]       |       ^~
[22.165s] /usr/include/boost/mpl/aux_/preprocessed/gcc/placeholders.hpp:42:16: note:   ‘mpl_::_2’
[22.165s]    42 | typedef arg<2> _2;
[22.165s]       |                ^~
[22.165s] /home/neha/ros2_ws/src/semnav_migration/src/navigation_semantic.cpp:149:25: error: ‘ros’ has not been declared
[22.165s]   149 |                         ros::Subscriber sub_semantic = nh_.subscribe(sub_semantic_topic_, 1, &SemanticNavigationNode::diffeo_tree_update, this);
[22.165s]       |                         ^~~
[22.165s] /home/neha/ros2_ws/src/semnav_migration/src/navigation_semantic.cpp:153:25: error: ‘ros’ has not been declared
[22.165s]   153 |                         ros::Duration(5.0).sleep();
[22.166s]       |                         ^~~
[22.166s] /home/neha/ros2_ws/src/semnav_migration/src/navigation_semantic.cpp:160:25: error: ‘ros’ has not been declared
[22.166s]   160 |                         ros::spin();
[22.168s]       |                         ^~~
[22.187s] /home/neha/ros2_ws/src/semnav_migration/src/navigation_semantic.cpp: In member function ‘void SemanticNavigationNode::publish_twist(double, double)’:
[22.187s] /home/neha/ros2_ws/src/semnav_migration/src/navigation_semantic.cpp:167:25: error: ‘pub_twist_’ was not declared in this scope; did you mean ‘publish_twist’?
[22.187s]   167 |                         pub_twist_.publish(commandTwist);
[22.187s]       |                         ^~~~~~~~~~
[22.187s]       |                         publish_twist
[22.191s] /home/neha/ros2_ws/src/semnav_migration/src/navigation_semantic.cpp: In member function ‘void SemanticNavigationNode::publish_behavior_id(uint16_t)’:
[22.191s] /home/neha/ros2_ws/src/semnav_migration/src/navigation_semantic.cpp:172:32: error: ‘UInt32’ is not a member of ‘std_msgs::msg’
[22.191s]   172 |                 std_msgs::msg::UInt32 commandId;
[22.191s]       |                                ^~~~~~
[22.235s] /home/neha/ros2_ws/src/semnav_migration/src/navigation_semantic.cpp:173:25: error: ‘commandId’ was not declared in this scope
[22.235s]   173 |                         commandId.data = BehaviorIdCmd;
[22.235s]       |                         ^~~~~~~~~
[22.245s] /home/neha/ros2_ws/src/semnav_migration/src/navigation.cpp:106:25: error: ‘target_object_width_’ was not declared in this scope
[22.245s]   106 |                         target_object_width_ = this->get_parameter("target_object_width").as_double();
[22.246s]       |                         ^~~~~~~~~~~~~~~~~~~~
[22.252s] /home/neha/ros2_ws/src/semnav_migration/src/navigation.cpp:138:69: error: ‘UInt32’ is not a member of ‘std_msgs::msg’
[22.252s]   138 |             pub_behaviorID_ = this->create_publisher<std_msgs::msg::UInt32>("pub_behaviorID_topic_, 1);
[22.252s]       |                                                                     ^~~~~~
[22.257s] /home/neha/ros2_ws/src/semnav_migration/src/navigation.cpp:139:71: error: ‘UInt32’ is not a member of ‘std_msgs::msg’
[22.257s]   139 |             pub_behaviorMode_ = this->create_publisher<std_msgs::msg::UInt32>("pub_behaviorMode_topic_, 1);
[22.257s]       |                                                                       ^~~~~~
[22.262s] /home/neha/ros2_ws/src/semnav_migration/src/navigation.cpp:140:64: error: ‘UInt32’ is not a member of ‘std_msgs::msg’
[22.262s]   140 |             pub_twist_ = this->create_publisher<std_msgs::msg::UInt32>("pub_twist_topic_, 1);
[22.263s]       |                                                                ^~~~~~
[22.263s] /home/neha/ros2_ws/src/semnav_migration/src/navigation.cpp:143:82: error: expected primary-expression before ‘sub_laser’
[22.263s]   143 |                         message_filters::Subscriber<sensor_msgs::msg::LaserScan> sub_laser(nh_, sub_laser_topic_, 1);
[22.263s]       |                                                                                  ^~~~~~~~~
[22.321s] /home/neha/ros2_ws/src/semnav_migration/src/navigation_semantic.cpp:174:25: error: ‘pub_behaviorID_’ was not declared in this scope; did you mean ‘pub_behaviorID_topic_’?
[22.321s]   174 |                         pub_behaviorID_.publish(commandId);
[22.321s]       |                         ^~~~~~~~~~~~~~~
[22.321s]       |                         pub_behaviorID_topic_
[22.326s] /home/neha/ros2_ws/src/semnav_migration/src/navigation_semantic.cpp: In member function ‘void SemanticNavigationNode::publish_behavior_mode(uint16_t)’:
[22.326s] /home/neha/ros2_ws/src/semnav_migration/src/navigation_semantic.cpp:179:28: error: ‘UInt32’ is not a member of ‘std_msgs::msg’
[22.326s]   179 |             std_msgs::msg::UInt32 commandMode;
[22.327s]       |                            ^~~~~~
[22.333s] /home/neha/ros2_ws/src/semnav_migration/src/navigation.cpp:144:112: error: no matching function for call to ‘message_filters::Subscriber<nav_msgs::msg::Odometry_<std::allocator<void> > >::Subscriber(rclcpp::Node&, std::string&, int)’
[22.334s]   144 |                         message_filters::Subscriber<nav_msgs::msg::Odometry> sub_robot(nh_, sub_robot_topic_, 1);
[22.334s]       |                                                                                                                ^
[22.334s] In file included from /home/neha/ros2_ws/src/semnav_migration/include/reactive_planner_lib.h:43:
[22.334s] /opt/ros/jazzy/include/message_filters/message_filters/subscriber.h:224:3: note: candidate: ‘message_filters::Subscriber<M, NodeType>::Subscriber() [with M = nav_msgs::msg::Odometry_<std::allocator<void> >; NodeType = rclcpp::Node]’
[22.334s]   224 |   Subscriber() = default;
[22.334s]       |   ^~~~~~~~~~
[22.334s] /opt/ros/jazzy/include/message_filters/message_filters/subscriber.h:224:3: note:   candidate expects 0 arguments, 3 provided
[22.335s] /opt/ros/jazzy/include/message_filters/message_filters/subscriber.h:212:3: note: candidate: ‘message_filters::Subscriber<M, NodeType>::Subscriber(NodeType*, const std::string&, rmw_qos_profile_t, rclcpp::SubscriptionOptions) [with M = nav_msgs::msg::Odometry_<std::allocator<void> >; NodeType = rclcpp::Node; std::string = std::__cxx11::basic_string<char>; rmw_qos_profile_t = rmw_qos_profile_s; rclcpp::SubscriptionOptions = rclcpp::SubscriptionOptionsWithAllocator<std::allocator<void> >]’
[22.335s]   212 |   Subscriber(
[22.335s]       |   ^~~~~~~~~~
[22.337s] /opt/ros/jazzy/include/message_filters/message_filters/subscriber.h:212:3: note:   candidate expects 4 arguments, 3 provided
[22.337s] /opt/ros/jazzy/include/message_filters/message_filters/subscriber.h:203:3: note: candidate: ‘message_filters::Subscriber<M, NodeType>::Subscriber(NodePtr, const std::string&, rmw_qos_profile_t, rclcpp::SubscriptionOptions) [with M = nav_msgs::msg::Odometry_<std::allocator<void> >; NodeType = rclcpp::Node; NodePtr = std::shared_ptr<rclcpp::Node>; std::string = std::__cxx11::basic_string<char>; rmw_qos_profile_t = rmw_qos_profile_s; rclcpp::SubscriptionOptions = rclcpp::SubscriptionOptionsWithAllocator<std::allocator<void> >]’
[22.337s]   203 |   Subscriber(
[22.338s]       |   ^~~~~~~~~~
[22.338s] /opt/ros/jazzy/include/message_filters/message_filters/subscriber.h:203:3: note:   candidate expects 4 arguments, 3 provided
[22.338s] /opt/ros/jazzy/include/message_filters/message_filters/subscriber.h:188:3: note: candidate: ‘message_filters::Subscriber<M, NodeType>::Subscriber(NodeType*, const std::string&, rmw_qos_profile_t) [with M = nav_msgs::msg::Odometry_<std::allocator<void> >; NodeType = rclcpp::Node; std::string = std::__cxx11::basic_string<char>; rmw_qos_profile_t = rmw_qos_profile_s]’
[22.338s]   188 |   Subscriber(NodeType * node, const std::string& topic, const rmw_qos_profile_t qos = rmw_qos_profile_default)
[22.338s]       |   ^~~~~~~~~~
[22.338s] /opt/ros/jazzy/include/message_filters/message_filters/subscriber.h:188:25: note:   no known conversion for argument 1 from ‘rclcpp::Node’ to ‘rclcpp::Node*’
[22.338s]   188 |   Subscriber(NodeType * node, const std::string& topic, const rmw_qos_profile_t qos = rmw_qos_profile_default)
[22.338s]       |              ~~~~~~~~~~~^~~~
[22.339s] /opt/ros/jazzy/include/message_filters/message_filters/subscriber.h:183:3: note: candidate: ‘message_filters::Subscriber<M, NodeType>::Subscriber(NodePtr, const std::string&, rmw_qos_profile_t) [with M = nav_msgs::msg::Odometry_<std::allocator<void> >; NodeType = rclcpp::Node; NodePtr = std::shared_ptr<rclcpp::Node>; std::string = std::__cxx11::basic_string<char>; rmw_qos_profile_t = rmw_qos_profile_s]’
[22.339s]   183 |   Subscriber(NodePtr node, const std::string& topic, const rmw_qos_profile_t qos = rmw_qos_profile_default)
[22.341s]       |   ^~~~~~~~~~
[22.341s] /opt/ros/jazzy/include/message_filters/message_filters/subscriber.h:183:22: note:   no known conversion for argument 1 from ‘rclcpp::Node’ to ‘message_filters::Subscriber<nav_msgs::msg::Odometry_<std::allocator<void> > >::NodePtr’ {aka ‘std::shared_ptr<rclcpp::Node>’}
[22.341s]   183 |   Subscriber(NodePtr node, const std::string& topic, const rmw_qos_profile_t qos = rmw_qos_profile_default)
[22.341s]       |              ~~~~~~~~^~~~
[22.390s] /home/neha/ros2_ws/src/semnav_migration/src/navigation_semantic.cpp:180:25: error: ‘commandMode’ was not declared in this scope
[22.391s]   180 |                         commandMode.data = BehaviorModeCmd;
[22.391s]       |                         ^~~~~~~~~~~
[22.490s] /home/neha/ros2_ws/src/semnav_migration/src/navigation_semantic.cpp:181:25: error: ‘pub_behaviorMode_’ was not declared in this scope; did you mean ‘pub_behaviorMode_topic_’?
[22.490s]   181 |                         pub_behaviorMode_.publish(commandMode);
[22.490s]       |                         ^~~~~~~~~~~~~~~~~
[22.490s]       |                         pub_behaviorMode_topic_
[22.510s] /home/neha/ros2_ws/src/semnav_migration/src/navigation.cpp:148:65: error: ‘sub_laser’ was not declared in this scope
[22.510s]   148 |                         sync.reset(new Sync(SyncPolicy(100000), sub_laser, sub_robot));
[22.510s]       |                                                                 ^~~~~~~~~
[22.521s] /home/neha/ros2_ws/src/semnav_migration/src/navigation.cpp:149:55: error: ‘bind’ is not a member of ‘boost’; did you mean ‘find’?
[22.521s]   149 |                         sync->registerCallback(boost::bind(&NavigationNode::control_callback, this, _1, _2));
[22.521s]       |                                                       ^~~~
[22.522s]       |                                                       find
[22.526s] /home/neha/ros2_ws/src/semnav_migration/src/navigation.cpp:149:101: error: ‘_1’ was not declared in this scope
[22.527s]   149 |                         sync->registerCallback(boost::bind(&NavigationNode::control_callback, this, _1, _2));
[22.527s]       |                                                                                                     ^~
[22.527s] /home/neha/ros2_ws/src/semnav_migration/src/navigation.cpp:149:101: note: suggested alternatives:
[22.527s] In file included from /usr/include/boost/mpl/aux_/include_preprocessed.hpp:37,
[22.527s]                  from /usr/include/boost/mpl/placeholders.hpp:43,
[22.527s]                  from /usr/include/boost/iterator/iterator_categories.hpp:16,
[22.527s]                  from /usr/include/boost/iterator/iterator_facade.hpp:13,
[22.528s]                  from /usr/include/boost/range/iterator_range_core.hpp:27,
[22.528s]                  from /usr/include/boost/lexical_cast.hpp:48,
[22.528s]                  from /usr/include/boost/multiprecision/detail/number_base.hpp:29,
[22.530s]                  from /usr/include/boost/multiprecision/traits/is_variable_precision.hpp:9,
[22.530s]                  from /usr/include/boost/multiprecision/detail/precision.hpp:9,
[22.531s]                  from /usr/include/boost/multiprecision/number.hpp:11,
[22.531s]                  from /usr/include/boost/multiprecision/cpp_int.hpp:19,
[22.531s]                  from /usr/include/boost/multiprecision/cpp_bin_float.hpp:15,
[22.531s]                  from /usr/include/boost/geometry/core/coordinate_promotion.hpp:16,
[22.531s]                  from /usr/include/boost/geometry/core/radian_access.hpp:30,
[22.531s]                  from /usr/include/boost/geometry/geometry.hpp:50,
[22.531s]                  from /usr/include/boost/geometry.hpp:17,
[22.532s]                  from /home/neha/ros2_ws/src/semnav_migration/include/reactive_planner_lib.h:26:
[22.532s] /usr/include/boost/mpl/aux_/preprocessed/gcc/placeholders.hpp:29:16: note:   ‘mpl_::_1’
[22.532s]    29 | typedef arg<1> _1;
[22.534s]       |                ^~
[22.534s] In file included from /usr/include/boost/numeric/conversion/converter_policies.hpp:13,
[22.534s]                  from /usr/include/boost/numeric/conversion/converter.hpp:14,
[22.535s]                  from /usr/include/boost/numeric/conversion/cast.hpp:33,
[22.535s]                  from /usr/include/boost/geometry/core/radian_access.hpp:26:
[22.535s] /usr/include/c++/13/functional:294:48: note:   ‘std::placeholders::_1’
[22.535s]   294 |     _GLIBCXX_PLACEHOLDER const _Placeholder<1> _1;
[22.535s]       |                                                ^~
[22.535s] /usr/include/boost/mpl/aux_/preprocessed/gcc/placeholders.hpp:29:16: note:   ‘mpl_::_1’
[22.535s]    29 | typedef arg<1> _1;
[22.536s]       |                ^~
[22.536s] In file included from /usr/include/boost/describe/members.hpp:20,
[22.536s]                  from /usr/include/boost/container_hash/is_described_class.hpp:11,
[22.539s]                  from /usr/include/boost/container_hash/hash.hpp:18,
[22.539s]                  from /usr/include/boost/functional/hash.hpp:6,
[22.539s]                  from /usr/include/CGAL/Kernel/hash_functions.h:16,
[22.539s]                  from /usr/include/CGAL/Kernel/global_functions.h:25,
[22.539s]                  from /usr/include/CGAL/Cartesian/Cartesian_base.h:22,
[22.539s]                  from /usr/include/CGAL/Simple_cartesian.h:20,
[22.540s]                  from /usr/include/CGAL/Exact_predicates_inexact_constructions_kernel.h:20,
[22.540s]                  from /home/neha/ros2_ws/src/semnav_migration/include/polygeom_lib.h:32,
[22.540s]                  from /home/neha/ros2_ws/src/semnav_migration/include/reactive_planner_lib.h:52:
[22.540s] /usr/include/boost/mp11/bind.hpp:45:7: note:   ‘boost::mp11::_1’
[22.540s]    45 | using _1 = mp_arg<0>;
[22.540s]       |       ^~
[22.540s] /usr/include/boost/mpl/aux_/preprocessed/gcc/placeholders.hpp:29:16: note:   ‘mpl_::_1’
[22.540s]    29 | typedef arg<1> _1;
[22.541s]       |                ^~
[22.541s] /home/neha/ros2_ws/src/semnav_migration/src/navigation.cpp:149:105: error: ‘_2’ was not declared in this scope
[22.543s]   149 |                         sync->registerCallback(boost::bind(&NavigationNode::control_callback, this, _1, _2));
[22.543s]       |                                                                                                         ^~
[22.543s] /home/neha/ros2_ws/src/semnav_migration/src/navigation.cpp:149:105: note: suggested alternatives:
[22.543s] /usr/include/boost/mpl/aux_/preprocessed/gcc/placeholders.hpp:42:16: note:   ‘mpl_::_2’
[22.544s]    42 | typedef arg<2> _2;
[22.544s]       |                ^~
[22.544s] /usr/include/c++/13/functional:295:48: note:   ‘std::placeholders::_2’
[22.544s]   295 |     _GLIBCXX_PLACEHOLDER const _Placeholder<2> _2;
[22.544s]       |                                                ^~
[22.547s] /usr/include/boost/mpl/aux_/preprocessed/gcc/placeholders.hpp:42:16: note:   ‘mpl_::_2’
[22.547s]    42 | typedef arg<2> _2;
[22.547s]       |                ^~
[22.547s] /usr/include/boost/mp11/bind.hpp:46:7: note:   ‘boost::mp11::_2’
[22.548s]    46 | using _2 = mp_arg<1>;
[22.548s]       |       ^~
[22.548s] /usr/include/boost/mpl/aux_/preprocessed/gcc/placeholders.hpp:42:16: note:   ‘mpl_::_2’
[22.548s]    42 | typedef arg<2> _2;
[22.548s]       |                ^~
[22.548s] /home/neha/ros2_ws/src/semnav_migration/src/navigation.cpp:152:71: error: no matching function for call to ‘NavigationNode::create_publisher(std::string&, int)’
[22.549s]   152 |             rclcpp::Subscription sub_semantic = this->create_publisher(sub_semantic_topic_, 1);
[22.549s]       |                                                 ~~~~~~~~~~~~~~~~~~~~~~^~~~~~~~~~~~~~~~~~~~~~~~
[22.549s] /opt/ros/jazzy/include/rclcpp/rclcpp/node.hpp:197:3: note: candidate: ‘template<class MessageT, class AllocatorT, class PublisherT> std::shared_ptr<PublisherT> rclcpp::Node::create_publisher(const std::string&, const rclcpp::QoS&, const rclcpp::PublisherOptionsWithAllocator<AllocatorT>&)’
[22.549s]   197 |   create_publisher(
[22.549s]       |   ^~~~~~~~~~~~~~~~
[22.549s] /opt/ros/jazzy/include/rclcpp/rclcpp/node.hpp:197:3: note:   template argument deduction/substitution failed:
[22.549s] /home/neha/ros2_ws/src/semnav_migration/src/navigation.cpp:152:71: note:   couldn’t deduce template parameter ‘MessageT’
[22.549s]   152 |             rclcpp::Subscription sub_semantic = this->create_publisher(sub_semantic_topic_, 1);
[22.550s]       |                                                 ~~~~~~~~~~~~~~~~~~~~~~^~~~~~~~~~~~~~~~~~~~~~~~
[22.550s] /home/neha/ros2_ws/src/semnav_migration/src/navigation.cpp:156:45: error: no matching function for call to ‘rclcpp::Duration::Duration(double)’
[22.550s]   156 |                         rclcpp::Duration(5.0).sleep();
[22.552s]       |                                             ^
[22.552s] In file included from /opt/ros/jazzy/include/rclcpp/rclcpp/time.hpp:24,
[22.552s]                  from /opt/ros/jazzy/include/rclcpp/rclcpp/clock.hpp:24,
[22.552s]                  from /opt/ros/jazzy/include/rclcpp/rclcpp/client.hpp:38,
[22.553s]                  from /opt/ros/jazzy/include/rclcpp/rclcpp/callback_group.hpp:24,
[22.553s]                  from /opt/ros/jazzy/include/rclcpp/rclcpp/any_executable.hpp:20,
[22.553s]                  from /opt/ros/jazzy/include/rclcpp/rclcpp/memory_strategy.hpp:25,
[22.553s]                  from /opt/ros/jazzy/include/rclcpp/rclcpp/memory_strategies.hpp:18,
[22.553s]                  from /opt/ros/jazzy/include/rclcpp/rclcpp/executor_options.hpp:22,
[22.553s]                  from /opt/ros/jazzy/include/rclcpp/rclcpp/executor.hpp:38,
[22.553s]                  from /opt/ros/jazzy/include/rclcpp/rclcpp/executors/multi_threaded_executor.hpp:25,
[22.554s]                  from /opt/ros/jazzy/include/rclcpp/rclcpp/executors.hpp:21:
[22.554s] /opt/ros/jazzy/include/rclcpp/rclcpp/duration.hpp:49:3: note: candidate: ‘template<class Rep, class Period> rclcpp::Duration::Duration(const std::chrono::duration<_Rep1, _Period1>&)’
[22.554s]    49 |   Duration(const std::chrono::duration<Rep, Period> & duration)  // NOLINT(runtime/explicit)
[22.556s]       |   ^~~~~~~~
[22.556s] /opt/ros/jazzy/include/rclcpp/rclcpp/duration.hpp:49:3: note:   template argument deduction/substitution failed:
[22.556s] /home/neha/ros2_ws/src/semnav_migration/src/navigation.cpp:156:45: note:   mismatched types ‘const std::chrono::duration<_Rep1, _Period1>’ and ‘double’
[22.556s]   156 |                         rclcpp::Duration(5.0).sleep();
[22.557s]       |                                             ^
[22.557s] /opt/ros/jazzy/include/rclcpp/rclcpp/duration.hpp:159:3: note: candidate: ‘rclcpp::Duration::Duration()’
[22.557s]   159 |   Duration() = default;
[22.557s]       |   ^~~~~~~~
[22.557s] /opt/ros/jazzy/include/rclcpp/rclcpp/duration.hpp:159:3: note:   candidate expects 0 arguments, 1 provided
[22.557s] /opt/ros/jazzy/include/rclcpp/rclcpp/duration.hpp:62:3: note: candidate: ‘rclcpp::Duration::Duration(const rclcpp::Duration&)’
[22.557s]    62 |   Duration(const Duration & rhs);
[22.557s]       |   ^~~~~~~~
[22.558s] /opt/ros/jazzy/include/rclcpp/rclcpp/duration.hpp:62:29: note:   no known conversion for argument 1 from ‘double’ to ‘const rclcpp::Duration&’
[22.558s]    62 |   Duration(const Duration & rhs);
[22.560s]       |            ~~~~~~~~~~~~~~~~~^~~
[22.560s] /opt/ros/jazzy/include/rclcpp/rclcpp/duration.hpp:60:12: note: candidate: ‘rclcpp::Duration::Duration(const rcl_duration_t&)’
[22.560s]    60 |   explicit Duration(const rcl_duration_t & duration);
[22.560s]       |            ^~~~~~~~
[22.560s] /opt/ros/jazzy/include/rclcpp/rclcpp/duration.hpp:60:44: note:   no known conversion for argument 1 from ‘double’ to ‘const rcl_duration_t&’ {aka ‘const rcl_duration_s&’}
[22.561s]    60 |   explicit Duration(const rcl_duration_t & duration);
[22.561s]       |                     ~~~~~~~~~~~~~~~~~~~~~~~^~~~~~~~
[22.561s] /opt/ros/jazzy/include/rclcpp/rclcpp/duration.hpp:54:3: note: candidate: ‘rclcpp::Duration::Duration(const builtin_interfaces::msg::Duration&)’
[22.561s]    54 |   Duration(const builtin_interfaces::msg::Duration & duration_msg);  // NOLINT(runtime/explicit)
[22.561s]       |   ^~~~~~~~
[22.561s] /opt/ros/jazzy/include/rclcpp/rclcpp/duration.hpp:54:54: note:   no known conversion for argument 1 from ‘double’ to ‘const builtin_interfaces::msg::Duration&’ {aka ‘const builtin_interfaces::msg::Duration_<std::allocator<void> >&’}
[22.561s]    54 |   Duration(const builtin_interfaces::msg::Duration & duration_msg);  // NOLINT(runtime/explicit)
[22.562s]       |            ~~~~~~~~~~~~~~~~~~~~~~~~~~~~~~~~~~~~~~~~~~^~~~~~~~~~~~
[22.562s] /opt/ros/jazzy/include/rclcpp/rclcpp/duration.hpp:43:12: note: candidate: ‘rclcpp::Duration::Duration(std::chrono::nanoseconds)’
[22.562s]    43 |   explicit Duration(std::chrono::nanoseconds nanoseconds);
[22.564s]       |            ^~~~~~~~
[22.564s] /opt/ros/jazzy/include/rclcpp/rclcpp/duration.hpp:43:46: note:   no known conversion for argument 1 from ‘double’ to ‘std::chrono::nanoseconds’ {aka ‘std::chrono::duration<long int, std::ratio<1, 1000000000> >’}
[22.564s]    43 |   explicit Duration(std::chrono::nanoseconds nanoseconds);
[22.564s]       |                     ~~~~~~~~~~~~~~~~~~~~~~~~~^~~~~~~~~~~
[22.565s] /opt/ros/jazzy/include/rclcpp/rclcpp/duration.hpp:40:3: note: candidate: ‘rclcpp::Duration::Duration(int32_t, uint32_t)’
[22.565s]    40 |   Duration(int32_t seconds, uint32_t nanoseconds);
[22.565s]       |   ^~~~~~~~
[22.565s] /opt/ros/jazzy/include/rclcpp/rclcpp/duration.hpp:40:3: note:   candidate expects 2 arguments, 1 provided
[22.565s] /home/neha/ros2_ws/src/semnav_migration/src/navigation_semantic.cpp: In member function ‘void SemanticNavigationNode::control_callback(const sensor_msgs::msg::LaserScan_<std::allocator<void> >::ConstPtr&, const nav_msgs::msg::Odometry_<std::allocator<void> >::ConstPtr&)’:
[22.565s] /home/neha/ros2_ws/src/semnav_migration/src/navigation_semantic.cpp:395:46: error: ‘ros’ has not been declared
[22.565s]   395 |                         double before_time = ros::Time::now().toSec();
[22.565s]       |                                              ^~~
[22.566s] /home/neha/ros2_ws/src/semnav_migration/src/navigation_semantic.cpp:398:40: error: ‘PoseStamped’ is not a member of ‘geometry_msgs’
[22.566s]   398 |                         geometry_msgs::PoseStamped odomPose, mapPose;
[22.566s]       |                                        ^~~~~~~~~~~
[22.592s] /home/neha/ros2_ws/src/semnav_migration/src/navigation.cpp:163:38: error: ‘node_ptr’ was not declared in this scope; did you mean ‘mode_t’?
[22.592s]   163 |                         rclcpp::spin(node_ptr);
[22.592s]       |                                      ^~~~~~~~
[22.592s]       |                                      mode_t
[22.592s] /home/neha/ros2_ws/src/semnav_migration/src/navigation_semantic.cpp:399:25: error: ‘odomPose’ was not declared in this scope
[22.593s]   399 |                         odomPose.header.stamp = ros::Time(0);
[22.593s]       |                         ^~~~~~~~
[22.593s] /home/neha/ros2_ws/src/semnav_migration/src/navigation_semantic.cpp:399:49: error: ‘ros’ has not been declared
[22.593s]   399 |                         odomPose.header.stamp = ros::Time(0);
[22.593s]       |                                                 ^~~
[22.603s] /home/neha/ros2_ws/src/semnav_migration/src/navigation.cpp: In member function ‘void NavigationNode::publish_behavior_id(uint16_t)’:
[22.603s] /home/neha/ros2_ws/src/semnav_migration/src/navigation.cpp:175:28: error: ‘UInt32’ is not a member of ‘std_msgs::msg’
[22.603s]   175 |             std_msgs::msg::UInt32 commandId;
[22.604s]       |                            ^~~~~~
[22.643s] /home/neha/ros2_ws/src/semnav_migration/src/navigation_semantic.cpp:403:33: error: ‘listener_’ was not declared in this scope
[22.643s]   403 |                                 listener_.waitForTransform(world_frame_id_, odom_frame_id_, ros::Time(0), ros::Duration(1.0));
[22.643s]       |                                 ^~~~~~~~~
[22.644s] /home/neha/ros2_ws/src/semnav_migration/src/navigation_semantic.cpp:403:93: error: ‘ros’ has not been declared
[22.644s]   403 |                                 listener_.waitForTransform(world_frame_id_, odom_frame_id_, ros::Time(0), ros::Duration(1.0));
[22.644s]       |                                                                                             ^~~
[22.644s] /home/neha/ros2_ws/src/semnav_migration/src/navigation_semantic.cpp:403:107: error: ‘ros’ has not been declared
[22.644s]   403 |                                 listener_.waitForTransform(world_frame_id_, odom_frame_id_, ros::Time(0), ros::Duration(1.0));
[22.644s]       |                                                                                                           ^~~
[22.654s] /home/neha/ros2_ws/src/semnav_migration/src/navigation.cpp:176:25: error: ‘commandId’ was not declared in this scope
[22.654s]   176 |                         commandId.data = BehaviorIdCmd;
[22.654s]       |                         ^~~~~~~~~
[22.656s] /home/neha/ros2_ws/src/semnav_migration/src/navigation.cpp: In member function ‘void NavigationNode::publish_behavior_mode(uint16_t)’:
[22.656s] /home/neha/ros2_ws/src/semnav_migration/src/navigation.cpp:182:28: error: ‘UInt32’ is not a member of ‘std_msgs::msg’
[22.656s]   182 |             std_msgs::msg::UInt32 commandMode;
[22.656s]       |                            ^~~~~~
[22.678s] /home/neha/ros2_ws/src/semnav_migration/src/navigation_semantic.cpp:404:84: error: ‘mapPose’ was not declared in this scope
[22.679s]   404 |                                 listener_.transformPose(world_frame_id_, odomPose, mapPose);
[22.679s]       |                                                                                    ^~~~~~~
[22.686s] /home/neha/ros2_ws/src/semnav_migration/src/navigation_semantic.cpp:405:34: error: ‘tf’ does not name a type; did you mean ‘tm’?
[22.686s]   405 |                         } catch (tf::TransformException &ex) {
[22.686s]       |                                  ^~
[22.687s]       |                                  tm
[22.687s] /home/neha/ros2_ws/src/semnav_migration/src/navigation_semantic.cpp:405:57: error: expected unqualified-id before ‘&’ token
[22.687s]   405 |                         } catch (tf::TransformException &ex) {
[22.687s]       |                                                         ^
[22.687s] /home/neha/ros2_ws/src/semnav_migration/src/navigation_semantic.cpp:405:57: error: expected ‘)’ before ‘&’ token
[22.687s] /home/neha/ros2_ws/src/semnav_migration/src/navigation_semantic.cpp:405:33: note: to match this ‘(’
[22.687s]   405 |                         } catch (tf::TransformException &ex) {
[22.687s]       |                                 ^
[22.688s] /home/neha/ros2_ws/src/semnav_migration/src/navigation_semantic.cpp:405:57: error: expected ‘{’ before ‘&’ token
[22.688s]   405 |                         } catch (tf::TransformException &ex) {
[22.688s]       |                                                         ^
[22.716s] /home/neha/ros2_ws/src/semnav_migration/src/navigation_semantic.cpp:405:58: error: ‘ex’ was not declared in this scope; did you mean ‘exp’?
[22.716s]   405 |                         } catch (tf::TransformException &ex) {
[22.717s]       |                                                          ^~
[22.717s]       |                                                          exp
[22.717s] /home/neha/ros2_ws/src/semnav_migration/src/navigation_semantic.cpp:411:25: error: ‘tf’ has not been declared
[22.717s]   411 |                         tf::Quaternion rotation = tf::Quaternion(mapPose.pose.orientation.x,
[22.717s]       |                         ^~
[22.717s] /home/neha/ros2_ws/src/semnav_migration/src/navigation_semantic.cpp:415:25: error: ‘tf’ has not been declared
[22.717s]   415 |                         tf::Matrix3x3 m(rotation);
[22.717s]       |                         ^~
[22.725s] /home/neha/ros2_ws/src/semnav_migration/src/navigation.cpp:183:25: error: ‘commandMode’ was not declared in this scope
[22.725s]   183 |                         commandMode.data = BehaviorModeCmd;
[22.726s]       |                         ^~~~~~~~~~~
[22.751s] /home/neha/ros2_ws/src/semnav_migration/src/navigation_semantic.cpp:417:25: error: ‘m’ was not declared in this scope; did you mean ‘tm’?
[22.751s]   417 |                         m.getRPY(roll, pitch, yaw);
[22.751s]       |                         ^
[22.752s]       |                         tm
[22.782s] /home/neha/ros2_ws/src/semnav_migration/src/navigation.cpp: In member function ‘void NavigationNode::control_callback(const sensor_msgs::msg::LaserScan_<std::allocator<void> >::ConstPtr&, const nav_msgs::msg::Odometry_<std::allocator<void> >::ConstPtr&)’:
[22.782s] /home/neha/ros2_ws/src/semnav_migration/src/navigation.cpp:357:60: error: ‘now’ is not a member of ‘rclcpp::Time’
[22.782s]   357 |                         double before_time = rclcpp::Time::now().toSec();
[22.783s]       |                                                            ^~~
[22.787s] /home/neha/ros2_ws/src/semnav_migration/src/navigation.cpp:360:33: error: ‘PoseStamped’ is not a member of ‘geometry_msgs::msg’
[22.787s]   360 |             geometry_msgs::msg::PoseStamped odomPose, mapPose;
[22.787s]       |                                 ^~~~~~~~~~~
[22.790s] /home/neha/ros2_ws/src/semnav_migration/src/navigation_semantic.cpp:418:51: error: ‘mapPose’ was not declared in this scope
[22.790s]   418 |                         double x_robot_position = mapPose.pose.position.x;
[22.790s]       |                                                   ^~~~~~~
[22.797s] /home/neha/ros2_ws/src/semnav_migration/src/navigation_semantic.cpp:431:42: error: could not convert ‘lidar_data’ from ‘shared_ptr<LaserScan_<[...]>>’ to ‘shared_ptr<LaserScan_<[...]>>’
[22.797s]   431 |                         constructLIDAR2D(lidar_data, CutoffRange_, AllowableRange_, RobotPitch_, &LIDAR);
[22.797s]       |                                          ^~~~~~~~~~
[22.798s]       |                                          |
[22.798s]       |                                          shared_ptr<LaserScan_<[...]>>
[22.814s] /home/neha/ros2_ws/src/semnav_migration/src/navigation_semantic.cpp:561:96: error: invalid operands of types ‘const char [53]’ and ‘double’ to binary ‘operator<<’
[22.814s]   561 |                         ROS_WARN_STREAM("[Navigation] Diffeomorphism jacobian determinant is " << MatrixDeterminant(RobotPositionTransformedD) << ", robot position is " << bg::dsv(RobotPosition_) << " and robot positon in model space is " << bg::dsv(RobotPositionTransformedPoint));
[22.814s]       |                                         ~~~~~~~~~~~~~~~~~~~~~~~~~~~~~~~~~~~~~~~~~~~~~~~~~~~~~~ ^~ ~~~~~~~~~~~~~~~~~~~~~~~~~~~~~~~~~~~~~~~~~~~~
[22.814s]       |                                         |                                                                          |
[22.814s]       |                                         const char [53]                                                            double
[22.836s] /home/neha/ros2_ws/src/semnav_migration/src/navigation.cpp:361:25: error: ‘odomPose’ was not declared in this scope
[22.836s]   361 |                         odomPose.header.stamp = rclcpp::Time(0);
[22.836s]       |                         ^~~~~~~~
[22.882s] /home/neha/ros2_ws/src/semnav_migration/src/navigation.cpp:365:33: error: ‘listener_’ was not declared in this scope
[22.882s]   365 |                                 listener_.waitForTransform(world_frame_id_, odom_frame_id_, rclcpp::Time(0), rclcpp::Duration(1.0));
[22.882s]       |                                 ^~~~~~~~~
[22.885s] /home/neha/ros2_ws/src/semnav_migration/src/navigation.cpp:365:130: error: no matching function for call to ‘rclcpp::Duration::Duration(double)’
[22.886s]   365 |                                 listener_.waitForTransform(world_frame_id_, odom_frame_id_, rclcpp::Time(0), rclcpp::Duration(1.0));
[22.886s]       |                                                                                                                                  ^
[22.886s] /opt/ros/jazzy/include/rclcpp/rclcpp/duration.hpp:49:3: note: candidate: ‘template<class Rep, class Period> rclcpp::Duration::Duration(const std::chrono::duration<_Rep1, _Period1>&)’
[22.886s]    49 |   Duration(const std::chrono::duration<Rep, Period> & duration)  // NOLINT(runtime/explicit)
[22.886s]       |   ^~~~~~~~
[22.886s] /opt/ros/jazzy/include/rclcpp/rclcpp/duration.hpp:49:3: note:   template argument deduction/substitution failed:
[22.886s] /home/neha/ros2_ws/src/semnav_migration/src/navigation.cpp:365:130: note:   mismatched types ‘const std::chrono::duration<_Rep1, _Period1>’ and ‘double’
[22.887s]   365 |                                 listener_.waitForTransform(world_frame_id_, odom_frame_id_, rclcpp::Time(0), rclcpp::Duration(1.0));
[22.887s]       |                                                                                                                                  ^
[22.887s] /opt/ros/jazzy/include/rclcpp/rclcpp/duration.hpp:159:3: note: candidate: ‘rclcpp::Duration::Duration()’
[22.887s]   159 |   Duration() = default;
[22.887s]       |   ^~~~~~~~
[22.887s] /opt/ros/jazzy/include/rclcpp/rclcpp/duration.hpp:159:3: note:   candidate expects 0 arguments, 1 provided
[22.887s] /opt/ros/jazzy/include/rclcpp/rclcpp/duration.hpp:62:3: note: candidate: ‘rclcpp::Duration::Duration(const rclcpp::Duration&)’
[22.887s]    62 |   Duration(const Duration & rhs);
[22.888s]       |   ^~~~~~~~
[22.888s] /opt/ros/jazzy/include/rclcpp/rclcpp/duration.hpp:62:29: note:   no known conversion for argument 1 from ‘double’ to ‘const rclcpp::Duration&’
[22.888s]    62 |   Duration(const Duration & rhs);
[22.888s]       |            ~~~~~~~~~~~~~~~~~^~~
[22.888s] /opt/ros/jazzy/include/rclcpp/rclcpp/duration.hpp:60:12: note: candidate: ‘rclcpp::Duration::Duration(const rcl_duration_t&)’
[22.888s]    60 |   explicit Duration(const rcl_duration_t & duration);
[22.888s]       |            ^~~~~~~~
[22.888s] /opt/ros/jazzy/include/rclcpp/rclcpp/duration.hpp:60:44: note:   no known conversion for argument 1 from ‘double’ to ‘const rcl_duration_t&’ {aka ‘const rcl_duration_s&’}
[22.889s]    60 |   explicit Duration(const rcl_duration_t & duration);
[22.889s]       |                     ~~~~~~~~~~~~~~~~~~~~~~~^~~~~~~~
[22.889s] /opt/ros/jazzy/include/rclcpp/rclcpp/duration.hpp:54:3: note: candidate: ‘rclcpp::Duration::Duration(const builtin_interfaces::msg::Duration&)’
[22.891s]    54 |   Duration(const builtin_interfaces::msg::Duration & duration_msg);  // NOLINT(runtime/explicit)
[22.891s]       |   ^~~~~~~~
[22.891s] /opt/ros/jazzy/include/rclcpp/rclcpp/duration.hpp:54:54: note:   no known conversion for argument 1 from ‘double’ to ‘const builtin_interfaces::msg::Duration&’ {aka ‘const builtin_interfaces::msg::Duration_<std::allocator<void> >&’}
[22.891s]    54 |   Duration(const builtin_interfaces::msg::Duration & duration_msg);  // NOLINT(runtime/explicit)
[22.892s]       |            ~~~~~~~~~~~~~~~~~~~~~~~~~~~~~~~~~~~~~~~~~~^~~~~~~~~~~~
[22.892s] /opt/ros/jazzy/include/rclcpp/rclcpp/duration.hpp:43:12: note: candidate: ‘rclcpp::Duration::Duration(std::chrono::nanoseconds)’
[22.892s]    43 |   explicit Duration(std::chrono::nanoseconds nanoseconds);
[22.892s]       |            ^~~~~~~~
[22.892s] /opt/ros/jazzy/include/rclcpp/rclcpp/duration.hpp:43:46: note:   no known conversion for argument 1 from ‘double’ to ‘std::chrono::nanoseconds’ {aka ‘std::chrono::duration<long int, std::ratio<1, 1000000000> >’}
[22.892s]    43 |   explicit Duration(std::chrono::nanoseconds nanoseconds);
[22.892s]       |                     ~~~~~~~~~~~~~~~~~~~~~~~~~^~~~~~~~~~~
[22.892s] /opt/ros/jazzy/include/rclcpp/rclcpp/duration.hpp:40:3: note: candidate: ‘rclcpp::Duration::Duration(int32_t, uint32_t)’
[22.893s]    40 |   Duration(int32_t seconds, uint32_t nanoseconds);
[22.893s]       |   ^~~~~~~~
[22.893s] /opt/ros/jazzy/include/rclcpp/rclcpp/duration.hpp:40:3: note:   candidate expects 2 arguments, 1 provided
[22.907s] /home/neha/ros2_ws/src/semnav_migration/src/navigation_semantic.cpp:561:25: error: ‘ROS_WARN_STREAM’ was not declared in this scope; did you mean ‘RCLCPP_WARN_STREAM’?
[22.907s]   561 |                         ROS_WARN_STREAM("[Navigation] Diffeomorphism jacobian determinant is " << MatrixDeterminant(RobotPositionTransformedD) << ", robot position is " << bg::dsv(RobotPosition_) << " and robot positon in model space is " << bg::dsv(RobotPositionTransformedPoint));
[22.907s]       |                         ^~~~~~~~~~~~~~~
[22.907s]       |                         RCLCPP_WARN_STREAM
[22.907s] /home/neha/ros2_ws/src/semnav_migration/src/navigation_semantic.cpp:590:41: error: ‘ros’ has not been declared
[22.907s]   590 |                                         ros::Duration(5.0).sleep();
[22.907s]       |                                         ^~~
[22.915s] /home/neha/ros2_ws/src/semnav_migration/src/navigation_semantic.cpp:615:75: error: invalid operands of types ‘const char [32]’ and ‘double’ to binary ‘operator<<’
[22.915s]   615 |                         ROS_WARN_STREAM("[Navigation] Linear command is " << LinearCmd << " and angular command is " << AngularCmd);
[22.915s]       |                                         ~~~~~~~~~~~~~~~~~~~~~~~~~~~~~~~~~ ^~ ~~~~~~~~~
[22.915s]       |                                         |                                    |
[22.915s]       |                                         const char [32]                      double
[22.915s] /home/neha/ros2_ws/src/semnav_migration/src/navigation_semantic.cpp:616:76: error: invalid operands of types ‘const char [33]’ and ‘int’ to binary ‘operator<<’
[22.915s]   616 |                         ROS_WARN_STREAM("[Navigation] Command update for " << int(localDiffeoTreeArray.size()) << " polygons in " << ros::Time::now().toSec()-before_time << " seconds.");
[22.916s]       |                                         ~~~~~~~~~~~~~~~~~~~~~~~~~~~~~~~~~~ ^~ ~~~~~~~~~~~~~~~~~~~~~~~~~~~~~~~~
[22.916s]       |                                         |                                     |
[22.916s]       |                                         const char [33]                       int
[22.917s] /home/neha/ros2_ws/src/semnav_migration/src/navigation_semantic.cpp:616:134: error: ‘ros’ has not been declared
[22.918s]   616 |                         ROS_WARN_STREAM("[Navigation] Command update for " << int(localDiffeoTreeArray.size()) << " polygons in " << ros::Time::now().toSec()-before_time << " seconds.");
[22.918s]       |                                                                                                                                      ^~~
[22.918s] /home/neha/ros2_ws/src/semnav_migration/src/navigation_semantic.cpp: In function ‘int main(int, char**)’:
[22.918s] /home/neha/ros2_ws/src/semnav_migration/src/navigation_semantic.cpp:697:9: error: ‘ros’ has not been declared
[22.918s]   697 |         ros::init(argc, argv, "navigation_semantic");
[22.918s]       |         ^~~
[22.918s] /home/neha/ros2_ws/src/semnav_migration/src/navigation_semantic.cpp:700:9: error: ‘ros’ has not been declared
[22.919s]   700 |         ros::NodeHandle nh("~");
[22.919s]       |         ^~~
[22.933s] /home/neha/ros2_ws/src/semnav_migration/src/navigation.cpp:366:84: error: ‘mapPose’ was not declared in this scope
[22.933s]   366 |                                 listener_.transformPose(world_frame_id_, odomPose, mapPose);
[22.933s]       |                                                                                    ^~~~~~~
[22.938s] /home/neha/ros2_ws/src/semnav_migration/src/navigation_semantic.cpp:703:56: error: ‘nh’ was not declared in this scope
[22.938s]   703 |         SemanticNavigationNode semanticNavigationNode(&nh);
[22.938s]       |                                                        ^~
[22.982s] /home/neha/ros2_ws/src/semnav_migration/src/navigation.cpp:368:33: error: ‘ROS_ERROR’ was not declared in this scope
[22.983s]   368 |                                 ROS_ERROR("%s",ex.what());
[22.983s]       |                                 ^~~~~~~~~
[23.024s] /home/neha/ros2_ws/src/semnav_migration/src/navigation.cpp:373:68: error: ‘mapPose’ was not declared in this scope
[23.024s]   373 |                         tf2::Quaternion rotation = tf2::Quaternion(mapPose.pose.orientation.x,
[23.024s]       |                                                                    ^~~~~~~
[23.028s] /home/neha/ros2_ws/src/semnav_migration/src/navigation.cpp:395:42: error: could not convert ‘lidar_data’ from ‘shared_ptr<LaserScan_<[...]>>’ to ‘shared_ptr<LaserScan_<[...]>>’
[23.028s]   395 |                         constructLIDAR2D(lidar_data, CutoffRange_, AllowableRange_, RobotPitch_, &LIDAR);
[23.028s]       |                                          ^~~~~~~~~~
[23.029s]       |                                          |
[23.029s]       |                                          shared_ptr<LaserScan_<[...]>>
[23.051s] /home/neha/ros2_ws/src/semnav_migration/src/navigation.cpp:569:53: error: no matching function for call to ‘rclcpp::Duration::Duration(double)’
[23.051s]   569 |                                 rclcpp::Duration(5.0).sleep();
[23.052s]       |                                                     ^
[23.052s] /opt/ros/jazzy/include/rclcpp/rclcpp/duration.hpp:49:3: note: candidate: ‘template<class Rep, class Period> rclcpp::Duration::Duration(const std::chrono::duration<_Rep1, _Period1>&)’
[23.052s]    49 |   Duration(const std::chrono::duration<Rep, Period> & duration)  // NOLINT(runtime/explicit)
[23.052s]       |   ^~~~~~~~
[23.053s] /opt/ros/jazzy/include/rclcpp/rclcpp/duration.hpp:49:3: note:   template argument deduction/substitution failed:
[23.053s] /home/neha/ros2_ws/src/semnav_migration/src/navigation.cpp:569:53: note:   mismatched types ‘const std::chrono::duration<_Rep1, _Period1>’ and ‘double’
[23.053s]   569 |                                 rclcpp::Duration(5.0).sleep();
[23.053s]       |                                                     ^
[23.053s] /opt/ros/jazzy/include/rclcpp/rclcpp/duration.hpp:159:3: note: candidate: ‘rclcpp::Duration::Duration()’
[23.053s]   159 |   Duration() = default;
[23.053s]       |   ^~~~~~~~
[23.054s] /opt/ros/jazzy/include/rclcpp/rclcpp/duration.hpp:159:3: note:   candidate expects 0 arguments, 1 provided
[23.054s] /opt/ros/jazzy/include/rclcpp/rclcpp/duration.hpp:62:3: note: candidate: ‘rclcpp::Duration::Duration(const rclcpp::Duration&)’
[23.054s]    62 |   Duration(const Duration & rhs);
[23.055s]       |   ^~~~~~~~
[23.055s] /opt/ros/jazzy/include/rclcpp/rclcpp/duration.hpp:62:29: note:   no known conversion for argument 1 from ‘double’ to ‘const rclcpp::Duration&’
[23.056s]    62 |   Duration(const Duration & rhs);
[23.056s]       |            ~~~~~~~~~~~~~~~~~^~~
[23.056s] /opt/ros/jazzy/include/rclcpp/rclcpp/duration.hpp:60:12: note: candidate: ‘rclcpp::Duration::Duration(const rcl_duration_t&)’
[23.056s]    60 |   explicit Duration(const rcl_duration_t & duration);
[23.056s]       |            ^~~~~~~~
[23.056s] /opt/ros/jazzy/include/rclcpp/rclcpp/duration.hpp:60:44: note:   no known conversion for argument 1 from ‘double’ to ‘const rcl_duration_t&’ {aka ‘const rcl_duration_s&’}
[23.056s]    60 |   explicit Duration(const rcl_duration_t & duration);
[23.056s]       |                     ~~~~~~~~~~~~~~~~~~~~~~~^~~~~~~~
[23.057s] /opt/ros/jazzy/include/rclcpp/rclcpp/duration.hpp:54:3: note: candidate: ‘rclcpp::Duration::Duration(const builtin_interfaces::msg::Duration&)’
[23.057s]    54 |   Duration(const builtin_interfaces::msg::Duration & duration_msg);  // NOLINT(runtime/explicit)
[23.059s]       |   ^~~~~~~~
[23.059s] /opt/ros/jazzy/include/rclcpp/rclcpp/duration.hpp:54:54: note:   no known conversion for argument 1 from ‘double’ to ‘const builtin_interfaces::msg::Duration&’ {aka ‘const builtin_interfaces::msg::Duration_<std::allocator<void> >&’}
[23.059s]    54 |   Duration(const builtin_interfaces::msg::Duration & duration_msg);  // NOLINT(runtime/explicit)
[23.059s]       |            ~~~~~~~~~~~~~~~~~~~~~~~~~~~~~~~~~~~~~~~~~~^~~~~~~~~~~~
[23.060s] /opt/ros/jazzy/include/rclcpp/rclcpp/duration.hpp:43:12: note: candidate: ‘rclcpp::Duration::Duration(std::chrono::nanoseconds)’
[23.060s]    43 |   explicit Duration(std::chrono::nanoseconds nanoseconds);
[23.060s]       |            ^~~~~~~~
[23.060s] /opt/ros/jazzy/include/rclcpp/rclcpp/duration.hpp:43:46: note:   no known conversion for argument 1 from ‘double’ to ‘std::chrono::nanoseconds’ {aka ‘std::chrono::duration<long int, std::ratio<1, 1000000000> >’}
[23.060s]    43 |   explicit Duration(std::chrono::nanoseconds nanoseconds);
[23.060s]       |                     ~~~~~~~~~~~~~~~~~~~~~~~~~^~~~~~~~~~~
[23.060s] /opt/ros/jazzy/include/rclcpp/rclcpp/duration.hpp:40:3: note: candidate: ‘rclcpp::Duration::Duration(int32_t, uint32_t)’
[23.060s]    40 |   Duration(int32_t seconds, uint32_t nanoseconds);
[23.061s]       |   ^~~~~~~~
[23.061s] /opt/ros/jazzy/include/rclcpp/rclcpp/duration.hpp:40:3: note:   candidate expects 2 arguments, 1 provided
[23.150s] /home/neha/ros2_ws/src/semnav_migration/src/navigation.cpp:572:33: error: ‘ROS_WARN_STREAM’ was not declared in this scope; did you mean ‘RCLCPP_WARN_STREAM’?
[23.150s]   572 |                                 ROS_WARN_STREAM("[Navigation] Successfully navigated to goal and stopped...");
[23.150s]       |                                 ^~~~~~~~~~~~~~~
[23.151s]       |                                 RCLCPP_WARN_STREAM
[23.159s] /home/neha/ros2_ws/src/semnav_migration/src/navigation.cpp:595:75: error: invalid operands of types ‘const char [32]’ and ‘double’ to binary ‘operator<<’
[23.159s]   595 |                         ROS_WARN_STREAM("[Navigation] Linear command is " << LinearCmd << " and angular command is " << AngularCmd);
[23.159s]       |                                         ~~~~~~~~~~~~~~~~~~~~~~~~~~~~~~~~~ ^~ ~~~~~~~~~
[23.160s]       |                                         |                                    |
[23.160s]       |                                         const char [32]                      double
[23.271s] /home/neha/ros2_ws/src/semnav_migration/src/navigation.cpp:595:25: error: ‘ROS_WARN_STREAM’ was not declared in this scope; did you mean ‘RCLCPP_WARN_STREAM’?
[23.271s]   595 |                         ROS_WARN_STREAM("[Navigation] Linear command is " << LinearCmd << " and angular command is " << AngularCmd);
[23.271s]       |                         ^~~~~~~~~~~~~~~
[23.271s]       |                         RCLCPP_WARN_STREAM
[23.274s] /home/neha/ros2_ws/src/semnav_migration/src/navigation.cpp:596:76: error: invalid operands of types ‘const char [33]’ and ‘int’ to binary ‘operator<<’
[23.274s]   596 |                         ROS_WARN_STREAM("[Navigation] Command update for " << int(localDiffeoTreeArray.size()) << " polygons in " << rclcpp::Time::now().toSec()-before_time << " seconds.");
[23.274s]       |                                         ~~~~~~~~~~~~~~~~~~~~~~~~~~~~~~~~~~ ^~ ~~~~~~~~~~~~~~~~~~~~~~~~~~~~~~~~
[23.274s]       |                                         |                                     |
[23.275s]       |                                         const char [33]                       int
[23.277s] /home/neha/ros2_ws/src/semnav_migration/src/navigation.cpp:596:148: error: ‘now’ is not a member of ‘rclcpp::Time’
[23.277s]   596 |                         ROS_WARN_STREAM("[Navigation] Command update for " << int(localDiffeoTreeArray.size()) << " polygons in " << rclcpp::Time::now().toSec()-before_time << " seconds.");
[23.277s]       |                                                                                                                                                    ^~~
[29.869s] gmake[2]: *** [CMakeFiles/navigation_semantic.dir/build.make:76: CMakeFiles/navigation_semantic.dir/src/navigation_semantic.cpp.o] Error 1
[29.869s] gmake[1]: *** [CMakeFiles/Makefile2:207: CMakeFiles/navigation_semantic.dir/all] Error 2
[29.870s] gmake[1]: *** Waiting for unfinished jobs....
[30.715s] gmake[2]: *** [CMakeFiles/navigation.dir/build.make:76: CMakeFiles/navigation.dir/src/navigation.cpp.o] Error 1
[30.717s] gmake[1]: *** [CMakeFiles/Makefile2:181: CMakeFiles/navigation.dir/all] Error 2
[30.717s] gmake: *** [Makefile:146: all] Error 2
[30.719s] Invoked command in '/home/neha/ros2_ws/src/semnav_migration/build/semnav' returned '2': CMAKE_PREFIX_PATH=${CMAKE_PREFIX_PATH}:/opt/ros/jazzy DEBUGINFOD_URLS=https://debuginfod.ubuntu.com /usr/bin/cmake --build /home/neha/ros2_ws/src/semnav_migration/build/semnav -- -j2 -l2
