[0.027s] Invoking command in '/home/neha/ros2_ws/src/semnav_migration/build/semnav': CMAKE_PREFIX_PATH=${CMAKE_PREFIX_PATH}:/opt/ros/jazzy DEBUGINFOD_URLS=https://debuginfod.ubuntu.com /usr/bin/cmake --build /home/neha/ros2_ws/src/semnav_migration/build/semnav -- -j2 -l2
[0.200s] [  4%] Building CXX object CMakeFiles/reactive_planner.dir/src/libraries/reactive_planner_lib.cpp.o
[57.387s] [  9%] Linking CXX static library libreactive_planner.a
[58.142s] [ 14%] Built target reactive_planner
[58.283s] [ 23%] Building CXX object CMakeFiles/navigation_semantic.dir/src/navigation_semantic.cpp.o
[58.283s] [ 23%] Building CXX object CMakeFiles/navigation.dir/src/navigation.cpp.o
[79.377s] /home/neha/ros2_ws/src/semnav_migration/src/navigation.cpp:241:47: error: ‘object_pose_interface_msgs’ does not name a type
[79.377s]   241 |                 void diffeo_tree_update(const object_pose_interface_msgs::msg::SemanticMapObjectArray::ConstPtr& semantic_map_data) {
[79.377s]       |                                               ^~~~~~~~~~~~~~~~~~~~~~~~~~
[79.377s] /home/neha/ros2_ws/src/semnav_migration/src/navigation.cpp:241:78: error: expected unqualified-id before ‘::’ token
[79.377s]   241 |                 void diffeo_tree_update(const object_pose_interface_msgs::msg::SemanticMapObjectArray::ConstPtr& semantic_map_data) {
[79.378s]       |                                                                              ^~
[79.378s] /home/neha/ros2_ws/src/semnav_migration/src/navigation.cpp:241:78: error: expected ‘)’ before ‘::’ token
[79.378s]   241 |                 void diffeo_tree_update(const object_pose_interface_msgs::msg::SemanticMapObjectArray::ConstPtr& semantic_map_data) {
[79.378s]       |                                        ~                                     ^~
[79.378s]       |                                                                              )
[79.378s] /home/neha/ros2_ws/src/semnav_migration/src/navigation.cpp:241:75: error: expected ‘;’ at end of member declaration
[79.378s]   241 |                 void diffeo_tree_update(const object_pose_interface_msgs::msg::SemanticMapObjectArray::ConstPtr& semantic_map_data) {
[79.379s]       |                                                                           ^~~
[79.379s]       |                                                                              ;
[79.421s] /home/neha/ros2_ws/src/semnav_migration/src/navigation.cpp:241:80: error: ‘SemanticMapObjectArray’ in namespace ‘::’ does not name a type
[79.421s]   241 |                 void diffeo_tree_update(const object_pose_interface_msgs::msg::SemanticMapObjectArray::ConstPtr& semantic_map_data) {
[79.421s]       |                                                                                ^~~~~~~~~~~~~~~~~~~~~~
[79.422s] /home/neha/ros2_ws/src/semnav_migration/src/navigation.cpp:614:17: error: invalid use of template-name ‘rclcpp::Publisher’ without an argument list
[79.422s]   614 |                 rclcpp::Publisher pub_behaviorID_;
[79.422s]       |                 ^~~~~~
[79.422s] /home/neha/ros2_ws/src/semnav_migration/src/navigation.cpp:615:17: error: invalid use of template-name ‘rclcpp::Publisher’ without an argument list
[79.422s]   615 |                 rclcpp::Publisher pub_behaviorMode_;
[79.422s]       |                 ^~~~~~
[79.422s] /home/neha/ros2_ws/src/semnav_migration/src/navigation.cpp:616:17: error: invalid use of template-name ‘rclcpp::Publisher’ without an argument list
[79.422s]   616 |                 rclcpp::Publisher pub_twist_;
[79.423s]       |                 ^~~~~~
[79.423s] /home/neha/ros2_ws/src/semnav_migration/src/navigation.cpp:618:17: error: invalid use of template-name ‘rclcpp::Publisher’ without an argument list
[79.425s]   618 |                 rclcpp::Publisher pub_semantic_map_;
[79.425s]       |                 ^~~~~~
[79.431s] /home/neha/ros2_ws/src/semnav_migration/src/navigation.cpp:662:22: error: ‘TransformListener’ in namespace ‘tf2’ does not name a type
[79.431s]   662 |                 tf2::TransformListener listener_;
[79.431s]       |                      ^~~~~~~~~~~~~~~~~
[79.435s] /home/neha/ros2_ws/src/semnav_migration/src/navigation.cpp: In constructor ‘NavigationNode::NavigationNode()’:
[79.436s] /home/neha/ros2_ws/src/semnav_migration/src/navigation.cpp:45:50: error: no matching function for call to ‘rclcpp::Node::Node()’
[79.436s]    45 |         NavigationNode() : Node("navigation_node") {
[79.436s]       |                                                  ^
[79.436s] In file included from /opt/ros/jazzy/include/rclcpp/rclcpp/executors/single_threaded_executor.hpp:28,
[79.436s]                  from /opt/ros/jazzy/include/rclcpp/rclcpp/executors.hpp:22,
[79.436s]                  from /opt/ros/jazzy/include/rclcpp/rclcpp/rclcpp.hpp:172,
[79.436s]                  from /home/neha/ros2_ws/src/semnav_migration/include/reactive_planner_lib.h:32,
[79.436s]                  from /home/neha/ros2_ws/src/semnav_migration/src/navigation.cpp:25:
[79.437s] /opt/ros/jazzy/include/rclcpp/rclcpp/node.hpp:1629:3: note: candidate: ‘rclcpp::Node::Node(const rclcpp::Node&, const std::string&)’
[79.437s]  1629 |   Node(
[79.439s]       |   ^~~~
[79.439s] /opt/ros/jazzy/include/rclcpp/rclcpp/node.hpp:1629:3: note:   candidate expects 2 arguments, 0 provided
[79.439s] /opt/ros/jazzy/include/rclcpp/rclcpp/node.hpp:103:12: note: candidate: ‘rclcpp::Node::Node(const std::string&, const std::string&, const rclcpp::NodeOptions&)’
[79.440s]   103 |   explicit Node(
[79.440s]       |            ^~~~
[79.440s] /opt/ros/jazzy/include/rclcpp/rclcpp/node.hpp:103:12: note:   candidate expects 3 arguments, 0 provided
[79.440s] /opt/ros/jazzy/include/rclcpp/rclcpp/node.hpp:91:12: note: candidate: ‘rclcpp::Node::Node(const std::string&, const rclcpp::NodeOptions&)’
[79.440s]    91 |   explicit Node(
[79.440s]       |            ^~~~
[79.440s] /opt/ros/jazzy/include/rclcpp/rclcpp/node.hpp:91:12: note:   candidate expects 2 arguments, 0 provided
[79.461s] /home/neha/ros2_ws/src/semnav_migration/src/navigation.cpp:86:29: error: ‘class rclcpp::Node’ has no member named ‘getParam’
[79.461s]    86 |                         nh_.getParam("Tolerance", Tolerance_);
[79.461s]       |                             ^~~~~~~~
[79.497s] /home/neha/ros2_ws/src/semnav_migration/src/navigation_semantic.cpp:240:47: error: ‘object_pose_interface_msgs’ does not name a type
[79.497s]   240 |                 void diffeo_tree_update(const object_pose_interface_msgs::msg::SemanticMapObjectArray::ConstPtr& semantic_map_data) {
[79.497s]       |                                               ^~~~~~~~~~~~~~~~~~~~~~~~~~
[79.497s] /home/neha/ros2_ws/src/semnav_migration/src/navigation_semantic.cpp:240:78: error: expected unqualified-id before ‘::’ token
[79.498s]   240 |                 void diffeo_tree_update(const object_pose_interface_msgs::msg::SemanticMapObjectArray::ConstPtr& semantic_map_data) {
[79.498s]       |                                                                              ^~
[79.498s] /home/neha/ros2_ws/src/semnav_migration/src/navigation_semantic.cpp:240:78: error: expected ‘)’ before ‘::’ token
[79.498s]   240 |                 void diffeo_tree_update(const object_pose_interface_msgs::msg::SemanticMapObjectArray::ConstPtr& semantic_map_data) {
[79.498s]       |                                        ~                                     ^~
[79.498s]       |                                                                              )
[79.498s] /home/neha/ros2_ws/src/semnav_migration/src/navigation_semantic.cpp:240:75: error: expected ‘;’ at end of member declaration
[79.498s]   240 |                 void diffeo_tree_update(const object_pose_interface_msgs::msg::SemanticMapObjectArray::ConstPtr& semantic_map_data) {
[79.499s]       |                                                                           ^~~
[79.499s]       |                                                                              ;
[79.535s] /home/neha/ros2_ws/src/semnav_migration/src/navigation_semantic.cpp:240:80: error: ‘SemanticMapObjectArray’ in namespace ‘::’ does not name a type
[79.535s]   240 |                 void diffeo_tree_update(const object_pose_interface_msgs::msg::SemanticMapObjectArray::ConstPtr& semantic_map_data) {
[79.535s]       |                                                                                ^~~~~~~~~~~~~~~~~~~~~~
[79.540s] /home/neha/ros2_ws/src/semnav_migration/src/navigation_semantic.cpp:623:17: error: ‘ros’ does not name a type
[79.540s]   623 |                 ros::NodeHandle nh_;
[79.540s]       |                 ^~~
[79.548s] /home/neha/ros2_ws/src/semnav_migration/src/navigation_semantic.cpp:640:17: error: ‘ros’ does not name a type
[79.548s]   640 |                 ros::Publisher pub_behaviorID_;
[79.548s]       |                 ^~~
[79.553s] /home/neha/ros2_ws/src/semnav_migration/src/navigation_semantic.cpp:641:17: error: ‘ros’ does not name a type
[79.553s]   641 |                 ros::Publisher pub_behaviorMode_;
[79.554s]       |                 ^~~
[79.557s] /home/neha/ros2_ws/src/semnav_migration/src/navigation.cpp:104:25: error: ‘target_object_’ was not declared in this scope
[79.557s]   104 |                         target_object_ = this->get_parameter("target_object").as_string();
[79.557s]       |                         ^~~~~~~~~~~~~~
[79.561s] /home/neha/ros2_ws/src/semnav_migration/src/navigation_semantic.cpp:642:17: error: ‘ros’ does not name a type
[79.561s]   642 |                 ros::Publisher pub_twist_;
[79.561s]       |                 ^~~
[79.565s] /home/neha/ros2_ws/src/semnav_migration/src/navigation_semantic.cpp:644:17: error: ‘ros’ does not name a type
[79.565s]   644 |                 ros::Publisher pub_semantic_map_;
[79.565s]       |                 ^~~
[79.580s] /home/neha/ros2_ws/src/semnav_migration/src/navigation_semantic.cpp:690:17: error: ‘tf’ does not name a type; did you mean ‘tm’?
[79.580s]   690 |                 tf::TransformListener listener_;
[79.581s]       |                 ^~
[79.581s]       |                 tm
[79.691s] /home/neha/ros2_ws/src/semnav_migration/src/navigation_semantic.cpp: In constructor ‘SemanticNavigationNode::SemanticNavigationNode()’:
[79.691s] /home/neha/ros2_ws/src/semnav_migration/src/navigation_semantic.cpp:136:25: error: ‘pub_behaviorID_’ was not declared in this scope; did you mean ‘pub_behaviorID_topic_’?
[79.692s]   136 |                         pub_behaviorID_ = nh_.advertise<std_msgs::UInt32>(pub_behaviorID_topic_, 1, true);
[79.692s]       |                         ^~~~~~~~~~~~~~~
[79.692s]       |                         pub_behaviorID_topic_
[79.707s] /home/neha/ros2_ws/src/semnav_migration/src/navigation.cpp:105:25: error: ‘target_object_length_’ was not declared in this scope
[79.707s]   105 |                         target_object_length_ = this->get_parameter("target_object_length").as_double();
[79.707s]       |                         ^~~~~~~~~~~~~~~~~~~~~
[79.724s] /home/neha/ros2_ws/src/semnav_migration/src/navigation_semantic.cpp:136:43: error: ‘nh_’ was not declared in this scope
[79.724s]   136 |                         pub_behaviorID_ = nh_.advertise<std_msgs::UInt32>(pub_behaviorID_topic_, 1, true);
[79.724s]       |                                           ^~~
[79.726s] /home/neha/ros2_ws/src/semnav_migration/src/navigation_semantic.cpp:136:67: error: ‘UInt32’ is not a member of ‘std_msgs’
[79.726s]   136 |                         pub_behaviorID_ = nh_.advertise<std_msgs::UInt32>(pub_behaviorID_topic_, 1, true);
[79.726s]       |                                                                   ^~~~~~
[79.819s] /home/neha/ros2_ws/src/semnav_migration/src/navigation_semantic.cpp:137:25: error: ‘pub_behaviorMode_’ was not declared in this scope; did you mean ‘pub_behaviorMode_topic_’?
[79.819s]   137 |                         pub_behaviorMode_ = nh_.advertise<std_msgs::UInt32>(pub_behaviorMode_topic_, 1, true);
[79.820s]       |                         ^~~~~~~~~~~~~~~~~
[79.820s]       |                         pub_behaviorMode_topic_
[79.824s] /home/neha/ros2_ws/src/semnav_migration/src/navigation_semantic.cpp:137:69: error: ‘UInt32’ is not a member of ‘std_msgs’
[79.824s]   137 |                         pub_behaviorMode_ = nh_.advertise<std_msgs::UInt32>(pub_behaviorMode_topic_, 1, true);
[79.824s]       |                                                                     ^~~~~~
[79.845s] /home/neha/ros2_ws/src/semnav_migration/src/navigation.cpp:106:25: error: ‘target_object_width_’ was not declared in this scope
[79.845s]   106 |                         target_object_width_ = this->get_parameter("target_object_width").as_double();
[79.845s]       |                         ^~~~~~~~~~~~~~~~~~~~
[79.849s] /home/neha/ros2_ws/src/semnav_migration/src/navigation.cpp:137:47: error: ‘class rclcpp::Node’ has no member named ‘advertise’
[79.849s]   137 |                         pub_behaviorID_ = nh_.advertise<std_msgs::UInt32>(pub_behaviorID_topic_, 1, true);
[79.849s]       |                                               ^~~~~~~~~
[79.855s] /home/neha/ros2_ws/src/semnav_migration/src/navigation.cpp:137:67: error: ‘UInt32’ is not a member of ‘std_msgs’
[79.855s]   137 |                         pub_behaviorID_ = nh_.advertise<std_msgs::UInt32>(pub_behaviorID_topic_, 1, true);
[79.856s]       |                                                                   ^~~~~~
[79.856s] /home/neha/ros2_ws/src/semnav_migration/src/navigation.cpp:138:49: error: ‘class rclcpp::Node’ has no member named ‘advertise’
[79.856s]   138 |                         pub_behaviorMode_ = nh_.advertise<std_msgs::UInt32>(pub_behaviorMode_topic_, 1, true);
[79.856s]       |                                                 ^~~~~~~~~
[79.860s] /home/neha/ros2_ws/src/semnav_migration/src/navigation.cpp:138:69: error: ‘UInt32’ is not a member of ‘std_msgs’
[79.860s]   138 |                         pub_behaviorMode_ = nh_.advertise<std_msgs::UInt32>(pub_behaviorMode_topic_, 1, true);
[79.860s]       |                                                                     ^~~~~~
[79.861s] /home/neha/ros2_ws/src/semnav_migration/src/navigation.cpp:139:42: error: ‘class rclcpp::Node’ has no member named ‘advertise’
[79.861s]   139 |                         pub_twist_ = nh_.advertise<geometry_msgs::msg::Twist>(pub_twist_topic_, 1, true);
[79.861s]       |                                          ^~~~~~~~~
[79.861s] /home/neha/ros2_ws/src/semnav_migration/src/navigation.cpp:139:77: error: expected primary-expression before ‘>’ token
[79.861s]   139 |                         pub_twist_ = nh_.advertise<geometry_msgs::msg::Twist>(pub_twist_topic_, 1, true);
[79.861s]       |                                                                             ^
[79.875s] /home/neha/ros2_ws/src/semnav_migration/src/navigation_semantic.cpp:138:25: error: ‘pub_twist_’ was not declared in this scope; did you mean ‘publish_twist’?
[79.875s]   138 |                         pub_twist_ = nh_.advertise<geometry_msgs::msg::Twist>(pub_twist_topic_, 1, true);
[79.875s]       |                         ^~~~~~~~~~
[79.875s]       |                         publish_twist
[79.875s] /home/neha/ros2_ws/src/semnav_migration/src/navigation_semantic.cpp:138:77: error: expected primary-expression before ‘>’ token
[79.875s]   138 |                         pub_twist_ = nh_.advertise<geometry_msgs::msg::Twist>(pub_twist_topic_, 1, true);
[79.876s]       |                                                                             ^
[79.876s] /home/neha/ros2_ws/src/semnav_migration/src/navigation_semantic.cpp:141:42: error: ‘message_filters::msg’ has not been declared
[79.876s]   141 |                         message_filters::msg::Subscriber<sensor_msgs::LaserScan> sub_laser(nh_, sub_laser_topic_, 1);
[79.876s]       |                                          ^~~
[79.878s] /home/neha/ros2_ws/src/semnav_migration/src/navigation_semantic.cpp:141:71: error: ‘LaserScan’ is not a member of ‘sensor_msgs’; did you mean ‘sensor_msgs::msg::LaserScan’?
[79.878s]   141 |                         message_filters::msg::Subscriber<sensor_msgs::LaserScan> sub_laser(nh_, sub_laser_topic_, 1);
[79.878s]       |                                                                       ^~~~~~~~~
[79.878s] In file included from /opt/ros/jazzy/include/sensor_msgs/sensor_msgs/msg/laser_scan.hpp:7,
[79.879s]                  from /home/neha/ros2_ws/src/semnav_migration/include/reactive_planner_lib.h:46,
[79.879s]                  from /home/neha/ros2_ws/src/semnav_migration/src/navigation_semantic.cpp:25:
[79.879s] /opt/ros/jazzy/include/sensor_msgs/sensor_msgs/msg/detail/laser_scan__struct.hpp:250:7: note: ‘sensor_msgs::msg::LaserScan’ declared here
[79.879s]   250 | using LaserScan =
[79.879s]       |       ^~~~~~~~~
[79.932s] /home/neha/ros2_ws/src/semnav_migration/src/navigation.cpp:142:116: error: no matching function for call to ‘message_filters::Subscriber<sensor_msgs::msg::LaserScan_<std::allocator<void> > >::Subscriber(rclcpp::Node&, std::string&, int)’
[79.932s]   142 |                         message_filters::Subscriber<sensor_msgs::msg::LaserScan> sub_laser(nh_, sub_laser_topic_, 1);
[79.932s]       |                                                                                                                    ^
[79.933s] In file included from /home/neha/ros2_ws/src/semnav_migration/include/reactive_planner_lib.h:43:
[79.933s] /opt/ros/jazzy/include/message_filters/message_filters/subscriber.h:224:3: note: candidate: ‘message_filters::Subscriber<M, NodeType>::Subscriber() [with M = sensor_msgs::msg::LaserScan_<std::allocator<void> >; NodeType = rclcpp::Node]’
[79.933s]   224 |   Subscriber() = default;
[79.933s]       |   ^~~~~~~~~~
[79.933s] /opt/ros/jazzy/include/message_filters/message_filters/subscriber.h:224:3: note:   candidate expects 0 arguments, 3 provided
[79.933s] /opt/ros/jazzy/include/message_filters/message_filters/subscriber.h:212:3: note: candidate: ‘message_filters::Subscriber<M, NodeType>::Subscriber(NodeType*, const std::string&, rmw_qos_profile_t, rclcpp::SubscriptionOptions) [with M = sensor_msgs::msg::LaserScan_<std::allocator<void> >; NodeType = rclcpp::Node; std::string = std::__cxx11::basic_string<char>; rmw_qos_profile_t = rmw_qos_profile_s; rclcpp::SubscriptionOptions = rclcpp::SubscriptionOptionsWithAllocator<std::allocator<void> >]’
[79.934s]   212 |   Subscriber(
[79.934s]       |   ^~~~~~~~~~
[79.936s] /opt/ros/jazzy/include/message_filters/message_filters/subscriber.h:212:3: note:   candidate expects 4 arguments, 3 provided
[79.936s] /opt/ros/jazzy/include/message_filters/message_filters/subscriber.h:203:3: note: candidate: ‘message_filters::Subscriber<M, NodeType>::Subscriber(NodePtr, const std::string&, rmw_qos_profile_t, rclcpp::SubscriptionOptions) [with M = sensor_msgs::msg::LaserScan_<std::allocator<void> >; NodeType = rclcpp::Node; NodePtr = std::shared_ptr<rclcpp::Node>; std::string = std::__cxx11::basic_string<char>; rmw_qos_profile_t = rmw_qos_profile_s; rclcpp::SubscriptionOptions = rclcpp::SubscriptionOptionsWithAllocator<std::allocator<void> >]’
[79.936s]   203 |   Subscriber(
[79.936s]       |   ^~~~~~~~~~
[79.937s] /opt/ros/jazzy/include/message_filters/message_filters/subscriber.h:203:3: note:   candidate expects 4 arguments, 3 provided
[79.937s] /opt/ros/jazzy/include/message_filters/message_filters/subscriber.h:188:3: note: candidate: ‘message_filters::Subscriber<M, NodeType>::Subscriber(NodeType*, const std::string&, rmw_qos_profile_t) [with M = sensor_msgs::msg::LaserScan_<std::allocator<void> >; NodeType = rclcpp::Node; std::string = std::__cxx11::basic_string<char>; rmw_qos_profile_t = rmw_qos_profile_s]’
[79.937s]   188 |   Subscriber(NodeType * node, const std::string& topic, const rmw_qos_profile_t qos = rmw_qos_profile_default)
[79.937s]       |   ^~~~~~~~~~
[79.937s] /opt/ros/jazzy/include/message_filters/message_filters/subscriber.h:188:25: note:   no known conversion for argument 1 from ‘rclcpp::Node’ to ‘rclcpp::Node*’
[79.937s]   188 |   Subscriber(NodeType * node, const std::string& topic, const rmw_qos_profile_t qos = rmw_qos_profile_default)
[79.937s]       |              ~~~~~~~~~~~^~~~
[79.938s] /opt/ros/jazzy/include/message_filters/message_filters/subscriber.h:183:3: note: candidate: ‘message_filters::Subscriber<M, NodeType>::Subscriber(NodePtr, const std::string&, rmw_qos_profile_t) [with M = sensor_msgs::msg::LaserScan_<std::allocator<void> >; NodeType = rclcpp::Node; NodePtr = std::shared_ptr<rclcpp::Node>; std::string = std::__cxx11::basic_string<char>; rmw_qos_profile_t = rmw_qos_profile_s]’
[79.938s]   183 |   Subscriber(NodePtr node, const std::string& topic, const rmw_qos_profile_t qos = rmw_qos_profile_default)
[79.938s]       |   ^~~~~~~~~~
[79.940s] /opt/ros/jazzy/include/message_filters/message_filters/subscriber.h:183:22: note:   no known conversion for argument 1 from ‘rclcpp::Node’ to ‘message_filters::Subscriber<sensor_msgs::msg::LaserScan_<std::allocator<void> > >::NodePtr’ {aka ‘std::shared_ptr<rclcpp::Node>’}
[79.940s]   183 |   Subscriber(NodePtr node, const std::string& topic, const rmw_qos_profile_t qos = rmw_qos_profile_default)
[79.940s]       |              ~~~~~~~~^~~~
[79.941s] /home/neha/ros2_ws/src/semnav_migration/src/navigation_semantic.cpp:141:82: error: ‘sub_laser’ was not declared in this scope
[79.941s]   141 |                         message_filters::msg::Subscriber<sensor_msgs::LaserScan> sub_laser(nh_, sub_laser_topic_, 1);
[79.941s]       |                                                                                  ^~~~~~~~~
[80.001s] /home/neha/ros2_ws/src/semnav_migration/src/navigation.cpp:143:112: error: no matching function for call to ‘message_filters::Subscriber<nav_msgs::msg::Odometry_<std::allocator<void> > >::Subscriber(rclcpp::Node&, std::string&, int)’
[80.001s]   143 |                         message_filters::Subscriber<nav_msgs::msg::Odometry> sub_robot(nh_, sub_robot_topic_, 1);
[80.001s]       |                                                                                                                ^
[80.001s] /opt/ros/jazzy/include/message_filters/message_filters/subscriber.h:224:3: note: candidate: ‘message_filters::Subscriber<M, NodeType>::Subscriber() [with M = nav_msgs::msg::Odometry_<std::allocator<void> >; NodeType = rclcpp::Node]’
[80.001s]   224 |   Subscriber() = default;
[80.002s]       |   ^~~~~~~~~~
[80.002s] /opt/ros/jazzy/include/message_filters/message_filters/subscriber.h:224:3: note:   candidate expects 0 arguments, 3 provided
[80.002s] /opt/ros/jazzy/include/message_filters/message_filters/subscriber.h:212:3: note: candidate: ‘message_filters::Subscriber<M, NodeType>::Subscriber(NodeType*, const std::string&, rmw_qos_profile_t, rclcpp::SubscriptionOptions) [with M = nav_msgs::msg::Odometry_<std::allocator<void> >; NodeType = rclcpp::Node; std::string = std::__cxx11::basic_string<char>; rmw_qos_profile_t = rmw_qos_profile_s; rclcpp::SubscriptionOptions = rclcpp::SubscriptionOptionsWithAllocator<std::allocator<void> >]’
[80.002s]   212 |   Subscriber(
[80.002s]       |   ^~~~~~~~~~
[80.002s] /opt/ros/jazzy/include/message_filters/message_filters/subscriber.h:212:3: note:   candidate expects 4 arguments, 3 provided
[80.002s] /opt/ros/jazzy/include/message_filters/message_filters/subscriber.h:203:3: note: candidate: ‘message_filters::Subscriber<M, NodeType>::Subscriber(NodePtr, const std::string&, rmw_qos_profile_t, rclcpp::SubscriptionOptions) [with M = nav_msgs::msg::Odometry_<std::allocator<void> >; NodeType = rclcpp::Node; NodePtr = std::shared_ptr<rclcpp::Node>; std::string = std::__cxx11::basic_string<char>; rmw_qos_profile_t = rmw_qos_profile_s; rclcpp::SubscriptionOptions = rclcpp::SubscriptionOptionsWithAllocator<std::allocator<void> >]’
[80.002s]   203 |   Subscriber(
[80.003s]       |   ^~~~~~~~~~
[80.003s] /opt/ros/jazzy/include/message_filters/message_filters/subscriber.h:203:3: note:   candidate expects 4 arguments, 3 provided
[80.007s] /opt/ros/jazzy/include/message_filters/message_filters/subscriber.h:188:3: note: candidate: ‘message_filters::Subscriber<M, NodeType>::Subscriber(NodeType*, const std::string&, rmw_qos_profile_t) [with M = nav_msgs::msg::Odometry_<std::allocator<void> >; NodeType = rclcpp::Node; std::string = std::__cxx11::basic_string<char>; rmw_qos_profile_t = rmw_qos_profile_s]’
[80.007s]   188 |   Subscriber(NodeType * node, const std::string& topic, const rmw_qos_profile_t qos = rmw_qos_profile_default)
[80.007s]       |   ^~~~~~~~~~
[80.007s] /opt/ros/jazzy/include/message_filters/message_filters/subscriber.h:188:25: note:   no known conversion for argument 1 from ‘rclcpp::Node’ to ‘rclcpp::Node*’
[80.008s]   188 |   Subscriber(NodeType * node, const std::string& topic, const rmw_qos_profile_t qos = rmw_qos_profile_default)
[80.008s]       |              ~~~~~~~~~~~^~~~
[80.008s] /opt/ros/jazzy/include/message_filters/message_filters/subscriber.h:183:3: note: candidate: ‘message_filters::Subscriber<M, NodeType>::Subscriber(NodePtr, const std::string&, rmw_qos_profile_t) [with M = nav_msgs::msg::Odometry_<std::allocator<void> >; NodeType = rclcpp::Node; NodePtr = std::shared_ptr<rclcpp::Node>; std::string = std::__cxx11::basic_string<char>; rmw_qos_profile_t = rmw_qos_profile_s]’
[80.008s]   183 |   Subscriber(NodePtr node, const std::string& topic, const rmw_qos_profile_t qos = rmw_qos_profile_default)
[80.009s]       |   ^~~~~~~~~~
[80.009s] /opt/ros/jazzy/include/message_filters/message_filters/subscriber.h:183:22: note:   no known conversion for argument 1 from ‘rclcpp::Node’ to ‘message_filters::Subscriber<nav_msgs::msg::Odometry_<std::allocator<void> > >::NodePtr’ {aka ‘std::shared_ptr<rclcpp::Node>’}
[80.009s]   183 |   Subscriber(NodePtr node, const std::string& topic, const rmw_qos_profile_t qos = rmw_qos_profile_default)
[80.009s]       |              ~~~~~~~~^~~~
[80.011s] /home/neha/ros2_ws/src/semnav_migration/src/navigation_semantic.cpp:143:94: error: ‘LaserScan’ is not a member of ‘sensor_msgs’; did you mean ‘sensor_msgs::msg::LaserScan’?
[80.011s]   143 |                         typedef message_filters::sync_policies::ApproximateTime<sensor_msgs::LaserScan,nav_msgs::msg::Odometry> SyncPolicy;
[80.011s]       |                                                                                              ^~~~~~~~~
[80.012s] /opt/ros/jazzy/include/sensor_msgs/sensor_msgs/msg/detail/laser_scan__struct.hpp:250:7: note: ‘sensor_msgs::msg::LaserScan’ declared here
[80.012s]   250 | using LaserScan =
[80.012s]       |       ^~~~~~~~~
[80.012s] /home/neha/ros2_ws/src/semnav_migration/src/navigation_semantic.cpp:143:127: error: template argument 1 is invalid
[80.012s]   143 |                         typedef message_filters::sync_policies::ApproximateTime<sensor_msgs::LaserScan,nav_msgs::msg::Odometry> SyncPolicy;
[80.012s]       |                                                                                                                               ^
[80.012s] In file included from /home/neha/ros2_ws/src/semnav_migration/include/reactive_planner_lib.h:44:
[80.012s] /opt/ros/jazzy/include/message_filters/message_filters/synchronizer.h: In instantiation of ‘class message_filters::Synchronizer<int>’:
[80.013s] /home/neha/ros2_ws/src/semnav_migration/src/navigation_semantic.cpp:146:64:   required from here
[80.013s] /opt/ros/jazzy/include/message_filters/message_filters/synchronizer.h:53:7: error: base type ‘int’ fails to be a struct or class type
[80.015s]    53 | class Synchronizer : public noncopyable, public Policy
[80.016s]       |       ^~~~~~~~~~~~
[80.016s] /opt/ros/jazzy/include/message_filters/message_filters/synchronizer.h:56:37: error: ‘int’ is not a class, struct, or union type
[80.016s]    56 |   typedef typename Policy::Messages Messages;
[80.016s]       |                                     ^~~~~~~~
[80.016s] /opt/ros/jazzy/include/message_filters/message_filters/synchronizer.h:57:35: error: ‘int’ is not a class, struct, or union type
[80.016s]    57 |   typedef typename Policy::Events Events;
[80.016s]       |                                   ^~~~~~
[80.017s] /opt/ros/jazzy/include/message_filters/message_filters/synchronizer.h:58:35: error: ‘int’ is not a class, struct, or union type
[80.017s]    58 |   typedef typename Policy::Signal Signal;
[80.017s]       |                                   ^~~~~~
[80.017s] /opt/ros/jazzy/include/message_filters/message_filters/synchronizer.h:60:58: error: ‘int’ is not a class, struct, or union type
[80.017s]    60 |   typedef typename std::tuple_element<0, Messages>::type M0;
[80.017s]       |                                                          ^~
[80.017s] /opt/ros/jazzy/include/message_filters/message_filters/synchronizer.h:61:58: error: ‘int’ is not a class, struct, or union type
[80.017s]    61 |   typedef typename std::tuple_element<1, Messages>::type M1;
[80.018s]       |                                                          ^~
[80.018s] /opt/ros/jazzy/include/message_filters/message_filters/synchronizer.h:62:58: error: ‘int’ is not a class, struct, or union type
[80.020s]    62 |   typedef typename std::tuple_element<2, Messages>::type M2;
[80.021s]       |                                                          ^~
[80.021s] /opt/ros/jazzy/include/message_filters/message_filters/synchronizer.h:63:58: error: ‘int’ is not a class, struct, or union type
[80.021s]    63 |   typedef typename std::tuple_element<3, Messages>::type M3;
[80.021s]       |                                                          ^~
[80.021s] /opt/ros/jazzy/include/message_filters/message_filters/synchronizer.h:64:58: error: ‘int’ is not a class, struct, or union type
[80.021s]    64 |   typedef typename std::tuple_element<4, Messages>::type M4;
[80.021s]       |                                                          ^~
[80.021s] /opt/ros/jazzy/include/message_filters/message_filters/synchronizer.h:65:58: error: ‘int’ is not a class, struct, or union type
[80.022s]    65 |   typedef typename std::tuple_element<5, Messages>::type M5;
[80.022s]       |                                                          ^~
[80.022s] /opt/ros/jazzy/include/message_filters/message_filters/synchronizer.h:66:58: error: ‘int’ is not a class, struct, or union type
[80.024s]    66 |   typedef typename std::tuple_element<6, Messages>::type M6;
[80.024s]       |                                                          ^~
[80.024s] /opt/ros/jazzy/include/message_filters/message_filters/synchronizer.h:67:58: error: ‘int’ is not a class, struct, or union type
[80.025s]    67 |   typedef typename std::tuple_element<7, Messages>::type M7;
[80.025s]       |                                                          ^~
[80.025s] /opt/ros/jazzy/include/message_filters/message_filters/synchronizer.h:68:58: error: ‘int’ is not a class, struct, or union type
[80.025s]    68 |   typedef typename std::tuple_element<8, Messages>::type M8;
[80.025s]       |                                                          ^~
[80.025s] /opt/ros/jazzy/include/message_filters/message_filters/synchronizer.h:71:56: error: ‘int’ is not a class, struct, or union type
[80.025s]    71 |   typedef typename std::tuple_element<0, Events>::type M0Event;
[80.026s]       |                                                        ^~~~~~~
[80.026s] /opt/ros/jazzy/include/message_filters/message_filters/synchronizer.h:72:56: error: ‘int’ is not a class, struct, or union type
[80.026s]    72 |   typedef typename std::tuple_element<1, Events>::type M1Event;
[80.028s]       |                                                        ^~~~~~~
[80.028s] /opt/ros/jazzy/include/message_filters/message_filters/synchronizer.h:73:56: error: ‘int’ is not a class, struct, or union type
[80.028s]    73 |   typedef typename std::tuple_element<2, Events>::type M2Event;
[80.029s]       |                                                        ^~~~~~~
[80.029s] /opt/ros/jazzy/include/message_filters/message_filters/synchronizer.h:74:56: error: ‘int’ is not a class, struct, or union type
[80.029s]    74 |   typedef typename std::tuple_element<3, Events>::type M3Event;
[80.029s]       |                                                        ^~~~~~~
[80.029s] /opt/ros/jazzy/include/message_filters/message_filters/synchronizer.h:75:56: error: ‘int’ is not a class, struct, or union type
[80.029s]    75 |   typedef typename std::tuple_element<4, Events>::type M4Event;
[80.029s]       |                                                        ^~~~~~~
[80.029s] /opt/ros/jazzy/include/message_filters/message_filters/synchronizer.h:76:56: error: ‘int’ is not a class, struct, or union type
[80.030s]    76 |   typedef typename std::tuple_element<5, Events>::type M5Event;
[80.030s]       |                                                        ^~~~~~~
[80.032s] /opt/ros/jazzy/include/message_filters/message_filters/synchronizer.h:77:56: error: ‘int’ is not a class, struct, or union type
[80.032s]    77 |   typedef typename std::tuple_element<6, Events>::type M6Event;
[80.032s]       |                                                        ^~~~~~~
[80.033s] /opt/ros/jazzy/include/message_filters/message_filters/synchronizer.h:78:56: error: ‘int’ is not a class, struct, or union type
[80.033s]    78 |   typedef typename std::tuple_element<7, Events>::type M7Event;
[80.033s]       |                                                        ^~~~~~~
[80.033s] /opt/ros/jazzy/include/message_filters/message_filters/synchronizer.h:79:56: error: ‘int’ is not a class, struct, or union type
[80.033s]    79 |   typedef typename std::tuple_element<8, Events>::type M8Event;
[80.033s]       |                                                        ^~~~~~~
[80.033s] /opt/ros/jazzy/include/message_filters/message_filters/synchronizer.h:325:17: error: ‘int’ is not a class, namespace, or enumeration
[80.033s]   325 |   using Policy::add;
[80.034s]       |                 ^~~
[80.034s] /opt/ros/jazzy/include/message_filters/message_filters/synchronizer.h:328:8: error: ‘int’ is not a class, struct, or union type
[80.036s]   328 |   void add(const std::shared_ptr<typename std::tuple_element<i, Messages>::type const>& msg)
[80.038s]       |        ^~~
[80.038s] /opt/ros/jazzy/include/message_filters/message_filters/synchronizer.h:344:8: error: ‘int’ is not a class, struct, or union type
[80.039s]   344 |   void cb(const typename std::tuple_element<i, Events>::type& evt)
[80.039s]       |        ^~
[80.039s] /home/neha/ros2_ws/src/semnav_migration/src/navigation_semantic.cpp:147:55: error: ‘bind’ is not a member of ‘boost’; did you mean ‘find’?
[80.039s]   147 |                         sync->registerCallback(boost::bind(&SemanticNavigationNode::control_callback, this, _1, _2));
[80.039s]       |                                                       ^~~~
[80.039s]       |                                                       find
[80.039s] /home/neha/ros2_ws/src/semnav_migration/src/navigation_semantic.cpp:147:109: error: ‘_1’ was not declared in this scope
[80.039s]   147 |                         sync->registerCallback(boost::bind(&SemanticNavigationNode::control_callback, this, _1, _2));
[80.040s]       |                                                                                                             ^~
[80.040s] /home/neha/ros2_ws/src/semnav_migration/src/navigation_semantic.cpp:147:109: note: suggested alternatives:
[80.040s] In file included from /usr/include/boost/mpl/aux_/include_preprocessed.hpp:37,
[80.042s]                  from /usr/include/boost/mpl/placeholders.hpp:43,
[80.042s]                  from /usr/include/boost/iterator/iterator_categories.hpp:16,
[80.042s]                  from /usr/include/boost/iterator/iterator_facade.hpp:13,
[80.043s]                  from /usr/include/boost/range/iterator_range_core.hpp:27,
[80.043s]                  from /usr/include/boost/lexical_cast.hpp:48,
[80.043s]                  from /usr/include/boost/multiprecision/detail/number_base.hpp:29,
[80.043s]                  from /usr/include/boost/multiprecision/traits/is_variable_precision.hpp:9,
[80.043s]                  from /usr/include/boost/multiprecision/detail/precision.hpp:9,
[80.043s]                  from /usr/include/boost/multiprecision/number.hpp:11,
[80.043s]                  from /usr/include/boost/multiprecision/cpp_int.hpp:19,
[80.043s]                  from /usr/include/boost/multiprecision/cpp_bin_float.hpp:15,
[80.044s]                  from /usr/include/boost/geometry/core/coordinate_promotion.hpp:16,
[80.044s]                  from /usr/include/boost/geometry/core/radian_access.hpp:30,
[80.044s]                  from /usr/include/boost/geometry/geometry.hpp:50,
[80.046s]                  from /usr/include/boost/geometry.hpp:17,
[80.046s]                  from /home/neha/ros2_ws/src/semnav_migration/include/reactive_planner_lib.h:26:
[80.046s] /usr/include/boost/mpl/aux_/preprocessed/gcc/placeholders.hpp:29:16: note:   ‘mpl_::_1’
[80.046s]    29 | typedef arg<1> _1;
[80.047s]       |                ^~
[80.047s] In file included from /usr/include/boost/numeric/conversion/converter_policies.hpp:13,
[80.047s]                  from /usr/include/boost/numeric/conversion/converter.hpp:14,
[80.047s]                  from /usr/include/boost/numeric/conversion/cast.hpp:33,
[80.047s]                  from /usr/include/boost/geometry/core/radian_access.hpp:26:
[80.047s] /usr/include/c++/13/functional:294:48: note:   ‘std::placeholders::_1’
[80.047s]   294 |     _GLIBCXX_PLACEHOLDER const _Placeholder<1> _1;
[80.048s]       |                                                ^~
[80.048s] /usr/include/boost/mpl/aux_/preprocessed/gcc/placeholders.hpp:29:16: note:   ‘mpl_::_1’
[80.048s]    29 | typedef arg<1> _1;
[80.050s]       |                ^~
[80.050s] In file included from /usr/include/boost/describe/members.hpp:20,
[80.050s]                  from /usr/include/boost/container_hash/is_described_class.hpp:11,
[80.050s]                  from /usr/include/boost/container_hash/hash.hpp:18,
[80.051s]                  from /usr/include/boost/functional/hash.hpp:6,
[80.051s]                  from /usr/include/CGAL/Kernel/hash_functions.h:16,
[80.051s]                  from /usr/include/CGAL/Kernel/global_functions.h:25,
[80.051s]                  from /usr/include/CGAL/Cartesian/Cartesian_base.h:22,
[80.051s]                  from /usr/include/CGAL/Simple_cartesian.h:20,
[80.051s]                  from /usr/include/CGAL/Exact_predicates_inexact_constructions_kernel.h:20,
[80.051s]                  from /home/neha/ros2_ws/src/semnav_migration/include/polygeom_lib.h:32,
[80.051s]                  from /home/neha/ros2_ws/src/semnav_migration/include/reactive_planner_lib.h:52:
[80.052s] /usr/include/boost/mp11/bind.hpp:45:7: note:   ‘boost::mp11::_1’
[80.052s]    45 | using _1 = mp_arg<0>;
[80.054s]       |       ^~
[80.054s] /usr/include/boost/mpl/aux_/preprocessed/gcc/placeholders.hpp:29:16: note:   ‘mpl_::_1’
[80.054s]    29 | typedef arg<1> _1;
[80.054s]       |                ^~
[80.055s] /home/neha/ros2_ws/src/semnav_migration/src/navigation_semantic.cpp:147:113: error: ‘_2’ was not declared in this scope
[80.055s]   147 |                         sync->registerCallback(boost::bind(&SemanticNavigationNode::control_callback, this, _1, _2));
[80.055s]       |                                                                                                                 ^~
[80.055s] /home/neha/ros2_ws/src/semnav_migration/src/navigation_semantic.cpp:147:113: note: suggested alternatives:
[80.055s] /usr/include/boost/mpl/aux_/preprocessed/gcc/placeholders.hpp:42:16: note:   ‘mpl_::_2’
[80.055s]    42 | typedef arg<2> _2;
[80.055s]       |                ^~
[80.056s] /usr/include/c++/13/functional:295:48: note:   ‘std::placeholders::_2’
[80.056s]   295 |     _GLIBCXX_PLACEHOLDER const _Placeholder<2> _2;
[80.056s]       |                                                ^~
[80.058s] /usr/include/boost/mpl/aux_/preprocessed/gcc/placeholders.hpp:42:16: note:   ‘mpl_::_2’
[80.058s]    42 | typedef arg<2> _2;
[80.058s]       |                ^~
[80.059s] /usr/include/boost/mp11/bind.hpp:46:7: note:   ‘boost::mp11::_2’
[80.059s]    46 | using _2 = mp_arg<1>;
[80.059s]       |       ^~
[80.059s] /usr/include/boost/mpl/aux_/preprocessed/gcc/placeholders.hpp:42:16: note:   ‘mpl_::_2’
[80.059s]    42 | typedef arg<2> _2;
[80.059s]       |                ^~
[80.059s] /home/neha/ros2_ws/src/semnav_migration/src/navigation_semantic.cpp:149:25: error: ‘ros’ has not been declared
[80.059s]   149 |                         ros::Subscriber sub_semantic = nh_.subscribe(sub_semantic_topic_, 1, &SemanticNavigationNode::diffeo_tree_update, this);
[80.060s]       |                         ^~~
[80.060s] /home/neha/ros2_ws/src/semnav_migration/src/navigation_semantic.cpp:153:25: error: ‘ros’ has not been declared
[80.062s]   153 |                         ros::Duration(5.0).sleep();
[80.062s]       |                         ^~~
[80.062s] /home/neha/ros2_ws/src/semnav_migration/src/navigation_semantic.cpp:160:25: error: ‘ros’ has not been declared
[80.062s]   160 |                         ros::spin();
[80.063s]       |                         ^~~
[80.080s] /home/neha/ros2_ws/src/semnav_migration/src/navigation_semantic.cpp: In member function ‘void SemanticNavigationNode::publish_twist(double, double)’:
[80.081s] /home/neha/ros2_ws/src/semnav_migration/src/navigation_semantic.cpp:167:25: error: ‘pub_twist_’ was not declared in this scope; did you mean ‘publish_twist’?
[80.081s]   167 |                         pub_twist_.publish(commandTwist);
[80.081s]       |                         ^~~~~~~~~~
[80.081s]       |                         publish_twist
[80.084s] /home/neha/ros2_ws/src/semnav_migration/src/navigation_semantic.cpp: In member function ‘void SemanticNavigationNode::publish_behavior_id(uint16_t)’:
[80.084s] /home/neha/ros2_ws/src/semnav_migration/src/navigation_semantic.cpp:172:32: error: ‘UInt32’ is not a member of ‘std_msgs::msg’
[80.084s]   172 |                 std_msgs::msg::UInt32 commandId;
[80.085s]       |                                ^~~~~~
[80.132s] /home/neha/ros2_ws/src/semnav_migration/src/navigation_semantic.cpp:173:25: error: ‘commandId’ was not declared in this scope
[80.132s]   173 |                         commandId.data = BehaviorIdCmd;
[80.132s]       |                         ^~~~~~~~~
[80.171s] /home/neha/ros2_ws/src/semnav_migration/src/navigation.cpp:148:55: error: ‘bind’ is not a member of ‘boost’; did you mean ‘find’?
[80.171s]   148 |                         sync->registerCallback(boost::bind(&NavigationNode::control_callback, this, _1, _2));
[80.171s]       |                                                       ^~~~
[80.171s]       |                                                       find
[80.175s] /home/neha/ros2_ws/src/semnav_migration/src/navigation.cpp:148:101: error: ‘_1’ was not declared in this scope
[80.175s]   148 |                         sync->registerCallback(boost::bind(&NavigationNode::control_callback, this, _1, _2));
[80.175s]       |                                                                                                     ^~
[80.175s] /home/neha/ros2_ws/src/semnav_migration/src/navigation.cpp:148:101: note: suggested alternatives:
[80.176s] In file included from /usr/include/boost/mpl/aux_/include_preprocessed.hpp:37,
[80.176s]                  from /usr/include/boost/mpl/placeholders.hpp:43,
[80.176s]                  from /usr/include/boost/iterator/iterator_categories.hpp:16,
[80.176s]                  from /usr/include/boost/iterator/iterator_facade.hpp:13,
[80.176s]                  from /usr/include/boost/range/iterator_range_core.hpp:27,
[80.176s]                  from /usr/include/boost/lexical_cast.hpp:48,
[80.176s]                  from /usr/include/boost/multiprecision/detail/number_base.hpp:29,
[80.176s]                  from /usr/include/boost/multiprecision/traits/is_variable_precision.hpp:9,
[80.177s]                  from /usr/include/boost/multiprecision/detail/precision.hpp:9,
[80.177s]                  from /usr/include/boost/multiprecision/number.hpp:11,
[80.177s]                  from /usr/include/boost/multiprecision/cpp_int.hpp:19,
[80.177s]                  from /usr/include/boost/multiprecision/cpp_bin_float.hpp:15,
[80.177s]                  from /usr/include/boost/geometry/core/coordinate_promotion.hpp:16,
[80.177s]                  from /usr/include/boost/geometry/core/radian_access.hpp:30,
[80.177s]                  from /usr/include/boost/geometry/geometry.hpp:50,
[80.177s]                  from /usr/include/boost/geometry.hpp:17,
[80.178s]                  from /home/neha/ros2_ws/src/semnav_migration/include/reactive_planner_lib.h:26:
[80.178s] /usr/include/boost/mpl/aux_/preprocessed/gcc/placeholders.hpp:29:16: note:   ‘mpl_::_1’
[80.181s]    29 | typedef arg<1> _1;
[80.182s]       |                ^~
[80.182s] In file included from /usr/include/boost/numeric/conversion/converter_policies.hpp:13,
[80.182s]                  from /usr/include/boost/numeric/conversion/converter.hpp:14,
[80.182s]                  from /usr/include/boost/numeric/conversion/cast.hpp:33,
[80.182s]                  from /usr/include/boost/geometry/core/radian_access.hpp:26:
[80.182s] /usr/include/c++/13/functional:294:48: note:   ‘std::placeholders::_1’
[80.183s]   294 |     _GLIBCXX_PLACEHOLDER const _Placeholder<1> _1;
[80.183s]       |                                                ^~
[80.183s] /usr/include/boost/mpl/aux_/preprocessed/gcc/placeholders.hpp:29:16: note:   ‘mpl_::_1’
[80.185s]    29 | typedef arg<1> _1;
[80.185s]       |                ^~
[80.185s] In file included from /usr/include/boost/describe/members.hpp:20,
[80.185s]                  from /usr/include/boost/container_hash/is_described_class.hpp:11,
[80.186s]                  from /usr/include/boost/container_hash/hash.hpp:18,
[80.186s]                  from /usr/include/boost/functional/hash.hpp:6,
[80.186s]                  from /usr/include/CGAL/Kernel/hash_functions.h:16,
[80.186s]                  from /usr/include/CGAL/Kernel/global_functions.h:25,
[80.186s]                  from /usr/include/CGAL/Cartesian/Cartesian_base.h:22,
[80.186s]                  from /usr/include/CGAL/Simple_cartesian.h:20,
[80.186s]                  from /usr/include/CGAL/Exact_predicates_inexact_constructions_kernel.h:20,
[80.186s]                  from /home/neha/ros2_ws/src/semnav_migration/include/polygeom_lib.h:32,
[80.186s]                  from /home/neha/ros2_ws/src/semnav_migration/include/reactive_planner_lib.h:52:
[80.187s] /usr/include/boost/mp11/bind.hpp:45:7: note:   ‘boost::mp11::_1’
[80.187s]    45 | using _1 = mp_arg<0>;
[80.189s]       |       ^~
[80.189s] /usr/include/boost/mpl/aux_/preprocessed/gcc/placeholders.hpp:29:16: note:   ‘mpl_::_1’
[80.189s]    29 | typedef arg<1> _1;
[80.189s]       |                ^~
[80.189s] /home/neha/ros2_ws/src/semnav_migration/src/navigation.cpp:148:105: error: ‘_2’ was not declared in this scope
[80.190s]   148 |                         sync->registerCallback(boost::bind(&NavigationNode::control_callback, this, _1, _2));
[80.190s]       |                                                                                                         ^~
[80.190s] /home/neha/ros2_ws/src/semnav_migration/src/navigation.cpp:148:105: note: suggested alternatives:
[80.190s] /usr/include/boost/mpl/aux_/preprocessed/gcc/placeholders.hpp:42:16: note:   ‘mpl_::_2’
[80.190s]    42 | typedef arg<2> _2;
[80.190s]       |                ^~
[80.190s] /usr/include/c++/13/functional:295:48: note:   ‘std::placeholders::_2’
[80.190s]   295 |     _GLIBCXX_PLACEHOLDER const _Placeholder<2> _2;
[80.191s]       |                                                ^~
[80.191s] /usr/include/boost/mpl/aux_/preprocessed/gcc/placeholders.hpp:42:16: note:   ‘mpl_::_2’
[80.193s]    42 | typedef arg<2> _2;
[80.193s]       |                ^~
[80.193s] /usr/include/boost/mp11/bind.hpp:46:7: note:   ‘boost::mp11::_2’
[80.193s]    46 | using _2 = mp_arg<1>;
[80.193s]       |       ^~
[80.194s] /usr/include/boost/mpl/aux_/preprocessed/gcc/placeholders.hpp:42:16: note:   ‘mpl_::_2’
[80.194s]    42 | typedef arg<2> _2;
[80.194s]       |                ^~
[80.194s] /home/neha/ros2_ws/src/semnav_migration/src/navigation.cpp:150:65: error: ‘class rclcpp::Node’ has no member named ‘subscribe’
[80.194s]   150 |                         rclcpp::Subscription sub_semantic = nh_.subscribe(sub_semantic_topic_, 1, &NavigationNode::diffeo_tree_update, this);
[80.194s]       |                                                                 ^~~~~~~~~
[80.194s] /home/neha/ros2_ws/src/semnav_migration/src/navigation.cpp:154:45: error: no matching function for call to ‘rclcpp::Duration::Duration(double)’
[80.194s]   154 |                         rclcpp::Duration(5.0).sleep();
[80.195s]       |                                             ^
[80.195s] In file included from /opt/ros/jazzy/include/rclcpp/rclcpp/time.hpp:24,
[80.195s]                  from /opt/ros/jazzy/include/rclcpp/rclcpp/clock.hpp:24,
[80.197s]                  from /opt/ros/jazzy/include/rclcpp/rclcpp/client.hpp:38,
[80.197s]                  from /opt/ros/jazzy/include/rclcpp/rclcpp/callback_group.hpp:24,
[80.197s]                  from /opt/ros/jazzy/include/rclcpp/rclcpp/any_executable.hpp:20,
[80.197s]                  from /opt/ros/jazzy/include/rclcpp/rclcpp/memory_strategy.hpp:25,
[80.197s]                  from /opt/ros/jazzy/include/rclcpp/rclcpp/memory_strategies.hpp:18,
[80.198s]                  from /opt/ros/jazzy/include/rclcpp/rclcpp/executor_options.hpp:22,
[80.198s]                  from /opt/ros/jazzy/include/rclcpp/rclcpp/executor.hpp:38,
[80.198s]                  from /opt/ros/jazzy/include/rclcpp/rclcpp/executors/multi_threaded_executor.hpp:25,
[80.198s]                  from /opt/ros/jazzy/include/rclcpp/rclcpp/executors.hpp:21:
[80.198s] /opt/ros/jazzy/include/rclcpp/rclcpp/duration.hpp:49:3: note: candidate: ‘template<class Rep, class Period> rclcpp::Duration::Duration(const std::chrono::duration<_Rep1, _Period1>&)’
[80.198s]    49 |   Duration(const std::chrono::duration<Rep, Period> & duration)  // NOLINT(runtime/explicit)
[80.198s]       |   ^~~~~~~~
[80.199s] /opt/ros/jazzy/include/rclcpp/rclcpp/duration.hpp:49:3: note:   template argument deduction/substitution failed:
[80.199s] /home/neha/ros2_ws/src/semnav_migration/src/navigation.cpp:154:45: note:   mismatched types ‘const std::chrono::duration<_Rep1, _Period1>’ and ‘double’
[80.199s]   154 |                         rclcpp::Duration(5.0).sleep();
[80.201s]       |                                             ^
[80.201s] /opt/ros/jazzy/include/rclcpp/rclcpp/duration.hpp:159:3: note: candidate: ‘rclcpp::Duration::Duration()’
[80.201s]   159 |   Duration() = default;
[80.201s]       |   ^~~~~~~~
[80.201s] /opt/ros/jazzy/include/rclcpp/rclcpp/duration.hpp:159:3: note:   candidate expects 0 arguments, 1 provided
[80.202s] /opt/ros/jazzy/include/rclcpp/rclcpp/duration.hpp:62:3: note: candidate: ‘rclcpp::Duration::Duration(const rclcpp::Duration&)’
[80.202s]    62 |   Duration(const Duration & rhs);
[80.202s]       |   ^~~~~~~~
[80.202s] /opt/ros/jazzy/include/rclcpp/rclcpp/duration.hpp:62:29: note:   no known conversion for argument 1 from ‘double’ to ‘const rclcpp::Duration&’
[80.202s]    62 |   Duration(const Duration & rhs);
[80.202s]       |            ~~~~~~~~~~~~~~~~~^~~
[80.202s] /opt/ros/jazzy/include/rclcpp/rclcpp/duration.hpp:60:12: note: candidate: ‘rclcpp::Duration::Duration(const rcl_duration_t&)’
[80.202s]    60 |   explicit Duration(const rcl_duration_t & duration);
[80.203s]       |            ^~~~~~~~
[80.203s] /opt/ros/jazzy/include/rclcpp/rclcpp/duration.hpp:60:44: note:   no known conversion for argument 1 from ‘double’ to ‘const rcl_duration_t&’ {aka ‘const rcl_duration_s&’}
[80.205s]    60 |   explicit Duration(const rcl_duration_t & duration);
[80.205s]       |                     ~~~~~~~~~~~~~~~~~~~~~~~^~~~~~~~
[80.205s] /opt/ros/jazzy/include/rclcpp/rclcpp/duration.hpp:54:3: note: candidate: ‘rclcpp::Duration::Duration(const builtin_interfaces::msg::Duration&)’
[80.205s]    54 |   Duration(const builtin_interfaces::msg::Duration & duration_msg);  // NOLINT(runtime/explicit)
[80.205s]       |   ^~~~~~~~
[80.206s] /opt/ros/jazzy/include/rclcpp/rclcpp/duration.hpp:54:54: note:   no known conversion for argument 1 from ‘double’ to ‘const builtin_interfaces::msg::Duration&’ {aka ‘const builtin_interfaces::msg::Duration_<std::allocator<void> >&’}
[80.206s]    54 |   Duration(const builtin_interfaces::msg::Duration & duration_msg);  // NOLINT(runtime/explicit)
[80.206s]       |            ~~~~~~~~~~~~~~~~~~~~~~~~~~~~~~~~~~~~~~~~~~^~~~~~~~~~~~
[80.206s] /opt/ros/jazzy/include/rclcpp/rclcpp/duration.hpp:43:12: note: candidate: ‘rclcpp::Duration::Duration(std::chrono::nanoseconds)’
[80.206s]    43 |   explicit Duration(std::chrono::nanoseconds nanoseconds);
[80.206s]       |            ^~~~~~~~
[80.206s] /opt/ros/jazzy/include/rclcpp/rclcpp/duration.hpp:43:46: note:   no known conversion for argument 1 from ‘double’ to ‘std::chrono::nanoseconds’ {aka ‘std::chrono::duration<long int, std::ratio<1, 1000000000> >’}
[80.206s]    43 |   explicit Duration(std::chrono::nanoseconds nanoseconds);
[80.207s]       |                     ~~~~~~~~~~~~~~~~~~~~~~~~~^~~~~~~~~~~
[80.207s] /opt/ros/jazzy/include/rclcpp/rclcpp/duration.hpp:40:3: note: candidate: ‘rclcpp::Duration::Duration(int32_t, uint32_t)’
[80.207s]    40 |   Duration(int32_t seconds, uint32_t nanoseconds);
[80.209s]       |   ^~~~~~~~
[80.209s] /opt/ros/jazzy/include/rclcpp/rclcpp/duration.hpp:40:3: note:   candidate expects 2 arguments, 1 provided
[80.217s] /home/neha/ros2_ws/src/semnav_migration/src/navigation.cpp:161:38: error: ‘node_ptr’ was not declared in this scope; did you mean ‘mode_t’?
[80.217s]   161 |                         rclcpp::spin(node_ptr);
[80.217s]       |                                      ^~~~~~~~
[80.217s]       |                                      mode_t
[80.226s] /home/neha/ros2_ws/src/semnav_migration/src/navigation.cpp: In member function ‘void NavigationNode::publish_behavior_id(uint16_t)’:
[80.226s] /home/neha/ros2_ws/src/semnav_migration/src/navigation.cpp:173:28: error: ‘UInt32’ is not a member of ‘std_msgs::msg’
[80.227s]   173 |             std_msgs::msg::UInt32 commandId;
[80.227s]       |                            ^~~~~~
[80.241s] /home/neha/ros2_ws/src/semnav_migration/src/navigation_semantic.cpp:174:25: error: ‘pub_behaviorID_’ was not declared in this scope; did you mean ‘pub_behaviorID_topic_’?
[80.241s]   174 |                         pub_behaviorID_.publish(commandId);
[80.241s]       |                         ^~~~~~~~~~~~~~~
[80.242s]       |                         pub_behaviorID_topic_
[80.246s] /home/neha/ros2_ws/src/semnav_migration/src/navigation_semantic.cpp: In member function ‘void SemanticNavigationNode::publish_behavior_mode(uint16_t)’:
[80.246s] /home/neha/ros2_ws/src/semnav_migration/src/navigation_semantic.cpp:179:28: error: ‘UInt32’ is not a member of ‘std_msgs::msg’
[80.246s]   179 |             std_msgs::msg::UInt32 commandMode;
[80.247s]       |                            ^~~~~~
[80.273s] /home/neha/ros2_ws/src/semnav_migration/src/navigation.cpp:174:25: error: ‘commandId’ was not declared in this scope
[80.273s]   174 |                         commandId.data = BehaviorIdCmd;
[80.274s]       |                         ^~~~~~~~~
[80.276s] /home/neha/ros2_ws/src/semnav_migration/src/navigation.cpp: In member function ‘void NavigationNode::publish_behavior_mode(uint16_t)’:
[80.276s] /home/neha/ros2_ws/src/semnav_migration/src/navigation.cpp:180:28: error: ‘UInt32’ is not a member of ‘std_msgs::msg’
[80.276s]   180 |             std_msgs::msg::UInt32 commandMode;
[80.276s]       |                            ^~~~~~
[80.310s] /home/neha/ros2_ws/src/semnav_migration/src/navigation_semantic.cpp:180:25: error: ‘commandMode’ was not declared in this scope
[80.310s]   180 |                         commandMode.data = BehaviorModeCmd;
[80.311s]       |                         ^~~~~~~~~~~
[80.338s] /home/neha/ros2_ws/src/semnav_migration/src/navigation.cpp:181:25: error: ‘commandMode’ was not declared in this scope
[80.338s]   181 |                         commandMode.data = BehaviorModeCmd;
[80.338s]       |                         ^~~~~~~~~~~
[80.391s] /home/neha/ros2_ws/src/semnav_migration/src/navigation.cpp: In member function ‘void NavigationNode::control_callback(const sensor_msgs::msg::LaserScan_<std::allocator<void> >::ConstPtr&, const nav_msgs::msg::Odometry_<std::allocator<void> >::ConstPtr&)’:
[80.391s] /home/neha/ros2_ws/src/semnav_migration/src/navigation.cpp:355:60: error: ‘now’ is not a member of ‘rclcpp::Time’
[80.391s]   355 |                         double before_time = rclcpp::Time::now().toSec();
[80.392s]       |                                                            ^~~
[80.393s] /home/neha/ros2_ws/src/semnav_migration/src/navigation.cpp:358:33: error: ‘PoseStamped’ is not a member of ‘geometry_msgs::msg’
[80.393s]   358 |             geometry_msgs::msg::PoseStamped odomPose, mapPose;
[80.394s]       |                                 ^~~~~~~~~~~
[80.412s] /home/neha/ros2_ws/src/semnav_migration/src/navigation_semantic.cpp:181:25: error: ‘pub_behaviorMode_’ was not declared in this scope; did you mean ‘pub_behaviorMode_topic_’?
[80.412s]   181 |                         pub_behaviorMode_.publish(commandMode);
[80.412s]       |                         ^~~~~~~~~~~~~~~~~
[80.412s]       |                         pub_behaviorMode_topic_
[80.437s] /home/neha/ros2_ws/src/semnav_migration/src/navigation.cpp:359:25: error: ‘odomPose’ was not declared in this scope
[80.437s]   359 |                         odomPose.header.stamp = rclcpp::Time(0);
[80.437s]       |                         ^~~~~~~~
[80.468s] /home/neha/ros2_ws/src/semnav_migration/src/navigation_semantic.cpp: In member function ‘void SemanticNavigationNode::control_callback(const sensor_msgs::msg::LaserScan_<std::allocator<void> >::ConstPtr&, const nav_msgs::msg::Odometry_<std::allocator<void> >::ConstPtr&)’:
[80.468s] /home/neha/ros2_ws/src/semnav_migration/src/navigation_semantic.cpp:395:46: error: ‘ros’ has not been declared
[80.468s]   395 |                         double before_time = ros::Time::now().toSec();
[80.468s]       |                                              ^~~
[80.473s] /home/neha/ros2_ws/src/semnav_migration/src/navigation_semantic.cpp:398:40: error: ‘PoseStamped’ is not a member of ‘geometry_msgs’
[80.473s]   398 |                         geometry_msgs::PoseStamped odomPose, mapPose;
[80.473s]       |                                        ^~~~~~~~~~~
[80.488s] /home/neha/ros2_ws/src/semnav_migration/src/navigation.cpp:363:33: error: ‘listener_’ was not declared in this scope
[80.489s]   363 |                                 listener_.waitForTransform(world_frame_id_, odom_frame_id_, rclcpp::Time(0), rclcpp::Duration(1.0));
[80.489s]       |                                 ^~~~~~~~~
[80.489s] /home/neha/ros2_ws/src/semnav_migration/src/navigation.cpp:363:130: error: no matching function for call to ‘rclcpp::Duration::Duration(double)’
[80.489s]   363 |                                 listener_.waitForTransform(world_frame_id_, odom_frame_id_, rclcpp::Time(0), rclcpp::Duration(1.0));
[80.489s]       |                                                                                                                                  ^
[80.489s] /opt/ros/jazzy/include/rclcpp/rclcpp/duration.hpp:49:3: note: candidate: ‘template<class Rep, class Period> rclcpp::Duration::Duration(const std::chrono::duration<_Rep1, _Period1>&)’
[80.489s]    49 |   Duration(const std::chrono::duration<Rep, Period> & duration)  // NOLINT(runtime/explicit)
[80.489s]       |   ^~~~~~~~
[80.490s] /opt/ros/jazzy/include/rclcpp/rclcpp/duration.hpp:49:3: note:   template argument deduction/substitution failed:
[80.490s] /home/neha/ros2_ws/src/semnav_migration/src/navigation.cpp:363:130: note:   mismatched types ‘const std::chrono::duration<_Rep1, _Period1>’ and ‘double’
[80.490s]   363 |                                 listener_.waitForTransform(world_frame_id_, odom_frame_id_, rclcpp::Time(0), rclcpp::Duration(1.0));
[80.491s]       |                                                                                                                                  ^
[80.491s] /opt/ros/jazzy/include/rclcpp/rclcpp/duration.hpp:159:3: note: candidate: ‘rclcpp::Duration::Duration()’
[80.491s]   159 |   Duration() = default;
[80.492s]       |   ^~~~~~~~
[80.492s] /opt/ros/jazzy/include/rclcpp/rclcpp/duration.hpp:159:3: note:   candidate expects 0 arguments, 1 provided
[80.492s] /opt/ros/jazzy/include/rclcpp/rclcpp/duration.hpp:62:3: note: candidate: ‘rclcpp::Duration::Duration(const rclcpp::Duration&)’
[80.492s]    62 |   Duration(const Duration & rhs);
[80.492s]       |   ^~~~~~~~
[80.492s] /opt/ros/jazzy/include/rclcpp/rclcpp/duration.hpp:62:29: note:   no known conversion for argument 1 from ‘double’ to ‘const rclcpp::Duration&’
[80.492s]    62 |   Duration(const Duration & rhs);
[80.492s]       |            ~~~~~~~~~~~~~~~~~^~~
[80.493s] /opt/ros/jazzy/include/rclcpp/rclcpp/duration.hpp:60:12: note: candidate: ‘rclcpp::Duration::Duration(const rcl_duration_t&)’
[80.493s]    60 |   explicit Duration(const rcl_duration_t & duration);
[80.493s]       |            ^~~~~~~~
[80.496s] /opt/ros/jazzy/include/rclcpp/rclcpp/duration.hpp:60:44: note:   no known conversion for argument 1 from ‘double’ to ‘const rcl_duration_t&’ {aka ‘const rcl_duration_s&’}
[80.496s]    60 |   explicit Duration(const rcl_duration_t & duration);
[80.496s]       |                     ~~~~~~~~~~~~~~~~~~~~~~~^~~~~~~~
[80.496s] /opt/ros/jazzy/include/rclcpp/rclcpp/duration.hpp:54:3: note: candidate: ‘rclcpp::Duration::Duration(const builtin_interfaces::msg::Duration&)’
[80.497s]    54 |   Duration(const builtin_interfaces::msg::Duration & duration_msg);  // NOLINT(runtime/explicit)
[80.497s]       |   ^~~~~~~~
[80.497s] /opt/ros/jazzy/include/rclcpp/rclcpp/duration.hpp:54:54: note:   no known conversion for argument 1 from ‘double’ to ‘const builtin_interfaces::msg::Duration&’ {aka ‘const builtin_interfaces::msg::Duration_<std::allocator<void> >&’}
[80.497s]    54 |   Duration(const builtin_interfaces::msg::Duration & duration_msg);  // NOLINT(runtime/explicit)
[80.497s]       |            ~~~~~~~~~~~~~~~~~~~~~~~~~~~~~~~~~~~~~~~~~~^~~~~~~~~~~~
[80.497s] /opt/ros/jazzy/include/rclcpp/rclcpp/duration.hpp:43:12: note: candidate: ‘rclcpp::Duration::Duration(std::chrono::nanoseconds)’
[80.497s]    43 |   explicit Duration(std::chrono::nanoseconds nanoseconds);
[80.497s]       |            ^~~~~~~~
[80.498s] /opt/ros/jazzy/include/rclcpp/rclcpp/duration.hpp:43:46: note:   no known conversion for argument 1 from ‘double’ to ‘std::chrono::nanoseconds’ {aka ‘std::chrono::duration<long int, std::ratio<1, 1000000000> >’}
[80.498s]    43 |   explicit Duration(std::chrono::nanoseconds nanoseconds);
[80.500s]       |                     ~~~~~~~~~~~~~~~~~~~~~~~~~^~~~~~~~~~~
[80.500s] /opt/ros/jazzy/include/rclcpp/rclcpp/duration.hpp:40:3: note: candidate: ‘rclcpp::Duration::Duration(int32_t, uint32_t)’
[80.500s]    40 |   Duration(int32_t seconds, uint32_t nanoseconds);
[80.500s]       |   ^~~~~~~~
[80.500s] /opt/ros/jazzy/include/rclcpp/rclcpp/duration.hpp:40:3: note:   candidate expects 2 arguments, 1 provided
[80.523s] /home/neha/ros2_ws/src/semnav_migration/src/navigation.cpp:364:84: error: ‘mapPose’ was not declared in this scope
[80.523s]   364 |                                 listener_.transformPose(world_frame_id_, odomPose, mapPose);
[80.524s]       |                                                                                    ^~~~~~~
[80.526s] /home/neha/ros2_ws/src/semnav_migration/src/navigation_semantic.cpp:399:25: error: ‘odomPose’ was not declared in this scope
[80.526s]   399 |                         odomPose.header.stamp = ros::Time(0);
[80.526s]       |                         ^~~~~~~~
[80.527s] /home/neha/ros2_ws/src/semnav_migration/src/navigation_semantic.cpp:399:49: error: ‘ros’ has not been declared
[80.527s]   399 |                         odomPose.header.stamp = ros::Time(0);
[80.527s]       |                                                 ^~~
[80.570s] /home/neha/ros2_ws/src/semnav_migration/src/navigation.cpp:366:33: error: ‘ROS_ERROR’ was not declared in this scope
[80.570s]   366 |                                 ROS_ERROR("%s",ex.what());
[80.570s]       |                                 ^~~~~~~~~
[80.577s] /home/neha/ros2_ws/src/semnav_migration/src/navigation_semantic.cpp:403:33: error: ‘listener_’ was not declared in this scope
[80.577s]   403 |                                 listener_.waitForTransform(world_frame_id_, odom_frame_id_, ros::Time(0), ros::Duration(1.0));
[80.577s]       |                                 ^~~~~~~~~
[80.578s] /home/neha/ros2_ws/src/semnav_migration/src/navigation_semantic.cpp:403:93: error: ‘ros’ has not been declared
[80.578s]   403 |                                 listener_.waitForTransform(world_frame_id_, odom_frame_id_, ros::Time(0), ros::Duration(1.0));
[80.578s]       |                                                                                             ^~~
[80.580s] /home/neha/ros2_ws/src/semnav_migration/src/navigation_semantic.cpp:403:107: error: ‘ros’ has not been declared
[80.580s]   403 |                                 listener_.waitForTransform(world_frame_id_, odom_frame_id_, ros::Time(0), ros::Duration(1.0));
[80.580s]       |                                                                                                           ^~~
[80.609s] /home/neha/ros2_ws/src/semnav_migration/src/navigation.cpp:371:68: error: ‘mapPose’ was not declared in this scope
[80.609s]   371 |                         tf2::Quaternion rotation = tf2::Quaternion(mapPose.pose.orientation.x,
[80.610s]       |                                                                    ^~~~~~~
[80.610s] /home/neha/ros2_ws/src/semnav_migration/src/navigation.cpp:393:42: error: could not convert ‘lidar_data’ from ‘shared_ptr<LaserScan_<[...]>>’ to ‘shared_ptr<LaserScan_<[...]>>’
[80.610s]   393 |                         constructLIDAR2D(lidar_data, CutoffRange_, AllowableRange_, RobotPitch_, &LIDAR);
[80.610s]       |                                          ^~~~~~~~~~
[80.610s]       |                                          |
[80.610s]       |                                          shared_ptr<LaserScan_<[...]>>
[80.618s] /home/neha/ros2_ws/src/semnav_migration/src/navigation_semantic.cpp:404:84: error: ‘mapPose’ was not declared in this scope
[80.619s]   404 |                                 listener_.transformPose(world_frame_id_, odomPose, mapPose);
[80.619s]       |                                                                                    ^~~~~~~
[80.625s] /home/neha/ros2_ws/src/semnav_migration/src/navigation_semantic.cpp:405:34: error: ‘tf’ does not name a type; did you mean ‘tm’?
[80.625s]   405 |                         } catch (tf::TransformException &ex) {
[80.626s]       |                                  ^~
[80.626s]       |                                  tm
[80.626s] /home/neha/ros2_ws/src/semnav_migration/src/navigation_semantic.cpp:405:57: error: expected unqualified-id before ‘&’ token
[80.626s]   405 |                         } catch (tf::TransformException &ex) {
[80.626s]       |                                                         ^
[80.628s] /home/neha/ros2_ws/src/semnav_migration/src/navigation_semantic.cpp:405:57: error: expected ‘)’ before ‘&’ token
[80.628s] /home/neha/ros2_ws/src/semnav_migration/src/navigation_semantic.cpp:405:33: note: to match this ‘(’
[80.628s]   405 |                         } catch (tf::TransformException &ex) {
[80.629s]       |                                 ^
[80.629s] /home/neha/ros2_ws/src/semnav_migration/src/navigation_semantic.cpp:405:57: error: expected ‘{’ before ‘&’ token
[80.629s]   405 |                         } catch (tf::TransformException &ex) {
[80.629s]       |                                                         ^
[80.632s] /home/neha/ros2_ws/src/semnav_migration/src/navigation.cpp:567:53: error: no matching function for call to ‘rclcpp::Duration::Duration(double)’
[80.632s]   567 |                                 rclcpp::Duration(5.0).sleep();
[80.632s]       |                                                     ^
[80.633s] /opt/ros/jazzy/include/rclcpp/rclcpp/duration.hpp:49:3: note: candidate: ‘template<class Rep, class Period> rclcpp::Duration::Duration(const std::chrono::duration<_Rep1, _Period1>&)’
[80.633s]    49 |   Duration(const std::chrono::duration<Rep, Period> & duration)  // NOLINT(runtime/explicit)
[80.633s]       |   ^~~~~~~~
[80.633s] /opt/ros/jazzy/include/rclcpp/rclcpp/duration.hpp:49:3: note:   template argument deduction/substitution failed:
[80.633s] /home/neha/ros2_ws/src/semnav_migration/src/navigation.cpp:567:53: note:   mismatched types ‘const std::chrono::duration<_Rep1, _Period1>’ and ‘double’
[80.633s]   567 |                                 rclcpp::Duration(5.0).sleep();
[80.633s]       |                                                     ^
[80.633s] /opt/ros/jazzy/include/rclcpp/rclcpp/duration.hpp:159:3: note: candidate: ‘rclcpp::Duration::Duration()’
[80.634s]   159 |   Duration() = default;
[80.634s]       |   ^~~~~~~~
[80.634s] /opt/ros/jazzy/include/rclcpp/rclcpp/duration.hpp:159:3: note:   candidate expects 0 arguments, 1 provided
[80.636s] /opt/ros/jazzy/include/rclcpp/rclcpp/duration.hpp:62:3: note: candidate: ‘rclcpp::Duration::Duration(const rclcpp::Duration&)’
[80.636s]    62 |   Duration(const Duration & rhs);
[80.636s]       |   ^~~~~~~~
[80.636s] /opt/ros/jazzy/include/rclcpp/rclcpp/duration.hpp:62:29: note:   no known conversion for argument 1 from ‘double’ to ‘const rclcpp::Duration&’
[80.637s]    62 |   Duration(const Duration & rhs);
[80.637s]       |            ~~~~~~~~~~~~~~~~~^~~
[80.637s] /opt/ros/jazzy/include/rclcpp/rclcpp/duration.hpp:60:12: note: candidate: ‘rclcpp::Duration::Duration(const rcl_duration_t&)’
[80.637s]    60 |   explicit Duration(const rcl_duration_t & duration);
[80.637s]       |            ^~~~~~~~
[80.637s] /opt/ros/jazzy/include/rclcpp/rclcpp/duration.hpp:60:44: note:   no known conversion for argument 1 from ‘double’ to ‘const rcl_duration_t&’ {aka ‘const rcl_duration_s&’}
[80.637s]    60 |   explicit Duration(const rcl_duration_t & duration);
[80.637s]       |                     ~~~~~~~~~~~~~~~~~~~~~~~^~~~~~~~
[80.638s] /opt/ros/jazzy/include/rclcpp/rclcpp/duration.hpp:54:3: note: candidate: ‘rclcpp::Duration::Duration(const builtin_interfaces::msg::Duration&)’
[80.638s]    54 |   Duration(const builtin_interfaces::msg::Duration & duration_msg);  // NOLINT(runtime/explicit)
[80.638s]       |   ^~~~~~~~
[80.640s] /opt/ros/jazzy/include/rclcpp/rclcpp/duration.hpp:54:54: note:   no known conversion for argument 1 from ‘double’ to ‘const builtin_interfaces::msg::Duration&’ {aka ‘const builtin_interfaces::msg::Duration_<std::allocator<void> >&’}
[80.640s]    54 |   Duration(const builtin_interfaces::msg::Duration & duration_msg);  // NOLINT(runtime/explicit)
[80.640s]       |            ~~~~~~~~~~~~~~~~~~~~~~~~~~~~~~~~~~~~~~~~~~^~~~~~~~~~~~
[80.640s] /opt/ros/jazzy/include/rclcpp/rclcpp/duration.hpp:43:12: note: candidate: ‘rclcpp::Duration::Duration(std::chrono::nanoseconds)’
[80.641s]    43 |   explicit Duration(std::chrono::nanoseconds nanoseconds);
[80.641s]       |            ^~~~~~~~
[80.641s] /opt/ros/jazzy/include/rclcpp/rclcpp/duration.hpp:43:46: note:   no known conversion for argument 1 from ‘double’ to ‘std::chrono::nanoseconds’ {aka ‘std::chrono::duration<long int, std::ratio<1, 1000000000> >’}
[80.641s]    43 |   explicit Duration(std::chrono::nanoseconds nanoseconds);
[80.641s]       |                     ~~~~~~~~~~~~~~~~~~~~~~~~~^~~~~~~~~~~
[80.641s] /opt/ros/jazzy/include/rclcpp/rclcpp/duration.hpp:40:3: note: candidate: ‘rclcpp::Duration::Duration(int32_t, uint32_t)’
[80.641s]    40 |   Duration(int32_t seconds, uint32_t nanoseconds);
[80.641s]       |   ^~~~~~~~
[80.642s] /opt/ros/jazzy/include/rclcpp/rclcpp/duration.hpp:40:3: note:   candidate expects 2 arguments, 1 provided
[80.666s] /home/neha/ros2_ws/src/semnav_migration/src/navigation_semantic.cpp:405:58: error: ‘ex’ was not declared in this scope; did you mean ‘exp’?
[80.666s]   405 |                         } catch (tf::TransformException &ex) {
[80.667s]       |                                                          ^~
[80.667s]       |                                                          exp
[80.667s] /home/neha/ros2_ws/src/semnav_migration/src/navigation_semantic.cpp:411:25: error: ‘tf’ has not been declared
[80.667s]   411 |                         tf::Quaternion rotation = tf::Quaternion(mapPose.pose.orientation.x,
[80.667s]       |                         ^~
[80.667s] /home/neha/ros2_ws/src/semnav_migration/src/navigation_semantic.cpp:415:25: error: ‘tf’ has not been declared
[80.667s]   415 |                         tf::Matrix3x3 m(rotation);
[80.667s]       |                         ^~
[80.695s] /home/neha/ros2_ws/src/semnav_migration/src/navigation_semantic.cpp:417:25: error: ‘m’ was not declared in this scope; did you mean ‘tm’?
[80.695s]   417 |                         m.getRPY(roll, pitch, yaw);
[80.695s]       |                         ^
[80.696s]       |                         tm
[80.722s] /home/neha/ros2_ws/src/semnav_migration/src/navigation.cpp:570:33: error: ‘ROS_WARN_STREAM’ was not declared in this scope; did you mean ‘RCLCPP_WARN_STREAM’?
[80.722s]   570 |                                 ROS_WARN_STREAM("[Navigation] Successfully navigated to goal and stopped...");
[80.723s]       |                                 ^~~~~~~~~~~~~~~
[80.723s]       |                                 RCLCPP_WARN_STREAM
[80.729s] /home/neha/ros2_ws/src/semnav_migration/src/navigation.cpp:593:75: error: invalid operands of types ‘const char [32]’ and ‘double’ to binary ‘operator<<’
[80.729s]   593 |                         ROS_WARN_STREAM("[Navigation] Linear command is " << LinearCmd << " and angular command is " << AngularCmd);
[80.729s]       |                                         ~~~~~~~~~~~~~~~~~~~~~~~~~~~~~~~~~ ^~ ~~~~~~~~~
[80.729s]       |                                         |                                    |
[80.730s]       |                                         const char [32]                      double
[80.733s] /home/neha/ros2_ws/src/semnav_migration/src/navigation_semantic.cpp:418:51: error: ‘mapPose’ was not declared in this scope
[80.733s]   418 |                         double x_robot_position = mapPose.pose.position.x;
[80.733s]       |                                                   ^~~~~~~
[80.741s] /home/neha/ros2_ws/src/semnav_migration/src/navigation_semantic.cpp:431:42: error: could not convert ‘lidar_data’ from ‘shared_ptr<LaserScan_<[...]>>’ to ‘shared_ptr<LaserScan_<[...]>>’
[80.741s]   431 |                         constructLIDAR2D(lidar_data, CutoffRange_, AllowableRange_, RobotPitch_, &LIDAR);
[80.742s]       |                                          ^~~~~~~~~~
[80.742s]       |                                          |
[80.742s]       |                                          shared_ptr<LaserScan_<[...]>>
[80.760s] /home/neha/ros2_ws/src/semnav_migration/src/navigation_semantic.cpp:561:96: error: invalid operands of types ‘const char [53]’ and ‘double’ to binary ‘operator<<’
[80.760s]   561 |                         ROS_WARN_STREAM("[Navigation] Diffeomorphism jacobian determinant is " << MatrixDeterminant(RobotPositionTransformedD) << ", robot position is " << bg::dsv(RobotPosition_) << " and robot positon in model space is " << bg::dsv(RobotPositionTransformedPoint));
[80.761s]       |                                         ~~~~~~~~~~~~~~~~~~~~~~~~~~~~~~~~~~~~~~~~~~~~~~~~~~~~~~ ^~ ~~~~~~~~~~~~~~~~~~~~~~~~~~~~~~~~~~~~~~~~~~~~
[80.761s]       |                                         |                                                                          |
[80.761s]       |                                         const char [53]                                                            double
[80.821s] /home/neha/ros2_ws/src/semnav_migration/src/navigation.cpp:593:25: error: ‘ROS_WARN_STREAM’ was not declared in this scope; did you mean ‘RCLCPP_WARN_STREAM’?
[80.822s]   593 |                         ROS_WARN_STREAM("[Navigation] Linear command is " << LinearCmd << " and angular command is " << AngularCmd);
[80.822s]       |                         ^~~~~~~~~~~~~~~
[80.822s]       |                         RCLCPP_WARN_STREAM
[80.822s] /home/neha/ros2_ws/src/semnav_migration/src/navigation.cpp:594:76: error: invalid operands of types ‘const char [33]’ and ‘int’ to binary ‘operator<<’
[80.822s]   594 |                         ROS_WARN_STREAM("[Navigation] Command update for " << int(localDiffeoTreeArray.size()) << " polygons in " << rclcpp::Time::now().toSec()-before_time << " seconds.");
[80.822s]       |                                         ~~~~~~~~~~~~~~~~~~~~~~~~~~~~~~~~~~ ^~ ~~~~~~~~~~~~~~~~~~~~~~~~~~~~~~~~
[80.822s]       |                                         |                                     |
[80.822s]       |                                         const char [33]                       int
[80.823s] /home/neha/ros2_ws/src/semnav_migration/src/navigation.cpp:594:148: error: ‘now’ is not a member of ‘rclcpp::Time’
[80.823s]   594 |                         ROS_WARN_STREAM("[Navigation] Command update for " << int(localDiffeoTreeArray.size()) << " polygons in " << rclcpp::Time::now().toSec()-before_time << " seconds.");
[80.825s]       |                                                                                                                                                    ^~~
[80.825s] /home/neha/ros2_ws/src/semnav_migration/src/navigation.cpp: In function ‘int main(int, char**)’:
[80.825s] /home/neha/ros2_ws/src/semnav_migration/src/navigation.cpp:675:42: error: no matching function for call to ‘NavigationNode::NavigationNode(rclcpp::Node*)’
[80.826s]   675 |         NavigationNode navigationNode(&nh);
[80.826s]       |                                          ^
[80.826s] /home/neha/ros2_ws/src/semnav_migration/src/navigation.cpp:45:9: note: candidate: ‘NavigationNode::NavigationNode()’
[80.826s]    45 |         NavigationNode() : Node("navigation_node") {
[80.826s]       |         ^~~~~~~~~~~~~~
[80.826s] /home/neha/ros2_ws/src/semnav_migration/src/navigation.cpp:45:9: note:   candidate expects 0 arguments, 1 provided
[80.857s] /home/neha/ros2_ws/src/semnav_migration/src/navigation_semantic.cpp:561:25: error: ‘ROS_WARN_STREAM’ was not declared in this scope; did you mean ‘RCLCPP_WARN_STREAM’?
[80.857s]   561 |                         ROS_WARN_STREAM("[Navigation] Diffeomorphism jacobian determinant is " << MatrixDeterminant(RobotPositionTransformedD) << ", robot position is " << bg::dsv(RobotPosition_) << " and robot positon in model space is " << bg::dsv(RobotPositionTransformedPoint));
[80.857s]       |                         ^~~~~~~~~~~~~~~
[80.857s]       |                         RCLCPP_WARN_STREAM
[80.861s] /home/neha/ros2_ws/src/semnav_migration/src/navigation_semantic.cpp:590:41: error: ‘ros’ has not been declared
[80.861s]   590 |                                         ros::Duration(5.0).sleep();
[80.862s]       |                                         ^~~
[80.870s] /home/neha/ros2_ws/src/semnav_migration/src/navigation_semantic.cpp:615:75: error: invalid operands of types ‘const char [32]’ and ‘double’ to binary ‘operator<<’
[80.870s]   615 |                         ROS_WARN_STREAM("[Navigation] Linear command is " << LinearCmd << " and angular command is " << AngularCmd);
[80.871s]       |                                         ~~~~~~~~~~~~~~~~~~~~~~~~~~~~~~~~~ ^~ ~~~~~~~~~
[80.871s]       |                                         |                                    |
[80.871s]       |                                         const char [32]                      double
[80.871s] /home/neha/ros2_ws/src/semnav_migration/src/navigation_semantic.cpp:616:76: error: invalid operands of types ‘const char [33]’ and ‘int’ to binary ‘operator<<’
[80.871s]   616 |                         ROS_WARN_STREAM("[Navigation] Command update for " << int(localDiffeoTreeArray.size()) << " polygons in " << ros::Time::now().toSec()-before_time << " seconds.");
[80.871s]       |                                         ~~~~~~~~~~~~~~~~~~~~~~~~~~~~~~~~~~ ^~ ~~~~~~~~~~~~~~~~~~~~~~~~~~~~~~~~
[80.872s]       |                                         |                                     |
[80.872s]       |                                         const char [33]                       int
[80.872s] /home/neha/ros2_ws/src/semnav_migration/src/navigation_semantic.cpp:616:134: error: ‘ros’ has not been declared
[80.872s]   616 |                         ROS_WARN_STREAM("[Navigation] Command update for " << int(localDiffeoTreeArray.size()) << " polygons in " << ros::Time::now().toSec()-before_time << " seconds.");
[80.872s]       |                                                                                                                                      ^~~
[80.876s] /home/neha/ros2_ws/src/semnav_migration/src/navigation_semantic.cpp: In function ‘int main(int, char**)’:
[80.876s] /home/neha/ros2_ws/src/semnav_migration/src/navigation_semantic.cpp:697:9: error: ‘ros’ has not been declared
[80.876s]   697 |         ros::init(argc, argv, "navigation_semantic");
[80.877s]       |         ^~~
[80.877s] /home/neha/ros2_ws/src/semnav_migration/src/navigation_semantic.cpp:700:9: error: ‘ros’ has not been declared
[80.877s]   700 |         ros::NodeHandle nh("~");
[80.877s]       |         ^~~
[80.898s] /home/neha/ros2_ws/src/semnav_migration/src/navigation_semantic.cpp:703:56: error: ‘nh’ was not declared in this scope
[80.898s]   703 |         SemanticNavigationNode semanticNavigationNode(&nh);
[80.898s]       |                                                        ^~
[87.769s] gmake[2]: *** [CMakeFiles/navigation_semantic.dir/build.make:76: CMakeFiles/navigation_semantic.dir/src/navigation_semantic.cpp.o] Error 1
[87.771s] gmake[1]: *** [CMakeFiles/Makefile2:207: CMakeFiles/navigation_semantic.dir/all] Error 2
[87.771s] gmake[1]: *** Waiting for unfinished jobs....
[90.056s] gmake[2]: *** [CMakeFiles/navigation.dir/build.make:76: CMakeFiles/navigation.dir/src/navigation.cpp.o] Error 1
[90.056s] gmake[1]: *** [CMakeFiles/Makefile2:181: CMakeFiles/navigation.dir/all] Error 2
[90.056s] gmake: *** [Makefile:146: all] Error 2
[90.060s] Invoked command in '/home/neha/ros2_ws/src/semnav_migration/build/semnav' returned '2': CMAKE_PREFIX_PATH=${CMAKE_PREFIX_PATH}:/opt/ros/jazzy DEBUGINFOD_URLS=https://debuginfod.ubuntu.com /usr/bin/cmake --build /home/neha/ros2_ws/src/semnav_migration/build/semnav -- -j2 -l2
