[0.029s] Invoking command in '/home/neha/ros2_ws/src/semnav_migration/build/semnav': CMAKE_PREFIX_PATH=${CMAKE_PREFIX_PATH}:/opt/ros/jazzy DEBUGINFOD_URLS=https://debuginfod.ubuntu.com /usr/bin/cmake --build /home/neha/ros2_ws/src/semnav_migration/build/semnav -- -j2 -l2
[0.201s] [ 14%] Built target reactive_planner
[0.302s] [ 23%] Built target navigation
[0.403s] [ 33%] Built target navigation_semantic
[0.543s] [ 38%] Building CXX object CMakeFiles/navigation_humans.dir/src/navigation_humans.cpp.o
[11.642s] [ 42%] Building CXX object CMakeFiles/human_following.dir/src/human_following.cpp.o
[22.973s] /home/neha/ros2_ws/src/semnav_migration/src/navigation_humans.cpp: In member function ‘void NavigationHumansNode::human_update(const object_pose_interface_msgs::msg::KeypointDetections3D_<std::allocator<void> >::ConstPtr&)’:
[22.974s] /home/neha/ros2_ws/src/semnav_migration/src/navigation_humans.cpp:287:95: error: ‘const object_pose_interface_msgs::msg::KeypointDetections3D_<std::allocator<void> >::_header_type’ {aka ‘const struct builtin_interfaces::msg::Time_<std::allocator<void> >’} has no member named ‘stamp’
[22.974s]   287 |                                                 pointCamera.header.stamp = human_data->header.stamp;
[22.974s]       |                                                                                               ^~~~~
[22.977s] /home/neha/ros2_ws/src/semnav_migration/src/navigation_humans.cpp:300:90: error: ‘const object_pose_interface_msgs::msg::KeypointDetections3D_<std::allocator<void> >::_header_type’ {aka ‘const struct builtin_interfaces::msg::Time_<std::allocator<void> >’} has no member named ‘stamp’
[22.977s]   300 |                                             camera_optical_frame_id_, human_data->header.stamp,
[22.977s]       |                                                                                          ^~~~~
[35.055s] /home/neha/ros2_ws/src/semnav_migration/src/human_following.cpp:44:36: error: ‘ros’ has not been declared
[35.056s]    44 |                 HumanFollowingNode(ros::NodeHandle* nodehandle) : nh_(*nodehandle) {
[35.056s]       |                                    ^~~
[35.056s] /home/neha/ros2_ws/src/semnav_migration/src/human_following.cpp:44:51: error: expected ‘)’ before ‘*’ token
[35.056s]    44 |                 HumanFollowingNode(ros::NodeHandle* nodehandle) : nh_(*nodehandle) {
[35.056s]       |                                   ~               ^
[35.056s]       |                                                   )
[35.057s] /home/neha/ros2_ws/src/semnav_migration/src/human_following.cpp:242:69: error: ‘KeypointDetections3D’ in namespace ‘object_pose_interface_msgs’ does not name a type
[35.057s]   242 |                 void human_update(const object_pose_interface_msgs::KeypointDetections3D::ConstPtr& human_data) {
[35.059s]       |                                                                     ^~~~~~~~~~~~~~~~~~~~
[35.059s] /home/neha/ros2_ws/src/semnav_migration/src/human_following.cpp:242:99: error: expected unqualified-id before ‘&’ token
[35.059s]   242 |                 void human_update(const object_pose_interface_msgs::KeypointDetections3D::ConstPtr& human_data) {
[35.059s]       |                                                                                                   ^
[35.060s] /home/neha/ros2_ws/src/semnav_migration/src/human_following.cpp:242:99: error: expected ‘)’ before ‘&’ token
[35.060s]   242 |                 void human_update(const object_pose_interface_msgs::KeypointDetections3D::ConstPtr& human_data) {
[35.060s]       |                                  ~                                                                ^
[35.060s]       |                                                                                                   )
[35.060s] /home/neha/ros2_ws/src/semnav_migration/src/human_following.cpp:242:99: error: expected ‘;’ at end of member declaration
[35.060s]   242 |                 void human_update(const object_pose_interface_msgs::KeypointDetections3D::ConstPtr& human_data) {
[35.061s]       |                                                                                                   ^
[35.061s]       |                                                                                                    ;
[35.079s] /home/neha/ros2_ws/src/semnav_migration/src/human_following.cpp:242:101: error: ‘human_data’ does not name a type
[35.079s]   242 |                 void human_update(const object_pose_interface_msgs::KeypointDetections3D::ConstPtr& human_data) {
[35.080s]       |                                                                                                     ^~~~~~~~~~
[35.080s] /home/neha/ros2_ws/src/semnav_migration/src/human_following.cpp:288:75: error: ‘SemanticMapObjectArray’ in namespace ‘object_pose_interface_msgs’ does not name a type
[35.080s]   288 |                 void diffeo_tree_update(const object_pose_interface_msgs::SemanticMapObjectArray::ConstPtr& semantic_map_data) {
[35.080s]       |                                                                           ^~~~~~~~~~~~~~~~~~~~~~
[35.080s] /home/neha/ros2_ws/src/semnav_migration/src/human_following.cpp:288:107: error: expected unqualified-id before ‘&’ token
[35.080s]   288 |                 void diffeo_tree_update(const object_pose_interface_msgs::SemanticMapObjectArray::ConstPtr& semantic_map_data) {
[35.081s]       |                                                                                                           ^
[35.081s] /home/neha/ros2_ws/src/semnav_migration/src/human_following.cpp:288:107: error: expected ‘)’ before ‘&’ token
[35.083s]   288 |                 void diffeo_tree_update(const object_pose_interface_msgs::SemanticMapObjectArray::ConstPtr& semantic_map_data) {
[35.083s]       |                                        ~                                                                  ^
[35.083s]       |                                                                                                           )
[35.083s] /home/neha/ros2_ws/src/semnav_migration/src/human_following.cpp:288:107: error: expected ‘;’ at end of member declaration
[35.084s]   288 |                 void diffeo_tree_update(const object_pose_interface_msgs::SemanticMapObjectArray::ConstPtr& semantic_map_data) {
[35.084s]       |                                                                                                           ^
[35.084s]       |                                                                                                            ;
[35.126s] /home/neha/ros2_ws/src/semnav_migration/src/human_following.cpp:288:109: error: ‘semantic_map_data’ does not name a type
[35.127s]   288 |                 void diffeo_tree_update(const object_pose_interface_msgs::SemanticMapObjectArray::ConstPtr& semantic_map_data) {
[35.127s]       |                                                                                                             ^~~~~~~~~~~~~~~~~
[35.127s] /home/neha/ros2_ws/src/semnav_migration/src/human_following.cpp:375:58: error: ‘LaserScan’ in namespace ‘sensor_msgs’ does not name a type
[35.127s]   375 |                 void control_callback(const sensor_msgs::LaserScan::ConstPtr& lidar_data, const nav_msgs::Odometry::ConstPtr& robot_data) {
[35.128s]       |                                                          ^~~~~~~~~
[35.128s] /home/neha/ros2_ws/src/semnav_migration/src/human_following.cpp:375:77: error: expected unqualified-id before ‘&’ token
[35.129s]   375 |                 void control_callback(const sensor_msgs::LaserScan::ConstPtr& lidar_data, const nav_msgs::Odometry::ConstPtr& robot_data) {
[35.129s]       |                                                                             ^
[35.129s] /home/neha/ros2_ws/src/semnav_migration/src/human_following.cpp:375:77: error: expected ‘)’ before ‘&’ token
[35.129s]   375 |                 void control_callback(const sensor_msgs::LaserScan::ConstPtr& lidar_data, const nav_msgs::Odometry::ConstPtr& robot_data) {
[35.129s]       |                                      ~                                      ^
[35.129s]       |                                                                             )
[35.130s] /home/neha/ros2_ws/src/semnav_migration/src/human_following.cpp:375:77: error: expected ‘;’ at end of member declaration
[35.130s]   375 |                 void control_callback(const sensor_msgs::LaserScan::ConstPtr& lidar_data, const nav_msgs::Odometry::ConstPtr& robot_data) {
[35.133s]       |                                                                             ^
[35.133s]       |                                                                              ;
[35.145s] /home/neha/ros2_ws/src/semnav_migration/src/human_following.cpp:375:79: error: ‘lidar_data’ does not name a type
[35.145s]   375 |                 void control_callback(const sensor_msgs::LaserScan::ConstPtr& lidar_data, const nav_msgs::Odometry::ConstPtr& robot_data) {
[35.146s]       |                                                                               ^~~~~~~~~~
[35.152s] /home/neha/ros2_ws/src/semnav_migration/src/human_following.cpp:643:17: error: ‘ros’ does not name a type
[35.153s]   643 |                 ros::NodeHandle nh_;
[35.153s]       |                 ^~~
[35.161s] /home/neha/ros2_ws/src/semnav_migration/src/human_following.cpp:662:17: error: ‘ros’ does not name a type
[35.161s]   662 |                 ros::Publisher pub_behaviorID_;
[35.162s]       |                 ^~~
[35.167s] /home/neha/ros2_ws/src/semnav_migration/src/human_following.cpp:663:17: error: ‘ros’ does not name a type
[35.168s]   663 |                 ros::Publisher pub_behaviorMode_;
[35.168s]       |                 ^~~
[35.174s] /home/neha/ros2_ws/src/semnav_migration/src/human_following.cpp:664:17: error: ‘ros’ does not name a type
[35.175s]   664 |                 ros::Publisher pub_twist_;
[35.175s]       |                 ^~~
[35.182s] /home/neha/ros2_ws/src/semnav_migration/src/human_following.cpp:666:17: error: ‘ros’ does not name a type
[35.182s]   666 |                 ros::Publisher pub_semantic_map_;
[35.182s]       |                 ^~~
[35.189s] /home/neha/ros2_ws/src/semnav_migration/src/human_following.cpp:695:17: error: ‘ros’ does not name a type
[35.189s]   695 |                 ros::Time Goal_camera_stamp_;
[35.189s]       |                 ^~~
[35.206s] /home/neha/ros2_ws/src/semnav_migration/src/human_following.cpp:715:17: error: ‘tf’ does not name a type; did you mean ‘tm’?
[35.206s]   715 |                 tf::TransformListener listener_;
[35.206s]       |                 ^~
[35.207s]       |                 tm
[35.210s] /home/neha/ros2_ws/src/semnav_migration/src/human_following.cpp: In member function ‘void HumanFollowingNode::publish_twist(double, double)’:
[35.211s] /home/neha/ros2_ws/src/semnav_migration/src/human_following.cpp:166:40: error: ‘Twist’ is not a member of ‘geometry_msgs’; did you mean ‘geometry_msgs::msg::Twist’?
[35.211s]   166 |                         geometry_msgs::Twist commandTwist;
[35.211s]       |                                        ^~~~~
[35.214s] In file included from /opt/ros/jazzy/include/geometry_msgs/geometry_msgs/msg/detail/velocity_stamped__struct.hpp:25,
[35.214s]                  from /opt/ros/jazzy/include/geometry_msgs/geometry_msgs/msg/velocity_stamped.hpp:7,
[35.214s]                  from /opt/ros/jazzy/include/tf2/tf2/buffer_core.h:49,
[35.215s]                  from /opt/ros/jazzy/include/tf2_ros/tf2_ros/async_buffer_interface.h:39,
[35.215s]                  from /opt/ros/jazzy/include/tf2_ros/tf2_ros/buffer.h:42,
[35.215s]                  from /home/neha/ros2_ws/src/semnav_migration/include/reactive_planner_lib.h:40,
[35.215s]                  from /home/neha/ros2_ws/src/semnav_migration/src/human_following.cpp:25:
[35.215s] /opt/ros/jazzy/include/geometry_msgs/geometry_msgs/msg/detail/twist__struct.hpp:137:7: note: ‘geometry_msgs::msg::Twist’ declared here
[35.215s]   137 | using Twist =
[35.215s]       |       ^~~~~
[35.292s] /home/neha/ros2_ws/src/semnav_migration/src/human_following.cpp:167:25: error: ‘commandTwist’ was not declared in this scope
[35.292s]   167 |                         commandTwist.linear.x = LinearCmd;
[35.293s]       |                         ^~~~~~~~~~~~
[35.345s] /home/neha/ros2_ws/src/semnav_migration/src/human_following.cpp:169:25: error: ‘pub_twist_’ was not declared in this scope; did you mean ‘publish_twist’?
[35.345s]   169 |                         pub_twist_.publish(commandTwist);
[35.345s]       |                         ^~~~~~~~~~
[35.345s]       |                         publish_twist
[35.350s] /home/neha/ros2_ws/src/semnav_migration/src/human_following.cpp: In member function ‘void HumanFollowingNode::publish_behavior_id(uint16_t)’:
[35.350s] /home/neha/ros2_ws/src/semnav_migration/src/human_following.cpp:174:35: error: ‘UInt32’ is not a member of ‘std_msgs’; did you mean ‘example_interfaces::msg::UInt32’?
[35.350s]   174 |                         std_msgs::UInt32 commandId;
[35.350s]       |                                   ^~~~~~
[35.351s] In file included from /opt/ros/jazzy/include/example_interfaces/example_interfaces/msg/u_int32.hpp:7,
[35.351s]                  from /home/neha/ros2_ws/src/semnav_migration/include/reactive_planner_lib.h:52:
[35.351s] /opt/ros/jazzy/include/example_interfaces/example_interfaces/msg/detail/u_int32__struct.hpp:125:7: note: ‘example_interfaces::msg::UInt32’ declared here
[35.351s]   125 | using UInt32 =
[35.352s]       |       ^~~~~~
[35.402s] /home/neha/ros2_ws/src/semnav_migration/src/human_following.cpp:175:25: error: ‘commandId’ was not declared in this scope
[35.403s]   175 |                         commandId.data = BehaviorIdCmd;
[35.403s]       |                         ^~~~~~~~~
[35.496s] /home/neha/ros2_ws/src/semnav_migration/src/human_following.cpp:176:25: error: ‘pub_behaviorID_’ was not declared in this scope; did you mean ‘pub_behaviorID_topic_’?
[35.496s]   176 |                         pub_behaviorID_.publish(commandId);
[35.496s]       |                         ^~~~~~~~~~~~~~~
[35.497s]       |                         pub_behaviorID_topic_
[35.504s] /home/neha/ros2_ws/src/semnav_migration/src/human_following.cpp: In member function ‘void HumanFollowingNode::publish_behavior_mode(uint16_t)’:
[35.504s] /home/neha/ros2_ws/src/semnav_migration/src/human_following.cpp:181:35: error: ‘UInt32’ is not a member of ‘std_msgs’; did you mean ‘example_interfaces::msg::UInt32’?
[35.505s]   181 |                         std_msgs::UInt32 commandMode;
[35.505s]       |                                   ^~~~~~
[35.505s] /opt/ros/jazzy/include/example_interfaces/example_interfaces/msg/detail/u_int32__struct.hpp:125:7: note: ‘example_interfaces::msg::UInt32’ declared here
[35.505s]   125 | using UInt32 =
[35.505s]       |       ^~~~~~
[35.572s] /home/neha/ros2_ws/src/semnav_migration/src/human_following.cpp:182:25: error: ‘commandMode’ was not declared in this scope
[35.572s]   182 |                         commandMode.data = BehaviorModeCmd;
[35.572s]       |                         ^~~~~~~~~~~
[35.673s] /home/neha/ros2_ws/src/semnav_migration/src/human_following.cpp:183:25: error: ‘pub_behaviorMode_’ was not declared in this scope; did you mean ‘pub_behaviorMode_topic_’?
[35.673s]   183 |                         pub_behaviorMode_.publish(commandMode);
[35.673s]       |                         ^~~~~~~~~~~~~~~~~
[35.673s]       |                         pub_behaviorMode_topic_
[35.729s] /home/neha/ros2_ws/src/semnav_migration/src/human_following.cpp: In function ‘int main(int, char**)’:
[35.729s] /home/neha/ros2_ws/src/semnav_migration/src/human_following.cpp:722:9: error: ‘ros’ has not been declared
[35.730s]   722 |         ros::init(argc, argv, "human_following");
[35.730s]       |         ^~~
[35.730s] /home/neha/ros2_ws/src/semnav_migration/src/human_following.cpp:725:9: error: ‘ros’ has not been declared
[35.730s]   725 |         ros::NodeHandle nh("~");
[35.730s]       |         ^~~
[35.751s] /home/neha/ros2_ws/src/semnav_migration/src/human_following.cpp:728:48: error: ‘nh’ was not declared in this scope
[35.751s]   728 |         HumanFollowingNode humanFollowingNode(&nh);
[35.751s]       |                                                ^~
[40.221s] gmake[2]: *** [CMakeFiles/human_following.dir/build.make:76: CMakeFiles/human_following.dir/src/human_following.cpp.o] Error 1
[40.222s] gmake[1]: *** [CMakeFiles/Makefile2:259: CMakeFiles/human_following.dir/all] Error 2
[40.222s] gmake[1]: *** Waiting for unfinished jobs....
[43.889s] gmake[2]: *** [CMakeFiles/navigation_humans.dir/build.make:76: CMakeFiles/navigation_humans.dir/src/navigation_humans.cpp.o] Error 1
[43.889s] gmake[1]: *** [CMakeFiles/Makefile2:233: CMakeFiles/navigation_humans.dir/all] Error 2
[43.890s] gmake: *** [Makefile:146: all] Error 2
[43.893s] Invoked command in '/home/neha/ros2_ws/src/semnav_migration/build/semnav' returned '2': CMAKE_PREFIX_PATH=${CMAKE_PREFIX_PATH}:/opt/ros/jazzy DEBUGINFOD_URLS=https://debuginfod.ubuntu.com /usr/bin/cmake --build /home/neha/ros2_ws/src/semnav_migration/build/semnav -- -j2 -l2
