[01m[K/home/neha/ros2_ws/src/current_semnav_migration/src/map_debug.cpp:[m[K In constructor â€˜[01m[KMapDebugNode::[01;32m[KMapDebugNode[m[K()[m[Kâ€™:
[01m[K/home/neha/ros2_ws/src/current_semnav_migration/src/map_debug.cpp:18:5:[m[K [01;31m[Kerror: [m[Kâ€˜[01m[Krclcpp::QoS::__ct [m[Kâ€™ names the constructor, not the type
   18 |     [01;31m[Krclcpp[m[K::QoS::QoS qos = rclcpp::QoS::QoS(rclcpp::QoSInitialization::from_rmw(rmw_qos_profile_t), rmw_qos_profile_t);
      |     [01;31m[K^~~~~~[m[K
[01m[K/home/neha/ros2_ws/src/current_semnav_migration/src/map_debug.cpp:18:22:[m[K [01;31m[Kerror: [m[Kexpected â€˜[01m[K;[m[Kâ€™ before â€˜[01m[Kqos[m[Kâ€™
   18 |     rclcpp::QoS::QoS [01;31m[Kqos[m[K = rclcpp::QoS::QoS(rclcpp::QoSInitialization::from_rmw(rmw_qos_profile_t), rmw_qos_profile_t);
      |                      [01;31m[K^~~[m[K
[01m[K/home/neha/ros2_ws/src/current_semnav_migration/src/map_debug.cpp:18:119:[m[K [01;31m[Kerror: [m[Kstatement cannot resolve address of overloaded function
   18 |     rclcpp::QoS::QoS qos = rclcpp::QoS::QoS(rclcpp::QoSInitialization::from_rmw(rmw_qos_profile_t), rmw_qos_profile_t)[01;31m[K;[m[K
      |                                                                                                                       [01;31m[K^[m[K
[01m[K/home/neha/ros2_ws/src/current_semnav_migration/src/map_debug.cpp:20:30:[m[K [01;31m[Kerror: [m[Kâ€˜[01m[Kqos[m[Kâ€™ was not declared in this scope; did you mean â€˜[01m[Kcos[m[Kâ€™?
   20 |         pub_semantic_topic_, [01;31m[Kqos[m[K);
      |                              [01;31m[K^~~[m[K
      |                              [32m[Kcos[m[K
gmake[2]: *** [CMakeFiles/map_debug.dir/build.make:76: CMakeFiles/map_debug.dir/src/map_debug.cpp.o] Error 1
gmake[1]: *** [CMakeFiles/Makefile2:337: CMakeFiles/map_debug.dir/all] Error 2
gmake: *** [Makefile:146: all] Error 2
