[0.027s] Invoking command in '/home/neha/ros2_ws/src/semnav_migration/build/semnav': CMAKE_PREFIX_PATH=${CMAKE_PREFIX_PATH}:/opt/ros/jazzy DEBUGINFOD_URLS=https://debuginfod.ubuntu.com /usr/bin/cmake --build /home/neha/ros2_ws/src/semnav_migration/build/semnav -- -j2 -l2
[0.236s] [ 14%] Built target reactive_planner
[0.378s] [ 23%] Building CXX object CMakeFiles/navigation_semantic.dir/src/navigation_semantic.cpp.o
[0.378s] [ 23%] Building CXX object CMakeFiles/navigation.dir/src/navigation.cpp.o
[22.175s] /home/neha/ros2_ws/src/semnav_migration/src/navigation.cpp:621:56: error: template argument 1 is invalid
[22.175s]   621 |         rclcpp::Publisher<example_interfaces/msg/UInt32>::SharedPtr pub_behaviorID_;
[22.176s]       |                                                        ^
[22.176s] /home/neha/ros2_ws/src/semnav_migration/src/navigation.cpp:621:59: error: expected ‘;’ at end of member declaration
[22.176s]   621 |         rclcpp::Publisher<example_interfaces/msg/UInt32>::SharedPtr pub_behaviorID_;
[22.176s]       |                                                           ^~~~~~~~~
[22.176s]       |                                                                    ;
[22.194s] /home/neha/ros2_ws/src/semnav_migration/src/navigation_semantic.cpp: In constructor ‘SemanticNavigationNode::SemanticNavigationNode()’:
[22.195s] /home/neha/ros2_ws/src/semnav_migration/src/navigation_semantic.cpp:46:75: error: no matching function for call to ‘rclcpp::Node::Node()’
[22.195s]    46 |                 SemanticNavigationNode() : Node("semantic_navigation_node")  {
[22.195s]       |                                                                           ^
[22.195s] In file included from /opt/ros/jazzy/include/rclcpp/rclcpp/executors/single_threaded_executor.hpp:28,
[22.195s]                  from /opt/ros/jazzy/include/rclcpp/rclcpp/executors.hpp:22,
[22.196s]                  from /opt/ros/jazzy/include/rclcpp/rclcpp/rclcpp.hpp:172,
[22.196s]                  from /home/neha/ros2_ws/src/semnav_migration/include/reactive_planner_lib.h:32,
[22.196s]                  from /home/neha/ros2_ws/src/semnav_migration/src/navigation_semantic.cpp:25:
[22.196s] /opt/ros/jazzy/include/rclcpp/rclcpp/node.hpp:1629:3: note: candidate: ‘rclcpp::Node::Node(const rclcpp::Node&, const std::string&)’
[22.196s]  1629 |   Node(
[22.196s]       |   ^~~~
[22.196s] /opt/ros/jazzy/include/rclcpp/rclcpp/node.hpp:1629:3: note:   candidate expects 2 arguments, 0 provided
[22.197s] /opt/ros/jazzy/include/rclcpp/rclcpp/node.hpp:103:12: note: candidate: ‘rclcpp::Node::Node(const std::string&, const std::string&, const rclcpp::NodeOptions&)’
[22.197s]   103 |   explicit Node(
[22.201s]       |            ^~~~
[22.201s] /opt/ros/jazzy/include/rclcpp/rclcpp/node.hpp:103:12: note:   candidate expects 3 arguments, 0 provided
[22.201s] /opt/ros/jazzy/include/rclcpp/rclcpp/node.hpp:91:12: note: candidate: ‘rclcpp::Node::Node(const std::string&, const rclcpp::NodeOptions&)’
[22.201s]    91 |   explicit Node(
[22.202s]       |            ^~~~
[22.202s] /opt/ros/jazzy/include/rclcpp/rclcpp/node.hpp:91:12: note:   candidate expects 2 arguments, 0 provided
[22.202s] /home/neha/ros2_ws/src/semnav_migration/src/navigation_semantic.cpp:46:75: error: no matching function for call to ‘tf2_ros::TransformListener::TransformListener()’
[22.202s]    46 |                 SemanticNavigationNode() : Node("semantic_navigation_node")  {
[22.203s]       |                                                                           ^
[22.203s] In file included from /home/neha/ros2_ws/src/semnav_migration/include/reactive_planner_lib.h:39:
[22.203s] /opt/ros/jazzy/include/tf2_ros/tf2_ros/transform_listener.h:121:3: note: candidate: ‘template<class AllocatorT> tf2_ros::TransformListener::TransformListener(tf2::BufferCore&, rclcpp::node_interfaces::NodeBaseInterface::SharedPtr, rclcpp::node_interfaces::NodeLoggingInterface::SharedPtr, rclcpp::node_interfaces::NodeParametersInterface::SharedPtr, rclcpp::node_interfaces::NodeTopicsInterface::SharedPtr, bool, const rclcpp::QoS&, const rclcpp::QoS&, const rclcpp::SubscriptionOptionsWithAllocator<AllocatorT>&, const rclcpp::SubscriptionOptionsWithAllocator<AllocatorT>&)’
[22.203s]   121 |   TransformListener(
[22.203s]       |   ^~~~~~~~~~~~~~~~~
[22.203s] /opt/ros/jazzy/include/tf2_ros/tf2_ros/transform_listener.h:121:3: note:   template argument deduction/substitution failed:
[22.203s] /home/neha/ros2_ws/src/semnav_migration/src/navigation_semantic.cpp:46:75: note:   candidate expects 10 arguments, 0 provided
[22.204s]    46 |                 SemanticNavigationNode() : Node("semantic_navigation_node")  {
[22.204s]       |                                                                           ^
[22.206s] /opt/ros/jazzy/include/tf2_ros/tf2_ros/transform_listener.h:96:3: note: candidate: ‘template<class NodeT, class AllocatorT> tf2_ros::TransformListener::TransformListener(tf2::BufferCore&, NodeT&&, bool, const rclcpp::QoS&, const rclcpp::QoS&, const rclcpp::SubscriptionOptionsWithAllocator<AllocatorT>&, const rclcpp::SubscriptionOptionsWithAllocator<AllocatorT>&)’
[22.206s]    96 |   TransformListener(
[22.206s]       |   ^~~~~~~~~~~~~~~~~
[22.206s] /opt/ros/jazzy/include/tf2_ros/tf2_ros/transform_listener.h:96:3: note:   template argument deduction/substitution failed:
[22.207s] /home/neha/ros2_ws/src/semnav_migration/src/navigation_semantic.cpp:46:75: note:   candidate expects 7 arguments, 0 provided
[22.207s]    46 |                 SemanticNavigationNode() : Node("semantic_navigation_node")  {
[22.207s]       |                                                                           ^
[22.207s] /opt/ros/jazzy/include/tf2_ros/tf2_ros/transform_listener.h:92:12: note: candidate: ‘tf2_ros::TransformListener::TransformListener(tf2::BufferCore&, bool)’
[22.207s]    92 |   explicit TransformListener(tf2::BufferCore & buffer, bool spin_thread = true);
[22.207s]       |            ^~~~~~~~~~~~~~~~~
[22.207s] /opt/ros/jazzy/include/tf2_ros/tf2_ros/transform_listener.h:92:12: note:   candidate expects 2 arguments, 0 provided
[22.223s] /home/neha/ros2_ws/src/semnav_migration/src/navigation.cpp:621:69: error: ‘pub_behaviorID_’ does not name a type
[22.223s]   621 |         rclcpp::Publisher<example_interfaces/msg/UInt32>::SharedPtr pub_behaviorID_;
[22.223s]       |                                                                     ^~~~~~~~~~~~~~~
[22.224s] /home/neha/ros2_ws/src/semnav_migration/src/navigation.cpp:622:56: error: template argument 1 is invalid
[22.224s]   622 |         rclcpp::Publisher<example_interfaces/msg/UInt32>::SharedPtr pub_behaviorMode_;
[22.224s]       |                                                        ^
[22.225s] /home/neha/ros2_ws/src/semnav_migration/src/navigation.cpp:622:59: error: expected ‘;’ at end of member declaration
[22.225s]   622 |         rclcpp::Publisher<example_interfaces/msg/UInt32>::SharedPtr pub_behaviorMode_;
[22.225s]       |                                                           ^~~~~~~~~
[22.225s]       |                                                                    ;
[22.225s] /home/neha/ros2_ws/src/semnav_migration/src/navigation.cpp:622:59: error: redeclaration of ‘int NavigationNode::SharedPtr’
[22.226s] /home/neha/ros2_ws/src/semnav_migration/src/navigation.cpp:621:59: note: previous declaration ‘int NavigationNode::SharedPtr’
[22.226s]   621 |         rclcpp::Publisher<example_interfaces/msg/UInt32>::SharedPtr pub_behaviorID_;
[22.226s]       |                                                           ^~~~~~~~~
[22.275s] /home/neha/ros2_ws/src/semnav_migration/src/navigation.cpp:622:69: error: ‘pub_behaviorMode_’ does not name a type
[22.276s]   622 |         rclcpp::Publisher<example_interfaces/msg/UInt32>::SharedPtr pub_behaviorMode_;
[22.276s]       |                                                                     ^~~~~~~~~~~~~~~~~
[22.276s] /home/neha/ros2_ws/src/semnav_migration/src/navigation.cpp:623:56: error: template argument 1 is invalid
[22.276s]   623 |         rclcpp::Publisher<example_interfaces/msg/UInt32>::SharedPtr pub_twist_;
[22.276s]       |                                                        ^
[22.277s] /home/neha/ros2_ws/src/semnav_migration/src/navigation.cpp:623:59: error: expected ‘;’ at end of member declaration
[22.277s]   623 |         rclcpp::Publisher<example_interfaces/msg/UInt32>::SharedPtr pub_twist_;
[22.277s]       |                                                           ^~~~~~~~~
[22.277s]       |                                                                    ;
[22.280s] /home/neha/ros2_ws/src/semnav_migration/src/navigation.cpp:623:59: error: redeclaration of ‘int NavigationNode::SharedPtr’
[22.280s] /home/neha/ros2_ws/src/semnav_migration/src/navigation.cpp:621:59: note: previous declaration ‘int NavigationNode::SharedPtr’
[22.280s]   621 |         rclcpp::Publisher<example_interfaces/msg/UInt32>::SharedPtr pub_behaviorID_;
[22.281s]       |                                                           ^~~~~~~~~
[22.298s] /home/neha/ros2_ws/src/semnav_migration/src/navigation_semantic.cpp:143:116: error: no matching function for call to ‘message_filters::Subscriber<sensor_msgs::msg::LaserScan_<std::allocator<void> > >::Subscriber(rclcpp::Node&, std::string&, int)’
[22.298s]   143 |                         message_filters::Subscriber<sensor_msgs::msg::LaserScan> sub_laser(nh_, sub_laser_topic_, 1);
[22.298s]       |                                                                                                                    ^
[22.299s] In file included from /home/neha/ros2_ws/src/semnav_migration/include/reactive_planner_lib.h:43:
[22.299s] /opt/ros/jazzy/include/message_filters/message_filters/subscriber.h:224:3: note: candidate: ‘message_filters::Subscriber<M, NodeType>::Subscriber() [with M = sensor_msgs::msg::LaserScan_<std::allocator<void> >; NodeType = rclcpp::Node]’
[22.299s]   224 |   Subscriber() = default;
[22.299s]       |   ^~~~~~~~~~
[22.299s] /opt/ros/jazzy/include/message_filters/message_filters/subscriber.h:224:3: note:   candidate expects 0 arguments, 3 provided
[22.299s] /opt/ros/jazzy/include/message_filters/message_filters/subscriber.h:212:3: note: candidate: ‘message_filters::Subscriber<M, NodeType>::Subscriber(NodeType*, const std::string&, rmw_qos_profile_t, rclcpp::SubscriptionOptions) [with M = sensor_msgs::msg::LaserScan_<std::allocator<void> >; NodeType = rclcpp::Node; std::string = std::__cxx11::basic_string<char>; rmw_qos_profile_t = rmw_qos_profile_s; rclcpp::SubscriptionOptions = rclcpp::SubscriptionOptionsWithAllocator<std::allocator<void> >]’
[22.299s]   212 |   Subscriber(
[22.300s]       |   ^~~~~~~~~~
[22.300s] /opt/ros/jazzy/include/message_filters/message_filters/subscriber.h:212:3: note:   candidate expects 4 arguments, 3 provided
[22.300s] /opt/ros/jazzy/include/message_filters/message_filters/subscriber.h:203:3: note: candidate: ‘message_filters::Subscriber<M, NodeType>::Subscriber(NodePtr, const std::string&, rmw_qos_profile_t, rclcpp::SubscriptionOptions) [with M = sensor_msgs::msg::LaserScan_<std::allocator<void> >; NodeType = rclcpp::Node; NodePtr = std::shared_ptr<rclcpp::Node>; std::string = std::__cxx11::basic_string<char>; rmw_qos_profile_t = rmw_qos_profile_s; rclcpp::SubscriptionOptions = rclcpp::SubscriptionOptionsWithAllocator<std::allocator<void> >]’
[22.300s]   203 |   Subscriber(
[22.300s]       |   ^~~~~~~~~~
[22.300s] /opt/ros/jazzy/include/message_filters/message_filters/subscriber.h:203:3: note:   candidate expects 4 arguments, 3 provided
[22.300s] /opt/ros/jazzy/include/message_filters/message_filters/subscriber.h:188:3: note: candidate: ‘message_filters::Subscriber<M, NodeType>::Subscriber(NodeType*, const std::string&, rmw_qos_profile_t) [with M = sensor_msgs::msg::LaserScan_<std::allocator<void> >; NodeType = rclcpp::Node; std::string = std::__cxx11::basic_string<char>; rmw_qos_profile_t = rmw_qos_profile_s]’
[22.301s]   188 |   Subscriber(NodeType * node, const std::string& topic, const rmw_qos_profile_t qos = rmw_qos_profile_default)
[22.301s]       |   ^~~~~~~~~~
[22.305s] /opt/ros/jazzy/include/message_filters/message_filters/subscriber.h:188:25: note:   no known conversion for argument 1 from ‘rclcpp::Node’ to ‘rclcpp::Node*’
[22.305s]   188 |   Subscriber(NodeType * node, const std::string& topic, const rmw_qos_profile_t qos = rmw_qos_profile_default)
[22.305s]       |              ~~~~~~~~~~~^~~~
[22.306s] /opt/ros/jazzy/include/message_filters/message_filters/subscriber.h:183:3: note: candidate: ‘message_filters::Subscriber<M, NodeType>::Subscriber(NodePtr, const std::string&, rmw_qos_profile_t) [with M = sensor_msgs::msg::LaserScan_<std::allocator<void> >; NodeType = rclcpp::Node; NodePtr = std::shared_ptr<rclcpp::Node>; std::string = std::__cxx11::basic_string<char>; rmw_qos_profile_t = rmw_qos_profile_s]’
[22.306s]   183 |   Subscriber(NodePtr node, const std::string& topic, const rmw_qos_profile_t qos = rmw_qos_profile_default)
[22.306s]       |   ^~~~~~~~~~
[22.306s] /opt/ros/jazzy/include/message_filters/message_filters/subscriber.h:183:22: note:   no known conversion for argument 1 from ‘rclcpp::Node’ to ‘message_filters::Subscriber<sensor_msgs::msg::LaserScan_<std::allocator<void> > >::NodePtr’ {aka ‘std::shared_ptr<rclcpp::Node>’}
[22.306s]   183 |   Subscriber(NodePtr node, const std::string& topic, const rmw_qos_profile_t qos = rmw_qos_profile_default)
[22.306s]       |              ~~~~~~~~^~~~
[22.307s] /home/neha/ros2_ws/src/semnav_migration/src/navigation.cpp:623:69: error: ‘pub_twist_’ does not name a type
[22.307s]   623 |         rclcpp::Publisher<example_interfaces/msg/UInt32>::SharedPtr pub_twist_;
[22.307s]       |                                                                     ^~~~~~~~~~
[22.315s] /home/neha/ros2_ws/src/semnav_migration/src/navigation.cpp: In constructor ‘NavigationNode::NavigationNode()’:
[22.315s] /home/neha/ros2_ws/src/semnav_migration/src/navigation.cpp:46:71: error: no matching function for call to ‘rclcpp::Node::Node()’
[22.316s]    46 |         NavigationNode() : rclcpp::Node(std::string("navigation_node")) {
[22.316s]       |                                                                       ^
[22.317s] In file included from /opt/ros/jazzy/include/rclcpp/rclcpp/executors/single_threaded_executor.hpp:28,
[22.317s]                  from /opt/ros/jazzy/include/rclcpp/rclcpp/executors.hpp:22,
[22.317s]                  from /opt/ros/jazzy/include/rclcpp/rclcpp/rclcpp.hpp:172,
[22.317s]                  from /home/neha/ros2_ws/src/semnav_migration/include/reactive_planner_lib.h:32,
[22.317s]                  from /home/neha/ros2_ws/src/semnav_migration/src/navigation.cpp:25:
[22.317s] /opt/ros/jazzy/include/rclcpp/rclcpp/node.hpp:1629:3: note: candidate: ‘rclcpp::Node::Node(const rclcpp::Node&, const std::string&)’
[22.317s]  1629 |   Node(
[22.318s]       |   ^~~~
[22.318s] /opt/ros/jazzy/include/rclcpp/rclcpp/node.hpp:1629:3: note:   candidate expects 2 arguments, 0 provided
[22.318s] /opt/ros/jazzy/include/rclcpp/rclcpp/node.hpp:103:12: note: candidate: ‘rclcpp::Node::Node(const std::string&, const std::string&, const rclcpp::NodeOptions&)’
[22.319s]   103 |   explicit Node(
[22.319s]       |            ^~~~
[22.319s] /opt/ros/jazzy/include/rclcpp/rclcpp/node.hpp:103:12: note:   candidate expects 3 arguments, 0 provided
[22.319s] /opt/ros/jazzy/include/rclcpp/rclcpp/node.hpp:91:12: note: candidate: ‘rclcpp::Node::Node(const std::string&, const rclcpp::NodeOptions&)’
[22.320s]    91 |   explicit Node(
[22.320s]       |            ^~~~
[22.320s] /opt/ros/jazzy/include/rclcpp/rclcpp/node.hpp:91:12: note:   candidate expects 2 arguments, 0 provided
[22.324s] /home/neha/ros2_ws/src/semnav_migration/src/navigation.cpp:46:71: error: no matching function for call to ‘tf2_ros::TransformListener::TransformListener()’
[22.324s]    46 |         NavigationNode() : rclcpp::Node(std::string("navigation_node")) {
[22.325s]       |                                                                       ^
[22.325s] In file included from /home/neha/ros2_ws/src/semnav_migration/include/reactive_planner_lib.h:39:
[22.325s] /opt/ros/jazzy/include/tf2_ros/tf2_ros/transform_listener.h:121:3: note: candidate: ‘template<class AllocatorT> tf2_ros::TransformListener::TransformListener(tf2::BufferCore&, rclcpp::node_interfaces::NodeBaseInterface::SharedPtr, rclcpp::node_interfaces::NodeLoggingInterface::SharedPtr, rclcpp::node_interfaces::NodeParametersInterface::SharedPtr, rclcpp::node_interfaces::NodeTopicsInterface::SharedPtr, bool, const rclcpp::QoS&, const rclcpp::QoS&, const rclcpp::SubscriptionOptionsWithAllocator<AllocatorT>&, const rclcpp::SubscriptionOptionsWithAllocator<AllocatorT>&)’
[22.325s]   121 |   TransformListener(
[22.325s]       |   ^~~~~~~~~~~~~~~~~
[22.325s] /opt/ros/jazzy/include/tf2_ros/tf2_ros/transform_listener.h:121:3: note:   template argument deduction/substitution failed:
[22.326s] /home/neha/ros2_ws/src/semnav_migration/src/navigation.cpp:46:71: note:   candidate expects 10 arguments, 0 provided
[22.326s]    46 |         NavigationNode() : rclcpp::Node(std::string("navigation_node")) {
[22.326s]       |                                                                       ^
[22.328s] /opt/ros/jazzy/include/tf2_ros/tf2_ros/transform_listener.h:96:3: note: candidate: ‘template<class NodeT, class AllocatorT> tf2_ros::TransformListener::TransformListener(tf2::BufferCore&, NodeT&&, bool, const rclcpp::QoS&, const rclcpp::QoS&, const rclcpp::SubscriptionOptionsWithAllocator<AllocatorT>&, const rclcpp::SubscriptionOptionsWithAllocator<AllocatorT>&)’
[22.328s]    96 |   TransformListener(
[22.328s]       |   ^~~~~~~~~~~~~~~~~
[22.329s] /opt/ros/jazzy/include/tf2_ros/tf2_ros/transform_listener.h:96:3: note:   template argument deduction/substitution failed:
[22.329s] /home/neha/ros2_ws/src/semnav_migration/src/navigation.cpp:46:71: note:   candidate expects 7 arguments, 0 provided
[22.329s]    46 |         NavigationNode() : rclcpp::Node(std::string("navigation_node")) {
[22.329s]       |                                                                       ^
[22.329s] /opt/ros/jazzy/include/tf2_ros/tf2_ros/transform_listener.h:92:12: note: candidate: ‘tf2_ros::TransformListener::TransformListener(tf2::BufferCore&, bool)’
[22.329s]    92 |   explicit TransformListener(tf2::BufferCore & buffer, bool spin_thread = true);
[22.329s]       |            ^~~~~~~~~~~~~~~~~
[22.330s] /opt/ros/jazzy/include/tf2_ros/tf2_ros/transform_listener.h:92:12: note:   candidate expects 2 arguments, 0 provided
[22.368s] /home/neha/ros2_ws/src/semnav_migration/src/navigation_semantic.cpp:144:100: error: no matching function for call to ‘message_filters::Subscriber<nav_msgs::msg::Odometry_<std::allocator<void> > >::Subscriber(rclcpp::Node&, std::string&, int)’
[22.368s]   144 |             message_filters::Subscriber<nav_msgs::msg::Odometry> sub_robot(nh_, sub_robot_topic_, 1);
[22.368s]       |                                                                                                    ^
[22.369s] /opt/ros/jazzy/include/message_filters/message_filters/subscriber.h:224:3: note: candidate: ‘message_filters::Subscriber<M, NodeType>::Subscriber() [with M = nav_msgs::msg::Odometry_<std::allocator<void> >; NodeType = rclcpp::Node]’
[22.369s]   224 |   Subscriber() = default;
[22.369s]       |   ^~~~~~~~~~
[22.369s] /opt/ros/jazzy/include/message_filters/message_filters/subscriber.h:224:3: note:   candidate expects 0 arguments, 3 provided
[22.369s] /opt/ros/jazzy/include/message_filters/message_filters/subscriber.h:212:3: note: candidate: ‘message_filters::Subscriber<M, NodeType>::Subscriber(NodeType*, const std::string&, rmw_qos_profile_t, rclcpp::SubscriptionOptions) [with M = nav_msgs::msg::Odometry_<std::allocator<void> >; NodeType = rclcpp::Node; std::string = std::__cxx11::basic_string<char>; rmw_qos_profile_t = rmw_qos_profile_s; rclcpp::SubscriptionOptions = rclcpp::SubscriptionOptionsWithAllocator<std::allocator<void> >]’
[22.369s]   212 |   Subscriber(
[22.369s]       |   ^~~~~~~~~~
[22.370s] /opt/ros/jazzy/include/message_filters/message_filters/subscriber.h:212:3: note:   candidate expects 4 arguments, 3 provided
[22.370s] /opt/ros/jazzy/include/message_filters/message_filters/subscriber.h:203:3: note: candidate: ‘message_filters::Subscriber<M, NodeType>::Subscriber(NodePtr, const std::string&, rmw_qos_profile_t, rclcpp::SubscriptionOptions) [with M = nav_msgs::msg::Odometry_<std::allocator<void> >; NodeType = rclcpp::Node; NodePtr = std::shared_ptr<rclcpp::Node>; std::string = std::__cxx11::basic_string<char>; rmw_qos_profile_t = rmw_qos_profile_s; rclcpp::SubscriptionOptions = rclcpp::SubscriptionOptionsWithAllocator<std::allocator<void> >]’
[22.372s]   203 |   Subscriber(
[22.372s]       |   ^~~~~~~~~~
[22.372s] /opt/ros/jazzy/include/message_filters/message_filters/subscriber.h:203:3: note:   candidate expects 4 arguments, 3 provided
[22.372s] /opt/ros/jazzy/include/message_filters/message_filters/subscriber.h:188:3: note: candidate: ‘message_filters::Subscriber<M, NodeType>::Subscriber(NodeType*, const std::string&, rmw_qos_profile_t) [with M = nav_msgs::msg::Odometry_<std::allocator<void> >; NodeType = rclcpp::Node; std::string = std::__cxx11::basic_string<char>; rmw_qos_profile_t = rmw_qos_profile_s]’
[22.372s]   188 |   Subscriber(NodeType * node, const std::string& topic, const rmw_qos_profile_t qos = rmw_qos_profile_default)
[22.373s]       |   ^~~~~~~~~~
[22.373s] /opt/ros/jazzy/include/message_filters/message_filters/subscriber.h:188:25: note:   no known conversion for argument 1 from ‘rclcpp::Node’ to ‘rclcpp::Node*’
[22.373s]   188 |   Subscriber(NodeType * node, const std::string& topic, const rmw_qos_profile_t qos = rmw_qos_profile_default)
[22.373s]       |              ~~~~~~~~~~~^~~~
[22.373s] /opt/ros/jazzy/include/message_filters/message_filters/subscriber.h:183:3: note: candidate: ‘message_filters::Subscriber<M, NodeType>::Subscriber(NodePtr, const std::string&, rmw_qos_profile_t) [with M = nav_msgs::msg::Odometry_<std::allocator<void> >; NodeType = rclcpp::Node; NodePtr = std::shared_ptr<rclcpp::Node>; std::string = std::__cxx11::basic_string<char>; rmw_qos_profile_t = rmw_qos_profile_s]’
[22.373s]   183 |   Subscriber(NodePtr node, const std::string& topic, const rmw_qos_profile_t qos = rmw_qos_profile_default)
[22.374s]       |   ^~~~~~~~~~
[22.374s] /opt/ros/jazzy/include/message_filters/message_filters/subscriber.h:183:22: note:   no known conversion for argument 1 from ‘rclcpp::Node’ to ‘message_filters::Subscriber<nav_msgs::msg::Odometry_<std::allocator<void> > >::NodePtr’ {aka ‘std::shared_ptr<rclcpp::Node>’}
[22.374s]   183 |   Subscriber(NodePtr node, const std::string& topic, const rmw_qos_profile_t qos = rmw_qos_profile_default)
[22.376s]       |              ~~~~~~~~^~~~
[22.450s] /home/neha/ros2_ws/src/semnav_migration/src/navigation.cpp:138:13: error: ‘pub_behaviorID_’ was not declared in this scope; did you mean ‘pub_behaviorID_topic_’?
[22.450s]   138 |             pub_behaviorID_ = this->create_publisher<example_interfaces::msg::UInt32>("pub_behaviorID_topic_", 1);
[22.450s]       |             ^~~~~~~~~~~~~~~
[22.451s]       |             pub_behaviorID_topic_
[22.502s] /home/neha/ros2_ws/src/semnav_migration/src/navigation_semantic.cpp:149:55: error: ‘bind’ is not a member of ‘boost’; did you mean ‘find’?
[22.502s]   149 |                         sync->registerCallback(boost::bind(&SemanticNavigationNode::control_callback, this, _1, _2));
[22.502s]       |                                                       ^~~~
[22.502s]       |                                                       find
[22.506s] /home/neha/ros2_ws/src/semnav_migration/src/navigation_semantic.cpp:149:109: error: ‘_1’ was not declared in this scope
[22.506s]   149 |                         sync->registerCallback(boost::bind(&SemanticNavigationNode::control_callback, this, _1, _2));
[22.506s]       |                                                                                                             ^~
[22.506s] /home/neha/ros2_ws/src/semnav_migration/src/navigation_semantic.cpp:149:109: note: suggested alternatives:
[22.509s] In file included from /usr/include/boost/mpl/aux_/include_preprocessed.hpp:37,
[22.509s]                  from /usr/include/boost/mpl/placeholders.hpp:43,
[22.509s]                  from /usr/include/boost/iterator/iterator_categories.hpp:16,
[22.509s]                  from /usr/include/boost/iterator/iterator_facade.hpp:13,
[22.510s]                  from /usr/include/boost/range/iterator_range_core.hpp:27,
[22.510s]                  from /usr/include/boost/lexical_cast.hpp:48,
[22.510s]                  from /usr/include/boost/multiprecision/detail/number_base.hpp:29,
[22.510s]                  from /usr/include/boost/multiprecision/traits/is_variable_precision.hpp:9,
[22.510s]                  from /usr/include/boost/multiprecision/detail/precision.hpp:9,
[22.510s]                  from /usr/include/boost/multiprecision/number.hpp:11,
[22.510s]                  from /usr/include/boost/multiprecision/cpp_int.hpp:19,
[22.510s]                  from /usr/include/boost/multiprecision/cpp_bin_float.hpp:15,
[22.511s]                  from /usr/include/boost/geometry/core/coordinate_promotion.hpp:16,
[22.511s]                  from /usr/include/boost/geometry/core/radian_access.hpp:30,
[22.513s]                  from /usr/include/boost/geometry/geometry.hpp:50,
[22.513s]                  from /usr/include/boost/geometry.hpp:17,
[22.513s]                  from /home/neha/ros2_ws/src/semnav_migration/include/reactive_planner_lib.h:26:
[22.513s] /usr/include/boost/mpl/aux_/preprocessed/gcc/placeholders.hpp:29:16: note:   ‘mpl_::_1’
[22.513s]    29 | typedef arg<1> _1;
[22.514s]       |                ^~
[22.514s] In file included from /usr/include/boost/numeric/conversion/converter_policies.hpp:13,
[22.514s]                  from /usr/include/boost/numeric/conversion/converter.hpp:14,
[22.514s]                  from /usr/include/boost/numeric/conversion/cast.hpp:33,
[22.514s]                  from /usr/include/boost/geometry/core/radian_access.hpp:26:
[22.514s] /usr/include/c++/13/functional:294:48: note:   ‘std::placeholders::_1’
[22.514s]   294 |     _GLIBCXX_PLACEHOLDER const _Placeholder<1> _1;
[22.514s]       |                                                ^~
[22.515s] /usr/include/boost/mpl/aux_/preprocessed/gcc/placeholders.hpp:29:16: note:   ‘mpl_::_1’
[22.515s]    29 | typedef arg<1> _1;
[22.517s]       |                ^~
[22.517s] In file included from /usr/include/boost/describe/members.hpp:20,
[22.517s]                  from /usr/include/boost/container_hash/is_described_class.hpp:11,
[22.517s]                  from /usr/include/boost/container_hash/hash.hpp:18,
[22.518s]                  from /usr/include/boost/functional/hash.hpp:6,
[22.518s]                  from /usr/include/CGAL/Kernel/hash_functions.h:16,
[22.518s]                  from /usr/include/CGAL/Kernel/global_functions.h:25,
[22.518s]                  from /usr/include/CGAL/Cartesian/Cartesian_base.h:22,
[22.518s]                  from /usr/include/CGAL/Simple_cartesian.h:20,
[22.518s]                  from /usr/include/CGAL/Exact_predicates_inexact_constructions_kernel.h:20,
[22.518s]                  from /home/neha/ros2_ws/src/semnav_migration/include/polygeom_lib.h:32,
[22.519s]                  from /home/neha/ros2_ws/src/semnav_migration/include/reactive_planner_lib.h:51:
[22.519s] /usr/include/boost/mp11/bind.hpp:45:7: note:   ‘boost::mp11::_1’
[22.519s]    45 | using _1 = mp_arg<0>;
[22.521s]       |       ^~
[22.522s] /usr/include/boost/mpl/aux_/preprocessed/gcc/placeholders.hpp:29:16: note:   ‘mpl_::_1’
[22.522s]    29 | typedef arg<1> _1;
[22.522s]       |                ^~
[22.522s] /home/neha/ros2_ws/src/semnav_migration/src/navigation_semantic.cpp:149:113: error: ‘_2’ was not declared in this scope
[22.522s]   149 |                         sync->registerCallback(boost::bind(&SemanticNavigationNode::control_callback, this, _1, _2));
[22.522s]       |                                                                                                                 ^~
[22.522s] /home/neha/ros2_ws/src/semnav_migration/src/navigation_semantic.cpp:149:113: note: suggested alternatives:
[22.523s] /usr/include/boost/mpl/aux_/preprocessed/gcc/placeholders.hpp:42:16: note:   ‘mpl_::_2’
[22.523s]    42 | typedef arg<2> _2;
[22.525s]       |                ^~
[22.525s] /usr/include/c++/13/functional:295:48: note:   ‘std::placeholders::_2’
[22.525s]   295 |     _GLIBCXX_PLACEHOLDER const _Placeholder<2> _2;
[22.525s]       |                                                ^~
[22.525s] /usr/include/boost/mpl/aux_/preprocessed/gcc/placeholders.hpp:42:16: note:   ‘mpl_::_2’
[22.526s]    42 | typedef arg<2> _2;
[22.526s]       |                ^~
[22.526s] /usr/include/boost/mp11/bind.hpp:46:7: note:   ‘boost::mp11::_2’
[22.526s]    46 | using _2 = mp_arg<1>;
[22.526s]       |       ^~
[22.526s] /usr/include/boost/mpl/aux_/preprocessed/gcc/placeholders.hpp:42:16: note:   ‘mpl_::_2’
[22.526s]    42 | typedef arg<2> _2;
[22.527s]       |                ^~
[22.527s] /home/neha/ros2_ws/src/semnav_migration/src/navigation_semantic.cpp:151:86: error: no matching function for call to ‘SemanticNavigationNode::create_subscription(const char [20], int)’
[22.527s]   151 |                         rclcpp::Subscription sub_semantic = this->create_subscription("sub_semantic_topic_", 1);
[22.529s]       |                                                             ~~~~~~~~~~~~~~~~~~~~~~~~~^~~~~~~~~~~~~~~~~~~~~~~~~~
[22.529s] /opt/ros/jazzy/include/rclcpp/rclcpp/node.hpp:221:3: note: candidate: ‘template<class MessageT, class CallbackT, class AllocatorT, class SubscriptionT, class MessageMemoryStrategyT> std::shared_ptr<ROSMessageT> rclcpp::Node::create_subscription(const std::string&, const rclcpp::QoS&, CallbackT&&, const rclcpp::SubscriptionOptionsWithAllocator<AllocatorT>&, typename MessageMemoryStrategyT::SharedPtr)’
[22.529s]   221 |   create_subscription(
[22.529s]       |   ^~~~~~~~~~~~~~~~~~~
[22.530s] /opt/ros/jazzy/include/rclcpp/rclcpp/node.hpp:221:3: note:   template argument deduction/substitution failed:
[22.530s] /home/neha/ros2_ws/src/semnav_migration/src/navigation_semantic.cpp:151:86: note:   candidate expects 5 arguments, 2 provided
[22.530s]   151 |                         rclcpp::Subscription sub_semantic = this->create_subscription("sub_semantic_topic_", 1);
[22.530s]       |                                                             ~~~~~~~~~~~~~~~~~~~~~~~~~^~~~~~~~~~~~~~~~~~~~~~~~~~
[22.530s] /home/neha/ros2_ws/src/semnav_migration/src/navigation_semantic.cpp: In member function ‘void SemanticNavigationNode::publish_twist(double, double)’:
[22.530s] /home/neha/ros2_ws/src/semnav_migration/src/navigation_semantic.cpp:168:36: error: ‘using rclcpp::Publisher<example_interfaces::msg::UInt32_<std::allocator<void> > >::SharedPtr = class std::shared_ptr<rclcpp::Publisher<example_interfaces::msg::UInt32_<std::allocator<void> > > >’ {aka ‘class std::shared_ptr<rclcpp::Publisher<example_interfaces::msg::UInt32_<std::allocator<void> > > >’} has no member named ‘publish’
[22.530s]   168 |                         pub_twist_.publish(commandTwist);
[22.531s]       |                                    ^~~~~~~
[22.531s] /home/neha/ros2_ws/src/semnav_migration/src/navigation_semantic.cpp: In member function ‘void SemanticNavigationNode::publish_behavior_id(uint16_t)’:
[22.532s] /home/neha/ros2_ws/src/semnav_migration/src/navigation_semantic.cpp:175:41: error: ‘using rclcpp::Publisher<example_interfaces::msg::UInt32_<std::allocator<void> > >::SharedPtr = class std::shared_ptr<rclcpp::Publisher<example_interfaces::msg::UInt32_<std::allocator<void> > > >’ {aka ‘class std::shared_ptr<rclcpp::Publisher<example_interfaces::msg::UInt32_<std::allocator<void> > > >’} has no member named ‘publish’
[22.532s]   175 |                         pub_behaviorID_.publish(commandId);
[22.532s]       |                                         ^~~~~~~
[22.533s] /home/neha/ros2_ws/src/semnav_migration/src/navigation_semantic.cpp: In member function ‘void SemanticNavigationNode::publish_behavior_mode(uint16_t)’:
[22.533s] /home/neha/ros2_ws/src/semnav_migration/src/navigation_semantic.cpp:182:43: error: ‘using rclcpp::Publisher<example_interfaces::msg::UInt32_<std::allocator<void> > >::SharedPtr = class std::shared_ptr<rclcpp::Publisher<example_interfaces::msg::UInt32_<std::allocator<void> > > >’ {aka ‘class std::shared_ptr<rclcpp::Publisher<example_interfaces::msg::UInt32_<std::allocator<void> > > >’} has no member named ‘publish’
[22.533s]   182 |                         pub_behaviorMode_.publish(commandMode);
[22.533s]       |                                           ^~~~~~~
[22.573s] /home/neha/ros2_ws/src/semnav_migration/src/navigation.cpp:139:13: error: ‘pub_behaviorMode_’ was not declared in this scope; did you mean ‘pub_behaviorMode_topic_’?
[22.573s]   139 |             pub_behaviorMode_ = this->create_publisher<example_interfaces::msg::UInt32>("pub_behaviorMode_topic_", 1);
[22.573s]       |             ^~~~~~~~~~~~~~~~~
[22.573s]       |             pub_behaviorMode_topic_
[22.608s] /home/neha/ros2_ws/src/semnav_migration/src/navigation_semantic.cpp: In member function ‘void SemanticNavigationNode::control_callback(const sensor_msgs::msg::LaserScan_<std::allocator<void> >::ConstPtr&, const nav_msgs::msg::Odometry_<std::allocator<void> >::ConstPtr&)’:
[22.608s] /home/neha/ros2_ws/src/semnav_migration/src/navigation_semantic.cpp:406:43: error: ‘class tf2_ros::TransformListener’ has no member named ‘waitForTransform’
[22.608s]   406 |                                 listener_.waitForTransform(world_frame_id_, odom_frame_id_, rclcpp::Time(0), rclcpp::Duration(std::chrono::nanoseconds(1000000000));
[22.608s]       |                                           ^~~~~~~~~~~~~~~~
[22.609s] /home/neha/ros2_ws/src/semnav_migration/src/navigation_semantic.cpp:406:164: error: expected ‘)’ before ‘;’ token
[22.609s]   406 |                                 listener_.waitForTransform(world_frame_id_, odom_frame_id_, rclcpp::Time(0), rclcpp::Duration(std::chrono::nanoseconds(1000000000));
[22.609s]       |                                                                                                                                                                    ^
[22.609s] /home/neha/ros2_ws/src/semnav_migration/src/navigation_semantic.cpp:406:59: note: to match this ‘(’
[22.609s]   406 |                                 listener_.waitForTransform(world_frame_id_, odom_frame_id_, rclcpp::Time(0), rclcpp::Duration(std::chrono::nanoseconds(1000000000));
[22.610s]       |                                                           ^
[22.610s] /home/neha/ros2_ws/src/semnav_migration/src/navigation_semantic.cpp:407:43: error: ‘class tf2_ros::TransformListener’ has no member named ‘transformPose’
[22.610s]   407 |                                 listener_.transformPose(world_frame_id_, odomPose, mapPose);
[22.610s]       |                                           ^~~~~~~~~~~~~
[22.610s] In file included from /opt/ros/jazzy/include/rclcpp/rclcpp/copy_all_parameter_values.hpp:27,
[22.610s]                  from /opt/ros/jazzy/include/rclcpp/rclcpp/rclcpp.hpp:171:
[22.610s] /home/neha/ros2_ws/src/semnav_migration/src/navigation_semantic.cpp:409:33: error: static assertion failed: First argument to logging macros must be an rclcpp::Logger
[22.611s]   409 |                                 RCLCPP_ERROR("%s",ex.what());
[22.611s]       |                                 ^~~~~~~~~~~~
[22.611s] In file included from /opt/ros/jazzy/include/rclcpp/rclcpp/logging.hpp:24:
[22.613s] /home/neha/ros2_ws/src/semnav_migration/src/navigation_semantic.cpp:409:33: error: request for member ‘get_name’ in ‘("%s")’, which is of non-class type ‘const char [3]’
[22.613s]   409 |                                 RCLCPP_ERROR("%s",ex.what());
[22.614s]       |                                 ^~~~~~~~~~~~
[22.614s] /home/neha/ros2_ws/src/semnav_migration/src/navigation_semantic.cpp:409:33: error: request for member ‘get_name’ in ‘("%s")’, which is of non-class type ‘const char [3]’
[22.614s]   409 |                                 RCLCPP_ERROR("%s",ex.what());
[22.614s]       |                                 ^~~~~~~~~~~~
[22.614s] /home/neha/ros2_ws/src/semnav_migration/src/navigation_semantic.cpp:434:42: error: could not convert ‘lidar_data’ from ‘shared_ptr<LaserScan_<[...]>>’ to ‘shared_ptr<LaserScan_<[...]>>’
[22.614s]   434 |                         constructLIDAR2D(lidar_data, CutoffRange_, AllowableRange_, RobotPitch_, &LIDAR);
[22.614s]       |                                          ^~~~~~~~~~
[22.615s]       |                                          |
[22.615s]       |                                          shared_ptr<LaserScan_<[...]>>
[22.635s] /home/neha/ros2_ws/src/semnav_migration/src/navigation.cpp:140:13: error: ‘pub_twist_’ was not declared in this scope; did you mean ‘publish_twist’?
[22.635s]   140 |             pub_twist_ = this->create_publisher<example_interfaces::msg::UInt32>("pub_twist_topic_", 1);
[22.635s]       |             ^~~~~~~~~~
[22.635s]       |             publish_twist
[22.653s] /home/neha/ros2_ws/src/semnav_migration/src/navigation_semantic.cpp: In function ‘int main(int, char**)’:
[22.653s] /home/neha/ros2_ws/src/semnav_migration/src/navigation_semantic.cpp:700:34: error: invalid initialization of reference of type ‘const rclcpp::InitOptions&’ from expression of type ‘const char [20]’
[22.653s]   700 |         rclcpp::init(argc, argv, "navigation_semantic");
[22.653s]       |                                  ^~~~~~~~~~~~~~~~~~~~~
[22.654s] In file included from /opt/ros/jazzy/include/rclcpp/rclcpp/logging.hpp:25:
[22.654s] /opt/ros/jazzy/include/rclcpp/rclcpp/utilities.hpp:78:23: note: in passing argument 3 of ‘void rclcpp::init(int, const char* const*, const InitOptions&, SignalHandlerOptions)’
[22.654s]    78 |   const InitOptions & init_options = InitOptions(),
[22.654s]       |   ~~~~~~~~~~~~~~~~~~~~^~~~~~~~~~~~~~~~~~~~~~~~~~~~
[22.704s] /home/neha/ros2_ws/src/semnav_migration/src/navigation.cpp:143:116: error: no matching function for call to ‘message_filters::Subscriber<sensor_msgs::msg::LaserScan_<std::allocator<void> > >::Subscriber(rclcpp::Node&, std::string&, int)’
[22.705s]   143 |                         message_filters::Subscriber<sensor_msgs::msg::LaserScan> sub_laser(nh_, sub_laser_topic_, 1);
[22.705s]       |                                                                                                                    ^
[22.705s] In file included from /home/neha/ros2_ws/src/semnav_migration/include/reactive_planner_lib.h:43:
[22.706s] /opt/ros/jazzy/include/message_filters/message_filters/subscriber.h:224:3: note: candidate: ‘message_filters::Subscriber<M, NodeType>::Subscriber() [with M = sensor_msgs::msg::LaserScan_<std::allocator<void> >; NodeType = rclcpp::Node]’
[22.706s]   224 |   Subscriber() = default;
[22.706s]       |   ^~~~~~~~~~
[22.706s] /opt/ros/jazzy/include/message_filters/message_filters/subscriber.h:224:3: note:   candidate expects 0 arguments, 3 provided
[22.707s] /opt/ros/jazzy/include/message_filters/message_filters/subscriber.h:212:3: note: candidate: ‘message_filters::Subscriber<M, NodeType>::Subscriber(NodeType*, const std::string&, rmw_qos_profile_t, rclcpp::SubscriptionOptions) [with M = sensor_msgs::msg::LaserScan_<std::allocator<void> >; NodeType = rclcpp::Node; std::string = std::__cxx11::basic_string<char>; rmw_qos_profile_t = rmw_qos_profile_s; rclcpp::SubscriptionOptions = rclcpp::SubscriptionOptionsWithAllocator<std::allocator<void> >]’
[22.707s]   212 |   Subscriber(
[22.707s]       |   ^~~~~~~~~~
[22.707s] /opt/ros/jazzy/include/message_filters/message_filters/subscriber.h:212:3: note:   candidate expects 4 arguments, 3 provided
[22.708s] /opt/ros/jazzy/include/message_filters/message_filters/subscriber.h:203:3: note: candidate: ‘message_filters::Subscriber<M, NodeType>::Subscriber(NodePtr, const std::string&, rmw_qos_profile_t, rclcpp::SubscriptionOptions) [with M = sensor_msgs::msg::LaserScan_<std::allocator<void> >; NodeType = rclcpp::Node; NodePtr = std::shared_ptr<rclcpp::Node>; std::string = std::__cxx11::basic_string<char>; rmw_qos_profile_t = rmw_qos_profile_s; rclcpp::SubscriptionOptions = rclcpp::SubscriptionOptionsWithAllocator<std::allocator<void> >]’
[22.708s]   203 |   Subscriber(
[22.708s]       |   ^~~~~~~~~~
[22.710s] /opt/ros/jazzy/include/message_filters/message_filters/subscriber.h:203:3: note:   candidate expects 4 arguments, 3 provided
[22.710s] /opt/ros/jazzy/include/message_filters/message_filters/subscriber.h:188:3: note: candidate: ‘message_filters::Subscriber<M, NodeType>::Subscriber(NodeType*, const std::string&, rmw_qos_profile_t) [with M = sensor_msgs::msg::LaserScan_<std::allocator<void> >; NodeType = rclcpp::Node; std::string = std::__cxx11::basic_string<char>; rmw_qos_profile_t = rmw_qos_profile_s]’
[22.711s]   188 |   Subscriber(NodeType * node, const std::string& topic, const rmw_qos_profile_t qos = rmw_qos_profile_default)
[22.711s]       |   ^~~~~~~~~~
[22.711s] /opt/ros/jazzy/include/message_filters/message_filters/subscriber.h:188:25: note:   no known conversion for argument 1 from ‘rclcpp::Node’ to ‘rclcpp::Node*’
[22.711s]   188 |   Subscriber(NodeType * node, const std::string& topic, const rmw_qos_profile_t qos = rmw_qos_profile_default)
[22.711s]       |              ~~~~~~~~~~~^~~~
[22.711s] /opt/ros/jazzy/include/message_filters/message_filters/subscriber.h:183:3: note: candidate: ‘message_filters::Subscriber<M, NodeType>::Subscriber(NodePtr, const std::string&, rmw_qos_profile_t) [with M = sensor_msgs::msg::LaserScan_<std::allocator<void> >; NodeType = rclcpp::Node; NodePtr = std::shared_ptr<rclcpp::Node>; std::string = std::__cxx11::basic_string<char>; rmw_qos_profile_t = rmw_qos_profile_s]’
[22.712s]   183 |   Subscriber(NodePtr node, const std::string& topic, const rmw_qos_profile_t qos = rmw_qos_profile_default)
[22.712s]       |   ^~~~~~~~~~
[22.712s] /opt/ros/jazzy/include/message_filters/message_filters/subscriber.h:183:22: note:   no known conversion for argument 1 from ‘rclcpp::Node’ to ‘message_filters::Subscriber<sensor_msgs::msg::LaserScan_<std::allocator<void> > >::NodePtr’ {aka ‘std::shared_ptr<rclcpp::Node>’}
[22.714s]   183 |   Subscriber(NodePtr node, const std::string& topic, const rmw_qos_profile_t qos = rmw_qos_profile_default)
[22.714s]       |              ~~~~~~~~^~~~
[22.777s] /home/neha/ros2_ws/src/semnav_migration/src/navigation.cpp:144:112: error: no matching function for call to ‘message_filters::Subscriber<nav_msgs::msg::Odometry_<std::allocator<void> > >::Subscriber(rclcpp::Node&, std::string&, int)’
[22.777s]   144 |                         message_filters::Subscriber<nav_msgs::msg::Odometry> sub_robot(nh_, sub_robot_topic_, 1);
[22.777s]       |                                                                                                                ^
[22.778s] /opt/ros/jazzy/include/message_filters/message_filters/subscriber.h:224:3: note: candidate: ‘message_filters::Subscriber<M, NodeType>::Subscriber() [with M = nav_msgs::msg::Odometry_<std::allocator<void> >; NodeType = rclcpp::Node]’
[22.778s]   224 |   Subscriber() = default;
[22.778s]       |   ^~~~~~~~~~
[22.780s] /opt/ros/jazzy/include/message_filters/message_filters/subscriber.h:224:3: note:   candidate expects 0 arguments, 3 provided
[22.781s] /opt/ros/jazzy/include/message_filters/message_filters/subscriber.h:212:3: note: candidate: ‘message_filters::Subscriber<M, NodeType>::Subscriber(NodeType*, const std::string&, rmw_qos_profile_t, rclcpp::SubscriptionOptions) [with M = nav_msgs::msg::Odometry_<std::allocator<void> >; NodeType = rclcpp::Node; std::string = std::__cxx11::basic_string<char>; rmw_qos_profile_t = rmw_qos_profile_s; rclcpp::SubscriptionOptions = rclcpp::SubscriptionOptionsWithAllocator<std::allocator<void> >]’
[22.781s]   212 |   Subscriber(
[22.781s]       |   ^~~~~~~~~~
[22.781s] /opt/ros/jazzy/include/message_filters/message_filters/subscriber.h:212:3: note:   candidate expects 4 arguments, 3 provided
[22.781s] /opt/ros/jazzy/include/message_filters/message_filters/subscriber.h:203:3: note: candidate: ‘message_filters::Subscriber<M, NodeType>::Subscriber(NodePtr, const std::string&, rmw_qos_profile_t, rclcpp::SubscriptionOptions) [with M = nav_msgs::msg::Odometry_<std::allocator<void> >; NodeType = rclcpp::Node; NodePtr = std::shared_ptr<rclcpp::Node>; std::string = std::__cxx11::basic_string<char>; rmw_qos_profile_t = rmw_qos_profile_s; rclcpp::SubscriptionOptions = rclcpp::SubscriptionOptionsWithAllocator<std::allocator<void> >]’
[22.781s]   203 |   Subscriber(
[22.781s]       |   ^~~~~~~~~~
[22.782s] /opt/ros/jazzy/include/message_filters/message_filters/subscriber.h:203:3: note:   candidate expects 4 arguments, 3 provided
[22.782s] /opt/ros/jazzy/include/message_filters/message_filters/subscriber.h:188:3: note: candidate: ‘message_filters::Subscriber<M, NodeType>::Subscriber(NodeType*, const std::string&, rmw_qos_profile_t) [with M = nav_msgs::msg::Odometry_<std::allocator<void> >; NodeType = rclcpp::Node; std::string = std::__cxx11::basic_string<char>; rmw_qos_profile_t = rmw_qos_profile_s]’
[22.784s]   188 |   Subscriber(NodeType * node, const std::string& topic, const rmw_qos_profile_t qos = rmw_qos_profile_default)
[22.784s]       |   ^~~~~~~~~~
[22.784s] /opt/ros/jazzy/include/message_filters/message_filters/subscriber.h:188:25: note:   no known conversion for argument 1 from ‘rclcpp::Node’ to ‘rclcpp::Node*’
[22.784s]   188 |   Subscriber(NodeType * node, const std::string& topic, const rmw_qos_profile_t qos = rmw_qos_profile_default)
[22.785s]       |              ~~~~~~~~~~~^~~~
[22.785s] /opt/ros/jazzy/include/message_filters/message_filters/subscriber.h:183:3: note: candidate: ‘message_filters::Subscriber<M, NodeType>::Subscriber(NodePtr, const std::string&, rmw_qos_profile_t) [with M = nav_msgs::msg::Odometry_<std::allocator<void> >; NodeType = rclcpp::Node; NodePtr = std::shared_ptr<rclcpp::Node>; std::string = std::__cxx11::basic_string<char>; rmw_qos_profile_t = rmw_qos_profile_s]’
[22.785s]   183 |   Subscriber(NodePtr node, const std::string& topic, const rmw_qos_profile_t qos = rmw_qos_profile_default)
[22.785s]       |   ^~~~~~~~~~
[22.785s] /opt/ros/jazzy/include/message_filters/message_filters/subscriber.h:183:22: note:   no known conversion for argument 1 from ‘rclcpp::Node’ to ‘message_filters::Subscriber<nav_msgs::msg::Odometry_<std::allocator<void> > >::NodePtr’ {aka ‘std::shared_ptr<rclcpp::Node>’}
[22.785s]   183 |   Subscriber(NodePtr node, const std::string& topic, const rmw_qos_profile_t qos = rmw_qos_profile_default)
[22.786s]       |              ~~~~~~~~^~~~
[22.921s] /home/neha/ros2_ws/src/semnav_migration/src/navigation.cpp:149:55: error: ‘bind’ is not a member of ‘boost’; did you mean ‘find’?
[22.921s]   149 |                         sync->registerCallback(boost::bind(&NavigationNode::control_callback, this, _1, _2));
[22.921s]       |                                                       ^~~~
[22.921s]       |                                                       find
[22.927s] /home/neha/ros2_ws/src/semnav_migration/src/navigation.cpp:149:101: error: ‘_1’ was not declared in this scope
[22.928s]   149 |                         sync->registerCallback(boost::bind(&NavigationNode::control_callback, this, _1, _2));
[22.928s]       |                                                                                                     ^~
[22.928s] /home/neha/ros2_ws/src/semnav_migration/src/navigation.cpp:149:101: note: suggested alternatives:
[22.928s] In file included from /usr/include/boost/mpl/aux_/include_preprocessed.hpp:37,
[22.928s]                  from /usr/include/boost/mpl/placeholders.hpp:43,
[22.928s]                  from /usr/include/boost/iterator/iterator_categories.hpp:16,
[22.929s]                  from /usr/include/boost/iterator/iterator_facade.hpp:13,
[22.929s]                  from /usr/include/boost/range/iterator_range_core.hpp:27,
[22.931s]                  from /usr/include/boost/lexical_cast.hpp:48,
[22.931s]                  from /usr/include/boost/multiprecision/detail/number_base.hpp:29,
[22.931s]                  from /usr/include/boost/multiprecision/traits/is_variable_precision.hpp:9,
[22.931s]                  from /usr/include/boost/multiprecision/detail/precision.hpp:9,
[22.931s]                  from /usr/include/boost/multiprecision/number.hpp:11,
[22.932s]                  from /usr/include/boost/multiprecision/cpp_int.hpp:19,
[22.932s]                  from /usr/include/boost/multiprecision/cpp_bin_float.hpp:15,
[22.932s]                  from /usr/include/boost/geometry/core/coordinate_promotion.hpp:16,
[22.932s]                  from /usr/include/boost/geometry/core/radian_access.hpp:30,
[22.932s]                  from /usr/include/boost/geometry/geometry.hpp:50,
[22.932s]                  from /usr/include/boost/geometry.hpp:17,
[22.934s]                  from /home/neha/ros2_ws/src/semnav_migration/include/reactive_planner_lib.h:26:
[22.934s] /usr/include/boost/mpl/aux_/preprocessed/gcc/placeholders.hpp:29:16: note:   ‘mpl_::_1’
[22.935s]    29 | typedef arg<1> _1;
[22.935s]       |                ^~
[22.935s] In file included from /usr/include/boost/numeric/conversion/converter_policies.hpp:13,
[22.935s]                  from /usr/include/boost/numeric/conversion/converter.hpp:14,
[22.935s]                  from /usr/include/boost/numeric/conversion/cast.hpp:33,
[22.935s]                  from /usr/include/boost/geometry/core/radian_access.hpp:26:
[22.935s] /usr/include/c++/13/functional:294:48: note:   ‘std::placeholders::_1’
[22.936s]   294 |     _GLIBCXX_PLACEHOLDER const _Placeholder<1> _1;
[22.936s]       |                                                ^~
[22.936s] /usr/include/boost/mpl/aux_/preprocessed/gcc/placeholders.hpp:29:16: note:   ‘mpl_::_1’
[22.938s]    29 | typedef arg<1> _1;
[22.938s]       |                ^~
[22.938s] In file included from /usr/include/boost/describe/members.hpp:20,
[22.939s]                  from /usr/include/boost/container_hash/is_described_class.hpp:11,
[22.939s]                  from /usr/include/boost/container_hash/hash.hpp:18,
[22.939s]                  from /usr/include/boost/functional/hash.hpp:6,
[22.939s]                  from /usr/include/CGAL/Kernel/hash_functions.h:16,
[22.939s]                  from /usr/include/CGAL/Kernel/global_functions.h:25,
[22.939s]                  from /usr/include/CGAL/Cartesian/Cartesian_base.h:22,
[22.939s]                  from /usr/include/CGAL/Simple_cartesian.h:20,
[22.940s]                  from /usr/include/CGAL/Exact_predicates_inexact_constructions_kernel.h:20,
[22.940s]                  from /home/neha/ros2_ws/src/semnav_migration/include/polygeom_lib.h:32,
[22.942s]                  from /home/neha/ros2_ws/src/semnav_migration/include/reactive_planner_lib.h:51:
[22.942s] /usr/include/boost/mp11/bind.hpp:45:7: note:   ‘boost::mp11::_1’
[22.942s]    45 | using _1 = mp_arg<0>;
[22.942s]       |       ^~
[22.943s] /usr/include/boost/mpl/aux_/preprocessed/gcc/placeholders.hpp:29:16: note:   ‘mpl_::_1’
[22.943s]    29 | typedef arg<1> _1;
[22.943s]       |                ^~
[22.943s] /home/neha/ros2_ws/src/semnav_migration/src/navigation.cpp:149:105: error: ‘_2’ was not declared in this scope
[22.944s]   149 |                         sync->registerCallback(boost::bind(&NavigationNode::control_callback, this, _1, _2));
[22.944s]       |                                                                                                         ^~
[22.944s] /home/neha/ros2_ws/src/semnav_migration/src/navigation.cpp:149:105: note: suggested alternatives:
[22.944s] /usr/include/boost/mpl/aux_/preprocessed/gcc/placeholders.hpp:42:16: note:   ‘mpl_::_2’
[22.944s]    42 | typedef arg<2> _2;
[22.944s]       |                ^~
[22.944s] /usr/include/c++/13/functional:295:48: note:   ‘std::placeholders::_2’
[22.945s]   295 |     _GLIBCXX_PLACEHOLDER const _Placeholder<2> _2;
[22.945s]       |                                                ^~
[22.947s] /usr/include/boost/mpl/aux_/preprocessed/gcc/placeholders.hpp:42:16: note:   ‘mpl_::_2’
[22.947s]    42 | typedef arg<2> _2;
[22.947s]       |                ^~
[22.947s] /usr/include/boost/mp11/bind.hpp:46:7: note:   ‘boost::mp11::_2’
[22.948s]    46 | using _2 = mp_arg<1>;
[22.948s]       |       ^~
[22.948s] /usr/include/boost/mpl/aux_/preprocessed/gcc/placeholders.hpp:42:16: note:   ‘mpl_::_2’
[22.948s]    42 | typedef arg<2> _2;
[22.948s]       |                ^~
[22.948s] /home/neha/ros2_ws/src/semnav_migration/src/navigation.cpp:152:74: error: no matching function for call to ‘NavigationNode::create_subscription(std::string&, int)’
[22.948s]   152 |             rclcpp::Subscription sub_semantic = this->create_subscription(sub_semantic_topic_, 1);
[22.949s]       |                                                 ~~~~~~~~~~~~~~~~~~~~~~~~~^~~~~~~~~~~~~~~~~~~~~~~~
[22.949s] /opt/ros/jazzy/include/rclcpp/rclcpp/node.hpp:221:3: note: candidate: ‘template<class MessageT, class CallbackT, class AllocatorT, class SubscriptionT, class MessageMemoryStrategyT> std::shared_ptr<ROSMessageT> rclcpp::Node::create_subscription(const std::string&, const rclcpp::QoS&, CallbackT&&, const rclcpp::SubscriptionOptionsWithAllocator<AllocatorT>&, typename MessageMemoryStrategyT::SharedPtr)’
[22.951s]   221 |   create_subscription(
[22.951s]       |   ^~~~~~~~~~~~~~~~~~~
[22.951s] /opt/ros/jazzy/include/rclcpp/rclcpp/node.hpp:221:3: note:   template argument deduction/substitution failed:
[22.952s] /home/neha/ros2_ws/src/semnav_migration/src/navigation.cpp:152:74: note:   candidate expects 5 arguments, 2 provided
[22.952s]   152 |             rclcpp::Subscription sub_semantic = this->create_subscription(sub_semantic_topic_, 1);
[22.952s]       |                                                 ~~~~~~~~~~~~~~~~~~~~~~~~~^~~~~~~~~~~~~~~~~~~~~~~~
[23.007s] /home/neha/ros2_ws/src/semnav_migration/src/navigation.cpp: In member function ‘void NavigationNode::publish_twist(double, double)’:
[23.007s] /home/neha/ros2_ws/src/semnav_migration/src/navigation.cpp:169:25: error: ‘pub_twist_’ was not declared in this scope; did you mean ‘publish_twist’?
[23.007s]   169 |                         pub_twist_.publish(commandTwist);
[23.007s]       |                         ^~~~~~~~~~
[23.007s]       |                         publish_twist
[23.096s] /home/neha/ros2_ws/src/semnav_migration/src/navigation.cpp: In member function ‘void NavigationNode::publish_behavior_id(uint16_t)’:
[23.097s] /home/neha/ros2_ws/src/semnav_migration/src/navigation.cpp:176:25: error: ‘pub_behaviorID_’ was not declared in this scope; did you mean ‘pub_behaviorID_topic_’?
[23.097s]   176 |                         pub_behaviorID_.publish(commandId);
[23.097s]       |                         ^~~~~~~~~~~~~~~
[23.097s]       |                         pub_behaviorID_topic_
[23.198s] /home/neha/ros2_ws/src/semnav_migration/src/navigation.cpp: In member function ‘void NavigationNode::publish_behavior_mode(uint16_t)’:
[23.199s] /home/neha/ros2_ws/src/semnav_migration/src/navigation.cpp:183:25: error: ‘pub_behaviorMode_’ was not declared in this scope; did you mean ‘pub_behaviorMode_topic_’?
[23.199s]   183 |                         pub_behaviorMode_.publish(commandMode);
[23.199s]       |                         ^~~~~~~~~~~~~~~~~
[23.199s]       |                         pub_behaviorMode_topic_
[23.287s] /home/neha/ros2_ws/src/semnav_migration/src/navigation.cpp: In member function ‘void NavigationNode::control_callback(const sensor_msgs::msg::LaserScan_<std::allocator<void> >::ConstPtr&, const nav_msgs::msg::Odometry_<std::allocator<void> >::ConstPtr&)’:
[23.287s] /home/neha/ros2_ws/src/semnav_migration/src/navigation.cpp:366:43: error: ‘class tf2_ros::TransformListener’ has no member named ‘waitForTransform’
[23.287s]   366 |                                 listener_.waitForTransform(world_frame_id_, odom_frame_id_, rclcpp::Time(0), rclcpp::Duration(std::chrono::nanoseconds(1000000000));
[23.287s]       |                                           ^~~~~~~~~~~~~~~~
[23.288s] /home/neha/ros2_ws/src/semnav_migration/src/navigation.cpp:366:164: error: expected ‘)’ before ‘;’ token
[23.289s]   366 |                                 listener_.waitForTransform(world_frame_id_, odom_frame_id_, rclcpp::Time(0), rclcpp::Duration(std::chrono::nanoseconds(1000000000));
[23.289s]       |                                                                                                                                                                    ^
[23.289s] /home/neha/ros2_ws/src/semnav_migration/src/navigation.cpp:366:59: note: to match this ‘(’
[23.289s]   366 |                                 listener_.waitForTransform(world_frame_id_, odom_frame_id_, rclcpp::Time(0), rclcpp::Duration(std::chrono::nanoseconds(1000000000));
[23.289s]       |                                                           ^
[23.289s] /home/neha/ros2_ws/src/semnav_migration/src/navigation.cpp:367:43: error: ‘class tf2_ros::TransformListener’ has no member named ‘transformPose’
[23.290s]   367 |                                 listener_.transformPose(world_frame_id_, odomPose, mapPose);
[23.290s]       |                                           ^~~~~~~~~~~~~
[23.294s] /home/neha/ros2_ws/src/semnav_migration/src/navigation.cpp:396:42: error: could not convert ‘lidar_data’ from ‘shared_ptr<LaserScan_<[...]>>’ to ‘shared_ptr<LaserScan_<[...]>>’
[23.295s]   396 |                         constructLIDAR2D(lidar_data, CutoffRange_, AllowableRange_, RobotPitch_, &LIDAR);
[23.295s]       |                                          ^~~~~~~~~~
[23.295s]       |                                          |
[23.295s]       |                                          shared_ptr<LaserScan_<[...]>>
[23.335s] /home/neha/ros2_ws/src/semnav_migration/src/navigation.cpp: In function ‘int main(int, char**)’:
[23.335s] /home/neha/ros2_ws/src/semnav_migration/src/navigation.cpp:675:68: error: expected ‘,’ or ‘;’ before ‘)’ token
[23.335s]   675 |     auto node = std::make_shared<NavigationNode>("navigation_node"));
[23.336s]       |                                                                    ^
[26.094s] In file included from /usr/include/c++/13/bits/alloc_traits.h:33,
[26.094s]                  from /usr/include/c++/13/ext/alloc_traits.h:34,
[26.094s]                  from /usr/include/c++/13/bits/basic_string.h:39,
[26.094s]                  from /usr/include/c++/13/string:54,
[26.094s]                  from /usr/include/c++/13/bits/locale_classes.h:40,
[26.094s]                  from /usr/include/c++/13/bits/ios_base.h:41,
[26.095s]                  from /usr/include/c++/13/streambuf:43,
[26.095s]                  from /usr/include/c++/13/bits/streambuf_iterator.h:35,
[26.097s]                  from /usr/include/c++/13/iterator:66,
[26.097s]                  from /usr/include/boost/iterator/iterator_traits.hpp:10,
[26.097s]                  from /usr/include/boost/range/mutable_iterator.hpp:23,
[26.097s]                  from /usr/include/boost/range/iterator.hpp:20,
[26.098s]                  from /usr/include/boost/range/value_type.hpp:19,
[26.098s]                  from /usr/include/boost/geometry/core/closure.hpp:21,
[26.098s]                  from /usr/include/boost/geometry/geometry.hpp:31:
[26.098s] /usr/include/c++/13/bits/stl_construct.h: In instantiation of ‘void std::_Construct(_Tp*, _Args&& ...) [with _Tp = SemanticNavigationNode; _Args = {const char (&)[25]}]’:
[26.098s] /usr/include/c++/13/bits/alloc_traits.h:661:19:   required from ‘static void std::allocator_traits<std::allocator<void> >::construct(allocator_type&, _Up*, _Args&& ...) [with _Up = SemanticNavigationNode; _Args = {const char (&)[25]}; allocator_type = std::allocator<void>]’
[26.098s] /usr/include/c++/13/bits/shared_ptr_base.h:604:39:   required from ‘std::_Sp_counted_ptr_inplace<_Tp, _Alloc, _Lp>::_Sp_counted_ptr_inplace(_Alloc, _Args&& ...) [with _Args = {const char (&)[25]}; _Tp = SemanticNavigationNode; _Alloc = std::allocator<void>; __gnu_cxx::_Lock_policy _Lp = __gnu_cxx::_S_atomic]’
[26.099s] /usr/include/c++/13/bits/shared_ptr_base.h:971:16:   required from ‘std::__shared_count<_Lp>::__shared_count(_Tp*&, std::_Sp_alloc_shared_tag<_Alloc>, _Args&& ...) [with _Tp = SemanticNavigationNode; _Alloc = std::allocator<void>; _Args = {const char (&)[25]}; __gnu_cxx::_Lock_policy _Lp = __gnu_cxx::_S_atomic]’
[26.099s] /usr/include/c++/13/bits/shared_ptr_base.h:1712:14:   required from ‘std::__shared_ptr<_Tp, _Lp>::__shared_ptr(std::_Sp_alloc_shared_tag<_Tp>, _Args&& ...) [with _Alloc = std::allocator<void>; _Args = {const char (&)[25]}; _Tp = SemanticNavigationNode; __gnu_cxx::_Lock_policy _Lp = __gnu_cxx::_S_atomic]’
[26.101s] /usr/include/c++/13/bits/shared_ptr.h:464:59:   required from ‘std::shared_ptr<_Tp>::shared_ptr(std::_Sp_alloc_shared_tag<_Tp>, _Args&& ...) [with _Alloc = std::allocator<void>; _Args = {const char (&)[25]}; _Tp = SemanticNavigationNode]’
[26.101s] /usr/include/c++/13/bits/shared_ptr.h:1009:14:   required from ‘std::shared_ptr<typename std::enable_if<(! std::is_array< <template-parameter-1-1> >::value), _Tp>::type> std::make_shared(_Args&& ...) [with _Tp = SemanticNavigationNode; _Args = {const char (&)[25]}; typename enable_if<(! is_array< <template-parameter-1-1> >::value), _Tp>::type = SemanticNavigationNode]’
[26.101s] /home/neha/ros2_ws/src/semnav_migration/src/navigation_semantic.cpp:701:58:   required from here
[26.102s] /usr/include/c++/13/bits/stl_construct.h:119:7: error: no matching function for call to ‘SemanticNavigationNode::SemanticNavigationNode(const char [25])’
[26.102s]   119 |       ::new((void*)__p) _Tp(std::forward<_Args>(__args)...);
[26.102s]       |       ^~~~~~~~~~~~~~~~~~~~~~~~~~~~~~~~~~~~~~~~~~~~~~~~~~~~~
[26.102s] /home/neha/ros2_ws/src/semnav_migration/src/navigation_semantic.cpp:46:17: note: candidate: ‘SemanticNavigationNode::SemanticNavigationNode()’
[26.102s]    46 |                 SemanticNavigationNode() : Node("semantic_navigation_node")  {
[26.102s]       |                 ^~~~~~~~~~~~~~~~~~~~~~
[26.102s] /home/neha/ros2_ws/src/semnav_migration/src/navigation_semantic.cpp:46:17: note:   candidate expects 0 arguments, 1 provided
[26.739s] In file included from /usr/include/c++/13/bits/alloc_traits.h:33,
[26.740s]                  from /usr/include/c++/13/ext/alloc_traits.h:34,
[26.740s]                  from /usr/include/c++/13/bits/basic_string.h:39,
[26.740s]                  from /usr/include/c++/13/string:54,
[26.740s]                  from /usr/include/c++/13/bits/locale_classes.h:40,
[26.740s]                  from /usr/include/c++/13/bits/ios_base.h:41,
[26.740s]                  from /usr/include/c++/13/streambuf:43,
[26.740s]                  from /usr/include/c++/13/bits/streambuf_iterator.h:35,
[26.741s]                  from /usr/include/c++/13/iterator:66,
[26.741s]                  from /usr/include/boost/iterator/iterator_traits.hpp:10,
[26.743s]                  from /usr/include/boost/range/mutable_iterator.hpp:23,
[26.743s]                  from /usr/include/boost/range/iterator.hpp:20,
[26.743s]                  from /usr/include/boost/range/value_type.hpp:19,
[26.743s]                  from /usr/include/boost/geometry/core/closure.hpp:21,
[26.744s]                  from /usr/include/boost/geometry/geometry.hpp:31:
[26.744s] /usr/include/c++/13/bits/stl_construct.h: In instantiation of ‘void std::_Construct(_Tp*, _Args&& ...) [with _Tp = NavigationNode; _Args = {const char (&)[16]}]’:
[26.744s] /usr/include/c++/13/bits/alloc_traits.h:661:19:   required from ‘static void std::allocator_traits<std::allocator<void> >::construct(allocator_type&, _Up*, _Args&& ...) [with _Up = NavigationNode; _Args = {const char (&)[16]}; allocator_type = std::allocator<void>]’
[26.744s] /usr/include/c++/13/bits/shared_ptr_base.h:604:39:   required from ‘std::_Sp_counted_ptr_inplace<_Tp, _Alloc, _Lp>::_Sp_counted_ptr_inplace(_Alloc, _Args&& ...) [with _Args = {const char (&)[16]}; _Tp = NavigationNode; _Alloc = std::allocator<void>; __gnu_cxx::_Lock_policy _Lp = __gnu_cxx::_S_atomic]’
[26.744s] /usr/include/c++/13/bits/shared_ptr_base.h:971:16:   required from ‘std::__shared_count<_Lp>::__shared_count(_Tp*&, std::_Sp_alloc_shared_tag<_Alloc>, _Args&& ...) [with _Tp = NavigationNode; _Alloc = std::allocator<void>; _Args = {const char (&)[16]}; __gnu_cxx::_Lock_policy _Lp = __gnu_cxx::_S_atomic]’
[26.744s] /usr/include/c++/13/bits/shared_ptr_base.h:1712:14:   required from ‘std::__shared_ptr<_Tp, _Lp>::__shared_ptr(std::_Sp_alloc_shared_tag<_Tp>, _Args&& ...) [with _Alloc = std::allocator<void>; _Args = {const char (&)[16]}; _Tp = NavigationNode; __gnu_cxx::_Lock_policy _Lp = __gnu_cxx::_S_atomic]’
[26.744s] /usr/include/c++/13/bits/shared_ptr.h:464:59:   required from ‘std::shared_ptr<_Tp>::shared_ptr(std::_Sp_alloc_shared_tag<_Tp>, _Args&& ...) [with _Alloc = std::allocator<void>; _Args = {const char (&)[16]}; _Tp = NavigationNode]’
[26.745s] /usr/include/c++/13/bits/shared_ptr.h:1009:14:   required from ‘std::shared_ptr<typename std::enable_if<(! std::is_array< <template-parameter-1-1> >::value), _Tp>::type> std::make_shared(_Args&& ...) [with _Tp = NavigationNode; _Args = {const char (&)[16]}; typename enable_if<(! is_array< <template-parameter-1-1> >::value), _Tp>::type = NavigationNode]’
[26.745s] /home/neha/ros2_ws/src/semnav_migration/src/navigation.cpp:675:49:   required from here
[26.747s] /usr/include/c++/13/bits/stl_construct.h:119:7: error: no matching function for call to ‘NavigationNode::NavigationNode(const char [16])’
[26.747s]   119 |       ::new((void*)__p) _Tp(std::forward<_Args>(__args)...);
[26.747s]       |       ^~~~~~~~~~~~~~~~~~~~~~~~~~~~~~~~~~~~~~~~~~~~~~~~~~~~~
[26.747s] /home/neha/ros2_ws/src/semnav_migration/src/navigation.cpp:46:9: note: candidate: ‘NavigationNode::NavigationNode()’
[26.748s]    46 |         NavigationNode() : rclcpp::Node(std::string("navigation_node")) {
[26.748s]       |         ^~~~~~~~~~~~~~
[26.748s] /home/neha/ros2_ws/src/semnav_migration/src/navigation.cpp:46:9: note:   candidate expects 0 arguments, 1 provided
[37.337s] gmake[2]: *** [CMakeFiles/navigation_semantic.dir/build.make:76: CMakeFiles/navigation_semantic.dir/src/navigation_semantic.cpp.o] Error 1
[37.422s] gmake[1]: *** [CMakeFiles/Makefile2:207: CMakeFiles/navigation_semantic.dir/all] Error 2
[37.422s] gmake[1]: *** Waiting for unfinished jobs....
[37.963s] gmake[2]: *** [CMakeFiles/navigation.dir/build.make:76: CMakeFiles/navigation.dir/src/navigation.cpp.o] Error 1
[37.986s] gmake[1]: *** [CMakeFiles/Makefile2:181: CMakeFiles/navigation.dir/all] Error 2
[37.987s] gmake: *** [Makefile:146: all] Error 2
[37.989s] Invoked command in '/home/neha/ros2_ws/src/semnav_migration/build/semnav' returned '2': CMAKE_PREFIX_PATH=${CMAKE_PREFIX_PATH}:/opt/ros/jazzy DEBUGINFOD_URLS=https://debuginfod.ubuntu.com /usr/bin/cmake --build /home/neha/ros2_ws/src/semnav_migration/build/semnav -- -j2 -l2
