[0.028s] Invoking command in '/home/neha/ros2_ws/src/semnav_migration/build/semnav': CMAKE_PREFIX_PATH=${CMAKE_PREFIX_PATH}:/opt/ros/jazzy DEBUGINFOD_URLS=https://debuginfod.ubuntu.com /usr/bin/cmake --build /home/neha/ros2_ws/src/semnav_migration/build/semnav -- -j2 -l2
[0.196s] [ 14%] Built target reactive_planner
[0.338s] [ 23%] Building CXX object CMakeFiles/navigation.dir/src/navigation.cpp.o
[0.338s] [ 23%] Building CXX object CMakeFiles/navigation_semantic.dir/src/navigation_semantic.cpp.o
[22.552s] /home/neha/ros2_ws/src/semnav_migration/src/navigation.cpp:46:13: error: extra qualification ‘NavigationNode::’ on member ‘NavigationNode’ [-fpermissive]
[22.552s]    46 |             NavigationNode::NavigationNode() : rclcpp::Node(std::string("navigation_node")) {
[22.552s]       |             ^~~~~~~~~~~~~~
[22.602s] /home/neha/ros2_ws/src/semnav_migration/src/navigation.cpp: In constructor ‘NavigationNode::NavigationNode()’:
[22.602s] /home/neha/ros2_ws/src/semnav_migration/src/navigation.cpp:46:91: error: no matching function for call to ‘rclcpp::Node::Node()’
[22.603s]    46 |             NavigationNode::NavigationNode() : rclcpp::Node(std::string("navigation_node")) {
[22.603s]       |                                                                                           ^
[22.603s] In file included from /opt/ros/jazzy/include/rclcpp/rclcpp/executors/single_threaded_executor.hpp:28,
[22.603s]                  from /opt/ros/jazzy/include/rclcpp/rclcpp/executors.hpp:22,
[22.603s]                  from /opt/ros/jazzy/include/rclcpp/rclcpp/rclcpp.hpp:172,
[22.603s]                  from /home/neha/ros2_ws/src/semnav_migration/include/reactive_planner_lib.h:32,
[22.603s]                  from /home/neha/ros2_ws/src/semnav_migration/src/navigation.cpp:25:
[22.604s] /opt/ros/jazzy/include/rclcpp/rclcpp/node.hpp:1629:3: note: candidate: ‘rclcpp::Node::Node(const rclcpp::Node&, const std::string&)’
[22.604s]  1629 |   Node(
[22.604s]       |   ^~~~
[22.604s] /opt/ros/jazzy/include/rclcpp/rclcpp/node.hpp:1629:3: note:   candidate expects 2 arguments, 0 provided
[22.604s] /opt/ros/jazzy/include/rclcpp/rclcpp/node.hpp:103:12: note: candidate: ‘rclcpp::Node::Node(const std::string&, const std::string&, const rclcpp::NodeOptions&)’
[22.604s]   103 |   explicit Node(
[22.604s]       |            ^~~~
[22.605s] /opt/ros/jazzy/include/rclcpp/rclcpp/node.hpp:103:12: note:   candidate expects 3 arguments, 0 provided
[22.605s] /opt/ros/jazzy/include/rclcpp/rclcpp/node.hpp:91:12: note: candidate: ‘rclcpp::Node::Node(const std::string&, const rclcpp::NodeOptions&)’
[22.605s]    91 |   explicit Node(
[22.605s]       |            ^~~~
[22.605s] /opt/ros/jazzy/include/rclcpp/rclcpp/node.hpp:91:12: note:   candidate expects 2 arguments, 0 provided
[22.646s] /home/neha/ros2_ws/src/semnav_migration/src/navigation_semantic.cpp:46:13: error: extra qualification ‘SemanticNavigationNode::’ on member ‘SemanticNavigationNode’ [-fpermissive]
[22.646s]    46 |             SemanticNavigationNode::SemanticNavigationNode() : Node("semantic_navigation_node") {
[22.646s]       |             ^~~~~~~~~~~~~~~~~~~~~~
[22.690s] /home/neha/ros2_ws/src/semnav_migration/src/navigation_semantic.cpp: In constructor ‘SemanticNavigationNode::SemanticNavigationNode()’:
[22.690s] /home/neha/ros2_ws/src/semnav_migration/src/navigation_semantic.cpp:46:95: error: no matching function for call to ‘rclcpp::Node::Node()’
[22.690s]    46 |             SemanticNavigationNode::SemanticNavigationNode() : Node("semantic_navigation_node") {
[22.691s]       |                                                                                               ^
[22.691s] In file included from /opt/ros/jazzy/include/rclcpp/rclcpp/executors/single_threaded_executor.hpp:28,
[22.691s]                  from /opt/ros/jazzy/include/rclcpp/rclcpp/executors.hpp:22,
[22.691s]                  from /opt/ros/jazzy/include/rclcpp/rclcpp/rclcpp.hpp:172,
[22.691s]                  from /home/neha/ros2_ws/src/semnav_migration/include/reactive_planner_lib.h:32,
[22.692s]                  from /home/neha/ros2_ws/src/semnav_migration/src/navigation_semantic.cpp:25:
[22.692s] /opt/ros/jazzy/include/rclcpp/rclcpp/node.hpp:1629:3: note: candidate: ‘rclcpp::Node::Node(const rclcpp::Node&, const std::string&)’
[22.692s]  1629 |   Node(
[22.692s]       |   ^~~~
[22.692s] /opt/ros/jazzy/include/rclcpp/rclcpp/node.hpp:1629:3: note:   candidate expects 2 arguments, 0 provided
[22.692s] /opt/ros/jazzy/include/rclcpp/rclcpp/node.hpp:103:12: note: candidate: ‘rclcpp::Node::Node(const std::string&, const std::string&, const rclcpp::NodeOptions&)’
[22.693s]   103 |   explicit Node(
[22.696s]       |            ^~~~
[22.696s] /opt/ros/jazzy/include/rclcpp/rclcpp/node.hpp:103:12: note:   candidate expects 3 arguments, 0 provided
[22.696s] /opt/ros/jazzy/include/rclcpp/rclcpp/node.hpp:91:12: note: candidate: ‘rclcpp::Node::Node(const std::string&, const rclcpp::NodeOptions&)’
[22.696s]    91 |   explicit Node(
[22.697s]       |            ^~~~
[22.697s] /opt/ros/jazzy/include/rclcpp/rclcpp/node.hpp:91:12: note:   candidate expects 2 arguments, 0 provided
[22.709s] /home/neha/ros2_ws/src/semnav_migration/src/navigation.cpp:143:116: error: no matching function for call to ‘message_filters::Subscriber<sensor_msgs::msg::LaserScan_<std::allocator<void> > >::Subscriber(rclcpp::Node&, std::string&, int)’
[22.709s]   143 |                         message_filters::Subscriber<sensor_msgs::msg::LaserScan> sub_laser(nh_, sub_laser_topic_, 1);
[22.709s]       |                                                                                                                    ^
[22.714s] In file included from /home/neha/ros2_ws/src/semnav_migration/include/reactive_planner_lib.h:44:
[22.714s] /opt/ros/jazzy/include/message_filters/message_filters/subscriber.h:224:3: note: candidate: ‘message_filters::Subscriber<M, NodeType>::Subscriber() [with M = sensor_msgs::msg::LaserScan_<std::allocator<void> >; NodeType = rclcpp::Node]’
[22.714s]   224 |   Subscriber() = default;
[22.714s]       |   ^~~~~~~~~~
[22.715s] /opt/ros/jazzy/include/message_filters/message_filters/subscriber.h:224:3: note:   candidate expects 0 arguments, 3 provided
[22.715s] /opt/ros/jazzy/include/message_filters/message_filters/subscriber.h:212:3: note: candidate: ‘message_filters::Subscriber<M, NodeType>::Subscriber(NodeType*, const std::string&, rmw_qos_profile_t, rclcpp::SubscriptionOptions) [with M = sensor_msgs::msg::LaserScan_<std::allocator<void> >; NodeType = rclcpp::Node; std::string = std::__cxx11::basic_string<char>; rmw_qos_profile_t = rmw_qos_profile_s; rclcpp::SubscriptionOptions = rclcpp::SubscriptionOptionsWithAllocator<std::allocator<void> >]’
[22.715s]   212 |   Subscriber(
[22.715s]       |   ^~~~~~~~~~
[22.715s] /opt/ros/jazzy/include/message_filters/message_filters/subscriber.h:212:3: note:   candidate expects 4 arguments, 3 provided
[22.715s] /opt/ros/jazzy/include/message_filters/message_filters/subscriber.h:203:3: note: candidate: ‘message_filters::Subscriber<M, NodeType>::Subscriber(NodePtr, const std::string&, rmw_qos_profile_t, rclcpp::SubscriptionOptions) [with M = sensor_msgs::msg::LaserScan_<std::allocator<void> >; NodeType = rclcpp::Node; NodePtr = std::shared_ptr<rclcpp::Node>; std::string = std::__cxx11::basic_string<char>; rmw_qos_profile_t = rmw_qos_profile_s; rclcpp::SubscriptionOptions = rclcpp::SubscriptionOptionsWithAllocator<std::allocator<void> >]’
[22.715s]   203 |   Subscriber(
[22.716s]       |   ^~~~~~~~~~
[22.718s] /opt/ros/jazzy/include/message_filters/message_filters/subscriber.h:203:3: note:   candidate expects 4 arguments, 3 provided
[22.718s] /opt/ros/jazzy/include/message_filters/message_filters/subscriber.h:188:3: note: candidate: ‘message_filters::Subscriber<M, NodeType>::Subscriber(NodeType*, const std::string&, rmw_qos_profile_t) [with M = sensor_msgs::msg::LaserScan_<std::allocator<void> >; NodeType = rclcpp::Node; std::string = std::__cxx11::basic_string<char>; rmw_qos_profile_t = rmw_qos_profile_s]’
[22.718s]   188 |   Subscriber(NodeType * node, const std::string& topic, const rmw_qos_profile_t qos = rmw_qos_profile_default)
[22.718s]       |   ^~~~~~~~~~
[22.719s] /opt/ros/jazzy/include/message_filters/message_filters/subscriber.h:188:25: note:   no known conversion for argument 1 from ‘rclcpp::Node’ to ‘rclcpp::Node*’
[22.719s]   188 |   Subscriber(NodeType * node, const std::string& topic, const rmw_qos_profile_t qos = rmw_qos_profile_default)
[22.719s]       |              ~~~~~~~~~~~^~~~
[22.719s] /opt/ros/jazzy/include/message_filters/message_filters/subscriber.h:183:3: note: candidate: ‘message_filters::Subscriber<M, NodeType>::Subscriber(NodePtr, const std::string&, rmw_qos_profile_t) [with M = sensor_msgs::msg::LaserScan_<std::allocator<void> >; NodeType = rclcpp::Node; NodePtr = std::shared_ptr<rclcpp::Node>; std::string = std::__cxx11::basic_string<char>; rmw_qos_profile_t = rmw_qos_profile_s]’
[22.719s]   183 |   Subscriber(NodePtr node, const std::string& topic, const rmw_qos_profile_t qos = rmw_qos_profile_default)
[22.719s]       |   ^~~~~~~~~~
[22.719s] /opt/ros/jazzy/include/message_filters/message_filters/subscriber.h:183:22: note:   no known conversion for argument 1 from ‘rclcpp::Node’ to ‘message_filters::Subscriber<sensor_msgs::msg::LaserScan_<std::allocator<void> > >::NodePtr’ {aka ‘std::shared_ptr<rclcpp::Node>’}
[22.720s]   183 |   Subscriber(NodePtr node, const std::string& topic, const rmw_qos_profile_t qos = rmw_qos_profile_default)
[22.722s]       |              ~~~~~~~~^~~~
[22.780s] /home/neha/ros2_ws/src/semnav_migration/src/navigation.cpp:144:112: error: no matching function for call to ‘message_filters::Subscriber<nav_msgs::msg::Odometry_<std::allocator<void> > >::Subscriber(rclcpp::Node&, std::string&, int)’
[22.780s]   144 |                         message_filters::Subscriber<nav_msgs::msg::Odometry> sub_robot(nh_, sub_robot_topic_, 1);
[22.780s]       |                                                                                                                ^
[22.780s] /opt/ros/jazzy/include/message_filters/message_filters/subscriber.h:224:3: note: candidate: ‘message_filters::Subscriber<M, NodeType>::Subscriber() [with M = nav_msgs::msg::Odometry_<std::allocator<void> >; NodeType = rclcpp::Node]’
[22.780s]   224 |   Subscriber() = default;
[22.781s]       |   ^~~~~~~~~~
[22.781s] /opt/ros/jazzy/include/message_filters/message_filters/subscriber.h:224:3: note:   candidate expects 0 arguments, 3 provided
[22.781s] /opt/ros/jazzy/include/message_filters/message_filters/subscriber.h:212:3: note: candidate: ‘message_filters::Subscriber<M, NodeType>::Subscriber(NodeType*, const std::string&, rmw_qos_profile_t, rclcpp::SubscriptionOptions) [with M = nav_msgs::msg::Odometry_<std::allocator<void> >; NodeType = rclcpp::Node; std::string = std::__cxx11::basic_string<char>; rmw_qos_profile_t = rmw_qos_profile_s; rclcpp::SubscriptionOptions = rclcpp::SubscriptionOptionsWithAllocator<std::allocator<void> >]’
[22.781s]   212 |   Subscriber(
[22.781s]       |   ^~~~~~~~~~
[22.781s] /opt/ros/jazzy/include/message_filters/message_filters/subscriber.h:212:3: note:   candidate expects 4 arguments, 3 provided
[22.781s] /opt/ros/jazzy/include/message_filters/message_filters/subscriber.h:203:3: note: candidate: ‘message_filters::Subscriber<M, NodeType>::Subscriber(NodePtr, const std::string&, rmw_qos_profile_t, rclcpp::SubscriptionOptions) [with M = nav_msgs::msg::Odometry_<std::allocator<void> >; NodeType = rclcpp::Node; NodePtr = std::shared_ptr<rclcpp::Node>; std::string = std::__cxx11::basic_string<char>; rmw_qos_profile_t = rmw_qos_profile_s; rclcpp::SubscriptionOptions = rclcpp::SubscriptionOptionsWithAllocator<std::allocator<void> >]’
[22.782s]   203 |   Subscriber(
[22.784s]       |   ^~~~~~~~~~
[22.784s] /opt/ros/jazzy/include/message_filters/message_filters/subscriber.h:203:3: note:   candidate expects 4 arguments, 3 provided
[22.784s] /opt/ros/jazzy/include/message_filters/message_filters/subscriber.h:188:3: note: candidate: ‘message_filters::Subscriber<M, NodeType>::Subscriber(NodeType*, const std::string&, rmw_qos_profile_t) [with M = nav_msgs::msg::Odometry_<std::allocator<void> >; NodeType = rclcpp::Node; std::string = std::__cxx11::basic_string<char>; rmw_qos_profile_t = rmw_qos_profile_s]’
[22.784s]   188 |   Subscriber(NodeType * node, const std::string& topic, const rmw_qos_profile_t qos = rmw_qos_profile_default)
[22.785s]       |   ^~~~~~~~~~
[22.785s] /opt/ros/jazzy/include/message_filters/message_filters/subscriber.h:188:25: note:   no known conversion for argument 1 from ‘rclcpp::Node’ to ‘rclcpp::Node*’
[22.785s]   188 |   Subscriber(NodeType * node, const std::string& topic, const rmw_qos_profile_t qos = rmw_qos_profile_default)
[22.785s]       |              ~~~~~~~~~~~^~~~
[22.785s] /opt/ros/jazzy/include/message_filters/message_filters/subscriber.h:183:3: note: candidate: ‘message_filters::Subscriber<M, NodeType>::Subscriber(NodePtr, const std::string&, rmw_qos_profile_t) [with M = nav_msgs::msg::Odometry_<std::allocator<void> >; NodeType = rclcpp::Node; NodePtr = std::shared_ptr<rclcpp::Node>; std::string = std::__cxx11::basic_string<char>; rmw_qos_profile_t = rmw_qos_profile_s]’
[22.785s]   183 |   Subscriber(NodePtr node, const std::string& topic, const rmw_qos_profile_t qos = rmw_qos_profile_default)
[22.785s]       |   ^~~~~~~~~~
[22.785s] /opt/ros/jazzy/include/message_filters/message_filters/subscriber.h:183:22: note:   no known conversion for argument 1 from ‘rclcpp::Node’ to ‘message_filters::Subscriber<nav_msgs::msg::Odometry_<std::allocator<void> > >::NodePtr’ {aka ‘std::shared_ptr<rclcpp::Node>’}
[22.788s]   183 |   Subscriber(NodePtr node, const std::string& topic, const rmw_qos_profile_t qos = rmw_qos_profile_default)
[22.788s]       |              ~~~~~~~~^~~~
[22.863s] /home/neha/ros2_ws/src/semnav_migration/src/navigation_semantic.cpp:148:92: error: template argument 1 is invalid
[22.864s]   148 |                     ApproximateTime<sensor_msgs::msg::LaserScan, nav_msgs::msg::Odometry>> sync;
[22.864s]       |                                                                                            ^~~~
[22.923s] /home/neha/ros2_ws/src/semnav_migration/src/navigation.cpp:150:55: error: ‘bind’ is not a member of ‘boost’; did you mean ‘find’?
[22.923s]   150 |                         sync->registerCallback(boost::bind(&NavigationNode::control_callback, this, _1, _2));
[22.923s]       |                                                       ^~~~
[22.924s]       |                                                       find
[22.928s] /home/neha/ros2_ws/src/semnav_migration/src/navigation.cpp:150:101: error: ‘_1’ was not declared in this scope
[22.928s]   150 |                         sync->registerCallback(boost::bind(&NavigationNode::control_callback, this, _1, _2));
[22.928s]       |                                                                                                     ^~
[22.928s] /home/neha/ros2_ws/src/semnav_migration/src/navigation.cpp:150:101: note: suggested alternatives:
[22.930s] In file included from /usr/include/boost/mpl/aux_/include_preprocessed.hpp:37,
[22.930s]                  from /usr/include/boost/mpl/placeholders.hpp:43,
[22.930s]                  from /usr/include/boost/iterator/iterator_categories.hpp:16,
[22.930s]                  from /usr/include/boost/iterator/iterator_facade.hpp:13,
[22.930s]                  from /usr/include/boost/range/iterator_range_core.hpp:27,
[22.931s]                  from /usr/include/boost/lexical_cast.hpp:48,
[22.931s]                  from /usr/include/boost/multiprecision/detail/number_base.hpp:29,
[22.931s]                  from /usr/include/boost/multiprecision/traits/is_variable_precision.hpp:9,
[22.931s]                  from /usr/include/boost/multiprecision/detail/precision.hpp:9,
[22.931s]                  from /usr/include/boost/multiprecision/number.hpp:11,
[22.931s]                  from /usr/include/boost/multiprecision/cpp_int.hpp:19,
[22.931s]                  from /usr/include/boost/multiprecision/cpp_bin_float.hpp:15,
[22.932s]                  from /usr/include/boost/geometry/core/coordinate_promotion.hpp:16,
[22.936s]                  from /usr/include/boost/geometry/core/radian_access.hpp:30,
[22.936s]                  from /usr/include/boost/geometry/geometry.hpp:50,
[22.936s]                  from /usr/include/boost/geometry.hpp:17,
[22.936s]                  from /home/neha/ros2_ws/src/semnav_migration/include/reactive_planner_lib.h:26:
[22.936s] /usr/include/boost/mpl/aux_/preprocessed/gcc/placeholders.hpp:29:16: note:   ‘mpl_::_1’
[22.936s]    29 | typedef arg<1> _1;
[22.937s]       |                ^~
[22.937s] In file included from /usr/include/boost/numeric/conversion/converter_policies.hpp:13,
[22.937s]                  from /usr/include/boost/numeric/conversion/converter.hpp:14,
[22.937s]                  from /usr/include/boost/numeric/conversion/cast.hpp:33,
[22.937s]                  from /usr/include/boost/geometry/core/radian_access.hpp:26:
[22.937s] /usr/include/c++/13/functional:294:48: note:   ‘std::placeholders::_1’
[22.937s]   294 |     _GLIBCXX_PLACEHOLDER const _Placeholder<1> _1;
[22.940s]       |                                                ^~
[22.940s] /usr/include/boost/mpl/aux_/preprocessed/gcc/placeholders.hpp:29:16: note:   ‘mpl_::_1’
[22.940s]    29 | typedef arg<1> _1;
[22.940s]       |                ^~
[22.940s] In file included from /usr/include/boost/describe/members.hpp:20,
[22.940s]                  from /usr/include/boost/container_hash/is_described_class.hpp:11,
[22.941s]                  from /usr/include/boost/container_hash/hash.hpp:18,
[22.943s]                  from /usr/include/boost/functional/hash.hpp:6,
[22.943s]                  from /usr/include/CGAL/Kernel/hash_functions.h:16,
[22.943s]                  from /usr/include/CGAL/Kernel/global_functions.h:25,
[22.943s]                  from /usr/include/CGAL/Cartesian/Cartesian_base.h:22,
[22.943s]                  from /usr/include/CGAL/Simple_cartesian.h:20,
[22.944s]                  from /usr/include/CGAL/Exact_predicates_inexact_constructions_kernel.h:20,
[22.944s]                  from /home/neha/ros2_ws/src/semnav_migration/include/polygeom_lib.h:32,
[22.944s]                  from /home/neha/ros2_ws/src/semnav_migration/include/reactive_planner_lib.h:52:
[22.944s] /usr/include/boost/mp11/bind.hpp:45:7: note:   ‘boost::mp11::_1’
[22.944s]    45 | using _1 = mp_arg<0>;
[22.944s]       |       ^~
[22.944s] /usr/include/boost/mpl/aux_/preprocessed/gcc/placeholders.hpp:29:16: note:   ‘mpl_::_1’
[22.945s]    29 | typedef arg<1> _1;
[22.947s]       |                ^~
[22.947s] /home/neha/ros2_ws/src/semnav_migration/src/navigation.cpp:150:105: error: ‘_2’ was not declared in this scope
[22.947s]   150 |                         sync->registerCallback(boost::bind(&NavigationNode::control_callback, this, _1, _2));
[22.947s]       |                                                                                                         ^~
[22.947s] /home/neha/ros2_ws/src/semnav_migration/src/navigation.cpp:150:105: note: suggested alternatives:
[22.948s] /usr/include/boost/mpl/aux_/preprocessed/gcc/placeholders.hpp:42:16: note:   ‘mpl_::_2’
[22.948s]    42 | typedef arg<2> _2;
[22.948s]       |                ^~
[22.948s] /usr/include/c++/13/functional:295:48: note:   ‘std::placeholders::_2’
[22.948s]   295 |     _GLIBCXX_PLACEHOLDER const _Placeholder<2> _2;
[22.948s]       |                                                ^~
[22.948s] /usr/include/boost/mpl/aux_/preprocessed/gcc/placeholders.hpp:42:16: note:   ‘mpl_::_2’
[22.949s]    42 | typedef arg<2> _2;
[22.951s]       |                ^~
[22.951s] /usr/include/boost/mp11/bind.hpp:46:7: note:   ‘boost::mp11::_2’
[22.951s]    46 | using _2 = mp_arg<1>;
[22.951s]       |       ^~
[22.951s] /usr/include/boost/mpl/aux_/preprocessed/gcc/placeholders.hpp:42:16: note:   ‘mpl_::_2’
[22.952s]    42 | typedef arg<2> _2;
[22.952s]       |                ^~
[22.952s] /home/neha/ros2_ws/src/semnav_migration/src/navigation.cpp:153:74: error: no matching function for call to ‘NavigationNode::create_subscription(const char [20], int)’
[22.952s]   153 |             rclcpp::Subscription sub_semantic = this->create_subscription("sub_semantic_topic_", 1);
[22.952s]       |                                                 ~~~~~~~~~~~~~~~~~~~~~~~~~^~~~~~~~~~~~~~~~~~~~~~~~~~
[22.952s] /opt/ros/jazzy/include/rclcpp/rclcpp/node.hpp:221:3: note: candidate: ‘template<class MessageT, class CallbackT, class AllocatorT, class SubscriptionT, class MessageMemoryStrategyT> std::shared_ptr<ROSMessageT> rclcpp::Node::create_subscription(const std::string&, const rclcpp::QoS&, CallbackT&&, const rclcpp::SubscriptionOptionsWithAllocator<AllocatorT>&, typename MessageMemoryStrategyT::SharedPtr)’
[22.952s]   221 |   create_subscription(
[22.953s]       |   ^~~~~~~~~~~~~~~~~~~
[22.955s] /opt/ros/jazzy/include/rclcpp/rclcpp/node.hpp:221:3: note:   template argument deduction/substitution failed:
[22.955s] /home/neha/ros2_ws/src/semnav_migration/src/navigation.cpp:153:74: note:   candidate expects 5 arguments, 2 provided
[22.955s]   153 |             rclcpp::Subscription sub_semantic = this->create_subscription("sub_semantic_topic_", 1);
[22.955s]       |                                                 ~~~~~~~~~~~~~~~~~~~~~~~~~^~~~~~~~~~~~~~~~~~~~~~~~~~
[22.991s] /home/neha/ros2_ws/src/semnav_migration/src/navigation_semantic.cpp:154:37: error: no match for ‘operator*’ (operand type is ‘message_filters::Subscriber<sensor_msgs::msg::LaserScan_<std::allocator<void> > >’)
[22.991s]   154 |                                     *sub_laser, *sub_robot);
[22.992s]       |                                     ^~~~~~~~~~
[22.994s] In file included from /usr/include/CGAL/is_convertible.h:23,
[22.994s]                  from /usr/include/CGAL/Rational_traits.h:23,
[22.994s]                  from /usr/include/CGAL/number_type_basic.h:40,
[22.994s]                  from /usr/include/CGAL/basic.h:28,
[22.994s]                  from /usr/include/CGAL/Cartesian/Cartesian_base.h:20,
[22.995s]                  from /usr/include/CGAL/Simple_cartesian.h:20,
[22.995s]                  from /usr/include/CGAL/Exact_predicates_inexact_constructions_kernel.h:20,
[22.995s]                  from /home/neha/ros2_ws/src/semnav_migration/include/polygeom_lib.h:32,
[22.995s]                  from /home/neha/ros2_ws/src/semnav_migration/include/reactive_planner_lib.h:52:
[22.995s] /usr/include/gmpxx.h:3329:1: note: candidate: ‘template<class T, class U, class V, class W> __gmp_expr<typename __gmp_resolve_expr<T, V>::value_type, __gmp_binary_expr<__gmp_expr<T, U>, __gmp_expr<V, W>, __gmp_binary_multiplies> > operator*(const __gmp_expr<T, U>&, const __gmp_expr<V, W>&)’
[22.995s]  3329 | __GMP_DEFINE_BINARY_FUNCTION(operator*, __gmp_binary_multiplies)
[22.995s]       | ^~~~~~~~~~~~~~~~~~~~~~~~~~~~
[22.996s] /usr/include/gmpxx.h:3329:1: note:   template argument deduction/substitution failed:
[23.000s] /home/neha/ros2_ws/src/semnav_migration/src/navigation_semantic.cpp:154:38: note:   ‘message_filters::Subscriber<sensor_msgs::msg::LaserScan_<std::allocator<void> > >’ is not derived from ‘const __gmp_expr<T, U>’
[23.000s]   154 |                                     *sub_laser, *sub_robot);
[23.001s]       |                                      ^~~~~~~~~
[23.001s] /usr/include/gmpxx.h:3329:1: note: candidate: ‘template<class T, class U> __gmp_expr<T, __gmp_binary_expr<__gmp_expr<T, U>, long int, __gmp_binary_multiplies> > operator*(const __gmp_expr<T, U>&, signed char)’
[23.001s]  3329 | __GMP_DEFINE_BINARY_FUNCTION(operator*, __gmp_binary_multiplies)
[23.001s]       | ^~~~~~~~~~~~~~~~~~~~~~~~~~~~
[23.001s] /usr/include/gmpxx.h:3329:1: note:   template argument deduction/substitution failed:
[23.001s] /home/neha/ros2_ws/src/semnav_migration/src/navigation_semantic.cpp:154:38: note:   ‘message_filters::Subscriber<sensor_msgs::msg::LaserScan_<std::allocator<void> > >’ is not derived from ‘const __gmp_expr<T, U>’
[23.001s]   154 |                                     *sub_laser, *sub_robot);
[23.002s]       |                                      ^~~~~~~~~
[23.004s] /usr/include/gmpxx.h:3329:1: note: candidate: ‘template<class T, class U> __gmp_expr<T, __gmp_binary_expr<long int, __gmp_expr<T, U>, __gmp_binary_multiplies> > operator*(signed char, const __gmp_expr<T, U>&)’
[23.004s]  3329 | __GMP_DEFINE_BINARY_FUNCTION(operator*, __gmp_binary_multiplies)
[23.004s]       | ^~~~~~~~~~~~~~~~~~~~~~~~~~~~
[23.004s] /usr/include/gmpxx.h:3329:1: note:   template argument deduction/substitution failed:
[23.004s] /home/neha/ros2_ws/src/semnav_migration/src/navigation_semantic.cpp:154:38: note:   candidate expects 2 arguments, 1 provided
[23.005s]   154 |                                     *sub_laser, *sub_robot);
[23.005s]       |                                      ^~~~~~~~~
[23.005s] /usr/include/gmpxx.h:3329:1: note: candidate: ‘template<class T, class U> __gmp_expr<T, __gmp_binary_expr<__gmp_expr<T, U>, long unsigned int, __gmp_binary_multiplies> > operator*(const __gmp_expr<T, U>&, unsigned char)’
[23.005s]  3329 | __GMP_DEFINE_BINARY_FUNCTION(operator*, __gmp_binary_multiplies)
[23.005s]       | ^~~~~~~~~~~~~~~~~~~~~~~~~~~~
[23.005s] /usr/include/gmpxx.h:3329:1: note:   template argument deduction/substitution failed:
[23.005s] /home/neha/ros2_ws/src/semnav_migration/src/navigation_semantic.cpp:154:38: note:   ‘message_filters::Subscriber<sensor_msgs::msg::LaserScan_<std::allocator<void> > >’ is not derived from ‘const __gmp_expr<T, U>’
[23.006s]   154 |                                     *sub_laser, *sub_robot);
[23.008s]       |                                      ^~~~~~~~~
[23.008s] /usr/include/gmpxx.h:3329:1: note: candidate: ‘template<class T, class U> __gmp_expr<T, __gmp_binary_expr<long unsigned int, __gmp_expr<T, U>, __gmp_binary_multiplies> > operator*(unsigned char, const __gmp_expr<T, U>&)’
[23.008s]  3329 | __GMP_DEFINE_BINARY_FUNCTION(operator*, __gmp_binary_multiplies)
[23.008s]       | ^~~~~~~~~~~~~~~~~~~~~~~~~~~~
[23.008s] /usr/include/gmpxx.h:3329:1: note:   template argument deduction/substitution failed:
[23.009s] /home/neha/ros2_ws/src/semnav_migration/src/navigation_semantic.cpp:154:38: note:   candidate expects 2 arguments, 1 provided
[23.009s]   154 |                                     *sub_laser, *sub_robot);
[23.009s]       |                                      ^~~~~~~~~
[23.009s] /usr/include/gmpxx.h:3329:1: note: candidate: ‘template<class T, class U> __gmp_expr<T, __gmp_binary_expr<__gmp_expr<T, U>, long int, __gmp_binary_multiplies> > operator*(const __gmp_expr<T, U>&, int)’
[23.009s]  3329 | __GMP_DEFINE_BINARY_FUNCTION(operator*, __gmp_binary_multiplies)
[23.009s]       | ^~~~~~~~~~~~~~~~~~~~~~~~~~~~
[23.009s] /usr/include/gmpxx.h:3329:1: note:   template argument deduction/substitution failed:
[23.010s] /home/neha/ros2_ws/src/semnav_migration/src/navigation_semantic.cpp:154:38: note:   ‘message_filters::Subscriber<sensor_msgs::msg::LaserScan_<std::allocator<void> > >’ is not derived from ‘const __gmp_expr<T, U>’
[23.012s]   154 |                                     *sub_laser, *sub_robot);
[23.012s]       |                                      ^~~~~~~~~
[23.012s] /usr/include/gmpxx.h:3329:1: note: candidate: ‘template<class T, class U> __gmp_expr<T, __gmp_binary_expr<long int, __gmp_expr<T, U>, __gmp_binary_multiplies> > operator*(int, const __gmp_expr<T, U>&)’
[23.012s]  3329 | __GMP_DEFINE_BINARY_FUNCTION(operator*, __gmp_binary_multiplies)
[23.012s]       | ^~~~~~~~~~~~~~~~~~~~~~~~~~~~
[23.013s] /usr/include/gmpxx.h:3329:1: note:   template argument deduction/substitution failed:
[23.013s] /home/neha/ros2_ws/src/semnav_migration/src/navigation_semantic.cpp:154:38: note:   candidate expects 2 arguments, 1 provided
[23.013s]   154 |                                     *sub_laser, *sub_robot);
[23.013s]       |                                      ^~~~~~~~~
[23.013s] /usr/include/gmpxx.h:3329:1: note: candidate: ‘template<class T, class U> __gmp_expr<T, __gmp_binary_expr<__gmp_expr<T, U>, long unsigned int, __gmp_binary_multiplies> > operator*(const __gmp_expr<T, U>&, unsigned int)’
[23.013s]  3329 | __GMP_DEFINE_BINARY_FUNCTION(operator*, __gmp_binary_multiplies)
[23.013s]       | ^~~~~~~~~~~~~~~~~~~~~~~~~~~~
[23.014s] /usr/include/gmpxx.h:3329:1: note:   template argument deduction/substitution failed:
[23.016s] /home/neha/ros2_ws/src/semnav_migration/src/navigation_semantic.cpp:154:38: note:   ‘message_filters::Subscriber<sensor_msgs::msg::LaserScan_<std::allocator<void> > >’ is not derived from ‘const __gmp_expr<T, U>’
[23.016s]   154 |                                     *sub_laser, *sub_robot);
[23.016s]       |                                      ^~~~~~~~~
[23.016s] /usr/include/gmpxx.h:3329:1: note: candidate: ‘template<class T, class U> __gmp_expr<T, __gmp_binary_expr<long unsigned int, __gmp_expr<T, U>, __gmp_binary_multiplies> > operator*(unsigned int, const __gmp_expr<T, U>&)’
[23.017s]  3329 | __GMP_DEFINE_BINARY_FUNCTION(operator*, __gmp_binary_multiplies)
[23.017s]       | ^~~~~~~~~~~~~~~~~~~~~~~~~~~~
[23.017s] /usr/include/gmpxx.h:3329:1: note:   template argument deduction/substitution failed:
[23.017s] /home/neha/ros2_ws/src/semnav_migration/src/navigation_semantic.cpp:154:38: note:   candidate expects 2 arguments, 1 provided
[23.017s]   154 |                                     *sub_laser, *sub_robot);
[23.017s]       |                                      ^~~~~~~~~
[23.017s] /usr/include/gmpxx.h:3329:1: note: candidate: ‘template<class T, class U> __gmp_expr<T, __gmp_binary_expr<__gmp_expr<T, U>, long int, __gmp_binary_multiplies> > operator*(const __gmp_expr<T, U>&, short int)’
[23.017s]  3329 | __GMP_DEFINE_BINARY_FUNCTION(operator*, __gmp_binary_multiplies)
[23.020s]       | ^~~~~~~~~~~~~~~~~~~~~~~~~~~~
[23.020s] /usr/include/gmpxx.h:3329:1: note:   template argument deduction/substitution failed:
[23.020s] /home/neha/ros2_ws/src/semnav_migration/src/navigation_semantic.cpp:154:38: note:   ‘message_filters::Subscriber<sensor_msgs::msg::LaserScan_<std::allocator<void> > >’ is not derived from ‘const __gmp_expr<T, U>’
[23.020s]   154 |                                     *sub_laser, *sub_robot);
[23.020s]       |                                      ^~~~~~~~~
[23.021s] /usr/include/gmpxx.h:3329:1: note: candidate: ‘template<class T, class U> __gmp_expr<T, __gmp_binary_expr<long int, __gmp_expr<T, U>, __gmp_binary_multiplies> > operator*(short int, const __gmp_expr<T, U>&)’
[23.021s]  3329 | __GMP_DEFINE_BINARY_FUNCTION(operator*, __gmp_binary_multiplies)
[23.021s]       | ^~~~~~~~~~~~~~~~~~~~~~~~~~~~
[23.021s] /usr/include/gmpxx.h:3329:1: note:   template argument deduction/substitution failed:
[23.021s] /home/neha/ros2_ws/src/semnav_migration/src/navigation_semantic.cpp:154:38: note:   candidate expects 2 arguments, 1 provided
[23.021s]   154 |                                     *sub_laser, *sub_robot);
[23.021s]       |                                      ^~~~~~~~~
[23.021s] /usr/include/gmpxx.h:3329:1: note: candidate: ‘template<class T, class U> __gmp_expr<T, __gmp_binary_expr<__gmp_expr<T, U>, long unsigned int, __gmp_binary_multiplies> > operator*(const __gmp_expr<T, U>&, short unsigned int)’
[23.024s]  3329 | __GMP_DEFINE_BINARY_FUNCTION(operator*, __gmp_binary_multiplies)
[23.024s]       | ^~~~~~~~~~~~~~~~~~~~~~~~~~~~
[23.024s] /usr/include/gmpxx.h:3329:1: note:   template argument deduction/substitution failed:
[23.024s] /home/neha/ros2_ws/src/semnav_migration/src/navigation_semantic.cpp:154:38: note:   ‘message_filters::Subscriber<sensor_msgs::msg::LaserScan_<std::allocator<void> > >’ is not derived from ‘const __gmp_expr<T, U>’
[23.024s]   154 |                                     *sub_laser, *sub_robot);
[23.025s]       |                                      ^~~~~~~~~
[23.025s] /usr/include/gmpxx.h:3329:1: note: candidate: ‘template<class T, class U> __gmp_expr<T, __gmp_binary_expr<long unsigned int, __gmp_expr<T, U>, __gmp_binary_multiplies> > operator*(short unsigned int, const __gmp_expr<T, U>&)’
[23.025s]  3329 | __GMP_DEFINE_BINARY_FUNCTION(operator*, __gmp_binary_multiplies)
[23.025s]       | ^~~~~~~~~~~~~~~~~~~~~~~~~~~~
[23.025s] /usr/include/gmpxx.h:3329:1: note:   template argument deduction/substitution failed:
[23.025s] /home/neha/ros2_ws/src/semnav_migration/src/navigation_semantic.cpp:154:38: note:   candidate expects 2 arguments, 1 provided
[23.026s]   154 |                                     *sub_laser, *sub_robot);
[23.028s]       |                                      ^~~~~~~~~
[23.028s] /usr/include/gmpxx.h:3329:1: note: candidate: ‘template<class T, class U> __gmp_expr<T, __gmp_binary_expr<__gmp_expr<T, U>, long int, __gmp_binary_multiplies> > operator*(const __gmp_expr<T, U>&, long int)’
[23.028s]  3329 | __GMP_DEFINE_BINARY_FUNCTION(operator*, __gmp_binary_multiplies)
[23.028s]       | ^~~~~~~~~~~~~~~~~~~~~~~~~~~~
[23.028s] /usr/include/gmpxx.h:3329:1: note:   template argument deduction/substitution failed:
[23.029s] /home/neha/ros2_ws/src/semnav_migration/src/navigation_semantic.cpp:154:38: note:   ‘message_filters::Subscriber<sensor_msgs::msg::LaserScan_<std::allocator<void> > >’ is not derived from ‘const __gmp_expr<T, U>’
[23.029s]   154 |                                     *sub_laser, *sub_robot);
[23.029s]       |                                      ^~~~~~~~~
[23.029s] /usr/include/gmpxx.h:3329:1: note: candidate: ‘template<class T, class U> __gmp_expr<T, __gmp_binary_expr<long int, __gmp_expr<T, U>, __gmp_binary_multiplies> > operator*(long int, const __gmp_expr<T, U>&)’
[23.029s]  3329 | __GMP_DEFINE_BINARY_FUNCTION(operator*, __gmp_binary_multiplies)
[23.029s]       | ^~~~~~~~~~~~~~~~~~~~~~~~~~~~
[23.029s] /usr/include/gmpxx.h:3329:1: note:   template argument deduction/substitution failed:
[23.032s] /home/neha/ros2_ws/src/semnav_migration/src/navigation_semantic.cpp:154:38: note:   candidate expects 2 arguments, 1 provided
[23.032s]   154 |                                     *sub_laser, *sub_robot);
[23.032s]       |                                      ^~~~~~~~~
[23.032s] /usr/include/gmpxx.h:3329:1: note: candidate: ‘template<class T, class U> __gmp_expr<T, __gmp_binary_expr<__gmp_expr<T, U>, long unsigned int, __gmp_binary_multiplies> > operator*(const __gmp_expr<T, U>&, long unsigned int)’
[23.032s]  3329 | __GMP_DEFINE_BINARY_FUNCTION(operator*, __gmp_binary_multiplies)
[23.033s]       | ^~~~~~~~~~~~~~~~~~~~~~~~~~~~
[23.033s] /usr/include/gmpxx.h:3329:1: note:   template argument deduction/substitution failed:
[23.033s] /home/neha/ros2_ws/src/semnav_migration/src/navigation_semantic.cpp:154:38: note:   ‘message_filters::Subscriber<sensor_msgs::msg::LaserScan_<std::allocator<void> > >’ is not derived from ‘const __gmp_expr<T, U>’
[23.033s]   154 |                                     *sub_laser, *sub_robot);
[23.033s]       |                                      ^~~~~~~~~
[23.033s] /usr/include/gmpxx.h:3329:1: note: candidate: ‘template<class T, class U> __gmp_expr<T, __gmp_binary_expr<long unsigned int, __gmp_expr<T, U>, __gmp_binary_multiplies> > operator*(long unsigned int, const __gmp_expr<T, U>&)’
[23.033s]  3329 | __GMP_DEFINE_BINARY_FUNCTION(operator*, __gmp_binary_multiplies)
[23.034s]       | ^~~~~~~~~~~~~~~~~~~~~~~~~~~~
[23.036s] /usr/include/gmpxx.h:3329:1: note:   template argument deduction/substitution failed:
[23.036s] /home/neha/ros2_ws/src/semnav_migration/src/navigation_semantic.cpp:154:38: note:   candidate expects 2 arguments, 1 provided
[23.036s]   154 |                                     *sub_laser, *sub_robot);
[23.036s]       |                                      ^~~~~~~~~
[23.037s] /usr/include/gmpxx.h:3329:1: note: candidate: ‘template<class T, class U> __gmp_expr<T, __gmp_binary_expr<__gmp_expr<T, U>, double, __gmp_binary_multiplies> > operator*(const __gmp_expr<T, U>&, float)’
[23.037s]  3329 | __GMP_DEFINE_BINARY_FUNCTION(operator*, __gmp_binary_multiplies)
[23.037s]       | ^~~~~~~~~~~~~~~~~~~~~~~~~~~~
[23.037s] /usr/include/gmpxx.h:3329:1: note:   template argument deduction/substitution failed:
[23.037s] /home/neha/ros2_ws/src/semnav_migration/src/navigation_semantic.cpp:154:38: note:   ‘message_filters::Subscriber<sensor_msgs::msg::LaserScan_<std::allocator<void> > >’ is not derived from ‘const __gmp_expr<T, U>’
[23.037s]   154 |                                     *sub_laser, *sub_robot);
[23.037s]       |                                      ^~~~~~~~~
[23.038s] /usr/include/gmpxx.h:3329:1: note: candidate: ‘template<class T, class U> __gmp_expr<T, __gmp_binary_expr<double, __gmp_expr<T, U>, __gmp_binary_multiplies> > operator*(float, const __gmp_expr<T, U>&)’
[23.040s]  3329 | __GMP_DEFINE_BINARY_FUNCTION(operator*, __gmp_binary_multiplies)
[23.040s]       | ^~~~~~~~~~~~~~~~~~~~~~~~~~~~
[23.040s] /usr/include/gmpxx.h:3329:1: note:   template argument deduction/substitution failed:
[23.040s] /home/neha/ros2_ws/src/semnav_migration/src/navigation_semantic.cpp:154:38: note:   candidate expects 2 arguments, 1 provided
[23.041s]   154 |                                     *sub_laser, *sub_robot);
[23.041s]       |                                      ^~~~~~~~~
[23.041s] /usr/include/gmpxx.h:3329:1: note: candidate: ‘template<class T, class U> __gmp_expr<T, __gmp_binary_expr<__gmp_expr<T, U>, double, __gmp_binary_multiplies> > operator*(const __gmp_expr<T, U>&, double)’
[23.041s]  3329 | __GMP_DEFINE_BINARY_FUNCTION(operator*, __gmp_binary_multiplies)
[23.041s]       | ^~~~~~~~~~~~~~~~~~~~~~~~~~~~
[23.041s] /usr/include/gmpxx.h:3329:1: note:   template argument deduction/substitution failed:
[23.041s] /home/neha/ros2_ws/src/semnav_migration/src/navigation_semantic.cpp:154:38: note:   ‘message_filters::Subscriber<sensor_msgs::msg::LaserScan_<std::allocator<void> > >’ is not derived from ‘const __gmp_expr<T, U>’
[23.042s]   154 |                                     *sub_laser, *sub_robot);
[23.044s]       |                                      ^~~~~~~~~
[23.044s] /usr/include/gmpxx.h:3329:1: note: candidate: ‘template<class T, class U> __gmp_expr<T, __gmp_binary_expr<double, __gmp_expr<T, U>, __gmp_binary_multiplies> > operator*(double, const __gmp_expr<T, U>&)’
[23.044s]  3329 | __GMP_DEFINE_BINARY_FUNCTION(operator*, __gmp_binary_multiplies)
[23.044s]       | ^~~~~~~~~~~~~~~~~~~~~~~~~~~~
[23.045s] /usr/include/gmpxx.h:3329:1: note:   template argument deduction/substitution failed:
[23.045s] /home/neha/ros2_ws/src/semnav_migration/src/navigation_semantic.cpp:154:38: note:   candidate expects 2 arguments, 1 provided
[23.045s]   154 |                                     *sub_laser, *sub_robot);
[23.045s]       |                                      ^~~~~~~~~
[23.045s] In file included from /usr/include/boost/math/cstdfloat/cstdfloat_complex_std.hpp:20,
[23.045s]                  from /usr/include/boost/math/cstdfloat/cstdfloat_complex.hpp:33,
[23.045s]                  from /usr/include/boost/cstdfloat.hpp:49,
[23.046s]                  from /usr/include/boost/multiprecision/detail/float128_functions.hpp:15,
[23.048s]                  from /usr/include/boost/multiprecision/detail/fpclassify.hpp:13,
[23.048s]                  from /usr/include/boost/multiprecision/detail/default_ops.hpp:15,
[23.048s]                  from /usr/include/boost/multiprecision/detail/generic_interconvert.hpp:12,
[23.048s]                  from /usr/include/boost/multiprecision/number.hpp:12,
[23.048s]                  from /usr/include/boost/multiprecision/cpp_int.hpp:19,
[23.049s]                  from /usr/include/boost/multiprecision/cpp_bin_float.hpp:15,
[23.049s]                  from /usr/include/boost/geometry/core/coordinate_promotion.hpp:16,
[23.049s]                  from /usr/include/boost/geometry/core/radian_access.hpp:30,
[23.049s]                  from /usr/include/boost/geometry/geometry.hpp:50,
[23.049s]                  from /usr/include/boost/geometry.hpp:17,
[23.049s]                  from /home/neha/ros2_ws/src/semnav_migration/include/reactive_planner_lib.h:26:
[23.049s] /usr/include/c++/13/complex:395:5: note: candidate: ‘template<class _Tp> std::complex<_Tp> std::operator*(const complex<_Tp>&, const complex<_Tp>&)’
[23.049s]   395 |     operator*(const complex<_Tp>& __x, const complex<_Tp>& __y)
[23.052s]       |     ^~~~~~~~
[23.052s] /usr/include/c++/13/complex:395:5: note:   template argument deduction/substitution failed:
[23.052s] /home/neha/ros2_ws/src/semnav_migration/src/navigation_semantic.cpp:154:38: note:   ‘message_filters::Subscriber<sensor_msgs::msg::LaserScan_<std::allocator<void> > >’ is not derived from ‘const std::complex<_Tp>’
[23.052s]   154 |                                     *sub_laser, *sub_robot);
[23.052s]       |                                      ^~~~~~~~~
[23.053s] /usr/include/c++/13/complex:404:5: note: candidate: ‘template<class _Tp> std::complex<_Tp> std::operator*(const complex<_Tp>&, const _Tp&)’
[23.053s]   404 |     operator*(const complex<_Tp>& __x, const _Tp& __y)
[23.053s]       |     ^~~~~~~~
[23.053s] /usr/include/c++/13/complex:404:5: note:   template argument deduction/substitution failed:
[23.053s] /home/neha/ros2_ws/src/semnav_migration/src/navigation_semantic.cpp:154:38: note:   ‘message_filters::Subscriber<sensor_msgs::msg::LaserScan_<std::allocator<void> > >’ is not derived from ‘const std::complex<_Tp>’
[23.053s]   154 |                                     *sub_laser, *sub_robot);
[23.053s]       |                                      ^~~~~~~~~
[23.054s] /usr/include/c++/13/complex:413:5: note: candidate: ‘template<class _Tp> std::complex<_Tp> std::operator*(const _Tp&, const complex<_Tp>&)’
[23.056s]   413 |     operator*(const _Tp& __x, const complex<_Tp>& __y)
[23.056s]       |     ^~~~~~~~
[23.056s] /usr/include/c++/13/complex:413:5: note:   template argument deduction/substitution failed:
[23.056s] /home/neha/ros2_ws/src/semnav_migration/src/navigation_semantic.cpp:154:38: note:   candidate expects 2 arguments, 1 provided
[23.056s]   154 |                                     *sub_laser, *sub_robot);
[23.057s]       |                                      ^~~~~~~~~
[23.057s] /usr/include/boost/math/cstdfloat/cstdfloat_complex_std.hpp:257:65: note: candidate: ‘std::complex<__float128> std::operator*(const complex<__float128>&, const complex<__float128>&)’
[23.057s]   257 |     inline complex<BOOST_CSTDFLOAT_EXTENDED_COMPLEX_FLOAT_TYPE> operator*(const complex<BOOST_CSTDFLOAT_EXTENDED_COMPLEX_FLOAT_TYPE>& u, const complex<BOOST_CSTDFLOAT_EXTENDED_COMPLEX_FLOAT_TYPE>& v)
[23.057s]       |                                                                 ^~~~~~~~
[23.057s] /usr/include/boost/math/cstdfloat/cstdfloat_complex_std.hpp:257:65: note:   candidate expects 2 arguments, 1 provided
[23.057s] /usr/include/boost/math/cstdfloat/cstdfloat_complex_std.hpp:273:65: note: candidate: ‘std::complex<__float128> std::operator*(const complex<__float128>&, const boost::math::cstdfloat::detail::float_internal128_t&)’
[23.057s]   273 |     inline complex<BOOST_CSTDFLOAT_EXTENDED_COMPLEX_FLOAT_TYPE> operator*(const complex<BOOST_CSTDFLOAT_EXTENDED_COMPLEX_FLOAT_TYPE>& u, const BOOST_CSTDFLOAT_EXTENDED_COMPLEX_FLOAT_TYPE& v) { return complex<BOOST_CSTDFLOAT_EXTENDED_COMPLEX_FLOAT_TYPE>(u.real() * v, u.imag() * v); }
[23.058s]       |                                                                 ^~~~~~~~
[23.060s] /usr/include/boost/math/cstdfloat/cstdfloat_complex_std.hpp:273:65: note:   candidate expects 2 arguments, 1 provided
[23.060s] /usr/include/boost/math/cstdfloat/cstdfloat_complex_std.hpp:278:65: note: candidate: ‘std::complex<__float128> std::operator*(const boost::math::cstdfloat::detail::float_internal128_t&, const complex<__float128>&)’
[23.060s]   278 |     inline complex<BOOST_CSTDFLOAT_EXTENDED_COMPLEX_FLOAT_TYPE> operator*(const BOOST_CSTDFLOAT_EXTENDED_COMPLEX_FLOAT_TYPE& u, const complex<BOOST_CSTDFLOAT_EXTENDED_COMPLEX_FLOAT_TYPE>& v) { return complex<BOOST_CSTDFLOAT_EXTENDED_COMPLEX_FLOAT_TYPE>(u * v.real(), u * v.imag()); }
[23.060s]       |                                                                 ^~~~~~~~
[23.061s] /usr/include/boost/math/cstdfloat/cstdfloat_complex_std.hpp:278:65: note:   candidate expects 2 arguments, 1 provided
[23.061s] /home/neha/ros2_ws/src/semnav_migration/src/navigation_semantic.cpp:154:49: error: no match for ‘operator*’ (operand type is ‘message_filters::Subscriber<nav_msgs::msg::Odometry_<std::allocator<void> > >’)
[23.061s]   154 |                                     *sub_laser, *sub_robot);
[23.062s]       |                                                 ^~~~~~~~~~
[23.062s] /usr/include/gmpxx.h:3329:1: note: candidate: ‘template<class T, class U, class V, class W> __gmp_expr<typename __gmp_resolve_expr<T, V>::value_type, __gmp_binary_expr<__gmp_expr<T, U>, __gmp_expr<V, W>, __gmp_binary_multiplies> > operator*(const __gmp_expr<T, U>&, const __gmp_expr<V, W>&)’
[23.065s]  3329 | __GMP_DEFINE_BINARY_FUNCTION(operator*, __gmp_binary_multiplies)
[23.065s]       | ^~~~~~~~~~~~~~~~~~~~~~~~~~~~
[23.065s] /usr/include/gmpxx.h:3329:1: note:   template argument deduction/substitution failed:
[23.065s] /home/neha/ros2_ws/src/semnav_migration/src/navigation_semantic.cpp:154:50: note:   ‘message_filters::Subscriber<nav_msgs::msg::Odometry_<std::allocator<void> > >’ is not derived from ‘const __gmp_expr<T, U>’
[23.065s]   154 |                                     *sub_laser, *sub_robot);
[23.066s]       |                                                  ^~~~~~~~~
[23.066s] /usr/include/gmpxx.h:3329:1: note: candidate: ‘template<class T, class U> __gmp_expr<T, __gmp_binary_expr<__gmp_expr<T, U>, long int, __gmp_binary_multiplies> > operator*(const __gmp_expr<T, U>&, signed char)’
[23.066s]  3329 | __GMP_DEFINE_BINARY_FUNCTION(operator*, __gmp_binary_multiplies)
[23.066s]       | ^~~~~~~~~~~~~~~~~~~~~~~~~~~~
[23.066s] /usr/include/gmpxx.h:3329:1: note:   template argument deduction/substitution failed:
[23.066s] /home/neha/ros2_ws/src/semnav_migration/src/navigation_semantic.cpp:154:50: note:   ‘message_filters::Subscriber<nav_msgs::msg::Odometry_<std::allocator<void> > >’ is not derived from ‘const __gmp_expr<T, U>’
[23.066s]   154 |                                     *sub_laser, *sub_robot);
[23.069s]       |                                                  ^~~~~~~~~
[23.069s] /usr/include/gmpxx.h:3329:1: note: candidate: ‘template<class T, class U> __gmp_expr<T, __gmp_binary_expr<long int, __gmp_expr<T, U>, __gmp_binary_multiplies> > operator*(signed char, const __gmp_expr<T, U>&)’
[23.069s]  3329 | __GMP_DEFINE_BINARY_FUNCTION(operator*, __gmp_binary_multiplies)
[23.069s]       | ^~~~~~~~~~~~~~~~~~~~~~~~~~~~
[23.069s] /usr/include/gmpxx.h:3329:1: note:   template argument deduction/substitution failed:
[23.070s] /home/neha/ros2_ws/src/semnav_migration/src/navigation_semantic.cpp:154:50: note:   candidate expects 2 arguments, 1 provided
[23.070s]   154 |                                     *sub_laser, *sub_robot);
[23.070s]       |                                                  ^~~~~~~~~
[23.070s] /usr/include/gmpxx.h:3329:1: note: candidate: ‘template<class T, class U> __gmp_expr<T, __gmp_binary_expr<__gmp_expr<T, U>, long unsigned int, __gmp_binary_multiplies> > operator*(const __gmp_expr<T, U>&, unsigned char)’
[23.070s]  3329 | __GMP_DEFINE_BINARY_FUNCTION(operator*, __gmp_binary_multiplies)
[23.070s]       | ^~~~~~~~~~~~~~~~~~~~~~~~~~~~
[23.070s] /usr/include/gmpxx.h:3329:1: note:   template argument deduction/substitution failed:
[23.070s] /home/neha/ros2_ws/src/semnav_migration/src/navigation_semantic.cpp:154:50: note:   ‘message_filters::Subscriber<nav_msgs::msg::Odometry_<std::allocator<void> > >’ is not derived from ‘const __gmp_expr<T, U>’
[23.073s]   154 |                                     *sub_laser, *sub_robot);
[23.073s]       |                                                  ^~~~~~~~~
[23.073s] /usr/include/gmpxx.h:3329:1: note: candidate: ‘template<class T, class U> __gmp_expr<T, __gmp_binary_expr<long unsigned int, __gmp_expr<T, U>, __gmp_binary_multiplies> > operator*(unsigned char, const __gmp_expr<T, U>&)’
[23.073s]  3329 | __GMP_DEFINE_BINARY_FUNCTION(operator*, __gmp_binary_multiplies)
[23.073s]       | ^~~~~~~~~~~~~~~~~~~~~~~~~~~~
[23.074s] /usr/include/gmpxx.h:3329:1: note:   template argument deduction/substitution failed:
[23.074s] /home/neha/ros2_ws/src/semnav_migration/src/navigation_semantic.cpp:154:50: note:   candidate expects 2 arguments, 1 provided
[23.074s]   154 |                                     *sub_laser, *sub_robot);
[23.074s]       |                                                  ^~~~~~~~~
[23.074s] /usr/include/gmpxx.h:3329:1: note: candidate: ‘template<class T, class U> __gmp_expr<T, __gmp_binary_expr<__gmp_expr<T, U>, long int, __gmp_binary_multiplies> > operator*(const __gmp_expr<T, U>&, int)’
[23.074s]  3329 | __GMP_DEFINE_BINARY_FUNCTION(operator*, __gmp_binary_multiplies)
[23.074s]       | ^~~~~~~~~~~~~~~~~~~~~~~~~~~~
[23.075s] /usr/include/gmpxx.h:3329:1: note:   template argument deduction/substitution failed:
[23.076s] /home/neha/ros2_ws/src/semnav_migration/src/navigation_semantic.cpp:154:50: note:   ‘message_filters::Subscriber<nav_msgs::msg::Odometry_<std::allocator<void> > >’ is not derived from ‘const __gmp_expr<T, U>’
[23.076s]   154 |                                     *sub_laser, *sub_robot);
[23.076s]       |                                                  ^~~~~~~~~
[23.076s] /usr/include/gmpxx.h:3329:1: note: candidate: ‘template<class T, class U> __gmp_expr<T, __gmp_binary_expr<long int, __gmp_expr<T, U>, __gmp_binary_multiplies> > operator*(int, const __gmp_expr<T, U>&)’
[23.077s]  3329 | __GMP_DEFINE_BINARY_FUNCTION(operator*, __gmp_binary_multiplies)
[23.077s]       | ^~~~~~~~~~~~~~~~~~~~~~~~~~~~
[23.077s] /usr/include/gmpxx.h:3329:1: note:   template argument deduction/substitution failed:
[23.077s] /home/neha/ros2_ws/src/semnav_migration/src/navigation_semantic.cpp:154:50: note:   candidate expects 2 arguments, 1 provided
[23.077s]   154 |                                     *sub_laser, *sub_robot);
[23.077s]       |                                                  ^~~~~~~~~
[23.077s] /usr/include/gmpxx.h:3329:1: note: candidate: ‘template<class T, class U> __gmp_expr<T, __gmp_binary_expr<__gmp_expr<T, U>, long unsigned int, __gmp_binary_multiplies> > operator*(const __gmp_expr<T, U>&, unsigned int)’
[23.080s]  3329 | __GMP_DEFINE_BINARY_FUNCTION(operator*, __gmp_binary_multiplies)
[23.080s]       | ^~~~~~~~~~~~~~~~~~~~~~~~~~~~
[23.080s] /usr/include/gmpxx.h:3329:1: note:   template argument deduction/substitution failed:
[23.080s] /home/neha/ros2_ws/src/semnav_migration/src/navigation_semantic.cpp:154:50: note:   ‘message_filters::Subscriber<nav_msgs::msg::Odometry_<std::allocator<void> > >’ is not derived from ‘const __gmp_expr<T, U>’
[23.080s]   154 |                                     *sub_laser, *sub_robot);
[23.081s]       |                                                  ^~~~~~~~~
[23.081s] /usr/include/gmpxx.h:3329:1: note: candidate: ‘template<class T, class U> __gmp_expr<T, __gmp_binary_expr<long unsigned int, __gmp_expr<T, U>, __gmp_binary_multiplies> > operator*(unsigned int, const __gmp_expr<T, U>&)’
[23.081s]  3329 | __GMP_DEFINE_BINARY_FUNCTION(operator*, __gmp_binary_multiplies)
[23.081s]       | ^~~~~~~~~~~~~~~~~~~~~~~~~~~~
[23.081s] /usr/include/gmpxx.h:3329:1: note:   template argument deduction/substitution failed:
[23.081s] /home/neha/ros2_ws/src/semnav_migration/src/navigation_semantic.cpp:154:50: note:   candidate expects 2 arguments, 1 provided
[23.081s]   154 |                                     *sub_laser, *sub_robot);
[23.082s]       |                                                  ^~~~~~~~~
[23.084s] /usr/include/gmpxx.h:3329:1: note: candidate: ‘template<class T, class U> __gmp_expr<T, __gmp_binary_expr<__gmp_expr<T, U>, long int, __gmp_binary_multiplies> > operator*(const __gmp_expr<T, U>&, short int)’
[23.084s]  3329 | __GMP_DEFINE_BINARY_FUNCTION(operator*, __gmp_binary_multiplies)
[23.084s]       | ^~~~~~~~~~~~~~~~~~~~~~~~~~~~
[23.084s] /usr/include/gmpxx.h:3329:1: note:   template argument deduction/substitution failed:
[23.084s] /home/neha/ros2_ws/src/semnav_migration/src/navigation_semantic.cpp:154:50: note:   ‘message_filters::Subscriber<nav_msgs::msg::Odometry_<std::allocator<void> > >’ is not derived from ‘const __gmp_expr<T, U>’
[23.085s]   154 |                                     *sub_laser, *sub_robot);
[23.085s]       |                                                  ^~~~~~~~~
[23.085s] /usr/include/gmpxx.h:3329:1: note: candidate: ‘template<class T, class U> __gmp_expr<T, __gmp_binary_expr<long int, __gmp_expr<T, U>, __gmp_binary_multiplies> > operator*(short int, const __gmp_expr<T, U>&)’
[23.085s]  3329 | __GMP_DEFINE_BINARY_FUNCTION(operator*, __gmp_binary_multiplies)
[23.085s]       | ^~~~~~~~~~~~~~~~~~~~~~~~~~~~
[23.085s] /usr/include/gmpxx.h:3329:1: note:   template argument deduction/substitution failed:
[23.085s] /home/neha/ros2_ws/src/semnav_migration/src/navigation_semantic.cpp:154:50: note:   candidate expects 2 arguments, 1 provided
[23.089s]   154 |                                     *sub_laser, *sub_robot);
[23.089s]       |                                                  ^~~~~~~~~
[23.089s] /usr/include/gmpxx.h:3329:1: note: candidate: ‘template<class T, class U> __gmp_expr<T, __gmp_binary_expr<__gmp_expr<T, U>, long unsigned int, __gmp_binary_multiplies> > operator*(const __gmp_expr<T, U>&, short unsigned int)’
[23.089s]  3329 | __GMP_DEFINE_BINARY_FUNCTION(operator*, __gmp_binary_multiplies)
[23.090s]       | ^~~~~~~~~~~~~~~~~~~~~~~~~~~~
[23.090s] /usr/include/gmpxx.h:3329:1: note:   template argument deduction/substitution failed:
[23.090s] /home/neha/ros2_ws/src/semnav_migration/src/navigation_semantic.cpp:154:50: note:   ‘message_filters::Subscriber<nav_msgs::msg::Odometry_<std::allocator<void> > >’ is not derived from ‘const __gmp_expr<T, U>’
[23.090s]   154 |                                     *sub_laser, *sub_robot);
[23.090s]       |                                                  ^~~~~~~~~
[23.090s] /usr/include/gmpxx.h:3329:1: note: candidate: ‘template<class T, class U> __gmp_expr<T, __gmp_binary_expr<long unsigned int, __gmp_expr<T, U>, __gmp_binary_multiplies> > operator*(short unsigned int, const __gmp_expr<T, U>&)’
[23.090s]  3329 | __GMP_DEFINE_BINARY_FUNCTION(operator*, __gmp_binary_multiplies)
[23.091s]       | ^~~~~~~~~~~~~~~~~~~~~~~~~~~~
[23.092s] /usr/include/gmpxx.h:3329:1: note:   template argument deduction/substitution failed:
[23.092s] /home/neha/ros2_ws/src/semnav_migration/src/navigation_semantic.cpp:154:50: note:   candidate expects 2 arguments, 1 provided
[23.092s]   154 |                                     *sub_laser, *sub_robot);
[23.092s]       |                                                  ^~~~~~~~~
[23.092s] /usr/include/gmpxx.h:3329:1: note: candidate: ‘template<class T, class U> __gmp_expr<T, __gmp_binary_expr<__gmp_expr<T, U>, long int, __gmp_binary_multiplies> > operator*(const __gmp_expr<T, U>&, long int)’
[23.093s]  3329 | __GMP_DEFINE_BINARY_FUNCTION(operator*, __gmp_binary_multiplies)
[23.093s]       | ^~~~~~~~~~~~~~~~~~~~~~~~~~~~
[23.093s] /usr/include/gmpxx.h:3329:1: note:   template argument deduction/substitution failed:
[23.093s] /home/neha/ros2_ws/src/semnav_migration/src/navigation_semantic.cpp:154:50: note:   ‘message_filters::Subscriber<nav_msgs::msg::Odometry_<std::allocator<void> > >’ is not derived from ‘const __gmp_expr<T, U>’
[23.093s]   154 |                                     *sub_laser, *sub_robot);
[23.093s]       |                                                  ^~~~~~~~~
[23.093s] /usr/include/gmpxx.h:3329:1: note: candidate: ‘template<class T, class U> __gmp_expr<T, __gmp_binary_expr<long int, __gmp_expr<T, U>, __gmp_binary_multiplies> > operator*(long int, const __gmp_expr<T, U>&)’
[23.094s]  3329 | __GMP_DEFINE_BINARY_FUNCTION(operator*, __gmp_binary_multiplies)
[23.097s]       | ^~~~~~~~~~~~~~~~~~~~~~~~~~~~
[23.097s] /usr/include/gmpxx.h:3329:1: note:   template argument deduction/substitution failed:
[23.097s] /home/neha/ros2_ws/src/semnav_migration/src/navigation_semantic.cpp:154:50: note:   candidate expects 2 arguments, 1 provided
[23.097s]   154 |                                     *sub_laser, *sub_robot);
[23.098s]       |                                                  ^~~~~~~~~
[23.098s] /usr/include/gmpxx.h:3329:1: note: candidate: ‘template<class T, class U> __gmp_expr<T, __gmp_binary_expr<__gmp_expr<T, U>, long unsigned int, __gmp_binary_multiplies> > operator*(const __gmp_expr<T, U>&, long unsigned int)’
[23.098s]  3329 | __GMP_DEFINE_BINARY_FUNCTION(operator*, __gmp_binary_multiplies)
[23.098s]       | ^~~~~~~~~~~~~~~~~~~~~~~~~~~~
[23.098s] /usr/include/gmpxx.h:3329:1: note:   template argument deduction/substitution failed:
[23.098s] /home/neha/ros2_ws/src/semnav_migration/src/navigation_semantic.cpp:154:50: note:   ‘message_filters::Subscriber<nav_msgs::msg::Odometry_<std::allocator<void> > >’ is not derived from ‘const __gmp_expr<T, U>’
[23.098s]   154 |                                     *sub_laser, *sub_robot);
[23.101s]       |                                                  ^~~~~~~~~
[23.101s] /usr/include/gmpxx.h:3329:1: note: candidate: ‘template<class T, class U> __gmp_expr<T, __gmp_binary_expr<long unsigned int, __gmp_expr<T, U>, __gmp_binary_multiplies> > operator*(long unsigned int, const __gmp_expr<T, U>&)’
[23.101s]  3329 | __GMP_DEFINE_BINARY_FUNCTION(operator*, __gmp_binary_multiplies)
[23.101s]       | ^~~~~~~~~~~~~~~~~~~~~~~~~~~~
[23.101s] /usr/include/gmpxx.h:3329:1: note:   template argument deduction/substitution failed:
[23.102s] /home/neha/ros2_ws/src/semnav_migration/src/navigation_semantic.cpp:154:50: note:   candidate expects 2 arguments, 1 provided
[23.102s]   154 |                                     *sub_laser, *sub_robot);
[23.102s]       |                                                  ^~~~~~~~~
[23.102s] /usr/include/gmpxx.h:3329:1: note: candidate: ‘template<class T, class U> __gmp_expr<T, __gmp_binary_expr<__gmp_expr<T, U>, double, __gmp_binary_multiplies> > operator*(const __gmp_expr<T, U>&, float)’
[23.102s]  3329 | __GMP_DEFINE_BINARY_FUNCTION(operator*, __gmp_binary_multiplies)
[23.102s]       | ^~~~~~~~~~~~~~~~~~~~~~~~~~~~
[23.102s] /usr/include/gmpxx.h:3329:1: note:   template argument deduction/substitution failed:
[23.105s] /home/neha/ros2_ws/src/semnav_migration/src/navigation_semantic.cpp:154:50: note:   ‘message_filters::Subscriber<nav_msgs::msg::Odometry_<std::allocator<void> > >’ is not derived from ‘const __gmp_expr<T, U>’
[23.105s]   154 |                                     *sub_laser, *sub_robot);
[23.105s]       |                                                  ^~~~~~~~~
[23.105s] /usr/include/gmpxx.h:3329:1: note: candidate: ‘template<class T, class U> __gmp_expr<T, __gmp_binary_expr<double, __gmp_expr<T, U>, __gmp_binary_multiplies> > operator*(float, const __gmp_expr<T, U>&)’
[23.105s]  3329 | __GMP_DEFINE_BINARY_FUNCTION(operator*, __gmp_binary_multiplies)
[23.106s]       | ^~~~~~~~~~~~~~~~~~~~~~~~~~~~
[23.106s] /usr/include/gmpxx.h:3329:1: note:   template argument deduction/substitution failed:
[23.106s] /home/neha/ros2_ws/src/semnav_migration/src/navigation_semantic.cpp:154:50: note:   candidate expects 2 arguments, 1 provided
[23.106s]   154 |                                     *sub_laser, *sub_robot);
[23.106s]       |                                                  ^~~~~~~~~
[23.106s] /usr/include/gmpxx.h:3329:1: note: candidate: ‘template<class T, class U> __gmp_expr<T, __gmp_binary_expr<__gmp_expr<T, U>, double, __gmp_binary_multiplies> > operator*(const __gmp_expr<T, U>&, double)’
[23.106s]  3329 | __GMP_DEFINE_BINARY_FUNCTION(operator*, __gmp_binary_multiplies)
[23.106s]       | ^~~~~~~~~~~~~~~~~~~~~~~~~~~~
[23.109s] /usr/include/gmpxx.h:3329:1: note:   template argument deduction/substitution failed:
[23.109s] /home/neha/ros2_ws/src/semnav_migration/src/navigation_semantic.cpp:154:50: note:   ‘message_filters::Subscriber<nav_msgs::msg::Odometry_<std::allocator<void> > >’ is not derived from ‘const __gmp_expr<T, U>’
[23.109s]   154 |                                     *sub_laser, *sub_robot);
[23.109s]       |                                                  ^~~~~~~~~
[23.109s] /usr/include/gmpxx.h:3329:1: note: candidate: ‘template<class T, class U> __gmp_expr<T, __gmp_binary_expr<double, __gmp_expr<T, U>, __gmp_binary_multiplies> > operator*(double, const __gmp_expr<T, U>&)’
[23.110s]  3329 | __GMP_DEFINE_BINARY_FUNCTION(operator*, __gmp_binary_multiplies)
[23.110s]       | ^~~~~~~~~~~~~~~~~~~~~~~~~~~~
[23.110s] /usr/include/gmpxx.h:3329:1: note:   template argument deduction/substitution failed:
[23.110s] /home/neha/ros2_ws/src/semnav_migration/src/navigation_semantic.cpp:154:50: note:   candidate expects 2 arguments, 1 provided
[23.110s]   154 |                                     *sub_laser, *sub_robot);
[23.110s]       |                                                  ^~~~~~~~~
[23.110s] /usr/include/c++/13/complex:395:5: note: candidate: ‘template<class _Tp> std::complex<_Tp> std::operator*(const complex<_Tp>&, const complex<_Tp>&)’
[23.113s]   395 |     operator*(const complex<_Tp>& __x, const complex<_Tp>& __y)
[23.113s]       |     ^~~~~~~~
[23.113s] /usr/include/c++/13/complex:395:5: note:   template argument deduction/substitution failed:
[23.114s] /home/neha/ros2_ws/src/semnav_migration/src/navigation_semantic.cpp:154:50: note:   ‘message_filters::Subscriber<nav_msgs::msg::Odometry_<std::allocator<void> > >’ is not derived from ‘const std::complex<_Tp>’
[23.114s]   154 |                                     *sub_laser, *sub_robot);
[23.114s]       |                                                  ^~~~~~~~~
[23.114s] /usr/include/c++/13/complex:404:5: note: candidate: ‘template<class _Tp> std::complex<_Tp> std::operator*(const complex<_Tp>&, const _Tp&)’
[23.114s]   404 |     operator*(const complex<_Tp>& __x, const _Tp& __y)
[23.114s]       |     ^~~~~~~~
[23.114s] /usr/include/c++/13/complex:404:5: note:   template argument deduction/substitution failed:
[23.115s] /home/neha/ros2_ws/src/semnav_migration/src/navigation_semantic.cpp:154:50: note:   ‘message_filters::Subscriber<nav_msgs::msg::Odometry_<std::allocator<void> > >’ is not derived from ‘const std::complex<_Tp>’
[23.117s]   154 |                                     *sub_laser, *sub_robot);
[23.117s]       |                                                  ^~~~~~~~~
[23.117s] /usr/include/c++/13/complex:413:5: note: candidate: ‘template<class _Tp> std::complex<_Tp> std::operator*(const _Tp&, const complex<_Tp>&)’
[23.117s]   413 |     operator*(const _Tp& __x, const complex<_Tp>& __y)
[23.118s]       |     ^~~~~~~~
[23.118s] /usr/include/c++/13/complex:413:5: note:   template argument deduction/substitution failed:
[23.118s] /home/neha/ros2_ws/src/semnav_migration/src/navigation_semantic.cpp:154:50: note:   candidate expects 2 arguments, 1 provided
[23.118s]   154 |                                     *sub_laser, *sub_robot);
[23.118s]       |                                                  ^~~~~~~~~
[23.118s] /usr/include/boost/math/cstdfloat/cstdfloat_complex_std.hpp:257:65: note: candidate: ‘std::complex<__float128> std::operator*(const complex<__float128>&, const complex<__float128>&)’
[23.118s]   257 |     inline complex<BOOST_CSTDFLOAT_EXTENDED_COMPLEX_FLOAT_TYPE> operator*(const complex<BOOST_CSTDFLOAT_EXTENDED_COMPLEX_FLOAT_TYPE>& u, const complex<BOOST_CSTDFLOAT_EXTENDED_COMPLEX_FLOAT_TYPE>& v)
[23.119s]       |                                                                 ^~~~~~~~
[23.121s] /usr/include/boost/math/cstdfloat/cstdfloat_complex_std.hpp:257:65: note:   candidate expects 2 arguments, 1 provided
[23.121s] /usr/include/boost/math/cstdfloat/cstdfloat_complex_std.hpp:273:65: note: candidate: ‘std::complex<__float128> std::operator*(const complex<__float128>&, const boost::math::cstdfloat::detail::float_internal128_t&)’
[23.121s]   273 |     inline complex<BOOST_CSTDFLOAT_EXTENDED_COMPLEX_FLOAT_TYPE> operator*(const complex<BOOST_CSTDFLOAT_EXTENDED_COMPLEX_FLOAT_TYPE>& u, const BOOST_CSTDFLOAT_EXTENDED_COMPLEX_FLOAT_TYPE& v) { return complex<BOOST_CSTDFLOAT_EXTENDED_COMPLEX_FLOAT_TYPE>(u.real() * v, u.imag() * v); }
[23.121s]       |                                                                 ^~~~~~~~
[23.122s] /usr/include/boost/math/cstdfloat/cstdfloat_complex_std.hpp:273:65: note:   candidate expects 2 arguments, 1 provided
[23.122s] /usr/include/boost/math/cstdfloat/cstdfloat_complex_std.hpp:278:65: note: candidate: ‘std::complex<__float128> std::operator*(const boost::math::cstdfloat::detail::float_internal128_t&, const complex<__float128>&)’
[23.122s]   278 |     inline complex<BOOST_CSTDFLOAT_EXTENDED_COMPLEX_FLOAT_TYPE> operator*(const BOOST_CSTDFLOAT_EXTENDED_COMPLEX_FLOAT_TYPE& u, const complex<BOOST_CSTDFLOAT_EXTENDED_COMPLEX_FLOAT_TYPE>& v) { return complex<BOOST_CSTDFLOAT_EXTENDED_COMPLEX_FLOAT_TYPE>(u * v.real(), u * v.imag()); }
[23.122s]       |                                                                 ^~~~~~~~
[23.122s] /usr/include/boost/math/cstdfloat/cstdfloat_complex_std.hpp:278:65: note:   candidate expects 2 arguments, 1 provided
[23.122s] /home/neha/ros2_ws/src/semnav_migration/src/navigation_semantic.cpp:155:19: error: request for member ‘registerCallback’ in ‘* sync’, which is of non-class type ‘void() noexcept’
[23.123s]   155 |             sync->registerCallback(std::bind(&SemanticNavigationNode::SyncCallback, this, std::placeholders::_1 , std::placeholders::_2));
[23.125s]       |                   ^~~~~~~~~~~~~~~~
[23.125s] /home/neha/ros2_ws/src/semnav_migration/src/navigation_semantic.cpp:155:71: error: ‘SyncCallback’ is not a member of ‘SemanticNavigationNode’
[23.125s]   155 |             sync->registerCallback(std::bind(&SemanticNavigationNode::SyncCallback, this, std::placeholders::_1 , std::placeholders::_2));
[23.125s]       |                                                                       ^~~~~~~~~~~~
[23.125s] /home/neha/ros2_ws/src/semnav_migration/src/navigation_semantic.cpp:172:86: error: no matching function for call to ‘SemanticNavigationNode::create_subscription(const char [20], int)’
[23.126s]   172 |                         rclcpp::Subscription sub_semantic = this->create_subscription("sub_semantic_topic_", 1);
[23.126s]       |                                                             ~~~~~~~~~~~~~~~~~~~~~~~~~^~~~~~~~~~~~~~~~~~~~~~~~~~
[23.126s] /opt/ros/jazzy/include/rclcpp/rclcpp/node.hpp:221:3: note: candidate: ‘template<class MessageT, class CallbackT, class AllocatorT, class SubscriptionT, class MessageMemoryStrategyT> std::shared_ptr<ROSMessageT> rclcpp::Node::create_subscription(const std::string&, const rclcpp::QoS&, CallbackT&&, const rclcpp::SubscriptionOptionsWithAllocator<AllocatorT>&, typename MessageMemoryStrategyT::SharedPtr)’
[23.126s]   221 |   create_subscription(
[23.126s]       |   ^~~~~~~~~~~~~~~~~~~
[23.126s] /opt/ros/jazzy/include/rclcpp/rclcpp/node.hpp:221:3: note:   template argument deduction/substitution failed:
[23.126s] /home/neha/ros2_ws/src/semnav_migration/src/navigation_semantic.cpp:172:86: note:   candidate expects 5 arguments, 2 provided
[23.129s]   172 |                         rclcpp::Subscription sub_semantic = this->create_subscription("sub_semantic_topic_", 1);
[23.129s]       |                                                             ~~~~~~~~~~~~~~~~~~~~~~~~~^~~~~~~~~~~~~~~~~~~~~~~~~~
[23.129s] /home/neha/ros2_ws/src/semnav_migration/src/navigation.cpp: In member function ‘void NavigationNode::control_callback(const sensor_msgs::msg::LaserScan_<std::allocator<void> >::ConstPtr&, const nav_msgs::msg::Odometry_<std::allocator<void> >::ConstPtr&)’:
[23.129s] /home/neha/ros2_ws/src/semnav_migration/src/navigation.cpp:405:42: error: could not convert ‘lidar_data’ from ‘shared_ptr<LaserScan_<[...]>>’ to ‘shared_ptr<LaserScan_<[...]>>’
[23.129s]   405 |                         constructLIDAR2D(lidar_data, CutoffRange_, AllowableRange_, RobotPitch_, &LIDAR);
[23.130s]       |                                          ^~~~~~~~~~
[23.130s]       |                                          |
[23.130s]       |                                          shared_ptr<LaserScan_<[...]>>
[23.134s] /home/neha/ros2_ws/src/semnav_migration/src/navigation_semantic.cpp: In member function ‘void SemanticNavigationNode::control_callback(const sensor_msgs::msg::LaserScan_<std::allocator<void> >::ConstPtr&, const nav_msgs::msg::Odometry_<std::allocator<void> >::ConstPtr&)’:
[23.134s] /home/neha/ros2_ws/src/semnav_migration/src/navigation_semantic.cpp:470:42: error: could not convert ‘lidar_data’ from ‘shared_ptr<LaserScan_<[...]>>’ to ‘shared_ptr<LaserScan_<[...]>>’
[23.134s]   470 |                         constructLIDAR2D(lidar_data, CutoffRange_, AllowableRange_, RobotPitch_, &LIDAR);
[23.134s]       |                                          ^~~~~~~~~~
[23.134s]       |                                          |
[23.135s]       |                                          shared_ptr<LaserScan_<[...]>>
[39.481s] gmake[2]: *** [CMakeFiles/navigation_semantic.dir/build.make:76: CMakeFiles/navigation_semantic.dir/src/navigation_semantic.cpp.o] Error 1
[39.481s] gmake[1]: *** [CMakeFiles/Makefile2:207: CMakeFiles/navigation_semantic.dir/all] Error 2
[39.482s] gmake[1]: *** Waiting for unfinished jobs....
[40.366s] gmake[2]: *** [CMakeFiles/navigation.dir/build.make:76: CMakeFiles/navigation.dir/src/navigation.cpp.o] Error 1
[40.366s] gmake[1]: *** [CMakeFiles/Makefile2:181: CMakeFiles/navigation.dir/all] Error 2
[40.367s] gmake: *** [Makefile:146: all] Error 2
[40.370s] Invoked command in '/home/neha/ros2_ws/src/semnav_migration/build/semnav' returned '2': CMAKE_PREFIX_PATH=${CMAKE_PREFIX_PATH}:/opt/ros/jazzy DEBUGINFOD_URLS=https://debuginfod.ubuntu.com /usr/bin/cmake --build /home/neha/ros2_ws/src/semnav_migration/build/semnav -- -j2 -l2
