[0.025s] Invoking command in '/home/neha/ros2_ws/src/semnav_migration/build/semnav': CMAKE_PREFIX_PATH=${CMAKE_PREFIX_PATH}:/opt/ros/jazzy DEBUGINFOD_URLS=https://debuginfod.ubuntu.com /usr/bin/cmake --build /home/neha/ros2_ws/src/semnav_migration/build/semnav -- -j2 -l2
[0.193s] [ 14%] Built target reactive_planner
[0.316s] [ 19%] Building CXX object CMakeFiles/navigation.dir/src/navigation.cpp.o
[0.348s] [ 23%] Building CXX object CMakeFiles/navigation_semantic.dir/src/navigation_semantic.cpp.o
[21.890s] /home/neha/ros2_ws/src/semnav_migration/src/navigation.cpp:616:17: error: invalid use of template-name ‘rclcpp::Publisher’ without an argument list
[21.890s]   616 |                 rclcpp::Publisher pub_behaviorID_;
[21.890s]       |                 ^~~~~~
[21.891s] /home/neha/ros2_ws/src/semnav_migration/src/navigation.cpp:617:17: error: invalid use of template-name ‘rclcpp::Publisher’ without an argument list
[21.891s]   617 |                 rclcpp::Publisher pub_behaviorMode_;
[21.891s]       |                 ^~~~~~
[21.891s] /home/neha/ros2_ws/src/semnav_migration/src/navigation.cpp:618:17: error: invalid use of template-name ‘rclcpp::Publisher’ without an argument list
[21.891s]   618 |                 rclcpp::Publisher pub_twist_;
[21.892s]       |                 ^~~~~~
[21.892s] /home/neha/ros2_ws/src/semnav_migration/src/navigation.cpp:620:17: error: invalid use of template-name ‘rclcpp::Publisher’ without an argument list
[21.892s]   620 |                 rclcpp::Publisher pub_semantic_map_;
[21.892s]       |                 ^~~~~~
[21.902s] /home/neha/ros2_ws/src/semnav_migration/src/navigation.cpp:664:22: error: ‘TransformListener’ in namespace ‘tf2’ does not name a type
[21.902s]   664 |                 tf2::TransformListener listener_;
[21.902s]       |                      ^~~~~~~~~~~~~~~~~
[21.902s] /home/neha/ros2_ws/src/semnav_migration/src/navigation.cpp: In constructor ‘NavigationNode::NavigationNode()’:
[21.902s] /home/neha/ros2_ws/src/semnav_migration/src/navigation.cpp:45:50: error: no matching function for call to ‘rclcpp::Node::Node()’
[21.902s]    45 |         NavigationNode() : Node("navigation_node") {
[21.903s]       |                                                  ^
[21.905s] In file included from /opt/ros/jazzy/include/rclcpp/rclcpp/executors/single_threaded_executor.hpp:28,
[21.905s]                  from /opt/ros/jazzy/include/rclcpp/rclcpp/executors.hpp:22,
[21.906s]                  from /opt/ros/jazzy/include/rclcpp/rclcpp/rclcpp.hpp:172,
[21.906s]                  from /home/neha/ros2_ws/src/semnav_migration/include/reactive_planner_lib.h:32,
[21.906s]                  from /home/neha/ros2_ws/src/semnav_migration/src/navigation.cpp:25:
[21.906s] /opt/ros/jazzy/include/rclcpp/rclcpp/node.hpp:1629:3: note: candidate: ‘rclcpp::Node::Node(const rclcpp::Node&, const std::string&)’
[21.906s]  1629 |   Node(
[21.906s]       |   ^~~~
[21.906s] /opt/ros/jazzy/include/rclcpp/rclcpp/node.hpp:1629:3: note:   candidate expects 2 arguments, 0 provided
[21.907s] /opt/ros/jazzy/include/rclcpp/rclcpp/node.hpp:103:12: note: candidate: ‘rclcpp::Node::Node(const std::string&, const std::string&, const rclcpp::NodeOptions&)’
[21.907s]   103 |   explicit Node(
[21.907s]       |            ^~~~
[21.909s] /opt/ros/jazzy/include/rclcpp/rclcpp/node.hpp:103:12: note:   candidate expects 3 arguments, 0 provided
[21.909s] /opt/ros/jazzy/include/rclcpp/rclcpp/node.hpp:91:12: note: candidate: ‘rclcpp::Node::Node(const std::string&, const rclcpp::NodeOptions&)’
[21.910s]    91 |   explicit Node(
[21.910s]       |            ^~~~
[21.910s] /opt/ros/jazzy/include/rclcpp/rclcpp/node.hpp:91:12: note:   candidate expects 2 arguments, 0 provided
[21.916s] /home/neha/ros2_ws/src/semnav_migration/src/navigation_semantic.cpp:624:17: error: ‘ros’ does not name a type
[21.916s]   624 |                 ros::NodeHandle nh_;
[21.917s]       |                 ^~~
[21.925s] /home/neha/ros2_ws/src/semnav_migration/src/navigation_semantic.cpp:641:17: error: ‘ros’ does not name a type
[21.925s]   641 |                 ros::Publisher pub_behaviorID_;
[21.926s]       |                 ^~~
[21.932s] /home/neha/ros2_ws/src/semnav_migration/src/navigation_semantic.cpp:642:17: error: ‘ros’ does not name a type
[21.933s]   642 |                 ros::Publisher pub_behaviorMode_;
[21.933s]       |                 ^~~
[21.937s] /home/neha/ros2_ws/src/semnav_migration/src/navigation_semantic.cpp:643:17: error: ‘ros’ does not name a type
[21.938s]   643 |                 ros::Publisher pub_twist_;
[21.938s]       |                 ^~~
[21.944s] /home/neha/ros2_ws/src/semnav_migration/src/navigation_semantic.cpp:645:17: error: ‘ros’ does not name a type
[21.945s]   645 |                 ros::Publisher pub_semantic_map_;
[21.945s]       |                 ^~~
[21.961s] /home/neha/ros2_ws/src/semnav_migration/src/navigation_semantic.cpp:691:17: error: ‘tf’ does not name a type; did you mean ‘tm’?
[21.961s]   691 |                 tf::TransformListener listener_;
[21.962s]       |                 ^~
[21.962s]       |                 tm
[22.024s] /home/neha/ros2_ws/src/semnav_migration/src/navigation.cpp:104:25: error: ‘target_object_’ was not declared in this scope
[22.025s]   104 |                         target_object_ = this->get_parameter("target_object").as_string();
[22.025s]       |                         ^~~~~~~~~~~~~~
[22.075s] /home/neha/ros2_ws/src/semnav_migration/src/navigation_semantic.cpp: In constructor ‘SemanticNavigationNode::SemanticNavigationNode()’:
[22.075s] /home/neha/ros2_ws/src/semnav_migration/src/navigation_semantic.cpp:137:13: error: ‘pub_behaviorID_’ was not declared in this scope; did you mean ‘pub_behaviorID_topic_’?
[22.075s]   137 |             pub_behaviorID_ = this->create_publisher<std_msgs::msg::UInt32>("pub_behaviorID_topic_", 1);
[22.075s]       |             ^~~~~~~~~~~~~~~
[22.075s]       |             pub_behaviorID_topic_
[22.080s] /home/neha/ros2_ws/src/semnav_migration/src/navigation_semantic.cpp:137:69: error: ‘UInt32’ is not a member of ‘std_msgs::msg’
[22.080s]   137 |             pub_behaviorID_ = this->create_publisher<std_msgs::msg::UInt32>("pub_behaviorID_topic_", 1);
[22.080s]       |                                                                     ^~~~~~
[22.080s] /home/neha/ros2_ws/src/semnav_migration/src/navigation_semantic.cpp:137:76: error: no matching function for call to ‘SemanticNavigationNode::create_publisher<<expression error> >(const char [22], int)’
[22.080s]   137 |             pub_behaviorID_ = this->create_publisher<std_msgs::msg::UInt32>("pub_behaviorID_topic_", 1);
[22.081s]       |                               ~~~~~~~~~~~~~~~~~~~~~~~~~~~~~~~~~~~~~~~~~~~~~^~~~~~~~~~~~~~~~~~~~~~~~~~~~
[22.081s] In file included from /opt/ros/jazzy/include/rclcpp/rclcpp/executors/single_threaded_executor.hpp:28,
[22.081s]                  from /opt/ros/jazzy/include/rclcpp/rclcpp/executors.hpp:22,
[22.082s]                  from /opt/ros/jazzy/include/rclcpp/rclcpp/rclcpp.hpp:172,
[22.082s]                  from /home/neha/ros2_ws/src/semnav_migration/include/reactive_planner_lib.h:32,
[22.082s]                  from /home/neha/ros2_ws/src/semnav_migration/src/navigation_semantic.cpp:25:
[22.082s] /opt/ros/jazzy/include/rclcpp/rclcpp/node.hpp:197:3: note: candidate: ‘template<class MessageT, class AllocatorT, class PublisherT> std::shared_ptr<PublisherT> rclcpp::Node::create_publisher(const std::string&, const rclcpp::QoS&, const rclcpp::PublisherOptionsWithAllocator<AllocatorT>&)’
[22.082s]   197 |   create_publisher(
[22.082s]       |   ^~~~~~~~~~~~~~~~
[22.084s] /opt/ros/jazzy/include/rclcpp/rclcpp/node.hpp:197:3: note:   template argument deduction/substitution failed:
[22.084s] /home/neha/ros2_ws/src/semnav_migration/src/navigation_semantic.cpp:137:76: error: template argument 1 is invalid
[22.085s]   137 |             pub_behaviorID_ = this->create_publisher<std_msgs::msg::UInt32>("pub_behaviorID_topic_", 1);
[22.085s]       |                               ~~~~~~~~~~~~~~~~~~~~~~~~~~~~~~~~~~~~~~~~~~~~~^~~~~~~~~~~~~~~~~~~~~~~~~~~~
[22.162s] /home/neha/ros2_ws/src/semnav_migration/src/navigation.cpp:105:25: error: ‘target_object_length_’ was not declared in this scope
[22.162s]   105 |                         target_object_length_ = this->get_parameter("target_object_length").as_double();
[22.162s]       |                         ^~~~~~~~~~~~~~~~~~~~~
[22.177s] /home/neha/ros2_ws/src/semnav_migration/src/navigation_semantic.cpp:138:13: error: ‘pub_behaviorMode_’ was not declared in this scope; did you mean ‘pub_behaviorMode_topic_’?
[22.177s]   138 |             pub_behaviorMode_ = this->create_publisher<std_msgs::msg::UInt32>("pub_behaviorMode_topic_", 1);
[22.177s]       |             ^~~~~~~~~~~~~~~~~
[22.178s]       |             pub_behaviorMode_topic_
[22.182s] /home/neha/ros2_ws/src/semnav_migration/src/navigation_semantic.cpp:138:71: error: ‘UInt32’ is not a member of ‘std_msgs::msg’
[22.182s]   138 |             pub_behaviorMode_ = this->create_publisher<std_msgs::msg::UInt32>("pub_behaviorMode_topic_", 1);
[22.184s]       |                                                                       ^~~~~~
[22.185s] /home/neha/ros2_ws/src/semnav_migration/src/navigation_semantic.cpp:138:78: error: no matching function for call to ‘SemanticNavigationNode::create_publisher<<expression error> >(const char [24], int)’
[22.185s]   138 |             pub_behaviorMode_ = this->create_publisher<std_msgs::msg::UInt32>("pub_behaviorMode_topic_", 1);
[22.185s]       |                                 ~~~~~~~~~~~~~~~~~~~~~~~~~~~~~~~~~~~~~~~~~~~~~^~~~~~~~~~~~~~~~~~~~~~~~~~~~~~
[22.185s] /opt/ros/jazzy/include/rclcpp/rclcpp/node.hpp:197:3: note: candidate: ‘template<class MessageT, class AllocatorT, class PublisherT> std::shared_ptr<PublisherT> rclcpp::Node::create_publisher(const std::string&, const rclcpp::QoS&, const rclcpp::PublisherOptionsWithAllocator<AllocatorT>&)’
[22.185s]   197 |   create_publisher(
[22.185s]       |   ^~~~~~~~~~~~~~~~
[22.185s] /opt/ros/jazzy/include/rclcpp/rclcpp/node.hpp:197:3: note:   template argument deduction/substitution failed:
[22.185s] /home/neha/ros2_ws/src/semnav_migration/src/navigation_semantic.cpp:138:78: error: template argument 1 is invalid
[22.186s]   138 |             pub_behaviorMode_ = this->create_publisher<std_msgs::msg::UInt32>("pub_behaviorMode_topic_", 1);
[22.186s]       |                                 ~~~~~~~~~~~~~~~~~~~~~~~~~~~~~~~~~~~~~~~~~~~~~^~~~~~~~~~~~~~~~~~~~~~~~~~~~~~
[22.233s] /home/neha/ros2_ws/src/semnav_migration/src/navigation_semantic.cpp:139:13: error: ‘pub_twist_’ was not declared in this scope; did you mean ‘publish_twist’?
[22.233s]   139 |             pub_twist_ = this->create_publisher<std_msgs::msg::UInt32>("pub_twist_topic_", 1);
[22.233s]       |             ^~~~~~~~~~
[22.233s]       |             publish_twist
[22.239s] /home/neha/ros2_ws/src/semnav_migration/src/navigation_semantic.cpp:139:64: error: ‘UInt32’ is not a member of ‘std_msgs::msg’
[22.240s]   139 |             pub_twist_ = this->create_publisher<std_msgs::msg::UInt32>("pub_twist_topic_", 1);
[22.240s]       |                                                                ^~~~~~
[22.240s] /home/neha/ros2_ws/src/semnav_migration/src/navigation_semantic.cpp:139:71: error: no matching function for call to ‘SemanticNavigationNode::create_publisher<<expression error> >(const char [17], int)’
[22.240s]   139 |             pub_twist_ = this->create_publisher<std_msgs::msg::UInt32>("pub_twist_topic_", 1);
[22.240s]       |                          ~~~~~~~~~~~~~~~~~~~~~~~~~~~~~~~~~~~~~~~~~~~~~^~~~~~~~~~~~~~~~~~~~~~~
[22.240s] /opt/ros/jazzy/include/rclcpp/rclcpp/node.hpp:197:3: note: candidate: ‘template<class MessageT, class AllocatorT, class PublisherT> std::shared_ptr<PublisherT> rclcpp::Node::create_publisher(const std::string&, const rclcpp::QoS&, const rclcpp::PublisherOptionsWithAllocator<AllocatorT>&)’
[22.240s]   197 |   create_publisher(
[22.241s]       |   ^~~~~~~~~~~~~~~~
[22.241s] /opt/ros/jazzy/include/rclcpp/rclcpp/node.hpp:197:3: note:   template argument deduction/substitution failed:
[22.241s] /home/neha/ros2_ws/src/semnav_migration/src/navigation_semantic.cpp:139:71: error: template argument 1 is invalid
[22.241s]   139 |             pub_twist_ = this->create_publisher<std_msgs::msg::UInt32>("pub_twist_topic_", 1);
[22.243s]       |                          ~~~~~~~~~~~~~~~~~~~~~~~~~~~~~~~~~~~~~~~~~~~~~^~~~~~~~~~~~~~~~~~~~~~~
[22.243s] /home/neha/ros2_ws/src/semnav_migration/src/navigation_semantic.cpp:142:42: error: ‘message_filters::msg’ has not been declared
[22.243s]   142 |                         message_filters::msg::Subscriber<sensor_msgs::LaserScan> sub_laser(nh_, sub_laser_topic_, 1);
[22.244s]       |                                          ^~~
[22.244s] /home/neha/ros2_ws/src/semnav_migration/src/navigation_semantic.cpp:142:71: error: ‘LaserScan’ is not a member of ‘sensor_msgs’; did you mean ‘sensor_msgs::msg::LaserScan’?
[22.244s]   142 |                         message_filters::msg::Subscriber<sensor_msgs::LaserScan> sub_laser(nh_, sub_laser_topic_, 1);
[22.244s]       |                                                                       ^~~~~~~~~
[22.245s] In file included from /opt/ros/jazzy/include/sensor_msgs/sensor_msgs/msg/laser_scan.hpp:7,
[22.245s]                  from /home/neha/ros2_ws/src/semnav_migration/include/reactive_planner_lib.h:46:
[22.245s] /opt/ros/jazzy/include/sensor_msgs/sensor_msgs/msg/detail/laser_scan__struct.hpp:250:7: note: ‘sensor_msgs::msg::LaserScan’ declared here
[22.245s]   250 | using LaserScan =
[22.245s]       |       ^~~~~~~~~
[22.276s] /home/neha/ros2_ws/src/semnav_migration/src/navigation_semantic.cpp:142:92: error: ‘nh_’ was not declared in this scope
[22.276s]   142 |                         message_filters::msg::Subscriber<sensor_msgs::LaserScan> sub_laser(nh_, sub_laser_topic_, 1);
[22.276s]       |                                                                                            ^~~
[22.296s] /home/neha/ros2_ws/src/semnav_migration/src/navigation.cpp:106:25: error: ‘target_object_width_’ was not declared in this scope
[22.296s]   106 |                         target_object_width_ = this->get_parameter("target_object_width").as_double();
[22.297s]       |                         ^~~~~~~~~~~~~~~~~~~~
[22.302s] /home/neha/ros2_ws/src/semnav_migration/src/navigation.cpp:138:69: error: ‘UInt32’ is not a member of ‘std_msgs::msg’
[22.302s]   138 |             pub_behaviorID_ = this->create_publisher<std_msgs::msg::UInt32>("pub_behaviorID_topic_", 1);
[22.302s]       |                                                                     ^~~~~~
[22.304s] /home/neha/ros2_ws/src/semnav_migration/src/navigation.cpp:138:76: error: no matching function for call to ‘NavigationNode::create_publisher<<expression error> >(const char [22], int)’
[22.305s]   138 |             pub_behaviorID_ = this->create_publisher<std_msgs::msg::UInt32>("pub_behaviorID_topic_", 1);
[22.305s]       |                               ~~~~~~~~~~~~~~~~~~~~~~~~~~~~~~~~~~~~~~~~~~~~~^~~~~~~~~~~~~~~~~~~~~~~~~~~~
[22.305s] /opt/ros/jazzy/include/rclcpp/rclcpp/node.hpp:197:3: note: candidate: ‘template<class MessageT, class AllocatorT, class PublisherT> std::shared_ptr<PublisherT> rclcpp::Node::create_publisher(const std::string&, const rclcpp::QoS&, const rclcpp::PublisherOptionsWithAllocator<AllocatorT>&)’
[22.305s]   197 |   create_publisher(
[22.305s]       |   ^~~~~~~~~~~~~~~~
[22.305s] /opt/ros/jazzy/include/rclcpp/rclcpp/node.hpp:197:3: note:   template argument deduction/substitution failed:
[22.305s] /home/neha/ros2_ws/src/semnav_migration/src/navigation.cpp:138:76: error: template argument 1 is invalid
[22.306s]   138 |             pub_behaviorID_ = this->create_publisher<std_msgs::msg::UInt32>("pub_behaviorID_topic_", 1);
[22.306s]       |                               ~~~~~~~~~~~~~~~~~~~~~~~~~~~~~~~~~~~~~~~~~~~~~^~~~~~~~~~~~~~~~~~~~~~~~~~~~
[22.308s] /home/neha/ros2_ws/src/semnav_migration/src/navigation.cpp:139:71: error: ‘UInt32’ is not a member of ‘std_msgs::msg’
[22.309s]   139 |             pub_behaviorMode_ = this->create_publisher<std_msgs::msg::UInt32>("pub_behaviorMode_topic_", 1);
[22.309s]       |                                                                       ^~~~~~
[22.309s] /home/neha/ros2_ws/src/semnav_migration/src/navigation.cpp:139:78: error: no matching function for call to ‘NavigationNode::create_publisher<<expression error> >(const char [24], int)’
[22.309s]   139 |             pub_behaviorMode_ = this->create_publisher<std_msgs::msg::UInt32>("pub_behaviorMode_topic_", 1);
[22.309s]       |                                 ~~~~~~~~~~~~~~~~~~~~~~~~~~~~~~~~~~~~~~~~~~~~~^~~~~~~~~~~~~~~~~~~~~~~~~~~~~~
[22.309s] /opt/ros/jazzy/include/rclcpp/rclcpp/node.hpp:197:3: note: candidate: ‘template<class MessageT, class AllocatorT, class PublisherT> std::shared_ptr<PublisherT> rclcpp::Node::create_publisher(const std::string&, const rclcpp::QoS&, const rclcpp::PublisherOptionsWithAllocator<AllocatorT>&)’
[22.309s]   197 |   create_publisher(
[22.310s]       |   ^~~~~~~~~~~~~~~~
[22.310s] /opt/ros/jazzy/include/rclcpp/rclcpp/node.hpp:197:3: note:   template argument deduction/substitution failed:
[22.310s] /home/neha/ros2_ws/src/semnav_migration/src/navigation.cpp:139:78: error: template argument 1 is invalid
[22.310s]   139 |             pub_behaviorMode_ = this->create_publisher<std_msgs::msg::UInt32>("pub_behaviorMode_topic_", 1);
[22.310s]       |                                 ~~~~~~~~~~~~~~~~~~~~~~~~~~~~~~~~~~~~~~~~~~~~~^~~~~~~~~~~~~~~~~~~~~~~~~~~~~~
[22.311s] /home/neha/ros2_ws/src/semnav_migration/src/navigation.cpp:140:64: error: ‘UInt32’ is not a member of ‘std_msgs::msg’
[22.311s]   140 |             pub_twist_ = this->create_publisher<std_msgs::msg::UInt32>("pub_twist_topic_", 1);
[22.311s]       |                                                                ^~~~~~
[22.313s] /home/neha/ros2_ws/src/semnav_migration/src/navigation.cpp:140:71: error: no matching function for call to ‘NavigationNode::create_publisher<<expression error> >(const char [17], int)’
[22.313s]   140 |             pub_twist_ = this->create_publisher<std_msgs::msg::UInt32>("pub_twist_topic_", 1);
[22.313s]       |                          ~~~~~~~~~~~~~~~~~~~~~~~~~~~~~~~~~~~~~~~~~~~~~^~~~~~~~~~~~~~~~~~~~~~~
[22.314s] /opt/ros/jazzy/include/rclcpp/rclcpp/node.hpp:197:3: note: candidate: ‘template<class MessageT, class AllocatorT, class PublisherT> std::shared_ptr<PublisherT> rclcpp::Node::create_publisher(const std::string&, const rclcpp::QoS&, const rclcpp::PublisherOptionsWithAllocator<AllocatorT>&)’
[22.314s]   197 |   create_publisher(
[22.314s]       |   ^~~~~~~~~~~~~~~~
[22.314s] /opt/ros/jazzy/include/rclcpp/rclcpp/node.hpp:197:3: note:   template argument deduction/substitution failed:
[22.314s] /home/neha/ros2_ws/src/semnav_migration/src/navigation.cpp:140:71: error: template argument 1 is invalid
[22.314s]   140 |             pub_twist_ = this->create_publisher<std_msgs::msg::UInt32>("pub_twist_topic_", 1);
[22.314s]       |                          ~~~~~~~~~~~~~~~~~~~~~~~~~~~~~~~~~~~~~~~~~~~~~^~~~~~~~~~~~~~~~~~~~~~~
[22.336s] /home/neha/ros2_ws/src/semnav_migration/src/navigation_semantic.cpp:142:82: error: ‘sub_laser’ was not declared in this scope
[22.337s]   142 |                         message_filters::msg::Subscriber<sensor_msgs::LaserScan> sub_laser(nh_, sub_laser_topic_, 1);
[22.337s]       |                                                                                  ^~~~~~~~~
[22.380s] /home/neha/ros2_ws/src/semnav_migration/src/navigation.cpp:143:116: error: no matching function for call to ‘message_filters::Subscriber<sensor_msgs::msg::LaserScan_<std::allocator<void> > >::Subscriber(rclcpp::Node&, std::string&, int)’
[22.380s]   143 |                         message_filters::Subscriber<sensor_msgs::msg::LaserScan> sub_laser(nh_, sub_laser_topic_, 1);
[22.381s]       |                                                                                                                    ^
[22.381s] In file included from /home/neha/ros2_ws/src/semnav_migration/include/reactive_planner_lib.h:43:
[22.381s] /opt/ros/jazzy/include/message_filters/message_filters/subscriber.h:224:3: note: candidate: ‘message_filters::Subscriber<M, NodeType>::Subscriber() [with M = sensor_msgs::msg::LaserScan_<std::allocator<void> >; NodeType = rclcpp::Node]’
[22.381s]   224 |   Subscriber() = default;
[22.381s]       |   ^~~~~~~~~~
[22.381s] /opt/ros/jazzy/include/message_filters/message_filters/subscriber.h:224:3: note:   candidate expects 0 arguments, 3 provided
[22.381s] /opt/ros/jazzy/include/message_filters/message_filters/subscriber.h:212:3: note: candidate: ‘message_filters::Subscriber<M, NodeType>::Subscriber(NodeType*, const std::string&, rmw_qos_profile_t, rclcpp::SubscriptionOptions) [with M = sensor_msgs::msg::LaserScan_<std::allocator<void> >; NodeType = rclcpp::Node; std::string = std::__cxx11::basic_string<char>; rmw_qos_profile_t = rmw_qos_profile_s; rclcpp::SubscriptionOptions = rclcpp::SubscriptionOptionsWithAllocator<std::allocator<void> >]’
[22.382s]   212 |   Subscriber(
[22.382s]       |   ^~~~~~~~~~
[22.382s] /opt/ros/jazzy/include/message_filters/message_filters/subscriber.h:212:3: note:   candidate expects 4 arguments, 3 provided
[22.384s] /opt/ros/jazzy/include/message_filters/message_filters/subscriber.h:203:3: note: candidate: ‘message_filters::Subscriber<M, NodeType>::Subscriber(NodePtr, const std::string&, rmw_qos_profile_t, rclcpp::SubscriptionOptions) [with M = sensor_msgs::msg::LaserScan_<std::allocator<void> >; NodeType = rclcpp::Node; NodePtr = std::shared_ptr<rclcpp::Node>; std::string = std::__cxx11::basic_string<char>; rmw_qos_profile_t = rmw_qos_profile_s; rclcpp::SubscriptionOptions = rclcpp::SubscriptionOptionsWithAllocator<std::allocator<void> >]’
[22.384s]   203 |   Subscriber(
[22.385s]       |   ^~~~~~~~~~
[22.385s] /opt/ros/jazzy/include/message_filters/message_filters/subscriber.h:203:3: note:   candidate expects 4 arguments, 3 provided
[22.385s] /opt/ros/jazzy/include/message_filters/message_filters/subscriber.h:188:3: note: candidate: ‘message_filters::Subscriber<M, NodeType>::Subscriber(NodeType*, const std::string&, rmw_qos_profile_t) [with M = sensor_msgs::msg::LaserScan_<std::allocator<void> >; NodeType = rclcpp::Node; std::string = std::__cxx11::basic_string<char>; rmw_qos_profile_t = rmw_qos_profile_s]’
[22.385s]   188 |   Subscriber(NodeType * node, const std::string& topic, const rmw_qos_profile_t qos = rmw_qos_profile_default)
[22.385s]       |   ^~~~~~~~~~
[22.385s] /opt/ros/jazzy/include/message_filters/message_filters/subscriber.h:188:25: note:   no known conversion for argument 1 from ‘rclcpp::Node’ to ‘rclcpp::Node*’
[22.385s]   188 |   Subscriber(NodeType * node, const std::string& topic, const rmw_qos_profile_t qos = rmw_qos_profile_default)
[22.386s]       |              ~~~~~~~~~~~^~~~
[22.386s] /opt/ros/jazzy/include/message_filters/message_filters/subscriber.h:183:3: note: candidate: ‘message_filters::Subscriber<M, NodeType>::Subscriber(NodePtr, const std::string&, rmw_qos_profile_t) [with M = sensor_msgs::msg::LaserScan_<std::allocator<void> >; NodeType = rclcpp::Node; NodePtr = std::shared_ptr<rclcpp::Node>; std::string = std::__cxx11::basic_string<char>; rmw_qos_profile_t = rmw_qos_profile_s]’
[22.386s]   183 |   Subscriber(NodePtr node, const std::string& topic, const rmw_qos_profile_t qos = rmw_qos_profile_default)
[22.386s]       |   ^~~~~~~~~~
[22.388s] /opt/ros/jazzy/include/message_filters/message_filters/subscriber.h:183:22: note:   no known conversion for argument 1 from ‘rclcpp::Node’ to ‘message_filters::Subscriber<sensor_msgs::msg::LaserScan_<std::allocator<void> > >::NodePtr’ {aka ‘std::shared_ptr<rclcpp::Node>’}
[22.388s]   183 |   Subscriber(NodePtr node, const std::string& topic, const rmw_qos_profile_t qos = rmw_qos_profile_default)
[22.388s]       |              ~~~~~~~~^~~~
[22.415s] /home/neha/ros2_ws/src/semnav_migration/src/navigation_semantic.cpp:144:94: error: ‘LaserScan’ is not a member of ‘sensor_msgs’; did you mean ‘sensor_msgs::msg::LaserScan’?
[22.416s]   144 |                         typedef message_filters::sync_policies::ApproximateTime<sensor_msgs::LaserScan,nav_msgs::msg::Odometry> SyncPolicy;
[22.416s]       |                                                                                              ^~~~~~~~~
[22.416s] /opt/ros/jazzy/include/sensor_msgs/sensor_msgs/msg/detail/laser_scan__struct.hpp:250:7: note: ‘sensor_msgs::msg::LaserScan’ declared here
[22.416s]   250 | using LaserScan =
[22.416s]       |       ^~~~~~~~~
[22.416s] /home/neha/ros2_ws/src/semnav_migration/src/navigation_semantic.cpp:144:127: error: template argument 1 is invalid
[22.417s]   144 |                         typedef message_filters::sync_policies::ApproximateTime<sensor_msgs::LaserScan,nav_msgs::msg::Odometry> SyncPolicy;
[22.417s]       |                                                                                                                               ^
[22.421s] In file included from /home/neha/ros2_ws/src/semnav_migration/include/reactive_planner_lib.h:44:
[22.421s] /opt/ros/jazzy/include/message_filters/message_filters/synchronizer.h: In instantiation of ‘class message_filters::Synchronizer<int>’:
[22.421s] /home/neha/ros2_ws/src/semnav_migration/src/navigation_semantic.cpp:147:64:   required from here
[22.421s] /opt/ros/jazzy/include/message_filters/message_filters/synchronizer.h:53:7: error: base type ‘int’ fails to be a struct or class type
[22.421s]    53 | class Synchronizer : public noncopyable, public Policy
[22.421s]       |       ^~~~~~~~~~~~
[22.422s] /opt/ros/jazzy/include/message_filters/message_filters/synchronizer.h:56:37: error: ‘int’ is not a class, struct, or union type
[22.422s]    56 |   typedef typename Policy::Messages Messages;
[22.422s]       |                                     ^~~~~~~~
[22.423s] /opt/ros/jazzy/include/message_filters/message_filters/synchronizer.h:57:35: error: ‘int’ is not a class, struct, or union type
[22.424s]    57 |   typedef typename Policy::Events Events;
[22.424s]       |                                   ^~~~~~
[22.424s] /opt/ros/jazzy/include/message_filters/message_filters/synchronizer.h:58:35: error: ‘int’ is not a class, struct, or union type
[22.424s]    58 |   typedef typename Policy::Signal Signal;
[22.424s]       |                                   ^~~~~~
[22.424s] /opt/ros/jazzy/include/message_filters/message_filters/synchronizer.h:60:58: error: ‘int’ is not a class, struct, or union type
[22.424s]    60 |   typedef typename std::tuple_element<0, Messages>::type M0;
[22.425s]       |                                                          ^~
[22.425s] /opt/ros/jazzy/include/message_filters/message_filters/synchronizer.h:61:58: error: ‘int’ is not a class, struct, or union type
[22.425s]    61 |   typedef typename std::tuple_element<1, Messages>::type M1;
[22.427s]       |                                                          ^~
[22.428s] /opt/ros/jazzy/include/message_filters/message_filters/synchronizer.h:62:58: error: ‘int’ is not a class, struct, or union type
[22.428s]    62 |   typedef typename std::tuple_element<2, Messages>::type M2;
[22.428s]       |                                                          ^~
[22.428s] /opt/ros/jazzy/include/message_filters/message_filters/synchronizer.h:63:58: error: ‘int’ is not a class, struct, or union type
[22.428s]    63 |   typedef typename std::tuple_element<3, Messages>::type M3;
[22.428s]       |                                                          ^~
[22.428s] /opt/ros/jazzy/include/message_filters/message_filters/synchronizer.h:64:58: error: ‘int’ is not a class, struct, or union type
[22.428s]    64 |   typedef typename std::tuple_element<4, Messages>::type M4;
[22.429s]       |                                                          ^~
[22.429s] /opt/ros/jazzy/include/message_filters/message_filters/synchronizer.h:65:58: error: ‘int’ is not a class, struct, or union type
[22.429s]    65 |   typedef typename std::tuple_element<5, Messages>::type M5;
[22.429s]       |                                                          ^~
[22.431s] /opt/ros/jazzy/include/message_filters/message_filters/synchronizer.h:66:58: error: ‘int’ is not a class, struct, or union type
[22.431s]    66 |   typedef typename std::tuple_element<6, Messages>::type M6;
[22.432s]       |                                                          ^~
[22.432s] /opt/ros/jazzy/include/message_filters/message_filters/synchronizer.h:67:58: error: ‘int’ is not a class, struct, or union type
[22.432s]    67 |   typedef typename std::tuple_element<7, Messages>::type M7;
[22.432s]       |                                                          ^~
[22.432s] /opt/ros/jazzy/include/message_filters/message_filters/synchronizer.h:68:58: error: ‘int’ is not a class, struct, or union type
[22.432s]    68 |   typedef typename std::tuple_element<8, Messages>::type M8;
[22.432s]       |                                                          ^~
[22.432s] /opt/ros/jazzy/include/message_filters/message_filters/synchronizer.h:71:56: error: ‘int’ is not a class, struct, or union type
[22.433s]    71 |   typedef typename std::tuple_element<0, Events>::type M0Event;
[22.433s]       |                                                        ^~~~~~~
[22.433s] /opt/ros/jazzy/include/message_filters/message_filters/synchronizer.h:72:56: error: ‘int’ is not a class, struct, or union type
[22.433s]    72 |   typedef typename std::tuple_element<1, Events>::type M1Event;
[22.436s]       |                                                        ^~~~~~~
[22.436s] /opt/ros/jazzy/include/message_filters/message_filters/synchronizer.h:73:56: error: ‘int’ is not a class, struct, or union type
[22.436s]    73 |   typedef typename std::tuple_element<2, Events>::type M2Event;
[22.436s]       |                                                        ^~~~~~~
[22.436s] /opt/ros/jazzy/include/message_filters/message_filters/synchronizer.h:74:56: error: ‘int’ is not a class, struct, or union type
[22.436s]    74 |   typedef typename std::tuple_element<3, Events>::type M3Event;
[22.437s]       |                                                        ^~~~~~~
[22.437s] /opt/ros/jazzy/include/message_filters/message_filters/synchronizer.h:75:56: error: ‘int’ is not a class, struct, or union type
[22.437s]    75 |   typedef typename std::tuple_element<4, Events>::type M4Event;
[22.437s]       |                                                        ^~~~~~~
[22.439s] /opt/ros/jazzy/include/message_filters/message_filters/synchronizer.h:76:56: error: ‘int’ is not a class, struct, or union type
[22.439s]    76 |   typedef typename std::tuple_element<5, Events>::type M5Event;
[22.439s]       |                                                        ^~~~~~~
[22.440s] /opt/ros/jazzy/include/message_filters/message_filters/synchronizer.h:77:56: error: ‘int’ is not a class, struct, or union type
[22.440s]    77 |   typedef typename std::tuple_element<6, Events>::type M6Event;
[22.440s]       |                                                        ^~~~~~~
[22.440s] /opt/ros/jazzy/include/message_filters/message_filters/synchronizer.h:78:56: error: ‘int’ is not a class, struct, or union type
[22.440s]    78 |   typedef typename std::tuple_element<7, Events>::type M7Event;
[22.440s]       |                                                        ^~~~~~~
[22.440s] /opt/ros/jazzy/include/message_filters/message_filters/synchronizer.h:79:56: error: ‘int’ is not a class, struct, or union type
[22.441s]    79 |   typedef typename std::tuple_element<8, Events>::type M8Event;
[22.441s]       |                                                        ^~~~~~~
[22.441s] /opt/ros/jazzy/include/message_filters/message_filters/synchronizer.h:325:17: error: ‘int’ is not a class, namespace, or enumeration
[22.441s]   325 |   using Policy::add;
[22.443s]       |                 ^~~
[22.443s] /opt/ros/jazzy/include/message_filters/message_filters/synchronizer.h:328:8: error: ‘int’ is not a class, struct, or union type
[22.443s]   328 |   void add(const std::shared_ptr<typename std::tuple_element<i, Messages>::type const>& msg)
[22.443s]       |        ^~~
[22.443s] /opt/ros/jazzy/include/message_filters/message_filters/synchronizer.h:344:8: error: ‘int’ is not a class, struct, or union type
[22.443s]   344 |   void cb(const typename std::tuple_element<i, Events>::type& evt)
[22.446s]       |        ^~
[22.446s] /home/neha/ros2_ws/src/semnav_migration/src/navigation_semantic.cpp:148:55: error: ‘bind’ is not a member of ‘boost’; did you mean ‘find’?
[22.447s]   148 |                         sync->registerCallback(boost::bind(&SemanticNavigationNode::control_callback, this, _1, _2));
[22.447s]       |                                                       ^~~~
[22.447s]       |                                                       find
[22.447s] /home/neha/ros2_ws/src/semnav_migration/src/navigation_semantic.cpp:148:109: error: ‘_1’ was not declared in this scope
[22.447s]   148 |                         sync->registerCallback(boost::bind(&SemanticNavigationNode::control_callback, this, _1, _2));
[22.448s]       |                                                                                                             ^~
[22.448s] /home/neha/ros2_ws/src/semnav_migration/src/navigation_semantic.cpp:148:109: note: suggested alternatives:
[22.448s] In file included from /usr/include/boost/mpl/aux_/include_preprocessed.hpp:37,
[22.448s]                  from /usr/include/boost/mpl/placeholders.hpp:43,
[22.448s]                  from /usr/include/boost/iterator/iterator_categories.hpp:16,
[22.448s]                  from /usr/include/boost/iterator/iterator_facade.hpp:13,
[22.448s]                  from /usr/include/boost/range/iterator_range_core.hpp:27,
[22.448s]                  from /usr/include/boost/lexical_cast.hpp:48,
[22.449s]                  from /usr/include/boost/multiprecision/detail/number_base.hpp:29,
[22.449s]                  from /usr/include/boost/multiprecision/traits/is_variable_precision.hpp:9,
[22.449s]                  from /usr/include/boost/multiprecision/detail/precision.hpp:9,
[22.449s]                  from /usr/include/boost/multiprecision/number.hpp:11,
[22.451s]                  from /usr/include/boost/multiprecision/cpp_int.hpp:19,
[22.451s]                  from /usr/include/boost/multiprecision/cpp_bin_float.hpp:15,
[22.452s]                  from /usr/include/boost/geometry/core/coordinate_promotion.hpp:16,
[22.452s]                  from /usr/include/boost/geometry/core/radian_access.hpp:30,
[22.452s]                  from /usr/include/boost/geometry/geometry.hpp:50,
[22.452s]                  from /usr/include/boost/geometry.hpp:17,
[22.452s]                  from /home/neha/ros2_ws/src/semnav_migration/include/reactive_planner_lib.h:26:
[22.452s] /usr/include/boost/mpl/aux_/preprocessed/gcc/placeholders.hpp:29:16: note:   ‘mpl_::_1’
[22.452s]    29 | typedef arg<1> _1;
[22.453s]       |                ^~
[22.453s] In file included from /usr/include/boost/numeric/conversion/converter_policies.hpp:13,
[22.453s]                  from /usr/include/boost/numeric/conversion/converter.hpp:14,
[22.453s]                  from /usr/include/boost/numeric/conversion/cast.hpp:33,
[22.455s]                  from /usr/include/boost/geometry/core/radian_access.hpp:26:
[22.455s] /usr/include/c++/13/functional:294:48: note:   ‘std::placeholders::_1’
[22.456s]   294 |     _GLIBCXX_PLACEHOLDER const _Placeholder<1> _1;
[22.456s]       |                                                ^~
[22.456s] /usr/include/boost/mpl/aux_/preprocessed/gcc/placeholders.hpp:29:16: note:   ‘mpl_::_1’
[22.456s]    29 | typedef arg<1> _1;
[22.456s]       |                ^~
[22.456s] In file included from /usr/include/boost/describe/members.hpp:20,
[22.456s]                  from /usr/include/boost/container_hash/is_described_class.hpp:11,
[22.456s]                  from /usr/include/boost/container_hash/hash.hpp:18,
[22.457s]                  from /usr/include/boost/functional/hash.hpp:6,
[22.457s]                  from /usr/include/CGAL/Kernel/hash_functions.h:16,
[22.457s]                  from /usr/include/CGAL/Kernel/global_functions.h:25,
[22.459s]                  from /usr/include/CGAL/Cartesian/Cartesian_base.h:22,
[22.459s]                  from /usr/include/CGAL/Simple_cartesian.h:20,
[22.459s]                  from /usr/include/CGAL/Exact_predicates_inexact_constructions_kernel.h:20,
[22.460s]                  from /home/neha/ros2_ws/src/semnav_migration/include/polygeom_lib.h:32,
[22.460s]                  from /home/neha/ros2_ws/src/semnav_migration/include/reactive_planner_lib.h:50:
[22.460s] /usr/include/boost/mp11/bind.hpp:45:7: note:   ‘boost::mp11::_1’
[22.460s]    45 | using _1 = mp_arg<0>;
[22.460s]       |       ^~
[22.460s] /usr/include/boost/mpl/aux_/preprocessed/gcc/placeholders.hpp:29:16: note:   ‘mpl_::_1’
[22.460s]    29 | typedef arg<1> _1;
[22.460s]       |                ^~
[22.461s] /home/neha/ros2_ws/src/semnav_migration/src/navigation_semantic.cpp:148:113: error: ‘_2’ was not declared in this scope
[22.461s]   148 |                         sync->registerCallback(boost::bind(&SemanticNavigationNode::control_callback, this, _1, _2));
[22.461s]       |                                                                                                                 ^~
[22.461s] /home/neha/ros2_ws/src/semnav_migration/src/navigation_semantic.cpp:148:113: note: suggested alternatives:
[22.463s] /usr/include/boost/mpl/aux_/preprocessed/gcc/placeholders.hpp:42:16: note:   ‘mpl_::_2’
[22.463s]    42 | typedef arg<2> _2;
[22.464s]       |                ^~
[22.464s] /usr/include/c++/13/functional:295:48: note:   ‘std::placeholders::_2’
[22.464s]   295 |     _GLIBCXX_PLACEHOLDER const _Placeholder<2> _2;
[22.464s]       |                                                ^~
[22.464s] /usr/include/boost/mpl/aux_/preprocessed/gcc/placeholders.hpp:42:16: note:   ‘mpl_::_2’
[22.464s]    42 | typedef arg<2> _2;
[22.464s]       |                ^~
[22.464s] /usr/include/boost/mp11/bind.hpp:46:7: note:   ‘boost::mp11::_2’
[22.465s]    46 | using _2 = mp_arg<1>;
[22.465s]       |       ^~
[22.465s] /usr/include/boost/mpl/aux_/preprocessed/gcc/placeholders.hpp:42:16: note:   ‘mpl_::_2’
[22.465s]    42 | typedef arg<2> _2;
[22.467s]       |                ^~
[22.467s] /home/neha/ros2_ws/src/semnav_migration/src/navigation_semantic.cpp:150:25: error: ‘ros’ has not been declared
[22.467s]   150 |                         ros::Subscriber sub_semantic = nh_.subscribe(sub_semantic_topic_, 1, &SemanticNavigationNode::diffeo_tree_update, this);
[22.468s]       |                         ^~~
[22.468s] /home/neha/ros2_ws/src/semnav_migration/src/navigation_semantic.cpp:154:25: error: ‘ros’ has not been declared
[22.468s]   154 |                         ros::Duration(5.0).sleep();
[22.468s]       |                         ^~~
[22.468s] /home/neha/ros2_ws/src/semnav_migration/src/navigation_semantic.cpp:161:25: error: ‘ros’ has not been declared
[22.468s]   161 |                         ros::spin();
[22.468s]       |                         ^~~
[22.469s] /home/neha/ros2_ws/src/semnav_migration/src/navigation.cpp:144:112: error: no matching function for call to ‘message_filters::Subscriber<nav_msgs::msg::Odometry_<std::allocator<void> > >::Subscriber(rclcpp::Node&, std::string&, int)’
[22.469s]   144 |                         message_filters::Subscriber<nav_msgs::msg::Odometry> sub_robot(nh_, sub_robot_topic_, 1);
[22.469s]       |                                                                                                                ^
[22.469s] /opt/ros/jazzy/include/message_filters/message_filters/subscriber.h:224:3: note: candidate: ‘message_filters::Subscriber<M, NodeType>::Subscriber() [with M = nav_msgs::msg::Odometry_<std::allocator<void> >; NodeType = rclcpp::Node]’
[22.471s]   224 |   Subscriber() = default;
[22.471s]       |   ^~~~~~~~~~
[22.471s] /opt/ros/jazzy/include/message_filters/message_filters/subscriber.h:224:3: note:   candidate expects 0 arguments, 3 provided
[22.472s] /opt/ros/jazzy/include/message_filters/message_filters/subscriber.h:212:3: note: candidate: ‘message_filters::Subscriber<M, NodeType>::Subscriber(NodeType*, const std::string&, rmw_qos_profile_t, rclcpp::SubscriptionOptions) [with M = nav_msgs::msg::Odometry_<std::allocator<void> >; NodeType = rclcpp::Node; std::string = std::__cxx11::basic_string<char>; rmw_qos_profile_t = rmw_qos_profile_s; rclcpp::SubscriptionOptions = rclcpp::SubscriptionOptionsWithAllocator<std::allocator<void> >]’
[22.472s]   212 |   Subscriber(
[22.472s]       |   ^~~~~~~~~~
[22.472s] /opt/ros/jazzy/include/message_filters/message_filters/subscriber.h:212:3: note:   candidate expects 4 arguments, 3 provided
[22.472s] /opt/ros/jazzy/include/message_filters/message_filters/subscriber.h:203:3: note: candidate: ‘message_filters::Subscriber<M, NodeType>::Subscriber(NodePtr, const std::string&, rmw_qos_profile_t, rclcpp::SubscriptionOptions) [with M = nav_msgs::msg::Odometry_<std::allocator<void> >; NodeType = rclcpp::Node; NodePtr = std::shared_ptr<rclcpp::Node>; std::string = std::__cxx11::basic_string<char>; rmw_qos_profile_t = rmw_qos_profile_s; rclcpp::SubscriptionOptions = rclcpp::SubscriptionOptionsWithAllocator<std::allocator<void> >]’
[22.472s]   203 |   Subscriber(
[22.472s]       |   ^~~~~~~~~~
[22.473s] /opt/ros/jazzy/include/message_filters/message_filters/subscriber.h:203:3: note:   candidate expects 4 arguments, 3 provided
[22.473s] /opt/ros/jazzy/include/message_filters/message_filters/subscriber.h:188:3: note: candidate: ‘message_filters::Subscriber<M, NodeType>::Subscriber(NodeType*, const std::string&, rmw_qos_profile_t) [with M = nav_msgs::msg::Odometry_<std::allocator<void> >; NodeType = rclcpp::Node; std::string = std::__cxx11::basic_string<char>; rmw_qos_profile_t = rmw_qos_profile_s]’
[22.473s]   188 |   Subscriber(NodeType * node, const std::string& topic, const rmw_qos_profile_t qos = rmw_qos_profile_default)
[22.475s]       |   ^~~~~~~~~~
[22.475s] /opt/ros/jazzy/include/message_filters/message_filters/subscriber.h:188:25: note:   no known conversion for argument 1 from ‘rclcpp::Node’ to ‘rclcpp::Node*’
[22.475s]   188 |   Subscriber(NodeType * node, const std::string& topic, const rmw_qos_profile_t qos = rmw_qos_profile_default)
[22.476s]       |              ~~~~~~~~~~~^~~~
[22.476s] /opt/ros/jazzy/include/message_filters/message_filters/subscriber.h:183:3: note: candidate: ‘message_filters::Subscriber<M, NodeType>::Subscriber(NodePtr, const std::string&, rmw_qos_profile_t) [with M = nav_msgs::msg::Odometry_<std::allocator<void> >; NodeType = rclcpp::Node; NodePtr = std::shared_ptr<rclcpp::Node>; std::string = std::__cxx11::basic_string<char>; rmw_qos_profile_t = rmw_qos_profile_s]’
[22.476s]   183 |   Subscriber(NodePtr node, const std::string& topic, const rmw_qos_profile_t qos = rmw_qos_profile_default)
[22.476s]       |   ^~~~~~~~~~
[22.476s] /opt/ros/jazzy/include/message_filters/message_filters/subscriber.h:183:22: note:   no known conversion for argument 1 from ‘rclcpp::Node’ to ‘message_filters::Subscriber<nav_msgs::msg::Odometry_<std::allocator<void> > >::NodePtr’ {aka ‘std::shared_ptr<rclcpp::Node>’}
[22.476s]   183 |   Subscriber(NodePtr node, const std::string& topic, const rmw_qos_profile_t qos = rmw_qos_profile_default)
[22.476s]       |              ~~~~~~~~^~~~
[22.521s] /home/neha/ros2_ws/src/semnav_migration/src/navigation_semantic.cpp: In member function ‘void SemanticNavigationNode::publish_twist(double, double)’:
[22.521s] /home/neha/ros2_ws/src/semnav_migration/src/navigation_semantic.cpp:168:25: error: ‘pub_twist_’ was not declared in this scope; did you mean ‘publish_twist’?
[22.521s]   168 |                         pub_twist_.publish(commandTwist);
[22.521s]       |                         ^~~~~~~~~~
[22.521s]       |                         publish_twist
[22.526s] /home/neha/ros2_ws/src/semnav_migration/src/navigation_semantic.cpp: In member function ‘void SemanticNavigationNode::publish_behavior_id(uint16_t)’:
[22.526s] /home/neha/ros2_ws/src/semnav_migration/src/navigation_semantic.cpp:173:32: error: ‘UInt32’ is not a member of ‘std_msgs::msg’
[22.526s]   173 |                 std_msgs::msg::UInt32 commandId;
[22.526s]       |                                ^~~~~~
[22.576s] /home/neha/ros2_ws/src/semnav_migration/src/navigation_semantic.cpp:174:25: error: ‘commandId’ was not declared in this scope
[22.576s]   174 |                         commandId.data = BehaviorIdCmd;
[22.576s]       |                         ^~~~~~~~~
[22.580s] /home/neha/ros2_ws/src/semnav_migration/src/navigation.cpp:149:55: error: ‘bind’ is not a member of ‘boost’; did you mean ‘find’?
[22.581s]   149 |                         sync->registerCallback(boost::bind(&NavigationNode::control_callback, this, _1, _2));
[22.581s]       |                                                       ^~~~
[22.581s]       |                                                       find
[22.587s] /home/neha/ros2_ws/src/semnav_migration/src/navigation.cpp:149:101: error: ‘_1’ was not declared in this scope
[22.587s]   149 |                         sync->registerCallback(boost::bind(&NavigationNode::control_callback, this, _1, _2));
[22.587s]       |                                                                                                     ^~
[22.587s] /home/neha/ros2_ws/src/semnav_migration/src/navigation.cpp:149:101: note: suggested alternatives:
[22.587s] In file included from /usr/include/boost/mpl/aux_/include_preprocessed.hpp:37,
[22.587s]                  from /usr/include/boost/mpl/placeholders.hpp:43,
[22.587s]                  from /usr/include/boost/iterator/iterator_categories.hpp:16,
[22.587s]                  from /usr/include/boost/iterator/iterator_facade.hpp:13,
[22.588s]                  from /usr/include/boost/range/iterator_range_core.hpp:27,
[22.588s]                  from /usr/include/boost/lexical_cast.hpp:48,
[22.588s]                  from /usr/include/boost/multiprecision/detail/number_base.hpp:29,
[22.588s]                  from /usr/include/boost/multiprecision/traits/is_variable_precision.hpp:9,
[22.589s]                  from /usr/include/boost/multiprecision/detail/precision.hpp:9,
[22.589s]                  from /usr/include/boost/multiprecision/number.hpp:11,
[22.589s]                  from /usr/include/boost/multiprecision/cpp_int.hpp:19,
[22.589s]                  from /usr/include/boost/multiprecision/cpp_bin_float.hpp:15,
[22.589s]                  from /usr/include/boost/geometry/core/coordinate_promotion.hpp:16,
[22.590s]                  from /usr/include/boost/geometry/core/radian_access.hpp:30,
[22.590s]                  from /usr/include/boost/geometry/geometry.hpp:50,
[22.590s]                  from /usr/include/boost/geometry.hpp:17,
[22.590s]                  from /home/neha/ros2_ws/src/semnav_migration/include/reactive_planner_lib.h:26:
[22.590s] /usr/include/boost/mpl/aux_/preprocessed/gcc/placeholders.hpp:29:16: note:   ‘mpl_::_1’
[22.590s]    29 | typedef arg<1> _1;
[22.590s]       |                ^~
[22.590s] In file included from /usr/include/boost/numeric/conversion/converter_policies.hpp:13,
[22.591s]                  from /usr/include/boost/numeric/conversion/converter.hpp:14,
[22.591s]                  from /usr/include/boost/numeric/conversion/cast.hpp:33,
[22.591s]                  from /usr/include/boost/geometry/core/radian_access.hpp:26:
[22.591s] /usr/include/c++/13/functional:294:48: note:   ‘std::placeholders::_1’
[22.594s]   294 |     _GLIBCXX_PLACEHOLDER const _Placeholder<1> _1;
[22.594s]       |                                                ^~
[22.594s] /usr/include/boost/mpl/aux_/preprocessed/gcc/placeholders.hpp:29:16: note:   ‘mpl_::_1’
[22.595s]    29 | typedef arg<1> _1;
[22.595s]       |                ^~
[22.595s] In file included from /usr/include/boost/describe/members.hpp:20,
[22.595s]                  from /usr/include/boost/container_hash/is_described_class.hpp:11,
[22.595s]                  from /usr/include/boost/container_hash/hash.hpp:18,
[22.595s]                  from /usr/include/boost/functional/hash.hpp:6,
[22.595s]                  from /usr/include/CGAL/Kernel/hash_functions.h:16,
[22.596s]                  from /usr/include/CGAL/Kernel/global_functions.h:25,
[22.596s]                  from /usr/include/CGAL/Cartesian/Cartesian_base.h:22,
[22.596s]                  from /usr/include/CGAL/Simple_cartesian.h:20,
[22.596s]                  from /usr/include/CGAL/Exact_predicates_inexact_constructions_kernel.h:20,
[22.598s]                  from /home/neha/ros2_ws/src/semnav_migration/include/polygeom_lib.h:32,
[22.598s]                  from /home/neha/ros2_ws/src/semnav_migration/include/reactive_planner_lib.h:50:
[22.598s] /usr/include/boost/mp11/bind.hpp:45:7: note:   ‘boost::mp11::_1’
[22.599s]    45 | using _1 = mp_arg<0>;
[22.599s]       |       ^~
[22.599s] /usr/include/boost/mpl/aux_/preprocessed/gcc/placeholders.hpp:29:16: note:   ‘mpl_::_1’
[22.599s]    29 | typedef arg<1> _1;
[22.599s]       |                ^~
[22.599s] /home/neha/ros2_ws/src/semnav_migration/src/navigation.cpp:149:105: error: ‘_2’ was not declared in this scope
[22.599s]   149 |                         sync->registerCallback(boost::bind(&NavigationNode::control_callback, this, _1, _2));
[22.600s]       |                                                                                                         ^~
[22.600s] /home/neha/ros2_ws/src/semnav_migration/src/navigation.cpp:149:105: note: suggested alternatives:
[22.600s] /usr/include/boost/mpl/aux_/preprocessed/gcc/placeholders.hpp:42:16: note:   ‘mpl_::_2’
[22.602s]    42 | typedef arg<2> _2;
[22.602s]       |                ^~
[22.602s] /usr/include/c++/13/functional:295:48: note:   ‘std::placeholders::_2’
[22.602s]   295 |     _GLIBCXX_PLACEHOLDER const _Placeholder<2> _2;
[22.603s]       |                                                ^~
[22.603s] /usr/include/boost/mpl/aux_/preprocessed/gcc/placeholders.hpp:42:16: note:   ‘mpl_::_2’
[22.603s]    42 | typedef arg<2> _2;
[22.603s]       |                ^~
[22.603s] /usr/include/boost/mp11/bind.hpp:46:7: note:   ‘boost::mp11::_2’
[22.603s]    46 | using _2 = mp_arg<1>;
[22.603s]       |       ^~
[22.603s] /usr/include/boost/mpl/aux_/preprocessed/gcc/placeholders.hpp:42:16: note:   ‘mpl_::_2’
[22.604s]    42 | typedef arg<2> _2;
[22.604s]       |                ^~
[22.604s] /home/neha/ros2_ws/src/semnav_migration/src/navigation.cpp:152:20: error: ‘Subscription’ was not declared in this scope
[22.606s]   152 |             rclcpp:Subscription sub_semantic = this->create_subscriber(sub_semantic_topic_, 1);
[22.606s]       |                    ^~~~~~~~~~~~
[22.606s] /home/neha/ros2_ws/src/semnav_migration/src/navigation.cpp:152:20: note: suggested alternatives:
[22.607s] In file included from /opt/ros/jazzy/include/rclcpp/rclcpp/any_executable.hpp:25,
[22.607s]                  from /opt/ros/jazzy/include/rclcpp/rclcpp/memory_strategy.hpp:25,
[22.607s]                  from /opt/ros/jazzy/include/rclcpp/rclcpp/memory_strategies.hpp:18,
[22.607s]                  from /opt/ros/jazzy/include/rclcpp/rclcpp/executor_options.hpp:22,
[22.607s]                  from /opt/ros/jazzy/include/rclcpp/rclcpp/executor.hpp:38,
[22.607s]                  from /opt/ros/jazzy/include/rclcpp/rclcpp/executors/multi_threaded_executor.hpp:25,
[22.607s]                  from /opt/ros/jazzy/include/rclcpp/rclcpp/executors.hpp:21:
[22.607s] /opt/ros/jazzy/include/rclcpp/rclcpp/subscription.hpp:75:7: note:   ‘rclcpp::Subscription’
[22.608s]    75 | class Subscription : public SubscriptionBase
[22.608s]       |       ^~~~~~~~~~~~
[22.608s] In file included from /opt/ros/jazzy/include/rclcpp/rclcpp/client.hpp:45,
[22.608s]                  from /opt/ros/jazzy/include/rclcpp/rclcpp/callback_group.hpp:24,
[22.610s]                  from /opt/ros/jazzy/include/rclcpp/rclcpp/any_executable.hpp:20:
[22.610s] /opt/ros/jazzy/include/rclcpp/rclcpp/node_interfaces/node_graph_interface.hpp:43:3: note:   ‘rclcpp::EndpointType::Subscription’
[22.610s]    43 |   Subscription = RMW_ENDPOINT_SUBSCRIPTION
[22.610s]       |   ^~~~~~~~~~~~
[22.611s] /home/neha/ros2_ws/src/semnav_migration/src/navigation.cpp:156:45: error: no matching function for call to ‘rclcpp::Duration::Duration(double)’
[22.611s]   156 |                         rclcpp::Duration(5.0).sleep();
[22.611s]       |                                             ^
[22.611s] In file included from /opt/ros/jazzy/include/rclcpp/rclcpp/time.hpp:24,
[22.611s]                  from /opt/ros/jazzy/include/rclcpp/rclcpp/clock.hpp:24,
[22.611s]                  from /opt/ros/jazzy/include/rclcpp/rclcpp/client.hpp:38:
[22.611s] /opt/ros/jazzy/include/rclcpp/rclcpp/duration.hpp:49:3: note: candidate: ‘template<class Rep, class Period> rclcpp::Duration::Duration(const std::chrono::duration<_Rep1, _Period1>&)’
[22.611s]    49 |   Duration(const std::chrono::duration<Rep, Period> & duration)  // NOLINT(runtime/explicit)
[22.612s]       |   ^~~~~~~~
[22.612s] /opt/ros/jazzy/include/rclcpp/rclcpp/duration.hpp:49:3: note:   template argument deduction/substitution failed:
[22.612s] /home/neha/ros2_ws/src/semnav_migration/src/navigation.cpp:156:45: note:   mismatched types ‘const std::chrono::duration<_Rep1, _Period1>’ and ‘double’
[22.612s]   156 |                         rclcpp::Duration(5.0).sleep();
[22.614s]       |                                             ^
[22.614s] /opt/ros/jazzy/include/rclcpp/rclcpp/duration.hpp:159:3: note: candidate: ‘rclcpp::Duration::Duration()’
[22.614s]   159 |   Duration() = default;
[22.615s]       |   ^~~~~~~~
[22.615s] /opt/ros/jazzy/include/rclcpp/rclcpp/duration.hpp:159:3: note:   candidate expects 0 arguments, 1 provided
[22.615s] /opt/ros/jazzy/include/rclcpp/rclcpp/duration.hpp:62:3: note: candidate: ‘rclcpp::Duration::Duration(const rclcpp::Duration&)’
[22.615s]    62 |   Duration(const Duration & rhs);
[22.615s]       |   ^~~~~~~~
[22.615s] /opt/ros/jazzy/include/rclcpp/rclcpp/duration.hpp:62:29: note:   no known conversion for argument 1 from ‘double’ to ‘const rclcpp::Duration&’
[22.615s]    62 |   Duration(const Duration & rhs);
[22.615s]       |            ~~~~~~~~~~~~~~~~~^~~
[22.616s] /opt/ros/jazzy/include/rclcpp/rclcpp/duration.hpp:60:12: note: candidate: ‘rclcpp::Duration::Duration(const rcl_duration_t&)’
[22.616s]    60 |   explicit Duration(const rcl_duration_t & duration);
[22.616s]       |            ^~~~~~~~
[22.616s] /opt/ros/jazzy/include/rclcpp/rclcpp/duration.hpp:60:44: note:   no known conversion for argument 1 from ‘double’ to ‘const rcl_duration_t&’ {aka ‘const rcl_duration_s&’}
[22.618s]    60 |   explicit Duration(const rcl_duration_t & duration);
[22.618s]       |                     ~~~~~~~~~~~~~~~~~~~~~~~^~~~~~~~
[22.618s] /opt/ros/jazzy/include/rclcpp/rclcpp/duration.hpp:54:3: note: candidate: ‘rclcpp::Duration::Duration(const builtin_interfaces::msg::Duration&)’
[22.619s]    54 |   Duration(const builtin_interfaces::msg::Duration & duration_msg);  // NOLINT(runtime/explicit)
[22.619s]       |   ^~~~~~~~
[22.619s] /opt/ros/jazzy/include/rclcpp/rclcpp/duration.hpp:54:54: note:   no known conversion for argument 1 from ‘double’ to ‘const builtin_interfaces::msg::Duration&’ {aka ‘const builtin_interfaces::msg::Duration_<std::allocator<void> >&’}
[22.619s]    54 |   Duration(const builtin_interfaces::msg::Duration & duration_msg);  // NOLINT(runtime/explicit)
[22.619s]       |            ~~~~~~~~~~~~~~~~~~~~~~~~~~~~~~~~~~~~~~~~~~^~~~~~~~~~~~
[22.619s] /opt/ros/jazzy/include/rclcpp/rclcpp/duration.hpp:43:12: note: candidate: ‘rclcpp::Duration::Duration(std::chrono::nanoseconds)’
[22.619s]    43 |   explicit Duration(std::chrono::nanoseconds nanoseconds);
[22.619s]       |            ^~~~~~~~
[22.620s] /opt/ros/jazzy/include/rclcpp/rclcpp/duration.hpp:43:46: note:   no known conversion for argument 1 from ‘double’ to ‘std::chrono::nanoseconds’ {aka ‘std::chrono::duration<long int, std::ratio<1, 1000000000> >’}
[22.620s]    43 |   explicit Duration(std::chrono::nanoseconds nanoseconds);
[22.620s]       |                     ~~~~~~~~~~~~~~~~~~~~~~~~~^~~~~~~~~~~
[22.620s] /opt/ros/jazzy/include/rclcpp/rclcpp/duration.hpp:40:3: note: candidate: ‘rclcpp::Duration::Duration(int32_t, uint32_t)’
[22.622s]    40 |   Duration(int32_t seconds, uint32_t nanoseconds);
[22.622s]       |   ^~~~~~~~
[22.622s] /opt/ros/jazzy/include/rclcpp/rclcpp/duration.hpp:40:3: note:   candidate expects 2 arguments, 1 provided
[22.631s] /home/neha/ros2_ws/src/semnav_migration/src/navigation.cpp:163:38: error: ‘node_ptr’ was not declared in this scope; did you mean ‘mode_t’?
[22.631s]   163 |                         rclcpp::spin(node_ptr);
[22.631s]       |                                      ^~~~~~~~
[22.631s]       |                                      mode_t
[22.641s] /home/neha/ros2_ws/src/semnav_migration/src/navigation.cpp: In member function ‘void NavigationNode::publish_behavior_id(uint16_t)’:
[22.641s] /home/neha/ros2_ws/src/semnav_migration/src/navigation.cpp:175:28: error: ‘UInt32’ is not a member of ‘std_msgs::msg’
[22.641s]   175 |             std_msgs::msg::UInt32 commandId;
[22.641s]       |                            ^~~~~~
[22.684s] /home/neha/ros2_ws/src/semnav_migration/src/navigation.cpp:176:25: error: ‘commandId’ was not declared in this scope
[22.684s]   176 |                         commandId.data = BehaviorIdCmd;
[22.685s]       |                         ^~~~~~~~~
[22.687s] /home/neha/ros2_ws/src/semnav_migration/src/navigation_semantic.cpp:175:25: error: ‘pub_behaviorID_’ was not declared in this scope; did you mean ‘pub_behaviorID_topic_’?
[22.687s]   175 |                         pub_behaviorID_.publish(commandId);
[22.687s]       |                         ^~~~~~~~~~~~~~~
[22.687s]       |                         pub_behaviorID_topic_
[22.690s] /home/neha/ros2_ws/src/semnav_migration/src/navigation.cpp: In member function ‘void NavigationNode::publish_behavior_mode(uint16_t)’:
[22.690s] /home/neha/ros2_ws/src/semnav_migration/src/navigation.cpp:182:28: error: ‘UInt32’ is not a member of ‘std_msgs::msg’
[22.691s]   182 |             std_msgs::msg::UInt32 commandMode;
[22.691s]       |                            ^~~~~~
[22.693s] /home/neha/ros2_ws/src/semnav_migration/src/navigation_semantic.cpp: In member function ‘void SemanticNavigationNode::publish_behavior_mode(uint16_t)’:
[22.693s] /home/neha/ros2_ws/src/semnav_migration/src/navigation_semantic.cpp:180:28: error: ‘UInt32’ is not a member of ‘std_msgs::msg’
[22.693s]   180 |             std_msgs::msg::UInt32 commandMode;
[22.693s]       |                            ^~~~~~
[22.751s] /home/neha/ros2_ws/src/semnav_migration/src/navigation.cpp:183:25: error: ‘commandMode’ was not declared in this scope
[22.751s]   183 |                         commandMode.data = BehaviorModeCmd;
[22.751s]       |                         ^~~~~~~~~~~
[22.757s] /home/neha/ros2_ws/src/semnav_migration/src/navigation_semantic.cpp:181:25: error: ‘commandMode’ was not declared in this scope
[22.757s]   181 |                         commandMode.data = BehaviorModeCmd;
[22.758s]       |                         ^~~~~~~~~~~
[22.802s] /home/neha/ros2_ws/src/semnav_migration/src/navigation.cpp: In member function ‘void NavigationNode::diffeo_tree_update(const object_pose_interface_msgs::msg::SemanticMapObjectArray_<std::allocator<void> >::ConstPtr&)’:
[22.803s] /home/neha/ros2_ws/src/semnav_migration/src/navigation.cpp:254:44: error: expected ‘)’ before ‘::’ token
[22.803s]   254 |                         if (rclcpp::Clock{}::now().toSec() - DiffeoTreeUpdateTime_ < (1.0/DiffeoTreeUpdateRate_)) {
[22.803s]       |                                            ^~
[22.803s] /home/neha/ros2_ws/src/semnav_migration/src/navigation.cpp:254:28: note: to match this ‘(’
[22.803s]   254 |                         if (rclcpp::Clock{}::now().toSec() - DiffeoTreeUpdateTime_ < (1.0/DiffeoTreeUpdateRate_)) {
[22.803s]       |                            ^
[22.805s] /home/neha/ros2_ws/src/semnav_migration/src/navigation.cpp:254:37: error: could not convert ‘rclcpp::Clock(RCL_SYSTEM_TIME)’ from ‘rclcpp::Clock’ to ‘bool’
[22.805s]   254 |                         if (rclcpp::Clock{}::now().toSec() - DiffeoTreeUpdateTime_ < (1.0/DiffeoTreeUpdateRate_)) {
[22.806s]       |                                     ^~~~~~~
[22.806s]       |                                     |
[22.806s]       |                                     rclcpp::Clock
[22.806s] /home/neha/ros2_ws/src/semnav_migration/src/navigation.cpp:259:67: error: ‘now’ is not a member of ‘rclcpp::Time’
[22.806s]   259 |                                 double start_time = rclcpp::Time::now().toSec();
[22.806s]       |                                                                   ^~~
[22.832s] /home/neha/ros2_ws/src/semnav_migration/src/navigation.cpp:327:99: error: ‘now’ is not a member of ‘rclcpp::Time’
[22.832s]   327 |                                 ROS_WARN_STREAM("[Navigation] Updated trees in " << rclcpp::Time::now().toSec()-start_time << " seconds.");
[22.833s]       |                                                                                                   ^~~
[22.864s] /home/neha/ros2_ws/src/semnav_migration/src/navigation_semantic.cpp:182:25: error: ‘pub_behaviorMode_’ was not declared in this scope; did you mean ‘pub_behaviorMode_topic_’?
[22.865s]   182 |                         pub_behaviorMode_.publish(commandMode);
[22.865s]       |                         ^~~~~~~~~~~~~~~~~
[22.865s]       |                         pub_behaviorMode_topic_
[22.915s] /home/neha/ros2_ws/src/semnav_migration/src/navigation_semantic.cpp: In member function ‘void SemanticNavigationNode::diffeo_tree_update(const object_pose_interface_msgs::msg::SemanticMapObjectArray_<std::allocator<void> >::ConstPtr&)’:
[22.915s] /home/neha/ros2_ws/src/semnav_migration/src/navigation_semantic.cpp:252:29: error: ‘ros’ has not been declared
[22.915s]   252 |                         if (ros::Time::now().toSec() - DiffeoTreeUpdateTime_ < (1.0/DiffeoTreeUpdateRate_)) {
[22.915s]       |                             ^~~
[22.916s] /home/neha/ros2_ws/src/semnav_migration/src/navigation_semantic.cpp:256:53: error: ‘ros’ has not been declared
[22.916s]   256 |                                 double start_time = ros::Time::now().toSec();
[22.916s]       |                                                     ^~~
[22.921s] /home/neha/ros2_ws/src/semnav_migration/src/navigation_semantic.cpp:267:49: error: ‘tf’ has not been declared
[22.922s]   267 |                                                 tf::Quaternion rotation = tf::Quaternion(semantic_map_data->objects[i].pose.pose.orientation.x,
[22.922s]       |                                                 ^~
[22.922s] /home/neha/ros2_ws/src/semnav_migration/src/navigation_semantic.cpp:272:49: error: ‘tf’ has not been declared
[22.922s]   272 |                                                 tf::Matrix3x3 m(rotation);
[22.922s]       |                                                 ^~
[22.922s] /home/neha/ros2_ws/src/semnav_migration/src/navigation_semantic.cpp:275:49: error: ‘tf’ has not been declared
[22.922s]   275 |                                                 tf::Vector3 target_nominal_1(-0.5*target_object_width_ - ObstacleDilation_ - 0.08, 0.0, 0.0);
[22.923s]       |                                                 ^~
[22.923s] /home/neha/ros2_ws/src/semnav_migration/src/navigation_semantic.cpp:276:49: error: ‘tf’ has not been declared
[22.923s]   276 |                                                 tf::Vector3 target_nominal_2(0.5*target_object_width_ + ObstacleDilation_ + 0.25, 0.0, 0.0);
[22.923s]       |                                                 ^~
[22.925s] /home/neha/ros2_ws/src/semnav_migration/src/navigation_semantic.cpp:277:49: error: ‘tf’ has not been declared
[22.925s]   277 |                                                 tf::Vector3 target_nominal_1_rotated = tf::quatRotate(rotation, target_nominal_1);
[22.925s]       |                                                 ^~
[22.926s] /home/neha/ros2_ws/src/semnav_migration/src/navigation_semantic.cpp:278:49: error: ‘tf’ has not been declared
[22.926s]   278 |                                                 tf::Vector3 target_nominal_2_rotated = tf::quatRotate(rotation, target_nominal_2);
[22.926s]       |                                                 ^~
[22.938s] /home/neha/ros2_ws/src/semnav_migration/src/navigation.cpp:327:33: error: ‘ROS_WARN_STREAM’ was not declared in this scope; did you mean ‘RCLCPP_WARN_STREAM’?
[22.938s]   327 |                                 ROS_WARN_STREAM("[Navigation] Updated trees in " << rclcpp::Time::now().toSec()-start_time << " seconds.");
[22.939s]       |                                 ^~~~~~~~~~~~~~~
[22.939s]       |                                 RCLCPP_WARN_STREAM
[22.939s] /home/neha/ros2_ws/src/semnav_migration/src/navigation.cpp:330:71: error: ‘now’ is not a member of ‘rclcpp::Time’
[22.939s]   330 |                                 DiffeoTreeUpdateTime_ = rclcpp::Time::now().toSec();
[22.939s]       |                                                                       ^~~
[22.939s] /home/neha/ros2_ws/src/semnav_migration/src/navigation.cpp: In member function ‘void NavigationNode::control_callback(const sensor_msgs::msg::LaserScan_<std::allocator<void> >::ConstPtr&, const nav_msgs::msg::Odometry_<std::allocator<void> >::ConstPtr&)’:
[22.940s] /home/neha/ros2_ws/src/semnav_migration/src/navigation.cpp:357:60: error: ‘now’ is not a member of ‘rclcpp::Time’
[22.940s]   357 |                         double before_time = rclcpp::Time::now().toSec();
[22.940s]       |                                                            ^~~
[22.958s] /home/neha/ros2_ws/src/semnav_migration/src/navigation_semantic.cpp:280:49: error: ‘m’ was not declared in this scope; did you mean ‘tm’?
[22.959s]   280 |                                                 m.getRPY(roll, pitch, yaw);
[22.959s]       |                                                 ^
[22.959s]       |                                                 tm
[22.987s] /home/neha/ros2_ws/src/semnav_migration/src/navigation.cpp:365:33: error: ‘listener_’ was not declared in this scope
[22.987s]   365 |                                 listener_.waitForTransform(world_frame_id_, odom_frame_id_, rclcpp::Time(0), rclcpp::Duration(1.0));
[22.987s]       |                                 ^~~~~~~~~
[22.988s] /home/neha/ros2_ws/src/semnav_migration/src/navigation.cpp:365:130: error: no matching function for call to ‘rclcpp::Duration::Duration(double)’
[22.988s]   365 |                                 listener_.waitForTransform(world_frame_id_, odom_frame_id_, rclcpp::Time(0), rclcpp::Duration(1.0));
[22.988s]       |                                                                                                                                  ^
[22.988s] /opt/ros/jazzy/include/rclcpp/rclcpp/duration.hpp:49:3: note: candidate: ‘template<class Rep, class Period> rclcpp::Duration::Duration(const std::chrono::duration<_Rep1, _Period1>&)’
[22.989s]    49 |   Duration(const std::chrono::duration<Rep, Period> & duration)  // NOLINT(runtime/explicit)
[22.989s]       |   ^~~~~~~~
[22.989s] /opt/ros/jazzy/include/rclcpp/rclcpp/duration.hpp:49:3: note:   template argument deduction/substitution failed:
[22.989s] /home/neha/ros2_ws/src/semnav_migration/src/navigation.cpp:365:130: note:   mismatched types ‘const std::chrono::duration<_Rep1, _Period1>’ and ‘double’
[22.989s]   365 |                                 listener_.waitForTransform(world_frame_id_, odom_frame_id_, rclcpp::Time(0), rclcpp::Duration(1.0));
[22.989s]       |                                                                                                                                  ^
[22.989s] /opt/ros/jazzy/include/rclcpp/rclcpp/duration.hpp:159:3: note: candidate: ‘rclcpp::Duration::Duration()’
[22.989s]   159 |   Duration() = default;
[22.990s]       |   ^~~~~~~~
[22.990s] /opt/ros/jazzy/include/rclcpp/rclcpp/duration.hpp:159:3: note:   candidate expects 0 arguments, 1 provided
[22.990s] /opt/ros/jazzy/include/rclcpp/rclcpp/duration.hpp:62:3: note: candidate: ‘rclcpp::Duration::Duration(const rclcpp::Duration&)’
[22.992s]    62 |   Duration(const Duration & rhs);
[22.992s]       |   ^~~~~~~~
[22.992s] /opt/ros/jazzy/include/rclcpp/rclcpp/duration.hpp:62:29: note:   no known conversion for argument 1 from ‘double’ to ‘const rclcpp::Duration&’
[22.992s]    62 |   Duration(const Duration & rhs);
[22.993s]       |            ~~~~~~~~~~~~~~~~~^~~
[22.993s] /opt/ros/jazzy/include/rclcpp/rclcpp/duration.hpp:60:12: note: candidate: ‘rclcpp::Duration::Duration(const rcl_duration_t&)’
[22.993s]    60 |   explicit Duration(const rcl_duration_t & duration);
[22.993s]       |            ^~~~~~~~
[22.993s] /opt/ros/jazzy/include/rclcpp/rclcpp/duration.hpp:60:44: note:   no known conversion for argument 1 from ‘double’ to ‘const rcl_duration_t&’ {aka ‘const rcl_duration_s&’}
[22.993s]    60 |   explicit Duration(const rcl_duration_t & duration);
[22.993s]       |                     ~~~~~~~~~~~~~~~~~~~~~~~^~~~~~~~
[22.993s] /opt/ros/jazzy/include/rclcpp/rclcpp/duration.hpp:54:3: note: candidate: ‘rclcpp::Duration::Duration(const builtin_interfaces::msg::Duration&)’
[22.994s]    54 |   Duration(const builtin_interfaces::msg::Duration & duration_msg);  // NOLINT(runtime/explicit)
[22.994s]       |   ^~~~~~~~
[22.994s] /opt/ros/jazzy/include/rclcpp/rclcpp/duration.hpp:54:54: note:   no known conversion for argument 1 from ‘double’ to ‘const builtin_interfaces::msg::Duration&’ {aka ‘const builtin_interfaces::msg::Duration_<std::allocator<void> >&’}
[22.994s]    54 |   Duration(const builtin_interfaces::msg::Duration & duration_msg);  // NOLINT(runtime/explicit)
[22.996s]       |            ~~~~~~~~~~~~~~~~~~~~~~~~~~~~~~~~~~~~~~~~~~^~~~~~~~~~~~
[22.996s] /opt/ros/jazzy/include/rclcpp/rclcpp/duration.hpp:43:12: note: candidate: ‘rclcpp::Duration::Duration(std::chrono::nanoseconds)’
[22.996s]    43 |   explicit Duration(std::chrono::nanoseconds nanoseconds);
[22.997s]       |            ^~~~~~~~
[22.997s] /opt/ros/jazzy/include/rclcpp/rclcpp/duration.hpp:43:46: note:   no known conversion for argument 1 from ‘double’ to ‘std::chrono::nanoseconds’ {aka ‘std::chrono::duration<long int, std::ratio<1, 1000000000> >’}
[22.997s]    43 |   explicit Duration(std::chrono::nanoseconds nanoseconds);
[22.997s]       |                     ~~~~~~~~~~~~~~~~~~~~~~~~~^~~~~~~~~~~
[22.997s] /opt/ros/jazzy/include/rclcpp/rclcpp/duration.hpp:40:3: note: candidate: ‘rclcpp::Duration::Duration(int32_t, uint32_t)’
[22.997s]    40 |   Duration(int32_t seconds, uint32_t nanoseconds);
[22.997s]       |   ^~~~~~~~
[22.997s] /opt/ros/jazzy/include/rclcpp/rclcpp/duration.hpp:40:3: note:   candidate expects 2 arguments, 1 provided
[23.032s] /home/neha/ros2_ws/src/semnav_migration/src/navigation.cpp:368:33: error: ‘ROS_ERROR’ was not declared in this scope
[23.032s]   368 |                                 ROS_ERROR("%s",ex.what());
[23.033s]       |                                 ^~~~~~~~~
[23.033s] /home/neha/ros2_ws/src/semnav_migration/src/navigation.cpp:395:42: error: could not convert ‘lidar_data’ from ‘shared_ptr<LaserScan_<[...]>>’ to ‘shared_ptr<LaserScan_<[...]>>’
[23.033s]   395 |                         constructLIDAR2D(lidar_data, CutoffRange_, AllowableRange_, RobotPitch_, &LIDAR);
[23.033s]       |                                          ^~~~~~~~~~
[23.033s]       |                                          |
[23.034s]       |                                          shared_ptr<LaserScan_<[...]>>
[23.052s] /home/neha/ros2_ws/src/semnav_migration/src/navigation.cpp:569:53: error: no matching function for call to ‘rclcpp::Duration::Duration(double)’
[23.052s]   569 |                                 rclcpp::Duration(5.0).sleep();
[23.052s]       |                                                     ^
[23.053s] /opt/ros/jazzy/include/rclcpp/rclcpp/duration.hpp:49:3: note: candidate: ‘template<class Rep, class Period> rclcpp::Duration::Duration(const std::chrono::duration<_Rep1, _Period1>&)’
[23.053s]    49 |   Duration(const std::chrono::duration<Rep, Period> & duration)  // NOLINT(runtime/explicit)
[23.053s]       |   ^~~~~~~~
[23.053s] /opt/ros/jazzy/include/rclcpp/rclcpp/duration.hpp:49:3: note:   template argument deduction/substitution failed:
[23.053s] /home/neha/ros2_ws/src/semnav_migration/src/navigation.cpp:569:53: note:   mismatched types ‘const std::chrono::duration<_Rep1, _Period1>’ and ‘double’
[23.053s]   569 |                                 rclcpp::Duration(5.0).sleep();
[23.053s]       |                                                     ^
[23.054s] /opt/ros/jazzy/include/rclcpp/rclcpp/duration.hpp:159:3: note: candidate: ‘rclcpp::Duration::Duration()’
[23.054s]   159 |   Duration() = default;
[23.054s]       |   ^~~~~~~~
[23.054s] /opt/ros/jazzy/include/rclcpp/rclcpp/duration.hpp:159:3: note:   candidate expects 0 arguments, 1 provided
[23.057s] /opt/ros/jazzy/include/rclcpp/rclcpp/duration.hpp:62:3: note: candidate: ‘rclcpp::Duration::Duration(const rclcpp::Duration&)’
[23.057s]    62 |   Duration(const Duration & rhs);
[23.057s]       |   ^~~~~~~~
[23.058s] /opt/ros/jazzy/include/rclcpp/rclcpp/duration.hpp:62:29: note:   no known conversion for argument 1 from ‘double’ to ‘const rclcpp::Duration&’
[23.058s]    62 |   Duration(const Duration & rhs);
[23.058s]       |            ~~~~~~~~~~~~~~~~~^~~
[23.058s] /opt/ros/jazzy/include/rclcpp/rclcpp/duration.hpp:60:12: note: candidate: ‘rclcpp::Duration::Duration(const rcl_duration_t&)’
[23.058s]    60 |   explicit Duration(const rcl_duration_t & duration);
[23.058s]       |            ^~~~~~~~
[23.058s] /opt/ros/jazzy/include/rclcpp/rclcpp/duration.hpp:60:44: note:   no known conversion for argument 1 from ‘double’ to ‘const rcl_duration_t&’ {aka ‘const rcl_duration_s&’}
[23.058s]    60 |   explicit Duration(const rcl_duration_t & duration);
[23.059s]       |                     ~~~~~~~~~~~~~~~~~~~~~~~^~~~~~~~
[23.059s] /opt/ros/jazzy/include/rclcpp/rclcpp/duration.hpp:54:3: note: candidate: ‘rclcpp::Duration::Duration(const builtin_interfaces::msg::Duration&)’
[23.059s]    54 |   Duration(const builtin_interfaces::msg::Duration & duration_msg);  // NOLINT(runtime/explicit)
[23.059s]       |   ^~~~~~~~
[23.061s] /opt/ros/jazzy/include/rclcpp/rclcpp/duration.hpp:54:54: note:   no known conversion for argument 1 from ‘double’ to ‘const builtin_interfaces::msg::Duration&’ {aka ‘const builtin_interfaces::msg::Duration_<std::allocator<void> >&’}
[23.061s]    54 |   Duration(const builtin_interfaces::msg::Duration & duration_msg);  // NOLINT(runtime/explicit)
[23.061s]       |            ~~~~~~~~~~~~~~~~~~~~~~~~~~~~~~~~~~~~~~~~~~^~~~~~~~~~~~
[23.062s] /opt/ros/jazzy/include/rclcpp/rclcpp/duration.hpp:43:12: note: candidate: ‘rclcpp::Duration::Duration(std::chrono::nanoseconds)’
[23.062s]    43 |   explicit Duration(std::chrono::nanoseconds nanoseconds);
[23.062s]       |            ^~~~~~~~
[23.062s] /opt/ros/jazzy/include/rclcpp/rclcpp/duration.hpp:43:46: note:   no known conversion for argument 1 from ‘double’ to ‘std::chrono::nanoseconds’ {aka ‘std::chrono::duration<long int, std::ratio<1, 1000000000> >’}
[23.062s]    43 |   explicit Duration(std::chrono::nanoseconds nanoseconds);
[23.062s]       |                     ~~~~~~~~~~~~~~~~~~~~~~~~~^~~~~~~~~~~
[23.062s] /opt/ros/jazzy/include/rclcpp/rclcpp/duration.hpp:40:3: note: candidate: ‘rclcpp::Duration::Duration(int32_t, uint32_t)’
[23.062s]    40 |   Duration(int32_t seconds, uint32_t nanoseconds);
[23.063s]       |   ^~~~~~~~
[23.063s] /opt/ros/jazzy/include/rclcpp/rclcpp/duration.hpp:40:3: note:   candidate expects 2 arguments, 1 provided
[23.133s] /home/neha/ros2_ws/src/semnav_migration/src/navigation_semantic.cpp:281:123: error: ‘target_nominal_1_rotated’ was not declared in this scope
[23.134s]   281 |                                                 GoalVector[0].set<0>(semantic_map_data->objects[i].pose.pose.position.x + target_nominal_1_rotated.getX());
[23.134s]       |                                                                                                                           ^~~~~~~~~~~~~~~~~~~~~~~~
[23.140s] /home/neha/ros2_ws/src/semnav_migration/src/navigation.cpp:572:33: error: ‘ROS_WARN_STREAM’ was not declared in this scope; did you mean ‘RCLCPP_WARN_STREAM’?
[23.141s]   572 |                                 ROS_WARN_STREAM("[Navigation] Successfully navigated to goal and stopped...");
[23.141s]       |                                 ^~~~~~~~~~~~~~~
[23.141s]       |                                 RCLCPP_WARN_STREAM
[23.147s] /home/neha/ros2_ws/src/semnav_migration/src/navigation.cpp:595:75: error: invalid operands of types ‘const char [32]’ and ‘double’ to binary ‘operator<<’
[23.147s]   595 |                         ROS_WARN_STREAM("[Navigation] Linear command is " << LinearCmd << " and angular command is " << AngularCmd);
[23.148s]       |                                         ~~~~~~~~~~~~~~~~~~~~~~~~~~~~~~~~~ ^~ ~~~~~~~~~
[23.148s]       |                                         |                                    |
[23.148s]       |                                         const char [32]                      double
[23.234s] /home/neha/ros2_ws/src/semnav_migration/src/navigation.cpp:595:25: error: ‘ROS_WARN_STREAM’ was not declared in this scope; did you mean ‘RCLCPP_WARN_STREAM’?
[23.234s]   595 |                         ROS_WARN_STREAM("[Navigation] Linear command is " << LinearCmd << " and angular command is " << AngularCmd);
[23.235s]       |                         ^~~~~~~~~~~~~~~
[23.235s]       |                         RCLCPP_WARN_STREAM
[23.235s] /home/neha/ros2_ws/src/semnav_migration/src/navigation.cpp:596:76: error: invalid operands of types ‘const char [33]’ and ‘int’ to binary ‘operator<<’
[23.235s]   596 |                         ROS_WARN_STREAM("[Navigation] Command update for " << int(localDiffeoTreeArray.size()) << " polygons in " << rclcpp::Time::now().toSec()-before_time << " seconds.");
[23.235s]       |                                         ~~~~~~~~~~~~~~~~~~~~~~~~~~~~~~~~~~ ^~ ~~~~~~~~~~~~~~~~~~~~~~~~~~~~~~~~
[23.235s]       |                                         |                                     |
[23.235s]       |                                         const char [33]                       int
[23.236s] /home/neha/ros2_ws/src/semnav_migration/src/navigation.cpp:596:148: error: ‘now’ is not a member of ‘rclcpp::Time’
[23.236s]   596 |                         ROS_WARN_STREAM("[Navigation] Command update for " << int(localDiffeoTreeArray.size()) << " polygons in " << rclcpp::Time::now().toSec()-before_time << " seconds.");
[23.236s]       |                                                                                                                                                    ^~~
[23.300s] /home/neha/ros2_ws/src/semnav_migration/src/navigation_semantic.cpp:283:123: error: ‘target_nominal_2_rotated’ was not declared in this scope
[23.301s]   283 |                                                 GoalVector[1].set<0>(semantic_map_data->objects[i].pose.pose.position.x + target_nominal_2_rotated.getX());
[23.301s]       |                                                                                                                           ^~~~~~~~~~~~~~~~~~~~~~~~
[23.422s] /home/neha/ros2_ws/src/semnav_migration/src/navigation_semantic.cpp:317:49: error: ‘ROS_ERROR_STREAM’ was not declared in this scope; did you mean ‘RCLCPP_ERROR_STREAM’?
[23.422s]   317 |                                                 ROS_ERROR_STREAM("Goal blocked by object");
[23.423s]       |                                                 ^~~~~~~~~~~~~~~~
[23.423s]       |                                                 RCLCPP_ERROR_STREAM
[23.429s] /home/neha/ros2_ws/src/semnav_migration/src/navigation_semantic.cpp:365:85: error: ‘ros’ has not been declared
[23.429s]   365 |                                 ROS_WARN_STREAM("[Navigation] Updated trees in " << ros::Time::now().toSec()-start_time << " seconds.");
[23.429s]       |                                                                                     ^~~
[23.526s] /home/neha/ros2_ws/src/semnav_migration/src/navigation_semantic.cpp:365:33: error: ‘ROS_WARN_STREAM’ was not declared in this scope; did you mean ‘RCLCPP_WARN_STREAM’?
[23.526s]   365 |                                 ROS_WARN_STREAM("[Navigation] Updated trees in " << ros::Time::now().toSec()-start_time << " seconds.");
[23.526s]       |                                 ^~~~~~~~~~~~~~~
[23.526s]       |                                 RCLCPP_WARN_STREAM
[23.529s] /home/neha/ros2_ws/src/semnav_migration/src/navigation_semantic.cpp:368:57: error: ‘ros’ has not been declared
[23.530s]   368 |                                 DiffeoTreeUpdateTime_ = ros::Time::now().toSec();
[23.530s]       |                                                         ^~~
[23.530s] /home/neha/ros2_ws/src/semnav_migration/src/navigation_semantic.cpp: In member function ‘void SemanticNavigationNode::control_callback(const sensor_msgs::msg::LaserScan_<std::allocator<void> >::ConstPtr&, const nav_msgs::msg::Odometry_<std::allocator<void> >::ConstPtr&)’:
[23.530s] /home/neha/ros2_ws/src/semnav_migration/src/navigation_semantic.cpp:396:46: error: ‘ros’ has not been declared
[23.530s]   396 |                         double before_time = ros::Time::now().toSec();
[23.530s]       |                                              ^~~
[23.534s] /home/neha/ros2_ws/src/semnav_migration/src/navigation_semantic.cpp:399:40: error: ‘PoseStamped’ is not a member of ‘geometry_msgs’; did you mean ‘geometry_msgs::msg::PoseStamped’?
[23.534s]   399 |                         geometry_msgs::PoseStamped odomPose, mapPose;
[23.534s]       |                                        ^~~~~~~~~~~
[23.535s] In file included from /home/neha/ros2_ws/src/install/object_pose_interface_msgs/include/object_pose_interface_msgs/object_pose_interface_msgs/msg/detail/semantic_map_object__struct.hpp:28,
[23.535s]                  from /home/neha/ros2_ws/src/install/object_pose_interface_msgs/include/object_pose_interface_msgs/object_pose_interface_msgs/msg/detail/semantic_map_object_array__struct.hpp:25,
[23.535s]                  from /home/neha/ros2_ws/src/install/object_pose_interface_msgs/include/object_pose_interface_msgs/object_pose_interface_msgs/msg/semantic_map_object_array.hpp:7,
[23.535s]                  from /home/neha/ros2_ws/src/semnav_migration/src/navigation_semantic.cpp:26:
[23.535s] /opt/ros/jazzy/include/geometry_msgs/geometry_msgs/msg/detail/pose_stamped__struct.hpp:138:7: note: ‘geometry_msgs::msg::PoseStamped’ declared here
[23.536s]   138 | using PoseStamped =
[23.536s]       |       ^~~~~~~~~~~
[23.583s] /home/neha/ros2_ws/src/semnav_migration/src/navigation_semantic.cpp:400:25: error: ‘odomPose’ was not declared in this scope
[23.583s]   400 |                         odomPose.header.stamp = ros::Time(0);
[23.584s]       |                         ^~~~~~~~
[23.584s] /home/neha/ros2_ws/src/semnav_migration/src/navigation_semantic.cpp:400:49: error: ‘ros’ has not been declared
[23.584s]   400 |                         odomPose.header.stamp = ros::Time(0);
[23.584s]       |                                                 ^~~
[23.639s] /home/neha/ros2_ws/src/semnav_migration/src/navigation_semantic.cpp:404:33: error: ‘listener_’ was not declared in this scope
[23.639s]   404 |                                 listener_.waitForTransform(world_frame_id_, odom_frame_id_, ros::Time(0), ros::Duration(1.0));
[23.639s]       |                                 ^~~~~~~~~
[23.641s] /home/neha/ros2_ws/src/semnav_migration/src/navigation_semantic.cpp:404:93: error: ‘ros’ has not been declared
[23.642s]   404 |                                 listener_.waitForTransform(world_frame_id_, odom_frame_id_, ros::Time(0), ros::Duration(1.0));
[23.642s]       |                                                                                             ^~~
[23.642s] /home/neha/ros2_ws/src/semnav_migration/src/navigation_semantic.cpp:404:107: error: ‘ros’ has not been declared
[23.642s]   404 |                                 listener_.waitForTransform(world_frame_id_, odom_frame_id_, ros::Time(0), ros::Duration(1.0));
[23.642s]       |                                                                                                           ^~~
[23.681s] /home/neha/ros2_ws/src/semnav_migration/src/navigation_semantic.cpp:405:84: error: ‘mapPose’ was not declared in this scope
[23.682s]   405 |                                 listener_.transformPose(world_frame_id_, odomPose, mapPose);
[23.682s]       |                                                                                    ^~~~~~~
[23.689s] /home/neha/ros2_ws/src/semnav_migration/src/navigation_semantic.cpp:406:34: error: ‘tf’ does not name a type; did you mean ‘tm’?
[23.690s]   406 |                         } catch (tf::TransformException &ex) {
[23.690s]       |                                  ^~
[23.690s]       |                                  tm
[23.690s] /home/neha/ros2_ws/src/semnav_migration/src/navigation_semantic.cpp:406:57: error: expected unqualified-id before ‘&’ token
[23.690s]   406 |                         } catch (tf::TransformException &ex) {
[23.690s]       |                                                         ^
[23.690s] /home/neha/ros2_ws/src/semnav_migration/src/navigation_semantic.cpp:406:57: error: expected ‘)’ before ‘&’ token
[23.691s] /home/neha/ros2_ws/src/semnav_migration/src/navigation_semantic.cpp:406:33: note: to match this ‘(’
[23.691s]   406 |                         } catch (tf::TransformException &ex) {
[23.691s]       |                                 ^
[23.691s] /home/neha/ros2_ws/src/semnav_migration/src/navigation_semantic.cpp:406:57: error: expected ‘{’ before ‘&’ token
[23.693s]   406 |                         } catch (tf::TransformException &ex) {
[23.693s]       |                                                         ^
[23.726s] /home/neha/ros2_ws/src/semnav_migration/src/navigation_semantic.cpp:406:58: error: ‘ex’ was not declared in this scope; did you mean ‘exp’?
[23.727s]   406 |                         } catch (tf::TransformException &ex) {
[23.727s]       |                                                          ^~
[23.727s]       |                                                          exp
[23.728s] /home/neha/ros2_ws/src/semnav_migration/src/navigation_semantic.cpp:412:25: error: ‘tf’ has not been declared
[23.728s]   412 |                         tf::Quaternion rotation = tf::Quaternion(mapPose.pose.orientation.x,
[23.729s]       |                         ^~
[23.729s] /home/neha/ros2_ws/src/semnav_migration/src/navigation_semantic.cpp:416:25: error: ‘tf’ has not been declared
[23.729s]   416 |                         tf::Matrix3x3 m(rotation);
[23.729s]       |                         ^~
[23.765s] /home/neha/ros2_ws/src/semnav_migration/src/navigation_semantic.cpp:418:25: error: ‘m’ was not declared in this scope; did you mean ‘tm’?
[23.765s]   418 |                         m.getRPY(roll, pitch, yaw);
[23.766s]       |                         ^
[23.766s]       |                         tm
[23.804s] /home/neha/ros2_ws/src/semnav_migration/src/navigation_semantic.cpp:419:51: error: ‘mapPose’ was not declared in this scope
[23.805s]   419 |                         double x_robot_position = mapPose.pose.position.x;
[23.805s]       |                                                   ^~~~~~~
[23.813s] /home/neha/ros2_ws/src/semnav_migration/src/navigation_semantic.cpp:432:42: error: could not convert ‘lidar_data’ from ‘shared_ptr<LaserScan_<[...]>>’ to ‘shared_ptr<LaserScan_<[...]>>’
[23.813s]   432 |                         constructLIDAR2D(lidar_data, CutoffRange_, AllowableRange_, RobotPitch_, &LIDAR);
[23.814s]       |                                          ^~~~~~~~~~
[23.814s]       |                                          |
[23.814s]       |                                          shared_ptr<LaserScan_<[...]>>
[23.832s] /home/neha/ros2_ws/src/semnav_migration/src/navigation_semantic.cpp:562:96: error: invalid operands of types ‘const char [53]’ and ‘double’ to binary ‘operator<<’
[23.833s]   562 |                         ROS_WARN_STREAM("[Navigation] Diffeomorphism jacobian determinant is " << MatrixDeterminant(RobotPositionTransformedD) << ", robot position is " << bg::dsv(RobotPosition_) << " and robot positon in model space is " << bg::dsv(RobotPositionTransformedPoint));
[23.833s]       |                                         ~~~~~~~~~~~~~~~~~~~~~~~~~~~~~~~~~~~~~~~~~~~~~~~~~~~~~~ ^~ ~~~~~~~~~~~~~~~~~~~~~~~~~~~~~~~~~~~~~~~~~~~~
[23.833s]       |                                         |                                                                          |
[23.833s]       |                                         const char [53]                                                            double
[23.944s] /home/neha/ros2_ws/src/semnav_migration/src/navigation_semantic.cpp:562:25: error: ‘ROS_WARN_STREAM’ was not declared in this scope; did you mean ‘RCLCPP_WARN_STREAM’?
[23.945s]   562 |                         ROS_WARN_STREAM("[Navigation] Diffeomorphism jacobian determinant is " << MatrixDeterminant(RobotPositionTransformedD) << ", robot position is " << bg::dsv(RobotPosition_) << " and robot positon in model space is " << bg::dsv(RobotPositionTransformedPoint));
[23.945s]       |                         ^~~~~~~~~~~~~~~
[23.945s]       |                         RCLCPP_WARN_STREAM
[23.947s] /home/neha/ros2_ws/src/semnav_migration/src/navigation_semantic.cpp:591:41: error: ‘ros’ has not been declared
[23.947s]   591 |                                         ros::Duration(5.0).sleep();
[23.947s]       |                                         ^~~
[23.957s] /home/neha/ros2_ws/src/semnav_migration/src/navigation_semantic.cpp:616:75: error: invalid operands of types ‘const char [32]’ and ‘double’ to binary ‘operator<<’
[23.957s]   616 |                         ROS_WARN_STREAM("[Navigation] Linear command is " << LinearCmd << " and angular command is " << AngularCmd);
[23.958s]       |                                         ~~~~~~~~~~~~~~~~~~~~~~~~~~~~~~~~~ ^~ ~~~~~~~~~
[23.958s]       |                                         |                                    |
[23.958s]       |                                         const char [32]                      double
[23.958s] /home/neha/ros2_ws/src/semnav_migration/src/navigation_semantic.cpp:617:76: error: invalid operands of types ‘const char [33]’ and ‘int’ to binary ‘operator<<’
[23.958s]   617 |                         ROS_WARN_STREAM("[Navigation] Command update for " << int(localDiffeoTreeArray.size()) << " polygons in " << ros::Time::now().toSec()-before_time << " seconds.");
[23.958s]       |                                         ~~~~~~~~~~~~~~~~~~~~~~~~~~~~~~~~~~ ^~ ~~~~~~~~~~~~~~~~~~~~~~~~~~~~~~~~
[23.958s]       |                                         |                                     |
[23.959s]       |                                         const char [33]                       int
[23.959s] /home/neha/ros2_ws/src/semnav_migration/src/navigation_semantic.cpp:617:134: error: ‘ros’ has not been declared
[23.959s]   617 |                         ROS_WARN_STREAM("[Navigation] Command update for " << int(localDiffeoTreeArray.size()) << " polygons in " << ros::Time::now().toSec()-before_time << " seconds.");
[23.959s]       |                                                                                                                                      ^~~
[23.963s] /home/neha/ros2_ws/src/semnav_migration/src/navigation_semantic.cpp: In function ‘int main(int, char**)’:
[23.964s] /home/neha/ros2_ws/src/semnav_migration/src/navigation_semantic.cpp:698:9: error: ‘ros’ has not been declared
[23.964s]   698 |         ros::init(argc, argv, "navigation_semantic");
[23.964s]       |         ^~~
[23.964s] /home/neha/ros2_ws/src/semnav_migration/src/navigation_semantic.cpp:701:9: error: ‘ros’ has not been declared
[23.964s]   701 |         ros::NodeHandle nh("~");
[23.964s]       |         ^~~
[23.984s] /home/neha/ros2_ws/src/semnav_migration/src/navigation_semantic.cpp:704:56: error: ‘nh’ was not declared in this scope
[23.984s]   704 |         SemanticNavigationNode semanticNavigationNode(&nh);
[23.985s]       |                                                        ^~
[33.835s] gmake[2]: *** [CMakeFiles/navigation_semantic.dir/build.make:76: CMakeFiles/navigation_semantic.dir/src/navigation_semantic.cpp.o] Error 1
[33.836s] gmake[1]: *** [CMakeFiles/Makefile2:207: CMakeFiles/navigation_semantic.dir/all] Error 2
[33.836s] gmake[1]: *** Waiting for unfinished jobs....
[37.777s] gmake[2]: *** [CMakeFiles/navigation.dir/build.make:76: CMakeFiles/navigation.dir/src/navigation.cpp.o] Error 1
[37.777s] gmake[1]: *** [CMakeFiles/Makefile2:181: CMakeFiles/navigation.dir/all] Error 2
[37.777s] gmake: *** [Makefile:146: all] Error 2
[37.780s] Invoked command in '/home/neha/ros2_ws/src/semnav_migration/build/semnav' returned '2': CMAKE_PREFIX_PATH=${CMAKE_PREFIX_PATH}:/opt/ros/jazzy DEBUGINFOD_URLS=https://debuginfod.ubuntu.com /usr/bin/cmake --build /home/neha/ros2_ws/src/semnav_migration/build/semnav -- -j2 -l2
