[0.051s] Invoking command in '/home/neha/ros2_ws/src/semnav_migration/build/semnav': CMAKE_PREFIX_PATH=${CMAKE_PREFIX_PATH}:/opt/ros/jazzy DEBUGINFOD_URLS=https://debuginfod.ubuntu.com /usr/bin/cmake --build /home/neha/ros2_ws/src/semnav_migration/build/semnav -- -j2 -l2
[0.371s] [ 14%] Built target reactive_planner
[0.649s] [ 23%] Building CXX object CMakeFiles/navigation.dir/src/navigation.cpp.o
[0.650s] [ 23%] Building CXX object CMakeFiles/navigation_semantic.dir/src/navigation_semantic.cpp.o
[41.876s] /home/neha/ros2_ws/src/semnav_migration/src/navigation_semantic.cpp:624:17: error: ‘ros’ does not name a type
[41.877s]   624 |                 ros::NodeHandle nh_;
[41.877s]       |                 ^~~
[41.886s] /home/neha/ros2_ws/src/semnav_migration/src/navigation.cpp:664:22: error: ‘TransformListener’ in namespace ‘tf2’ does not name a type
[41.886s]   664 |                 tf2::TransformListener listener_;
[41.887s]       |                      ^~~~~~~~~~~~~~~~~
[41.890s] /home/neha/ros2_ws/src/semnav_migration/src/navigation.cpp: In constructor ‘NavigationNode::NavigationNode()’:
[41.890s] /home/neha/ros2_ws/src/semnav_migration/src/navigation.cpp:47:63: error: no matching function for call to ‘rclcpp::Node::Node()’
[41.891s]    47 |         NavigationNode() : Node(std::string("navigation_node")) {
[41.892s]       |                                                               ^
[41.892s] In file included from /opt/ros/jazzy/include/rclcpp/rclcpp/executors/single_threaded_executor.hpp:28,
[41.893s]                  from /opt/ros/jazzy/include/rclcpp/rclcpp/executors.hpp:22,
[41.893s]                  from /opt/ros/jazzy/include/rclcpp/rclcpp/rclcpp.hpp:172,
[41.896s]                  from /home/neha/ros2_ws/src/semnav_migration/include/reactive_planner_lib.h:32,
[41.896s]                  from /home/neha/ros2_ws/src/semnav_migration/src/navigation.cpp:25:
[41.896s] /opt/ros/jazzy/include/rclcpp/rclcpp/node.hpp:1629:3: note: candidate: ‘rclcpp::Node::Node(const rclcpp::Node&, const std::string&)’
[41.897s]  1629 |   Node(
[41.897s]       |   ^~~~
[41.897s] /opt/ros/jazzy/include/rclcpp/rclcpp/node.hpp:1629:3: note:   candidate expects 2 arguments, 0 provided
[41.900s] /opt/ros/jazzy/include/rclcpp/rclcpp/node.hpp:103:12: note: candidate: ‘rclcpp::Node::Node(const std::string&, const std::string&, const rclcpp::NodeOptions&)’
[41.900s]   103 |   explicit Node(
[41.901s]       |            ^~~~
[41.901s] /opt/ros/jazzy/include/rclcpp/rclcpp/node.hpp:103:12: note:   candidate expects 3 arguments, 0 provided
[41.901s] /opt/ros/jazzy/include/rclcpp/rclcpp/node.hpp:91:12: note: candidate: ‘rclcpp::Node::Node(const std::string&, const rclcpp::NodeOptions&)’
[41.904s]    91 |   explicit Node(
[41.904s]       |            ^~~~
[41.905s] /opt/ros/jazzy/include/rclcpp/rclcpp/node.hpp:91:12: note:   candidate expects 2 arguments, 0 provided
[41.905s] /home/neha/ros2_ws/src/semnav_migration/src/navigation_semantic.cpp:641:17: error: ‘ros’ does not name a type
[41.905s]   641 |                 ros::Publisher pub_behaviorID_;
[41.908s]       |                 ^~~
[41.909s] /home/neha/ros2_ws/src/semnav_migration/src/navigation_semantic.cpp:642:17: error: ‘ros’ does not name a type
[41.909s]   642 |                 ros::Publisher pub_behaviorMode_;
[41.909s]       |                 ^~~
[41.918s] /home/neha/ros2_ws/src/semnav_migration/src/navigation_semantic.cpp:643:17: error: ‘ros’ does not name a type
[41.918s]   643 |                 ros::Publisher pub_twist_;
[41.919s]       |                 ^~~
[41.928s] /home/neha/ros2_ws/src/semnav_migration/src/navigation_semantic.cpp:645:17: error: ‘ros’ does not name a type
[41.928s]   645 |                 ros::Publisher pub_semantic_map_;
[41.928s]       |                 ^~~
[41.961s] /home/neha/ros2_ws/src/semnav_migration/src/navigation_semantic.cpp:691:17: error: ‘tf’ does not name a type; did you mean ‘tm’?
[41.961s]   691 |                 tf::TransformListener listener_;
[41.963s]       |                 ^~
[41.964s]       |                 tm
[42.136s] /home/neha/ros2_ws/src/semnav_migration/src/navigation.cpp:139:13: error: ‘pub_behaviorID_’ was not declared in this scope; did you mean ‘pub_behaviorID_topic_’?
[42.136s]   139 |             pub_behaviorID_ = this->create_publisher<std_msgs::msg::UInt32>("pub_behaviorID_topic_", 1);
[42.136s]       |             ^~~~~~~~~~~~~~~
[42.137s]       |             pub_behaviorID_topic_
[42.143s] /home/neha/ros2_ws/src/semnav_migration/src/navigation.cpp:139:69: error: ‘UInt32’ is not a member of ‘std_msgs::msg’
[42.144s]   139 |             pub_behaviorID_ = this->create_publisher<std_msgs::msg::UInt32>("pub_behaviorID_topic_", 1);
[42.144s]       |                                                                     ^~~~~~
[42.144s] /home/neha/ros2_ws/src/semnav_migration/src/navigation.cpp:139:76: error: no matching function for call to ‘NavigationNode::create_publisher<<expression error> >(const char [22], int)’
[42.147s]   139 |             pub_behaviorID_ = this->create_publisher<std_msgs::msg::UInt32>("pub_behaviorID_topic_", 1);
[42.147s]       |                               ~~~~~~~~~~~~~~~~~~~~~~~~~~~~~~~~~~~~~~~~~~~~~^~~~~~~~~~~~~~~~~~~~~~~~~~~~
[42.147s] /opt/ros/jazzy/include/rclcpp/rclcpp/node.hpp:197:3: note: candidate: ‘template<class MessageT, class AllocatorT, class PublisherT> std::shared_ptr<PublisherT> rclcpp::Node::create_publisher(const std::string&, const rclcpp::QoS&, const rclcpp::PublisherOptionsWithAllocator<AllocatorT>&)’
[42.148s]   197 |   create_publisher(
[42.148s]       |   ^~~~~~~~~~~~~~~~
[42.148s] /opt/ros/jazzy/include/rclcpp/rclcpp/node.hpp:197:3: note:   template argument deduction/substitution failed:
[42.148s] /home/neha/ros2_ws/src/semnav_migration/src/navigation.cpp:139:76: error: template argument 1 is invalid
[42.151s]   139 |             pub_behaviorID_ = this->create_publisher<std_msgs::msg::UInt32>("pub_behaviorID_topic_", 1);
[42.151s]       |                               ~~~~~~~~~~~~~~~~~~~~~~~~~~~~~~~~~~~~~~~~~~~~~^~~~~~~~~~~~~~~~~~~~~~~~~~~~
[42.180s] /home/neha/ros2_ws/src/semnav_migration/src/navigation_semantic.cpp: In constructor ‘SemanticNavigationNode::SemanticNavigationNode()’:
[42.180s] /home/neha/ros2_ws/src/semnav_migration/src/navigation_semantic.cpp:137:13: error: ‘pub_behaviorID_’ was not declared in this scope; did you mean ‘pub_behaviorID_topic_’?
[42.181s]   137 |             pub_behaviorID_ = this->create_publisher<std_msgs::msg::UInt32>("pub_behaviorID_topic_", 1);
[42.181s]       |             ^~~~~~~~~~~~~~~
[42.181s]       |             pub_behaviorID_topic_
[42.186s] /home/neha/ros2_ws/src/semnav_migration/src/navigation_semantic.cpp:137:69: error: ‘UInt32’ is not a member of ‘std_msgs::msg’
[42.187s]   137 |             pub_behaviorID_ = this->create_publisher<std_msgs::msg::UInt32>("pub_behaviorID_topic_", 1);
[42.187s]       |                                                                     ^~~~~~
[42.187s] /home/neha/ros2_ws/src/semnav_migration/src/navigation_semantic.cpp:137:76: error: no matching function for call to ‘SemanticNavigationNode::create_publisher<<expression error> >(const char [22], int)’
[42.189s]   137 |             pub_behaviorID_ = this->create_publisher<std_msgs::msg::UInt32>("pub_behaviorID_topic_", 1);
[42.190s]       |                               ~~~~~~~~~~~~~~~~~~~~~~~~~~~~~~~~~~~~~~~~~~~~~^~~~~~~~~~~~~~~~~~~~~~~~~~~~
[42.190s] In file included from /opt/ros/jazzy/include/rclcpp/rclcpp/executors/single_threaded_executor.hpp:28,
[42.190s]                  from /opt/ros/jazzy/include/rclcpp/rclcpp/executors.hpp:22,
[42.191s]                  from /opt/ros/jazzy/include/rclcpp/rclcpp/rclcpp.hpp:172,
[42.191s]                  from /home/neha/ros2_ws/src/semnav_migration/include/reactive_planner_lib.h:32,
[42.191s]                  from /home/neha/ros2_ws/src/semnav_migration/src/navigation_semantic.cpp:25:
[42.194s] /opt/ros/jazzy/include/rclcpp/rclcpp/node.hpp:197:3: note: candidate: ‘template<class MessageT, class AllocatorT, class PublisherT> std::shared_ptr<PublisherT> rclcpp::Node::create_publisher(const std::string&, const rclcpp::QoS&, const rclcpp::PublisherOptionsWithAllocator<AllocatorT>&)’
[42.194s]   197 |   create_publisher(
[42.194s]       |   ^~~~~~~~~~~~~~~~
[42.194s] /opt/ros/jazzy/include/rclcpp/rclcpp/node.hpp:197:3: note:   template argument deduction/substitution failed:
[42.195s] /home/neha/ros2_ws/src/semnav_migration/src/navigation_semantic.cpp:137:76: error: template argument 1 is invalid
[42.195s]   137 |             pub_behaviorID_ = this->create_publisher<std_msgs::msg::UInt32>("pub_behaviorID_topic_", 1);
[42.195s]       |                               ~~~~~~~~~~~~~~~~~~~~~~~~~~~~~~~~~~~~~~~~~~~~~^~~~~~~~~~~~~~~~~~~~~~~~~~~~
[42.330s] /home/neha/ros2_ws/src/semnav_migration/src/navigation.cpp:140:13: error: ‘pub_behaviorMode_’ was not declared in this scope; did you mean ‘pub_behaviorMode_topic_’?
[42.330s]   140 |             pub_behaviorMode_ = this->create_publisher<std_msgs::msg::UInt32>("pub_behaviorMode_topic_", 1);
[42.330s]       |             ^~~~~~~~~~~~~~~~~
[42.331s]       |             pub_behaviorMode_topic_
[42.339s] /home/neha/ros2_ws/src/semnav_migration/src/navigation.cpp:140:71: error: ‘UInt32’ is not a member of ‘std_msgs::msg’
[42.340s]   140 |             pub_behaviorMode_ = this->create_publisher<std_msgs::msg::UInt32>("pub_behaviorMode_topic_", 1);
[42.340s]       |                                                                       ^~~~~~
[42.340s] /home/neha/ros2_ws/src/semnav_migration/src/navigation.cpp:140:78: error: no matching function for call to ‘NavigationNode::create_publisher<<expression error> >(const char [24], int)’
[42.343s]   140 |             pub_behaviorMode_ = this->create_publisher<std_msgs::msg::UInt32>("pub_behaviorMode_topic_", 1);
[42.343s]       |                                 ~~~~~~~~~~~~~~~~~~~~~~~~~~~~~~~~~~~~~~~~~~~~~^~~~~~~~~~~~~~~~~~~~~~~~~~~~~~
[42.343s] /opt/ros/jazzy/include/rclcpp/rclcpp/node.hpp:197:3: note: candidate: ‘template<class MessageT, class AllocatorT, class PublisherT> std::shared_ptr<PublisherT> rclcpp::Node::create_publisher(const std::string&, const rclcpp::QoS&, const rclcpp::PublisherOptionsWithAllocator<AllocatorT>&)’
[42.343s]   197 |   create_publisher(
[42.344s]       |   ^~~~~~~~~~~~~~~~
[42.344s] /opt/ros/jazzy/include/rclcpp/rclcpp/node.hpp:197:3: note:   template argument deduction/substitution failed:
[42.344s] /home/neha/ros2_ws/src/semnav_migration/src/navigation.cpp:140:78: error: template argument 1 is invalid
[42.347s]   140 |             pub_behaviorMode_ = this->create_publisher<std_msgs::msg::UInt32>("pub_behaviorMode_topic_", 1);
[42.347s]       |                                 ~~~~~~~~~~~~~~~~~~~~~~~~~~~~~~~~~~~~~~~~~~~~~^~~~~~~~~~~~~~~~~~~~~~~~~~~~~~
[42.358s] /home/neha/ros2_ws/src/semnav_migration/src/navigation_semantic.cpp:138:13: error: ‘pub_behaviorMode_’ was not declared in this scope; did you mean ‘pub_behaviorMode_topic_’?
[42.358s]   138 |             pub_behaviorMode_ = this->create_publisher<std_msgs::msg::UInt32>("pub_behaviorMode_topic_", 1);
[42.359s]       |             ^~~~~~~~~~~~~~~~~
[42.359s]       |             pub_behaviorMode_topic_
[42.367s] /home/neha/ros2_ws/src/semnav_migration/src/navigation_semantic.cpp:138:71: error: ‘UInt32’ is not a member of ‘std_msgs::msg’
[42.367s]   138 |             pub_behaviorMode_ = this->create_publisher<std_msgs::msg::UInt32>("pub_behaviorMode_topic_", 1);
[42.368s]       |                                                                       ^~~~~~
[42.368s] /home/neha/ros2_ws/src/semnav_migration/src/navigation_semantic.cpp:138:78: error: no matching function for call to ‘SemanticNavigationNode::create_publisher<<expression error> >(const char [24], int)’
[42.368s]   138 |             pub_behaviorMode_ = this->create_publisher<std_msgs::msg::UInt32>("pub_behaviorMode_topic_", 1);
[42.368s]       |                                 ~~~~~~~~~~~~~~~~~~~~~~~~~~~~~~~~~~~~~~~~~~~~~^~~~~~~~~~~~~~~~~~~~~~~~~~~~~~
[42.371s] /opt/ros/jazzy/include/rclcpp/rclcpp/node.hpp:197:3: note: candidate: ‘template<class MessageT, class AllocatorT, class PublisherT> std::shared_ptr<PublisherT> rclcpp::Node::create_publisher(const std::string&, const rclcpp::QoS&, const rclcpp::PublisherOptionsWithAllocator<AllocatorT>&)’
[42.371s]   197 |   create_publisher(
[42.371s]       |   ^~~~~~~~~~~~~~~~
[42.372s] /opt/ros/jazzy/include/rclcpp/rclcpp/node.hpp:197:3: note:   template argument deduction/substitution failed:
[42.372s] /home/neha/ros2_ws/src/semnav_migration/src/navigation_semantic.cpp:138:78: error: template argument 1 is invalid
[42.372s]   138 |             pub_behaviorMode_ = this->create_publisher<std_msgs::msg::UInt32>("pub_behaviorMode_topic_", 1);
[42.375s]       |                                 ~~~~~~~~~~~~~~~~~~~~~~~~~~~~~~~~~~~~~~~~~~~~~^~~~~~~~~~~~~~~~~~~~~~~~~~~~~~
[42.449s] /home/neha/ros2_ws/src/semnav_migration/src/navigation.cpp:141:13: error: ‘pub_twist_’ was not declared in this scope; did you mean ‘publish_twist’?
[42.450s]   141 |             pub_twist_ = this->create_publisher<std_msgs::msg::UInt32>("pub_twist_topic_", 1);
[42.450s]       |             ^~~~~~~~~~
[42.450s]       |             publish_twist
[42.456s] /home/neha/ros2_ws/src/semnav_migration/src/navigation.cpp:141:64: error: ‘UInt32’ is not a member of ‘std_msgs::msg’
[42.456s]   141 |             pub_twist_ = this->create_publisher<std_msgs::msg::UInt32>("pub_twist_topic_", 1);
[42.457s]       |                                                                ^~~~~~
[42.460s] /home/neha/ros2_ws/src/semnav_migration/src/navigation.cpp:141:71: error: no matching function for call to ‘NavigationNode::create_publisher<<expression error> >(const char [17], int)’
[42.460s]   141 |             pub_twist_ = this->create_publisher<std_msgs::msg::UInt32>("pub_twist_topic_", 1);
[42.460s]       |                          ~~~~~~~~~~~~~~~~~~~~~~~~~~~~~~~~~~~~~~~~~~~~~^~~~~~~~~~~~~~~~~~~~~~~
[42.461s] /opt/ros/jazzy/include/rclcpp/rclcpp/node.hpp:197:3: note: candidate: ‘template<class MessageT, class AllocatorT, class PublisherT> std::shared_ptr<PublisherT> rclcpp::Node::create_publisher(const std::string&, const rclcpp::QoS&, const rclcpp::PublisherOptionsWithAllocator<AllocatorT>&)’
[42.461s]   197 |   create_publisher(
[42.461s]       |   ^~~~~~~~~~~~~~~~
[42.461s] /opt/ros/jazzy/include/rclcpp/rclcpp/node.hpp:197:3: note:   template argument deduction/substitution failed:
[42.464s] /home/neha/ros2_ws/src/semnav_migration/src/navigation.cpp:141:71: error: template argument 1 is invalid
[42.464s]   141 |             pub_twist_ = this->create_publisher<std_msgs::msg::UInt32>("pub_twist_topic_", 1);
[42.465s]       |                          ~~~~~~~~~~~~~~~~~~~~~~~~~~~~~~~~~~~~~~~~~~~~~^~~~~~~~~~~~~~~~~~~~~~~
[42.465s] /home/neha/ros2_ws/src/semnav_migration/src/navigation_semantic.cpp:139:13: error: ‘pub_twist_’ was not declared in this scope; did you mean ‘publish_twist’?
[42.465s]   139 |             pub_twist_ = this->create_publisher<std_msgs::msg::UInt32>("pub_twist_topic_", 1);
[42.465s]       |             ^~~~~~~~~~
[42.469s]       |             publish_twist
[42.469s] /home/neha/ros2_ws/src/semnav_migration/src/navigation_semantic.cpp:139:64: error: ‘UInt32’ is not a member of ‘std_msgs::msg’
[42.469s]   139 |             pub_twist_ = this->create_publisher<std_msgs::msg::UInt32>("pub_twist_topic_", 1);
[42.469s]       |                                                                ^~~~~~
[42.470s] /home/neha/ros2_ws/src/semnav_migration/src/navigation_semantic.cpp:139:71: error: no matching function for call to ‘SemanticNavigationNode::create_publisher<<expression error> >(const char [17], int)’
[42.470s]   139 |             pub_twist_ = this->create_publisher<std_msgs::msg::UInt32>("pub_twist_topic_", 1);
[42.470s]       |                          ~~~~~~~~~~~~~~~~~~~~~~~~~~~~~~~~~~~~~~~~~~~~~^~~~~~~~~~~~~~~~~~~~~~~
[42.475s] /opt/ros/jazzy/include/rclcpp/rclcpp/node.hpp:197:3: note: candidate: ‘template<class MessageT, class AllocatorT, class PublisherT> std::shared_ptr<PublisherT> rclcpp::Node::create_publisher(const std::string&, const rclcpp::QoS&, const rclcpp::PublisherOptionsWithAllocator<AllocatorT>&)’
[42.475s]   197 |   create_publisher(
[42.476s]       |   ^~~~~~~~~~~~~~~~
[42.476s] /opt/ros/jazzy/include/rclcpp/rclcpp/node.hpp:197:3: note:   template argument deduction/substitution failed:
[42.476s] /home/neha/ros2_ws/src/semnav_migration/src/navigation_semantic.cpp:139:71: error: template argument 1 is invalid
[42.476s]   139 |             pub_twist_ = this->create_publisher<std_msgs::msg::UInt32>("pub_twist_topic_", 1);
[42.479s]       |                          ~~~~~~~~~~~~~~~~~~~~~~~~~~~~~~~~~~~~~~~~~~~~~^~~~~~~~~~~~~~~~~~~~~~~
[42.479s] /home/neha/ros2_ws/src/semnav_migration/src/navigation_semantic.cpp:142:42: error: ‘message_filters::msg’ has not been declared
[42.480s]   142 |                         message_filters::msg::Subscriber<sensor_msgs::LaserScan> sub_laser(nh_, sub_laser_topic_, 1);
[42.480s]       |                                          ^~~
[42.483s] /home/neha/ros2_ws/src/semnav_migration/src/navigation_semantic.cpp:142:71: error: ‘LaserScan’ is not a member of ‘sensor_msgs’; did you mean ‘sensor_msgs::msg::LaserScan’?
[42.483s]   142 |                         message_filters::msg::Subscriber<sensor_msgs::LaserScan> sub_laser(nh_, sub_laser_topic_, 1);
[42.484s]       |                                                                       ^~~~~~~~~
[42.484s] In file included from /opt/ros/jazzy/include/sensor_msgs/sensor_msgs/msg/laser_scan.hpp:7,
[42.484s]                  from /home/neha/ros2_ws/src/semnav_migration/include/reactive_planner_lib.h:46:
[42.487s] /opt/ros/jazzy/include/sensor_msgs/sensor_msgs/msg/detail/laser_scan__struct.hpp:250:7: note: ‘sensor_msgs::msg::LaserScan’ declared here
[42.487s]   250 | using LaserScan =
[42.487s]       |       ^~~~~~~~~
[42.540s] /home/neha/ros2_ws/src/semnav_migration/src/navigation_semantic.cpp:142:92: error: ‘nh_’ was not declared in this scope
[42.541s]   142 |                         message_filters::msg::Subscriber<sensor_msgs::LaserScan> sub_laser(nh_, sub_laser_topic_, 1);
[42.541s]       |                                                                                            ^~~
[42.613s] /home/neha/ros2_ws/src/semnav_migration/src/navigation.cpp:144:116: error: no matching function for call to ‘message_filters::Subscriber<sensor_msgs::msg::LaserScan_<std::allocator<void> > >::Subscriber(rclcpp::Node&, std::string&, int)’
[42.613s]   144 |                         message_filters::Subscriber<sensor_msgs::msg::LaserScan> sub_laser(nh_, sub_laser_topic_, 1);
[42.614s]       |                                                                                                                    ^
[42.615s] In file included from /home/neha/ros2_ws/src/semnav_migration/include/reactive_planner_lib.h:43:
[42.615s] /opt/ros/jazzy/include/message_filters/message_filters/subscriber.h:224:3: note: candidate: ‘message_filters::Subscriber<M, NodeType>::Subscriber() [with M = sensor_msgs::msg::LaserScan_<std::allocator<void> >; NodeType = rclcpp::Node]’
[42.615s]   224 |   Subscriber() = default;
[42.616s]       |   ^~~~~~~~~~
[42.617s] /opt/ros/jazzy/include/message_filters/message_filters/subscriber.h:224:3: note:   candidate expects 0 arguments, 3 provided
[42.617s] /opt/ros/jazzy/include/message_filters/message_filters/subscriber.h:212:3: note: candidate: ‘message_filters::Subscriber<M, NodeType>::Subscriber(NodeType*, const std::string&, rmw_qos_profile_t, rclcpp::SubscriptionOptions) [with M = sensor_msgs::msg::LaserScan_<std::allocator<void> >; NodeType = rclcpp::Node; std::string = std::__cxx11::basic_string<char>; rmw_qos_profile_t = rmw_qos_profile_s; rclcpp::SubscriptionOptions = rclcpp::SubscriptionOptionsWithAllocator<std::allocator<void> >]’
[42.617s]   212 |   Subscriber(
[42.618s]       |   ^~~~~~~~~~
[42.620s] /opt/ros/jazzy/include/message_filters/message_filters/subscriber.h:212:3: note:   candidate expects 4 arguments, 3 provided
[42.620s] /opt/ros/jazzy/include/message_filters/message_filters/subscriber.h:203:3: note: candidate: ‘message_filters::Subscriber<M, NodeType>::Subscriber(NodePtr, const std::string&, rmw_qos_profile_t, rclcpp::SubscriptionOptions) [with M = sensor_msgs::msg::LaserScan_<std::allocator<void> >; NodeType = rclcpp::Node; NodePtr = std::shared_ptr<rclcpp::Node>; std::string = std::__cxx11::basic_string<char>; rmw_qos_profile_t = rmw_qos_profile_s; rclcpp::SubscriptionOptions = rclcpp::SubscriptionOptionsWithAllocator<std::allocator<void> >]’
[42.620s]   203 |   Subscriber(
[42.623s]       |   ^~~~~~~~~~
[42.624s] /opt/ros/jazzy/include/message_filters/message_filters/subscriber.h:203:3: note:   candidate expects 4 arguments, 3 provided
[42.624s] /opt/ros/jazzy/include/message_filters/message_filters/subscriber.h:188:3: note: candidate: ‘message_filters::Subscriber<M, NodeType>::Subscriber(NodeType*, const std::string&, rmw_qos_profile_t) [with M = sensor_msgs::msg::LaserScan_<std::allocator<void> >; NodeType = rclcpp::Node; std::string = std::__cxx11::basic_string<char>; rmw_qos_profile_t = rmw_qos_profile_s]’
[42.624s]   188 |   Subscriber(NodeType * node, const std::string& topic, const rmw_qos_profile_t qos = rmw_qos_profile_default)
[42.625s]       |   ^~~~~~~~~~
[42.625s] /opt/ros/jazzy/include/message_filters/message_filters/subscriber.h:188:25: note:   no known conversion for argument 1 from ‘rclcpp::Node’ to ‘rclcpp::Node*’
[42.625s]   188 |   Subscriber(NodeType * node, const std::string& topic, const rmw_qos_profile_t qos = rmw_qos_profile_default)
[42.625s]       |              ~~~~~~~~~~~^~~~
[42.628s] /opt/ros/jazzy/include/message_filters/message_filters/subscriber.h:183:3: note: candidate: ‘message_filters::Subscriber<M, NodeType>::Subscriber(NodePtr, const std::string&, rmw_qos_profile_t) [with M = sensor_msgs::msg::LaserScan_<std::allocator<void> >; NodeType = rclcpp::Node; NodePtr = std::shared_ptr<rclcpp::Node>; std::string = std::__cxx11::basic_string<char>; rmw_qos_profile_t = rmw_qos_profile_s]’
[42.628s]   183 |   Subscriber(NodePtr node, const std::string& topic, const rmw_qos_profile_t qos = rmw_qos_profile_default)
[42.628s]       |   ^~~~~~~~~~
[42.629s] /opt/ros/jazzy/include/message_filters/message_filters/subscriber.h:183:22: note:   no known conversion for argument 1 from ‘rclcpp::Node’ to ‘message_filters::Subscriber<sensor_msgs::msg::LaserScan_<std::allocator<void> > >::NodePtr’ {aka ‘std::shared_ptr<rclcpp::Node>’}
[42.629s]   183 |   Subscriber(NodePtr node, const std::string& topic, const rmw_qos_profile_t qos = rmw_qos_profile_default)
[42.629s]       |              ~~~~~~~~^~~~
[42.644s] /home/neha/ros2_ws/src/semnav_migration/src/navigation_semantic.cpp:142:82: error: ‘sub_laser’ was not declared in this scope
[42.644s]   142 |                         message_filters::msg::Subscriber<sensor_msgs::LaserScan> sub_laser(nh_, sub_laser_topic_, 1);
[42.645s]       |                                                                                  ^~~~~~~~~
[42.757s] /home/neha/ros2_ws/src/semnav_migration/src/navigation.cpp:145:112: error: no matching function for call to ‘message_filters::Subscriber<nav_msgs::msg::Odometry_<std::allocator<void> > >::Subscriber(rclcpp::Node&, std::string&, int)’
[42.757s]   145 |                         message_filters::Subscriber<nav_msgs::msg::Odometry> sub_robot(nh_, sub_robot_topic_, 1);
[42.758s]       |                                                                                                                ^
[42.758s] /opt/ros/jazzy/include/message_filters/message_filters/subscriber.h:224:3: note: candidate: ‘message_filters::Subscriber<M, NodeType>::Subscriber() [with M = nav_msgs::msg::Odometry_<std::allocator<void> >; NodeType = rclcpp::Node]’
[42.759s]   224 |   Subscriber() = default;
[42.759s]       |   ^~~~~~~~~~
[42.760s] /opt/ros/jazzy/include/message_filters/message_filters/subscriber.h:224:3: note:   candidate expects 0 arguments, 3 provided
[42.761s] /opt/ros/jazzy/include/message_filters/message_filters/subscriber.h:212:3: note: candidate: ‘message_filters::Subscriber<M, NodeType>::Subscriber(NodeType*, const std::string&, rmw_qos_profile_t, rclcpp::SubscriptionOptions) [with M = nav_msgs::msg::Odometry_<std::allocator<void> >; NodeType = rclcpp::Node; std::string = std::__cxx11::basic_string<char>; rmw_qos_profile_t = rmw_qos_profile_s; rclcpp::SubscriptionOptions = rclcpp::SubscriptionOptionsWithAllocator<std::allocator<void> >]’
[42.761s]   212 |   Subscriber(
[42.761s]       |   ^~~~~~~~~~
[42.762s] /opt/ros/jazzy/include/message_filters/message_filters/subscriber.h:212:3: note:   candidate expects 4 arguments, 3 provided
[42.763s] /opt/ros/jazzy/include/message_filters/message_filters/subscriber.h:203:3: note: candidate: ‘message_filters::Subscriber<M, NodeType>::Subscriber(NodePtr, const std::string&, rmw_qos_profile_t, rclcpp::SubscriptionOptions) [with M = nav_msgs::msg::Odometry_<std::allocator<void> >; NodeType = rclcpp::Node; NodePtr = std::shared_ptr<rclcpp::Node>; std::string = std::__cxx11::basic_string<char>; rmw_qos_profile_t = rmw_qos_profile_s; rclcpp::SubscriptionOptions = rclcpp::SubscriptionOptionsWithAllocator<std::allocator<void> >]’
[42.763s]   203 |   Subscriber(
[42.763s]       |   ^~~~~~~~~~
[42.765s] /opt/ros/jazzy/include/message_filters/message_filters/subscriber.h:203:3: note:   candidate expects 4 arguments, 3 provided
[42.766s] /opt/ros/jazzy/include/message_filters/message_filters/subscriber.h:188:3: note: candidate: ‘message_filters::Subscriber<M, NodeType>::Subscriber(NodeType*, const std::string&, rmw_qos_profile_t) [with M = nav_msgs::msg::Odometry_<std::allocator<void> >; NodeType = rclcpp::Node; std::string = std::__cxx11::basic_string<char>; rmw_qos_profile_t = rmw_qos_profile_s]’
[42.766s]   188 |   Subscriber(NodeType * node, const std::string& topic, const rmw_qos_profile_t qos = rmw_qos_profile_default)
[42.766s]       |   ^~~~~~~~~~
[42.769s] /opt/ros/jazzy/include/message_filters/message_filters/subscriber.h:188:25: note:   no known conversion for argument 1 from ‘rclcpp::Node’ to ‘rclcpp::Node*’
[42.769s]   188 |   Subscriber(NodeType * node, const std::string& topic, const rmw_qos_profile_t qos = rmw_qos_profile_default)
[42.769s]       |              ~~~~~~~~~~~^~~~
[42.770s] /opt/ros/jazzy/include/message_filters/message_filters/subscriber.h:183:3: note: candidate: ‘message_filters::Subscriber<M, NodeType>::Subscriber(NodePtr, const std::string&, rmw_qos_profile_t) [with M = nav_msgs::msg::Odometry_<std::allocator<void> >; NodeType = rclcpp::Node; NodePtr = std::shared_ptr<rclcpp::Node>; std::string = std::__cxx11::basic_string<char>; rmw_qos_profile_t = rmw_qos_profile_s]’
[42.770s]   183 |   Subscriber(NodePtr node, const std::string& topic, const rmw_qos_profile_t qos = rmw_qos_profile_default)
[42.770s]       |   ^~~~~~~~~~
[42.773s] /opt/ros/jazzy/include/message_filters/message_filters/subscriber.h:183:22: note:   no known conversion for argument 1 from ‘rclcpp::Node’ to ‘message_filters::Subscriber<nav_msgs::msg::Odometry_<std::allocator<void> > >::NodePtr’ {aka ‘std::shared_ptr<rclcpp::Node>’}
[42.773s]   183 |   Subscriber(NodePtr node, const std::string& topic, const rmw_qos_profile_t qos = rmw_qos_profile_default)
[42.774s]       |              ~~~~~~~~^~~~
[42.785s] /home/neha/ros2_ws/src/semnav_migration/src/navigation_semantic.cpp:144:94: error: ‘LaserScan’ is not a member of ‘sensor_msgs’; did you mean ‘sensor_msgs::msg::LaserScan’?
[42.785s]   144 |                         typedef message_filters::sync_policies::ApproximateTime<sensor_msgs::LaserScan,nav_msgs::msg::Odometry> SyncPolicy;
[42.786s]       |                                                                                              ^~~~~~~~~
[42.786s] /opt/ros/jazzy/include/sensor_msgs/sensor_msgs/msg/detail/laser_scan__struct.hpp:250:7: note: ‘sensor_msgs::msg::LaserScan’ declared here
[42.786s]   250 | using LaserScan =
[42.789s]       |       ^~~~~~~~~
[42.789s] /home/neha/ros2_ws/src/semnav_migration/src/navigation_semantic.cpp:144:127: error: template argument 1 is invalid
[42.790s]   144 |                         typedef message_filters::sync_policies::ApproximateTime<sensor_msgs::LaserScan,nav_msgs::msg::Odometry> SyncPolicy;
[42.790s]       |                                                                                                                               ^
[42.794s] In file included from /home/neha/ros2_ws/src/semnav_migration/include/reactive_planner_lib.h:44:
[42.794s] /opt/ros/jazzy/include/message_filters/message_filters/synchronizer.h: In instantiation of ‘class message_filters::Synchronizer<int>’:
[42.795s] /home/neha/ros2_ws/src/semnav_migration/src/navigation_semantic.cpp:147:64:   required from here
[42.795s] /opt/ros/jazzy/include/message_filters/message_filters/synchronizer.h:53:7: error: base type ‘int’ fails to be a struct or class type
[42.795s]    53 | class Synchronizer : public noncopyable, public Policy
[42.796s]       |       ^~~~~~~~~~~~
[42.796s] /opt/ros/jazzy/include/message_filters/message_filters/synchronizer.h:56:37: error: ‘int’ is not a class, struct, or union type
[42.796s]    56 |   typedef typename Policy::Messages Messages;
[42.797s]       |                                     ^~~~~~~~
[42.797s] /opt/ros/jazzy/include/message_filters/message_filters/synchronizer.h:57:35: error: ‘int’ is not a class, struct, or union type
[42.797s]    57 |   typedef typename Policy::Events Events;
[42.803s]       |                                   ^~~~~~
[42.803s] /opt/ros/jazzy/include/message_filters/message_filters/synchronizer.h:58:35: error: ‘int’ is not a class, struct, or union type
[42.803s]    58 |   typedef typename Policy::Signal Signal;
[42.804s]       |                                   ^~~~~~
[42.804s] /opt/ros/jazzy/include/message_filters/message_filters/synchronizer.h:60:58: error: ‘int’ is not a class, struct, or union type
[42.804s]    60 |   typedef typename std::tuple_element<0, Messages>::type M0;
[42.804s]       |                                                          ^~
[42.805s] /opt/ros/jazzy/include/message_filters/message_filters/synchronizer.h:61:58: error: ‘int’ is not a class, struct, or union type
[42.805s]    61 |   typedef typename std::tuple_element<1, Messages>::type M1;
[42.805s]       |                                                          ^~
[42.805s] /opt/ros/jazzy/include/message_filters/message_filters/synchronizer.h:62:58: error: ‘int’ is not a class, struct, or union type
[42.806s]    62 |   typedef typename std::tuple_element<2, Messages>::type M2;
[42.810s]       |                                                          ^~
[42.810s] /opt/ros/jazzy/include/message_filters/message_filters/synchronizer.h:63:58: error: ‘int’ is not a class, struct, or union type
[42.810s]    63 |   typedef typename std::tuple_element<3, Messages>::type M3;
[42.811s]       |                                                          ^~
[42.811s] /opt/ros/jazzy/include/message_filters/message_filters/synchronizer.h:64:58: error: ‘int’ is not a class, struct, or union type
[42.811s]    64 |   typedef typename std::tuple_element<4, Messages>::type M4;
[42.814s]       |                                                          ^~
[42.814s] /opt/ros/jazzy/include/message_filters/message_filters/synchronizer.h:65:58: error: ‘int’ is not a class, struct, or union type
[42.814s]    65 |   typedef typename std::tuple_element<5, Messages>::type M5;
[42.815s]       |                                                          ^~
[42.815s] /opt/ros/jazzy/include/message_filters/message_filters/synchronizer.h:66:58: error: ‘int’ is not a class, struct, or union type
[42.815s]    66 |   typedef typename std::tuple_element<6, Messages>::type M6;
[42.818s]       |                                                          ^~
[42.819s] /opt/ros/jazzy/include/message_filters/message_filters/synchronizer.h:67:58: error: ‘int’ is not a class, struct, or union type
[42.819s]    67 |   typedef typename std::tuple_element<7, Messages>::type M7;
[42.819s]       |                                                          ^~
[42.820s] /opt/ros/jazzy/include/message_filters/message_filters/synchronizer.h:68:58: error: ‘int’ is not a class, struct, or union type
[42.820s]    68 |   typedef typename std::tuple_element<8, Messages>::type M8;
[42.820s]       |                                                          ^~
[42.823s] /opt/ros/jazzy/include/message_filters/message_filters/synchronizer.h:71:56: error: ‘int’ is not a class, struct, or union type
[42.823s]    71 |   typedef typename std::tuple_element<0, Events>::type M0Event;
[42.823s]       |                                                        ^~~~~~~
[42.824s] /opt/ros/jazzy/include/message_filters/message_filters/synchronizer.h:72:56: error: ‘int’ is not a class, struct, or union type
[42.824s]    72 |   typedef typename std::tuple_element<1, Events>::type M1Event;
[42.824s]       |                                                        ^~~~~~~
[42.825s] /opt/ros/jazzy/include/message_filters/message_filters/synchronizer.h:73:56: error: ‘int’ is not a class, struct, or union type
[42.826s]    73 |   typedef typename std::tuple_element<2, Events>::type M2Event;
[42.826s]       |                                                        ^~~~~~~
[42.826s] /opt/ros/jazzy/include/message_filters/message_filters/synchronizer.h:74:56: error: ‘int’ is not a class, struct, or union type
[42.827s]    74 |   typedef typename std::tuple_element<3, Events>::type M3Event;
[42.827s]       |                                                        ^~~~~~~
[42.827s] /opt/ros/jazzy/include/message_filters/message_filters/synchronizer.h:75:56: error: ‘int’ is not a class, struct, or union type
[42.831s]    75 |   typedef typename std::tuple_element<4, Events>::type M4Event;
[42.831s]       |                                                        ^~~~~~~
[42.831s] /opt/ros/jazzy/include/message_filters/message_filters/synchronizer.h:76:56: error: ‘int’ is not a class, struct, or union type
[42.832s]    76 |   typedef typename std::tuple_element<5, Events>::type M5Event;
[42.832s]       |                                                        ^~~~~~~
[42.832s] /opt/ros/jazzy/include/message_filters/message_filters/synchronizer.h:77:56: error: ‘int’ is not a class, struct, or union type
[42.835s]    77 |   typedef typename std::tuple_element<6, Events>::type M6Event;
[42.835s]       |                                                        ^~~~~~~
[42.835s] /opt/ros/jazzy/include/message_filters/message_filters/synchronizer.h:78:56: error: ‘int’ is not a class, struct, or union type
[42.836s]    78 |   typedef typename std::tuple_element<7, Events>::type M7Event;
[42.836s]       |                                                        ^~~~~~~
[42.836s] /opt/ros/jazzy/include/message_filters/message_filters/synchronizer.h:79:56: error: ‘int’ is not a class, struct, or union type
[42.839s]    79 |   typedef typename std::tuple_element<8, Events>::type M8Event;
[42.839s]       |                                                        ^~~~~~~
[42.839s] /opt/ros/jazzy/include/message_filters/message_filters/synchronizer.h:325:17: error: ‘int’ is not a class, namespace, or enumeration
[42.840s]   325 |   using Policy::add;
[42.840s]       |                 ^~~
[42.840s] /opt/ros/jazzy/include/message_filters/message_filters/synchronizer.h:328:8: error: ‘int’ is not a class, struct, or union type
[42.843s]   328 |   void add(const std::shared_ptr<typename std::tuple_element<i, Messages>::type const>& msg)
[42.843s]       |        ^~~
[42.843s] /opt/ros/jazzy/include/message_filters/message_filters/synchronizer.h:344:8: error: ‘int’ is not a class, struct, or union type
[42.844s]   344 |   void cb(const typename std::tuple_element<i, Events>::type& evt)
[42.844s]       |        ^~
[42.844s] /home/neha/ros2_ws/src/semnav_migration/src/navigation_semantic.cpp:148:55: error: ‘bind’ is not a member of ‘boost’; did you mean ‘find’?
[42.847s]   148 |                         sync->registerCallback(boost::bind(&SemanticNavigationNode::control_callback, this, _1, _2));
[42.847s]       |                                                       ^~~~
[42.847s]       |                                                       find
[42.848s] /home/neha/ros2_ws/src/semnav_migration/src/navigation_semantic.cpp:148:109: error: ‘_1’ was not declared in this scope
[42.848s]   148 |                         sync->registerCallback(boost::bind(&SemanticNavigationNode::control_callback, this, _1, _2));
[42.848s]       |                                                                                                             ^~
[42.851s] /home/neha/ros2_ws/src/semnav_migration/src/navigation_semantic.cpp:148:109: note: suggested alternatives:
[42.851s] In file included from /usr/include/boost/mpl/aux_/include_preprocessed.hpp:37,
[42.851s]                  from /usr/include/boost/mpl/placeholders.hpp:43,
[42.852s]                  from /usr/include/boost/iterator/iterator_categories.hpp:16,
[42.852s]                  from /usr/include/boost/iterator/iterator_facade.hpp:13,
[42.852s]                  from /usr/include/boost/range/iterator_range_core.hpp:27,
[42.855s]                  from /usr/include/boost/lexical_cast.hpp:48,
[42.855s]                  from /usr/include/boost/multiprecision/detail/number_base.hpp:29,
[42.855s]                  from /usr/include/boost/multiprecision/traits/is_variable_precision.hpp:9,
[42.856s]                  from /usr/include/boost/multiprecision/detail/precision.hpp:9,
[42.856s]                  from /usr/include/boost/multiprecision/number.hpp:11,
[42.856s]                  from /usr/include/boost/multiprecision/cpp_int.hpp:19,
[42.856s]                  from /usr/include/boost/multiprecision/cpp_bin_float.hpp:15,
[42.859s]                  from /usr/include/boost/geometry/core/coordinate_promotion.hpp:16,
[42.859s]                  from /usr/include/boost/geometry/core/radian_access.hpp:30,
[42.859s]                  from /usr/include/boost/geometry/geometry.hpp:50,
[42.860s]                  from /usr/include/boost/geometry.hpp:17,
[42.860s]                  from /home/neha/ros2_ws/src/semnav_migration/include/reactive_planner_lib.h:26:
[42.860s] /usr/include/boost/mpl/aux_/preprocessed/gcc/placeholders.hpp:29:16: note:   ‘mpl_::_1’
[42.863s]    29 | typedef arg<1> _1;
[42.863s]       |                ^~
[42.863s] In file included from /usr/include/boost/numeric/conversion/converter_policies.hpp:13,
[42.864s]                  from /usr/include/boost/numeric/conversion/converter.hpp:14,
[42.864s]                  from /usr/include/boost/numeric/conversion/cast.hpp:33,
[42.864s]                  from /usr/include/boost/geometry/core/radian_access.hpp:26:
[42.867s] /usr/include/c++/13/functional:294:48: note:   ‘std::placeholders::_1’
[42.867s]   294 |     _GLIBCXX_PLACEHOLDER const _Placeholder<1> _1;
[42.867s]       |                                                ^~
[42.868s] /usr/include/boost/mpl/aux_/preprocessed/gcc/placeholders.hpp:29:16: note:   ‘mpl_::_1’
[42.868s]    29 | typedef arg<1> _1;
[42.868s]       |                ^~
[42.871s] In file included from /usr/include/boost/describe/members.hpp:20,
[42.871s]                  from /usr/include/boost/container_hash/is_described_class.hpp:11,
[42.871s]                  from /usr/include/boost/container_hash/hash.hpp:18,
[42.872s]                  from /usr/include/boost/functional/hash.hpp:6,
[42.872s]                  from /usr/include/CGAL/Kernel/hash_functions.h:16,
[42.872s]                  from /usr/include/CGAL/Kernel/global_functions.h:25,
[42.875s]                  from /usr/include/CGAL/Cartesian/Cartesian_base.h:22,
[42.875s]                  from /usr/include/CGAL/Simple_cartesian.h:20,
[42.875s]                  from /usr/include/CGAL/Exact_predicates_inexact_constructions_kernel.h:20,
[42.876s]                  from /home/neha/ros2_ws/src/semnav_migration/include/polygeom_lib.h:32,
[42.876s]                  from /home/neha/ros2_ws/src/semnav_migration/include/reactive_planner_lib.h:51:
[42.876s] /usr/include/boost/mp11/bind.hpp:45:7: note:   ‘boost::mp11::_1’
[42.879s]    45 | using _1 = mp_arg<0>;
[42.879s]       |       ^~
[42.879s] /usr/include/boost/mpl/aux_/preprocessed/gcc/placeholders.hpp:29:16: note:   ‘mpl_::_1’
[42.880s]    29 | typedef arg<1> _1;
[42.880s]       |                ^~
[42.880s] /home/neha/ros2_ws/src/semnav_migration/src/navigation_semantic.cpp:148:113: error: ‘_2’ was not declared in this scope
[42.880s]   148 |                         sync->registerCallback(boost::bind(&SemanticNavigationNode::control_callback, this, _1, _2));
[42.883s]       |                                                                                                                 ^~
[42.883s] /home/neha/ros2_ws/src/semnav_migration/src/navigation_semantic.cpp:148:113: note: suggested alternatives:
[42.884s] /usr/include/boost/mpl/aux_/preprocessed/gcc/placeholders.hpp:42:16: note:   ‘mpl_::_2’
[42.884s]    42 | typedef arg<2> _2;
[42.884s]       |                ^~
[42.884s] /usr/include/c++/13/functional:295:48: note:   ‘std::placeholders::_2’
[42.887s]   295 |     _GLIBCXX_PLACEHOLDER const _Placeholder<2> _2;
[42.887s]       |                                                ^~
[42.887s] /usr/include/boost/mpl/aux_/preprocessed/gcc/placeholders.hpp:42:16: note:   ‘mpl_::_2’
[42.888s]    42 | typedef arg<2> _2;
[42.888s]       |                ^~
[42.888s] /usr/include/boost/mp11/bind.hpp:46:7: note:   ‘boost::mp11::_2’
[42.891s]    46 | using _2 = mp_arg<1>;
[42.891s]       |       ^~
[42.891s] /usr/include/boost/mpl/aux_/preprocessed/gcc/placeholders.hpp:42:16: note:   ‘mpl_::_2’
[42.892s]    42 | typedef arg<2> _2;
[42.892s]       |                ^~
[42.892s] /home/neha/ros2_ws/src/semnav_migration/src/navigation_semantic.cpp:150:25: error: ‘ros’ has not been declared
[42.892s]   150 |                         ros::Subscriber sub_semantic = nh_.subscribe(sub_semantic_topic_, 1, &SemanticNavigationNode::diffeo_tree_update, this);
[42.893s]       |                         ^~~
[42.893s] /home/neha/ros2_ws/src/semnav_migration/src/navigation_semantic.cpp:154:25: error: ‘ros’ has not been declared
[42.893s]   154 |                         ros::Duration(5.0).sleep();
[42.893s]       |                         ^~~
[42.894s] /home/neha/ros2_ws/src/semnav_migration/src/navigation_semantic.cpp:161:25: error: ‘ros’ has not been declared
[42.894s]   161 |                         ros::spin();
[42.894s]       |                         ^~~
[42.921s] /home/neha/ros2_ws/src/semnav_migration/src/navigation_semantic.cpp: In member function ‘void SemanticNavigationNode::publish_twist(double, double)’:
[42.922s] /home/neha/ros2_ws/src/semnav_migration/src/navigation_semantic.cpp:168:25: error: ‘pub_twist_’ was not declared in this scope; did you mean ‘publish_twist’?
[42.922s]   168 |                         pub_twist_.publish(commandTwist);
[42.922s]       |                         ^~~~~~~~~~
[42.922s]       |                         publish_twist
[42.931s] /home/neha/ros2_ws/src/semnav_migration/src/navigation_semantic.cpp: In member function ‘void SemanticNavigationNode::publish_behavior_id(uint16_t)’:
[42.931s] /home/neha/ros2_ws/src/semnav_migration/src/navigation_semantic.cpp:173:32: error: ‘UInt32’ is not a member of ‘std_msgs::msg’
[42.931s]   173 |                 std_msgs::msg::UInt32 commandId;
[42.932s]       |                                ^~~~~~
[43.026s] /home/neha/ros2_ws/src/semnav_migration/src/navigation_semantic.cpp:174:25: error: ‘commandId’ was not declared in this scope
[43.027s]   174 |                         commandId.data = BehaviorIdCmd;
[43.027s]       |                         ^~~~~~~~~
[43.101s] /home/neha/ros2_ws/src/semnav_migration/src/navigation.cpp:150:55: error: ‘bind’ is not a member of ‘boost’; did you mean ‘find’?
[43.102s]   150 |                         sync->registerCallback(boost::bind(&NavigationNode::control_callback, this, _1, _2));
[43.102s]       |                                                       ^~~~
[43.102s]       |                                                       find
[43.111s] /home/neha/ros2_ws/src/semnav_migration/src/navigation.cpp:150:101: error: ‘_1’ was not declared in this scope
[43.111s]   150 |                         sync->registerCallback(boost::bind(&NavigationNode::control_callback, this, _1, _2));
[43.111s]       |                                                                                                     ^~
[43.111s] /home/neha/ros2_ws/src/semnav_migration/src/navigation.cpp:150:101: note: suggested alternatives:
[43.112s] In file included from /usr/include/boost/mpl/aux_/include_preprocessed.hpp:37,
[43.112s]                  from /usr/include/boost/mpl/placeholders.hpp:43,
[43.112s]                  from /usr/include/boost/iterator/iterator_categories.hpp:16,
[43.115s]                  from /usr/include/boost/iterator/iterator_facade.hpp:13,
[43.115s]                  from /usr/include/boost/range/iterator_range_core.hpp:27,
[43.116s]                  from /usr/include/boost/lexical_cast.hpp:48,
[43.116s]                  from /usr/include/boost/multiprecision/detail/number_base.hpp:29,
[43.116s]                  from /usr/include/boost/multiprecision/traits/is_variable_precision.hpp:9,
[43.117s]                  from /usr/include/boost/multiprecision/detail/precision.hpp:9,
[43.117s]                  from /usr/include/boost/multiprecision/number.hpp:11,
[43.117s]                  from /usr/include/boost/multiprecision/cpp_int.hpp:19,
[43.120s]                  from /usr/include/boost/multiprecision/cpp_bin_float.hpp:15,
[43.120s]                  from /usr/include/boost/geometry/core/coordinate_promotion.hpp:16,
[43.120s]                  from /usr/include/boost/geometry/core/radian_access.hpp:30,
[43.120s]                  from /usr/include/boost/geometry/geometry.hpp:50,
[43.121s]                  from /usr/include/boost/geometry.hpp:17,
[43.121s]                  from /home/neha/ros2_ws/src/semnav_migration/include/reactive_planner_lib.h:26:
[43.121s] /usr/include/boost/mpl/aux_/preprocessed/gcc/placeholders.hpp:29:16: note:   ‘mpl_::_1’
[43.125s]    29 | typedef arg<1> _1;
[43.125s]       |                ^~
[43.125s] In file included from /usr/include/boost/numeric/conversion/converter_policies.hpp:13,
[43.126s]                  from /usr/include/boost/numeric/conversion/converter.hpp:14,
[43.126s]                  from /usr/include/boost/numeric/conversion/cast.hpp:33,
[43.126s]                  from /usr/include/boost/geometry/core/radian_access.hpp:26:
[43.126s] /usr/include/c++/13/functional:294:48: note:   ‘std::placeholders::_1’
[43.129s]   294 |     _GLIBCXX_PLACEHOLDER const _Placeholder<1> _1;
[43.129s]       |                                                ^~
[43.129s] /usr/include/boost/mpl/aux_/preprocessed/gcc/placeholders.hpp:29:16: note:   ‘mpl_::_1’
[43.130s]    29 | typedef arg<1> _1;
[43.130s]       |                ^~
[43.130s] In file included from /usr/include/boost/describe/members.hpp:20,
[43.130s]                  from /usr/include/boost/container_hash/is_described_class.hpp:11,
[43.133s]                  from /usr/include/boost/container_hash/hash.hpp:18,
[43.133s]                  from /usr/include/boost/functional/hash.hpp:6,
[43.134s]                  from /usr/include/CGAL/Kernel/hash_functions.h:16,
[43.134s]                  from /usr/include/CGAL/Kernel/global_functions.h:25,
[43.134s]                  from /usr/include/CGAL/Cartesian/Cartesian_base.h:22,
[43.137s]                  from /usr/include/CGAL/Simple_cartesian.h:20,
[43.137s]                  from /usr/include/CGAL/Exact_predicates_inexact_constructions_kernel.h:20,
[43.137s]                  from /home/neha/ros2_ws/src/semnav_migration/include/polygeom_lib.h:32,
[43.137s]                  from /home/neha/ros2_ws/src/semnav_migration/include/reactive_planner_lib.h:51:
[43.138s] /usr/include/boost/mp11/bind.hpp:45:7: note:   ‘boost::mp11::_1’
[43.138s]    45 | using _1 = mp_arg<0>;
[43.138s]       |       ^~
[43.141s] /usr/include/boost/mpl/aux_/preprocessed/gcc/placeholders.hpp:29:16: note:   ‘mpl_::_1’
[43.141s]    29 | typedef arg<1> _1;
[43.141s]       |                ^~
[43.141s] /home/neha/ros2_ws/src/semnav_migration/src/navigation.cpp:150:105: error: ‘_2’ was not declared in this scope
[43.142s]   150 |                         sync->registerCallback(boost::bind(&NavigationNode::control_callback, this, _1, _2));
[43.142s]       |                                                                                                         ^~
[43.142s] /home/neha/ros2_ws/src/semnav_migration/src/navigation.cpp:150:105: note: suggested alternatives:
[43.145s] /usr/include/boost/mpl/aux_/preprocessed/gcc/placeholders.hpp:42:16: note:   ‘mpl_::_2’
[43.145s]    42 | typedef arg<2> _2;
[43.145s]       |                ^~
[43.145s] /usr/include/c++/13/functional:295:48: note:   ‘std::placeholders::_2’
[43.146s]   295 |     _GLIBCXX_PLACEHOLDER const _Placeholder<2> _2;
[43.146s]       |                                                ^~
[43.146s] /usr/include/boost/mpl/aux_/preprocessed/gcc/placeholders.hpp:42:16: note:   ‘mpl_::_2’
[43.149s]    42 | typedef arg<2> _2;
[43.149s]       |                ^~
[43.149s] /usr/include/boost/mp11/bind.hpp:46:7: note:   ‘boost::mp11::_2’
[43.149s]    46 | using _2 = mp_arg<1>;
[43.150s]       |       ^~
[43.150s] /usr/include/boost/mpl/aux_/preprocessed/gcc/placeholders.hpp:42:16: note:   ‘mpl_::_2’
[43.150s]    42 | typedef arg<2> _2;
[43.152s]       |                ^~
[43.153s] /home/neha/ros2_ws/src/semnav_migration/src/navigation.cpp:153:20: error: ‘Subscription’ was not declared in this scope
[43.153s]   153 |             rclcpp:Subscription sub_semantic = this->create_subscriber(sub_semantic_topic_, 1);
[43.153s]       |                    ^~~~~~~~~~~~
[43.154s] /home/neha/ros2_ws/src/semnav_migration/src/navigation.cpp:153:20: note: suggested alternatives:
[43.154s] In file included from /opt/ros/jazzy/include/rclcpp/rclcpp/any_executable.hpp:25,
[43.154s]                  from /opt/ros/jazzy/include/rclcpp/rclcpp/memory_strategy.hpp:25,
[43.154s]                  from /opt/ros/jazzy/include/rclcpp/rclcpp/memory_strategies.hpp:18,
[43.157s]                  from /opt/ros/jazzy/include/rclcpp/rclcpp/executor_options.hpp:22,
[43.157s]                  from /opt/ros/jazzy/include/rclcpp/rclcpp/executor.hpp:38,
[43.157s]                  from /opt/ros/jazzy/include/rclcpp/rclcpp/executors/multi_threaded_executor.hpp:25,
[43.158s]                  from /opt/ros/jazzy/include/rclcpp/rclcpp/executors.hpp:21:
[43.158s] /opt/ros/jazzy/include/rclcpp/rclcpp/subscription.hpp:75:7: note:   ‘rclcpp::Subscription’
[43.158s]    75 | class Subscription : public SubscriptionBase
[43.158s]       |       ^~~~~~~~~~~~
[43.161s] In file included from /opt/ros/jazzy/include/rclcpp/rclcpp/client.hpp:45,
[43.161s]                  from /opt/ros/jazzy/include/rclcpp/rclcpp/callback_group.hpp:24,
[43.161s]                  from /opt/ros/jazzy/include/rclcpp/rclcpp/any_executable.hpp:20:
[43.162s] /opt/ros/jazzy/include/rclcpp/rclcpp/node_interfaces/node_graph_interface.hpp:43:3: note:   ‘rclcpp::EndpointType::Subscription’
[43.162s]    43 |   Subscription = RMW_ENDPOINT_SUBSCRIPTION
[43.162s]       |   ^~~~~~~~~~~~
[43.162s] /home/neha/ros2_ws/src/semnav_migration/src/navigation.cpp:157:45: error: no matching function for call to ‘rclcpp::Duration::Duration(double)’
[43.165s]   157 |                         rclcpp::Duration(5.0).sleep();
[43.165s]       |                                             ^
[43.165s] In file included from /opt/ros/jazzy/include/rclcpp/rclcpp/time.hpp:24,
[43.165s]                  from /opt/ros/jazzy/include/rclcpp/rclcpp/clock.hpp:24,
[43.166s]                  from /opt/ros/jazzy/include/rclcpp/rclcpp/client.hpp:38:
[43.166s] /opt/ros/jazzy/include/rclcpp/rclcpp/duration.hpp:49:3: note: candidate: ‘template<class Rep, class Period> rclcpp::Duration::Duration(const std::chrono::duration<_Rep1, _Period1>&)’
[43.166s]    49 |   Duration(const std::chrono::duration<Rep, Period> & duration)  // NOLINT(runtime/explicit)
[43.169s]       |   ^~~~~~~~
[43.169s] /opt/ros/jazzy/include/rclcpp/rclcpp/duration.hpp:49:3: note:   template argument deduction/substitution failed:
[43.169s] /home/neha/ros2_ws/src/semnav_migration/src/navigation.cpp:157:45: note:   mismatched types ‘const std::chrono::duration<_Rep1, _Period1>’ and ‘double’
[43.169s]   157 |                         rclcpp::Duration(5.0).sleep();
[43.170s]       |                                             ^
[43.170s] /opt/ros/jazzy/include/rclcpp/rclcpp/duration.hpp:159:3: note: candidate: ‘rclcpp::Duration::Duration()’
[43.170s]   159 |   Duration() = default;
[43.173s]       |   ^~~~~~~~
[43.173s] /opt/ros/jazzy/include/rclcpp/rclcpp/duration.hpp:159:3: note:   candidate expects 0 arguments, 1 provided
[43.173s] /opt/ros/jazzy/include/rclcpp/rclcpp/duration.hpp:62:3: note: candidate: ‘rclcpp::Duration::Duration(const rclcpp::Duration&)’
[43.173s]    62 |   Duration(const Duration & rhs);
[43.174s]       |   ^~~~~~~~
[43.174s] /opt/ros/jazzy/include/rclcpp/rclcpp/duration.hpp:62:29: note:   no known conversion for argument 1 from ‘double’ to ‘const rclcpp::Duration&’
[43.174s]    62 |   Duration(const Duration & rhs);
[43.174s]       |            ~~~~~~~~~~~~~~~~~^~~
[43.175s] /opt/ros/jazzy/include/rclcpp/rclcpp/duration.hpp:60:12: note: candidate: ‘rclcpp::Duration::Duration(const rcl_duration_t&)’
[43.175s]    60 |   explicit Duration(const rcl_duration_t & duration);
[43.175s]       |            ^~~~~~~~
[43.176s] /opt/ros/jazzy/include/rclcpp/rclcpp/duration.hpp:60:44: note:   no known conversion for argument 1 from ‘double’ to ‘const rcl_duration_t&’ {aka ‘const rcl_duration_s&’}
[43.176s]    60 |   explicit Duration(const rcl_duration_t & duration);
[43.176s]       |                     ~~~~~~~~~~~~~~~~~~~~~~~^~~~~~~~
[43.176s] /opt/ros/jazzy/include/rclcpp/rclcpp/duration.hpp:54:3: note: candidate: ‘rclcpp::Duration::Duration(const builtin_interfaces::msg::Duration&)’
[43.177s]    54 |   Duration(const builtin_interfaces::msg::Duration & duration_msg);  // NOLINT(runtime/explicit)
[43.177s]       |   ^~~~~~~~
[43.177s] /opt/ros/jazzy/include/rclcpp/rclcpp/duration.hpp:54:54: note:   no known conversion for argument 1 from ‘double’ to ‘const builtin_interfaces::msg::Duration&’ {aka ‘const builtin_interfaces::msg::Duration_<std::allocator<void> >&’}
[43.177s]    54 |   Duration(const builtin_interfaces::msg::Duration & duration_msg);  // NOLINT(runtime/explicit)
[43.178s]       |            ~~~~~~~~~~~~~~~~~~~~~~~~~~~~~~~~~~~~~~~~~~^~~~~~~~~~~~
[43.178s] /opt/ros/jazzy/include/rclcpp/rclcpp/duration.hpp:43:12: note: candidate: ‘rclcpp::Duration::Duration(std::chrono::nanoseconds)’
[43.178s]    43 |   explicit Duration(std::chrono::nanoseconds nanoseconds);
[43.178s]       |            ^~~~~~~~
[43.179s] /opt/ros/jazzy/include/rclcpp/rclcpp/duration.hpp:43:46: note:   no known conversion for argument 1 from ‘double’ to ‘std::chrono::nanoseconds’ {aka ‘std::chrono::duration<long int, std::ratio<1, 1000000000> >’}
[43.179s]    43 |   explicit Duration(std::chrono::nanoseconds nanoseconds);
[43.179s]       |                     ~~~~~~~~~~~~~~~~~~~~~~~~~^~~~~~~~~~~
[43.180s] /opt/ros/jazzy/include/rclcpp/rclcpp/duration.hpp:40:3: note: candidate: ‘rclcpp::Duration::Duration(int32_t, uint32_t)’
[43.180s]    40 |   Duration(int32_t seconds, uint32_t nanoseconds);
[43.180s]       |   ^~~~~~~~
[43.180s] /opt/ros/jazzy/include/rclcpp/rclcpp/duration.hpp:40:3: note:   candidate expects 2 arguments, 1 provided
[43.199s] /home/neha/ros2_ws/src/semnav_migration/src/navigation.cpp:164:38: error: ‘node_ptr’ was not declared in this scope; did you mean ‘mode_t’?
[43.199s]   164 |                         rclcpp::spin(node_ptr);
[43.200s]       |                                      ^~~~~~~~
[43.200s]       |                                      mode_t
[43.241s] /home/neha/ros2_ws/src/semnav_migration/src/navigation_semantic.cpp:175:25: error: ‘pub_behaviorID_’ was not declared in this scope; did you mean ‘pub_behaviorID_topic_’?
[43.241s]   175 |                         pub_behaviorID_.publish(commandId);
[43.242s]       |                         ^~~~~~~~~~~~~~~
[43.242s]       |                         pub_behaviorID_topic_
[43.247s] /home/neha/ros2_ws/src/semnav_migration/src/navigation_semantic.cpp: In member function ‘void SemanticNavigationNode::publish_behavior_mode(uint16_t)’:
[43.247s] /home/neha/ros2_ws/src/semnav_migration/src/navigation_semantic.cpp:180:28: error: ‘UInt32’ is not a member of ‘std_msgs::msg’
[43.247s]   180 |             std_msgs::msg::UInt32 commandMode;
[43.248s]       |                            ^~~~~~
[43.308s] /home/neha/ros2_ws/src/semnav_migration/src/navigation.cpp: In member function ‘void NavigationNode::publish_twist(double, double)’:
[43.308s] /home/neha/ros2_ws/src/semnav_migration/src/navigation.cpp:171:25: error: ‘pub_twist_’ was not declared in this scope; did you mean ‘publish_twist’?
[43.309s]   171 |                         pub_twist_.publish(commandTwist);
[43.309s]       |                         ^~~~~~~~~~
[43.309s]       |                         publish_twist
[43.313s] /home/neha/ros2_ws/src/semnav_migration/src/navigation.cpp: In member function ‘void NavigationNode::publish_behavior_id(uint16_t)’:
[43.313s] /home/neha/ros2_ws/src/semnav_migration/src/navigation.cpp:176:28: error: ‘UInt32’ is not a member of ‘std_msgs::msg’
[43.314s]   176 |             std_msgs::msg::UInt32 commandId;
[43.314s]       |                            ^~~~~~
[43.376s] /home/neha/ros2_ws/src/semnav_migration/src/navigation_semantic.cpp:181:25: error: ‘commandMode’ was not declared in this scope
[43.376s]   181 |                         commandMode.data = BehaviorModeCmd;
[43.377s]       |                         ^~~~~~~~~~~
[43.400s] /home/neha/ros2_ws/src/semnav_migration/src/navigation.cpp:177:25: error: ‘commandId’ was not declared in this scope
[43.400s]   177 |                         commandId.data = BehaviorIdCmd;
[43.400s]       |                         ^~~~~~~~~
[43.551s] /home/neha/ros2_ws/src/semnav_migration/src/navigation.cpp:178:25: error: ‘pub_behaviorID_’ was not declared in this scope; did you mean ‘pub_behaviorID_topic_’?
[43.551s]   178 |                         pub_behaviorID_.publish(commandId);
[43.552s]       |                         ^~~~~~~~~~~~~~~
[43.552s]       |                         pub_behaviorID_topic_
[43.558s] /home/neha/ros2_ws/src/semnav_migration/src/navigation.cpp: In member function ‘void NavigationNode::publish_behavior_mode(uint16_t)’:
[43.558s] /home/neha/ros2_ws/src/semnav_migration/src/navigation.cpp:183:28: error: ‘UInt32’ is not a member of ‘std_msgs::msg’
[43.559s]   183 |             std_msgs::msg::UInt32 commandMode;
[43.559s]       |                            ^~~~~~
[43.562s] /home/neha/ros2_ws/src/semnav_migration/src/navigation_semantic.cpp:182:25: error: ‘pub_behaviorMode_’ was not declared in this scope; did you mean ‘pub_behaviorMode_topic_’?
[43.562s]   182 |                         pub_behaviorMode_.publish(commandMode);
[43.563s]       |                         ^~~~~~~~~~~~~~~~~
[43.563s]       |                         pub_behaviorMode_topic_
[43.668s] /home/neha/ros2_ws/src/semnav_migration/src/navigation_semantic.cpp: In member function ‘void SemanticNavigationNode::diffeo_tree_update(const object_pose_interface_msgs::msg::SemanticMapObjectArray_<std::allocator<void> >::ConstPtr&)’:
[43.668s] /home/neha/ros2_ws/src/semnav_migration/src/navigation_semantic.cpp:252:29: error: ‘ros’ has not been declared
[43.669s]   252 |                         if (ros::Time::now().toSec() - DiffeoTreeUpdateTime_ < (1.0/DiffeoTreeUpdateRate_)) {
[43.669s]       |                             ^~~
[43.672s] /home/neha/ros2_ws/src/semnav_migration/src/navigation_semantic.cpp:256:53: error: ‘ros’ has not been declared
[43.672s]   256 |                                 double start_time = ros::Time::now().toSec();
[43.673s]       |                                                     ^~~
[43.679s] /home/neha/ros2_ws/src/semnav_migration/src/navigation_semantic.cpp:267:49: error: ‘tf’ has not been declared
[43.679s]   267 |                                                 tf::Quaternion rotation = tf::Quaternion(semantic_map_data->objects[i].pose.pose.orientation.x,
[43.679s]       |                                                 ^~
[43.680s] /home/neha/ros2_ws/src/semnav_migration/src/navigation_semantic.cpp:272:49: error: ‘tf’ has not been declared
[43.681s]   272 |                                                 tf::Matrix3x3 m(rotation);
[43.681s]       |                                                 ^~
[43.684s] /home/neha/ros2_ws/src/semnav_migration/src/navigation_semantic.cpp:275:49: error: ‘tf’ has not been declared
[43.685s]   275 |                                                 tf::Vector3 target_nominal_1(-0.5*target_object_width_ - ObstacleDilation_ - 0.08, 0.0, 0.0);
[43.685s]       |                                                 ^~
[43.685s] /home/neha/ros2_ws/src/semnav_migration/src/navigation_semantic.cpp:276:49: error: ‘tf’ has not been declared
[43.685s]   276 |                                                 tf::Vector3 target_nominal_2(0.5*target_object_width_ + ObstacleDilation_ + 0.25, 0.0, 0.0);
[43.686s]       |                                                 ^~
[43.686s] /home/neha/ros2_ws/src/semnav_migration/src/navigation_semantic.cpp:277:49: error: ‘tf’ has not been declared
[43.686s]   277 |                                                 tf::Vector3 target_nominal_1_rotated = tf::quatRotate(rotation, target_nominal_1);
[43.687s]       |                                                 ^~
[43.687s] /home/neha/ros2_ws/src/semnav_migration/src/navigation_semantic.cpp:278:49: error: ‘tf’ has not been declared
[43.687s]   278 |                                                 tf::Vector3 target_nominal_2_rotated = tf::quatRotate(rotation, target_nominal_2);
[43.687s]       |                                                 ^~
[43.690s] /home/neha/ros2_ws/src/semnav_migration/src/navigation.cpp:184:25: error: ‘commandMode’ was not declared in this scope
[43.690s]   184 |                         commandMode.data = BehaviorModeCmd;
[43.690s]       |                         ^~~~~~~~~~~
[43.745s] /home/neha/ros2_ws/src/semnav_migration/src/navigation_semantic.cpp:280:49: error: ‘m’ was not declared in this scope; did you mean ‘tm’?
[43.745s]   280 |                                                 m.getRPY(roll, pitch, yaw);
[43.746s]       |                                                 ^
[43.746s]       |                                                 tm
[43.864s] /home/neha/ros2_ws/src/semnav_migration/src/navigation.cpp:185:25: error: ‘pub_behaviorMode_’ was not declared in this scope; did you mean ‘pub_behaviorMode_topic_’?
[43.865s]   185 |                         pub_behaviorMode_.publish(commandMode);
[43.865s]       |                         ^~~~~~~~~~~~~~~~~
[43.865s]       |                         pub_behaviorMode_topic_
[44.039s] /home/neha/ros2_ws/src/semnav_migration/src/navigation_semantic.cpp:281:123: error: ‘target_nominal_1_rotated’ was not declared in this scope
[44.039s]   281 |                                                 GoalVector[0].set<0>(semantic_map_data->objects[i].pose.pose.position.x + target_nominal_1_rotated.getX());
[44.040s]       |                                                                                                                           ^~~~~~~~~~~~~~~~~~~~~~~~
[44.101s] /home/neha/ros2_ws/src/semnav_migration/src/navigation.cpp: In member function ‘void NavigationNode::control_callback(const sensor_msgs::msg::LaserScan_<std::allocator<void> >::ConstPtr&, const nav_msgs::msg::Odometry_<std::allocator<void> >::ConstPtr&)’:
[44.101s] /home/neha/ros2_ws/src/semnav_migration/src/navigation.cpp:368:33: error: ‘listener_’ was not declared in this scope
[44.102s]   368 |                                 listener_.waitForTransform(world_frame_id_, odom_frame_id_, rclcpp::Time(0), rclcpp::Duration(1.0));
[44.102s]       |                                 ^~~~~~~~~
[44.102s] /home/neha/ros2_ws/src/semnav_migration/src/navigation.cpp:368:130: error: no matching function for call to ‘rclcpp::Duration::Duration(double)’
[44.102s]   368 |                                 listener_.waitForTransform(world_frame_id_, odom_frame_id_, rclcpp::Time(0), rclcpp::Duration(1.0));
[44.103s]       |                                                                                                                                  ^
[44.103s] /opt/ros/jazzy/include/rclcpp/rclcpp/duration.hpp:49:3: note: candidate: ‘template<class Rep, class Period> rclcpp::Duration::Duration(const std::chrono::duration<_Rep1, _Period1>&)’
[44.103s]    49 |   Duration(const std::chrono::duration<Rep, Period> & duration)  // NOLINT(runtime/explicit)
[44.104s]       |   ^~~~~~~~
[44.104s] /opt/ros/jazzy/include/rclcpp/rclcpp/duration.hpp:49:3: note:   template argument deduction/substitution failed:
[44.104s] /home/neha/ros2_ws/src/semnav_migration/src/navigation.cpp:368:130: note:   mismatched types ‘const std::chrono::duration<_Rep1, _Period1>’ and ‘double’
[44.104s]   368 |                                 listener_.waitForTransform(world_frame_id_, odom_frame_id_, rclcpp::Time(0), rclcpp::Duration(1.0));
[44.107s]       |                                                                                                                                  ^
[44.107s] /opt/ros/jazzy/include/rclcpp/rclcpp/duration.hpp:159:3: note: candidate: ‘rclcpp::Duration::Duration()’
[44.107s]   159 |   Duration() = default;
[44.108s]       |   ^~~~~~~~
[44.108s] /opt/ros/jazzy/include/rclcpp/rclcpp/duration.hpp:159:3: note:   candidate expects 0 arguments, 1 provided
[44.108s] /opt/ros/jazzy/include/rclcpp/rclcpp/duration.hpp:62:3: note: candidate: ‘rclcpp::Duration::Duration(const rclcpp::Duration&)’
[44.111s]    62 |   Duration(const Duration & rhs);
[44.111s]       |   ^~~~~~~~
[44.111s] /opt/ros/jazzy/include/rclcpp/rclcpp/duration.hpp:62:29: note:   no known conversion for argument 1 from ‘double’ to ‘const rclcpp::Duration&’
[44.112s]    62 |   Duration(const Duration & rhs);
[44.112s]       |            ~~~~~~~~~~~~~~~~~^~~
[44.112s] /opt/ros/jazzy/include/rclcpp/rclcpp/duration.hpp:60:12: note: candidate: ‘rclcpp::Duration::Duration(const rcl_duration_t&)’
[44.115s]    60 |   explicit Duration(const rcl_duration_t & duration);
[44.115s]       |            ^~~~~~~~
[44.115s] /opt/ros/jazzy/include/rclcpp/rclcpp/duration.hpp:60:44: note:   no known conversion for argument 1 from ‘double’ to ‘const rcl_duration_t&’ {aka ‘const rcl_duration_s&’}
[44.116s]    60 |   explicit Duration(const rcl_duration_t & duration);
[44.116s]       |                     ~~~~~~~~~~~~~~~~~~~~~~~^~~~~~~~
[44.116s] /opt/ros/jazzy/include/rclcpp/rclcpp/duration.hpp:54:3: note: candidate: ‘rclcpp::Duration::Duration(const builtin_interfaces::msg::Duration&)’
[44.121s]    54 |   Duration(const builtin_interfaces::msg::Duration & duration_msg);  // NOLINT(runtime/explicit)
[44.121s]       |   ^~~~~~~~
[44.121s] /opt/ros/jazzy/include/rclcpp/rclcpp/duration.hpp:54:54: note:   no known conversion for argument 1 from ‘double’ to ‘const builtin_interfaces::msg::Duration&’ {aka ‘const builtin_interfaces::msg::Duration_<std::allocator<void> >&’}
[44.122s]    54 |   Duration(const builtin_interfaces::msg::Duration & duration_msg);  // NOLINT(runtime/explicit)
[44.122s]       |            ~~~~~~~~~~~~~~~~~~~~~~~~~~~~~~~~~~~~~~~~~~^~~~~~~~~~~~
[44.122s] /opt/ros/jazzy/include/rclcpp/rclcpp/duration.hpp:43:12: note: candidate: ‘rclcpp::Duration::Duration(std::chrono::nanoseconds)’
[44.122s]    43 |   explicit Duration(std::chrono::nanoseconds nanoseconds);
[44.125s]       |            ^~~~~~~~
[44.125s] /opt/ros/jazzy/include/rclcpp/rclcpp/duration.hpp:43:46: note:   no known conversion for argument 1 from ‘double’ to ‘std::chrono::nanoseconds’ {aka ‘std::chrono::duration<long int, std::ratio<1, 1000000000> >’}
[44.125s]    43 |   explicit Duration(std::chrono::nanoseconds nanoseconds);
[44.126s]       |                     ~~~~~~~~~~~~~~~~~~~~~~~~~^~~~~~~~~~~
[44.126s] /opt/ros/jazzy/include/rclcpp/rclcpp/duration.hpp:40:3: note: candidate: ‘rclcpp::Duration::Duration(int32_t, uint32_t)’
[44.126s]    40 |   Duration(int32_t seconds, uint32_t nanoseconds);
[44.126s]       |   ^~~~~~~~
[44.129s] /opt/ros/jazzy/include/rclcpp/rclcpp/duration.hpp:40:3: note:   candidate expects 2 arguments, 1 provided
[44.129s] /home/neha/ros2_ws/src/semnav_migration/src/navigation.cpp:398:42: error: could not convert ‘lidar_data’ from ‘shared_ptr<LaserScan_<[...]>>’ to ‘shared_ptr<LaserScan_<[...]>>’
[44.129s]   398 |                         constructLIDAR2D(lidar_data, CutoffRange_, AllowableRange_, RobotPitch_, &LIDAR);
[44.130s]       |                                          ^~~~~~~~~~
[44.130s]       |                                          |
[44.130s]       |                                          shared_ptr<LaserScan_<[...]>>
[44.165s] /home/neha/ros2_ws/src/semnav_migration/src/navigation.cpp:572:53: error: no matching function for call to ‘rclcpp::Duration::Duration(double)’
[44.165s]   572 |                                 rclcpp::Duration(5.0).sleep();
[44.166s]       |                                                     ^
[44.166s] /opt/ros/jazzy/include/rclcpp/rclcpp/duration.hpp:49:3: note: candidate: ‘template<class Rep, class Period> rclcpp::Duration::Duration(const std::chrono::duration<_Rep1, _Period1>&)’
[44.166s]    49 |   Duration(const std::chrono::duration<Rep, Period> & duration)  // NOLINT(runtime/explicit)
[44.166s]       |   ^~~~~~~~
[44.167s] /opt/ros/jazzy/include/rclcpp/rclcpp/duration.hpp:49:3: note:   template argument deduction/substitution failed:
[44.167s] /home/neha/ros2_ws/src/semnav_migration/src/navigation.cpp:572:53: note:   mismatched types ‘const std::chrono::duration<_Rep1, _Period1>’ and ‘double’
[44.167s]   572 |                                 rclcpp::Duration(5.0).sleep();
[44.168s]       |                                                     ^
[44.168s] /opt/ros/jazzy/include/rclcpp/rclcpp/duration.hpp:159:3: note: candidate: ‘rclcpp::Duration::Duration()’
[44.168s]   159 |   Duration() = default;
[44.168s]       |   ^~~~~~~~
[44.171s] /opt/ros/jazzy/include/rclcpp/rclcpp/duration.hpp:159:3: note:   candidate expects 0 arguments, 1 provided
[44.171s] /opt/ros/jazzy/include/rclcpp/rclcpp/duration.hpp:62:3: note: candidate: ‘rclcpp::Duration::Duration(const rclcpp::Duration&)’
[44.171s]    62 |   Duration(const Duration & rhs);
[44.172s]       |   ^~~~~~~~
[44.172s] /opt/ros/jazzy/include/rclcpp/rclcpp/duration.hpp:62:29: note:   no known conversion for argument 1 from ‘double’ to ‘const rclcpp::Duration&’
[44.172s]    62 |   Duration(const Duration & rhs);
[44.175s]       |            ~~~~~~~~~~~~~~~~~^~~
[44.175s] /opt/ros/jazzy/include/rclcpp/rclcpp/duration.hpp:60:12: note: candidate: ‘rclcpp::Duration::Duration(const rcl_duration_t&)’
[44.175s]    60 |   explicit Duration(const rcl_duration_t & duration);
[44.176s]       |            ^~~~~~~~
[44.176s] /opt/ros/jazzy/include/rclcpp/rclcpp/duration.hpp:60:44: note:   no known conversion for argument 1 from ‘double’ to ‘const rcl_duration_t&’ {aka ‘const rcl_duration_s&’}
[44.176s]    60 |   explicit Duration(const rcl_duration_t & duration);
[44.179s]       |                     ~~~~~~~~~~~~~~~~~~~~~~~^~~~~~~~
[44.179s] /opt/ros/jazzy/include/rclcpp/rclcpp/duration.hpp:54:3: note: candidate: ‘rclcpp::Duration::Duration(const builtin_interfaces::msg::Duration&)’
[44.179s]    54 |   Duration(const builtin_interfaces::msg::Duration & duration_msg);  // NOLINT(runtime/explicit)
[44.180s]       |   ^~~~~~~~
[44.180s] /opt/ros/jazzy/include/rclcpp/rclcpp/duration.hpp:54:54: note:   no known conversion for argument 1 from ‘double’ to ‘const builtin_interfaces::msg::Duration&’ {aka ‘const builtin_interfaces::msg::Duration_<std::allocator<void> >&’}
[44.180s]    54 |   Duration(const builtin_interfaces::msg::Duration & duration_msg);  // NOLINT(runtime/explicit)
[44.183s]       |            ~~~~~~~~~~~~~~~~~~~~~~~~~~~~~~~~~~~~~~~~~~^~~~~~~~~~~~
[44.183s] /opt/ros/jazzy/include/rclcpp/rclcpp/duration.hpp:43:12: note: candidate: ‘rclcpp::Duration::Duration(std::chrono::nanoseconds)’
[44.183s]    43 |   explicit Duration(std::chrono::nanoseconds nanoseconds);
[44.184s]       |            ^~~~~~~~
[44.184s] /opt/ros/jazzy/include/rclcpp/rclcpp/duration.hpp:43:46: note:   no known conversion for argument 1 from ‘double’ to ‘std::chrono::nanoseconds’ {aka ‘std::chrono::duration<long int, std::ratio<1, 1000000000> >’}
[44.184s]    43 |   explicit Duration(std::chrono::nanoseconds nanoseconds);
[44.184s]       |                     ~~~~~~~~~~~~~~~~~~~~~~~~~^~~~~~~~~~~
[44.187s] /opt/ros/jazzy/include/rclcpp/rclcpp/duration.hpp:40:3: note: candidate: ‘rclcpp::Duration::Duration(int32_t, uint32_t)’
[44.187s]    40 |   Duration(int32_t seconds, uint32_t nanoseconds);
[44.187s]       |   ^~~~~~~~
[44.188s] /opt/ros/jazzy/include/rclcpp/rclcpp/duration.hpp:40:3: note:   candidate expects 2 arguments, 1 provided
[44.343s] /home/neha/ros2_ws/src/semnav_migration/src/navigation_semantic.cpp:283:123: error: ‘target_nominal_2_rotated’ was not declared in this scope
[44.343s]   283 |                                                 GoalVector[1].set<0>(semantic_map_data->objects[i].pose.pose.position.x + target_nominal_2_rotated.getX());
[44.343s]       |                                                                                                                           ^~~~~~~~~~~~~~~~~~~~~~~~
[44.571s] /home/neha/ros2_ws/src/semnav_migration/src/navigation_semantic.cpp:317:49: error: ‘ROS_ERROR_STREAM’ was not declared in this scope; did you mean ‘RCLCPP_ERROR_STREAM’?
[44.572s]   317 |                                                 ROS_ERROR_STREAM("Goal blocked by object");
[44.572s]       |                                                 ^~~~~~~~~~~~~~~~
[44.572s]       |                                                 RCLCPP_ERROR_STREAM
[44.599s] /home/neha/ros2_ws/src/semnav_migration/src/navigation_semantic.cpp:365:85: error: ‘ros’ has not been declared
[44.600s]   365 |                                 ROS_WARN_STREAM("[Navigation] Updated trees in " << ros::Time::now().toSec()-start_time << " seconds.");
[44.600s]       |                                                                                     ^~~
[44.791s] /home/neha/ros2_ws/src/semnav_migration/src/navigation_semantic.cpp:365:33: error: ‘ROS_WARN_STREAM’ was not declared in this scope; did you mean ‘RCLCPP_WARN_STREAM’?
[44.792s]   365 |                                 ROS_WARN_STREAM("[Navigation] Updated trees in " << ros::Time::now().toSec()-start_time << " seconds.");
[44.792s]       |                                 ^~~~~~~~~~~~~~~
[44.792s]       |                                 RCLCPP_WARN_STREAM
[44.795s] /home/neha/ros2_ws/src/semnav_migration/src/navigation_semantic.cpp:368:57: error: ‘ros’ has not been declared
[44.795s]   368 |                                 DiffeoTreeUpdateTime_ = ros::Time::now().toSec();
[44.796s]       |                                                         ^~~
[44.797s] /home/neha/ros2_ws/src/semnav_migration/src/navigation_semantic.cpp: In member function ‘void SemanticNavigationNode::control_callback(const sensor_msgs::msg::LaserScan_<std::allocator<void> >::ConstPtr&, const nav_msgs::msg::Odometry_<std::allocator<void> >::ConstPtr&)’:
[44.798s] /home/neha/ros2_ws/src/semnav_migration/src/navigation_semantic.cpp:396:46: error: ‘ros’ has not been declared
[44.798s]   396 |                         double before_time = ros::Time::now().toSec();
[44.800s]       |                                              ^~~
[44.808s] /home/neha/ros2_ws/src/semnav_migration/src/navigation_semantic.cpp:399:40: error: ‘PoseStamped’ is not a member of ‘geometry_msgs’; did you mean ‘geometry_msgs::msg::PoseStamped’?
[44.809s]   399 |                         geometry_msgs::PoseStamped odomPose, mapPose;
[44.809s]       |                                        ^~~~~~~~~~~
[44.809s] In file included from /home/neha/ros2_ws/src/install/object_pose_interface_msgs/include/object_pose_interface_msgs/object_pose_interface_msgs/msg/detail/semantic_map_object__struct.hpp:28,
[44.811s]                  from /home/neha/ros2_ws/src/install/object_pose_interface_msgs/include/object_pose_interface_msgs/object_pose_interface_msgs/msg/detail/semantic_map_object_array__struct.hpp:25,
[44.811s]                  from /home/neha/ros2_ws/src/install/object_pose_interface_msgs/include/object_pose_interface_msgs/object_pose_interface_msgs/msg/semantic_map_object_array.hpp:7,
[44.812s]                  from /home/neha/ros2_ws/src/semnav_migration/src/navigation_semantic.cpp:26:
[44.812s] /opt/ros/jazzy/include/geometry_msgs/geometry_msgs/msg/detail/pose_stamped__struct.hpp:138:7: note: ‘geometry_msgs::msg::PoseStamped’ declared here
[44.812s]   138 | using PoseStamped =
[44.815s]       |       ^~~~~~~~~~~
[44.900s] /home/neha/ros2_ws/src/semnav_migration/src/navigation_semantic.cpp:400:25: error: ‘odomPose’ was not declared in this scope
[44.900s]   400 |                         odomPose.header.stamp = ros::Time(0);
[44.901s]       |                         ^~~~~~~~
[44.901s] /home/neha/ros2_ws/src/semnav_migration/src/navigation_semantic.cpp:400:49: error: ‘ros’ has not been declared
[44.901s]   400 |                         odomPose.header.stamp = ros::Time(0);
[44.901s]       |                                                 ^~~
[45.027s] /home/neha/ros2_ws/src/semnav_migration/src/navigation_semantic.cpp:404:33: error: ‘listener_’ was not declared in this scope
[45.027s]   404 |                                 listener_.waitForTransform(world_frame_id_, odom_frame_id_, ros::Time(0), ros::Duration(1.0));
[45.028s]       |                                 ^~~~~~~~~
[45.028s] /home/neha/ros2_ws/src/semnav_migration/src/navigation_semantic.cpp:404:93: error: ‘ros’ has not been declared
[45.028s]   404 |                                 listener_.waitForTransform(world_frame_id_, odom_frame_id_, ros::Time(0), ros::Duration(1.0));
[45.028s]       |                                                                                             ^~~
[45.033s] /home/neha/ros2_ws/src/semnav_migration/src/navigation_semantic.cpp:404:107: error: ‘ros’ has not been declared
[45.033s]   404 |                                 listener_.waitForTransform(world_frame_id_, odom_frame_id_, ros::Time(0), ros::Duration(1.0));
[45.034s]       |                                                                                                           ^~~
[45.100s] /home/neha/ros2_ws/src/semnav_migration/src/navigation_semantic.cpp:405:84: error: ‘mapPose’ was not declared in this scope
[45.101s]   405 |                                 listener_.transformPose(world_frame_id_, odomPose, mapPose);
[45.101s]       |                                                                                    ^~~~~~~
[45.114s] /home/neha/ros2_ws/src/semnav_migration/src/navigation_semantic.cpp:406:34: error: ‘tf’ does not name a type; did you mean ‘tm’?
[45.114s]   406 |                         } catch (tf::TransformException &ex) {
[45.115s]       |                                  ^~
[45.115s]       |                                  tm
[45.115s] /home/neha/ros2_ws/src/semnav_migration/src/navigation_semantic.cpp:406:57: error: expected unqualified-id before ‘&’ token
[45.118s]   406 |                         } catch (tf::TransformException &ex) {
[45.118s]       |                                                         ^
[45.118s] /home/neha/ros2_ws/src/semnav_migration/src/navigation_semantic.cpp:406:57: error: expected ‘)’ before ‘&’ token
[45.119s] /home/neha/ros2_ws/src/semnav_migration/src/navigation_semantic.cpp:406:33: note: to match this ‘(’
[45.119s]   406 |                         } catch (tf::TransformException &ex) {
[45.119s]       |                                 ^
[45.122s] /home/neha/ros2_ws/src/semnav_migration/src/navigation_semantic.cpp:406:57: error: expected ‘{’ before ‘&’ token
[45.122s]   406 |                         } catch (tf::TransformException &ex) {
[45.122s]       |                                                         ^
[45.179s] /home/neha/ros2_ws/src/semnav_migration/src/navigation_semantic.cpp:406:58: error: ‘ex’ was not declared in this scope; did you mean ‘exp’?
[45.179s]   406 |                         } catch (tf::TransformException &ex) {
[45.180s]       |                                                          ^~
[45.180s]       |                                                          exp
[45.180s] /home/neha/ros2_ws/src/semnav_migration/src/navigation_semantic.cpp:412:25: error: ‘tf’ has not been declared
[45.183s]   412 |                         tf::Quaternion rotation = tf::Quaternion(mapPose.pose.orientation.x,
[45.183s]       |                         ^~
[45.183s] /home/neha/ros2_ws/src/semnav_migration/src/navigation_semantic.cpp:416:25: error: ‘tf’ has not been declared
[45.184s]   416 |                         tf::Matrix3x3 m(rotation);
[45.184s]       |                         ^~
[45.245s] /home/neha/ros2_ws/src/semnav_migration/src/navigation_semantic.cpp:418:25: error: ‘m’ was not declared in this scope; did you mean ‘tm’?
[45.246s]   418 |                         m.getRPY(roll, pitch, yaw);
[45.246s]       |                         ^
[45.246s]       |                         tm
[45.322s] /home/neha/ros2_ws/src/semnav_migration/src/navigation_semantic.cpp:419:51: error: ‘mapPose’ was not declared in this scope
[45.322s]   419 |                         double x_robot_position = mapPose.pose.position.x;
[45.322s]       |                                                   ^~~~~~~
[45.340s] /home/neha/ros2_ws/src/semnav_migration/src/navigation_semantic.cpp:432:42: error: could not convert ‘lidar_data’ from ‘shared_ptr<LaserScan_<[...]>>’ to ‘shared_ptr<LaserScan_<[...]>>’
[45.340s]   432 |                         constructLIDAR2D(lidar_data, CutoffRange_, AllowableRange_, RobotPitch_, &LIDAR);
[45.341s]       |                                          ^~~~~~~~~~
[45.341s]       |                                          |
[45.341s]       |                                          shared_ptr<LaserScan_<[...]>>
[45.376s] /home/neha/ros2_ws/src/semnav_migration/src/navigation_semantic.cpp:562:96: error: invalid operands of types ‘const char [53]’ and ‘double’ to binary ‘operator<<’
[45.376s]   562 |                         ROS_WARN_STREAM("[Navigation] Diffeomorphism jacobian determinant is " << MatrixDeterminant(RobotPositionTransformedD) << ", robot position is " << bg::dsv(RobotPosition_) << " and robot positon in model space is " << bg::dsv(RobotPositionTransformedPoint));
[45.377s]       |                                         ~~~~~~~~~~~~~~~~~~~~~~~~~~~~~~~~~~~~~~~~~~~~~~~~~~~~~~ ^~ ~~~~~~~~~~~~~~~~~~~~~~~~~~~~~~~~~~~~~~~~~~~~
[45.377s]       |                                         |                                                                          |
[45.377s]       |                                         const char [53]                                                            double
[45.557s] /home/neha/ros2_ws/src/semnav_migration/src/navigation_semantic.cpp:562:25: error: ‘ROS_WARN_STREAM’ was not declared in this scope; did you mean ‘RCLCPP_WARN_STREAM’?
[45.558s]   562 |                         ROS_WARN_STREAM("[Navigation] Diffeomorphism jacobian determinant is " << MatrixDeterminant(RobotPositionTransformedD) << ", robot position is " << bg::dsv(RobotPosition_) << " and robot positon in model space is " << bg::dsv(RobotPositionTransformedPoint));
[45.558s]       |                         ^~~~~~~~~~~~~~~
[45.558s]       |                         RCLCPP_WARN_STREAM
[45.563s] /home/neha/ros2_ws/src/semnav_migration/src/navigation_semantic.cpp:591:41: error: ‘ros’ has not been declared
[45.563s]   591 |                                         ros::Duration(5.0).sleep();
[45.564s]       |                                         ^~~
[45.581s] /home/neha/ros2_ws/src/semnav_migration/src/navigation_semantic.cpp:616:75: error: invalid operands of types ‘const char [32]’ and ‘double’ to binary ‘operator<<’
[45.581s]   616 |                         ROS_WARN_STREAM("[Navigation] Linear command is " << LinearCmd << " and angular command is " << AngularCmd);
[45.581s]       |                                         ~~~~~~~~~~~~~~~~~~~~~~~~~~~~~~~~~ ^~ ~~~~~~~~~
[45.582s]       |                                         |                                    |
[45.582s]       |                                         const char [32]                      double
[45.582s] /home/neha/ros2_ws/src/semnav_migration/src/navigation_semantic.cpp:617:76: error: invalid operands of types ‘const char [33]’ and ‘int’ to binary ‘operator<<’
[45.587s]   617 |                         ROS_WARN_STREAM("[Navigation] Command update for " << int(localDiffeoTreeArray.size()) << " polygons in " << ros::Time::now().toSec()-before_time << " seconds.");
[45.587s]       |                                         ~~~~~~~~~~~~~~~~~~~~~~~~~~~~~~~~~~ ^~ ~~~~~~~~~~~~~~~~~~~~~~~~~~~~~~~~
[45.587s]       |                                         |                                     |
[45.588s]       |                                         const char [33]                       int
[45.589s] /home/neha/ros2_ws/src/semnav_migration/src/navigation_semantic.cpp:617:134: error: ‘ros’ has not been declared
[45.589s]   617 |                         ROS_WARN_STREAM("[Navigation] Command update for " << int(localDiffeoTreeArray.size()) << " polygons in " << ros::Time::now().toSec()-before_time << " seconds.");
[45.589s]       |                                                                                                                                      ^~~
[45.593s] /home/neha/ros2_ws/src/semnav_migration/src/navigation_semantic.cpp: In function ‘int main(int, char**)’:
[45.593s] /home/neha/ros2_ws/src/semnav_migration/src/navigation_semantic.cpp:698:9: error: ‘ros’ has not been declared
[45.593s]   698 |         ros::init(argc, argv, "navigation_semantic");
[45.594s]       |         ^~~
[45.595s] /home/neha/ros2_ws/src/semnav_migration/src/navigation_semantic.cpp:701:9: error: ‘ros’ has not been declared
[45.595s]   701 |         ros::NodeHandle nh("~");
[45.595s]       |         ^~~
[45.635s] /home/neha/ros2_ws/src/semnav_migration/src/navigation_semantic.cpp:704:56: error: ‘nh’ was not declared in this scope
[45.636s]   704 |         SemanticNavigationNode semanticNavigationNode(&nh);
[45.636s]       |                                                        ^~
[65.093s] gmake[2]: *** [CMakeFiles/navigation_semantic.dir/build.make:76: CMakeFiles/navigation_semantic.dir/src/navigation_semantic.cpp.o] Error 1
[65.095s] gmake[1]: *** [CMakeFiles/Makefile2:207: CMakeFiles/navigation_semantic.dir/all] Error 2
[65.096s] gmake[1]: *** Waiting for unfinished jobs....
[70.887s] gmake[2]: *** [CMakeFiles/navigation.dir/build.make:76: CMakeFiles/navigation.dir/src/navigation.cpp.o] Error 1
[70.887s] gmake[1]: *** [CMakeFiles/Makefile2:181: CMakeFiles/navigation.dir/all] Error 2
[70.888s] gmake: *** [Makefile:146: all] Error 2
[70.893s] Invoked command in '/home/neha/ros2_ws/src/semnav_migration/build/semnav' returned '2': CMAKE_PREFIX_PATH=${CMAKE_PREFIX_PATH}:/opt/ros/jazzy DEBUGINFOD_URLS=https://debuginfod.ubuntu.com /usr/bin/cmake --build /home/neha/ros2_ws/src/semnav_migration/build/semnav -- -j2 -l2
