[0.027s] Invoking command in '/home/neha/ros2_ws/src/semnav_migration/build/semnav': CMAKE_PREFIX_PATH=${CMAKE_PREFIX_PATH}:/opt/ros/jazzy DEBUGINFOD_URLS=https://debuginfod.ubuntu.com /usr/bin/cmake --build /home/neha/ros2_ws/src/semnav_migration/build/semnav -- -j2 -l2
[0.190s] [ 14%] Built target reactive_planner
[0.330s] [ 23%] Building CXX object CMakeFiles/navigation_semantic.dir/src/navigation_semantic.cpp.o
[0.330s] [ 23%] Building CXX object CMakeFiles/navigation.dir/src/navigation.cpp.o
[22.181s] /home/neha/ros2_ws/src/semnav_migration/src/navigation.cpp:616:17: error: invalid use of template-name ‘rclcpp::Publisher’ without an argument list
[22.181s]   616 |                 rclcpp::Publisher pub_behaviorID_;
[22.181s]       |                 ^~~~~~
[22.181s] /home/neha/ros2_ws/src/semnav_migration/src/navigation.cpp:617:17: error: invalid use of template-name ‘rclcpp::Publisher’ without an argument list
[22.181s]   617 |                 rclcpp::Publisher pub_behaviorMode_;
[22.181s]       |                 ^~~~~~
[22.181s] /home/neha/ros2_ws/src/semnav_migration/src/navigation.cpp:618:17: error: invalid use of template-name ‘rclcpp::Publisher’ without an argument list
[22.182s]   618 |                 rclcpp::Publisher pub_twist_;
[22.182s]       |                 ^~~~~~
[22.182s] /home/neha/ros2_ws/src/semnav_migration/src/navigation.cpp:620:17: error: invalid use of template-name ‘rclcpp::Publisher’ without an argument list
[22.182s]   620 |                 rclcpp::Publisher pub_semantic_map_;
[22.184s]       |                 ^~~~~~
[22.188s] /home/neha/ros2_ws/src/semnav_migration/src/navigation.cpp:664:22: error: ‘TransformListener’ in namespace ‘tf2’ does not name a type
[22.188s]   664 |                 tf2::TransformListener listener_;
[22.188s]       |                      ^~~~~~~~~~~~~~~~~
[22.190s] /home/neha/ros2_ws/src/semnav_migration/src/navigation.cpp: In constructor ‘NavigationNode::NavigationNode()’:
[22.190s] /home/neha/ros2_ws/src/semnav_migration/src/navigation.cpp:45:50: error: no matching function for call to ‘rclcpp::Node::Node()’
[22.190s]    45 |         NavigationNode() : Node("navigation_node") {
[22.190s]       |                                                  ^
[22.191s] In file included from /opt/ros/jazzy/include/rclcpp/rclcpp/executors/single_threaded_executor.hpp:28,
[22.191s]                  from /opt/ros/jazzy/include/rclcpp/rclcpp/executors.hpp:22,
[22.191s]                  from /opt/ros/jazzy/include/rclcpp/rclcpp/rclcpp.hpp:172,
[22.191s]                  from /home/neha/ros2_ws/src/semnav_migration/include/reactive_planner_lib.h:32,
[22.191s]                  from /home/neha/ros2_ws/src/semnav_migration/src/navigation.cpp:25:
[22.191s] /opt/ros/jazzy/include/rclcpp/rclcpp/node.hpp:1629:3: note: candidate: ‘rclcpp::Node::Node(const rclcpp::Node&, const std::string&)’
[22.191s]  1629 |   Node(
[22.192s]       |   ^~~~
[22.192s] /opt/ros/jazzy/include/rclcpp/rclcpp/node.hpp:1629:3: note:   candidate expects 2 arguments, 0 provided
[22.192s] /opt/ros/jazzy/include/rclcpp/rclcpp/node.hpp:103:12: note: candidate: ‘rclcpp::Node::Node(const std::string&, const std::string&, const rclcpp::NodeOptions&)’
[22.192s]   103 |   explicit Node(
[22.195s]       |            ^~~~
[22.195s] /opt/ros/jazzy/include/rclcpp/rclcpp/node.hpp:103:12: note:   candidate expects 3 arguments, 0 provided
[22.196s] /opt/ros/jazzy/include/rclcpp/rclcpp/node.hpp:91:12: note: candidate: ‘rclcpp::Node::Node(const std::string&, const rclcpp::NodeOptions&)’
[22.196s]    91 |   explicit Node(
[22.196s]       |            ^~~~
[22.196s] /opt/ros/jazzy/include/rclcpp/rclcpp/node.hpp:91:12: note:   candidate expects 2 arguments, 0 provided
[22.312s] /home/neha/ros2_ws/src/semnav_migration/src/navigation.cpp:104:25: error: ‘target_object_’ was not declared in this scope
[22.312s]   104 |                         target_object_ = this->get_parameter("target_object").as_string();
[22.312s]       |                         ^~~~~~~~~~~~~~
[22.459s] /home/neha/ros2_ws/src/semnav_migration/src/navigation.cpp:105:25: error: ‘target_object_length_’ was not declared in this scope
[22.459s]   105 |                         target_object_length_ = this->get_parameter("target_object_length").as_double();
[22.459s]       |                         ^~~~~~~~~~~~~~~~~~~~~
[22.593s] /home/neha/ros2_ws/src/semnav_migration/src/navigation.cpp:106:25: error: ‘target_object_width_’ was not declared in this scope
[22.593s]   106 |                         target_object_width_ = this->get_parameter("target_object_width").as_double();
[22.593s]       |                         ^~~~~~~~~~~~~~~~~~~~
[22.601s] /home/neha/ros2_ws/src/semnav_migration/src/navigation.cpp:138:69: error: ‘UInt32’ is not a member of ‘std_msgs::msg’
[22.602s]   138 |             pub_behaviorID_ = this->create_publisher<std_msgs::msg::UInt32>("pub_behaviorID_topic_", 1);
[22.602s]       |                                                                     ^~~~~~
[22.602s] /home/neha/ros2_ws/src/semnav_migration/src/navigation.cpp:138:76: error: no matching function for call to ‘NavigationNode::create_publisher<<expression error> >(const char [22], int)’
[22.602s]   138 |             pub_behaviorID_ = this->create_publisher<std_msgs::msg::UInt32>("pub_behaviorID_topic_", 1);
[22.602s]       |                               ~~~~~~~~~~~~~~~~~~~~~~~~~~~~~~~~~~~~~~~~~~~~~^~~~~~~~~~~~~~~~~~~~~~~~~~~~
[22.602s] /opt/ros/jazzy/include/rclcpp/rclcpp/node.hpp:197:3: note: candidate: ‘template<class MessageT, class AllocatorT, class PublisherT> std::shared_ptr<PublisherT> rclcpp::Node::create_publisher(const std::string&, const rclcpp::QoS&, const rclcpp::PublisherOptionsWithAllocator<AllocatorT>&)’
[22.602s]   197 |   create_publisher(
[22.603s]       |   ^~~~~~~~~~~~~~~~
[22.603s] /opt/ros/jazzy/include/rclcpp/rclcpp/node.hpp:197:3: note:   template argument deduction/substitution failed:
[22.603s] /home/neha/ros2_ws/src/semnav_migration/src/navigation.cpp:138:76: error: template argument 1 is invalid
[22.603s]   138 |             pub_behaviorID_ = this->create_publisher<std_msgs::msg::UInt32>("pub_behaviorID_topic_", 1);
[22.605s]       |                               ~~~~~~~~~~~~~~~~~~~~~~~~~~~~~~~~~~~~~~~~~~~~~^~~~~~~~~~~~~~~~~~~~~~~~~~~~
[22.606s] /home/neha/ros2_ws/src/semnav_migration/src/navigation.cpp:139:71: error: ‘UInt32’ is not a member of ‘std_msgs::msg’
[22.606s]   139 |             pub_behaviorMode_ = this->create_publisher<std_msgs::msg::UInt32>("pub_behaviorMode_topic_", 1);
[22.606s]       |                                                                       ^~~~~~
[22.606s] /home/neha/ros2_ws/src/semnav_migration/src/navigation.cpp:139:78: error: no matching function for call to ‘NavigationNode::create_publisher<<expression error> >(const char [24], int)’
[22.606s]   139 |             pub_behaviorMode_ = this->create_publisher<std_msgs::msg::UInt32>("pub_behaviorMode_topic_", 1);
[22.606s]       |                                 ~~~~~~~~~~~~~~~~~~~~~~~~~~~~~~~~~~~~~~~~~~~~~^~~~~~~~~~~~~~~~~~~~~~~~~~~~~~
[22.606s] /opt/ros/jazzy/include/rclcpp/rclcpp/node.hpp:197:3: note: candidate: ‘template<class MessageT, class AllocatorT, class PublisherT> std::shared_ptr<PublisherT> rclcpp::Node::create_publisher(const std::string&, const rclcpp::QoS&, const rclcpp::PublisherOptionsWithAllocator<AllocatorT>&)’
[22.607s]   197 |   create_publisher(
[22.607s]       |   ^~~~~~~~~~~~~~~~
[22.607s] /opt/ros/jazzy/include/rclcpp/rclcpp/node.hpp:197:3: note:   template argument deduction/substitution failed:
[22.607s] /home/neha/ros2_ws/src/semnav_migration/src/navigation.cpp:139:78: error: template argument 1 is invalid
[22.607s]   139 |             pub_behaviorMode_ = this->create_publisher<std_msgs::msg::UInt32>("pub_behaviorMode_topic_", 1);
[22.607s]       |                                 ~~~~~~~~~~~~~~~~~~~~~~~~~~~~~~~~~~~~~~~~~~~~~^~~~~~~~~~~~~~~~~~~~~~~~~~~~~~
[22.610s] /home/neha/ros2_ws/src/semnav_migration/src/navigation.cpp:140:64: error: ‘UInt32’ is not a member of ‘std_msgs::msg’
[22.610s]   140 |             pub_twist_ = this->create_publisher<std_msgs::msg::UInt32>("pub_twist_topic_", 1);
[22.611s]       |                                                                ^~~~~~
[22.611s] /home/neha/ros2_ws/src/semnav_migration/src/navigation.cpp:140:71: error: no matching function for call to ‘NavigationNode::create_publisher<<expression error> >(const char [17], int)’
[22.611s]   140 |             pub_twist_ = this->create_publisher<std_msgs::msg::UInt32>("pub_twist_topic_", 1);
[22.611s]       |                          ~~~~~~~~~~~~~~~~~~~~~~~~~~~~~~~~~~~~~~~~~~~~~^~~~~~~~~~~~~~~~~~~~~~~
[22.611s] /opt/ros/jazzy/include/rclcpp/rclcpp/node.hpp:197:3: note: candidate: ‘template<class MessageT, class AllocatorT, class PublisherT> std::shared_ptr<PublisherT> rclcpp::Node::create_publisher(const std::string&, const rclcpp::QoS&, const rclcpp::PublisherOptionsWithAllocator<AllocatorT>&)’
[22.611s]   197 |   create_publisher(
[22.611s]       |   ^~~~~~~~~~~~~~~~
[22.612s] /opt/ros/jazzy/include/rclcpp/rclcpp/node.hpp:197:3: note:   template argument deduction/substitution failed:
[22.612s] /home/neha/ros2_ws/src/semnav_migration/src/navigation.cpp:140:71: error: template argument 1 is invalid
[22.612s]   140 |             pub_twist_ = this->create_publisher<std_msgs::msg::UInt32>("pub_twist_topic_", 1);
[22.612s]       |                          ~~~~~~~~~~~~~~~~~~~~~~~~~~~~~~~~~~~~~~~~~~~~~^~~~~~~~~~~~~~~~~~~~~~~
[22.677s] /home/neha/ros2_ws/src/semnav_migration/src/navigation.cpp:143:116: error: no matching function for call to ‘message_filters::Subscriber<sensor_msgs::msg::LaserScan_<std::allocator<void> > >::Subscriber(rclcpp::Node&, std::string&, int)’
[22.677s]   143 |                         message_filters::Subscriber<sensor_msgs::msg::LaserScan> sub_laser(nh_, sub_laser_topic_, 1);
[22.677s]       |                                                                                                                    ^
[22.678s] In file included from /home/neha/ros2_ws/src/semnav_migration/include/reactive_planner_lib.h:43:
[22.678s] /opt/ros/jazzy/include/message_filters/message_filters/subscriber.h:224:3: note: candidate: ‘message_filters::Subscriber<M, NodeType>::Subscriber() [with M = sensor_msgs::msg::LaserScan_<std::allocator<void> >; NodeType = rclcpp::Node]’
[22.678s]   224 |   Subscriber() = default;
[22.678s]       |   ^~~~~~~~~~
[22.678s] /opt/ros/jazzy/include/message_filters/message_filters/subscriber.h:224:3: note:   candidate expects 0 arguments, 3 provided
[22.678s] /opt/ros/jazzy/include/message_filters/message_filters/subscriber.h:212:3: note: candidate: ‘message_filters::Subscriber<M, NodeType>::Subscriber(NodeType*, const std::string&, rmw_qos_profile_t, rclcpp::SubscriptionOptions) [with M = sensor_msgs::msg::LaserScan_<std::allocator<void> >; NodeType = rclcpp::Node; std::string = std::__cxx11::basic_string<char>; rmw_qos_profile_t = rmw_qos_profile_s; rclcpp::SubscriptionOptions = rclcpp::SubscriptionOptionsWithAllocator<std::allocator<void> >]’
[22.679s]   212 |   Subscriber(
[22.679s]       |   ^~~~~~~~~~
[22.679s] /opt/ros/jazzy/include/message_filters/message_filters/subscriber.h:212:3: note:   candidate expects 4 arguments, 3 provided
[22.679s] /opt/ros/jazzy/include/message_filters/message_filters/subscriber.h:203:3: note: candidate: ‘message_filters::Subscriber<M, NodeType>::Subscriber(NodePtr, const std::string&, rmw_qos_profile_t, rclcpp::SubscriptionOptions) [with M = sensor_msgs::msg::LaserScan_<std::allocator<void> >; NodeType = rclcpp::Node; NodePtr = std::shared_ptr<rclcpp::Node>; std::string = std::__cxx11::basic_string<char>; rmw_qos_profile_t = rmw_qos_profile_s; rclcpp::SubscriptionOptions = rclcpp::SubscriptionOptionsWithAllocator<std::allocator<void> >]’
[22.679s]   203 |   Subscriber(
[22.679s]       |   ^~~~~~~~~~
[22.679s] /opt/ros/jazzy/include/message_filters/message_filters/subscriber.h:203:3: note:   candidate expects 4 arguments, 3 provided
[22.679s] /opt/ros/jazzy/include/message_filters/message_filters/subscriber.h:188:3: note: candidate: ‘message_filters::Subscriber<M, NodeType>::Subscriber(NodeType*, const std::string&, rmw_qos_profile_t) [with M = sensor_msgs::msg::LaserScan_<std::allocator<void> >; NodeType = rclcpp::Node; std::string = std::__cxx11::basic_string<char>; rmw_qos_profile_t = rmw_qos_profile_s]’
[22.680s]   188 |   Subscriber(NodeType * node, const std::string& topic, const rmw_qos_profile_t qos = rmw_qos_profile_default)
[22.680s]       |   ^~~~~~~~~~
[22.680s] /opt/ros/jazzy/include/message_filters/message_filters/subscriber.h:188:25: note:   no known conversion for argument 1 from ‘rclcpp::Node’ to ‘rclcpp::Node*’
[22.682s]   188 |   Subscriber(NodeType * node, const std::string& topic, const rmw_qos_profile_t qos = rmw_qos_profile_default)
[22.682s]       |              ~~~~~~~~~~~^~~~
[22.683s] /opt/ros/jazzy/include/message_filters/message_filters/subscriber.h:183:3: note: candidate: ‘message_filters::Subscriber<M, NodeType>::Subscriber(NodePtr, const std::string&, rmw_qos_profile_t) [with M = sensor_msgs::msg::LaserScan_<std::allocator<void> >; NodeType = rclcpp::Node; NodePtr = std::shared_ptr<rclcpp::Node>; std::string = std::__cxx11::basic_string<char>; rmw_qos_profile_t = rmw_qos_profile_s]’
[22.683s]   183 |   Subscriber(NodePtr node, const std::string& topic, const rmw_qos_profile_t qos = rmw_qos_profile_default)
[22.683s]       |   ^~~~~~~~~~
[22.683s] /opt/ros/jazzy/include/message_filters/message_filters/subscriber.h:183:22: note:   no known conversion for argument 1 from ‘rclcpp::Node’ to ‘message_filters::Subscriber<sensor_msgs::msg::LaserScan_<std::allocator<void> > >::NodePtr’ {aka ‘std::shared_ptr<rclcpp::Node>’}
[22.683s]   183 |   Subscriber(NodePtr node, const std::string& topic, const rmw_qos_profile_t qos = rmw_qos_profile_default)
[22.683s]       |              ~~~~~~~~^~~~
[22.744s] /home/neha/ros2_ws/src/semnav_migration/src/navigation.cpp:144:112: error: no matching function for call to ‘message_filters::Subscriber<nav_msgs::msg::Odometry_<std::allocator<void> > >::Subscriber(rclcpp::Node&, std::string&, int)’
[22.744s]   144 |                         message_filters::Subscriber<nav_msgs::msg::Odometry> sub_robot(nh_, sub_robot_topic_, 1);
[22.744s]       |                                                                                                                ^
[22.744s] /opt/ros/jazzy/include/message_filters/message_filters/subscriber.h:224:3: note: candidate: ‘message_filters::Subscriber<M, NodeType>::Subscriber() [with M = nav_msgs::msg::Odometry_<std::allocator<void> >; NodeType = rclcpp::Node]’
[22.744s]   224 |   Subscriber() = default;
[22.744s]       |   ^~~~~~~~~~
[22.744s] /opt/ros/jazzy/include/message_filters/message_filters/subscriber.h:224:3: note:   candidate expects 0 arguments, 3 provided
[22.745s] /opt/ros/jazzy/include/message_filters/message_filters/subscriber.h:212:3: note: candidate: ‘message_filters::Subscriber<M, NodeType>::Subscriber(NodeType*, const std::string&, rmw_qos_profile_t, rclcpp::SubscriptionOptions) [with M = nav_msgs::msg::Odometry_<std::allocator<void> >; NodeType = rclcpp::Node; std::string = std::__cxx11::basic_string<char>; rmw_qos_profile_t = rmw_qos_profile_s; rclcpp::SubscriptionOptions = rclcpp::SubscriptionOptionsWithAllocator<std::allocator<void> >]’
[22.745s]   212 |   Subscriber(
[22.745s]       |   ^~~~~~~~~~
[22.747s] /opt/ros/jazzy/include/message_filters/message_filters/subscriber.h:212:3: note:   candidate expects 4 arguments, 3 provided
[22.747s] /opt/ros/jazzy/include/message_filters/message_filters/subscriber.h:203:3: note: candidate: ‘message_filters::Subscriber<M, NodeType>::Subscriber(NodePtr, const std::string&, rmw_qos_profile_t, rclcpp::SubscriptionOptions) [with M = nav_msgs::msg::Odometry_<std::allocator<void> >; NodeType = rclcpp::Node; NodePtr = std::shared_ptr<rclcpp::Node>; std::string = std::__cxx11::basic_string<char>; rmw_qos_profile_t = rmw_qos_profile_s; rclcpp::SubscriptionOptions = rclcpp::SubscriptionOptionsWithAllocator<std::allocator<void> >]’
[22.748s]   203 |   Subscriber(
[22.748s]       |   ^~~~~~~~~~
[22.748s] /opt/ros/jazzy/include/message_filters/message_filters/subscriber.h:203:3: note:   candidate expects 4 arguments, 3 provided
[22.748s] /opt/ros/jazzy/include/message_filters/message_filters/subscriber.h:188:3: note: candidate: ‘message_filters::Subscriber<M, NodeType>::Subscriber(NodeType*, const std::string&, rmw_qos_profile_t) [with M = nav_msgs::msg::Odometry_<std::allocator<void> >; NodeType = rclcpp::Node; std::string = std::__cxx11::basic_string<char>; rmw_qos_profile_t = rmw_qos_profile_s]’
[22.748s]   188 |   Subscriber(NodeType * node, const std::string& topic, const rmw_qos_profile_t qos = rmw_qos_profile_default)
[22.748s]       |   ^~~~~~~~~~
[22.748s] /opt/ros/jazzy/include/message_filters/message_filters/subscriber.h:188:25: note:   no known conversion for argument 1 from ‘rclcpp::Node’ to ‘rclcpp::Node*’
[22.749s]   188 |   Subscriber(NodeType * node, const std::string& topic, const rmw_qos_profile_t qos = rmw_qos_profile_default)
[22.749s]       |              ~~~~~~~~~~~^~~~
[22.749s] /opt/ros/jazzy/include/message_filters/message_filters/subscriber.h:183:3: note: candidate: ‘message_filters::Subscriber<M, NodeType>::Subscriber(NodePtr, const std::string&, rmw_qos_profile_t) [with M = nav_msgs::msg::Odometry_<std::allocator<void> >; NodeType = rclcpp::Node; NodePtr = std::shared_ptr<rclcpp::Node>; std::string = std::__cxx11::basic_string<char>; rmw_qos_profile_t = rmw_qos_profile_s]’
[22.749s]   183 |   Subscriber(NodePtr node, const std::string& topic, const rmw_qos_profile_t qos = rmw_qos_profile_default)
[22.751s]       |   ^~~~~~~~~~
[22.751s] /opt/ros/jazzy/include/message_filters/message_filters/subscriber.h:183:22: note:   no known conversion for argument 1 from ‘rclcpp::Node’ to ‘message_filters::Subscriber<nav_msgs::msg::Odometry_<std::allocator<void> > >::NodePtr’ {aka ‘std::shared_ptr<rclcpp::Node>’}
[22.752s]   183 |   Subscriber(NodePtr node, const std::string& topic, const rmw_qos_profile_t qos = rmw_qos_profile_default)
[22.752s]       |              ~~~~~~~~^~~~
[22.878s] /home/neha/ros2_ws/src/semnav_migration/src/navigation.cpp:149:55: error: ‘bind’ is not a member of ‘boost’; did you mean ‘find’?
[22.878s]   149 |                         sync->registerCallback(boost::bind(&NavigationNode::control_callback, this, _1, _2));
[22.879s]       |                                                       ^~~~
[22.879s]       |                                                       find
[22.882s] /home/neha/ros2_ws/src/semnav_migration/src/navigation.cpp:149:101: error: ‘_1’ was not declared in this scope
[22.882s]   149 |                         sync->registerCallback(boost::bind(&NavigationNode::control_callback, this, _1, _2));
[22.882s]       |                                                                                                     ^~
[22.883s] /home/neha/ros2_ws/src/semnav_migration/src/navigation.cpp:149:101: note: suggested alternatives:
[22.884s] In file included from /usr/include/boost/mpl/aux_/include_preprocessed.hpp:37,
[22.884s]                  from /usr/include/boost/mpl/placeholders.hpp:43,
[22.885s]                  from /usr/include/boost/iterator/iterator_categories.hpp:16,
[22.885s]                  from /usr/include/boost/iterator/iterator_facade.hpp:13,
[22.885s]                  from /usr/include/boost/range/iterator_range_core.hpp:27,
[22.885s]                  from /usr/include/boost/lexical_cast.hpp:48,
[22.885s]                  from /usr/include/boost/multiprecision/detail/number_base.hpp:29,
[22.885s]                  from /usr/include/boost/multiprecision/traits/is_variable_precision.hpp:9,
[22.885s]                  from /usr/include/boost/multiprecision/detail/precision.hpp:9,
[22.885s]                  from /usr/include/boost/multiprecision/number.hpp:11,
[22.886s]                  from /usr/include/boost/multiprecision/cpp_int.hpp:19,
[22.886s]                  from /usr/include/boost/multiprecision/cpp_bin_float.hpp:15,
[22.886s]                  from /usr/include/boost/geometry/core/coordinate_promotion.hpp:16,
[22.888s]                  from /usr/include/boost/geometry/core/radian_access.hpp:30,
[22.888s]                  from /usr/include/boost/geometry/geometry.hpp:50,
[22.888s]                  from /usr/include/boost/geometry.hpp:17,
[22.889s]                  from /home/neha/ros2_ws/src/semnav_migration/include/reactive_planner_lib.h:26:
[22.889s] /usr/include/boost/mpl/aux_/preprocessed/gcc/placeholders.hpp:29:16: note:   ‘mpl_::_1’
[22.889s]    29 | typedef arg<1> _1;
[22.889s]       |                ^~
[22.889s] In file included from /usr/include/boost/numeric/conversion/converter_policies.hpp:13,
[22.889s]                  from /usr/include/boost/numeric/conversion/converter.hpp:14,
[22.889s]                  from /usr/include/boost/numeric/conversion/cast.hpp:33,
[22.890s]                  from /usr/include/boost/geometry/core/radian_access.hpp:26:
[22.890s] /usr/include/c++/13/functional:294:48: note:   ‘std::placeholders::_1’
[22.890s]   294 |     _GLIBCXX_PLACEHOLDER const _Placeholder<1> _1;
[22.890s]       |                                                ^~
[22.894s] /usr/include/boost/mpl/aux_/preprocessed/gcc/placeholders.hpp:29:16: note:   ‘mpl_::_1’
[22.894s]    29 | typedef arg<1> _1;
[22.895s]       |                ^~
[22.895s] In file included from /usr/include/boost/describe/members.hpp:20,
[22.895s]                  from /usr/include/boost/container_hash/is_described_class.hpp:11,
[22.895s]                  from /usr/include/boost/container_hash/hash.hpp:18,
[22.895s]                  from /usr/include/boost/functional/hash.hpp:6,
[22.895s]                  from /usr/include/CGAL/Kernel/hash_functions.h:16,
[22.895s]                  from /usr/include/CGAL/Kernel/global_functions.h:25,
[22.896s]                  from /usr/include/CGAL/Cartesian/Cartesian_base.h:22,
[22.896s]                  from /usr/include/CGAL/Simple_cartesian.h:20,
[22.896s]                  from /usr/include/CGAL/Exact_predicates_inexact_constructions_kernel.h:20,
[22.896s]                  from /home/neha/ros2_ws/src/semnav_migration/include/polygeom_lib.h:32,
[22.898s]                  from /home/neha/ros2_ws/src/semnav_migration/include/reactive_planner_lib.h:50:
[22.898s] /usr/include/boost/mp11/bind.hpp:45:7: note:   ‘boost::mp11::_1’
[22.898s]    45 | using _1 = mp_arg<0>;
[22.899s]       |       ^~
[22.899s] /usr/include/boost/mpl/aux_/preprocessed/gcc/placeholders.hpp:29:16: note:   ‘mpl_::_1’
[22.899s]    29 | typedef arg<1> _1;
[22.899s]       |                ^~
[22.899s] /home/neha/ros2_ws/src/semnav_migration/src/navigation.cpp:149:105: error: ‘_2’ was not declared in this scope
[22.899s]   149 |                         sync->registerCallback(boost::bind(&NavigationNode::control_callback, this, _1, _2));
[22.899s]       |                                                                                                         ^~
[22.900s] /home/neha/ros2_ws/src/semnav_migration/src/navigation.cpp:149:105: note: suggested alternatives:
[22.900s] /usr/include/boost/mpl/aux_/preprocessed/gcc/placeholders.hpp:42:16: note:   ‘mpl_::_2’
[22.900s]    42 | typedef arg<2> _2;
[22.900s]       |                ^~
[22.902s] /usr/include/c++/13/functional:295:48: note:   ‘std::placeholders::_2’
[22.902s]   295 |     _GLIBCXX_PLACEHOLDER const _Placeholder<2> _2;
[22.902s]       |                                                ^~
[22.903s] /usr/include/boost/mpl/aux_/preprocessed/gcc/placeholders.hpp:42:16: note:   ‘mpl_::_2’
[22.903s]    42 | typedef arg<2> _2;
[22.903s]       |                ^~
[22.903s] /usr/include/boost/mp11/bind.hpp:46:7: note:   ‘boost::mp11::_2’
[22.903s]    46 | using _2 = mp_arg<1>;
[22.903s]       |       ^~
[22.903s] /usr/include/boost/mpl/aux_/preprocessed/gcc/placeholders.hpp:42:16: note:   ‘mpl_::_2’
[22.904s]    42 | typedef arg<2> _2;
[22.904s]       |                ^~
[22.904s] /home/neha/ros2_ws/src/semnav_migration/src/navigation.cpp:152:20: error: ‘Subscription’ was not declared in this scope
[22.904s]   152 |             rclcpp:Subscription sub_semantic = this->create_subscriber(sub_semantic_topic_, 1);
[22.906s]       |                    ^~~~~~~~~~~~
[22.906s] /home/neha/ros2_ws/src/semnav_migration/src/navigation.cpp:152:20: note: suggested alternatives:
[22.906s] In file included from /opt/ros/jazzy/include/rclcpp/rclcpp/any_executable.hpp:25,
[22.907s]                  from /opt/ros/jazzy/include/rclcpp/rclcpp/memory_strategy.hpp:25,
[22.907s]                  from /opt/ros/jazzy/include/rclcpp/rclcpp/memory_strategies.hpp:18,
[22.907s]                  from /opt/ros/jazzy/include/rclcpp/rclcpp/executor_options.hpp:22,
[22.907s]                  from /opt/ros/jazzy/include/rclcpp/rclcpp/executor.hpp:38,
[22.907s]                  from /opt/ros/jazzy/include/rclcpp/rclcpp/executors/multi_threaded_executor.hpp:25,
[22.907s]                  from /opt/ros/jazzy/include/rclcpp/rclcpp/executors.hpp:21:
[22.907s] /opt/ros/jazzy/include/rclcpp/rclcpp/subscription.hpp:75:7: note:   ‘rclcpp::Subscription’
[22.908s]    75 | class Subscription : public SubscriptionBase
[22.908s]       |       ^~~~~~~~~~~~
[22.908s] In file included from /opt/ros/jazzy/include/rclcpp/rclcpp/client.hpp:45,
[22.908s]                  from /opt/ros/jazzy/include/rclcpp/rclcpp/callback_group.hpp:24,
[22.910s]                  from /opt/ros/jazzy/include/rclcpp/rclcpp/any_executable.hpp:20:
[22.910s] /opt/ros/jazzy/include/rclcpp/rclcpp/node_interfaces/node_graph_interface.hpp:43:3: note:   ‘rclcpp::EndpointType::Subscription’
[22.910s]    43 |   Subscription = RMW_ENDPOINT_SUBSCRIPTION
[22.911s]       |   ^~~~~~~~~~~~
[22.911s] /home/neha/ros2_ws/src/semnav_migration/src/navigation.cpp:156:45: error: no matching function for call to ‘rclcpp::Duration::Duration(double)’
[22.911s]   156 |                         rclcpp::Duration(5.0).sleep();
[22.911s]       |                                             ^
[22.911s] In file included from /opt/ros/jazzy/include/rclcpp/rclcpp/time.hpp:24,
[22.911s]                  from /opt/ros/jazzy/include/rclcpp/rclcpp/clock.hpp:24,
[22.911s]                  from /opt/ros/jazzy/include/rclcpp/rclcpp/client.hpp:38:
[22.912s] /opt/ros/jazzy/include/rclcpp/rclcpp/duration.hpp:49:3: note: candidate: ‘template<class Rep, class Period> rclcpp::Duration::Duration(const std::chrono::duration<_Rep1, _Period1>&)’
[22.912s]    49 |   Duration(const std::chrono::duration<Rep, Period> & duration)  // NOLINT(runtime/explicit)
[22.912s]       |   ^~~~~~~~
[22.912s] /opt/ros/jazzy/include/rclcpp/rclcpp/duration.hpp:49:3: note:   template argument deduction/substitution failed:
[22.914s] /home/neha/ros2_ws/src/semnav_migration/src/navigation.cpp:156:45: note:   mismatched types ‘const std::chrono::duration<_Rep1, _Period1>’ and ‘double’
[22.914s]   156 |                         rclcpp::Duration(5.0).sleep();
[22.914s]       |                                             ^
[22.915s] /opt/ros/jazzy/include/rclcpp/rclcpp/duration.hpp:159:3: note: candidate: ‘rclcpp::Duration::Duration()’
[22.915s]   159 |   Duration() = default;
[22.915s]       |   ^~~~~~~~
[22.915s] /opt/ros/jazzy/include/rclcpp/rclcpp/duration.hpp:159:3: note:   candidate expects 0 arguments, 1 provided
[22.915s] /opt/ros/jazzy/include/rclcpp/rclcpp/duration.hpp:62:3: note: candidate: ‘rclcpp::Duration::Duration(const rclcpp::Duration&)’
[22.915s]    62 |   Duration(const Duration & rhs);
[22.915s]       |   ^~~~~~~~
[22.916s] /opt/ros/jazzy/include/rclcpp/rclcpp/duration.hpp:62:29: note:   no known conversion for argument 1 from ‘double’ to ‘const rclcpp::Duration&’
[22.916s]    62 |   Duration(const Duration & rhs);
[22.916s]       |            ~~~~~~~~~~~~~~~~~^~~
[22.916s] /opt/ros/jazzy/include/rclcpp/rclcpp/duration.hpp:60:12: note: candidate: ‘rclcpp::Duration::Duration(const rcl_duration_t&)’
[22.918s]    60 |   explicit Duration(const rcl_duration_t & duration);
[22.918s]       |            ^~~~~~~~
[22.918s] /opt/ros/jazzy/include/rclcpp/rclcpp/duration.hpp:60:44: note:   no known conversion for argument 1 from ‘double’ to ‘const rcl_duration_t&’ {aka ‘const rcl_duration_s&’}
[22.919s]    60 |   explicit Duration(const rcl_duration_t & duration);
[22.919s]       |                     ~~~~~~~~~~~~~~~~~~~~~~~^~~~~~~~
[22.919s] /opt/ros/jazzy/include/rclcpp/rclcpp/duration.hpp:54:3: note: candidate: ‘rclcpp::Duration::Duration(const builtin_interfaces::msg::Duration&)’
[22.919s]    54 |   Duration(const builtin_interfaces::msg::Duration & duration_msg);  // NOLINT(runtime/explicit)
[22.919s]       |   ^~~~~~~~
[22.919s] /opt/ros/jazzy/include/rclcpp/rclcpp/duration.hpp:54:54: note:   no known conversion for argument 1 from ‘double’ to ‘const builtin_interfaces::msg::Duration&’ {aka ‘const builtin_interfaces::msg::Duration_<std::allocator<void> >&’}
[22.919s]    54 |   Duration(const builtin_interfaces::msg::Duration & duration_msg);  // NOLINT(runtime/explicit)
[22.919s]       |            ~~~~~~~~~~~~~~~~~~~~~~~~~~~~~~~~~~~~~~~~~~^~~~~~~~~~~~
[22.920s] /opt/ros/jazzy/include/rclcpp/rclcpp/duration.hpp:43:12: note: candidate: ‘rclcpp::Duration::Duration(std::chrono::nanoseconds)’
[22.920s]    43 |   explicit Duration(std::chrono::nanoseconds nanoseconds);
[22.920s]       |            ^~~~~~~~
[22.922s] /opt/ros/jazzy/include/rclcpp/rclcpp/duration.hpp:43:46: note:   no known conversion for argument 1 from ‘double’ to ‘std::chrono::nanoseconds’ {aka ‘std::chrono::duration<long int, std::ratio<1, 1000000000> >’}
[22.922s]    43 |   explicit Duration(std::chrono::nanoseconds nanoseconds);
[22.922s]       |                     ~~~~~~~~~~~~~~~~~~~~~~~~~^~~~~~~~~~~
[22.923s] /opt/ros/jazzy/include/rclcpp/rclcpp/duration.hpp:40:3: note: candidate: ‘rclcpp::Duration::Duration(int32_t, uint32_t)’
[22.923s]    40 |   Duration(int32_t seconds, uint32_t nanoseconds);
[22.923s]       |   ^~~~~~~~
[22.923s] /opt/ros/jazzy/include/rclcpp/rclcpp/duration.hpp:40:3: note:   candidate expects 2 arguments, 1 provided
[22.950s] /home/neha/ros2_ws/src/semnav_migration/src/navigation.cpp:163:38: error: ‘node_ptr’ was not declared in this scope; did you mean ‘mode_t’?
[22.950s]   163 |                         rclcpp::spin(node_ptr);
[22.950s]       |                                      ^~~~~~~~
[22.950s]       |                                      mode_t
[22.962s] /home/neha/ros2_ws/src/semnav_migration/src/navigation.cpp: In member function ‘void NavigationNode::publish_behavior_id(uint16_t)’:
[22.962s] /home/neha/ros2_ws/src/semnav_migration/src/navigation.cpp:175:28: error: ‘UInt32’ is not a member of ‘std_msgs::msg’
[22.963s]   175 |             std_msgs::msg::UInt32 commandId;
[22.963s]       |                            ^~~~~~
[23.011s] /home/neha/ros2_ws/src/semnav_migration/src/navigation.cpp:176:25: error: ‘commandId’ was not declared in this scope
[23.011s]   176 |                         commandId.data = BehaviorIdCmd;
[23.012s]       |                         ^~~~~~~~~
[23.014s] /home/neha/ros2_ws/src/semnav_migration/src/navigation.cpp: In member function ‘void NavigationNode::publish_behavior_mode(uint16_t)’:
[23.015s] /home/neha/ros2_ws/src/semnav_migration/src/navigation.cpp:182:28: error: ‘UInt32’ is not a member of ‘std_msgs::msg’
[23.015s]   182 |             std_msgs::msg::UInt32 commandMode;
[23.015s]       |                            ^~~~~~
[23.081s] /home/neha/ros2_ws/src/semnav_migration/src/navigation.cpp:183:25: error: ‘commandMode’ was not declared in this scope
[23.082s]   183 |                         commandMode.data = BehaviorModeCmd;
[23.082s]       |                         ^~~~~~~~~~~
[23.134s] /home/neha/ros2_ws/src/semnav_migration/src/navigation.cpp: In member function ‘void NavigationNode::diffeo_tree_update(const object_pose_interface_msgs::msg::SemanticMapObjectArray_<std::allocator<void> >::ConstPtr&)’:
[23.134s] /home/neha/ros2_ws/src/semnav_migration/src/navigation.cpp:254:43: error: ‘now’ is not a member of ‘rclcpp::Time’
[23.134s]   254 |                         if (rclcpp::Time::now().toSec() - DiffeoTreeUpdateTime_ < (1.0/DiffeoTreeUpdateRate_)) {
[23.134s]       |                                           ^~~
[23.134s] /home/neha/ros2_ws/src/semnav_migration/src/navigation.cpp:259:67: error: ‘now’ is not a member of ‘rclcpp::Time’
[23.135s]   259 |                                 double start_time = rclcpp::Time::now().toSec();
[23.135s]       |                                                                   ^~~
[23.166s] /home/neha/ros2_ws/src/semnav_migration/src/navigation.cpp:327:99: error: ‘now’ is not a member of ‘rclcpp::Time’
[23.166s]   327 |                                 ROS_WARN_STREAM("[Navigation] Updated trees in " << rclcpp::Time::now().toSec()-start_time << " seconds.");
[23.167s]       |                                                                                                   ^~~
[23.260s] /home/neha/ros2_ws/src/semnav_migration/src/navigation.cpp:327:33: error: ‘ROS_WARN_STREAM’ was not declared in this scope; did you mean ‘RCLCPP_WARN_STREAM’?
[23.260s]   327 |                                 ROS_WARN_STREAM("[Navigation] Updated trees in " << rclcpp::Time::now().toSec()-start_time << " seconds.");
[23.260s]       |                                 ^~~~~~~~~~~~~~~
[23.260s]       |                                 RCLCPP_WARN_STREAM
[23.260s] /home/neha/ros2_ws/src/semnav_migration/src/navigation.cpp:330:71: error: ‘now’ is not a member of ‘rclcpp::Time’
[23.260s]   330 |                                 DiffeoTreeUpdateTime_ = rclcpp::Time::now().toSec();
[23.260s]       |                                                                       ^~~
[23.263s] /home/neha/ros2_ws/src/semnav_migration/src/navigation.cpp: In member function ‘void NavigationNode::control_callback(const sensor_msgs::msg::LaserScan_<std::allocator<void> >::ConstPtr&, const nav_msgs::msg::Odometry_<std::allocator<void> >::ConstPtr&)’:
[23.263s] /home/neha/ros2_ws/src/semnav_migration/src/navigation.cpp:357:60: error: ‘now’ is not a member of ‘rclcpp::Time’
[23.264s]   357 |                         double before_time = rclcpp::Time::now().toSec();
[23.264s]       |                                                            ^~~
[23.313s] /home/neha/ros2_ws/src/semnav_migration/src/navigation.cpp:365:33: error: ‘listener_’ was not declared in this scope
[23.313s]   365 |                                 listener_.waitForTransform(world_frame_id_, odom_frame_id_, rclcpp::Time(0), rclcpp::Duration(1.0));
[23.313s]       |                                 ^~~~~~~~~
[23.314s] /home/neha/ros2_ws/src/semnav_migration/src/navigation.cpp:365:130: error: no matching function for call to ‘rclcpp::Duration::Duration(double)’
[23.314s]   365 |                                 listener_.waitForTransform(world_frame_id_, odom_frame_id_, rclcpp::Time(0), rclcpp::Duration(1.0));
[23.314s]       |                                                                                                                                  ^
[23.314s] /opt/ros/jazzy/include/rclcpp/rclcpp/duration.hpp:49:3: note: candidate: ‘template<class Rep, class Period> rclcpp::Duration::Duration(const std::chrono::duration<_Rep1, _Period1>&)’
[23.314s]    49 |   Duration(const std::chrono::duration<Rep, Period> & duration)  // NOLINT(runtime/explicit)
[23.314s]       |   ^~~~~~~~
[23.314s] /opt/ros/jazzy/include/rclcpp/rclcpp/duration.hpp:49:3: note:   template argument deduction/substitution failed:
[23.315s] /home/neha/ros2_ws/src/semnav_migration/src/navigation.cpp:365:130: note:   mismatched types ‘const std::chrono::duration<_Rep1, _Period1>’ and ‘double’
[23.315s]   365 |                                 listener_.waitForTransform(world_frame_id_, odom_frame_id_, rclcpp::Time(0), rclcpp::Duration(1.0));
[23.315s]       |                                                                                                                                  ^
[23.315s] /opt/ros/jazzy/include/rclcpp/rclcpp/duration.hpp:159:3: note: candidate: ‘rclcpp::Duration::Duration()’
[23.315s]   159 |   Duration() = default;
[23.315s]       |   ^~~~~~~~
[23.315s] /opt/ros/jazzy/include/rclcpp/rclcpp/duration.hpp:159:3: note:   candidate expects 0 arguments, 1 provided
[23.315s] /opt/ros/jazzy/include/rclcpp/rclcpp/duration.hpp:62:3: note: candidate: ‘rclcpp::Duration::Duration(const rclcpp::Duration&)’
[23.316s]    62 |   Duration(const Duration & rhs);
[23.316s]       |   ^~~~~~~~
[23.316s] /opt/ros/jazzy/include/rclcpp/rclcpp/duration.hpp:62:29: note:   no known conversion for argument 1 from ‘double’ to ‘const rclcpp::Duration&’
[23.320s]    62 |   Duration(const Duration & rhs);
[23.320s]       |            ~~~~~~~~~~~~~~~~~^~~
[23.320s] /opt/ros/jazzy/include/rclcpp/rclcpp/duration.hpp:60:12: note: candidate: ‘rclcpp::Duration::Duration(const rcl_duration_t&)’
[23.321s]    60 |   explicit Duration(const rcl_duration_t & duration);
[23.321s]       |            ^~~~~~~~
[23.321s] /opt/ros/jazzy/include/rclcpp/rclcpp/duration.hpp:60:44: note:   no known conversion for argument 1 from ‘double’ to ‘const rcl_duration_t&’ {aka ‘const rcl_duration_s&’}
[23.321s]    60 |   explicit Duration(const rcl_duration_t & duration);
[23.321s]       |                     ~~~~~~~~~~~~~~~~~~~~~~~^~~~~~~~
[23.321s] /opt/ros/jazzy/include/rclcpp/rclcpp/duration.hpp:54:3: note: candidate: ‘rclcpp::Duration::Duration(const builtin_interfaces::msg::Duration&)’
[23.321s]    54 |   Duration(const builtin_interfaces::msg::Duration & duration_msg);  // NOLINT(runtime/explicit)
[23.322s]       |   ^~~~~~~~
[23.322s] /opt/ros/jazzy/include/rclcpp/rclcpp/duration.hpp:54:54: note:   no known conversion for argument 1 from ‘double’ to ‘const builtin_interfaces::msg::Duration&’ {aka ‘const builtin_interfaces::msg::Duration_<std::allocator<void> >&’}
[23.322s]    54 |   Duration(const builtin_interfaces::msg::Duration & duration_msg);  // NOLINT(runtime/explicit)
[23.322s]       |            ~~~~~~~~~~~~~~~~~~~~~~~~~~~~~~~~~~~~~~~~~~^~~~~~~~~~~~
[23.324s] /opt/ros/jazzy/include/rclcpp/rclcpp/duration.hpp:43:12: note: candidate: ‘rclcpp::Duration::Duration(std::chrono::nanoseconds)’
[23.324s]    43 |   explicit Duration(std::chrono::nanoseconds nanoseconds);
[23.324s]       |            ^~~~~~~~
[23.325s] /opt/ros/jazzy/include/rclcpp/rclcpp/duration.hpp:43:46: note:   no known conversion for argument 1 from ‘double’ to ‘std::chrono::nanoseconds’ {aka ‘std::chrono::duration<long int, std::ratio<1, 1000000000> >’}
[23.325s]    43 |   explicit Duration(std::chrono::nanoseconds nanoseconds);
[23.325s]       |                     ~~~~~~~~~~~~~~~~~~~~~~~~~^~~~~~~~~~~
[23.325s] /opt/ros/jazzy/include/rclcpp/rclcpp/duration.hpp:40:3: note: candidate: ‘rclcpp::Duration::Duration(int32_t, uint32_t)’
[23.325s]    40 |   Duration(int32_t seconds, uint32_t nanoseconds);
[23.325s]       |   ^~~~~~~~
[23.325s] /opt/ros/jazzy/include/rclcpp/rclcpp/duration.hpp:40:3: note:   candidate expects 2 arguments, 1 provided
[23.363s] /home/neha/ros2_ws/src/semnav_migration/src/navigation.cpp:368:33: error: ‘ROS_ERROR’ was not declared in this scope
[23.364s]   368 |                                 ROS_ERROR("%s",ex.what());
[23.364s]       |                                 ^~~~~~~~~
[23.364s] /home/neha/ros2_ws/src/semnav_migration/src/navigation.cpp:395:42: error: could not convert ‘lidar_data’ from ‘shared_ptr<LaserScan_<[...]>>’ to ‘shared_ptr<LaserScan_<[...]>>’
[23.364s]   395 |                         constructLIDAR2D(lidar_data, CutoffRange_, AllowableRange_, RobotPitch_, &LIDAR);
[23.365s]       |                                          ^~~~~~~~~~
[23.365s]       |                                          |
[23.365s]       |                                          shared_ptr<LaserScan_<[...]>>
[23.384s] /home/neha/ros2_ws/src/semnav_migration/src/navigation.cpp:569:53: error: no matching function for call to ‘rclcpp::Duration::Duration(double)’
[23.385s]   569 |                                 rclcpp::Duration(5.0).sleep();
[23.385s]       |                                                     ^
[23.385s] /opt/ros/jazzy/include/rclcpp/rclcpp/duration.hpp:49:3: note: candidate: ‘template<class Rep, class Period> rclcpp::Duration::Duration(const std::chrono::duration<_Rep1, _Period1>&)’
[23.385s]    49 |   Duration(const std::chrono::duration<Rep, Period> & duration)  // NOLINT(runtime/explicit)
[23.385s]       |   ^~~~~~~~
[23.385s] /opt/ros/jazzy/include/rclcpp/rclcpp/duration.hpp:49:3: note:   template argument deduction/substitution failed:
[23.385s] /home/neha/ros2_ws/src/semnav_migration/src/navigation.cpp:569:53: note:   mismatched types ‘const std::chrono::duration<_Rep1, _Period1>’ and ‘double’
[23.386s]   569 |                                 rclcpp::Duration(5.0).sleep();
[23.386s]       |                                                     ^
[23.386s] /opt/ros/jazzy/include/rclcpp/rclcpp/duration.hpp:159:3: note: candidate: ‘rclcpp::Duration::Duration()’
[23.386s]   159 |   Duration() = default;
[23.389s]       |   ^~~~~~~~
[23.389s] /opt/ros/jazzy/include/rclcpp/rclcpp/duration.hpp:159:3: note:   candidate expects 0 arguments, 1 provided
[23.390s] /opt/ros/jazzy/include/rclcpp/rclcpp/duration.hpp:62:3: note: candidate: ‘rclcpp::Duration::Duration(const rclcpp::Duration&)’
[23.390s]    62 |   Duration(const Duration & rhs);
[23.390s]       |   ^~~~~~~~
[23.390s] /opt/ros/jazzy/include/rclcpp/rclcpp/duration.hpp:62:29: note:   no known conversion for argument 1 from ‘double’ to ‘const rclcpp::Duration&’
[23.390s]    62 |   Duration(const Duration & rhs);
[23.390s]       |            ~~~~~~~~~~~~~~~~~^~~
[23.390s] /opt/ros/jazzy/include/rclcpp/rclcpp/duration.hpp:60:12: note: candidate: ‘rclcpp::Duration::Duration(const rcl_duration_t&)’
[23.390s]    60 |   explicit Duration(const rcl_duration_t & duration);
[23.391s]       |            ^~~~~~~~
[23.391s] /opt/ros/jazzy/include/rclcpp/rclcpp/duration.hpp:60:44: note:   no known conversion for argument 1 from ‘double’ to ‘const rcl_duration_t&’ {aka ‘const rcl_duration_s&’}
[23.391s]    60 |   explicit Duration(const rcl_duration_t & duration);
[23.391s]       |                     ~~~~~~~~~~~~~~~~~~~~~~~^~~~~~~~
[23.393s] /opt/ros/jazzy/include/rclcpp/rclcpp/duration.hpp:54:3: note: candidate: ‘rclcpp::Duration::Duration(const builtin_interfaces::msg::Duration&)’
[23.393s]    54 |   Duration(const builtin_interfaces::msg::Duration & duration_msg);  // NOLINT(runtime/explicit)
[23.394s]       |   ^~~~~~~~
[23.394s] /opt/ros/jazzy/include/rclcpp/rclcpp/duration.hpp:54:54: note:   no known conversion for argument 1 from ‘double’ to ‘const builtin_interfaces::msg::Duration&’ {aka ‘const builtin_interfaces::msg::Duration_<std::allocator<void> >&’}
[23.394s]    54 |   Duration(const builtin_interfaces::msg::Duration & duration_msg);  // NOLINT(runtime/explicit)
[23.394s]       |            ~~~~~~~~~~~~~~~~~~~~~~~~~~~~~~~~~~~~~~~~~~^~~~~~~~~~~~
[23.394s] /opt/ros/jazzy/include/rclcpp/rclcpp/duration.hpp:43:12: note: candidate: ‘rclcpp::Duration::Duration(std::chrono::nanoseconds)’
[23.394s]    43 |   explicit Duration(std::chrono::nanoseconds nanoseconds);
[23.394s]       |            ^~~~~~~~
[23.394s] /opt/ros/jazzy/include/rclcpp/rclcpp/duration.hpp:43:46: note:   no known conversion for argument 1 from ‘double’ to ‘std::chrono::nanoseconds’ {aka ‘std::chrono::duration<long int, std::ratio<1, 1000000000> >’}
[23.395s]    43 |   explicit Duration(std::chrono::nanoseconds nanoseconds);
[23.395s]       |                     ~~~~~~~~~~~~~~~~~~~~~~~~~^~~~~~~~~~~
[23.395s] /opt/ros/jazzy/include/rclcpp/rclcpp/duration.hpp:40:3: note: candidate: ‘rclcpp::Duration::Duration(int32_t, uint32_t)’
[23.397s]    40 |   Duration(int32_t seconds, uint32_t nanoseconds);
[23.397s]       |   ^~~~~~~~
[23.397s] /opt/ros/jazzy/include/rclcpp/rclcpp/duration.hpp:40:3: note:   candidate expects 2 arguments, 1 provided
[23.477s] /home/neha/ros2_ws/src/semnav_migration/src/navigation.cpp:572:33: error: ‘ROS_WARN_STREAM’ was not declared in this scope; did you mean ‘RCLCPP_WARN_STREAM’?
[23.478s]   572 |                                 ROS_WARN_STREAM("[Navigation] Successfully navigated to goal and stopped...");
[23.478s]       |                                 ^~~~~~~~~~~~~~~
[23.478s]       |                                 RCLCPP_WARN_STREAM
[23.485s] /home/neha/ros2_ws/src/semnav_migration/src/navigation.cpp:595:75: error: invalid operands of types ‘const char [32]’ and ‘double’ to binary ‘operator<<’
[23.486s]   595 |                         ROS_WARN_STREAM("[Navigation] Linear command is " << LinearCmd << " and angular command is " << AngularCmd);
[23.486s]       |                                         ~~~~~~~~~~~~~~~~~~~~~~~~~~~~~~~~~ ^~ ~~~~~~~~~
[23.486s]       |                                         |                                    |
[23.486s]       |                                         const char [32]                      double
[23.544s] /home/neha/ros2_ws/src/semnav_migration/src/navigation_semantic.cpp:240:47: error: ‘object_pose_interface_msgs’ does not name a type
[23.544s]   240 |                 void diffeo_tree_update(const object_pose_interface_msgs::msg::SemanticMapObjectArray::ConstPtr& semantic_map_data) {
[23.544s]       |                                               ^~~~~~~~~~~~~~~~~~~~~~~~~~
[23.544s] /home/neha/ros2_ws/src/semnav_migration/src/navigation_semantic.cpp:240:78: error: expected unqualified-id before ‘::’ token
[23.545s]   240 |                 void diffeo_tree_update(const object_pose_interface_msgs::msg::SemanticMapObjectArray::ConstPtr& semantic_map_data) {
[23.545s]       |                                                                              ^~
[23.545s] /home/neha/ros2_ws/src/semnav_migration/src/navigation_semantic.cpp:240:78: error: expected ‘)’ before ‘::’ token
[23.545s]   240 |                 void diffeo_tree_update(const object_pose_interface_msgs::msg::SemanticMapObjectArray::ConstPtr& semantic_map_data) {
[23.545s]       |                                        ~                                     ^~
[23.545s]       |                                                                              )
[23.548s] /home/neha/ros2_ws/src/semnav_migration/src/navigation_semantic.cpp:240:75: error: expected ‘;’ at end of member declaration
[23.548s]   240 |                 void diffeo_tree_update(const object_pose_interface_msgs::msg::SemanticMapObjectArray::ConstPtr& semantic_map_data) {
[23.549s]       |                                                                           ^~~
[23.549s]       |                                                                              ;
[23.571s] /home/neha/ros2_ws/src/semnav_migration/src/navigation.cpp:595:25: error: ‘ROS_WARN_STREAM’ was not declared in this scope; did you mean ‘RCLCPP_WARN_STREAM’?
[23.571s]   595 |                         ROS_WARN_STREAM("[Navigation] Linear command is " << LinearCmd << " and angular command is " << AngularCmd);
[23.571s]       |                         ^~~~~~~~~~~~~~~
[23.571s]       |                         RCLCPP_WARN_STREAM
[23.571s] /home/neha/ros2_ws/src/semnav_migration/src/navigation.cpp:596:76: error: invalid operands of types ‘const char [33]’ and ‘int’ to binary ‘operator<<’
[23.572s]   596 |                         ROS_WARN_STREAM("[Navigation] Command update for " << int(localDiffeoTreeArray.size()) << " polygons in " << rclcpp::Time::now().toSec()-before_time << " seconds.");
[23.572s]       |                                         ~~~~~~~~~~~~~~~~~~~~~~~~~~~~~~~~~~ ^~ ~~~~~~~~~~~~~~~~~~~~~~~~~~~~~~~~
[23.572s]       |                                         |                                     |
[23.572s]       |                                         const char [33]                       int
[23.572s] /home/neha/ros2_ws/src/semnav_migration/src/navigation.cpp:596:148: error: ‘now’ is not a member of ‘rclcpp::Time’
[23.572s]   596 |                         ROS_WARN_STREAM("[Navigation] Command update for " << int(localDiffeoTreeArray.size()) << " polygons in " << rclcpp::Time::now().toSec()-before_time << " seconds.");
[23.572s]       |                                                                                                                                                    ^~~
[23.587s] /home/neha/ros2_ws/src/semnav_migration/src/navigation_semantic.cpp:240:80: error: ‘SemanticMapObjectArray’ in namespace ‘::’ does not name a type
[23.587s]   240 |                 void diffeo_tree_update(const object_pose_interface_msgs::msg::SemanticMapObjectArray::ConstPtr& semantic_map_data) {
[23.587s]       |                                                                                ^~~~~~~~~~~~~~~~~~~~~~
[23.594s] /home/neha/ros2_ws/src/semnav_migration/src/navigation_semantic.cpp:623:17: error: ‘ros’ does not name a type
[23.594s]   623 |                 ros::NodeHandle nh_;
[23.594s]       |                 ^~~
[23.601s] /home/neha/ros2_ws/src/semnav_migration/src/navigation_semantic.cpp:640:17: error: ‘ros’ does not name a type
[23.602s]   640 |                 ros::Publisher pub_behaviorID_;
[23.602s]       |                 ^~~
[23.609s] /home/neha/ros2_ws/src/semnav_migration/src/navigation_semantic.cpp:641:17: error: ‘ros’ does not name a type
[23.609s]   641 |                 ros::Publisher pub_behaviorMode_;
[23.609s]       |                 ^~~
[23.616s] /home/neha/ros2_ws/src/semnav_migration/src/navigation_semantic.cpp:642:17: error: ‘ros’ does not name a type
[23.616s]   642 |                 ros::Publisher pub_twist_;
[23.616s]       |                 ^~~
[23.623s] /home/neha/ros2_ws/src/semnav_migration/src/navigation_semantic.cpp:644:17: error: ‘ros’ does not name a type
[23.623s]   644 |                 ros::Publisher pub_semantic_map_;
[23.623s]       |                 ^~~
[23.639s] /home/neha/ros2_ws/src/semnav_migration/src/navigation_semantic.cpp:690:17: error: ‘tf’ does not name a type; did you mean ‘tm’?
[23.639s]   690 |                 tf::TransformListener listener_;
[23.639s]       |                 ^~
[23.639s]       |                 tm
[23.761s] /home/neha/ros2_ws/src/semnav_migration/src/navigation_semantic.cpp: In constructor ‘SemanticNavigationNode::SemanticNavigationNode()’:
[23.761s] /home/neha/ros2_ws/src/semnav_migration/src/navigation_semantic.cpp:136:25: error: ‘pub_behaviorID_’ was not declared in this scope; did you mean ‘pub_behaviorID_topic_’?
[23.761s]   136 |                         pub_behaviorID_ = nh_.advertise<std_msgs::UInt32>(pub_behaviorID_topic_, 1, true);
[23.761s]       |                         ^~~~~~~~~~~~~~~
[23.761s]       |                         pub_behaviorID_topic_
[23.798s] /home/neha/ros2_ws/src/semnav_migration/src/navigation_semantic.cpp:136:43: error: ‘nh_’ was not declared in this scope
[23.799s]   136 |                         pub_behaviorID_ = nh_.advertise<std_msgs::UInt32>(pub_behaviorID_topic_, 1, true);
[23.799s]       |                                           ^~~
[23.805s] /home/neha/ros2_ws/src/semnav_migration/src/navigation_semantic.cpp:136:67: error: ‘UInt32’ is not a member of ‘std_msgs’
[23.805s]   136 |                         pub_behaviorID_ = nh_.advertise<std_msgs::UInt32>(pub_behaviorID_topic_, 1, true);
[23.806s]       |                                                                   ^~~~~~
[23.905s] /home/neha/ros2_ws/src/semnav_migration/src/navigation_semantic.cpp:137:25: error: ‘pub_behaviorMode_’ was not declared in this scope; did you mean ‘pub_behaviorMode_topic_’?
[23.905s]   137 |                         pub_behaviorMode_ = nh_.advertise<std_msgs::UInt32>(pub_behaviorMode_topic_, 1, true);
[23.905s]       |                         ^~~~~~~~~~~~~~~~~
[23.905s]       |                         pub_behaviorMode_topic_
[23.911s] /home/neha/ros2_ws/src/semnav_migration/src/navigation_semantic.cpp:137:69: error: ‘UInt32’ is not a member of ‘std_msgs’
[23.911s]   137 |                         pub_behaviorMode_ = nh_.advertise<std_msgs::UInt32>(pub_behaviorMode_topic_, 1, true);
[23.912s]       |                                                                     ^~~~~~
[23.965s] /home/neha/ros2_ws/src/semnav_migration/src/navigation_semantic.cpp:138:25: error: ‘pub_twist_’ was not declared in this scope; did you mean ‘publish_twist’?
[23.965s]   138 |                         pub_twist_ = nh_.advertise<geometry_msgs::msg::Twist>(pub_twist_topic_, 1, true);
[23.965s]       |                         ^~~~~~~~~~
[23.965s]       |                         publish_twist
[23.966s] /home/neha/ros2_ws/src/semnav_migration/src/navigation_semantic.cpp:138:77: error: expected primary-expression before ‘>’ token
[23.966s]   138 |                         pub_twist_ = nh_.advertise<geometry_msgs::msg::Twist>(pub_twist_topic_, 1, true);
[23.966s]       |                                                                             ^
[23.968s] /home/neha/ros2_ws/src/semnav_migration/src/navigation_semantic.cpp:141:42: error: ‘message_filters::msg’ has not been declared
[23.968s]   141 |                         message_filters::msg::Subscriber<sensor_msgs::LaserScan> sub_laser(nh_, sub_laser_topic_, 1);
[23.969s]       |                                          ^~~
[23.971s] /home/neha/ros2_ws/src/semnav_migration/src/navigation_semantic.cpp:141:71: error: ‘LaserScan’ is not a member of ‘sensor_msgs’; did you mean ‘sensor_msgs::msg::LaserScan’?
[23.972s]   141 |                         message_filters::msg::Subscriber<sensor_msgs::LaserScan> sub_laser(nh_, sub_laser_topic_, 1);
[23.972s]       |                                                                       ^~~~~~~~~
[23.972s] In file included from /opt/ros/jazzy/include/sensor_msgs/sensor_msgs/msg/laser_scan.hpp:7,
[23.973s]                  from /home/neha/ros2_ws/src/semnav_migration/include/reactive_planner_lib.h:46,
[23.973s]                  from /home/neha/ros2_ws/src/semnav_migration/src/navigation_semantic.cpp:25:
[23.973s] /opt/ros/jazzy/include/sensor_msgs/sensor_msgs/msg/detail/laser_scan__struct.hpp:250:7: note: ‘sensor_msgs::msg::LaserScan’ declared here
[23.973s]   250 | using LaserScan =
[23.973s]       |       ^~~~~~~~~
[24.029s] /home/neha/ros2_ws/src/semnav_migration/src/navigation_semantic.cpp:141:82: error: ‘sub_laser’ was not declared in this scope
[24.029s]   141 |                         message_filters::msg::Subscriber<sensor_msgs::LaserScan> sub_laser(nh_, sub_laser_topic_, 1);
[24.030s]       |                                                                                  ^~~~~~~~~
[24.102s] /home/neha/ros2_ws/src/semnav_migration/src/navigation_semantic.cpp:143:94: error: ‘LaserScan’ is not a member of ‘sensor_msgs’; did you mean ‘sensor_msgs::msg::LaserScan’?
[24.103s]   143 |                         typedef message_filters::sync_policies::ApproximateTime<sensor_msgs::LaserScan,nav_msgs::msg::Odometry> SyncPolicy;
[24.103s]       |                                                                                              ^~~~~~~~~
[24.103s] /opt/ros/jazzy/include/sensor_msgs/sensor_msgs/msg/detail/laser_scan__struct.hpp:250:7: note: ‘sensor_msgs::msg::LaserScan’ declared here
[24.103s]   250 | using LaserScan =
[24.103s]       |       ^~~~~~~~~
[24.103s] /home/neha/ros2_ws/src/semnav_migration/src/navigation_semantic.cpp:143:127: error: template argument 1 is invalid
[24.104s]   143 |                         typedef message_filters::sync_policies::ApproximateTime<sensor_msgs::LaserScan,nav_msgs::msg::Odometry> SyncPolicy;
[24.104s]       |                                                                                                                               ^
[24.107s] In file included from /home/neha/ros2_ws/src/semnav_migration/include/reactive_planner_lib.h:44:
[24.107s] /opt/ros/jazzy/include/message_filters/message_filters/synchronizer.h: In instantiation of ‘class message_filters::Synchronizer<int>’:
[24.107s] /home/neha/ros2_ws/src/semnav_migration/src/navigation_semantic.cpp:146:64:   required from here
[24.107s] /opt/ros/jazzy/include/message_filters/message_filters/synchronizer.h:53:7: error: base type ‘int’ fails to be a struct or class type
[24.107s]    53 | class Synchronizer : public noncopyable, public Policy
[24.107s]       |       ^~~~~~~~~~~~
[24.108s] /opt/ros/jazzy/include/message_filters/message_filters/synchronizer.h:56:37: error: ‘int’ is not a class, struct, or union type
[24.108s]    56 |   typedef typename Policy::Messages Messages;
[24.108s]       |                                     ^~~~~~~~
[24.110s] /opt/ros/jazzy/include/message_filters/message_filters/synchronizer.h:57:35: error: ‘int’ is not a class, struct, or union type
[24.111s]    57 |   typedef typename Policy::Events Events;
[24.111s]       |                                   ^~~~~~
[24.111s] /opt/ros/jazzy/include/message_filters/message_filters/synchronizer.h:58:35: error: ‘int’ is not a class, struct, or union type
[24.111s]    58 |   typedef typename Policy::Signal Signal;
[24.111s]       |                                   ^~~~~~
[24.111s] /opt/ros/jazzy/include/message_filters/message_filters/synchronizer.h:60:58: error: ‘int’ is not a class, struct, or union type
[24.111s]    60 |   typedef typename std::tuple_element<0, Messages>::type M0;
[24.112s]       |                                                          ^~
[24.112s] /opt/ros/jazzy/include/message_filters/message_filters/synchronizer.h:61:58: error: ‘int’ is not a class, struct, or union type
[24.112s]    61 |   typedef typename std::tuple_element<1, Messages>::type M1;
[24.114s]       |                                                          ^~
[24.114s] /opt/ros/jazzy/include/message_filters/message_filters/synchronizer.h:62:58: error: ‘int’ is not a class, struct, or union type
[24.115s]    62 |   typedef typename std::tuple_element<2, Messages>::type M2;
[24.115s]       |                                                          ^~
[24.115s] /opt/ros/jazzy/include/message_filters/message_filters/synchronizer.h:63:58: error: ‘int’ is not a class, struct, or union type
[24.115s]    63 |   typedef typename std::tuple_element<3, Messages>::type M3;
[24.115s]       |                                                          ^~
[24.115s] /opt/ros/jazzy/include/message_filters/message_filters/synchronizer.h:64:58: error: ‘int’ is not a class, struct, or union type
[24.115s]    64 |   typedef typename std::tuple_element<4, Messages>::type M4;
[24.116s]       |                                                          ^~
[24.116s] /opt/ros/jazzy/include/message_filters/message_filters/synchronizer.h:65:58: error: ‘int’ is not a class, struct, or union type
[24.116s]    65 |   typedef typename std::tuple_element<5, Messages>::type M5;
[24.118s]       |                                                          ^~
[24.118s] /opt/ros/jazzy/include/message_filters/message_filters/synchronizer.h:66:58: error: ‘int’ is not a class, struct, or union type
[24.118s]    66 |   typedef typename std::tuple_element<6, Messages>::type M6;
[24.119s]       |                                                          ^~
[24.119s] /opt/ros/jazzy/include/message_filters/message_filters/synchronizer.h:67:58: error: ‘int’ is not a class, struct, or union type
[24.119s]    67 |   typedef typename std::tuple_element<7, Messages>::type M7;
[24.119s]       |                                                          ^~
[24.119s] /opt/ros/jazzy/include/message_filters/message_filters/synchronizer.h:68:58: error: ‘int’ is not a class, struct, or union type
[24.119s]    68 |   typedef typename std::tuple_element<8, Messages>::type M8;
[24.119s]       |                                                          ^~
[24.120s] /opt/ros/jazzy/include/message_filters/message_filters/synchronizer.h:71:56: error: ‘int’ is not a class, struct, or union type
[24.120s]    71 |   typedef typename std::tuple_element<0, Events>::type M0Event;
[24.120s]       |                                                        ^~~~~~~
[24.122s] /opt/ros/jazzy/include/message_filters/message_filters/synchronizer.h:72:56: error: ‘int’ is not a class, struct, or union type
[24.123s]    72 |   typedef typename std::tuple_element<1, Events>::type M1Event;
[24.123s]       |                                                        ^~~~~~~
[24.123s] /opt/ros/jazzy/include/message_filters/message_filters/synchronizer.h:73:56: error: ‘int’ is not a class, struct, or union type
[24.123s]    73 |   typedef typename std::tuple_element<2, Events>::type M2Event;
[24.123s]       |                                                        ^~~~~~~
[24.123s] /opt/ros/jazzy/include/message_filters/message_filters/synchronizer.h:74:56: error: ‘int’ is not a class, struct, or union type
[24.124s]    74 |   typedef typename std::tuple_element<3, Events>::type M3Event;
[24.124s]       |                                                        ^~~~~~~
[24.124s] /opt/ros/jazzy/include/message_filters/message_filters/synchronizer.h:75:56: error: ‘int’ is not a class, struct, or union type
[24.126s]    75 |   typedef typename std::tuple_element<4, Events>::type M4Event;
[24.126s]       |                                                        ^~~~~~~
[24.126s] /opt/ros/jazzy/include/message_filters/message_filters/synchronizer.h:76:56: error: ‘int’ is not a class, struct, or union type
[24.126s]    76 |   typedef typename std::tuple_element<5, Events>::type M5Event;
[24.127s]       |                                                        ^~~~~~~
[24.127s] /opt/ros/jazzy/include/message_filters/message_filters/synchronizer.h:77:56: error: ‘int’ is not a class, struct, or union type
[24.127s]    77 |   typedef typename std::tuple_element<6, Events>::type M6Event;
[24.127s]       |                                                        ^~~~~~~
[24.127s] /opt/ros/jazzy/include/message_filters/message_filters/synchronizer.h:78:56: error: ‘int’ is not a class, struct, or union type
[24.127s]    78 |   typedef typename std::tuple_element<7, Events>::type M7Event;
[24.127s]       |                                                        ^~~~~~~
[24.128s] /opt/ros/jazzy/include/message_filters/message_filters/synchronizer.h:79:56: error: ‘int’ is not a class, struct, or union type
[24.128s]    79 |   typedef typename std::tuple_element<8, Events>::type M8Event;
[24.128s]       |                                                        ^~~~~~~
[24.130s] /opt/ros/jazzy/include/message_filters/message_filters/synchronizer.h:325:17: error: ‘int’ is not a class, namespace, or enumeration
[24.131s]   325 |   using Policy::add;
[24.131s]       |                 ^~~
[24.131s] /opt/ros/jazzy/include/message_filters/message_filters/synchronizer.h:328:8: error: ‘int’ is not a class, struct, or union type
[24.131s]   328 |   void add(const std::shared_ptr<typename std::tuple_element<i, Messages>::type const>& msg)
[24.131s]       |        ^~~
[24.131s] /opt/ros/jazzy/include/message_filters/message_filters/synchronizer.h:344:8: error: ‘int’ is not a class, struct, or union type
[24.132s]   344 |   void cb(const typename std::tuple_element<i, Events>::type& evt)
[24.132s]       |        ^~
[24.132s] /home/neha/ros2_ws/src/semnav_migration/src/navigation_semantic.cpp:147:55: error: ‘bind’ is not a member of ‘boost’; did you mean ‘find’?
[24.132s]   147 |                         sync->registerCallback(boost::bind(&SemanticNavigationNode::control_callback, this, _1, _2));
[24.134s]       |                                                       ^~~~
[24.134s]       |                                                       find
[24.134s] /home/neha/ros2_ws/src/semnav_migration/src/navigation_semantic.cpp:147:109: error: ‘_1’ was not declared in this scope
[24.135s]   147 |                         sync->registerCallback(boost::bind(&SemanticNavigationNode::control_callback, this, _1, _2));
[24.135s]       |                                                                                                             ^~
[24.135s] /home/neha/ros2_ws/src/semnav_migration/src/navigation_semantic.cpp:147:109: note: suggested alternatives:
[24.135s] In file included from /usr/include/boost/mpl/aux_/include_preprocessed.hpp:37,
[24.135s]                  from /usr/include/boost/mpl/placeholders.hpp:43,
[24.135s]                  from /usr/include/boost/iterator/iterator_categories.hpp:16,
[24.135s]                  from /usr/include/boost/iterator/iterator_facade.hpp:13,
[24.136s]                  from /usr/include/boost/range/iterator_range_core.hpp:27,
[24.136s]                  from /usr/include/boost/lexical_cast.hpp:48,
[24.136s]                  from /usr/include/boost/multiprecision/detail/number_base.hpp:29,
[24.138s]                  from /usr/include/boost/multiprecision/traits/is_variable_precision.hpp:9,
[24.138s]                  from /usr/include/boost/multiprecision/detail/precision.hpp:9,
[24.139s]                  from /usr/include/boost/multiprecision/number.hpp:11,
[24.139s]                  from /usr/include/boost/multiprecision/cpp_int.hpp:19,
[24.139s]                  from /usr/include/boost/multiprecision/cpp_bin_float.hpp:15,
[24.139s]                  from /usr/include/boost/geometry/core/coordinate_promotion.hpp:16,
[24.139s]                  from /usr/include/boost/geometry/core/radian_access.hpp:30,
[24.139s]                  from /usr/include/boost/geometry/geometry.hpp:50,
[24.139s]                  from /usr/include/boost/geometry.hpp:17,
[24.139s]                  from /home/neha/ros2_ws/src/semnav_migration/include/reactive_planner_lib.h:26:
[24.140s] /usr/include/boost/mpl/aux_/preprocessed/gcc/placeholders.hpp:29:16: note:   ‘mpl_::_1’
[24.140s]    29 | typedef arg<1> _1;
[24.140s]       |                ^~
[24.142s] In file included from /usr/include/boost/numeric/conversion/converter_policies.hpp:13,
[24.142s]                  from /usr/include/boost/numeric/conversion/converter.hpp:14,
[24.142s]                  from /usr/include/boost/numeric/conversion/cast.hpp:33,
[24.143s]                  from /usr/include/boost/geometry/core/radian_access.hpp:26:
[24.143s] /usr/include/c++/13/functional:294:48: note:   ‘std::placeholders::_1’
[24.143s]   294 |     _GLIBCXX_PLACEHOLDER const _Placeholder<1> _1;
[24.143s]       |                                                ^~
[24.143s] /usr/include/boost/mpl/aux_/preprocessed/gcc/placeholders.hpp:29:16: note:   ‘mpl_::_1’
[24.143s]    29 | typedef arg<1> _1;
[24.143s]       |                ^~
[24.144s] In file included from /usr/include/boost/describe/members.hpp:20,
[24.144s]                  from /usr/include/boost/container_hash/is_described_class.hpp:11,
[24.144s]                  from /usr/include/boost/container_hash/hash.hpp:18,
[24.144s]                  from /usr/include/boost/functional/hash.hpp:6,
[24.146s]                  from /usr/include/CGAL/Kernel/hash_functions.h:16,
[24.146s]                  from /usr/include/CGAL/Kernel/global_functions.h:25,
[24.146s]                  from /usr/include/CGAL/Cartesian/Cartesian_base.h:22,
[24.147s]                  from /usr/include/CGAL/Simple_cartesian.h:20,
[24.147s]                  from /usr/include/CGAL/Exact_predicates_inexact_constructions_kernel.h:20,
[24.147s]                  from /home/neha/ros2_ws/src/semnav_migration/include/polygeom_lib.h:32,
[24.147s]                  from /home/neha/ros2_ws/src/semnav_migration/include/reactive_planner_lib.h:50:
[24.147s] /usr/include/boost/mp11/bind.hpp:45:7: note:   ‘boost::mp11::_1’
[24.147s]    45 | using _1 = mp_arg<0>;
[24.147s]       |       ^~
[24.147s] /usr/include/boost/mpl/aux_/preprocessed/gcc/placeholders.hpp:29:16: note:   ‘mpl_::_1’
[24.148s]    29 | typedef arg<1> _1;
[24.148s]       |                ^~
[24.148s] /home/neha/ros2_ws/src/semnav_migration/src/navigation_semantic.cpp:147:113: error: ‘_2’ was not declared in this scope
[24.150s]   147 |                         sync->registerCallback(boost::bind(&SemanticNavigationNode::control_callback, this, _1, _2));
[24.150s]       |                                                                                                                 ^~
[24.150s] /home/neha/ros2_ws/src/semnav_migration/src/navigation_semantic.cpp:147:113: note: suggested alternatives:
[24.150s] /usr/include/boost/mpl/aux_/preprocessed/gcc/placeholders.hpp:42:16: note:   ‘mpl_::_2’
[24.151s]    42 | typedef arg<2> _2;
[24.151s]       |                ^~
[24.151s] /usr/include/c++/13/functional:295:48: note:   ‘std::placeholders::_2’
[24.151s]   295 |     _GLIBCXX_PLACEHOLDER const _Placeholder<2> _2;
[24.151s]       |                                                ^~
[24.151s] /usr/include/boost/mpl/aux_/preprocessed/gcc/placeholders.hpp:42:16: note:   ‘mpl_::_2’
[24.151s]    42 | typedef arg<2> _2;
[24.152s]       |                ^~
[24.152s] /usr/include/boost/mp11/bind.hpp:46:7: note:   ‘boost::mp11::_2’
[24.152s]    46 | using _2 = mp_arg<1>;
[24.154s]       |       ^~
[24.154s] /usr/include/boost/mpl/aux_/preprocessed/gcc/placeholders.hpp:42:16: note:   ‘mpl_::_2’
[24.154s]    42 | typedef arg<2> _2;
[24.154s]       |                ^~
[24.154s] /home/neha/ros2_ws/src/semnav_migration/src/navigation_semantic.cpp:149:25: error: ‘ros’ has not been declared
[24.155s]   149 |                         ros::Subscriber sub_semantic = nh_.subscribe(sub_semantic_topic_, 1, &SemanticNavigationNode::diffeo_tree_update, this);
[24.155s]       |                         ^~~
[24.155s] /home/neha/ros2_ws/src/semnav_migration/src/navigation_semantic.cpp:153:25: error: ‘ros’ has not been declared
[24.155s]   153 |                         ros::Duration(5.0).sleep();
[24.155s]       |                         ^~~
[24.155s] /home/neha/ros2_ws/src/semnav_migration/src/navigation_semantic.cpp:160:25: error: ‘ros’ has not been declared
[24.155s]   160 |                         ros::spin();
[24.155s]       |                         ^~~
[24.204s] /home/neha/ros2_ws/src/semnav_migration/src/navigation_semantic.cpp: In member function ‘void SemanticNavigationNode::publish_twist(double, double)’:
[24.204s] /home/neha/ros2_ws/src/semnav_migration/src/navigation_semantic.cpp:167:25: error: ‘pub_twist_’ was not declared in this scope; did you mean ‘publish_twist’?
[24.205s]   167 |                         pub_twist_.publish(commandTwist);
[24.205s]       |                         ^~~~~~~~~~
[24.205s]       |                         publish_twist
[24.210s] /home/neha/ros2_ws/src/semnav_migration/src/navigation_semantic.cpp: In member function ‘void SemanticNavigationNode::publish_behavior_id(uint16_t)’:
[24.210s] /home/neha/ros2_ws/src/semnav_migration/src/navigation_semantic.cpp:172:32: error: ‘UInt32’ is not a member of ‘std_msgs::msg’
[24.210s]   172 |                 std_msgs::msg::UInt32 commandId;
[24.210s]       |                                ^~~~~~
[24.262s] /home/neha/ros2_ws/src/semnav_migration/src/navigation_semantic.cpp:173:25: error: ‘commandId’ was not declared in this scope
[24.262s]   173 |                         commandId.data = BehaviorIdCmd;
[24.262s]       |                         ^~~~~~~~~
[24.350s] /home/neha/ros2_ws/src/semnav_migration/src/navigation_semantic.cpp:174:25: error: ‘pub_behaviorID_’ was not declared in this scope; did you mean ‘pub_behaviorID_topic_’?
[24.350s]   174 |                         pub_behaviorID_.publish(commandId);
[24.351s]       |                         ^~~~~~~~~~~~~~~
[24.351s]       |                         pub_behaviorID_topic_
[24.355s] /home/neha/ros2_ws/src/semnav_migration/src/navigation_semantic.cpp: In member function ‘void SemanticNavigationNode::publish_behavior_mode(uint16_t)’:
[24.355s] /home/neha/ros2_ws/src/semnav_migration/src/navigation_semantic.cpp:179:28: error: ‘UInt32’ is not a member of ‘std_msgs::msg’
[24.355s]   179 |             std_msgs::msg::UInt32 commandMode;
[24.356s]       |                            ^~~~~~
[24.425s] /home/neha/ros2_ws/src/semnav_migration/src/navigation_semantic.cpp:180:25: error: ‘commandMode’ was not declared in this scope
[24.425s]   180 |                         commandMode.data = BehaviorModeCmd;
[24.425s]       |                         ^~~~~~~~~~~
[24.528s] /home/neha/ros2_ws/src/semnav_migration/src/navigation_semantic.cpp:181:25: error: ‘pub_behaviorMode_’ was not declared in this scope; did you mean ‘pub_behaviorMode_topic_’?
[24.528s]   181 |                         pub_behaviorMode_.publish(commandMode);
[24.528s]       |                         ^~~~~~~~~~~~~~~~~
[24.528s]       |                         pub_behaviorMode_topic_
[24.586s] /home/neha/ros2_ws/src/semnav_migration/src/navigation_semantic.cpp: In member function ‘void SemanticNavigationNode::control_callback(const sensor_msgs::msg::LaserScan_<std::allocator<void> >::ConstPtr&, const nav_msgs::msg::Odometry_<std::allocator<void> >::ConstPtr&)’:
[24.586s] /home/neha/ros2_ws/src/semnav_migration/src/navigation_semantic.cpp:395:46: error: ‘ros’ has not been declared
[24.587s]   395 |                         double before_time = ros::Time::now().toSec();
[24.587s]       |                                              ^~~
[24.591s] /home/neha/ros2_ws/src/semnav_migration/src/navigation_semantic.cpp:398:40: error: ‘PoseStamped’ is not a member of ‘geometry_msgs’
[24.591s]   398 |                         geometry_msgs::PoseStamped odomPose, mapPose;
[24.592s]       |                                        ^~~~~~~~~~~
[24.638s] /home/neha/ros2_ws/src/semnav_migration/src/navigation_semantic.cpp:399:25: error: ‘odomPose’ was not declared in this scope
[24.638s]   399 |                         odomPose.header.stamp = ros::Time(0);
[24.638s]       |                         ^~~~~~~~
[24.639s] /home/neha/ros2_ws/src/semnav_migration/src/navigation_semantic.cpp:399:49: error: ‘ros’ has not been declared
[24.639s]   399 |                         odomPose.header.stamp = ros::Time(0);
[24.639s]       |                                                 ^~~
[24.694s] /home/neha/ros2_ws/src/semnav_migration/src/navigation_semantic.cpp:403:33: error: ‘listener_’ was not declared in this scope
[24.694s]   403 |                                 listener_.waitForTransform(world_frame_id_, odom_frame_id_, ros::Time(0), ros::Duration(1.0));
[24.695s]       |                                 ^~~~~~~~~
[24.695s] /home/neha/ros2_ws/src/semnav_migration/src/navigation_semantic.cpp:403:93: error: ‘ros’ has not been declared
[24.695s]   403 |                                 listener_.waitForTransform(world_frame_id_, odom_frame_id_, ros::Time(0), ros::Duration(1.0));
[24.695s]       |                                                                                             ^~~
[24.697s] /home/neha/ros2_ws/src/semnav_migration/src/navigation_semantic.cpp:403:107: error: ‘ros’ has not been declared
[24.697s]   403 |                                 listener_.waitForTransform(world_frame_id_, odom_frame_id_, ros::Time(0), ros::Duration(1.0));
[24.697s]       |                                                                                                           ^~~
[24.738s] /home/neha/ros2_ws/src/semnav_migration/src/navigation_semantic.cpp:404:84: error: ‘mapPose’ was not declared in this scope
[24.738s]   404 |                                 listener_.transformPose(world_frame_id_, odomPose, mapPose);
[24.739s]       |                                                                                    ^~~~~~~
[24.747s] /home/neha/ros2_ws/src/semnav_migration/src/navigation_semantic.cpp:405:34: error: ‘tf’ does not name a type; did you mean ‘tm’?
[24.748s]   405 |                         } catch (tf::TransformException &ex) {
[24.748s]       |                                  ^~
[24.748s]       |                                  tm
[24.748s] /home/neha/ros2_ws/src/semnav_migration/src/navigation_semantic.cpp:405:57: error: expected unqualified-id before ‘&’ token
[24.748s]   405 |                         } catch (tf::TransformException &ex) {
[24.748s]       |                                                         ^
[24.748s] /home/neha/ros2_ws/src/semnav_migration/src/navigation_semantic.cpp:405:57: error: expected ‘)’ before ‘&’ token
[24.749s] /home/neha/ros2_ws/src/semnav_migration/src/navigation_semantic.cpp:405:33: note: to match this ‘(’
[24.749s]   405 |                         } catch (tf::TransformException &ex) {
[24.749s]       |                                 ^
[24.751s] /home/neha/ros2_ws/src/semnav_migration/src/navigation_semantic.cpp:405:57: error: expected ‘{’ before ‘&’ token
[24.751s]   405 |                         } catch (tf::TransformException &ex) {
[24.751s]       |                                                         ^
[24.787s] /home/neha/ros2_ws/src/semnav_migration/src/navigation_semantic.cpp:405:58: error: ‘ex’ was not declared in this scope; did you mean ‘exp’?
[24.787s]   405 |                         } catch (tf::TransformException &ex) {
[24.787s]       |                                                          ^~
[24.788s]       |                                                          exp
[24.788s] /home/neha/ros2_ws/src/semnav_migration/src/navigation_semantic.cpp:411:25: error: ‘tf’ has not been declared
[24.788s]   411 |                         tf::Quaternion rotation = tf::Quaternion(mapPose.pose.orientation.x,
[24.788s]       |                         ^~
[24.789s] /home/neha/ros2_ws/src/semnav_migration/src/navigation_semantic.cpp:415:25: error: ‘tf’ has not been declared
[24.789s]   415 |                         tf::Matrix3x3 m(rotation);
[24.789s]       |                         ^~
[24.829s] /home/neha/ros2_ws/src/semnav_migration/src/navigation_semantic.cpp:417:25: error: ‘m’ was not declared in this scope; did you mean ‘tm’?
[24.829s]   417 |                         m.getRPY(roll, pitch, yaw);
[24.829s]       |                         ^
[24.830s]       |                         tm
[24.876s] /home/neha/ros2_ws/src/semnav_migration/src/navigation_semantic.cpp:418:51: error: ‘mapPose’ was not declared in this scope
[24.876s]   418 |                         double x_robot_position = mapPose.pose.position.x;
[24.876s]       |                                                   ^~~~~~~
[24.886s] /home/neha/ros2_ws/src/semnav_migration/src/navigation_semantic.cpp:431:42: error: could not convert ‘lidar_data’ from ‘shared_ptr<LaserScan_<[...]>>’ to ‘shared_ptr<LaserScan_<[...]>>’
[24.886s]   431 |                         constructLIDAR2D(lidar_data, CutoffRange_, AllowableRange_, RobotPitch_, &LIDAR);
[24.887s]       |                                          ^~~~~~~~~~
[24.887s]       |                                          |
[24.887s]       |                                          shared_ptr<LaserScan_<[...]>>
[24.906s] /home/neha/ros2_ws/src/semnav_migration/src/navigation_semantic.cpp:561:96: error: invalid operands of types ‘const char [53]’ and ‘double’ to binary ‘operator<<’
[24.906s]   561 |                         ROS_WARN_STREAM("[Navigation] Diffeomorphism jacobian determinant is " << MatrixDeterminant(RobotPositionTransformedD) << ", robot position is " << bg::dsv(RobotPosition_) << " and robot positon in model space is " << bg::dsv(RobotPositionTransformedPoint));
[24.906s]       |                                         ~~~~~~~~~~~~~~~~~~~~~~~~~~~~~~~~~~~~~~~~~~~~~~~~~~~~~~ ^~ ~~~~~~~~~~~~~~~~~~~~~~~~~~~~~~~~~~~~~~~~~~~~
[24.906s]       |                                         |                                                                          |
[24.906s]       |                                         const char [53]                                                            double
[25.012s] /home/neha/ros2_ws/src/semnav_migration/src/navigation_semantic.cpp:561:25: error: ‘ROS_WARN_STREAM’ was not declared in this scope; did you mean ‘RCLCPP_WARN_STREAM’?
[25.013s]   561 |                         ROS_WARN_STREAM("[Navigation] Diffeomorphism jacobian determinant is " << MatrixDeterminant(RobotPositionTransformedD) << ", robot position is " << bg::dsv(RobotPosition_) << " and robot positon in model space is " << bg::dsv(RobotPositionTransformedPoint));
[25.013s]       |                         ^~~~~~~~~~~~~~~
[25.013s]       |                         RCLCPP_WARN_STREAM
[25.015s] /home/neha/ros2_ws/src/semnav_migration/src/navigation_semantic.cpp:590:41: error: ‘ros’ has not been declared
[25.015s]   590 |                                         ros::Duration(5.0).sleep();
[25.016s]       |                                         ^~~
[25.026s] /home/neha/ros2_ws/src/semnav_migration/src/navigation_semantic.cpp:615:75: error: invalid operands of types ‘const char [32]’ and ‘double’ to binary ‘operator<<’
[25.027s]   615 |                         ROS_WARN_STREAM("[Navigation] Linear command is " << LinearCmd << " and angular command is " << AngularCmd);
[25.027s]       |                                         ~~~~~~~~~~~~~~~~~~~~~~~~~~~~~~~~~ ^~ ~~~~~~~~~
[25.027s]       |                                         |                                    |
[25.027s]       |                                         const char [32]                      double
[25.029s] /home/neha/ros2_ws/src/semnav_migration/src/navigation_semantic.cpp:616:76: error: invalid operands of types ‘const char [33]’ and ‘int’ to binary ‘operator<<’
[25.029s]   616 |                         ROS_WARN_STREAM("[Navigation] Command update for " << int(localDiffeoTreeArray.size()) << " polygons in " << ros::Time::now().toSec()-before_time << " seconds.");
[25.029s]       |                                         ~~~~~~~~~~~~~~~~~~~~~~~~~~~~~~~~~~ ^~ ~~~~~~~~~~~~~~~~~~~~~~~~~~~~~~~~
[25.030s]       |                                         |                                     |
[25.030s]       |                                         const char [33]                       int
[25.030s] /home/neha/ros2_ws/src/semnav_migration/src/navigation_semantic.cpp:616:134: error: ‘ros’ has not been declared
[25.031s]   616 |                         ROS_WARN_STREAM("[Navigation] Command update for " << int(localDiffeoTreeArray.size()) << " polygons in " << ros::Time::now().toSec()-before_time << " seconds.");
[25.031s]       |                                                                                                                                      ^~~
[25.031s] /home/neha/ros2_ws/src/semnav_migration/src/navigation_semantic.cpp: In function ‘int main(int, char**)’:
[25.031s] /home/neha/ros2_ws/src/semnav_migration/src/navigation_semantic.cpp:697:9: error: ‘ros’ has not been declared
[25.032s]   697 |         ros::init(argc, argv, "navigation_semantic");
[25.032s]       |         ^~~
[25.033s] /home/neha/ros2_ws/src/semnav_migration/src/navigation_semantic.cpp:700:9: error: ‘ros’ has not been declared
[25.033s]   700 |         ros::NodeHandle nh("~");
[25.034s]       |         ^~~
[25.057s] /home/neha/ros2_ws/src/semnav_migration/src/navigation_semantic.cpp:703:56: error: ‘nh’ was not declared in this scope
[25.058s]   703 |         SemanticNavigationNode semanticNavigationNode(&nh);
[25.058s]       |                                                        ^~
[32.468s] gmake[2]: *** [CMakeFiles/navigation_semantic.dir/build.make:76: CMakeFiles/navigation_semantic.dir/src/navigation_semantic.cpp.o] Error 1
[32.469s] gmake[1]: *** [CMakeFiles/Makefile2:207: CMakeFiles/navigation_semantic.dir/all] Error 2
[32.470s] gmake[1]: *** Waiting for unfinished jobs....
[39.067s] gmake[2]: *** [CMakeFiles/navigation.dir/build.make:76: CMakeFiles/navigation.dir/src/navigation.cpp.o] Error 1
[39.068s] gmake[1]: *** [CMakeFiles/Makefile2:181: CMakeFiles/navigation.dir/all] Error 2
[39.068s] gmake: *** [Makefile:146: all] Error 2
[39.071s] Invoked command in '/home/neha/ros2_ws/src/semnav_migration/build/semnav' returned '2': CMAKE_PREFIX_PATH=${CMAKE_PREFIX_PATH}:/opt/ros/jazzy DEBUGINFOD_URLS=https://debuginfod.ubuntu.com /usr/bin/cmake --build /home/neha/ros2_ws/src/semnav_migration/build/semnav -- -j2 -l2
