[ 14%] Built target reactive_planner
[ 33%] Built target navigation_semantic
[ 33%] Built target navigation
[ 38%] Building CXX object CMakeFiles/human_following.dir/src/human_following.cpp.o
[ 42%] Building CXX object CMakeFiles/navigation_humans.dir/src/navigation_humans.cpp.o
/home/neha/ros2_ws/src/semnav_migration/src/human_following.cpp:44:36: error: ‘ros’ has not been declared
   44 |                 HumanFollowingNode(ros::NodeHandle* nodehandle) : nh_(*nodehandle) {
      |                                    ^~~
/home/neha/ros2_ws/src/semnav_migration/src/human_following.cpp:44:51: error: expected ‘)’ before ‘*’ token
   44 |                 HumanFollowingNode(ros::NodeHandle* nodehandle) : nh_(*nodehandle) {
      |                                   ~               ^
      |                                                   )
/home/neha/ros2_ws/src/semnav_migration/src/human_following.cpp:242:69: error: ‘KeypointDetections3D’ in namespace ‘object_pose_interface_msgs’ does not name a type
  242 |                 void human_update(const object_pose_interface_msgs::KeypointDetections3D::ConstPtr& human_data) {
      |                                                                     ^~~~~~~~~~~~~~~~~~~~
/home/neha/ros2_ws/src/semnav_migration/src/human_following.cpp:242:99: error: expected unqualified-id before ‘&’ token
  242 |                 void human_update(const object_pose_interface_msgs::KeypointDetections3D::ConstPtr& human_data) {
      |                                                                                                   ^
/home/neha/ros2_ws/src/semnav_migration/src/human_following.cpp:242:99: error: expected ‘)’ before ‘&’ token
  242 |                 void human_update(const object_pose_interface_msgs::KeypointDetections3D::ConstPtr& human_data) {
      |                                  ~                                                                ^
      |                                                                                                   )
/home/neha/ros2_ws/src/semnav_migration/src/human_following.cpp:242:99: error: expected ‘;’ at end of member declaration
  242 |                 void human_update(const object_pose_interface_msgs::KeypointDetections3D::ConstPtr& human_data) {
      |                                                                                                   ^
      |                                                                                                    ;
/home/neha/ros2_ws/src/semnav_migration/src/human_following.cpp:242:101: error: ‘human_data’ does not name a type
  242 |                 void human_update(const object_pose_interface_msgs::KeypointDetections3D::ConstPtr& human_data) {
      |                                                                                                     ^~~~~~~~~~
/home/neha/ros2_ws/src/semnav_migration/src/human_following.cpp:288:75: error: ‘SemanticMapObjectArray’ in namespace ‘object_pose_interface_msgs’ does not name a type
  288 |                 void diffeo_tree_update(const object_pose_interface_msgs::SemanticMapObjectArray::ConstPtr& semantic_map_data) {
      |                                                                           ^~~~~~~~~~~~~~~~~~~~~~
/home/neha/ros2_ws/src/semnav_migration/src/human_following.cpp:288:107: error: expected unqualified-id before ‘&’ token
  288 |                 void diffeo_tree_update(const object_pose_interface_msgs::SemanticMapObjectArray::ConstPtr& semantic_map_data) {
      |                                                                                                           ^
/home/neha/ros2_ws/src/semnav_migration/src/human_following.cpp:288:107: error: expected ‘)’ before ‘&’ token
  288 |                 void diffeo_tree_update(const object_pose_interface_msgs::SemanticMapObjectArray::ConstPtr& semantic_map_data) {
      |                                        ~                                                                  ^
      |                                                                                                           )
/home/neha/ros2_ws/src/semnav_migration/src/human_following.cpp:288:107: error: expected ‘;’ at end of member declaration
  288 |                 void diffeo_tree_update(const object_pose_interface_msgs::SemanticMapObjectArray::ConstPtr& semantic_map_data) {
      |                                                                                                           ^
      |                                                                                                            ;
/home/neha/ros2_ws/src/semnav_migration/src/human_following.cpp:288:109: error: ‘semantic_map_data’ does not name a type
  288 |                 void diffeo_tree_update(const object_pose_interface_msgs::SemanticMapObjectArray::ConstPtr& semantic_map_data) {
      |                                                                                                             ^~~~~~~~~~~~~~~~~
/home/neha/ros2_ws/src/semnav_migration/src/human_following.cpp:375:58: error: ‘LaserScan’ in namespace ‘sensor_msgs’ does not name a type
  375 |                 void control_callback(const sensor_msgs::LaserScan::ConstPtr& lidar_data, const nav_msgs::Odometry::ConstPtr& robot_data) {
      |                                                          ^~~~~~~~~
/home/neha/ros2_ws/src/semnav_migration/src/human_following.cpp:375:77: error: expected unqualified-id before ‘&’ token
  375 |                 void control_callback(const sensor_msgs::LaserScan::ConstPtr& lidar_data, const nav_msgs::Odometry::ConstPtr& robot_data) {
      |                                                                             ^
/home/neha/ros2_ws/src/semnav_migration/src/human_following.cpp:375:77: error: expected ‘)’ before ‘&’ token
  375 |                 void control_callback(const sensor_msgs::LaserScan::ConstPtr& lidar_data, const nav_msgs::Odometry::ConstPtr& robot_data) {
      |                                      ~                                      ^
      |                                                                             )
/home/neha/ros2_ws/src/semnav_migration/src/human_following.cpp:375:77: error: expected ‘;’ at end of member declaration
  375 |                 void control_callback(const sensor_msgs::LaserScan::ConstPtr& lidar_data, const nav_msgs::Odometry::ConstPtr& robot_data) {
      |                                                                             ^
      |                                                                              ;
/home/neha/ros2_ws/src/semnav_migration/src/human_following.cpp:375:79: error: ‘lidar_data’ does not name a type
  375 |                 void control_callback(const sensor_msgs::LaserScan::ConstPtr& lidar_data, const nav_msgs::Odometry::ConstPtr& robot_data) {
      |                                                                               ^~~~~~~~~~
/home/neha/ros2_ws/src/semnav_migration/src/human_following.cpp:643:17: error: ‘ros’ does not name a type
  643 |                 ros::NodeHandle nh_;
      |                 ^~~
/home/neha/ros2_ws/src/semnav_migration/src/human_following.cpp:662:17: error: ‘ros’ does not name a type
  662 |                 ros::Publisher pub_behaviorID_;
      |                 ^~~
/home/neha/ros2_ws/src/semnav_migration/src/human_following.cpp:663:17: error: ‘ros’ does not name a type
  663 |                 ros::Publisher pub_behaviorMode_;
      |                 ^~~
/home/neha/ros2_ws/src/semnav_migration/src/human_following.cpp:664:17: error: ‘ros’ does not name a type
  664 |                 ros::Publisher pub_twist_;
      |                 ^~~
/home/neha/ros2_ws/src/semnav_migration/src/human_following.cpp:666:17: error: ‘ros’ does not name a type
  666 |                 ros::Publisher pub_semantic_map_;
      |                 ^~~
/home/neha/ros2_ws/src/semnav_migration/src/human_following.cpp:695:17: error: ‘ros’ does not name a type
  695 |                 ros::Time Goal_camera_stamp_;
      |                 ^~~
/home/neha/ros2_ws/src/semnav_migration/src/human_following.cpp:715:17: error: ‘tf’ does not name a type; did you mean ‘tm’?
  715 |                 tf::TransformListener listener_;
      |                 ^~
      |                 tm
/home/neha/ros2_ws/src/semnav_migration/src/human_following.cpp: In member function ‘void HumanFollowingNode::publish_twist(double, double)’:
/home/neha/ros2_ws/src/semnav_migration/src/human_following.cpp:166:40: error: ‘Twist’ is not a member of ‘geometry_msgs’; did you mean ‘geometry_msgs::msg::Twist’?
  166 |                         geometry_msgs::Twist commandTwist;
      |                                        ^~~~~
In file included from /opt/ros/jazzy/include/geometry_msgs/geometry_msgs/msg/detail/velocity_stamped__struct.hpp:25,
                 from /opt/ros/jazzy/include/geometry_msgs/geometry_msgs/msg/velocity_stamped.hpp:7,
                 from /opt/ros/jazzy/include/tf2/tf2/buffer_core.h:49,
                 from /opt/ros/jazzy/include/tf2_ros/tf2_ros/async_buffer_interface.h:39,
                 from /opt/ros/jazzy/include/tf2_ros/tf2_ros/buffer.h:42,
                 from /home/neha/ros2_ws/src/semnav_migration/include/reactive_planner_lib.h:40,
                 from /home/neha/ros2_ws/src/semnav_migration/src/human_following.cpp:25:
/opt/ros/jazzy/include/geometry_msgs/geometry_msgs/msg/detail/twist__struct.hpp:137:7: note: ‘geometry_msgs::msg::Twist’ declared here
  137 | using Twist =
      |       ^~~~~
/home/neha/ros2_ws/src/semnav_migration/src/navigation_humans.cpp:311:80: error: ‘SemanticMapObjectArray’ in namespace ‘object_pose_interface_msgs::msg’ does not name a type
  311 |                 void diffeo_tree_update(const object_pose_interface_msgs::msg::SemanticMapObjectArray::ConstPtr& semantic_map_data) {
      |                                                                                ^~~~~~~~~~~~~~~~~~~~~~
/home/neha/ros2_ws/src/semnav_migration/src/navigation_humans.cpp:311:112: error: expected unqualified-id before ‘&’ token
  311 |                 void diffeo_tree_update(const object_pose_interface_msgs::msg::SemanticMapObjectArray::ConstPtr& semantic_map_data) {
      |                                                                                                                ^
/home/neha/ros2_ws/src/semnav_migration/src/navigation_humans.cpp:311:112: error: expected ‘)’ before ‘&’ token
  311 |                 void diffeo_tree_update(const object_pose_interface_msgs::msg::SemanticMapObjectArray::ConstPtr& semantic_map_data) {
      |                                        ~                                                                       ^
      |                                                                                                                )
/home/neha/ros2_ws/src/semnav_migration/src/navigation_humans.cpp:311:112: error: expected ‘;’ at end of member declaration
  311 |                 void diffeo_tree_update(const object_pose_interface_msgs::msg::SemanticMapObjectArray::ConstPtr& semantic_map_data) {
      |                                                                                                                ^
      |                                                                                                                 ;
/home/neha/ros2_ws/src/semnav_migration/src/human_following.cpp:167:25: error: ‘commandTwist’ was not declared in this scope
  167 |                         commandTwist.linear.x = LinearCmd;
      |                         ^~~~~~~~~~~~
/home/neha/ros2_ws/src/semnav_migration/src/navigation_humans.cpp:311:114: error: ‘semantic_map_data’ does not name a type
  311 |                 void diffeo_tree_update(const object_pose_interface_msgs::msg::SemanticMapObjectArray::ConstPtr& semantic_map_data) {
      |                                                                                                                  ^~~~~~~~~~~~~~~~~
/home/neha/ros2_ws/src/semnav_migration/src/human_following.cpp:169:25: error: ‘pub_twist_’ was not declared in this scope; did you mean ‘publish_twist’?
  169 |                         pub_twist_.publish(commandTwist);
      |                         ^~~~~~~~~~
      |                         publish_twist
/home/neha/ros2_ws/src/semnav_migration/src/human_following.cpp: In member function ‘void HumanFollowingNode::publish_behavior_id(uint16_t)’:
/home/neha/ros2_ws/src/semnav_migration/src/human_following.cpp:174:35: error: ‘UInt32’ is not a member of ‘std_msgs’; did you mean ‘example_interfaces::msg::UInt32’?
  174 |                         std_msgs::UInt32 commandId;
      |                                   ^~~~~~
In file included from /opt/ros/jazzy/include/example_interfaces/example_interfaces/msg/u_int32.hpp:7,
                 from /home/neha/ros2_ws/src/semnav_migration/include/reactive_planner_lib.h:51:
/opt/ros/jazzy/include/example_interfaces/example_interfaces/msg/detail/u_int32__struct.hpp:125:7: note: ‘example_interfaces::msg::UInt32’ declared here
  125 | using UInt32 =
      |       ^~~~~~
/home/neha/ros2_ws/src/semnav_migration/src/navigation_humans.cpp:672:35: error: ‘example_msgs’ was not declared in this scope
  672 |                 rclcpp::Publisher<example_msgs/msg/UInt32> pub_behaviorID_;
      |                                   ^~~~~~~~~~~~
/home/neha/ros2_ws/src/semnav_migration/src/navigation_humans.cpp:672:48: error: ‘msg’ was not declared in this scope
  672 |                 rclcpp::Publisher<example_msgs/msg/UInt32> pub_behaviorID_;
      |                                                ^~~
/home/neha/ros2_ws/src/semnav_migration/src/navigation_humans.cpp:672:48: note: suggested alternatives:
In file included from /opt/ros/jazzy/include/rcl_interfaces/rcl_interfaces/srv/detail/list_parameters__struct.hpp:156,
                 from /opt/ros/jazzy/include/rcl_interfaces/rcl_interfaces/srv/list_parameters.hpp:7,
                 from /opt/ros/jazzy/include/rclcpp/rclcpp/copy_all_parameter_values.hpp:21,
                 from /opt/ros/jazzy/include/rclcpp/rclcpp/rclcpp.hpp:171,
                 from /home/neha/ros2_ws/src/semnav_migration/include/reactive_planner_lib.h:32,
                 from /home/neha/ros2_ws/src/semnav_migration/src/navigation_humans.cpp:25:
/opt/ros/jazzy/include/rcl_interfaces/rcl_interfaces/msg/detail/list_parameters_result__struct.hpp:30:11: note:   ‘rcl_interfaces::msg’
   30 | namespace msg
      |           ^~~
In file included from /opt/ros/jazzy/include/service_msgs/service_msgs/msg/detail/service_event_info__struct.hpp:23,
                 from /opt/ros/jazzy/include/rcl_interfaces/rcl_interfaces/srv/detail/list_parameters__struct.hpp:267:
/opt/ros/jazzy/include/builtin_interfaces/builtin_interfaces/msg/detail/time__struct.hpp:30:11: note:   ‘builtin_interfaces::msg’
   30 | namespace msg
      |           ^~~
/opt/ros/jazzy/include/service_msgs/service_msgs/msg/detail/service_event_info__struct.hpp:34:11: note:   ‘service_msgs::msg’
   34 | namespace msg
      |           ^~~
In file included from /opt/ros/jazzy/include/statistics_msgs/statistics_msgs/msg/detail/metrics_message__struct.hpp:26,
                 from /opt/ros/jazzy/include/statistics_msgs/statistics_msgs/msg/metrics_message.hpp:7,
                 from /opt/ros/jazzy/include/libstatistics_collector/libstatistics_collector/collector/generate_statistics_message.hpp:21,
                 from /opt/ros/jazzy/include/rclcpp/rclcpp/topic_statistics/subscription_topic_statistics.hpp:23,
                 from /opt/ros/jazzy/include/rclcpp/rclcpp/subscription.hpp:50,
                 from /opt/ros/jazzy/include/rclcpp/rclcpp/any_executable.hpp:25,
                 from /opt/ros/jazzy/include/rclcpp/rclcpp/memory_strategy.hpp:25,
                 from /opt/ros/jazzy/include/rclcpp/rclcpp/memory_strategies.hpp:18,
                 from /opt/ros/jazzy/include/rclcpp/rclcpp/executor_options.hpp:22,
                 from /opt/ros/jazzy/include/rclcpp/rclcpp/executor.hpp:38,
                 from /opt/ros/jazzy/include/rclcpp/rclcpp/executors/multi_threaded_executor.hpp:25,
                 from /opt/ros/jazzy/include/rclcpp/rclcpp/executors.hpp:21,
                 from /opt/ros/jazzy/include/rclcpp/rclcpp/rclcpp.hpp:172:
/opt/ros/jazzy/include/statistics_msgs/statistics_msgs/msg/detail/statistic_data_point__struct.hpp:30:11: note:   ‘statistics_msgs::msg’
   30 | namespace msg
      |           ^~~
In file included from /opt/ros/jazzy/include/geometry_msgs/geometry_msgs/msg/detail/transform_stamped__struct.hpp:23,
                 from /opt/ros/jazzy/include/geometry_msgs/geometry_msgs/msg/transform_stamped.hpp:7,
                 from /opt/ros/jazzy/include/tf2/tf2/convert.h:38,
                 from /home/neha/ros2_ws/src/semnav_migration/include/reactive_planner_lib.h:39:
/opt/ros/jazzy/include/std_msgs/std_msgs/msg/detail/header__struct.hpp:34:11: note:   ‘std_msgs::msg’
   34 | namespace msg
      |           ^~~
In file included from /opt/ros/jazzy/include/geometry_msgs/geometry_msgs/msg/detail/transform__struct.hpp:23,
                 from /opt/ros/jazzy/include/geometry_msgs/geometry_msgs/msg/detail/transform_stamped__struct.hpp:25:
/opt/ros/jazzy/include/geometry_msgs/geometry_msgs/msg/detail/vector3__struct.hpp:30:11: note:   ‘geometry_msgs::msg’
   30 | namespace msg
      |           ^~~
In file included from /opt/ros/jazzy/include/tf2_msgs/tf2_msgs/msg/tf_message.hpp:7,
                 from /opt/ros/jazzy/include/tf2_ros/tf2_ros/transform_listener.h:44,
                 from /home/neha/ros2_ws/src/semnav_migration/include/reactive_planner_lib.h:41:
/opt/ros/jazzy/include/tf2_msgs/tf2_msgs/msg/detail/tf_message__struct.hpp:34:11: note:   ‘tf2_msgs::msg’
   34 | namespace msg
      |           ^~~
In file included from /opt/ros/jazzy/include/sensor_msgs/sensor_msgs/msg/laser_scan.hpp:7,
                 from /home/neha/ros2_ws/src/semnav_migration/include/reactive_planner_lib.h:49:
/opt/ros/jazzy/include/sensor_msgs/sensor_msgs/msg/detail/laser_scan__struct.hpp:34:11: note:   ‘sensor_msgs::msg’
   34 | namespace msg
      |           ^~~
In file included from /opt/ros/jazzy/include/nav_msgs/nav_msgs/msg/odometry.hpp:7,
                 from /home/neha/ros2_ws/src/semnav_migration/include/reactive_planner_lib.h:50:
/opt/ros/jazzy/include/nav_msgs/nav_msgs/msg/detail/odometry__struct.hpp:38:11: note:   ‘nav_msgs::msg’
   38 | namespace msg
      |           ^~~
In file included from /opt/ros/jazzy/include/example_interfaces/example_interfaces/msg/u_int32.hpp:7,
                 from /home/neha/ros2_ws/src/semnav_migration/include/reactive_planner_lib.h:51:
/opt/ros/jazzy/include/example_interfaces/example_interfaces/msg/detail/u_int32__struct.hpp:30:11: note:   ‘example_interfaces::msg’
   30 | namespace msg
      |           ^~~
In file included from /home/neha/ros2_ws/src/install/object_pose_interface_msgs/include/object_pose_interface_msgs/object_pose_interface_msgs/msg/detail/keypoint_detections3_d__struct.hpp:25,
                 from /home/neha/ros2_ws/src/install/object_pose_interface_msgs/include/object_pose_interface_msgs/object_pose_interface_msgs/msg/keypoint_detections3_d.hpp:7,
                 from /home/neha/ros2_ws/src/semnav_migration/include/reactive_planner_lib.h:52:
/home/neha/ros2_ws/src/install/object_pose_interface_msgs/include/object_pose_interface_msgs/object_pose_interface_msgs/msg/detail/keypoint_detection3_d__struct.hpp:30:11: note:   ‘object_pose_interface_msgs::msg’
   30 | namespace msg
      |           ^~~
/home/neha/ros2_ws/src/semnav_migration/src/human_following.cpp:175:25: error: ‘commandId’ was not declared in this scope
  175 |                         commandId.data = BehaviorIdCmd;
      |                         ^~~~~~~~~
/home/neha/ros2_ws/src/semnav_migration/src/navigation_humans.cpp:672:52: error: ‘UInt32’ was not declared in this scope; did you mean ‘example_interfaces::msg::UInt32’?
  672 |                 rclcpp::Publisher<example_msgs/msg/UInt32> pub_behaviorID_;
      |                                                    ^~~~~~
      |                                                    example_interfaces::msg::UInt32
/opt/ros/jazzy/include/example_interfaces/example_interfaces/msg/detail/u_int32__struct.hpp:125:7: note: ‘example_interfaces::msg::UInt32’ declared here
  125 | using UInt32 =
      |       ^~~~~~
/home/neha/ros2_ws/src/semnav_migration/src/navigation_humans.cpp:672:58: error: template argument 1 is invalid
  672 |                 rclcpp::Publisher<example_msgs/msg/UInt32> pub_behaviorID_;
      |                                                          ^
/home/neha/ros2_ws/src/semnav_migration/src/navigation_humans.cpp:673:35: error: ‘example_msgs’ was not declared in this scope
  673 |                 rclcpp::Publisher<example_msgs/msg/UInt32> pub_behaviorMode_;
      |                                   ^~~~~~~~~~~~
/home/neha/ros2_ws/src/semnav_migration/src/navigation_humans.cpp:673:48: error: ‘msg’ was not declared in this scope
  673 |                 rclcpp::Publisher<example_msgs/msg/UInt32> pub_behaviorMode_;
      |                                                ^~~
/home/neha/ros2_ws/src/semnav_migration/src/navigation_humans.cpp:673:48: note: suggested alternatives:
/home/neha/ros2_ws/src/semnav_migration/src/human_following.cpp:176:25: error: ‘pub_behaviorID_’ was not declared in this scope; did you mean ‘pub_behaviorID_topic_’?
  176 |                         pub_behaviorID_.publish(commandId);
      |                         ^~~~~~~~~~~~~~~
      |                         pub_behaviorID_topic_
/opt/ros/jazzy/include/rcl_interfaces/rcl_interfaces/msg/detail/list_parameters_result__struct.hpp:30:11: note:   ‘rcl_interfaces::msg’
   30 | namespace msg
      |           ^~~
/opt/ros/jazzy/include/builtin_interfaces/builtin_interfaces/msg/detail/time__struct.hpp:30:11: note:   ‘builtin_interfaces::msg’
   30 | namespace msg
      |           ^~~
/opt/ros/jazzy/include/service_msgs/service_msgs/msg/detail/service_event_info__struct.hpp:34:11: note:   ‘service_msgs::msg’
   34 | namespace msg
      |           ^~~
/opt/ros/jazzy/include/statistics_msgs/statistics_msgs/msg/detail/statistic_data_point__struct.hpp:30:11: note:   ‘statistics_msgs::msg’
   30 | namespace msg
      |           ^~~
/opt/ros/jazzy/include/std_msgs/std_msgs/msg/detail/header__struct.hpp:34:11: note:   ‘std_msgs::msg’
   34 | namespace msg
      |           ^~~
/opt/ros/jazzy/include/geometry_msgs/geometry_msgs/msg/detail/vector3__struct.hpp:30:11: note:   ‘geometry_msgs::msg’
   30 | namespace msg
      |           ^~~
/opt/ros/jazzy/include/tf2_msgs/tf2_msgs/msg/detail/tf_message__struct.hpp:34:11: note:   ‘tf2_msgs::msg’
   34 | namespace msg
      |           ^~~
/opt/ros/jazzy/include/sensor_msgs/sensor_msgs/msg/detail/laser_scan__struct.hpp:34:11: note:   ‘sensor_msgs::msg’
   34 | namespace msg
      |           ^~~
/opt/ros/jazzy/include/nav_msgs/nav_msgs/msg/detail/odometry__struct.hpp:38:11: note:   ‘nav_msgs::msg’
   38 | namespace msg
      |           ^~~
/opt/ros/jazzy/include/example_interfaces/example_interfaces/msg/detail/u_int32__struct.hpp:30:11: note:   ‘example_interfaces::msg’
   30 | namespace msg
      |           ^~~
/home/neha/ros2_ws/src/install/object_pose_interface_msgs/include/object_pose_interface_msgs/object_pose_interface_msgs/msg/detail/keypoint_detection3_d__struct.hpp:30:11: note:   ‘object_pose_interface_msgs::msg’
   30 | namespace msg
      |           ^~~
/home/neha/ros2_ws/src/semnav_migration/src/human_following.cpp: In member function ‘void HumanFollowingNode::publish_behavior_mode(uint16_t)’:
/home/neha/ros2_ws/src/semnav_migration/src/human_following.cpp:181:35: error: ‘UInt32’ is not a member of ‘std_msgs’; did you mean ‘example_interfaces::msg::UInt32’?
  181 |                         std_msgs::UInt32 commandMode;
      |                                   ^~~~~~
/opt/ros/jazzy/include/example_interfaces/example_interfaces/msg/detail/u_int32__struct.hpp:125:7: note: ‘example_interfaces::msg::UInt32’ declared here
  125 | using UInt32 =
      |       ^~~~~~
/home/neha/ros2_ws/src/semnav_migration/src/navigation_humans.cpp:673:52: error: ‘UInt32’ was not declared in this scope; did you mean ‘example_interfaces::msg::UInt32’?
  673 |                 rclcpp::Publisher<example_msgs/msg/UInt32> pub_behaviorMode_;
      |                                                    ^~~~~~
      |                                                    example_interfaces::msg::UInt32
/opt/ros/jazzy/include/example_interfaces/example_interfaces/msg/detail/u_int32__struct.hpp:125:7: note: ‘example_interfaces::msg::UInt32’ declared here
  125 | using UInt32 =
      |       ^~~~~~
/home/neha/ros2_ws/src/semnav_migration/src/navigation_humans.cpp:673:58: error: template argument 1 is invalid
  673 |                 rclcpp::Publisher<example_msgs/msg/UInt32> pub_behaviorMode_;
      |                                                          ^
/home/neha/ros2_ws/src/semnav_migration/src/navigation_humans.cpp:674:58: error: template argument 1 is invalid
  674 |                 rclcpp::Publisher<geometry_msgs/msg/Twist> pub_twist_;
      |                                                          ^
/home/neha/ros2_ws/src/semnav_migration/src/human_following.cpp:182:25: error: ‘commandMode’ was not declared in this scope
  182 |                         commandMode.data = BehaviorModeCmd;
      |                         ^~~~~~~~~~~
/home/neha/ros2_ws/src/semnav_migration/src/navigation_humans.cpp:675:35: error: ‘example_msgs’ was not declared in this scope
  675 |                 rclcpp::Publisher<example_msgs/msg/UInt32> pub_semantic_map_;
      |                                   ^~~~~~~~~~~~
/home/neha/ros2_ws/src/semnav_migration/src/navigation_humans.cpp:675:48: error: ‘msg’ was not declared in this scope
  675 |                 rclcpp::Publisher<example_msgs/msg/UInt32> pub_semantic_map_;
      |                                                ^~~
/home/neha/ros2_ws/src/semnav_migration/src/navigation_humans.cpp:675:48: note: suggested alternatives:
/opt/ros/jazzy/include/rcl_interfaces/rcl_interfaces/msg/detail/list_parameters_result__struct.hpp:30:11: note:   ‘rcl_interfaces::msg’
   30 | namespace msg
      |           ^~~
/opt/ros/jazzy/include/builtin_interfaces/builtin_interfaces/msg/detail/time__struct.hpp:30:11: note:   ‘builtin_interfaces::msg’
   30 | namespace msg
      |           ^~~
/opt/ros/jazzy/include/service_msgs/service_msgs/msg/detail/service_event_info__struct.hpp:34:11: note:   ‘service_msgs::msg’
   34 | namespace msg
      |           ^~~
/opt/ros/jazzy/include/statistics_msgs/statistics_msgs/msg/detail/statistic_data_point__struct.hpp:30:11: note:   ‘statistics_msgs::msg’
   30 | namespace msg
      |           ^~~
/opt/ros/jazzy/include/std_msgs/std_msgs/msg/detail/header__struct.hpp:34:11: note:   ‘std_msgs::msg’
   34 | namespace msg
      |           ^~~
/opt/ros/jazzy/include/geometry_msgs/geometry_msgs/msg/detail/vector3__struct.hpp:30:11: note:   ‘geometry_msgs::msg’
   30 | namespace msg
      |           ^~~
/opt/ros/jazzy/include/tf2_msgs/tf2_msgs/msg/detail/tf_message__struct.hpp:34:11: note:   ‘tf2_msgs::msg’
   34 | namespace msg
      |           ^~~
/opt/ros/jazzy/include/sensor_msgs/sensor_msgs/msg/detail/laser_scan__struct.hpp:34:11: note:   ‘sensor_msgs::msg’
   34 | namespace msg
      |           ^~~
/opt/ros/jazzy/include/nav_msgs/nav_msgs/msg/detail/odometry__struct.hpp:38:11: note:   ‘nav_msgs::msg’
   38 | namespace msg
      |           ^~~
/opt/ros/jazzy/include/example_interfaces/example_interfaces/msg/detail/u_int32__struct.hpp:30:11: note:   ‘example_interfaces::msg’
   30 | namespace msg
      |           ^~~
/home/neha/ros2_ws/src/install/object_pose_interface_msgs/include/object_pose_interface_msgs/object_pose_interface_msgs/msg/detail/keypoint_detection3_d__struct.hpp:30:11: note:   ‘object_pose_interface_msgs::msg’
   30 | namespace msg
      |           ^~~
/home/neha/ros2_ws/src/semnav_migration/src/navigation_humans.cpp:675:52: error: ‘UInt32’ was not declared in this scope; did you mean ‘example_interfaces::msg::UInt32’?
  675 |                 rclcpp::Publisher<example_msgs/msg/UInt32> pub_semantic_map_;
      |                                                    ^~~~~~
      |                                                    example_interfaces::msg::UInt32
/opt/ros/jazzy/include/example_interfaces/example_interfaces/msg/detail/u_int32__struct.hpp:125:7: note: ‘example_interfaces::msg::UInt32’ declared here
  125 | using UInt32 =
      |       ^~~~~~
/home/neha/ros2_ws/src/semnav_migration/src/navigation_humans.cpp:675:58: error: template argument 1 is invalid
  675 |                 rclcpp::Publisher<example_msgs/msg/UInt32> pub_semantic_map_;
      |                                                          ^
/home/neha/ros2_ws/src/semnav_migration/src/navigation_humans.cpp:721:22: error: ‘TransformListener’ in namespace ‘tf2’ does not name a type
  721 |                 tf2::TransformListener listener_;
      |                      ^~~~~~~~~~~~~~~~~
/home/neha/ros2_ws/src/semnav_migration/src/navigation_humans.cpp: In constructor ‘NavigationHumansNode::NavigationHumansNode()’:
/home/neha/ros2_ws/src/semnav_migration/src/navigation_humans.cpp:44:63: error: no matching function for call to ‘rclcpp::Node::Node()’
   44 |         NavigationHumansNode() : Node("navigation humans node") {
      |                                                               ^
In file included from /opt/ros/jazzy/include/rclcpp/rclcpp/executors/single_threaded_executor.hpp:28,
                 from /opt/ros/jazzy/include/rclcpp/rclcpp/executors.hpp:22:
/opt/ros/jazzy/include/rclcpp/rclcpp/node.hpp:1629:3: note: candidate: ‘rclcpp::Node::Node(const rclcpp::Node&, const std::string&)’
 1629 |   Node(
      |   ^~~~
/opt/ros/jazzy/include/rclcpp/rclcpp/node.hpp:1629:3: note:   candidate expects 2 arguments, 0 provided
/opt/ros/jazzy/include/rclcpp/rclcpp/node.hpp:103:12: note: candidate: ‘rclcpp::Node::Node(const std::string&, const std::string&, const rclcpp::NodeOptions&)’
  103 |   explicit Node(
      |            ^~~~
/opt/ros/jazzy/include/rclcpp/rclcpp/node.hpp:103:12: note:   candidate expects 3 arguments, 0 provided
/opt/ros/jazzy/include/rclcpp/rclcpp/node.hpp:91:12: note: candidate: ‘rclcpp::Node::Node(const std::string&, const rclcpp::NodeOptions&)’
   91 |   explicit Node(
      |            ^~~~
/opt/ros/jazzy/include/rclcpp/rclcpp/node.hpp:91:12: note:   candidate expects 2 arguments, 0 provided
/home/neha/ros2_ws/src/semnav_migration/src/human_following.cpp:183:25: error: ‘pub_behaviorMode_’ was not declared in this scope; did you mean ‘pub_behaviorMode_topic_’?
  183 |                         pub_behaviorMode_.publish(commandMode);
      |                         ^~~~~~~~~~~~~~~~~
      |                         pub_behaviorMode_topic_
/home/neha/ros2_ws/src/semnav_migration/src/navigation_humans.cpp:123:25: error: ‘LowpassCutOff_’ was not declared in this scope; did you mean ‘LowpassCutoff_’?
  123 |                         LowpassCutOff_ = this->get_parameter("LowpassCutOff").as_double();
      |                         ^~~~~~~~~~~~~~
      |                         LowpassCutoff_
/home/neha/ros2_ws/src/semnav_migration/src/navigation_humans.cpp:132:69: error: ‘UInt32’ is not a member of ‘std_msgs::msg’; did you mean ‘example_interfaces::msg::UInt32’?
  132 |             pub_behaviorID_ = this->create_publisher<std_msgs::msg::UInt32>("pub_behaviorID_topic_", 1);
      |                                                                     ^~~~~~
/opt/ros/jazzy/include/example_interfaces/example_interfaces/msg/detail/u_int32__struct.hpp:125:7: note: ‘example_interfaces::msg::UInt32’ declared here
  125 | using UInt32 =
      |       ^~~~~~
/home/neha/ros2_ws/src/semnav_migration/src/navigation_humans.cpp:132:76: error: no matching function for call to ‘NavigationHumansNode::create_publisher<<expression error> >(const char [22], int)’
  132 |             pub_behaviorID_ = this->create_publisher<std_msgs::msg::UInt32>("pub_behaviorID_topic_", 1);
      |                               ~~~~~~~~~~~~~~~~~~~~~~~~~~~~~~~~~~~~~~~~~~~~~^~~~~~~~~~~~~~~~~~~~~~~~~~~~
/opt/ros/jazzy/include/rclcpp/rclcpp/node.hpp:197:3: note: candidate: ‘template<class MessageT, class AllocatorT, class PublisherT> std::shared_ptr<PublisherT> rclcpp::Node::create_publisher(const std::string&, const rclcpp::QoS&, const rclcpp::PublisherOptionsWithAllocator<AllocatorT>&)’
  197 |   create_publisher(
      |   ^~~~~~~~~~~~~~~~
/opt/ros/jazzy/include/rclcpp/rclcpp/node.hpp:197:3: note:   template argument deduction/substitution failed:
/home/neha/ros2_ws/src/semnav_migration/src/navigation_humans.cpp:132:76: error: template argument 1 is invalid
  132 |             pub_behaviorID_ = this->create_publisher<std_msgs::msg::UInt32>("pub_behaviorID_topic_", 1);
      |                               ~~~~~~~~~~~~~~~~~~~~~~~~~~~~~~~~~~~~~~~~~~~~~^~~~~~~~~~~~~~~~~~~~~~~~~~~~
/home/neha/ros2_ws/src/semnav_migration/src/navigation_humans.cpp:133:71: error: ‘UInt32’ is not a member of ‘std_msgs::msg’; did you mean ‘example_interfaces::msg::UInt32’?
  133 |             pub_behaviorMode_ = this->create_publisher<std_msgs::msg::UInt32>("pub_behaviorMode_topic_", 1);
      |                                                                       ^~~~~~
/opt/ros/jazzy/include/example_interfaces/example_interfaces/msg/detail/u_int32__struct.hpp:125:7: note: ‘example_interfaces::msg::UInt32’ declared here
  125 | using UInt32 =
      |       ^~~~~~
/home/neha/ros2_ws/src/semnav_migration/src/navigation_humans.cpp:133:78: error: no matching function for call to ‘NavigationHumansNode::create_publisher<<expression error> >(const char [24], int)’
  133 |             pub_behaviorMode_ = this->create_publisher<std_msgs::msg::UInt32>("pub_behaviorMode_topic_", 1);
      |                                 ~~~~~~~~~~~~~~~~~~~~~~~~~~~~~~~~~~~~~~~~~~~~~^~~~~~~~~~~~~~~~~~~~~~~~~~~~~~
/opt/ros/jazzy/include/rclcpp/rclcpp/node.hpp:197:3: note: candidate: ‘template<class MessageT, class AllocatorT, class PublisherT> std::shared_ptr<PublisherT> rclcpp::Node::create_publisher(const std::string&, const rclcpp::QoS&, const rclcpp::PublisherOptionsWithAllocator<AllocatorT>&)’
  197 |   create_publisher(
      |   ^~~~~~~~~~~~~~~~
/opt/ros/jazzy/include/rclcpp/rclcpp/node.hpp:197:3: note:   template argument deduction/substitution failed:
/home/neha/ros2_ws/src/semnav_migration/src/navigation_humans.cpp:133:78: error: template argument 1 is invalid
  133 |             pub_behaviorMode_ = this->create_publisher<std_msgs::msg::UInt32>("pub_behaviorMode_topic_", 1);
      |                                 ~~~~~~~~~~~~~~~~~~~~~~~~~~~~~~~~~~~~~~~~~~~~~^~~~~~~~~~~~~~~~~~~~~~~~~~~~~~
/home/neha/ros2_ws/src/semnav_migration/src/navigation_humans.cpp:134:64: error: ‘UInt32’ is not a member of ‘std_msgs::msg’; did you mean ‘example_interfaces::msg::UInt32’?
  134 |             pub_twist_ = this->create_publisher<std_msgs::msg::UInt32>("pub_twist_topic", 1);
      |                                                                ^~~~~~
/opt/ros/jazzy/include/example_interfaces/example_interfaces/msg/detail/u_int32__struct.hpp:125:7: note: ‘example_interfaces::msg::UInt32’ declared here
  125 | using UInt32 =
      |       ^~~~~~
/home/neha/ros2_ws/src/semnav_migration/src/navigation_humans.cpp:134:71: error: no matching function for call to ‘NavigationHumansNode::create_publisher<<expression error> >(const char [16], int)’
  134 |             pub_twist_ = this->create_publisher<std_msgs::msg::UInt32>("pub_twist_topic", 1);
      |                          ~~~~~~~~~~~~~~~~~~~~~~~~~~~~~~~~~~~~~~~~~~~~~^~~~~~~~~~~~~~~~~~~~~~
/opt/ros/jazzy/include/rclcpp/rclcpp/node.hpp:197:3: note: candidate: ‘template<class MessageT, class AllocatorT, class PublisherT> std::shared_ptr<PublisherT> rclcpp::Node::create_publisher(const std::string&, const rclcpp::QoS&, const rclcpp::PublisherOptionsWithAllocator<AllocatorT>&)’
  197 |   create_publisher(
      |   ^~~~~~~~~~~~~~~~
/opt/ros/jazzy/include/rclcpp/rclcpp/node.hpp:197:3: note:   template argument deduction/substitution failed:
/home/neha/ros2_ws/src/semnav_migration/src/navigation_humans.cpp:134:71: error: template argument 1 is invalid
  134 |             pub_twist_ = this->create_publisher<std_msgs::msg::UInt32>("pub_twist_topic", 1);
      |                          ~~~~~~~~~~~~~~~~~~~~~~~~~~~~~~~~~~~~~~~~~~~~~^~~~~~~~~~~~~~~~~~~~~~
/home/neha/ros2_ws/src/semnav_migration/src/human_following.cpp: In function ‘int main(int, char**)’:
/home/neha/ros2_ws/src/semnav_migration/src/human_following.cpp:722:9: error: ‘ros’ has not been declared
  722 |         ros::init(argc, argv, "human_following");
      |         ^~~
/home/neha/ros2_ws/src/semnav_migration/src/human_following.cpp:725:9: error: ‘ros’ has not been declared
  725 |         ros::NodeHandle nh("~");
      |         ^~~
/home/neha/ros2_ws/src/semnav_migration/src/human_following.cpp:728:48: error: ‘nh’ was not declared in this scope
  728 |         HumanFollowingNode humanFollowingNode(&nh);
      |                                                ^~
/home/neha/ros2_ws/src/semnav_migration/src/navigation_humans.cpp:137:116: error: no matching function for call to ‘message_filters::Subscriber<sensor_msgs::msg::LaserScan_<std::allocator<void> > >::Subscriber(rclcpp::Node&, std::string&, int)’
  137 |                         message_filters::Subscriber<sensor_msgs::msg::LaserScan> sub_laser(nh_, sub_laser_topic_, 1);
      |                                                                                                                    ^
In file included from /home/neha/ros2_ws/src/semnav_migration/include/reactive_planner_lib.h:45:
/opt/ros/jazzy/include/message_filters/message_filters/subscriber.h:224:3: note: candidate: ‘message_filters::Subscriber<M, NodeType>::Subscriber() [with M = sensor_msgs::msg::LaserScan_<std::allocator<void> >; NodeType = rclcpp::Node]’
  224 |   Subscriber() = default;
      |   ^~~~~~~~~~
/opt/ros/jazzy/include/message_filters/message_filters/subscriber.h:224:3: note:   candidate expects 0 arguments, 3 provided
/opt/ros/jazzy/include/message_filters/message_filters/subscriber.h:212:3: note: candidate: ‘message_filters::Subscriber<M, NodeType>::Subscriber(NodeType*, const std::string&, rmw_qos_profile_t, rclcpp::SubscriptionOptions) [with M = sensor_msgs::msg::LaserScan_<std::allocator<void> >; NodeType = rclcpp::Node; std::string = std::__cxx11::basic_string<char>; rmw_qos_profile_t = rmw_qos_profile_s; rclcpp::SubscriptionOptions = rclcpp::SubscriptionOptionsWithAllocator<std::allocator<void> >]’
  212 |   Subscriber(
      |   ^~~~~~~~~~
/opt/ros/jazzy/include/message_filters/message_filters/subscriber.h:212:3: note:   candidate expects 4 arguments, 3 provided
/opt/ros/jazzy/include/message_filters/message_filters/subscriber.h:203:3: note: candidate: ‘message_filters::Subscriber<M, NodeType>::Subscriber(NodePtr, const std::string&, rmw_qos_profile_t, rclcpp::SubscriptionOptions) [with M = sensor_msgs::msg::LaserScan_<std::allocator<void> >; NodeType = rclcpp::Node; NodePtr = std::shared_ptr<rclcpp::Node>; std::string = std::__cxx11::basic_string<char>; rmw_qos_profile_t = rmw_qos_profile_s; rclcpp::SubscriptionOptions = rclcpp::SubscriptionOptionsWithAllocator<std::allocator<void> >]’
  203 |   Subscriber(
      |   ^~~~~~~~~~
/opt/ros/jazzy/include/message_filters/message_filters/subscriber.h:203:3: note:   candidate expects 4 arguments, 3 provided
/opt/ros/jazzy/include/message_filters/message_filters/subscriber.h:188:3: note: candidate: ‘message_filters::Subscriber<M, NodeType>::Subscriber(NodeType*, const std::string&, rmw_qos_profile_t) [with M = sensor_msgs::msg::LaserScan_<std::allocator<void> >; NodeType = rclcpp::Node; std::string = std::__cxx11::basic_string<char>; rmw_qos_profile_t = rmw_qos_profile_s]’
  188 |   Subscriber(NodeType * node, const std::string& topic, const rmw_qos_profile_t qos = rmw_qos_profile_default)
      |   ^~~~~~~~~~
/opt/ros/jazzy/include/message_filters/message_filters/subscriber.h:188:25: note:   no known conversion for argument 1 from ‘rclcpp::Node’ to ‘rclcpp::Node*’
  188 |   Subscriber(NodeType * node, const std::string& topic, const rmw_qos_profile_t qos = rmw_qos_profile_default)
      |              ~~~~~~~~~~~^~~~
/opt/ros/jazzy/include/message_filters/message_filters/subscriber.h:183:3: note: candidate: ‘message_filters::Subscriber<M, NodeType>::Subscriber(NodePtr, const std::string&, rmw_qos_profile_t) [with M = sensor_msgs::msg::LaserScan_<std::allocator<void> >; NodeType = rclcpp::Node; NodePtr = std::shared_ptr<rclcpp::Node>; std::string = std::__cxx11::basic_string<char>; rmw_qos_profile_t = rmw_qos_profile_s]’
  183 |   Subscriber(NodePtr node, const std::string& topic, const rmw_qos_profile_t qos = rmw_qos_profile_default)
      |   ^~~~~~~~~~
/opt/ros/jazzy/include/message_filters/message_filters/subscriber.h:183:22: note:   no known conversion for argument 1 from ‘rclcpp::Node’ to ‘message_filters::Subscriber<sensor_msgs::msg::LaserScan_<std::allocator<void> > >::NodePtr’ {aka ‘std::shared_ptr<rclcpp::Node>’}
  183 |   Subscriber(NodePtr node, const std::string& topic, const rmw_qos_profile_t qos = rmw_qos_profile_default)
      |              ~~~~~~~~^~~~
/home/neha/ros2_ws/src/semnav_migration/src/navigation_humans.cpp:138:112: error: no matching function for call to ‘message_filters::Subscriber<nav_msgs::msg::Odometry_<std::allocator<void> > >::Subscriber(rclcpp::Node&, std::string&, int)’
  138 |                         message_filters::Subscriber<nav_msgs::msg::Odometry> sub_robot(nh_, sub_robot_topic_, 1);
      |                                                                                                                ^
/opt/ros/jazzy/include/message_filters/message_filters/subscriber.h:224:3: note: candidate: ‘message_filters::Subscriber<M, NodeType>::Subscriber() [with M = nav_msgs::msg::Odometry_<std::allocator<void> >; NodeType = rclcpp::Node]’
  224 |   Subscriber() = default;
      |   ^~~~~~~~~~
/opt/ros/jazzy/include/message_filters/message_filters/subscriber.h:224:3: note:   candidate expects 0 arguments, 3 provided
/opt/ros/jazzy/include/message_filters/message_filters/subscriber.h:212:3: note: candidate: ‘message_filters::Subscriber<M, NodeType>::Subscriber(NodeType*, const std::string&, rmw_qos_profile_t, rclcpp::SubscriptionOptions) [with M = nav_msgs::msg::Odometry_<std::allocator<void> >; NodeType = rclcpp::Node; std::string = std::__cxx11::basic_string<char>; rmw_qos_profile_t = rmw_qos_profile_s; rclcpp::SubscriptionOptions = rclcpp::SubscriptionOptionsWithAllocator<std::allocator<void> >]’
  212 |   Subscriber(
      |   ^~~~~~~~~~
/opt/ros/jazzy/include/message_filters/message_filters/subscriber.h:212:3: note:   candidate expects 4 arguments, 3 provided
/opt/ros/jazzy/include/message_filters/message_filters/subscriber.h:203:3: note: candidate: ‘message_filters::Subscriber<M, NodeType>::Subscriber(NodePtr, const std::string&, rmw_qos_profile_t, rclcpp::SubscriptionOptions) [with M = nav_msgs::msg::Odometry_<std::allocator<void> >; NodeType = rclcpp::Node; NodePtr = std::shared_ptr<rclcpp::Node>; std::string = std::__cxx11::basic_string<char>; rmw_qos_profile_t = rmw_qos_profile_s; rclcpp::SubscriptionOptions = rclcpp::SubscriptionOptionsWithAllocator<std::allocator<void> >]’
  203 |   Subscriber(
      |   ^~~~~~~~~~
/opt/ros/jazzy/include/message_filters/message_filters/subscriber.h:203:3: note:   candidate expects 4 arguments, 3 provided
/opt/ros/jazzy/include/message_filters/message_filters/subscriber.h:188:3: note: candidate: ‘message_filters::Subscriber<M, NodeType>::Subscriber(NodeType*, const std::string&, rmw_qos_profile_t) [with M = nav_msgs::msg::Odometry_<std::allocator<void> >; NodeType = rclcpp::Node; std::string = std::__cxx11::basic_string<char>; rmw_qos_profile_t = rmw_qos_profile_s]’
  188 |   Subscriber(NodeType * node, const std::string& topic, const rmw_qos_profile_t qos = rmw_qos_profile_default)
      |   ^~~~~~~~~~
/opt/ros/jazzy/include/message_filters/message_filters/subscriber.h:188:25: note:   no known conversion for argument 1 from ‘rclcpp::Node’ to ‘rclcpp::Node*’
  188 |   Subscriber(NodeType * node, const std::string& topic, const rmw_qos_profile_t qos = rmw_qos_profile_default)
      |              ~~~~~~~~~~~^~~~
/opt/ros/jazzy/include/message_filters/message_filters/subscriber.h:183:3: note: candidate: ‘message_filters::Subscriber<M, NodeType>::Subscriber(NodePtr, const std::string&, rmw_qos_profile_t) [with M = nav_msgs::msg::Odometry_<std::allocator<void> >; NodeType = rclcpp::Node; NodePtr = std::shared_ptr<rclcpp::Node>; std::string = std::__cxx11::basic_string<char>; rmw_qos_profile_t = rmw_qos_profile_s]’
  183 |   Subscriber(NodePtr node, const std::string& topic, const rmw_qos_profile_t qos = rmw_qos_profile_default)
      |   ^~~~~~~~~~
/opt/ros/jazzy/include/message_filters/message_filters/subscriber.h:183:22: note:   no known conversion for argument 1 from ‘rclcpp::Node’ to ‘message_filters::Subscriber<nav_msgs::msg::Odometry_<std::allocator<void> > >::NodePtr’ {aka ‘std::shared_ptr<rclcpp::Node>’}
  183 |   Subscriber(NodePtr node, const std::string& topic, const rmw_qos_profile_t qos = rmw_qos_profile_default)
      |              ~~~~~~~~^~~~
/home/neha/ros2_ws/src/semnav_migration/src/navigation_humans.cpp:143:55: error: ‘bind’ is not a member of ‘boost’; did you mean ‘find’?
  143 |                         sync->registerCallback(boost::bind(&NavigationHumansNode::control_callback, this, _1, _2));
      |                                                       ^~~~
      |                                                       find
/home/neha/ros2_ws/src/semnav_migration/src/navigation_humans.cpp:143:107: error: ‘_1’ was not declared in this scope
  143 |                         sync->registerCallback(boost::bind(&NavigationHumansNode::control_callback, this, _1, _2));
      |                                                                                                           ^~
/home/neha/ros2_ws/src/semnav_migration/src/navigation_humans.cpp:143:107: note: suggested alternatives:
In file included from /usr/include/boost/mpl/aux_/include_preprocessed.hpp:37,
                 from /usr/include/boost/mpl/placeholders.hpp:43,
                 from /usr/include/boost/iterator/iterator_categories.hpp:16,
                 from /usr/include/boost/iterator/iterator_facade.hpp:13,
                 from /usr/include/boost/range/iterator_range_core.hpp:27,
                 from /usr/include/boost/lexical_cast.hpp:48,
                 from /usr/include/boost/multiprecision/detail/number_base.hpp:29,
                 from /usr/include/boost/multiprecision/traits/is_variable_precision.hpp:9,
                 from /usr/include/boost/multiprecision/detail/precision.hpp:9,
                 from /usr/include/boost/multiprecision/number.hpp:11,
                 from /usr/include/boost/multiprecision/cpp_int.hpp:19,
                 from /usr/include/boost/multiprecision/cpp_bin_float.hpp:15,
                 from /usr/include/boost/geometry/core/coordinate_promotion.hpp:16,
                 from /usr/include/boost/geometry/core/radian_access.hpp:30,
                 from /usr/include/boost/geometry/geometry.hpp:50,
                 from /usr/include/boost/geometry.hpp:17,
                 from /home/neha/ros2_ws/src/semnav_migration/include/reactive_planner_lib.h:26:
/usr/include/boost/mpl/aux_/preprocessed/gcc/placeholders.hpp:29:16: note:   ‘mpl_::_1’
   29 | typedef arg<1> _1;
      |                ^~
In file included from /usr/include/boost/numeric/conversion/converter_policies.hpp:13,
                 from /usr/include/boost/numeric/conversion/converter.hpp:14,
                 from /usr/include/boost/numeric/conversion/cast.hpp:33,
                 from /usr/include/boost/geometry/core/radian_access.hpp:26:
/usr/include/c++/13/functional:294:48: note:   ‘std::placeholders::_1’
  294 |     _GLIBCXX_PLACEHOLDER const _Placeholder<1> _1;
      |                                                ^~
/usr/include/boost/mpl/aux_/preprocessed/gcc/placeholders.hpp:29:16: note:   ‘mpl_::_1’
   29 | typedef arg<1> _1;
      |                ^~
In file included from /usr/include/boost/describe/members.hpp:20,
                 from /usr/include/boost/container_hash/is_described_class.hpp:11,
                 from /usr/include/boost/container_hash/hash.hpp:18,
                 from /usr/include/boost/functional/hash.hpp:6,
                 from /usr/include/CGAL/Kernel/hash_functions.h:16,
                 from /usr/include/CGAL/Kernel/global_functions.h:25,
                 from /usr/include/CGAL/Cartesian/Cartesian_base.h:22,
                 from /usr/include/CGAL/Simple_cartesian.h:20,
                 from /usr/include/CGAL/Exact_predicates_inexact_constructions_kernel.h:20,
                 from /home/neha/ros2_ws/src/semnav_migration/include/polygeom_lib.h:32,
                 from /home/neha/ros2_ws/src/semnav_migration/include/reactive_planner_lib.h:55:
/usr/include/boost/mp11/bind.hpp:45:7: note:   ‘boost::mp11::_1’
   45 | using _1 = mp_arg<0>;
      |       ^~
/usr/include/boost/mpl/aux_/preprocessed/gcc/placeholders.hpp:29:16: note:   ‘mpl_::_1’
   29 | typedef arg<1> _1;
      |                ^~
/home/neha/ros2_ws/src/semnav_migration/src/navigation_humans.cpp:143:111: error: ‘_2’ was not declared in this scope
  143 |                         sync->registerCallback(boost::bind(&NavigationHumansNode::control_callback, this, _1, _2));
      |                                                                                                               ^~
/home/neha/ros2_ws/src/semnav_migration/src/navigation_humans.cpp:143:111: note: suggested alternatives:
/usr/include/boost/mpl/aux_/preprocessed/gcc/placeholders.hpp:42:16: note:   ‘mpl_::_2’
   42 | typedef arg<2> _2;
      |                ^~
/usr/include/c++/13/functional:295:48: note:   ‘std::placeholders::_2’
  295 |     _GLIBCXX_PLACEHOLDER const _Placeholder<2> _2;
      |                                                ^~
/usr/include/boost/mpl/aux_/preprocessed/gcc/placeholders.hpp:42:16: note:   ‘mpl_::_2’
   42 | typedef arg<2> _2;
      |                ^~
/usr/include/boost/mp11/bind.hpp:46:7: note:   ‘boost::mp11::_2’
   46 | using _2 = mp_arg<1>;
      |       ^~
/usr/include/boost/mpl/aux_/preprocessed/gcc/placeholders.hpp:42:16: note:   ‘mpl_::_2’
   42 | typedef arg<2> _2;
      |                ^~
/home/neha/ros2_ws/src/semnav_migration/src/navigation_humans.cpp:146:67: error: ‘SemanticMapObjectArray’ is not a member of ‘object_pose_interface_msgs::msg’
  146 |             rclcpp::Subscription<object_pose_interface_msgs::msg::SemanticMapObjectArray>::SharedPtr sub_semantic
      |                                                                   ^~~~~~~~~~~~~~~~~~~~~~
/home/neha/ros2_ws/src/semnav_migration/src/navigation_humans.cpp:146:89: error: template argument 1 is invalid
  146 |             rclcpp::Subscription<object_pose_interface_msgs::msg::SemanticMapObjectArray>::SharedPtr sub_semantic
      |                                                                                         ^
/home/neha/ros2_ws/src/semnav_migration/src/navigation_humans.cpp:146:89: error: template argument 3 is invalid
/home/neha/ros2_ws/src/semnav_migration/src/navigation_humans.cpp:146:89: error: template argument 4 is invalid
/home/neha/ros2_ws/src/semnav_migration/src/navigation_humans.cpp:146:89: error: template argument 5 is invalid
/home/neha/ros2_ws/src/semnav_migration/src/navigation_humans.cpp:146:102: error: expected initializer before ‘sub_semantic’
  146 |             rclcpp::Subscription<object_pose_interface_msgs::msg::SemanticMapObjectArray>::SharedPtr sub_semantic
      |                                                                                                      ^~~~~~~~~~~~
/home/neha/ros2_ws/src/semnav_migration/src/navigation_humans.cpp:150:67: error: ‘SemanticMapObjectArray’ is not a member of ‘object_pose_interface_msgs::msg’
  150 |             rclcpp::Subscription<object_pose_interface_msgs::msg::SemanticMapObjectArray>::SharedPtr sub_semantic
      |                                                                   ^~~~~~~~~~~~~~~~~~~~~~
/home/neha/ros2_ws/src/semnav_migration/src/navigation_humans.cpp:150:89: error: template argument 1 is invalid
  150 |             rclcpp::Subscription<object_pose_interface_msgs::msg::SemanticMapObjectArray>::SharedPtr sub_semantic
      |                                                                                         ^
/home/neha/ros2_ws/src/semnav_migration/src/navigation_humans.cpp:150:89: error: template argument 3 is invalid
/home/neha/ros2_ws/src/semnav_migration/src/navigation_humans.cpp:150:89: error: template argument 4 is invalid
/home/neha/ros2_ws/src/semnav_migration/src/navigation_humans.cpp:150:89: error: template argument 5 is invalid
/home/neha/ros2_ws/src/semnav_migration/src/navigation_humans.cpp:150:102: error: expected initializer before ‘sub_semantic’
  150 |             rclcpp::Subscription<object_pose_interface_msgs::msg::SemanticMapObjectArray>::SharedPtr sub_semantic
      |                                                                                                      ^~~~~~~~~~~~
/home/neha/ros2_ws/src/semnav_migration/src/navigation_humans.cpp:159:45: error: no matching function for call to ‘rclcpp::Duration::Duration(double)’
  159 |                         rclcpp::Duration(5.0).sleep();
      |                                             ^
In file included from /opt/ros/jazzy/include/rclcpp/rclcpp/time.hpp:24,
                 from /opt/ros/jazzy/include/rclcpp/rclcpp/clock.hpp:24,
                 from /opt/ros/jazzy/include/rclcpp/rclcpp/client.hpp:38,
                 from /opt/ros/jazzy/include/rclcpp/rclcpp/callback_group.hpp:24,
                 from /opt/ros/jazzy/include/rclcpp/rclcpp/any_executable.hpp:20:
/opt/ros/jazzy/include/rclcpp/rclcpp/duration.hpp:49:3: note: candidate: ‘template<class Rep, class Period> rclcpp::Duration::Duration(const std::chrono::duration<_Rep1, _Period1>&)’
   49 |   Duration(const std::chrono::duration<Rep, Period> & duration)  // NOLINT(runtime/explicit)
      |   ^~~~~~~~
/opt/ros/jazzy/include/rclcpp/rclcpp/duration.hpp:49:3: note:   template argument deduction/substitution failed:
/home/neha/ros2_ws/src/semnav_migration/src/navigation_humans.cpp:159:45: note:   mismatched types ‘const std::chrono::duration<_Rep1, _Period1>’ and ‘double’
  159 |                         rclcpp::Duration(5.0).sleep();
      |                                             ^
/opt/ros/jazzy/include/rclcpp/rclcpp/duration.hpp:159:3: note: candidate: ‘rclcpp::Duration::Duration()’
  159 |   Duration() = default;
      |   ^~~~~~~~
/opt/ros/jazzy/include/rclcpp/rclcpp/duration.hpp:159:3: note:   candidate expects 0 arguments, 1 provided
/opt/ros/jazzy/include/rclcpp/rclcpp/duration.hpp:62:3: note: candidate: ‘rclcpp::Duration::Duration(const rclcpp::Duration&)’
   62 |   Duration(const Duration & rhs);
      |   ^~~~~~~~
/opt/ros/jazzy/include/rclcpp/rclcpp/duration.hpp:62:29: note:   no known conversion for argument 1 from ‘double’ to ‘const rclcpp::Duration&’
   62 |   Duration(const Duration & rhs);
      |            ~~~~~~~~~~~~~~~~~^~~
/opt/ros/jazzy/include/rclcpp/rclcpp/duration.hpp:60:12: note: candidate: ‘rclcpp::Duration::Duration(const rcl_duration_t&)’
   60 |   explicit Duration(const rcl_duration_t & duration);
      |            ^~~~~~~~
/opt/ros/jazzy/include/rclcpp/rclcpp/duration.hpp:60:44: note:   no known conversion for argument 1 from ‘double’ to ‘const rcl_duration_t&’ {aka ‘const rcl_duration_s&’}
   60 |   explicit Duration(const rcl_duration_t & duration);
      |                     ~~~~~~~~~~~~~~~~~~~~~~~^~~~~~~~
/opt/ros/jazzy/include/rclcpp/rclcpp/duration.hpp:54:3: note: candidate: ‘rclcpp::Duration::Duration(const builtin_interfaces::msg::Duration&)’
   54 |   Duration(const builtin_interfaces::msg::Duration & duration_msg);  // NOLINT(runtime/explicit)
      |   ^~~~~~~~
/opt/ros/jazzy/include/rclcpp/rclcpp/duration.hpp:54:54: note:   no known conversion for argument 1 from ‘double’ to ‘const builtin_interfaces::msg::Duration&’ {aka ‘const builtin_interfaces::msg::Duration_<std::allocator<void> >&’}
   54 |   Duration(const builtin_interfaces::msg::Duration & duration_msg);  // NOLINT(runtime/explicit)
      |            ~~~~~~~~~~~~~~~~~~~~~~~~~~~~~~~~~~~~~~~~~~^~~~~~~~~~~~
/opt/ros/jazzy/include/rclcpp/rclcpp/duration.hpp:43:12: note: candidate: ‘rclcpp::Duration::Duration(std::chrono::nanoseconds)’
   43 |   explicit Duration(std::chrono::nanoseconds nanoseconds);
      |            ^~~~~~~~
/opt/ros/jazzy/include/rclcpp/rclcpp/duration.hpp:43:46: note:   no known conversion for argument 1 from ‘double’ to ‘std::chrono::nanoseconds’ {aka ‘std::chrono::duration<long int, std::ratio<1, 1000000000> >’}
   43 |   explicit Duration(std::chrono::nanoseconds nanoseconds);
      |                     ~~~~~~~~~~~~~~~~~~~~~~~~~^~~~~~~~~~~
/opt/ros/jazzy/include/rclcpp/rclcpp/duration.hpp:40:3: note: candidate: ‘rclcpp::Duration::Duration(int32_t, uint32_t)’
   40 |   Duration(int32_t seconds, uint32_t nanoseconds);
      |   ^~~~~~~~
/opt/ros/jazzy/include/rclcpp/rclcpp/duration.hpp:40:3: note:   candidate expects 2 arguments, 1 provided
/home/neha/ros2_ws/src/semnav_migration/src/navigation_humans.cpp:164:75: error: no matching function for call to ‘rclcpp::executors::MultiThreadedExecutor::MultiThreadedExecutor(int)’
  164 |                         rclcpp::executors::MultiThreadedExecutor spinner(4);
      |                                                                           ^
/opt/ros/jazzy/include/rclcpp/rclcpp/executors/multi_threaded_executor.hpp:55:12: note: candidate: ‘rclcpp::executors::MultiThreadedExecutor::MultiThreadedExecutor(const rclcpp::ExecutorOptions&, size_t, bool, std::chrono::nanoseconds)’
   55 |   explicit MultiThreadedExecutor(
      |            ^~~~~~~~~~~~~~~~~~~~~
/opt/ros/jazzy/include/rclcpp/rclcpp/executors/multi_threaded_executor.hpp:56:37: note:   no known conversion for argument 1 from ‘int’ to ‘const rclcpp::ExecutorOptions&’
   56 |     const rclcpp::ExecutorOptions & options = rclcpp::ExecutorOptions(),
      |     ~~~~~~~~~~~~~~~~~~~~~~~~~~~~~~~~^~~~~~~~~~~~~~~~~~~~~~~~~~~~~~~~~~~
/home/neha/ros2_ws/src/semnav_migration/src/navigation_humans.cpp: In member function ‘void NavigationHumansNode::publish_twist(double, double)’:
/home/neha/ros2_ws/src/semnav_migration/src/navigation_humans.cpp:169:40: error: ‘Twist’ is not a member of ‘geometry_msgs’; did you mean ‘geometry_msgs::msg::Twist’?
  169 |                         geometry_msgs::Twist commandTwist;
      |                                        ^~~~~
In file included from /opt/ros/jazzy/include/geometry_msgs/geometry_msgs/msg/detail/velocity_stamped__struct.hpp:25,
                 from /opt/ros/jazzy/include/geometry_msgs/geometry_msgs/msg/velocity_stamped.hpp:7,
                 from /opt/ros/jazzy/include/tf2/tf2/buffer_core.h:49,
                 from /opt/ros/jazzy/include/tf2_ros/tf2_ros/async_buffer_interface.h:39,
                 from /opt/ros/jazzy/include/tf2_ros/tf2_ros/buffer.h:42,
                 from /home/neha/ros2_ws/src/semnav_migration/include/reactive_planner_lib.h:40:
/opt/ros/jazzy/include/geometry_msgs/geometry_msgs/msg/detail/twist__struct.hpp:137:7: note: ‘geometry_msgs::msg::Twist’ declared here
  137 | using Twist =
      |       ^~~~~
/home/neha/ros2_ws/src/semnav_migration/src/navigation_humans.cpp:170:25: error: ‘commandTwist’ was not declared in this scope
  170 |                         commandTwist.linear.x = LinearCmd;
      |                         ^~~~~~~~~~~~
/home/neha/ros2_ws/src/semnav_migration/src/navigation_humans.cpp:172:36: error: request for member ‘publish’ in ‘((NavigationHumansNode*)this)->NavigationHumansNode::pub_twist_’, which is of non-class type ‘int’
  172 |                         pub_twist_.publish(commandTwist);
      |                                    ^~~~~~~
/home/neha/ros2_ws/src/semnav_migration/src/navigation_humans.cpp: In member function ‘void NavigationHumansNode::publish_behavior_id(uint16_t)’:
/home/neha/ros2_ws/src/semnav_migration/src/navigation_humans.cpp:177:35: error: ‘UInt32’ is not a member of ‘std_msgs’; did you mean ‘example_interfaces::msg::UInt32’?
  177 |                         std_msgs::UInt32 commandId;
      |                                   ^~~~~~
/opt/ros/jazzy/include/example_interfaces/example_interfaces/msg/detail/u_int32__struct.hpp:125:7: note: ‘example_interfaces::msg::UInt32’ declared here
  125 | using UInt32 =
      |       ^~~~~~
/home/neha/ros2_ws/src/semnav_migration/src/navigation_humans.cpp:178:25: error: ‘commandId’ was not declared in this scope
  178 |                         commandId.data = BehaviorIdCmd;
      |                         ^~~~~~~~~
/home/neha/ros2_ws/src/semnav_migration/src/navigation_humans.cpp:179:41: error: request for member ‘publish’ in ‘((NavigationHumansNode*)this)->NavigationHumansNode::pub_behaviorID_’, which is of non-class type ‘int’
  179 |                         pub_behaviorID_.publish(commandId);
      |                                         ^~~~~~~
/home/neha/ros2_ws/src/semnav_migration/src/navigation_humans.cpp: In member function ‘void NavigationHumansNode::publish_behavior_mode(uint16_t)’:
/home/neha/ros2_ws/src/semnav_migration/src/navigation_humans.cpp:184:35: error: ‘UInt32’ is not a member of ‘std_msgs’; did you mean ‘example_interfaces::msg::UInt32’?
  184 |                         std_msgs::UInt32 commandMode;
      |                                   ^~~~~~
/opt/ros/jazzy/include/example_interfaces/example_interfaces/msg/detail/u_int32__struct.hpp:125:7: note: ‘example_interfaces::msg::UInt32’ declared here
  125 | using UInt32 =
      |       ^~~~~~
/home/neha/ros2_ws/src/semnav_migration/src/navigation_humans.cpp:185:25: error: ‘commandMode’ was not declared in this scope
  185 |                         commandMode.data = BehaviorModeCmd;
      |                         ^~~~~~~~~~~
/home/neha/ros2_ws/src/semnav_migration/src/navigation_humans.cpp:186:43: error: request for member ‘publish’ in ‘((NavigationHumansNode*)this)->NavigationHumansNode::pub_behaviorMode_’, which is of non-class type ‘int’
  186 |                         pub_behaviorMode_.publish(commandMode);
      |                                           ^~~~~~~
/home/neha/ros2_ws/src/semnav_migration/src/navigation_humans.cpp: In member function ‘void NavigationHumansNode::human_update(const object_pose_interface_msgs::msg::KeypointDetections3D_<std::allocator<void> >::ConstPtr&)’:
/home/neha/ros2_ws/src/semnav_migration/src/navigation_humans.cpp:267:64: error: ‘PointStamped’ is not a member of ‘geometry_msgs’
  267 |                                                 geometry_msgs::PointStamped pointCamera, pointMap;
      |                                                                ^~~~~~~~~~~~
/home/neha/ros2_ws/src/semnav_migration/src/navigation_humans.cpp:268:49: error: ‘pointCamera’ was not declared in this scope
  268 |                                                 pointCamera.header.stamp = human_data->header.stamp;
      |                                                 ^~~~~~~~~~~
/home/neha/ros2_ws/src/semnav_migration/src/navigation_humans.cpp:268:95: error: ‘const object_pose_interface_msgs::msg::KeypointDetections3D_<std::allocator<void> >::_header_type’ {aka ‘const struct builtin_interfaces::msg::Time_<std::allocator<void> >’} has no member named ‘stamp’
  268 |                                                 pointCamera.header.stamp = human_data->header.stamp;
      |                                                                                               ^~~~~
/home/neha/ros2_ws/src/semnav_migration/src/navigation_humans.cpp:274:57: error: ‘listener_’ was not declared in this scope
  274 |                                                         listener_.waitForTransform(world_frame_id_, rclcpp::Time(0), camera_optical_frame_id_, human_data->header.stamp, world_frame_id_, rclcpp::Duration(1.0));
      |                                                         ^~~~~~~~~
/home/neha/ros2_ws/src/semnav_migration/src/navigation_humans.cpp:274:163: error: ‘const object_pose_interface_msgs::msg::KeypointDetections3D_<std::allocator<void> >::_header_type’ {aka ‘const struct builtin_interfaces::msg::Time_<std::allocator<void> >’} has no member named ‘stamp’
  274 |                                                         listener_.waitForTransform(world_frame_id_, rclcpp::Time(0), camera_optical_frame_id_, human_data->header.stamp, world_frame_id_, rclcpp::Duration(1.0));
      |                                                                                                                                                                   ^~~~~
/home/neha/ros2_ws/src/semnav_migration/src/navigation_humans.cpp:274:207: error: no matching function for call to ‘rclcpp::Duration::Duration(double)’
  274 |                                                         listener_.waitForTransform(world_frame_id_, rclcpp::Time(0), camera_optical_frame_id_, human_data->header.stamp, world_frame_id_, rclcpp::Duration(1.0));
      |                                                                                                                                                                                                               ^
/opt/ros/jazzy/include/rclcpp/rclcpp/duration.hpp:49:3: note: candidate: ‘template<class Rep, class Period> rclcpp::Duration::Duration(const std::chrono::duration<_Rep1, _Period1>&)’
   49 |   Duration(const std::chrono::duration<Rep, Period> & duration)  // NOLINT(runtime/explicit)
      |   ^~~~~~~~
/opt/ros/jazzy/include/rclcpp/rclcpp/duration.hpp:49:3: note:   template argument deduction/substitution failed:
/home/neha/ros2_ws/src/semnav_migration/src/navigation_humans.cpp:274:207: note:   mismatched types ‘const std::chrono::duration<_Rep1, _Period1>’ and ‘double’
  274 |                                                         listener_.waitForTransform(world_frame_id_, rclcpp::Time(0), camera_optical_frame_id_, human_data->header.stamp, world_frame_id_, rclcpp::Duration(1.0));
      |                                                                                                                                                                                                               ^
/opt/ros/jazzy/include/rclcpp/rclcpp/duration.hpp:159:3: note: candidate: ‘rclcpp::Duration::Duration()’
  159 |   Duration() = default;
      |   ^~~~~~~~
/opt/ros/jazzy/include/rclcpp/rclcpp/duration.hpp:159:3: note:   candidate expects 0 arguments, 1 provided
/opt/ros/jazzy/include/rclcpp/rclcpp/duration.hpp:62:3: note: candidate: ‘rclcpp::Duration::Duration(const rclcpp::Duration&)’
   62 |   Duration(const Duration & rhs);
      |   ^~~~~~~~
/opt/ros/jazzy/include/rclcpp/rclcpp/duration.hpp:62:29: note:   no known conversion for argument 1 from ‘double’ to ‘const rclcpp::Duration&’
   62 |   Duration(const Duration & rhs);
      |            ~~~~~~~~~~~~~~~~~^~~
/opt/ros/jazzy/include/rclcpp/rclcpp/duration.hpp:60:12: note: candidate: ‘rclcpp::Duration::Duration(const rcl_duration_t&)’
   60 |   explicit Duration(const rcl_duration_t & duration);
      |            ^~~~~~~~
/opt/ros/jazzy/include/rclcpp/rclcpp/duration.hpp:60:44: note:   no known conversion for argument 1 from ‘double’ to ‘const rcl_duration_t&’ {aka ‘const rcl_duration_s&’}
   60 |   explicit Duration(const rcl_duration_t & duration);
      |                     ~~~~~~~~~~~~~~~~~~~~~~~^~~~~~~~
/opt/ros/jazzy/include/rclcpp/rclcpp/duration.hpp:54:3: note: candidate: ‘rclcpp::Duration::Duration(const builtin_interfaces::msg::Duration&)’
   54 |   Duration(const builtin_interfaces::msg::Duration & duration_msg);  // NOLINT(runtime/explicit)
      |   ^~~~~~~~
/opt/ros/jazzy/include/rclcpp/rclcpp/duration.hpp:54:54: note:   no known conversion for argument 1 from ‘double’ to ‘const builtin_interfaces::msg::Duration&’ {aka ‘const builtin_interfaces::msg::Duration_<std::allocator<void> >&’}
   54 |   Duration(const builtin_interfaces::msg::Duration & duration_msg);  // NOLINT(runtime/explicit)
      |            ~~~~~~~~~~~~~~~~~~~~~~~~~~~~~~~~~~~~~~~~~~^~~~~~~~~~~~
/opt/ros/jazzy/include/rclcpp/rclcpp/duration.hpp:43:12: note: candidate: ‘rclcpp::Duration::Duration(std::chrono::nanoseconds)’
   43 |   explicit Duration(std::chrono::nanoseconds nanoseconds);
      |            ^~~~~~~~
/opt/ros/jazzy/include/rclcpp/rclcpp/duration.hpp:43:46: note:   no known conversion for argument 1 from ‘double’ to ‘std::chrono::nanoseconds’ {aka ‘std::chrono::duration<long int, std::ratio<1, 1000000000> >’}
   43 |   explicit Duration(std::chrono::nanoseconds nanoseconds);
      |                     ~~~~~~~~~~~~~~~~~~~~~~~~~^~~~~~~~~~~
/opt/ros/jazzy/include/rclcpp/rclcpp/duration.hpp:40:3: note: candidate: ‘rclcpp::Duration::Duration(int32_t, uint32_t)’
   40 |   Duration(int32_t seconds, uint32_t nanoseconds);
      |   ^~~~~~~~
/opt/ros/jazzy/include/rclcpp/rclcpp/duration.hpp:40:3: note:   candidate expects 2 arguments, 1 provided
/home/neha/ros2_ws/src/semnav_migration/src/navigation_humans.cpp:275:146: error: ‘pointMap’ was not declared in this scope; did you mean ‘point’?
  275 |                                                         listener_.transformPoint(world_frame_id_, rclcpp::Time(0), pointCamera, world_frame_id_, pointMap);
      |                                                                                                                                                  ^~~~~~~~
      |                                                                                                                                                  point
/home/neha/ros2_ws/src/semnav_migration/src/navigation_humans.cpp:276:100: error: ‘TransformException’ in ‘class rclcpp::executors::MultiThreadedExecutor’ does not name a type
  276 |                                                 } catch (rclcpp::executors::MultiThreadedExecutor::TransformException &ex) {
      |                                                                                                    ^~~~~~~~~~~~~~~~~~
/home/neha/ros2_ws/src/semnav_migration/src/navigation_humans.cpp:277:72: error: ‘ex’ was not declared in this scope; did you mean ‘exp’?
  277 |                                                         ROS_ERROR("%s",ex.what());
      |                                                                        ^~
      |                                                                        exp
/home/neha/ros2_ws/src/semnav_migration/src/navigation_humans.cpp:277:57: error: ‘ROS_ERROR’ was not declared in this scope
  277 |                                                         ROS_ERROR("%s",ex.what());
      |                                                         ^~~~~~~~~
/home/neha/ros2_ws/src/semnav_migration/src/navigation_humans.cpp:280:67: error: ‘pointMap’ was not declared in this scope; did you mean ‘point’?
  280 |                                                 human_x.push_back(pointMap.point.x);
      |                                                                   ^~~~~~~~
      |                                                                   point
/home/neha/ros2_ws/src/semnav_migration/src/navigation_humans.cpp: In member function ‘void NavigationHumansNode::control_callback(const sensor_msgs::msg::LaserScan_<std::allocator<void> >::ConstPtr&, const nav_msgs::msg::Odometry_<std::allocator<void> >::ConstPtr&)’:
/home/neha/ros2_ws/src/semnav_migration/src/navigation_humans.cpp:441:40: error: ‘PoseStamped’ is not a member of ‘geometry_msgs’
  441 |                         geometry_msgs::PoseStamped odomPose, mapPose;
      |                                        ^~~~~~~~~~~
/home/neha/ros2_ws/src/semnav_migration/src/navigation_humans.cpp:442:25: error: ‘odomPose’ was not declared in this scope
  442 |                         odomPose.header.stamp = rclcpp::Time(0);
      |                         ^~~~~~~~
/home/neha/ros2_ws/src/semnav_migration/src/navigation_humans.cpp:446:33: error: ‘listener_’ was not declared in this scope
  446 |                                 listener_.waitForTransform(world_frame_id_, odom_frame_id_, rclcpp::Time(0), rclcpp::Duration(1.0));
      |                                 ^~~~~~~~~
/home/neha/ros2_ws/src/semnav_migration/src/navigation_humans.cpp:446:130: error: no matching function for call to ‘rclcpp::Duration::Duration(double)’
  446 |                                 listener_.waitForTransform(world_frame_id_, odom_frame_id_, rclcpp::Time(0), rclcpp::Duration(1.0));
      |                                                                                                                                  ^
/opt/ros/jazzy/include/rclcpp/rclcpp/duration.hpp:49:3: note: candidate: ‘template<class Rep, class Period> rclcpp::Duration::Duration(const std::chrono::duration<_Rep1, _Period1>&)’
   49 |   Duration(const std::chrono::duration<Rep, Period> & duration)  // NOLINT(runtime/explicit)
      |   ^~~~~~~~
/opt/ros/jazzy/include/rclcpp/rclcpp/duration.hpp:49:3: note:   template argument deduction/substitution failed:
/home/neha/ros2_ws/src/semnav_migration/src/navigation_humans.cpp:446:130: note:   mismatched types ‘const std::chrono::duration<_Rep1, _Period1>’ and ‘double’
  446 |                                 listener_.waitForTransform(world_frame_id_, odom_frame_id_, rclcpp::Time(0), rclcpp::Duration(1.0));
      |                                                                                                                                  ^
/opt/ros/jazzy/include/rclcpp/rclcpp/duration.hpp:159:3: note: candidate: ‘rclcpp::Duration::Duration()’
  159 |   Duration() = default;
      |   ^~~~~~~~
/opt/ros/jazzy/include/rclcpp/rclcpp/duration.hpp:159:3: note:   candidate expects 0 arguments, 1 provided
/opt/ros/jazzy/include/rclcpp/rclcpp/duration.hpp:62:3: note: candidate: ‘rclcpp::Duration::Duration(const rclcpp::Duration&)’
   62 |   Duration(const Duration & rhs);
      |   ^~~~~~~~
/opt/ros/jazzy/include/rclcpp/rclcpp/duration.hpp:62:29: note:   no known conversion for argument 1 from ‘double’ to ‘const rclcpp::Duration&’
   62 |   Duration(const Duration & rhs);
      |            ~~~~~~~~~~~~~~~~~^~~
/opt/ros/jazzy/include/rclcpp/rclcpp/duration.hpp:60:12: note: candidate: ‘rclcpp::Duration::Duration(const rcl_duration_t&)’
   60 |   explicit Duration(const rcl_duration_t & duration);
      |            ^~~~~~~~
/opt/ros/jazzy/include/rclcpp/rclcpp/duration.hpp:60:44: note:   no known conversion for argument 1 from ‘double’ to ‘const rcl_duration_t&’ {aka ‘const rcl_duration_s&’}
   60 |   explicit Duration(const rcl_duration_t & duration);
      |                     ~~~~~~~~~~~~~~~~~~~~~~~^~~~~~~~
/opt/ros/jazzy/include/rclcpp/rclcpp/duration.hpp:54:3: note: candidate: ‘rclcpp::Duration::Duration(const builtin_interfaces::msg::Duration&)’
   54 |   Duration(const builtin_interfaces::msg::Duration & duration_msg);  // NOLINT(runtime/explicit)
      |   ^~~~~~~~
/opt/ros/jazzy/include/rclcpp/rclcpp/duration.hpp:54:54: note:   no known conversion for argument 1 from ‘double’ to ‘const builtin_interfaces::msg::Duration&’ {aka ‘const builtin_interfaces::msg::Duration_<std::allocator<void> >&’}
   54 |   Duration(const builtin_interfaces::msg::Duration & duration_msg);  // NOLINT(runtime/explicit)
      |            ~~~~~~~~~~~~~~~~~~~~~~~~~~~~~~~~~~~~~~~~~~^~~~~~~~~~~~
/opt/ros/jazzy/include/rclcpp/rclcpp/duration.hpp:43:12: note: candidate: ‘rclcpp::Duration::Duration(std::chrono::nanoseconds)’
   43 |   explicit Duration(std::chrono::nanoseconds nanoseconds);
      |            ^~~~~~~~
/opt/ros/jazzy/include/rclcpp/rclcpp/duration.hpp:43:46: note:   no known conversion for argument 1 from ‘double’ to ‘std::chrono::nanoseconds’ {aka ‘std::chrono::duration<long int, std::ratio<1, 1000000000> >’}
   43 |   explicit Duration(std::chrono::nanoseconds nanoseconds);
      |                     ~~~~~~~~~~~~~~~~~~~~~~~~~^~~~~~~~~~~
/opt/ros/jazzy/include/rclcpp/rclcpp/duration.hpp:40:3: note: candidate: ‘rclcpp::Duration::Duration(int32_t, uint32_t)’
   40 |   Duration(int32_t seconds, uint32_t nanoseconds);
      |   ^~~~~~~~
/opt/ros/jazzy/include/rclcpp/rclcpp/duration.hpp:40:3: note:   candidate expects 2 arguments, 1 provided
/home/neha/ros2_ws/src/semnav_migration/src/navigation_humans.cpp:447:84: error: ‘mapPose’ was not declared in this scope
  447 |                                 listener_.transformPose(world_frame_id_, odomPose, mapPose);
      |                                                                                    ^~~~~~~
/home/neha/ros2_ws/src/semnav_migration/src/navigation_humans.cpp:449:33: error: ‘ROS_ERROR’ was not declared in this scope
  449 |                                 ROS_ERROR("%s",ex.what());
      |                                 ^~~~~~~~~
/home/neha/ros2_ws/src/semnav_migration/src/navigation_humans.cpp:454:68: error: ‘mapPose’ was not declared in this scope
  454 |                         tf2::Quaternion rotation = tf2::Quaternion(mapPose.pose.orientation.x,
      |                                                                    ^~~~~~~
/home/neha/ros2_ws/src/semnav_migration/src/navigation_humans.cpp:586:25: error: ‘ROS_INFO_STREAM’ was not declared in this scope; did you mean ‘RCLCPP_INFO_STREAM’?
  586 |                         ROS_INFO_STREAM("[Navigation] Computed linear local goal.");
      |                         ^~~~~~~~~~~~~~~
      |                         RCLCPP_INFO_STREAM
/home/neha/ros2_ws/src/semnav_migration/src/navigation_humans.cpp:623:53: error: no matching function for call to ‘rclcpp::Duration::Duration(double)’
  623 |                                 rclcpp::Duration(5.0).sleep();
      |                                                     ^
/opt/ros/jazzy/include/rclcpp/rclcpp/duration.hpp:49:3: note: candidate: ‘template<class Rep, class Period> rclcpp::Duration::Duration(const std::chrono::duration<_Rep1, _Period1>&)’
   49 |   Duration(const std::chrono::duration<Rep, Period> & duration)  // NOLINT(runtime/explicit)
      |   ^~~~~~~~
/opt/ros/jazzy/include/rclcpp/rclcpp/duration.hpp:49:3: note:   template argument deduction/substitution failed:
/home/neha/ros2_ws/src/semnav_migration/src/navigation_humans.cpp:623:53: note:   mismatched types ‘const std::chrono::duration<_Rep1, _Period1>’ and ‘double’
  623 |                                 rclcpp::Duration(5.0).sleep();
      |                                                     ^
/opt/ros/jazzy/include/rclcpp/rclcpp/duration.hpp:159:3: note: candidate: ‘rclcpp::Duration::Duration()’
  159 |   Duration() = default;
      |   ^~~~~~~~
/opt/ros/jazzy/include/rclcpp/rclcpp/duration.hpp:159:3: note:   candidate expects 0 arguments, 1 provided
/opt/ros/jazzy/include/rclcpp/rclcpp/duration.hpp:62:3: note: candidate: ‘rclcpp::Duration::Duration(const rclcpp::Duration&)’
   62 |   Duration(const Duration & rhs);
      |   ^~~~~~~~
/opt/ros/jazzy/include/rclcpp/rclcpp/duration.hpp:62:29: note:   no known conversion for argument 1 from ‘double’ to ‘const rclcpp::Duration&’
   62 |   Duration(const Duration & rhs);
      |            ~~~~~~~~~~~~~~~~~^~~
/opt/ros/jazzy/include/rclcpp/rclcpp/duration.hpp:60:12: note: candidate: ‘rclcpp::Duration::Duration(const rcl_duration_t&)’
   60 |   explicit Duration(const rcl_duration_t & duration);
      |            ^~~~~~~~
/opt/ros/jazzy/include/rclcpp/rclcpp/duration.hpp:60:44: note:   no known conversion for argument 1 from ‘double’ to ‘const rcl_duration_t&’ {aka ‘const rcl_duration_s&’}
   60 |   explicit Duration(const rcl_duration_t & duration);
      |                     ~~~~~~~~~~~~~~~~~~~~~~~^~~~~~~~
/opt/ros/jazzy/include/rclcpp/rclcpp/duration.hpp:54:3: note: candidate: ‘rclcpp::Duration::Duration(const builtin_interfaces::msg::Duration&)’
   54 |   Duration(const builtin_interfaces::msg::Duration & duration_msg);  // NOLINT(runtime/explicit)
      |   ^~~~~~~~
/opt/ros/jazzy/include/rclcpp/rclcpp/duration.hpp:54:54: note:   no known conversion for argument 1 from ‘double’ to ‘const builtin_interfaces::msg::Duration&’ {aka ‘const builtin_interfaces::msg::Duration_<std::allocator<void> >&’}
   54 |   Duration(const builtin_interfaces::msg::Duration & duration_msg);  // NOLINT(runtime/explicit)
      |            ~~~~~~~~~~~~~~~~~~~~~~~~~~~~~~~~~~~~~~~~~~^~~~~~~~~~~~
/opt/ros/jazzy/include/rclcpp/rclcpp/duration.hpp:43:12: note: candidate: ‘rclcpp::Duration::Duration(std::chrono::nanoseconds)’
   43 |   explicit Duration(std::chrono::nanoseconds nanoseconds);
      |            ^~~~~~~~
/opt/ros/jazzy/include/rclcpp/rclcpp/duration.hpp:43:46: note:   no known conversion for argument 1 from ‘double’ to ‘std::chrono::nanoseconds’ {aka ‘std::chrono::duration<long int, std::ratio<1, 1000000000> >’}
   43 |   explicit Duration(std::chrono::nanoseconds nanoseconds);
      |                     ~~~~~~~~~~~~~~~~~~~~~~~~~^~~~~~~~~~~
/opt/ros/jazzy/include/rclcpp/rclcpp/duration.hpp:40:3: note: candidate: ‘rclcpp::Duration::Duration(int32_t, uint32_t)’
   40 |   Duration(int32_t seconds, uint32_t nanoseconds);
      |   ^~~~~~~~
/opt/ros/jazzy/include/rclcpp/rclcpp/duration.hpp:40:3: note:   candidate expects 2 arguments, 1 provided
/home/neha/ros2_ws/src/semnav_migration/src/navigation_humans.cpp:626:33: error: ‘ROS_WARN_STREAM’ was not declared in this scope; did you mean ‘RCLCPP_WARN_STREAM’?
  626 |                                 ROS_WARN_STREAM("[Navigation] Successfully navigated to goal and stopped...");
      |                                 ^~~~~~~~~~~~~~~
      |                                 RCLCPP_WARN_STREAM
/home/neha/ros2_ws/src/semnav_migration/src/navigation_humans.cpp:649:75: error: invalid operands of types ‘const char [32]’ and ‘double’ to binary ‘operator<<’
  649 |                         ROS_WARN_STREAM("[Navigation] Linear command is " << LinearCmd << " and angular command is " << AngularCmd);
      |                                         ~~~~~~~~~~~~~~~~~~~~~~~~~~~~~~~~~ ^~ ~~~~~~~~~
      |                                         |                                    |
      |                                         const char [32]                      double
/home/neha/ros2_ws/src/semnav_migration/src/navigation_humans.cpp:649:25: error: ‘ROS_WARN_STREAM’ was not declared in this scope; did you mean ‘RCLCPP_WARN_STREAM’?
  649 |                         ROS_WARN_STREAM("[Navigation] Linear command is " << LinearCmd << " and angular command is " << AngularCmd);
      |                         ^~~~~~~~~~~~~~~
      |                         RCLCPP_WARN_STREAM
/home/neha/ros2_ws/src/semnav_migration/src/navigation_humans.cpp:650:76: error: invalid operands of types ‘const char [33]’ and ‘int’ to binary ‘operator<<’
  650 |                         ROS_WARN_STREAM("[Navigation] Command update for " << int(localDiffeoTreeArray.size()) << " polygons in " << rclcpp::Time::now().toSec()-before_time << " seconds.");
      |                                         ~~~~~~~~~~~~~~~~~~~~~~~~~~~~~~~~~~ ^~ ~~~~~~~~~~~~~~~~~~~~~~~~~~~~~~~~
      |                                         |                                     |
      |                                         const char [33]                       int
/home/neha/ros2_ws/src/semnav_migration/src/navigation_humans.cpp:650:148: error: ‘now’ is not a member of ‘rclcpp::Time’
  650 |                         ROS_WARN_STREAM("[Navigation] Command update for " << int(localDiffeoTreeArray.size()) << " polygons in " << rclcpp::Time::now().toSec()-before_time << " seconds.");
      |                                                                                                                                                    ^~~
/home/neha/ros2_ws/src/semnav_migration/src/navigation_humans.cpp: In function ‘int main(int, char**)’:
/home/neha/ros2_ws/src/semnav_migration/src/navigation_humans.cpp:728:9: error: ‘ros’ has not been declared
  728 |         ros::init(argc, argv, "navigation_humans");
      |         ^~~
/home/neha/ros2_ws/src/semnav_migration/src/navigation_humans.cpp:734:54: error: no matching function for call to ‘NavigationHumansNode::NavigationHumansNode(rclcpp::Node*)’
  734 |         NavigationHumansNode navigationHumansNode(&nh);
      |                                                      ^
/home/neha/ros2_ws/src/semnav_migration/src/navigation_humans.cpp:44:9: note: candidate: ‘NavigationHumansNode::NavigationHumansNode()’
   44 |         NavigationHumansNode() : Node("navigation humans node") {
      |         ^~~~~~~~~~~~~~~~~~~~
/home/neha/ros2_ws/src/semnav_migration/src/navigation_humans.cpp:44:9: note:   candidate expects 0 arguments, 1 provided
gmake[2]: *** [CMakeFiles/human_following.dir/build.make:76: CMakeFiles/human_following.dir/src/human_following.cpp.o] Error 1
gmake[1]: *** [CMakeFiles/Makefile2:259: CMakeFiles/human_following.dir/all] Error 2
gmake[1]: *** Waiting for unfinished jobs....
gmake[2]: *** [CMakeFiles/navigation_humans.dir/build.make:76: CMakeFiles/navigation_humans.dir/src/navigation_humans.cpp.o] Error 1
gmake[1]: *** [CMakeFiles/Makefile2:233: CMakeFiles/navigation_humans.dir/all] Error 2
gmake: *** [Makefile:146: all] Error 2
