[0.028s] Invoking command in '/home/neha/ros2_ws/src/semnav_migration/build/semnav': CMAKE_PREFIX_PATH=${CMAKE_PREFIX_PATH}:/opt/ros/jazzy DEBUGINFOD_URLS=https://debuginfod.ubuntu.com /usr/bin/cmake --build /home/neha/ros2_ws/src/semnav_migration/build/semnav -- -j2 -l2
[0.197s] [ 14%] Built target reactive_planner
[0.331s] [ 33%] Built target navigation_semantic
[0.331s] [ 33%] Built target navigation
[0.386s] [ 38%] Building CXX object CMakeFiles/human_following.dir/src/human_following.cpp.o
[0.473s] [ 42%] Building CXX object CMakeFiles/navigation_humans.dir/src/navigation_humans.cpp.o
[22.316s] /home/neha/ros2_ws/src/semnav_migration/src/human_following.cpp:44:36: error: ‘ros’ has not been declared
[22.316s]    44 |                 HumanFollowingNode(ros::NodeHandle* nodehandle) : nh_(*nodehandle) {
[22.316s]       |                                    ^~~
[22.317s] /home/neha/ros2_ws/src/semnav_migration/src/human_following.cpp:44:51: error: expected ‘)’ before ‘*’ token
[22.317s]    44 |                 HumanFollowingNode(ros::NodeHandle* nodehandle) : nh_(*nodehandle) {
[22.317s]       |                                   ~               ^
[22.317s]       |                                                   )
[22.320s] /home/neha/ros2_ws/src/semnav_migration/src/human_following.cpp:242:69: error: ‘KeypointDetections3D’ in namespace ‘object_pose_interface_msgs’ does not name a type
[22.321s]   242 |                 void human_update(const object_pose_interface_msgs::KeypointDetections3D::ConstPtr& human_data) {
[22.321s]       |                                                                     ^~~~~~~~~~~~~~~~~~~~
[22.321s] /home/neha/ros2_ws/src/semnav_migration/src/human_following.cpp:242:99: error: expected unqualified-id before ‘&’ token
[22.321s]   242 |                 void human_update(const object_pose_interface_msgs::KeypointDetections3D::ConstPtr& human_data) {
[22.321s]       |                                                                                                   ^
[22.321s] /home/neha/ros2_ws/src/semnav_migration/src/human_following.cpp:242:99: error: expected ‘)’ before ‘&’ token
[22.321s]   242 |                 void human_update(const object_pose_interface_msgs::KeypointDetections3D::ConstPtr& human_data) {
[22.322s]       |                                  ~                                                                ^
[22.322s]       |                                                                                                   )
[22.322s] /home/neha/ros2_ws/src/semnav_migration/src/human_following.cpp:242:99: error: expected ‘;’ at end of member declaration
[22.324s]   242 |                 void human_update(const object_pose_interface_msgs::KeypointDetections3D::ConstPtr& human_data) {
[22.324s]       |                                                                                                   ^
[22.324s]       |                                                                                                    ;
[22.340s] /home/neha/ros2_ws/src/semnav_migration/src/human_following.cpp:242:101: error: ‘human_data’ does not name a type
[22.340s]   242 |                 void human_update(const object_pose_interface_msgs::KeypointDetections3D::ConstPtr& human_data) {
[22.341s]       |                                                                                                     ^~~~~~~~~~
[22.341s] /home/neha/ros2_ws/src/semnav_migration/src/human_following.cpp:288:75: error: ‘SemanticMapObjectArray’ in namespace ‘object_pose_interface_msgs’ does not name a type
[22.341s]   288 |                 void diffeo_tree_update(const object_pose_interface_msgs::SemanticMapObjectArray::ConstPtr& semantic_map_data) {
[22.341s]       |                                                                           ^~~~~~~~~~~~~~~~~~~~~~
[22.342s] /home/neha/ros2_ws/src/semnav_migration/src/human_following.cpp:288:107: error: expected unqualified-id before ‘&’ token
[22.342s]   288 |                 void diffeo_tree_update(const object_pose_interface_msgs::SemanticMapObjectArray::ConstPtr& semantic_map_data) {
[22.342s]       |                                                                                                           ^
[22.344s] /home/neha/ros2_ws/src/semnav_migration/src/human_following.cpp:288:107: error: expected ‘)’ before ‘&’ token
[22.345s]   288 |                 void diffeo_tree_update(const object_pose_interface_msgs::SemanticMapObjectArray::ConstPtr& semantic_map_data) {
[22.345s]       |                                        ~                                                                  ^
[22.345s]       |                                                                                                           )
[22.345s] /home/neha/ros2_ws/src/semnav_migration/src/human_following.cpp:288:107: error: expected ‘;’ at end of member declaration
[22.345s]   288 |                 void diffeo_tree_update(const object_pose_interface_msgs::SemanticMapObjectArray::ConstPtr& semantic_map_data) {
[22.345s]       |                                                                                                           ^
[22.345s]       |                                                                                                            ;
[22.389s] /home/neha/ros2_ws/src/semnav_migration/src/human_following.cpp:288:109: error: ‘semantic_map_data’ does not name a type
[22.389s]   288 |                 void diffeo_tree_update(const object_pose_interface_msgs::SemanticMapObjectArray::ConstPtr& semantic_map_data) {
[22.389s]       |                                                                                                             ^~~~~~~~~~~~~~~~~
[22.390s] /home/neha/ros2_ws/src/semnav_migration/src/human_following.cpp:375:58: error: ‘LaserScan’ in namespace ‘sensor_msgs’ does not name a type
[22.390s]   375 |                 void control_callback(const sensor_msgs::LaserScan::ConstPtr& lidar_data, const nav_msgs::Odometry::ConstPtr& robot_data) {
[22.391s]       |                                                          ^~~~~~~~~
[22.391s] /home/neha/ros2_ws/src/semnav_migration/src/human_following.cpp:375:77: error: expected unqualified-id before ‘&’ token
[22.391s]   375 |                 void control_callback(const sensor_msgs::LaserScan::ConstPtr& lidar_data, const nav_msgs::Odometry::ConstPtr& robot_data) {
[22.391s]       |                                                                             ^
[22.392s] /home/neha/ros2_ws/src/semnav_migration/src/human_following.cpp:375:77: error: expected ‘)’ before ‘&’ token
[22.393s]   375 |                 void control_callback(const sensor_msgs::LaserScan::ConstPtr& lidar_data, const nav_msgs::Odometry::ConstPtr& robot_data) {
[22.393s]       |                                      ~                                      ^
[22.393s]       |                                                                             )
[22.393s] /home/neha/ros2_ws/src/semnav_migration/src/human_following.cpp:375:77: error: expected ‘;’ at end of member declaration
[22.393s]   375 |                 void control_callback(const sensor_msgs::LaserScan::ConstPtr& lidar_data, const nav_msgs::Odometry::ConstPtr& robot_data) {
[22.393s]       |                                                                             ^
[22.393s]       |                                                                              ;
[22.410s] /home/neha/ros2_ws/src/semnav_migration/src/human_following.cpp:375:79: error: ‘lidar_data’ does not name a type
[22.411s]   375 |                 void control_callback(const sensor_msgs::LaserScan::ConstPtr& lidar_data, const nav_msgs::Odometry::ConstPtr& robot_data) {
[22.411s]       |                                                                               ^~~~~~~~~~
[22.415s] /home/neha/ros2_ws/src/semnav_migration/src/human_following.cpp:643:17: error: ‘ros’ does not name a type
[22.415s]   643 |                 ros::NodeHandle nh_;
[22.415s]       |                 ^~~
[22.422s] /home/neha/ros2_ws/src/semnav_migration/src/human_following.cpp:662:17: error: ‘ros’ does not name a type
[22.423s]   662 |                 ros::Publisher pub_behaviorID_;
[22.423s]       |                 ^~~
[22.429s] /home/neha/ros2_ws/src/semnav_migration/src/human_following.cpp:663:17: error: ‘ros’ does not name a type
[22.430s]   663 |                 ros::Publisher pub_behaviorMode_;
[22.430s]       |                 ^~~
[22.438s] /home/neha/ros2_ws/src/semnav_migration/src/human_following.cpp:664:17: error: ‘ros’ does not name a type
[22.439s]   664 |                 ros::Publisher pub_twist_;
[22.439s]       |                 ^~~
[22.444s] /home/neha/ros2_ws/src/semnav_migration/src/human_following.cpp:666:17: error: ‘ros’ does not name a type
[22.444s]   666 |                 ros::Publisher pub_semantic_map_;
[22.444s]       |                 ^~~
[22.451s] /home/neha/ros2_ws/src/semnav_migration/src/human_following.cpp:695:17: error: ‘ros’ does not name a type
[22.451s]   695 |                 ros::Time Goal_camera_stamp_;
[22.451s]       |                 ^~~
[22.467s] /home/neha/ros2_ws/src/semnav_migration/src/human_following.cpp:715:17: error: ‘tf’ does not name a type; did you mean ‘tm’?
[22.467s]   715 |                 tf::TransformListener listener_;
[22.467s]       |                 ^~
[22.468s]       |                 tm
[22.472s] /home/neha/ros2_ws/src/semnav_migration/src/human_following.cpp: In member function ‘void HumanFollowingNode::publish_twist(double, double)’:
[22.473s] /home/neha/ros2_ws/src/semnav_migration/src/human_following.cpp:166:40: error: ‘Twist’ is not a member of ‘geometry_msgs’; did you mean ‘geometry_msgs::msg::Twist’?
[22.473s]   166 |                         geometry_msgs::Twist commandTwist;
[22.473s]       |                                        ^~~~~
[22.474s] In file included from /opt/ros/jazzy/include/geometry_msgs/geometry_msgs/msg/detail/velocity_stamped__struct.hpp:25,
[22.474s]                  from /opt/ros/jazzy/include/geometry_msgs/geometry_msgs/msg/velocity_stamped.hpp:7,
[22.474s]                  from /opt/ros/jazzy/include/tf2/tf2/buffer_core.h:49,
[22.474s]                  from /opt/ros/jazzy/include/tf2_ros/tf2_ros/async_buffer_interface.h:39,
[22.474s]                  from /opt/ros/jazzy/include/tf2_ros/tf2_ros/buffer.h:42,
[22.474s]                  from /home/neha/ros2_ws/src/semnav_migration/include/reactive_planner_lib.h:40,
[22.475s]                  from /home/neha/ros2_ws/src/semnav_migration/src/human_following.cpp:25:
[22.475s] /opt/ros/jazzy/include/geometry_msgs/geometry_msgs/msg/detail/twist__struct.hpp:137:7: note: ‘geometry_msgs::msg::Twist’ declared here
[22.475s]   137 | using Twist =
[22.475s]       |       ^~~~~
[22.519s] /home/neha/ros2_ws/src/semnav_migration/src/navigation_humans.cpp:311:80: error: ‘SemanticMapObjectArray’ in namespace ‘object_pose_interface_msgs::msg’ does not name a type
[22.519s]   311 |                 void diffeo_tree_update(const object_pose_interface_msgs::msg::SemanticMapObjectArray::ConstPtr& semantic_map_data) {
[22.519s]       |                                                                                ^~~~~~~~~~~~~~~~~~~~~~
[22.521s] /home/neha/ros2_ws/src/semnav_migration/src/navigation_humans.cpp:311:112: error: expected unqualified-id before ‘&’ token
[22.522s]   311 |                 void diffeo_tree_update(const object_pose_interface_msgs::msg::SemanticMapObjectArray::ConstPtr& semantic_map_data) {
[22.522s]       |                                                                                                                ^
[22.522s] /home/neha/ros2_ws/src/semnav_migration/src/navigation_humans.cpp:311:112: error: expected ‘)’ before ‘&’ token
[22.522s]   311 |                 void diffeo_tree_update(const object_pose_interface_msgs::msg::SemanticMapObjectArray::ConstPtr& semantic_map_data) {
[22.522s]       |                                        ~                                                                       ^
[22.522s]       |                                                                                                                )
[22.522s] /home/neha/ros2_ws/src/semnav_migration/src/navigation_humans.cpp:311:112: error: expected ‘;’ at end of member declaration
[22.523s]   311 |                 void diffeo_tree_update(const object_pose_interface_msgs::msg::SemanticMapObjectArray::ConstPtr& semantic_map_data) {
[22.523s]       |                                                                                                                ^
[22.523s]       |                                                                                                                 ;
[22.553s] /home/neha/ros2_ws/src/semnav_migration/src/human_following.cpp:167:25: error: ‘commandTwist’ was not declared in this scope
[22.553s]   167 |                         commandTwist.linear.x = LinearCmd;
[22.554s]       |                         ^~~~~~~~~~~~
[22.566s] /home/neha/ros2_ws/src/semnav_migration/src/navigation_humans.cpp:311:114: error: ‘semantic_map_data’ does not name a type
[22.566s]   311 |                 void diffeo_tree_update(const object_pose_interface_msgs::msg::SemanticMapObjectArray::ConstPtr& semantic_map_data) {
[22.566s]       |                                                                                                                  ^~~~~~~~~~~~~~~~~
[22.602s] /home/neha/ros2_ws/src/semnav_migration/src/human_following.cpp:169:25: error: ‘pub_twist_’ was not declared in this scope; did you mean ‘publish_twist’?
[22.602s]   169 |                         pub_twist_.publish(commandTwist);
[22.602s]       |                         ^~~~~~~~~~
[22.602s]       |                         publish_twist
[22.606s] /home/neha/ros2_ws/src/semnav_migration/src/human_following.cpp: In member function ‘void HumanFollowingNode::publish_behavior_id(uint16_t)’:
[22.606s] /home/neha/ros2_ws/src/semnav_migration/src/human_following.cpp:174:35: error: ‘UInt32’ is not a member of ‘std_msgs’; did you mean ‘example_interfaces::msg::UInt32’?
[22.606s]   174 |                         std_msgs::UInt32 commandId;
[22.606s]       |                                   ^~~~~~
[22.606s] In file included from /opt/ros/jazzy/include/example_interfaces/example_interfaces/msg/u_int32.hpp:7,
[22.606s]                  from /home/neha/ros2_ws/src/semnav_migration/include/reactive_planner_lib.h:51:
[22.606s] /opt/ros/jazzy/include/example_interfaces/example_interfaces/msg/detail/u_int32__struct.hpp:125:7: note: ‘example_interfaces::msg::UInt32’ declared here
[22.607s]   125 | using UInt32 =
[22.607s]       |       ^~~~~~
[22.640s] /home/neha/ros2_ws/src/semnav_migration/src/navigation_humans.cpp:672:35: error: ‘example_msgs’ was not declared in this scope
[22.640s]   672 |                 rclcpp::Publisher<example_msgs/msg/UInt32> pub_behaviorID_;
[22.641s]       |                                   ^~~~~~~~~~~~
[22.643s] /home/neha/ros2_ws/src/semnav_migration/src/navigation_humans.cpp:672:48: error: ‘msg’ was not declared in this scope
[22.643s]   672 |                 rclcpp::Publisher<example_msgs/msg/UInt32> pub_behaviorID_;
[22.643s]       |                                                ^~~
[22.644s] /home/neha/ros2_ws/src/semnav_migration/src/navigation_humans.cpp:672:48: note: suggested alternatives:
[22.644s] In file included from /opt/ros/jazzy/include/rcl_interfaces/rcl_interfaces/srv/detail/list_parameters__struct.hpp:156,
[22.645s]                  from /opt/ros/jazzy/include/rcl_interfaces/rcl_interfaces/srv/list_parameters.hpp:7,
[22.645s]                  from /opt/ros/jazzy/include/rclcpp/rclcpp/copy_all_parameter_values.hpp:21,
[22.645s]                  from /opt/ros/jazzy/include/rclcpp/rclcpp/rclcpp.hpp:171,
[22.645s]                  from /home/neha/ros2_ws/src/semnav_migration/include/reactive_planner_lib.h:32,
[22.645s]                  from /home/neha/ros2_ws/src/semnav_migration/src/navigation_humans.cpp:25:
[22.645s] /opt/ros/jazzy/include/rcl_interfaces/rcl_interfaces/msg/detail/list_parameters_result__struct.hpp:30:11: note:   ‘rcl_interfaces::msg’
[22.645s]    30 | namespace msg
[22.645s]       |           ^~~
[22.648s] In file included from /opt/ros/jazzy/include/service_msgs/service_msgs/msg/detail/service_event_info__struct.hpp:23,
[22.648s]                  from /opt/ros/jazzy/include/rcl_interfaces/rcl_interfaces/srv/detail/list_parameters__struct.hpp:267:
[22.648s] /opt/ros/jazzy/include/builtin_interfaces/builtin_interfaces/msg/detail/time__struct.hpp:30:11: note:   ‘builtin_interfaces::msg’
[22.648s]    30 | namespace msg
[22.648s]       |           ^~~
[22.648s] /opt/ros/jazzy/include/service_msgs/service_msgs/msg/detail/service_event_info__struct.hpp:34:11: note:   ‘service_msgs::msg’
[22.648s]    34 | namespace msg
[22.649s]       |           ^~~
[22.649s] In file included from /opt/ros/jazzy/include/statistics_msgs/statistics_msgs/msg/detail/metrics_message__struct.hpp:26,
[22.649s]                  from /opt/ros/jazzy/include/statistics_msgs/statistics_msgs/msg/metrics_message.hpp:7,
[22.649s]                  from /opt/ros/jazzy/include/libstatistics_collector/libstatistics_collector/collector/generate_statistics_message.hpp:21,
[22.651s]                  from /opt/ros/jazzy/include/rclcpp/rclcpp/topic_statistics/subscription_topic_statistics.hpp:23,
[22.651s]                  from /opt/ros/jazzy/include/rclcpp/rclcpp/subscription.hpp:50,
[22.651s]                  from /opt/ros/jazzy/include/rclcpp/rclcpp/any_executable.hpp:25,
[22.652s]                  from /opt/ros/jazzy/include/rclcpp/rclcpp/memory_strategy.hpp:25,
[22.652s]                  from /opt/ros/jazzy/include/rclcpp/rclcpp/memory_strategies.hpp:18,
[22.652s]                  from /opt/ros/jazzy/include/rclcpp/rclcpp/executor_options.hpp:22,
[22.652s]                  from /opt/ros/jazzy/include/rclcpp/rclcpp/executor.hpp:38,
[22.652s]                  from /opt/ros/jazzy/include/rclcpp/rclcpp/executors/multi_threaded_executor.hpp:25,
[22.652s]                  from /opt/ros/jazzy/include/rclcpp/rclcpp/executors.hpp:21,
[22.652s]                  from /opt/ros/jazzy/include/rclcpp/rclcpp/rclcpp.hpp:172:
[22.653s] /opt/ros/jazzy/include/statistics_msgs/statistics_msgs/msg/detail/statistic_data_point__struct.hpp:30:11: note:   ‘statistics_msgs::msg’
[22.653s]    30 | namespace msg
[22.653s]       |           ^~~
[22.653s] In file included from /opt/ros/jazzy/include/geometry_msgs/geometry_msgs/msg/detail/transform_stamped__struct.hpp:23,
[22.655s]                  from /opt/ros/jazzy/include/geometry_msgs/geometry_msgs/msg/transform_stamped.hpp:7,
[22.656s]                  from /opt/ros/jazzy/include/tf2/tf2/convert.h:38,
[22.656s]                  from /home/neha/ros2_ws/src/semnav_migration/include/reactive_planner_lib.h:39:
[22.656s] /opt/ros/jazzy/include/std_msgs/std_msgs/msg/detail/header__struct.hpp:34:11: note:   ‘std_msgs::msg’
[22.656s]    34 | namespace msg
[22.656s]       |           ^~~
[22.656s] In file included from /opt/ros/jazzy/include/geometry_msgs/geometry_msgs/msg/detail/transform__struct.hpp:23,
[22.656s]                  from /opt/ros/jazzy/include/geometry_msgs/geometry_msgs/msg/detail/transform_stamped__struct.hpp:25:
[22.656s] /opt/ros/jazzy/include/geometry_msgs/geometry_msgs/msg/detail/vector3__struct.hpp:30:11: note:   ‘geometry_msgs::msg’
[22.657s]    30 | namespace msg
[22.657s]       |           ^~~
[22.657s] In file included from /opt/ros/jazzy/include/tf2_msgs/tf2_msgs/msg/tf_message.hpp:7,
[22.657s]                  from /opt/ros/jazzy/include/tf2_ros/tf2_ros/transform_listener.h:44,
[22.659s]                  from /home/neha/ros2_ws/src/semnav_migration/include/reactive_planner_lib.h:41:
[22.659s] /opt/ros/jazzy/include/tf2_msgs/tf2_msgs/msg/detail/tf_message__struct.hpp:34:11: note:   ‘tf2_msgs::msg’
[22.659s]    34 | namespace msg
[22.660s]       |           ^~~
[22.660s] In file included from /opt/ros/jazzy/include/sensor_msgs/sensor_msgs/msg/laser_scan.hpp:7,
[22.660s]                  from /home/neha/ros2_ws/src/semnav_migration/include/reactive_planner_lib.h:49:
[22.660s] /opt/ros/jazzy/include/sensor_msgs/sensor_msgs/msg/detail/laser_scan__struct.hpp:34:11: note:   ‘sensor_msgs::msg’
[22.660s]    34 | namespace msg
[22.660s]       |           ^~~
[22.660s] In file included from /opt/ros/jazzy/include/nav_msgs/nav_msgs/msg/odometry.hpp:7,
[22.660s]                  from /home/neha/ros2_ws/src/semnav_migration/include/reactive_planner_lib.h:50:
[22.661s] /opt/ros/jazzy/include/nav_msgs/nav_msgs/msg/detail/odometry__struct.hpp:38:11: note:   ‘nav_msgs::msg’
[22.661s]    38 | namespace msg
[22.661s]       |           ^~~
[22.661s] In file included from /opt/ros/jazzy/include/example_interfaces/example_interfaces/msg/u_int32.hpp:7,
[22.663s]                  from /home/neha/ros2_ws/src/semnav_migration/include/reactive_planner_lib.h:51:
[22.663s] /opt/ros/jazzy/include/example_interfaces/example_interfaces/msg/detail/u_int32__struct.hpp:30:11: note:   ‘example_interfaces::msg’
[22.663s]    30 | namespace msg
[22.664s]       |           ^~~
[22.664s] In file included from /home/neha/ros2_ws/src/install/object_pose_interface_msgs/include/object_pose_interface_msgs/object_pose_interface_msgs/msg/detail/keypoint_detections3_d__struct.hpp:25,
[22.664s]                  from /home/neha/ros2_ws/src/install/object_pose_interface_msgs/include/object_pose_interface_msgs/object_pose_interface_msgs/msg/keypoint_detections3_d.hpp:7,
[22.664s]                  from /home/neha/ros2_ws/src/semnav_migration/include/reactive_planner_lib.h:52:
[22.664s] /home/neha/ros2_ws/src/install/object_pose_interface_msgs/include/object_pose_interface_msgs/object_pose_interface_msgs/msg/detail/keypoint_detection3_d__struct.hpp:30:11: note:   ‘object_pose_interface_msgs::msg’
[22.664s]    30 | namespace msg
[22.664s]       |           ^~~
[22.664s] /home/neha/ros2_ws/src/semnav_migration/src/human_following.cpp:175:25: error: ‘commandId’ was not declared in this scope
[22.665s]   175 |                         commandId.data = BehaviorIdCmd;
[22.665s]       |                         ^~~~~~~~~
[22.665s] /home/neha/ros2_ws/src/semnav_migration/src/navigation_humans.cpp:672:52: error: ‘UInt32’ was not declared in this scope; did you mean ‘example_interfaces::msg::UInt32’?
[22.667s]   672 |                 rclcpp::Publisher<example_msgs/msg/UInt32> pub_behaviorID_;
[22.667s]       |                                                    ^~~~~~
[22.667s]       |                                                    example_interfaces::msg::UInt32
[22.668s] /opt/ros/jazzy/include/example_interfaces/example_interfaces/msg/detail/u_int32__struct.hpp:125:7: note: ‘example_interfaces::msg::UInt32’ declared here
[22.668s]   125 | using UInt32 =
[22.668s]       |       ^~~~~~
[22.668s] /home/neha/ros2_ws/src/semnav_migration/src/navigation_humans.cpp:672:58: error: template argument 1 is invalid
[22.668s]   672 |                 rclcpp::Publisher<example_msgs/msg/UInt32> pub_behaviorID_;
[22.668s]       |                                                          ^
[22.728s] /home/neha/ros2_ws/src/semnav_migration/src/navigation_humans.cpp:673:35: error: ‘example_msgs’ was not declared in this scope
[22.728s]   673 |                 rclcpp::Publisher<example_msgs/msg/UInt32> pub_behaviorMode_;
[22.728s]       |                                   ^~~~~~~~~~~~
[22.732s] /home/neha/ros2_ws/src/semnav_migration/src/navigation_humans.cpp:673:48: error: ‘msg’ was not declared in this scope
[22.732s]   673 |                 rclcpp::Publisher<example_msgs/msg/UInt32> pub_behaviorMode_;
[22.733s]       |                                                ^~~
[22.733s] /home/neha/ros2_ws/src/semnav_migration/src/navigation_humans.cpp:673:48: note: suggested alternatives:
[22.733s] /home/neha/ros2_ws/src/semnav_migration/src/human_following.cpp:176:25: error: ‘pub_behaviorID_’ was not declared in this scope; did you mean ‘pub_behaviorID_topic_’?
[22.733s]   176 |                         pub_behaviorID_.publish(commandId);
[22.733s]       |                         ^~~~~~~~~~~~~~~
[22.734s]       |                         pub_behaviorID_topic_
[22.734s] /opt/ros/jazzy/include/rcl_interfaces/rcl_interfaces/msg/detail/list_parameters_result__struct.hpp:30:11: note:   ‘rcl_interfaces::msg’
[22.734s]    30 | namespace msg
[22.734s]       |           ^~~
[22.735s] /opt/ros/jazzy/include/builtin_interfaces/builtin_interfaces/msg/detail/time__struct.hpp:30:11: note:   ‘builtin_interfaces::msg’
[22.735s]    30 | namespace msg
[22.735s]       |           ^~~
[22.736s] /opt/ros/jazzy/include/service_msgs/service_msgs/msg/detail/service_event_info__struct.hpp:34:11: note:   ‘service_msgs::msg’
[22.737s]    34 | namespace msg
[22.737s]       |           ^~~
[22.737s] /opt/ros/jazzy/include/statistics_msgs/statistics_msgs/msg/detail/statistic_data_point__struct.hpp:30:11: note:   ‘statistics_msgs::msg’
[22.737s]    30 | namespace msg
[22.737s]       |           ^~~
[22.737s] /opt/ros/jazzy/include/std_msgs/std_msgs/msg/detail/header__struct.hpp:34:11: note:   ‘std_msgs::msg’
[22.737s]    34 | namespace msg
[22.737s]       |           ^~~
[22.738s] /opt/ros/jazzy/include/geometry_msgs/geometry_msgs/msg/detail/vector3__struct.hpp:30:11: note:   ‘geometry_msgs::msg’
[22.738s]    30 | namespace msg
[22.738s]       |           ^~~
[22.738s] /opt/ros/jazzy/include/tf2_msgs/tf2_msgs/msg/detail/tf_message__struct.hpp:34:11: note:   ‘tf2_msgs::msg’
[22.740s]    34 | namespace msg
[22.740s]       |           ^~~
[22.740s] /opt/ros/jazzy/include/sensor_msgs/sensor_msgs/msg/detail/laser_scan__struct.hpp:34:11: note:   ‘sensor_msgs::msg’
[22.741s]    34 | namespace msg
[22.741s]       |           ^~~
[22.741s] /opt/ros/jazzy/include/nav_msgs/nav_msgs/msg/detail/odometry__struct.hpp:38:11: note:   ‘nav_msgs::msg’
[22.741s]    38 | namespace msg
[22.741s]       |           ^~~
[22.741s] /opt/ros/jazzy/include/example_interfaces/example_interfaces/msg/detail/u_int32__struct.hpp:30:11: note:   ‘example_interfaces::msg’
[22.741s]    30 | namespace msg
[22.741s]       |           ^~~
[22.742s] /home/neha/ros2_ws/src/install/object_pose_interface_msgs/include/object_pose_interface_msgs/object_pose_interface_msgs/msg/detail/keypoint_detection3_d__struct.hpp:30:11: note:   ‘object_pose_interface_msgs::msg’
[22.742s]    30 | namespace msg
[22.742s]       |           ^~~
[22.743s] /home/neha/ros2_ws/src/semnav_migration/src/human_following.cpp: In member function ‘void HumanFollowingNode::publish_behavior_mode(uint16_t)’:
[22.744s] /home/neha/ros2_ws/src/semnav_migration/src/human_following.cpp:181:35: error: ‘UInt32’ is not a member of ‘std_msgs’; did you mean ‘example_interfaces::msg::UInt32’?
[22.744s]   181 |                         std_msgs::UInt32 commandMode;
[22.744s]       |                                   ^~~~~~
[22.744s] /opt/ros/jazzy/include/example_interfaces/example_interfaces/msg/detail/u_int32__struct.hpp:125:7: note: ‘example_interfaces::msg::UInt32’ declared here
[22.744s]   125 | using UInt32 =
[22.744s]       |       ^~~~~~
[22.744s] /home/neha/ros2_ws/src/semnav_migration/src/navigation_humans.cpp:673:52: error: ‘UInt32’ was not declared in this scope; did you mean ‘example_interfaces::msg::UInt32’?
[22.744s]   673 |                 rclcpp::Publisher<example_msgs/msg/UInt32> pub_behaviorMode_;
[22.745s]       |                                                    ^~~~~~
[22.745s]       |                                                    example_interfaces::msg::UInt32
[22.745s] /opt/ros/jazzy/include/example_interfaces/example_interfaces/msg/detail/u_int32__struct.hpp:125:7: note: ‘example_interfaces::msg::UInt32’ declared here
[22.746s]   125 | using UInt32 =
[22.746s]       |       ^~~~~~
[22.746s] /home/neha/ros2_ws/src/semnav_migration/src/navigation_humans.cpp:673:58: error: template argument 1 is invalid
[22.746s]   673 |                 rclcpp::Publisher<example_msgs/msg/UInt32> pub_behaviorMode_;
[22.746s]       |                                                          ^
[22.746s] /home/neha/ros2_ws/src/semnav_migration/src/navigation_humans.cpp:674:58: error: template argument 1 is invalid
[22.746s]   674 |                 rclcpp::Publisher<geometry_msgs/msg/Twist> pub_twist_;
[22.747s]       |                                                          ^
[22.799s] /home/neha/ros2_ws/src/semnav_migration/src/human_following.cpp:182:25: error: ‘commandMode’ was not declared in this scope
[22.799s]   182 |                         commandMode.data = BehaviorModeCmd;
[22.799s]       |                         ^~~~~~~~~~~
[22.813s] /home/neha/ros2_ws/src/semnav_migration/src/navigation_humans.cpp:675:35: error: ‘example_msgs’ was not declared in this scope
[22.813s]   675 |                 rclcpp::Publisher<example_msgs/msg/UInt32> pub_semantic_map_;
[22.813s]       |                                   ^~~~~~~~~~~~
[22.818s] /home/neha/ros2_ws/src/semnav_migration/src/navigation_humans.cpp:675:48: error: ‘msg’ was not declared in this scope
[22.818s]   675 |                 rclcpp::Publisher<example_msgs/msg/UInt32> pub_semantic_map_;
[22.818s]       |                                                ^~~
[22.818s] /home/neha/ros2_ws/src/semnav_migration/src/navigation_humans.cpp:675:48: note: suggested alternatives:
[22.818s] /opt/ros/jazzy/include/rcl_interfaces/rcl_interfaces/msg/detail/list_parameters_result__struct.hpp:30:11: note:   ‘rcl_interfaces::msg’
[22.819s]    30 | namespace msg
[22.819s]       |           ^~~
[22.821s] /opt/ros/jazzy/include/builtin_interfaces/builtin_interfaces/msg/detail/time__struct.hpp:30:11: note:   ‘builtin_interfaces::msg’
[22.822s]    30 | namespace msg
[22.822s]       |           ^~~
[22.822s] /opt/ros/jazzy/include/service_msgs/service_msgs/msg/detail/service_event_info__struct.hpp:34:11: note:   ‘service_msgs::msg’
[22.822s]    34 | namespace msg
[22.822s]       |           ^~~
[22.822s] /opt/ros/jazzy/include/statistics_msgs/statistics_msgs/msg/detail/statistic_data_point__struct.hpp:30:11: note:   ‘statistics_msgs::msg’
[22.822s]    30 | namespace msg
[22.822s]       |           ^~~
[22.823s] /opt/ros/jazzy/include/std_msgs/std_msgs/msg/detail/header__struct.hpp:34:11: note:   ‘std_msgs::msg’
[22.823s]    34 | namespace msg
[22.823s]       |           ^~~
[22.823s] /opt/ros/jazzy/include/geometry_msgs/geometry_msgs/msg/detail/vector3__struct.hpp:30:11: note:   ‘geometry_msgs::msg’
[22.825s]    30 | namespace msg
[22.825s]       |           ^~~
[22.825s] /opt/ros/jazzy/include/tf2_msgs/tf2_msgs/msg/detail/tf_message__struct.hpp:34:11: note:   ‘tf2_msgs::msg’
[22.825s]    34 | namespace msg
[22.826s]       |           ^~~
[22.826s] /opt/ros/jazzy/include/sensor_msgs/sensor_msgs/msg/detail/laser_scan__struct.hpp:34:11: note:   ‘sensor_msgs::msg’
[22.826s]    34 | namespace msg
[22.826s]       |           ^~~
[22.826s] /opt/ros/jazzy/include/nav_msgs/nav_msgs/msg/detail/odometry__struct.hpp:38:11: note:   ‘nav_msgs::msg’
[22.826s]    38 | namespace msg
[22.826s]       |           ^~~
[22.826s] /opt/ros/jazzy/include/example_interfaces/example_interfaces/msg/detail/u_int32__struct.hpp:30:11: note:   ‘example_interfaces::msg’
[22.827s]    30 | namespace msg
[22.827s]       |           ^~~
[22.827s] /home/neha/ros2_ws/src/install/object_pose_interface_msgs/include/object_pose_interface_msgs/object_pose_interface_msgs/msg/detail/keypoint_detection3_d__struct.hpp:30:11: note:   ‘object_pose_interface_msgs::msg’
[22.827s]    30 | namespace msg
[22.829s]       |           ^~~
[22.830s] /home/neha/ros2_ws/src/semnav_migration/src/navigation_humans.cpp:675:52: error: ‘UInt32’ was not declared in this scope; did you mean ‘example_interfaces::msg::UInt32’?
[22.830s]   675 |                 rclcpp::Publisher<example_msgs/msg/UInt32> pub_semantic_map_;
[22.830s]       |                                                    ^~~~~~
[22.830s]       |                                                    example_interfaces::msg::UInt32
[22.830s] /opt/ros/jazzy/include/example_interfaces/example_interfaces/msg/detail/u_int32__struct.hpp:125:7: note: ‘example_interfaces::msg::UInt32’ declared here
[22.830s]   125 | using UInt32 =
[22.830s]       |       ^~~~~~
[22.831s] /home/neha/ros2_ws/src/semnav_migration/src/navigation_humans.cpp:675:58: error: template argument 1 is invalid
[22.831s]   675 |                 rclcpp::Publisher<example_msgs/msg/UInt32> pub_semantic_map_;
[22.831s]       |                                                          ^
[22.844s] /home/neha/ros2_ws/src/semnav_migration/src/navigation_humans.cpp:721:22: error: ‘TransformListener’ in namespace ‘tf2’ does not name a type
[22.844s]   721 |                 tf2::TransformListener listener_;
[22.844s]       |                      ^~~~~~~~~~~~~~~~~
[22.846s] /home/neha/ros2_ws/src/semnav_migration/src/navigation_humans.cpp: In constructor ‘NavigationHumansNode::NavigationHumansNode()’:
[22.846s] /home/neha/ros2_ws/src/semnav_migration/src/navigation_humans.cpp:44:63: error: no matching function for call to ‘rclcpp::Node::Node()’
[22.847s]    44 |         NavigationHumansNode() : Node("navigation humans node") {
[22.847s]       |                                                               ^
[22.848s] In file included from /opt/ros/jazzy/include/rclcpp/rclcpp/executors/single_threaded_executor.hpp:28,
[22.848s]                  from /opt/ros/jazzy/include/rclcpp/rclcpp/executors.hpp:22:
[22.848s] /opt/ros/jazzy/include/rclcpp/rclcpp/node.hpp:1629:3: note: candidate: ‘rclcpp::Node::Node(const rclcpp::Node&, const std::string&)’
[22.848s]  1629 |   Node(
[22.848s]       |   ^~~~
[22.848s] /opt/ros/jazzy/include/rclcpp/rclcpp/node.hpp:1629:3: note:   candidate expects 2 arguments, 0 provided
[22.849s] /opt/ros/jazzy/include/rclcpp/rclcpp/node.hpp:103:12: note: candidate: ‘rclcpp::Node::Node(const std::string&, const std::string&, const rclcpp::NodeOptions&)’
[22.849s]   103 |   explicit Node(
[22.849s]       |            ^~~~
[22.849s] /opt/ros/jazzy/include/rclcpp/rclcpp/node.hpp:103:12: note:   candidate expects 3 arguments, 0 provided
[22.850s] /opt/ros/jazzy/include/rclcpp/rclcpp/node.hpp:91:12: note: candidate: ‘rclcpp::Node::Node(const std::string&, const rclcpp::NodeOptions&)’
[22.850s]    91 |   explicit Node(
[22.850s]       |            ^~~~
[22.850s] /opt/ros/jazzy/include/rclcpp/rclcpp/node.hpp:91:12: note:   candidate expects 2 arguments, 0 provided
[22.897s] /home/neha/ros2_ws/src/semnav_migration/src/human_following.cpp:183:25: error: ‘pub_behaviorMode_’ was not declared in this scope; did you mean ‘pub_behaviorMode_topic_’?
[22.898s]   183 |                         pub_behaviorMode_.publish(commandMode);
[22.898s]       |                         ^~~~~~~~~~~~~~~~~
[22.898s]       |                         pub_behaviorMode_topic_
[22.916s] /home/neha/ros2_ws/src/semnav_migration/src/navigation_humans.cpp:123:25: error: ‘LowpassCutOff_’ was not declared in this scope; did you mean ‘LowpassCutoff_’?
[22.916s]   123 |                         LowpassCutOff_ = this->get_parameter("LowpassCutOff").as_double();
[22.916s]       |                         ^~~~~~~~~~~~~~
[22.916s]       |                         LowpassCutoff_
[22.921s] /home/neha/ros2_ws/src/semnav_migration/src/navigation_humans.cpp:132:69: error: ‘UInt32’ is not a member of ‘std_msgs::msg’; did you mean ‘example_interfaces::msg::UInt32’?
[22.921s]   132 |             pub_behaviorID_ = this->create_publisher<std_msgs::msg::UInt32>("pub_behaviorID_topic_", 1);
[22.921s]       |                                                                     ^~~~~~
[22.924s] /opt/ros/jazzy/include/example_interfaces/example_interfaces/msg/detail/u_int32__struct.hpp:125:7: note: ‘example_interfaces::msg::UInt32’ declared here
[22.925s]   125 | using UInt32 =
[22.925s]       |       ^~~~~~
[22.925s] /home/neha/ros2_ws/src/semnav_migration/src/navigation_humans.cpp:132:76: error: no matching function for call to ‘NavigationHumansNode::create_publisher<<expression error> >(const char [22], int)’
[22.925s]   132 |             pub_behaviorID_ = this->create_publisher<std_msgs::msg::UInt32>("pub_behaviorID_topic_", 1);
[22.925s]       |                               ~~~~~~~~~~~~~~~~~~~~~~~~~~~~~~~~~~~~~~~~~~~~~^~~~~~~~~~~~~~~~~~~~~~~~~~~~
[22.925s] /opt/ros/jazzy/include/rclcpp/rclcpp/node.hpp:197:3: note: candidate: ‘template<class MessageT, class AllocatorT, class PublisherT> std::shared_ptr<PublisherT> rclcpp::Node::create_publisher(const std::string&, const rclcpp::QoS&, const rclcpp::PublisherOptionsWithAllocator<AllocatorT>&)’
[22.926s]   197 |   create_publisher(
[22.926s]       |   ^~~~~~~~~~~~~~~~
[22.926s] /opt/ros/jazzy/include/rclcpp/rclcpp/node.hpp:197:3: note:   template argument deduction/substitution failed:
[22.926s] /home/neha/ros2_ws/src/semnav_migration/src/navigation_humans.cpp:132:76: error: template argument 1 is invalid
[22.926s]   132 |             pub_behaviorID_ = this->create_publisher<std_msgs::msg::UInt32>("pub_behaviorID_topic_", 1);
[22.926s]       |                               ~~~~~~~~~~~~~~~~~~~~~~~~~~~~~~~~~~~~~~~~~~~~~^~~~~~~~~~~~~~~~~~~~~~~~~~~~
[22.928s] /home/neha/ros2_ws/src/semnav_migration/src/navigation_humans.cpp:133:71: error: ‘UInt32’ is not a member of ‘std_msgs::msg’; did you mean ‘example_interfaces::msg::UInt32’?
[22.928s]   133 |             pub_behaviorMode_ = this->create_publisher<std_msgs::msg::UInt32>("pub_behaviorMode_topic_", 1);
[22.929s]       |                                                                       ^~~~~~
[22.929s] /opt/ros/jazzy/include/example_interfaces/example_interfaces/msg/detail/u_int32__struct.hpp:125:7: note: ‘example_interfaces::msg::UInt32’ declared here
[22.929s]   125 | using UInt32 =
[22.929s]       |       ^~~~~~
[22.930s] /home/neha/ros2_ws/src/semnav_migration/src/navigation_humans.cpp:133:78: error: no matching function for call to ‘NavigationHumansNode::create_publisher<<expression error> >(const char [24], int)’
[22.930s]   133 |             pub_behaviorMode_ = this->create_publisher<std_msgs::msg::UInt32>("pub_behaviorMode_topic_", 1);
[22.930s]       |                                 ~~~~~~~~~~~~~~~~~~~~~~~~~~~~~~~~~~~~~~~~~~~~~^~~~~~~~~~~~~~~~~~~~~~~~~~~~~~
[22.931s] /opt/ros/jazzy/include/rclcpp/rclcpp/node.hpp:197:3: note: candidate: ‘template<class MessageT, class AllocatorT, class PublisherT> std::shared_ptr<PublisherT> rclcpp::Node::create_publisher(const std::string&, const rclcpp::QoS&, const rclcpp::PublisherOptionsWithAllocator<AllocatorT>&)’
[22.931s]   197 |   create_publisher(
[22.931s]       |   ^~~~~~~~~~~~~~~~
[22.931s] /opt/ros/jazzy/include/rclcpp/rclcpp/node.hpp:197:3: note:   template argument deduction/substitution failed:
[22.932s] /home/neha/ros2_ws/src/semnav_migration/src/navigation_humans.cpp:133:78: error: template argument 1 is invalid
[22.932s]   133 |             pub_behaviorMode_ = this->create_publisher<std_msgs::msg::UInt32>("pub_behaviorMode_topic_", 1);
[22.932s]       |                                 ~~~~~~~~~~~~~~~~~~~~~~~~~~~~~~~~~~~~~~~~~~~~~^~~~~~~~~~~~~~~~~~~~~~~~~~~~~~
[22.936s] /home/neha/ros2_ws/src/semnav_migration/src/navigation_humans.cpp:134:64: error: ‘UInt32’ is not a member of ‘std_msgs::msg’; did you mean ‘example_interfaces::msg::UInt32’?
[22.936s]   134 |             pub_twist_ = this->create_publisher<std_msgs::msg::UInt32>("pub_twist_topic", 1);
[22.936s]       |                                                                ^~~~~~
[22.938s] /opt/ros/jazzy/include/example_interfaces/example_interfaces/msg/detail/u_int32__struct.hpp:125:7: note: ‘example_interfaces::msg::UInt32’ declared here
[22.939s]   125 | using UInt32 =
[22.939s]       |       ^~~~~~
[22.939s] /home/neha/ros2_ws/src/semnav_migration/src/navigation_humans.cpp:134:71: error: no matching function for call to ‘NavigationHumansNode::create_publisher<<expression error> >(const char [16], int)’
[22.939s]   134 |             pub_twist_ = this->create_publisher<std_msgs::msg::UInt32>("pub_twist_topic", 1);
[22.939s]       |                          ~~~~~~~~~~~~~~~~~~~~~~~~~~~~~~~~~~~~~~~~~~~~~^~~~~~~~~~~~~~~~~~~~~~
[22.939s] /opt/ros/jazzy/include/rclcpp/rclcpp/node.hpp:197:3: note: candidate: ‘template<class MessageT, class AllocatorT, class PublisherT> std::shared_ptr<PublisherT> rclcpp::Node::create_publisher(const std::string&, const rclcpp::QoS&, const rclcpp::PublisherOptionsWithAllocator<AllocatorT>&)’
[22.939s]   197 |   create_publisher(
[22.940s]       |   ^~~~~~~~~~~~~~~~
[22.940s] /opt/ros/jazzy/include/rclcpp/rclcpp/node.hpp:197:3: note:   template argument deduction/substitution failed:
[22.940s] /home/neha/ros2_ws/src/semnav_migration/src/navigation_humans.cpp:134:71: error: template argument 1 is invalid
[22.942s]   134 |             pub_twist_ = this->create_publisher<std_msgs::msg::UInt32>("pub_twist_topic", 1);
[22.942s]       |                          ~~~~~~~~~~~~~~~~~~~~~~~~~~~~~~~~~~~~~~~~~~~~~^~~~~~~~~~~~~~~~~~~~~~
[22.951s] /home/neha/ros2_ws/src/semnav_migration/src/human_following.cpp: In function ‘int main(int, char**)’:
[22.951s] /home/neha/ros2_ws/src/semnav_migration/src/human_following.cpp:722:9: error: ‘ros’ has not been declared
[22.951s]   722 |         ros::init(argc, argv, "human_following");
[22.951s]       |         ^~~
[22.951s] /home/neha/ros2_ws/src/semnav_migration/src/human_following.cpp:725:9: error: ‘ros’ has not been declared
[22.951s]   725 |         ros::NodeHandle nh("~");
[22.951s]       |         ^~~
[22.973s] /home/neha/ros2_ws/src/semnav_migration/src/human_following.cpp:728:48: error: ‘nh’ was not declared in this scope
[22.973s]   728 |         HumanFollowingNode humanFollowingNode(&nh);
[22.974s]       |                                                ^~
[23.013s] /home/neha/ros2_ws/src/semnav_migration/src/navigation_humans.cpp:137:116: error: no matching function for call to ‘message_filters::Subscriber<sensor_msgs::msg::LaserScan_<std::allocator<void> > >::Subscriber(rclcpp::Node&, std::string&, int)’
[23.013s]   137 |                         message_filters::Subscriber<sensor_msgs::msg::LaserScan> sub_laser(nh_, sub_laser_topic_, 1);
[23.013s]       |                                                                                                                    ^
[23.013s] In file included from /home/neha/ros2_ws/src/semnav_migration/include/reactive_planner_lib.h:45:
[23.013s] /opt/ros/jazzy/include/message_filters/message_filters/subscriber.h:224:3: note: candidate: ‘message_filters::Subscriber<M, NodeType>::Subscriber() [with M = sensor_msgs::msg::LaserScan_<std::allocator<void> >; NodeType = rclcpp::Node]’
[23.013s]   224 |   Subscriber() = default;
[23.014s]       |   ^~~~~~~~~~
[23.014s] /opt/ros/jazzy/include/message_filters/message_filters/subscriber.h:224:3: note:   candidate expects 0 arguments, 3 provided
[23.014s] /opt/ros/jazzy/include/message_filters/message_filters/subscriber.h:212:3: note: candidate: ‘message_filters::Subscriber<M, NodeType>::Subscriber(NodeType*, const std::string&, rmw_qos_profile_t, rclcpp::SubscriptionOptions) [with M = sensor_msgs::msg::LaserScan_<std::allocator<void> >; NodeType = rclcpp::Node; std::string = std::__cxx11::basic_string<char>; rmw_qos_profile_t = rmw_qos_profile_s; rclcpp::SubscriptionOptions = rclcpp::SubscriptionOptionsWithAllocator<std::allocator<void> >]’
[23.014s]   212 |   Subscriber(
[23.016s]       |   ^~~~~~~~~~
[23.016s] /opt/ros/jazzy/include/message_filters/message_filters/subscriber.h:212:3: note:   candidate expects 4 arguments, 3 provided
[23.017s] /opt/ros/jazzy/include/message_filters/message_filters/subscriber.h:203:3: note: candidate: ‘message_filters::Subscriber<M, NodeType>::Subscriber(NodePtr, const std::string&, rmw_qos_profile_t, rclcpp::SubscriptionOptions) [with M = sensor_msgs::msg::LaserScan_<std::allocator<void> >; NodeType = rclcpp::Node; NodePtr = std::shared_ptr<rclcpp::Node>; std::string = std::__cxx11::basic_string<char>; rmw_qos_profile_t = rmw_qos_profile_s; rclcpp::SubscriptionOptions = rclcpp::SubscriptionOptionsWithAllocator<std::allocator<void> >]’
[23.017s]   203 |   Subscriber(
[23.017s]       |   ^~~~~~~~~~
[23.017s] /opt/ros/jazzy/include/message_filters/message_filters/subscriber.h:203:3: note:   candidate expects 4 arguments, 3 provided
[23.017s] /opt/ros/jazzy/include/message_filters/message_filters/subscriber.h:188:3: note: candidate: ‘message_filters::Subscriber<M, NodeType>::Subscriber(NodeType*, const std::string&, rmw_qos_profile_t) [with M = sensor_msgs::msg::LaserScan_<std::allocator<void> >; NodeType = rclcpp::Node; std::string = std::__cxx11::basic_string<char>; rmw_qos_profile_t = rmw_qos_profile_s]’
[23.017s]   188 |   Subscriber(NodeType * node, const std::string& topic, const rmw_qos_profile_t qos = rmw_qos_profile_default)
[23.017s]       |   ^~~~~~~~~~
[23.018s] /opt/ros/jazzy/include/message_filters/message_filters/subscriber.h:188:25: note:   no known conversion for argument 1 from ‘rclcpp::Node’ to ‘rclcpp::Node*’
[23.018s]   188 |   Subscriber(NodeType * node, const std::string& topic, const rmw_qos_profile_t qos = rmw_qos_profile_default)
[23.018s]       |              ~~~~~~~~~~~^~~~
[23.020s] /opt/ros/jazzy/include/message_filters/message_filters/subscriber.h:183:3: note: candidate: ‘message_filters::Subscriber<M, NodeType>::Subscriber(NodePtr, const std::string&, rmw_qos_profile_t) [with M = sensor_msgs::msg::LaserScan_<std::allocator<void> >; NodeType = rclcpp::Node; NodePtr = std::shared_ptr<rclcpp::Node>; std::string = std::__cxx11::basic_string<char>; rmw_qos_profile_t = rmw_qos_profile_s]’
[23.020s]   183 |   Subscriber(NodePtr node, const std::string& topic, const rmw_qos_profile_t qos = rmw_qos_profile_default)
[23.021s]       |   ^~~~~~~~~~
[23.021s] /opt/ros/jazzy/include/message_filters/message_filters/subscriber.h:183:22: note:   no known conversion for argument 1 from ‘rclcpp::Node’ to ‘message_filters::Subscriber<sensor_msgs::msg::LaserScan_<std::allocator<void> > >::NodePtr’ {aka ‘std::shared_ptr<rclcpp::Node>’}
[23.021s]   183 |   Subscriber(NodePtr node, const std::string& topic, const rmw_qos_profile_t qos = rmw_qos_profile_default)
[23.021s]       |              ~~~~~~~~^~~~
[23.082s] /home/neha/ros2_ws/src/semnav_migration/src/navigation_humans.cpp:138:112: error: no matching function for call to ‘message_filters::Subscriber<nav_msgs::msg::Odometry_<std::allocator<void> > >::Subscriber(rclcpp::Node&, std::string&, int)’
[23.082s]   138 |                         message_filters::Subscriber<nav_msgs::msg::Odometry> sub_robot(nh_, sub_robot_topic_, 1);
[23.082s]       |                                                                                                                ^
[23.084s] /opt/ros/jazzy/include/message_filters/message_filters/subscriber.h:224:3: note: candidate: ‘message_filters::Subscriber<M, NodeType>::Subscriber() [with M = nav_msgs::msg::Odometry_<std::allocator<void> >; NodeType = rclcpp::Node]’
[23.084s]   224 |   Subscriber() = default;
[23.085s]       |   ^~~~~~~~~~
[23.085s] /opt/ros/jazzy/include/message_filters/message_filters/subscriber.h:224:3: note:   candidate expects 0 arguments, 3 provided
[23.085s] /opt/ros/jazzy/include/message_filters/message_filters/subscriber.h:212:3: note: candidate: ‘message_filters::Subscriber<M, NodeType>::Subscriber(NodeType*, const std::string&, rmw_qos_profile_t, rclcpp::SubscriptionOptions) [with M = nav_msgs::msg::Odometry_<std::allocator<void> >; NodeType = rclcpp::Node; std::string = std::__cxx11::basic_string<char>; rmw_qos_profile_t = rmw_qos_profile_s; rclcpp::SubscriptionOptions = rclcpp::SubscriptionOptionsWithAllocator<std::allocator<void> >]’
[23.085s]   212 |   Subscriber(
[23.086s]       |   ^~~~~~~~~~
[23.086s] /opt/ros/jazzy/include/message_filters/message_filters/subscriber.h:212:3: note:   candidate expects 4 arguments, 3 provided
[23.086s] /opt/ros/jazzy/include/message_filters/message_filters/subscriber.h:203:3: note: candidate: ‘message_filters::Subscriber<M, NodeType>::Subscriber(NodePtr, const std::string&, rmw_qos_profile_t, rclcpp::SubscriptionOptions) [with M = nav_msgs::msg::Odometry_<std::allocator<void> >; NodeType = rclcpp::Node; NodePtr = std::shared_ptr<rclcpp::Node>; std::string = std::__cxx11::basic_string<char>; rmw_qos_profile_t = rmw_qos_profile_s; rclcpp::SubscriptionOptions = rclcpp::SubscriptionOptionsWithAllocator<std::allocator<void> >]’
[23.086s]   203 |   Subscriber(
[23.086s]       |   ^~~~~~~~~~
[23.086s] /opt/ros/jazzy/include/message_filters/message_filters/subscriber.h:203:3: note:   candidate expects 4 arguments, 3 provided
[23.086s] /opt/ros/jazzy/include/message_filters/message_filters/subscriber.h:188:3: note: candidate: ‘message_filters::Subscriber<M, NodeType>::Subscriber(NodeType*, const std::string&, rmw_qos_profile_t) [with M = nav_msgs::msg::Odometry_<std::allocator<void> >; NodeType = rclcpp::Node; std::string = std::__cxx11::basic_string<char>; rmw_qos_profile_t = rmw_qos_profile_s]’
[23.087s]   188 |   Subscriber(NodeType * node, const std::string& topic, const rmw_qos_profile_t qos = rmw_qos_profile_default)
[23.087s]       |   ^~~~~~~~~~
[23.087s] /opt/ros/jazzy/include/message_filters/message_filters/subscriber.h:188:25: note:   no known conversion for argument 1 from ‘rclcpp::Node’ to ‘rclcpp::Node*’
[23.087s]   188 |   Subscriber(NodeType * node, const std::string& topic, const rmw_qos_profile_t qos = rmw_qos_profile_default)
[23.089s]       |              ~~~~~~~~~~~^~~~
[23.089s] /opt/ros/jazzy/include/message_filters/message_filters/subscriber.h:183:3: note: candidate: ‘message_filters::Subscriber<M, NodeType>::Subscriber(NodePtr, const std::string&, rmw_qos_profile_t) [with M = nav_msgs::msg::Odometry_<std::allocator<void> >; NodeType = rclcpp::Node; NodePtr = std::shared_ptr<rclcpp::Node>; std::string = std::__cxx11::basic_string<char>; rmw_qos_profile_t = rmw_qos_profile_s]’
[23.090s]   183 |   Subscriber(NodePtr node, const std::string& topic, const rmw_qos_profile_t qos = rmw_qos_profile_default)
[23.090s]       |   ^~~~~~~~~~
[23.090s] /opt/ros/jazzy/include/message_filters/message_filters/subscriber.h:183:22: note:   no known conversion for argument 1 from ‘rclcpp::Node’ to ‘message_filters::Subscriber<nav_msgs::msg::Odometry_<std::allocator<void> > >::NodePtr’ {aka ‘std::shared_ptr<rclcpp::Node>’}
[23.090s]   183 |   Subscriber(NodePtr node, const std::string& topic, const rmw_qos_profile_t qos = rmw_qos_profile_default)
[23.090s]       |              ~~~~~~~~^~~~
[23.226s] /home/neha/ros2_ws/src/semnav_migration/src/navigation_humans.cpp:143:55: error: ‘bind’ is not a member of ‘boost’; did you mean ‘find’?
[23.226s]   143 |                         sync->registerCallback(boost::bind(&NavigationHumansNode::control_callback, this, _1, _2));
[23.226s]       |                                                       ^~~~
[23.226s]       |                                                       find
[23.230s] /home/neha/ros2_ws/src/semnav_migration/src/navigation_humans.cpp:143:107: error: ‘_1’ was not declared in this scope
[23.231s]   143 |                         sync->registerCallback(boost::bind(&NavigationHumansNode::control_callback, this, _1, _2));
[23.231s]       |                                                                                                           ^~
[23.233s] /home/neha/ros2_ws/src/semnav_migration/src/navigation_humans.cpp:143:107: note: suggested alternatives:
[23.233s] In file included from /usr/include/boost/mpl/aux_/include_preprocessed.hpp:37,
[23.233s]                  from /usr/include/boost/mpl/placeholders.hpp:43,
[23.233s]                  from /usr/include/boost/iterator/iterator_categories.hpp:16,
[23.233s]                  from /usr/include/boost/iterator/iterator_facade.hpp:13,
[23.233s]                  from /usr/include/boost/range/iterator_range_core.hpp:27,
[23.234s]                  from /usr/include/boost/lexical_cast.hpp:48,
[23.234s]                  from /usr/include/boost/multiprecision/detail/number_base.hpp:29,
[23.234s]                  from /usr/include/boost/multiprecision/traits/is_variable_precision.hpp:9,
[23.234s]                  from /usr/include/boost/multiprecision/detail/precision.hpp:9,
[23.236s]                  from /usr/include/boost/multiprecision/number.hpp:11,
[23.236s]                  from /usr/include/boost/multiprecision/cpp_int.hpp:19,
[23.236s]                  from /usr/include/boost/multiprecision/cpp_bin_float.hpp:15,
[23.237s]                  from /usr/include/boost/geometry/core/coordinate_promotion.hpp:16,
[23.237s]                  from /usr/include/boost/geometry/core/radian_access.hpp:30,
[23.237s]                  from /usr/include/boost/geometry/geometry.hpp:50,
[23.237s]                  from /usr/include/boost/geometry.hpp:17,
[23.237s]                  from /home/neha/ros2_ws/src/semnav_migration/include/reactive_planner_lib.h:26:
[23.237s] /usr/include/boost/mpl/aux_/preprocessed/gcc/placeholders.hpp:29:16: note:   ‘mpl_::_1’
[23.237s]    29 | typedef arg<1> _1;
[23.238s]       |                ^~
[23.238s] In file included from /usr/include/boost/numeric/conversion/converter_policies.hpp:13,
[23.238s]                  from /usr/include/boost/numeric/conversion/converter.hpp:14,
[23.238s]                  from /usr/include/boost/numeric/conversion/cast.hpp:33,
[23.240s]                  from /usr/include/boost/geometry/core/radian_access.hpp:26:
[23.240s] /usr/include/c++/13/functional:294:48: note:   ‘std::placeholders::_1’
[23.240s]   294 |     _GLIBCXX_PLACEHOLDER const _Placeholder<1> _1;
[23.240s]       |                                                ^~
[23.241s] /usr/include/boost/mpl/aux_/preprocessed/gcc/placeholders.hpp:29:16: note:   ‘mpl_::_1’
[23.241s]    29 | typedef arg<1> _1;
[23.241s]       |                ^~
[23.241s] In file included from /usr/include/boost/describe/members.hpp:20,
[23.241s]                  from /usr/include/boost/container_hash/is_described_class.hpp:11,
[23.241s]                  from /usr/include/boost/container_hash/hash.hpp:18,
[23.241s]                  from /usr/include/boost/functional/hash.hpp:6,
[23.242s]                  from /usr/include/CGAL/Kernel/hash_functions.h:16,
[23.242s]                  from /usr/include/CGAL/Kernel/global_functions.h:25,
[23.242s]                  from /usr/include/CGAL/Cartesian/Cartesian_base.h:22,
[23.242s]                  from /usr/include/CGAL/Simple_cartesian.h:20,
[23.246s]                  from /usr/include/CGAL/Exact_predicates_inexact_constructions_kernel.h:20,
[23.246s]                  from /home/neha/ros2_ws/src/semnav_migration/include/polygeom_lib.h:32,
[23.247s]                  from /home/neha/ros2_ws/src/semnav_migration/include/reactive_planner_lib.h:55:
[23.247s] /usr/include/boost/mp11/bind.hpp:45:7: note:   ‘boost::mp11::_1’
[23.247s]    45 | using _1 = mp_arg<0>;
[23.247s]       |       ^~
[23.247s] /usr/include/boost/mpl/aux_/preprocessed/gcc/placeholders.hpp:29:16: note:   ‘mpl_::_1’
[23.247s]    29 | typedef arg<1> _1;
[23.247s]       |                ^~
[23.248s] /home/neha/ros2_ws/src/semnav_migration/src/navigation_humans.cpp:143:111: error: ‘_2’ was not declared in this scope
[23.248s]   143 |                         sync->registerCallback(boost::bind(&NavigationHumansNode::control_callback, this, _1, _2));
[23.248s]       |                                                                                                               ^~
[23.248s] /home/neha/ros2_ws/src/semnav_migration/src/navigation_humans.cpp:143:111: note: suggested alternatives:
[23.248s] /usr/include/boost/mpl/aux_/preprocessed/gcc/placeholders.hpp:42:16: note:   ‘mpl_::_2’
[23.249s]    42 | typedef arg<2> _2;
[23.249s]       |                ^~
[23.249s] /usr/include/c++/13/functional:295:48: note:   ‘std::placeholders::_2’
[23.249s]   295 |     _GLIBCXX_PLACEHOLDER const _Placeholder<2> _2;
[23.249s]       |                                                ^~
[23.249s] /usr/include/boost/mpl/aux_/preprocessed/gcc/placeholders.hpp:42:16: note:   ‘mpl_::_2’
[23.249s]    42 | typedef arg<2> _2;
[23.249s]       |                ^~
[23.250s] /usr/include/boost/mp11/bind.hpp:46:7: note:   ‘boost::mp11::_2’
[23.250s]    46 | using _2 = mp_arg<1>;
[23.250s]       |       ^~
[23.250s] /usr/include/boost/mpl/aux_/preprocessed/gcc/placeholders.hpp:42:16: note:   ‘mpl_::_2’
[23.254s]    42 | typedef arg<2> _2;
[23.255s]       |                ^~
[23.255s] /home/neha/ros2_ws/src/semnav_migration/src/navigation_humans.cpp:146:67: error: ‘SemanticMapObjectArray’ is not a member of ‘object_pose_interface_msgs::msg’
[23.255s]   146 |             rclcpp::Subscription<object_pose_interface_msgs::msg::SemanticMapObjectArray>::SharedPtr sub_semantic
[23.255s]       |                                                                   ^~~~~~~~~~~~~~~~~~~~~~
[23.255s] /home/neha/ros2_ws/src/semnav_migration/src/navigation_humans.cpp:146:89: error: template argument 1 is invalid
[23.255s]   146 |             rclcpp::Subscription<object_pose_interface_msgs::msg::SemanticMapObjectArray>::SharedPtr sub_semantic
[23.256s]       |                                                                                         ^
[23.256s] /home/neha/ros2_ws/src/semnav_migration/src/navigation_humans.cpp:146:89: error: template argument 3 is invalid
[23.256s] /home/neha/ros2_ws/src/semnav_migration/src/navigation_humans.cpp:146:89: error: template argument 4 is invalid
[23.256s] /home/neha/ros2_ws/src/semnav_migration/src/navigation_humans.cpp:146:89: error: template argument 5 is invalid
[23.256s] /home/neha/ros2_ws/src/semnav_migration/src/navigation_humans.cpp:146:102: error: expected initializer before ‘sub_semantic’
[23.256s]   146 |             rclcpp::Subscription<object_pose_interface_msgs::msg::SemanticMapObjectArray>::SharedPtr sub_semantic
[23.256s]       |                                                                                                      ^~~~~~~~~~~~
[23.257s] /home/neha/ros2_ws/src/semnav_migration/src/navigation_humans.cpp:150:67: error: ‘SemanticMapObjectArray’ is not a member of ‘object_pose_interface_msgs::msg’
[23.257s]   150 |             rclcpp::Subscription<object_pose_interface_msgs::msg::SemanticMapObjectArray>::SharedPtr sub_semantic
[23.257s]       |                                                                   ^~~~~~~~~~~~~~~~~~~~~~
[23.258s] /home/neha/ros2_ws/src/semnav_migration/src/navigation_humans.cpp:150:89: error: template argument 1 is invalid
[23.258s]   150 |             rclcpp::Subscription<object_pose_interface_msgs::msg::SemanticMapObjectArray>::SharedPtr sub_semantic
[23.258s]       |                                                                                         ^
[23.258s] /home/neha/ros2_ws/src/semnav_migration/src/navigation_humans.cpp:150:89: error: template argument 3 is invalid
[23.259s] /home/neha/ros2_ws/src/semnav_migration/src/navigation_humans.cpp:150:89: error: template argument 4 is invalid
[23.259s] /home/neha/ros2_ws/src/semnav_migration/src/navigation_humans.cpp:150:89: error: template argument 5 is invalid
[23.260s] /home/neha/ros2_ws/src/semnav_migration/src/navigation_humans.cpp:150:102: error: expected initializer before ‘sub_semantic’
[23.260s]   150 |             rclcpp::Subscription<object_pose_interface_msgs::msg::SemanticMapObjectArray>::SharedPtr sub_semantic
[23.260s]       |                                                                                                      ^~~~~~~~~~~~
[23.261s] /home/neha/ros2_ws/src/semnav_migration/src/navigation_humans.cpp:159:45: error: no matching function for call to ‘rclcpp::Duration::Duration(double)’
[23.261s]   159 |                         rclcpp::Duration(5.0).sleep();
[23.261s]       |                                             ^
[23.263s] In file included from /opt/ros/jazzy/include/rclcpp/rclcpp/time.hpp:24,
[23.263s]                  from /opt/ros/jazzy/include/rclcpp/rclcpp/clock.hpp:24,
[23.263s]                  from /opt/ros/jazzy/include/rclcpp/rclcpp/client.hpp:38,
[23.263s]                  from /opt/ros/jazzy/include/rclcpp/rclcpp/callback_group.hpp:24,
[23.263s]                  from /opt/ros/jazzy/include/rclcpp/rclcpp/any_executable.hpp:20:
[23.263s] /opt/ros/jazzy/include/rclcpp/rclcpp/duration.hpp:49:3: note: candidate: ‘template<class Rep, class Period> rclcpp::Duration::Duration(const std::chrono::duration<_Rep1, _Period1>&)’
[23.264s]    49 |   Duration(const std::chrono::duration<Rep, Period> & duration)  // NOLINT(runtime/explicit)
[23.264s]       |   ^~~~~~~~
[23.264s] /opt/ros/jazzy/include/rclcpp/rclcpp/duration.hpp:49:3: note:   template argument deduction/substitution failed:
[23.266s] /home/neha/ros2_ws/src/semnav_migration/src/navigation_humans.cpp:159:45: note:   mismatched types ‘const std::chrono::duration<_Rep1, _Period1>’ and ‘double’
[23.266s]   159 |                         rclcpp::Duration(5.0).sleep();
[23.267s]       |                                             ^
[23.267s] /opt/ros/jazzy/include/rclcpp/rclcpp/duration.hpp:159:3: note: candidate: ‘rclcpp::Duration::Duration()’
[23.267s]   159 |   Duration() = default;
[23.267s]       |   ^~~~~~~~
[23.267s] /opt/ros/jazzy/include/rclcpp/rclcpp/duration.hpp:159:3: note:   candidate expects 0 arguments, 1 provided
[23.267s] /opt/ros/jazzy/include/rclcpp/rclcpp/duration.hpp:62:3: note: candidate: ‘rclcpp::Duration::Duration(const rclcpp::Duration&)’
[23.267s]    62 |   Duration(const Duration & rhs);
[23.267s]       |   ^~~~~~~~
[23.268s] /opt/ros/jazzy/include/rclcpp/rclcpp/duration.hpp:62:29: note:   no known conversion for argument 1 from ‘double’ to ‘const rclcpp::Duration&’
[23.268s]    62 |   Duration(const Duration & rhs);
[23.268s]       |            ~~~~~~~~~~~~~~~~~^~~
[23.270s] /opt/ros/jazzy/include/rclcpp/rclcpp/duration.hpp:60:12: note: candidate: ‘rclcpp::Duration::Duration(const rcl_duration_t&)’
[23.270s]    60 |   explicit Duration(const rcl_duration_t & duration);
[23.271s]       |            ^~~~~~~~
[23.271s] /opt/ros/jazzy/include/rclcpp/rclcpp/duration.hpp:60:44: note:   no known conversion for argument 1 from ‘double’ to ‘const rcl_duration_t&’ {aka ‘const rcl_duration_s&’}
[23.271s]    60 |   explicit Duration(const rcl_duration_t & duration);
[23.271s]       |                     ~~~~~~~~~~~~~~~~~~~~~~~^~~~~~~~
[23.271s] /opt/ros/jazzy/include/rclcpp/rclcpp/duration.hpp:54:3: note: candidate: ‘rclcpp::Duration::Duration(const builtin_interfaces::msg::Duration&)’
[23.271s]    54 |   Duration(const builtin_interfaces::msg::Duration & duration_msg);  // NOLINT(runtime/explicit)
[23.271s]       |   ^~~~~~~~
[23.272s] /opt/ros/jazzy/include/rclcpp/rclcpp/duration.hpp:54:54: note:   no known conversion for argument 1 from ‘double’ to ‘const builtin_interfaces::msg::Duration&’ {aka ‘const builtin_interfaces::msg::Duration_<std::allocator<void> >&’}
[23.272s]    54 |   Duration(const builtin_interfaces::msg::Duration & duration_msg);  // NOLINT(runtime/explicit)
[23.272s]       |            ~~~~~~~~~~~~~~~~~~~~~~~~~~~~~~~~~~~~~~~~~~^~~~~~~~~~~~
[23.272s] /opt/ros/jazzy/include/rclcpp/rclcpp/duration.hpp:43:12: note: candidate: ‘rclcpp::Duration::Duration(std::chrono::nanoseconds)’
[23.274s]    43 |   explicit Duration(std::chrono::nanoseconds nanoseconds);
[23.274s]       |            ^~~~~~~~
[23.275s] /opt/ros/jazzy/include/rclcpp/rclcpp/duration.hpp:43:46: note:   no known conversion for argument 1 from ‘double’ to ‘std::chrono::nanoseconds’ {aka ‘std::chrono::duration<long int, std::ratio<1, 1000000000> >’}
[23.275s]    43 |   explicit Duration(std::chrono::nanoseconds nanoseconds);
[23.275s]       |                     ~~~~~~~~~~~~~~~~~~~~~~~~~^~~~~~~~~~~
[23.275s] /opt/ros/jazzy/include/rclcpp/rclcpp/duration.hpp:40:3: note: candidate: ‘rclcpp::Duration::Duration(int32_t, uint32_t)’
[23.275s]    40 |   Duration(int32_t seconds, uint32_t nanoseconds);
[23.275s]       |   ^~~~~~~~
[23.275s] /opt/ros/jazzy/include/rclcpp/rclcpp/duration.hpp:40:3: note:   candidate expects 2 arguments, 1 provided
[23.276s] /home/neha/ros2_ws/src/semnav_migration/src/navigation_humans.cpp:164:75: error: no matching function for call to ‘rclcpp::executors::MultiThreadedExecutor::MultiThreadedExecutor(int)’
[23.276s]   164 |                         rclcpp::executors::MultiThreadedExecutor spinner(4);
[23.276s]       |                                                                           ^
[23.276s] /opt/ros/jazzy/include/rclcpp/rclcpp/executors/multi_threaded_executor.hpp:55:12: note: candidate: ‘rclcpp::executors::MultiThreadedExecutor::MultiThreadedExecutor(const rclcpp::ExecutorOptions&, size_t, bool, std::chrono::nanoseconds)’
[23.278s]    55 |   explicit MultiThreadedExecutor(
[23.278s]       |            ^~~~~~~~~~~~~~~~~~~~~
[23.279s] /opt/ros/jazzy/include/rclcpp/rclcpp/executors/multi_threaded_executor.hpp:56:37: note:   no known conversion for argument 1 from ‘int’ to ‘const rclcpp::ExecutorOptions&’
[23.279s]    56 |     const rclcpp::ExecutorOptions & options = rclcpp::ExecutorOptions(),
[23.279s]       |     ~~~~~~~~~~~~~~~~~~~~~~~~~~~~~~~~^~~~~~~~~~~~~~~~~~~~~~~~~~~~~~~~~~~
[23.283s] /home/neha/ros2_ws/src/semnav_migration/src/navigation_humans.cpp: In member function ‘void NavigationHumansNode::publish_twist(double, double)’:
[23.284s] /home/neha/ros2_ws/src/semnav_migration/src/navigation_humans.cpp:169:40: error: ‘Twist’ is not a member of ‘geometry_msgs’; did you mean ‘geometry_msgs::msg::Twist’?
[23.284s]   169 |                         geometry_msgs::Twist commandTwist;
[23.284s]       |                                        ^~~~~
[23.284s] In file included from /opt/ros/jazzy/include/geometry_msgs/geometry_msgs/msg/detail/velocity_stamped__struct.hpp:25,
[23.284s]                  from /opt/ros/jazzy/include/geometry_msgs/geometry_msgs/msg/velocity_stamped.hpp:7,
[23.284s]                  from /opt/ros/jazzy/include/tf2/tf2/buffer_core.h:49,
[23.285s]                  from /opt/ros/jazzy/include/tf2_ros/tf2_ros/async_buffer_interface.h:39,
[23.285s]                  from /opt/ros/jazzy/include/tf2_ros/tf2_ros/buffer.h:42,
[23.285s]                  from /home/neha/ros2_ws/src/semnav_migration/include/reactive_planner_lib.h:40:
[23.285s] /opt/ros/jazzy/include/geometry_msgs/geometry_msgs/msg/detail/twist__struct.hpp:137:7: note: ‘geometry_msgs::msg::Twist’ declared here
[23.287s]   137 | using Twist =
[23.287s]       |       ^~~~~
[23.361s] /home/neha/ros2_ws/src/semnav_migration/src/navigation_humans.cpp:170:25: error: ‘commandTwist’ was not declared in this scope
[23.361s]   170 |                         commandTwist.linear.x = LinearCmd;
[23.361s]       |                         ^~~~~~~~~~~~
[23.362s] /home/neha/ros2_ws/src/semnav_migration/src/navigation_humans.cpp:172:36: error: request for member ‘publish’ in ‘((NavigationHumansNode*)this)->NavigationHumansNode::pub_twist_’, which is of non-class type ‘int’
[23.362s]   172 |                         pub_twist_.publish(commandTwist);
[23.362s]       |                                    ^~~~~~~
[23.367s] /home/neha/ros2_ws/src/semnav_migration/src/navigation_humans.cpp: In member function ‘void NavigationHumansNode::publish_behavior_id(uint16_t)’:
[23.367s] /home/neha/ros2_ws/src/semnav_migration/src/navigation_humans.cpp:177:35: error: ‘UInt32’ is not a member of ‘std_msgs’; did you mean ‘example_interfaces::msg::UInt32’?
[23.367s]   177 |                         std_msgs::UInt32 commandId;
[23.367s]       |                                   ^~~~~~
[23.369s] /opt/ros/jazzy/include/example_interfaces/example_interfaces/msg/detail/u_int32__struct.hpp:125:7: note: ‘example_interfaces::msg::UInt32’ declared here
[23.370s]   125 | using UInt32 =
[23.370s]       |       ^~~~~~
[23.420s] /home/neha/ros2_ws/src/semnav_migration/src/navigation_humans.cpp:178:25: error: ‘commandId’ was not declared in this scope
[23.420s]   178 |                         commandId.data = BehaviorIdCmd;
[23.420s]       |                         ^~~~~~~~~
[23.421s] /home/neha/ros2_ws/src/semnav_migration/src/navigation_humans.cpp:179:41: error: request for member ‘publish’ in ‘((NavigationHumansNode*)this)->NavigationHumansNode::pub_behaviorID_’, which is of non-class type ‘int’
[23.421s]   179 |                         pub_behaviorID_.publish(commandId);
[23.421s]       |                                         ^~~~~~~
[23.426s] /home/neha/ros2_ws/src/semnav_migration/src/navigation_humans.cpp: In member function ‘void NavigationHumansNode::publish_behavior_mode(uint16_t)’:
[23.426s] /home/neha/ros2_ws/src/semnav_migration/src/navigation_humans.cpp:184:35: error: ‘UInt32’ is not a member of ‘std_msgs’; did you mean ‘example_interfaces::msg::UInt32’?
[23.426s]   184 |                         std_msgs::UInt32 commandMode;
[23.426s]       |                                   ^~~~~~
[23.428s] /opt/ros/jazzy/include/example_interfaces/example_interfaces/msg/detail/u_int32__struct.hpp:125:7: note: ‘example_interfaces::msg::UInt32’ declared here
[23.428s]   125 | using UInt32 =
[23.429s]       |       ^~~~~~
[23.494s] /home/neha/ros2_ws/src/semnav_migration/src/navigation_humans.cpp:185:25: error: ‘commandMode’ was not declared in this scope
[23.495s]   185 |                         commandMode.data = BehaviorModeCmd;
[23.495s]       |                         ^~~~~~~~~~~
[23.496s] /home/neha/ros2_ws/src/semnav_migration/src/navigation_humans.cpp:186:43: error: request for member ‘publish’ in ‘((NavigationHumansNode*)this)->NavigationHumansNode::pub_behaviorMode_’, which is of non-class type ‘int’
[23.496s]   186 |                         pub_behaviorMode_.publish(commandMode);
[23.497s]       |                                           ^~~~~~~
[23.559s] /home/neha/ros2_ws/src/semnav_migration/src/navigation_humans.cpp: In member function ‘void NavigationHumansNode::human_update(const object_pose_interface_msgs::msg::KeypointDetections3D_<std::allocator<void> >::ConstPtr&)’:
[23.560s] /home/neha/ros2_ws/src/semnav_migration/src/navigation_humans.cpp:267:64: error: ‘PointStamped’ is not a member of ‘geometry_msgs’
[23.560s]   267 |                                                 geometry_msgs::PointStamped pointCamera, pointMap;
[23.560s]       |                                                                ^~~~~~~~~~~~
[23.626s] /home/neha/ros2_ws/src/semnav_migration/src/navigation_humans.cpp:268:49: error: ‘pointCamera’ was not declared in this scope
[23.626s]   268 |                                                 pointCamera.header.stamp = human_data->header.stamp;
[23.626s]       |                                                 ^~~~~~~~~~~
[23.627s] /home/neha/ros2_ws/src/semnav_migration/src/navigation_humans.cpp:268:95: error: ‘const object_pose_interface_msgs::msg::KeypointDetections3D_<std::allocator<void> >::_header_type’ {aka ‘const struct builtin_interfaces::msg::Time_<std::allocator<void> >’} has no member named ‘stamp’
[23.627s]   268 |                                                 pointCamera.header.stamp = human_data->header.stamp;
[23.627s]       |                                                                                               ^~~~~
[23.678s] /home/neha/ros2_ws/src/semnav_migration/src/navigation_humans.cpp:274:57: error: ‘listener_’ was not declared in this scope
[23.679s]   274 |                                                         listener_.waitForTransform(world_frame_id_, rclcpp::Time(0), camera_optical_frame_id_, human_data->header.stamp, world_frame_id_, rclcpp::Duration(1.0));
[23.679s]       |                                                         ^~~~~~~~~
[23.680s] /home/neha/ros2_ws/src/semnav_migration/src/navigation_humans.cpp:274:163: error: ‘const object_pose_interface_msgs::msg::KeypointDetections3D_<std::allocator<void> >::_header_type’ {aka ‘const struct builtin_interfaces::msg::Time_<std::allocator<void> >’} has no member named ‘stamp’
[23.680s]   274 |                                                         listener_.waitForTransform(world_frame_id_, rclcpp::Time(0), camera_optical_frame_id_, human_data->header.stamp, world_frame_id_, rclcpp::Duration(1.0));
[23.680s]       |                                                                                                                                                                   ^~~~~
[23.680s] /home/neha/ros2_ws/src/semnav_migration/src/navigation_humans.cpp:274:207: error: no matching function for call to ‘rclcpp::Duration::Duration(double)’
[23.680s]   274 |                                                         listener_.waitForTransform(world_frame_id_, rclcpp::Time(0), camera_optical_frame_id_, human_data->header.stamp, world_frame_id_, rclcpp::Duration(1.0));
[23.681s]       |                                                                                                                                                                                                               ^
[23.681s] /opt/ros/jazzy/include/rclcpp/rclcpp/duration.hpp:49:3: note: candidate: ‘template<class Rep, class Period> rclcpp::Duration::Duration(const std::chrono::duration<_Rep1, _Period1>&)’
[23.681s]    49 |   Duration(const std::chrono::duration<Rep, Period> & duration)  // NOLINT(runtime/explicit)
[23.681s]       |   ^~~~~~~~
[23.684s] /opt/ros/jazzy/include/rclcpp/rclcpp/duration.hpp:49:3: note:   template argument deduction/substitution failed:
[23.684s] /home/neha/ros2_ws/src/semnav_migration/src/navigation_humans.cpp:274:207: note:   mismatched types ‘const std::chrono::duration<_Rep1, _Period1>’ and ‘double’
[23.685s]   274 |                                                         listener_.waitForTransform(world_frame_id_, rclcpp::Time(0), camera_optical_frame_id_, human_data->header.stamp, world_frame_id_, rclcpp::Duration(1.0));
[23.685s]       |                                                                                                                                                                                                               ^
[23.685s] /opt/ros/jazzy/include/rclcpp/rclcpp/duration.hpp:159:3: note: candidate: ‘rclcpp::Duration::Duration()’
[23.685s]   159 |   Duration() = default;
[23.685s]       |   ^~~~~~~~
[23.685s] /opt/ros/jazzy/include/rclcpp/rclcpp/duration.hpp:159:3: note:   candidate expects 0 arguments, 1 provided
[23.685s] /opt/ros/jazzy/include/rclcpp/rclcpp/duration.hpp:62:3: note: candidate: ‘rclcpp::Duration::Duration(const rclcpp::Duration&)’
[23.686s]    62 |   Duration(const Duration & rhs);
[23.686s]       |   ^~~~~~~~
[23.686s] /opt/ros/jazzy/include/rclcpp/rclcpp/duration.hpp:62:29: note:   no known conversion for argument 1 from ‘double’ to ‘const rclcpp::Duration&’
[23.688s]    62 |   Duration(const Duration & rhs);
[23.688s]       |            ~~~~~~~~~~~~~~~~~^~~
[23.688s] /opt/ros/jazzy/include/rclcpp/rclcpp/duration.hpp:60:12: note: candidate: ‘rclcpp::Duration::Duration(const rcl_duration_t&)’
[23.689s]    60 |   explicit Duration(const rcl_duration_t & duration);
[23.689s]       |            ^~~~~~~~
[23.689s] /opt/ros/jazzy/include/rclcpp/rclcpp/duration.hpp:60:44: note:   no known conversion for argument 1 from ‘double’ to ‘const rcl_duration_t&’ {aka ‘const rcl_duration_s&’}
[23.689s]    60 |   explicit Duration(const rcl_duration_t & duration);
[23.689s]       |                     ~~~~~~~~~~~~~~~~~~~~~~~^~~~~~~~
[23.689s] /opt/ros/jazzy/include/rclcpp/rclcpp/duration.hpp:54:3: note: candidate: ‘rclcpp::Duration::Duration(const builtin_interfaces::msg::Duration&)’
[23.689s]    54 |   Duration(const builtin_interfaces::msg::Duration & duration_msg);  // NOLINT(runtime/explicit)
[23.689s]       |   ^~~~~~~~
[23.690s] /opt/ros/jazzy/include/rclcpp/rclcpp/duration.hpp:54:54: note:   no known conversion for argument 1 from ‘double’ to ‘const builtin_interfaces::msg::Duration&’ {aka ‘const builtin_interfaces::msg::Duration_<std::allocator<void> >&’}
[23.690s]    54 |   Duration(const builtin_interfaces::msg::Duration & duration_msg);  // NOLINT(runtime/explicit)
[23.690s]       |            ~~~~~~~~~~~~~~~~~~~~~~~~~~~~~~~~~~~~~~~~~~^~~~~~~~~~~~
[23.692s] /opt/ros/jazzy/include/rclcpp/rclcpp/duration.hpp:43:12: note: candidate: ‘rclcpp::Duration::Duration(std::chrono::nanoseconds)’
[23.692s]    43 |   explicit Duration(std::chrono::nanoseconds nanoseconds);
[23.692s]       |            ^~~~~~~~
[23.693s] /opt/ros/jazzy/include/rclcpp/rclcpp/duration.hpp:43:46: note:   no known conversion for argument 1 from ‘double’ to ‘std::chrono::nanoseconds’ {aka ‘std::chrono::duration<long int, std::ratio<1, 1000000000> >’}
[23.693s]    43 |   explicit Duration(std::chrono::nanoseconds nanoseconds);
[23.693s]       |                     ~~~~~~~~~~~~~~~~~~~~~~~~~^~~~~~~~~~~
[23.693s] /opt/ros/jazzy/include/rclcpp/rclcpp/duration.hpp:40:3: note: candidate: ‘rclcpp::Duration::Duration(int32_t, uint32_t)’
[23.693s]    40 |   Duration(int32_t seconds, uint32_t nanoseconds);
[23.693s]       |   ^~~~~~~~
[23.693s] /opt/ros/jazzy/include/rclcpp/rclcpp/duration.hpp:40:3: note:   candidate expects 2 arguments, 1 provided
[23.731s] /home/neha/ros2_ws/src/semnav_migration/src/navigation_humans.cpp:275:146: error: ‘pointMap’ was not declared in this scope; did you mean ‘point’?
[23.731s]   275 |                                                         listener_.transformPoint(world_frame_id_, rclcpp::Time(0), pointCamera, world_frame_id_, pointMap);
[23.731s]       |                                                                                                                                                  ^~~~~~~~
[23.731s]       |                                                                                                                                                  point
[23.733s] /home/neha/ros2_ws/src/semnav_migration/src/navigation_humans.cpp:276:100: error: ‘TransformException’ in ‘class rclcpp::executors::MultiThreadedExecutor’ does not name a type
[23.733s]   276 |                                                 } catch (rclcpp::executors::MultiThreadedExecutor::TransformException &ex) {
[23.734s]       |                                                                                                    ^~~~~~~~~~~~~~~~~~
[23.768s] /home/neha/ros2_ws/src/semnav_migration/src/navigation_humans.cpp:277:72: error: ‘ex’ was not declared in this scope; did you mean ‘exp’?
[23.768s]   277 |                                                         ROS_ERROR("%s",ex.what());
[23.769s]       |                                                                        ^~
[23.769s]       |                                                                        exp
[23.819s] /home/neha/ros2_ws/src/semnav_migration/src/navigation_humans.cpp:277:57: error: ‘ROS_ERROR’ was not declared in this scope
[23.819s]   277 |                                                         ROS_ERROR("%s",ex.what());
[23.819s]       |                                                         ^~~~~~~~~
[23.862s] /home/neha/ros2_ws/src/semnav_migration/src/navigation_humans.cpp:280:67: error: ‘pointMap’ was not declared in this scope; did you mean ‘point’?
[23.863s]   280 |                                                 human_x.push_back(pointMap.point.x);
[23.863s]       |                                                                   ^~~~~~~~
[23.863s]       |                                                                   point
[23.870s] /home/neha/ros2_ws/src/semnav_migration/src/navigation_humans.cpp: In member function ‘void NavigationHumansNode::control_callback(const sensor_msgs::msg::LaserScan_<std::allocator<void> >::ConstPtr&, const nav_msgs::msg::Odometry_<std::allocator<void> >::ConstPtr&)’:
[23.870s] /home/neha/ros2_ws/src/semnav_migration/src/navigation_humans.cpp:441:40: error: ‘PoseStamped’ is not a member of ‘geometry_msgs’
[23.870s]   441 |                         geometry_msgs::PoseStamped odomPose, mapPose;
[23.870s]       |                                        ^~~~~~~~~~~
[23.919s] /home/neha/ros2_ws/src/semnav_migration/src/navigation_humans.cpp:442:25: error: ‘odomPose’ was not declared in this scope
[23.919s]   442 |                         odomPose.header.stamp = rclcpp::Time(0);
[23.919s]       |                         ^~~~~~~~
[23.971s] /home/neha/ros2_ws/src/semnav_migration/src/navigation_humans.cpp:446:33: error: ‘listener_’ was not declared in this scope
[23.972s]   446 |                                 listener_.waitForTransform(world_frame_id_, odom_frame_id_, rclcpp::Time(0), rclcpp::Duration(1.0));
[23.972s]       |                                 ^~~~~~~~~
[23.972s] /home/neha/ros2_ws/src/semnav_migration/src/navigation_humans.cpp:446:130: error: no matching function for call to ‘rclcpp::Duration::Duration(double)’
[23.973s]   446 |                                 listener_.waitForTransform(world_frame_id_, odom_frame_id_, rclcpp::Time(0), rclcpp::Duration(1.0));
[23.973s]       |                                                                                                                                  ^
[23.976s] /opt/ros/jazzy/include/rclcpp/rclcpp/duration.hpp:49:3: note: candidate: ‘template<class Rep, class Period> rclcpp::Duration::Duration(const std::chrono::duration<_Rep1, _Period1>&)’
[23.976s]    49 |   Duration(const std::chrono::duration<Rep, Period> & duration)  // NOLINT(runtime/explicit)
[23.976s]       |   ^~~~~~~~
[23.976s] /opt/ros/jazzy/include/rclcpp/rclcpp/duration.hpp:49:3: note:   template argument deduction/substitution failed:
[23.976s] /home/neha/ros2_ws/src/semnav_migration/src/navigation_humans.cpp:446:130: note:   mismatched types ‘const std::chrono::duration<_Rep1, _Period1>’ and ‘double’
[23.976s]   446 |                                 listener_.waitForTransform(world_frame_id_, odom_frame_id_, rclcpp::Time(0), rclcpp::Duration(1.0));
[23.977s]       |                                                                                                                                  ^
[23.977s] /opt/ros/jazzy/include/rclcpp/rclcpp/duration.hpp:159:3: note: candidate: ‘rclcpp::Duration::Duration()’
[23.977s]   159 |   Duration() = default;
[23.977s]       |   ^~~~~~~~
[23.979s] /opt/ros/jazzy/include/rclcpp/rclcpp/duration.hpp:159:3: note:   candidate expects 0 arguments, 1 provided
[23.979s] /opt/ros/jazzy/include/rclcpp/rclcpp/duration.hpp:62:3: note: candidate: ‘rclcpp::Duration::Duration(const rclcpp::Duration&)’
[23.980s]    62 |   Duration(const Duration & rhs);
[23.980s]       |   ^~~~~~~~
[23.980s] /opt/ros/jazzy/include/rclcpp/rclcpp/duration.hpp:62:29: note:   no known conversion for argument 1 from ‘double’ to ‘const rclcpp::Duration&’
[23.980s]    62 |   Duration(const Duration & rhs);
[23.980s]       |            ~~~~~~~~~~~~~~~~~^~~
[23.980s] /opt/ros/jazzy/include/rclcpp/rclcpp/duration.hpp:60:12: note: candidate: ‘rclcpp::Duration::Duration(const rcl_duration_t&)’
[23.980s]    60 |   explicit Duration(const rcl_duration_t & duration);
[23.980s]       |            ^~~~~~~~
[23.981s] /opt/ros/jazzy/include/rclcpp/rclcpp/duration.hpp:60:44: note:   no known conversion for argument 1 from ‘double’ to ‘const rcl_duration_t&’ {aka ‘const rcl_duration_s&’}
[23.981s]    60 |   explicit Duration(const rcl_duration_t & duration);
[23.981s]       |                     ~~~~~~~~~~~~~~~~~~~~~~~^~~~~~~~
[23.983s] /opt/ros/jazzy/include/rclcpp/rclcpp/duration.hpp:54:3: note: candidate: ‘rclcpp::Duration::Duration(const builtin_interfaces::msg::Duration&)’
[23.983s]    54 |   Duration(const builtin_interfaces::msg::Duration & duration_msg);  // NOLINT(runtime/explicit)
[23.983s]       |   ^~~~~~~~
[23.984s] /opt/ros/jazzy/include/rclcpp/rclcpp/duration.hpp:54:54: note:   no known conversion for argument 1 from ‘double’ to ‘const builtin_interfaces::msg::Duration&’ {aka ‘const builtin_interfaces::msg::Duration_<std::allocator<void> >&’}
[23.984s]    54 |   Duration(const builtin_interfaces::msg::Duration & duration_msg);  // NOLINT(runtime/explicit)
[23.984s]       |            ~~~~~~~~~~~~~~~~~~~~~~~~~~~~~~~~~~~~~~~~~~^~~~~~~~~~~~
[23.984s] /opt/ros/jazzy/include/rclcpp/rclcpp/duration.hpp:43:12: note: candidate: ‘rclcpp::Duration::Duration(std::chrono::nanoseconds)’
[23.984s]    43 |   explicit Duration(std::chrono::nanoseconds nanoseconds);
[23.984s]       |            ^~~~~~~~
[23.984s] /opt/ros/jazzy/include/rclcpp/rclcpp/duration.hpp:43:46: note:   no known conversion for argument 1 from ‘double’ to ‘std::chrono::nanoseconds’ {aka ‘std::chrono::duration<long int, std::ratio<1, 1000000000> >’}
[23.985s]    43 |   explicit Duration(std::chrono::nanoseconds nanoseconds);
[23.985s]       |                     ~~~~~~~~~~~~~~~~~~~~~~~~~^~~~~~~~~~~
[23.985s] /opt/ros/jazzy/include/rclcpp/rclcpp/duration.hpp:40:3: note: candidate: ‘rclcpp::Duration::Duration(int32_t, uint32_t)’
[23.985s]    40 |   Duration(int32_t seconds, uint32_t nanoseconds);
[23.987s]       |   ^~~~~~~~
[23.987s] /opt/ros/jazzy/include/rclcpp/rclcpp/duration.hpp:40:3: note:   candidate expects 2 arguments, 1 provided
[24.020s] /home/neha/ros2_ws/src/semnav_migration/src/navigation_humans.cpp:447:84: error: ‘mapPose’ was not declared in this scope
[24.021s]   447 |                                 listener_.transformPose(world_frame_id_, odomPose, mapPose);
[24.021s]       |                                                                                    ^~~~~~~
[24.071s] /home/neha/ros2_ws/src/semnav_migration/src/navigation_humans.cpp:449:33: error: ‘ROS_ERROR’ was not declared in this scope
[24.071s]   449 |                                 ROS_ERROR("%s",ex.what());
[24.071s]       |                                 ^~~~~~~~~
[24.112s] /home/neha/ros2_ws/src/semnav_migration/src/navigation_humans.cpp:454:68: error: ‘mapPose’ was not declared in this scope
[24.113s]   454 |                         tf2::Quaternion rotation = tf2::Quaternion(mapPose.pose.orientation.x,
[24.113s]       |                                                                    ^~~~~~~
[24.223s] /home/neha/ros2_ws/src/semnav_migration/src/navigation_humans.cpp:586:25: error: ‘ROS_INFO_STREAM’ was not declared in this scope; did you mean ‘RCLCPP_INFO_STREAM’?
[24.223s]   586 |                         ROS_INFO_STREAM("[Navigation] Computed linear local goal.");
[24.223s]       |                         ^~~~~~~~~~~~~~~
[24.223s]       |                         RCLCPP_INFO_STREAM
[24.227s] /home/neha/ros2_ws/src/semnav_migration/src/navigation_humans.cpp:623:53: error: no matching function for call to ‘rclcpp::Duration::Duration(double)’
[24.228s]   623 |                                 rclcpp::Duration(5.0).sleep();
[24.228s]       |                                                     ^
[24.230s] /opt/ros/jazzy/include/rclcpp/rclcpp/duration.hpp:49:3: note: candidate: ‘template<class Rep, class Period> rclcpp::Duration::Duration(const std::chrono::duration<_Rep1, _Period1>&)’
[24.231s]    49 |   Duration(const std::chrono::duration<Rep, Period> & duration)  // NOLINT(runtime/explicit)
[24.231s]       |   ^~~~~~~~
[24.231s] /opt/ros/jazzy/include/rclcpp/rclcpp/duration.hpp:49:3: note:   template argument deduction/substitution failed:
[24.231s] /home/neha/ros2_ws/src/semnav_migration/src/navigation_humans.cpp:623:53: note:   mismatched types ‘const std::chrono::duration<_Rep1, _Period1>’ and ‘double’
[24.232s]   623 |                                 rclcpp::Duration(5.0).sleep();
[24.232s]       |                                                     ^
[24.232s] /opt/ros/jazzy/include/rclcpp/rclcpp/duration.hpp:159:3: note: candidate: ‘rclcpp::Duration::Duration()’
[24.232s]   159 |   Duration() = default;
[24.232s]       |   ^~~~~~~~
[24.232s] /opt/ros/jazzy/include/rclcpp/rclcpp/duration.hpp:159:3: note:   candidate expects 0 arguments, 1 provided
[24.232s] /opt/ros/jazzy/include/rclcpp/rclcpp/duration.hpp:62:3: note: candidate: ‘rclcpp::Duration::Duration(const rclcpp::Duration&)’
[24.233s]    62 |   Duration(const Duration & rhs);
[24.233s]       |   ^~~~~~~~
[24.233s] /opt/ros/jazzy/include/rclcpp/rclcpp/duration.hpp:62:29: note:   no known conversion for argument 1 from ‘double’ to ‘const rclcpp::Duration&’
[24.233s]    62 |   Duration(const Duration & rhs);
[24.235s]       |            ~~~~~~~~~~~~~~~~~^~~
[24.235s] /opt/ros/jazzy/include/rclcpp/rclcpp/duration.hpp:60:12: note: candidate: ‘rclcpp::Duration::Duration(const rcl_duration_t&)’
[24.235s]    60 |   explicit Duration(const rcl_duration_t & duration);
[24.236s]       |            ^~~~~~~~
[24.236s] /opt/ros/jazzy/include/rclcpp/rclcpp/duration.hpp:60:44: note:   no known conversion for argument 1 from ‘double’ to ‘const rcl_duration_t&’ {aka ‘const rcl_duration_s&’}
[24.236s]    60 |   explicit Duration(const rcl_duration_t & duration);
[24.236s]       |                     ~~~~~~~~~~~~~~~~~~~~~~~^~~~~~~~
[24.236s] /opt/ros/jazzy/include/rclcpp/rclcpp/duration.hpp:54:3: note: candidate: ‘rclcpp::Duration::Duration(const builtin_interfaces::msg::Duration&)’
[24.236s]    54 |   Duration(const builtin_interfaces::msg::Duration & duration_msg);  // NOLINT(runtime/explicit)
[24.236s]       |   ^~~~~~~~
[24.237s] /opt/ros/jazzy/include/rclcpp/rclcpp/duration.hpp:54:54: note:   no known conversion for argument 1 from ‘double’ to ‘const builtin_interfaces::msg::Duration&’ {aka ‘const builtin_interfaces::msg::Duration_<std::allocator<void> >&’}
[24.237s]    54 |   Duration(const builtin_interfaces::msg::Duration & duration_msg);  // NOLINT(runtime/explicit)
[24.237s]       |            ~~~~~~~~~~~~~~~~~~~~~~~~~~~~~~~~~~~~~~~~~~^~~~~~~~~~~~
[24.239s] /opt/ros/jazzy/include/rclcpp/rclcpp/duration.hpp:43:12: note: candidate: ‘rclcpp::Duration::Duration(std::chrono::nanoseconds)’
[24.239s]    43 |   explicit Duration(std::chrono::nanoseconds nanoseconds);
[24.239s]       |            ^~~~~~~~
[24.240s] /opt/ros/jazzy/include/rclcpp/rclcpp/duration.hpp:43:46: note:   no known conversion for argument 1 from ‘double’ to ‘std::chrono::nanoseconds’ {aka ‘std::chrono::duration<long int, std::ratio<1, 1000000000> >’}
[24.240s]    43 |   explicit Duration(std::chrono::nanoseconds nanoseconds);
[24.240s]       |                     ~~~~~~~~~~~~~~~~~~~~~~~~~^~~~~~~~~~~
[24.240s] /opt/ros/jazzy/include/rclcpp/rclcpp/duration.hpp:40:3: note: candidate: ‘rclcpp::Duration::Duration(int32_t, uint32_t)’
[24.240s]    40 |   Duration(int32_t seconds, uint32_t nanoseconds);
[24.240s]       |   ^~~~~~~~
[24.240s] /opt/ros/jazzy/include/rclcpp/rclcpp/duration.hpp:40:3: note:   candidate expects 2 arguments, 1 provided
[24.332s] /home/neha/ros2_ws/src/semnav_migration/src/navigation_humans.cpp:626:33: error: ‘ROS_WARN_STREAM’ was not declared in this scope; did you mean ‘RCLCPP_WARN_STREAM’?
[24.333s]   626 |                                 ROS_WARN_STREAM("[Navigation] Successfully navigated to goal and stopped...");
[24.333s]       |                                 ^~~~~~~~~~~~~~~
[24.333s]       |                                 RCLCPP_WARN_STREAM
[24.340s] /home/neha/ros2_ws/src/semnav_migration/src/navigation_humans.cpp:649:75: error: invalid operands of types ‘const char [32]’ and ‘double’ to binary ‘operator<<’
[24.340s]   649 |                         ROS_WARN_STREAM("[Navigation] Linear command is " << LinearCmd << " and angular command is " << AngularCmd);
[24.341s]       |                                         ~~~~~~~~~~~~~~~~~~~~~~~~~~~~~~~~~ ^~ ~~~~~~~~~
[24.341s]       |                                         |                                    |
[24.341s]       |                                         const char [32]                      double
[24.441s] /home/neha/ros2_ws/src/semnav_migration/src/navigation_humans.cpp:649:25: error: ‘ROS_WARN_STREAM’ was not declared in this scope; did you mean ‘RCLCPP_WARN_STREAM’?
[24.441s]   649 |                         ROS_WARN_STREAM("[Navigation] Linear command is " << LinearCmd << " and angular command is " << AngularCmd);
[24.441s]       |                         ^~~~~~~~~~~~~~~
[24.441s]       |                         RCLCPP_WARN_STREAM
[24.441s] /home/neha/ros2_ws/src/semnav_migration/src/navigation_humans.cpp:650:76: error: invalid operands of types ‘const char [33]’ and ‘int’ to binary ‘operator<<’
[24.441s]   650 |                         ROS_WARN_STREAM("[Navigation] Command update for " << int(localDiffeoTreeArray.size()) << " polygons in " << rclcpp::Time::now().toSec()-before_time << " seconds.");
[24.441s]       |                                         ~~~~~~~~~~~~~~~~~~~~~~~~~~~~~~~~~~ ^~ ~~~~~~~~~~~~~~~~~~~~~~~~~~~~~~~~
[24.442s]       |                                         |                                     |
[24.442s]       |                                         const char [33]                       int
[24.442s] /home/neha/ros2_ws/src/semnav_migration/src/navigation_humans.cpp:650:148: error: ‘now’ is not a member of ‘rclcpp::Time’
[24.442s]   650 |                         ROS_WARN_STREAM("[Navigation] Command update for " << int(localDiffeoTreeArray.size()) << " polygons in " << rclcpp::Time::now().toSec()-before_time << " seconds.");
[24.442s]       |                                                                                                                                                    ^~~
[24.444s] /home/neha/ros2_ws/src/semnav_migration/src/navigation_humans.cpp: In function ‘int main(int, char**)’:
[24.444s] /home/neha/ros2_ws/src/semnav_migration/src/navigation_humans.cpp:728:9: error: ‘ros’ has not been declared
[24.444s]   728 |         ros::init(argc, argv, "navigation_humans");
[24.444s]       |         ^~~
[24.445s] /home/neha/ros2_ws/src/semnav_migration/src/navigation_humans.cpp:734:54: error: no matching function for call to ‘NavigationHumansNode::NavigationHumansNode(rclcpp::Node*)’
[24.446s]   734 |         NavigationHumansNode navigationHumansNode(&nh);
[24.446s]       |                                                      ^
[24.448s] /home/neha/ros2_ws/src/semnav_migration/src/navigation_humans.cpp:44:9: note: candidate: ‘NavigationHumansNode::NavigationHumansNode()’
[24.449s]    44 |         NavigationHumansNode() : Node("navigation humans node") {
[24.449s]       |         ^~~~~~~~~~~~~~~~~~~~
[24.449s] /home/neha/ros2_ws/src/semnav_migration/src/navigation_humans.cpp:44:9: note:   candidate expects 0 arguments, 1 provided
[27.405s] gmake[2]: *** [CMakeFiles/human_following.dir/build.make:76: CMakeFiles/human_following.dir/src/human_following.cpp.o] Error 1
[27.405s] gmake[1]: *** [CMakeFiles/Makefile2:259: CMakeFiles/human_following.dir/all] Error 2
[27.406s] gmake[1]: *** Waiting for unfinished jobs....
[33.665s] gmake[2]: *** [CMakeFiles/navigation_humans.dir/build.make:76: CMakeFiles/navigation_humans.dir/src/navigation_humans.cpp.o] Error 1
[33.665s] gmake[1]: *** [CMakeFiles/Makefile2:233: CMakeFiles/navigation_humans.dir/all] Error 2
[33.666s] gmake: *** [Makefile:146: all] Error 2
[33.669s] Invoked command in '/home/neha/ros2_ws/src/semnav_migration/build/semnav' returned '2': CMAKE_PREFIX_PATH=${CMAKE_PREFIX_PATH}:/opt/ros/jazzy DEBUGINFOD_URLS=https://debuginfod.ubuntu.com /usr/bin/cmake --build /home/neha/ros2_ws/src/semnav_migration/build/semnav -- -j2 -l2
