[0.028s] Invoking command in '/home/neha/ros2_ws/src/semnav_migration/build/semnav': CMAKE_PREFIX_PATH=${CMAKE_PREFIX_PATH}:/opt/ros/jazzy DEBUGINFOD_URLS=https://debuginfod.ubuntu.com /usr/bin/cmake --build /home/neha/ros2_ws/src/semnav_migration/build/semnav -- -j2 -l2
[0.196s] [ 14%] Built target reactive_planner
[0.339s] [ 23%] Building CXX object CMakeFiles/navigation_semantic.dir/src/navigation_semantic.cpp.o
[0.339s] [ 23%] Building CXX object CMakeFiles/navigation.dir/src/navigation.cpp.o
[22.194s] /home/neha/ros2_ws/src/semnav_migration/src/navigation_semantic.cpp:46:13: error: extra qualification ‘SemanticNavigationNode::’ on member ‘SemanticNavigationNode’ [-fpermissive]
[22.194s]    46 |             SemanticNavigationNode::SemanticNavigationNode() : Node("semantic_navigation_node") {
[22.195s]       |             ^~~~~~~~~~~~~~~~~~~~~~
[22.240s] /home/neha/ros2_ws/src/semnav_migration/src/navigation_semantic.cpp: In constructor ‘SemanticNavigationNode::SemanticNavigationNode()’:
[22.240s] /home/neha/ros2_ws/src/semnav_migration/src/navigation_semantic.cpp:46:95: error: no matching function for call to ‘rclcpp::Node::Node()’
[22.240s]    46 |             SemanticNavigationNode::SemanticNavigationNode() : Node("semantic_navigation_node") {
[22.240s]       |                                                                                               ^
[22.242s] In file included from /opt/ros/jazzy/include/rclcpp/rclcpp/executors/single_threaded_executor.hpp:28,
[22.242s]                  from /opt/ros/jazzy/include/rclcpp/rclcpp/executors.hpp:22,
[22.242s]                  from /opt/ros/jazzy/include/rclcpp/rclcpp/rclcpp.hpp:172,
[22.242s]                  from /home/neha/ros2_ws/src/semnav_migration/include/reactive_planner_lib.h:32,
[22.242s]                  from /home/neha/ros2_ws/src/semnav_migration/src/navigation_semantic.cpp:25:
[22.242s] /opt/ros/jazzy/include/rclcpp/rclcpp/node.hpp:1629:3: note: candidate: ‘rclcpp::Node::Node(const rclcpp::Node&, const std::string&)’
[22.243s]  1629 |   Node(
[22.243s]       |   ^~~~
[22.243s] /opt/ros/jazzy/include/rclcpp/rclcpp/node.hpp:1629:3: note:   candidate expects 2 arguments, 0 provided
[22.243s] /opt/ros/jazzy/include/rclcpp/rclcpp/node.hpp:103:12: note: candidate: ‘rclcpp::Node::Node(const std::string&, const std::string&, const rclcpp::NodeOptions&)’
[22.243s]   103 |   explicit Node(
[22.243s]       |            ^~~~
[22.246s] /opt/ros/jazzy/include/rclcpp/rclcpp/node.hpp:103:12: note:   candidate expects 3 arguments, 0 provided
[22.246s] /opt/ros/jazzy/include/rclcpp/rclcpp/node.hpp:91:12: note: candidate: ‘rclcpp::Node::Node(const std::string&, const rclcpp::NodeOptions&)’
[22.246s]    91 |   explicit Node(
[22.246s]       |            ^~~~
[22.246s] /opt/ros/jazzy/include/rclcpp/rclcpp/node.hpp:91:12: note:   candidate expects 2 arguments, 0 provided
[22.353s] /home/neha/ros2_ws/src/semnav_migration/src/navigation.cpp:46:13: error: extra qualification ‘NavigationNode::’ on member ‘NavigationNode’ [-fpermissive]
[22.354s]    46 |             NavigationNode::NavigationNode() : rclcpp::Node(std::string("navigation_node")) {
[22.354s]       |             ^~~~~~~~~~~~~~
[22.401s] /home/neha/ros2_ws/src/semnav_migration/src/navigation.cpp: In constructor ‘NavigationNode::NavigationNode()’:
[22.401s] /home/neha/ros2_ws/src/semnav_migration/src/navigation.cpp:46:91: error: no matching function for call to ‘rclcpp::Node::Node()’
[22.401s]    46 |             NavigationNode::NavigationNode() : rclcpp::Node(std::string("navigation_node")) {
[22.401s]       |                                                                                           ^
[22.402s] In file included from /opt/ros/jazzy/include/rclcpp/rclcpp/executors/single_threaded_executor.hpp:28,
[22.402s]                  from /opt/ros/jazzy/include/rclcpp/rclcpp/executors.hpp:22,
[22.402s]                  from /opt/ros/jazzy/include/rclcpp/rclcpp/rclcpp.hpp:172,
[22.402s]                  from /home/neha/ros2_ws/src/semnav_migration/include/reactive_planner_lib.h:32,
[22.402s]                  from /home/neha/ros2_ws/src/semnav_migration/src/navigation.cpp:25:
[22.402s] /opt/ros/jazzy/include/rclcpp/rclcpp/node.hpp:1629:3: note: candidate: ‘rclcpp::Node::Node(const rclcpp::Node&, const std::string&)’
[22.404s]  1629 |   Node(
[22.404s]       |   ^~~~
[22.404s] /opt/ros/jazzy/include/rclcpp/rclcpp/node.hpp:1629:3: note:   candidate expects 2 arguments, 0 provided
[22.404s] /opt/ros/jazzy/include/rclcpp/rclcpp/node.hpp:103:12: note: candidate: ‘rclcpp::Node::Node(const std::string&, const std::string&, const rclcpp::NodeOptions&)’
[22.404s]   103 |   explicit Node(
[22.404s]       |            ^~~~
[22.404s] /opt/ros/jazzy/include/rclcpp/rclcpp/node.hpp:103:12: note:   candidate expects 3 arguments, 0 provided
[22.405s] /opt/ros/jazzy/include/rclcpp/rclcpp/node.hpp:91:12: note: candidate: ‘rclcpp::Node::Node(const std::string&, const rclcpp::NodeOptions&)’
[22.405s]    91 |   explicit Node(
[22.405s]       |            ^~~~
[22.405s] /opt/ros/jazzy/include/rclcpp/rclcpp/node.hpp:91:12: note:   candidate expects 2 arguments, 0 provided
[22.416s] /home/neha/ros2_ws/src/semnav_migration/src/navigation_semantic.cpp:148:92: error: template argument 1 is invalid
[22.416s]   148 |                     ApproximateTime<sensor_msgs::msg::LaserScan, nav_msgs::msg::Odometry>> sync;
[22.416s]       |                                                                                            ^~~~
[22.506s] /home/neha/ros2_ws/src/semnav_migration/src/navigation.cpp:143:116: error: no matching function for call to ‘message_filters::Subscriber<sensor_msgs::msg::LaserScan_<std::allocator<void> > >::Subscriber(rclcpp::Node&, std::string&, int)’
[22.506s]   143 |                         message_filters::Subscriber<sensor_msgs::msg::LaserScan> sub_laser(nh_, sub_laser_topic_, 1);
[22.506s]       |                                                                                                                    ^
[22.508s] In file included from /home/neha/ros2_ws/src/semnav_migration/include/reactive_planner_lib.h:44:
[22.508s] /opt/ros/jazzy/include/message_filters/message_filters/subscriber.h:224:3: note: candidate: ‘message_filters::Subscriber<M, NodeType>::Subscriber() [with M = sensor_msgs::msg::LaserScan_<std::allocator<void> >; NodeType = rclcpp::Node]’
[22.508s]   224 |   Subscriber() = default;
[22.508s]       |   ^~~~~~~~~~
[22.508s] /opt/ros/jazzy/include/message_filters/message_filters/subscriber.h:224:3: note:   candidate expects 0 arguments, 3 provided
[22.508s] /opt/ros/jazzy/include/message_filters/message_filters/subscriber.h:212:3: note: candidate: ‘message_filters::Subscriber<M, NodeType>::Subscriber(NodeType*, const std::string&, rmw_qos_profile_t, rclcpp::SubscriptionOptions) [with M = sensor_msgs::msg::LaserScan_<std::allocator<void> >; NodeType = rclcpp::Node; std::string = std::__cxx11::basic_string<char>; rmw_qos_profile_t = rmw_qos_profile_s; rclcpp::SubscriptionOptions = rclcpp::SubscriptionOptionsWithAllocator<std::allocator<void> >]’
[22.509s]   212 |   Subscriber(
[22.509s]       |   ^~~~~~~~~~
[22.509s] /opt/ros/jazzy/include/message_filters/message_filters/subscriber.h:212:3: note:   candidate expects 4 arguments, 3 provided
[22.509s] /opt/ros/jazzy/include/message_filters/message_filters/subscriber.h:203:3: note: candidate: ‘message_filters::Subscriber<M, NodeType>::Subscriber(NodePtr, const std::string&, rmw_qos_profile_t, rclcpp::SubscriptionOptions) [with M = sensor_msgs::msg::LaserScan_<std::allocator<void> >; NodeType = rclcpp::Node; NodePtr = std::shared_ptr<rclcpp::Node>; std::string = std::__cxx11::basic_string<char>; rmw_qos_profile_t = rmw_qos_profile_s; rclcpp::SubscriptionOptions = rclcpp::SubscriptionOptionsWithAllocator<std::allocator<void> >]’
[22.512s]   203 |   Subscriber(
[22.512s]       |   ^~~~~~~~~~
[22.512s] /opt/ros/jazzy/include/message_filters/message_filters/subscriber.h:203:3: note:   candidate expects 4 arguments, 3 provided
[22.512s] /opt/ros/jazzy/include/message_filters/message_filters/subscriber.h:188:3: note: candidate: ‘message_filters::Subscriber<M, NodeType>::Subscriber(NodeType*, const std::string&, rmw_qos_profile_t) [with M = sensor_msgs::msg::LaserScan_<std::allocator<void> >; NodeType = rclcpp::Node; std::string = std::__cxx11::basic_string<char>; rmw_qos_profile_t = rmw_qos_profile_s]’
[22.512s]   188 |   Subscriber(NodeType * node, const std::string& topic, const rmw_qos_profile_t qos = rmw_qos_profile_default)
[22.512s]       |   ^~~~~~~~~~
[22.513s] /opt/ros/jazzy/include/message_filters/message_filters/subscriber.h:188:25: note:   no known conversion for argument 1 from ‘rclcpp::Node’ to ‘rclcpp::Node*’
[22.513s]   188 |   Subscriber(NodeType * node, const std::string& topic, const rmw_qos_profile_t qos = rmw_qos_profile_default)
[22.513s]       |              ~~~~~~~~~~~^~~~
[22.513s] /opt/ros/jazzy/include/message_filters/message_filters/subscriber.h:183:3: note: candidate: ‘message_filters::Subscriber<M, NodeType>::Subscriber(NodePtr, const std::string&, rmw_qos_profile_t) [with M = sensor_msgs::msg::LaserScan_<std::allocator<void> >; NodeType = rclcpp::Node; NodePtr = std::shared_ptr<rclcpp::Node>; std::string = std::__cxx11::basic_string<char>; rmw_qos_profile_t = rmw_qos_profile_s]’
[22.513s]   183 |   Subscriber(NodePtr node, const std::string& topic, const rmw_qos_profile_t qos = rmw_qos_profile_default)
[22.513s]       |   ^~~~~~~~~~
[22.517s] /opt/ros/jazzy/include/message_filters/message_filters/subscriber.h:183:22: note:   no known conversion for argument 1 from ‘rclcpp::Node’ to ‘message_filters::Subscriber<sensor_msgs::msg::LaserScan_<std::allocator<void> > >::NodePtr’ {aka ‘std::shared_ptr<rclcpp::Node>’}
[22.517s]   183 |   Subscriber(NodePtr node, const std::string& topic, const rmw_qos_profile_t qos = rmw_qos_profile_default)
[22.517s]       |              ~~~~~~~~^~~~
[22.553s] /home/neha/ros2_ws/src/semnav_migration/src/navigation_semantic.cpp:149:18: error: assignment of function ‘void sync()’
[22.553s]   149 |             sync = std::make_unique<message_filters::Synchronizer<
[22.553s]       |             ~~~~~^~~~~~~~~~~~~~~~~~~~~~~~~~~~~~~~~~~~~~~~~~~~~~~~~
[22.553s]   150 |                     message_filters::sync_policies::ApproximateTime<
[22.554s]       |                     ~~~~~~~~~~~~~~~~~~~~~~~~~~~~~~~~~~~~~~~~~~~~~~~~
[22.554s]   151 |                     sensor_msgs::msg::LaserScan, nav_msgs::msg::Odometry>>>(
[22.554s]       |                     ~~~~~~~~~~~~~~~~~~~~~~~~~~~~~~~~~~~~~~~~~~~~~~~~~~~~~~~~
[22.554s]   152 |                                     message_filters::sync_policies::ApproximateTime<
[22.554s]       |                                     ~~~~~~~~~~~~~~~~~~~~~~~~~~~~~~~~~~~~~~~~~~~~~~~~
[22.554s]   153 |                                     sensor_msgs::msg::LaserScan, nav_msgs::msg::Odometry>(10),
[22.554s]       |                                     ~~~~~~~~~~~~~~~~~~~~~~~~~~~~~~~~~~~~~~~~~~~~~~~~~~~~~~~~~~
[22.557s]   154 |                                     sub_laser, sub_robot);
[22.557s]       |                                     ~~~~~~~~~~~~~~~~~~~~~
[22.557s] /home/neha/ros2_ws/src/semnav_migration/src/navigation_semantic.cpp:155:19: error: request for member ‘registerCallback’ in ‘* sync’, which is of non-class type ‘void() noexcept’
[22.557s]   155 |             sync->registerCallback(std::bind(&SemanticNavigationNode::SyncCallback, this, std::placeholders::_1 , std::placeholders::_2));
[22.557s]       |                   ^~~~~~~~~~~~~~~~
[22.557s] /home/neha/ros2_ws/src/semnav_migration/src/navigation_semantic.cpp:155:71: error: ‘SyncCallback’ is not a member of ‘SemanticNavigationNode’
[22.557s]   155 |             sync->registerCallback(std::bind(&SemanticNavigationNode::SyncCallback, this, std::placeholders::_1 , std::placeholders::_2));
[22.558s]       |                                                                       ^~~~~~~~~~~~
[22.558s] /home/neha/ros2_ws/src/semnav_migration/src/navigation_semantic.cpp:172:86: error: no matching function for call to ‘SemanticNavigationNode::create_subscription(const char [20], int)’
[22.558s]   172 |                         rclcpp::Subscription sub_semantic = this->create_subscription("sub_semantic_topic_", 1);
[22.558s]       |                                                             ~~~~~~~~~~~~~~~~~~~~~~~~~^~~~~~~~~~~~~~~~~~~~~~~~~~
[22.558s] /opt/ros/jazzy/include/rclcpp/rclcpp/node.hpp:221:3: note: candidate: ‘template<class MessageT, class CallbackT, class AllocatorT, class SubscriptionT, class MessageMemoryStrategyT> std::shared_ptr<ROSMessageT> rclcpp::Node::create_subscription(const std::string&, const rclcpp::QoS&, CallbackT&&, const rclcpp::SubscriptionOptionsWithAllocator<AllocatorT>&, typename MessageMemoryStrategyT::SharedPtr)’
[22.558s]   221 |   create_subscription(
[22.561s]       |   ^~~~~~~~~~~~~~~~~~~
[22.561s] /opt/ros/jazzy/include/rclcpp/rclcpp/node.hpp:221:3: note:   template argument deduction/substitution failed:
[22.561s] /home/neha/ros2_ws/src/semnav_migration/src/navigation_semantic.cpp:172:86: note:   candidate expects 5 arguments, 2 provided
[22.561s]   172 |                         rclcpp::Subscription sub_semantic = this->create_subscription("sub_semantic_topic_", 1);
[22.561s]       |                                                             ~~~~~~~~~~~~~~~~~~~~~~~~~^~~~~~~~~~~~~~~~~~~~~~~~~~
[22.582s] /home/neha/ros2_ws/src/semnav_migration/src/navigation.cpp:144:112: error: no matching function for call to ‘message_filters::Subscriber<nav_msgs::msg::Odometry_<std::allocator<void> > >::Subscriber(rclcpp::Node&, std::string&, int)’
[22.583s]   144 |                         message_filters::Subscriber<nav_msgs::msg::Odometry> sub_robot(nh_, sub_robot_topic_, 1);
[22.583s]       |                                                                                                                ^
[22.583s] /opt/ros/jazzy/include/message_filters/message_filters/subscriber.h:224:3: note: candidate: ‘message_filters::Subscriber<M, NodeType>::Subscriber() [with M = nav_msgs::msg::Odometry_<std::allocator<void> >; NodeType = rclcpp::Node]’
[22.583s]   224 |   Subscriber() = default;
[22.583s]       |   ^~~~~~~~~~
[22.583s] /opt/ros/jazzy/include/message_filters/message_filters/subscriber.h:224:3: note:   candidate expects 0 arguments, 3 provided
[22.583s] /opt/ros/jazzy/include/message_filters/message_filters/subscriber.h:212:3: note: candidate: ‘message_filters::Subscriber<M, NodeType>::Subscriber(NodeType*, const std::string&, rmw_qos_profile_t, rclcpp::SubscriptionOptions) [with M = nav_msgs::msg::Odometry_<std::allocator<void> >; NodeType = rclcpp::Node; std::string = std::__cxx11::basic_string<char>; rmw_qos_profile_t = rmw_qos_profile_s; rclcpp::SubscriptionOptions = rclcpp::SubscriptionOptionsWithAllocator<std::allocator<void> >]’
[22.584s]   212 |   Subscriber(
[22.584s]       |   ^~~~~~~~~~
[22.584s] /opt/ros/jazzy/include/message_filters/message_filters/subscriber.h:212:3: note:   candidate expects 4 arguments, 3 provided
[22.584s] /opt/ros/jazzy/include/message_filters/message_filters/subscriber.h:203:3: note: candidate: ‘message_filters::Subscriber<M, NodeType>::Subscriber(NodePtr, const std::string&, rmw_qos_profile_t, rclcpp::SubscriptionOptions) [with M = nav_msgs::msg::Odometry_<std::allocator<void> >; NodeType = rclcpp::Node; NodePtr = std::shared_ptr<rclcpp::Node>; std::string = std::__cxx11::basic_string<char>; rmw_qos_profile_t = rmw_qos_profile_s; rclcpp::SubscriptionOptions = rclcpp::SubscriptionOptionsWithAllocator<std::allocator<void> >]’
[22.584s]   203 |   Subscriber(
[22.584s]       |   ^~~~~~~~~~
[22.588s] /opt/ros/jazzy/include/message_filters/message_filters/subscriber.h:203:3: note:   candidate expects 4 arguments, 3 provided
[22.588s] /opt/ros/jazzy/include/message_filters/message_filters/subscriber.h:188:3: note: candidate: ‘message_filters::Subscriber<M, NodeType>::Subscriber(NodeType*, const std::string&, rmw_qos_profile_t) [with M = nav_msgs::msg::Odometry_<std::allocator<void> >; NodeType = rclcpp::Node; std::string = std::__cxx11::basic_string<char>; rmw_qos_profile_t = rmw_qos_profile_s]’
[22.588s]   188 |   Subscriber(NodeType * node, const std::string& topic, const rmw_qos_profile_t qos = rmw_qos_profile_default)
[22.588s]       |   ^~~~~~~~~~
[22.588s] /opt/ros/jazzy/include/message_filters/message_filters/subscriber.h:188:25: note:   no known conversion for argument 1 from ‘rclcpp::Node’ to ‘rclcpp::Node*’
[22.588s]   188 |   Subscriber(NodeType * node, const std::string& topic, const rmw_qos_profile_t qos = rmw_qos_profile_default)
[22.589s]       |              ~~~~~~~~~~~^~~~
[22.589s] /opt/ros/jazzy/include/message_filters/message_filters/subscriber.h:183:3: note: candidate: ‘message_filters::Subscriber<M, NodeType>::Subscriber(NodePtr, const std::string&, rmw_qos_profile_t) [with M = nav_msgs::msg::Odometry_<std::allocator<void> >; NodeType = rclcpp::Node; NodePtr = std::shared_ptr<rclcpp::Node>; std::string = std::__cxx11::basic_string<char>; rmw_qos_profile_t = rmw_qos_profile_s]’
[22.589s]   183 |   Subscriber(NodePtr node, const std::string& topic, const rmw_qos_profile_t qos = rmw_qos_profile_default)
[22.589s]       |   ^~~~~~~~~~
[22.589s] /opt/ros/jazzy/include/message_filters/message_filters/subscriber.h:183:22: note:   no known conversion for argument 1 from ‘rclcpp::Node’ to ‘message_filters::Subscriber<nav_msgs::msg::Odometry_<std::allocator<void> > >::NodePtr’ {aka ‘std::shared_ptr<rclcpp::Node>’}
[22.589s]   183 |   Subscriber(NodePtr node, const std::string& topic, const rmw_qos_profile_t qos = rmw_qos_profile_default)
[22.591s]       |              ~~~~~~~~^~~~
[22.658s] /home/neha/ros2_ws/src/semnav_migration/src/navigation_semantic.cpp: In member function ‘void SemanticNavigationNode::control_callback(const sensor_msgs::msg::LaserScan_<std::allocator<void> >::ConstPtr&, const nav_msgs::msg::Odometry_<std::allocator<void> >::ConstPtr&)’:
[22.659s] /home/neha/ros2_ws/src/semnav_migration/src/navigation_semantic.cpp:470:42: error: could not convert ‘lidar_data’ from ‘shared_ptr<LaserScan_<[...]>>’ to ‘shared_ptr<LaserScan_<[...]>>’
[22.659s]   470 |                         constructLIDAR2D(lidar_data, CutoffRange_, AllowableRange_, RobotPitch_, &LIDAR);
[22.659s]       |                                          ^~~~~~~~~~
[22.659s]       |                                          |
[22.659s]       |                                          shared_ptr<LaserScan_<[...]>>
[22.728s] /home/neha/ros2_ws/src/semnav_migration/src/navigation.cpp:150:55: error: ‘bind’ is not a member of ‘boost’; did you mean ‘find’?
[22.728s]   150 |                         sync->registerCallback(boost::bind(&NavigationNode::control_callback, this, _1, _2));
[22.728s]       |                                                       ^~~~
[22.728s]       |                                                       find
[22.732s] /home/neha/ros2_ws/src/semnav_migration/src/navigation.cpp:150:101: error: ‘_1’ was not declared in this scope
[22.732s]   150 |                         sync->registerCallback(boost::bind(&NavigationNode::control_callback, this, _1, _2));
[22.733s]       |                                                                                                     ^~
[22.733s] /home/neha/ros2_ws/src/semnav_migration/src/navigation.cpp:150:101: note: suggested alternatives:
[22.735s] In file included from /usr/include/boost/mpl/aux_/include_preprocessed.hpp:37,
[22.735s]                  from /usr/include/boost/mpl/placeholders.hpp:43,
[22.735s]                  from /usr/include/boost/iterator/iterator_categories.hpp:16,
[22.735s]                  from /usr/include/boost/iterator/iterator_facade.hpp:13,
[22.735s]                  from /usr/include/boost/range/iterator_range_core.hpp:27,
[22.735s]                  from /usr/include/boost/lexical_cast.hpp:48,
[22.738s]                  from /usr/include/boost/multiprecision/detail/number_base.hpp:29,
[22.738s]                  from /usr/include/boost/multiprecision/traits/is_variable_precision.hpp:9,
[22.738s]                  from /usr/include/boost/multiprecision/detail/precision.hpp:9,
[22.738s]                  from /usr/include/boost/multiprecision/number.hpp:11,
[22.738s]                  from /usr/include/boost/multiprecision/cpp_int.hpp:19,
[22.738s]                  from /usr/include/boost/multiprecision/cpp_bin_float.hpp:15,
[22.738s]                  from /usr/include/boost/geometry/core/coordinate_promotion.hpp:16,
[22.739s]                  from /usr/include/boost/geometry/core/radian_access.hpp:30,
[22.739s]                  from /usr/include/boost/geometry/geometry.hpp:50,
[22.739s]                  from /usr/include/boost/geometry.hpp:17,
[22.739s]                  from /home/neha/ros2_ws/src/semnav_migration/include/reactive_planner_lib.h:26:
[22.739s] /usr/include/boost/mpl/aux_/preprocessed/gcc/placeholders.hpp:29:16: note:   ‘mpl_::_1’
[22.739s]    29 | typedef arg<1> _1;
[22.742s]       |                ^~
[22.742s] In file included from /usr/include/boost/numeric/conversion/converter_policies.hpp:13,
[22.742s]                  from /usr/include/boost/numeric/conversion/converter.hpp:14,
[22.743s]                  from /usr/include/boost/numeric/conversion/cast.hpp:33,
[22.743s]                  from /usr/include/boost/geometry/core/radian_access.hpp:26:
[22.743s] /usr/include/c++/13/functional:294:48: note:   ‘std::placeholders::_1’
[22.743s]   294 |     _GLIBCXX_PLACEHOLDER const _Placeholder<1> _1;
[22.743s]       |                                                ^~
[22.743s] /usr/include/boost/mpl/aux_/preprocessed/gcc/placeholders.hpp:29:16: note:   ‘mpl_::_1’
[22.743s]    29 | typedef arg<1> _1;
[22.744s]       |                ^~
[22.744s] In file included from /usr/include/boost/describe/members.hpp:20,
[22.744s]                  from /usr/include/boost/container_hash/is_described_class.hpp:11,
[22.744s]                  from /usr/include/boost/container_hash/hash.hpp:18,
[22.744s]                  from /usr/include/boost/functional/hash.hpp:6,
[22.744s]                  from /usr/include/CGAL/Kernel/hash_functions.h:16,
[22.744s]                  from /usr/include/CGAL/Kernel/global_functions.h:25,
[22.747s]                  from /usr/include/CGAL/Cartesian/Cartesian_base.h:22,
[22.747s]                  from /usr/include/CGAL/Simple_cartesian.h:20,
[22.747s]                  from /usr/include/CGAL/Exact_predicates_inexact_constructions_kernel.h:20,
[22.747s]                  from /home/neha/ros2_ws/src/semnav_migration/include/polygeom_lib.h:32,
[22.747s]                  from /home/neha/ros2_ws/src/semnav_migration/include/reactive_planner_lib.h:52:
[22.747s] /usr/include/boost/mp11/bind.hpp:45:7: note:   ‘boost::mp11::_1’
[22.748s]    45 | using _1 = mp_arg<0>;
[22.748s]       |       ^~
[22.748s] /usr/include/boost/mpl/aux_/preprocessed/gcc/placeholders.hpp:29:16: note:   ‘mpl_::_1’
[22.748s]    29 | typedef arg<1> _1;
[22.748s]       |                ^~
[22.748s] /home/neha/ros2_ws/src/semnav_migration/src/navigation.cpp:150:105: error: ‘_2’ was not declared in this scope
[22.748s]   150 |                         sync->registerCallback(boost::bind(&NavigationNode::control_callback, this, _1, _2));
[22.751s]       |                                                                                                         ^~
[22.751s] /home/neha/ros2_ws/src/semnav_migration/src/navigation.cpp:150:105: note: suggested alternatives:
[22.751s] /usr/include/boost/mpl/aux_/preprocessed/gcc/placeholders.hpp:42:16: note:   ‘mpl_::_2’
[22.751s]    42 | typedef arg<2> _2;
[22.751s]       |                ^~
[22.751s] /usr/include/c++/13/functional:295:48: note:   ‘std::placeholders::_2’
[22.752s]   295 |     _GLIBCXX_PLACEHOLDER const _Placeholder<2> _2;
[22.752s]       |                                                ^~
[22.752s] /usr/include/boost/mpl/aux_/preprocessed/gcc/placeholders.hpp:42:16: note:   ‘mpl_::_2’
[22.752s]    42 | typedef arg<2> _2;
[22.752s]       |                ^~
[22.752s] /usr/include/boost/mp11/bind.hpp:46:7: note:   ‘boost::mp11::_2’
[22.754s]    46 | using _2 = mp_arg<1>;
[22.755s]       |       ^~
[22.755s] /usr/include/boost/mpl/aux_/preprocessed/gcc/placeholders.hpp:42:16: note:   ‘mpl_::_2’
[22.755s]    42 | typedef arg<2> _2;
[22.755s]       |                ^~
[22.755s] /home/neha/ros2_ws/src/semnav_migration/src/navigation.cpp:153:74: error: no matching function for call to ‘NavigationNode::create_subscription(const char [20], int)’
[22.755s]   153 |             rclcpp::Subscription sub_semantic = this->create_subscription("sub_semantic_topic_", 1);
[22.756s]       |                                                 ~~~~~~~~~~~~~~~~~~~~~~~~~^~~~~~~~~~~~~~~~~~~~~~~~~~
[22.756s] /opt/ros/jazzy/include/rclcpp/rclcpp/node.hpp:221:3: note: candidate: ‘template<class MessageT, class CallbackT, class AllocatorT, class SubscriptionT, class MessageMemoryStrategyT> std::shared_ptr<ROSMessageT> rclcpp::Node::create_subscription(const std::string&, const rclcpp::QoS&, CallbackT&&, const rclcpp::SubscriptionOptionsWithAllocator<AllocatorT>&, typename MessageMemoryStrategyT::SharedPtr)’
[22.756s]   221 |   create_subscription(
[22.756s]       |   ^~~~~~~~~~~~~~~~~~~
[22.756s] /opt/ros/jazzy/include/rclcpp/rclcpp/node.hpp:221:3: note:   template argument deduction/substitution failed:
[22.756s] /home/neha/ros2_ws/src/semnav_migration/src/navigation.cpp:153:74: note:   candidate expects 5 arguments, 2 provided
[22.758s]   153 |             rclcpp::Subscription sub_semantic = this->create_subscription("sub_semantic_topic_", 1);
[22.759s]       |                                                 ~~~~~~~~~~~~~~~~~~~~~~~~~^~~~~~~~~~~~~~~~~~~~~~~~~~
[22.857s] /home/neha/ros2_ws/src/semnav_migration/src/navigation.cpp: In member function ‘void NavigationNode::control_callback(const sensor_msgs::msg::LaserScan_<std::allocator<void> >::ConstPtr&, const nav_msgs::msg::Odometry_<std::allocator<void> >::ConstPtr&)’:
[22.857s] /home/neha/ros2_ws/src/semnav_migration/src/navigation.cpp:405:42: error: could not convert ‘lidar_data’ from ‘shared_ptr<LaserScan_<[...]>>’ to ‘shared_ptr<LaserScan_<[...]>>’
[22.857s]   405 |                         constructLIDAR2D(lidar_data, CutoffRange_, AllowableRange_, RobotPitch_, &LIDAR);
[22.857s]       |                                          ^~~~~~~~~~
[22.857s]       |                                          |
[22.857s]       |                                          shared_ptr<LaserScan_<[...]>>
[39.938s] gmake[2]: *** [CMakeFiles/navigation_semantic.dir/build.make:76: CMakeFiles/navigation_semantic.dir/src/navigation_semantic.cpp.o] Error 1
[39.939s] gmake[1]: *** [CMakeFiles/Makefile2:207: CMakeFiles/navigation_semantic.dir/all] Error 2
[39.940s] gmake[1]: *** Waiting for unfinished jobs....
[40.103s] gmake[2]: *** [CMakeFiles/navigation.dir/build.make:76: CMakeFiles/navigation.dir/src/navigation.cpp.o] Error 1
[40.104s] gmake[1]: *** [CMakeFiles/Makefile2:181: CMakeFiles/navigation.dir/all] Error 2
[40.104s] gmake: *** [Makefile:146: all] Error 2
[40.107s] Invoked command in '/home/neha/ros2_ws/src/semnav_migration/build/semnav' returned '2': CMAKE_PREFIX_PATH=${CMAKE_PREFIX_PATH}:/opt/ros/jazzy DEBUGINFOD_URLS=https://debuginfod.ubuntu.com /usr/bin/cmake --build /home/neha/ros2_ws/src/semnav_migration/build/semnav -- -j2 -l2
