[0.027s] Invoking command in '/home/neha/ros2_ws/src/semnav_migration/build/semnav': CMAKE_PREFIX_PATH=${CMAKE_PREFIX_PATH}:/opt/ros/jazzy DEBUGINFOD_URLS=https://debuginfod.ubuntu.com /usr/bin/cmake --build /home/neha/ros2_ws/src/semnav_migration/build/semnav -- -j2 -l2
[0.198s] [ 14%] Built target reactive_planner
[0.338s] [ 23%] Building CXX object CMakeFiles/navigation_semantic.dir/src/navigation_semantic.cpp.o
[0.339s] [ 23%] Building CXX object CMakeFiles/navigation.dir/src/navigation.cpp.o
[21.774s] /home/neha/ros2_ws/src/semnav_migration/src/navigation_semantic.cpp:240:47: error: ‘object_pose_interface_msgs’ does not name a type
[21.774s]   240 |                 void diffeo_tree_update(const object_pose_interface_msgs::msg::SemanticMapObjectArray::ConstPtr& semantic_map_data) {
[21.774s]       |                                               ^~~~~~~~~~~~~~~~~~~~~~~~~~
[21.774s] /home/neha/ros2_ws/src/semnav_migration/src/navigation_semantic.cpp:240:78: error: expected unqualified-id before ‘::’ token
[21.774s]   240 |                 void diffeo_tree_update(const object_pose_interface_msgs::msg::SemanticMapObjectArray::ConstPtr& semantic_map_data) {
[21.774s]       |                                                                              ^~
[21.777s] /home/neha/ros2_ws/src/semnav_migration/src/navigation_semantic.cpp:240:78: error: expected ‘)’ before ‘::’ token
[21.777s]   240 |                 void diffeo_tree_update(const object_pose_interface_msgs::msg::SemanticMapObjectArray::ConstPtr& semantic_map_data) {
[21.777s]       |                                        ~                                     ^~
[21.778s]       |                                                                              )
[21.778s] /home/neha/ros2_ws/src/semnav_migration/src/navigation_semantic.cpp:240:75: error: expected ‘;’ at end of member declaration
[21.778s]   240 |                 void diffeo_tree_update(const object_pose_interface_msgs::msg::SemanticMapObjectArray::ConstPtr& semantic_map_data) {
[21.778s]       |                                                                           ^~~
[21.778s]       |                                                                              ;
[21.810s] /home/neha/ros2_ws/src/semnav_migration/src/navigation_semantic.cpp:240:80: error: ‘SemanticMapObjectArray’ in namespace ‘::’ does not name a type
[21.811s]   240 |                 void diffeo_tree_update(const object_pose_interface_msgs::msg::SemanticMapObjectArray::ConstPtr& semantic_map_data) {
[21.811s]       |                                                                                ^~~~~~~~~~~~~~~~~~~~~~
[21.817s] /home/neha/ros2_ws/src/semnav_migration/src/navigation_semantic.cpp:623:17: error: ‘ros’ does not name a type
[21.817s]   623 |                 ros::NodeHandle nh_;
[21.817s]       |                 ^~~
[21.827s] /home/neha/ros2_ws/src/semnav_migration/src/navigation_semantic.cpp:640:17: error: ‘ros’ does not name a type
[21.827s]   640 |                 ros::Publisher pub_behaviorID_;
[21.827s]       |                 ^~~
[21.829s] /home/neha/ros2_ws/src/semnav_migration/src/navigation_semantic.cpp:641:17: error: ‘ros’ does not name a type
[21.830s]   641 |                 ros::Publisher pub_behaviorMode_;
[21.830s]       |                 ^~~
[21.836s] /home/neha/ros2_ws/src/semnav_migration/src/navigation_semantic.cpp:642:17: error: ‘ros’ does not name a type
[21.836s]   642 |                 ros::Publisher pub_twist_;
[21.836s]       |                 ^~~
[21.843s] /home/neha/ros2_ws/src/semnav_migration/src/navigation_semantic.cpp:644:17: error: ‘ros’ does not name a type
[21.843s]   644 |                 ros::Publisher pub_semantic_map_;
[21.843s]       |                 ^~~
[21.857s] /home/neha/ros2_ws/src/semnav_migration/src/navigation_semantic.cpp:690:17: error: ‘tf’ does not name a type; did you mean ‘tm’?
[21.857s]   690 |                 tf::TransformListener listener_;
[21.857s]       |                 ^~
[21.857s]       |                 tm
[21.861s] /home/neha/ros2_ws/src/semnav_migration/src/navigation.cpp:240:47: error: ‘object_pose_interface_msgs’ does not name a type
[21.861s]   240 |                 void diffeo_tree_update(const object_pose_interface_msgs::SemanticMapObjectArray::ConstPtr& semantic_map_data) {
[21.861s]       |                                               ^~~~~~~~~~~~~~~~~~~~~~~~~~
[21.862s] /home/neha/ros2_ws/src/semnav_migration/src/navigation.cpp:240:97: error: expected unqualified-id before ‘::’ token
[21.862s]   240 |                 void diffeo_tree_update(const object_pose_interface_msgs::SemanticMapObjectArray::ConstPtr& semantic_map_data) {
[21.862s]       |                                                                                                 ^~
[21.862s] /home/neha/ros2_ws/src/semnav_migration/src/navigation.cpp:240:97: error: expected ‘)’ before ‘::’ token
[21.862s]   240 |                 void diffeo_tree_update(const object_pose_interface_msgs::SemanticMapObjectArray::ConstPtr& semantic_map_data) {
[21.862s]       |                                        ~                                                        ^~
[21.862s]       |                                                                                                 )
[21.863s] /home/neha/ros2_ws/src/semnav_migration/src/navigation.cpp:240:75: error: expected ‘;’ at end of member declaration
[21.863s]   240 |                 void diffeo_tree_update(const object_pose_interface_msgs::SemanticMapObjectArray::ConstPtr& semantic_map_data) {
[21.865s]       |                                                                           ^~~~~~~~~~~~~~~~~~~~~~
[21.865s]       |                                                                                                 ;
[21.880s] /home/neha/ros2_ws/src/semnav_migration/src/navigation.cpp:240:99: error: ‘ConstPtr’ in namespace ‘::’ does not name a type
[21.880s]   240 |                 void diffeo_tree_update(const object_pose_interface_msgs::SemanticMapObjectArray::ConstPtr& semantic_map_data) {
[21.880s]       |                                                                                                   ^~~~~~~~
[21.880s] /home/neha/ros2_ws/src/semnav_migration/src/navigation.cpp:332:58: error: ‘LaserScan’ in namespace ‘sensor_msgs’ does not name a type
[21.880s]   332 |                 void control_callback(const sensor_msgs::LaserScan::ConstPtr& lidar_data, const nav_msgs::Odometry::ConstPtr& robot_data) {
[21.880s]       |                                                          ^~~~~~~~~
[21.881s] /home/neha/ros2_ws/src/semnav_migration/src/navigation.cpp:332:77: error: expected unqualified-id before ‘&’ token
[21.881s]   332 |                 void control_callback(const sensor_msgs::LaserScan::ConstPtr& lidar_data, const nav_msgs::Odometry::ConstPtr& robot_data) {
[21.881s]       |                                                                             ^
[21.883s] /home/neha/ros2_ws/src/semnav_migration/src/navigation.cpp:332:77: error: expected ‘)’ before ‘&’ token
[21.883s]   332 |                 void control_callback(const sensor_msgs::LaserScan::ConstPtr& lidar_data, const nav_msgs::Odometry::ConstPtr& robot_data) {
[21.883s]       |                                      ~                                      ^
[21.884s]       |                                                                             )
[21.884s] /home/neha/ros2_ws/src/semnav_migration/src/navigation.cpp:332:77: error: expected ‘;’ at end of member declaration
[21.884s]   332 |                 void control_callback(const sensor_msgs::LaserScan::ConstPtr& lidar_data, const nav_msgs::Odometry::ConstPtr& robot_data) {
[21.884s]       |                                                                             ^
[21.884s]       |                                                                              ;
[21.898s] /home/neha/ros2_ws/src/semnav_migration/src/navigation.cpp:332:79: error: ‘lidar_data’ does not name a type
[21.898s]   332 |                 void control_callback(const sensor_msgs::LaserScan::ConstPtr& lidar_data, const nav_msgs::Odometry::ConstPtr& robot_data) {
[21.898s]       |                                                                               ^~~~~~~~~~
[21.899s] /home/neha/ros2_ws/src/semnav_migration/src/navigation.cpp:613:17: error: invalid use of template-name ‘rclcpp::Publisher’ without an argument list
[21.899s]   613 |                 rclcpp::Publisher pub_behaviorID_;
[21.900s]       |                 ^~~~~~
[21.900s] /home/neha/ros2_ws/src/semnav_migration/src/navigation.cpp:614:17: error: invalid use of template-name ‘rclcpp::Publisher’ without an argument list
[21.900s]   614 |                 rclcpp::Publisher pub_behaviorMode_;
[21.900s]       |                 ^~~~~~
[21.900s] /home/neha/ros2_ws/src/semnav_migration/src/navigation.cpp:615:17: error: invalid use of template-name ‘rclcpp::Publisher’ without an argument list
[21.900s]   615 |                 rclcpp::Publisher pub_twist_;
[21.900s]       |                 ^~~~~~
[21.900s] /home/neha/ros2_ws/src/semnav_migration/src/navigation.cpp:617:17: error: invalid use of template-name ‘rclcpp::Publisher’ without an argument list
[21.901s]   617 |                 rclcpp::Publisher pub_semantic_map_;
[21.901s]       |                 ^~~~~~
[21.912s] /home/neha/ros2_ws/src/semnav_migration/src/navigation.cpp:661:22: error: ‘TransformListener’ in namespace ‘tf2’ does not name a type
[21.912s]   661 |                 tf2::TransformListener listener_;
[21.912s]       |                      ^~~~~~~~~~~~~~~~~
[21.913s] /home/neha/ros2_ws/src/semnav_migration/src/navigation.cpp: In constructor ‘NavigationNode::NavigationNode(rclcpp::Node*)’:
[21.913s] /home/neha/ros2_ws/src/semnav_migration/src/navigation.cpp:44:60: error: use of deleted function ‘rclcpp::Node::Node(const rclcpp::Node&)’
[21.913s]    44 |                 NavigationNode(rclcpp::Node* nodehandle) : nh_(*nodehandle) {
[21.913s]       |                                                            ^~~~~~~~~~~~~~~~
[21.913s] In file included from /opt/ros/jazzy/include/rclcpp/rclcpp/context.hpp:35,
[21.913s]                  from /opt/ros/jazzy/include/rclcpp/rclcpp/utilities.hpp:24,
[21.913s]                  from /opt/ros/jazzy/include/rclcpp/rclcpp/logging.hpp:25,
[21.913s]                  from /opt/ros/jazzy/include/rclcpp/rclcpp/copy_all_parameter_values.hpp:27,
[21.914s]                  from /opt/ros/jazzy/include/rclcpp/rclcpp/rclcpp.hpp:171,
[21.914s]                  from /home/neha/ros2_ws/src/semnav_migration/include/reactive_planner_lib.h:32,
[21.914s]                  from /home/neha/ros2_ws/src/semnav_migration/src/navigation.cpp:25:
[21.916s] /opt/ros/jazzy/include/rclcpp/rclcpp/node.hpp:1634:3: note: declared here
[21.917s]  1634 |   RCLCPP_DISABLE_COPY(Node)
[21.917s]       |   ^~~~~~~~~~~~~~~~~~~
[21.917s] /home/neha/ros2_ws/src/semnav_migration/src/navigation.cpp:46:31: error: ‘class NavigationNode’ has no member named ‘declare_parameter’
[21.917s]    46 |                         this->declare_parameter("pub_twist_topic", "/cmd_vel");
[21.917s]       |                               ^~~~~~~~~~~~~~~~~
[21.917s] /home/neha/ros2_ws/src/semnav_migration/src/navigation.cpp:47:31: error: ‘class NavigationNode’ has no member named ‘declare_parameter’
[21.917s]    47 |                         this->declare_parameter("pub_behaviorID_topic", "/behavior_id");
[21.917s]       |                               ^~~~~~~~~~~~~~~~~
[21.918s] /home/neha/ros2_ws/src/semnav_migration/src/navigation.cpp:48:31: error: ‘class NavigationNode’ has no member named ‘declare_parameter’
[21.918s]    48 |                         this->declare_parameter("pub_behaviorMode_topic", "/behavior_mode");
[21.918s]       |                               ^~~~~~~~~~~~~~~~~
[21.921s] /home/neha/ros2_ws/src/semnav_migration/src/navigation.cpp:49:31: error: ‘class NavigationNode’ has no member named ‘declare_parameter’
[21.921s]    49 |                         this->declare_parameter("sub_laser_topic", "/laser_scan");
[21.921s]       |                               ^~~~~~~~~~~~~~~~~
[21.921s] /home/neha/ros2_ws/src/semnav_migration/src/navigation.cpp:50:31: error: ‘class NavigationNode’ has no member named ‘declare_parameter’
[21.921s]    50 |                         this->declare_parameter("sub_robot_topic", "/robot_pose");
[21.921s]       |                               ^~~~~~~~~~~~~~~~~
[21.921s] /home/neha/ros2_ws/src/semnav_migration/src/navigation.cpp:51:31: error: ‘class NavigationNode’ has no member named ‘declare_parameter’
[21.921s]    51 |                         this->declare_parameter("sub_semantic_topic", "/semantic_map");
[21.922s]       |                               ^~~~~~~~~~~~~~~~~
[21.922s] /home/neha/ros2_ws/src/semnav_migration/src/navigation.cpp:52:31: error: ‘class NavigationNode’ has no member named ‘declare_parameter’
[21.922s]    52 |                         this->declare_parameter("world_frame_id", "world");
[21.922s]       |                               ^~~~~~~~~~~~~~~~~
[21.922s] /home/neha/ros2_ws/src/semnav_migration/src/navigation.cpp:53:31: error: ‘class NavigationNode’ has no member named ‘declare_parameter’
[21.922s]    53 |                         this->declare_parameter("odom_frame_id", "odom");
[21.922s]       |                               ^~~~~~~~~~~~~~~~~
[21.922s] /home/neha/ros2_ws/src/semnav_migration/src/navigation.cpp:54:31: error: ‘class NavigationNode’ has no member named ‘declare_parameter’
[21.923s]    54 |                         this->declare_parameter("laser_frame_id", "laser_frame");
[21.923s]       |                               ^~~~~~~~~~~~~~~~~
[21.923s] /home/neha/ros2_ws/src/semnav_migration/src/navigation.cpp:56:31: error: ‘class NavigationNode’ has no member named ‘declare_parameter’
[21.923s]    56 |                         this->declare_parameter("target_object", "");
[21.923s]       |                               ^~~~~~~~~~~~~~~~~
[21.923s] /home/neha/ros2_ws/src/semnav_migration/src/navigation.cpp:57:31: error: ‘class NavigationNode’ has no member named ‘declare_parameter’
[21.923s]    57 |                         this->declare_parameter("target_object_length", 0.0);
[21.923s]       |                               ^~~~~~~~~~~~~~~~~
[21.924s] /home/neha/ros2_ws/src/semnav_migration/src/navigation.cpp:58:31: error: ‘class NavigationNode’ has no member named ‘declare_parameter’
[21.924s]    58 |                         this->declare_parameter("target_object_width", 0.0);
[21.926s]       |                               ^~~~~~~~~~~~~~~~~
[21.928s] /home/neha/ros2_ws/src/semnav_migration/src/navigation.cpp:60:31: error: ‘class NavigationNode’ has no member named ‘declare_parameter’
[21.928s]    60 |                         this->declare_parameter("RobotRadius", 0.0);
[21.928s]       |                               ^~~~~~~~~~~~~~~~~
[21.929s] /home/neha/ros2_ws/src/semnav_migration/src/navigation.cpp:61:31: error: ‘class NavigationNode’ has no member named ‘declare_parameter’
[21.929s]    61 |                         this->declare_parameter("ObstacleDilation", 0.0);
[21.929s]       |                               ^~~~~~~~~~~~~~~~~
[21.929s] /home/neha/ros2_ws/src/semnav_migration/src/navigation.cpp:62:31: error: ‘class NavigationNode’ has no member named ‘declare_parameter’
[21.929s]    62 |                         this->declare_parameter("WalkHeight", 0.0);
[21.929s]       |                               ^~~~~~~~~~~~~~~~~
[21.930s] /home/neha/ros2_ws/src/semnav_migration/src/navigation.cpp:64:31: error: ‘class NavigationNode’ has no member named ‘declare_parameter’
[21.930s]    64 |                         this->declare_parameter("AllowableRange", 0.0);
[21.930s]       |                               ^~~~~~~~~~~~~~~~~
[21.930s] /home/neha/ros2_ws/src/semnav_migration/src/navigation.cpp:65:31: error: ‘class NavigationNode’ has no member named ‘declare_parameter’
[21.930s]    65 |                         this->declare_parameter("CutoffRange", 0.0);
[21.930s]       |                               ^~~~~~~~~~~~~~~~~
[21.930s] /home/neha/ros2_ws/src/semnav_migration/src/navigation.cpp:67:31: error: ‘class NavigationNode’ has no member named ‘declare_parameter’
[21.930s]    67 |                         this->declare_parameter("ForwardLinCmdLimit", 0.0);
[21.931s]       |                               ^~~~~~~~~~~~~~~~~
[21.931s] /home/neha/ros2_ws/src/semnav_migration/src/navigation.cpp:68:31: error: ‘class NavigationNode’ has no member named ‘declare_parameter’
[21.931s]    68 |                         this->declare_parameter("BackwardLinCmdLimit", 0.0);
[21.933s]       |                               ^~~~~~~~~~~~~~~~~
[21.934s] /home/neha/ros2_ws/src/semnav_migration/src/navigation.cpp:69:31: error: ‘class NavigationNode’ has no member named ‘declare_parameter’
[21.934s]    69 |                         this->declare_parameter("AngCmdLimit", 0.0);
[21.934s]       |                               ^~~~~~~~~~~~~~~~~
[21.934s] /home/neha/ros2_ws/src/semnav_migration/src/navigation.cpp:70:31: error: ‘class NavigationNode’ has no member named ‘declare_parameter’
[21.934s]    70 |                         this->declare_parameter("RFunctionExponent", 0.0);
[21.934s]       |                               ^~~~~~~~~~~~~~~~~
[21.934s] /home/neha/ros2_ws/src/semnav_migration/src/navigation.cpp:71:31: error: ‘class NavigationNode’ has no member named ‘declare_parameter’
[21.934s]    71 |                         this->declare_parameter("Epsilon", 0.0);
[21.935s]       |                               ^~~~~~~~~~~~~~~~~
[21.935s] /home/neha/ros2_ws/src/semnav_migration/src/navigation.cpp:72:31: error: ‘class NavigationNode’ has no member named ‘declare_parameter’
[21.935s]    72 |                         this->declare_parameter("VarEpsilon", 0.0);
[21.937s]       |                               ^~~~~~~~~~~~~~~~~
[21.937s] /home/neha/ros2_ws/src/semnav_migration/src/navigation.cpp:73:31: error: ‘class NavigationNode’ has no member named ‘declare_parameter’
[21.937s]    73 |                         this->declare_parameter("Mu1", 0.0);
[21.937s]       |                               ^~~~~~~~~~~~~~~~~
[21.938s] /home/neha/ros2_ws/src/semnav_migration/src/navigation.cpp:74:31: error: ‘class NavigationNode’ has no member named ‘declare_parameter’
[21.938s]    74 |                         this->declare_parameter("Mu2", 0.0);
[21.938s]       |                               ^~~~~~~~~~~~~~~~~
[21.938s] /home/neha/ros2_ws/src/semnav_migration/src/navigation.cpp:75:31: error: ‘class NavigationNode’ has no member named ‘declare_parameter’
[21.938s]    75 |                         this->declare_parameter("SemanticMapUpdateRate", 0.0);
[21.938s]       |                               ^~~~~~~~~~~~~~~~~
[21.938s] /home/neha/ros2_ws/src/semnav_migration/src/navigation.cpp:78:31: error: ‘class NavigationNode’ has no member named ‘declare_parameter’
[21.938s]    78 |                         this->declare_parameter("LinearGain", 0.0);
[21.939s]       |                               ^~~~~~~~~~~~~~~~~
[21.939s] /home/neha/ros2_ws/src/semnav_migration/src/navigation.cpp:79:31: error: ‘class NavigationNode’ has no member named ‘declare_parameter’
[21.939s]    79 |                         this->declare_parameter("AngularGain", 0.0);
[21.941s]       |                               ^~~~~~~~~~~~~~~~~
[21.941s] /home/neha/ros2_ws/src/semnav_migration/src/navigation.cpp:81:31: error: ‘class NavigationNode’ has no member named ‘declare_parameter’
[21.941s]    81 |                         this->declare_parameter("Goal_x", 0.0);
[21.941s]       |                               ^~~~~~~~~~~~~~~~~
[21.942s] /home/neha/ros2_ws/src/semnav_migration/src/navigation.cpp:82:31: error: ‘class NavigationNode’ has no member named ‘declare_parameter’
[21.942s]    82 |                         this->declare_parameter("Goal_y", 0.0);
[21.942s]       |                               ^~~~~~~~~~~~~~~~~
[21.942s] /home/neha/ros2_ws/src/semnav_migration/src/navigation.cpp:85:29: error: ‘class rclcpp::Node’ has no member named ‘getParam’
[21.942s]    85 |                         nh_.getParam("Tolerance", Tolerance_);
[21.942s]       |                             ^~~~~~~~
[21.942s] /home/neha/ros2_ws/src/semnav_migration/src/navigation.cpp:87:31: error: ‘class NavigationNode’ has no member named ‘declare_parameter’
[21.943s]    87 |                         this->declare_parameter("LowpassCutOff", 0.0);
[21.943s]       |                               ^~~~~~~~~~~~~~~~~
[21.943s] /home/neha/ros2_ws/src/semnav_migration/src/navigation.cpp:88:31: error: ‘class NavigationNode’ has no member named ‘declare_parameter’
[21.943s]    88 |                         this->declare_parameter("LowpassSampling", 0.0);
[21.944s]       |                               ^~~~~~~~~~~~~~~~~
[21.944s] /home/neha/ros2_ws/src/semnav_migration/src/navigation.cpp:89:31: error: ‘class NavigationNode’ has no member named ‘declare_parameter’
[21.945s]    89 |                         this->declare_parameter("LowpassOrder", 0.0);
[21.945s]       |                               ^~~~~~~~~~~~~~~~~
[21.945s] /home/neha/ros2_ws/src/semnav_migration/src/navigation.cpp:90:31: error: ‘class NavigationNode’ has no member named ‘declare_parameter’
[21.945s]    90 |                         this->declare_parameter("LowpassSamples", 0.0);
[21.945s]       |                               ^~~~~~~~~~~~~~~~~
[21.945s] /home/neha/ros2_ws/src/semnav_migration/src/navigation.cpp:92:31: error: ‘class NavigationNode’ has no member named ‘declare_parameter’
[21.945s]    92 |                         this->declare_parameter("DebugFlag", false);
[21.945s]       |                               ^~~~~~~~~~~~~~~~~
[21.946s] /home/neha/ros2_ws/src/semnav_migration/src/navigation.cpp:94:50: error: ‘class NavigationNode’ has no member named ‘get_parameter’
[21.946s]    94 |                         pub_twist_topic_ = this->get_parameter("pub_twist_topic").as_string();
[21.946s]       |                                                  ^~~~~~~~~~~~~
[21.949s] /home/neha/ros2_ws/src/semnav_migration/src/navigation.cpp:95:55: error: ‘class NavigationNode’ has no member named ‘get_parameter’
[21.949s]    95 |                         pub_behaviorID_topic_ = this->get_parameter("pub_behaviorID_topic").as_string();
[21.949s]       |                                                       ^~~~~~~~~~~~~
[21.950s] /home/neha/ros2_ws/src/semnav_migration/src/navigation.cpp:96:57: error: ‘class NavigationNode’ has no member named ‘get_parameter’
[21.950s]    96 |                         pub_behaviorMode_topic_ = this->get_parameter("pub_behaviorMode_topic").as_string();
[21.950s]       |                                                         ^~~~~~~~~~~~~
[21.950s] /home/neha/ros2_ws/src/semnav_migration/src/navigation.cpp:97:50: error: ‘class NavigationNode’ has no member named ‘get_parameter’
[21.950s]    97 |                         sub_laser_topic_ = this->get_parameter("sub_laser_topic").as_string();
[21.950s]       |                                                  ^~~~~~~~~~~~~
[21.950s] /home/neha/ros2_ws/src/semnav_migration/src/navigation.cpp:98:50: error: ‘class NavigationNode’ has no member named ‘get_parameter’
[21.950s]    98 |                         sub_robot_topic_ = this->get_parameter("sub_robot_topic").as_string();
[21.951s]       |                                                  ^~~~~~~~~~~~~
[21.951s] /home/neha/ros2_ws/src/semnav_migration/src/navigation.cpp:99:53: error: ‘class NavigationNode’ has no member named ‘get_parameter’
[21.951s]    99 |                         sub_semantic_topic_ = this->get_parameter("sub_semantic_topic").as_string();
[21.953s]       |                                                     ^~~~~~~~~~~~~
[21.953s] /home/neha/ros2_ws/src/semnav_migration/src/navigation.cpp:100:49: error: ‘class NavigationNode’ has no member named ‘get_parameter’
[21.953s]   100 |                         world_frame_id_ = this->get_parameter("world_frame_id").as_string();
[21.953s]       |                                                 ^~~~~~~~~~~~~
[21.954s] /home/neha/ros2_ws/src/semnav_migration/src/navigation.cpp:101:48: error: ‘class NavigationNode’ has no member named ‘get_parameter’
[21.954s]   101 |                         odom_frame_id_ = this->get_parameter("odom_frame_id").as_string();
[21.954s]       |                                                ^~~~~~~~~~~~~
[21.954s] /home/neha/ros2_ws/src/semnav_migration/src/navigation.cpp:102:49: error: ‘class NavigationNode’ has no member named ‘get_parameter’
[21.954s]   102 |                         laser_frame_id_ = this->get_parameter("laser_frame_id").as_string();
[21.954s]       |                                                 ^~~~~~~~~~~~~
[21.978s] /home/neha/ros2_ws/src/semnav_migration/src/navigation_semantic.cpp: In constructor ‘SemanticNavigationNode::SemanticNavigationNode()’:
[21.978s] /home/neha/ros2_ws/src/semnav_migration/src/navigation_semantic.cpp:136:25: error: ‘pub_behaviorID_’ was not declared in this scope; did you mean ‘pub_behaviorID_topic_’?
[21.978s]   136 |                         pub_behaviorID_ = nh_.advertise<std_msgs::UInt32>(pub_behaviorID_topic_, 1, true);
[21.978s]       |                         ^~~~~~~~~~~~~~~
[21.979s]       |                         pub_behaviorID_topic_
[22.008s] /home/neha/ros2_ws/src/semnav_migration/src/navigation_semantic.cpp:136:43: error: ‘nh_’ was not declared in this scope
[22.008s]   136 |                         pub_behaviorID_ = nh_.advertise<std_msgs::UInt32>(pub_behaviorID_topic_, 1, true);
[22.008s]       |                                           ^~~
[22.012s] /home/neha/ros2_ws/src/semnav_migration/src/navigation_semantic.cpp:136:67: error: ‘UInt32’ is not a member of ‘std_msgs’
[22.012s]   136 |                         pub_behaviorID_ = nh_.advertise<std_msgs::UInt32>(pub_behaviorID_topic_, 1, true);
[22.012s]       |                                                                   ^~~~~~
[22.034s] /home/neha/ros2_ws/src/semnav_migration/src/navigation.cpp:103:25: error: ‘target_object_’ was not declared in this scope
[22.034s]   103 |                         target_object_ = this->get_parameter("target_object").as_string();
[22.034s]       |                         ^~~~~~~~~~~~~~
[22.035s] /home/neha/ros2_ws/src/semnav_migration/src/navigation.cpp:103:48: error: ‘class NavigationNode’ has no member named ‘get_parameter’
[22.035s]   103 |                         target_object_ = this->get_parameter("target_object").as_string();
[22.035s]       |                                                ^~~~~~~~~~~~~
[22.107s] /home/neha/ros2_ws/src/semnav_migration/src/navigation_semantic.cpp:137:25: error: ‘pub_behaviorMode_’ was not declared in this scope; did you mean ‘pub_behaviorMode_topic_’?
[22.108s]   137 |                         pub_behaviorMode_ = nh_.advertise<std_msgs::UInt32>(pub_behaviorMode_topic_, 1, true);
[22.108s]       |                         ^~~~~~~~~~~~~~~~~
[22.108s]       |                         pub_behaviorMode_topic_
[22.110s] /home/neha/ros2_ws/src/semnav_migration/src/navigation_semantic.cpp:137:69: error: ‘UInt32’ is not a member of ‘std_msgs’
[22.110s]   137 |                         pub_behaviorMode_ = nh_.advertise<std_msgs::UInt32>(pub_behaviorMode_topic_, 1, true);
[22.110s]       |                                                                     ^~~~~~
[22.158s] /home/neha/ros2_ws/src/semnav_migration/src/navigation_semantic.cpp:138:25: error: ‘pub_twist_’ was not declared in this scope; did you mean ‘publish_twist’?
[22.158s]   138 |                         pub_twist_ = nh_.advertise<geometry_msgs::msg::Twist>(pub_twist_topic_, 1, true);
[22.158s]       |                         ^~~~~~~~~~
[22.158s]       |                         publish_twist
[22.159s] /home/neha/ros2_ws/src/semnav_migration/src/navigation_semantic.cpp:138:77: error: expected primary-expression before ‘>’ token
[22.159s]   138 |                         pub_twist_ = nh_.advertise<geometry_msgs::msg::Twist>(pub_twist_topic_, 1, true);
[22.159s]       |                                                                             ^
[22.159s] /home/neha/ros2_ws/src/semnav_migration/src/navigation_semantic.cpp:141:42: error: ‘message_filters::msg’ has not been declared
[22.159s]   141 |                         message_filters::msg::Subscriber<sensor_msgs::LaserScan> sub_laser(nh_, sub_laser_topic_, 1);
[22.159s]       |                                          ^~~
[22.163s] /home/neha/ros2_ws/src/semnav_migration/src/navigation_semantic.cpp:141:71: error: ‘LaserScan’ is not a member of ‘sensor_msgs’; did you mean ‘sensor_msgs::msg::LaserScan’?
[22.163s]   141 |                         message_filters::msg::Subscriber<sensor_msgs::LaserScan> sub_laser(nh_, sub_laser_topic_, 1);
[22.163s]       |                                                                       ^~~~~~~~~
[22.164s] In file included from /opt/ros/jazzy/include/sensor_msgs/sensor_msgs/msg/laser_scan.hpp:7,
[22.164s]                  from /home/neha/ros2_ws/src/semnav_migration/include/reactive_planner_lib.h:48,
[22.164s]                  from /home/neha/ros2_ws/src/semnav_migration/src/navigation_semantic.cpp:25:
[22.164s] /opt/ros/jazzy/include/sensor_msgs/sensor_msgs/msg/detail/laser_scan__struct.hpp:250:7: note: ‘sensor_msgs::msg::LaserScan’ declared here
[22.164s]   250 | using LaserScan =
[22.164s]       |       ^~~~~~~~~
[22.179s] /home/neha/ros2_ws/src/semnav_migration/src/navigation.cpp:104:25: error: ‘target_object_length_’ was not declared in this scope
[22.179s]   104 |                         target_object_length_ = this->get_parameter("target_object_length").as_double();
[22.180s]       |                         ^~~~~~~~~~~~~~~~~~~~~
[22.180s] /home/neha/ros2_ws/src/semnav_migration/src/navigation.cpp:104:55: error: ‘class NavigationNode’ has no member named ‘get_parameter’
[22.180s]   104 |                         target_object_length_ = this->get_parameter("target_object_length").as_double();
[22.180s]       |                                                       ^~~~~~~~~~~~~
[22.211s] /home/neha/ros2_ws/src/semnav_migration/src/navigation_semantic.cpp:141:82: error: ‘sub_laser’ was not declared in this scope
[22.212s]   141 |                         message_filters::msg::Subscriber<sensor_msgs::LaserScan> sub_laser(nh_, sub_laser_topic_, 1);
[22.212s]       |                                                                                  ^~~~~~~~~
[22.282s] /home/neha/ros2_ws/src/semnav_migration/src/navigation_semantic.cpp:143:94: error: ‘LaserScan’ is not a member of ‘sensor_msgs’; did you mean ‘sensor_msgs::msg::LaserScan’?
[22.282s]   143 |                         typedef message_filters::sync_policies::ApproximateTime<sensor_msgs::LaserScan,nav_msgs::msg::Odometry> SyncPolicy;
[22.282s]       |                                                                                              ^~~~~~~~~
[22.283s] /opt/ros/jazzy/include/sensor_msgs/sensor_msgs/msg/detail/laser_scan__struct.hpp:250:7: note: ‘sensor_msgs::msg::LaserScan’ declared here
[22.283s]   250 | using LaserScan =
[22.283s]       |       ^~~~~~~~~
[22.285s] /home/neha/ros2_ws/src/semnav_migration/src/navigation_semantic.cpp:143:127: error: template argument 1 is invalid
[22.285s]   143 |                         typedef message_filters::sync_policies::ApproximateTime<sensor_msgs::LaserScan,nav_msgs::msg::Odometry> SyncPolicy;
[22.285s]       |                                                                                                                               ^
[22.287s] In file included from /home/neha/ros2_ws/src/semnav_migration/include/reactive_planner_lib.h:46:
[22.287s] /opt/ros/jazzy/include/message_filters/message_filters/synchronizer.h: In instantiation of ‘class message_filters::Synchronizer<int>’:
[22.287s] /home/neha/ros2_ws/src/semnav_migration/src/navigation_semantic.cpp:146:64:   required from here
[22.287s] /opt/ros/jazzy/include/message_filters/message_filters/synchronizer.h:53:7: error: base type ‘int’ fails to be a struct or class type
[22.287s]    53 | class Synchronizer : public noncopyable, public Policy
[22.287s]       |       ^~~~~~~~~~~~
[22.288s] /opt/ros/jazzy/include/message_filters/message_filters/synchronizer.h:56:37: error: ‘int’ is not a class, struct, or union type
[22.288s]    56 |   typedef typename Policy::Messages Messages;
[22.288s]       |                                     ^~~~~~~~
[22.289s] /opt/ros/jazzy/include/message_filters/message_filters/synchronizer.h:57:35: error: ‘int’ is not a class, struct, or union type
[22.289s]    57 |   typedef typename Policy::Events Events;
[22.289s]       |                                   ^~~~~~
[22.290s] /opt/ros/jazzy/include/message_filters/message_filters/synchronizer.h:58:35: error: ‘int’ is not a class, struct, or union type
[22.290s]    58 |   typedef typename Policy::Signal Signal;
[22.290s]       |                                   ^~~~~~
[22.290s] /opt/ros/jazzy/include/message_filters/message_filters/synchronizer.h:60:58: error: ‘int’ is not a class, struct, or union type
[22.290s]    60 |   typedef typename std::tuple_element<0, Messages>::type M0;
[22.290s]       |                                                          ^~
[22.290s] /opt/ros/jazzy/include/message_filters/message_filters/synchronizer.h:61:58: error: ‘int’ is not a class, struct, or union type
[22.290s]    61 |   typedef typename std::tuple_element<1, Messages>::type M1;
[22.291s]       |                                                          ^~
[22.291s] /opt/ros/jazzy/include/message_filters/message_filters/synchronizer.h:62:58: error: ‘int’ is not a class, struct, or union type
[22.291s]    62 |   typedef typename std::tuple_element<2, Messages>::type M2;
[22.293s]       |                                                          ^~
[22.293s] /opt/ros/jazzy/include/message_filters/message_filters/synchronizer.h:63:58: error: ‘int’ is not a class, struct, or union type
[22.293s]    63 |   typedef typename std::tuple_element<3, Messages>::type M3;
[22.294s]       |                                                          ^~
[22.294s] /opt/ros/jazzy/include/message_filters/message_filters/synchronizer.h:64:58: error: ‘int’ is not a class, struct, or union type
[22.294s]    64 |   typedef typename std::tuple_element<4, Messages>::type M4;
[22.294s]       |                                                          ^~
[22.294s] /opt/ros/jazzy/include/message_filters/message_filters/synchronizer.h:65:58: error: ‘int’ is not a class, struct, or union type
[22.294s]    65 |   typedef typename std::tuple_element<5, Messages>::type M5;
[22.294s]       |                                                          ^~
[22.294s] /opt/ros/jazzy/include/message_filters/message_filters/synchronizer.h:66:58: error: ‘int’ is not a class, struct, or union type
[22.295s]    66 |   typedef typename std::tuple_element<6, Messages>::type M6;
[22.295s]       |                                                          ^~
[22.295s] /opt/ros/jazzy/include/message_filters/message_filters/synchronizer.h:67:58: error: ‘int’ is not a class, struct, or union type
[22.297s]    67 |   typedef typename std::tuple_element<7, Messages>::type M7;
[22.297s]       |                                                          ^~
[22.298s] /opt/ros/jazzy/include/message_filters/message_filters/synchronizer.h:68:58: error: ‘int’ is not a class, struct, or union type
[22.298s]    68 |   typedef typename std::tuple_element<8, Messages>::type M8;
[22.298s]       |                                                          ^~
[22.300s] /opt/ros/jazzy/include/message_filters/message_filters/synchronizer.h:71:56: error: ‘int’ is not a class, struct, or union type
[22.300s]    71 |   typedef typename std::tuple_element<0, Events>::type M0Event;
[22.300s]       |                                                        ^~~~~~~
[22.300s] /opt/ros/jazzy/include/message_filters/message_filters/synchronizer.h:72:56: error: ‘int’ is not a class, struct, or union type
[22.301s]    72 |   typedef typename std::tuple_element<1, Events>::type M1Event;
[22.301s]       |                                                        ^~~~~~~
[22.301s] /opt/ros/jazzy/include/message_filters/message_filters/synchronizer.h:73:56: error: ‘int’ is not a class, struct, or union type
[22.301s]    73 |   typedef typename std::tuple_element<2, Events>::type M2Event;
[22.301s]       |                                                        ^~~~~~~
[22.301s] /opt/ros/jazzy/include/message_filters/message_filters/synchronizer.h:74:56: error: ‘int’ is not a class, struct, or union type
[22.301s]    74 |   typedef typename std::tuple_element<3, Events>::type M3Event;
[22.301s]       |                                                        ^~~~~~~
[22.302s] /opt/ros/jazzy/include/message_filters/message_filters/synchronizer.h:75:56: error: ‘int’ is not a class, struct, or union type
[22.302s]    75 |   typedef typename std::tuple_element<4, Events>::type M4Event;
[22.302s]       |                                                        ^~~~~~~
[22.304s] /opt/ros/jazzy/include/message_filters/message_filters/synchronizer.h:76:56: error: ‘int’ is not a class, struct, or union type
[22.304s]    76 |   typedef typename std::tuple_element<5, Events>::type M5Event;
[22.304s]       |                                                        ^~~~~~~
[22.304s] /opt/ros/jazzy/include/message_filters/message_filters/synchronizer.h:77:56: error: ‘int’ is not a class, struct, or union type
[22.305s]    77 |   typedef typename std::tuple_element<6, Events>::type M6Event;
[22.305s]       |                                                        ^~~~~~~
[22.305s] /opt/ros/jazzy/include/message_filters/message_filters/synchronizer.h:78:56: error: ‘int’ is not a class, struct, or union type
[22.305s]    78 |   typedef typename std::tuple_element<7, Events>::type M7Event;
[22.305s]       |                                                        ^~~~~~~
[22.305s] /opt/ros/jazzy/include/message_filters/message_filters/synchronizer.h:79:56: error: ‘int’ is not a class, struct, or union type
[22.305s]    79 |   typedef typename std::tuple_element<8, Events>::type M8Event;
[22.305s]       |                                                        ^~~~~~~
[22.306s] /opt/ros/jazzy/include/message_filters/message_filters/synchronizer.h:325:17: error: ‘int’ is not a class, namespace, or enumeration
[22.306s]   325 |   using Policy::add;
[22.306s]       |                 ^~~
[22.308s] /opt/ros/jazzy/include/message_filters/message_filters/synchronizer.h:328:8: error: ‘int’ is not a class, struct, or union type
[22.308s]   328 |   void add(const std::shared_ptr<typename std::tuple_element<i, Messages>::type const>& msg)
[22.308s]       |        ^~~
[22.308s] /opt/ros/jazzy/include/message_filters/message_filters/synchronizer.h:344:8: error: ‘int’ is not a class, struct, or union type
[22.309s]   344 |   void cb(const typename std::tuple_element<i, Events>::type& evt)
[22.309s]       |        ^~
[22.309s] /home/neha/ros2_ws/src/semnav_migration/src/navigation_semantic.cpp:147:55: error: ‘bind’ is not a member of ‘boost’; did you mean ‘find’?
[22.309s]   147 |                         sync->registerCallback(boost::bind(&SemanticNavigationNode::control_callback, this, _1, _2));
[22.309s]       |                                                       ^~~~
[22.309s]       |                                                       find
[22.309s] /home/neha/ros2_ws/src/semnav_migration/src/navigation_semantic.cpp:147:109: error: ‘_1’ was not declared in this scope
[22.309s]   147 |                         sync->registerCallback(boost::bind(&SemanticNavigationNode::control_callback, this, _1, _2));
[22.310s]       |                                                                                                             ^~
[22.310s] /home/neha/ros2_ws/src/semnav_migration/src/navigation_semantic.cpp:147:109: note: suggested alternatives:
[22.310s] In file included from /usr/include/boost/mpl/aux_/include_preprocessed.hpp:37,
[22.312s]                  from /usr/include/boost/mpl/placeholders.hpp:43,
[22.312s]                  from /usr/include/boost/iterator/iterator_categories.hpp:16,
[22.312s]                  from /usr/include/boost/iterator/iterator_facade.hpp:13,
[22.312s]                  from /usr/include/boost/range/iterator_range_core.hpp:27,
[22.313s]                  from /usr/include/boost/lexical_cast.hpp:48,
[22.313s]                  from /usr/include/boost/multiprecision/detail/number_base.hpp:29,
[22.313s]                  from /usr/include/boost/multiprecision/traits/is_variable_precision.hpp:9,
[22.313s]                  from /usr/include/boost/multiprecision/detail/precision.hpp:9,
[22.313s]                  from /usr/include/boost/multiprecision/number.hpp:11,
[22.313s]                  from /usr/include/boost/multiprecision/cpp_int.hpp:19,
[22.313s]                  from /usr/include/boost/multiprecision/cpp_bin_float.hpp:15,
[22.313s]                  from /usr/include/boost/geometry/core/coordinate_promotion.hpp:16,
[22.314s]                  from /usr/include/boost/geometry/core/radian_access.hpp:30,
[22.314s]                  from /usr/include/boost/geometry/geometry.hpp:50,
[22.314s]                  from /usr/include/boost/geometry.hpp:17,
[22.316s]                  from /home/neha/ros2_ws/src/semnav_migration/include/reactive_planner_lib.h:26:
[22.316s] /usr/include/boost/mpl/aux_/preprocessed/gcc/placeholders.hpp:29:16: note:   ‘mpl_::_1’
[22.316s]    29 | typedef arg<1> _1;
[22.316s]       |                ^~
[22.317s] In file included from /usr/include/boost/numeric/conversion/converter_policies.hpp:13,
[22.317s]                  from /usr/include/boost/numeric/conversion/converter.hpp:14,
[22.317s]                  from /usr/include/boost/numeric/conversion/cast.hpp:33,
[22.317s]                  from /usr/include/boost/geometry/core/radian_access.hpp:26:
[22.317s] /usr/include/c++/13/functional:294:48: note:   ‘std::placeholders::_1’
[22.317s]   294 |     _GLIBCXX_PLACEHOLDER const _Placeholder<1> _1;
[22.317s]       |                                                ^~
[22.317s] /usr/include/boost/mpl/aux_/preprocessed/gcc/placeholders.hpp:29:16: note:   ‘mpl_::_1’
[22.318s]    29 | typedef arg<1> _1;
[22.318s]       |                ^~
[22.318s] In file included from /usr/include/boost/describe/members.hpp:20,
[22.320s]                  from /usr/include/boost/container_hash/is_described_class.hpp:11,
[22.320s]                  from /usr/include/boost/container_hash/hash.hpp:18,
[22.320s]                  from /usr/include/boost/functional/hash.hpp:6,
[22.320s]                  from /usr/include/CGAL/Kernel/hash_functions.h:16,
[22.320s]                  from /usr/include/CGAL/Kernel/global_functions.h:25,
[22.321s]                  from /usr/include/CGAL/Cartesian/Cartesian_base.h:22,
[22.321s]                  from /usr/include/CGAL/Simple_cartesian.h:20,
[22.321s]                  from /usr/include/CGAL/Exact_predicates_inexact_constructions_kernel.h:20,
[22.321s]                  from /home/neha/ros2_ws/src/semnav_migration/include/polygeom_lib.h:32,
[22.321s]                  from /home/neha/ros2_ws/src/semnav_migration/include/reactive_planner_lib.h:53:
[22.321s] /usr/include/boost/mp11/bind.hpp:45:7: note:   ‘boost::mp11::_1’
[22.321s]    45 | using _1 = mp_arg<0>;
[22.321s]       |       ^~
[22.322s] /usr/include/boost/mpl/aux_/preprocessed/gcc/placeholders.hpp:29:16: note:   ‘mpl_::_1’
[22.322s]    29 | typedef arg<1> _1;
[22.322s]       |                ^~
[22.324s] /home/neha/ros2_ws/src/semnav_migration/src/navigation_semantic.cpp:147:113: error: ‘_2’ was not declared in this scope
[22.324s]   147 |                         sync->registerCallback(boost::bind(&SemanticNavigationNode::control_callback, this, _1, _2));
[22.324s]       |                                                                                                                 ^~
[22.324s] /home/neha/ros2_ws/src/semnav_migration/src/navigation_semantic.cpp:147:113: note: suggested alternatives:
[22.325s] /usr/include/boost/mpl/aux_/preprocessed/gcc/placeholders.hpp:42:16: note:   ‘mpl_::_2’
[22.325s]    42 | typedef arg<2> _2;
[22.325s]       |                ^~
[22.325s] /usr/include/c++/13/functional:295:48: note:   ‘std::placeholders::_2’
[22.325s]   295 |     _GLIBCXX_PLACEHOLDER const _Placeholder<2> _2;
[22.325s]       |                                                ^~
[22.325s] /usr/include/boost/mpl/aux_/preprocessed/gcc/placeholders.hpp:42:16: note:   ‘mpl_::_2’
[22.325s]    42 | typedef arg<2> _2;
[22.326s]       |                ^~
[22.326s] /usr/include/boost/mp11/bind.hpp:46:7: note:   ‘boost::mp11::_2’
[22.326s]    46 | using _2 = mp_arg<1>;
[22.328s]       |       ^~
[22.328s] /usr/include/boost/mpl/aux_/preprocessed/gcc/placeholders.hpp:42:16: note:   ‘mpl_::_2’
[22.328s]    42 | typedef arg<2> _2;
[22.328s]       |                ^~
[22.329s] /home/neha/ros2_ws/src/semnav_migration/src/navigation_semantic.cpp:149:25: error: ‘ros’ has not been declared
[22.329s]   149 |                         ros::Subscriber sub_semantic = nh_.subscribe(sub_semantic_topic_, 1, &SemanticNavigationNode::diffeo_tree_update, this);
[22.329s]       |                         ^~~
[22.329s] /home/neha/ros2_ws/src/semnav_migration/src/navigation_semantic.cpp:153:25: error: ‘ros’ has not been declared
[22.329s]   153 |                         ros::Duration(5.0).sleep();
[22.329s]       |                         ^~~
[22.329s] /home/neha/ros2_ws/src/semnav_migration/src/navigation_semantic.cpp:160:25: error: ‘ros’ has not been declared
[22.329s]   160 |                         ros::spin();
[22.330s]       |                         ^~~
[22.343s] /home/neha/ros2_ws/src/semnav_migration/src/navigation.cpp:105:25: error: ‘target_object_width_’ was not declared in this scope
[22.343s]   105 |                         target_object_width_ = this->get_parameter("target_object_width").as_double();
[22.343s]       |                         ^~~~~~~~~~~~~~~~~~~~
[22.343s] /home/neha/ros2_ws/src/semnav_migration/src/navigation.cpp:105:54: error: ‘class NavigationNode’ has no member named ‘get_parameter’
[22.343s]   105 |                         target_object_width_ = this->get_parameter("target_object_width").as_double();
[22.343s]       |                                                      ^~~~~~~~~~~~~
[22.343s] /home/neha/ros2_ws/src/semnav_migration/src/navigation.cpp:107:46: error: ‘class NavigationNode’ has no member named ‘get_parameter’
[22.343s]   107 |                         RobotRadius_ = this->get_parameter("RobotRadius").as_double();
[22.344s]       |                                              ^~~~~~~~~~~~~
[22.344s] /home/neha/ros2_ws/src/semnav_migration/src/navigation.cpp:108:51: error: ‘class NavigationNode’ has no member named ‘get_parameter’
[22.344s]   108 |                         ObstacleDilation_ = this->get_parameter("ObstacleDilation").as_double();
[22.344s]       |                                                   ^~~~~~~~~~~~~
[22.344s] /home/neha/ros2_ws/src/semnav_migration/src/navigation.cpp:109:45: error: ‘class NavigationNode’ has no member named ‘get_parameter’
[22.344s]   109 |                         WalkHeight_ = this->get_parameter("WalkHeight").as_double();
[22.344s]       |                                             ^~~~~~~~~~~~~
[22.345s] /home/neha/ros2_ws/src/semnav_migration/src/navigation.cpp:110:49: error: ‘class NavigationNode’ has no member named ‘get_parameter’
[22.345s]   110 |                         AllowableRange_ = this->get_parameter("AllowableRange").as_double();
[22.345s]       |                                                 ^~~~~~~~~~~~~
[22.345s] /home/neha/ros2_ws/src/semnav_migration/src/navigation.cpp:111:46: error: ‘class NavigationNode’ has no member named ‘get_parameter’
[22.345s]   111 |                         CutoffRange_ = this->get_parameter("CutoffRange").as_double();
[22.345s]       |                                              ^~~~~~~~~~~~~
[22.345s] /home/neha/ros2_ws/src/semnav_migration/src/navigation.cpp:112:53: error: ‘class NavigationNode’ has no member named ‘get_parameter’
[22.345s]   112 |                         ForwardLinCmdLimit_ = this->get_parameter("ForwardLinCmdLimit").as_double();
[22.346s]       |                                                     ^~~~~~~~~~~~~
[22.346s] /home/neha/ros2_ws/src/semnav_migration/src/navigation.cpp:113:54: error: ‘class NavigationNode’ has no member named ‘get_parameter’
[22.346s]   113 |                         BackwardLinCmdLimit_ = this->get_parameter("BackwardLinCmdLimit").as_double();
[22.346s]       |                                                      ^~~~~~~~~~~~~
[22.348s] /home/neha/ros2_ws/src/semnav_migration/src/navigation.cpp:114:46: error: ‘class NavigationNode’ has no member named ‘get_parameter’
[22.348s]   114 |                         AngCmdLimit_ = this->get_parameter("AngCmdLimit").as_double();
[22.348s]       |                                              ^~~~~~~~~~~~~
[22.349s] /home/neha/ros2_ws/src/semnav_migration/src/navigation.cpp:115:52: error: ‘class NavigationNode’ has no member named ‘get_parameter’
[22.349s]   115 |                         RFunctionExponent_ = this->get_parameter("RFunctionExponent").as_double();
[22.349s]       |                                                    ^~~~~~~~~~~~~
[22.349s] /home/neha/ros2_ws/src/semnav_migration/src/navigation.cpp:116:42: error: ‘class NavigationNode’ has no member named ‘get_parameter’
[22.349s]   116 |                         Epsilon_ = this->get_parameter("Epsilon").as_double();
[22.349s]       |                                          ^~~~~~~~~~~~~
[22.349s] /home/neha/ros2_ws/src/semnav_migration/src/navigation.cpp:117:45: error: ‘class NavigationNode’ has no member named ‘get_parameter’
[22.349s]   117 |                         VarEpsilon_ = this->get_parameter("VarEpsilon").as_double();
[22.350s]       |                                             ^~~~~~~~~~~~~
[22.350s] /home/neha/ros2_ws/src/semnav_migration/src/navigation.cpp:118:38: error: ‘class NavigationNode’ has no member named ‘get_parameter’
[22.350s]   118 |                         Mu1_ = this->get_parameter("Mu1").as_double();
[22.350s]       |                                      ^~~~~~~~~~~~~
[22.352s] /home/neha/ros2_ws/src/semnav_migration/src/navigation.cpp:119:38: error: ‘class NavigationNode’ has no member named ‘get_parameter’
[22.352s]   119 |                         Mu2_ = this->get_parameter("Mu2").as_double();
[22.352s]       |                                      ^~~~~~~~~~~~~
[22.353s] /home/neha/ros2_ws/src/semnav_migration/src/navigation.cpp:120:55: error: ‘class NavigationNode’ has no member named ‘get_parameter’
[22.353s]   120 |                         DiffeoTreeUpdateRate_ = this->get_parameter("SemanticMapUpdateRate").as_double();
[22.353s]       |                                                       ^~~~~~~~~~~~~
[22.354s] /home/neha/ros2_ws/src/semnav_migration/src/navigation.cpp:122:45: error: ‘class NavigationNode’ has no member named ‘get_parameter’
[22.354s]   122 |                         LinearGain_ = this->get_parameter("LinearGain").as_double();
[22.354s]       |                                             ^~~~~~~~~~~~~
[22.354s] /home/neha/ros2_ws/src/semnav_migration/src/navigation.cpp:123:46: error: ‘class NavigationNode’ has no member named ‘get_parameter’
[22.355s]   123 |                         AngularGain_ = this->get_parameter("AngularGain").as_double();
[22.355s]       |                                              ^~~~~~~~~~~~~
[22.355s] /home/neha/ros2_ws/src/semnav_migration/src/navigation.cpp:124:41: error: ‘class NavigationNode’ has no member named ‘get_parameter’
[22.355s]   124 |                         Goal_x_ = this->get_parameter("Goal_x").as_double();
[22.355s]       |                                         ^~~~~~~~~~~~~
[22.355s] /home/neha/ros2_ws/src/semnav_migration/src/navigation.cpp:125:41: error: ‘class NavigationNode’ has no member named ‘get_parameter’
[22.355s]   125 |                         Goal_y_ = this->get_parameter("Goal_y").as_double();
[22.355s]       |                                         ^~~~~~~~~~~~~
[22.356s] /home/neha/ros2_ws/src/semnav_migration/src/navigation.cpp:126:44: error: ‘class NavigationNode’ has no member named ‘get_parameter’
[22.356s]   126 |                         Tolerance_ = this->get_parameter("Tolerance").as_double();
[22.356s]       |                                            ^~~~~~~~~~~~~
[22.359s] /home/neha/ros2_ws/src/semnav_migration/src/navigation_semantic.cpp: In member function ‘void SemanticNavigationNode::publish_twist(double, double)’:
[22.359s] /home/neha/ros2_ws/src/semnav_migration/src/navigation_semantic.cpp:167:25: error: ‘pub_twist_’ was not declared in this scope; did you mean ‘publish_twist’?
[22.360s]   167 |                         pub_twist_.publish(commandTwist);
[22.360s]       |                         ^~~~~~~~~~
[22.360s]       |                         publish_twist
[22.360s] /home/neha/ros2_ws/src/semnav_migration/src/navigation_semantic.cpp: In member function ‘void SemanticNavigationNode::publish_behavior_id(uint16_t)’:
[22.360s] /home/neha/ros2_ws/src/semnav_migration/src/navigation_semantic.cpp:172:32: error: ‘UInt32’ is not a member of ‘std_msgs::msg’
[22.360s]   172 |                 std_msgs::msg::UInt32 commandId;
[22.360s]       |                                ^~~~~~
[22.386s] /home/neha/ros2_ws/src/semnav_migration/src/navigation.cpp:128:25: error: ‘LowpassCutOff_’ was not declared in this scope; did you mean ‘LowpassCutoff_’?
[22.386s]   128 |                         LowpassCutOff_ = this->get_parameter("LowpassCutOff").as_double();
[22.386s]       |                         ^~~~~~~~~~~~~~
[22.386s]       |                         LowpassCutoff_
[22.388s] /home/neha/ros2_ws/src/semnav_migration/src/navigation.cpp:128:48: error: ‘class NavigationNode’ has no member named ‘get_parameter’
[22.388s]   128 |                         LowpassCutOff_ = this->get_parameter("LowpassCutOff").as_double();
[22.388s]       |                                                ^~~~~~~~~~~~~
[22.389s] /home/neha/ros2_ws/src/semnav_migration/src/navigation.cpp:129:50: error: ‘class NavigationNode’ has no member named ‘get_parameter’
[22.389s]   129 |                         LowpassSampling_ = this->get_parameter("LowpassSampling").as_double();
[22.389s]       |                                                  ^~~~~~~~~~~~~
[22.389s] /home/neha/ros2_ws/src/semnav_migration/src/navigation.cpp:130:47: error: ‘class NavigationNode’ has no member named ‘get_parameter’
[22.389s]   130 |                         LowpassOrder_ = this->get_parameter("LowpassOrder").as_double();
[22.389s]       |                                               ^~~~~~~~~~~~~
[22.391s] /home/neha/ros2_ws/src/semnav_migration/src/navigation.cpp:131:49: error: ‘class NavigationNode’ has no member named ‘get_parameter’
[22.391s]   131 |                         LowpassSamples_ = this->get_parameter("LowpassSamples").as_double();
[22.391s]       |                                                 ^~~~~~~~~~~~~
[22.392s] /home/neha/ros2_ws/src/semnav_migration/src/navigation.cpp:133:44: error: ‘class NavigationNode’ has no member named ‘get_parameter’
[22.392s]   133 |                         DebugFlag_ = this->get_parameter("DebugFlag").as_bool();
[22.392s]       |                                            ^~~~~~~~~~~~~
[22.392s] /home/neha/ros2_ws/src/semnav_migration/src/navigation.cpp:136:47: error: ‘class rclcpp::Node’ has no member named ‘advertise’
[22.392s]   136 |                         pub_behaviorID_ = nh_.advertise<std_msgs::UInt32>(pub_behaviorID_topic_, 1, true);
[22.392s]       |                                               ^~~~~~~~~
[22.394s] /home/neha/ros2_ws/src/semnav_migration/src/navigation.cpp:136:67: error: ‘UInt32’ is not a member of ‘std_msgs’
[22.394s]   136 |                         pub_behaviorID_ = nh_.advertise<std_msgs::UInt32>(pub_behaviorID_topic_, 1, true);
[22.394s]       |                                                                   ^~~~~~
[22.398s] /home/neha/ros2_ws/src/semnav_migration/src/navigation.cpp:137:49: error: ‘class rclcpp::Node’ has no member named ‘advertise’
[22.398s]   137 |                         pub_behaviorMode_ = nh_.advertise<std_msgs::UInt32>(pub_behaviorMode_topic_, 1, true);
[22.398s]       |                                                 ^~~~~~~~~
[22.399s] /home/neha/ros2_ws/src/semnav_migration/src/navigation.cpp:137:69: error: ‘UInt32’ is not a member of ‘std_msgs’
[22.399s]   137 |                         pub_behaviorMode_ = nh_.advertise<std_msgs::UInt32>(pub_behaviorMode_topic_, 1, true);
[22.399s]       |                                                                     ^~~~~~
[22.400s] /home/neha/ros2_ws/src/semnav_migration/src/navigation.cpp:138:42: error: ‘class rclcpp::Node’ has no member named ‘advertise’
[22.400s]   138 |                         pub_twist_ = nh_.advertise<geometry_msgs::Twist>(pub_twist_topic_, 1, true);
[22.400s]       |                                          ^~~~~~~~~
[22.404s] /home/neha/ros2_ws/src/semnav_migration/src/navigation.cpp:138:67: error: ‘Twist’ is not a member of ‘geometry_msgs’; did you mean ‘geometry_msgs::msg::Twist’?
[22.404s]   138 |                         pub_twist_ = nh_.advertise<geometry_msgs::Twist>(pub_twist_topic_, 1, true);
[22.404s]       |                                                                   ^~~~~
[22.406s] In file included from /opt/ros/jazzy/include/geometry_msgs/geometry_msgs/msg/detail/velocity_stamped__struct.hpp:25,
[22.406s]                  from /opt/ros/jazzy/include/geometry_msgs/geometry_msgs/msg/velocity_stamped.hpp:7,
[22.406s]                  from /opt/ros/jazzy/include/tf2/tf2/buffer_core.h:49,
[22.407s]                  from /opt/ros/jazzy/include/tf2_ros/tf2_ros/async_buffer_interface.h:39,
[22.407s]                  from /opt/ros/jazzy/include/tf2_ros/tf2_ros/buffer.h:42,
[22.407s]                  from /home/neha/ros2_ws/src/semnav_migration/include/reactive_planner_lib.h:38:
[22.407s] /opt/ros/jazzy/include/geometry_msgs/geometry_msgs/msg/detail/twist__struct.hpp:137:7: note: ‘geometry_msgs::msg::Twist’ declared here
[22.407s]   137 | using Twist =
[22.407s]       |       ^~~~~
[22.408s] /home/neha/ros2_ws/src/semnav_migration/src/navigation_semantic.cpp:173:25: error: ‘commandId’ was not declared in this scope
[22.408s]   173 |                         commandId.data = BehaviorIdCmd;
[22.408s]       |                         ^~~~~~~~~
[22.412s] /home/neha/ros2_ws/src/semnav_migration/src/navigation.cpp:141:66: error: ‘LaserScan’ is not a member of ‘sensor_msgs’; did you mean ‘sensor_msgs::msg::LaserScan’?
[22.412s]   141 |                         message_filters::Subscriber<sensor_msgs::LaserScan> sub_laser(nh_, sub_laser_topic_, 1);
[22.412s]       |                                                                  ^~~~~~~~~
[22.413s] In file included from /opt/ros/jazzy/include/sensor_msgs/sensor_msgs/msg/laser_scan.hpp:7,
[22.413s]                  from /home/neha/ros2_ws/src/semnav_migration/include/reactive_planner_lib.h:48:
[22.413s] /opt/ros/jazzy/include/sensor_msgs/sensor_msgs/msg/detail/laser_scan__struct.hpp:250:7: note: ‘sensor_msgs::msg::LaserScan’ declared here
[22.413s]   250 | using LaserScan =
[22.413s]       |       ^~~~~~~~~
[22.413s] /home/neha/ros2_ws/src/semnav_migration/src/navigation.cpp:141:75: error: template argument 1 is invalid
[22.413s]   141 |                         message_filters::Subscriber<sensor_msgs::LaserScan> sub_laser(nh_, sub_laser_topic_, 1);
[22.413s]       |                                                                           ^
[22.414s] /home/neha/ros2_ws/src/semnav_migration/src/navigation.cpp:141:111: error: expression list treated as compound expression in initializer [-fpermissive]
[22.414s]   141 |                         message_filters::Subscriber<sensor_msgs::LaserScan> sub_laser(nh_, sub_laser_topic_, 1);
[22.414s]       |                                                                                                               ^
[22.418s] /home/neha/ros2_ws/src/semnav_migration/src/navigation.cpp:142:63: error: ‘Odometry’ is not a member of ‘nav_msgs’; did you mean ‘nav_msgs::msg::Odometry’?
[22.418s]   142 |                         message_filters::Subscriber<nav_msgs::Odometry> sub_robot(nh_, sub_robot_topic_, 1);
[22.418s]       |                                                               ^~~~~~~~
[22.419s] In file included from /opt/ros/jazzy/include/nav_msgs/nav_msgs/msg/odometry.hpp:7,
[22.419s]                  from /home/neha/ros2_ws/src/semnav_migration/include/reactive_planner_lib.h:49:
[22.419s] /opt/ros/jazzy/include/nav_msgs/nav_msgs/msg/detail/odometry__struct.hpp:175:7: note: ‘nav_msgs::msg::Odometry’ declared here
[22.419s]   175 | using Odometry =
[22.419s]       |       ^~~~~~~~
[22.419s] /home/neha/ros2_ws/src/semnav_migration/src/navigation.cpp:142:71: error: template argument 1 is invalid
[22.419s]   142 |                         message_filters::Subscriber<nav_msgs::Odometry> sub_robot(nh_, sub_robot_topic_, 1);
[22.419s]       |                                                                       ^
[22.420s] /home/neha/ros2_ws/src/semnav_migration/src/navigation.cpp:142:107: error: expression list treated as compound expression in initializer [-fpermissive]
[22.420s]   142 |                         message_filters::Subscriber<nav_msgs::Odometry> sub_robot(nh_, sub_robot_topic_, 1);
[22.420s]       |                                                                                                           ^
[22.424s] /home/neha/ros2_ws/src/semnav_migration/src/navigation.cpp:143:94: error: ‘LaserScan’ is not a member of ‘sensor_msgs’; did you mean ‘sensor_msgs::msg::LaserScan’?
[22.424s]   143 |                         typedef message_filters::sync_policies::ApproximateTime<sensor_msgs::LaserScan,nav_msgs::Odometry> SyncPolicy;
[22.424s]       |                                                                                              ^~~~~~~~~
[22.425s] /opt/ros/jazzy/include/sensor_msgs/sensor_msgs/msg/detail/laser_scan__struct.hpp:250:7: note: ‘sensor_msgs::msg::LaserScan’ declared here
[22.425s]   250 | using LaserScan =
[22.425s]       |       ^~~~~~~~~
[22.427s] /home/neha/ros2_ws/src/semnav_migration/src/navigation.cpp:143:114: error: ‘Odometry’ is not a member of ‘nav_msgs’; did you mean ‘nav_msgs::msg::Odometry’?
[22.427s]   143 |                         typedef message_filters::sync_policies::ApproximateTime<sensor_msgs::LaserScan,nav_msgs::Odometry> SyncPolicy;
[22.427s]       |                                                                                                                  ^~~~~~~~
[22.428s] /opt/ros/jazzy/include/nav_msgs/nav_msgs/msg/detail/odometry__struct.hpp:175:7: note: ‘nav_msgs::msg::Odometry’ declared here
[22.428s]   175 | using Odometry =
[22.428s]       |       ^~~~~~~~
[22.428s] /home/neha/ros2_ws/src/semnav_migration/src/navigation.cpp:143:122: error: template argument 1 is invalid
[22.428s]   143 |                         typedef message_filters::sync_policies::ApproximateTime<sensor_msgs::LaserScan,nav_msgs::Odometry> SyncPolicy;
[22.428s]       |                                                                                                                          ^
[22.428s] /home/neha/ros2_ws/src/semnav_migration/src/navigation.cpp:143:122: error: template argument 2 is invalid
[22.434s] In file included from /home/neha/ros2_ws/src/semnav_migration/include/reactive_planner_lib.h:46:
[22.434s] /opt/ros/jazzy/include/message_filters/message_filters/synchronizer.h: In instantiation of ‘class message_filters::Synchronizer<int>’:
[22.434s] /home/neha/ros2_ws/src/semnav_migration/src/navigation.cpp:146:64:   required from here
[22.435s] /opt/ros/jazzy/include/message_filters/message_filters/synchronizer.h:53:7: error: base type ‘int’ fails to be a struct or class type
[22.435s]    53 | class Synchronizer : public noncopyable, public Policy
[22.435s]       |       ^~~~~~~~~~~~
[22.435s] /opt/ros/jazzy/include/message_filters/message_filters/synchronizer.h:56:37: error: ‘int’ is not a class, struct, or union type
[22.435s]    56 |   typedef typename Policy::Messages Messages;
[22.435s]       |                                     ^~~~~~~~
[22.435s] /opt/ros/jazzy/include/message_filters/message_filters/synchronizer.h:57:35: error: ‘int’ is not a class, struct, or union type
[22.435s]    57 |   typedef typename Policy::Events Events;
[22.436s]       |                                   ^~~~~~
[22.436s] /opt/ros/jazzy/include/message_filters/message_filters/synchronizer.h:58:35: error: ‘int’ is not a class, struct, or union type
[22.436s]    58 |   typedef typename Policy::Signal Signal;
[22.438s]       |                                   ^~~~~~
[22.438s] /opt/ros/jazzy/include/message_filters/message_filters/synchronizer.h:60:58: error: ‘int’ is not a class, struct, or union type
[22.438s]    60 |   typedef typename std::tuple_element<0, Messages>::type M0;
[22.438s]       |                                                          ^~
[22.439s] /opt/ros/jazzy/include/message_filters/message_filters/synchronizer.h:61:58: error: ‘int’ is not a class, struct, or union type
[22.439s]    61 |   typedef typename std::tuple_element<1, Messages>::type M1;
[22.439s]       |                                                          ^~
[22.439s] /opt/ros/jazzy/include/message_filters/message_filters/synchronizer.h:62:58: error: ‘int’ is not a class, struct, or union type
[22.439s]    62 |   typedef typename std::tuple_element<2, Messages>::type M2;
[22.439s]       |                                                          ^~
[22.439s] /opt/ros/jazzy/include/message_filters/message_filters/synchronizer.h:63:58: error: ‘int’ is not a class, struct, or union type
[22.439s]    63 |   typedef typename std::tuple_element<3, Messages>::type M3;
[22.440s]       |                                                          ^~
[22.440s] /opt/ros/jazzy/include/message_filters/message_filters/synchronizer.h:64:58: error: ‘int’ is not a class, struct, or union type
[22.440s]    64 |   typedef typename std::tuple_element<4, Messages>::type M4;
[22.440s]       |                                                          ^~
[22.442s] /opt/ros/jazzy/include/message_filters/message_filters/synchronizer.h:65:58: error: ‘int’ is not a class, struct, or union type
[22.442s]    65 |   typedef typename std::tuple_element<5, Messages>::type M5;
[22.442s]       |                                                          ^~
[22.443s] /opt/ros/jazzy/include/message_filters/message_filters/synchronizer.h:66:58: error: ‘int’ is not a class, struct, or union type
[22.443s]    66 |   typedef typename std::tuple_element<6, Messages>::type M6;
[22.443s]       |                                                          ^~
[22.443s] /opt/ros/jazzy/include/message_filters/message_filters/synchronizer.h:67:58: error: ‘int’ is not a class, struct, or union type
[22.443s]    67 |   typedef typename std::tuple_element<7, Messages>::type M7;
[22.443s]       |                                                          ^~
[22.443s] /opt/ros/jazzy/include/message_filters/message_filters/synchronizer.h:68:58: error: ‘int’ is not a class, struct, or union type
[22.443s]    68 |   typedef typename std::tuple_element<8, Messages>::type M8;
[22.444s]       |                                                          ^~
[22.444s] /opt/ros/jazzy/include/message_filters/message_filters/synchronizer.h:71:56: error: ‘int’ is not a class, struct, or union type
[22.444s]    71 |   typedef typename std::tuple_element<0, Events>::type M0Event;
[22.446s]       |                                                        ^~~~~~~
[22.446s] /opt/ros/jazzy/include/message_filters/message_filters/synchronizer.h:72:56: error: ‘int’ is not a class, struct, or union type
[22.446s]    72 |   typedef typename std::tuple_element<1, Events>::type M1Event;
[22.446s]       |                                                        ^~~~~~~
[22.447s] /opt/ros/jazzy/include/message_filters/message_filters/synchronizer.h:73:56: error: ‘int’ is not a class, struct, or union type
[22.447s]    73 |   typedef typename std::tuple_element<2, Events>::type M2Event;
[22.447s]       |                                                        ^~~~~~~
[22.447s] /opt/ros/jazzy/include/message_filters/message_filters/synchronizer.h:74:56: error: ‘int’ is not a class, struct, or union type
[22.447s]    74 |   typedef typename std::tuple_element<3, Events>::type M3Event;
[22.447s]       |                                                        ^~~~~~~
[22.447s] /opt/ros/jazzy/include/message_filters/message_filters/synchronizer.h:75:56: error: ‘int’ is not a class, struct, or union type
[22.447s]    75 |   typedef typename std::tuple_element<4, Events>::type M4Event;
[22.448s]       |                                                        ^~~~~~~
[22.448s] /opt/ros/jazzy/include/message_filters/message_filters/synchronizer.h:76:56: error: ‘int’ is not a class, struct, or union type
[22.448s]    76 |   typedef typename std::tuple_element<5, Events>::type M5Event;
[22.450s]       |                                                        ^~~~~~~
[22.450s] /opt/ros/jazzy/include/message_filters/message_filters/synchronizer.h:77:56: error: ‘int’ is not a class, struct, or union type
[22.450s]    77 |   typedef typename std::tuple_element<6, Events>::type M6Event;
[22.451s]       |                                                        ^~~~~~~
[22.451s] /opt/ros/jazzy/include/message_filters/message_filters/synchronizer.h:78:56: error: ‘int’ is not a class, struct, or union type
[22.451s]    78 |   typedef typename std::tuple_element<7, Events>::type M7Event;
[22.453s]       |                                                        ^~~~~~~
[22.453s] /opt/ros/jazzy/include/message_filters/message_filters/synchronizer.h:79:56: error: ‘int’ is not a class, struct, or union type
[22.453s]    79 |   typedef typename std::tuple_element<8, Events>::type M8Event;
[22.453s]       |                                                        ^~~~~~~
[22.454s] /opt/ros/jazzy/include/message_filters/message_filters/synchronizer.h:325:17: error: ‘int’ is not a class, namespace, or enumeration
[22.454s]   325 |   using Policy::add;
[22.454s]       |                 ^~~
[22.454s] /opt/ros/jazzy/include/message_filters/message_filters/synchronizer.h:328:8: error: ‘int’ is not a class, struct, or union type
[22.454s]   328 |   void add(const std::shared_ptr<typename std::tuple_element<i, Messages>::type const>& msg)
[22.454s]       |        ^~~
[22.454s] /opt/ros/jazzy/include/message_filters/message_filters/synchronizer.h:344:8: error: ‘int’ is not a class, struct, or union type
[22.454s]   344 |   void cb(const typename std::tuple_element<i, Events>::type& evt)
[22.455s]       |        ^~
[22.455s] /home/neha/ros2_ws/src/semnav_migration/src/navigation.cpp:147:55: error: ‘bind’ is not a member of ‘boost’; did you mean ‘find’?
[22.455s]   147 |                         sync->registerCallback(boost::bind(&NavigationNode::control_callback, this, _1, _2));
[22.457s]       |                                                       ^~~~
[22.457s]       |                                                       find
[22.457s] /home/neha/ros2_ws/src/semnav_migration/src/navigation.cpp:147:101: error: ‘_1’ was not declared in this scope
[22.457s]   147 |                         sync->registerCallback(boost::bind(&NavigationNode::control_callback, this, _1, _2));
[22.458s]       |                                                                                                     ^~
[22.458s] /home/neha/ros2_ws/src/semnav_migration/src/navigation.cpp:147:101: note: suggested alternatives:
[22.458s] In file included from /usr/include/boost/mpl/aux_/include_preprocessed.hpp:37,
[22.458s]                  from /usr/include/boost/mpl/placeholders.hpp:43,
[22.458s]                  from /usr/include/boost/iterator/iterator_categories.hpp:16,
[22.458s]                  from /usr/include/boost/iterator/iterator_facade.hpp:13,
[22.458s]                  from /usr/include/boost/range/iterator_range_core.hpp:27,
[22.458s]                  from /usr/include/boost/lexical_cast.hpp:48,
[22.459s]                  from /usr/include/boost/multiprecision/detail/number_base.hpp:29,
[22.459s]                  from /usr/include/boost/multiprecision/traits/is_variable_precision.hpp:9,
[22.459s]                  from /usr/include/boost/multiprecision/detail/precision.hpp:9,
[22.461s]                  from /usr/include/boost/multiprecision/number.hpp:11,
[22.461s]                  from /usr/include/boost/multiprecision/cpp_int.hpp:19,
[22.461s]                  from /usr/include/boost/multiprecision/cpp_bin_float.hpp:15,
[22.461s]                  from /usr/include/boost/geometry/core/coordinate_promotion.hpp:16,
[22.462s]                  from /usr/include/boost/geometry/core/radian_access.hpp:30,
[22.462s]                  from /usr/include/boost/geometry/geometry.hpp:50,
[22.462s]                  from /usr/include/boost/geometry.hpp:17,
[22.462s]                  from /home/neha/ros2_ws/src/semnav_migration/include/reactive_planner_lib.h:26:
[22.462s] /usr/include/boost/mpl/aux_/preprocessed/gcc/placeholders.hpp:29:16: note:   ‘mpl_::_1’
[22.462s]    29 | typedef arg<1> _1;
[22.462s]       |                ^~
[22.462s] In file included from /usr/include/boost/numeric/conversion/converter_policies.hpp:13,
[22.463s]                  from /usr/include/boost/numeric/conversion/converter.hpp:14,
[22.463s]                  from /usr/include/boost/numeric/conversion/cast.hpp:33,
[22.463s]                  from /usr/include/boost/geometry/core/radian_access.hpp:26:
[22.465s] /usr/include/c++/13/functional:294:48: note:   ‘std::placeholders::_1’
[22.465s]   294 |     _GLIBCXX_PLACEHOLDER const _Placeholder<1> _1;
[22.465s]       |                                                ^~
[22.465s] /usr/include/boost/mpl/aux_/preprocessed/gcc/placeholders.hpp:29:16: note:   ‘mpl_::_1’
[22.466s]    29 | typedef arg<1> _1;
[22.466s]       |                ^~
[22.466s] In file included from /usr/include/boost/describe/members.hpp:20,
[22.466s]                  from /usr/include/boost/container_hash/is_described_class.hpp:11,
[22.466s]                  from /usr/include/boost/container_hash/hash.hpp:18,
[22.466s]                  from /usr/include/boost/functional/hash.hpp:6,
[22.466s]                  from /usr/include/CGAL/Kernel/hash_functions.h:16,
[22.466s]                  from /usr/include/CGAL/Kernel/global_functions.h:25,
[22.466s]                  from /usr/include/CGAL/Cartesian/Cartesian_base.h:22,
[22.467s]                  from /usr/include/CGAL/Simple_cartesian.h:20,
[22.467s]                  from /usr/include/CGAL/Exact_predicates_inexact_constructions_kernel.h:20,
[22.467s]                  from /home/neha/ros2_ws/src/semnav_migration/include/polygeom_lib.h:32,
[22.469s]                  from /home/neha/ros2_ws/src/semnav_migration/include/reactive_planner_lib.h:53:
[22.469s] /usr/include/boost/mp11/bind.hpp:45:7: note:   ‘boost::mp11::_1’
[22.469s]    45 | using _1 = mp_arg<0>;
[22.469s]       |       ^~
[22.470s] /usr/include/boost/mpl/aux_/preprocessed/gcc/placeholders.hpp:29:16: note:   ‘mpl_::_1’
[22.470s]    29 | typedef arg<1> _1;
[22.470s]       |                ^~
[22.470s] /home/neha/ros2_ws/src/semnav_migration/src/navigation.cpp:147:105: error: ‘_2’ was not declared in this scope
[22.470s]   147 |                         sync->registerCallback(boost::bind(&NavigationNode::control_callback, this, _1, _2));
[22.470s]       |                                                                                                         ^~
[22.470s] /home/neha/ros2_ws/src/semnav_migration/src/navigation.cpp:147:105: note: suggested alternatives:
[22.470s] /usr/include/boost/mpl/aux_/preprocessed/gcc/placeholders.hpp:42:16: note:   ‘mpl_::_2’
[22.471s]    42 | typedef arg<2> _2;
[22.471s]       |                ^~
[22.473s] /usr/include/c++/13/functional:295:48: note:   ‘std::placeholders::_2’
[22.473s]   295 |     _GLIBCXX_PLACEHOLDER const _Placeholder<2> _2;
[22.473s]       |                                                ^~
[22.473s] /usr/include/boost/mpl/aux_/preprocessed/gcc/placeholders.hpp:42:16: note:   ‘mpl_::_2’
[22.474s]    42 | typedef arg<2> _2;
[22.474s]       |                ^~
[22.474s] /usr/include/boost/mp11/bind.hpp:46:7: note:   ‘boost::mp11::_2’
[22.474s]    46 | using _2 = mp_arg<1>;
[22.474s]       |       ^~
[22.474s] /usr/include/boost/mpl/aux_/preprocessed/gcc/placeholders.hpp:42:16: note:   ‘mpl_::_2’
[22.474s]    42 | typedef arg<2> _2;
[22.474s]       |                ^~
[22.474s] /home/neha/ros2_ws/src/semnav_migration/src/navigation.cpp:149:65: error: ‘class rclcpp::Node’ has no member named ‘subscribe’
[22.475s]   149 |                         rclcpp::Subscription sub_semantic = nh_.subscribe(sub_semantic_topic_, 1, &NavigationNode::diffeo_tree_update, this);
[22.475s]       |                                                                 ^~~~~~~~~
[22.475s] /home/neha/ros2_ws/src/semnav_migration/src/navigation.cpp:153:45: error: no matching function for call to ‘rclcpp::Duration::Duration(double)’
[22.477s]   153 |                         rclcpp::Duration(5.0).sleep();
[22.477s]       |                                             ^
[22.477s] In file included from /opt/ros/jazzy/include/rclcpp/rclcpp/time.hpp:24,
[22.477s]                  from /opt/ros/jazzy/include/rclcpp/rclcpp/clock.hpp:24,
[22.478s]                  from /opt/ros/jazzy/include/rclcpp/rclcpp/client.hpp:38,
[22.478s]                  from /opt/ros/jazzy/include/rclcpp/rclcpp/callback_group.hpp:24,
[22.478s]                  from /opt/ros/jazzy/include/rclcpp/rclcpp/any_executable.hpp:20,
[22.478s]                  from /opt/ros/jazzy/include/rclcpp/rclcpp/memory_strategy.hpp:25,
[22.478s]                  from /opt/ros/jazzy/include/rclcpp/rclcpp/memory_strategies.hpp:18,
[22.478s]                  from /opt/ros/jazzy/include/rclcpp/rclcpp/executor_options.hpp:22,
[22.478s]                  from /opt/ros/jazzy/include/rclcpp/rclcpp/executor.hpp:38,
[22.478s]                  from /opt/ros/jazzy/include/rclcpp/rclcpp/executors/multi_threaded_executor.hpp:25,
[22.479s]                  from /opt/ros/jazzy/include/rclcpp/rclcpp/executors.hpp:21,
[22.479s]                  from /opt/ros/jazzy/include/rclcpp/rclcpp/rclcpp.hpp:172:
[22.479s] /opt/ros/jazzy/include/rclcpp/rclcpp/duration.hpp:49:3: note: candidate: ‘template<class Rep, class Period> rclcpp::Duration::Duration(const std::chrono::duration<_Rep1, _Period1>&)’
[22.481s]    49 |   Duration(const std::chrono::duration<Rep, Period> & duration)  // NOLINT(runtime/explicit)
[22.481s]       |   ^~~~~~~~
[22.481s] /opt/ros/jazzy/include/rclcpp/rclcpp/duration.hpp:49:3: note:   template argument deduction/substitution failed:
[22.481s] /home/neha/ros2_ws/src/semnav_migration/src/navigation.cpp:153:45: note:   mismatched types ‘const std::chrono::duration<_Rep1, _Period1>’ and ‘double’
[22.482s]   153 |                         rclcpp::Duration(5.0).sleep();
[22.482s]       |                                             ^
[22.482s] /opt/ros/jazzy/include/rclcpp/rclcpp/duration.hpp:159:3: note: candidate: ‘rclcpp::Duration::Duration()’
[22.482s]   159 |   Duration() = default;
[22.482s]       |   ^~~~~~~~
[22.482s] /opt/ros/jazzy/include/rclcpp/rclcpp/duration.hpp:159:3: note:   candidate expects 0 arguments, 1 provided
[22.482s] /opt/ros/jazzy/include/rclcpp/rclcpp/duration.hpp:62:3: note: candidate: ‘rclcpp::Duration::Duration(const rclcpp::Duration&)’
[22.482s]    62 |   Duration(const Duration & rhs);
[22.483s]       |   ^~~~~~~~
[22.483s] /opt/ros/jazzy/include/rclcpp/rclcpp/duration.hpp:62:29: note:   no known conversion for argument 1 from ‘double’ to ‘const rclcpp::Duration&’
[22.483s]    62 |   Duration(const Duration & rhs);
[22.485s]       |            ~~~~~~~~~~~~~~~~~^~~
[22.485s] /opt/ros/jazzy/include/rclcpp/rclcpp/duration.hpp:60:12: note: candidate: ‘rclcpp::Duration::Duration(const rcl_duration_t&)’
[22.485s]    60 |   explicit Duration(const rcl_duration_t & duration);
[22.485s]       |            ^~~~~~~~
[22.486s] /opt/ros/jazzy/include/rclcpp/rclcpp/duration.hpp:60:44: note:   no known conversion for argument 1 from ‘double’ to ‘const rcl_duration_t&’ {aka ‘const rcl_duration_s&’}
[22.486s]    60 |   explicit Duration(const rcl_duration_t & duration);
[22.486s]       |                     ~~~~~~~~~~~~~~~~~~~~~~~^~~~~~~~
[22.486s] /opt/ros/jazzy/include/rclcpp/rclcpp/duration.hpp:54:3: note: candidate: ‘rclcpp::Duration::Duration(const builtin_interfaces::msg::Duration&)’
[22.486s]    54 |   Duration(const builtin_interfaces::msg::Duration & duration_msg);  // NOLINT(runtime/explicit)
[22.486s]       |   ^~~~~~~~
[22.486s] /opt/ros/jazzy/include/rclcpp/rclcpp/duration.hpp:54:54: note:   no known conversion for argument 1 from ‘double’ to ‘const builtin_interfaces::msg::Duration&’ {aka ‘const builtin_interfaces::msg::Duration_<std::allocator<void> >&’}
[22.486s]    54 |   Duration(const builtin_interfaces::msg::Duration & duration_msg);  // NOLINT(runtime/explicit)
[22.487s]       |            ~~~~~~~~~~~~~~~~~~~~~~~~~~~~~~~~~~~~~~~~~~^~~~~~~~~~~~
[22.487s] /opt/ros/jazzy/include/rclcpp/rclcpp/duration.hpp:43:12: note: candidate: ‘rclcpp::Duration::Duration(std::chrono::nanoseconds)’
[22.487s]    43 |   explicit Duration(std::chrono::nanoseconds nanoseconds);
[22.489s]       |            ^~~~~~~~
[22.489s] /opt/ros/jazzy/include/rclcpp/rclcpp/duration.hpp:43:46: note:   no known conversion for argument 1 from ‘double’ to ‘std::chrono::nanoseconds’ {aka ‘std::chrono::duration<long int, std::ratio<1, 1000000000> >’}
[22.489s]    43 |   explicit Duration(std::chrono::nanoseconds nanoseconds);
[22.489s]       |                     ~~~~~~~~~~~~~~~~~~~~~~~~~^~~~~~~~~~~
[22.490s] /opt/ros/jazzy/include/rclcpp/rclcpp/duration.hpp:40:3: note: candidate: ‘rclcpp::Duration::Duration(int32_t, uint32_t)’
[22.490s]    40 |   Duration(int32_t seconds, uint32_t nanoseconds);
[22.490s]       |   ^~~~~~~~
[22.490s] /opt/ros/jazzy/include/rclcpp/rclcpp/duration.hpp:40:3: note:   candidate expects 2 arguments, 1 provided
[22.495s] /home/neha/ros2_ws/src/semnav_migration/src/navigation_semantic.cpp:174:25: error: ‘pub_behaviorID_’ was not declared in this scope; did you mean ‘pub_behaviorID_topic_’?
[22.495s]   174 |                         pub_behaviorID_.publish(commandId);
[22.495s]       |                         ^~~~~~~~~~~~~~~
[22.495s]       |                         pub_behaviorID_topic_
[22.501s] /home/neha/ros2_ws/src/semnav_migration/src/navigation_semantic.cpp: In member function ‘void SemanticNavigationNode::publish_behavior_mode(uint16_t)’:
[22.501s] /home/neha/ros2_ws/src/semnav_migration/src/navigation_semantic.cpp:179:28: error: ‘UInt32’ is not a member of ‘std_msgs::msg’
[22.501s]   179 |             std_msgs::msg::UInt32 commandMode;
[22.502s]       |                            ^~~~~~
[22.511s] /home/neha/ros2_ws/src/semnav_migration/src/navigation.cpp:160:38: error: ‘node_ptr’ was not declared in this scope; did you mean ‘mode_t’?
[22.511s]   160 |                         rclcpp::spin(node_ptr);
[22.511s]       |                                      ^~~~~~~~
[22.512s]       |                                      mode_t
[22.517s] /home/neha/ros2_ws/src/semnav_migration/src/navigation.cpp: In member function ‘void NavigationNode::publish_behavior_id(uint16_t)’:
[22.517s] /home/neha/ros2_ws/src/semnav_migration/src/navigation.cpp:172:28: error: ‘UInt32’ is not a member of ‘std_msgs::msg’
[22.518s]   172 |             std_msgs::msg::UInt32 commandId;
[22.518s]       |                            ^~~~~~
[22.564s] /home/neha/ros2_ws/src/semnav_migration/src/navigation.cpp:173:25: error: ‘commandId’ was not declared in this scope
[22.564s]   173 |                         commandId.data = BehaviorIdCmd;
[22.564s]       |                         ^~~~~~~~~
[22.565s] /home/neha/ros2_ws/src/semnav_migration/src/navigation_semantic.cpp:180:25: error: ‘commandMode’ was not declared in this scope
[22.565s]   180 |                         commandMode.data = BehaviorModeCmd;
[22.566s]       |                         ^~~~~~~~~~~
[22.569s] /home/neha/ros2_ws/src/semnav_migration/src/navigation.cpp: In member function ‘void NavigationNode::publish_behavior_mode(uint16_t)’:
[22.569s] /home/neha/ros2_ws/src/semnav_migration/src/navigation.cpp:179:40: error: ‘UInt32’ is not a member of ‘std_msgs::msg’
[22.569s]   179 |                         std_msgs::msg::UInt32 commandMode;
[22.570s]       |                                        ^~~~~~
[22.630s] /home/neha/ros2_ws/src/semnav_migration/src/navigation.cpp:180:25: error: ‘commandMode’ was not declared in this scope
[22.630s]   180 |                         commandMode.data = BehaviorModeCmd;
[22.630s]       |                         ^~~~~~~~~~~
[22.661s] /home/neha/ros2_ws/src/semnav_migration/src/navigation_semantic.cpp:181:25: error: ‘pub_behaviorMode_’ was not declared in this scope; did you mean ‘pub_behaviorMode_topic_’?
[22.661s]   181 |                         pub_behaviorMode_.publish(commandMode);
[22.662s]       |                         ^~~~~~~~~~~~~~~~~
[22.662s]       |                         pub_behaviorMode_topic_
[22.716s] /home/neha/ros2_ws/src/semnav_migration/src/navigation_semantic.cpp: In member function ‘void SemanticNavigationNode::control_callback(const sensor_msgs::msg::LaserScan_<std::allocator<void> >::ConstPtr&, const nav_msgs::msg::Odometry_<std::allocator<void> >::ConstPtr&)’:
[22.716s] /home/neha/ros2_ws/src/semnav_migration/src/navigation_semantic.cpp:395:46: error: ‘ros’ has not been declared
[22.716s]   395 |                         double before_time = ros::Time::now().toSec();
[22.716s]       |                                              ^~~
[22.720s] /home/neha/ros2_ws/src/semnav_migration/src/navigation_semantic.cpp:398:40: error: ‘PoseStamped’ is not a member of ‘geometry_msgs’
[22.720s]   398 |                         geometry_msgs::PoseStamped odomPose, mapPose;
[22.720s]       |                                        ^~~~~~~~~~~
[22.767s] /home/neha/ros2_ws/src/semnav_migration/src/navigation_semantic.cpp:399:25: error: ‘odomPose’ was not declared in this scope
[22.767s]   399 |                         odomPose.header.stamp = ros::Time(0);
[22.767s]       |                         ^~~~~~~~
[22.768s] /home/neha/ros2_ws/src/semnav_migration/src/navigation_semantic.cpp:399:49: error: ‘ros’ has not been declared
[22.768s]   399 |                         odomPose.header.stamp = ros::Time(0);
[22.768s]       |                                                 ^~~
[22.823s] /home/neha/ros2_ws/src/semnav_migration/src/navigation_semantic.cpp:403:33: error: ‘listener_’ was not declared in this scope
[22.824s]   403 |                                 listener_.waitForTransform(world_frame_id_, odom_frame_id_, ros::Time(0), ros::Duration(1.0));
[22.824s]       |                                 ^~~~~~~~~
[22.824s] /home/neha/ros2_ws/src/semnav_migration/src/navigation_semantic.cpp:403:93: error: ‘ros’ has not been declared
[22.824s]   403 |                                 listener_.waitForTransform(world_frame_id_, odom_frame_id_, ros::Time(0), ros::Duration(1.0));
[22.824s]       |                                                                                             ^~~
[22.824s] /home/neha/ros2_ws/src/semnav_migration/src/navigation_semantic.cpp:403:107: error: ‘ros’ has not been declared
[22.824s]   403 |                                 listener_.waitForTransform(world_frame_id_, odom_frame_id_, ros::Time(0), ros::Duration(1.0));
[22.825s]       |                                                                                                           ^~~
[22.864s] /home/neha/ros2_ws/src/semnav_migration/src/navigation_semantic.cpp:404:84: error: ‘mapPose’ was not declared in this scope
[22.864s]   404 |                                 listener_.transformPose(world_frame_id_, odomPose, mapPose);
[22.865s]       |                                                                                    ^~~~~~~
[22.869s] /home/neha/ros2_ws/src/semnav_migration/src/navigation_semantic.cpp:405:34: error: ‘tf’ does not name a type; did you mean ‘tm’?
[22.869s]   405 |                         } catch (tf::TransformException &ex) {
[22.869s]       |                                  ^~
[22.869s]       |                                  tm
[22.869s] /home/neha/ros2_ws/src/semnav_migration/src/navigation_semantic.cpp:405:57: error: expected unqualified-id before ‘&’ token
[22.869s]   405 |                         } catch (tf::TransformException &ex) {
[22.870s]       |                                                         ^
[22.870s] /home/neha/ros2_ws/src/semnav_migration/src/navigation_semantic.cpp:405:57: error: expected ‘)’ before ‘&’ token
[22.870s] /home/neha/ros2_ws/src/semnav_migration/src/navigation_semantic.cpp:405:33: note: to match this ‘(’
[22.870s]   405 |                         } catch (tf::TransformException &ex) {
[22.870s]       |                                 ^
[22.870s] /home/neha/ros2_ws/src/semnav_migration/src/navigation_semantic.cpp:405:57: error: expected ‘{’ before ‘&’ token
[22.870s]   405 |                         } catch (tf::TransformException &ex) {
[22.870s]       |                                                         ^
[22.905s] /home/neha/ros2_ws/src/semnav_migration/src/navigation_semantic.cpp:405:58: error: ‘ex’ was not declared in this scope; did you mean ‘exp’?
[22.905s]   405 |                         } catch (tf::TransformException &ex) {
[22.905s]       |                                                          ^~
[22.905s]       |                                                          exp
[22.905s] /home/neha/ros2_ws/src/semnav_migration/src/navigation_semantic.cpp:411:25: error: ‘tf’ has not been declared
[22.905s]   411 |                         tf::Quaternion rotation = tf::Quaternion(mapPose.pose.orientation.x,
[22.906s]       |                         ^~
[22.906s] /home/neha/ros2_ws/src/semnav_migration/src/navigation_semantic.cpp:415:25: error: ‘tf’ has not been declared
[22.906s]   415 |                         tf::Matrix3x3 m(rotation);
[22.906s]       |                         ^~
[22.941s] /home/neha/ros2_ws/src/semnav_migration/src/navigation_semantic.cpp:417:25: error: ‘m’ was not declared in this scope; did you mean ‘tm’?
[22.941s]   417 |                         m.getRPY(roll, pitch, yaw);
[22.942s]       |                         ^
[22.942s]       |                         tm
[22.982s] /home/neha/ros2_ws/src/semnav_migration/src/navigation_semantic.cpp:418:51: error: ‘mapPose’ was not declared in this scope
[22.982s]   418 |                         double x_robot_position = mapPose.pose.position.x;
[22.983s]       |                                                   ^~~~~~~
[22.988s] /home/neha/ros2_ws/src/semnav_migration/src/navigation_semantic.cpp:431:42: error: could not convert ‘lidar_data’ from ‘shared_ptr<LaserScan_<[...]>>’ to ‘shared_ptr<LaserScan_<[...]>>’
[22.988s]   431 |                         constructLIDAR2D(lidar_data, CutoffRange_, AllowableRange_, RobotPitch_, &LIDAR);
[22.989s]       |                                          ^~~~~~~~~~
[22.989s]       |                                          |
[22.989s]       |                                          shared_ptr<LaserScan_<[...]>>
[23.007s] /home/neha/ros2_ws/src/semnav_migration/src/navigation_semantic.cpp:561:96: error: invalid operands of types ‘const char [53]’ and ‘double’ to binary ‘operator<<’
[23.007s]   561 |                         ROS_WARN_STREAM("[Navigation] Diffeomorphism jacobian determinant is " << MatrixDeterminant(RobotPositionTransformedD) << ", robot position is " << bg::dsv(RobotPosition_) << " and robot positon in model space is " << bg::dsv(RobotPositionTransformedPoint));
[23.007s]       |                                         ~~~~~~~~~~~~~~~~~~~~~~~~~~~~~~~~~~~~~~~~~~~~~~~~~~~~~~ ^~ ~~~~~~~~~~~~~~~~~~~~~~~~~~~~~~~~~~~~~~~~~~~~
[23.008s]       |                                         |                                                                          |
[23.008s]       |                                         const char [53]                                                            double
[23.107s] /home/neha/ros2_ws/src/semnav_migration/src/navigation_semantic.cpp:561:25: error: ‘ROS_WARN_STREAM’ was not declared in this scope; did you mean ‘RCLCPP_WARN_STREAM’?
[23.108s]   561 |                         ROS_WARN_STREAM("[Navigation] Diffeomorphism jacobian determinant is " << MatrixDeterminant(RobotPositionTransformedD) << ", robot position is " << bg::dsv(RobotPosition_) << " and robot positon in model space is " << bg::dsv(RobotPositionTransformedPoint));
[23.108s]       |                         ^~~~~~~~~~~~~~~
[23.108s]       |                         RCLCPP_WARN_STREAM
[23.108s] /home/neha/ros2_ws/src/semnav_migration/src/navigation_semantic.cpp:590:41: error: ‘ros’ has not been declared
[23.108s]   590 |                                         ros::Duration(5.0).sleep();
[23.108s]       |                                         ^~~
[23.115s] /home/neha/ros2_ws/src/semnav_migration/src/navigation_semantic.cpp:615:75: error: invalid operands of types ‘const char [32]’ and ‘double’ to binary ‘operator<<’
[23.116s]   615 |                         ROS_WARN_STREAM("[Navigation] Linear command is " << LinearCmd << " and angular command is " << AngularCmd);
[23.116s]       |                                         ~~~~~~~~~~~~~~~~~~~~~~~~~~~~~~~~~ ^~ ~~~~~~~~~
[23.116s]       |                                         |                                    |
[23.116s]       |                                         const char [32]                      double
[23.116s] /home/neha/ros2_ws/src/semnav_migration/src/navigation_semantic.cpp:616:76: error: invalid operands of types ‘const char [33]’ and ‘int’ to binary ‘operator<<’
[23.116s]   616 |                         ROS_WARN_STREAM("[Navigation] Command update for " << int(localDiffeoTreeArray.size()) << " polygons in " << ros::Time::now().toSec()-before_time << " seconds.");
[23.116s]       |                                         ~~~~~~~~~~~~~~~~~~~~~~~~~~~~~~~~~~ ^~ ~~~~~~~~~~~~~~~~~~~~~~~~~~~~~~~~
[23.117s]       |                                         |                                     |
[23.117s]       |                                         const char [33]                       int
[23.117s] /home/neha/ros2_ws/src/semnav_migration/src/navigation_semantic.cpp:616:134: error: ‘ros’ has not been declared
[23.120s]   616 |                         ROS_WARN_STREAM("[Navigation] Command update for " << int(localDiffeoTreeArray.size()) << " polygons in " << ros::Time::now().toSec()-before_time << " seconds.");
[23.121s]       |                                                                                                                                      ^~~
[23.121s] /home/neha/ros2_ws/src/semnav_migration/src/navigation_semantic.cpp: In function ‘int main(int, char**)’:
[23.121s] /home/neha/ros2_ws/src/semnav_migration/src/navigation_semantic.cpp:697:9: error: ‘ros’ has not been declared
[23.121s]   697 |         ros::init(argc, argv, "navigation_semantic");
[23.121s]       |         ^~~
[23.121s] /home/neha/ros2_ws/src/semnav_migration/src/navigation_semantic.cpp:700:9: error: ‘ros’ has not been declared
[23.121s]   700 |         ros::NodeHandle nh("~");
[23.121s]       |         ^~~
[23.140s] /home/neha/ros2_ws/src/semnav_migration/src/navigation_semantic.cpp:703:56: error: ‘nh’ was not declared in this scope
[23.140s]   703 |         SemanticNavigationNode semanticNavigationNode(&nh);
[23.141s]       |                                                        ^~
[26.997s] gmake[2]: *** [CMakeFiles/navigation.dir/build.make:76: CMakeFiles/navigation.dir/src/navigation.cpp.o] Error 1
[26.997s] gmake[1]: *** [CMakeFiles/Makefile2:181: CMakeFiles/navigation.dir/all] Error 2
[26.997s] gmake[1]: *** Waiting for unfinished jobs....
[29.855s] gmake[2]: *** [CMakeFiles/navigation_semantic.dir/build.make:76: CMakeFiles/navigation_semantic.dir/src/navigation_semantic.cpp.o] Error 1
[29.856s] gmake[1]: *** [CMakeFiles/Makefile2:207: CMakeFiles/navigation_semantic.dir/all] Error 2
[29.856s] gmake: *** [Makefile:146: all] Error 2
[29.859s] Invoked command in '/home/neha/ros2_ws/src/semnav_migration/build/semnav' returned '2': CMAKE_PREFIX_PATH=${CMAKE_PREFIX_PATH}:/opt/ros/jazzy DEBUGINFOD_URLS=https://debuginfod.ubuntu.com /usr/bin/cmake --build /home/neha/ros2_ws/src/semnav_migration/build/semnav -- -j2 -l2
