[0.026s] Invoking command in '/home/neha/ros2_ws/src/semnav_migration/build/semnav': CMAKE_PREFIX_PATH=${CMAKE_PREFIX_PATH}:/opt/ros/jazzy DEBUGINFOD_URLS=https://debuginfod.ubuntu.com /usr/bin/cmake --build /home/neha/ros2_ws/src/semnav_migration/build/semnav -- -j2 -l2
[0.078s] -- Found ament_cmake: 2.5.0 (/opt/ros/jazzy/share/ament_cmake/cmake)
[0.505s] -- Found rclcpp: 28.1.2 (/opt/ros/jazzy/share/rclcpp/cmake)
[0.557s] -- Found rosidl_generator_c: 4.6.2 (/opt/ros/jazzy/share/rosidl_generator_c/cmake)
[0.577s] -- Found rosidl_generator_cpp: 4.6.2 (/opt/ros/jazzy/share/rosidl_generator_cpp/cmake)
[0.602s] -- Using all available rosidl_typesupport_c: rosidl_typesupport_fastrtps_c;rosidl_typesupport_introspection_c
[0.631s] -- Using all available rosidl_typesupport_cpp: rosidl_typesupport_fastrtps_cpp;rosidl_typesupport_introspection_cpp
[0.768s] -- Found rmw_implementation_cmake: 7.3.1 (/opt/ros/jazzy/share/rmw_implementation_cmake/cmake)
[0.771s] -- Found rmw_fastrtps_cpp: 8.4.0 (/opt/ros/jazzy/share/rmw_fastrtps_cpp/cmake)
[0.899s] -- Using RMW implementation 'rmw_fastrtps_cpp' as default
[1.040s] -- Found sensor_msgs: 5.3.5 (/opt/ros/jazzy/share/sensor_msgs/cmake)
[1.166s] -- Found nav_msgs: 5.3.5 (/opt/ros/jazzy/share/nav_msgs/cmake)
[1.226s] -- Found tf2: 0.36.4 (/opt/ros/jazzy/share/tf2/cmake)
[1.234s] -- Found tf2_ros: 0.36.4 (/opt/ros/jazzy/share/tf2_ros/cmake)
[1.479s] -- Found object_pose_interface_msgs: 0.0.0 (/home/neha/ros2_ws/src/install/object_pose_interface_msgs/share/object_pose_interface_msgs/cmake)
[1.539s] -- Found Boost: /usr/lib/x86_64-linux-gnu/cmake/Boost-1.83.0/BoostConfig.cmake (found version "1.83.0") found components: system 
[1.547s] -- Using header-only CGAL
[1.549s] -- Targeting Unix Makefiles
[1.549s] -- Using /usr/bin/c++ compiler.
[1.563s] -- Found Boost: /usr/lib/x86_64-linux-gnu/cmake/Boost-1.83.0/BoostConfig.cmake (found suitable version "1.83.0", minimum required is "1.66")  
[1.564s] -- Boost include dirs: /usr/include
[1.565s] -- Boost libraries:    
[1.569s] -- Using gcc version 4 or later. Adding -frounding-math
[2.461s] CMake Warning at /usr/lib/x86_64-linux-gnu/cmake/CGAL/CGAL_enable_end_of_configuration_hook.cmake:93 (message):
[2.461s]   =======================================================================
[2.461s] 
[2.462s]   CGAL performance notice:
[2.462s] 
[2.462s]   The variable CMAKE_BUILD_TYPE is set to "".  For performance reasons, you
[2.462s]   should set CMAKE_BUILD_TYPE to "Release".
[2.462s] 
[2.462s]   Set CGAL_DO_NOT_WARN_ABOUT_CMAKE_BUILD_TYPE to TRUE if you want to disable
[2.462s]   this warning.
[2.463s] 
[2.463s]   =======================================================================
[2.463s] Call Stack (most recent call first):
[2.463s]   /usr/lib/x86_64-linux-gnu/cmake/CGAL/CGAL_enable_end_of_configuration_hook.cmake:163 (CGAL_hook_check_CMAKE_BUILD_TYPE)
[2.463s]   CMakeLists.txt:DEFERRED
[2.463s] 
[2.463s] 
[2.463s] -- Configuring done (2.4s)
[4.059s] -- Generating done (1.2s)
[4.066s] -- Build files have been written to: /home/neha/ros2_ws/src/semnav_migration/build/semnav
[4.225s] [ 14%] Built target reactive_planner
[4.339s] [ 19%] Building CXX object CMakeFiles/navigation.dir/src/navigation.cpp.o
[4.341s] [ 23%] Building CXX object CMakeFiles/navigation_semantic.dir/src/navigation_semantic.cpp.o
[25.366s] /home/neha/ros2_ws/src/semnav_migration/src/navigation.cpp:664:22: error: ‘TransformListener’ in namespace ‘tf2’ does not name a type
[25.366s]   664 |                 tf2::TransformListener listener_;
[25.366s]       |                      ^~~~~~~~~~~~~~~~~
[25.370s] /home/neha/ros2_ws/src/semnav_migration/src/navigation.cpp: In constructor ‘NavigationNode::NavigationNode()’:
[25.370s] /home/neha/ros2_ws/src/semnav_migration/src/navigation.cpp:47:63: error: no matching function for call to ‘rclcpp::Node::Node()’
[25.370s]    47 |         NavigationNode() : Node(std::string("navigation_node")) {
[25.370s]       |                                                               ^
[25.371s] In file included from /opt/ros/jazzy/include/rclcpp/rclcpp/executors/single_threaded_executor.hpp:28,
[25.371s]                  from /opt/ros/jazzy/include/rclcpp/rclcpp/executors.hpp:22,
[25.371s]                  from /opt/ros/jazzy/include/rclcpp/rclcpp/rclcpp.hpp:172,
[25.371s]                  from /home/neha/ros2_ws/src/semnav_migration/include/reactive_planner_lib.h:32,
[25.372s]                  from /home/neha/ros2_ws/src/semnav_migration/src/navigation.cpp:25:
[25.372s] /opt/ros/jazzy/include/rclcpp/rclcpp/node.hpp:1629:3: note: candidate: ‘rclcpp::Node::Node(const rclcpp::Node&, const std::string&)’
[25.372s]  1629 |   Node(
[25.372s]       |   ^~~~
[25.372s] /opt/ros/jazzy/include/rclcpp/rclcpp/node.hpp:1629:3: note:   candidate expects 2 arguments, 0 provided
[25.372s] /opt/ros/jazzy/include/rclcpp/rclcpp/node.hpp:103:12: note: candidate: ‘rclcpp::Node::Node(const std::string&, const std::string&, const rclcpp::NodeOptions&)’
[25.372s]   103 |   explicit Node(
[25.372s]       |            ^~~~
[25.373s] /opt/ros/jazzy/include/rclcpp/rclcpp/node.hpp:103:12: note:   candidate expects 3 arguments, 0 provided
[25.375s] /opt/ros/jazzy/include/rclcpp/rclcpp/node.hpp:91:12: note: candidate: ‘rclcpp::Node::Node(const std::string&, const rclcpp::NodeOptions&)’
[25.375s]    91 |   explicit Node(
[25.375s]       |            ^~~~
[25.375s] /opt/ros/jazzy/include/rclcpp/rclcpp/node.hpp:91:12: note:   candidate expects 2 arguments, 0 provided
[25.487s] /home/neha/ros2_ws/src/semnav_migration/src/navigation.cpp:139:13: error: ‘pub_behaviorID_’ was not declared in this scope; did you mean ‘pub_behaviorID_topic_’?
[25.487s]   139 |             pub_behaviorID_ = this->create_publisher<std_msgs::msg::UInt32>("pub_behaviorID_topic_", 1);
[25.487s]       |             ^~~~~~~~~~~~~~~
[25.487s]       |             pub_behaviorID_topic_
[25.491s] /home/neha/ros2_ws/src/semnav_migration/src/navigation.cpp:139:69: error: ‘UInt32’ is not a member of ‘std_msgs::msg’
[25.491s]   139 |             pub_behaviorID_ = this->create_publisher<std_msgs::msg::UInt32>("pub_behaviorID_topic_", 1);
[25.491s]       |                                                                     ^~~~~~
[25.491s] /home/neha/ros2_ws/src/semnav_migration/src/navigation.cpp:139:76: error: no matching function for call to ‘NavigationNode::create_publisher<<expression error> >(const char [22], int)’
[25.492s]   139 |             pub_behaviorID_ = this->create_publisher<std_msgs::msg::UInt32>("pub_behaviorID_topic_", 1);
[25.492s]       |                               ~~~~~~~~~~~~~~~~~~~~~~~~~~~~~~~~~~~~~~~~~~~~~^~~~~~~~~~~~~~~~~~~~~~~~~~~~
[25.492s] /opt/ros/jazzy/include/rclcpp/rclcpp/node.hpp:197:3: note: candidate: ‘template<class MessageT, class AllocatorT, class PublisherT> std::shared_ptr<PublisherT> rclcpp::Node::create_publisher(const std::string&, const rclcpp::QoS&, const rclcpp::PublisherOptionsWithAllocator<AllocatorT>&)’
[25.492s]   197 |   create_publisher(
[25.492s]       |   ^~~~~~~~~~~~~~~~
[25.492s] /opt/ros/jazzy/include/rclcpp/rclcpp/node.hpp:197:3: note:   template argument deduction/substitution failed:
[25.492s] /home/neha/ros2_ws/src/semnav_migration/src/navigation.cpp:139:76: error: template argument 1 is invalid
[25.492s]   139 |             pub_behaviorID_ = this->create_publisher<std_msgs::msg::UInt32>("pub_behaviorID_topic_", 1);
[25.493s]       |                               ~~~~~~~~~~~~~~~~~~~~~~~~~~~~~~~~~~~~~~~~~~~~~^~~~~~~~~~~~~~~~~~~~~~~~~~~~
[25.529s] /home/neha/ros2_ws/src/semnav_migration/src/navigation_semantic.cpp:643:50: error: ‘UInt32’ is not a member of ‘std_msgs::msg’
[25.529s]   643 |                 rclcpp::Publisher<std_msgs::msg::UInt32> pub_behaviorID_;
[25.529s]       |                                                  ^~~~~~
[25.530s] /home/neha/ros2_ws/src/semnav_migration/src/navigation_semantic.cpp:643:56: error: template argument 1 is invalid
[25.530s]   643 |                 rclcpp::Publisher<std_msgs::msg::UInt32> pub_behaviorID_;
[25.530s]       |                                                        ^
[25.530s] /home/neha/ros2_ws/src/semnav_migration/src/navigation_semantic.cpp:644:17: error: invalid use of template-name ‘rclcpp::Publisher’ without an argument list
[25.530s]   644 |                 rclcpp::Publisher pub_behaviorMode_;
[25.530s]       |                 ^~~~~~
[25.530s] /home/neha/ros2_ws/src/semnav_migration/src/navigation_semantic.cpp:645:17: error: invalid use of template-name ‘rclcpp::Publisher’ without an argument list
[25.531s]   645 |                 rclcpp::Publisher pub_twist_;
[25.531s]       |                 ^~~~~~
[25.533s] /home/neha/ros2_ws/src/semnav_migration/src/navigation_semantic.cpp:647:17: error: invalid use of template-name ‘rclcpp::Publisher’ without an argument list
[25.533s]   647 |                 rclcpp::Publisher pub_semantic_map_;
[25.533s]       |                 ^~~~~~
[25.540s] /home/neha/ros2_ws/src/semnav_migration/src/navigation_semantic.cpp:693:22: error: ‘TransformListener’ in namespace ‘tf2’ does not name a type
[25.540s]   693 |                 tf2::TransformListener listener_;
[25.540s]       |                      ^~~~~~~~~~~~~~~~~
[25.542s] /home/neha/ros2_ws/src/semnav_migration/src/navigation_semantic.cpp: In constructor ‘SemanticNavigationNode::SemanticNavigationNode()’:
[25.542s] /home/neha/ros2_ws/src/semnav_migration/src/navigation_semantic.cpp:45:75: error: no matching function for call to ‘rclcpp::Node::Node()’
[25.542s]    45 |                 SemanticNavigationNode() : Node("semantic_navigation_node")  {
[25.543s]       |                                                                           ^
[25.543s] In file included from /opt/ros/jazzy/include/rclcpp/rclcpp/executors/single_threaded_executor.hpp:28,
[25.544s]                  from /opt/ros/jazzy/include/rclcpp/rclcpp/executors.hpp:22,
[25.544s]                  from /opt/ros/jazzy/include/rclcpp/rclcpp/rclcpp.hpp:172,
[25.544s]                  from /home/neha/ros2_ws/src/semnav_migration/include/reactive_planner_lib.h:32,
[25.544s]                  from /home/neha/ros2_ws/src/semnav_migration/src/navigation_semantic.cpp:25:
[25.544s] /opt/ros/jazzy/include/rclcpp/rclcpp/node.hpp:1629:3: note: candidate: ‘rclcpp::Node::Node(const rclcpp::Node&, const std::string&)’
[25.544s]  1629 |   Node(
[25.544s]       |   ^~~~
[25.545s] /opt/ros/jazzy/include/rclcpp/rclcpp/node.hpp:1629:3: note:   candidate expects 2 arguments, 0 provided
[25.545s] /opt/ros/jazzy/include/rclcpp/rclcpp/node.hpp:103:12: note: candidate: ‘rclcpp::Node::Node(const std::string&, const std::string&, const rclcpp::NodeOptions&)’
[25.545s]   103 |   explicit Node(
[25.545s]       |            ^~~~
[25.547s] /opt/ros/jazzy/include/rclcpp/rclcpp/node.hpp:103:12: note:   candidate expects 3 arguments, 0 provided
[25.547s] /opt/ros/jazzy/include/rclcpp/rclcpp/node.hpp:91:12: note: candidate: ‘rclcpp::Node::Node(const std::string&, const rclcpp::NodeOptions&)’
[25.547s]    91 |   explicit Node(
[25.548s]       |            ^~~~
[25.548s] /opt/ros/jazzy/include/rclcpp/rclcpp/node.hpp:91:12: note:   candidate expects 2 arguments, 0 provided
[25.579s] /home/neha/ros2_ws/src/semnav_migration/src/navigation_semantic.cpp:137:69: error: ‘UInt32’ is not a member of ‘std_msgs::msg’
[25.580s]   137 |             pub_behaviorID_ = this->create_publisher<std_msgs::msg::UInt32>("pub_behaviorID_topic_", 1);
[25.580s]       |                                                                     ^~~~~~
[25.580s] /home/neha/ros2_ws/src/semnav_migration/src/navigation_semantic.cpp:137:76: error: no matching function for call to ‘SemanticNavigationNode::create_publisher<<expression error> >(const char [22], int)’
[25.580s]   137 |             pub_behaviorID_ = this->create_publisher<std_msgs::msg::UInt32>("pub_behaviorID_topic_", 1);
[25.580s]       |                               ~~~~~~~~~~~~~~~~~~~~~~~~~~~~~~~~~~~~~~~~~~~~~^~~~~~~~~~~~~~~~~~~~~~~~~~~~
[25.581s] /opt/ros/jazzy/include/rclcpp/rclcpp/node.hpp:197:3: note: candidate: ‘template<class MessageT, class AllocatorT, class PublisherT> std::shared_ptr<PublisherT> rclcpp::Node::create_publisher(const std::string&, const rclcpp::QoS&, const rclcpp::PublisherOptionsWithAllocator<AllocatorT>&)’
[25.581s]   197 |   create_publisher(
[25.581s]       |   ^~~~~~~~~~~~~~~~
[25.581s] /opt/ros/jazzy/include/rclcpp/rclcpp/node.hpp:197:3: note:   template argument deduction/substitution failed:
[25.582s] /home/neha/ros2_ws/src/semnav_migration/src/navigation_semantic.cpp:137:76: error: template argument 1 is invalid
[25.582s]   137 |             pub_behaviorID_ = this->create_publisher<std_msgs::msg::UInt32>("pub_behaviorID_topic_", 1);
[25.582s]       |                               ~~~~~~~~~~~~~~~~~~~~~~~~~~~~~~~~~~~~~~~~~~~~~^~~~~~~~~~~~~~~~~~~~~~~~~~~~
[25.586s] /home/neha/ros2_ws/src/semnav_migration/src/navigation_semantic.cpp:138:71: error: ‘UInt32’ is not a member of ‘std_msgs::msg’
[25.587s]   138 |             pub_behaviorMode_ = this->create_publisher<std_msgs::msg::UInt32>("pub_behaviorMode_topic_", 1);
[25.587s]       |                                                                       ^~~~~~
[25.587s] /home/neha/ros2_ws/src/semnav_migration/src/navigation_semantic.cpp:138:78: error: no matching function for call to ‘SemanticNavigationNode::create_publisher<<expression error> >(const char [24], int)’
[25.587s]   138 |             pub_behaviorMode_ = this->create_publisher<std_msgs::msg::UInt32>("pub_behaviorMode_topic_", 1);
[25.587s]       |                                 ~~~~~~~~~~~~~~~~~~~~~~~~~~~~~~~~~~~~~~~~~~~~~^~~~~~~~~~~~~~~~~~~~~~~~~~~~~~
[25.589s] /opt/ros/jazzy/include/rclcpp/rclcpp/node.hpp:197:3: note: candidate: ‘template<class MessageT, class AllocatorT, class PublisherT> std::shared_ptr<PublisherT> rclcpp::Node::create_publisher(const std::string&, const rclcpp::QoS&, const rclcpp::PublisherOptionsWithAllocator<AllocatorT>&)’
[25.589s]   197 |   create_publisher(
[25.589s]       |   ^~~~~~~~~~~~~~~~
[25.590s] /opt/ros/jazzy/include/rclcpp/rclcpp/node.hpp:197:3: note:   template argument deduction/substitution failed:
[25.590s] /home/neha/ros2_ws/src/semnav_migration/src/navigation_semantic.cpp:138:78: error: template argument 1 is invalid
[25.590s]   138 |             pub_behaviorMode_ = this->create_publisher<std_msgs::msg::UInt32>("pub_behaviorMode_topic_", 1);
[25.590s]       |                                 ~~~~~~~~~~~~~~~~~~~~~~~~~~~~~~~~~~~~~~~~~~~~~^~~~~~~~~~~~~~~~~~~~~~~~~~~~~~
[25.592s] /home/neha/ros2_ws/src/semnav_migration/src/navigation.cpp:140:13: error: ‘pub_behaviorMode_’ was not declared in this scope; did you mean ‘pub_behaviorMode_topic_’?
[25.592s]   140 |             pub_behaviorMode_ = this->create_publisher<std_msgs::msg::UInt32>("pub_behaviorMode_topic_", 1);
[25.592s]       |             ^~~~~~~~~~~~~~~~~
[25.592s]       |             pub_behaviorMode_topic_
[25.594s] /home/neha/ros2_ws/src/semnav_migration/src/navigation_semantic.cpp:139:64: error: ‘UInt32’ is not a member of ‘std_msgs::msg’
[25.594s]   139 |             pub_twist_ = this->create_publisher<std_msgs::msg::UInt32>("pub_twist_topic_", 1);
[25.595s]       |                                                                ^~~~~~
[25.595s] /home/neha/ros2_ws/src/semnav_migration/src/navigation_semantic.cpp:139:71: error: no matching function for call to ‘SemanticNavigationNode::create_publisher<<expression error> >(const char [17], int)’
[25.597s]   139 |             pub_twist_ = this->create_publisher<std_msgs::msg::UInt32>("pub_twist_topic_", 1);
[25.597s]       |                          ~~~~~~~~~~~~~~~~~~~~~~~~~~~~~~~~~~~~~~~~~~~~~^~~~~~~~~~~~~~~~~~~~~~~
[25.597s] /opt/ros/jazzy/include/rclcpp/rclcpp/node.hpp:197:3: note: candidate: ‘template<class MessageT, class AllocatorT, class PublisherT> std::shared_ptr<PublisherT> rclcpp::Node::create_publisher(const std::string&, const rclcpp::QoS&, const rclcpp::PublisherOptionsWithAllocator<AllocatorT>&)’
[25.598s]   197 |   create_publisher(
[25.598s]       |   ^~~~~~~~~~~~~~~~
[25.598s] /opt/ros/jazzy/include/rclcpp/rclcpp/node.hpp:197:3: note:   template argument deduction/substitution failed:
[25.598s] /home/neha/ros2_ws/src/semnav_migration/src/navigation_semantic.cpp:139:71: error: template argument 1 is invalid
[25.598s]   139 |             pub_twist_ = this->create_publisher<std_msgs::msg::UInt32>("pub_twist_topic_", 1);
[25.598s]       |                          ~~~~~~~~~~~~~~~~~~~~~~~~~~~~~~~~~~~~~~~~~~~~~^~~~~~~~~~~~~~~~~~~~~~~
[25.598s] /home/neha/ros2_ws/src/semnav_migration/src/navigation_semantic.cpp:142:42: error: ‘message_filters::msg’ has not been declared
[25.599s]   142 |                         message_filters::msg::Subscriber<sensor_msgs::msg::LaserScan> sub_laser(nh_, sub_laser_topic_, 1);
[25.599s]       |                                          ^~~
[25.601s] /home/neha/ros2_ws/src/semnav_migration/src/navigation_semantic.cpp:142:85: error: expected primary-expression before ‘>’ token
[25.601s]   142 |                         message_filters::msg::Subscriber<sensor_msgs::msg::LaserScan> sub_laser(nh_, sub_laser_topic_, 1);
[25.601s]       |                                                                                     ^
[25.601s] /home/neha/ros2_ws/src/semnav_migration/src/navigation.cpp:140:71: error: ‘UInt32’ is not a member of ‘std_msgs::msg’
[25.601s]   140 |             pub_behaviorMode_ = this->create_publisher<std_msgs::msg::UInt32>("pub_behaviorMode_topic_", 1);
[25.602s]       |                                                                       ^~~~~~
[25.602s] /home/neha/ros2_ws/src/semnav_migration/src/navigation.cpp:140:78: error: no matching function for call to ‘NavigationNode::create_publisher<<expression error> >(const char [24], int)’
[25.602s]   140 |             pub_behaviorMode_ = this->create_publisher<std_msgs::msg::UInt32>("pub_behaviorMode_topic_", 1);
[25.602s]       |                                 ~~~~~~~~~~~~~~~~~~~~~~~~~~~~~~~~~~~~~~~~~~~~~^~~~~~~~~~~~~~~~~~~~~~~~~~~~~~
[25.602s] /opt/ros/jazzy/include/rclcpp/rclcpp/node.hpp:197:3: note: candidate: ‘template<class MessageT, class AllocatorT, class PublisherT> std::shared_ptr<PublisherT> rclcpp::Node::create_publisher(const std::string&, const rclcpp::QoS&, const rclcpp::PublisherOptionsWithAllocator<AllocatorT>&)’
[25.602s]   197 |   create_publisher(
[25.602s]       |   ^~~~~~~~~~~~~~~~
[25.602s] /opt/ros/jazzy/include/rclcpp/rclcpp/node.hpp:197:3: note:   template argument deduction/substitution failed:
[25.603s] /home/neha/ros2_ws/src/semnav_migration/src/navigation.cpp:140:78: error: template argument 1 is invalid
[25.605s]   140 |             pub_behaviorMode_ = this->create_publisher<std_msgs::msg::UInt32>("pub_behaviorMode_topic_", 1);
[25.605s]       |                                 ~~~~~~~~~~~~~~~~~~~~~~~~~~~~~~~~~~~~~~~~~~~~~^~~~~~~~~~~~~~~~~~~~~~~~~~~~~~
[25.648s] /home/neha/ros2_ws/src/semnav_migration/src/navigation.cpp:141:13: error: ‘pub_twist_’ was not declared in this scope; did you mean ‘publish_twist’?
[25.648s]   141 |             pub_twist_ = this->create_publisher<std_msgs::msg::UInt32>("pub_twist_topic_", 1);
[25.648s]       |             ^~~~~~~~~~
[25.648s]       |             publish_twist
[25.651s] /home/neha/ros2_ws/src/semnav_migration/src/navigation_semantic.cpp:142:87: error: ‘sub_laser’ was not declared in this scope
[25.652s]   142 |                         message_filters::msg::Subscriber<sensor_msgs::msg::LaserScan> sub_laser(nh_, sub_laser_topic_, 1);
[25.652s]       |                                                                                       ^~~~~~~~~
[25.654s] /home/neha/ros2_ws/src/semnav_migration/src/navigation_semantic.cpp:143:30: error: ‘message_filters::msg’ has not been declared
[25.654s]   143 |             message_filters::msg::Subscriber<nav_msgs::msg::Odometry> sub_robot(nh_, sub_robot_topic_, 1);
[25.654s]       |                              ^~~
[25.654s] /home/neha/ros2_ws/src/semnav_migration/src/navigation_semantic.cpp:143:69: error: expected primary-expression before ‘>’ token
[25.654s]   143 |             message_filters::msg::Subscriber<nav_msgs::msg::Odometry> sub_robot(nh_, sub_robot_topic_, 1);
[25.655s]       |                                                                     ^
[25.655s] /home/neha/ros2_ws/src/semnav_migration/src/navigation.cpp:141:64: error: ‘UInt32’ is not a member of ‘std_msgs::msg’
[25.655s]   141 |             pub_twist_ = this->create_publisher<std_msgs::msg::UInt32>("pub_twist_topic_", 1);
[25.655s]       |                                                                ^~~~~~
[25.655s] /home/neha/ros2_ws/src/semnav_migration/src/navigation.cpp:141:71: error: no matching function for call to ‘NavigationNode::create_publisher<<expression error> >(const char [17], int)’
[25.655s]   141 |             pub_twist_ = this->create_publisher<std_msgs::msg::UInt32>("pub_twist_topic_", 1);
[25.655s]       |                          ~~~~~~~~~~~~~~~~~~~~~~~~~~~~~~~~~~~~~~~~~~~~~^~~~~~~~~~~~~~~~~~~~~~~
[25.655s] /opt/ros/jazzy/include/rclcpp/rclcpp/node.hpp:197:3: note: candidate: ‘template<class MessageT, class AllocatorT, class PublisherT> std::shared_ptr<PublisherT> rclcpp::Node::create_publisher(const std::string&, const rclcpp::QoS&, const rclcpp::PublisherOptionsWithAllocator<AllocatorT>&)’
[25.656s]   197 |   create_publisher(
[25.657s]       |   ^~~~~~~~~~~~~~~~
[25.657s] /opt/ros/jazzy/include/rclcpp/rclcpp/node.hpp:197:3: note:   template argument deduction/substitution failed:
[25.657s] /home/neha/ros2_ws/src/semnav_migration/src/navigation.cpp:141:71: error: template argument 1 is invalid
[25.657s]   141 |             pub_twist_ = this->create_publisher<std_msgs::msg::UInt32>("pub_twist_topic_", 1);
[25.657s]       |                          ~~~~~~~~~~~~~~~~~~~~~~~~~~~~~~~~~~~~~~~~~~~~~^~~~~~~~~~~~~~~~~~~~~~~
[25.706s] /home/neha/ros2_ws/src/semnav_migration/src/navigation_semantic.cpp:143:71: error: ‘sub_robot’ was not declared in this scope
[25.706s]   143 |             message_filters::msg::Subscriber<nav_msgs::msg::Odometry> sub_robot(nh_, sub_robot_topic_, 1);
[25.707s]       |                                                                       ^~~~~~~~~
[25.720s] /home/neha/ros2_ws/src/semnav_migration/src/navigation.cpp:144:116: error: no matching function for call to ‘message_filters::Subscriber<sensor_msgs::msg::LaserScan_<std::allocator<void> > >::Subscriber(rclcpp::Node&, std::string&, int)’
[25.721s]   144 |                         message_filters::Subscriber<sensor_msgs::msg::LaserScan> sub_laser(nh_, sub_laser_topic_, 1);
[25.721s]       |                                                                                                                    ^
[25.721s] In file included from /home/neha/ros2_ws/src/semnav_migration/include/reactive_planner_lib.h:43:
[25.721s] /opt/ros/jazzy/include/message_filters/message_filters/subscriber.h:224:3: note: candidate: ‘message_filters::Subscriber<M, NodeType>::Subscriber() [with M = sensor_msgs::msg::LaserScan_<std::allocator<void> >; NodeType = rclcpp::Node]’
[25.721s]   224 |   Subscriber() = default;
[25.721s]       |   ^~~~~~~~~~
[25.721s] /opt/ros/jazzy/include/message_filters/message_filters/subscriber.h:224:3: note:   candidate expects 0 arguments, 3 provided
[25.723s] /opt/ros/jazzy/include/message_filters/message_filters/subscriber.h:212:3: note: candidate: ‘message_filters::Subscriber<M, NodeType>::Subscriber(NodeType*, const std::string&, rmw_qos_profile_t, rclcpp::SubscriptionOptions) [with M = sensor_msgs::msg::LaserScan_<std::allocator<void> >; NodeType = rclcpp::Node; std::string = std::__cxx11::basic_string<char>; rmw_qos_profile_t = rmw_qos_profile_s; rclcpp::SubscriptionOptions = rclcpp::SubscriptionOptionsWithAllocator<std::allocator<void> >]’
[25.723s]   212 |   Subscriber(
[25.723s]       |   ^~~~~~~~~~
[25.723s] /opt/ros/jazzy/include/message_filters/message_filters/subscriber.h:212:3: note:   candidate expects 4 arguments, 3 provided
[25.724s] /opt/ros/jazzy/include/message_filters/message_filters/subscriber.h:203:3: note: candidate: ‘message_filters::Subscriber<M, NodeType>::Subscriber(NodePtr, const std::string&, rmw_qos_profile_t, rclcpp::SubscriptionOptions) [with M = sensor_msgs::msg::LaserScan_<std::allocator<void> >; NodeType = rclcpp::Node; NodePtr = std::shared_ptr<rclcpp::Node>; std::string = std::__cxx11::basic_string<char>; rmw_qos_profile_t = rmw_qos_profile_s; rclcpp::SubscriptionOptions = rclcpp::SubscriptionOptionsWithAllocator<std::allocator<void> >]’
[25.724s]   203 |   Subscriber(
[25.724s]       |   ^~~~~~~~~~
[25.724s] /opt/ros/jazzy/include/message_filters/message_filters/subscriber.h:203:3: note:   candidate expects 4 arguments, 3 provided
[25.724s] /opt/ros/jazzy/include/message_filters/message_filters/subscriber.h:188:3: note: candidate: ‘message_filters::Subscriber<M, NodeType>::Subscriber(NodeType*, const std::string&, rmw_qos_profile_t) [with M = sensor_msgs::msg::LaserScan_<std::allocator<void> >; NodeType = rclcpp::Node; std::string = std::__cxx11::basic_string<char>; rmw_qos_profile_t = rmw_qos_profile_s]’
[25.724s]   188 |   Subscriber(NodeType * node, const std::string& topic, const rmw_qos_profile_t qos = rmw_qos_profile_default)
[25.724s]       |   ^~~~~~~~~~
[25.724s] /opt/ros/jazzy/include/message_filters/message_filters/subscriber.h:188:25: note:   no known conversion for argument 1 from ‘rclcpp::Node’ to ‘rclcpp::Node*’
[25.725s]   188 |   Subscriber(NodeType * node, const std::string& topic, const rmw_qos_profile_t qos = rmw_qos_profile_default)
[25.727s]       |              ~~~~~~~~~~~^~~~
[25.727s] /opt/ros/jazzy/include/message_filters/message_filters/subscriber.h:183:3: note: candidate: ‘message_filters::Subscriber<M, NodeType>::Subscriber(NodePtr, const std::string&, rmw_qos_profile_t) [with M = sensor_msgs::msg::LaserScan_<std::allocator<void> >; NodeType = rclcpp::Node; NodePtr = std::shared_ptr<rclcpp::Node>; std::string = std::__cxx11::basic_string<char>; rmw_qos_profile_t = rmw_qos_profile_s]’
[25.727s]   183 |   Subscriber(NodePtr node, const std::string& topic, const rmw_qos_profile_t qos = rmw_qos_profile_default)
[25.727s]       |   ^~~~~~~~~~
[25.728s] /opt/ros/jazzy/include/message_filters/message_filters/subscriber.h:183:22: note:   no known conversion for argument 1 from ‘rclcpp::Node’ to ‘message_filters::Subscriber<sensor_msgs::msg::LaserScan_<std::allocator<void> > >::NodePtr’ {aka ‘std::shared_ptr<rclcpp::Node>’}
[25.728s]   183 |   Subscriber(NodePtr node, const std::string& topic, const rmw_qos_profile_t qos = rmw_qos_profile_default)
[25.728s]       |              ~~~~~~~~^~~~
[25.786s] /home/neha/ros2_ws/src/semnav_migration/src/navigation.cpp:145:112: error: no matching function for call to ‘message_filters::Subscriber<nav_msgs::msg::Odometry_<std::allocator<void> > >::Subscriber(rclcpp::Node&, std::string&, int)’
[25.786s]   145 |                         message_filters::Subscriber<nav_msgs::msg::Odometry> sub_robot(nh_, sub_robot_topic_, 1);
[25.786s]       |                                                                                                                ^
[25.786s] /opt/ros/jazzy/include/message_filters/message_filters/subscriber.h:224:3: note: candidate: ‘message_filters::Subscriber<M, NodeType>::Subscriber() [with M = nav_msgs::msg::Odometry_<std::allocator<void> >; NodeType = rclcpp::Node]’
[25.787s]   224 |   Subscriber() = default;
[25.790s]       |   ^~~~~~~~~~
[25.790s] /opt/ros/jazzy/include/message_filters/message_filters/subscriber.h:224:3: note:   candidate expects 0 arguments, 3 provided
[25.790s] /opt/ros/jazzy/include/message_filters/message_filters/subscriber.h:212:3: note: candidate: ‘message_filters::Subscriber<M, NodeType>::Subscriber(NodeType*, const std::string&, rmw_qos_profile_t, rclcpp::SubscriptionOptions) [with M = nav_msgs::msg::Odometry_<std::allocator<void> >; NodeType = rclcpp::Node; std::string = std::__cxx11::basic_string<char>; rmw_qos_profile_t = rmw_qos_profile_s; rclcpp::SubscriptionOptions = rclcpp::SubscriptionOptionsWithAllocator<std::allocator<void> >]’
[25.790s]   212 |   Subscriber(
[25.790s]       |   ^~~~~~~~~~
[25.790s] /opt/ros/jazzy/include/message_filters/message_filters/subscriber.h:212:3: note:   candidate expects 4 arguments, 3 provided
[25.791s] /opt/ros/jazzy/include/message_filters/message_filters/subscriber.h:203:3: note: candidate: ‘message_filters::Subscriber<M, NodeType>::Subscriber(NodePtr, const std::string&, rmw_qos_profile_t, rclcpp::SubscriptionOptions) [with M = nav_msgs::msg::Odometry_<std::allocator<void> >; NodeType = rclcpp::Node; NodePtr = std::shared_ptr<rclcpp::Node>; std::string = std::__cxx11::basic_string<char>; rmw_qos_profile_t = rmw_qos_profile_s; rclcpp::SubscriptionOptions = rclcpp::SubscriptionOptionsWithAllocator<std::allocator<void> >]’
[25.791s]   203 |   Subscriber(
[25.791s]       |   ^~~~~~~~~~
[25.791s] /opt/ros/jazzy/include/message_filters/message_filters/subscriber.h:203:3: note:   candidate expects 4 arguments, 3 provided
[25.791s] /opt/ros/jazzy/include/message_filters/message_filters/subscriber.h:188:3: note: candidate: ‘message_filters::Subscriber<M, NodeType>::Subscriber(NodeType*, const std::string&, rmw_qos_profile_t) [with M = nav_msgs::msg::Odometry_<std::allocator<void> >; NodeType = rclcpp::Node; std::string = std::__cxx11::basic_string<char>; rmw_qos_profile_t = rmw_qos_profile_s]’
[25.791s]   188 |   Subscriber(NodeType * node, const std::string& topic, const rmw_qos_profile_t qos = rmw_qos_profile_default)
[25.791s]       |   ^~~~~~~~~~
[25.792s] /opt/ros/jazzy/include/message_filters/message_filters/subscriber.h:188:25: note:   no known conversion for argument 1 from ‘rclcpp::Node’ to ‘rclcpp::Node*’
[25.794s]   188 |   Subscriber(NodeType * node, const std::string& topic, const rmw_qos_profile_t qos = rmw_qos_profile_default)
[25.794s]       |              ~~~~~~~~~~~^~~~
[25.794s] /opt/ros/jazzy/include/message_filters/message_filters/subscriber.h:183:3: note: candidate: ‘message_filters::Subscriber<M, NodeType>::Subscriber(NodePtr, const std::string&, rmw_qos_profile_t) [with M = nav_msgs::msg::Odometry_<std::allocator<void> >; NodeType = rclcpp::Node; NodePtr = std::shared_ptr<rclcpp::Node>; std::string = std::__cxx11::basic_string<char>; rmw_qos_profile_t = rmw_qos_profile_s]’
[25.794s]   183 |   Subscriber(NodePtr node, const std::string& topic, const rmw_qos_profile_t qos = rmw_qos_profile_default)
[25.795s]       |   ^~~~~~~~~~
[25.795s] /opt/ros/jazzy/include/message_filters/message_filters/subscriber.h:183:22: note:   no known conversion for argument 1 from ‘rclcpp::Node’ to ‘message_filters::Subscriber<nav_msgs::msg::Odometry_<std::allocator<void> > >::NodePtr’ {aka ‘std::shared_ptr<rclcpp::Node>’}
[25.797s]   183 |   Subscriber(NodePtr node, const std::string& topic, const rmw_qos_profile_t qos = rmw_qos_profile_default)
[25.797s]       |              ~~~~~~~~^~~~
[25.852s] /home/neha/ros2_ws/src/semnav_migration/src/navigation_semantic.cpp:148:55: error: ‘bind’ is not a member of ‘boost’; did you mean ‘find’?
[25.852s]   148 |                         sync->registerCallback(boost::bind(&SemanticNavigationNode::control_callback, this, _1, _2));
[25.853s]       |                                                       ^~~~
[25.853s]       |                                                       find
[25.857s] /home/neha/ros2_ws/src/semnav_migration/src/navigation_semantic.cpp:148:109: error: ‘_1’ was not declared in this scope
[25.858s]   148 |                         sync->registerCallback(boost::bind(&SemanticNavigationNode::control_callback, this, _1, _2));
[25.858s]       |                                                                                                             ^~
[25.858s] /home/neha/ros2_ws/src/semnav_migration/src/navigation_semantic.cpp:148:109: note: suggested alternatives:
[25.858s] In file included from /usr/include/boost/mpl/aux_/include_preprocessed.hpp:37,
[25.858s]                  from /usr/include/boost/mpl/placeholders.hpp:43,
[25.858s]                  from /usr/include/boost/iterator/iterator_categories.hpp:16,
[25.858s]                  from /usr/include/boost/iterator/iterator_facade.hpp:13,
[25.859s]                  from /usr/include/boost/range/iterator_range_core.hpp:27,
[25.859s]                  from /usr/include/boost/lexical_cast.hpp:48,
[25.859s]                  from /usr/include/boost/multiprecision/detail/number_base.hpp:29,
[25.859s]                  from /usr/include/boost/multiprecision/traits/is_variable_precision.hpp:9,
[25.859s]                  from /usr/include/boost/multiprecision/detail/precision.hpp:9,
[25.859s]                  from /usr/include/boost/multiprecision/number.hpp:11,
[25.859s]                  from /usr/include/boost/multiprecision/cpp_int.hpp:19,
[25.859s]                  from /usr/include/boost/multiprecision/cpp_bin_float.hpp:15,
[25.860s]                  from /usr/include/boost/geometry/core/coordinate_promotion.hpp:16,
[25.864s]                  from /usr/include/boost/geometry/core/radian_access.hpp:30,
[25.864s]                  from /usr/include/boost/geometry/geometry.hpp:50,
[25.864s]                  from /usr/include/boost/geometry.hpp:17,
[25.864s]                  from /home/neha/ros2_ws/src/semnav_migration/include/reactive_planner_lib.h:26:
[25.865s] /usr/include/boost/mpl/aux_/preprocessed/gcc/placeholders.hpp:29:16: note:   ‘mpl_::_1’
[25.865s]    29 | typedef arg<1> _1;
[25.865s]       |                ^~
[25.865s] In file included from /usr/include/boost/numeric/conversion/converter_policies.hpp:13,
[25.866s]                  from /usr/include/boost/numeric/conversion/converter.hpp:14,
[25.868s]                  from /usr/include/boost/numeric/conversion/cast.hpp:33,
[25.868s]                  from /usr/include/boost/geometry/core/radian_access.hpp:26:
[25.868s] /usr/include/c++/13/functional:294:48: note:   ‘std::placeholders::_1’
[25.868s]   294 |     _GLIBCXX_PLACEHOLDER const _Placeholder<1> _1;
[25.868s]       |                                                ^~
[25.869s] /usr/include/boost/mpl/aux_/preprocessed/gcc/placeholders.hpp:29:16: note:   ‘mpl_::_1’
[25.869s]    29 | typedef arg<1> _1;
[25.869s]       |                ^~
[25.869s] In file included from /usr/include/boost/describe/members.hpp:20,
[25.870s]                  from /usr/include/boost/container_hash/is_described_class.hpp:11,
[25.870s]                  from /usr/include/boost/container_hash/hash.hpp:18,
[25.870s]                  from /usr/include/boost/functional/hash.hpp:6,
[25.870s]                  from /usr/include/CGAL/Kernel/hash_functions.h:16,
[25.870s]                  from /usr/include/CGAL/Kernel/global_functions.h:25,
[25.870s]                  from /usr/include/CGAL/Cartesian/Cartesian_base.h:22,
[25.870s]                  from /usr/include/CGAL/Simple_cartesian.h:20,
[25.871s]                  from /usr/include/CGAL/Exact_predicates_inexact_constructions_kernel.h:20,
[25.871s]                  from /home/neha/ros2_ws/src/semnav_migration/include/polygeom_lib.h:32,
[25.872s]                  from /home/neha/ros2_ws/src/semnav_migration/include/reactive_planner_lib.h:51:
[25.872s] /usr/include/boost/mp11/bind.hpp:45:7: note:   ‘boost::mp11::_1’
[25.872s]    45 | using _1 = mp_arg<0>;
[25.872s]       |       ^~
[25.873s] /usr/include/boost/mpl/aux_/preprocessed/gcc/placeholders.hpp:29:16: note:   ‘mpl_::_1’
[25.873s]    29 | typedef arg<1> _1;
[25.873s]       |                ^~
[25.873s] /home/neha/ros2_ws/src/semnav_migration/src/navigation_semantic.cpp:148:113: error: ‘_2’ was not declared in this scope
[25.873s]   148 |                         sync->registerCallback(boost::bind(&SemanticNavigationNode::control_callback, this, _1, _2));
[25.873s]       |                                                                                                                 ^~
[25.873s] /home/neha/ros2_ws/src/semnav_migration/src/navigation_semantic.cpp:148:113: note: suggested alternatives:
[25.873s] /usr/include/boost/mpl/aux_/preprocessed/gcc/placeholders.hpp:42:16: note:   ‘mpl_::_2’
[25.874s]    42 | typedef arg<2> _2;
[25.877s]       |                ^~
[25.877s] /usr/include/c++/13/functional:295:48: note:   ‘std::placeholders::_2’
[25.877s]   295 |     _GLIBCXX_PLACEHOLDER const _Placeholder<2> _2;
[25.877s]       |                                                ^~
[25.877s] /usr/include/boost/mpl/aux_/preprocessed/gcc/placeholders.hpp:42:16: note:   ‘mpl_::_2’
[25.878s]    42 | typedef arg<2> _2;
[25.878s]       |                ^~
[25.878s] /usr/include/boost/mp11/bind.hpp:46:7: note:   ‘boost::mp11::_2’
[25.878s]    46 | using _2 = mp_arg<1>;
[25.878s]       |       ^~
[25.878s] /usr/include/boost/mpl/aux_/preprocessed/gcc/placeholders.hpp:42:16: note:   ‘mpl_::_2’
[25.878s]    42 | typedef arg<2> _2;
[25.878s]       |                ^~
[25.879s] /home/neha/ros2_ws/src/semnav_migration/src/navigation_semantic.cpp:150:33: error: ‘Subscriber’ is not a member of ‘rclcpp’; did you mean ‘message_filters::Subscriber’?
[25.881s]   150 |                         rclcpp::Subscriber sub_semantic = this->create_subscriber("sub_semantic_topic_", 1);
[25.881s]       |                                 ^~~~~~~~~~
[25.881s] In file included from /home/neha/ros2_ws/src/semnav_migration/include/reactive_planner_lib.h:43:
[25.882s] /opt/ros/jazzy/include/message_filters/message_filters/subscriber.h:165:7: note: ‘message_filters::Subscriber’ declared here
[25.882s]   165 | class Subscriber
[25.882s]       |       ^~~~~~~~~~
[25.882s] /home/neha/ros2_ws/src/semnav_migration/src/navigation_semantic.cpp:154:45: error: no matching function for call to ‘rclcpp::Duration::Duration(double)’
[25.882s]   154 |                         rclcpp::Duration(5.0).sleep();
[25.882s]       |                                             ^
[25.882s] In file included from /opt/ros/jazzy/include/rclcpp/rclcpp/time.hpp:24,
[25.882s]                  from /opt/ros/jazzy/include/rclcpp/rclcpp/clock.hpp:24,
[25.883s]                  from /opt/ros/jazzy/include/rclcpp/rclcpp/client.hpp:38,
[25.885s]                  from /opt/ros/jazzy/include/rclcpp/rclcpp/callback_group.hpp:24,
[25.885s]                  from /opt/ros/jazzy/include/rclcpp/rclcpp/any_executable.hpp:20,
[25.885s]                  from /opt/ros/jazzy/include/rclcpp/rclcpp/memory_strategy.hpp:25,
[25.885s]                  from /opt/ros/jazzy/include/rclcpp/rclcpp/memory_strategies.hpp:18,
[25.885s]                  from /opt/ros/jazzy/include/rclcpp/rclcpp/executor_options.hpp:22,
[25.885s]                  from /opt/ros/jazzy/include/rclcpp/rclcpp/executor.hpp:38,
[25.886s]                  from /opt/ros/jazzy/include/rclcpp/rclcpp/executors/multi_threaded_executor.hpp:25,
[25.886s]                  from /opt/ros/jazzy/include/rclcpp/rclcpp/executors.hpp:21:
[25.886s] /opt/ros/jazzy/include/rclcpp/rclcpp/duration.hpp:49:3: note: candidate: ‘template<class Rep, class Period> rclcpp::Duration::Duration(const std::chrono::duration<_Rep1, _Period1>&)’
[25.886s]    49 |   Duration(const std::chrono::duration<Rep, Period> & duration)  // NOLINT(runtime/explicit)
[25.886s]       |   ^~~~~~~~
[25.886s] /opt/ros/jazzy/include/rclcpp/rclcpp/duration.hpp:49:3: note:   template argument deduction/substitution failed:
[25.886s] /home/neha/ros2_ws/src/semnav_migration/src/navigation_semantic.cpp:154:45: note:   mismatched types ‘const std::chrono::duration<_Rep1, _Period1>’ and ‘double’
[25.886s]   154 |                         rclcpp::Duration(5.0).sleep();
[25.887s]       |                                             ^
[25.889s] /opt/ros/jazzy/include/rclcpp/rclcpp/duration.hpp:159:3: note: candidate: ‘rclcpp::Duration::Duration()’
[25.889s]   159 |   Duration() = default;
[25.889s]       |   ^~~~~~~~
[25.889s] /opt/ros/jazzy/include/rclcpp/rclcpp/duration.hpp:159:3: note:   candidate expects 0 arguments, 1 provided
[25.889s] /opt/ros/jazzy/include/rclcpp/rclcpp/duration.hpp:62:3: note: candidate: ‘rclcpp::Duration::Duration(const rclcpp::Duration&)’
[25.889s]    62 |   Duration(const Duration & rhs);
[25.890s]       |   ^~~~~~~~
[25.890s] /opt/ros/jazzy/include/rclcpp/rclcpp/duration.hpp:62:29: note:   no known conversion for argument 1 from ‘double’ to ‘const rclcpp::Duration&’
[25.890s]    62 |   Duration(const Duration & rhs);
[25.890s]       |            ~~~~~~~~~~~~~~~~~^~~
[25.890s] /opt/ros/jazzy/include/rclcpp/rclcpp/duration.hpp:60:12: note: candidate: ‘rclcpp::Duration::Duration(const rcl_duration_t&)’
[25.890s]    60 |   explicit Duration(const rcl_duration_t & duration);
[25.890s]       |            ^~~~~~~~
[25.891s] /opt/ros/jazzy/include/rclcpp/rclcpp/duration.hpp:60:44: note:   no known conversion for argument 1 from ‘double’ to ‘const rcl_duration_t&’ {aka ‘const rcl_duration_s&’}
[25.893s]    60 |   explicit Duration(const rcl_duration_t & duration);
[25.893s]       |                     ~~~~~~~~~~~~~~~~~~~~~~~^~~~~~~~
[25.893s] /opt/ros/jazzy/include/rclcpp/rclcpp/duration.hpp:54:3: note: candidate: ‘rclcpp::Duration::Duration(const builtin_interfaces::msg::Duration&)’
[25.893s]    54 |   Duration(const builtin_interfaces::msg::Duration & duration_msg);  // NOLINT(runtime/explicit)
[25.893s]       |   ^~~~~~~~
[25.894s] /opt/ros/jazzy/include/rclcpp/rclcpp/duration.hpp:54:54: note:   no known conversion for argument 1 from ‘double’ to ‘const builtin_interfaces::msg::Duration&’ {aka ‘const builtin_interfaces::msg::Duration_<std::allocator<void> >&’}
[25.894s]    54 |   Duration(const builtin_interfaces::msg::Duration & duration_msg);  // NOLINT(runtime/explicit)
[25.894s]       |            ~~~~~~~~~~~~~~~~~~~~~~~~~~~~~~~~~~~~~~~~~~^~~~~~~~~~~~
[25.894s] /opt/ros/jazzy/include/rclcpp/rclcpp/duration.hpp:43:12: note: candidate: ‘rclcpp::Duration::Duration(std::chrono::nanoseconds)’
[25.894s]    43 |   explicit Duration(std::chrono::nanoseconds nanoseconds);
[25.894s]       |            ^~~~~~~~
[25.894s] /opt/ros/jazzy/include/rclcpp/rclcpp/duration.hpp:43:46: note:   no known conversion for argument 1 from ‘double’ to ‘std::chrono::nanoseconds’ {aka ‘std::chrono::duration<long int, std::ratio<1, 1000000000> >’}
[25.894s]    43 |   explicit Duration(std::chrono::nanoseconds nanoseconds);
[25.895s]       |                     ~~~~~~~~~~~~~~~~~~~~~~~~~^~~~~~~~~~~
[25.897s] /opt/ros/jazzy/include/rclcpp/rclcpp/duration.hpp:40:3: note: candidate: ‘rclcpp::Duration::Duration(int32_t, uint32_t)’
[25.897s]    40 |   Duration(int32_t seconds, uint32_t nanoseconds);
[25.897s]       |   ^~~~~~~~
[25.897s] /opt/ros/jazzy/include/rclcpp/rclcpp/duration.hpp:40:3: note:   candidate expects 2 arguments, 1 provided
[25.897s] /home/neha/ros2_ws/src/semnav_migration/src/navigation_semantic.cpp:161:25: error: ‘ros’ has not been declared
[25.898s]   161 |                         ros::spin();
[25.898s]       |                         ^~~
[25.898s] /home/neha/ros2_ws/src/semnav_migration/src/navigation_semantic.cpp: In member function ‘void SemanticNavigationNode::publish_behavior_id(uint16_t)’:
[25.898s] /home/neha/ros2_ws/src/semnav_migration/src/navigation_semantic.cpp:173:32: error: ‘UInt32’ is not a member of ‘std_msgs::msg’
[25.898s]   173 |                 std_msgs::msg::UInt32 commandId;
[25.898s]       |                                ^~~~~~
[25.933s] /home/neha/ros2_ws/src/semnav_migration/src/navigation.cpp:150:55: error: ‘bind’ is not a member of ‘boost’; did you mean ‘find’?
[25.933s]   150 |                         sync->registerCallback(boost::bind(&NavigationNode::control_callback, this, _1, _2));
[25.933s]       |                                                       ^~~~
[25.933s]       |                                                       find
[25.934s] /home/neha/ros2_ws/src/semnav_migration/src/navigation.cpp:150:101: error: ‘_1’ was not declared in this scope
[25.935s]   150 |                         sync->registerCallback(boost::bind(&NavigationNode::control_callback, this, _1, _2));
[25.935s]       |                                                                                                     ^~
[25.935s] /home/neha/ros2_ws/src/semnav_migration/src/navigation.cpp:150:101: note: suggested alternatives:
[25.935s] In file included from /usr/include/boost/mpl/aux_/include_preprocessed.hpp:37,
[25.935s]                  from /usr/include/boost/mpl/placeholders.hpp:43,
[25.936s]                  from /usr/include/boost/iterator/iterator_categories.hpp:16,
[25.936s]                  from /usr/include/boost/iterator/iterator_facade.hpp:13,
[25.936s]                  from /usr/include/boost/range/iterator_range_core.hpp:27,
[25.936s]                  from /usr/include/boost/lexical_cast.hpp:48,
[25.936s]                  from /usr/include/boost/multiprecision/detail/number_base.hpp:29,
[25.937s]                  from /usr/include/boost/multiprecision/traits/is_variable_precision.hpp:9,
[25.937s]                  from /usr/include/boost/multiprecision/detail/precision.hpp:9,
[25.937s]                  from /usr/include/boost/multiprecision/number.hpp:11,
[25.937s]                  from /usr/include/boost/multiprecision/cpp_int.hpp:19,
[25.937s]                  from /usr/include/boost/multiprecision/cpp_bin_float.hpp:15,
[25.937s]                  from /usr/include/boost/geometry/core/coordinate_promotion.hpp:16,
[25.937s]                  from /usr/include/boost/geometry/core/radian_access.hpp:30,
[25.937s]                  from /usr/include/boost/geometry/geometry.hpp:50,
[25.938s]                  from /usr/include/boost/geometry.hpp:17,
[25.941s]                  from /home/neha/ros2_ws/src/semnav_migration/include/reactive_planner_lib.h:26:
[25.941s] /usr/include/boost/mpl/aux_/preprocessed/gcc/placeholders.hpp:29:16: note:   ‘mpl_::_1’
[25.941s]    29 | typedef arg<1> _1;
[25.941s]       |                ^~
[25.941s] In file included from /usr/include/boost/numeric/conversion/converter_policies.hpp:13,
[25.942s]                  from /usr/include/boost/numeric/conversion/converter.hpp:14,
[25.942s]                  from /usr/include/boost/numeric/conversion/cast.hpp:33,
[25.942s]                  from /usr/include/boost/geometry/core/radian_access.hpp:26:
[25.942s] /usr/include/c++/13/functional:294:48: note:   ‘std::placeholders::_1’
[25.942s]   294 |     _GLIBCXX_PLACEHOLDER const _Placeholder<1> _1;
[25.942s]       |                                                ^~
[25.942s] /usr/include/boost/mpl/aux_/preprocessed/gcc/placeholders.hpp:29:16: note:   ‘mpl_::_1’
[25.942s]    29 | typedef arg<1> _1;
[25.943s]       |                ^~
[25.943s] In file included from /usr/include/boost/describe/members.hpp:20,
[25.945s]                  from /usr/include/boost/container_hash/is_described_class.hpp:11,
[25.946s]                  from /usr/include/boost/container_hash/hash.hpp:18,
[25.946s]                  from /usr/include/boost/functional/hash.hpp:6,
[25.946s]                  from /usr/include/CGAL/Kernel/hash_functions.h:16,
[25.946s]                  from /usr/include/CGAL/Kernel/global_functions.h:25,
[25.947s]                  from /usr/include/CGAL/Cartesian/Cartesian_base.h:22,
[25.948s]                  from /usr/include/CGAL/Simple_cartesian.h:20,
[25.948s]                  from /usr/include/CGAL/Exact_predicates_inexact_constructions_kernel.h:20,
[25.948s]                  from /home/neha/ros2_ws/src/semnav_migration/include/polygeom_lib.h:32,
[25.948s]                  from /home/neha/ros2_ws/src/semnav_migration/include/reactive_planner_lib.h:51:
[25.948s] /usr/include/boost/mp11/bind.hpp:45:7: note:   ‘boost::mp11::_1’
[25.948s]    45 | using _1 = mp_arg<0>;
[25.949s]       |       ^~
[25.949s] /usr/include/boost/mpl/aux_/preprocessed/gcc/placeholders.hpp:29:16: note:   ‘mpl_::_1’
[25.949s]    29 | typedef arg<1> _1;
[25.949s]       |                ^~
[25.949s] /home/neha/ros2_ws/src/semnav_migration/src/navigation.cpp:150:105: error: ‘_2’ was not declared in this scope
[25.949s]   150 |                         sync->registerCallback(boost::bind(&NavigationNode::control_callback, this, _1, _2));
[25.949s]       |                                                                                                         ^~
[25.949s] /home/neha/ros2_ws/src/semnav_migration/src/navigation.cpp:150:105: note: suggested alternatives:
[25.950s] /usr/include/boost/mpl/aux_/preprocessed/gcc/placeholders.hpp:42:16: note:   ‘mpl_::_2’
[25.952s]    42 | typedef arg<2> _2;
[25.952s]       |                ^~
[25.952s] /usr/include/c++/13/functional:295:48: note:   ‘std::placeholders::_2’
[25.952s]   295 |     _GLIBCXX_PLACEHOLDER const _Placeholder<2> _2;
[25.952s]       |                                                ^~
[25.952s] /usr/include/boost/mpl/aux_/preprocessed/gcc/placeholders.hpp:42:16: note:   ‘mpl_::_2’
[25.953s]    42 | typedef arg<2> _2;
[25.953s]       |                ^~
[25.953s] /usr/include/boost/mp11/bind.hpp:46:7: note:   ‘boost::mp11::_2’
[25.953s]    46 | using _2 = mp_arg<1>;
[25.953s]       |       ^~
[25.953s] /usr/include/boost/mpl/aux_/preprocessed/gcc/placeholders.hpp:42:16: note:   ‘mpl_::_2’
[25.953s]    42 | typedef arg<2> _2;
[25.953s]       |                ^~
[25.954s] /home/neha/ros2_ws/src/semnav_migration/src/navigation.cpp:153:20: error: ‘Subscription’ was not declared in this scope
[25.956s]   153 |             rclcpp:Subscription sub_semantic = this->create_subscriber(sub_semantic_topic_, 1);
[25.956s]       |                    ^~~~~~~~~~~~
[25.956s] /home/neha/ros2_ws/src/semnav_migration/src/navigation.cpp:153:20: note: suggested alternatives:
[25.956s] In file included from /opt/ros/jazzy/include/rclcpp/rclcpp/any_executable.hpp:25,
[25.956s]                  from /opt/ros/jazzy/include/rclcpp/rclcpp/memory_strategy.hpp:25,
[25.957s]                  from /opt/ros/jazzy/include/rclcpp/rclcpp/memory_strategies.hpp:18,
[25.957s]                  from /opt/ros/jazzy/include/rclcpp/rclcpp/executor_options.hpp:22,
[25.957s]                  from /opt/ros/jazzy/include/rclcpp/rclcpp/executor.hpp:38,
[25.957s]                  from /opt/ros/jazzy/include/rclcpp/rclcpp/executors/multi_threaded_executor.hpp:25,
[25.957s]                  from /opt/ros/jazzy/include/rclcpp/rclcpp/executors.hpp:21:
[25.957s] /opt/ros/jazzy/include/rclcpp/rclcpp/subscription.hpp:75:7: note:   ‘rclcpp::Subscription’
[25.957s]    75 | class Subscription : public SubscriptionBase
[25.957s]       |       ^~~~~~~~~~~~
[25.958s] In file included from /opt/ros/jazzy/include/rclcpp/rclcpp/client.hpp:45,
[25.960s]                  from /opt/ros/jazzy/include/rclcpp/rclcpp/callback_group.hpp:24,
[25.960s]                  from /opt/ros/jazzy/include/rclcpp/rclcpp/any_executable.hpp:20:
[25.960s] /opt/ros/jazzy/include/rclcpp/rclcpp/node_interfaces/node_graph_interface.hpp:43:3: note:   ‘rclcpp::EndpointType::Subscription’
[25.960s]    43 |   Subscription = RMW_ENDPOINT_SUBSCRIPTION
[25.960s]       |   ^~~~~~~~~~~~
[25.960s] /home/neha/ros2_ws/src/semnav_migration/src/navigation.cpp:157:45: error: no matching function for call to ‘rclcpp::Duration::Duration(double)’
[25.961s]   157 |                         rclcpp::Duration(5.0).sleep();
[25.961s]       |                                             ^
[25.961s] In file included from /opt/ros/jazzy/include/rclcpp/rclcpp/time.hpp:24,
[25.961s]                  from /opt/ros/jazzy/include/rclcpp/rclcpp/clock.hpp:24,
[25.961s]                  from /opt/ros/jazzy/include/rclcpp/rclcpp/client.hpp:38:
[25.961s] /opt/ros/jazzy/include/rclcpp/rclcpp/duration.hpp:49:3: note: candidate: ‘template<class Rep, class Period> rclcpp::Duration::Duration(const std::chrono::duration<_Rep1, _Period1>&)’
[25.961s]    49 |   Duration(const std::chrono::duration<Rep, Period> & duration)  // NOLINT(runtime/explicit)
[25.962s]       |   ^~~~~~~~
[25.962s] /opt/ros/jazzy/include/rclcpp/rclcpp/duration.hpp:49:3: note:   template argument deduction/substitution failed:
[25.964s] /home/neha/ros2_ws/src/semnav_migration/src/navigation.cpp:157:45: note:   mismatched types ‘const std::chrono::duration<_Rep1, _Period1>’ and ‘double’
[25.964s]   157 |                         rclcpp::Duration(5.0).sleep();
[25.964s]       |                                             ^
[25.964s] /opt/ros/jazzy/include/rclcpp/rclcpp/duration.hpp:159:3: note: candidate: ‘rclcpp::Duration::Duration()’
[25.964s]   159 |   Duration() = default;
[25.965s]       |   ^~~~~~~~
[25.965s] /opt/ros/jazzy/include/rclcpp/rclcpp/duration.hpp:159:3: note:   candidate expects 0 arguments, 1 provided
[25.965s] /opt/ros/jazzy/include/rclcpp/rclcpp/duration.hpp:62:3: note: candidate: ‘rclcpp::Duration::Duration(const rclcpp::Duration&)’
[25.965s]    62 |   Duration(const Duration & rhs);
[25.965s]       |   ^~~~~~~~
[25.965s] /opt/ros/jazzy/include/rclcpp/rclcpp/duration.hpp:62:29: note:   no known conversion for argument 1 from ‘double’ to ‘const rclcpp::Duration&’
[25.965s]    62 |   Duration(const Duration & rhs);
[25.965s]       |            ~~~~~~~~~~~~~~~~~^~~
[25.966s] /opt/ros/jazzy/include/rclcpp/rclcpp/duration.hpp:60:12: note: candidate: ‘rclcpp::Duration::Duration(const rcl_duration_t&)’
[25.968s]    60 |   explicit Duration(const rcl_duration_t & duration);
[25.968s]       |            ^~~~~~~~
[25.968s] /opt/ros/jazzy/include/rclcpp/rclcpp/duration.hpp:60:44: note:   no known conversion for argument 1 from ‘double’ to ‘const rcl_duration_t&’ {aka ‘const rcl_duration_s&’}
[25.968s]    60 |   explicit Duration(const rcl_duration_t & duration);
[25.968s]       |                     ~~~~~~~~~~~~~~~~~~~~~~~^~~~~~~~
[25.969s] /opt/ros/jazzy/include/rclcpp/rclcpp/duration.hpp:54:3: note: candidate: ‘rclcpp::Duration::Duration(const builtin_interfaces::msg::Duration&)’
[25.969s]    54 |   Duration(const builtin_interfaces::msg::Duration & duration_msg);  // NOLINT(runtime/explicit)
[25.969s]       |   ^~~~~~~~
[25.969s] /home/neha/ros2_ws/src/semnav_migration/src/navigation_semantic.cpp:174:25: error: ‘commandId’ was not declared in this scope
[25.969s]   174 |                         commandId.data = BehaviorIdCmd;
[25.969s]       |                         ^~~~~~~~~
[25.969s] /home/neha/ros2_ws/src/semnav_migration/src/navigation_semantic.cpp:175:41: error: request for member ‘publish’ in ‘((SemanticNavigationNode*)this)->SemanticNavigationNode::pub_behaviorID_’, which is of non-class type ‘int’
[25.969s]   175 |                         pub_behaviorID_.publish(commandId);
[25.970s]       |                                         ^~~~~~~
[25.970s] /opt/ros/jazzy/include/rclcpp/rclcpp/duration.hpp:54:54: note:   no known conversion for argument 1 from ‘double’ to ‘const builtin_interfaces::msg::Duration&’ {aka ‘const builtin_interfaces::msg::Duration_<std::allocator<void> >&’}
[25.972s]    54 |   Duration(const builtin_interfaces::msg::Duration & duration_msg);  // NOLINT(runtime/explicit)
[25.972s]       |            ~~~~~~~~~~~~~~~~~~~~~~~~~~~~~~~~~~~~~~~~~~^~~~~~~~~~~~
[25.972s] /opt/ros/jazzy/include/rclcpp/rclcpp/duration.hpp:43:12: note: candidate: ‘rclcpp::Duration::Duration(std::chrono::nanoseconds)’
[25.972s]    43 |   explicit Duration(std::chrono::nanoseconds nanoseconds);
[25.972s]       |            ^~~~~~~~
[25.973s] /opt/ros/jazzy/include/rclcpp/rclcpp/duration.hpp:43:46: note:   no known conversion for argument 1 from ‘double’ to ‘std::chrono::nanoseconds’ {aka ‘std::chrono::duration<long int, std::ratio<1, 1000000000> >’}
[25.973s]    43 |   explicit Duration(std::chrono::nanoseconds nanoseconds);
[25.973s]       |                     ~~~~~~~~~~~~~~~~~~~~~~~~~^~~~~~~~~~~
[25.973s] /opt/ros/jazzy/include/rclcpp/rclcpp/duration.hpp:40:3: note: candidate: ‘rclcpp::Duration::Duration(int32_t, uint32_t)’
[25.973s]    40 |   Duration(int32_t seconds, uint32_t nanoseconds);
[25.973s]       |   ^~~~~~~~
[25.973s] /opt/ros/jazzy/include/rclcpp/rclcpp/duration.hpp:40:3: note:   candidate expects 2 arguments, 1 provided
[25.973s] /home/neha/ros2_ws/src/semnav_migration/src/navigation_semantic.cpp: In member function ‘void SemanticNavigationNode::publish_behavior_mode(uint16_t)’:
[25.974s] /home/neha/ros2_ws/src/semnav_migration/src/navigation_semantic.cpp:180:28: error: ‘UInt32’ is not a member of ‘std_msgs::msg’
[25.976s]   180 |             std_msgs::msg::UInt32 commandMode;
[25.976s]       |                            ^~~~~~
[25.985s] /home/neha/ros2_ws/src/semnav_migration/src/navigation.cpp:164:38: error: ‘node_ptr’ was not declared in this scope; did you mean ‘mode_t’?
[25.985s]   164 |                         rclcpp::spin(node_ptr);
[25.985s]       |                                      ^~~~~~~~
[25.985s]       |                                      mode_t
[26.030s] /home/neha/ros2_ws/src/semnav_migration/src/navigation_semantic.cpp:181:25: error: ‘commandMode’ was not declared in this scope
[26.030s]   181 |                         commandMode.data = BehaviorModeCmd;
[26.030s]       |                         ^~~~~~~~~~~
[26.042s] /home/neha/ros2_ws/src/semnav_migration/src/navigation.cpp: In member function ‘void NavigationNode::publish_twist(double, double)’:
[26.042s] /home/neha/ros2_ws/src/semnav_migration/src/navigation.cpp:171:25: error: ‘pub_twist_’ was not declared in this scope; did you mean ‘publish_twist’?
[26.042s]   171 |                         pub_twist_.publish(commandTwist);
[26.042s]       |                         ^~~~~~~~~~
[26.043s]       |                         publish_twist
[26.045s] /home/neha/ros2_ws/src/semnav_migration/src/navigation.cpp: In member function ‘void NavigationNode::publish_behavior_id(uint16_t)’:
[26.045s] /home/neha/ros2_ws/src/semnav_migration/src/navigation.cpp:176:28: error: ‘UInt32’ is not a member of ‘std_msgs::msg’
[26.045s]   176 |             std_msgs::msg::UInt32 commandId;
[26.045s]       |                            ^~~~~~
[26.096s] /home/neha/ros2_ws/src/semnav_migration/src/navigation.cpp:177:25: error: ‘commandId’ was not declared in this scope
[26.096s]   177 |                         commandId.data = BehaviorIdCmd;
[26.096s]       |                         ^~~~~~~~~
[26.169s] /home/neha/ros2_ws/src/semnav_migration/src/navigation_semantic.cpp: In member function ‘void SemanticNavigationNode::control_callback(const sensor_msgs::msg::LaserScan_<std::allocator<void> >::ConstPtr&, const nav_msgs::msg::Odometry_<std::allocator<void> >::ConstPtr&)’:
[26.170s] /home/neha/ros2_ws/src/semnav_migration/src/navigation_semantic.cpp:406:33: error: ‘listener_’ was not declared in this scope
[26.170s]   406 |                                 listener_.waitForTransform(world_frame_id_, odom_frame_id_, rclcpp::Time(0), ros::Duration(1.0));
[26.170s]       |                                 ^~~~~~~~~
[26.172s] /home/neha/ros2_ws/src/semnav_migration/src/navigation_semantic.cpp:406:110: error: ‘ros’ has not been declared
[26.172s]   406 |                                 listener_.waitForTransform(world_frame_id_, odom_frame_id_, rclcpp::Time(0), ros::Duration(1.0));
[26.172s]       |                                                                                                              ^~~
[26.172s] In file included from /opt/ros/jazzy/include/rclcpp/rclcpp/copy_all_parameter_values.hpp:27,
[26.173s]                  from /opt/ros/jazzy/include/rclcpp/rclcpp/rclcpp.hpp:171:
[26.173s] /home/neha/ros2_ws/src/semnav_migration/src/navigation_semantic.cpp:409:33: error: static assertion failed: First argument to logging macros must be an rclcpp::Logger
[26.173s]   409 |                                 RCLCPP_ERROR("%s",ex.what());
[26.173s]       |                                 ^~~~~~~~~~~~
[26.173s] In file included from /opt/ros/jazzy/include/rclcpp/rclcpp/logging.hpp:24:
[26.173s] /home/neha/ros2_ws/src/semnav_migration/src/navigation_semantic.cpp:409:33: error: request for member ‘get_name’ in ‘("%s")’, which is of non-class type ‘const char [3]’
[26.173s]   409 |                                 RCLCPP_ERROR("%s",ex.what());
[26.174s]       |                                 ^~~~~~~~~~~~
[26.174s] /home/neha/ros2_ws/src/semnav_migration/src/navigation_semantic.cpp:409:33: error: request for member ‘get_name’ in ‘("%s")’, which is of non-class type ‘const char [3]’
[26.174s]   409 |                                 RCLCPP_ERROR("%s",ex.what());
[26.174s]       |                                 ^~~~~~~~~~~~
[26.178s] /home/neha/ros2_ws/src/semnav_migration/src/navigation_semantic.cpp:434:42: error: could not convert ‘lidar_data’ from ‘shared_ptr<LaserScan_<[...]>>’ to ‘shared_ptr<LaserScan_<[...]>>’
[26.178s]   434 |                         constructLIDAR2D(lidar_data, CutoffRange_, AllowableRange_, RobotPitch_, &LIDAR);
[26.178s]       |                                          ^~~~~~~~~~
[26.178s]       |                                          |
[26.179s]       |                                          shared_ptr<LaserScan_<[...]>>
[26.181s] /home/neha/ros2_ws/src/semnav_migration/src/navigation.cpp:178:25: error: ‘pub_behaviorID_’ was not declared in this scope; did you mean ‘pub_behaviorID_topic_’?
[26.181s]   178 |                         pub_behaviorID_.publish(commandId);
[26.181s]       |                         ^~~~~~~~~~~~~~~
[26.182s]       |                         pub_behaviorID_topic_
[26.188s] /home/neha/ros2_ws/src/semnav_migration/src/navigation.cpp: In member function ‘void NavigationNode::publish_behavior_mode(uint16_t)’:
[26.188s] /home/neha/ros2_ws/src/semnav_migration/src/navigation.cpp:183:28: error: ‘UInt32’ is not a member of ‘std_msgs::msg’
[26.188s]   183 |             std_msgs::msg::UInt32 commandMode;
[26.188s]       |                            ^~~~~~
[26.205s] /home/neha/ros2_ws/src/semnav_migration/src/navigation_semantic.cpp:593:41: error: ‘ros’ has not been declared
[26.205s]   593 |                                         ros::Duration(5.0).sleep();
[26.205s]       |                                         ^~~
[26.221s] /home/neha/ros2_ws/src/semnav_migration/src/navigation_semantic.cpp: In function ‘int main(int, char**)’:
[26.221s] /home/neha/ros2_ws/src/semnav_migration/src/navigation_semantic.cpp:700:34: error: invalid initialization of reference of type ‘const rclcpp::InitOptions&’ from expression of type ‘const char [20]’
[26.222s]   700 |         rclcpp::init(argc, argv, "navigation_semantic");
[26.222s]       |                                  ^~~~~~~~~~~~~~~~~~~~~
[26.224s] In file included from /opt/ros/jazzy/include/rclcpp/rclcpp/logging.hpp:25:
[26.224s] /opt/ros/jazzy/include/rclcpp/rclcpp/utilities.hpp:78:23: note: in passing argument 3 of ‘void rclcpp::init(int, const char* const*, const InitOptions&, SignalHandlerOptions)’
[26.224s]    78 |   const InitOptions & init_options = InitOptions(),
[26.224s]       |   ~~~~~~~~~~~~~~~~~~~~^~~~~~~~~~~~~~~~~~~~~~~~~~~~
[26.252s] /home/neha/ros2_ws/src/semnav_migration/src/navigation.cpp:184:25: error: ‘commandMode’ was not declared in this scope
[26.252s]   184 |                         commandMode.data = BehaviorModeCmd;
[26.252s]       |                         ^~~~~~~~~~~
[26.353s] /home/neha/ros2_ws/src/semnav_migration/src/navigation.cpp:185:25: error: ‘pub_behaviorMode_’ was not declared in this scope; did you mean ‘pub_behaviorMode_topic_’?
[26.353s]   185 |                         pub_behaviorMode_.publish(commandMode);
[26.353s]       |                         ^~~~~~~~~~~~~~~~~
[26.353s]       |                         pub_behaviorMode_topic_
[26.493s] /home/neha/ros2_ws/src/semnav_migration/src/navigation.cpp: In member function ‘void NavigationNode::control_callback(const sensor_msgs::msg::LaserScan_<std::allocator<void> >::ConstPtr&, const nav_msgs::msg::Odometry_<std::allocator<void> >::ConstPtr&)’:
[26.494s] /home/neha/ros2_ws/src/semnav_migration/src/navigation.cpp:368:33: error: ‘listener_’ was not declared in this scope
[26.494s]   368 |                                 listener_.waitForTransform(world_frame_id_, odom_frame_id_, rclcpp::Time(0), rclcpp::Duration(1.0));
[26.494s]       |                                 ^~~~~~~~~
[26.494s] /home/neha/ros2_ws/src/semnav_migration/src/navigation.cpp:368:130: error: no matching function for call to ‘rclcpp::Duration::Duration(double)’
[26.494s]   368 |                                 listener_.waitForTransform(world_frame_id_, odom_frame_id_, rclcpp::Time(0), rclcpp::Duration(1.0));
[26.494s]       |                                                                                                                                  ^
[26.494s] /opt/ros/jazzy/include/rclcpp/rclcpp/duration.hpp:49:3: note: candidate: ‘template<class Rep, class Period> rclcpp::Duration::Duration(const std::chrono::duration<_Rep1, _Period1>&)’
[26.495s]    49 |   Duration(const std::chrono::duration<Rep, Period> & duration)  // NOLINT(runtime/explicit)
[26.497s]       |   ^~~~~~~~
[26.497s] /opt/ros/jazzy/include/rclcpp/rclcpp/duration.hpp:49:3: note:   template argument deduction/substitution failed:
[26.498s] /home/neha/ros2_ws/src/semnav_migration/src/navigation.cpp:368:130: note:   mismatched types ‘const std::chrono::duration<_Rep1, _Period1>’ and ‘double’
[26.498s]   368 |                                 listener_.waitForTransform(world_frame_id_, odom_frame_id_, rclcpp::Time(0), rclcpp::Duration(1.0));
[26.498s]       |                                                                                                                                  ^
[26.498s] /opt/ros/jazzy/include/rclcpp/rclcpp/duration.hpp:159:3: note: candidate: ‘rclcpp::Duration::Duration()’
[26.498s]   159 |   Duration() = default;
[26.498s]       |   ^~~~~~~~
[26.498s] /opt/ros/jazzy/include/rclcpp/rclcpp/duration.hpp:159:3: note:   candidate expects 0 arguments, 1 provided
[26.499s] /opt/ros/jazzy/include/rclcpp/rclcpp/duration.hpp:62:3: note: candidate: ‘rclcpp::Duration::Duration(const rclcpp::Duration&)’
[26.501s]    62 |   Duration(const Duration & rhs);
[26.501s]       |   ^~~~~~~~
[26.501s] /opt/ros/jazzy/include/rclcpp/rclcpp/duration.hpp:62:29: note:   no known conversion for argument 1 from ‘double’ to ‘const rclcpp::Duration&’
[26.501s]    62 |   Duration(const Duration & rhs);
[26.501s]       |            ~~~~~~~~~~~~~~~~~^~~
[26.502s] /opt/ros/jazzy/include/rclcpp/rclcpp/duration.hpp:60:12: note: candidate: ‘rclcpp::Duration::Duration(const rcl_duration_t&)’
[26.502s]    60 |   explicit Duration(const rcl_duration_t & duration);
[26.502s]       |            ^~~~~~~~
[26.502s] /opt/ros/jazzy/include/rclcpp/rclcpp/duration.hpp:60:44: note:   no known conversion for argument 1 from ‘double’ to ‘const rcl_duration_t&’ {aka ‘const rcl_duration_s&’}
[26.502s]    60 |   explicit Duration(const rcl_duration_t & duration);
[26.502s]       |                     ~~~~~~~~~~~~~~~~~~~~~~~^~~~~~~~
[26.502s] /opt/ros/jazzy/include/rclcpp/rclcpp/duration.hpp:54:3: note: candidate: ‘rclcpp::Duration::Duration(const builtin_interfaces::msg::Duration&)’
[26.503s]    54 |   Duration(const builtin_interfaces::msg::Duration & duration_msg);  // NOLINT(runtime/explicit)
[26.505s]       |   ^~~~~~~~
[26.505s] /opt/ros/jazzy/include/rclcpp/rclcpp/duration.hpp:54:54: note:   no known conversion for argument 1 from ‘double’ to ‘const builtin_interfaces::msg::Duration&’ {aka ‘const builtin_interfaces::msg::Duration_<std::allocator<void> >&’}
[26.505s]    54 |   Duration(const builtin_interfaces::msg::Duration & duration_msg);  // NOLINT(runtime/explicit)
[26.505s]       |            ~~~~~~~~~~~~~~~~~~~~~~~~~~~~~~~~~~~~~~~~~~^~~~~~~~~~~~
[26.506s] /opt/ros/jazzy/include/rclcpp/rclcpp/duration.hpp:43:12: note: candidate: ‘rclcpp::Duration::Duration(std::chrono::nanoseconds)’
[26.506s]    43 |   explicit Duration(std::chrono::nanoseconds nanoseconds);
[26.506s]       |            ^~~~~~~~
[26.506s] /opt/ros/jazzy/include/rclcpp/rclcpp/duration.hpp:43:46: note:   no known conversion for argument 1 from ‘double’ to ‘std::chrono::nanoseconds’ {aka ‘std::chrono::duration<long int, std::ratio<1, 1000000000> >’}
[26.506s]    43 |   explicit Duration(std::chrono::nanoseconds nanoseconds);
[26.506s]       |                     ~~~~~~~~~~~~~~~~~~~~~~~~~^~~~~~~~~~~
[26.506s] /opt/ros/jazzy/include/rclcpp/rclcpp/duration.hpp:40:3: note: candidate: ‘rclcpp::Duration::Duration(int32_t, uint32_t)’
[26.507s]    40 |   Duration(int32_t seconds, uint32_t nanoseconds);
[26.509s]       |   ^~~~~~~~
[26.509s] /opt/ros/jazzy/include/rclcpp/rclcpp/duration.hpp:40:3: note:   candidate expects 2 arguments, 1 provided
[26.509s] /home/neha/ros2_ws/src/semnav_migration/src/navigation.cpp:398:42: error: could not convert ‘lidar_data’ from ‘shared_ptr<LaserScan_<[...]>>’ to ‘shared_ptr<LaserScan_<[...]>>’
[26.509s]   398 |                         constructLIDAR2D(lidar_data, CutoffRange_, AllowableRange_, RobotPitch_, &LIDAR);
[26.509s]       |                                          ^~~~~~~~~~
[26.510s]       |                                          |
[26.510s]       |                                          shared_ptr<LaserScan_<[...]>>
[26.523s] /home/neha/ros2_ws/src/semnav_migration/src/navigation.cpp:572:53: error: no matching function for call to ‘rclcpp::Duration::Duration(double)’
[26.523s]   572 |                                 rclcpp::Duration(5.0).sleep();
[26.523s]       |                                                     ^
[26.525s] /opt/ros/jazzy/include/rclcpp/rclcpp/duration.hpp:49:3: note: candidate: ‘template<class Rep, class Period> rclcpp::Duration::Duration(const std::chrono::duration<_Rep1, _Period1>&)’
[26.526s]    49 |   Duration(const std::chrono::duration<Rep, Period> & duration)  // NOLINT(runtime/explicit)
[26.526s]       |   ^~~~~~~~
[26.526s] /opt/ros/jazzy/include/rclcpp/rclcpp/duration.hpp:49:3: note:   template argument deduction/substitution failed:
[26.526s] /home/neha/ros2_ws/src/semnav_migration/src/navigation.cpp:572:53: note:   mismatched types ‘const std::chrono::duration<_Rep1, _Period1>’ and ‘double’
[26.526s]   572 |                                 rclcpp::Duration(5.0).sleep();
[26.526s]       |                                                     ^
[26.526s] /opt/ros/jazzy/include/rclcpp/rclcpp/duration.hpp:159:3: note: candidate: ‘rclcpp::Duration::Duration()’
[26.527s]   159 |   Duration() = default;
[26.529s]       |   ^~~~~~~~
[26.529s] /opt/ros/jazzy/include/rclcpp/rclcpp/duration.hpp:159:3: note:   candidate expects 0 arguments, 1 provided
[26.529s] /opt/ros/jazzy/include/rclcpp/rclcpp/duration.hpp:62:3: note: candidate: ‘rclcpp::Duration::Duration(const rclcpp::Duration&)’
[26.529s]    62 |   Duration(const Duration & rhs);
[26.530s]       |   ^~~~~~~~
[26.530s] /opt/ros/jazzy/include/rclcpp/rclcpp/duration.hpp:62:29: note:   no known conversion for argument 1 from ‘double’ to ‘const rclcpp::Duration&’
[26.530s]    62 |   Duration(const Duration & rhs);
[26.530s]       |            ~~~~~~~~~~~~~~~~~^~~
[26.530s] /opt/ros/jazzy/include/rclcpp/rclcpp/duration.hpp:60:12: note: candidate: ‘rclcpp::Duration::Duration(const rcl_duration_t&)’
[26.530s]    60 |   explicit Duration(const rcl_duration_t & duration);
[26.530s]       |            ^~~~~~~~
[26.530s] /opt/ros/jazzy/include/rclcpp/rclcpp/duration.hpp:60:44: note:   no known conversion for argument 1 from ‘double’ to ‘const rcl_duration_t&’ {aka ‘const rcl_duration_s&’}
[26.531s]    60 |   explicit Duration(const rcl_duration_t & duration);
[26.533s]       |                     ~~~~~~~~~~~~~~~~~~~~~~~^~~~~~~~
[26.533s] /opt/ros/jazzy/include/rclcpp/rclcpp/duration.hpp:54:3: note: candidate: ‘rclcpp::Duration::Duration(const builtin_interfaces::msg::Duration&)’
[26.533s]    54 |   Duration(const builtin_interfaces::msg::Duration & duration_msg);  // NOLINT(runtime/explicit)
[26.533s]       |   ^~~~~~~~
[26.534s] /opt/ros/jazzy/include/rclcpp/rclcpp/duration.hpp:54:54: note:   no known conversion for argument 1 from ‘double’ to ‘const builtin_interfaces::msg::Duration&’ {aka ‘const builtin_interfaces::msg::Duration_<std::allocator<void> >&’}
[26.534s]    54 |   Duration(const builtin_interfaces::msg::Duration & duration_msg);  // NOLINT(runtime/explicit)
[26.534s]       |            ~~~~~~~~~~~~~~~~~~~~~~~~~~~~~~~~~~~~~~~~~~^~~~~~~~~~~~
[26.534s] /opt/ros/jazzy/include/rclcpp/rclcpp/duration.hpp:43:12: note: candidate: ‘rclcpp::Duration::Duration(std::chrono::nanoseconds)’
[26.534s]    43 |   explicit Duration(std::chrono::nanoseconds nanoseconds);
[26.534s]       |            ^~~~~~~~
[26.534s] /opt/ros/jazzy/include/rclcpp/rclcpp/duration.hpp:43:46: note:   no known conversion for argument 1 from ‘double’ to ‘std::chrono::nanoseconds’ {aka ‘std::chrono::duration<long int, std::ratio<1, 1000000000> >’}
[26.535s]    43 |   explicit Duration(std::chrono::nanoseconds nanoseconds);
[26.537s]       |                     ~~~~~~~~~~~~~~~~~~~~~~~~~^~~~~~~~~~~
[26.537s] /opt/ros/jazzy/include/rclcpp/rclcpp/duration.hpp:40:3: note: candidate: ‘rclcpp::Duration::Duration(int32_t, uint32_t)’
[26.537s]    40 |   Duration(int32_t seconds, uint32_t nanoseconds);
[26.537s]       |   ^~~~~~~~
[26.538s] /opt/ros/jazzy/include/rclcpp/rclcpp/duration.hpp:40:3: note:   candidate expects 2 arguments, 1 provided
[33.719s] gmake[2]: *** [CMakeFiles/navigation_semantic.dir/build.make:76: CMakeFiles/navigation_semantic.dir/src/navigation_semantic.cpp.o] Error 1
[33.721s] gmake[1]: *** [CMakeFiles/Makefile2:207: CMakeFiles/navigation_semantic.dir/all] Error 2
[33.721s] gmake[1]: *** Waiting for unfinished jobs....
[40.574s] gmake[2]: *** [CMakeFiles/navigation.dir/build.make:76: CMakeFiles/navigation.dir/src/navigation.cpp.o] Error 1
[40.575s] gmake[1]: *** [CMakeFiles/Makefile2:181: CMakeFiles/navigation.dir/all] Error 2
[40.575s] gmake: *** [Makefile:146: all] Error 2
[40.578s] Invoked command in '/home/neha/ros2_ws/src/semnav_migration/build/semnav' returned '2': CMAKE_PREFIX_PATH=${CMAKE_PREFIX_PATH}:/opt/ros/jazzy DEBUGINFOD_URLS=https://debuginfod.ubuntu.com /usr/bin/cmake --build /home/neha/ros2_ws/src/semnav_migration/build/semnav -- -j2 -l2
