[0.033s] Invoking command in '/home/neha/ros2_ws/src/current_semnav_migration/build/semnav': CMAKE_PREFIX_PATH=${CMAKE_PREFIX_PATH}:/opt/ros/jazzy DEBUGINFOD_URLS=https://debuginfod.ubuntu.com /usr/bin/cmake --build /home/neha/ros2_ws/src/current_semnav_migration/build/semnav -- -j2 -l2
[0.215s] [  4%] [32mBuilding CXX object CMakeFiles/reactive_planner.dir/src/libraries/reactive_planner_lib.cpp.o[0m
[59.394s] [  9%] [32m[1mLinking CXX static library libreactive_planner.a[0m
[60.217s] [ 14%] Built target reactive_planner
[60.373s] [ 19%] [32mBuilding CXX object CMakeFiles/navigation_semantic.dir/src/navigation_semantic.cpp.o[0m
[60.451s] [ 23%] [32mBuilding CXX object CMakeFiles/navigation.dir/src/navigation.cpp.o[0m
[92.211s] [01m[K/home/neha/ros2_ws/src/current_semnav_migration/src/navigation.cpp:[m[K In member function â€˜[01m[Kvoid NavigationNode::[01;32m[Kcontrol_callback[m[K(const sensor_msgs::msg::LaserScan_<std::allocator<void> >::ConstPtr&, const nav_msgs::msg::Odometry_<std::allocator<void> >::ConstPtr&)[m[Kâ€™:
[92.212s] [01m[K/home/neha/ros2_ws/src/current_semnav_migration/src/navigation.cpp:395:28:[m[K [01;31m[Kerror: [m[Kâ€˜[01m[Kclass std::unique_ptr<tf2_ros::Buffer>[m[Kâ€™ has no member named â€˜[01m[Ktransform[m[Kâ€™
[92.212s]   395 |                 tf_buffer_.[01;31m[Ktransform[m[K<geometry_msgs::msg::PoseStamped>(
[92.212s]       |                            [01;31m[K^~~~~~~~~[m[K
[92.212s] [01m[K/home/neha/ros2_ws/src/current_semnav_migration/src/navigation.cpp:395:69:[m[K [01;31m[Kerror: [m[Kexpected primary-expression before â€˜[01m[K>[m[Kâ€™ token
[92.212s]   395 |                 tf_buffer_.transform<geometry_msgs::msg::PoseStamped[01;31m[K>[m[K(
[92.212s]       |                                                                     [01;31m[K^[m[K
[120.259s] gmake[2]: *** [CMakeFiles/navigation.dir/build.make:76: CMakeFiles/navigation.dir/src/navigation.cpp.o] Error 1
[120.259s] gmake[1]: *** [CMakeFiles/Makefile2:181: CMakeFiles/navigation.dir/all] Error 2
[120.259s] gmake[1]: *** Waiting for unfinished jobs....
[161.001s] [ 28%] [32m[1mLinking CXX executable navigation_semantic[0m
[165.545s] [ 28%] Built target navigation_semantic
[165.547s] gmake: *** [Makefile:146: all] Error 2
[165.550s] Invoked command in '/home/neha/ros2_ws/src/current_semnav_migration/build/semnav' returned '2': CMAKE_PREFIX_PATH=${CMAKE_PREFIX_PATH}:/opt/ros/jazzy DEBUGINFOD_URLS=https://debuginfod.ubuntu.com /usr/bin/cmake --build /home/neha/ros2_ws/src/current_semnav_migration/build/semnav -- -j2 -l2
