[0.026s] Invoking command in '/home/neha/ros2_ws/src/semnav_migration/build/semnav': CMAKE_PREFIX_PATH=${CMAKE_PREFIX_PATH}:/opt/ros/jazzy DEBUGINFOD_URLS=https://debuginfod.ubuntu.com /usr/bin/cmake --build /home/neha/ros2_ws/src/semnav_migration/build/semnav -- -j2 -l2
[0.192s] [ 14%] Built target reactive_planner
[0.331s] [ 23%] Building CXX object CMakeFiles/navigation_semantic.dir/src/navigation_semantic.cpp.o
[0.331s] [ 23%] Building CXX object CMakeFiles/navigation.dir/src/navigation.cpp.o
[21.644s] /home/neha/ros2_ws/src/semnav_migration/src/navigation_semantic.cpp:240:47: error: ‘object_pose_interface_msgs’ does not name a type
[21.644s]   240 |                 void diffeo_tree_update(const object_pose_interface_msgs::msg::SemanticMapObjectArray::ConstPtr& semantic_map_data) {
[21.644s]       |                                               ^~~~~~~~~~~~~~~~~~~~~~~~~~
[21.644s] /home/neha/ros2_ws/src/semnav_migration/src/navigation_semantic.cpp:240:78: error: expected unqualified-id before ‘::’ token
[21.645s]   240 |                 void diffeo_tree_update(const object_pose_interface_msgs::msg::SemanticMapObjectArray::ConstPtr& semantic_map_data) {
[21.645s]       |                                                                              ^~
[21.645s] /home/neha/ros2_ws/src/semnav_migration/src/navigation_semantic.cpp:240:78: error: expected ‘)’ before ‘::’ token
[21.645s]   240 |                 void diffeo_tree_update(const object_pose_interface_msgs::msg::SemanticMapObjectArray::ConstPtr& semantic_map_data) {
[21.645s]       |                                        ~                                     ^~
[21.646s]       |                                                                              )
[21.647s] /home/neha/ros2_ws/src/semnav_migration/src/navigation_semantic.cpp:240:75: error: expected ‘;’ at end of member declaration
[21.647s]   240 |                 void diffeo_tree_update(const object_pose_interface_msgs::msg::SemanticMapObjectArray::ConstPtr& semantic_map_data) {
[21.647s]       |                                                                           ^~~
[21.647s]       |                                                                              ;
[21.684s] /home/neha/ros2_ws/src/semnav_migration/src/navigation_semantic.cpp:240:80: error: ‘SemanticMapObjectArray’ in namespace ‘::’ does not name a type
[21.684s]   240 |                 void diffeo_tree_update(const object_pose_interface_msgs::msg::SemanticMapObjectArray::ConstPtr& semantic_map_data) {
[21.684s]       |                                                                                ^~~~~~~~~~~~~~~~~~~~~~
[21.692s] /home/neha/ros2_ws/src/semnav_migration/src/navigation_semantic.cpp:623:17: error: ‘ros’ does not name a type
[21.693s]   623 |                 ros::NodeHandle nh_;
[21.693s]       |                 ^~~
[21.698s] /home/neha/ros2_ws/src/semnav_migration/src/navigation_semantic.cpp:640:17: error: ‘ros’ does not name a type
[21.698s]   640 |                 ros::Publisher pub_behaviorID_;
[21.698s]       |                 ^~~
[21.702s] /home/neha/ros2_ws/src/semnav_migration/src/navigation_semantic.cpp:641:17: error: ‘ros’ does not name a type
[21.703s]   641 |                 ros::Publisher pub_behaviorMode_;
[21.703s]       |                 ^~~
[21.708s] /home/neha/ros2_ws/src/semnav_migration/src/navigation_semantic.cpp:642:17: error: ‘ros’ does not name a type
[21.709s]   642 |                 ros::Publisher pub_twist_;
[21.709s]       |                 ^~~
[21.715s] /home/neha/ros2_ws/src/semnav_migration/src/navigation_semantic.cpp:644:17: error: ‘ros’ does not name a type
[21.716s]   644 |                 ros::Publisher pub_semantic_map_;
[21.716s]       |                 ^~~
[21.730s] /home/neha/ros2_ws/src/semnav_migration/src/navigation_semantic.cpp:690:17: error: ‘tf’ does not name a type; did you mean ‘tm’?
[21.731s]   690 |                 tf::TransformListener listener_;
[21.731s]       |                 ^~
[21.731s]       |                 tm
[21.787s] /home/neha/ros2_ws/src/semnav_migration/src/navigation.cpp:241:47: error: ‘object_pose_interface_msgs’ does not name a type
[21.788s]   241 |                 void diffeo_tree_update(const object_pose_interface_msgs::msg::SemanticMapObjectArray::ConstPtr& semantic_map_data) {
[21.788s]       |                                               ^~~~~~~~~~~~~~~~~~~~~~~~~~
[21.788s] /home/neha/ros2_ws/src/semnav_migration/src/navigation.cpp:241:78: error: expected unqualified-id before ‘::’ token
[21.788s]   241 |                 void diffeo_tree_update(const object_pose_interface_msgs::msg::SemanticMapObjectArray::ConstPtr& semantic_map_data) {
[21.788s]       |                                                                              ^~
[21.788s] /home/neha/ros2_ws/src/semnav_migration/src/navigation.cpp:241:78: error: expected ‘)’ before ‘::’ token
[21.788s]   241 |                 void diffeo_tree_update(const object_pose_interface_msgs::msg::SemanticMapObjectArray::ConstPtr& semantic_map_data) {
[21.789s]       |                                        ~                                     ^~
[21.789s]       |                                                                              )
[21.789s] /home/neha/ros2_ws/src/semnav_migration/src/navigation.cpp:241:75: error: expected ‘;’ at end of member declaration
[21.789s]   241 |                 void diffeo_tree_update(const object_pose_interface_msgs::msg::SemanticMapObjectArray::ConstPtr& semantic_map_data) {
[21.789s]       |                                                                           ^~~
[21.791s]       |                                                                              ;
[21.828s] /home/neha/ros2_ws/src/semnav_migration/src/navigation.cpp:241:80: error: ‘SemanticMapObjectArray’ in namespace ‘::’ does not name a type
[21.828s]   241 |                 void diffeo_tree_update(const object_pose_interface_msgs::msg::SemanticMapObjectArray::ConstPtr& semantic_map_data) {
[21.828s]       |                                                                                ^~~~~~~~~~~~~~~~~~~~~~
[21.828s] /home/neha/ros2_ws/src/semnav_migration/src/navigation.cpp:614:17: error: invalid use of template-name ‘rclcpp::Publisher’ without an argument list
[21.828s]   614 |                 rclcpp::Publisher pub_behaviorID_;
[21.828s]       |                 ^~~~~~
[21.829s] /home/neha/ros2_ws/src/semnav_migration/src/navigation.cpp:615:17: error: invalid use of template-name ‘rclcpp::Publisher’ without an argument list
[21.829s]   615 |                 rclcpp::Publisher pub_behaviorMode_;
[21.829s]       |                 ^~~~~~
[21.829s] /home/neha/ros2_ws/src/semnav_migration/src/navigation.cpp:616:17: error: invalid use of template-name ‘rclcpp::Publisher’ without an argument list
[21.829s]   616 |                 rclcpp::Publisher pub_twist_;
[21.829s]       |                 ^~~~~~
[21.831s] /home/neha/ros2_ws/src/semnav_migration/src/navigation.cpp:618:17: error: invalid use of template-name ‘rclcpp::Publisher’ without an argument list
[21.831s]   618 |                 rclcpp::Publisher pub_semantic_map_;
[21.831s]       |                 ^~~~~~
[21.839s] /home/neha/ros2_ws/src/semnav_migration/src/navigation.cpp:662:22: error: ‘TransformListener’ in namespace ‘tf2’ does not name a type
[21.840s]   662 |                 tf2::TransformListener listener_;
[21.840s]       |                      ^~~~~~~~~~~~~~~~~
[21.841s] /home/neha/ros2_ws/src/semnav_migration/src/navigation.cpp: In constructor ‘NavigationNode::NavigationNode()’:
[21.841s] /home/neha/ros2_ws/src/semnav_migration/src/navigation.cpp:45:50: error: no matching function for call to ‘rclcpp::Node::Node()’
[21.842s]    45 |         NavigationNode() : Node("navigation_node") {
[21.842s]       |                                                  ^
[21.845s] /home/neha/ros2_ws/src/semnav_migration/src/navigation_semantic.cpp: In constructor ‘SemanticNavigationNode::SemanticNavigationNode()’:
[21.845s] /home/neha/ros2_ws/src/semnav_migration/src/navigation_semantic.cpp:136:25: error: ‘pub_behaviorID_’ was not declared in this scope; did you mean ‘pub_behaviorID_topic_’?
[21.845s]   136 |                         pub_behaviorID_ = nh_.advertise<std_msgs::UInt32>(pub_behaviorID_topic_, 1, true);
[21.845s]       |                         ^~~~~~~~~~~~~~~
[21.845s]       |                         pub_behaviorID_topic_
[21.845s] In file included from /opt/ros/jazzy/include/rclcpp/rclcpp/executors/single_threaded_executor.hpp:28,
[21.845s]                  from /opt/ros/jazzy/include/rclcpp/rclcpp/executors.hpp:22,
[21.845s]                  from /opt/ros/jazzy/include/rclcpp/rclcpp/rclcpp.hpp:172,
[21.846s]                  from /home/neha/ros2_ws/src/semnav_migration/include/reactive_planner_lib.h:32,
[21.846s]                  from /home/neha/ros2_ws/src/semnav_migration/src/navigation.cpp:25:
[21.846s] /opt/ros/jazzy/include/rclcpp/rclcpp/node.hpp:1629:3: note: candidate: ‘rclcpp::Node::Node(const rclcpp::Node&, const std::string&)’
[21.846s]  1629 |   Node(
[21.846s]       |   ^~~~
[21.848s] /opt/ros/jazzy/include/rclcpp/rclcpp/node.hpp:1629:3: note:   candidate expects 2 arguments, 0 provided
[21.849s] /opt/ros/jazzy/include/rclcpp/rclcpp/node.hpp:103:12: note: candidate: ‘rclcpp::Node::Node(const std::string&, const std::string&, const rclcpp::NodeOptions&)’
[21.849s]   103 |   explicit Node(
[21.849s]       |            ^~~~
[21.849s] /opt/ros/jazzy/include/rclcpp/rclcpp/node.hpp:103:12: note:   candidate expects 3 arguments, 0 provided
[21.849s] /opt/ros/jazzy/include/rclcpp/rclcpp/node.hpp:91:12: note: candidate: ‘rclcpp::Node::Node(const std::string&, const rclcpp::NodeOptions&)’
[21.849s]    91 |   explicit Node(
[21.849s]       |            ^~~~
[21.850s] /opt/ros/jazzy/include/rclcpp/rclcpp/node.hpp:91:12: note:   candidate expects 2 arguments, 0 provided
[21.870s] /home/neha/ros2_ws/src/semnav_migration/src/navigation.cpp:86:29: error: ‘class rclcpp::Node’ has no member named ‘getParam’
[21.870s]    86 |                         nh_.getParam("Tolerance", Tolerance_);
[21.872s]       |                             ^~~~~~~~
[21.879s] /home/neha/ros2_ws/src/semnav_migration/src/navigation_semantic.cpp:136:43: error: ‘nh_’ was not declared in this scope
[21.879s]   136 |                         pub_behaviorID_ = nh_.advertise<std_msgs::UInt32>(pub_behaviorID_topic_, 1, true);
[21.879s]       |                                           ^~~
[21.884s] /home/neha/ros2_ws/src/semnav_migration/src/navigation_semantic.cpp:136:67: error: ‘UInt32’ is not a member of ‘std_msgs’
[21.884s]   136 |                         pub_behaviorID_ = nh_.advertise<std_msgs::UInt32>(pub_behaviorID_topic_, 1, true);
[21.884s]       |                                                                   ^~~~~~
[21.964s] /home/neha/ros2_ws/src/semnav_migration/src/navigation.cpp:104:25: error: ‘target_object_’ was not declared in this scope
[21.965s]   104 |                         target_object_ = this->get_parameter("target_object").as_string();
[21.965s]       |                         ^~~~~~~~~~~~~~
[21.977s] /home/neha/ros2_ws/src/semnav_migration/src/navigation_semantic.cpp:137:25: error: ‘pub_behaviorMode_’ was not declared in this scope; did you mean ‘pub_behaviorMode_topic_’?
[21.978s]   137 |                         pub_behaviorMode_ = nh_.advertise<std_msgs::UInt32>(pub_behaviorMode_topic_, 1, true);
[21.978s]       |                         ^~~~~~~~~~~~~~~~~
[21.978s]       |                         pub_behaviorMode_topic_
[21.980s] /home/neha/ros2_ws/src/semnav_migration/src/navigation_semantic.cpp:137:69: error: ‘UInt32’ is not a member of ‘std_msgs’
[21.980s]   137 |                         pub_behaviorMode_ = nh_.advertise<std_msgs::UInt32>(pub_behaviorMode_topic_, 1, true);
[21.980s]       |                                                                     ^~~~~~
[22.028s] /home/neha/ros2_ws/src/semnav_migration/src/navigation_semantic.cpp:138:25: error: ‘pub_twist_’ was not declared in this scope; did you mean ‘publish_twist’?
[22.029s]   138 |                         pub_twist_ = nh_.advertise<geometry_msgs::msg::Twist>(pub_twist_topic_, 1, true);
[22.029s]       |                         ^~~~~~~~~~
[22.029s]       |                         publish_twist
[22.029s] /home/neha/ros2_ws/src/semnav_migration/src/navigation_semantic.cpp:138:77: error: expected primary-expression before ‘>’ token
[22.029s]   138 |                         pub_twist_ = nh_.advertise<geometry_msgs::msg::Twist>(pub_twist_topic_, 1, true);
[22.029s]       |                                                                             ^
[22.029s] /home/neha/ros2_ws/src/semnav_migration/src/navigation_semantic.cpp:141:42: error: ‘message_filters::msg’ has not been declared
[22.030s]   141 |                         message_filters::msg::Subscriber<sensor_msgs::LaserScan> sub_laser(nh_, sub_laser_topic_, 1);
[22.030s]       |                                          ^~~
[22.034s] /home/neha/ros2_ws/src/semnav_migration/src/navigation_semantic.cpp:141:71: error: ‘LaserScan’ is not a member of ‘sensor_msgs’; did you mean ‘sensor_msgs::msg::LaserScan’?
[22.035s]   141 |                         message_filters::msg::Subscriber<sensor_msgs::LaserScan> sub_laser(nh_, sub_laser_topic_, 1);
[22.035s]       |                                                                       ^~~~~~~~~
[22.035s] In file included from /opt/ros/jazzy/include/sensor_msgs/sensor_msgs/msg/laser_scan.hpp:7,
[22.035s]                  from /home/neha/ros2_ws/src/semnav_migration/include/reactive_planner_lib.h:46,
[22.035s]                  from /home/neha/ros2_ws/src/semnav_migration/src/navigation_semantic.cpp:25:
[22.035s] /opt/ros/jazzy/include/sensor_msgs/sensor_msgs/msg/detail/laser_scan__struct.hpp:250:7: note: ‘sensor_msgs::msg::LaserScan’ declared here
[22.035s]   250 | using LaserScan =
[22.036s]       |       ^~~~~~~~~
[22.081s] /home/neha/ros2_ws/src/semnav_migration/src/navigation_semantic.cpp:141:82: error: ‘sub_laser’ was not declared in this scope
[22.082s]   141 |                         message_filters::msg::Subscriber<sensor_msgs::LaserScan> sub_laser(nh_, sub_laser_topic_, 1);
[22.082s]       |                                                                                  ^~~~~~~~~
[22.114s] /home/neha/ros2_ws/src/semnav_migration/src/navigation.cpp:105:25: error: ‘target_object_length_’ was not declared in this scope
[22.114s]   105 |                         target_object_length_ = this->get_parameter("target_object_length").as_double();
[22.115s]       |                         ^~~~~~~~~~~~~~~~~~~~~
[22.150s] /home/neha/ros2_ws/src/semnav_migration/src/navigation_semantic.cpp:143:94: error: ‘LaserScan’ is not a member of ‘sensor_msgs’; did you mean ‘sensor_msgs::msg::LaserScan’?
[22.151s]   143 |                         typedef message_filters::sync_policies::ApproximateTime<sensor_msgs::LaserScan,nav_msgs::msg::Odometry> SyncPolicy;
[22.151s]       |                                                                                              ^~~~~~~~~
[22.151s] /opt/ros/jazzy/include/sensor_msgs/sensor_msgs/msg/detail/laser_scan__struct.hpp:250:7: note: ‘sensor_msgs::msg::LaserScan’ declared here
[22.151s]   250 | using LaserScan =
[22.151s]       |       ^~~~~~~~~
[22.151s] /home/neha/ros2_ws/src/semnav_migration/src/navigation_semantic.cpp:143:127: error: template argument 1 is invalid
[22.152s]   143 |                         typedef message_filters::sync_policies::ApproximateTime<sensor_msgs::LaserScan,nav_msgs::msg::Odometry> SyncPolicy;
[22.152s]       |                                                                                                                               ^
[22.152s] In file included from /home/neha/ros2_ws/src/semnav_migration/include/reactive_planner_lib.h:44:
[22.153s] /opt/ros/jazzy/include/message_filters/message_filters/synchronizer.h: In instantiation of ‘class message_filters::Synchronizer<int>’:
[22.153s] /home/neha/ros2_ws/src/semnav_migration/src/navigation_semantic.cpp:146:64:   required from here
[22.153s] /opt/ros/jazzy/include/message_filters/message_filters/synchronizer.h:53:7: error: base type ‘int’ fails to be a struct or class type
[22.153s]    53 | class Synchronizer : public noncopyable, public Policy
[22.153s]       |       ^~~~~~~~~~~~
[22.153s] /opt/ros/jazzy/include/message_filters/message_filters/synchronizer.h:56:37: error: ‘int’ is not a class, struct, or union type
[22.153s]    56 |   typedef typename Policy::Messages Messages;
[22.154s]       |                                     ^~~~~~~~
[22.154s] /opt/ros/jazzy/include/message_filters/message_filters/synchronizer.h:57:35: error: ‘int’ is not a class, struct, or union type
[22.154s]    57 |   typedef typename Policy::Events Events;
[22.154s]       |                                   ^~~~~~
[22.154s] /opt/ros/jazzy/include/message_filters/message_filters/synchronizer.h:58:35: error: ‘int’ is not a class, struct, or union type
[22.157s]    58 |   typedef typename Policy::Signal Signal;
[22.158s]       |                                   ^~~~~~
[22.158s] /opt/ros/jazzy/include/message_filters/message_filters/synchronizer.h:60:58: error: ‘int’ is not a class, struct, or union type
[22.158s]    60 |   typedef typename std::tuple_element<0, Messages>::type M0;
[22.158s]       |                                                          ^~
[22.158s] /opt/ros/jazzy/include/message_filters/message_filters/synchronizer.h:61:58: error: ‘int’ is not a class, struct, or union type
[22.158s]    61 |   typedef typename std::tuple_element<1, Messages>::type M1;
[22.158s]       |                                                          ^~
[22.159s] /opt/ros/jazzy/include/message_filters/message_filters/synchronizer.h:62:58: error: ‘int’ is not a class, struct, or union type
[22.159s]    62 |   typedef typename std::tuple_element<2, Messages>::type M2;
[22.159s]       |                                                          ^~
[22.159s] /opt/ros/jazzy/include/message_filters/message_filters/synchronizer.h:63:58: error: ‘int’ is not a class, struct, or union type
[22.159s]    63 |   typedef typename std::tuple_element<3, Messages>::type M3;
[22.161s]       |                                                          ^~
[22.161s] /opt/ros/jazzy/include/message_filters/message_filters/synchronizer.h:64:58: error: ‘int’ is not a class, struct, or union type
[22.162s]    64 |   typedef typename std::tuple_element<4, Messages>::type M4;
[22.162s]       |                                                          ^~
[22.162s] /opt/ros/jazzy/include/message_filters/message_filters/synchronizer.h:65:58: error: ‘int’ is not a class, struct, or union type
[22.162s]    65 |   typedef typename std::tuple_element<5, Messages>::type M5;
[22.162s]       |                                                          ^~
[22.162s] /opt/ros/jazzy/include/message_filters/message_filters/synchronizer.h:66:58: error: ‘int’ is not a class, struct, or union type
[22.162s]    66 |   typedef typename std::tuple_element<6, Messages>::type M6;
[22.162s]       |                                                          ^~
[22.163s] /opt/ros/jazzy/include/message_filters/message_filters/synchronizer.h:67:58: error: ‘int’ is not a class, struct, or union type
[22.163s]    67 |   typedef typename std::tuple_element<7, Messages>::type M7;
[22.163s]       |                                                          ^~
[22.163s] /opt/ros/jazzy/include/message_filters/message_filters/synchronizer.h:68:58: error: ‘int’ is not a class, struct, or union type
[22.163s]    68 |   typedef typename std::tuple_element<8, Messages>::type M8;
[22.163s]       |                                                          ^~
[22.165s] /opt/ros/jazzy/include/message_filters/message_filters/synchronizer.h:71:56: error: ‘int’ is not a class, struct, or union type
[22.166s]    71 |   typedef typename std::tuple_element<0, Events>::type M0Event;
[22.166s]       |                                                        ^~~~~~~
[22.166s] /opt/ros/jazzy/include/message_filters/message_filters/synchronizer.h:72:56: error: ‘int’ is not a class, struct, or union type
[22.166s]    72 |   typedef typename std::tuple_element<1, Events>::type M1Event;
[22.166s]       |                                                        ^~~~~~~
[22.166s] /opt/ros/jazzy/include/message_filters/message_filters/synchronizer.h:73:56: error: ‘int’ is not a class, struct, or union type
[22.166s]    73 |   typedef typename std::tuple_element<2, Events>::type M2Event;
[22.167s]       |                                                        ^~~~~~~
[22.167s] /opt/ros/jazzy/include/message_filters/message_filters/synchronizer.h:74:56: error: ‘int’ is not a class, struct, or union type
[22.167s]    74 |   typedef typename std::tuple_element<3, Events>::type M3Event;
[22.167s]       |                                                        ^~~~~~~
[22.167s] /opt/ros/jazzy/include/message_filters/message_filters/synchronizer.h:75:56: error: ‘int’ is not a class, struct, or union type
[22.167s]    75 |   typedef typename std::tuple_element<4, Events>::type M4Event;
[22.170s]       |                                                        ^~~~~~~
[22.170s] /opt/ros/jazzy/include/message_filters/message_filters/synchronizer.h:76:56: error: ‘int’ is not a class, struct, or union type
[22.170s]    76 |   typedef typename std::tuple_element<5, Events>::type M5Event;
[22.170s]       |                                                        ^~~~~~~
[22.170s] /opt/ros/jazzy/include/message_filters/message_filters/synchronizer.h:77:56: error: ‘int’ is not a class, struct, or union type
[22.170s]    77 |   typedef typename std::tuple_element<6, Events>::type M6Event;
[22.171s]       |                                                        ^~~~~~~
[22.171s] /opt/ros/jazzy/include/message_filters/message_filters/synchronizer.h:78:56: error: ‘int’ is not a class, struct, or union type
[22.171s]    78 |   typedef typename std::tuple_element<7, Events>::type M7Event;
[22.171s]       |                                                        ^~~~~~~
[22.171s] /opt/ros/jazzy/include/message_filters/message_filters/synchronizer.h:79:56: error: ‘int’ is not a class, struct, or union type
[22.171s]    79 |   typedef typename std::tuple_element<8, Events>::type M8Event;
[22.172s]       |                                                        ^~~~~~~
[22.173s] /opt/ros/jazzy/include/message_filters/message_filters/synchronizer.h:325:17: error: ‘int’ is not a class, namespace, or enumeration
[22.173s]   325 |   using Policy::add;
[22.173s]       |                 ^~~
[22.173s] /opt/ros/jazzy/include/message_filters/message_filters/synchronizer.h:328:8: error: ‘int’ is not a class, struct, or union type
[22.173s]   328 |   void add(const std::shared_ptr<typename std::tuple_element<i, Messages>::type const>& msg)
[22.173s]       |        ^~~
[22.173s] /opt/ros/jazzy/include/message_filters/message_filters/synchronizer.h:344:8: error: ‘int’ is not a class, struct, or union type
[22.173s]   344 |   void cb(const typename std::tuple_element<i, Events>::type& evt)
[22.174s]       |        ^~
[22.174s] /home/neha/ros2_ws/src/semnav_migration/src/navigation_semantic.cpp:147:55: error: ‘bind’ is not a member of ‘boost’; did you mean ‘find’?
[22.174s]   147 |                         sync->registerCallback(boost::bind(&SemanticNavigationNode::control_callback, this, _1, _2));
[22.174s]       |                                                       ^~~~
[22.174s]       |                                                       find
[22.177s] /home/neha/ros2_ws/src/semnav_migration/src/navigation_semantic.cpp:147:109: error: ‘_1’ was not declared in this scope
[22.178s]   147 |                         sync->registerCallback(boost::bind(&SemanticNavigationNode::control_callback, this, _1, _2));
[22.178s]       |                                                                                                             ^~
[22.178s] /home/neha/ros2_ws/src/semnav_migration/src/navigation_semantic.cpp:147:109: note: suggested alternatives:
[22.178s] In file included from /usr/include/boost/mpl/aux_/include_preprocessed.hpp:37,
[22.178s]                  from /usr/include/boost/mpl/placeholders.hpp:43,
[22.178s]                  from /usr/include/boost/iterator/iterator_categories.hpp:16,
[22.178s]                  from /usr/include/boost/iterator/iterator_facade.hpp:13,
[22.178s]                  from /usr/include/boost/range/iterator_range_core.hpp:27,
[22.179s]                  from /usr/include/boost/lexical_cast.hpp:48,
[22.179s]                  from /usr/include/boost/multiprecision/detail/number_base.hpp:29,
[22.179s]                  from /usr/include/boost/multiprecision/traits/is_variable_precision.hpp:9,
[22.179s]                  from /usr/include/boost/multiprecision/detail/precision.hpp:9,
[22.179s]                  from /usr/include/boost/multiprecision/number.hpp:11,
[22.181s]                  from /usr/include/boost/multiprecision/cpp_int.hpp:19,
[22.181s]                  from /usr/include/boost/multiprecision/cpp_bin_float.hpp:15,
[22.182s]                  from /usr/include/boost/geometry/core/coordinate_promotion.hpp:16,
[22.182s]                  from /usr/include/boost/geometry/core/radian_access.hpp:30,
[22.182s]                  from /usr/include/boost/geometry/geometry.hpp:50,
[22.182s]                  from /usr/include/boost/geometry.hpp:17,
[22.182s]                  from /home/neha/ros2_ws/src/semnav_migration/include/reactive_planner_lib.h:26:
[22.182s] /usr/include/boost/mpl/aux_/preprocessed/gcc/placeholders.hpp:29:16: note:   ‘mpl_::_1’
[22.182s]    29 | typedef arg<1> _1;
[22.183s]       |                ^~
[22.183s] In file included from /usr/include/boost/numeric/conversion/converter_policies.hpp:13,
[22.183s]                  from /usr/include/boost/numeric/conversion/converter.hpp:14,
[22.183s]                  from /usr/include/boost/numeric/conversion/cast.hpp:33,
[22.183s]                  from /usr/include/boost/geometry/core/radian_access.hpp:26:
[22.183s] /usr/include/c++/13/functional:294:48: note:   ‘std::placeholders::_1’
[22.185s]   294 |     _GLIBCXX_PLACEHOLDER const _Placeholder<1> _1;
[22.186s]       |                                                ^~
[22.186s] /usr/include/boost/mpl/aux_/preprocessed/gcc/placeholders.hpp:29:16: note:   ‘mpl_::_1’
[22.186s]    29 | typedef arg<1> _1;
[22.186s]       |                ^~
[22.186s] In file included from /usr/include/boost/describe/members.hpp:20,
[22.186s]                  from /usr/include/boost/container_hash/is_described_class.hpp:11,
[22.186s]                  from /usr/include/boost/container_hash/hash.hpp:18,
[22.186s]                  from /usr/include/boost/functional/hash.hpp:6,
[22.187s]                  from /usr/include/CGAL/Kernel/hash_functions.h:16,
[22.187s]                  from /usr/include/CGAL/Kernel/global_functions.h:25,
[22.187s]                  from /usr/include/CGAL/Cartesian/Cartesian_base.h:22,
[22.187s]                  from /usr/include/CGAL/Simple_cartesian.h:20,
[22.187s]                  from /usr/include/CGAL/Exact_predicates_inexact_constructions_kernel.h:20,
[22.189s]                  from /home/neha/ros2_ws/src/semnav_migration/include/polygeom_lib.h:32,
[22.189s]                  from /home/neha/ros2_ws/src/semnav_migration/include/reactive_planner_lib.h:52:
[22.190s] /usr/include/boost/mp11/bind.hpp:45:7: note:   ‘boost::mp11::_1’
[22.190s]    45 | using _1 = mp_arg<0>;
[22.190s]       |       ^~
[22.190s] /usr/include/boost/mpl/aux_/preprocessed/gcc/placeholders.hpp:29:16: note:   ‘mpl_::_1’
[22.190s]    29 | typedef arg<1> _1;
[22.190s]       |                ^~
[22.190s] /home/neha/ros2_ws/src/semnav_migration/src/navigation_semantic.cpp:147:113: error: ‘_2’ was not declared in this scope
[22.190s]   147 |                         sync->registerCallback(boost::bind(&SemanticNavigationNode::control_callback, this, _1, _2));
[22.191s]       |                                                                                                                 ^~
[22.191s] /home/neha/ros2_ws/src/semnav_migration/src/navigation_semantic.cpp:147:113: note: suggested alternatives:
[22.191s] /usr/include/boost/mpl/aux_/preprocessed/gcc/placeholders.hpp:42:16: note:   ‘mpl_::_2’
[22.191s]    42 | typedef arg<2> _2;
[22.191s]       |                ^~
[22.194s] /usr/include/c++/13/functional:295:48: note:   ‘std::placeholders::_2’
[22.195s]   295 |     _GLIBCXX_PLACEHOLDER const _Placeholder<2> _2;
[22.195s]       |                                                ^~
[22.195s] /usr/include/boost/mpl/aux_/preprocessed/gcc/placeholders.hpp:42:16: note:   ‘mpl_::_2’
[22.195s]    42 | typedef arg<2> _2;
[22.195s]       |                ^~
[22.195s] /usr/include/boost/mp11/bind.hpp:46:7: note:   ‘boost::mp11::_2’
[22.195s]    46 | using _2 = mp_arg<1>;
[22.195s]       |       ^~
[22.196s] /usr/include/boost/mpl/aux_/preprocessed/gcc/placeholders.hpp:42:16: note:   ‘mpl_::_2’
[22.196s]    42 | typedef arg<2> _2;
[22.196s]       |                ^~
[22.196s] /home/neha/ros2_ws/src/semnav_migration/src/navigation_semantic.cpp:149:25: error: ‘ros’ has not been declared
[22.196s]   149 |                         ros::Subscriber sub_semantic = nh_.subscribe(sub_semantic_topic_, 1, &SemanticNavigationNode::diffeo_tree_update, this);
[22.196s]       |                         ^~~
[22.198s] /home/neha/ros2_ws/src/semnav_migration/src/navigation_semantic.cpp:153:25: error: ‘ros’ has not been declared
[22.199s]   153 |                         ros::Duration(5.0).sleep();
[22.199s]       |                         ^~~
[22.199s] /home/neha/ros2_ws/src/semnav_migration/src/navigation_semantic.cpp:160:25: error: ‘ros’ has not been declared
[22.199s]   160 |                         ros::spin();
[22.199s]       |                         ^~~
[22.237s] /home/neha/ros2_ws/src/semnav_migration/src/navigation_semantic.cpp: In member function ‘void SemanticNavigationNode::publish_twist(double, double)’:
[22.237s] /home/neha/ros2_ws/src/semnav_migration/src/navigation_semantic.cpp:167:25: error: ‘pub_twist_’ was not declared in this scope; did you mean ‘publish_twist’?
[22.237s]   167 |                         pub_twist_.publish(commandTwist);
[22.237s]       |                         ^~~~~~~~~~
[22.237s]       |                         publish_twist
[22.242s] /home/neha/ros2_ws/src/semnav_migration/src/navigation_semantic.cpp: In member function ‘void SemanticNavigationNode::publish_behavior_id(uint16_t)’:
[22.242s] /home/neha/ros2_ws/src/semnav_migration/src/navigation_semantic.cpp:172:32: error: ‘UInt32’ is not a member of ‘std_msgs::msg’
[22.242s]   172 |                 std_msgs::msg::UInt32 commandId;
[22.242s]       |                                ^~~~~~
[22.255s] /home/neha/ros2_ws/src/semnav_migration/src/navigation.cpp:106:25: error: ‘target_object_width_’ was not declared in this scope
[22.255s]   106 |                         target_object_width_ = this->get_parameter("target_object_width").as_double();
[22.255s]       |                         ^~~~~~~~~~~~~~~~~~~~
[22.260s] /home/neha/ros2_ws/src/semnav_migration/src/navigation.cpp:137:47: error: ‘class rclcpp::Node’ has no member named ‘advertise’
[22.261s]   137 |                         pub_behaviorID_ = nh_.advertise<std_msgs::UInt32>(pub_behaviorID_topic_, 1, true);
[22.261s]       |                                               ^~~~~~~~~
[22.262s] /home/neha/ros2_ws/src/semnav_migration/src/navigation.cpp:137:67: error: ‘UInt32’ is not a member of ‘std_msgs’
[22.262s]   137 |                         pub_behaviorID_ = nh_.advertise<std_msgs::UInt32>(pub_behaviorID_topic_, 1, true);
[22.262s]       |                                                                   ^~~~~~
[22.263s] /home/neha/ros2_ws/src/semnav_migration/src/navigation.cpp:138:49: error: ‘class rclcpp::Node’ has no member named ‘advertise’
[22.263s]   138 |                         pub_behaviorMode_ = nh_.advertise<std_msgs::UInt32>(pub_behaviorMode_topic_, 1, true);
[22.263s]       |                                                 ^~~~~~~~~
[22.266s] /home/neha/ros2_ws/src/semnav_migration/src/navigation.cpp:138:69: error: ‘UInt32’ is not a member of ‘std_msgs’
[22.266s]   138 |                         pub_behaviorMode_ = nh_.advertise<std_msgs::UInt32>(pub_behaviorMode_topic_, 1, true);
[22.266s]       |                                                                     ^~~~~~
[22.267s] /home/neha/ros2_ws/src/semnav_migration/src/navigation.cpp:139:42: error: ‘class rclcpp::Node’ has no member named ‘advertise’
[22.267s]   139 |                         pub_twist_ = nh_.advertise<geometry_msgs::msg::Twist>(pub_twist_topic_, 1, true);
[22.267s]       |                                          ^~~~~~~~~
[22.267s] /home/neha/ros2_ws/src/semnav_migration/src/navigation.cpp:139:77: error: expected primary-expression before ‘>’ token
[22.267s]   139 |                         pub_twist_ = nh_.advertise<geometry_msgs::msg::Twist>(pub_twist_topic_, 1, true);
[22.267s]       |                                                                             ^
[22.295s] /home/neha/ros2_ws/src/semnav_migration/src/navigation_semantic.cpp:173:25: error: ‘commandId’ was not declared in this scope
[22.295s]   173 |                         commandId.data = BehaviorIdCmd;
[22.295s]       |                         ^~~~~~~~~
[22.331s] /home/neha/ros2_ws/src/semnav_migration/src/navigation.cpp:142:116: error: no matching function for call to ‘message_filters::Subscriber<sensor_msgs::msg::LaserScan_<std::allocator<void> > >::Subscriber(rclcpp::Node&, std::string&, int)’
[22.332s]   142 |                         message_filters::Subscriber<sensor_msgs::msg::LaserScan> sub_laser(nh_, sub_laser_topic_, 1);
[22.332s]       |                                                                                                                    ^
[22.332s] In file included from /home/neha/ros2_ws/src/semnav_migration/include/reactive_planner_lib.h:43:
[22.332s] /opt/ros/jazzy/include/message_filters/message_filters/subscriber.h:224:3: note: candidate: ‘message_filters::Subscriber<M, NodeType>::Subscriber() [with M = sensor_msgs::msg::LaserScan_<std::allocator<void> >; NodeType = rclcpp::Node]’
[22.333s]   224 |   Subscriber() = default;
[22.333s]       |   ^~~~~~~~~~
[22.333s] /opt/ros/jazzy/include/message_filters/message_filters/subscriber.h:224:3: note:   candidate expects 0 arguments, 3 provided
[22.333s] /opt/ros/jazzy/include/message_filters/message_filters/subscriber.h:212:3: note: candidate: ‘message_filters::Subscriber<M, NodeType>::Subscriber(NodeType*, const std::string&, rmw_qos_profile_t, rclcpp::SubscriptionOptions) [with M = sensor_msgs::msg::LaserScan_<std::allocator<void> >; NodeType = rclcpp::Node; std::string = std::__cxx11::basic_string<char>; rmw_qos_profile_t = rmw_qos_profile_s; rclcpp::SubscriptionOptions = rclcpp::SubscriptionOptionsWithAllocator<std::allocator<void> >]’
[22.333s]   212 |   Subscriber(
[22.333s]       |   ^~~~~~~~~~
[22.333s] /opt/ros/jazzy/include/message_filters/message_filters/subscriber.h:212:3: note:   candidate expects 4 arguments, 3 provided
[22.334s] /opt/ros/jazzy/include/message_filters/message_filters/subscriber.h:203:3: note: candidate: ‘message_filters::Subscriber<M, NodeType>::Subscriber(NodePtr, const std::string&, rmw_qos_profile_t, rclcpp::SubscriptionOptions) [with M = sensor_msgs::msg::LaserScan_<std::allocator<void> >; NodeType = rclcpp::Node; NodePtr = std::shared_ptr<rclcpp::Node>; std::string = std::__cxx11::basic_string<char>; rmw_qos_profile_t = rmw_qos_profile_s; rclcpp::SubscriptionOptions = rclcpp::SubscriptionOptionsWithAllocator<std::allocator<void> >]’
[22.334s]   203 |   Subscriber(
[22.334s]       |   ^~~~~~~~~~
[22.334s] /opt/ros/jazzy/include/message_filters/message_filters/subscriber.h:203:3: note:   candidate expects 4 arguments, 3 provided
[22.334s] /opt/ros/jazzy/include/message_filters/message_filters/subscriber.h:188:3: note: candidate: ‘message_filters::Subscriber<M, NodeType>::Subscriber(NodeType*, const std::string&, rmw_qos_profile_t) [with M = sensor_msgs::msg::LaserScan_<std::allocator<void> >; NodeType = rclcpp::Node; std::string = std::__cxx11::basic_string<char>; rmw_qos_profile_t = rmw_qos_profile_s]’
[22.338s]   188 |   Subscriber(NodeType * node, const std::string& topic, const rmw_qos_profile_t qos = rmw_qos_profile_default)
[22.338s]       |   ^~~~~~~~~~
[22.339s] /opt/ros/jazzy/include/message_filters/message_filters/subscriber.h:188:25: note:   no known conversion for argument 1 from ‘rclcpp::Node’ to ‘rclcpp::Node*’
[22.339s]   188 |   Subscriber(NodeType * node, const std::string& topic, const rmw_qos_profile_t qos = rmw_qos_profile_default)
[22.339s]       |              ~~~~~~~~~~~^~~~
[22.339s] /opt/ros/jazzy/include/message_filters/message_filters/subscriber.h:183:3: note: candidate: ‘message_filters::Subscriber<M, NodeType>::Subscriber(NodePtr, const std::string&, rmw_qos_profile_t) [with M = sensor_msgs::msg::LaserScan_<std::allocator<void> >; NodeType = rclcpp::Node; NodePtr = std::shared_ptr<rclcpp::Node>; std::string = std::__cxx11::basic_string<char>; rmw_qos_profile_t = rmw_qos_profile_s]’
[22.339s]   183 |   Subscriber(NodePtr node, const std::string& topic, const rmw_qos_profile_t qos = rmw_qos_profile_default)
[22.339s]       |   ^~~~~~~~~~
[22.339s] /opt/ros/jazzy/include/message_filters/message_filters/subscriber.h:183:22: note:   no known conversion for argument 1 from ‘rclcpp::Node’ to ‘message_filters::Subscriber<sensor_msgs::msg::LaserScan_<std::allocator<void> > >::NodePtr’ {aka ‘std::shared_ptr<rclcpp::Node>’}
[22.340s]   183 |   Subscriber(NodePtr node, const std::string& topic, const rmw_qos_profile_t qos = rmw_qos_profile_default)
[22.340s]       |              ~~~~~~~~^~~~
[22.388s] /home/neha/ros2_ws/src/semnav_migration/src/navigation_semantic.cpp:174:25: error: ‘pub_behaviorID_’ was not declared in this scope; did you mean ‘pub_behaviorID_topic_’?
[22.388s]   174 |                         pub_behaviorID_.publish(commandId);
[22.388s]       |                         ^~~~~~~~~~~~~~~
[22.388s]       |                         pub_behaviorID_topic_
[22.393s] /home/neha/ros2_ws/src/semnav_migration/src/navigation_semantic.cpp: In member function ‘void SemanticNavigationNode::publish_behavior_mode(uint16_t)’:
[22.393s] /home/neha/ros2_ws/src/semnav_migration/src/navigation_semantic.cpp:179:28: error: ‘UInt32’ is not a member of ‘std_msgs::msg’
[22.393s]   179 |             std_msgs::msg::UInt32 commandMode;
[22.394s]       |                            ^~~~~~
[22.394s] /home/neha/ros2_ws/src/semnav_migration/src/navigation.cpp:143:112: error: no matching function for call to ‘message_filters::Subscriber<nav_msgs::msg::Odometry_<std::allocator<void> > >::Subscriber(rclcpp::Node&, std::string&, int)’
[22.394s]   143 |                         message_filters::Subscriber<nav_msgs::msg::Odometry> sub_robot(nh_, sub_robot_topic_, 1);
[22.394s]       |                                                                                                                ^
[22.394s] /opt/ros/jazzy/include/message_filters/message_filters/subscriber.h:224:3: note: candidate: ‘message_filters::Subscriber<M, NodeType>::Subscriber() [with M = nav_msgs::msg::Odometry_<std::allocator<void> >; NodeType = rclcpp::Node]’
[22.394s]   224 |   Subscriber() = default;
[22.394s]       |   ^~~~~~~~~~
[22.395s] /opt/ros/jazzy/include/message_filters/message_filters/subscriber.h:224:3: note:   candidate expects 0 arguments, 3 provided
[22.395s] /opt/ros/jazzy/include/message_filters/message_filters/subscriber.h:212:3: note: candidate: ‘message_filters::Subscriber<M, NodeType>::Subscriber(NodeType*, const std::string&, rmw_qos_profile_t, rclcpp::SubscriptionOptions) [with M = nav_msgs::msg::Odometry_<std::allocator<void> >; NodeType = rclcpp::Node; std::string = std::__cxx11::basic_string<char>; rmw_qos_profile_t = rmw_qos_profile_s; rclcpp::SubscriptionOptions = rclcpp::SubscriptionOptionsWithAllocator<std::allocator<void> >]’
[22.395s]   212 |   Subscriber(
[22.395s]       |   ^~~~~~~~~~
[22.395s] /opt/ros/jazzy/include/message_filters/message_filters/subscriber.h:212:3: note:   candidate expects 4 arguments, 3 provided
[22.398s] /opt/ros/jazzy/include/message_filters/message_filters/subscriber.h:203:3: note: candidate: ‘message_filters::Subscriber<M, NodeType>::Subscriber(NodePtr, const std::string&, rmw_qos_profile_t, rclcpp::SubscriptionOptions) [with M = nav_msgs::msg::Odometry_<std::allocator<void> >; NodeType = rclcpp::Node; NodePtr = std::shared_ptr<rclcpp::Node>; std::string = std::__cxx11::basic_string<char>; rmw_qos_profile_t = rmw_qos_profile_s; rclcpp::SubscriptionOptions = rclcpp::SubscriptionOptionsWithAllocator<std::allocator<void> >]’
[22.399s]   203 |   Subscriber(
[22.399s]       |   ^~~~~~~~~~
[22.399s] /opt/ros/jazzy/include/message_filters/message_filters/subscriber.h:203:3: note:   candidate expects 4 arguments, 3 provided
[22.399s] /opt/ros/jazzy/include/message_filters/message_filters/subscriber.h:188:3: note: candidate: ‘message_filters::Subscriber<M, NodeType>::Subscriber(NodeType*, const std::string&, rmw_qos_profile_t) [with M = nav_msgs::msg::Odometry_<std::allocator<void> >; NodeType = rclcpp::Node; std::string = std::__cxx11::basic_string<char>; rmw_qos_profile_t = rmw_qos_profile_s]’
[22.399s]   188 |   Subscriber(NodeType * node, const std::string& topic, const rmw_qos_profile_t qos = rmw_qos_profile_default)
[22.399s]       |   ^~~~~~~~~~
[22.399s] /opt/ros/jazzy/include/message_filters/message_filters/subscriber.h:188:25: note:   no known conversion for argument 1 from ‘rclcpp::Node’ to ‘rclcpp::Node*’
[22.400s]   188 |   Subscriber(NodeType * node, const std::string& topic, const rmw_qos_profile_t qos = rmw_qos_profile_default)
[22.400s]       |              ~~~~~~~~~~~^~~~
[22.400s] /opt/ros/jazzy/include/message_filters/message_filters/subscriber.h:183:3: note: candidate: ‘message_filters::Subscriber<M, NodeType>::Subscriber(NodePtr, const std::string&, rmw_qos_profile_t) [with M = nav_msgs::msg::Odometry_<std::allocator<void> >; NodeType = rclcpp::Node; NodePtr = std::shared_ptr<rclcpp::Node>; std::string = std::__cxx11::basic_string<char>; rmw_qos_profile_t = rmw_qos_profile_s]’
[22.400s]   183 |   Subscriber(NodePtr node, const std::string& topic, const rmw_qos_profile_t qos = rmw_qos_profile_default)
[22.400s]       |   ^~~~~~~~~~
[22.400s] /opt/ros/jazzy/include/message_filters/message_filters/subscriber.h:183:22: note:   no known conversion for argument 1 from ‘rclcpp::Node’ to ‘message_filters::Subscriber<nav_msgs::msg::Odometry_<std::allocator<void> > >::NodePtr’ {aka ‘std::shared_ptr<rclcpp::Node>’}
[22.402s]   183 |   Subscriber(NodePtr node, const std::string& topic, const rmw_qos_profile_t qos = rmw_qos_profile_default)
[22.403s]       |              ~~~~~~~~^~~~
[22.465s] /home/neha/ros2_ws/src/semnav_migration/src/navigation_semantic.cpp:180:25: error: ‘commandMode’ was not declared in this scope
[22.465s]   180 |                         commandMode.data = BehaviorModeCmd;
[22.465s]       |                         ^~~~~~~~~~~
[22.525s] /home/neha/ros2_ws/src/semnav_migration/src/navigation.cpp:148:55: error: ‘bind’ is not a member of ‘boost’; did you mean ‘find’?
[22.526s]   148 |                         sync->registerCallback(boost::bind(&NavigationNode::control_callback, this, _1, _2));
[22.526s]       |                                                       ^~~~
[22.526s]       |                                                       find
[22.531s] /home/neha/ros2_ws/src/semnav_migration/src/navigation.cpp:148:101: error: ‘_1’ was not declared in this scope
[22.531s]   148 |                         sync->registerCallback(boost::bind(&NavigationNode::control_callback, this, _1, _2));
[22.532s]       |                                                                                                     ^~
[22.532s] /home/neha/ros2_ws/src/semnav_migration/src/navigation.cpp:148:101: note: suggested alternatives:
[22.532s] In file included from /usr/include/boost/mpl/aux_/include_preprocessed.hpp:37,
[22.532s]                  from /usr/include/boost/mpl/placeholders.hpp:43,
[22.532s]                  from /usr/include/boost/iterator/iterator_categories.hpp:16,
[22.532s]                  from /usr/include/boost/iterator/iterator_facade.hpp:13,
[22.532s]                  from /usr/include/boost/range/iterator_range_core.hpp:27,
[22.533s]                  from /usr/include/boost/lexical_cast.hpp:48,
[22.533s]                  from /usr/include/boost/multiprecision/detail/number_base.hpp:29,
[22.533s]                  from /usr/include/boost/multiprecision/traits/is_variable_precision.hpp:9,
[22.533s]                  from /usr/include/boost/multiprecision/detail/precision.hpp:9,
[22.533s]                  from /usr/include/boost/multiprecision/number.hpp:11,
[22.533s]                  from /usr/include/boost/multiprecision/cpp_int.hpp:19,
[22.535s]                  from /usr/include/boost/multiprecision/cpp_bin_float.hpp:15,
[22.536s]                  from /usr/include/boost/geometry/core/coordinate_promotion.hpp:16,
[22.536s]                  from /usr/include/boost/geometry/core/radian_access.hpp:30,
[22.536s]                  from /usr/include/boost/geometry/geometry.hpp:50,
[22.536s]                  from /usr/include/boost/geometry.hpp:17,
[22.536s]                  from /home/neha/ros2_ws/src/semnav_migration/include/reactive_planner_lib.h:26:
[22.536s] /usr/include/boost/mpl/aux_/preprocessed/gcc/placeholders.hpp:29:16: note:   ‘mpl_::_1’
[22.536s]    29 | typedef arg<1> _1;
[22.536s]       |                ^~
[22.537s] In file included from /usr/include/boost/numeric/conversion/converter_policies.hpp:13,
[22.537s]                  from /usr/include/boost/numeric/conversion/converter.hpp:14,
[22.538s]                  from /usr/include/boost/numeric/conversion/cast.hpp:33,
[22.538s]                  from /usr/include/boost/geometry/core/radian_access.hpp:26:
[22.538s] /usr/include/c++/13/functional:294:48: note:   ‘std::placeholders::_1’
[22.538s]   294 |     _GLIBCXX_PLACEHOLDER const _Placeholder<1> _1;
[22.538s]       |                                                ^~
[22.538s] /usr/include/boost/mpl/aux_/preprocessed/gcc/placeholders.hpp:29:16: note:   ‘mpl_::_1’
[22.538s]    29 | typedef arg<1> _1;
[22.538s]       |                ^~
[22.539s] In file included from /usr/include/boost/describe/members.hpp:20,
[22.539s]                  from /usr/include/boost/container_hash/is_described_class.hpp:11,
[22.539s]                  from /usr/include/boost/container_hash/hash.hpp:18,
[22.539s]                  from /usr/include/boost/functional/hash.hpp:6,
[22.539s]                  from /usr/include/CGAL/Kernel/hash_functions.h:16,
[22.541s]                  from /usr/include/CGAL/Kernel/global_functions.h:25,
[22.541s]                  from /usr/include/CGAL/Cartesian/Cartesian_base.h:22,
[22.542s]                  from /usr/include/CGAL/Simple_cartesian.h:20,
[22.542s]                  from /usr/include/CGAL/Exact_predicates_inexact_constructions_kernel.h:20,
[22.542s]                  from /home/neha/ros2_ws/src/semnav_migration/include/polygeom_lib.h:32,
[22.542s]                  from /home/neha/ros2_ws/src/semnav_migration/include/reactive_planner_lib.h:52:
[22.542s] /usr/include/boost/mp11/bind.hpp:45:7: note:   ‘boost::mp11::_1’
[22.542s]    45 | using _1 = mp_arg<0>;
[22.542s]       |       ^~
[22.543s] /usr/include/boost/mpl/aux_/preprocessed/gcc/placeholders.hpp:29:16: note:   ‘mpl_::_1’
[22.543s]    29 | typedef arg<1> _1;
[22.543s]       |                ^~
[22.543s] /home/neha/ros2_ws/src/semnav_migration/src/navigation.cpp:148:105: error: ‘_2’ was not declared in this scope
[22.543s]   148 |                         sync->registerCallback(boost::bind(&NavigationNode::control_callback, this, _1, _2));
[22.543s]       |                                                                                                         ^~
[22.545s] /home/neha/ros2_ws/src/semnav_migration/src/navigation.cpp:148:105: note: suggested alternatives:
[22.545s] /usr/include/boost/mpl/aux_/preprocessed/gcc/placeholders.hpp:42:16: note:   ‘mpl_::_2’
[22.546s]    42 | typedef arg<2> _2;
[22.546s]       |                ^~
[22.546s] /usr/include/c++/13/functional:295:48: note:   ‘std::placeholders::_2’
[22.546s]   295 |     _GLIBCXX_PLACEHOLDER const _Placeholder<2> _2;
[22.546s]       |                                                ^~
[22.546s] /usr/include/boost/mpl/aux_/preprocessed/gcc/placeholders.hpp:42:16: note:   ‘mpl_::_2’
[22.546s]    42 | typedef arg<2> _2;
[22.547s]       |                ^~
[22.547s] /usr/include/boost/mp11/bind.hpp:46:7: note:   ‘boost::mp11::_2’
[22.547s]    46 | using _2 = mp_arg<1>;
[22.547s]       |       ^~
[22.547s] /usr/include/boost/mpl/aux_/preprocessed/gcc/placeholders.hpp:42:16: note:   ‘mpl_::_2’
[22.547s]    42 | typedef arg<2> _2;
[22.549s]       |                ^~
[22.549s] /home/neha/ros2_ws/src/semnav_migration/src/navigation.cpp:150:65: error: ‘class rclcpp::Node’ has no member named ‘subscribe’
[22.550s]   150 |                         rclcpp::Subscription sub_semantic = nh_.subscribe(sub_semantic_topic_, 1, &NavigationNode::diffeo_tree_update, this);
[22.550s]       |                                                                 ^~~~~~~~~
[22.550s] /home/neha/ros2_ws/src/semnav_migration/src/navigation.cpp:154:45: error: no matching function for call to ‘rclcpp::Duration::Duration(double)’
[22.550s]   154 |                         rclcpp::Duration(5.0).sleep();
[22.550s]       |                                             ^
[22.550s] In file included from /opt/ros/jazzy/include/rclcpp/rclcpp/time.hpp:24,
[22.550s]                  from /opt/ros/jazzy/include/rclcpp/rclcpp/clock.hpp:24,
[22.551s]                  from /opt/ros/jazzy/include/rclcpp/rclcpp/client.hpp:38,
[22.551s]                  from /opt/ros/jazzy/include/rclcpp/rclcpp/callback_group.hpp:24,
[22.551s]                  from /opt/ros/jazzy/include/rclcpp/rclcpp/any_executable.hpp:20,
[22.551s]                  from /opt/ros/jazzy/include/rclcpp/rclcpp/memory_strategy.hpp:25,
[22.551s]                  from /opt/ros/jazzy/include/rclcpp/rclcpp/memory_strategies.hpp:18,
[22.551s]                  from /opt/ros/jazzy/include/rclcpp/rclcpp/executor_options.hpp:22,
[22.553s]                  from /opt/ros/jazzy/include/rclcpp/rclcpp/executor.hpp:38,
[22.554s]                  from /opt/ros/jazzy/include/rclcpp/rclcpp/executors/multi_threaded_executor.hpp:25,
[22.554s]                  from /opt/ros/jazzy/include/rclcpp/rclcpp/executors.hpp:21:
[22.554s] /opt/ros/jazzy/include/rclcpp/rclcpp/duration.hpp:49:3: note: candidate: ‘template<class Rep, class Period> rclcpp::Duration::Duration(const std::chrono::duration<_Rep1, _Period1>&)’
[22.554s]    49 |   Duration(const std::chrono::duration<Rep, Period> & duration)  // NOLINT(runtime/explicit)
[22.554s]       |   ^~~~~~~~
[22.554s] /opt/ros/jazzy/include/rclcpp/rclcpp/duration.hpp:49:3: note:   template argument deduction/substitution failed:
[22.554s] /home/neha/ros2_ws/src/semnav_migration/src/navigation.cpp:154:45: note:   mismatched types ‘const std::chrono::duration<_Rep1, _Period1>’ and ‘double’
[22.554s]   154 |                         rclcpp::Duration(5.0).sleep();
[22.555s]       |                                             ^
[22.555s] /opt/ros/jazzy/include/rclcpp/rclcpp/duration.hpp:159:3: note: candidate: ‘rclcpp::Duration::Duration()’
[22.555s]   159 |   Duration() = default;
[22.555s]       |   ^~~~~~~~
[22.555s] /opt/ros/jazzy/include/rclcpp/rclcpp/duration.hpp:159:3: note:   candidate expects 0 arguments, 1 provided
[22.557s] /opt/ros/jazzy/include/rclcpp/rclcpp/duration.hpp:62:3: note: candidate: ‘rclcpp::Duration::Duration(const rclcpp::Duration&)’
[22.557s]    62 |   Duration(const Duration & rhs);
[22.558s]       |   ^~~~~~~~
[22.558s] /opt/ros/jazzy/include/rclcpp/rclcpp/duration.hpp:62:29: note:   no known conversion for argument 1 from ‘double’ to ‘const rclcpp::Duration&’
[22.558s]    62 |   Duration(const Duration & rhs);
[22.558s]       |            ~~~~~~~~~~~~~~~~~^~~
[22.558s] /opt/ros/jazzy/include/rclcpp/rclcpp/duration.hpp:60:12: note: candidate: ‘rclcpp::Duration::Duration(const rcl_duration_t&)’
[22.558s]    60 |   explicit Duration(const rcl_duration_t & duration);
[22.558s]       |            ^~~~~~~~
[22.558s] /opt/ros/jazzy/include/rclcpp/rclcpp/duration.hpp:60:44: note:   no known conversion for argument 1 from ‘double’ to ‘const rcl_duration_t&’ {aka ‘const rcl_duration_s&’}
[22.559s]    60 |   explicit Duration(const rcl_duration_t & duration);
[22.559s]       |                     ~~~~~~~~~~~~~~~~~~~~~~~^~~~~~~~
[22.559s] /opt/ros/jazzy/include/rclcpp/rclcpp/duration.hpp:54:3: note: candidate: ‘rclcpp::Duration::Duration(const builtin_interfaces::msg::Duration&)’
[22.559s]    54 |   Duration(const builtin_interfaces::msg::Duration & duration_msg);  // NOLINT(runtime/explicit)
[22.559s]       |   ^~~~~~~~
[22.561s] /opt/ros/jazzy/include/rclcpp/rclcpp/duration.hpp:54:54: note:   no known conversion for argument 1 from ‘double’ to ‘const builtin_interfaces::msg::Duration&’ {aka ‘const builtin_interfaces::msg::Duration_<std::allocator<void> >&’}
[22.561s]    54 |   Duration(const builtin_interfaces::msg::Duration & duration_msg);  // NOLINT(runtime/explicit)
[22.562s]       |            ~~~~~~~~~~~~~~~~~~~~~~~~~~~~~~~~~~~~~~~~~~^~~~~~~~~~~~
[22.562s] /opt/ros/jazzy/include/rclcpp/rclcpp/duration.hpp:43:12: note: candidate: ‘rclcpp::Duration::Duration(std::chrono::nanoseconds)’
[22.562s]    43 |   explicit Duration(std::chrono::nanoseconds nanoseconds);
[22.562s]       |            ^~~~~~~~
[22.562s] /opt/ros/jazzy/include/rclcpp/rclcpp/duration.hpp:43:46: note:   no known conversion for argument 1 from ‘double’ to ‘std::chrono::nanoseconds’ {aka ‘std::chrono::duration<long int, std::ratio<1, 1000000000> >’}
[22.562s]    43 |   explicit Duration(std::chrono::nanoseconds nanoseconds);
[22.562s]       |                     ~~~~~~~~~~~~~~~~~~~~~~~~~^~~~~~~~~~~
[22.563s] /opt/ros/jazzy/include/rclcpp/rclcpp/duration.hpp:40:3: note: candidate: ‘rclcpp::Duration::Duration(int32_t, uint32_t)’
[22.563s]    40 |   Duration(int32_t seconds, uint32_t nanoseconds);
[22.563s]       |   ^~~~~~~~
[22.563s] /opt/ros/jazzy/include/rclcpp/rclcpp/duration.hpp:40:3: note:   candidate expects 2 arguments, 1 provided
[22.573s] /home/neha/ros2_ws/src/semnav_migration/src/navigation.cpp:161:38: error: ‘node_ptr’ was not declared in this scope; did you mean ‘mode_t’?
[22.574s]   161 |                         rclcpp::spin(node_ptr);
[22.574s]       |                                      ^~~~~~~~
[22.574s]       |                                      mode_t
[22.581s] /home/neha/ros2_ws/src/semnav_migration/src/navigation.cpp: In member function ‘void NavigationNode::publish_behavior_id(uint16_t)’:
[22.581s] /home/neha/ros2_ws/src/semnav_migration/src/navigation.cpp:173:28: error: ‘UInt32’ is not a member of ‘std_msgs::msg’
[22.581s]   173 |             std_msgs::msg::UInt32 commandId;
[22.582s]       |                            ^~~~~~
[22.585s] /home/neha/ros2_ws/src/semnav_migration/src/navigation_semantic.cpp:181:25: error: ‘pub_behaviorMode_’ was not declared in this scope; did you mean ‘pub_behaviorMode_topic_’?
[22.585s]   181 |                         pub_behaviorMode_.publish(commandMode);
[22.585s]       |                         ^~~~~~~~~~~~~~~~~
[22.585s]       |                         pub_behaviorMode_topic_
[22.631s] /home/neha/ros2_ws/src/semnav_migration/src/navigation.cpp:174:25: error: ‘commandId’ was not declared in this scope
[22.631s]   174 |                         commandId.data = BehaviorIdCmd;
[22.631s]       |                         ^~~~~~~~~
[22.635s] /home/neha/ros2_ws/src/semnav_migration/src/navigation.cpp: In member function ‘void NavigationNode::publish_behavior_mode(uint16_t)’:
[22.635s] /home/neha/ros2_ws/src/semnav_migration/src/navigation.cpp:180:28: error: ‘UInt32’ is not a member of ‘std_msgs::msg’
[22.635s]   180 |             std_msgs::msg::UInt32 commandMode;
[22.635s]       |                            ^~~~~~
[22.642s] /home/neha/ros2_ws/src/semnav_migration/src/navigation_semantic.cpp: In member function ‘void SemanticNavigationNode::control_callback(const sensor_msgs::msg::LaserScan_<std::allocator<void> >::ConstPtr&, const nav_msgs::msg::Odometry_<std::allocator<void> >::ConstPtr&)’:
[22.643s] /home/neha/ros2_ws/src/semnav_migration/src/navigation_semantic.cpp:395:46: error: ‘ros’ has not been declared
[22.643s]   395 |                         double before_time = ros::Time::now().toSec();
[22.643s]       |                                              ^~~
[22.647s] /home/neha/ros2_ws/src/semnav_migration/src/navigation_semantic.cpp:398:40: error: ‘PoseStamped’ is not a member of ‘geometry_msgs’
[22.648s]   398 |                         geometry_msgs::PoseStamped odomPose, mapPose;
[22.648s]       |                                        ^~~~~~~~~~~
[22.689s] /home/neha/ros2_ws/src/semnav_migration/src/navigation_semantic.cpp:399:25: error: ‘odomPose’ was not declared in this scope
[22.689s]   399 |                         odomPose.header.stamp = ros::Time(0);
[22.689s]       |                         ^~~~~~~~
[22.689s] /home/neha/ros2_ws/src/semnav_migration/src/navigation_semantic.cpp:399:49: error: ‘ros’ has not been declared
[22.689s]   399 |                         odomPose.header.stamp = ros::Time(0);
[22.689s]       |                                                 ^~~
[22.699s] /home/neha/ros2_ws/src/semnav_migration/src/navigation.cpp:181:25: error: ‘commandMode’ was not declared in this scope
[22.700s]   181 |                         commandMode.data = BehaviorModeCmd;
[22.700s]       |                         ^~~~~~~~~~~
[22.745s] /home/neha/ros2_ws/src/semnav_migration/src/navigation_semantic.cpp:403:33: error: ‘listener_’ was not declared in this scope
[22.745s]   403 |                                 listener_.waitForTransform(world_frame_id_, odom_frame_id_, ros::Time(0), ros::Duration(1.0));
[22.745s]       |                                 ^~~~~~~~~
[22.745s] /home/neha/ros2_ws/src/semnav_migration/src/navigation_semantic.cpp:403:93: error: ‘ros’ has not been declared
[22.745s]   403 |                                 listener_.waitForTransform(world_frame_id_, odom_frame_id_, ros::Time(0), ros::Duration(1.0));
[22.746s]       |                                                                                             ^~~
[22.746s] /home/neha/ros2_ws/src/semnav_migration/src/navigation_semantic.cpp:403:107: error: ‘ros’ has not been declared
[22.746s]   403 |                                 listener_.waitForTransform(world_frame_id_, odom_frame_id_, ros::Time(0), ros::Duration(1.0));
[22.746s]       |                                                                                                           ^~~
[22.751s] /home/neha/ros2_ws/src/semnav_migration/src/navigation.cpp: In member function ‘void NavigationNode::control_callback(const sensor_msgs::msg::LaserScan_<std::allocator<void> >::ConstPtr&, const nav_msgs::msg::Odometry_<std::allocator<void> >::ConstPtr&)’:
[22.751s] /home/neha/ros2_ws/src/semnav_migration/src/navigation.cpp:355:60: error: ‘now’ is not a member of ‘rclcpp::Time’
[22.751s]   355 |                         double before_time = rclcpp::Time::now().toSec();
[22.751s]       |                                                            ^~~
[22.755s] /home/neha/ros2_ws/src/semnav_migration/src/navigation.cpp:358:33: error: ‘PoseStamped’ is not a member of ‘geometry_msgs::msg’
[22.756s]   358 |             geometry_msgs::msg::PoseStamped odomPose, mapPose;
[22.756s]       |                                 ^~~~~~~~~~~
[22.784s] /home/neha/ros2_ws/src/semnav_migration/src/navigation_semantic.cpp:404:84: error: ‘mapPose’ was not declared in this scope
[22.784s]   404 |                                 listener_.transformPose(world_frame_id_, odomPose, mapPose);
[22.784s]       |                                                                                    ^~~~~~~
[22.790s] /home/neha/ros2_ws/src/semnav_migration/src/navigation_semantic.cpp:405:34: error: ‘tf’ does not name a type; did you mean ‘tm’?
[22.791s]   405 |                         } catch (tf::TransformException &ex) {
[22.791s]       |                                  ^~
[22.791s]       |                                  tm
[22.793s] /home/neha/ros2_ws/src/semnav_migration/src/navigation_semantic.cpp:405:57: error: expected unqualified-id before ‘&’ token
[22.793s]   405 |                         } catch (tf::TransformException &ex) {
[22.793s]       |                                                         ^
[22.793s] /home/neha/ros2_ws/src/semnav_migration/src/navigation_semantic.cpp:405:57: error: expected ‘)’ before ‘&’ token
[22.793s] /home/neha/ros2_ws/src/semnav_migration/src/navigation_semantic.cpp:405:33: note: to match this ‘(’
[22.793s]   405 |                         } catch (tf::TransformException &ex) {
[22.793s]       |                                 ^
[22.794s] /home/neha/ros2_ws/src/semnav_migration/src/navigation_semantic.cpp:405:57: error: expected ‘{’ before ‘&’ token
[22.794s]   405 |                         } catch (tf::TransformException &ex) {
[22.794s]       |                                                         ^
[22.800s] /home/neha/ros2_ws/src/semnav_migration/src/navigation.cpp:359:25: error: ‘odomPose’ was not declared in this scope
[22.801s]   359 |                         odomPose.header.stamp = rclcpp::Time(0);
[22.801s]       |                         ^~~~~~~~
[22.826s] /home/neha/ros2_ws/src/semnav_migration/src/navigation_semantic.cpp:405:58: error: ‘ex’ was not declared in this scope; did you mean ‘exp’?
[22.826s]   405 |                         } catch (tf::TransformException &ex) {
[22.826s]       |                                                          ^~
[22.826s]       |                                                          exp
[22.829s] /home/neha/ros2_ws/src/semnav_migration/src/navigation_semantic.cpp:411:25: error: ‘tf’ has not been declared
[22.829s]   411 |                         tf::Quaternion rotation = tf::Quaternion(mapPose.pose.orientation.x,
[22.829s]       |                         ^~
[22.829s] /home/neha/ros2_ws/src/semnav_migration/src/navigation_semantic.cpp:415:25: error: ‘tf’ has not been declared
[22.829s]   415 |                         tf::Matrix3x3 m(rotation);
[22.829s]       |                         ^~
[22.848s] /home/neha/ros2_ws/src/semnav_migration/src/navigation.cpp:363:33: error: ‘listener_’ was not declared in this scope
[22.848s]   363 |                                 listener_.waitForTransform(world_frame_id_, odom_frame_id_, rclcpp::Time(0), rclcpp::Duration(1.0));
[22.848s]       |                                 ^~~~~~~~~
[22.849s] /home/neha/ros2_ws/src/semnav_migration/src/navigation.cpp:363:130: error: no matching function for call to ‘rclcpp::Duration::Duration(double)’
[22.849s]   363 |                                 listener_.waitForTransform(world_frame_id_, odom_frame_id_, rclcpp::Time(0), rclcpp::Duration(1.0));
[22.849s]       |                                                                                                                                  ^
[22.849s] /opt/ros/jazzy/include/rclcpp/rclcpp/duration.hpp:49:3: note: candidate: ‘template<class Rep, class Period> rclcpp::Duration::Duration(const std::chrono::duration<_Rep1, _Period1>&)’
[22.849s]    49 |   Duration(const std::chrono::duration<Rep, Period> & duration)  // NOLINT(runtime/explicit)
[22.849s]       |   ^~~~~~~~
[22.849s] /opt/ros/jazzy/include/rclcpp/rclcpp/duration.hpp:49:3: note:   template argument deduction/substitution failed:
[22.850s] /home/neha/ros2_ws/src/semnav_migration/src/navigation.cpp:363:130: note:   mismatched types ‘const std::chrono::duration<_Rep1, _Period1>’ and ‘double’
[22.850s]   363 |                                 listener_.waitForTransform(world_frame_id_, odom_frame_id_, rclcpp::Time(0), rclcpp::Duration(1.0));
[22.850s]       |                                                                                                                                  ^
[22.850s] /opt/ros/jazzy/include/rclcpp/rclcpp/duration.hpp:159:3: note: candidate: ‘rclcpp::Duration::Duration()’
[22.850s]   159 |   Duration() = default;
[22.850s]       |   ^~~~~~~~
[22.852s] /opt/ros/jazzy/include/rclcpp/rclcpp/duration.hpp:159:3: note:   candidate expects 0 arguments, 1 provided
[22.853s] /opt/ros/jazzy/include/rclcpp/rclcpp/duration.hpp:62:3: note: candidate: ‘rclcpp::Duration::Duration(const rclcpp::Duration&)’
[22.853s]    62 |   Duration(const Duration & rhs);
[22.853s]       |   ^~~~~~~~
[22.853s] /opt/ros/jazzy/include/rclcpp/rclcpp/duration.hpp:62:29: note:   no known conversion for argument 1 from ‘double’ to ‘const rclcpp::Duration&’
[22.853s]    62 |   Duration(const Duration & rhs);
[22.853s]       |            ~~~~~~~~~~~~~~~~~^~~
[22.853s] /opt/ros/jazzy/include/rclcpp/rclcpp/duration.hpp:60:12: note: candidate: ‘rclcpp::Duration::Duration(const rcl_duration_t&)’
[22.853s]    60 |   explicit Duration(const rcl_duration_t & duration);
[22.854s]       |            ^~~~~~~~
[22.854s] /opt/ros/jazzy/include/rclcpp/rclcpp/duration.hpp:60:44: note:   no known conversion for argument 1 from ‘double’ to ‘const rcl_duration_t&’ {aka ‘const rcl_duration_s&’}
[22.854s]    60 |   explicit Duration(const rcl_duration_t & duration);
[22.854s]       |                     ~~~~~~~~~~~~~~~~~~~~~~~^~~~~~~~
[22.854s] /opt/ros/jazzy/include/rclcpp/rclcpp/duration.hpp:54:3: note: candidate: ‘rclcpp::Duration::Duration(const builtin_interfaces::msg::Duration&)’
[22.856s]    54 |   Duration(const builtin_interfaces::msg::Duration & duration_msg);  // NOLINT(runtime/explicit)
[22.856s]       |   ^~~~~~~~
[22.857s] /opt/ros/jazzy/include/rclcpp/rclcpp/duration.hpp:54:54: note:   no known conversion for argument 1 from ‘double’ to ‘const builtin_interfaces::msg::Duration&’ {aka ‘const builtin_interfaces::msg::Duration_<std::allocator<void> >&’}
[22.857s]    54 |   Duration(const builtin_interfaces::msg::Duration & duration_msg);  // NOLINT(runtime/explicit)
[22.857s]       |            ~~~~~~~~~~~~~~~~~~~~~~~~~~~~~~~~~~~~~~~~~~^~~~~~~~~~~~
[22.857s] /opt/ros/jazzy/include/rclcpp/rclcpp/duration.hpp:43:12: note: candidate: ‘rclcpp::Duration::Duration(std::chrono::nanoseconds)’
[22.857s]    43 |   explicit Duration(std::chrono::nanoseconds nanoseconds);
[22.857s]       |            ^~~~~~~~
[22.857s] /opt/ros/jazzy/include/rclcpp/rclcpp/duration.hpp:43:46: note:   no known conversion for argument 1 from ‘double’ to ‘std::chrono::nanoseconds’ {aka ‘std::chrono::duration<long int, std::ratio<1, 1000000000> >’}
[22.857s]    43 |   explicit Duration(std::chrono::nanoseconds nanoseconds);
[22.858s]       |                     ~~~~~~~~~~~~~~~~~~~~~~~~~^~~~~~~~~~~
[22.858s] /opt/ros/jazzy/include/rclcpp/rclcpp/duration.hpp:40:3: note: candidate: ‘rclcpp::Duration::Duration(int32_t, uint32_t)’
[22.858s]    40 |   Duration(int32_t seconds, uint32_t nanoseconds);
[22.858s]       |   ^~~~~~~~
[22.858s] /opt/ros/jazzy/include/rclcpp/rclcpp/duration.hpp:40:3: note:   candidate expects 2 arguments, 1 provided
[22.868s] /home/neha/ros2_ws/src/semnav_migration/src/navigation_semantic.cpp:417:25: error: ‘m’ was not declared in this scope; did you mean ‘tm’?
[22.869s]   417 |                         m.getRPY(roll, pitch, yaw);
[22.869s]       |                         ^
[22.869s]       |                         tm
[22.885s] /home/neha/ros2_ws/src/semnav_migration/src/navigation.cpp:364:84: error: ‘mapPose’ was not declared in this scope
[22.885s]   364 |                                 listener_.transformPose(world_frame_id_, odomPose, mapPose);
[22.886s]       |                                                                                    ^~~~~~~
[22.905s] /home/neha/ros2_ws/src/semnav_migration/src/navigation_semantic.cpp:418:51: error: ‘mapPose’ was not declared in this scope
[22.905s]   418 |                         double x_robot_position = mapPose.pose.position.x;
[22.906s]       |                                                   ^~~~~~~
[22.915s] /home/neha/ros2_ws/src/semnav_migration/src/navigation_semantic.cpp:431:42: error: could not convert ‘lidar_data’ from ‘shared_ptr<LaserScan_<[...]>>’ to ‘shared_ptr<LaserScan_<[...]>>’
[22.916s]   431 |                         constructLIDAR2D(lidar_data, CutoffRange_, AllowableRange_, RobotPitch_, &LIDAR);
[22.916s]       |                                          ^~~~~~~~~~
[22.916s]       |                                          |
[22.916s]       |                                          shared_ptr<LaserScan_<[...]>>
[22.933s] /home/neha/ros2_ws/src/semnav_migration/src/navigation.cpp:366:33: error: ‘ROS_ERROR’ was not declared in this scope
[22.933s]   366 |                                 ROS_ERROR("%s",ex.what());
[22.933s]       |                                 ^~~~~~~~~
[22.934s] /home/neha/ros2_ws/src/semnav_migration/src/navigation_semantic.cpp:561:96: error: invalid operands of types ‘const char [53]’ and ‘double’ to binary ‘operator<<’
[22.934s]   561 |                         ROS_WARN_STREAM("[Navigation] Diffeomorphism jacobian determinant is " << MatrixDeterminant(RobotPositionTransformedD) << ", robot position is " << bg::dsv(RobotPosition_) << " and robot positon in model space is " << bg::dsv(RobotPositionTransformedPoint));
[22.934s]       |                                         ~~~~~~~~~~~~~~~~~~~~~~~~~~~~~~~~~~~~~~~~~~~~~~~~~~~~~~ ^~ ~~~~~~~~~~~~~~~~~~~~~~~~~~~~~~~~~~~~~~~~~~~~
[22.934s]       |                                         |                                                                          |
[22.934s]       |                                         const char [53]                                                            double
[22.968s] /home/neha/ros2_ws/src/semnav_migration/src/navigation.cpp:371:68: error: ‘mapPose’ was not declared in this scope
[22.969s]   371 |                         tf2::Quaternion rotation = tf2::Quaternion(mapPose.pose.orientation.x,
[22.969s]       |                                                                    ^~~~~~~
[22.969s] /home/neha/ros2_ws/src/semnav_migration/src/navigation.cpp:393:42: error: could not convert ‘lidar_data’ from ‘shared_ptr<LaserScan_<[...]>>’ to ‘shared_ptr<LaserScan_<[...]>>’
[22.969s]   393 |                         constructLIDAR2D(lidar_data, CutoffRange_, AllowableRange_, RobotPitch_, &LIDAR);
[22.970s]       |                                          ^~~~~~~~~~
[22.970s]       |                                          |
[22.970s]       |                                          shared_ptr<LaserScan_<[...]>>
[22.991s] /home/neha/ros2_ws/src/semnav_migration/src/navigation.cpp:567:53: error: no matching function for call to ‘rclcpp::Duration::Duration(double)’
[22.991s]   567 |                                 rclcpp::Duration(5.0).sleep();
[22.991s]       |                                                     ^
[22.991s] /opt/ros/jazzy/include/rclcpp/rclcpp/duration.hpp:49:3: note: candidate: ‘template<class Rep, class Period> rclcpp::Duration::Duration(const std::chrono::duration<_Rep1, _Period1>&)’
[22.991s]    49 |   Duration(const std::chrono::duration<Rep, Period> & duration)  // NOLINT(runtime/explicit)
[22.992s]       |   ^~~~~~~~
[22.992s] /opt/ros/jazzy/include/rclcpp/rclcpp/duration.hpp:49:3: note:   template argument deduction/substitution failed:
[22.992s] /home/neha/ros2_ws/src/semnav_migration/src/navigation.cpp:567:53: note:   mismatched types ‘const std::chrono::duration<_Rep1, _Period1>’ and ‘double’
[22.992s]   567 |                                 rclcpp::Duration(5.0).sleep();
[22.992s]       |                                                     ^
[22.994s] /opt/ros/jazzy/include/rclcpp/rclcpp/duration.hpp:159:3: note: candidate: ‘rclcpp::Duration::Duration()’
[22.994s]   159 |   Duration() = default;
[22.995s]       |   ^~~~~~~~
[22.995s] /opt/ros/jazzy/include/rclcpp/rclcpp/duration.hpp:159:3: note:   candidate expects 0 arguments, 1 provided
[22.995s] /opt/ros/jazzy/include/rclcpp/rclcpp/duration.hpp:62:3: note: candidate: ‘rclcpp::Duration::Duration(const rclcpp::Duration&)’
[22.995s]    62 |   Duration(const Duration & rhs);
[22.995s]       |   ^~~~~~~~
[22.995s] /opt/ros/jazzy/include/rclcpp/rclcpp/duration.hpp:62:29: note:   no known conversion for argument 1 from ‘double’ to ‘const rclcpp::Duration&’
[22.995s]    62 |   Duration(const Duration & rhs);
[22.995s]       |            ~~~~~~~~~~~~~~~~~^~~
[22.996s] /opt/ros/jazzy/include/rclcpp/rclcpp/duration.hpp:60:12: note: candidate: ‘rclcpp::Duration::Duration(const rcl_duration_t&)’
[22.996s]    60 |   explicit Duration(const rcl_duration_t & duration);
[22.996s]       |            ^~~~~~~~
[22.996s] /opt/ros/jazzy/include/rclcpp/rclcpp/duration.hpp:60:44: note:   no known conversion for argument 1 from ‘double’ to ‘const rcl_duration_t&’ {aka ‘const rcl_duration_s&’}
[22.996s]    60 |   explicit Duration(const rcl_duration_t & duration);
[22.996s]       |                     ~~~~~~~~~~~~~~~~~~~~~~~^~~~~~~~
[22.998s] /opt/ros/jazzy/include/rclcpp/rclcpp/duration.hpp:54:3: note: candidate: ‘rclcpp::Duration::Duration(const builtin_interfaces::msg::Duration&)’
[22.999s]    54 |   Duration(const builtin_interfaces::msg::Duration & duration_msg);  // NOLINT(runtime/explicit)
[22.999s]       |   ^~~~~~~~
[22.999s] /opt/ros/jazzy/include/rclcpp/rclcpp/duration.hpp:54:54: note:   no known conversion for argument 1 from ‘double’ to ‘const builtin_interfaces::msg::Duration&’ {aka ‘const builtin_interfaces::msg::Duration_<std::allocator<void> >&’}
[22.999s]    54 |   Duration(const builtin_interfaces::msg::Duration & duration_msg);  // NOLINT(runtime/explicit)
[22.999s]       |            ~~~~~~~~~~~~~~~~~~~~~~~~~~~~~~~~~~~~~~~~~~^~~~~~~~~~~~
[22.999s] /opt/ros/jazzy/include/rclcpp/rclcpp/duration.hpp:43:12: note: candidate: ‘rclcpp::Duration::Duration(std::chrono::nanoseconds)’
[22.999s]    43 |   explicit Duration(std::chrono::nanoseconds nanoseconds);
[22.999s]       |            ^~~~~~~~
[23.000s] /opt/ros/jazzy/include/rclcpp/rclcpp/duration.hpp:43:46: note:   no known conversion for argument 1 from ‘double’ to ‘std::chrono::nanoseconds’ {aka ‘std::chrono::duration<long int, std::ratio<1, 1000000000> >’}
[23.000s]    43 |   explicit Duration(std::chrono::nanoseconds nanoseconds);
[23.000s]       |                     ~~~~~~~~~~~~~~~~~~~~~~~~~^~~~~~~~~~~
[23.000s] /opt/ros/jazzy/include/rclcpp/rclcpp/duration.hpp:40:3: note: candidate: ‘rclcpp::Duration::Duration(int32_t, uint32_t)’
[23.000s]    40 |   Duration(int32_t seconds, uint32_t nanoseconds);
[23.000s]       |   ^~~~~~~~
[23.002s] /opt/ros/jazzy/include/rclcpp/rclcpp/duration.hpp:40:3: note:   candidate expects 2 arguments, 1 provided
[23.037s] /home/neha/ros2_ws/src/semnav_migration/src/navigation_semantic.cpp:561:25: error: ‘ROS_WARN_STREAM’ was not declared in this scope; did you mean ‘RCLCPP_WARN_STREAM’?
[23.037s]   561 |                         ROS_WARN_STREAM("[Navigation] Diffeomorphism jacobian determinant is " << MatrixDeterminant(RobotPositionTransformedD) << ", robot position is " << bg::dsv(RobotPosition_) << " and robot positon in model space is " << bg::dsv(RobotPositionTransformedPoint));
[23.037s]       |                         ^~~~~~~~~~~~~~~
[23.037s]       |                         RCLCPP_WARN_STREAM
[23.041s] /home/neha/ros2_ws/src/semnav_migration/src/navigation_semantic.cpp:590:41: error: ‘ros’ has not been declared
[23.042s]   590 |                                         ros::Duration(5.0).sleep();
[23.042s]       |                                         ^~~
[23.049s] /home/neha/ros2_ws/src/semnav_migration/src/navigation_semantic.cpp:615:75: error: invalid operands of types ‘const char [32]’ and ‘double’ to binary ‘operator<<’
[23.049s]   615 |                         ROS_WARN_STREAM("[Navigation] Linear command is " << LinearCmd << " and angular command is " << AngularCmd);
[23.049s]       |                                         ~~~~~~~~~~~~~~~~~~~~~~~~~~~~~~~~~ ^~ ~~~~~~~~~
[23.049s]       |                                         |                                    |
[23.049s]       |                                         const char [32]                      double
[23.049s] /home/neha/ros2_ws/src/semnav_migration/src/navigation_semantic.cpp:616:76: error: invalid operands of types ‘const char [33]’ and ‘int’ to binary ‘operator<<’
[23.049s]   616 |                         ROS_WARN_STREAM("[Navigation] Command update for " << int(localDiffeoTreeArray.size()) << " polygons in " << ros::Time::now().toSec()-before_time << " seconds.");
[23.050s]       |                                         ~~~~~~~~~~~~~~~~~~~~~~~~~~~~~~~~~~ ^~ ~~~~~~~~~~~~~~~~~~~~~~~~~~~~~~~~
[23.050s]       |                                         |                                     |
[23.050s]       |                                         const char [33]                       int
[23.050s] /home/neha/ros2_ws/src/semnav_migration/src/navigation_semantic.cpp:616:134: error: ‘ros’ has not been declared
[23.050s]   616 |                         ROS_WARN_STREAM("[Navigation] Command update for " << int(localDiffeoTreeArray.size()) << " polygons in " << ros::Time::now().toSec()-before_time << " seconds.");
[23.052s]       |                                                                                                                                      ^~~
[23.055s] /home/neha/ros2_ws/src/semnav_migration/src/navigation_semantic.cpp: In function ‘int main(int, char**)’:
[23.055s] /home/neha/ros2_ws/src/semnav_migration/src/navigation_semantic.cpp:697:9: error: ‘ros’ has not been declared
[23.055s]   697 |         ros::init(argc, argv, "navigation_semantic");
[23.055s]       |         ^~~
[23.055s] /home/neha/ros2_ws/src/semnav_migration/src/navigation_semantic.cpp:700:9: error: ‘ros’ has not been declared
[23.055s]   700 |         ros::NodeHandle nh("~");
[23.055s]       |         ^~~
[23.073s] /home/neha/ros2_ws/src/semnav_migration/src/navigation_semantic.cpp:703:56: error: ‘nh’ was not declared in this scope
[23.073s]   703 |         SemanticNavigationNode semanticNavigationNode(&nh);
[23.073s]       |                                                        ^~
[23.083s] /home/neha/ros2_ws/src/semnav_migration/src/navigation.cpp:570:33: error: ‘ROS_WARN_STREAM’ was not declared in this scope; did you mean ‘RCLCPP_WARN_STREAM’?
[23.083s]   570 |                                 ROS_WARN_STREAM("[Navigation] Successfully navigated to goal and stopped...");
[23.083s]       |                                 ^~~~~~~~~~~~~~~
[23.083s]       |                                 RCLCPP_WARN_STREAM
[23.088s] /home/neha/ros2_ws/src/semnav_migration/src/navigation.cpp:593:75: error: invalid operands of types ‘const char [32]’ and ‘double’ to binary ‘operator<<’
[23.088s]   593 |                         ROS_WARN_STREAM("[Navigation] Linear command is " << LinearCmd << " and angular command is " << AngularCmd);
[23.088s]       |                                         ~~~~~~~~~~~~~~~~~~~~~~~~~~~~~~~~~ ^~ ~~~~~~~~~
[23.089s]       |                                         |                                    |
[23.089s]       |                                         const char [32]                      double
[23.187s] /home/neha/ros2_ws/src/semnav_migration/src/navigation.cpp:593:25: error: ‘ROS_WARN_STREAM’ was not declared in this scope; did you mean ‘RCLCPP_WARN_STREAM’?
[23.187s]   593 |                         ROS_WARN_STREAM("[Navigation] Linear command is " << LinearCmd << " and angular command is " << AngularCmd);
[23.187s]       |                         ^~~~~~~~~~~~~~~
[23.187s]       |                         RCLCPP_WARN_STREAM
[23.187s] /home/neha/ros2_ws/src/semnav_migration/src/navigation.cpp:594:76: error: invalid operands of types ‘const char [33]’ and ‘int’ to binary ‘operator<<’
[23.188s]   594 |                         ROS_WARN_STREAM("[Navigation] Command update for " << int(localDiffeoTreeArray.size()) << " polygons in " << rclcpp::Time::now().toSec()-before_time << " seconds.");
[23.188s]       |                                         ~~~~~~~~~~~~~~~~~~~~~~~~~~~~~~~~~~ ^~ ~~~~~~~~~~~~~~~~~~~~~~~~~~~~~~~~
[23.188s]       |                                         |                                     |
[23.188s]       |                                         const char [33]                       int
[23.188s] /home/neha/ros2_ws/src/semnav_migration/src/navigation.cpp:594:148: error: ‘now’ is not a member of ‘rclcpp::Time’
[23.188s]   594 |                         ROS_WARN_STREAM("[Navigation] Command update for " << int(localDiffeoTreeArray.size()) << " polygons in " << rclcpp::Time::now().toSec()-before_time << " seconds.");
[23.191s]       |                                                                                                                                                    ^~~
[29.989s] gmake[2]: *** [CMakeFiles/navigation_semantic.dir/build.make:76: CMakeFiles/navigation_semantic.dir/src/navigation_semantic.cpp.o] Error 1
[29.990s] gmake[1]: *** [CMakeFiles/Makefile2:207: CMakeFiles/navigation_semantic.dir/all] Error 2
[29.990s] gmake[1]: *** Waiting for unfinished jobs....
[34.838s] gmake[2]: *** [CMakeFiles/navigation.dir/build.make:76: CMakeFiles/navigation.dir/src/navigation.cpp.o] Error 1
[34.838s] gmake[1]: *** [CMakeFiles/Makefile2:181: CMakeFiles/navigation.dir/all] Error 2
[34.838s] gmake: *** [Makefile:146: all] Error 2
[34.841s] Invoked command in '/home/neha/ros2_ws/src/semnav_migration/build/semnav' returned '2': CMAKE_PREFIX_PATH=${CMAKE_PREFIX_PATH}:/opt/ros/jazzy DEBUGINFOD_URLS=https://debuginfod.ubuntu.com /usr/bin/cmake --build /home/neha/ros2_ws/src/semnav_migration/build/semnav -- -j2 -l2
