[0.026s] Invoking command in '/home/neha/ros2_ws/src/semnav_migration/build/semnav': CMAKE_PREFIX_PATH=${CMAKE_PREFIX_PATH}:/opt/ros/jazzy DEBUGINFOD_URLS=https://debuginfod.ubuntu.com /usr/bin/cmake --build /home/neha/ros2_ws/src/semnav_migration/build/semnav -- -j2 -l2
[0.192s] [ 14%] Built target reactive_planner
[0.333s] [ 23%] Building CXX object CMakeFiles/navigation.dir/src/navigation.cpp.o
[0.333s] [ 23%] Building CXX object CMakeFiles/navigation_semantic.dir/src/navigation_semantic.cpp.o
[21.691s] /home/neha/ros2_ws/src/semnav_migration/src/navigation.cpp:621:17: error: invalid use of template-name ‘rclcpp::Publisher’ without an argument list
[21.691s]   621 |                 rclcpp::Publisher pub_semantic_map_;
[21.691s]       |                 ^~~~~~
[21.702s] /home/neha/ros2_ws/src/semnav_migration/src/navigation.cpp:665:22: error: ‘TransformListener’ in namespace ‘tf2’ does not name a type
[21.702s]   665 |                 tf2::TransformListener listener_;
[21.702s]       |                      ^~~~~~~~~~~~~~~~~
[21.705s] /home/neha/ros2_ws/src/semnav_migration/src/navigation.cpp: In constructor ‘NavigationNode::NavigationNode()’:
[21.705s] /home/neha/ros2_ws/src/semnav_migration/src/navigation.cpp:45:50: error: no matching function for call to ‘rclcpp::Node::Node()’
[21.705s]    45 |         NavigationNode() : Node("navigation_node") {
[21.705s]       |                                                  ^
[21.708s] In file included from /opt/ros/jazzy/include/rclcpp/rclcpp/executors/single_threaded_executor.hpp:28,
[21.708s]                  from /opt/ros/jazzy/include/rclcpp/rclcpp/executors.hpp:22,
[21.709s]                  from /opt/ros/jazzy/include/rclcpp/rclcpp/rclcpp.hpp:172,
[21.709s]                  from /home/neha/ros2_ws/src/semnav_migration/include/reactive_planner_lib.h:32,
[21.709s]                  from /home/neha/ros2_ws/src/semnav_migration/src/navigation.cpp:25:
[21.709s] /opt/ros/jazzy/include/rclcpp/rclcpp/node.hpp:1629:3: note: candidate: ‘rclcpp::Node::Node(const rclcpp::Node&, const std::string&)’
[21.709s]  1629 |   Node(
[21.709s]       |   ^~~~
[21.709s] /opt/ros/jazzy/include/rclcpp/rclcpp/node.hpp:1629:3: note:   candidate expects 2 arguments, 0 provided
[21.709s] /opt/ros/jazzy/include/rclcpp/rclcpp/node.hpp:103:12: note: candidate: ‘rclcpp::Node::Node(const std::string&, const std::string&, const rclcpp::NodeOptions&)’
[21.710s]   103 |   explicit Node(
[21.710s]       |            ^~~~
[21.710s] /opt/ros/jazzy/include/rclcpp/rclcpp/node.hpp:103:12: note:   candidate expects 3 arguments, 0 provided
[21.710s] /opt/ros/jazzy/include/rclcpp/rclcpp/node.hpp:91:12: note: candidate: ‘rclcpp::Node::Node(const std::string&, const rclcpp::NodeOptions&)’
[21.710s]    91 |   explicit Node(
[21.710s]       |            ^~~~
[21.710s] /opt/ros/jazzy/include/rclcpp/rclcpp/node.hpp:91:12: note:   candidate expects 2 arguments, 0 provided
[21.830s] /home/neha/ros2_ws/src/semnav_migration/src/navigation.cpp:104:25: error: ‘target_object_’ was not declared in this scope
[21.830s]   104 |                         target_object_ = this->get_parameter("target_object").as_string();
[21.830s]       |                         ^~~~~~~~~~~~~~
[21.833s] /home/neha/ros2_ws/src/semnav_migration/src/navigation_semantic.cpp:624:17: error: ‘ros’ does not name a type
[21.833s]   624 |                 ros::NodeHandle nh_;
[21.833s]       |                 ^~~
[21.839s] /home/neha/ros2_ws/src/semnav_migration/src/navigation_semantic.cpp:641:17: error: ‘ros’ does not name a type
[21.839s]   641 |                 ros::Publisher pub_behaviorID_;
[21.839s]       |                 ^~~
[21.846s] /home/neha/ros2_ws/src/semnav_migration/src/navigation_semantic.cpp:642:17: error: ‘ros’ does not name a type
[21.846s]   642 |                 ros::Publisher pub_behaviorMode_;
[21.846s]       |                 ^~~
[21.853s] /home/neha/ros2_ws/src/semnav_migration/src/navigation_semantic.cpp:643:17: error: ‘ros’ does not name a type
[21.853s]   643 |                 ros::Publisher pub_twist_;
[21.853s]       |                 ^~~
[21.858s] /home/neha/ros2_ws/src/semnav_migration/src/navigation_semantic.cpp:645:17: error: ‘ros’ does not name a type
[21.858s]   645 |                 ros::Publisher pub_semantic_map_;
[21.858s]       |                 ^~~
[21.872s] /home/neha/ros2_ws/src/semnav_migration/src/navigation_semantic.cpp:691:17: error: ‘tf’ does not name a type; did you mean ‘tm’?
[21.872s]   691 |                 tf::TransformListener listener_;
[21.872s]       |                 ^~
[21.872s]       |                 tm
[21.982s] /home/neha/ros2_ws/src/semnav_migration/src/navigation.cpp:105:25: error: ‘target_object_length_’ was not declared in this scope
[21.982s]   105 |                         target_object_length_ = this->get_parameter("target_object_length").as_double();
[21.983s]       |                         ^~~~~~~~~~~~~~~~~~~~~
[21.983s] /home/neha/ros2_ws/src/semnav_migration/src/navigation_semantic.cpp: In constructor ‘SemanticNavigationNode::SemanticNavigationNode()’:
[21.983s] /home/neha/ros2_ws/src/semnav_migration/src/navigation_semantic.cpp:137:13: error: ‘pub_behaviorID_’ was not declared in this scope; did you mean ‘pub_behaviorID_topic_’?
[21.983s]   137 |             pub_behaviorID_ = this->create_publisher<std_msgs::msg::UInt32>("pub_behaviorID_topic_", 1);
[21.983s]       |             ^~~~~~~~~~~~~~~
[21.983s]       |             pub_behaviorID_topic_
[21.989s] /home/neha/ros2_ws/src/semnav_migration/src/navigation_semantic.cpp:137:69: error: ‘UInt32’ is not a member of ‘std_msgs::msg’
[21.989s]   137 |             pub_behaviorID_ = this->create_publisher<std_msgs::msg::UInt32>("pub_behaviorID_topic_", 1);
[21.989s]       |                                                                     ^~~~~~
[21.990s] /home/neha/ros2_ws/src/semnav_migration/src/navigation_semantic.cpp:137:76: error: no matching function for call to ‘SemanticNavigationNode::create_publisher<<expression error> >(const char [22], int)’
[21.990s]   137 |             pub_behaviorID_ = this->create_publisher<std_msgs::msg::UInt32>("pub_behaviorID_topic_", 1);
[21.990s]       |                               ~~~~~~~~~~~~~~~~~~~~~~~~~~~~~~~~~~~~~~~~~~~~~^~~~~~~~~~~~~~~~~~~~~~~~~~~~
[21.990s] In file included from /opt/ros/jazzy/include/rclcpp/rclcpp/executors/single_threaded_executor.hpp:28,
[21.990s]                  from /opt/ros/jazzy/include/rclcpp/rclcpp/executors.hpp:22,
[21.990s]                  from /opt/ros/jazzy/include/rclcpp/rclcpp/rclcpp.hpp:172,
[21.990s]                  from /home/neha/ros2_ws/src/semnav_migration/include/reactive_planner_lib.h:32,
[21.990s]                  from /home/neha/ros2_ws/src/semnav_migration/src/navigation_semantic.cpp:25:
[21.991s] /opt/ros/jazzy/include/rclcpp/rclcpp/node.hpp:197:3: note: candidate: ‘template<class MessageT, class AllocatorT, class PublisherT> std::shared_ptr<PublisherT> rclcpp::Node::create_publisher(const std::string&, const rclcpp::QoS&, const rclcpp::PublisherOptionsWithAllocator<AllocatorT>&)’
[21.991s]   197 |   create_publisher(
[21.996s]       |   ^~~~~~~~~~~~~~~~
[21.996s] /opt/ros/jazzy/include/rclcpp/rclcpp/node.hpp:197:3: note:   template argument deduction/substitution failed:
[21.996s] /home/neha/ros2_ws/src/semnav_migration/src/navigation_semantic.cpp:137:76: error: template argument 1 is invalid
[21.997s]   137 |             pub_behaviorID_ = this->create_publisher<std_msgs::msg::UInt32>("pub_behaviorID_topic_", 1);
[21.997s]       |                               ~~~~~~~~~~~~~~~~~~~~~~~~~~~~~~~~~~~~~~~~~~~~~^~~~~~~~~~~~~~~~~~~~~~~~~~~~
[22.088s] /home/neha/ros2_ws/src/semnav_migration/src/navigation_semantic.cpp:138:13: error: ‘pub_behaviorMode_’ was not declared in this scope; did you mean ‘pub_behaviorMode_topic_’?
[22.088s]   138 |             pub_behaviorMode_ = this->create_publisher<std_msgs::msg::UInt32>("pub_behaviorMode_topic_", 1);
[22.088s]       |             ^~~~~~~~~~~~~~~~~
[22.088s]       |             pub_behaviorMode_topic_
[22.092s] /home/neha/ros2_ws/src/semnav_migration/src/navigation_semantic.cpp:138:71: error: ‘UInt32’ is not a member of ‘std_msgs::msg’
[22.092s]   138 |             pub_behaviorMode_ = this->create_publisher<std_msgs::msg::UInt32>("pub_behaviorMode_topic_", 1);
[22.092s]       |                                                                       ^~~~~~
[22.092s] /home/neha/ros2_ws/src/semnav_migration/src/navigation_semantic.cpp:138:78: error: no matching function for call to ‘SemanticNavigationNode::create_publisher<<expression error> >(const char [24], int)’
[22.093s]   138 |             pub_behaviorMode_ = this->create_publisher<std_msgs::msg::UInt32>("pub_behaviorMode_topic_", 1);
[22.093s]       |                                 ~~~~~~~~~~~~~~~~~~~~~~~~~~~~~~~~~~~~~~~~~~~~~^~~~~~~~~~~~~~~~~~~~~~~~~~~~~~
[22.093s] /opt/ros/jazzy/include/rclcpp/rclcpp/node.hpp:197:3: note: candidate: ‘template<class MessageT, class AllocatorT, class PublisherT> std::shared_ptr<PublisherT> rclcpp::Node::create_publisher(const std::string&, const rclcpp::QoS&, const rclcpp::PublisherOptionsWithAllocator<AllocatorT>&)’
[22.093s]   197 |   create_publisher(
[22.093s]       |   ^~~~~~~~~~~~~~~~
[22.093s] /opt/ros/jazzy/include/rclcpp/rclcpp/node.hpp:197:3: note:   template argument deduction/substitution failed:
[22.093s] /home/neha/ros2_ws/src/semnav_migration/src/navigation_semantic.cpp:138:78: error: template argument 1 is invalid
[22.093s]   138 |             pub_behaviorMode_ = this->create_publisher<std_msgs::msg::UInt32>("pub_behaviorMode_topic_", 1);
[22.094s]       |                                 ~~~~~~~~~~~~~~~~~~~~~~~~~~~~~~~~~~~~~~~~~~~~~^~~~~~~~~~~~~~~~~~~~~~~~~~~~~~
[22.145s] /home/neha/ros2_ws/src/semnav_migration/src/navigation_semantic.cpp:139:13: error: ‘pub_twist_’ was not declared in this scope; did you mean ‘publish_twist’?
[22.145s]   139 |             pub_twist_ = this->create_publisher<std_msgs::msg::UInt32>("pub_twist_topic_", 1);
[22.145s]       |             ^~~~~~~~~~
[22.146s]       |             publish_twist
[22.146s] /home/neha/ros2_ws/src/semnav_migration/src/navigation.cpp:106:25: error: ‘target_object_width_’ was not declared in this scope
[22.146s]   106 |                         target_object_width_ = this->get_parameter("target_object_width").as_double();
[22.146s]       |                         ^~~~~~~~~~~~~~~~~~~~
[22.147s] /home/neha/ros2_ws/src/semnav_migration/src/navigation_semantic.cpp:139:64: error: ‘UInt32’ is not a member of ‘std_msgs::msg’
[22.147s]   139 |             pub_twist_ = this->create_publisher<std_msgs::msg::UInt32>("pub_twist_topic_", 1);
[22.147s]       |                                                                ^~~~~~
[22.147s] /home/neha/ros2_ws/src/semnav_migration/src/navigation_semantic.cpp:139:71: error: no matching function for call to ‘SemanticNavigationNode::create_publisher<<expression error> >(const char [17], int)’
[22.147s]   139 |             pub_twist_ = this->create_publisher<std_msgs::msg::UInt32>("pub_twist_topic_", 1);
[22.147s]       |                          ~~~~~~~~~~~~~~~~~~~~~~~~~~~~~~~~~~~~~~~~~~~~~^~~~~~~~~~~~~~~~~~~~~~~
[22.147s] /opt/ros/jazzy/include/rclcpp/rclcpp/node.hpp:197:3: note: candidate: ‘template<class MessageT, class AllocatorT, class PublisherT> std::shared_ptr<PublisherT> rclcpp::Node::create_publisher(const std::string&, const rclcpp::QoS&, const rclcpp::PublisherOptionsWithAllocator<AllocatorT>&)’
[22.148s]   197 |   create_publisher(
[22.148s]       |   ^~~~~~~~~~~~~~~~
[22.148s] /opt/ros/jazzy/include/rclcpp/rclcpp/node.hpp:197:3: note:   template argument deduction/substitution failed:
[22.148s] /home/neha/ros2_ws/src/semnav_migration/src/navigation_semantic.cpp:139:71: error: template argument 1 is invalid
[22.148s]   139 |             pub_twist_ = this->create_publisher<std_msgs::msg::UInt32>("pub_twist_topic_", 1);
[22.148s]       |                          ~~~~~~~~~~~~~~~~~~~~~~~~~~~~~~~~~~~~~~~~~~~~~^~~~~~~~~~~~~~~~~~~~~~~
[22.148s] /home/neha/ros2_ws/src/semnav_migration/src/navigation_semantic.cpp:142:42: error: ‘message_filters::msg’ has not been declared
[22.148s]   142 |                         message_filters::msg::Subscriber<sensor_msgs::LaserScan> sub_laser(nh_, sub_laser_topic_, 1);
[22.149s]       |                                          ^~~
[22.153s] /home/neha/ros2_ws/src/semnav_migration/src/navigation_semantic.cpp:142:71: error: ‘LaserScan’ is not a member of ‘sensor_msgs’; did you mean ‘sensor_msgs::msg::LaserScan’?
[22.153s]   142 |                         message_filters::msg::Subscriber<sensor_msgs::LaserScan> sub_laser(nh_, sub_laser_topic_, 1);
[22.153s]       |                                                                       ^~~~~~~~~
[22.154s] In file included from /opt/ros/jazzy/include/sensor_msgs/sensor_msgs/msg/laser_scan.hpp:7,
[22.154s]                  from /home/neha/ros2_ws/src/semnav_migration/include/reactive_planner_lib.h:46:
[22.154s] /opt/ros/jazzy/include/sensor_msgs/sensor_msgs/msg/detail/laser_scan__struct.hpp:250:7: note: ‘sensor_msgs::msg::LaserScan’ declared here
[22.154s]   250 | using LaserScan =
[22.154s]       |       ^~~~~~~~~
[22.181s] /home/neha/ros2_ws/src/semnav_migration/src/navigation_semantic.cpp:142:92: error: ‘nh_’ was not declared in this scope
[22.181s]   142 |                         message_filters::msg::Subscriber<sensor_msgs::LaserScan> sub_laser(nh_, sub_laser_topic_, 1);
[22.181s]       |                                                                                            ^~~
[22.230s] /home/neha/ros2_ws/src/semnav_migration/src/navigation_semantic.cpp:142:82: error: ‘sub_laser’ was not declared in this scope
[22.230s]   142 |                         message_filters::msg::Subscriber<sensor_msgs::LaserScan> sub_laser(nh_, sub_laser_topic_, 1);
[22.230s]       |                                                                                  ^~~~~~~~~
[22.240s] /home/neha/ros2_ws/src/semnav_migration/src/navigation.cpp:137:13: error: ‘pub_behaviorID_’ was not declared in this scope; did you mean ‘pub_behaviorID_topic_’?
[22.240s]   137 |             pub_behaviorID_ = this->create_publisher<std_msgs::msg::UInt32>("pub_behaviorID_topic_", 1);
[22.240s]       |             ^~~~~~~~~~~~~~~
[22.241s]       |             pub_behaviorID_topic_
[22.243s] /home/neha/ros2_ws/src/semnav_migration/src/navigation.cpp:137:69: error: ‘UInt32’ is not a member of ‘std_msgs::msg’
[22.244s]   137 |             pub_behaviorID_ = this->create_publisher<std_msgs::msg::UInt32>("pub_behaviorID_topic_", 1);
[22.244s]       |                                                                     ^~~~~~
[22.246s] /home/neha/ros2_ws/src/semnav_migration/src/navigation.cpp:137:76: error: no matching function for call to ‘NavigationNode::create_publisher<<expression error> >(const char [22], int)’
[22.246s]   137 |             pub_behaviorID_ = this->create_publisher<std_msgs::msg::UInt32>("pub_behaviorID_topic_", 1);
[22.247s]       |                               ~~~~~~~~~~~~~~~~~~~~~~~~~~~~~~~~~~~~~~~~~~~~~^~~~~~~~~~~~~~~~~~~~~~~~~~~~
[22.247s] /opt/ros/jazzy/include/rclcpp/rclcpp/node.hpp:197:3: note: candidate: ‘template<class MessageT, class AllocatorT, class PublisherT> std::shared_ptr<PublisherT> rclcpp::Node::create_publisher(const std::string&, const rclcpp::QoS&, const rclcpp::PublisherOptionsWithAllocator<AllocatorT>&)’
[22.247s]   197 |   create_publisher(
[22.247s]       |   ^~~~~~~~~~~~~~~~
[22.247s] /opt/ros/jazzy/include/rclcpp/rclcpp/node.hpp:197:3: note:   template argument deduction/substitution failed:
[22.247s] /home/neha/ros2_ws/src/semnav_migration/src/navigation.cpp:137:76: error: template argument 1 is invalid
[22.247s]   137 |             pub_behaviorID_ = this->create_publisher<std_msgs::msg::UInt32>("pub_behaviorID_topic_", 1);
[22.247s]       |                               ~~~~~~~~~~~~~~~~~~~~~~~~~~~~~~~~~~~~~~~~~~~~~^~~~~~~~~~~~~~~~~~~~~~~~~~~~
[22.300s] /home/neha/ros2_ws/src/semnav_migration/src/navigation_semantic.cpp:144:94: error: ‘LaserScan’ is not a member of ‘sensor_msgs’; did you mean ‘sensor_msgs::msg::LaserScan’?
[22.300s]   144 |                         typedef message_filters::sync_policies::ApproximateTime<sensor_msgs::LaserScan,nav_msgs::msg::Odometry> SyncPolicy;
[22.300s]       |                                                                                              ^~~~~~~~~
[22.300s] /opt/ros/jazzy/include/sensor_msgs/sensor_msgs/msg/detail/laser_scan__struct.hpp:250:7: note: ‘sensor_msgs::msg::LaserScan’ declared here
[22.301s]   250 | using LaserScan =
[22.301s]       |       ^~~~~~~~~
[22.301s] /home/neha/ros2_ws/src/semnav_migration/src/navigation_semantic.cpp:144:127: error: template argument 1 is invalid
[22.301s]   144 |                         typedef message_filters::sync_policies::ApproximateTime<sensor_msgs::LaserScan,nav_msgs::msg::Odometry> SyncPolicy;
[22.301s]       |                                                                                                                               ^
[22.302s] In file included from /home/neha/ros2_ws/src/semnav_migration/include/reactive_planner_lib.h:44:
[22.302s] /opt/ros/jazzy/include/message_filters/message_filters/synchronizer.h: In instantiation of ‘class message_filters::Synchronizer<int>’:
[22.302s] /home/neha/ros2_ws/src/semnav_migration/src/navigation_semantic.cpp:147:64:   required from here
[22.302s] /opt/ros/jazzy/include/message_filters/message_filters/synchronizer.h:53:7: error: base type ‘int’ fails to be a struct or class type
[22.303s]    53 | class Synchronizer : public noncopyable, public Policy
[22.303s]       |       ^~~~~~~~~~~~
[22.305s] /opt/ros/jazzy/include/message_filters/message_filters/synchronizer.h:56:37: error: ‘int’ is not a class, struct, or union type
[22.305s]    56 |   typedef typename Policy::Messages Messages;
[22.305s]       |                                     ^~~~~~~~
[22.306s] /opt/ros/jazzy/include/message_filters/message_filters/synchronizer.h:57:35: error: ‘int’ is not a class, struct, or union type
[22.306s]    57 |   typedef typename Policy::Events Events;
[22.306s]       |                                   ^~~~~~
[22.306s] /opt/ros/jazzy/include/message_filters/message_filters/synchronizer.h:58:35: error: ‘int’ is not a class, struct, or union type
[22.306s]    58 |   typedef typename Policy::Signal Signal;
[22.306s]       |                                   ^~~~~~
[22.306s] /opt/ros/jazzy/include/message_filters/message_filters/synchronizer.h:60:58: error: ‘int’ is not a class, struct, or union type
[22.307s]    60 |   typedef typename std::tuple_element<0, Messages>::type M0;
[22.307s]       |                                                          ^~
[22.308s] /opt/ros/jazzy/include/message_filters/message_filters/synchronizer.h:61:58: error: ‘int’ is not a class, struct, or union type
[22.308s]    61 |   typedef typename std::tuple_element<1, Messages>::type M1;
[22.308s]       |                                                          ^~
[22.308s] /opt/ros/jazzy/include/message_filters/message_filters/synchronizer.h:62:58: error: ‘int’ is not a class, struct, or union type
[22.310s]    62 |   typedef typename std::tuple_element<2, Messages>::type M2;
[22.310s]       |                                                          ^~
[22.310s] /opt/ros/jazzy/include/message_filters/message_filters/synchronizer.h:63:58: error: ‘int’ is not a class, struct, or union type
[22.310s]    63 |   typedef typename std::tuple_element<3, Messages>::type M3;
[22.310s]       |                                                          ^~
[22.311s] /opt/ros/jazzy/include/message_filters/message_filters/synchronizer.h:64:58: error: ‘int’ is not a class, struct, or union type
[22.311s]    64 |   typedef typename std::tuple_element<4, Messages>::type M4;
[22.311s]       |                                                          ^~
[22.311s] /opt/ros/jazzy/include/message_filters/message_filters/synchronizer.h:65:58: error: ‘int’ is not a class, struct, or union type
[22.311s]    65 |   typedef typename std::tuple_element<5, Messages>::type M5;
[22.311s]       |                                                          ^~
[22.311s] /opt/ros/jazzy/include/message_filters/message_filters/synchronizer.h:66:58: error: ‘int’ is not a class, struct, or union type
[22.311s]    66 |   typedef typename std::tuple_element<6, Messages>::type M6;
[22.312s]       |                                                          ^~
[22.312s] /opt/ros/jazzy/include/message_filters/message_filters/synchronizer.h:67:58: error: ‘int’ is not a class, struct, or union type
[22.314s]    67 |   typedef typename std::tuple_element<7, Messages>::type M7;
[22.314s]       |                                                          ^~
[22.314s] /opt/ros/jazzy/include/message_filters/message_filters/synchronizer.h:68:58: error: ‘int’ is not a class, struct, or union type
[22.314s]    68 |   typedef typename std::tuple_element<8, Messages>::type M8;
[22.314s]       |                                                          ^~
[22.314s] /opt/ros/jazzy/include/message_filters/message_filters/synchronizer.h:71:56: error: ‘int’ is not a class, struct, or union type
[22.315s]    71 |   typedef typename std::tuple_element<0, Events>::type M0Event;
[22.315s]       |                                                        ^~~~~~~
[22.315s] /opt/ros/jazzy/include/message_filters/message_filters/synchronizer.h:72:56: error: ‘int’ is not a class, struct, or union type
[22.315s]    72 |   typedef typename std::tuple_element<1, Events>::type M1Event;
[22.315s]       |                                                        ^~~~~~~
[22.315s] /opt/ros/jazzy/include/message_filters/message_filters/synchronizer.h:73:56: error: ‘int’ is not a class, struct, or union type
[22.315s]    73 |   typedef typename std::tuple_element<2, Events>::type M2Event;
[22.315s]       |                                                        ^~~~~~~
[22.316s] /opt/ros/jazzy/include/message_filters/message_filters/synchronizer.h:74:56: error: ‘int’ is not a class, struct, or union type
[22.316s]    74 |   typedef typename std::tuple_element<3, Events>::type M3Event;
[22.319s]       |                                                        ^~~~~~~
[22.319s] /opt/ros/jazzy/include/message_filters/message_filters/synchronizer.h:75:56: error: ‘int’ is not a class, struct, or union type
[22.319s]    75 |   typedef typename std::tuple_element<4, Events>::type M4Event;
[22.319s]       |                                                        ^~~~~~~
[22.319s] /opt/ros/jazzy/include/message_filters/message_filters/synchronizer.h:76:56: error: ‘int’ is not a class, struct, or union type
[22.320s]    76 |   typedef typename std::tuple_element<5, Events>::type M5Event;
[22.320s]       |                                                        ^~~~~~~
[22.320s] /opt/ros/jazzy/include/message_filters/message_filters/synchronizer.h:77:56: error: ‘int’ is not a class, struct, or union type
[22.320s]    77 |   typedef typename std::tuple_element<6, Events>::type M6Event;
[22.320s]       |                                                        ^~~~~~~
[22.320s] /opt/ros/jazzy/include/message_filters/message_filters/synchronizer.h:78:56: error: ‘int’ is not a class, struct, or union type
[22.320s]    78 |   typedef typename std::tuple_element<7, Events>::type M7Event;
[22.321s]       |                                                        ^~~~~~~
[22.321s] /opt/ros/jazzy/include/message_filters/message_filters/synchronizer.h:79:56: error: ‘int’ is not a class, struct, or union type
[22.321s]    79 |   typedef typename std::tuple_element<8, Events>::type M8Event;
[22.323s]       |                                                        ^~~~~~~
[22.323s] /opt/ros/jazzy/include/message_filters/message_filters/synchronizer.h:325:17: error: ‘int’ is not a class, namespace, or enumeration
[22.323s]   325 |   using Policy::add;
[22.323s]       |                 ^~~
[22.323s] /opt/ros/jazzy/include/message_filters/message_filters/synchronizer.h:328:8: error: ‘int’ is not a class, struct, or union type
[22.324s]   328 |   void add(const std::shared_ptr<typename std::tuple_element<i, Messages>::type const>& msg)
[22.324s]       |        ^~~
[22.324s] /opt/ros/jazzy/include/message_filters/message_filters/synchronizer.h:344:8: error: ‘int’ is not a class, struct, or union type
[22.324s]   344 |   void cb(const typename std::tuple_element<i, Events>::type& evt)
[22.324s]       |        ^~
[22.324s] /home/neha/ros2_ws/src/semnav_migration/src/navigation_semantic.cpp:148:55: error: ‘bind’ is not a member of ‘boost’; did you mean ‘find’?
[22.324s]   148 |                         sync->registerCallback(boost::bind(&SemanticNavigationNode::control_callback, this, _1, _2));
[22.325s]       |                                                       ^~~~
[22.325s]       |                                                       find
[22.325s] /home/neha/ros2_ws/src/semnav_migration/src/navigation_semantic.cpp:148:109: error: ‘_1’ was not declared in this scope
[22.327s]   148 |                         sync->registerCallback(boost::bind(&SemanticNavigationNode::control_callback, this, _1, _2));
[22.327s]       |                                                                                                             ^~
[22.327s] /home/neha/ros2_ws/src/semnav_migration/src/navigation_semantic.cpp:148:109: note: suggested alternatives:
[22.327s] In file included from /usr/include/boost/mpl/aux_/include_preprocessed.hpp:37,
[22.328s]                  from /usr/include/boost/mpl/placeholders.hpp:43,
[22.328s]                  from /usr/include/boost/iterator/iterator_categories.hpp:16,
[22.328s]                  from /usr/include/boost/iterator/iterator_facade.hpp:13,
[22.328s]                  from /usr/include/boost/range/iterator_range_core.hpp:27,
[22.328s]                  from /usr/include/boost/lexical_cast.hpp:48,
[22.328s]                  from /usr/include/boost/multiprecision/detail/number_base.hpp:29,
[22.328s]                  from /usr/include/boost/multiprecision/traits/is_variable_precision.hpp:9,
[22.328s]                  from /usr/include/boost/multiprecision/detail/precision.hpp:9,
[22.329s]                  from /usr/include/boost/multiprecision/number.hpp:11,
[22.329s]                  from /usr/include/boost/multiprecision/cpp_int.hpp:19,
[22.331s]                  from /usr/include/boost/multiprecision/cpp_bin_float.hpp:15,
[22.331s]                  from /usr/include/boost/geometry/core/coordinate_promotion.hpp:16,
[22.331s]                  from /usr/include/boost/geometry/core/radian_access.hpp:30,
[22.331s]                  from /usr/include/boost/geometry/geometry.hpp:50,
[22.331s]                  from /usr/include/boost/geometry.hpp:17,
[22.332s]                  from /home/neha/ros2_ws/src/semnav_migration/include/reactive_planner_lib.h:26:
[22.332s] /usr/include/boost/mpl/aux_/preprocessed/gcc/placeholders.hpp:29:16: note:   ‘mpl_::_1’
[22.332s]    29 | typedef arg<1> _1;
[22.332s]       |                ^~
[22.332s] In file included from /usr/include/boost/numeric/conversion/converter_policies.hpp:13,
[22.332s]                  from /usr/include/boost/numeric/conversion/converter.hpp:14,
[22.332s]                  from /usr/include/boost/numeric/conversion/cast.hpp:33,
[22.332s]                  from /usr/include/boost/geometry/core/radian_access.hpp:26:
[22.333s] /usr/include/c++/13/functional:294:48: note:   ‘std::placeholders::_1’
[22.333s]   294 |     _GLIBCXX_PLACEHOLDER const _Placeholder<1> _1;
[22.335s]       |                                                ^~
[22.335s] /usr/include/boost/mpl/aux_/preprocessed/gcc/placeholders.hpp:29:16: note:   ‘mpl_::_1’
[22.335s]    29 | typedef arg<1> _1;
[22.335s]       |                ^~
[22.335s] In file included from /usr/include/boost/describe/members.hpp:20,
[22.336s]                  from /usr/include/boost/container_hash/is_described_class.hpp:11,
[22.336s]                  from /usr/include/boost/container_hash/hash.hpp:18,
[22.336s]                  from /usr/include/boost/functional/hash.hpp:6,
[22.336s]                  from /usr/include/CGAL/Kernel/hash_functions.h:16,
[22.336s]                  from /usr/include/CGAL/Kernel/global_functions.h:25,
[22.336s]                  from /usr/include/CGAL/Cartesian/Cartesian_base.h:22,
[22.336s]                  from /usr/include/CGAL/Simple_cartesian.h:20,
[22.337s]                  from /usr/include/CGAL/Exact_predicates_inexact_constructions_kernel.h:20,
[22.337s]                  from /home/neha/ros2_ws/src/semnav_migration/include/polygeom_lib.h:32,
[22.337s]                  from /home/neha/ros2_ws/src/semnav_migration/include/reactive_planner_lib.h:50:
[22.339s] /usr/include/boost/mp11/bind.hpp:45:7: note:   ‘boost::mp11::_1’
[22.339s]    45 | using _1 = mp_arg<0>;
[22.339s]       |       ^~
[22.339s] /usr/include/boost/mpl/aux_/preprocessed/gcc/placeholders.hpp:29:16: note:   ‘mpl_::_1’
[22.339s]    29 | typedef arg<1> _1;
[22.340s]       |                ^~
[22.340s] /home/neha/ros2_ws/src/semnav_migration/src/navigation_semantic.cpp:148:113: error: ‘_2’ was not declared in this scope
[22.340s]   148 |                         sync->registerCallback(boost::bind(&SemanticNavigationNode::control_callback, this, _1, _2));
[22.340s]       |                                                                                                                 ^~
[22.340s] /home/neha/ros2_ws/src/semnav_migration/src/navigation_semantic.cpp:148:113: note: suggested alternatives:
[22.340s] /usr/include/boost/mpl/aux_/preprocessed/gcc/placeholders.hpp:42:16: note:   ‘mpl_::_2’
[22.340s]    42 | typedef arg<2> _2;
[22.340s]       |                ^~
[22.341s] /usr/include/c++/13/functional:295:48: note:   ‘std::placeholders::_2’
[22.341s]   295 |     _GLIBCXX_PLACEHOLDER const _Placeholder<2> _2;
[22.343s]       |                                                ^~
[22.343s] /usr/include/boost/mpl/aux_/preprocessed/gcc/placeholders.hpp:42:16: note:   ‘mpl_::_2’
[22.343s]    42 | typedef arg<2> _2;
[22.343s]       |                ^~
[22.343s] /usr/include/boost/mp11/bind.hpp:46:7: note:   ‘boost::mp11::_2’
[22.344s]    46 | using _2 = mp_arg<1>;
[22.344s]       |       ^~
[22.344s] /usr/include/boost/mpl/aux_/preprocessed/gcc/placeholders.hpp:42:16: note:   ‘mpl_::_2’
[22.344s]    42 | typedef arg<2> _2;
[22.344s]       |                ^~
[22.344s] /home/neha/ros2_ws/src/semnav_migration/src/navigation_semantic.cpp:150:25: error: ‘ros’ has not been declared
[22.344s]   150 |                         ros::Subscriber sub_semantic = nh_.subscribe(sub_semantic_topic_, 1, &SemanticNavigationNode::diffeo_tree_update, this);
[22.344s]       |                         ^~~
[22.345s] /home/neha/ros2_ws/src/semnav_migration/src/navigation_semantic.cpp:154:25: error: ‘ros’ has not been declared
[22.345s]   154 |                         ros::Duration(5.0).sleep();
[22.347s]       |                         ^~~
[22.347s] /home/neha/ros2_ws/src/semnav_migration/src/navigation_semantic.cpp:161:25: error: ‘ros’ has not been declared
[22.347s]   161 |                         ros::spin();
[22.347s]       |                         ^~~
[22.371s] /home/neha/ros2_ws/src/semnav_migration/src/navigation_semantic.cpp: In member function ‘void SemanticNavigationNode::publish_twist(double, double)’:
[22.371s] /home/neha/ros2_ws/src/semnav_migration/src/navigation_semantic.cpp:168:25: error: ‘pub_twist_’ was not declared in this scope; did you mean ‘publish_twist’?
[22.371s]   168 |                         pub_twist_.publish(commandTwist);
[22.372s]       |                         ^~~~~~~~~~
[22.372s]       |                         publish_twist
[22.372s] /home/neha/ros2_ws/src/semnav_migration/src/navigation.cpp:138:13: error: ‘pub_behaviorMode_’ was not declared in this scope; did you mean ‘pub_behaviorMode_topic_’?
[22.372s]   138 |             pub_behaviorMode_ = this->create_publisher<std_msgs::msg::UInt32>("pub_behaviorMode_topic_", 1);
[22.372s]       |             ^~~~~~~~~~~~~~~~~
[22.373s]       |             pub_behaviorMode_topic_
[22.376s] /home/neha/ros2_ws/src/semnav_migration/src/navigation_semantic.cpp: In member function ‘void SemanticNavigationNode::publish_behavior_id(uint16_t)’:
[22.376s] /home/neha/ros2_ws/src/semnav_migration/src/navigation_semantic.cpp:173:32: error: ‘UInt32’ is not a member of ‘std_msgs::msg’
[22.376s]   173 |                 std_msgs::msg::UInt32 commandId;
[22.376s]       |                                ^~~~~~
[22.378s] /home/neha/ros2_ws/src/semnav_migration/src/navigation.cpp:138:71: error: ‘UInt32’ is not a member of ‘std_msgs::msg’
[22.378s]   138 |             pub_behaviorMode_ = this->create_publisher<std_msgs::msg::UInt32>("pub_behaviorMode_topic_", 1);
[22.378s]       |                                                                       ^~~~~~
[22.378s] /home/neha/ros2_ws/src/semnav_migration/src/navigation.cpp:138:78: error: no matching function for call to ‘NavigationNode::create_publisher<<expression error> >(const char [24], int)’
[22.379s]   138 |             pub_behaviorMode_ = this->create_publisher<std_msgs::msg::UInt32>("pub_behaviorMode_topic_", 1);
[22.379s]       |                                 ~~~~~~~~~~~~~~~~~~~~~~~~~~~~~~~~~~~~~~~~~~~~~^~~~~~~~~~~~~~~~~~~~~~~~~~~~~~
[22.380s] /opt/ros/jazzy/include/rclcpp/rclcpp/node.hpp:197:3: note: candidate: ‘template<class MessageT, class AllocatorT, class PublisherT> std::shared_ptr<PublisherT> rclcpp::Node::create_publisher(const std::string&, const rclcpp::QoS&, const rclcpp::PublisherOptionsWithAllocator<AllocatorT>&)’
[22.380s]   197 |   create_publisher(
[22.380s]       |   ^~~~~~~~~~~~~~~~
[22.380s] /opt/ros/jazzy/include/rclcpp/rclcpp/node.hpp:197:3: note:   template argument deduction/substitution failed:
[22.381s] /home/neha/ros2_ws/src/semnav_migration/src/navigation.cpp:138:78: error: template argument 1 is invalid
[22.381s]   138 |             pub_behaviorMode_ = this->create_publisher<std_msgs::msg::UInt32>("pub_behaviorMode_topic_", 1);
[22.381s]       |                                 ~~~~~~~~~~~~~~~~~~~~~~~~~~~~~~~~~~~~~~~~~~~~~^~~~~~~~~~~~~~~~~~~~~~~~~~~~~~
[22.421s] /home/neha/ros2_ws/src/semnav_migration/src/navigation_semantic.cpp:174:25: error: ‘commandId’ was not declared in this scope
[22.421s]   174 |                         commandId.data = BehaviorIdCmd;
[22.421s]       |                         ^~~~~~~~~
[22.432s] /home/neha/ros2_ws/src/semnav_migration/src/navigation.cpp:139:13: error: ‘pub_twist_’ was not declared in this scope; did you mean ‘publish_twist’?
[22.432s]   139 |             pub_twist_ = this->create_publisher<std_msgs::msg::UInt32>("pub_twist_topic_", 1);
[22.433s]       |             ^~~~~~~~~~
[22.433s]       |             publish_twist
[22.435s] /home/neha/ros2_ws/src/semnav_migration/src/navigation.cpp:139:64: error: ‘UInt32’ is not a member of ‘std_msgs::msg’
[22.436s]   139 |             pub_twist_ = this->create_publisher<std_msgs::msg::UInt32>("pub_twist_topic_", 1);
[22.438s]       |                                                                ^~~~~~
[22.438s] /home/neha/ros2_ws/src/semnav_migration/src/navigation.cpp:139:71: error: no matching function for call to ‘NavigationNode::create_publisher<<expression error> >(const char [17], int)’
[22.438s]   139 |             pub_twist_ = this->create_publisher<std_msgs::msg::UInt32>("pub_twist_topic_", 1);
[22.439s]       |                          ~~~~~~~~~~~~~~~~~~~~~~~~~~~~~~~~~~~~~~~~~~~~~^~~~~~~~~~~~~~~~~~~~~~~
[22.439s] /opt/ros/jazzy/include/rclcpp/rclcpp/node.hpp:197:3: note: candidate: ‘template<class MessageT, class AllocatorT, class PublisherT> std::shared_ptr<PublisherT> rclcpp::Node::create_publisher(const std::string&, const rclcpp::QoS&, const rclcpp::PublisherOptionsWithAllocator<AllocatorT>&)’
[22.439s]   197 |   create_publisher(
[22.439s]       |   ^~~~~~~~~~~~~~~~
[22.439s] /opt/ros/jazzy/include/rclcpp/rclcpp/node.hpp:197:3: note:   template argument deduction/substitution failed:
[22.439s] /home/neha/ros2_ws/src/semnav_migration/src/navigation.cpp:139:71: error: template argument 1 is invalid
[22.439s]   139 |             pub_twist_ = this->create_publisher<std_msgs::msg::UInt32>("pub_twist_topic_", 1);
[22.440s]       |                          ~~~~~~~~~~~~~~~~~~~~~~~~~~~~~~~~~~~~~~~~~~~~~^~~~~~~~~~~~~~~~~~~~~~~
[22.505s] /home/neha/ros2_ws/src/semnav_migration/src/navigation.cpp:142:116: error: no matching function for call to ‘message_filters::Subscriber<sensor_msgs::msg::LaserScan_<std::allocator<void> > >::Subscriber(rclcpp::Node&, std::string&, int)’
[22.505s]   142 |                         message_filters::Subscriber<sensor_msgs::msg::LaserScan> sub_laser(nh_, sub_laser_topic_, 1);
[22.505s]       |                                                                                                                    ^
[22.506s] In file included from /home/neha/ros2_ws/src/semnav_migration/include/reactive_planner_lib.h:43:
[22.506s] /opt/ros/jazzy/include/message_filters/message_filters/subscriber.h:224:3: note: candidate: ‘message_filters::Subscriber<M, NodeType>::Subscriber() [with M = sensor_msgs::msg::LaserScan_<std::allocator<void> >; NodeType = rclcpp::Node]’
[22.506s]   224 |   Subscriber() = default;
[22.506s]       |   ^~~~~~~~~~
[22.507s] /opt/ros/jazzy/include/message_filters/message_filters/subscriber.h:224:3: note:   candidate expects 0 arguments, 3 provided
[22.507s] /opt/ros/jazzy/include/message_filters/message_filters/subscriber.h:212:3: note: candidate: ‘message_filters::Subscriber<M, NodeType>::Subscriber(NodeType*, const std::string&, rmw_qos_profile_t, rclcpp::SubscriptionOptions) [with M = sensor_msgs::msg::LaserScan_<std::allocator<void> >; NodeType = rclcpp::Node; std::string = std::__cxx11::basic_string<char>; rmw_qos_profile_t = rmw_qos_profile_s; rclcpp::SubscriptionOptions = rclcpp::SubscriptionOptionsWithAllocator<std::allocator<void> >]’
[22.508s]   212 |   Subscriber(
[22.508s]       |   ^~~~~~~~~~
[22.509s] /home/neha/ros2_ws/src/semnav_migration/src/navigation_semantic.cpp:175:25: error: ‘pub_behaviorID_’ was not declared in this scope; did you mean ‘pub_behaviorID_topic_’?
[22.509s]   175 |                         pub_behaviorID_.publish(commandId);
[22.509s]       |                         ^~~~~~~~~~~~~~~
[22.509s]       |                         pub_behaviorID_topic_
[22.509s] /opt/ros/jazzy/include/message_filters/message_filters/subscriber.h:212:3: note:   candidate expects 4 arguments, 3 provided
[22.509s] /opt/ros/jazzy/include/message_filters/message_filters/subscriber.h:203:3: note: candidate: ‘message_filters::Subscriber<M, NodeType>::Subscriber(NodePtr, const std::string&, rmw_qos_profile_t, rclcpp::SubscriptionOptions) [with M = sensor_msgs::msg::LaserScan_<std::allocator<void> >; NodeType = rclcpp::Node; NodePtr = std::shared_ptr<rclcpp::Node>; std::string = std::__cxx11::basic_string<char>; rmw_qos_profile_t = rmw_qos_profile_s; rclcpp::SubscriptionOptions = rclcpp::SubscriptionOptionsWithAllocator<std::allocator<void> >]’
[22.510s]   203 |   Subscriber(
[22.510s]       |   ^~~~~~~~~~
[22.510s] /opt/ros/jazzy/include/message_filters/message_filters/subscriber.h:203:3: note:   candidate expects 4 arguments, 3 provided
[22.510s] /opt/ros/jazzy/include/message_filters/message_filters/subscriber.h:188:3: note: candidate: ‘message_filters::Subscriber<M, NodeType>::Subscriber(NodeType*, const std::string&, rmw_qos_profile_t) [with M = sensor_msgs::msg::LaserScan_<std::allocator<void> >; NodeType = rclcpp::Node; std::string = std::__cxx11::basic_string<char>; rmw_qos_profile_t = rmw_qos_profile_s]’
[22.510s]   188 |   Subscriber(NodeType * node, const std::string& topic, const rmw_qos_profile_t qos = rmw_qos_profile_default)
[22.510s]       |   ^~~~~~~~~~
[22.510s] /opt/ros/jazzy/include/message_filters/message_filters/subscriber.h:188:25: note:   no known conversion for argument 1 from ‘rclcpp::Node’ to ‘rclcpp::Node*’
[22.510s]   188 |   Subscriber(NodeType * node, const std::string& topic, const rmw_qos_profile_t qos = rmw_qos_profile_default)
[22.511s]       |              ~~~~~~~~~~~^~~~
[22.513s] /opt/ros/jazzy/include/message_filters/message_filters/subscriber.h:183:3: note: candidate: ‘message_filters::Subscriber<M, NodeType>::Subscriber(NodePtr, const std::string&, rmw_qos_profile_t) [with M = sensor_msgs::msg::LaserScan_<std::allocator<void> >; NodeType = rclcpp::Node; NodePtr = std::shared_ptr<rclcpp::Node>; std::string = std::__cxx11::basic_string<char>; rmw_qos_profile_t = rmw_qos_profile_s]’
[22.513s]   183 |   Subscriber(NodePtr node, const std::string& topic, const rmw_qos_profile_t qos = rmw_qos_profile_default)
[22.514s]       |   ^~~~~~~~~~
[22.514s] /opt/ros/jazzy/include/message_filters/message_filters/subscriber.h:183:22: note:   no known conversion for argument 1 from ‘rclcpp::Node’ to ‘message_filters::Subscriber<sensor_msgs::msg::LaserScan_<std::allocator<void> > >::NodePtr’ {aka ‘std::shared_ptr<rclcpp::Node>’}
[22.514s]   183 |   Subscriber(NodePtr node, const std::string& topic, const rmw_qos_profile_t qos = rmw_qos_profile_default)
[22.514s]       |              ~~~~~~~~^~~~
[22.514s] /home/neha/ros2_ws/src/semnav_migration/src/navigation_semantic.cpp: In member function ‘void SemanticNavigationNode::publish_behavior_mode(uint16_t)’:
[22.514s] /home/neha/ros2_ws/src/semnav_migration/src/navigation_semantic.cpp:180:28: error: ‘UInt32’ is not a member of ‘std_msgs::msg’
[22.514s]   180 |             std_msgs::msg::UInt32 commandMode;
[22.514s]       |                            ^~~~~~
[22.576s] /home/neha/ros2_ws/src/semnav_migration/src/navigation.cpp:143:112: error: no matching function for call to ‘message_filters::Subscriber<nav_msgs::msg::Odometry_<std::allocator<void> > >::Subscriber(rclcpp::Node&, std::string&, int)’
[22.576s]   143 |                         message_filters::Subscriber<nav_msgs::msg::Odometry> sub_robot(nh_, sub_robot_topic_, 1);
[22.576s]       |                                                                                                                ^
[22.576s] /opt/ros/jazzy/include/message_filters/message_filters/subscriber.h:224:3: note: candidate: ‘message_filters::Subscriber<M, NodeType>::Subscriber() [with M = nav_msgs::msg::Odometry_<std::allocator<void> >; NodeType = rclcpp::Node]’
[22.576s]   224 |   Subscriber() = default;
[22.576s]       |   ^~~~~~~~~~
[22.576s] /opt/ros/jazzy/include/message_filters/message_filters/subscriber.h:224:3: note:   candidate expects 0 arguments, 3 provided
[22.577s] /opt/ros/jazzy/include/message_filters/message_filters/subscriber.h:212:3: note: candidate: ‘message_filters::Subscriber<M, NodeType>::Subscriber(NodeType*, const std::string&, rmw_qos_profile_t, rclcpp::SubscriptionOptions) [with M = nav_msgs::msg::Odometry_<std::allocator<void> >; NodeType = rclcpp::Node; std::string = std::__cxx11::basic_string<char>; rmw_qos_profile_t = rmw_qos_profile_s; rclcpp::SubscriptionOptions = rclcpp::SubscriptionOptionsWithAllocator<std::allocator<void> >]’
[22.579s]   212 |   Subscriber(
[22.579s]       |   ^~~~~~~~~~
[22.580s] /home/neha/ros2_ws/src/semnav_migration/src/navigation_semantic.cpp:181:25: error: ‘commandMode’ was not declared in this scope
[22.580s]   181 |                         commandMode.data = BehaviorModeCmd;
[22.580s]       |                         ^~~~~~~~~~~
[22.580s] /opt/ros/jazzy/include/message_filters/message_filters/subscriber.h:212:3: note:   candidate expects 4 arguments, 3 provided
[22.580s] /opt/ros/jazzy/include/message_filters/message_filters/subscriber.h:203:3: note: candidate: ‘message_filters::Subscriber<M, NodeType>::Subscriber(NodePtr, const std::string&, rmw_qos_profile_t, rclcpp::SubscriptionOptions) [with M = nav_msgs::msg::Odometry_<std::allocator<void> >; NodeType = rclcpp::Node; NodePtr = std::shared_ptr<rclcpp::Node>; std::string = std::__cxx11::basic_string<char>; rmw_qos_profile_t = rmw_qos_profile_s; rclcpp::SubscriptionOptions = rclcpp::SubscriptionOptionsWithAllocator<std::allocator<void> >]’
[22.580s]   203 |   Subscriber(
[22.580s]       |   ^~~~~~~~~~
[22.581s] /opt/ros/jazzy/include/message_filters/message_filters/subscriber.h:203:3: note:   candidate expects 4 arguments, 3 provided
[22.581s] /opt/ros/jazzy/include/message_filters/message_filters/subscriber.h:188:3: note: candidate: ‘message_filters::Subscriber<M, NodeType>::Subscriber(NodeType*, const std::string&, rmw_qos_profile_t) [with M = nav_msgs::msg::Odometry_<std::allocator<void> >; NodeType = rclcpp::Node; std::string = std::__cxx11::basic_string<char>; rmw_qos_profile_t = rmw_qos_profile_s]’
[22.581s]   188 |   Subscriber(NodeType * node, const std::string& topic, const rmw_qos_profile_t qos = rmw_qos_profile_default)
[22.581s]       |   ^~~~~~~~~~
[22.581s] /opt/ros/jazzy/include/message_filters/message_filters/subscriber.h:188:25: note:   no known conversion for argument 1 from ‘rclcpp::Node’ to ‘rclcpp::Node*’
[22.581s]   188 |   Subscriber(NodeType * node, const std::string& topic, const rmw_qos_profile_t qos = rmw_qos_profile_default)
[22.581s]       |              ~~~~~~~~~~~^~~~
[22.581s] /opt/ros/jazzy/include/message_filters/message_filters/subscriber.h:183:3: note: candidate: ‘message_filters::Subscriber<M, NodeType>::Subscriber(NodePtr, const std::string&, rmw_qos_profile_t) [with M = nav_msgs::msg::Odometry_<std::allocator<void> >; NodeType = rclcpp::Node; NodePtr = std::shared_ptr<rclcpp::Node>; std::string = std::__cxx11::basic_string<char>; rmw_qos_profile_t = rmw_qos_profile_s]’
[22.582s]   183 |   Subscriber(NodePtr node, const std::string& topic, const rmw_qos_profile_t qos = rmw_qos_profile_default)
[22.582s]       |   ^~~~~~~~~~
[22.584s] /opt/ros/jazzy/include/message_filters/message_filters/subscriber.h:183:22: note:   no known conversion for argument 1 from ‘rclcpp::Node’ to ‘message_filters::Subscriber<nav_msgs::msg::Odometry_<std::allocator<void> > >::NodePtr’ {aka ‘std::shared_ptr<rclcpp::Node>’}
[22.584s]   183 |   Subscriber(NodePtr node, const std::string& topic, const rmw_qos_profile_t qos = rmw_qos_profile_default)
[22.584s]       |              ~~~~~~~~^~~~
[22.677s] /home/neha/ros2_ws/src/semnav_migration/src/navigation_semantic.cpp:182:25: error: ‘pub_behaviorMode_’ was not declared in this scope; did you mean ‘pub_behaviorMode_topic_’?
[22.678s]   182 |                         pub_behaviorMode_.publish(commandMode);
[22.678s]       |                         ^~~~~~~~~~~~~~~~~
[22.678s]       |                         pub_behaviorMode_topic_
[22.716s] /home/neha/ros2_ws/src/semnav_migration/src/navigation.cpp:148:55: error: ‘bind’ is not a member of ‘boost’; did you mean ‘find’?
[22.716s]   148 |                         sync->registerCallback(boost::bind(&NavigationNode::control_callback, this, _1, _2));
[22.716s]       |                                                       ^~~~
[22.717s]       |                                                       find
[22.723s] /home/neha/ros2_ws/src/semnav_migration/src/navigation.cpp:148:101: error: ‘_1’ was not declared in this scope
[22.723s]   148 |                         sync->registerCallback(boost::bind(&NavigationNode::control_callback, this, _1, _2));
[22.723s]       |                                                                                                     ^~
[22.724s] /home/neha/ros2_ws/src/semnav_migration/src/navigation.cpp:148:101: note: suggested alternatives:
[22.724s] In file included from /usr/include/boost/mpl/aux_/include_preprocessed.hpp:37,
[22.724s]                  from /usr/include/boost/mpl/placeholders.hpp:43,
[22.724s]                  from /usr/include/boost/iterator/iterator_categories.hpp:16,
[22.725s]                  from /usr/include/boost/iterator/iterator_facade.hpp:13,
[22.725s]                  from /usr/include/boost/range/iterator_range_core.hpp:27,
[22.725s]                  from /usr/include/boost/lexical_cast.hpp:48,
[22.725s]                  from /usr/include/boost/multiprecision/detail/number_base.hpp:29,
[22.725s]                  from /usr/include/boost/multiprecision/traits/is_variable_precision.hpp:9,
[22.725s]                  from /usr/include/boost/multiprecision/detail/precision.hpp:9,
[22.725s]                  from /usr/include/boost/multiprecision/number.hpp:11,
[22.726s]                  from /usr/include/boost/multiprecision/cpp_int.hpp:19,
[22.726s]                  from /usr/include/boost/multiprecision/cpp_bin_float.hpp:15,
[22.727s]                  from /usr/include/boost/geometry/core/coordinate_promotion.hpp:16,
[22.727s]                  from /usr/include/boost/geometry/core/radian_access.hpp:30,
[22.727s]                  from /usr/include/boost/geometry/geometry.hpp:50,
[22.727s]                  from /usr/include/boost/geometry.hpp:17,
[22.728s]                  from /home/neha/ros2_ws/src/semnav_migration/include/reactive_planner_lib.h:26:
[22.728s] /usr/include/boost/mpl/aux_/preprocessed/gcc/placeholders.hpp:29:16: note:   ‘mpl_::_1’
[22.728s]    29 | typedef arg<1> _1;
[22.728s]       |                ^~
[22.728s] In file included from /usr/include/boost/numeric/conversion/converter_policies.hpp:13,
[22.728s]                  from /usr/include/boost/numeric/conversion/converter.hpp:14,
[22.728s]                  from /usr/include/boost/numeric/conversion/cast.hpp:33,
[22.729s]                  from /usr/include/boost/geometry/core/radian_access.hpp:26:
[22.729s] /usr/include/c++/13/functional:294:48: note:   ‘std::placeholders::_1’
[22.733s]   294 |     _GLIBCXX_PLACEHOLDER const _Placeholder<1> _1;
[22.733s]       |                                                ^~
[22.734s] /usr/include/boost/mpl/aux_/preprocessed/gcc/placeholders.hpp:29:16: note:   ‘mpl_::_1’
[22.734s]    29 | typedef arg<1> _1;
[22.734s]       |                ^~
[22.735s] In file included from /usr/include/boost/describe/members.hpp:20,
[22.735s]                  from /usr/include/boost/container_hash/is_described_class.hpp:11,
[22.735s]                  from /usr/include/boost/container_hash/hash.hpp:18,
[22.735s]                  from /usr/include/boost/functional/hash.hpp:6,
[22.735s]                  from /usr/include/CGAL/Kernel/hash_functions.h:16,
[22.735s]                  from /usr/include/CGAL/Kernel/global_functions.h:25,
[22.735s]                  from /usr/include/CGAL/Cartesian/Cartesian_base.h:22,
[22.736s]                  from /usr/include/CGAL/Simple_cartesian.h:20,
[22.736s]                  from /usr/include/CGAL/Exact_predicates_inexact_constructions_kernel.h:20,
[22.736s]                  from /home/neha/ros2_ws/src/semnav_migration/include/polygeom_lib.h:32,
[22.738s]                  from /home/neha/ros2_ws/src/semnav_migration/include/reactive_planner_lib.h:50:
[22.739s] /usr/include/boost/mp11/bind.hpp:45:7: note:   ‘boost::mp11::_1’
[22.739s]    45 | using _1 = mp_arg<0>;
[22.739s]       |       ^~
[22.739s] /usr/include/boost/mpl/aux_/preprocessed/gcc/placeholders.hpp:29:16: note:   ‘mpl_::_1’
[22.739s]    29 | typedef arg<1> _1;
[22.739s]       |                ^~
[22.739s] /home/neha/ros2_ws/src/semnav_migration/src/navigation.cpp:148:105: error: ‘_2’ was not declared in this scope
[22.740s]   148 |                         sync->registerCallback(boost::bind(&NavigationNode::control_callback, this, _1, _2));
[22.740s]       |                                                                                                         ^~
[22.740s] /home/neha/ros2_ws/src/semnav_migration/src/navigation.cpp:148:105: note: suggested alternatives:
[22.740s] /usr/include/boost/mpl/aux_/preprocessed/gcc/placeholders.hpp:42:16: note:   ‘mpl_::_2’
[22.740s]    42 | typedef arg<2> _2;
[22.740s]       |                ^~
[22.740s] /usr/include/c++/13/functional:295:48: note:   ‘std::placeholders::_2’
[22.741s]   295 |     _GLIBCXX_PLACEHOLDER const _Placeholder<2> _2;
[22.741s]       |                                                ^~
[22.741s] /usr/include/boost/mpl/aux_/preprocessed/gcc/placeholders.hpp:42:16: note:   ‘mpl_::_2’
[22.743s]    42 | typedef arg<2> _2;
[22.743s]       |                ^~
[22.744s] /usr/include/boost/mp11/bind.hpp:46:7: note:   ‘boost::mp11::_2’
[22.744s]    46 | using _2 = mp_arg<1>;
[22.744s]       |       ^~
[22.744s] /usr/include/boost/mpl/aux_/preprocessed/gcc/placeholders.hpp:42:16: note:   ‘mpl_::_2’
[22.744s]    42 | typedef arg<2> _2;
[22.744s]       |                ^~
[22.744s] /home/neha/ros2_ws/src/semnav_migration/src/navigation_semantic.cpp: In member function ‘void SemanticNavigationNode::diffeo_tree_update(const object_pose_interface_msgs::msg::SemanticMapObjectArray_<std::allocator<void> >::ConstPtr&)’:
[22.745s] /home/neha/ros2_ws/src/semnav_migration/src/navigation_semantic.cpp:252:29: error: ‘ros’ has not been declared
[22.745s]   252 |                         if (ros::Time::now().toSec() - DiffeoTreeUpdateTime_ < (1.0/DiffeoTreeUpdateRate_)) {
[22.747s]       |                             ^~~
[22.747s] /home/neha/ros2_ws/src/semnav_migration/src/navigation_semantic.cpp:256:53: error: ‘ros’ has not been declared
[22.747s]   256 |                                 double start_time = ros::Time::now().toSec();
[22.747s]       |                                                     ^~~
[22.747s] /home/neha/ros2_ws/src/semnav_migration/src/navigation.cpp:151:20: error: ‘Subscription’ was not declared in this scope
[22.748s]   151 |             rclcpp:Subscription sub_semantic = this->create_subscriber(sub_semantic_topic_, 1);
[22.748s]       |                    ^~~~~~~~~~~~
[22.748s] /home/neha/ros2_ws/src/semnav_migration/src/navigation.cpp:151:20: note: suggested alternatives:
[22.748s] In file included from /opt/ros/jazzy/include/rclcpp/rclcpp/any_executable.hpp:25,
[22.748s]                  from /opt/ros/jazzy/include/rclcpp/rclcpp/memory_strategy.hpp:25,
[22.748s]                  from /opt/ros/jazzy/include/rclcpp/rclcpp/memory_strategies.hpp:18,
[22.748s]                  from /opt/ros/jazzy/include/rclcpp/rclcpp/executor_options.hpp:22,
[22.748s]                  from /opt/ros/jazzy/include/rclcpp/rclcpp/executor.hpp:38,
[22.749s]                  from /opt/ros/jazzy/include/rclcpp/rclcpp/executors/multi_threaded_executor.hpp:25,
[22.749s]                  from /opt/ros/jazzy/include/rclcpp/rclcpp/executors.hpp:21:
[22.751s] /opt/ros/jazzy/include/rclcpp/rclcpp/subscription.hpp:75:7: note:   ‘rclcpp::Subscription’
[22.751s]    75 | class Subscription : public SubscriptionBase
[22.751s]       |       ^~~~~~~~~~~~
[22.751s] In file included from /opt/ros/jazzy/include/rclcpp/rclcpp/client.hpp:45,
[22.751s]                  from /opt/ros/jazzy/include/rclcpp/rclcpp/callback_group.hpp:24,
[22.752s]                  from /opt/ros/jazzy/include/rclcpp/rclcpp/any_executable.hpp:20:
[22.752s] /opt/ros/jazzy/include/rclcpp/rclcpp/node_interfaces/node_graph_interface.hpp:43:3: note:   ‘rclcpp::EndpointType::Subscription’
[22.752s]    43 |   Subscription = RMW_ENDPOINT_SUBSCRIPTION
[22.752s]       |   ^~~~~~~~~~~~
[22.752s] /home/neha/ros2_ws/src/semnav_migration/src/navigation.cpp:155:45: error: no matching function for call to ‘rclcpp::Duration::Duration(double)’
[22.752s]   155 |                         rclcpp::Duration(5.0).sleep();
[22.752s]       |                                             ^
[22.752s] In file included from /opt/ros/jazzy/include/rclcpp/rclcpp/time.hpp:24,
[22.753s]                  from /opt/ros/jazzy/include/rclcpp/rclcpp/clock.hpp:24,
[22.753s]                  from /opt/ros/jazzy/include/rclcpp/rclcpp/client.hpp:38:
[22.755s] /opt/ros/jazzy/include/rclcpp/rclcpp/duration.hpp:49:3: note: candidate: ‘template<class Rep, class Period> rclcpp::Duration::Duration(const std::chrono::duration<_Rep1, _Period1>&)’
[22.755s]    49 |   Duration(const std::chrono::duration<Rep, Period> & duration)  // NOLINT(runtime/explicit)
[22.755s]       |   ^~~~~~~~
[22.755s] /opt/ros/jazzy/include/rclcpp/rclcpp/duration.hpp:49:3: note:   template argument deduction/substitution failed:
[22.756s] /home/neha/ros2_ws/src/semnav_migration/src/navigation.cpp:155:45: note:   mismatched types ‘const std::chrono::duration<_Rep1, _Period1>’ and ‘double’
[22.756s]   155 |                         rclcpp::Duration(5.0).sleep();
[22.756s]       |                                             ^
[22.756s] /opt/ros/jazzy/include/rclcpp/rclcpp/duration.hpp:159:3: note: candidate: ‘rclcpp::Duration::Duration()’
[22.756s]   159 |   Duration() = default;
[22.756s]       |   ^~~~~~~~
[22.756s] /opt/ros/jazzy/include/rclcpp/rclcpp/duration.hpp:159:3: note:   candidate expects 0 arguments, 1 provided
[22.756s] /opt/ros/jazzy/include/rclcpp/rclcpp/duration.hpp:62:3: note: candidate: ‘rclcpp::Duration::Duration(const rclcpp::Duration&)’
[22.757s]    62 |   Duration(const Duration & rhs);
[22.757s]       |   ^~~~~~~~
[22.759s] /opt/ros/jazzy/include/rclcpp/rclcpp/duration.hpp:62:29: note:   no known conversion for argument 1 from ‘double’ to ‘const rclcpp::Duration&’
[22.759s]    62 |   Duration(const Duration & rhs);
[22.759s]       |            ~~~~~~~~~~~~~~~~~^~~
[22.759s] /opt/ros/jazzy/include/rclcpp/rclcpp/duration.hpp:60:12: note: candidate: ‘rclcpp::Duration::Duration(const rcl_duration_t&)’
[22.759s]    60 |   explicit Duration(const rcl_duration_t & duration);
[22.760s]       |            ^~~~~~~~
[22.760s] /opt/ros/jazzy/include/rclcpp/rclcpp/duration.hpp:60:44: note:   no known conversion for argument 1 from ‘double’ to ‘const rcl_duration_t&’ {aka ‘const rcl_duration_s&’}
[22.760s]    60 |   explicit Duration(const rcl_duration_t & duration);
[22.760s]       |                     ~~~~~~~~~~~~~~~~~~~~~~~^~~~~~~~
[22.760s] /opt/ros/jazzy/include/rclcpp/rclcpp/duration.hpp:54:3: note: candidate: ‘rclcpp::Duration::Duration(const builtin_interfaces::msg::Duration&)’
[22.760s]    54 |   Duration(const builtin_interfaces::msg::Duration & duration_msg);  // NOLINT(runtime/explicit)
[22.760s]       |   ^~~~~~~~
[22.761s] /opt/ros/jazzy/include/rclcpp/rclcpp/duration.hpp:54:54: note:   no known conversion for argument 1 from ‘double’ to ‘const builtin_interfaces::msg::Duration&’ {aka ‘const builtin_interfaces::msg::Duration_<std::allocator<void> >&’}
[22.761s]    54 |   Duration(const builtin_interfaces::msg::Duration & duration_msg);  // NOLINT(runtime/explicit)
[22.761s]       |            ~~~~~~~~~~~~~~~~~~~~~~~~~~~~~~~~~~~~~~~~~~^~~~~~~~~~~~
[22.763s] /opt/ros/jazzy/include/rclcpp/rclcpp/duration.hpp:43:12: note: candidate: ‘rclcpp::Duration::Duration(std::chrono::nanoseconds)’
[22.763s]    43 |   explicit Duration(std::chrono::nanoseconds nanoseconds);
[22.763s]       |            ^~~~~~~~
[22.763s] /opt/ros/jazzy/include/rclcpp/rclcpp/duration.hpp:43:46: note:   no known conversion for argument 1 from ‘double’ to ‘std::chrono::nanoseconds’ {aka ‘std::chrono::duration<long int, std::ratio<1, 1000000000> >’}
[22.764s]    43 |   explicit Duration(std::chrono::nanoseconds nanoseconds);
[22.764s]       |                     ~~~~~~~~~~~~~~~~~~~~~~~~~^~~~~~~~~~~
[22.764s] /opt/ros/jazzy/include/rclcpp/rclcpp/duration.hpp:40:3: note: candidate: ‘rclcpp::Duration::Duration(int32_t, uint32_t)’
[22.764s]    40 |   Duration(int32_t seconds, uint32_t nanoseconds);
[22.764s]       |   ^~~~~~~~
[22.764s] /opt/ros/jazzy/include/rclcpp/rclcpp/duration.hpp:40:3: note:   candidate expects 2 arguments, 1 provided
[22.764s] /home/neha/ros2_ws/src/semnav_migration/src/navigation_semantic.cpp:267:49: error: ‘tf’ has not been declared
[22.764s]   267 |                                                 tf::Quaternion rotation = tf::Quaternion(semantic_map_data->objects[i].pose.pose.orientation.x,
[22.765s]       |                                                 ^~
[22.765s] /home/neha/ros2_ws/src/semnav_migration/src/navigation_semantic.cpp:272:49: error: ‘tf’ has not been declared
[22.767s]   272 |                                                 tf::Matrix3x3 m(rotation);
[22.767s]       |                                                 ^~
[22.767s] /home/neha/ros2_ws/src/semnav_migration/src/navigation_semantic.cpp:275:49: error: ‘tf’ has not been declared
[22.767s]   275 |                                                 tf::Vector3 target_nominal_1(-0.5*target_object_width_ - ObstacleDilation_ - 0.08, 0.0, 0.0);
[22.767s]       |                                                 ^~
[22.768s] /home/neha/ros2_ws/src/semnav_migration/src/navigation_semantic.cpp:276:49: error: ‘tf’ has not been declared
[22.768s]   276 |                                                 tf::Vector3 target_nominal_2(0.5*target_object_width_ + ObstacleDilation_ + 0.25, 0.0, 0.0);
[22.768s]       |                                                 ^~
[22.768s] /home/neha/ros2_ws/src/semnav_migration/src/navigation_semantic.cpp:277:49: error: ‘tf’ has not been declared
[22.768s]   277 |                                                 tf::Vector3 target_nominal_1_rotated = tf::quatRotate(rotation, target_nominal_1);
[22.768s]       |                                                 ^~
[22.768s] /home/neha/ros2_ws/src/semnav_migration/src/navigation_semantic.cpp:278:49: error: ‘tf’ has not been declared
[22.768s]   278 |                                                 tf::Vector3 target_nominal_2_rotated = tf::quatRotate(rotation, target_nominal_2);
[22.769s]       |                                                 ^~
[22.777s] /home/neha/ros2_ws/src/semnav_migration/src/navigation.cpp:162:38: error: ‘node_ptr’ was not declared in this scope; did you mean ‘mode_t’?
[22.777s]   162 |                         rclcpp::spin(node_ptr);
[22.777s]       |                                      ^~~~~~~~
[22.777s]       |                                      mode_t
[22.790s] /home/neha/ros2_ws/src/semnav_migration/src/navigation_semantic.cpp:280:49: error: ‘m’ was not declared in this scope; did you mean ‘tm’?
[22.791s]   280 |                                                 m.getRPY(roll, pitch, yaw);
[22.791s]       |                                                 ^
[22.791s]       |                                                 tm
[22.830s] /home/neha/ros2_ws/src/semnav_migration/src/navigation.cpp: In member function ‘void NavigationNode::publish_twist(double, double)’:
[22.830s] /home/neha/ros2_ws/src/semnav_migration/src/navigation.cpp:169:25: error: ‘pub_twist_’ was not declared in this scope; did you mean ‘publish_twist’?
[22.831s]   169 |                         pub_twist_.publish(commandTwist);
[22.831s]       |                         ^~~~~~~~~~
[22.831s]       |                         publish_twist
[22.836s] /home/neha/ros2_ws/src/semnav_migration/src/navigation.cpp: In member function ‘void NavigationNode::publish_behavior_id(uint16_t)’:
[22.836s] /home/neha/ros2_ws/src/semnav_migration/src/navigation.cpp:174:28: error: ‘UInt32’ is not a member of ‘std_msgs::msg’
[22.837s]   174 |             std_msgs::msg::UInt32 commandId;
[22.837s]       |                            ^~~~~~
[22.881s] /home/neha/ros2_ws/src/semnav_migration/src/navigation.cpp:175:25: error: ‘commandId’ was not declared in this scope
[22.881s]   175 |                         commandId.data = BehaviorIdCmd;
[22.881s]       |                         ^~~~~~~~~
[22.952s] /home/neha/ros2_ws/src/semnav_migration/src/navigation_semantic.cpp:281:123: error: ‘target_nominal_1_rotated’ was not declared in this scope
[22.953s]   281 |                                                 GoalVector[0].set<0>(semantic_map_data->objects[i].pose.pose.position.x + target_nominal_1_rotated.getX());
[22.953s]       |                                                                                                                           ^~~~~~~~~~~~~~~~~~~~~~~~
[22.959s] /home/neha/ros2_ws/src/semnav_migration/src/navigation.cpp:176:25: error: ‘pub_behaviorID_’ was not declared in this scope; did you mean ‘pub_behaviorID_topic_’?
[22.959s]   176 |                         pub_behaviorID_.publish(commandId);
[22.960s]       |                         ^~~~~~~~~~~~~~~
[22.960s]       |                         pub_behaviorID_topic_
[22.964s] /home/neha/ros2_ws/src/semnav_migration/src/navigation.cpp: In member function ‘void NavigationNode::publish_behavior_mode(uint16_t)’:
[22.964s] /home/neha/ros2_ws/src/semnav_migration/src/navigation.cpp:181:28: error: ‘UInt32’ is not a member of ‘std_msgs::msg’
[22.964s]   181 |             std_msgs::msg::UInt32 commandMode;
[22.964s]       |                            ^~~~~~
[23.023s] /home/neha/ros2_ws/src/semnav_migration/src/navigation.cpp:182:25: error: ‘commandMode’ was not declared in this scope
[23.024s]   182 |                         commandMode.data = BehaviorModeCmd;
[23.024s]       |                         ^~~~~~~~~~~
[23.114s] /home/neha/ros2_ws/src/semnav_migration/src/navigation_semantic.cpp:283:123: error: ‘target_nominal_2_rotated’ was not declared in this scope
[23.114s]   283 |                                                 GoalVector[1].set<0>(semantic_map_data->objects[i].pose.pose.position.x + target_nominal_2_rotated.getX());
[23.114s]       |                                                                                                                           ^~~~~~~~~~~~~~~~~~~~~~~~
[23.118s] /home/neha/ros2_ws/src/semnav_migration/src/navigation.cpp:183:25: error: ‘pub_behaviorMode_’ was not declared in this scope; did you mean ‘pub_behaviorMode_topic_’?
[23.118s]   183 |                         pub_behaviorMode_.publish(commandMode);
[23.118s]       |                         ^~~~~~~~~~~~~~~~~
[23.119s]       |                         pub_behaviorMode_topic_
[23.234s] /home/neha/ros2_ws/src/semnav_migration/src/navigation_semantic.cpp:317:49: error: ‘ROS_ERROR_STREAM’ was not declared in this scope; did you mean ‘RCLCPP_ERROR_STREAM’?
[23.234s]   317 |                                                 ROS_ERROR_STREAM("Goal blocked by object");
[23.234s]       |                                                 ^~~~~~~~~~~~~~~~
[23.234s]       |                                                 RCLCPP_ERROR_STREAM
[23.242s] /home/neha/ros2_ws/src/semnav_migration/src/navigation_semantic.cpp:365:85: error: ‘ros’ has not been declared
[23.242s]   365 |                                 ROS_WARN_STREAM("[Navigation] Updated trees in " << ros::Time::now().toSec()-start_time << " seconds.");
[23.242s]       |                                                                                     ^~~
[23.247s] /home/neha/ros2_ws/src/semnav_migration/src/navigation.cpp: In member function ‘void NavigationNode::control_callback(const sensor_msgs::msg::LaserScan_<std::allocator<void> >::ConstPtr&, const nav_msgs::msg::Odometry_<std::allocator<void> >::ConstPtr&)’:
[23.247s] /home/neha/ros2_ws/src/semnav_migration/src/navigation.cpp:366:33: error: ‘listener_’ was not declared in this scope
[23.248s]   366 |                                 listener_.waitForTransform(world_frame_id_, odom_frame_id_, rclcpp::Time(0), rclcpp::Duration(1.0));
[23.250s]       |                                 ^~~~~~~~~
[23.250s] /home/neha/ros2_ws/src/semnav_migration/src/navigation.cpp:366:130: error: no matching function for call to ‘rclcpp::Duration::Duration(double)’
[23.250s]   366 |                                 listener_.waitForTransform(world_frame_id_, odom_frame_id_, rclcpp::Time(0), rclcpp::Duration(1.0));
[23.250s]       |                                                                                                                                  ^
[23.251s] /opt/ros/jazzy/include/rclcpp/rclcpp/duration.hpp:49:3: note: candidate: ‘template<class Rep, class Period> rclcpp::Duration::Duration(const std::chrono::duration<_Rep1, _Period1>&)’
[23.251s]    49 |   Duration(const std::chrono::duration<Rep, Period> & duration)  // NOLINT(runtime/explicit)
[23.251s]       |   ^~~~~~~~
[23.251s] /opt/ros/jazzy/include/rclcpp/rclcpp/duration.hpp:49:3: note:   template argument deduction/substitution failed:
[23.251s] /home/neha/ros2_ws/src/semnav_migration/src/navigation.cpp:366:130: note:   mismatched types ‘const std::chrono::duration<_Rep1, _Period1>’ and ‘double’
[23.251s]   366 |                                 listener_.waitForTransform(world_frame_id_, odom_frame_id_, rclcpp::Time(0), rclcpp::Duration(1.0));
[23.251s]       |                                                                                                                                  ^
[23.252s] /opt/ros/jazzy/include/rclcpp/rclcpp/duration.hpp:159:3: note: candidate: ‘rclcpp::Duration::Duration()’
[23.254s]   159 |   Duration() = default;
[23.254s]       |   ^~~~~~~~
[23.254s] /opt/ros/jazzy/include/rclcpp/rclcpp/duration.hpp:159:3: note:   candidate expects 0 arguments, 1 provided
[23.254s] /opt/ros/jazzy/include/rclcpp/rclcpp/duration.hpp:62:3: note: candidate: ‘rclcpp::Duration::Duration(const rclcpp::Duration&)’
[23.255s]    62 |   Duration(const Duration & rhs);
[23.255s]       |   ^~~~~~~~
[23.255s] /opt/ros/jazzy/include/rclcpp/rclcpp/duration.hpp:62:29: note:   no known conversion for argument 1 from ‘double’ to ‘const rclcpp::Duration&’
[23.255s]    62 |   Duration(const Duration & rhs);
[23.255s]       |            ~~~~~~~~~~~~~~~~~^~~
[23.255s] /opt/ros/jazzy/include/rclcpp/rclcpp/duration.hpp:60:12: note: candidate: ‘rclcpp::Duration::Duration(const rcl_duration_t&)’
[23.255s]    60 |   explicit Duration(const rcl_duration_t & duration);
[23.256s]       |            ^~~~~~~~
[23.256s] /opt/ros/jazzy/include/rclcpp/rclcpp/duration.hpp:60:44: note:   no known conversion for argument 1 from ‘double’ to ‘const rcl_duration_t&’ {aka ‘const rcl_duration_s&’}
[23.258s]    60 |   explicit Duration(const rcl_duration_t & duration);
[23.258s]       |                     ~~~~~~~~~~~~~~~~~~~~~~~^~~~~~~~
[23.258s] /opt/ros/jazzy/include/rclcpp/rclcpp/duration.hpp:54:3: note: candidate: ‘rclcpp::Duration::Duration(const builtin_interfaces::msg::Duration&)’
[23.258s]    54 |   Duration(const builtin_interfaces::msg::Duration & duration_msg);  // NOLINT(runtime/explicit)
[23.258s]       |   ^~~~~~~~
[23.259s] /opt/ros/jazzy/include/rclcpp/rclcpp/duration.hpp:54:54: note:   no known conversion for argument 1 from ‘double’ to ‘const builtin_interfaces::msg::Duration&’ {aka ‘const builtin_interfaces::msg::Duration_<std::allocator<void> >&’}
[23.259s]    54 |   Duration(const builtin_interfaces::msg::Duration & duration_msg);  // NOLINT(runtime/explicit)
[23.259s]       |            ~~~~~~~~~~~~~~~~~~~~~~~~~~~~~~~~~~~~~~~~~~^~~~~~~~~~~~
[23.259s] /opt/ros/jazzy/include/rclcpp/rclcpp/duration.hpp:43:12: note: candidate: ‘rclcpp::Duration::Duration(std::chrono::nanoseconds)’
[23.259s]    43 |   explicit Duration(std::chrono::nanoseconds nanoseconds);
[23.259s]       |            ^~~~~~~~
[23.259s] /opt/ros/jazzy/include/rclcpp/rclcpp/duration.hpp:43:46: note:   no known conversion for argument 1 from ‘double’ to ‘std::chrono::nanoseconds’ {aka ‘std::chrono::duration<long int, std::ratio<1, 1000000000> >’}
[23.259s]    43 |   explicit Duration(std::chrono::nanoseconds nanoseconds);
[23.260s]       |                     ~~~~~~~~~~~~~~~~~~~~~~~~~^~~~~~~~~~~
[23.260s] /opt/ros/jazzy/include/rclcpp/rclcpp/duration.hpp:40:3: note: candidate: ‘rclcpp::Duration::Duration(int32_t, uint32_t)’
[23.262s]    40 |   Duration(int32_t seconds, uint32_t nanoseconds);
[23.262s]       |   ^~~~~~~~
[23.262s] /opt/ros/jazzy/include/rclcpp/rclcpp/duration.hpp:40:3: note:   candidate expects 2 arguments, 1 provided
[23.263s] /home/neha/ros2_ws/src/semnav_migration/src/navigation.cpp:396:42: error: could not convert ‘lidar_data’ from ‘shared_ptr<LaserScan_<[...]>>’ to ‘shared_ptr<LaserScan_<[...]>>’
[23.263s]   396 |                         constructLIDAR2D(lidar_data, CutoffRange_, AllowableRange_, RobotPitch_, &LIDAR);
[23.263s]       |                                          ^~~~~~~~~~
[23.263s]       |                                          |
[23.263s]       |                                          shared_ptr<LaserScan_<[...]>>
[23.272s] /home/neha/ros2_ws/src/semnav_migration/src/navigation.cpp:570:53: error: no matching function for call to ‘rclcpp::Duration::Duration(double)’
[23.272s]   570 |                                 rclcpp::Duration(5.0).sleep();
[23.272s]       |                                                     ^
[23.272s] /opt/ros/jazzy/include/rclcpp/rclcpp/duration.hpp:49:3: note: candidate: ‘template<class Rep, class Period> rclcpp::Duration::Duration(const std::chrono::duration<_Rep1, _Period1>&)’
[23.273s]    49 |   Duration(const std::chrono::duration<Rep, Period> & duration)  // NOLINT(runtime/explicit)
[23.273s]       |   ^~~~~~~~
[23.273s] /opt/ros/jazzy/include/rclcpp/rclcpp/duration.hpp:49:3: note:   template argument deduction/substitution failed:
[23.273s] /home/neha/ros2_ws/src/semnav_migration/src/navigation.cpp:570:53: note:   mismatched types ‘const std::chrono::duration<_Rep1, _Period1>’ and ‘double’
[23.273s]   570 |                                 rclcpp::Duration(5.0).sleep();
[23.273s]       |                                                     ^
[23.273s] /opt/ros/jazzy/include/rclcpp/rclcpp/duration.hpp:159:3: note: candidate: ‘rclcpp::Duration::Duration()’
[23.274s]   159 |   Duration() = default;
[23.274s]       |   ^~~~~~~~
[23.277s] /opt/ros/jazzy/include/rclcpp/rclcpp/duration.hpp:159:3: note:   candidate expects 0 arguments, 1 provided
[23.277s] /opt/ros/jazzy/include/rclcpp/rclcpp/duration.hpp:62:3: note: candidate: ‘rclcpp::Duration::Duration(const rclcpp::Duration&)’
[23.278s]    62 |   Duration(const Duration & rhs);
[23.278s]       |   ^~~~~~~~
[23.278s] /opt/ros/jazzy/include/rclcpp/rclcpp/duration.hpp:62:29: note:   no known conversion for argument 1 from ‘double’ to ‘const rclcpp::Duration&’
[23.278s]    62 |   Duration(const Duration & rhs);
[23.278s]       |            ~~~~~~~~~~~~~~~~~^~~
[23.278s] /opt/ros/jazzy/include/rclcpp/rclcpp/duration.hpp:60:12: note: candidate: ‘rclcpp::Duration::Duration(const rcl_duration_t&)’
[23.278s]    60 |   explicit Duration(const rcl_duration_t & duration);
[23.279s]       |            ^~~~~~~~
[23.279s] /opt/ros/jazzy/include/rclcpp/rclcpp/duration.hpp:60:44: note:   no known conversion for argument 1 from ‘double’ to ‘const rcl_duration_t&’ {aka ‘const rcl_duration_s&’}
[23.281s]    60 |   explicit Duration(const rcl_duration_t & duration);
[23.281s]       |                     ~~~~~~~~~~~~~~~~~~~~~~~^~~~~~~~
[23.281s] /opt/ros/jazzy/include/rclcpp/rclcpp/duration.hpp:54:3: note: candidate: ‘rclcpp::Duration::Duration(const builtin_interfaces::msg::Duration&)’
[23.281s]    54 |   Duration(const builtin_interfaces::msg::Duration & duration_msg);  // NOLINT(runtime/explicit)
[23.281s]       |   ^~~~~~~~
[23.282s] /opt/ros/jazzy/include/rclcpp/rclcpp/duration.hpp:54:54: note:   no known conversion for argument 1 from ‘double’ to ‘const builtin_interfaces::msg::Duration&’ {aka ‘const builtin_interfaces::msg::Duration_<std::allocator<void> >&’}
[23.282s]    54 |   Duration(const builtin_interfaces::msg::Duration & duration_msg);  // NOLINT(runtime/explicit)
[23.282s]       |            ~~~~~~~~~~~~~~~~~~~~~~~~~~~~~~~~~~~~~~~~~~^~~~~~~~~~~~
[23.282s] /opt/ros/jazzy/include/rclcpp/rclcpp/duration.hpp:43:12: note: candidate: ‘rclcpp::Duration::Duration(std::chrono::nanoseconds)’
[23.282s]    43 |   explicit Duration(std::chrono::nanoseconds nanoseconds);
[23.282s]       |            ^~~~~~~~
[23.282s] /opt/ros/jazzy/include/rclcpp/rclcpp/duration.hpp:43:46: note:   no known conversion for argument 1 from ‘double’ to ‘std::chrono::nanoseconds’ {aka ‘std::chrono::duration<long int, std::ratio<1, 1000000000> >’}
[23.283s]    43 |   explicit Duration(std::chrono::nanoseconds nanoseconds);
[23.283s]       |                     ~~~~~~~~~~~~~~~~~~~~~~~~~^~~~~~~~~~~
[23.285s] /opt/ros/jazzy/include/rclcpp/rclcpp/duration.hpp:40:3: note: candidate: ‘rclcpp::Duration::Duration(int32_t, uint32_t)’
[23.285s]    40 |   Duration(int32_t seconds, uint32_t nanoseconds);
[23.285s]       |   ^~~~~~~~
[23.285s] /opt/ros/jazzy/include/rclcpp/rclcpp/duration.hpp:40:3: note:   candidate expects 2 arguments, 1 provided
[23.351s] /home/neha/ros2_ws/src/semnav_migration/src/navigation_semantic.cpp:365:33: error: ‘ROS_WARN_STREAM’ was not declared in this scope; did you mean ‘RCLCPP_WARN_STREAM’?
[23.351s]   365 |                                 ROS_WARN_STREAM("[Navigation] Updated trees in " << ros::Time::now().toSec()-start_time << " seconds.");
[23.351s]       |                                 ^~~~~~~~~~~~~~~
[23.351s]       |                                 RCLCPP_WARN_STREAM
[23.351s] /home/neha/ros2_ws/src/semnav_migration/src/navigation_semantic.cpp:368:57: error: ‘ros’ has not been declared
[23.352s]   368 |                                 DiffeoTreeUpdateTime_ = ros::Time::now().toSec();
[23.352s]       |                                                         ^~~
[23.355s] /home/neha/ros2_ws/src/semnav_migration/src/navigation_semantic.cpp: In member function ‘void SemanticNavigationNode::control_callback(const sensor_msgs::msg::LaserScan_<std::allocator<void> >::ConstPtr&, const nav_msgs::msg::Odometry_<std::allocator<void> >::ConstPtr&)’:
[23.355s] /home/neha/ros2_ws/src/semnav_migration/src/navigation_semantic.cpp:396:46: error: ‘ros’ has not been declared
[23.355s]   396 |                         double before_time = ros::Time::now().toSec();
[23.356s]       |                                              ^~~
[23.358s] /home/neha/ros2_ws/src/semnav_migration/src/navigation_semantic.cpp:399:40: error: ‘PoseStamped’ is not a member of ‘geometry_msgs’; did you mean ‘geometry_msgs::msg::PoseStamped’?
[23.359s]   399 |                         geometry_msgs::PoseStamped odomPose, mapPose;
[23.359s]       |                                        ^~~~~~~~~~~
[23.359s] In file included from /home/neha/ros2_ws/src/install/object_pose_interface_msgs/include/object_pose_interface_msgs/object_pose_interface_msgs/msg/detail/semantic_map_object__struct.hpp:28,
[23.359s]                  from /home/neha/ros2_ws/src/install/object_pose_interface_msgs/include/object_pose_interface_msgs/object_pose_interface_msgs/msg/detail/semantic_map_object_array__struct.hpp:25,
[23.359s]                  from /home/neha/ros2_ws/src/install/object_pose_interface_msgs/include/object_pose_interface_msgs/object_pose_interface_msgs/msg/semantic_map_object_array.hpp:7,
[23.359s]                  from /home/neha/ros2_ws/src/semnav_migration/src/navigation_semantic.cpp:26:
[23.359s] /opt/ros/jazzy/include/geometry_msgs/geometry_msgs/msg/detail/pose_stamped__struct.hpp:138:7: note: ‘geometry_msgs::msg::PoseStamped’ declared here
[23.360s]   138 | using PoseStamped =
[23.360s]       |       ^~~~~~~~~~~
[23.407s] /home/neha/ros2_ws/src/semnav_migration/src/navigation_semantic.cpp:400:25: error: ‘odomPose’ was not declared in this scope
[23.408s]   400 |                         odomPose.header.stamp = ros::Time(0);
[23.408s]       |                         ^~~~~~~~
[23.408s] /home/neha/ros2_ws/src/semnav_migration/src/navigation_semantic.cpp:400:49: error: ‘ros’ has not been declared
[23.408s]   400 |                         odomPose.header.stamp = ros::Time(0);
[23.408s]       |                                                 ^~~
[23.465s] /home/neha/ros2_ws/src/semnav_migration/src/navigation_semantic.cpp:404:33: error: ‘listener_’ was not declared in this scope
[23.465s]   404 |                                 listener_.waitForTransform(world_frame_id_, odom_frame_id_, ros::Time(0), ros::Duration(1.0));
[23.465s]       |                                 ^~~~~~~~~
[23.466s] /home/neha/ros2_ws/src/semnav_migration/src/navigation_semantic.cpp:404:93: error: ‘ros’ has not been declared
[23.466s]   404 |                                 listener_.waitForTransform(world_frame_id_, odom_frame_id_, ros::Time(0), ros::Duration(1.0));
[23.466s]       |                                                                                             ^~~
[23.466s] /home/neha/ros2_ws/src/semnav_migration/src/navigation_semantic.cpp:404:107: error: ‘ros’ has not been declared
[23.466s]   404 |                                 listener_.waitForTransform(world_frame_id_, odom_frame_id_, ros::Time(0), ros::Duration(1.0));
[23.466s]       |                                                                                                           ^~~
[23.506s] /home/neha/ros2_ws/src/semnav_migration/src/navigation_semantic.cpp:405:84: error: ‘mapPose’ was not declared in this scope
[23.506s]   405 |                                 listener_.transformPose(world_frame_id_, odomPose, mapPose);
[23.507s]       |                                                                                    ^~~~~~~
[23.512s] /home/neha/ros2_ws/src/semnav_migration/src/navigation_semantic.cpp:406:34: error: ‘tf’ does not name a type; did you mean ‘tm’?
[23.512s]   406 |                         } catch (tf::TransformException &ex) {
[23.512s]       |                                  ^~
[23.513s]       |                                  tm
[23.513s] /home/neha/ros2_ws/src/semnav_migration/src/navigation_semantic.cpp:406:57: error: expected unqualified-id before ‘&’ token
[23.513s]   406 |                         } catch (tf::TransformException &ex) {
[23.513s]       |                                                         ^
[23.513s] /home/neha/ros2_ws/src/semnav_migration/src/navigation_semantic.cpp:406:57: error: expected ‘)’ before ‘&’ token
[23.513s] /home/neha/ros2_ws/src/semnav_migration/src/navigation_semantic.cpp:406:33: note: to match this ‘(’
[23.513s]   406 |                         } catch (tf::TransformException &ex) {
[23.513s]       |                                 ^
[23.514s] /home/neha/ros2_ws/src/semnav_migration/src/navigation_semantic.cpp:406:57: error: expected ‘{’ before ‘&’ token
[23.514s]   406 |                         } catch (tf::TransformException &ex) {
[23.516s]       |                                                         ^
[23.549s] /home/neha/ros2_ws/src/semnav_migration/src/navigation_semantic.cpp:406:58: error: ‘ex’ was not declared in this scope; did you mean ‘exp’?
[23.549s]   406 |                         } catch (tf::TransformException &ex) {
[23.549s]       |                                                          ^~
[23.550s]       |                                                          exp
[23.550s] /home/neha/ros2_ws/src/semnav_migration/src/navigation_semantic.cpp:412:25: error: ‘tf’ has not been declared
[23.550s]   412 |                         tf::Quaternion rotation = tf::Quaternion(mapPose.pose.orientation.x,
[23.550s]       |                         ^~
[23.550s] /home/neha/ros2_ws/src/semnav_migration/src/navigation_semantic.cpp:416:25: error: ‘tf’ has not been declared
[23.550s]   416 |                         tf::Matrix3x3 m(rotation);
[23.550s]       |                         ^~
[23.588s] /home/neha/ros2_ws/src/semnav_migration/src/navigation_semantic.cpp:418:25: error: ‘m’ was not declared in this scope; did you mean ‘tm’?
[23.588s]   418 |                         m.getRPY(roll, pitch, yaw);
[23.588s]       |                         ^
[23.589s]       |                         tm
[23.627s] /home/neha/ros2_ws/src/semnav_migration/src/navigation_semantic.cpp:419:51: error: ‘mapPose’ was not declared in this scope
[23.628s]   419 |                         double x_robot_position = mapPose.pose.position.x;
[23.628s]       |                                                   ^~~~~~~
[23.636s] /home/neha/ros2_ws/src/semnav_migration/src/navigation_semantic.cpp:432:42: error: could not convert ‘lidar_data’ from ‘shared_ptr<LaserScan_<[...]>>’ to ‘shared_ptr<LaserScan_<[...]>>’
[23.636s]   432 |                         constructLIDAR2D(lidar_data, CutoffRange_, AllowableRange_, RobotPitch_, &LIDAR);
[23.636s]       |                                          ^~~~~~~~~~
[23.637s]       |                                          |
[23.637s]       |                                          shared_ptr<LaserScan_<[...]>>
[23.655s] /home/neha/ros2_ws/src/semnav_migration/src/navigation_semantic.cpp:562:96: error: invalid operands of types ‘const char [53]’ and ‘double’ to binary ‘operator<<’
[23.655s]   562 |                         ROS_WARN_STREAM("[Navigation] Diffeomorphism jacobian determinant is " << MatrixDeterminant(RobotPositionTransformedD) << ", robot position is " << bg::dsv(RobotPosition_) << " and robot positon in model space is " << bg::dsv(RobotPositionTransformedPoint));
[23.656s]       |                                         ~~~~~~~~~~~~~~~~~~~~~~~~~~~~~~~~~~~~~~~~~~~~~~~~~~~~~~ ^~ ~~~~~~~~~~~~~~~~~~~~~~~~~~~~~~~~~~~~~~~~~~~~
[23.656s]       |                                         |                                                                          |
[23.656s]       |                                         const char [53]                                                            double
[23.754s] /home/neha/ros2_ws/src/semnav_migration/src/navigation_semantic.cpp:562:25: error: ‘ROS_WARN_STREAM’ was not declared in this scope; did you mean ‘RCLCPP_WARN_STREAM’?
[23.754s]   562 |                         ROS_WARN_STREAM("[Navigation] Diffeomorphism jacobian determinant is " << MatrixDeterminant(RobotPositionTransformedD) << ", robot position is " << bg::dsv(RobotPosition_) << " and robot positon in model space is " << bg::dsv(RobotPositionTransformedPoint));
[23.755s]       |                         ^~~~~~~~~~~~~~~
[23.755s]       |                         RCLCPP_WARN_STREAM
[23.755s] /home/neha/ros2_ws/src/semnav_migration/src/navigation_semantic.cpp:591:41: error: ‘ros’ has not been declared
[23.755s]   591 |                                         ros::Duration(5.0).sleep();
[23.755s]       |                                         ^~~
[23.762s] /home/neha/ros2_ws/src/semnav_migration/src/navigation_semantic.cpp:616:75: error: invalid operands of types ‘const char [32]’ and ‘double’ to binary ‘operator<<’
[23.762s]   616 |                         ROS_WARN_STREAM("[Navigation] Linear command is " << LinearCmd << " and angular command is " << AngularCmd);
[23.762s]       |                                         ~~~~~~~~~~~~~~~~~~~~~~~~~~~~~~~~~ ^~ ~~~~~~~~~
[23.762s]       |                                         |                                    |
[23.762s]       |                                         const char [32]                      double
[23.762s] /home/neha/ros2_ws/src/semnav_migration/src/navigation_semantic.cpp:617:76: error: invalid operands of types ‘const char [33]’ and ‘int’ to binary ‘operator<<’
[23.763s]   617 |                         ROS_WARN_STREAM("[Navigation] Command update for " << int(localDiffeoTreeArray.size()) << " polygons in " << ros::Time::now().toSec()-before_time << " seconds.");
[23.763s]       |                                         ~~~~~~~~~~~~~~~~~~~~~~~~~~~~~~~~~~ ^~ ~~~~~~~~~~~~~~~~~~~~~~~~~~~~~~~~
[23.763s]       |                                         |                                     |
[23.763s]       |                                         const char [33]                       int
[23.765s] /home/neha/ros2_ws/src/semnav_migration/src/navigation_semantic.cpp:617:134: error: ‘ros’ has not been declared
[23.765s]   617 |                         ROS_WARN_STREAM("[Navigation] Command update for " << int(localDiffeoTreeArray.size()) << " polygons in " << ros::Time::now().toSec()-before_time << " seconds.");
[23.765s]       |                                                                                                                                      ^~~
[23.765s] /home/neha/ros2_ws/src/semnav_migration/src/navigation_semantic.cpp: In function ‘int main(int, char**)’:
[23.765s] /home/neha/ros2_ws/src/semnav_migration/src/navigation_semantic.cpp:698:9: error: ‘ros’ has not been declared
[23.766s]   698 |         ros::init(argc, argv, "navigation_semantic");
[23.766s]       |         ^~~
[23.766s] /home/neha/ros2_ws/src/semnav_migration/src/navigation_semantic.cpp:701:9: error: ‘ros’ has not been declared
[23.766s]   701 |         ros::NodeHandle nh("~");
[23.766s]       |         ^~~
[23.788s] /home/neha/ros2_ws/src/semnav_migration/src/navigation_semantic.cpp:704:56: error: ‘nh’ was not declared in this scope
[23.788s]   704 |         SemanticNavigationNode semanticNavigationNode(&nh);
[23.788s]       |                                                        ^~
[33.547s] gmake[2]: *** [CMakeFiles/navigation_semantic.dir/build.make:76: CMakeFiles/navigation_semantic.dir/src/navigation_semantic.cpp.o] Error 1
[33.548s] gmake[1]: *** [CMakeFiles/Makefile2:207: CMakeFiles/navigation_semantic.dir/all] Error 2
[33.549s] gmake[1]: *** Waiting for unfinished jobs....
[37.539s] gmake[2]: *** [CMakeFiles/navigation.dir/build.make:76: CMakeFiles/navigation.dir/src/navigation.cpp.o] Error 1
[37.540s] gmake[1]: *** [CMakeFiles/Makefile2:181: CMakeFiles/navigation.dir/all] Error 2
[37.540s] gmake: *** [Makefile:146: all] Error 2
[37.543s] Invoked command in '/home/neha/ros2_ws/src/semnav_migration/build/semnav' returned '2': CMAKE_PREFIX_PATH=${CMAKE_PREFIX_PATH}:/opt/ros/jazzy DEBUGINFOD_URLS=https://debuginfod.ubuntu.com /usr/bin/cmake --build /home/neha/ros2_ws/src/semnav_migration/build/semnav -- -j2 -l2
