[ 14%] Built target reactive_planner
[ 33%] Built target navigation_semantic
[ 33%] Built target navigation
[ 42%] Built target human_following
[ 52%] Built target navigation_humans
[ 61%] Built target human_following_fallen
[ 71%] Built target human_following_signal
[ 80%] Built target fake_lidar_publisher
[ 85%] [32mBuilding CXX object CMakeFiles/map_debug.dir/src/map_debug.cpp.o[0m
[ 90%] [32mBuilding CXX object CMakeFiles/fake_odometry_publisher.dir/src/fake_odometry_publisher.cpp.o[0m
[01m[K/home/neha/ros2_ws/src/current_semnav_migration/src/map_debug.cpp:[m[K In constructor â€˜[01m[KMapDebugNode::[01;32m[KMapDebugNode[m[K()[m[Kâ€™:
[01m[K/home/neha/ros2_ws/src/current_semnav_migration/src/map_debug.cpp:18:34:[m[K [01;31m[Kerror: [m[Kexpected primary-expression before â€˜[01m[K([m[Kâ€™ token
   18 |     rclcpp::QoS qos = rclcpp::QoS[01;31m[K([m[Krclcpp::QoSInitialization::from_rmw(rmw_qos_profile_t), rmw_qos_profile_t);
      |                                  [01;31m[K^[m[K
[01m[K/home/neha/ros2_ws/src/current_semnav_migration/src/map_debug.cpp:18:88:[m[K [01;31m[Kerror: [m[Kexpected primary-expression before â€˜[01m[K)[m[Kâ€™ token
   18 |     rclcpp::QoS qos = rclcpp::QoS(rclcpp::QoSInitialization::from_rmw(rmw_qos_profile_t[01;31m[K)[m[K, rmw_qos_profile_t);
      |                                                                                        [01;31m[K^[m[K
[01m[K/home/neha/ros2_ws/src/current_semnav_migration/src/map_debug.cpp:18:108:[m[K [01;31m[Kerror: [m[Kexpected primary-expression before â€˜[01m[K)[m[Kâ€™ token
   18 |     rclcpp::QoS qos = rclcpp::QoS(rclcpp::QoSInitialization::from_rmw(rmw_qos_profile_t), rmw_qos_profile_t[01;31m[K)[m[K;
      |                                                                                                            [01;31m[K^[m[K
gmake[2]: *** [CMakeFiles/map_debug.dir/build.make:76: CMakeFiles/map_debug.dir/src/map_debug.cpp.o] Error 1
gmake[1]: *** [CMakeFiles/Makefile2:337: CMakeFiles/map_debug.dir/all] Error 2
gmake[1]: *** Waiting for unfinished jobs....
[ 95%] [32m[1mLinking CXX executable fake_odometry_publisher[0m
[ 95%] Built target fake_odometry_publisher
gmake: *** [Makefile:146: all] Error 2
