[0.033s] Invoking command in '/home/neha/ros2_ws/src/current_semnav_migration/build/semnav': CMAKE_PREFIX_PATH=${CMAKE_PREFIX_PATH}:/opt/ros/jazzy DEBUGINFOD_URLS=https://debuginfod.ubuntu.com /usr/bin/cmake --build /home/neha/ros2_ws/src/current_semnav_migration/build/semnav -- -j2 -l2
[0.208s] [ 14%] Built target reactive_planner
[0.316s] [ 33%] Built target navigation_semantic
[0.316s] [ 33%] Built target navigation
[0.422s] [ 42%] Built target human_following
[0.423s] [ 52%] Built target navigation_humans
[0.527s] [ 61%] Built target human_following_fallen
[0.534s] [ 71%] Built target human_following_signal
[0.582s] [ 80%] Built target fake_lidar_publisher
[0.584s] [ 85%] [32mBuilding CXX object CMakeFiles/map_debug.dir/src/map_debug.cpp.o[0m
[0.629s] [ 90%] [32mBuilding CXX object CMakeFiles/fake_odometry_publisher.dir/src/fake_odometry_publisher.cpp.o[0m
[6.317s] [01m[K/home/neha/ros2_ws/src/current_semnav_migration/src/map_debug.cpp:[m[K In constructor â€˜[01m[KMapDebugNode::[01;32m[KMapDebugNode[m[K()[m[Kâ€™:
[6.317s] [01m[K/home/neha/ros2_ws/src/current_semnav_migration/src/map_debug.cpp:18:34:[m[K [01;31m[Kerror: [m[Kexpected primary-expression before â€˜[01m[K([m[Kâ€™ token
[6.318s]    18 |     rclcpp::QoS qos = rclcpp::QoS[01;31m[K([m[Krclcpp::QoSInitialization::from_rmw(rmw_qos_profile_t), rmw_qos_profile_t);
[6.318s]       |                                  [01;31m[K^[m[K
[6.318s] [01m[K/home/neha/ros2_ws/src/current_semnav_migration/src/map_debug.cpp:18:88:[m[K [01;31m[Kerror: [m[Kexpected primary-expression before â€˜[01m[K)[m[Kâ€™ token
[6.318s]    18 |     rclcpp::QoS qos = rclcpp::QoS(rclcpp::QoSInitialization::from_rmw(rmw_qos_profile_t[01;31m[K)[m[K, rmw_qos_profile_t);
[6.318s]       |                                                                                        [01;31m[K^[m[K
[6.318s] [01m[K/home/neha/ros2_ws/src/current_semnav_migration/src/map_debug.cpp:18:108:[m[K [01;31m[Kerror: [m[Kexpected primary-expression before â€˜[01m[K)[m[Kâ€™ token
[6.319s]    18 |     rclcpp::QoS qos = rclcpp::QoS(rclcpp::QoSInitialization::from_rmw(rmw_qos_profile_t), rmw_qos_profile_t[01;31m[K)[m[K;
[6.319s]       |                                                                                                            [01;31m[K^[m[K
[9.668s] gmake[2]: *** [CMakeFiles/map_debug.dir/build.make:76: CMakeFiles/map_debug.dir/src/map_debug.cpp.o] Error 1
[9.669s] gmake[1]: *** [CMakeFiles/Makefile2:337: CMakeFiles/map_debug.dir/all] Error 2
[9.669s] gmake[1]: *** Waiting for unfinished jobs....
[11.302s] [ 95%] [32m[1mLinking CXX executable fake_odometry_publisher[0m
[11.995s] [ 95%] Built target fake_odometry_publisher
[11.997s] gmake: *** [Makefile:146: all] Error 2
[12.001s] Invoked command in '/home/neha/ros2_ws/src/current_semnav_migration/build/semnav' returned '2': CMAKE_PREFIX_PATH=${CMAKE_PREFIX_PATH}:/opt/ros/jazzy DEBUGINFOD_URLS=https://debuginfod.ubuntu.com /usr/bin/cmake --build /home/neha/ros2_ws/src/current_semnav_migration/build/semnav -- -j2 -l2
