[0.026s] Invoking command in '/home/neha/ros2_ws/src/semnav_migration/build/semnav': CMAKE_PREFIX_PATH=${CMAKE_PREFIX_PATH}:/opt/ros/jazzy DEBUGINFOD_URLS=https://debuginfod.ubuntu.com /usr/bin/cmake --build /home/neha/ros2_ws/src/semnav_migration/build/semnav -- -j2 -l2
[0.192s] [ 14%] Built target reactive_planner
[0.303s] [ 19%] Building CXX object CMakeFiles/navigation.dir/src/navigation.cpp.o
[0.336s] [ 23%] Building CXX object CMakeFiles/navigation_semantic.dir/src/navigation_semantic.cpp.o
[6.313s] /home/neha/ros2_ws/src/semnav_migration/src/navigation.cpp:27:10: fatal error: object_pose_interface_msgs/msg/UInt32.hpp: No such file or directory
[6.313s]    27 | #include <object_pose_interface_msgs/msg/UInt32.hpp>
[6.313s]       |          ^~~~~~~~~~~~~~~~~~~~~~~~~~~~~~~~~~~~~~~~~~~
[6.313s] compilation terminated.
[6.365s] gmake[2]: *** [CMakeFiles/navigation.dir/build.make:76: CMakeFiles/navigation.dir/src/navigation.cpp.o] Error 1
[6.366s] gmake[1]: *** [CMakeFiles/Makefile2:181: CMakeFiles/navigation.dir/all] Error 2
[6.366s] gmake[1]: *** Waiting for unfinished jobs....
[20.683s] /home/neha/ros2_ws/src/semnav_migration/src/navigation_semantic.cpp:624:17: error: ‘ros’ does not name a type
[20.683s]   624 |                 ros::NodeHandle nh_;
[20.683s]       |                 ^~~
[20.689s] /home/neha/ros2_ws/src/semnav_migration/src/navigation_semantic.cpp:641:17: error: ‘ros’ does not name a type
[20.689s]   641 |                 ros::Publisher pub_behaviorID_;
[20.689s]       |                 ^~~
[20.695s] /home/neha/ros2_ws/src/semnav_migration/src/navigation_semantic.cpp:642:17: error: ‘ros’ does not name a type
[20.695s]   642 |                 ros::Publisher pub_behaviorMode_;
[20.695s]       |                 ^~~
[20.701s] /home/neha/ros2_ws/src/semnav_migration/src/navigation_semantic.cpp:643:17: error: ‘ros’ does not name a type
[20.701s]   643 |                 ros::Publisher pub_twist_;
[20.701s]       |                 ^~~
[20.707s] /home/neha/ros2_ws/src/semnav_migration/src/navigation_semantic.cpp:645:17: error: ‘ros’ does not name a type
[20.707s]   645 |                 ros::Publisher pub_semantic_map_;
[20.707s]       |                 ^~~
[20.721s] /home/neha/ros2_ws/src/semnav_migration/src/navigation_semantic.cpp:691:17: error: ‘tf’ does not name a type; did you mean ‘tm’?
[20.721s]   691 |                 tf::TransformListener listener_;
[20.721s]       |                 ^~
[20.722s]       |                 tm
[20.831s] /home/neha/ros2_ws/src/semnav_migration/src/navigation_semantic.cpp: In constructor ‘SemanticNavigationNode::SemanticNavigationNode()’:
[20.831s] /home/neha/ros2_ws/src/semnav_migration/src/navigation_semantic.cpp:137:25: error: ‘pub_behaviorID_’ was not declared in this scope; did you mean ‘pub_behaviorID_topic_’?
[20.831s]   137 |                         pub_behaviorID_ = nh_.advertise<std_msgs::UInt32>(pub_behaviorID_topic_, 1, true);
[20.831s]       |                         ^~~~~~~~~~~~~~~
[20.832s]       |                         pub_behaviorID_topic_
[20.860s] /home/neha/ros2_ws/src/semnav_migration/src/navigation_semantic.cpp:137:43: error: ‘nh_’ was not declared in this scope
[20.860s]   137 |                         pub_behaviorID_ = nh_.advertise<std_msgs::UInt32>(pub_behaviorID_topic_, 1, true);
[20.860s]       |                                           ^~~
[20.863s] /home/neha/ros2_ws/src/semnav_migration/src/navigation_semantic.cpp:137:67: error: ‘UInt32’ is not a member of ‘std_msgs’
[20.864s]   137 |                         pub_behaviorID_ = nh_.advertise<std_msgs::UInt32>(pub_behaviorID_topic_, 1, true);
[20.864s]       |                                                                   ^~~~~~
[20.954s] /home/neha/ros2_ws/src/semnav_migration/src/navigation_semantic.cpp:138:25: error: ‘pub_behaviorMode_’ was not declared in this scope; did you mean ‘pub_behaviorMode_topic_’?
[20.955s]   138 |                         pub_behaviorMode_ = nh_.advertise<std_msgs::UInt32>(pub_behaviorMode_topic_, 1, true);
[20.955s]       |                         ^~~~~~~~~~~~~~~~~
[20.955s]       |                         pub_behaviorMode_topic_
[20.958s] /home/neha/ros2_ws/src/semnav_migration/src/navigation_semantic.cpp:138:69: error: ‘UInt32’ is not a member of ‘std_msgs’
[20.958s]   138 |                         pub_behaviorMode_ = nh_.advertise<std_msgs::UInt32>(pub_behaviorMode_topic_, 1, true);
[20.958s]       |                                                                     ^~~~~~
[21.004s] /home/neha/ros2_ws/src/semnav_migration/src/navigation_semantic.cpp:139:25: error: ‘pub_twist_’ was not declared in this scope; did you mean ‘publish_twist’?
[21.005s]   139 |                         pub_twist_ = nh_.advertise<geometry_msgs::msg::Twist>(pub_twist_topic_, 1, true);
[21.005s]       |                         ^~~~~~~~~~
[21.005s]       |                         publish_twist
[21.005s] /home/neha/ros2_ws/src/semnav_migration/src/navigation_semantic.cpp:139:77: error: expected primary-expression before ‘>’ token
[21.005s]   139 |                         pub_twist_ = nh_.advertise<geometry_msgs::msg::Twist>(pub_twist_topic_, 1, true);
[21.005s]       |                                                                             ^
[21.005s] /home/neha/ros2_ws/src/semnav_migration/src/navigation_semantic.cpp:142:42: error: ‘message_filters::msg’ has not been declared
[21.006s]   142 |                         message_filters::msg::Subscriber<sensor_msgs::LaserScan> sub_laser(nh_, sub_laser_topic_, 1);
[21.006s]       |                                          ^~~
[21.008s] /home/neha/ros2_ws/src/semnav_migration/src/navigation_semantic.cpp:142:71: error: ‘LaserScan’ is not a member of ‘sensor_msgs’; did you mean ‘sensor_msgs::msg::LaserScan’?
[21.008s]   142 |                         message_filters::msg::Subscriber<sensor_msgs::LaserScan> sub_laser(nh_, sub_laser_topic_, 1);
[21.009s]       |                                                                       ^~~~~~~~~
[21.009s] In file included from /opt/ros/jazzy/include/sensor_msgs/sensor_msgs/msg/laser_scan.hpp:7,
[21.009s]                  from /home/neha/ros2_ws/src/semnav_migration/include/reactive_planner_lib.h:46,
[21.009s]                  from /home/neha/ros2_ws/src/semnav_migration/src/navigation_semantic.cpp:25:
[21.009s] /opt/ros/jazzy/include/sensor_msgs/sensor_msgs/msg/detail/laser_scan__struct.hpp:250:7: note: ‘sensor_msgs::msg::LaserScan’ declared here
[21.009s]   250 | using LaserScan =
[21.009s]       |       ^~~~~~~~~
[21.055s] /home/neha/ros2_ws/src/semnav_migration/src/navigation_semantic.cpp:142:82: error: ‘sub_laser’ was not declared in this scope
[21.056s]   142 |                         message_filters::msg::Subscriber<sensor_msgs::LaserScan> sub_laser(nh_, sub_laser_topic_, 1);
[21.056s]       |                                                                                  ^~~~~~~~~
[21.124s] /home/neha/ros2_ws/src/semnav_migration/src/navigation_semantic.cpp:144:94: error: ‘LaserScan’ is not a member of ‘sensor_msgs’; did you mean ‘sensor_msgs::msg::LaserScan’?
[21.125s]   144 |                         typedef message_filters::sync_policies::ApproximateTime<sensor_msgs::LaserScan,nav_msgs::msg::Odometry> SyncPolicy;
[21.125s]       |                                                                                              ^~~~~~~~~
[21.125s] /opt/ros/jazzy/include/sensor_msgs/sensor_msgs/msg/detail/laser_scan__struct.hpp:250:7: note: ‘sensor_msgs::msg::LaserScan’ declared here
[21.125s]   250 | using LaserScan =
[21.125s]       |       ^~~~~~~~~
[21.125s] /home/neha/ros2_ws/src/semnav_migration/src/navigation_semantic.cpp:144:127: error: template argument 1 is invalid
[21.125s]   144 |                         typedef message_filters::sync_policies::ApproximateTime<sensor_msgs::LaserScan,nav_msgs::msg::Odometry> SyncPolicy;
[21.125s]       |                                                                                                                               ^
[21.127s] In file included from /home/neha/ros2_ws/src/semnav_migration/include/reactive_planner_lib.h:44:
[21.127s] /opt/ros/jazzy/include/message_filters/message_filters/synchronizer.h: In instantiation of ‘class message_filters::Synchronizer<int>’:
[21.127s] /home/neha/ros2_ws/src/semnav_migration/src/navigation_semantic.cpp:147:64:   required from here
[21.127s] /opt/ros/jazzy/include/message_filters/message_filters/synchronizer.h:53:7: error: base type ‘int’ fails to be a struct or class type
[21.128s]    53 | class Synchronizer : public noncopyable, public Policy
[21.128s]       |       ^~~~~~~~~~~~
[21.128s] /opt/ros/jazzy/include/message_filters/message_filters/synchronizer.h:56:37: error: ‘int’ is not a class, struct, or union type
[21.128s]    56 |   typedef typename Policy::Messages Messages;
[21.128s]       |                                     ^~~~~~~~
[21.128s] /opt/ros/jazzy/include/message_filters/message_filters/synchronizer.h:57:35: error: ‘int’ is not a class, struct, or union type
[21.129s]    57 |   typedef typename Policy::Events Events;
[21.129s]       |                                   ^~~~~~
[21.129s] /opt/ros/jazzy/include/message_filters/message_filters/synchronizer.h:58:35: error: ‘int’ is not a class, struct, or union type
[21.129s]    58 |   typedef typename Policy::Signal Signal;
[21.129s]       |                                   ^~~~~~
[21.129s] /opt/ros/jazzy/include/message_filters/message_filters/synchronizer.h:60:58: error: ‘int’ is not a class, struct, or union type
[21.130s]    60 |   typedef typename std::tuple_element<0, Messages>::type M0;
[21.130s]       |                                                          ^~
[21.130s] /opt/ros/jazzy/include/message_filters/message_filters/synchronizer.h:61:58: error: ‘int’ is not a class, struct, or union type
[21.130s]    61 |   typedef typename std::tuple_element<1, Messages>::type M1;
[21.130s]       |                                                          ^~
[21.130s] /opt/ros/jazzy/include/message_filters/message_filters/synchronizer.h:62:58: error: ‘int’ is not a class, struct, or union type
[21.130s]    62 |   typedef typename std::tuple_element<2, Messages>::type M2;
[21.130s]       |                                                          ^~
[21.131s] /opt/ros/jazzy/include/message_filters/message_filters/synchronizer.h:63:58: error: ‘int’ is not a class, struct, or union type
[21.131s]    63 |   typedef typename std::tuple_element<3, Messages>::type M3;
[21.131s]       |                                                          ^~
[21.131s] /opt/ros/jazzy/include/message_filters/message_filters/synchronizer.h:64:58: error: ‘int’ is not a class, struct, or union type
[21.131s]    64 |   typedef typename std::tuple_element<4, Messages>::type M4;
[21.131s]       |                                                          ^~
[21.131s] /opt/ros/jazzy/include/message_filters/message_filters/synchronizer.h:65:58: error: ‘int’ is not a class, struct, or union type
[21.131s]    65 |   typedef typename std::tuple_element<5, Messages>::type M5;
[21.132s]       |                                                          ^~
[21.132s] /opt/ros/jazzy/include/message_filters/message_filters/synchronizer.h:66:58: error: ‘int’ is not a class, struct, or union type
[21.132s]    66 |   typedef typename std::tuple_element<6, Messages>::type M6;
[21.132s]       |                                                          ^~
[21.132s] /opt/ros/jazzy/include/message_filters/message_filters/synchronizer.h:67:58: error: ‘int’ is not a class, struct, or union type
[21.132s]    67 |   typedef typename std::tuple_element<7, Messages>::type M7;
[21.132s]       |                                                          ^~
[21.133s] /opt/ros/jazzy/include/message_filters/message_filters/synchronizer.h:68:58: error: ‘int’ is not a class, struct, or union type
[21.133s]    68 |   typedef typename std::tuple_element<8, Messages>::type M8;
[21.133s]       |                                                          ^~
[21.133s] /opt/ros/jazzy/include/message_filters/message_filters/synchronizer.h:71:56: error: ‘int’ is not a class, struct, or union type
[21.133s]    71 |   typedef typename std::tuple_element<0, Events>::type M0Event;
[21.134s]       |                                                        ^~~~~~~
[21.134s] /opt/ros/jazzy/include/message_filters/message_filters/synchronizer.h:72:56: error: ‘int’ is not a class, struct, or union type
[21.134s]    72 |   typedef typename std::tuple_element<1, Events>::type M1Event;
[21.134s]       |                                                        ^~~~~~~
[21.134s] /opt/ros/jazzy/include/message_filters/message_filters/synchronizer.h:73:56: error: ‘int’ is not a class, struct, or union type
[21.134s]    73 |   typedef typename std::tuple_element<2, Events>::type M2Event;
[21.135s]       |                                                        ^~~~~~~
[21.135s] /opt/ros/jazzy/include/message_filters/message_filters/synchronizer.h:74:56: error: ‘int’ is not a class, struct, or union type
[21.135s]    74 |   typedef typename std::tuple_element<3, Events>::type M3Event;
[21.135s]       |                                                        ^~~~~~~
[21.135s] /opt/ros/jazzy/include/message_filters/message_filters/synchronizer.h:75:56: error: ‘int’ is not a class, struct, or union type
[21.135s]    75 |   typedef typename std::tuple_element<4, Events>::type M4Event;
[21.135s]       |                                                        ^~~~~~~
[21.136s] /opt/ros/jazzy/include/message_filters/message_filters/synchronizer.h:76:56: error: ‘int’ is not a class, struct, or union type
[21.136s]    76 |   typedef typename std::tuple_element<5, Events>::type M5Event;
[21.136s]       |                                                        ^~~~~~~
[21.136s] /opt/ros/jazzy/include/message_filters/message_filters/synchronizer.h:77:56: error: ‘int’ is not a class, struct, or union type
[21.136s]    77 |   typedef typename std::tuple_element<6, Events>::type M6Event;
[21.136s]       |                                                        ^~~~~~~
[21.136s] /opt/ros/jazzy/include/message_filters/message_filters/synchronizer.h:78:56: error: ‘int’ is not a class, struct, or union type
[21.136s]    78 |   typedef typename std::tuple_element<7, Events>::type M7Event;
[21.137s]       |                                                        ^~~~~~~
[21.137s] /opt/ros/jazzy/include/message_filters/message_filters/synchronizer.h:79:56: error: ‘int’ is not a class, struct, or union type
[21.137s]    79 |   typedef typename std::tuple_element<8, Events>::type M8Event;
[21.137s]       |                                                        ^~~~~~~
[21.138s] /opt/ros/jazzy/include/message_filters/message_filters/synchronizer.h:325:17: error: ‘int’ is not a class, namespace, or enumeration
[21.138s]   325 |   using Policy::add;
[21.138s]       |                 ^~~
[21.138s] /opt/ros/jazzy/include/message_filters/message_filters/synchronizer.h:328:8: error: ‘int’ is not a class, struct, or union type
[21.138s]   328 |   void add(const std::shared_ptr<typename std::tuple_element<i, Messages>::type const>& msg)
[21.138s]       |        ^~~
[21.138s] /opt/ros/jazzy/include/message_filters/message_filters/synchronizer.h:344:8: error: ‘int’ is not a class, struct, or union type
[21.138s]   344 |   void cb(const typename std::tuple_element<i, Events>::type& evt)
[21.139s]       |        ^~
[21.139s] /home/neha/ros2_ws/src/semnav_migration/src/navigation_semantic.cpp:148:55: error: ‘bind’ is not a member of ‘boost’; did you mean ‘find’?
[21.139s]   148 |                         sync->registerCallback(boost::bind(&SemanticNavigationNode::control_callback, this, _1, _2));
[21.139s]       |                                                       ^~~~
[21.139s]       |                                                       find
[21.139s] /home/neha/ros2_ws/src/semnav_migration/src/navigation_semantic.cpp:148:109: error: ‘_1’ was not declared in this scope
[21.139s]   148 |                         sync->registerCallback(boost::bind(&SemanticNavigationNode::control_callback, this, _1, _2));
[21.140s]       |                                                                                                             ^~
[21.140s] /home/neha/ros2_ws/src/semnav_migration/src/navigation_semantic.cpp:148:109: note: suggested alternatives:
[21.140s] In file included from /usr/include/boost/mpl/aux_/include_preprocessed.hpp:37,
[21.140s]                  from /usr/include/boost/mpl/placeholders.hpp:43,
[21.140s]                  from /usr/include/boost/iterator/iterator_categories.hpp:16,
[21.140s]                  from /usr/include/boost/iterator/iterator_facade.hpp:13,
[21.140s]                  from /usr/include/boost/range/iterator_range_core.hpp:27,
[21.140s]                  from /usr/include/boost/lexical_cast.hpp:48,
[21.141s]                  from /usr/include/boost/multiprecision/detail/number_base.hpp:29,
[21.141s]                  from /usr/include/boost/multiprecision/traits/is_variable_precision.hpp:9,
[21.141s]                  from /usr/include/boost/multiprecision/detail/precision.hpp:9,
[21.141s]                  from /usr/include/boost/multiprecision/number.hpp:11,
[21.141s]                  from /usr/include/boost/multiprecision/cpp_int.hpp:19,
[21.141s]                  from /usr/include/boost/multiprecision/cpp_bin_float.hpp:15,
[21.141s]                  from /usr/include/boost/geometry/core/coordinate_promotion.hpp:16,
[21.141s]                  from /usr/include/boost/geometry/core/radian_access.hpp:30,
[21.142s]                  from /usr/include/boost/geometry/geometry.hpp:50,
[21.142s]                  from /usr/include/boost/geometry.hpp:17,
[21.142s]                  from /home/neha/ros2_ws/src/semnav_migration/include/reactive_planner_lib.h:26:
[21.142s] /usr/include/boost/mpl/aux_/preprocessed/gcc/placeholders.hpp:29:16: note:   ‘mpl_::_1’
[21.142s]    29 | typedef arg<1> _1;
[21.142s]       |                ^~
[21.142s] In file included from /usr/include/boost/numeric/conversion/converter_policies.hpp:13,
[21.142s]                  from /usr/include/boost/numeric/conversion/converter.hpp:14,
[21.143s]                  from /usr/include/boost/numeric/conversion/cast.hpp:33,
[21.143s]                  from /usr/include/boost/geometry/core/radian_access.hpp:26:
[21.143s] /usr/include/c++/13/functional:294:48: note:   ‘std::placeholders::_1’
[21.143s]   294 |     _GLIBCXX_PLACEHOLDER const _Placeholder<1> _1;
[21.143s]       |                                                ^~
[21.143s] /usr/include/boost/mpl/aux_/preprocessed/gcc/placeholders.hpp:29:16: note:   ‘mpl_::_1’
[21.143s]    29 | typedef arg<1> _1;
[21.143s]       |                ^~
[21.144s] In file included from /usr/include/boost/describe/members.hpp:20,
[21.144s]                  from /usr/include/boost/container_hash/is_described_class.hpp:11,
[21.144s]                  from /usr/include/boost/container_hash/hash.hpp:18,
[21.144s]                  from /usr/include/boost/functional/hash.hpp:6,
[21.144s]                  from /usr/include/CGAL/Kernel/hash_functions.h:16,
[21.144s]                  from /usr/include/CGAL/Kernel/global_functions.h:25,
[21.144s]                  from /usr/include/CGAL/Cartesian/Cartesian_base.h:22,
[21.144s]                  from /usr/include/CGAL/Simple_cartesian.h:20,
[21.145s]                  from /usr/include/CGAL/Exact_predicates_inexact_constructions_kernel.h:20,
[21.145s]                  from /home/neha/ros2_ws/src/semnav_migration/include/polygeom_lib.h:32,
[21.145s]                  from /home/neha/ros2_ws/src/semnav_migration/include/reactive_planner_lib.h:50:
[21.145s] /usr/include/boost/mp11/bind.hpp:45:7: note:   ‘boost::mp11::_1’
[21.145s]    45 | using _1 = mp_arg<0>;
[21.145s]       |       ^~
[21.145s] /usr/include/boost/mpl/aux_/preprocessed/gcc/placeholders.hpp:29:16: note:   ‘mpl_::_1’
[21.145s]    29 | typedef arg<1> _1;
[21.146s]       |                ^~
[21.146s] /home/neha/ros2_ws/src/semnav_migration/src/navigation_semantic.cpp:148:113: error: ‘_2’ was not declared in this scope
[21.146s]   148 |                         sync->registerCallback(boost::bind(&SemanticNavigationNode::control_callback, this, _1, _2));
[21.146s]       |                                                                                                                 ^~
[21.146s] /home/neha/ros2_ws/src/semnav_migration/src/navigation_semantic.cpp:148:113: note: suggested alternatives:
[21.146s] /usr/include/boost/mpl/aux_/preprocessed/gcc/placeholders.hpp:42:16: note:   ‘mpl_::_2’
[21.146s]    42 | typedef arg<2> _2;
[21.146s]       |                ^~
[21.147s] /usr/include/c++/13/functional:295:48: note:   ‘std::placeholders::_2’
[21.147s]   295 |     _GLIBCXX_PLACEHOLDER const _Placeholder<2> _2;
[21.147s]       |                                                ^~
[21.147s] /usr/include/boost/mpl/aux_/preprocessed/gcc/placeholders.hpp:42:16: note:   ‘mpl_::_2’
[21.147s]    42 | typedef arg<2> _2;
[21.147s]       |                ^~
[21.147s] /usr/include/boost/mp11/bind.hpp:46:7: note:   ‘boost::mp11::_2’
[21.147s]    46 | using _2 = mp_arg<1>;
[21.148s]       |       ^~
[21.148s] /usr/include/boost/mpl/aux_/preprocessed/gcc/placeholders.hpp:42:16: note:   ‘mpl_::_2’
[21.148s]    42 | typedef arg<2> _2;
[21.148s]       |                ^~
[21.148s] /home/neha/ros2_ws/src/semnav_migration/src/navigation_semantic.cpp:150:25: error: ‘ros’ has not been declared
[21.148s]   150 |                         ros::Subscriber sub_semantic = nh_.subscribe(sub_semantic_topic_, 1, &SemanticNavigationNode::diffeo_tree_update, this);
[21.148s]       |                         ^~~
[21.148s] /home/neha/ros2_ws/src/semnav_migration/src/navigation_semantic.cpp:154:25: error: ‘ros’ has not been declared
[21.149s]   154 |                         ros::Duration(5.0).sleep();
[21.149s]       |                         ^~~
[21.149s] /home/neha/ros2_ws/src/semnav_migration/src/navigation_semantic.cpp:161:25: error: ‘ros’ has not been declared
[21.149s]   161 |                         ros::spin();
[21.149s]       |                         ^~~
[21.190s] /home/neha/ros2_ws/src/semnav_migration/src/navigation_semantic.cpp: In member function ‘void SemanticNavigationNode::publish_twist(double, double)’:
[21.190s] /home/neha/ros2_ws/src/semnav_migration/src/navigation_semantic.cpp:168:25: error: ‘pub_twist_’ was not declared in this scope; did you mean ‘publish_twist’?
[21.190s]   168 |                         pub_twist_.publish(commandTwist);
[21.190s]       |                         ^~~~~~~~~~
[21.190s]       |                         publish_twist
[21.194s] /home/neha/ros2_ws/src/semnav_migration/src/navigation_semantic.cpp: In member function ‘void SemanticNavigationNode::publish_behavior_id(uint16_t)’:
[21.194s] /home/neha/ros2_ws/src/semnav_migration/src/navigation_semantic.cpp:173:32: error: ‘UInt32’ is not a member of ‘std_msgs::msg’
[21.194s]   173 |                 std_msgs::msg::UInt32 commandId;
[21.194s]       |                                ^~~~~~
[21.236s] /home/neha/ros2_ws/src/semnav_migration/src/navigation_semantic.cpp:174:25: error: ‘commandId’ was not declared in this scope
[21.237s]   174 |                         commandId.data = BehaviorIdCmd;
[21.237s]       |                         ^~~~~~~~~
[21.316s] /home/neha/ros2_ws/src/semnav_migration/src/navigation_semantic.cpp:175:25: error: ‘pub_behaviorID_’ was not declared in this scope; did you mean ‘pub_behaviorID_topic_’?
[21.316s]   175 |                         pub_behaviorID_.publish(commandId);
[21.316s]       |                         ^~~~~~~~~~~~~~~
[21.316s]       |                         pub_behaviorID_topic_
[21.320s] /home/neha/ros2_ws/src/semnav_migration/src/navigation_semantic.cpp: In member function ‘void SemanticNavigationNode::publish_behavior_mode(uint16_t)’:
[21.320s] /home/neha/ros2_ws/src/semnav_migration/src/navigation_semantic.cpp:180:28: error: ‘UInt32’ is not a member of ‘std_msgs::msg’
[21.320s]   180 |             std_msgs::msg::UInt32 commandMode;
[21.320s]       |                            ^~~~~~
[21.378s] /home/neha/ros2_ws/src/semnav_migration/src/navigation_semantic.cpp:181:25: error: ‘commandMode’ was not declared in this scope
[21.378s]   181 |                         commandMode.data = BehaviorModeCmd;
[21.378s]       |                         ^~~~~~~~~~~
[21.469s] /home/neha/ros2_ws/src/semnav_migration/src/navigation_semantic.cpp:182:25: error: ‘pub_behaviorMode_’ was not declared in this scope; did you mean ‘pub_behaviorMode_topic_’?
[21.469s]   182 |                         pub_behaviorMode_.publish(commandMode);
[21.469s]       |                         ^~~~~~~~~~~~~~~~~
[21.469s]       |                         pub_behaviorMode_topic_
[21.518s] /home/neha/ros2_ws/src/semnav_migration/src/navigation_semantic.cpp: In member function ‘void SemanticNavigationNode::diffeo_tree_update(const object_pose_interface_msgs::msg::SemanticMapObjectArray_<std::allocator<void> >::ConstPtr&)’:
[21.518s] /home/neha/ros2_ws/src/semnav_migration/src/navigation_semantic.cpp:252:29: error: ‘ros’ has not been declared
[21.518s]   252 |                         if (ros::Time::now().toSec() - DiffeoTreeUpdateTime_ < (1.0/DiffeoTreeUpdateRate_)) {
[21.518s]       |                             ^~~
[21.518s] /home/neha/ros2_ws/src/semnav_migration/src/navigation_semantic.cpp:256:53: error: ‘ros’ has not been declared
[21.519s]   256 |                                 double start_time = ros::Time::now().toSec();
[21.519s]       |                                                     ^~~
[21.522s] /home/neha/ros2_ws/src/semnav_migration/src/navigation_semantic.cpp:267:49: error: ‘tf’ has not been declared
[21.522s]   267 |                                                 tf::Quaternion rotation = tf::Quaternion(semantic_map_data->objects[i].pose.pose.orientation.x,
[21.523s]       |                                                 ^~
[21.523s] /home/neha/ros2_ws/src/semnav_migration/src/navigation_semantic.cpp:272:49: error: ‘tf’ has not been declared
[21.523s]   272 |                                                 tf::Matrix3x3 m(rotation);
[21.523s]       |                                                 ^~
[21.523s] /home/neha/ros2_ws/src/semnav_migration/src/navigation_semantic.cpp:275:49: error: ‘tf’ has not been declared
[21.523s]   275 |                                                 tf::Vector3 target_nominal_1(-0.5*target_object_width_ - ObstacleDilation_ - 0.08, 0.0, 0.0);
[21.523s]       |                                                 ^~
[21.524s] /home/neha/ros2_ws/src/semnav_migration/src/navigation_semantic.cpp:276:49: error: ‘tf’ has not been declared
[21.524s]   276 |                                                 tf::Vector3 target_nominal_2(0.5*target_object_width_ + ObstacleDilation_ + 0.25, 0.0, 0.0);
[21.524s]       |                                                 ^~
[21.524s] /home/neha/ros2_ws/src/semnav_migration/src/navigation_semantic.cpp:277:49: error: ‘tf’ has not been declared
[21.524s]   277 |                                                 tf::Vector3 target_nominal_1_rotated = tf::quatRotate(rotation, target_nominal_1);
[21.524s]       |                                                 ^~
[21.524s] /home/neha/ros2_ws/src/semnav_migration/src/navigation_semantic.cpp:278:49: error: ‘tf’ has not been declared
[21.524s]   278 |                                                 tf::Vector3 target_nominal_2_rotated = tf::quatRotate(rotation, target_nominal_2);
[21.525s]       |                                                 ^~
[21.550s] /home/neha/ros2_ws/src/semnav_migration/src/navigation_semantic.cpp:280:49: error: ‘m’ was not declared in this scope; did you mean ‘tm’?
[21.550s]   280 |                                                 m.getRPY(roll, pitch, yaw);
[21.551s]       |                                                 ^
[21.551s]       |                                                 tm
[21.704s] /home/neha/ros2_ws/src/semnav_migration/src/navigation_semantic.cpp:281:123: error: ‘target_nominal_1_rotated’ was not declared in this scope
[21.704s]   281 |                                                 GoalVector[0].set<0>(semantic_map_data->objects[i].pose.pose.position.x + target_nominal_1_rotated.getX());
[21.704s]       |                                                                                                                           ^~~~~~~~~~~~~~~~~~~~~~~~
[21.857s] /home/neha/ros2_ws/src/semnav_migration/src/navigation_semantic.cpp:283:123: error: ‘target_nominal_2_rotated’ was not declared in this scope
[21.858s]   283 |                                                 GoalVector[1].set<0>(semantic_map_data->objects[i].pose.pose.position.x + target_nominal_2_rotated.getX());
[21.858s]       |                                                                                                                           ^~~~~~~~~~~~~~~~~~~~~~~~
[21.963s] /home/neha/ros2_ws/src/semnav_migration/src/navigation_semantic.cpp:317:49: error: ‘ROS_ERROR_STREAM’ was not declared in this scope; did you mean ‘RCLCPP_ERROR_STREAM’?
[21.963s]   317 |                                                 ROS_ERROR_STREAM("Goal blocked by object");
[21.964s]       |                                                 ^~~~~~~~~~~~~~~~
[21.964s]       |                                                 RCLCPP_ERROR_STREAM
[21.969s] /home/neha/ros2_ws/src/semnav_migration/src/navigation_semantic.cpp:365:85: error: ‘ros’ has not been declared
[21.969s]   365 |                                 ROS_WARN_STREAM("[Navigation] Updated trees in " << ros::Time::now().toSec()-start_time << " seconds.");
[21.969s]       |                                                                                     ^~~
[22.054s] /home/neha/ros2_ws/src/semnav_migration/src/navigation_semantic.cpp:365:33: error: ‘ROS_WARN_STREAM’ was not declared in this scope; did you mean ‘RCLCPP_WARN_STREAM’?
[22.055s]   365 |                                 ROS_WARN_STREAM("[Navigation] Updated trees in " << ros::Time::now().toSec()-start_time << " seconds.");
[22.055s]       |                                 ^~~~~~~~~~~~~~~
[22.055s]       |                                 RCLCPP_WARN_STREAM
[22.055s] /home/neha/ros2_ws/src/semnav_migration/src/navigation_semantic.cpp:368:57: error: ‘ros’ has not been declared
[22.055s]   368 |                                 DiffeoTreeUpdateTime_ = ros::Time::now().toSec();
[22.055s]       |                                                         ^~~
[22.056s] /home/neha/ros2_ws/src/semnav_migration/src/navigation_semantic.cpp: In member function ‘void SemanticNavigationNode::control_callback(const sensor_msgs::msg::LaserScan_<std::allocator<void> >::ConstPtr&, const nav_msgs::msg::Odometry_<std::allocator<void> >::ConstPtr&)’:
[22.056s] /home/neha/ros2_ws/src/semnav_migration/src/navigation_semantic.cpp:396:46: error: ‘ros’ has not been declared
[22.056s]   396 |                         double before_time = ros::Time::now().toSec();
[22.056s]       |                                              ^~~
[22.060s] /home/neha/ros2_ws/src/semnav_migration/src/navigation_semantic.cpp:399:40: error: ‘PoseStamped’ is not a member of ‘geometry_msgs’; did you mean ‘geometry_msgs::msg::PoseStamped’?
[22.060s]   399 |                         geometry_msgs::PoseStamped odomPose, mapPose;
[22.060s]       |                                        ^~~~~~~~~~~
[22.060s] In file included from /home/neha/ros2_ws/src/install/object_pose_interface_msgs/include/object_pose_interface_msgs/object_pose_interface_msgs/msg/detail/semantic_map_object__struct.hpp:28,
[22.060s]                  from /home/neha/ros2_ws/src/install/object_pose_interface_msgs/include/object_pose_interface_msgs/object_pose_interface_msgs/msg/detail/semantic_map_object_array__struct.hpp:25,
[22.060s]                  from /home/neha/ros2_ws/src/install/object_pose_interface_msgs/include/object_pose_interface_msgs/object_pose_interface_msgs/msg/semantic_map_object_array.hpp:7,
[22.060s]                  from /home/neha/ros2_ws/src/semnav_migration/src/navigation_semantic.cpp:26:
[22.061s] /opt/ros/jazzy/include/geometry_msgs/geometry_msgs/msg/detail/pose_stamped__struct.hpp:138:7: note: ‘geometry_msgs::msg::PoseStamped’ declared here
[22.061s]   138 | using PoseStamped =
[22.061s]       |       ^~~~~~~~~~~
[22.099s] /home/neha/ros2_ws/src/semnav_migration/src/navigation_semantic.cpp:400:25: error: ‘odomPose’ was not declared in this scope
[22.100s]   400 |                         odomPose.header.stamp = ros::Time(0);
[22.100s]       |                         ^~~~~~~~
[22.100s] /home/neha/ros2_ws/src/semnav_migration/src/navigation_semantic.cpp:400:49: error: ‘ros’ has not been declared
[22.100s]   400 |                         odomPose.header.stamp = ros::Time(0);
[22.100s]       |                                                 ^~~
[22.146s] /home/neha/ros2_ws/src/semnav_migration/src/navigation_semantic.cpp:404:33: error: ‘listener_’ was not declared in this scope
[22.146s]   404 |                                 listener_.waitForTransform(world_frame_id_, odom_frame_id_, ros::Time(0), ros::Duration(1.0));
[22.146s]       |                                 ^~~~~~~~~
[22.146s] /home/neha/ros2_ws/src/semnav_migration/src/navigation_semantic.cpp:404:93: error: ‘ros’ has not been declared
[22.146s]   404 |                                 listener_.waitForTransform(world_frame_id_, odom_frame_id_, ros::Time(0), ros::Duration(1.0));
[22.146s]       |                                                                                             ^~~
[22.146s] /home/neha/ros2_ws/src/semnav_migration/src/navigation_semantic.cpp:404:107: error: ‘ros’ has not been declared
[22.146s]   404 |                                 listener_.waitForTransform(world_frame_id_, odom_frame_id_, ros::Time(0), ros::Duration(1.0));
[22.147s]       |                                                                                                           ^~~
[22.179s] /home/neha/ros2_ws/src/semnav_migration/src/navigation_semantic.cpp:405:84: error: ‘mapPose’ was not declared in this scope
[22.179s]   405 |                                 listener_.transformPose(world_frame_id_, odomPose, mapPose);
[22.179s]       |                                                                                    ^~~~~~~
[22.185s] /home/neha/ros2_ws/src/semnav_migration/src/navigation_semantic.cpp:406:34: error: ‘tf’ does not name a type; did you mean ‘tm’?
[22.185s]   406 |                         } catch (tf::TransformException &ex) {
[22.185s]       |                                  ^~
[22.185s]       |                                  tm
[22.185s] /home/neha/ros2_ws/src/semnav_migration/src/navigation_semantic.cpp:406:57: error: expected unqualified-id before ‘&’ token
[22.185s]   406 |                         } catch (tf::TransformException &ex) {
[22.186s]       |                                                         ^
[22.186s] /home/neha/ros2_ws/src/semnav_migration/src/navigation_semantic.cpp:406:57: error: expected ‘)’ before ‘&’ token
[22.186s] /home/neha/ros2_ws/src/semnav_migration/src/navigation_semantic.cpp:406:33: note: to match this ‘(’
[22.186s]   406 |                         } catch (tf::TransformException &ex) {
[22.186s]       |                                 ^
[22.186s] /home/neha/ros2_ws/src/semnav_migration/src/navigation_semantic.cpp:406:57: error: expected ‘{’ before ‘&’ token
[22.186s]   406 |                         } catch (tf::TransformException &ex) {
[22.186s]       |                                                         ^
[22.213s] /home/neha/ros2_ws/src/semnav_migration/src/navigation_semantic.cpp:406:58: error: ‘ex’ was not declared in this scope; did you mean ‘exp’?
[22.213s]   406 |                         } catch (tf::TransformException &ex) {
[22.213s]       |                                                          ^~
[22.213s]       |                                                          exp
[22.214s] /home/neha/ros2_ws/src/semnav_migration/src/navigation_semantic.cpp:412:25: error: ‘tf’ has not been declared
[22.214s]   412 |                         tf::Quaternion rotation = tf::Quaternion(mapPose.pose.orientation.x,
[22.214s]       |                         ^~
[22.214s] /home/neha/ros2_ws/src/semnav_migration/src/navigation_semantic.cpp:416:25: error: ‘tf’ has not been declared
[22.214s]   416 |                         tf::Matrix3x3 m(rotation);
[22.214s]       |                         ^~
[22.242s] /home/neha/ros2_ws/src/semnav_migration/src/navigation_semantic.cpp:418:25: error: ‘m’ was not declared in this scope; did you mean ‘tm’?
[22.242s]   418 |                         m.getRPY(roll, pitch, yaw);
[22.242s]       |                         ^
[22.242s]       |                         tm
[22.274s] /home/neha/ros2_ws/src/semnav_migration/src/navigation_semantic.cpp:419:51: error: ‘mapPose’ was not declared in this scope
[22.275s]   419 |                         double x_robot_position = mapPose.pose.position.x;
[22.275s]       |                                                   ^~~~~~~
[22.282s] /home/neha/ros2_ws/src/semnav_migration/src/navigation_semantic.cpp:432:42: error: could not convert ‘lidar_data’ from ‘shared_ptr<LaserScan_<[...]>>’ to ‘shared_ptr<LaserScan_<[...]>>’
[22.282s]   432 |                         constructLIDAR2D(lidar_data, CutoffRange_, AllowableRange_, RobotPitch_, &LIDAR);
[22.282s]       |                                          ^~~~~~~~~~
[22.282s]       |                                          |
[22.282s]       |                                          shared_ptr<LaserScan_<[...]>>
[22.298s] /home/neha/ros2_ws/src/semnav_migration/src/navigation_semantic.cpp:562:96: error: invalid operands of types ‘const char [53]’ and ‘double’ to binary ‘operator<<’
[22.298s]   562 |                         ROS_WARN_STREAM("[Navigation] Diffeomorphism jacobian determinant is " << MatrixDeterminant(RobotPositionTransformedD) << ", robot position is " << bg::dsv(RobotPosition_) << " and robot positon in model space is " << bg::dsv(RobotPositionTransformedPoint));
[22.299s]       |                                         ~~~~~~~~~~~~~~~~~~~~~~~~~~~~~~~~~~~~~~~~~~~~~~~~~~~~~~ ^~ ~~~~~~~~~~~~~~~~~~~~~~~~~~~~~~~~~~~~~~~~~~~~
[22.299s]       |                                         |                                                                          |
[22.299s]       |                                         const char [53]                                                            double
[22.385s] /home/neha/ros2_ws/src/semnav_migration/src/navigation_semantic.cpp:562:25: error: ‘ROS_WARN_STREAM’ was not declared in this scope; did you mean ‘RCLCPP_WARN_STREAM’?
[22.385s]   562 |                         ROS_WARN_STREAM("[Navigation] Diffeomorphism jacobian determinant is " << MatrixDeterminant(RobotPositionTransformedD) << ", robot position is " << bg::dsv(RobotPosition_) << " and robot positon in model space is " << bg::dsv(RobotPositionTransformedPoint));
[22.385s]       |                         ^~~~~~~~~~~~~~~
[22.385s]       |                         RCLCPP_WARN_STREAM
[22.386s] /home/neha/ros2_ws/src/semnav_migration/src/navigation_semantic.cpp:591:41: error: ‘ros’ has not been declared
[22.386s]   591 |                                         ros::Duration(5.0).sleep();
[22.387s]       |                                         ^~~
[22.394s] /home/neha/ros2_ws/src/semnav_migration/src/navigation_semantic.cpp:616:75: error: invalid operands of types ‘const char [32]’ and ‘double’ to binary ‘operator<<’
[22.394s]   616 |                         ROS_WARN_STREAM("[Navigation] Linear command is " << LinearCmd << " and angular command is " << AngularCmd);
[22.394s]       |                                         ~~~~~~~~~~~~~~~~~~~~~~~~~~~~~~~~~ ^~ ~~~~~~~~~
[22.394s]       |                                         |                                    |
[22.394s]       |                                         const char [32]                      double
[22.394s] /home/neha/ros2_ws/src/semnav_migration/src/navigation_semantic.cpp:617:76: error: invalid operands of types ‘const char [33]’ and ‘int’ to binary ‘operator<<’
[22.394s]   617 |                         ROS_WARN_STREAM("[Navigation] Command update for " << int(localDiffeoTreeArray.size()) << " polygons in " << ros::Time::now().toSec()-before_time << " seconds.");
[22.395s]       |                                         ~~~~~~~~~~~~~~~~~~~~~~~~~~~~~~~~~~ ^~ ~~~~~~~~~~~~~~~~~~~~~~~~~~~~~~~~
[22.395s]       |                                         |                                     |
[22.395s]       |                                         const char [33]                       int
[22.395s] /home/neha/ros2_ws/src/semnav_migration/src/navigation_semantic.cpp:617:134: error: ‘ros’ has not been declared
[22.395s]   617 |                         ROS_WARN_STREAM("[Navigation] Command update for " << int(localDiffeoTreeArray.size()) << " polygons in " << ros::Time::now().toSec()-before_time << " seconds.");
[22.395s]       |                                                                                                                                      ^~~
[22.397s] /home/neha/ros2_ws/src/semnav_migration/src/navigation_semantic.cpp: In function ‘int main(int, char**)’:
[22.397s] /home/neha/ros2_ws/src/semnav_migration/src/navigation_semantic.cpp:698:9: error: ‘ros’ has not been declared
[22.397s]   698 |         ros::init(argc, argv, "navigation_semantic");
[22.397s]       |         ^~~
[22.397s] /home/neha/ros2_ws/src/semnav_migration/src/navigation_semantic.cpp:701:9: error: ‘ros’ has not been declared
[22.397s]   701 |         ros::NodeHandle nh("~");
[22.397s]       |         ^~~
[22.414s] /home/neha/ros2_ws/src/semnav_migration/src/navigation_semantic.cpp:704:56: error: ‘nh’ was not declared in this scope
[22.414s]   704 |         SemanticNavigationNode semanticNavigationNode(&nh);
[22.415s]       |                                                        ^~
[31.682s] gmake[2]: *** [CMakeFiles/navigation_semantic.dir/build.make:76: CMakeFiles/navigation_semantic.dir/src/navigation_semantic.cpp.o] Error 1
[31.682s] gmake[1]: *** [CMakeFiles/Makefile2:207: CMakeFiles/navigation_semantic.dir/all] Error 2
[31.683s] gmake: *** [Makefile:146: all] Error 2
[31.686s] Invoked command in '/home/neha/ros2_ws/src/semnav_migration/build/semnav' returned '2': CMAKE_PREFIX_PATH=${CMAKE_PREFIX_PATH}:/opt/ros/jazzy DEBUGINFOD_URLS=https://debuginfod.ubuntu.com /usr/bin/cmake --build /home/neha/ros2_ws/src/semnav_migration/build/semnav -- -j2 -l2
