[ 14%] Built target reactive_planner
[ 33%] Built target navigation
[ 33%] Built target navigation_semantic
[ 38%] Building CXX object CMakeFiles/human_following.dir/src/human_following.cpp.o
[ 42%] Building CXX object CMakeFiles/navigation_humans.dir/src/navigation_humans.cpp.o
/home/neha/ros2_ws/src/semnav_migration/src/navigation_humans.cpp:736:22: error: ‘TransformListener’ in namespace ‘tf2’ does not name a type
  736 |                 tf2::TransformListener listener_;
      |                      ^~~~~~~~~~~~~~~~~
/home/neha/ros2_ws/src/semnav_migration/src/navigation_humans.cpp: In constructor ‘NavigationHumansNode::NavigationHumansNode()’:
/home/neha/ros2_ws/src/semnav_migration/src/navigation_humans.cpp:45:63: error: no matching function for call to ‘rclcpp::Node::Node()’
   45 |         NavigationHumansNode() : Node("navigation humans node") {
      |                                                               ^
In file included from /opt/ros/jazzy/include/rclcpp/rclcpp/executors/single_threaded_executor.hpp:28,
                 from /opt/ros/jazzy/include/rclcpp/rclcpp/executors.hpp:22,
                 from /opt/ros/jazzy/include/rclcpp/rclcpp/rclcpp.hpp:172,
                 from /home/neha/ros2_ws/src/semnav_migration/include/reactive_planner_lib.h:32,
                 from /home/neha/ros2_ws/src/semnav_migration/src/navigation_humans.cpp:25:
/opt/ros/jazzy/include/rclcpp/rclcpp/node.hpp:1629:3: note: candidate: ‘rclcpp::Node::Node(const rclcpp::Node&, const std::string&)’
 1629 |   Node(
      |   ^~~~
/opt/ros/jazzy/include/rclcpp/rclcpp/node.hpp:1629:3: note:   candidate expects 2 arguments, 0 provided
/opt/ros/jazzy/include/rclcpp/rclcpp/node.hpp:103:12: note: candidate: ‘rclcpp::Node::Node(const std::string&, const std::string&, const rclcpp::NodeOptions&)’
  103 |   explicit Node(
      |            ^~~~
/opt/ros/jazzy/include/rclcpp/rclcpp/node.hpp:103:12: note:   candidate expects 3 arguments, 0 provided
/opt/ros/jazzy/include/rclcpp/rclcpp/node.hpp:91:12: note: candidate: ‘rclcpp::Node::Node(const std::string&, const rclcpp::NodeOptions&)’
   91 |   explicit Node(
      |            ^~~~
/opt/ros/jazzy/include/rclcpp/rclcpp/node.hpp:91:12: note:   candidate expects 2 arguments, 0 provided
/home/neha/ros2_ws/src/semnav_migration/src/navigation_humans.cpp:45:63: error: no matching function for call to ‘rclcpp::Publisher<example_interfaces::msg::UInt32_<std::allocator<void> > >::Publisher()’
   45 |         NavigationHumansNode() : Node("navigation humans node") {
      |                                                               ^
In file included from /opt/ros/jazzy/include/rclcpp/rclcpp/topic_statistics/subscription_topic_statistics.hpp:31,
                 from /opt/ros/jazzy/include/rclcpp/rclcpp/subscription.hpp:50,
                 from /opt/ros/jazzy/include/rclcpp/rclcpp/any_executable.hpp:25,
                 from /opt/ros/jazzy/include/rclcpp/rclcpp/memory_strategy.hpp:25,
                 from /opt/ros/jazzy/include/rclcpp/rclcpp/memory_strategies.hpp:18,
                 from /opt/ros/jazzy/include/rclcpp/rclcpp/executor_options.hpp:22,
                 from /opt/ros/jazzy/include/rclcpp/rclcpp/executor.hpp:38,
                 from /opt/ros/jazzy/include/rclcpp/rclcpp/executors/multi_threaded_executor.hpp:25,
                 from /opt/ros/jazzy/include/rclcpp/rclcpp/executors.hpp:21:
/opt/ros/jazzy/include/rclcpp/rclcpp/publisher.hpp:134:3: note: candidate: ‘rclcpp::Publisher<MessageT, AllocatorT>::Publisher(rclcpp::node_interfaces::NodeBaseInterface*, const std::string&, const rclcpp::QoS&, const rclcpp::PublisherOptionsWithAllocator<AllocatorT>&) [with MessageT = example_interfaces::msg::UInt32_<std::allocator<void> >; AllocatorT = std::allocator<void>; std::string = std::__cxx11::basic_string<char>]’
  134 |   Publisher(
      |   ^~~~~~~~~
/opt/ros/jazzy/include/rclcpp/rclcpp/publisher.hpp:134:3: note:   candidate expects 4 arguments, 0 provided
/opt/ros/jazzy/include/rclcpp/rclcpp/publisher.hpp:80:7: note: candidate: ‘rclcpp::Publisher<example_interfaces::msg::UInt32_<std::allocator<void> > >::Publisher(const rclcpp::Publisher<example_interfaces::msg::UInt32_<std::allocator<void> > >&)’
   80 | class Publisher : public PublisherBase
      |       ^~~~~~~~~
/opt/ros/jazzy/include/rclcpp/rclcpp/publisher.hpp:80:7: note:   candidate expects 1 argument, 0 provided
/home/neha/ros2_ws/src/semnav_migration/src/navigation_humans.cpp:45:63: error: no matching function for call to ‘rclcpp::Publisher<example_interfaces::msg::UInt32_<std::allocator<void> > >::Publisher()’
   45 |         NavigationHumansNode() : Node("navigation humans node") {
      |                                                               ^
/opt/ros/jazzy/include/rclcpp/rclcpp/publisher.hpp:134:3: note: candidate: ‘rclcpp::Publisher<MessageT, AllocatorT>::Publisher(rclcpp::node_interfaces::NodeBaseInterface*, const std::string&, const rclcpp::QoS&, const rclcpp::PublisherOptionsWithAllocator<AllocatorT>&) [with MessageT = example_interfaces::msg::UInt32_<std::allocator<void> >; AllocatorT = std::allocator<void>; std::string = std::__cxx11::basic_string<char>]’
  134 |   Publisher(
      |   ^~~~~~~~~
/opt/ros/jazzy/include/rclcpp/rclcpp/publisher.hpp:134:3: note:   candidate expects 4 arguments, 0 provided
/opt/ros/jazzy/include/rclcpp/rclcpp/publisher.hpp:80:7: note: candidate: ‘rclcpp::Publisher<example_interfaces::msg::UInt32_<std::allocator<void> > >::Publisher(const rclcpp::Publisher<example_interfaces::msg::UInt32_<std::allocator<void> > >&)’
   80 | class Publisher : public PublisherBase
      |       ^~~~~~~~~
/opt/ros/jazzy/include/rclcpp/rclcpp/publisher.hpp:80:7: note:   candidate expects 1 argument, 0 provided
/home/neha/ros2_ws/src/semnav_migration/src/navigation_humans.cpp:45:63: error: no matching function for call to ‘rclcpp::Publisher<geometry_msgs::msg::Twist_<std::allocator<void> > >::Publisher()’
   45 |         NavigationHumansNode() : Node("navigation humans node") {
      |                                                               ^
/opt/ros/jazzy/include/rclcpp/rclcpp/publisher.hpp:134:3: note: candidate: ‘rclcpp::Publisher<MessageT, AllocatorT>::Publisher(rclcpp::node_interfaces::NodeBaseInterface*, const std::string&, const rclcpp::QoS&, const rclcpp::PublisherOptionsWithAllocator<AllocatorT>&) [with MessageT = geometry_msgs::msg::Twist_<std::allocator<void> >; AllocatorT = std::allocator<void>; std::string = std::__cxx11::basic_string<char>]’
  134 |   Publisher(
      |   ^~~~~~~~~
/opt/ros/jazzy/include/rclcpp/rclcpp/publisher.hpp:134:3: note:   candidate expects 4 arguments, 0 provided
/opt/ros/jazzy/include/rclcpp/rclcpp/publisher.hpp:80:7: note: candidate: ‘rclcpp::Publisher<geometry_msgs::msg::Twist_<std::allocator<void> > >::Publisher(const rclcpp::Publisher<geometry_msgs::msg::Twist_<std::allocator<void> > >&)’
   80 | class Publisher : public PublisherBase
      |       ^~~~~~~~~
/opt/ros/jazzy/include/rclcpp/rclcpp/publisher.hpp:80:7: note:   candidate expects 1 argument, 0 provided
/home/neha/ros2_ws/src/semnav_migration/src/navigation_humans.cpp:45:63: error: no matching function for call to ‘rclcpp::Publisher<example_interfaces::msg::UInt32_<std::allocator<void> > >::Publisher()’
   45 |         NavigationHumansNode() : Node("navigation humans node") {
      |                                                               ^
/opt/ros/jazzy/include/rclcpp/rclcpp/publisher.hpp:134:3: note: candidate: ‘rclcpp::Publisher<MessageT, AllocatorT>::Publisher(rclcpp::node_interfaces::NodeBaseInterface*, const std::string&, const rclcpp::QoS&, const rclcpp::PublisherOptionsWithAllocator<AllocatorT>&) [with MessageT = example_interfaces::msg::UInt32_<std::allocator<void> >; AllocatorT = std::allocator<void>; std::string = std::__cxx11::basic_string<char>]’
  134 |   Publisher(
      |   ^~~~~~~~~
/opt/ros/jazzy/include/rclcpp/rclcpp/publisher.hpp:134:3: note:   candidate expects 4 arguments, 0 provided
/opt/ros/jazzy/include/rclcpp/rclcpp/publisher.hpp:80:7: note: candidate: ‘rclcpp::Publisher<example_interfaces::msg::UInt32_<std::allocator<void> > >::Publisher(const rclcpp::Publisher<example_interfaces::msg::UInt32_<std::allocator<void> > >&)’
   80 | class Publisher : public PublisherBase
      |       ^~~~~~~~~
/opt/ros/jazzy/include/rclcpp/rclcpp/publisher.hpp:80:7: note:   candidate expects 1 argument, 0 provided
/home/neha/ros2_ws/src/semnav_migration/src/human_following.cpp:44:36: error: ‘ros’ has not been declared
   44 |                 HumanFollowingNode(ros::NodeHandle* nodehandle) : nh_(*nodehandle) {
      |                                    ^~~
/home/neha/ros2_ws/src/semnav_migration/src/human_following.cpp:44:51: error: expected ‘)’ before ‘*’ token
   44 |                 HumanFollowingNode(ros::NodeHandle* nodehandle) : nh_(*nodehandle) {
      |                                   ~               ^
      |                                                   )
/home/neha/ros2_ws/src/semnav_migration/src/human_following.cpp:242:69: error: ‘KeypointDetections3D’ in namespace ‘object_pose_interface_msgs’ does not name a type
  242 |                 void human_update(const object_pose_interface_msgs::KeypointDetections3D::ConstPtr& human_data) {
      |                                                                     ^~~~~~~~~~~~~~~~~~~~
/home/neha/ros2_ws/src/semnav_migration/src/human_following.cpp:242:99: error: expected unqualified-id before ‘&’ token
  242 |                 void human_update(const object_pose_interface_msgs::KeypointDetections3D::ConstPtr& human_data) {
      |                                                                                                   ^
/home/neha/ros2_ws/src/semnav_migration/src/human_following.cpp:242:99: error: expected ‘)’ before ‘&’ token
  242 |                 void human_update(const object_pose_interface_msgs::KeypointDetections3D::ConstPtr& human_data) {
      |                                  ~                                                                ^
      |                                                                                                   )
/home/neha/ros2_ws/src/semnav_migration/src/human_following.cpp:242:99: error: expected ‘;’ at end of member declaration
  242 |                 void human_update(const object_pose_interface_msgs::KeypointDetections3D::ConstPtr& human_data) {
      |                                                                                                   ^
      |                                                                                                    ;
/home/neha/ros2_ws/src/semnav_migration/src/navigation_humans.cpp:124:25: error: ‘LowpassCutOff_’ was not declared in this scope; did you mean ‘LowpassCutoff_’?
  124 |                         LowpassCutOff_ = this->get_parameter("LowpassCutOff").as_double();
      |                         ^~~~~~~~~~~~~~
      |                         LowpassCutoff_
/home/neha/ros2_ws/src/semnav_migration/src/human_following.cpp:242:101: error: ‘human_data’ does not name a type
  242 |                 void human_update(const object_pose_interface_msgs::KeypointDetections3D::ConstPtr& human_data) {
      |                                                                                                     ^~~~~~~~~~
/home/neha/ros2_ws/src/semnav_migration/src/human_following.cpp:288:75: error: ‘SemanticMapObjectArray’ in namespace ‘object_pose_interface_msgs’ does not name a type
  288 |                 void diffeo_tree_update(const object_pose_interface_msgs::SemanticMapObjectArray::ConstPtr& semantic_map_data) {
      |                                                                           ^~~~~~~~~~~~~~~~~~~~~~
/home/neha/ros2_ws/src/semnav_migration/src/human_following.cpp:288:107: error: expected unqualified-id before ‘&’ token
  288 |                 void diffeo_tree_update(const object_pose_interface_msgs::SemanticMapObjectArray::ConstPtr& semantic_map_data) {
      |                                                                                                           ^
/home/neha/ros2_ws/src/semnav_migration/src/human_following.cpp:288:107: error: expected ‘)’ before ‘&’ token
  288 |                 void diffeo_tree_update(const object_pose_interface_msgs::SemanticMapObjectArray::ConstPtr& semantic_map_data) {
      |                                        ~                                                                  ^
      |                                                                                                           )
/home/neha/ros2_ws/src/semnav_migration/src/human_following.cpp:288:107: error: expected ‘;’ at end of member declaration
  288 |                 void diffeo_tree_update(const object_pose_interface_msgs::SemanticMapObjectArray::ConstPtr& semantic_map_data) {
      |                                                                                                           ^
      |                                                                                                            ;
/home/neha/ros2_ws/src/semnav_migration/src/navigation_humans.cpp:133:113: error: no match for ‘operator=’ (operand types are ‘rclcpp::Publisher<example_interfaces::msg::UInt32_<std::allocator<void> > >’ and ‘std::shared_ptr<rclcpp::Publisher<example_interfaces::msg::UInt32_<std::allocator<void> > > >’)
  133 |             pub_behaviorID_ = this->create_publisher<example_interfaces::msg::UInt32>("pub_behaviorID_topic_", 1);
      |                                                                                                                 ^
/opt/ros/jazzy/include/rclcpp/rclcpp/publisher.hpp:80:7: note: candidate: ‘rclcpp::Publisher<example_interfaces::msg::UInt32_<std::allocator<void> > >& rclcpp::Publisher<example_interfaces::msg::UInt32_<std::allocator<void> > >::operator=(const rclcpp::Publisher<example_interfaces::msg::UInt32_<std::allocator<void> > >&)’ (deleted)
   80 | class Publisher : public PublisherBase
      |       ^~~~~~~~~
/opt/ros/jazzy/include/rclcpp/rclcpp/publisher.hpp:80:7: note:   no known conversion for argument 1 from ‘std::shared_ptr<rclcpp::Publisher<example_interfaces::msg::UInt32_<std::allocator<void> > > >’ to ‘const rclcpp::Publisher<example_interfaces::msg::UInt32_<std::allocator<void> > >&’
/home/neha/ros2_ws/src/semnav_migration/src/navigation_humans.cpp:134:117: error: no match for ‘operator=’ (operand types are ‘rclcpp::Publisher<example_interfaces::msg::UInt32_<std::allocator<void> > >’ and ‘std::shared_ptr<rclcpp::Publisher<example_interfaces::msg::UInt32_<std::allocator<void> > > >’)
  134 |             pub_behaviorMode_ = this->create_publisher<example_interfaces::msg::UInt32>("pub_behaviorMode_topic_", 1);
      |                                                                                                                     ^
/opt/ros/jazzy/include/rclcpp/rclcpp/publisher.hpp:80:7: note: candidate: ‘rclcpp::Publisher<example_interfaces::msg::UInt32_<std::allocator<void> > >& rclcpp::Publisher<example_interfaces::msg::UInt32_<std::allocator<void> > >::operator=(const rclcpp::Publisher<example_interfaces::msg::UInt32_<std::allocator<void> > >&)’ (deleted)
   80 | class Publisher : public PublisherBase
      |       ^~~~~~~~~
/opt/ros/jazzy/include/rclcpp/rclcpp/publisher.hpp:80:7: note:   no known conversion for argument 1 from ‘std::shared_ptr<rclcpp::Publisher<example_interfaces::msg::UInt32_<std::allocator<void> > > >’ to ‘const rclcpp::Publisher<example_interfaces::msg::UInt32_<std::allocator<void> > >&’
/home/neha/ros2_ws/src/semnav_migration/src/navigation_humans.cpp:135:102: error: no match for ‘operator=’ (operand types are ‘rclcpp::Publisher<geometry_msgs::msg::Twist_<std::allocator<void> > >’ and ‘std::shared_ptr<rclcpp::Publisher<example_interfaces::msg::UInt32_<std::allocator<void> > > >’)
  135 |             pub_twist_ = this->create_publisher<example_interfaces::msg::UInt32>("pub_twist_topic", 1);
      |                                                                                                      ^
/opt/ros/jazzy/include/rclcpp/rclcpp/publisher.hpp:80:7: note: candidate: ‘rclcpp::Publisher<geometry_msgs::msg::Twist_<std::allocator<void> > >& rclcpp::Publisher<geometry_msgs::msg::Twist_<std::allocator<void> > >::operator=(const rclcpp::Publisher<geometry_msgs::msg::Twist_<std::allocator<void> > >&)’ (deleted)
   80 | class Publisher : public PublisherBase
      |       ^~~~~~~~~
/opt/ros/jazzy/include/rclcpp/rclcpp/publisher.hpp:80:7: note:   no known conversion for argument 1 from ‘std::shared_ptr<rclcpp::Publisher<example_interfaces::msg::UInt32_<std::allocator<void> > > >’ to ‘const rclcpp::Publisher<geometry_msgs::msg::Twist_<std::allocator<void> > >&’
/home/neha/ros2_ws/src/semnav_migration/src/human_following.cpp:288:109: error: ‘semantic_map_data’ does not name a type
  288 |                 void diffeo_tree_update(const object_pose_interface_msgs::SemanticMapObjectArray::ConstPtr& semantic_map_data) {
      |                                                                                                             ^~~~~~~~~~~~~~~~~
/home/neha/ros2_ws/src/semnav_migration/src/human_following.cpp:375:58: error: ‘LaserScan’ in namespace ‘sensor_msgs’ does not name a type
  375 |                 void control_callback(const sensor_msgs::LaserScan::ConstPtr& lidar_data, const nav_msgs::Odometry::ConstPtr& robot_data) {
      |                                                          ^~~~~~~~~
/home/neha/ros2_ws/src/semnav_migration/src/human_following.cpp:375:77: error: expected unqualified-id before ‘&’ token
  375 |                 void control_callback(const sensor_msgs::LaserScan::ConstPtr& lidar_data, const nav_msgs::Odometry::ConstPtr& robot_data) {
      |                                                                             ^
/home/neha/ros2_ws/src/semnav_migration/src/human_following.cpp:375:77: error: expected ‘)’ before ‘&’ token
  375 |                 void control_callback(const sensor_msgs::LaserScan::ConstPtr& lidar_data, const nav_msgs::Odometry::ConstPtr& robot_data) {
      |                                      ~                                      ^
      |                                                                             )
/home/neha/ros2_ws/src/semnav_migration/src/human_following.cpp:375:77: error: expected ‘;’ at end of member declaration
  375 |                 void control_callback(const sensor_msgs::LaserScan::ConstPtr& lidar_data, const nav_msgs::Odometry::ConstPtr& robot_data) {
      |                                                                             ^
      |                                                                              ;
/home/neha/ros2_ws/src/semnav_migration/src/human_following.cpp:375:79: error: ‘lidar_data’ does not name a type
  375 |                 void control_callback(const sensor_msgs::LaserScan::ConstPtr& lidar_data, const nav_msgs::Odometry::ConstPtr& robot_data) {
      |                                                                               ^~~~~~~~~~
/home/neha/ros2_ws/src/semnav_migration/src/human_following.cpp:643:17: error: ‘ros’ does not name a type
  643 |                 ros::NodeHandle nh_;
      |                 ^~~
/home/neha/ros2_ws/src/semnav_migration/src/human_following.cpp:662:17: error: ‘ros’ does not name a type
  662 |                 ros::Publisher pub_behaviorID_;
      |                 ^~~
/home/neha/ros2_ws/src/semnav_migration/src/human_following.cpp:663:17: error: ‘ros’ does not name a type
  663 |                 ros::Publisher pub_behaviorMode_;
      |                 ^~~
/home/neha/ros2_ws/src/semnav_migration/src/human_following.cpp:664:17: error: ‘ros’ does not name a type
  664 |                 ros::Publisher pub_twist_;
      |                 ^~~
/home/neha/ros2_ws/src/semnav_migration/src/human_following.cpp:666:17: error: ‘ros’ does not name a type
  666 |                 ros::Publisher pub_semantic_map_;
      |                 ^~~
/home/neha/ros2_ws/src/semnav_migration/src/human_following.cpp:695:17: error: ‘ros’ does not name a type
  695 |                 ros::Time Goal_camera_stamp_;
      |                 ^~~
/home/neha/ros2_ws/src/semnav_migration/src/human_following.cpp:715:17: error: ‘tf’ does not name a type; did you mean ‘tm’?
  715 |                 tf::TransformListener listener_;
      |                 ^~
      |                 tm
/home/neha/ros2_ws/src/semnav_migration/src/human_following.cpp: In member function ‘void HumanFollowingNode::publish_twist(double, double)’:
/home/neha/ros2_ws/src/semnav_migration/src/human_following.cpp:166:40: error: ‘Twist’ is not a member of ‘geometry_msgs’; did you mean ‘geometry_msgs::msg::Twist’?
  166 |                         geometry_msgs::Twist commandTwist;
      |                                        ^~~~~
In file included from /opt/ros/jazzy/include/geometry_msgs/geometry_msgs/msg/detail/velocity_stamped__struct.hpp:25,
                 from /opt/ros/jazzy/include/geometry_msgs/geometry_msgs/msg/velocity_stamped.hpp:7,
                 from /opt/ros/jazzy/include/tf2/tf2/buffer_core.h:49,
                 from /opt/ros/jazzy/include/tf2_ros/tf2_ros/async_buffer_interface.h:39,
                 from /opt/ros/jazzy/include/tf2_ros/tf2_ros/buffer.h:42,
                 from /home/neha/ros2_ws/src/semnav_migration/include/reactive_planner_lib.h:40,
                 from /home/neha/ros2_ws/src/semnav_migration/src/human_following.cpp:25:
/opt/ros/jazzy/include/geometry_msgs/geometry_msgs/msg/detail/twist__struct.hpp:137:7: note: ‘geometry_msgs::msg::Twist’ declared here
  137 | using Twist =
      |       ^~~~~
/home/neha/ros2_ws/src/semnav_migration/src/human_following.cpp:167:25: error: ‘commandTwist’ was not declared in this scope
  167 |                         commandTwist.linear.x = LinearCmd;
      |                         ^~~~~~~~~~~~
/home/neha/ros2_ws/src/semnav_migration/src/human_following.cpp:169:25: error: ‘pub_twist_’ was not declared in this scope; did you mean ‘publish_twist’?
  169 |                         pub_twist_.publish(commandTwist);
      |                         ^~~~~~~~~~
      |                         publish_twist
/home/neha/ros2_ws/src/semnav_migration/src/human_following.cpp: In member function ‘void HumanFollowingNode::publish_behavior_id(uint16_t)’:
/home/neha/ros2_ws/src/semnav_migration/src/human_following.cpp:174:35: error: ‘UInt32’ is not a member of ‘std_msgs’; did you mean ‘example_interfaces::msg::UInt32’?
  174 |                         std_msgs::UInt32 commandId;
      |                                   ^~~~~~
In file included from /opt/ros/jazzy/include/example_interfaces/example_interfaces/msg/u_int32.hpp:7,
                 from /home/neha/ros2_ws/src/semnav_migration/include/reactive_planner_lib.h:51:
/opt/ros/jazzy/include/example_interfaces/example_interfaces/msg/detail/u_int32__struct.hpp:125:7: note: ‘example_interfaces::msg::UInt32’ declared here
  125 | using UInt32 =
      |       ^~~~~~
/home/neha/ros2_ws/src/semnav_migration/src/navigation_humans.cpp:150:47: error: ‘SemanticNavigationNode’ has not been declared
  150 |             sync->registerCallback(std::bind(&SemanticNavigationNode::control_callback,
      |                                               ^~~~~~~~~~~~~~~~~~~~~~
/home/neha/ros2_ws/src/semnav_migration/src/navigation_humans.cpp:166:38: error: expected ‘)’ before ‘std’
  166 |                                      std::bind(&NavigationHumansNode::diffeo_tree_update, this, std::placeholders::_1));
      |                                      ^~~
/home/neha/ros2_ws/src/semnav_migration/src/navigation_humans.cpp:164:106: note: to match this ‘(’
  164 |                      = this->create_subscription<object_pose_interface_msgs::msg::SemanticMapObjectArray>(
      |                                                                                                          ^
/home/neha/ros2_ws/src/semnav_migration/src/navigation_humans.cpp:164:106: error: no matching function for call to ‘NavigationHumansNode::create_subscription<object_pose_interface_msgs::msg::SemanticMapObjectArray>(const char [19], int)’
  164 |                      = this->create_subscription<object_pose_interface_msgs::msg::SemanticMapObjectArray>(
      |                        ~~~~~~~~~~~~~~~~~~~~~~~~~~~~~~~~~~~~~~~~~~~~~~~~~~~~~~~~~~~~~~~~~~~~~~~~~~~~~~~~~~^
  165 |                                      "sub_semantic_topic", 1
      |                                      ~~~~~~~~~~~~~~~~~~~~~~~                                              
  166 |                                      std::bind(&NavigationHumansNode::diffeo_tree_update, this, std::placeholders::_1));
      |                                      ~~~                                                                  
/opt/ros/jazzy/include/rclcpp/rclcpp/node.hpp:221:3: note: candidate: ‘template<class MessageT, class CallbackT, class AllocatorT, class SubscriptionT, class MessageMemoryStrategyT> std::shared_ptr<ROSMessageT> rclcpp::Node::create_subscription(const std::string&, const rclcpp::QoS&, CallbackT&&, const rclcpp::SubscriptionOptionsWithAllocator<AllocatorT>&, typename MessageMemoryStrategyT::SharedPtr)’
  221 |   create_subscription(
      |   ^~~~~~~~~~~~~~~~~~~
/opt/ros/jazzy/include/rclcpp/rclcpp/node.hpp:221:3: note:   candidate expects 3 arguments, 2 provided
/home/neha/ros2_ws/src/semnav_migration/src/navigation_humans.cpp:167:102: error: redeclaration of ‘rclcpp::Subscription<object_pose_interface_msgs::msg::SemanticMapObjectArray_<std::allocator<void> > >::SharedPtr sub_semantic’
  167 |             rclcpp::Subscription<object_pose_interface_msgs::msg::SemanticMapObjectArray>::SharedPtr sub_semantic
      |                                                                                                      ^~~~~~~~~~~~
/home/neha/ros2_ws/src/semnav_migration/src/navigation_humans.cpp:163:102: note: ‘rclcpp::Subscription<object_pose_interface_msgs::msg::SemanticMapObjectArray_<std::allocator<void> > >::SharedPtr sub_semantic’ previously declared here
  163 |             rclcpp::Subscription<object_pose_interface_msgs::msg::SemanticMapObjectArray>::SharedPtr sub_semantic
      |                                                                                                      ^~~~~~~~~~~~
/home/neha/ros2_ws/src/semnav_migration/src/navigation_humans.cpp:170:38: error: expected ‘)’ before ‘std’
  170 |                                      std::bind(&NavigationHumansNode::human_update, this, std::placeholders::_1));
      |                                      ^~~
/home/neha/ros2_ws/src/semnav_migration/src/navigation_humans.cpp:168:106: note: to match this ‘(’
  168 |                      = this->create_subscription<object_pose_interface_msgs::msg::SemanticMapObjectArray>(
      |                                                                                                          ^
/home/neha/ros2_ws/src/semnav_migration/src/navigation_humans.cpp:168:106: error: no matching function for call to ‘NavigationHumansNode::create_subscription<object_pose_interface_msgs::msg::SemanticMapObjectArray>(const char [16], int)’
  168 |                      = this->create_subscription<object_pose_interface_msgs::msg::SemanticMapObjectArray>(
      |                        ~~~~~~~~~~~~~~~~~~~~~~~~~~~~~~~~~~~~~~~~~~~~~~~~~~~~~~~~~~~~~~~~~~~~~~~~~~~~~~~~~~^
  169 |                                      "sub_human_topic", 1
      |                                      ~~~~~~~~~~~~~~~~~~~~                                                 
  170 |                                      std::bind(&NavigationHumansNode::human_update, this, std::placeholders::_1));
      |                                      ~~~                                                                  
/opt/ros/jazzy/include/rclcpp/rclcpp/node.hpp:221:3: note: candidate: ‘template<class MessageT, class CallbackT, class AllocatorT, class SubscriptionT, class MessageMemoryStrategyT> std::shared_ptr<ROSMessageT> rclcpp::Node::create_subscription(const std::string&, const rclcpp::QoS&, CallbackT&&, const rclcpp::SubscriptionOptionsWithAllocator<AllocatorT>&, typename MessageMemoryStrategyT::SharedPtr)’
  221 |   create_subscription(
      |   ^~~~~~~~~~~~~~~~~~~
/opt/ros/jazzy/include/rclcpp/rclcpp/node.hpp:221:3: note:   candidate expects 3 arguments, 2 provided
/home/neha/ros2_ws/src/semnav_migration/src/navigation_humans.cpp:174:45: error: no matching function for call to ‘rclcpp::Duration::Duration(double)’
  174 |                         rclcpp::Duration(5.0).sleep();
      |                                             ^
In file included from /opt/ros/jazzy/include/rclcpp/rclcpp/time.hpp:24,
                 from /opt/ros/jazzy/include/rclcpp/rclcpp/clock.hpp:24,
                 from /opt/ros/jazzy/include/rclcpp/rclcpp/client.hpp:38,
                 from /opt/ros/jazzy/include/rclcpp/rclcpp/callback_group.hpp:24,
                 from /opt/ros/jazzy/include/rclcpp/rclcpp/any_executable.hpp:20:
/opt/ros/jazzy/include/rclcpp/rclcpp/duration.hpp:49:3: note: candidate: ‘template<class Rep, class Period> rclcpp::Duration::Duration(const std::chrono::duration<_Rep1, _Period1>&)’
   49 |   Duration(const std::chrono::duration<Rep, Period> & duration)  // NOLINT(runtime/explicit)
      |   ^~~~~~~~
/opt/ros/jazzy/include/rclcpp/rclcpp/duration.hpp:49:3: note:   template argument deduction/substitution failed:
/home/neha/ros2_ws/src/semnav_migration/src/navigation_humans.cpp:174:45: note:   mismatched types ‘const std::chrono::duration<_Rep1, _Period1>’ and ‘double’
  174 |                         rclcpp::Duration(5.0).sleep();
      |                                             ^
/opt/ros/jazzy/include/rclcpp/rclcpp/duration.hpp:159:3: note: candidate: ‘rclcpp::Duration::Duration()’
  159 |   Duration() = default;
      |   ^~~~~~~~
/opt/ros/jazzy/include/rclcpp/rclcpp/duration.hpp:159:3: note:   candidate expects 0 arguments, 1 provided
/opt/ros/jazzy/include/rclcpp/rclcpp/duration.hpp:62:3: note: candidate: ‘rclcpp::Duration::Duration(const rclcpp::Duration&)’
   62 |   Duration(const Duration & rhs);
      |   ^~~~~~~~
/opt/ros/jazzy/include/rclcpp/rclcpp/duration.hpp:62:29: note:   no known conversion for argument 1 from ‘double’ to ‘const rclcpp::Duration&’
   62 |   Duration(const Duration & rhs);
      |            ~~~~~~~~~~~~~~~~~^~~
/opt/ros/jazzy/include/rclcpp/rclcpp/duration.hpp:60:12: note: candidate: ‘rclcpp::Duration::Duration(const rcl_duration_t&)’
   60 |   explicit Duration(const rcl_duration_t & duration);
      |            ^~~~~~~~
/opt/ros/jazzy/include/rclcpp/rclcpp/duration.hpp:60:44: note:   no known conversion for argument 1 from ‘double’ to ‘const rcl_duration_t&’ {aka ‘const rcl_duration_s&’}
   60 |   explicit Duration(const rcl_duration_t & duration);
      |                     ~~~~~~~~~~~~~~~~~~~~~~~^~~~~~~~
/opt/ros/jazzy/include/rclcpp/rclcpp/duration.hpp:54:3: note: candidate: ‘rclcpp::Duration::Duration(const builtin_interfaces::msg::Duration&)’
   54 |   Duration(const builtin_interfaces::msg::Duration & duration_msg);  // NOLINT(runtime/explicit)
      |   ^~~~~~~~
/opt/ros/jazzy/include/rclcpp/rclcpp/duration.hpp:54:54: note:   no known conversion for argument 1 from ‘double’ to ‘const builtin_interfaces::msg::Duration&’ {aka ‘const builtin_interfaces::msg::Duration_<std::allocator<void> >&’}
   54 |   Duration(const builtin_interfaces::msg::Duration & duration_msg);  // NOLINT(runtime/explicit)
      |            ~~~~~~~~~~~~~~~~~~~~~~~~~~~~~~~~~~~~~~~~~~^~~~~~~~~~~~
/opt/ros/jazzy/include/rclcpp/rclcpp/duration.hpp:43:12: note: candidate: ‘rclcpp::Duration::Duration(std::chrono::nanoseconds)’
   43 |   explicit Duration(std::chrono::nanoseconds nanoseconds);
      |            ^~~~~~~~
/opt/ros/jazzy/include/rclcpp/rclcpp/duration.hpp:43:46: note:   no known conversion for argument 1 from ‘double’ to ‘std::chrono::nanoseconds’ {aka ‘std::chrono::duration<long int, std::ratio<1, 1000000000> >’}
   43 |   explicit Duration(std::chrono::nanoseconds nanoseconds);
      |                     ~~~~~~~~~~~~~~~~~~~~~~~~~^~~~~~~~~~~
/opt/ros/jazzy/include/rclcpp/rclcpp/duration.hpp:40:3: note: candidate: ‘rclcpp::Duration::Duration(int32_t, uint32_t)’
   40 |   Duration(int32_t seconds, uint32_t nanoseconds);
      |   ^~~~~~~~
/opt/ros/jazzy/include/rclcpp/rclcpp/duration.hpp:40:3: note:   candidate expects 2 arguments, 1 provided
/home/neha/ros2_ws/src/semnav_migration/src/navigation_humans.cpp:179:75: error: no matching function for call to ‘rclcpp::executors::MultiThreadedExecutor::MultiThreadedExecutor(int)’
  179 |                         rclcpp::executors::MultiThreadedExecutor spinner(4);
      |                                                                           ^
/opt/ros/jazzy/include/rclcpp/rclcpp/executors/multi_threaded_executor.hpp:55:12: note: candidate: ‘rclcpp::executors::MultiThreadedExecutor::MultiThreadedExecutor(const rclcpp::ExecutorOptions&, size_t, bool, std::chrono::nanoseconds)’
   55 |   explicit MultiThreadedExecutor(
      |            ^~~~~~~~~~~~~~~~~~~~~
/opt/ros/jazzy/include/rclcpp/rclcpp/executors/multi_threaded_executor.hpp:56:37: note:   no known conversion for argument 1 from ‘int’ to ‘const rclcpp::ExecutorOptions&’
   56 |     const rclcpp::ExecutorOptions & options = rclcpp::ExecutorOptions(),
      |     ~~~~~~~~~~~~~~~~~~~~~~~~~~~~~~~~^~~~~~~~~~~~~~~~~~~~~~~~~~~~~~~~~~~
/home/neha/ros2_ws/src/semnav_migration/src/navigation_humans.cpp: In member function ‘void NavigationHumansNode::publish_twist(double, double)’:
/home/neha/ros2_ws/src/semnav_migration/src/navigation_humans.cpp:184:40: error: ‘Twist’ is not a member of ‘geometry_msgs’; did you mean ‘geometry_msgs::msg::Twist’?
  184 |                         geometry_msgs::Twist commandTwist;
      |                                        ^~~~~
In file included from /opt/ros/jazzy/include/geometry_msgs/geometry_msgs/msg/detail/velocity_stamped__struct.hpp:25,
                 from /opt/ros/jazzy/include/geometry_msgs/geometry_msgs/msg/velocity_stamped.hpp:7,
                 from /opt/ros/jazzy/include/tf2/tf2/buffer_core.h:49,
                 from /opt/ros/jazzy/include/tf2_ros/tf2_ros/async_buffer_interface.h:39,
                 from /opt/ros/jazzy/include/tf2_ros/tf2_ros/buffer.h:42,
                 from /home/neha/ros2_ws/src/semnav_migration/include/reactive_planner_lib.h:40:
/opt/ros/jazzy/include/geometry_msgs/geometry_msgs/msg/detail/twist__struct.hpp:137:7: note: ‘geometry_msgs::msg::Twist’ declared here
  137 | using Twist =
      |       ^~~~~
/home/neha/ros2_ws/src/semnav_migration/src/human_following.cpp:175:25: error: ‘commandId’ was not declared in this scope
  175 |                         commandId.data = BehaviorIdCmd;
      |                         ^~~~~~~~~
/home/neha/ros2_ws/src/semnav_migration/src/navigation_humans.cpp:185:25: error: ‘commandTwist’ was not declared in this scope
  185 |                         commandTwist.linear.x = LinearCmd;
      |                         ^~~~~~~~~~~~
/home/neha/ros2_ws/src/semnav_migration/src/human_following.cpp:176:25: error: ‘pub_behaviorID_’ was not declared in this scope; did you mean ‘pub_behaviorID_topic_’?
  176 |                         pub_behaviorID_.publish(commandId);
      |                         ^~~~~~~~~~~~~~~
      |                         pub_behaviorID_topic_
/home/neha/ros2_ws/src/semnav_migration/src/human_following.cpp: In member function ‘void HumanFollowingNode::publish_behavior_mode(uint16_t)’:
/home/neha/ros2_ws/src/semnav_migration/src/human_following.cpp:181:35: error: ‘UInt32’ is not a member of ‘std_msgs’; did you mean ‘example_interfaces::msg::UInt32’?
  181 |                         std_msgs::UInt32 commandMode;
      |                                   ^~~~~~
/opt/ros/jazzy/include/example_interfaces/example_interfaces/msg/detail/u_int32__struct.hpp:125:7: note: ‘example_interfaces::msg::UInt32’ declared here
  125 | using UInt32 =
      |       ^~~~~~
/home/neha/ros2_ws/src/semnav_migration/src/navigation_humans.cpp: In member function ‘void NavigationHumansNode::human_update(const object_pose_interface_msgs::msg::KeypointDetections3D_<std::allocator<void> >::ConstPtr&)’:
/home/neha/ros2_ws/src/semnav_migration/src/navigation_humans.cpp:282:64: error: ‘PointStamped’ is not a member of ‘geometry_msgs’
  282 |                                                 geometry_msgs::PointStamped pointCamera, pointMap;
      |                                                                ^~~~~~~~~~~~
/home/neha/ros2_ws/src/semnav_migration/src/human_following.cpp:182:25: error: ‘commandMode’ was not declared in this scope
  182 |                         commandMode.data = BehaviorModeCmd;
      |                         ^~~~~~~~~~~
/home/neha/ros2_ws/src/semnav_migration/src/navigation_humans.cpp:283:49: error: ‘pointCamera’ was not declared in this scope
  283 |                                                 pointCamera.header.stamp = human_data->header.stamp;
      |                                                 ^~~~~~~~~~~
/home/neha/ros2_ws/src/semnav_migration/src/navigation_humans.cpp:283:95: error: ‘const object_pose_interface_msgs::msg::KeypointDetections3D_<std::allocator<void> >::_header_type’ {aka ‘const struct builtin_interfaces::msg::Time_<std::allocator<void> >’} has no member named ‘stamp’
  283 |                                                 pointCamera.header.stamp = human_data->header.stamp;
      |                                                                                               ^~~~~
/home/neha/ros2_ws/src/semnav_migration/src/navigation_humans.cpp:289:57: error: ‘listener_’ was not declared in this scope
  289 |                                                         listener_.waitForTransform(world_frame_id_, rclcpp::Time(0), camera_optical_frame_id_, human_data->header.stamp, world_frame_id_, rclcpp::Duration(1.0));
      |                                                         ^~~~~~~~~
/home/neha/ros2_ws/src/semnav_migration/src/navigation_humans.cpp:289:163: error: ‘const object_pose_interface_msgs::msg::KeypointDetections3D_<std::allocator<void> >::_header_type’ {aka ‘const struct builtin_interfaces::msg::Time_<std::allocator<void> >’} has no member named ‘stamp’
  289 |                                                         listener_.waitForTransform(world_frame_id_, rclcpp::Time(0), camera_optical_frame_id_, human_data->header.stamp, world_frame_id_, rclcpp::Duration(1.0));
      |                                                                                                                                                                   ^~~~~
/home/neha/ros2_ws/src/semnav_migration/src/navigation_humans.cpp:289:207: error: no matching function for call to ‘rclcpp::Duration::Duration(double)’
  289 |                                                         listener_.waitForTransform(world_frame_id_, rclcpp::Time(0), camera_optical_frame_id_, human_data->header.stamp, world_frame_id_, rclcpp::Duration(1.0));
      |                                                                                                                                                                                                               ^
/opt/ros/jazzy/include/rclcpp/rclcpp/duration.hpp:49:3: note: candidate: ‘template<class Rep, class Period> rclcpp::Duration::Duration(const std::chrono::duration<_Rep1, _Period1>&)’
   49 |   Duration(const std::chrono::duration<Rep, Period> & duration)  // NOLINT(runtime/explicit)
      |   ^~~~~~~~
/opt/ros/jazzy/include/rclcpp/rclcpp/duration.hpp:49:3: note:   template argument deduction/substitution failed:
/home/neha/ros2_ws/src/semnav_migration/src/navigation_humans.cpp:289:207: note:   mismatched types ‘const std::chrono::duration<_Rep1, _Period1>’ and ‘double’
  289 |                                                         listener_.waitForTransform(world_frame_id_, rclcpp::Time(0), camera_optical_frame_id_, human_data->header.stamp, world_frame_id_, rclcpp::Duration(1.0));
      |                                                                                                                                                                                                               ^
/opt/ros/jazzy/include/rclcpp/rclcpp/duration.hpp:159:3: note: candidate: ‘rclcpp::Duration::Duration()’
  159 |   Duration() = default;
      |   ^~~~~~~~
/opt/ros/jazzy/include/rclcpp/rclcpp/duration.hpp:159:3: note:   candidate expects 0 arguments, 1 provided
/opt/ros/jazzy/include/rclcpp/rclcpp/duration.hpp:62:3: note: candidate: ‘rclcpp::Duration::Duration(const rclcpp::Duration&)’
   62 |   Duration(const Duration & rhs);
      |   ^~~~~~~~
/opt/ros/jazzy/include/rclcpp/rclcpp/duration.hpp:62:29: note:   no known conversion for argument 1 from ‘double’ to ‘const rclcpp::Duration&’
   62 |   Duration(const Duration & rhs);
      |            ~~~~~~~~~~~~~~~~~^~~
/opt/ros/jazzy/include/rclcpp/rclcpp/duration.hpp:60:12: note: candidate: ‘rclcpp::Duration::Duration(const rcl_duration_t&)’
   60 |   explicit Duration(const rcl_duration_t & duration);
      |            ^~~~~~~~
/opt/ros/jazzy/include/rclcpp/rclcpp/duration.hpp:60:44: note:   no known conversion for argument 1 from ‘double’ to ‘const rcl_duration_t&’ {aka ‘const rcl_duration_s&’}
   60 |   explicit Duration(const rcl_duration_t & duration);
      |                     ~~~~~~~~~~~~~~~~~~~~~~~^~~~~~~~
/opt/ros/jazzy/include/rclcpp/rclcpp/duration.hpp:54:3: note: candidate: ‘rclcpp::Duration::Duration(const builtin_interfaces::msg::Duration&)’
   54 |   Duration(const builtin_interfaces::msg::Duration & duration_msg);  // NOLINT(runtime/explicit)
      |   ^~~~~~~~
/opt/ros/jazzy/include/rclcpp/rclcpp/duration.hpp:54:54: note:   no known conversion for argument 1 from ‘double’ to ‘const builtin_interfaces::msg::Duration&’ {aka ‘const builtin_interfaces::msg::Duration_<std::allocator<void> >&’}
   54 |   Duration(const builtin_interfaces::msg::Duration & duration_msg);  // NOLINT(runtime/explicit)
      |            ~~~~~~~~~~~~~~~~~~~~~~~~~~~~~~~~~~~~~~~~~~^~~~~~~~~~~~
/opt/ros/jazzy/include/rclcpp/rclcpp/duration.hpp:43:12: note: candidate: ‘rclcpp::Duration::Duration(std::chrono::nanoseconds)’
   43 |   explicit Duration(std::chrono::nanoseconds nanoseconds);
      |            ^~~~~~~~
/opt/ros/jazzy/include/rclcpp/rclcpp/duration.hpp:43:46: note:   no known conversion for argument 1 from ‘double’ to ‘std::chrono::nanoseconds’ {aka ‘std::chrono::duration<long int, std::ratio<1, 1000000000> >’}
   43 |   explicit Duration(std::chrono::nanoseconds nanoseconds);
      |                     ~~~~~~~~~~~~~~~~~~~~~~~~~^~~~~~~~~~~
/opt/ros/jazzy/include/rclcpp/rclcpp/duration.hpp:40:3: note: candidate: ‘rclcpp::Duration::Duration(int32_t, uint32_t)’
   40 |   Duration(int32_t seconds, uint32_t nanoseconds);
      |   ^~~~~~~~
/opt/ros/jazzy/include/rclcpp/rclcpp/duration.hpp:40:3: note:   candidate expects 2 arguments, 1 provided
/home/neha/ros2_ws/src/semnav_migration/src/human_following.cpp:183:25: error: ‘pub_behaviorMode_’ was not declared in this scope; did you mean ‘pub_behaviorMode_topic_’?
  183 |                         pub_behaviorMode_.publish(commandMode);
      |                         ^~~~~~~~~~~~~~~~~
      |                         pub_behaviorMode_topic_
/home/neha/ros2_ws/src/semnav_migration/src/navigation_humans.cpp:290:146: error: ‘pointMap’ was not declared in this scope; did you mean ‘point’?
  290 |                                                         listener_.transformPoint(world_frame_id_, rclcpp::Time(0), pointCamera, world_frame_id_, pointMap);
      |                                                                                                                                                  ^~~~~~~~
      |                                                                                                                                                  point
/home/neha/ros2_ws/src/semnav_migration/src/navigation_humans.cpp:291:100: error: ‘TransformException’ in ‘class rclcpp::executors::MultiThreadedExecutor’ does not name a type
  291 |                                                 } catch (rclcpp::executors::MultiThreadedExecutor::TransformException &ex) {
      |                                                                                                    ^~~~~~~~~~~~~~~~~~
/home/neha/ros2_ws/src/semnav_migration/src/navigation_humans.cpp:292:72: error: ‘ex’ was not declared in this scope; did you mean ‘exp’?
  292 |                                                         ROS_ERROR("%s",ex.what());
      |                                                                        ^~
      |                                                                        exp
/home/neha/ros2_ws/src/semnav_migration/src/human_following.cpp: In function ‘int main(int, char**)’:
/home/neha/ros2_ws/src/semnav_migration/src/human_following.cpp:722:9: error: ‘ros’ has not been declared
  722 |         ros::init(argc, argv, "human_following");
      |         ^~~
/home/neha/ros2_ws/src/semnav_migration/src/human_following.cpp:725:9: error: ‘ros’ has not been declared
  725 |         ros::NodeHandle nh("~");
      |         ^~~
/home/neha/ros2_ws/src/semnav_migration/src/human_following.cpp:728:48: error: ‘nh’ was not declared in this scope
  728 |         HumanFollowingNode humanFollowingNode(&nh);
      |                                                ^~
/home/neha/ros2_ws/src/semnav_migration/src/navigation_humans.cpp:292:57: error: ‘ROS_ERROR’ was not declared in this scope
  292 |                                                         ROS_ERROR("%s",ex.what());
      |                                                         ^~~~~~~~~
/home/neha/ros2_ws/src/semnav_migration/src/navigation_humans.cpp:295:67: error: ‘pointMap’ was not declared in this scope; did you mean ‘point’?
  295 |                                                 human_x.push_back(pointMap.point.x);
      |                                                                   ^~~~~~~~
      |                                                                   point
/home/neha/ros2_ws/src/semnav_migration/src/navigation_humans.cpp: In member function ‘void NavigationHumansNode::diffeo_tree_update(const object_pose_interface_msgs::msg::SemanticMapObjectArray_<std::allocator<void> >::ConstPtr&)’:
/home/neha/ros2_ws/src/semnav_migration/src/navigation_humans.cpp:338:45: error: expected unqualified-id before ‘-’ token
  338 |                         if (time.seconds(). - DiffeoTreeUpdateTime_ < (1.0/DiffeoTreeUpdateRate_)) {
      |                                             ^
/home/neha/ros2_ws/src/semnav_migration/src/navigation_humans.cpp:425:82: error: invalid operands of types ‘const char [31]’ and ‘double’ to binary ‘operator<<’
  425 |                                 ROS_WARN_STREAM("[Navigation] Updated trees in " << time.seconds()-start_time << " seconds.");
      |                                                 ~~~~~~~~~~~~~~~~~~~~~~~~~~~~~~~~ ^~ ~~~~~~~~~~~~~~~~~~~~~~~~~
      |                                                 |                                                 |
      |                                                 const char [31]                                   double
/home/neha/ros2_ws/src/semnav_migration/src/navigation_humans.cpp:425:33: error: ‘ROS_WARN_STREAM’ was not declared in this scope; did you mean ‘RCLCPP_WARN_STREAM’?
  425 |                                 ROS_WARN_STREAM("[Navigation] Updated trees in " << time.seconds()-start_time << " seconds.");
      |                                 ^~~~~~~~~~~~~~~
      |                                 RCLCPP_WARN_STREAM
/home/neha/ros2_ws/src/semnav_migration/src/navigation_humans.cpp: In member function ‘void NavigationHumansNode::control_callback(const sensor_msgs::msg::LaserScan_<std::allocator<void> >::ConstPtr&, const nav_msgs::msg::Odometry_<std::allocator<void> >::ConstPtr&)’:
/home/neha/ros2_ws/src/semnav_migration/src/navigation_humans.cpp:456:40: error: ‘PoseStamped’ is not a member of ‘geometry_msgs’; did you mean ‘geometry_msgs::msg::PoseStamped’?
  456 |                         geometry_msgs::PoseStamped odomPose, mapPose;
      |                                        ^~~~~~~~~~~
In file included from /home/neha/ros2_ws/src/install/object_pose_interface_msgs/include/object_pose_interface_msgs/object_pose_interface_msgs/msg/detail/semantic_map_object__struct.hpp:28,
                 from /home/neha/ros2_ws/src/install/object_pose_interface_msgs/include/object_pose_interface_msgs/object_pose_interface_msgs/msg/detail/semantic_map_object_array__struct.hpp:25,
                 from /home/neha/ros2_ws/src/install/object_pose_interface_msgs/include/object_pose_interface_msgs/object_pose_interface_msgs/msg/semantic_map_object_array.hpp:7,
                 from /home/neha/ros2_ws/src/semnav_migration/include/reactive_planner_lib.h:53:
/opt/ros/jazzy/include/geometry_msgs/geometry_msgs/msg/detail/pose_stamped__struct.hpp:138:7: note: ‘geometry_msgs::msg::PoseStamped’ declared here
  138 | using PoseStamped =
      |       ^~~~~~~~~~~
/home/neha/ros2_ws/src/semnav_migration/src/navigation_humans.cpp:457:25: error: ‘odomPose’ was not declared in this scope
  457 |                         odomPose.header.stamp = rclcpp::Time(0);
      |                         ^~~~~~~~
/home/neha/ros2_ws/src/semnav_migration/src/navigation_humans.cpp:461:33: error: ‘listener_’ was not declared in this scope
  461 |                                 listener_.waitForTransform(world_frame_id_, odom_frame_id_, rclcpp::Time(0), rclcpp::Duration(1.0));
      |                                 ^~~~~~~~~
/home/neha/ros2_ws/src/semnav_migration/src/navigation_humans.cpp:461:130: error: no matching function for call to ‘rclcpp::Duration::Duration(double)’
  461 |                                 listener_.waitForTransform(world_frame_id_, odom_frame_id_, rclcpp::Time(0), rclcpp::Duration(1.0));
      |                                                                                                                                  ^
/opt/ros/jazzy/include/rclcpp/rclcpp/duration.hpp:49:3: note: candidate: ‘template<class Rep, class Period> rclcpp::Duration::Duration(const std::chrono::duration<_Rep1, _Period1>&)’
   49 |   Duration(const std::chrono::duration<Rep, Period> & duration)  // NOLINT(runtime/explicit)
      |   ^~~~~~~~
/opt/ros/jazzy/include/rclcpp/rclcpp/duration.hpp:49:3: note:   template argument deduction/substitution failed:
/home/neha/ros2_ws/src/semnav_migration/src/navigation_humans.cpp:461:130: note:   mismatched types ‘const std::chrono::duration<_Rep1, _Period1>’ and ‘double’
  461 |                                 listener_.waitForTransform(world_frame_id_, odom_frame_id_, rclcpp::Time(0), rclcpp::Duration(1.0));
      |                                                                                                                                  ^
/opt/ros/jazzy/include/rclcpp/rclcpp/duration.hpp:159:3: note: candidate: ‘rclcpp::Duration::Duration()’
  159 |   Duration() = default;
      |   ^~~~~~~~
/opt/ros/jazzy/include/rclcpp/rclcpp/duration.hpp:159:3: note:   candidate expects 0 arguments, 1 provided
/opt/ros/jazzy/include/rclcpp/rclcpp/duration.hpp:62:3: note: candidate: ‘rclcpp::Duration::Duration(const rclcpp::Duration&)’
   62 |   Duration(const Duration & rhs);
      |   ^~~~~~~~
/opt/ros/jazzy/include/rclcpp/rclcpp/duration.hpp:62:29: note:   no known conversion for argument 1 from ‘double’ to ‘const rclcpp::Duration&’
   62 |   Duration(const Duration & rhs);
      |            ~~~~~~~~~~~~~~~~~^~~
/opt/ros/jazzy/include/rclcpp/rclcpp/duration.hpp:60:12: note: candidate: ‘rclcpp::Duration::Duration(const rcl_duration_t&)’
   60 |   explicit Duration(const rcl_duration_t & duration);
      |            ^~~~~~~~
/opt/ros/jazzy/include/rclcpp/rclcpp/duration.hpp:60:44: note:   no known conversion for argument 1 from ‘double’ to ‘const rcl_duration_t&’ {aka ‘const rcl_duration_s&’}
   60 |   explicit Duration(const rcl_duration_t & duration);
      |                     ~~~~~~~~~~~~~~~~~~~~~~~^~~~~~~~
/opt/ros/jazzy/include/rclcpp/rclcpp/duration.hpp:54:3: note: candidate: ‘rclcpp::Duration::Duration(const builtin_interfaces::msg::Duration&)’
   54 |   Duration(const builtin_interfaces::msg::Duration & duration_msg);  // NOLINT(runtime/explicit)
      |   ^~~~~~~~
/opt/ros/jazzy/include/rclcpp/rclcpp/duration.hpp:54:54: note:   no known conversion for argument 1 from ‘double’ to ‘const builtin_interfaces::msg::Duration&’ {aka ‘const builtin_interfaces::msg::Duration_<std::allocator<void> >&’}
   54 |   Duration(const builtin_interfaces::msg::Duration & duration_msg);  // NOLINT(runtime/explicit)
      |            ~~~~~~~~~~~~~~~~~~~~~~~~~~~~~~~~~~~~~~~~~~^~~~~~~~~~~~
/opt/ros/jazzy/include/rclcpp/rclcpp/duration.hpp:43:12: note: candidate: ‘rclcpp::Duration::Duration(std::chrono::nanoseconds)’
   43 |   explicit Duration(std::chrono::nanoseconds nanoseconds);
      |            ^~~~~~~~
/opt/ros/jazzy/include/rclcpp/rclcpp/duration.hpp:43:46: note:   no known conversion for argument 1 from ‘double’ to ‘std::chrono::nanoseconds’ {aka ‘std::chrono::duration<long int, std::ratio<1, 1000000000> >’}
   43 |   explicit Duration(std::chrono::nanoseconds nanoseconds);
      |                     ~~~~~~~~~~~~~~~~~~~~~~~~~^~~~~~~~~~~
/opt/ros/jazzy/include/rclcpp/rclcpp/duration.hpp:40:3: note: candidate: ‘rclcpp::Duration::Duration(int32_t, uint32_t)’
   40 |   Duration(int32_t seconds, uint32_t nanoseconds);
      |   ^~~~~~~~
/opt/ros/jazzy/include/rclcpp/rclcpp/duration.hpp:40:3: note:   candidate expects 2 arguments, 1 provided
/home/neha/ros2_ws/src/semnav_migration/src/navigation_humans.cpp:462:84: error: ‘mapPose’ was not declared in this scope
  462 |                                 listener_.transformPose(world_frame_id_, odomPose, mapPose);
      |                                                                                    ^~~~~~~
/home/neha/ros2_ws/src/semnav_migration/src/navigation_humans.cpp:464:33: error: ‘ROS_ERROR’ was not declared in this scope
  464 |                                 ROS_ERROR("%s",ex.what());
      |                                 ^~~~~~~~~
/home/neha/ros2_ws/src/semnav_migration/src/navigation_humans.cpp:469:68: error: ‘mapPose’ was not declared in this scope
  469 |                         tf2::Quaternion rotation = tf2::Quaternion(mapPose.pose.orientation.x,
      |                                                                    ^~~~~~~
/home/neha/ros2_ws/src/semnav_migration/src/navigation_humans.cpp:601:25: error: ‘ROS_INFO_STREAM’ was not declared in this scope; did you mean ‘RCLCPP_INFO_STREAM’?
  601 |                         ROS_INFO_STREAM("[Navigation] Computed linear local goal.");
      |                         ^~~~~~~~~~~~~~~
      |                         RCLCPP_INFO_STREAM
/home/neha/ros2_ws/src/semnav_migration/src/navigation_humans.cpp:638:53: error: no matching function for call to ‘rclcpp::Duration::Duration(double)’
  638 |                                 rclcpp::Duration(5.0).sleep();
      |                                                     ^
/opt/ros/jazzy/include/rclcpp/rclcpp/duration.hpp:49:3: note: candidate: ‘template<class Rep, class Period> rclcpp::Duration::Duration(const std::chrono::duration<_Rep1, _Period1>&)’
   49 |   Duration(const std::chrono::duration<Rep, Period> & duration)  // NOLINT(runtime/explicit)
      |   ^~~~~~~~
/opt/ros/jazzy/include/rclcpp/rclcpp/duration.hpp:49:3: note:   template argument deduction/substitution failed:
/home/neha/ros2_ws/src/semnav_migration/src/navigation_humans.cpp:638:53: note:   mismatched types ‘const std::chrono::duration<_Rep1, _Period1>’ and ‘double’
  638 |                                 rclcpp::Duration(5.0).sleep();
      |                                                     ^
/opt/ros/jazzy/include/rclcpp/rclcpp/duration.hpp:159:3: note: candidate: ‘rclcpp::Duration::Duration()’
  159 |   Duration() = default;
      |   ^~~~~~~~
/opt/ros/jazzy/include/rclcpp/rclcpp/duration.hpp:159:3: note:   candidate expects 0 arguments, 1 provided
/opt/ros/jazzy/include/rclcpp/rclcpp/duration.hpp:62:3: note: candidate: ‘rclcpp::Duration::Duration(const rclcpp::Duration&)’
   62 |   Duration(const Duration & rhs);
      |   ^~~~~~~~
/opt/ros/jazzy/include/rclcpp/rclcpp/duration.hpp:62:29: note:   no known conversion for argument 1 from ‘double’ to ‘const rclcpp::Duration&’
   62 |   Duration(const Duration & rhs);
      |            ~~~~~~~~~~~~~~~~~^~~
/opt/ros/jazzy/include/rclcpp/rclcpp/duration.hpp:60:12: note: candidate: ‘rclcpp::Duration::Duration(const rcl_duration_t&)’
   60 |   explicit Duration(const rcl_duration_t & duration);
      |            ^~~~~~~~
/opt/ros/jazzy/include/rclcpp/rclcpp/duration.hpp:60:44: note:   no known conversion for argument 1 from ‘double’ to ‘const rcl_duration_t&’ {aka ‘const rcl_duration_s&’}
   60 |   explicit Duration(const rcl_duration_t & duration);
      |                     ~~~~~~~~~~~~~~~~~~~~~~~^~~~~~~~
/opt/ros/jazzy/include/rclcpp/rclcpp/duration.hpp:54:3: note: candidate: ‘rclcpp::Duration::Duration(const builtin_interfaces::msg::Duration&)’
   54 |   Duration(const builtin_interfaces::msg::Duration & duration_msg);  // NOLINT(runtime/explicit)
      |   ^~~~~~~~
/opt/ros/jazzy/include/rclcpp/rclcpp/duration.hpp:54:54: note:   no known conversion for argument 1 from ‘double’ to ‘const builtin_interfaces::msg::Duration&’ {aka ‘const builtin_interfaces::msg::Duration_<std::allocator<void> >&’}
   54 |   Duration(const builtin_interfaces::msg::Duration & duration_msg);  // NOLINT(runtime/explicit)
      |            ~~~~~~~~~~~~~~~~~~~~~~~~~~~~~~~~~~~~~~~~~~^~~~~~~~~~~~
/opt/ros/jazzy/include/rclcpp/rclcpp/duration.hpp:43:12: note: candidate: ‘rclcpp::Duration::Duration(std::chrono::nanoseconds)’
   43 |   explicit Duration(std::chrono::nanoseconds nanoseconds);
      |            ^~~~~~~~
/opt/ros/jazzy/include/rclcpp/rclcpp/duration.hpp:43:46: note:   no known conversion for argument 1 from ‘double’ to ‘std::chrono::nanoseconds’ {aka ‘std::chrono::duration<long int, std::ratio<1, 1000000000> >’}
   43 |   explicit Duration(std::chrono::nanoseconds nanoseconds);
      |                     ~~~~~~~~~~~~~~~~~~~~~~~~~^~~~~~~~~~~
/opt/ros/jazzy/include/rclcpp/rclcpp/duration.hpp:40:3: note: candidate: ‘rclcpp::Duration::Duration(int32_t, uint32_t)’
   40 |   Duration(int32_t seconds, uint32_t nanoseconds);
      |   ^~~~~~~~
/opt/ros/jazzy/include/rclcpp/rclcpp/duration.hpp:40:3: note:   candidate expects 2 arguments, 1 provided
/home/neha/ros2_ws/src/semnav_migration/src/navigation_humans.cpp:641:33: error: ‘ROS_WARN_STREAM’ was not declared in this scope; did you mean ‘RCLCPP_WARN_STREAM’?
  641 |                                 ROS_WARN_STREAM("[Navigation] Successfully navigated to goal and stopped...");
      |                                 ^~~~~~~~~~~~~~~
      |                                 RCLCPP_WARN_STREAM
/home/neha/ros2_ws/src/semnav_migration/src/navigation_humans.cpp:664:75: error: invalid operands of types ‘const char [32]’ and ‘double’ to binary ‘operator<<’
  664 |                         ROS_WARN_STREAM("[Navigation] Linear command is " << LinearCmd << " and angular command is " << AngularCmd);
      |                                         ~~~~~~~~~~~~~~~~~~~~~~~~~~~~~~~~~ ^~ ~~~~~~~~~
      |                                         |                                    |
      |                                         const char [32]                      double
/home/neha/ros2_ws/src/semnav_migration/src/navigation_humans.cpp:664:25: error: ‘ROS_WARN_STREAM’ was not declared in this scope; did you mean ‘RCLCPP_WARN_STREAM’?
  664 |                         ROS_WARN_STREAM("[Navigation] Linear command is " << LinearCmd << " and angular command is " << AngularCmd);
      |                         ^~~~~~~~~~~~~~~
      |                         RCLCPP_WARN_STREAM
/home/neha/ros2_ws/src/semnav_migration/src/navigation_humans.cpp:665:76: error: invalid operands of types ‘const char [33]’ and ‘int’ to binary ‘operator<<’
  665 |                         ROS_WARN_STREAM("[Navigation] Command update for " << int(localDiffeoTreeArray.size()) << " polygons in " << rclcpp::Time::now().toSec()-before_time << " seconds.");
      |                                         ~~~~~~~~~~~~~~~~~~~~~~~~~~~~~~~~~~ ^~ ~~~~~~~~~~~~~~~~~~~~~~~~~~~~~~~~
      |                                         |                                     |
      |                                         const char [33]                       int
/home/neha/ros2_ws/src/semnav_migration/src/navigation_humans.cpp:665:148: error: ‘now’ is not a member of ‘rclcpp::Time’
  665 |                         ROS_WARN_STREAM("[Navigation] Command update for " << int(localDiffeoTreeArray.size()) << " polygons in " << rclcpp::Time::now().toSec()-before_time << " seconds.");
      |                                                                                                                                                    ^~~
/home/neha/ros2_ws/src/semnav_migration/src/navigation_humans.cpp: In function ‘int main(int, char**)’:
/home/neha/ros2_ws/src/semnav_migration/src/navigation_humans.cpp:743:9: error: ‘ros’ has not been declared
  743 |         ros::init(argc, argv, "navigation_humans");
      |         ^~~
/home/neha/ros2_ws/src/semnav_migration/src/navigation_humans.cpp:749:54: error: no matching function for call to ‘NavigationHumansNode::NavigationHumansNode(rclcpp::Node*)’
  749 |         NavigationHumansNode navigationHumansNode(&nh);
      |                                                      ^
/home/neha/ros2_ws/src/semnav_migration/src/navigation_humans.cpp:45:9: note: candidate: ‘NavigationHumansNode::NavigationHumansNode()’
   45 |         NavigationHumansNode() : Node("navigation humans node") {
      |         ^~~~~~~~~~~~~~~~~~~~
/home/neha/ros2_ws/src/semnav_migration/src/navigation_humans.cpp:45:9: note:   candidate expects 0 arguments, 1 provided
gmake[2]: *** [CMakeFiles/human_following.dir/build.make:76: CMakeFiles/human_following.dir/src/human_following.cpp.o] Error 1
gmake[1]: *** [CMakeFiles/Makefile2:259: CMakeFiles/human_following.dir/all] Error 2
gmake[1]: *** Waiting for unfinished jobs....
gmake[2]: *** [CMakeFiles/navigation_humans.dir/build.make:76: CMakeFiles/navigation_humans.dir/src/navigation_humans.cpp.o] Error 1
gmake[1]: *** [CMakeFiles/Makefile2:233: CMakeFiles/navigation_humans.dir/all] Error 2
gmake: *** [Makefile:146: all] Error 2
