[0.028s] Invoking command in '/home/neha/ros2_ws/src/semnav_migration/build/semnav': CMAKE_PREFIX_PATH=${CMAKE_PREFIX_PATH}:/opt/ros/jazzy DEBUGINFOD_URLS=https://debuginfod.ubuntu.com /usr/bin/cmake --build /home/neha/ros2_ws/src/semnav_migration/build/semnav -- -j2 -l2
[0.241s] [ 14%] Built target reactive_planner
[0.375s] [ 33%] Built target navigation
[0.375s] [ 33%] Built target navigation_semantic
[0.515s] [ 38%] Building CXX object CMakeFiles/human_following.dir/src/human_following.cpp.o
[0.515s] [ 42%] Building CXX object CMakeFiles/navigation_humans.dir/src/navigation_humans.cpp.o
[22.196s] /home/neha/ros2_ws/src/semnav_migration/src/navigation_humans.cpp:736:22: error: ‘TransformListener’ in namespace ‘tf2’ does not name a type
[22.196s]   736 |                 tf2::TransformListener listener_;
[22.197s]       |                      ^~~~~~~~~~~~~~~~~
[22.199s] /home/neha/ros2_ws/src/semnav_migration/src/navigation_humans.cpp: In constructor ‘NavigationHumansNode::NavigationHumansNode()’:
[22.199s] /home/neha/ros2_ws/src/semnav_migration/src/navigation_humans.cpp:45:63: error: no matching function for call to ‘rclcpp::Node::Node()’
[22.199s]    45 |         NavigationHumansNode() : Node("navigation humans node") {
[22.199s]       |                                                               ^
[22.202s] In file included from /opt/ros/jazzy/include/rclcpp/rclcpp/executors/single_threaded_executor.hpp:28,
[22.202s]                  from /opt/ros/jazzy/include/rclcpp/rclcpp/executors.hpp:22,
[22.202s]                  from /opt/ros/jazzy/include/rclcpp/rclcpp/rclcpp.hpp:172,
[22.202s]                  from /home/neha/ros2_ws/src/semnav_migration/include/reactive_planner_lib.h:32,
[22.202s]                  from /home/neha/ros2_ws/src/semnav_migration/src/navigation_humans.cpp:25:
[22.202s] /opt/ros/jazzy/include/rclcpp/rclcpp/node.hpp:1629:3: note: candidate: ‘rclcpp::Node::Node(const rclcpp::Node&, const std::string&)’
[22.202s]  1629 |   Node(
[22.203s]       |   ^~~~
[22.203s] /opt/ros/jazzy/include/rclcpp/rclcpp/node.hpp:1629:3: note:   candidate expects 2 arguments, 0 provided
[22.203s] /opt/ros/jazzy/include/rclcpp/rclcpp/node.hpp:103:12: note: candidate: ‘rclcpp::Node::Node(const std::string&, const std::string&, const rclcpp::NodeOptions&)’
[22.203s]   103 |   explicit Node(
[22.203s]       |            ^~~~
[22.203s] /opt/ros/jazzy/include/rclcpp/rclcpp/node.hpp:103:12: note:   candidate expects 3 arguments, 0 provided
[22.203s] /opt/ros/jazzy/include/rclcpp/rclcpp/node.hpp:91:12: note: candidate: ‘rclcpp::Node::Node(const std::string&, const rclcpp::NodeOptions&)’
[22.204s]    91 |   explicit Node(
[22.206s]       |            ^~~~
[22.206s] /opt/ros/jazzy/include/rclcpp/rclcpp/node.hpp:91:12: note:   candidate expects 2 arguments, 0 provided
[22.207s] /home/neha/ros2_ws/src/semnav_migration/src/navigation_humans.cpp:45:63: error: no matching function for call to ‘rclcpp::Publisher<example_interfaces::msg::UInt32_<std::allocator<void> > >::Publisher()’
[22.207s]    45 |         NavigationHumansNode() : Node("navigation humans node") {
[22.207s]       |                                                               ^
[22.207s] In file included from /opt/ros/jazzy/include/rclcpp/rclcpp/topic_statistics/subscription_topic_statistics.hpp:31,
[22.207s]                  from /opt/ros/jazzy/include/rclcpp/rclcpp/subscription.hpp:50,
[22.207s]                  from /opt/ros/jazzy/include/rclcpp/rclcpp/any_executable.hpp:25,
[22.207s]                  from /opt/ros/jazzy/include/rclcpp/rclcpp/memory_strategy.hpp:25,
[22.210s]                  from /opt/ros/jazzy/include/rclcpp/rclcpp/memory_strategies.hpp:18,
[22.210s]                  from /opt/ros/jazzy/include/rclcpp/rclcpp/executor_options.hpp:22,
[22.210s]                  from /opt/ros/jazzy/include/rclcpp/rclcpp/executor.hpp:38,
[22.210s]                  from /opt/ros/jazzy/include/rclcpp/rclcpp/executors/multi_threaded_executor.hpp:25,
[22.210s]                  from /opt/ros/jazzy/include/rclcpp/rclcpp/executors.hpp:21:
[22.211s] /opt/ros/jazzy/include/rclcpp/rclcpp/publisher.hpp:134:3: note: candidate: ‘rclcpp::Publisher<MessageT, AllocatorT>::Publisher(rclcpp::node_interfaces::NodeBaseInterface*, const std::string&, const rclcpp::QoS&, const rclcpp::PublisherOptionsWithAllocator<AllocatorT>&) [with MessageT = example_interfaces::msg::UInt32_<std::allocator<void> >; AllocatorT = std::allocator<void>; std::string = std::__cxx11::basic_string<char>]’
[22.211s]   134 |   Publisher(
[22.211s]       |   ^~~~~~~~~
[22.211s] /opt/ros/jazzy/include/rclcpp/rclcpp/publisher.hpp:134:3: note:   candidate expects 4 arguments, 0 provided
[22.211s] /opt/ros/jazzy/include/rclcpp/rclcpp/publisher.hpp:80:7: note: candidate: ‘rclcpp::Publisher<example_interfaces::msg::UInt32_<std::allocator<void> > >::Publisher(const rclcpp::Publisher<example_interfaces::msg::UInt32_<std::allocator<void> > >&)’
[22.211s]    80 | class Publisher : public PublisherBase
[22.211s]       |       ^~~~~~~~~
[22.212s] /opt/ros/jazzy/include/rclcpp/rclcpp/publisher.hpp:80:7: note:   candidate expects 1 argument, 0 provided
[22.214s] /home/neha/ros2_ws/src/semnav_migration/src/navigation_humans.cpp:45:63: error: no matching function for call to ‘rclcpp::Publisher<example_interfaces::msg::UInt32_<std::allocator<void> > >::Publisher()’
[22.214s]    45 |         NavigationHumansNode() : Node("navigation humans node") {
[22.214s]       |                                                               ^
[22.214s] /opt/ros/jazzy/include/rclcpp/rclcpp/publisher.hpp:134:3: note: candidate: ‘rclcpp::Publisher<MessageT, AllocatorT>::Publisher(rclcpp::node_interfaces::NodeBaseInterface*, const std::string&, const rclcpp::QoS&, const rclcpp::PublisherOptionsWithAllocator<AllocatorT>&) [with MessageT = example_interfaces::msg::UInt32_<std::allocator<void> >; AllocatorT = std::allocator<void>; std::string = std::__cxx11::basic_string<char>]’
[22.214s]   134 |   Publisher(
[22.215s]       |   ^~~~~~~~~
[22.215s] /opt/ros/jazzy/include/rclcpp/rclcpp/publisher.hpp:134:3: note:   candidate expects 4 arguments, 0 provided
[22.215s] /opt/ros/jazzy/include/rclcpp/rclcpp/publisher.hpp:80:7: note: candidate: ‘rclcpp::Publisher<example_interfaces::msg::UInt32_<std::allocator<void> > >::Publisher(const rclcpp::Publisher<example_interfaces::msg::UInt32_<std::allocator<void> > >&)’
[22.215s]    80 | class Publisher : public PublisherBase
[22.215s]       |       ^~~~~~~~~
[22.215s] /opt/ros/jazzy/include/rclcpp/rclcpp/publisher.hpp:80:7: note:   candidate expects 1 argument, 0 provided
[22.215s] /home/neha/ros2_ws/src/semnav_migration/src/navigation_humans.cpp:45:63: error: no matching function for call to ‘rclcpp::Publisher<geometry_msgs::msg::Twist_<std::allocator<void> > >::Publisher()’
[22.215s]    45 |         NavigationHumansNode() : Node("navigation humans node") {
[22.218s]       |                                                               ^
[22.218s] /opt/ros/jazzy/include/rclcpp/rclcpp/publisher.hpp:134:3: note: candidate: ‘rclcpp::Publisher<MessageT, AllocatorT>::Publisher(rclcpp::node_interfaces::NodeBaseInterface*, const std::string&, const rclcpp::QoS&, const rclcpp::PublisherOptionsWithAllocator<AllocatorT>&) [with MessageT = geometry_msgs::msg::Twist_<std::allocator<void> >; AllocatorT = std::allocator<void>; std::string = std::__cxx11::basic_string<char>]’
[22.218s]   134 |   Publisher(
[22.218s]       |   ^~~~~~~~~
[22.218s] /opt/ros/jazzy/include/rclcpp/rclcpp/publisher.hpp:134:3: note:   candidate expects 4 arguments, 0 provided
[22.218s] /opt/ros/jazzy/include/rclcpp/rclcpp/publisher.hpp:80:7: note: candidate: ‘rclcpp::Publisher<geometry_msgs::msg::Twist_<std::allocator<void> > >::Publisher(const rclcpp::Publisher<geometry_msgs::msg::Twist_<std::allocator<void> > >&)’
[22.219s]    80 | class Publisher : public PublisherBase
[22.219s]       |       ^~~~~~~~~
[22.219s] /opt/ros/jazzy/include/rclcpp/rclcpp/publisher.hpp:80:7: note:   candidate expects 1 argument, 0 provided
[22.219s] /home/neha/ros2_ws/src/semnav_migration/src/navigation_humans.cpp:45:63: error: no matching function for call to ‘rclcpp::Publisher<example_interfaces::msg::UInt32_<std::allocator<void> > >::Publisher()’
[22.219s]    45 |         NavigationHumansNode() : Node("navigation humans node") {
[22.219s]       |                                                               ^
[22.219s] /opt/ros/jazzy/include/rclcpp/rclcpp/publisher.hpp:134:3: note: candidate: ‘rclcpp::Publisher<MessageT, AllocatorT>::Publisher(rclcpp::node_interfaces::NodeBaseInterface*, const std::string&, const rclcpp::QoS&, const rclcpp::PublisherOptionsWithAllocator<AllocatorT>&) [with MessageT = example_interfaces::msg::UInt32_<std::allocator<void> >; AllocatorT = std::allocator<void>; std::string = std::__cxx11::basic_string<char>]’
[22.220s]   134 |   Publisher(
[22.222s]       |   ^~~~~~~~~
[22.222s] /opt/ros/jazzy/include/rclcpp/rclcpp/publisher.hpp:134:3: note:   candidate expects 4 arguments, 0 provided
[22.222s] /opt/ros/jazzy/include/rclcpp/rclcpp/publisher.hpp:80:7: note: candidate: ‘rclcpp::Publisher<example_interfaces::msg::UInt32_<std::allocator<void> > >::Publisher(const rclcpp::Publisher<example_interfaces::msg::UInt32_<std::allocator<void> > >&)’
[22.223s]    80 | class Publisher : public PublisherBase
[22.223s]       |       ^~~~~~~~~
[22.223s] /opt/ros/jazzy/include/rclcpp/rclcpp/publisher.hpp:80:7: note:   candidate expects 1 argument, 0 provided
[22.259s] /home/neha/ros2_ws/src/semnav_migration/src/human_following.cpp:44:36: error: ‘ros’ has not been declared
[22.259s]    44 |                 HumanFollowingNode(ros::NodeHandle* nodehandle) : nh_(*nodehandle) {
[22.259s]       |                                    ^~~
[22.260s] /home/neha/ros2_ws/src/semnav_migration/src/human_following.cpp:44:51: error: expected ‘)’ before ‘*’ token
[22.260s]    44 |                 HumanFollowingNode(ros::NodeHandle* nodehandle) : nh_(*nodehandle) {
[22.260s]       |                                   ~               ^
[22.260s]       |                                                   )
[22.261s] /home/neha/ros2_ws/src/semnav_migration/src/human_following.cpp:242:69: error: ‘KeypointDetections3D’ in namespace ‘object_pose_interface_msgs’ does not name a type
[22.261s]   242 |                 void human_update(const object_pose_interface_msgs::KeypointDetections3D::ConstPtr& human_data) {
[22.261s]       |                                                                     ^~~~~~~~~~~~~~~~~~~~
[22.262s] /home/neha/ros2_ws/src/semnav_migration/src/human_following.cpp:242:99: error: expected unqualified-id before ‘&’ token
[22.262s]   242 |                 void human_update(const object_pose_interface_msgs::KeypointDetections3D::ConstPtr& human_data) {
[22.262s]       |                                                                                                   ^
[22.262s] /home/neha/ros2_ws/src/semnav_migration/src/human_following.cpp:242:99: error: expected ‘)’ before ‘&’ token
[22.263s]   242 |                 void human_update(const object_pose_interface_msgs::KeypointDetections3D::ConstPtr& human_data) {
[22.263s]       |                                  ~                                                                ^
[22.263s]       |                                                                                                   )
[22.263s] /home/neha/ros2_ws/src/semnav_migration/src/human_following.cpp:242:99: error: expected ‘;’ at end of member declaration
[22.263s]   242 |                 void human_update(const object_pose_interface_msgs::KeypointDetections3D::ConstPtr& human_data) {
[22.264s]       |                                                                                                   ^
[22.264s]       |                                                                                                    ;
[22.281s] /home/neha/ros2_ws/src/semnav_migration/src/navigation_humans.cpp:124:25: error: ‘LowpassCutOff_’ was not declared in this scope; did you mean ‘LowpassCutoff_’?
[22.281s]   124 |                         LowpassCutOff_ = this->get_parameter("LowpassCutOff").as_double();
[22.281s]       |                         ^~~~~~~~~~~~~~
[22.281s]       |                         LowpassCutoff_
[22.284s] /home/neha/ros2_ws/src/semnav_migration/src/human_following.cpp:242:101: error: ‘human_data’ does not name a type
[22.284s]   242 |                 void human_update(const object_pose_interface_msgs::KeypointDetections3D::ConstPtr& human_data) {
[22.284s]       |                                                                                                     ^~~~~~~~~~
[22.285s] /home/neha/ros2_ws/src/semnav_migration/src/human_following.cpp:288:75: error: ‘SemanticMapObjectArray’ in namespace ‘object_pose_interface_msgs’ does not name a type
[22.285s]   288 |                 void diffeo_tree_update(const object_pose_interface_msgs::SemanticMapObjectArray::ConstPtr& semantic_map_data) {
[22.285s]       |                                                                           ^~~~~~~~~~~~~~~~~~~~~~
[22.288s] /home/neha/ros2_ws/src/semnav_migration/src/human_following.cpp:288:107: error: expected unqualified-id before ‘&’ token
[22.288s]   288 |                 void diffeo_tree_update(const object_pose_interface_msgs::SemanticMapObjectArray::ConstPtr& semantic_map_data) {
[22.288s]       |                                                                                                           ^
[22.289s] /home/neha/ros2_ws/src/semnav_migration/src/human_following.cpp:288:107: error: expected ‘)’ before ‘&’ token
[22.289s]   288 |                 void diffeo_tree_update(const object_pose_interface_msgs::SemanticMapObjectArray::ConstPtr& semantic_map_data) {
[22.289s]       |                                        ~                                                                  ^
[22.289s]       |                                                                                                           )
[22.289s] /home/neha/ros2_ws/src/semnav_migration/src/human_following.cpp:288:107: error: expected ‘;’ at end of member declaration
[22.289s]   288 |                 void diffeo_tree_update(const object_pose_interface_msgs::SemanticMapObjectArray::ConstPtr& semantic_map_data) {
[22.289s]       |                                                                                                           ^
[22.290s]       |                                                                                                            ;
[22.290s] /home/neha/ros2_ws/src/semnav_migration/src/navigation_humans.cpp:133:113: error: no match for ‘operator=’ (operand types are ‘rclcpp::Publisher<example_interfaces::msg::UInt32_<std::allocator<void> > >’ and ‘std::shared_ptr<rclcpp::Publisher<example_interfaces::msg::UInt32_<std::allocator<void> > > >’)
[22.290s]   133 |             pub_behaviorID_ = this->create_publisher<example_interfaces::msg::UInt32>("pub_behaviorID_topic_", 1);
[22.290s]       |                                                                                                                 ^
[22.290s] /opt/ros/jazzy/include/rclcpp/rclcpp/publisher.hpp:80:7: note: candidate: ‘rclcpp::Publisher<example_interfaces::msg::UInt32_<std::allocator<void> > >& rclcpp::Publisher<example_interfaces::msg::UInt32_<std::allocator<void> > >::operator=(const rclcpp::Publisher<example_interfaces::msg::UInt32_<std::allocator<void> > >&)’ (deleted)
[22.290s]    80 | class Publisher : public PublisherBase
[22.290s]       |       ^~~~~~~~~
[22.291s] /opt/ros/jazzy/include/rclcpp/rclcpp/publisher.hpp:80:7: note:   no known conversion for argument 1 from ‘std::shared_ptr<rclcpp::Publisher<example_interfaces::msg::UInt32_<std::allocator<void> > > >’ to ‘const rclcpp::Publisher<example_interfaces::msg::UInt32_<std::allocator<void> > >&’
[22.291s] /home/neha/ros2_ws/src/semnav_migration/src/navigation_humans.cpp:134:117: error: no match for ‘operator=’ (operand types are ‘rclcpp::Publisher<example_interfaces::msg::UInt32_<std::allocator<void> > >’ and ‘std::shared_ptr<rclcpp::Publisher<example_interfaces::msg::UInt32_<std::allocator<void> > > >’)
[22.291s]   134 |             pub_behaviorMode_ = this->create_publisher<example_interfaces::msg::UInt32>("pub_behaviorMode_topic_", 1);
[22.291s]       |                                                                                                                     ^
[22.291s] /opt/ros/jazzy/include/rclcpp/rclcpp/publisher.hpp:80:7: note: candidate: ‘rclcpp::Publisher<example_interfaces::msg::UInt32_<std::allocator<void> > >& rclcpp::Publisher<example_interfaces::msg::UInt32_<std::allocator<void> > >::operator=(const rclcpp::Publisher<example_interfaces::msg::UInt32_<std::allocator<void> > >&)’ (deleted)
[22.291s]    80 | class Publisher : public PublisherBase
[22.291s]       |       ^~~~~~~~~
[22.292s] /opt/ros/jazzy/include/rclcpp/rclcpp/publisher.hpp:80:7: note:   no known conversion for argument 1 from ‘std::shared_ptr<rclcpp::Publisher<example_interfaces::msg::UInt32_<std::allocator<void> > > >’ to ‘const rclcpp::Publisher<example_interfaces::msg::UInt32_<std::allocator<void> > >&’
[22.294s] /home/neha/ros2_ws/src/semnav_migration/src/navigation_humans.cpp:135:102: error: no match for ‘operator=’ (operand types are ‘rclcpp::Publisher<geometry_msgs::msg::Twist_<std::allocator<void> > >’ and ‘std::shared_ptr<rclcpp::Publisher<example_interfaces::msg::UInt32_<std::allocator<void> > > >’)
[22.294s]   135 |             pub_twist_ = this->create_publisher<example_interfaces::msg::UInt32>("pub_twist_topic", 1);
[22.294s]       |                                                                                                      ^
[22.294s] /opt/ros/jazzy/include/rclcpp/rclcpp/publisher.hpp:80:7: note: candidate: ‘rclcpp::Publisher<geometry_msgs::msg::Twist_<std::allocator<void> > >& rclcpp::Publisher<geometry_msgs::msg::Twist_<std::allocator<void> > >::operator=(const rclcpp::Publisher<geometry_msgs::msg::Twist_<std::allocator<void> > >&)’ (deleted)
[22.294s]    80 | class Publisher : public PublisherBase
[22.294s]       |       ^~~~~~~~~
[22.295s] /opt/ros/jazzy/include/rclcpp/rclcpp/publisher.hpp:80:7: note:   no known conversion for argument 1 from ‘std::shared_ptr<rclcpp::Publisher<example_interfaces::msg::UInt32_<std::allocator<void> > > >’ to ‘const rclcpp::Publisher<geometry_msgs::msg::Twist_<std::allocator<void> > >&’
[22.338s] /home/neha/ros2_ws/src/semnav_migration/src/human_following.cpp:288:109: error: ‘semantic_map_data’ does not name a type
[22.338s]   288 |                 void diffeo_tree_update(const object_pose_interface_msgs::SemanticMapObjectArray::ConstPtr& semantic_map_data) {
[22.338s]       |                                                                                                             ^~~~~~~~~~~~~~~~~
[22.338s] /home/neha/ros2_ws/src/semnav_migration/src/human_following.cpp:375:58: error: ‘LaserScan’ in namespace ‘sensor_msgs’ does not name a type
[22.338s]   375 |                 void control_callback(const sensor_msgs::LaserScan::ConstPtr& lidar_data, const nav_msgs::Odometry::ConstPtr& robot_data) {
[22.339s]       |                                                          ^~~~~~~~~
[22.339s] /home/neha/ros2_ws/src/semnav_migration/src/human_following.cpp:375:77: error: expected unqualified-id before ‘&’ token
[22.339s]   375 |                 void control_callback(const sensor_msgs::LaserScan::ConstPtr& lidar_data, const nav_msgs::Odometry::ConstPtr& robot_data) {
[22.339s]       |                                                                             ^
[22.339s] /home/neha/ros2_ws/src/semnav_migration/src/human_following.cpp:375:77: error: expected ‘)’ before ‘&’ token
[22.339s]   375 |                 void control_callback(const sensor_msgs::LaserScan::ConstPtr& lidar_data, const nav_msgs::Odometry::ConstPtr& robot_data) {
[22.339s]       |                                      ~                                      ^
[22.340s]       |                                                                             )
[22.342s] /home/neha/ros2_ws/src/semnav_migration/src/human_following.cpp:375:77: error: expected ‘;’ at end of member declaration
[22.342s]   375 |                 void control_callback(const sensor_msgs::LaserScan::ConstPtr& lidar_data, const nav_msgs::Odometry::ConstPtr& robot_data) {
[22.342s]       |                                                                             ^
[22.342s]       |                                                                              ;
[22.353s] /home/neha/ros2_ws/src/semnav_migration/src/human_following.cpp:375:79: error: ‘lidar_data’ does not name a type
[22.353s]   375 |                 void control_callback(const sensor_msgs::LaserScan::ConstPtr& lidar_data, const nav_msgs::Odometry::ConstPtr& robot_data) {
[22.354s]       |                                                                               ^~~~~~~~~~
[22.362s] /home/neha/ros2_ws/src/semnav_migration/src/human_following.cpp:643:17: error: ‘ros’ does not name a type
[22.362s]   643 |                 ros::NodeHandle nh_;
[22.362s]       |                 ^~~
[22.368s] /home/neha/ros2_ws/src/semnav_migration/src/human_following.cpp:662:17: error: ‘ros’ does not name a type
[22.368s]   662 |                 ros::Publisher pub_behaviorID_;
[22.368s]       |                 ^~~
[22.375s] /home/neha/ros2_ws/src/semnav_migration/src/human_following.cpp:663:17: error: ‘ros’ does not name a type
[22.375s]   663 |                 ros::Publisher pub_behaviorMode_;
[22.375s]       |                 ^~~
[22.383s] /home/neha/ros2_ws/src/semnav_migration/src/human_following.cpp:664:17: error: ‘ros’ does not name a type
[22.383s]   664 |                 ros::Publisher pub_twist_;
[22.383s]       |                 ^~~
[22.390s] /home/neha/ros2_ws/src/semnav_migration/src/human_following.cpp:666:17: error: ‘ros’ does not name a type
[22.390s]   666 |                 ros::Publisher pub_semantic_map_;
[22.390s]       |                 ^~~
[22.396s] /home/neha/ros2_ws/src/semnav_migration/src/human_following.cpp:695:17: error: ‘ros’ does not name a type
[22.396s]   695 |                 ros::Time Goal_camera_stamp_;
[22.396s]       |                 ^~~
[22.414s] /home/neha/ros2_ws/src/semnav_migration/src/human_following.cpp:715:17: error: ‘tf’ does not name a type; did you mean ‘tm’?
[22.414s]   715 |                 tf::TransformListener listener_;
[22.414s]       |                 ^~
[22.414s]       |                 tm
[22.417s] /home/neha/ros2_ws/src/semnav_migration/src/human_following.cpp: In member function ‘void HumanFollowingNode::publish_twist(double, double)’:
[22.418s] /home/neha/ros2_ws/src/semnav_migration/src/human_following.cpp:166:40: error: ‘Twist’ is not a member of ‘geometry_msgs’; did you mean ‘geometry_msgs::msg::Twist’?
[22.418s]   166 |                         geometry_msgs::Twist commandTwist;
[22.418s]       |                                        ^~~~~
[22.419s] In file included from /opt/ros/jazzy/include/geometry_msgs/geometry_msgs/msg/detail/velocity_stamped__struct.hpp:25,
[22.419s]                  from /opt/ros/jazzy/include/geometry_msgs/geometry_msgs/msg/velocity_stamped.hpp:7,
[22.419s]                  from /opt/ros/jazzy/include/tf2/tf2/buffer_core.h:49,
[22.419s]                  from /opt/ros/jazzy/include/tf2_ros/tf2_ros/async_buffer_interface.h:39,
[22.419s]                  from /opt/ros/jazzy/include/tf2_ros/tf2_ros/buffer.h:42,
[22.419s]                  from /home/neha/ros2_ws/src/semnav_migration/include/reactive_planner_lib.h:40,
[22.419s]                  from /home/neha/ros2_ws/src/semnav_migration/src/human_following.cpp:25:
[22.420s] /opt/ros/jazzy/include/geometry_msgs/geometry_msgs/msg/detail/twist__struct.hpp:137:7: note: ‘geometry_msgs::msg::Twist’ declared here
[22.420s]   137 | using Twist =
[22.420s]       |       ^~~~~
[22.497s] /home/neha/ros2_ws/src/semnav_migration/src/human_following.cpp:167:25: error: ‘commandTwist’ was not declared in this scope
[22.497s]   167 |                         commandTwist.linear.x = LinearCmd;
[22.497s]       |                         ^~~~~~~~~~~~
[22.550s] /home/neha/ros2_ws/src/semnav_migration/src/human_following.cpp:169:25: error: ‘pub_twist_’ was not declared in this scope; did you mean ‘publish_twist’?
[22.550s]   169 |                         pub_twist_.publish(commandTwist);
[22.550s]       |                         ^~~~~~~~~~
[22.550s]       |                         publish_twist
[22.556s] /home/neha/ros2_ws/src/semnav_migration/src/human_following.cpp: In member function ‘void HumanFollowingNode::publish_behavior_id(uint16_t)’:
[22.556s] /home/neha/ros2_ws/src/semnav_migration/src/human_following.cpp:174:35: error: ‘UInt32’ is not a member of ‘std_msgs’; did you mean ‘example_interfaces::msg::UInt32’?
[22.556s]   174 |                         std_msgs::UInt32 commandId;
[22.556s]       |                                   ^~~~~~
[22.556s] In file included from /opt/ros/jazzy/include/example_interfaces/example_interfaces/msg/u_int32.hpp:7,
[22.557s]                  from /home/neha/ros2_ws/src/semnav_migration/include/reactive_planner_lib.h:51:
[22.557s] /opt/ros/jazzy/include/example_interfaces/example_interfaces/msg/detail/u_int32__struct.hpp:125:7: note: ‘example_interfaces::msg::UInt32’ declared here
[22.557s]   125 | using UInt32 =
[22.557s]       |       ^~~~~~
[22.559s] /home/neha/ros2_ws/src/semnav_migration/src/navigation_humans.cpp:150:47: error: ‘SemanticNavigationNode’ has not been declared
[22.559s]   150 |             sync->registerCallback(std::bind(&SemanticNavigationNode::control_callback,
[22.559s]       |                                               ^~~~~~~~~~~~~~~~~~~~~~
[22.617s] /home/neha/ros2_ws/src/semnav_migration/src/navigation_humans.cpp:166:38: error: expected ‘)’ before ‘std’
[22.617s]   166 |                                      std::bind(&NavigationHumansNode::diffeo_tree_update, this, std::placeholders::_1));
[22.617s]       |                                      ^~~
[22.619s] /home/neha/ros2_ws/src/semnav_migration/src/navigation_humans.cpp:164:106: note: to match this ‘(’
[22.620s]   164 |                      = this->create_subscription<object_pose_interface_msgs::msg::SemanticMapObjectArray>(
[22.620s]       |                                                                                                          ^
[22.620s] /home/neha/ros2_ws/src/semnav_migration/src/navigation_humans.cpp:164:106: error: no matching function for call to ‘NavigationHumansNode::create_subscription<object_pose_interface_msgs::msg::SemanticMapObjectArray>(const char [19], int)’
[22.620s]   164 |                      = this->create_subscription<object_pose_interface_msgs::msg::SemanticMapObjectArray>(
[22.620s]       |                        ~~~~~~~~~~~~~~~~~~~~~~~~~~~~~~~~~~~~~~~~~~~~~~~~~~~~~~~~~~~~~~~~~~~~~~~~~~~~~~~~~~^
[22.620s]   165 |                                      "sub_semantic_topic", 1
[22.620s]       |                                      ~~~~~~~~~~~~~~~~~~~~~~~                                              
[22.620s]   166 |                                      std::bind(&NavigationHumansNode::diffeo_tree_update, this, std::placeholders::_1));
[22.621s]       |                                      ~~~                                                                  
[22.621s] /opt/ros/jazzy/include/rclcpp/rclcpp/node.hpp:221:3: note: candidate: ‘template<class MessageT, class CallbackT, class AllocatorT, class SubscriptionT, class MessageMemoryStrategyT> std::shared_ptr<ROSMessageT> rclcpp::Node::create_subscription(const std::string&, const rclcpp::QoS&, CallbackT&&, const rclcpp::SubscriptionOptionsWithAllocator<AllocatorT>&, typename MessageMemoryStrategyT::SharedPtr)’
[22.621s]   221 |   create_subscription(
[22.621s]       |   ^~~~~~~~~~~~~~~~~~~
[22.621s] /opt/ros/jazzy/include/rclcpp/rclcpp/node.hpp:221:3: note:   candidate expects 3 arguments, 2 provided
[22.621s] /home/neha/ros2_ws/src/semnav_migration/src/navigation_humans.cpp:167:102: error: redeclaration of ‘rclcpp::Subscription<object_pose_interface_msgs::msg::SemanticMapObjectArray_<std::allocator<void> > >::SharedPtr sub_semantic’
[22.621s]   167 |             rclcpp::Subscription<object_pose_interface_msgs::msg::SemanticMapObjectArray>::SharedPtr sub_semantic
[22.622s]       |                                                                                                      ^~~~~~~~~~~~
[22.625s] /home/neha/ros2_ws/src/semnav_migration/src/navigation_humans.cpp:163:102: note: ‘rclcpp::Subscription<object_pose_interface_msgs::msg::SemanticMapObjectArray_<std::allocator<void> > >::SharedPtr sub_semantic’ previously declared here
[22.625s]   163 |             rclcpp::Subscription<object_pose_interface_msgs::msg::SemanticMapObjectArray>::SharedPtr sub_semantic
[22.625s]       |                                                                                                      ^~~~~~~~~~~~
[22.625s] /home/neha/ros2_ws/src/semnav_migration/src/navigation_humans.cpp:170:38: error: expected ‘)’ before ‘std’
[22.625s]   170 |                                      std::bind(&NavigationHumansNode::human_update, this, std::placeholders::_1));
[22.625s]       |                                      ^~~
[22.626s] /home/neha/ros2_ws/src/semnav_migration/src/navigation_humans.cpp:168:106: note: to match this ‘(’
[22.626s]   168 |                      = this->create_subscription<object_pose_interface_msgs::msg::SemanticMapObjectArray>(
[22.626s]       |                                                                                                          ^
[22.626s] /home/neha/ros2_ws/src/semnav_migration/src/navigation_humans.cpp:168:106: error: no matching function for call to ‘NavigationHumansNode::create_subscription<object_pose_interface_msgs::msg::SemanticMapObjectArray>(const char [16], int)’
[22.626s]   168 |                      = this->create_subscription<object_pose_interface_msgs::msg::SemanticMapObjectArray>(
[22.626s]       |                        ~~~~~~~~~~~~~~~~~~~~~~~~~~~~~~~~~~~~~~~~~~~~~~~~~~~~~~~~~~~~~~~~~~~~~~~~~~~~~~~~~~^
[22.626s]   169 |                                      "sub_human_topic", 1
[22.627s]       |                                      ~~~~~~~~~~~~~~~~~~~~                                                 
[22.629s]   170 |                                      std::bind(&NavigationHumansNode::human_update, this, std::placeholders::_1));
[22.629s]       |                                      ~~~                                                                  
[22.629s] /opt/ros/jazzy/include/rclcpp/rclcpp/node.hpp:221:3: note: candidate: ‘template<class MessageT, class CallbackT, class AllocatorT, class SubscriptionT, class MessageMemoryStrategyT> std::shared_ptr<ROSMessageT> rclcpp::Node::create_subscription(const std::string&, const rclcpp::QoS&, CallbackT&&, const rclcpp::SubscriptionOptionsWithAllocator<AllocatorT>&, typename MessageMemoryStrategyT::SharedPtr)’
[22.629s]   221 |   create_subscription(
[22.632s]       |   ^~~~~~~~~~~~~~~~~~~
[22.632s] /opt/ros/jazzy/include/rclcpp/rclcpp/node.hpp:221:3: note:   candidate expects 3 arguments, 2 provided
[22.632s] /home/neha/ros2_ws/src/semnav_migration/src/navigation_humans.cpp:174:45: error: no matching function for call to ‘rclcpp::Duration::Duration(double)’
[22.632s]   174 |                         rclcpp::Duration(5.0).sleep();
[22.632s]       |                                             ^
[22.632s] In file included from /opt/ros/jazzy/include/rclcpp/rclcpp/time.hpp:24,
[22.633s]                  from /opt/ros/jazzy/include/rclcpp/rclcpp/clock.hpp:24,
[22.633s]                  from /opt/ros/jazzy/include/rclcpp/rclcpp/client.hpp:38,
[22.633s]                  from /opt/ros/jazzy/include/rclcpp/rclcpp/callback_group.hpp:24,
[22.633s]                  from /opt/ros/jazzy/include/rclcpp/rclcpp/any_executable.hpp:20:
[22.633s] /opt/ros/jazzy/include/rclcpp/rclcpp/duration.hpp:49:3: note: candidate: ‘template<class Rep, class Period> rclcpp::Duration::Duration(const std::chrono::duration<_Rep1, _Period1>&)’
[22.633s]    49 |   Duration(const std::chrono::duration<Rep, Period> & duration)  // NOLINT(runtime/explicit)
[22.633s]       |   ^~~~~~~~
[22.633s] /opt/ros/jazzy/include/rclcpp/rclcpp/duration.hpp:49:3: note:   template argument deduction/substitution failed:
[22.634s] /home/neha/ros2_ws/src/semnav_migration/src/navigation_humans.cpp:174:45: note:   mismatched types ‘const std::chrono::duration<_Rep1, _Period1>’ and ‘double’
[22.636s]   174 |                         rclcpp::Duration(5.0).sleep();
[22.636s]       |                                             ^
[22.636s] /opt/ros/jazzy/include/rclcpp/rclcpp/duration.hpp:159:3: note: candidate: ‘rclcpp::Duration::Duration()’
[22.636s]   159 |   Duration() = default;
[22.636s]       |   ^~~~~~~~
[22.636s] /opt/ros/jazzy/include/rclcpp/rclcpp/duration.hpp:159:3: note:   candidate expects 0 arguments, 1 provided
[22.637s] /opt/ros/jazzy/include/rclcpp/rclcpp/duration.hpp:62:3: note: candidate: ‘rclcpp::Duration::Duration(const rclcpp::Duration&)’
[22.637s]    62 |   Duration(const Duration & rhs);
[22.637s]       |   ^~~~~~~~
[22.637s] /opt/ros/jazzy/include/rclcpp/rclcpp/duration.hpp:62:29: note:   no known conversion for argument 1 from ‘double’ to ‘const rclcpp::Duration&’
[22.637s]    62 |   Duration(const Duration & rhs);
[22.637s]       |            ~~~~~~~~~~~~~~~~~^~~
[22.637s] /opt/ros/jazzy/include/rclcpp/rclcpp/duration.hpp:60:12: note: candidate: ‘rclcpp::Duration::Duration(const rcl_duration_t&)’
[22.637s]    60 |   explicit Duration(const rcl_duration_t & duration);
[22.640s]       |            ^~~~~~~~
[22.640s] /opt/ros/jazzy/include/rclcpp/rclcpp/duration.hpp:60:44: note:   no known conversion for argument 1 from ‘double’ to ‘const rcl_duration_t&’ {aka ‘const rcl_duration_s&’}
[22.640s]    60 |   explicit Duration(const rcl_duration_t & duration);
[22.640s]       |                     ~~~~~~~~~~~~~~~~~~~~~~~^~~~~~~~
[22.640s] /opt/ros/jazzy/include/rclcpp/rclcpp/duration.hpp:54:3: note: candidate: ‘rclcpp::Duration::Duration(const builtin_interfaces::msg::Duration&)’
[22.641s]    54 |   Duration(const builtin_interfaces::msg::Duration & duration_msg);  // NOLINT(runtime/explicit)
[22.641s]       |   ^~~~~~~~
[22.641s] /opt/ros/jazzy/include/rclcpp/rclcpp/duration.hpp:54:54: note:   no known conversion for argument 1 from ‘double’ to ‘const builtin_interfaces::msg::Duration&’ {aka ‘const builtin_interfaces::msg::Duration_<std::allocator<void> >&’}
[22.641s]    54 |   Duration(const builtin_interfaces::msg::Duration & duration_msg);  // NOLINT(runtime/explicit)
[22.641s]       |            ~~~~~~~~~~~~~~~~~~~~~~~~~~~~~~~~~~~~~~~~~~^~~~~~~~~~~~
[22.641s] /opt/ros/jazzy/include/rclcpp/rclcpp/duration.hpp:43:12: note: candidate: ‘rclcpp::Duration::Duration(std::chrono::nanoseconds)’
[22.641s]    43 |   explicit Duration(std::chrono::nanoseconds nanoseconds);
[22.641s]       |            ^~~~~~~~
[22.642s] /opt/ros/jazzy/include/rclcpp/rclcpp/duration.hpp:43:46: note:   no known conversion for argument 1 from ‘double’ to ‘std::chrono::nanoseconds’ {aka ‘std::chrono::duration<long int, std::ratio<1, 1000000000> >’}
[22.642s]    43 |   explicit Duration(std::chrono::nanoseconds nanoseconds);
[22.642s]       |                     ~~~~~~~~~~~~~~~~~~~~~~~~~^~~~~~~~~~~
[22.642s] /opt/ros/jazzy/include/rclcpp/rclcpp/duration.hpp:40:3: note: candidate: ‘rclcpp::Duration::Duration(int32_t, uint32_t)’
[22.642s]    40 |   Duration(int32_t seconds, uint32_t nanoseconds);
[22.642s]       |   ^~~~~~~~
[22.642s] /opt/ros/jazzy/include/rclcpp/rclcpp/duration.hpp:40:3: note:   candidate expects 2 arguments, 1 provided
[22.643s] /home/neha/ros2_ws/src/semnav_migration/src/navigation_humans.cpp:179:75: error: no matching function for call to ‘rclcpp::executors::MultiThreadedExecutor::MultiThreadedExecutor(int)’
[22.643s]   179 |                         rclcpp::executors::MultiThreadedExecutor spinner(4);
[22.643s]       |                                                                           ^
[22.643s] /opt/ros/jazzy/include/rclcpp/rclcpp/executors/multi_threaded_executor.hpp:55:12: note: candidate: ‘rclcpp::executors::MultiThreadedExecutor::MultiThreadedExecutor(const rclcpp::ExecutorOptions&, size_t, bool, std::chrono::nanoseconds)’
[22.643s]    55 |   explicit MultiThreadedExecutor(
[22.643s]       |            ^~~~~~~~~~~~~~~~~~~~~
[22.643s] /opt/ros/jazzy/include/rclcpp/rclcpp/executors/multi_threaded_executor.hpp:56:37: note:   no known conversion for argument 1 from ‘int’ to ‘const rclcpp::ExecutorOptions&’
[22.643s]    56 |     const rclcpp::ExecutorOptions & options = rclcpp::ExecutorOptions(),
[22.644s]       |     ~~~~~~~~~~~~~~~~~~~~~~~~~~~~~~~~^~~~~~~~~~~~~~~~~~~~~~~~~~~~~~~~~~~
[22.646s] /home/neha/ros2_ws/src/semnav_migration/src/navigation_humans.cpp: In member function ‘void NavigationHumansNode::publish_twist(double, double)’:
[22.646s] /home/neha/ros2_ws/src/semnav_migration/src/navigation_humans.cpp:184:40: error: ‘Twist’ is not a member of ‘geometry_msgs’; did you mean ‘geometry_msgs::msg::Twist’?
[22.646s]   184 |                         geometry_msgs::Twist commandTwist;
[22.646s]       |                                        ^~~~~
[22.646s] In file included from /opt/ros/jazzy/include/geometry_msgs/geometry_msgs/msg/detail/velocity_stamped__struct.hpp:25,
[22.646s]                  from /opt/ros/jazzy/include/geometry_msgs/geometry_msgs/msg/velocity_stamped.hpp:7,
[22.647s]                  from /opt/ros/jazzy/include/tf2/tf2/buffer_core.h:49,
[22.647s]                  from /opt/ros/jazzy/include/tf2_ros/tf2_ros/async_buffer_interface.h:39,
[22.647s]                  from /opt/ros/jazzy/include/tf2_ros/tf2_ros/buffer.h:42,
[22.647s]                  from /home/neha/ros2_ws/src/semnav_migration/include/reactive_planner_lib.h:40:
[22.647s] /opt/ros/jazzy/include/geometry_msgs/geometry_msgs/msg/detail/twist__struct.hpp:137:7: note: ‘geometry_msgs::msg::Twist’ declared here
[22.647s]   137 | using Twist =
[22.647s]       |       ^~~~~
[22.647s] /home/neha/ros2_ws/src/semnav_migration/src/human_following.cpp:175:25: error: ‘commandId’ was not declared in this scope
[22.648s]   175 |                         commandId.data = BehaviorIdCmd;
[22.650s]       |                         ^~~~~~~~~
[22.701s] /home/neha/ros2_ws/src/semnav_migration/src/navigation_humans.cpp:185:25: error: ‘commandTwist’ was not declared in this scope
[22.701s]   185 |                         commandTwist.linear.x = LinearCmd;
[22.701s]       |                         ^~~~~~~~~~~~
[22.731s] /home/neha/ros2_ws/src/semnav_migration/src/human_following.cpp:176:25: error: ‘pub_behaviorID_’ was not declared in this scope; did you mean ‘pub_behaviorID_topic_’?
[22.731s]   176 |                         pub_behaviorID_.publish(commandId);
[22.731s]       |                         ^~~~~~~~~~~~~~~
[22.731s]       |                         pub_behaviorID_topic_
[22.734s] /home/neha/ros2_ws/src/semnav_migration/src/human_following.cpp: In member function ‘void HumanFollowingNode::publish_behavior_mode(uint16_t)’:
[22.734s] /home/neha/ros2_ws/src/semnav_migration/src/human_following.cpp:181:35: error: ‘UInt32’ is not a member of ‘std_msgs’; did you mean ‘example_interfaces::msg::UInt32’?
[22.735s]   181 |                         std_msgs::UInt32 commandMode;
[22.735s]       |                                   ^~~~~~
[22.735s] /opt/ros/jazzy/include/example_interfaces/example_interfaces/msg/detail/u_int32__struct.hpp:125:7: note: ‘example_interfaces::msg::UInt32’ declared here
[22.735s]   125 | using UInt32 =
[22.735s]       |       ^~~~~~
[22.763s] /home/neha/ros2_ws/src/semnav_migration/src/navigation_humans.cpp: In member function ‘void NavigationHumansNode::human_update(const object_pose_interface_msgs::msg::KeypointDetections3D_<std::allocator<void> >::ConstPtr&)’:
[22.763s] /home/neha/ros2_ws/src/semnav_migration/src/navigation_humans.cpp:282:64: error: ‘PointStamped’ is not a member of ‘geometry_msgs’
[22.763s]   282 |                                                 geometry_msgs::PointStamped pointCamera, pointMap;
[22.763s]       |                                                                ^~~~~~~~~~~~
[22.800s] /home/neha/ros2_ws/src/semnav_migration/src/human_following.cpp:182:25: error: ‘commandMode’ was not declared in this scope
[22.801s]   182 |                         commandMode.data = BehaviorModeCmd;
[22.801s]       |                         ^~~~~~~~~~~
[22.827s] /home/neha/ros2_ws/src/semnav_migration/src/navigation_humans.cpp:283:49: error: ‘pointCamera’ was not declared in this scope
[22.827s]   283 |                                                 pointCamera.header.stamp = human_data->header.stamp;
[22.827s]       |                                                 ^~~~~~~~~~~
[22.827s] /home/neha/ros2_ws/src/semnav_migration/src/navigation_humans.cpp:283:95: error: ‘const object_pose_interface_msgs::msg::KeypointDetections3D_<std::allocator<void> >::_header_type’ {aka ‘const struct builtin_interfaces::msg::Time_<std::allocator<void> >’} has no member named ‘stamp’
[22.827s]   283 |                                                 pointCamera.header.stamp = human_data->header.stamp;
[22.828s]       |                                                                                               ^~~~~
[22.870s] /home/neha/ros2_ws/src/semnav_migration/src/navigation_humans.cpp:289:57: error: ‘listener_’ was not declared in this scope
[22.872s]   289 |                                                         listener_.waitForTransform(world_frame_id_, rclcpp::Time(0), camera_optical_frame_id_, human_data->header.stamp, world_frame_id_, rclcpp::Duration(1.0));
[22.872s]       |                                                         ^~~~~~~~~
[22.872s] /home/neha/ros2_ws/src/semnav_migration/src/navigation_humans.cpp:289:163: error: ‘const object_pose_interface_msgs::msg::KeypointDetections3D_<std::allocator<void> >::_header_type’ {aka ‘const struct builtin_interfaces::msg::Time_<std::allocator<void> >’} has no member named ‘stamp’
[22.872s]   289 |                                                         listener_.waitForTransform(world_frame_id_, rclcpp::Time(0), camera_optical_frame_id_, human_data->header.stamp, world_frame_id_, rclcpp::Duration(1.0));
[22.872s]       |                                                                                                                                                                   ^~~~~
[22.873s] /home/neha/ros2_ws/src/semnav_migration/src/navigation_humans.cpp:289:207: error: no matching function for call to ‘rclcpp::Duration::Duration(double)’
[22.873s]   289 |                                                         listener_.waitForTransform(world_frame_id_, rclcpp::Time(0), camera_optical_frame_id_, human_data->header.stamp, world_frame_id_, rclcpp::Duration(1.0));
[22.873s]       |                                                                                                                                                                                                               ^
[22.873s] /opt/ros/jazzy/include/rclcpp/rclcpp/duration.hpp:49:3: note: candidate: ‘template<class Rep, class Period> rclcpp::Duration::Duration(const std::chrono::duration<_Rep1, _Period1>&)’
[22.873s]    49 |   Duration(const std::chrono::duration<Rep, Period> & duration)  // NOLINT(runtime/explicit)
[22.873s]       |   ^~~~~~~~
[22.873s] /opt/ros/jazzy/include/rclcpp/rclcpp/duration.hpp:49:3: note:   template argument deduction/substitution failed:
[22.873s] /home/neha/ros2_ws/src/semnav_migration/src/navigation_humans.cpp:289:207: note:   mismatched types ‘const std::chrono::duration<_Rep1, _Period1>’ and ‘double’
[22.874s]   289 |                                                         listener_.waitForTransform(world_frame_id_, rclcpp::Time(0), camera_optical_frame_id_, human_data->header.stamp, world_frame_id_, rclcpp::Duration(1.0));
[22.876s]       |                                                                                                                                                                                                               ^
[22.876s] /opt/ros/jazzy/include/rclcpp/rclcpp/duration.hpp:159:3: note: candidate: ‘rclcpp::Duration::Duration()’
[22.876s]   159 |   Duration() = default;
[22.876s]       |   ^~~~~~~~
[22.876s] /opt/ros/jazzy/include/rclcpp/rclcpp/duration.hpp:159:3: note:   candidate expects 0 arguments, 1 provided
[22.876s] /opt/ros/jazzy/include/rclcpp/rclcpp/duration.hpp:62:3: note: candidate: ‘rclcpp::Duration::Duration(const rclcpp::Duration&)’
[22.877s]    62 |   Duration(const Duration & rhs);
[22.877s]       |   ^~~~~~~~
[22.877s] /opt/ros/jazzy/include/rclcpp/rclcpp/duration.hpp:62:29: note:   no known conversion for argument 1 from ‘double’ to ‘const rclcpp::Duration&’
[22.877s]    62 |   Duration(const Duration & rhs);
[22.877s]       |            ~~~~~~~~~~~~~~~~~^~~
[22.877s] /opt/ros/jazzy/include/rclcpp/rclcpp/duration.hpp:60:12: note: candidate: ‘rclcpp::Duration::Duration(const rcl_duration_t&)’
[22.877s]    60 |   explicit Duration(const rcl_duration_t & duration);
[22.877s]       |            ^~~~~~~~
[22.880s] /opt/ros/jazzy/include/rclcpp/rclcpp/duration.hpp:60:44: note:   no known conversion for argument 1 from ‘double’ to ‘const rcl_duration_t&’ {aka ‘const rcl_duration_s&’}
[22.880s]    60 |   explicit Duration(const rcl_duration_t & duration);
[22.880s]       |                     ~~~~~~~~~~~~~~~~~~~~~~~^~~~~~~~
[22.880s] /opt/ros/jazzy/include/rclcpp/rclcpp/duration.hpp:54:3: note: candidate: ‘rclcpp::Duration::Duration(const builtin_interfaces::msg::Duration&)’
[22.880s]    54 |   Duration(const builtin_interfaces::msg::Duration & duration_msg);  // NOLINT(runtime/explicit)
[22.880s]       |   ^~~~~~~~
[22.880s] /opt/ros/jazzy/include/rclcpp/rclcpp/duration.hpp:54:54: note:   no known conversion for argument 1 from ‘double’ to ‘const builtin_interfaces::msg::Duration&’ {aka ‘const builtin_interfaces::msg::Duration_<std::allocator<void> >&’}
[22.881s]    54 |   Duration(const builtin_interfaces::msg::Duration & duration_msg);  // NOLINT(runtime/explicit)
[22.881s]       |            ~~~~~~~~~~~~~~~~~~~~~~~~~~~~~~~~~~~~~~~~~~^~~~~~~~~~~~
[22.881s] /opt/ros/jazzy/include/rclcpp/rclcpp/duration.hpp:43:12: note: candidate: ‘rclcpp::Duration::Duration(std::chrono::nanoseconds)’
[22.881s]    43 |   explicit Duration(std::chrono::nanoseconds nanoseconds);
[22.881s]       |            ^~~~~~~~
[22.881s] /opt/ros/jazzy/include/rclcpp/rclcpp/duration.hpp:43:46: note:   no known conversion for argument 1 from ‘double’ to ‘std::chrono::nanoseconds’ {aka ‘std::chrono::duration<long int, std::ratio<1, 1000000000> >’}
[22.881s]    43 |   explicit Duration(std::chrono::nanoseconds nanoseconds);
[22.882s]       |                     ~~~~~~~~~~~~~~~~~~~~~~~~~^~~~~~~~~~~
[22.884s] /opt/ros/jazzy/include/rclcpp/rclcpp/duration.hpp:40:3: note: candidate: ‘rclcpp::Duration::Duration(int32_t, uint32_t)’
[22.884s]    40 |   Duration(int32_t seconds, uint32_t nanoseconds);
[22.884s]       |   ^~~~~~~~
[22.884s] /opt/ros/jazzy/include/rclcpp/rclcpp/duration.hpp:40:3: note:   candidate expects 2 arguments, 1 provided
[22.905s] /home/neha/ros2_ws/src/semnav_migration/src/human_following.cpp:183:25: error: ‘pub_behaviorMode_’ was not declared in this scope; did you mean ‘pub_behaviorMode_topic_’?
[22.905s]   183 |                         pub_behaviorMode_.publish(commandMode);
[22.905s]       |                         ^~~~~~~~~~~~~~~~~
[22.905s]       |                         pub_behaviorMode_topic_
[22.910s] /home/neha/ros2_ws/src/semnav_migration/src/navigation_humans.cpp:290:146: error: ‘pointMap’ was not declared in this scope; did you mean ‘point’?
[22.910s]   290 |                                                         listener_.transformPoint(world_frame_id_, rclcpp::Time(0), pointCamera, world_frame_id_, pointMap);
[22.910s]       |                                                                                                                                                  ^~~~~~~~
[22.910s]       |                                                                                                                                                  point
[22.911s] /home/neha/ros2_ws/src/semnav_migration/src/navigation_humans.cpp:291:100: error: ‘TransformException’ in ‘class rclcpp::executors::MultiThreadedExecutor’ does not name a type
[22.911s]   291 |                                                 } catch (rclcpp::executors::MultiThreadedExecutor::TransformException &ex) {
[22.911s]       |                                                                                                    ^~~~~~~~~~~~~~~~~~
[22.943s] /home/neha/ros2_ws/src/semnav_migration/src/navigation_humans.cpp:292:72: error: ‘ex’ was not declared in this scope; did you mean ‘exp’?
[22.943s]   292 |                                                         ROS_ERROR("%s",ex.what());
[22.943s]       |                                                                        ^~
[22.944s]       |                                                                        exp
[22.962s] /home/neha/ros2_ws/src/semnav_migration/src/human_following.cpp: In function ‘int main(int, char**)’:
[22.962s] /home/neha/ros2_ws/src/semnav_migration/src/human_following.cpp:722:9: error: ‘ros’ has not been declared
[22.962s]   722 |         ros::init(argc, argv, "human_following");
[22.962s]       |         ^~~
[22.963s] /home/neha/ros2_ws/src/semnav_migration/src/human_following.cpp:725:9: error: ‘ros’ has not been declared
[22.963s]   725 |         ros::NodeHandle nh("~");
[22.963s]       |         ^~~
[22.985s] /home/neha/ros2_ws/src/semnav_migration/src/human_following.cpp:728:48: error: ‘nh’ was not declared in this scope
[22.985s]   728 |         HumanFollowingNode humanFollowingNode(&nh);
[22.985s]       |                                                ^~
[22.992s] /home/neha/ros2_ws/src/semnav_migration/src/navigation_humans.cpp:292:57: error: ‘ROS_ERROR’ was not declared in this scope
[22.993s]   292 |                                                         ROS_ERROR("%s",ex.what());
[22.993s]       |                                                         ^~~~~~~~~
[23.034s] /home/neha/ros2_ws/src/semnav_migration/src/navigation_humans.cpp:295:67: error: ‘pointMap’ was not declared in this scope; did you mean ‘point’?
[23.034s]   295 |                                                 human_x.push_back(pointMap.point.x);
[23.035s]       |                                                                   ^~~~~~~~
[23.035s]       |                                                                   point
[23.040s] /home/neha/ros2_ws/src/semnav_migration/src/navigation_humans.cpp: In member function ‘void NavigationHumansNode::diffeo_tree_update(const object_pose_interface_msgs::msg::SemanticMapObjectArray_<std::allocator<void> >::ConstPtr&)’:
[23.040s] /home/neha/ros2_ws/src/semnav_migration/src/navigation_humans.cpp:338:45: error: expected unqualified-id before ‘-’ token
[23.040s]   338 |                         if (time.seconds(). - DiffeoTreeUpdateTime_ < (1.0/DiffeoTreeUpdateRate_)) {
[23.040s]       |                                             ^
[23.071s] /home/neha/ros2_ws/src/semnav_migration/src/navigation_humans.cpp:425:82: error: invalid operands of types ‘const char [31]’ and ‘double’ to binary ‘operator<<’
[23.072s]   425 |                                 ROS_WARN_STREAM("[Navigation] Updated trees in " << time.seconds()-start_time << " seconds.");
[23.072s]       |                                                 ~~~~~~~~~~~~~~~~~~~~~~~~~~~~~~~~ ^~ ~~~~~~~~~~~~~~~~~~~~~~~~~
[23.072s]       |                                                 |                                                 |
[23.072s]       |                                                 const char [31]                                   double
[23.168s] /home/neha/ros2_ws/src/semnav_migration/src/navigation_humans.cpp:425:33: error: ‘ROS_WARN_STREAM’ was not declared in this scope; did you mean ‘RCLCPP_WARN_STREAM’?
[23.169s]   425 |                                 ROS_WARN_STREAM("[Navigation] Updated trees in " << time.seconds()-start_time << " seconds.");
[23.169s]       |                                 ^~~~~~~~~~~~~~~
[23.169s]       |                                 RCLCPP_WARN_STREAM
[23.175s] /home/neha/ros2_ws/src/semnav_migration/src/navigation_humans.cpp: In member function ‘void NavigationHumansNode::control_callback(const sensor_msgs::msg::LaserScan_<std::allocator<void> >::ConstPtr&, const nav_msgs::msg::Odometry_<std::allocator<void> >::ConstPtr&)’:
[23.175s] /home/neha/ros2_ws/src/semnav_migration/src/navigation_humans.cpp:456:40: error: ‘PoseStamped’ is not a member of ‘geometry_msgs’; did you mean ‘geometry_msgs::msg::PoseStamped’?
[23.175s]   456 |                         geometry_msgs::PoseStamped odomPose, mapPose;
[23.175s]       |                                        ^~~~~~~~~~~
[23.175s] In file included from /home/neha/ros2_ws/src/install/object_pose_interface_msgs/include/object_pose_interface_msgs/object_pose_interface_msgs/msg/detail/semantic_map_object__struct.hpp:28,
[23.176s]                  from /home/neha/ros2_ws/src/install/object_pose_interface_msgs/include/object_pose_interface_msgs/object_pose_interface_msgs/msg/detail/semantic_map_object_array__struct.hpp:25,
[23.176s]                  from /home/neha/ros2_ws/src/install/object_pose_interface_msgs/include/object_pose_interface_msgs/object_pose_interface_msgs/msg/semantic_map_object_array.hpp:7,
[23.176s]                  from /home/neha/ros2_ws/src/semnav_migration/include/reactive_planner_lib.h:53:
[23.176s] /opt/ros/jazzy/include/geometry_msgs/geometry_msgs/msg/detail/pose_stamped__struct.hpp:138:7: note: ‘geometry_msgs::msg::PoseStamped’ declared here
[23.176s]   138 | using PoseStamped =
[23.176s]       |       ^~~~~~~~~~~
[23.223s] /home/neha/ros2_ws/src/semnav_migration/src/navigation_humans.cpp:457:25: error: ‘odomPose’ was not declared in this scope
[23.223s]   457 |                         odomPose.header.stamp = rclcpp::Time(0);
[23.224s]       |                         ^~~~~~~~
[23.276s] /home/neha/ros2_ws/src/semnav_migration/src/navigation_humans.cpp:461:33: error: ‘listener_’ was not declared in this scope
[23.276s]   461 |                                 listener_.waitForTransform(world_frame_id_, odom_frame_id_, rclcpp::Time(0), rclcpp::Duration(1.0));
[23.277s]       |                                 ^~~~~~~~~
[23.277s] /home/neha/ros2_ws/src/semnav_migration/src/navigation_humans.cpp:461:130: error: no matching function for call to ‘rclcpp::Duration::Duration(double)’
[23.277s]   461 |                                 listener_.waitForTransform(world_frame_id_, odom_frame_id_, rclcpp::Time(0), rclcpp::Duration(1.0));
[23.277s]       |                                                                                                                                  ^
[23.278s] /opt/ros/jazzy/include/rclcpp/rclcpp/duration.hpp:49:3: note: candidate: ‘template<class Rep, class Period> rclcpp::Duration::Duration(const std::chrono::duration<_Rep1, _Period1>&)’
[23.278s]    49 |   Duration(const std::chrono::duration<Rep, Period> & duration)  // NOLINT(runtime/explicit)
[23.278s]       |   ^~~~~~~~
[23.278s] /opt/ros/jazzy/include/rclcpp/rclcpp/duration.hpp:49:3: note:   template argument deduction/substitution failed:
[23.278s] /home/neha/ros2_ws/src/semnav_migration/src/navigation_humans.cpp:461:130: note:   mismatched types ‘const std::chrono::duration<_Rep1, _Period1>’ and ‘double’
[23.278s]   461 |                                 listener_.waitForTransform(world_frame_id_, odom_frame_id_, rclcpp::Time(0), rclcpp::Duration(1.0));
[23.278s]       |                                                                                                                                  ^
[23.279s] /opt/ros/jazzy/include/rclcpp/rclcpp/duration.hpp:159:3: note: candidate: ‘rclcpp::Duration::Duration()’
[23.281s]   159 |   Duration() = default;
[23.281s]       |   ^~~~~~~~
[23.281s] /opt/ros/jazzy/include/rclcpp/rclcpp/duration.hpp:159:3: note:   candidate expects 0 arguments, 1 provided
[23.281s] /opt/ros/jazzy/include/rclcpp/rclcpp/duration.hpp:62:3: note: candidate: ‘rclcpp::Duration::Duration(const rclcpp::Duration&)’
[23.281s]    62 |   Duration(const Duration & rhs);
[23.282s]       |   ^~~~~~~~
[23.282s] /opt/ros/jazzy/include/rclcpp/rclcpp/duration.hpp:62:29: note:   no known conversion for argument 1 from ‘double’ to ‘const rclcpp::Duration&’
[23.282s]    62 |   Duration(const Duration & rhs);
[23.282s]       |            ~~~~~~~~~~~~~~~~~^~~
[23.282s] /opt/ros/jazzy/include/rclcpp/rclcpp/duration.hpp:60:12: note: candidate: ‘rclcpp::Duration::Duration(const rcl_duration_t&)’
[23.282s]    60 |   explicit Duration(const rcl_duration_t & duration);
[23.282s]       |            ^~~~~~~~
[23.283s] /opt/ros/jazzy/include/rclcpp/rclcpp/duration.hpp:60:44: note:   no known conversion for argument 1 from ‘double’ to ‘const rcl_duration_t&’ {aka ‘const rcl_duration_s&’}
[23.285s]    60 |   explicit Duration(const rcl_duration_t & duration);
[23.285s]       |                     ~~~~~~~~~~~~~~~~~~~~~~~^~~~~~~~
[23.285s] /opt/ros/jazzy/include/rclcpp/rclcpp/duration.hpp:54:3: note: candidate: ‘rclcpp::Duration::Duration(const builtin_interfaces::msg::Duration&)’
[23.285s]    54 |   Duration(const builtin_interfaces::msg::Duration & duration_msg);  // NOLINT(runtime/explicit)
[23.285s]       |   ^~~~~~~~
[23.286s] /opt/ros/jazzy/include/rclcpp/rclcpp/duration.hpp:54:54: note:   no known conversion for argument 1 from ‘double’ to ‘const builtin_interfaces::msg::Duration&’ {aka ‘const builtin_interfaces::msg::Duration_<std::allocator<void> >&’}
[23.286s]    54 |   Duration(const builtin_interfaces::msg::Duration & duration_msg);  // NOLINT(runtime/explicit)
[23.286s]       |            ~~~~~~~~~~~~~~~~~~~~~~~~~~~~~~~~~~~~~~~~~~^~~~~~~~~~~~
[23.286s] /opt/ros/jazzy/include/rclcpp/rclcpp/duration.hpp:43:12: note: candidate: ‘rclcpp::Duration::Duration(std::chrono::nanoseconds)’
[23.286s]    43 |   explicit Duration(std::chrono::nanoseconds nanoseconds);
[23.286s]       |            ^~~~~~~~
[23.286s] /opt/ros/jazzy/include/rclcpp/rclcpp/duration.hpp:43:46: note:   no known conversion for argument 1 from ‘double’ to ‘std::chrono::nanoseconds’ {aka ‘std::chrono::duration<long int, std::ratio<1, 1000000000> >’}
[23.286s]    43 |   explicit Duration(std::chrono::nanoseconds nanoseconds);
[23.289s]       |                     ~~~~~~~~~~~~~~~~~~~~~~~~~^~~~~~~~~~~
[23.289s] /opt/ros/jazzy/include/rclcpp/rclcpp/duration.hpp:40:3: note: candidate: ‘rclcpp::Duration::Duration(int32_t, uint32_t)’
[23.289s]    40 |   Duration(int32_t seconds, uint32_t nanoseconds);
[23.289s]       |   ^~~~~~~~
[23.289s] /opt/ros/jazzy/include/rclcpp/rclcpp/duration.hpp:40:3: note:   candidate expects 2 arguments, 1 provided
[23.318s] /home/neha/ros2_ws/src/semnav_migration/src/navigation_humans.cpp:462:84: error: ‘mapPose’ was not declared in this scope
[23.318s]   462 |                                 listener_.transformPose(world_frame_id_, odomPose, mapPose);
[23.318s]       |                                                                                    ^~~~~~~
[23.369s] /home/neha/ros2_ws/src/semnav_migration/src/navigation_humans.cpp:464:33: error: ‘ROS_ERROR’ was not declared in this scope
[23.369s]   464 |                                 ROS_ERROR("%s",ex.what());
[23.369s]       |                                 ^~~~~~~~~
[23.407s] /home/neha/ros2_ws/src/semnav_migration/src/navigation_humans.cpp:469:68: error: ‘mapPose’ was not declared in this scope
[23.407s]   469 |                         tf2::Quaternion rotation = tf2::Quaternion(mapPose.pose.orientation.x,
[23.407s]       |                                                                    ^~~~~~~
[23.514s] /home/neha/ros2_ws/src/semnav_migration/src/navigation_humans.cpp:601:25: error: ‘ROS_INFO_STREAM’ was not declared in this scope; did you mean ‘RCLCPP_INFO_STREAM’?
[23.514s]   601 |                         ROS_INFO_STREAM("[Navigation] Computed linear local goal.");
[23.514s]       |                         ^~~~~~~~~~~~~~~
[23.514s]       |                         RCLCPP_INFO_STREAM
[23.518s] /home/neha/ros2_ws/src/semnav_migration/src/navigation_humans.cpp:638:53: error: no matching function for call to ‘rclcpp::Duration::Duration(double)’
[23.518s]   638 |                                 rclcpp::Duration(5.0).sleep();
[23.518s]       |                                                     ^
[23.518s] /opt/ros/jazzy/include/rclcpp/rclcpp/duration.hpp:49:3: note: candidate: ‘template<class Rep, class Period> rclcpp::Duration::Duration(const std::chrono::duration<_Rep1, _Period1>&)’
[23.518s]    49 |   Duration(const std::chrono::duration<Rep, Period> & duration)  // NOLINT(runtime/explicit)
[23.518s]       |   ^~~~~~~~
[23.518s] /opt/ros/jazzy/include/rclcpp/rclcpp/duration.hpp:49:3: note:   template argument deduction/substitution failed:
[23.519s] /home/neha/ros2_ws/src/semnav_migration/src/navigation_humans.cpp:638:53: note:   mismatched types ‘const std::chrono::duration<_Rep1, _Period1>’ and ‘double’
[23.519s]   638 |                                 rclcpp::Duration(5.0).sleep();
[23.519s]       |                                                     ^
[23.519s] /opt/ros/jazzy/include/rclcpp/rclcpp/duration.hpp:159:3: note: candidate: ‘rclcpp::Duration::Duration()’
[23.519s]   159 |   Duration() = default;
[23.519s]       |   ^~~~~~~~
[23.519s] /opt/ros/jazzy/include/rclcpp/rclcpp/duration.hpp:159:3: note:   candidate expects 0 arguments, 1 provided
[23.526s] /opt/ros/jazzy/include/rclcpp/rclcpp/duration.hpp:62:3: note: candidate: ‘rclcpp::Duration::Duration(const rclcpp::Duration&)’
[23.526s]    62 |   Duration(const Duration & rhs);
[23.526s]       |   ^~~~~~~~
[23.526s] /opt/ros/jazzy/include/rclcpp/rclcpp/duration.hpp:62:29: note:   no known conversion for argument 1 from ‘double’ to ‘const rclcpp::Duration&’
[23.526s]    62 |   Duration(const Duration & rhs);
[23.527s]       |            ~~~~~~~~~~~~~~~~~^~~
[23.527s] /opt/ros/jazzy/include/rclcpp/rclcpp/duration.hpp:60:12: note: candidate: ‘rclcpp::Duration::Duration(const rcl_duration_t&)’
[23.527s]    60 |   explicit Duration(const rcl_duration_t & duration);
[23.527s]       |            ^~~~~~~~
[23.527s] /opt/ros/jazzy/include/rclcpp/rclcpp/duration.hpp:60:44: note:   no known conversion for argument 1 from ‘double’ to ‘const rcl_duration_t&’ {aka ‘const rcl_duration_s&’}
[23.527s]    60 |   explicit Duration(const rcl_duration_t & duration);
[23.527s]       |                     ~~~~~~~~~~~~~~~~~~~~~~~^~~~~~~~
[23.527s] /opt/ros/jazzy/include/rclcpp/rclcpp/duration.hpp:54:3: note: candidate: ‘rclcpp::Duration::Duration(const builtin_interfaces::msg::Duration&)’
[23.534s]    54 |   Duration(const builtin_interfaces::msg::Duration & duration_msg);  // NOLINT(runtime/explicit)
[23.534s]       |   ^~~~~~~~
[23.534s] /opt/ros/jazzy/include/rclcpp/rclcpp/duration.hpp:54:54: note:   no known conversion for argument 1 from ‘double’ to ‘const builtin_interfaces::msg::Duration&’ {aka ‘const builtin_interfaces::msg::Duration_<std::allocator<void> >&’}
[23.534s]    54 |   Duration(const builtin_interfaces::msg::Duration & duration_msg);  // NOLINT(runtime/explicit)
[23.534s]       |            ~~~~~~~~~~~~~~~~~~~~~~~~~~~~~~~~~~~~~~~~~~^~~~~~~~~~~~
[23.535s] /opt/ros/jazzy/include/rclcpp/rclcpp/duration.hpp:43:12: note: candidate: ‘rclcpp::Duration::Duration(std::chrono::nanoseconds)’
[23.535s]    43 |   explicit Duration(std::chrono::nanoseconds nanoseconds);
[23.535s]       |            ^~~~~~~~
[23.535s] /opt/ros/jazzy/include/rclcpp/rclcpp/duration.hpp:43:46: note:   no known conversion for argument 1 from ‘double’ to ‘std::chrono::nanoseconds’ {aka ‘std::chrono::duration<long int, std::ratio<1, 1000000000> >’}
[23.535s]    43 |   explicit Duration(std::chrono::nanoseconds nanoseconds);
[23.535s]       |                     ~~~~~~~~~~~~~~~~~~~~~~~~~^~~~~~~~~~~
[23.535s] /opt/ros/jazzy/include/rclcpp/rclcpp/duration.hpp:40:3: note: candidate: ‘rclcpp::Duration::Duration(int32_t, uint32_t)’
[23.535s]    40 |   Duration(int32_t seconds, uint32_t nanoseconds);
[23.540s]       |   ^~~~~~~~
[23.540s] /opt/ros/jazzy/include/rclcpp/rclcpp/duration.hpp:40:3: note:   candidate expects 2 arguments, 1 provided
[23.714s] /home/neha/ros2_ws/src/semnav_migration/src/navigation_humans.cpp:641:33: error: ‘ROS_WARN_STREAM’ was not declared in this scope; did you mean ‘RCLCPP_WARN_STREAM’?
[23.714s]   641 |                                 ROS_WARN_STREAM("[Navigation] Successfully navigated to goal and stopped...");
[23.714s]       |                                 ^~~~~~~~~~~~~~~
[23.715s]       |                                 RCLCPP_WARN_STREAM
[23.737s] /home/neha/ros2_ws/src/semnav_migration/src/navigation_humans.cpp:664:75: error: invalid operands of types ‘const char [32]’ and ‘double’ to binary ‘operator<<’
[23.737s]   664 |                         ROS_WARN_STREAM("[Navigation] Linear command is " << LinearCmd << " and angular command is " << AngularCmd);
[23.737s]       |                                         ~~~~~~~~~~~~~~~~~~~~~~~~~~~~~~~~~ ^~ ~~~~~~~~~
[23.737s]       |                                         |                                    |
[23.737s]       |                                         const char [32]                      double
[23.898s] /home/neha/ros2_ws/src/semnav_migration/src/navigation_humans.cpp:664:25: error: ‘ROS_WARN_STREAM’ was not declared in this scope; did you mean ‘RCLCPP_WARN_STREAM’?
[23.898s]   664 |                         ROS_WARN_STREAM("[Navigation] Linear command is " << LinearCmd << " and angular command is " << AngularCmd);
[23.898s]       |                         ^~~~~~~~~~~~~~~
[23.898s]       |                         RCLCPP_WARN_STREAM
[23.898s] /home/neha/ros2_ws/src/semnav_migration/src/navigation_humans.cpp:665:76: error: invalid operands of types ‘const char [33]’ and ‘int’ to binary ‘operator<<’
[23.899s]   665 |                         ROS_WARN_STREAM("[Navigation] Command update for " << int(localDiffeoTreeArray.size()) << " polygons in " << rclcpp::Time::now().toSec()-before_time << " seconds.");
[23.899s]       |                                         ~~~~~~~~~~~~~~~~~~~~~~~~~~~~~~~~~~ ^~ ~~~~~~~~~~~~~~~~~~~~~~~~~~~~~~~~
[23.899s]       |                                         |                                     |
[23.899s]       |                                         const char [33]                       int
[23.899s] /home/neha/ros2_ws/src/semnav_migration/src/navigation_humans.cpp:665:148: error: ‘now’ is not a member of ‘rclcpp::Time’
[23.899s]   665 |                         ROS_WARN_STREAM("[Navigation] Command update for " << int(localDiffeoTreeArray.size()) << " polygons in " << rclcpp::Time::now().toSec()-before_time << " seconds.");
[23.899s]       |                                                                                                                                                    ^~~
[23.907s] /home/neha/ros2_ws/src/semnav_migration/src/navigation_humans.cpp: In function ‘int main(int, char**)’:
[23.907s] /home/neha/ros2_ws/src/semnav_migration/src/navigation_humans.cpp:743:9: error: ‘ros’ has not been declared
[23.907s]   743 |         ros::init(argc, argv, "navigation_humans");
[23.907s]       |         ^~~
[23.908s] /home/neha/ros2_ws/src/semnav_migration/src/navigation_humans.cpp:749:54: error: no matching function for call to ‘NavigationHumansNode::NavigationHumansNode(rclcpp::Node*)’
[23.908s]   749 |         NavigationHumansNode navigationHumansNode(&nh);
[23.908s]       |                                                      ^
[23.908s] /home/neha/ros2_ws/src/semnav_migration/src/navigation_humans.cpp:45:9: note: candidate: ‘NavigationHumansNode::NavigationHumansNode()’
[23.908s]    45 |         NavigationHumansNode() : Node("navigation humans node") {
[23.908s]       |         ^~~~~~~~~~~~~~~~~~~~
[23.908s] /home/neha/ros2_ws/src/semnav_migration/src/navigation_humans.cpp:45:9: note:   candidate expects 0 arguments, 1 provided
[27.740s] gmake[2]: *** [CMakeFiles/human_following.dir/build.make:76: CMakeFiles/human_following.dir/src/human_following.cpp.o] Error 1
[27.741s] gmake[1]: *** [CMakeFiles/Makefile2:259: CMakeFiles/human_following.dir/all] Error 2
[27.742s] gmake[1]: *** Waiting for unfinished jobs....
[38.378s] gmake[2]: *** [CMakeFiles/navigation_humans.dir/build.make:76: CMakeFiles/navigation_humans.dir/src/navigation_humans.cpp.o] Error 1
[38.378s] gmake[1]: *** [CMakeFiles/Makefile2:233: CMakeFiles/navigation_humans.dir/all] Error 2
[38.379s] gmake: *** [Makefile:146: all] Error 2
[38.382s] Invoked command in '/home/neha/ros2_ws/src/semnav_migration/build/semnav' returned '2': CMAKE_PREFIX_PATH=${CMAKE_PREFIX_PATH}:/opt/ros/jazzy DEBUGINFOD_URLS=https://debuginfod.ubuntu.com /usr/bin/cmake --build /home/neha/ros2_ws/src/semnav_migration/build/semnav -- -j2 -l2
