[0.027s] Invoking command in '/home/neha/ros2_ws/src/semnav_migration/build/semnav': CMAKE_PREFIX_PATH=${CMAKE_PREFIX_PATH}:/opt/ros/jazzy DEBUGINFOD_URLS=https://debuginfod.ubuntu.com /usr/bin/cmake --build /home/neha/ros2_ws/src/semnav_migration/build/semnav -- -j2 -l2
[0.192s] [ 14%] Built target reactive_planner
[0.332s] [ 19%] Building CXX object CMakeFiles/navigation_semantic.dir/src/navigation_semantic.cpp.o
[0.333s] [ 23%] Building CXX object CMakeFiles/navigation.dir/src/navigation.cpp.o
[22.062s] /home/neha/ros2_ws/src/semnav_migration/src/navigation.cpp:617:17: error: invalid use of template-name ‘rclcpp::Publisher’ without an argument list
[22.062s]   617 |                 rclcpp::Publisher pub_behaviorID_;
[22.062s]       |                 ^~~~~~
[22.062s] /home/neha/ros2_ws/src/semnav_migration/src/navigation.cpp:618:17: error: invalid use of template-name ‘rclcpp::Publisher’ without an argument list
[22.062s]   618 |                 rclcpp::Publisher pub_behaviorMode_;
[22.063s]       |                 ^~~~~~
[22.063s] /home/neha/ros2_ws/src/semnav_migration/src/navigation.cpp:619:17: error: invalid use of template-name ‘rclcpp::Publisher’ without an argument list
[22.063s]   619 |                 rclcpp::Publisher pub_twist_;
[22.063s]       |                 ^~~~~~
[22.063s] /home/neha/ros2_ws/src/semnav_migration/src/navigation.cpp:621:17: error: invalid use of template-name ‘rclcpp::Publisher’ without an argument list
[22.065s]   621 |                 rclcpp::Publisher pub_semantic_map_;
[22.066s]       |                 ^~~~~~
[22.074s] /home/neha/ros2_ws/src/semnav_migration/src/navigation.cpp:665:22: error: ‘TransformListener’ in namespace ‘tf2’ does not name a type
[22.074s]   665 |                 tf2::TransformListener listener_;
[22.074s]       |                      ^~~~~~~~~~~~~~~~~
[22.076s] /home/neha/ros2_ws/src/semnav_migration/src/navigation.cpp: In constructor ‘NavigationNode::NavigationNode()’:
[22.077s] /home/neha/ros2_ws/src/semnav_migration/src/navigation.cpp:45:50: error: no matching function for call to ‘rclcpp::Node::Node()’
[22.077s]    45 |         NavigationNode() : Node("navigation_node") {
[22.077s]       |                                                  ^
[22.077s] In file included from /opt/ros/jazzy/include/rclcpp/rclcpp/executors/single_threaded_executor.hpp:28,
[22.077s]                  from /opt/ros/jazzy/include/rclcpp/rclcpp/executors.hpp:22,
[22.077s]                  from /opt/ros/jazzy/include/rclcpp/rclcpp/rclcpp.hpp:172,
[22.077s]                  from /home/neha/ros2_ws/src/semnav_migration/include/reactive_planner_lib.h:32,
[22.078s]                  from /home/neha/ros2_ws/src/semnav_migration/src/navigation.cpp:25:
[22.078s] /opt/ros/jazzy/include/rclcpp/rclcpp/node.hpp:1629:3: note: candidate: ‘rclcpp::Node::Node(const rclcpp::Node&, const std::string&)’
[22.078s]  1629 |   Node(
[22.078s]       |   ^~~~
[22.078s] /opt/ros/jazzy/include/rclcpp/rclcpp/node.hpp:1629:3: note:   candidate expects 2 arguments, 0 provided
[22.080s] /opt/ros/jazzy/include/rclcpp/rclcpp/node.hpp:103:12: note: candidate: ‘rclcpp::Node::Node(const std::string&, const std::string&, const rclcpp::NodeOptions&)’
[22.081s]   103 |   explicit Node(
[22.081s]       |            ^~~~
[22.081s] /opt/ros/jazzy/include/rclcpp/rclcpp/node.hpp:103:12: note:   candidate expects 3 arguments, 0 provided
[22.081s] /opt/ros/jazzy/include/rclcpp/rclcpp/node.hpp:91:12: note: candidate: ‘rclcpp::Node::Node(const std::string&, const rclcpp::NodeOptions&)’
[22.081s]    91 |   explicit Node(
[22.081s]       |            ^~~~
[22.082s] /opt/ros/jazzy/include/rclcpp/rclcpp/node.hpp:91:12: note:   candidate expects 2 arguments, 0 provided
[22.089s] /home/neha/ros2_ws/src/semnav_migration/src/navigation_semantic.cpp:624:17: error: ‘ros’ does not name a type
[22.089s]   624 |                 ros::NodeHandle nh_;
[22.090s]       |                 ^~~
[22.095s] /home/neha/ros2_ws/src/semnav_migration/src/navigation_semantic.cpp:641:17: error: ‘ros’ does not name a type
[22.095s]   641 |                 ros::Publisher pub_behaviorID_;
[22.095s]       |                 ^~~
[22.102s] /home/neha/ros2_ws/src/semnav_migration/src/navigation_semantic.cpp:642:17: error: ‘ros’ does not name a type
[22.102s]   642 |                 ros::Publisher pub_behaviorMode_;
[22.102s]       |                 ^~~
[22.109s] /home/neha/ros2_ws/src/semnav_migration/src/navigation_semantic.cpp:643:17: error: ‘ros’ does not name a type
[22.109s]   643 |                 ros::Publisher pub_twist_;
[22.109s]       |                 ^~~
[22.116s] /home/neha/ros2_ws/src/semnav_migration/src/navigation_semantic.cpp:645:17: error: ‘ros’ does not name a type
[22.116s]   645 |                 ros::Publisher pub_semantic_map_;
[22.116s]       |                 ^~~
[22.131s] /home/neha/ros2_ws/src/semnav_migration/src/navigation_semantic.cpp:691:17: error: ‘tf’ does not name a type; did you mean ‘tm’?
[22.131s]   691 |                 tf::TransformListener listener_;
[22.131s]       |                 ^~
[22.132s]       |                 tm
[22.196s] /home/neha/ros2_ws/src/semnav_migration/src/navigation.cpp:104:25: error: ‘target_object_’ was not declared in this scope
[22.197s]   104 |                         target_object_ = this->get_parameter("target_object").as_string();
[22.197s]       |                         ^~~~~~~~~~~~~~
[22.247s] /home/neha/ros2_ws/src/semnav_migration/src/navigation_semantic.cpp: In constructor ‘SemanticNavigationNode::SemanticNavigationNode()’:
[22.248s] /home/neha/ros2_ws/src/semnav_migration/src/navigation_semantic.cpp:137:13: error: ‘pub_behaviorID_’ was not declared in this scope; did you mean ‘pub_behaviorID_topic_’?
[22.248s]   137 |             pub_behaviorID_ = this->create_publisher<std_msgs::msg::UInt32>("pub_behaviorID_topic_", 1);
[22.248s]       |             ^~~~~~~~~~~~~~~
[22.248s]       |             pub_behaviorID_topic_
[22.251s] /home/neha/ros2_ws/src/semnav_migration/src/navigation_semantic.cpp:137:69: error: ‘UInt32’ is not a member of ‘std_msgs::msg’
[22.251s]   137 |             pub_behaviorID_ = this->create_publisher<std_msgs::msg::UInt32>("pub_behaviorID_topic_", 1);
[22.251s]       |                                                                     ^~~~~~
[22.254s] /home/neha/ros2_ws/src/semnav_migration/src/navigation_semantic.cpp:137:76: error: no matching function for call to ‘SemanticNavigationNode::create_publisher<<expression error> >(const char [22], int)’
[22.254s]   137 |             pub_behaviorID_ = this->create_publisher<std_msgs::msg::UInt32>("pub_behaviorID_topic_", 1);
[22.254s]       |                               ~~~~~~~~~~~~~~~~~~~~~~~~~~~~~~~~~~~~~~~~~~~~~^~~~~~~~~~~~~~~~~~~~~~~~~~~~
[22.254s] In file included from /opt/ros/jazzy/include/rclcpp/rclcpp/executors/single_threaded_executor.hpp:28,
[22.254s]                  from /opt/ros/jazzy/include/rclcpp/rclcpp/executors.hpp:22,
[22.254s]                  from /opt/ros/jazzy/include/rclcpp/rclcpp/rclcpp.hpp:172,
[22.254s]                  from /home/neha/ros2_ws/src/semnav_migration/include/reactive_planner_lib.h:32,
[22.255s]                  from /home/neha/ros2_ws/src/semnav_migration/src/navigation_semantic.cpp:25:
[22.255s] /opt/ros/jazzy/include/rclcpp/rclcpp/node.hpp:197:3: note: candidate: ‘template<class MessageT, class AllocatorT, class PublisherT> std::shared_ptr<PublisherT> rclcpp::Node::create_publisher(const std::string&, const rclcpp::QoS&, const rclcpp::PublisherOptionsWithAllocator<AllocatorT>&)’
[22.255s]   197 |   create_publisher(
[22.255s]       |   ^~~~~~~~~~~~~~~~
[22.255s] /opt/ros/jazzy/include/rclcpp/rclcpp/node.hpp:197:3: note:   template argument deduction/substitution failed:
[22.255s] /home/neha/ros2_ws/src/semnav_migration/src/navigation_semantic.cpp:137:76: error: template argument 1 is invalid
[22.257s]   137 |             pub_behaviorID_ = this->create_publisher<std_msgs::msg::UInt32>("pub_behaviorID_topic_", 1);
[22.257s]       |                               ~~~~~~~~~~~~~~~~~~~~~~~~~~~~~~~~~~~~~~~~~~~~~^~~~~~~~~~~~~~~~~~~~~~~~~~~~
[22.336s] /home/neha/ros2_ws/src/semnav_migration/src/navigation.cpp:105:25: error: ‘target_object_length_’ was not declared in this scope
[22.336s]   105 |                         target_object_length_ = this->get_parameter("target_object_length").as_double();
[22.336s]       |                         ^~~~~~~~~~~~~~~~~~~~~
[22.349s] /home/neha/ros2_ws/src/semnav_migration/src/navigation_semantic.cpp:138:13: error: ‘pub_behaviorMode_’ was not declared in this scope; did you mean ‘pub_behaviorMode_topic_’?
[22.349s]   138 |             pub_behaviorMode_ = this->create_publisher<std_msgs::msg::UInt32>("pub_behaviorMode_topic_", 1);
[22.349s]       |             ^~~~~~~~~~~~~~~~~
[22.349s]       |             pub_behaviorMode_topic_
[22.352s] /home/neha/ros2_ws/src/semnav_migration/src/navigation_semantic.cpp:138:71: error: ‘UInt32’ is not a member of ‘std_msgs::msg’
[22.353s]   138 |             pub_behaviorMode_ = this->create_publisher<std_msgs::msg::UInt32>("pub_behaviorMode_topic_", 1);
[22.353s]       |                                                                       ^~~~~~
[22.355s] /home/neha/ros2_ws/src/semnav_migration/src/navigation_semantic.cpp:138:78: error: no matching function for call to ‘SemanticNavigationNode::create_publisher<<expression error> >(const char [24], int)’
[22.355s]   138 |             pub_behaviorMode_ = this->create_publisher<std_msgs::msg::UInt32>("pub_behaviorMode_topic_", 1);
[22.355s]       |                                 ~~~~~~~~~~~~~~~~~~~~~~~~~~~~~~~~~~~~~~~~~~~~~^~~~~~~~~~~~~~~~~~~~~~~~~~~~~~
[22.355s] /opt/ros/jazzy/include/rclcpp/rclcpp/node.hpp:197:3: note: candidate: ‘template<class MessageT, class AllocatorT, class PublisherT> std::shared_ptr<PublisherT> rclcpp::Node::create_publisher(const std::string&, const rclcpp::QoS&, const rclcpp::PublisherOptionsWithAllocator<AllocatorT>&)’
[22.355s]   197 |   create_publisher(
[22.355s]       |   ^~~~~~~~~~~~~~~~
[22.355s] /opt/ros/jazzy/include/rclcpp/rclcpp/node.hpp:197:3: note:   template argument deduction/substitution failed:
[22.356s] /home/neha/ros2_ws/src/semnav_migration/src/navigation_semantic.cpp:138:78: error: template argument 1 is invalid
[22.356s]   138 |             pub_behaviorMode_ = this->create_publisher<std_msgs::msg::UInt32>("pub_behaviorMode_topic_", 1);
[22.356s]       |                                 ~~~~~~~~~~~~~~~~~~~~~~~~~~~~~~~~~~~~~~~~~~~~~^~~~~~~~~~~~~~~~~~~~~~~~~~~~~~
[22.403s] /home/neha/ros2_ws/src/semnav_migration/src/navigation_semantic.cpp:139:13: error: ‘pub_twist_’ was not declared in this scope; did you mean ‘publish_twist’?
[22.404s]   139 |             pub_twist_ = this->create_publisher<std_msgs::msg::UInt32>("pub_twist_topic_", 1);
[22.404s]       |             ^~~~~~~~~~
[22.404s]       |             publish_twist
[22.408s] /home/neha/ros2_ws/src/semnav_migration/src/navigation_semantic.cpp:139:64: error: ‘UInt32’ is not a member of ‘std_msgs::msg’
[22.408s]   139 |             pub_twist_ = this->create_publisher<std_msgs::msg::UInt32>("pub_twist_topic_", 1);
[22.409s]       |                                                                ^~~~~~
[22.409s] /home/neha/ros2_ws/src/semnav_migration/src/navigation_semantic.cpp:139:71: error: no matching function for call to ‘SemanticNavigationNode::create_publisher<<expression error> >(const char [17], int)’
[22.409s]   139 |             pub_twist_ = this->create_publisher<std_msgs::msg::UInt32>("pub_twist_topic_", 1);
[22.409s]       |                          ~~~~~~~~~~~~~~~~~~~~~~~~~~~~~~~~~~~~~~~~~~~~~^~~~~~~~~~~~~~~~~~~~~~~
[22.411s] /opt/ros/jazzy/include/rclcpp/rclcpp/node.hpp:197:3: note: candidate: ‘template<class MessageT, class AllocatorT, class PublisherT> std::shared_ptr<PublisherT> rclcpp::Node::create_publisher(const std::string&, const rclcpp::QoS&, const rclcpp::PublisherOptionsWithAllocator<AllocatorT>&)’
[22.411s]   197 |   create_publisher(
[22.411s]       |   ^~~~~~~~~~~~~~~~
[22.411s] /opt/ros/jazzy/include/rclcpp/rclcpp/node.hpp:197:3: note:   template argument deduction/substitution failed:
[22.411s] /home/neha/ros2_ws/src/semnav_migration/src/navigation_semantic.cpp:139:71: error: template argument 1 is invalid
[22.411s]   139 |             pub_twist_ = this->create_publisher<std_msgs::msg::UInt32>("pub_twist_topic_", 1);
[22.411s]       |                          ~~~~~~~~~~~~~~~~~~~~~~~~~~~~~~~~~~~~~~~~~~~~~^~~~~~~~~~~~~~~~~~~~~~~
[22.412s] /home/neha/ros2_ws/src/semnav_migration/src/navigation_semantic.cpp:142:42: error: ‘message_filters::msg’ has not been declared
[22.412s]   142 |                         message_filters::msg::Subscriber<sensor_msgs::LaserScan> sub_laser(nh_, sub_laser_topic_, 1);
[22.412s]       |                                          ^~~
[22.416s] /home/neha/ros2_ws/src/semnav_migration/src/navigation_semantic.cpp:142:71: error: ‘LaserScan’ is not a member of ‘sensor_msgs’; did you mean ‘sensor_msgs::msg::LaserScan’?
[22.417s]   142 |                         message_filters::msg::Subscriber<sensor_msgs::LaserScan> sub_laser(nh_, sub_laser_topic_, 1);
[22.417s]       |                                                                       ^~~~~~~~~
[22.417s] In file included from /opt/ros/jazzy/include/sensor_msgs/sensor_msgs/msg/laser_scan.hpp:7,
[22.417s]                  from /home/neha/ros2_ws/src/semnav_migration/include/reactive_planner_lib.h:46:
[22.417s] /opt/ros/jazzy/include/sensor_msgs/sensor_msgs/msg/detail/laser_scan__struct.hpp:250:7: note: ‘sensor_msgs::msg::LaserScan’ declared here
[22.417s]   250 | using LaserScan =
[22.417s]       |       ^~~~~~~~~
[22.446s] /home/neha/ros2_ws/src/semnav_migration/src/navigation_semantic.cpp:142:92: error: ‘nh_’ was not declared in this scope
[22.446s]   142 |                         message_filters::msg::Subscriber<sensor_msgs::LaserScan> sub_laser(nh_, sub_laser_topic_, 1);
[22.446s]       |                                                                                            ^~~
[22.469s] /home/neha/ros2_ws/src/semnav_migration/src/navigation.cpp:106:25: error: ‘target_object_width_’ was not declared in this scope
[22.470s]   106 |                         target_object_width_ = this->get_parameter("target_object_width").as_double();
[22.470s]       |                         ^~~~~~~~~~~~~~~~~~~~
[22.476s] /home/neha/ros2_ws/src/semnav_migration/src/navigation.cpp:138:69: error: ‘UInt32’ is not a member of ‘std_msgs::msg’
[22.477s]   138 |             pub_behaviorID_ = this->create_publisher<std_msgs::msg::UInt32>("pub_behaviorID_topic_", 1);
[22.477s]       |                                                                     ^~~~~~
[22.477s] /home/neha/ros2_ws/src/semnav_migration/src/navigation.cpp:138:76: error: no matching function for call to ‘NavigationNode::create_publisher<<expression error> >(const char [22], int)’
[22.477s]   138 |             pub_behaviorID_ = this->create_publisher<std_msgs::msg::UInt32>("pub_behaviorID_topic_", 1);
[22.477s]       |                               ~~~~~~~~~~~~~~~~~~~~~~~~~~~~~~~~~~~~~~~~~~~~~^~~~~~~~~~~~~~~~~~~~~~~~~~~~
[22.477s] /opt/ros/jazzy/include/rclcpp/rclcpp/node.hpp:197:3: note: candidate: ‘template<class MessageT, class AllocatorT, class PublisherT> std::shared_ptr<PublisherT> rclcpp::Node::create_publisher(const std::string&, const rclcpp::QoS&, const rclcpp::PublisherOptionsWithAllocator<AllocatorT>&)’
[22.477s]   197 |   create_publisher(
[22.478s]       |   ^~~~~~~~~~~~~~~~
[22.478s] /opt/ros/jazzy/include/rclcpp/rclcpp/node.hpp:197:3: note:   template argument deduction/substitution failed:
[22.478s] /home/neha/ros2_ws/src/semnav_migration/src/navigation.cpp:138:76: error: template argument 1 is invalid
[22.478s]   138 |             pub_behaviorID_ = this->create_publisher<std_msgs::msg::UInt32>("pub_behaviorID_topic_", 1);
[22.478s]       |                               ~~~~~~~~~~~~~~~~~~~~~~~~~~~~~~~~~~~~~~~~~~~~~^~~~~~~~~~~~~~~~~~~~~~~~~~~~
[22.481s] /home/neha/ros2_ws/src/semnav_migration/src/navigation.cpp:139:71: error: ‘UInt32’ is not a member of ‘std_msgs::msg’
[22.482s]   139 |             pub_behaviorMode_ = this->create_publisher<std_msgs::msg::UInt32>("pub_behaviorMode_topic_", 1);
[22.482s]       |                                                                       ^~~~~~
[22.482s] /home/neha/ros2_ws/src/semnav_migration/src/navigation.cpp:139:78: error: no matching function for call to ‘NavigationNode::create_publisher<<expression error> >(const char [24], int)’
[22.482s]   139 |             pub_behaviorMode_ = this->create_publisher<std_msgs::msg::UInt32>("pub_behaviorMode_topic_", 1);
[22.482s]       |                                 ~~~~~~~~~~~~~~~~~~~~~~~~~~~~~~~~~~~~~~~~~~~~~^~~~~~~~~~~~~~~~~~~~~~~~~~~~~~
[22.482s] /opt/ros/jazzy/include/rclcpp/rclcpp/node.hpp:197:3: note: candidate: ‘template<class MessageT, class AllocatorT, class PublisherT> std::shared_ptr<PublisherT> rclcpp::Node::create_publisher(const std::string&, const rclcpp::QoS&, const rclcpp::PublisherOptionsWithAllocator<AllocatorT>&)’
[22.482s]   197 |   create_publisher(
[22.483s]       |   ^~~~~~~~~~~~~~~~
[22.483s] /opt/ros/jazzy/include/rclcpp/rclcpp/node.hpp:197:3: note:   template argument deduction/substitution failed:
[22.483s] /home/neha/ros2_ws/src/semnav_migration/src/navigation.cpp:139:78: error: template argument 1 is invalid
[22.483s]   139 |             pub_behaviorMode_ = this->create_publisher<std_msgs::msg::UInt32>("pub_behaviorMode_topic_", 1);
[22.483s]       |                                 ~~~~~~~~~~~~~~~~~~~~~~~~~~~~~~~~~~~~~~~~~~~~~^~~~~~~~~~~~~~~~~~~~~~~~~~~~~~
[22.485s] /home/neha/ros2_ws/src/semnav_migration/src/navigation.cpp:140:64: error: ‘UInt32’ is not a member of ‘std_msgs::msg’
[22.486s]   140 |             pub_twist_ = this->create_publisher<std_msgs::msg::UInt32>("pub_twist_topic_", 1);
[22.486s]       |                                                                ^~~~~~
[22.486s] /home/neha/ros2_ws/src/semnav_migration/src/navigation.cpp:140:71: error: no matching function for call to ‘NavigationNode::create_publisher<<expression error> >(const char [17], int)’
[22.486s]   140 |             pub_twist_ = this->create_publisher<std_msgs::msg::UInt32>("pub_twist_topic_", 1);
[22.486s]       |                          ~~~~~~~~~~~~~~~~~~~~~~~~~~~~~~~~~~~~~~~~~~~~~^~~~~~~~~~~~~~~~~~~~~~~
[22.486s] /opt/ros/jazzy/include/rclcpp/rclcpp/node.hpp:197:3: note: candidate: ‘template<class MessageT, class AllocatorT, class PublisherT> std::shared_ptr<PublisherT> rclcpp::Node::create_publisher(const std::string&, const rclcpp::QoS&, const rclcpp::PublisherOptionsWithAllocator<AllocatorT>&)’
[22.487s]   197 |   create_publisher(
[22.487s]       |   ^~~~~~~~~~~~~~~~
[22.487s] /opt/ros/jazzy/include/rclcpp/rclcpp/node.hpp:197:3: note:   template argument deduction/substitution failed:
[22.487s] /home/neha/ros2_ws/src/semnav_migration/src/navigation.cpp:140:71: error: template argument 1 is invalid
[22.487s]   140 |             pub_twist_ = this->create_publisher<std_msgs::msg::UInt32>("pub_twist_topic_", 1);
[22.487s]       |                          ~~~~~~~~~~~~~~~~~~~~~~~~~~~~~~~~~~~~~~~~~~~~~^~~~~~~~~~~~~~~~~~~~~~~
[22.506s] /home/neha/ros2_ws/src/semnav_migration/src/navigation_semantic.cpp:142:82: error: ‘sub_laser’ was not declared in this scope
[22.506s]   142 |                         message_filters::msg::Subscriber<sensor_msgs::LaserScan> sub_laser(nh_, sub_laser_topic_, 1);
[22.506s]       |                                                                                  ^~~~~~~~~
[22.552s] /home/neha/ros2_ws/src/semnav_migration/src/navigation.cpp:143:116: error: no matching function for call to ‘message_filters::Subscriber<sensor_msgs::msg::LaserScan_<std::allocator<void> > >::Subscriber(rclcpp::Node&, std::string&, int)’
[22.552s]   143 |                         message_filters::Subscriber<sensor_msgs::msg::LaserScan> sub_laser(nh_, sub_laser_topic_, 1);
[22.552s]       |                                                                                                                    ^
[22.553s] In file included from /home/neha/ros2_ws/src/semnav_migration/include/reactive_planner_lib.h:43:
[22.553s] /opt/ros/jazzy/include/message_filters/message_filters/subscriber.h:224:3: note: candidate: ‘message_filters::Subscriber<M, NodeType>::Subscriber() [with M = sensor_msgs::msg::LaserScan_<std::allocator<void> >; NodeType = rclcpp::Node]’
[22.553s]   224 |   Subscriber() = default;
[22.553s]       |   ^~~~~~~~~~
[22.553s] /opt/ros/jazzy/include/message_filters/message_filters/subscriber.h:224:3: note:   candidate expects 0 arguments, 3 provided
[22.553s] /opt/ros/jazzy/include/message_filters/message_filters/subscriber.h:212:3: note: candidate: ‘message_filters::Subscriber<M, NodeType>::Subscriber(NodeType*, const std::string&, rmw_qos_profile_t, rclcpp::SubscriptionOptions) [with M = sensor_msgs::msg::LaserScan_<std::allocator<void> >; NodeType = rclcpp::Node; std::string = std::__cxx11::basic_string<char>; rmw_qos_profile_t = rmw_qos_profile_s; rclcpp::SubscriptionOptions = rclcpp::SubscriptionOptionsWithAllocator<std::allocator<void> >]’
[22.553s]   212 |   Subscriber(
[22.554s]       |   ^~~~~~~~~~
[22.554s] /opt/ros/jazzy/include/message_filters/message_filters/subscriber.h:212:3: note:   candidate expects 4 arguments, 3 provided
[22.554s] /opt/ros/jazzy/include/message_filters/message_filters/subscriber.h:203:3: note: candidate: ‘message_filters::Subscriber<M, NodeType>::Subscriber(NodePtr, const std::string&, rmw_qos_profile_t, rclcpp::SubscriptionOptions) [with M = sensor_msgs::msg::LaserScan_<std::allocator<void> >; NodeType = rclcpp::Node; NodePtr = std::shared_ptr<rclcpp::Node>; std::string = std::__cxx11::basic_string<char>; rmw_qos_profile_t = rmw_qos_profile_s; rclcpp::SubscriptionOptions = rclcpp::SubscriptionOptionsWithAllocator<std::allocator<void> >]’
[22.554s]   203 |   Subscriber(
[22.554s]       |   ^~~~~~~~~~
[22.557s] /opt/ros/jazzy/include/message_filters/message_filters/subscriber.h:203:3: note:   candidate expects 4 arguments, 3 provided
[22.558s] /opt/ros/jazzy/include/message_filters/message_filters/subscriber.h:188:3: note: candidate: ‘message_filters::Subscriber<M, NodeType>::Subscriber(NodeType*, const std::string&, rmw_qos_profile_t) [with M = sensor_msgs::msg::LaserScan_<std::allocator<void> >; NodeType = rclcpp::Node; std::string = std::__cxx11::basic_string<char>; rmw_qos_profile_t = rmw_qos_profile_s]’
[22.558s]   188 |   Subscriber(NodeType * node, const std::string& topic, const rmw_qos_profile_t qos = rmw_qos_profile_default)
[22.558s]       |   ^~~~~~~~~~
[22.558s] /opt/ros/jazzy/include/message_filters/message_filters/subscriber.h:188:25: note:   no known conversion for argument 1 from ‘rclcpp::Node’ to ‘rclcpp::Node*’
[22.558s]   188 |   Subscriber(NodeType * node, const std::string& topic, const rmw_qos_profile_t qos = rmw_qos_profile_default)
[22.558s]       |              ~~~~~~~~~~~^~~~
[22.559s] /opt/ros/jazzy/include/message_filters/message_filters/subscriber.h:183:3: note: candidate: ‘message_filters::Subscriber<M, NodeType>::Subscriber(NodePtr, const std::string&, rmw_qos_profile_t) [with M = sensor_msgs::msg::LaserScan_<std::allocator<void> >; NodeType = rclcpp::Node; NodePtr = std::shared_ptr<rclcpp::Node>; std::string = std::__cxx11::basic_string<char>; rmw_qos_profile_t = rmw_qos_profile_s]’
[22.559s]   183 |   Subscriber(NodePtr node, const std::string& topic, const rmw_qos_profile_t qos = rmw_qos_profile_default)
[22.559s]       |   ^~~~~~~~~~
[22.559s] /opt/ros/jazzy/include/message_filters/message_filters/subscriber.h:183:22: note:   no known conversion for argument 1 from ‘rclcpp::Node’ to ‘message_filters::Subscriber<sensor_msgs::msg::LaserScan_<std::allocator<void> > >::NodePtr’ {aka ‘std::shared_ptr<rclcpp::Node>’}
[22.559s]   183 |   Subscriber(NodePtr node, const std::string& topic, const rmw_qos_profile_t qos = rmw_qos_profile_default)
[22.559s]       |              ~~~~~~~~^~~~
[22.586s] /home/neha/ros2_ws/src/semnav_migration/src/navigation_semantic.cpp:144:94: error: ‘LaserScan’ is not a member of ‘sensor_msgs’; did you mean ‘sensor_msgs::msg::LaserScan’?
[22.586s]   144 |                         typedef message_filters::sync_policies::ApproximateTime<sensor_msgs::LaserScan,nav_msgs::msg::Odometry> SyncPolicy;
[22.586s]       |                                                                                              ^~~~~~~~~
[22.586s] /opt/ros/jazzy/include/sensor_msgs/sensor_msgs/msg/detail/laser_scan__struct.hpp:250:7: note: ‘sensor_msgs::msg::LaserScan’ declared here
[22.587s]   250 | using LaserScan =
[22.587s]       |       ^~~~~~~~~
[22.587s] /home/neha/ros2_ws/src/semnav_migration/src/navigation_semantic.cpp:144:127: error: template argument 1 is invalid
[22.587s]   144 |                         typedef message_filters::sync_policies::ApproximateTime<sensor_msgs::LaserScan,nav_msgs::msg::Odometry> SyncPolicy;
[22.587s]       |                                                                                                                               ^
[22.587s] In file included from /home/neha/ros2_ws/src/semnav_migration/include/reactive_planner_lib.h:44:
[22.590s] /opt/ros/jazzy/include/message_filters/message_filters/synchronizer.h: In instantiation of ‘class message_filters::Synchronizer<int>’:
[22.590s] /home/neha/ros2_ws/src/semnav_migration/src/navigation_semantic.cpp:147:64:   required from here
[22.590s] /opt/ros/jazzy/include/message_filters/message_filters/synchronizer.h:53:7: error: base type ‘int’ fails to be a struct or class type
[22.590s]    53 | class Synchronizer : public noncopyable, public Policy
[22.590s]       |       ^~~~~~~~~~~~
[22.590s] /opt/ros/jazzy/include/message_filters/message_filters/synchronizer.h:56:37: error: ‘int’ is not a class, struct, or union type
[22.590s]    56 |   typedef typename Policy::Messages Messages;
[22.591s]       |                                     ^~~~~~~~
[22.591s] /opt/ros/jazzy/include/message_filters/message_filters/synchronizer.h:57:35: error: ‘int’ is not a class, struct, or union type
[22.591s]    57 |   typedef typename Policy::Events Events;
[22.591s]       |                                   ^~~~~~
[22.591s] /opt/ros/jazzy/include/message_filters/message_filters/synchronizer.h:58:35: error: ‘int’ is not a class, struct, or union type
[22.591s]    58 |   typedef typename Policy::Signal Signal;
[22.593s]       |                                   ^~~~~~
[22.594s] /opt/ros/jazzy/include/message_filters/message_filters/synchronizer.h:60:58: error: ‘int’ is not a class, struct, or union type
[22.594s]    60 |   typedef typename std::tuple_element<0, Messages>::type M0;
[22.594s]       |                                                          ^~
[22.594s] /opt/ros/jazzy/include/message_filters/message_filters/synchronizer.h:61:58: error: ‘int’ is not a class, struct, or union type
[22.594s]    61 |   typedef typename std::tuple_element<1, Messages>::type M1;
[22.594s]       |                                                          ^~
[22.595s] /opt/ros/jazzy/include/message_filters/message_filters/synchronizer.h:62:58: error: ‘int’ is not a class, struct, or union type
[22.595s]    62 |   typedef typename std::tuple_element<2, Messages>::type M2;
[22.595s]       |                                                          ^~
[22.595s] /opt/ros/jazzy/include/message_filters/message_filters/synchronizer.h:63:58: error: ‘int’ is not a class, struct, or union type
[22.595s]    63 |   typedef typename std::tuple_element<3, Messages>::type M3;
[22.595s]       |                                                          ^~
[22.597s] /opt/ros/jazzy/include/message_filters/message_filters/synchronizer.h:64:58: error: ‘int’ is not a class, struct, or union type
[22.598s]    64 |   typedef typename std::tuple_element<4, Messages>::type M4;
[22.598s]       |                                                          ^~
[22.598s] /opt/ros/jazzy/include/message_filters/message_filters/synchronizer.h:65:58: error: ‘int’ is not a class, struct, or union type
[22.598s]    65 |   typedef typename std::tuple_element<5, Messages>::type M5;
[22.598s]       |                                                          ^~
[22.598s] /opt/ros/jazzy/include/message_filters/message_filters/synchronizer.h:66:58: error: ‘int’ is not a class, struct, or union type
[22.598s]    66 |   typedef typename std::tuple_element<6, Messages>::type M6;
[22.599s]       |                                                          ^~
[22.599s] /opt/ros/jazzy/include/message_filters/message_filters/synchronizer.h:67:58: error: ‘int’ is not a class, struct, or union type
[22.599s]    67 |   typedef typename std::tuple_element<7, Messages>::type M7;
[22.599s]       |                                                          ^~
[22.599s] /opt/ros/jazzy/include/message_filters/message_filters/synchronizer.h:68:58: error: ‘int’ is not a class, struct, or union type
[22.599s]    68 |   typedef typename std::tuple_element<8, Messages>::type M8;
[22.602s]       |                                                          ^~
[22.602s] /opt/ros/jazzy/include/message_filters/message_filters/synchronizer.h:71:56: error: ‘int’ is not a class, struct, or union type
[22.602s]    71 |   typedef typename std::tuple_element<0, Events>::type M0Event;
[22.602s]       |                                                        ^~~~~~~
[22.603s] /opt/ros/jazzy/include/message_filters/message_filters/synchronizer.h:72:56: error: ‘int’ is not a class, struct, or union type
[22.603s]    72 |   typedef typename std::tuple_element<1, Events>::type M1Event;
[22.603s]       |                                                        ^~~~~~~
[22.603s] /opt/ros/jazzy/include/message_filters/message_filters/synchronizer.h:73:56: error: ‘int’ is not a class, struct, or union type
[22.603s]    73 |   typedef typename std::tuple_element<2, Events>::type M2Event;
[22.603s]       |                                                        ^~~~~~~
[22.603s] /opt/ros/jazzy/include/message_filters/message_filters/synchronizer.h:74:56: error: ‘int’ is not a class, struct, or union type
[22.604s]    74 |   typedef typename std::tuple_element<3, Events>::type M3Event;
[22.604s]       |                                                        ^~~~~~~
[22.604s] /opt/ros/jazzy/include/message_filters/message_filters/synchronizer.h:75:56: error: ‘int’ is not a class, struct, or union type
[22.604s]    75 |   typedef typename std::tuple_element<4, Events>::type M4Event;
[22.604s]       |                                                        ^~~~~~~
[22.604s] /opt/ros/jazzy/include/message_filters/message_filters/synchronizer.h:76:56: error: ‘int’ is not a class, struct, or union type
[22.606s]    76 |   typedef typename std::tuple_element<5, Events>::type M5Event;
[22.607s]       |                                                        ^~~~~~~
[22.607s] /opt/ros/jazzy/include/message_filters/message_filters/synchronizer.h:77:56: error: ‘int’ is not a class, struct, or union type
[22.607s]    77 |   typedef typename std::tuple_element<6, Events>::type M6Event;
[22.607s]       |                                                        ^~~~~~~
[22.607s] /opt/ros/jazzy/include/message_filters/message_filters/synchronizer.h:78:56: error: ‘int’ is not a class, struct, or union type
[22.607s]    78 |   typedef typename std::tuple_element<7, Events>::type M7Event;
[22.607s]       |                                                        ^~~~~~~
[22.608s] /opt/ros/jazzy/include/message_filters/message_filters/synchronizer.h:79:56: error: ‘int’ is not a class, struct, or union type
[22.608s]    79 |   typedef typename std::tuple_element<8, Events>::type M8Event;
[22.608s]       |                                                        ^~~~~~~
[22.608s] /opt/ros/jazzy/include/message_filters/message_filters/synchronizer.h:325:17: error: ‘int’ is not a class, namespace, or enumeration
[22.608s]   325 |   using Policy::add;
[22.608s]       |                 ^~~
[22.610s] /opt/ros/jazzy/include/message_filters/message_filters/synchronizer.h:328:8: error: ‘int’ is not a class, struct, or union type
[22.610s]   328 |   void add(const std::shared_ptr<typename std::tuple_element<i, Messages>::type const>& msg)
[22.610s]       |        ^~~
[22.610s] /opt/ros/jazzy/include/message_filters/message_filters/synchronizer.h:344:8: error: ‘int’ is not a class, struct, or union type
[22.610s]   344 |   void cb(const typename std::tuple_element<i, Events>::type& evt)
[22.610s]       |        ^~
[22.610s] /home/neha/ros2_ws/src/semnav_migration/src/navigation_semantic.cpp:148:55: error: ‘bind’ is not a member of ‘boost’; did you mean ‘find’?
[22.611s]   148 |                         sync->registerCallback(boost::bind(&SemanticNavigationNode::control_callback, this, _1, _2));
[22.611s]       |                                                       ^~~~
[22.611s]       |                                                       find
[22.611s] /home/neha/ros2_ws/src/semnav_migration/src/navigation_semantic.cpp:148:109: error: ‘_1’ was not declared in this scope
[22.611s]   148 |                         sync->registerCallback(boost::bind(&SemanticNavigationNode::control_callback, this, _1, _2));
[22.614s]       |                                                                                                             ^~
[22.615s] /home/neha/ros2_ws/src/semnav_migration/src/navigation_semantic.cpp:148:109: note: suggested alternatives:
[22.615s] In file included from /usr/include/boost/mpl/aux_/include_preprocessed.hpp:37,
[22.615s]                  from /usr/include/boost/mpl/placeholders.hpp:43,
[22.615s]                  from /usr/include/boost/iterator/iterator_categories.hpp:16,
[22.615s]                  from /usr/include/boost/iterator/iterator_facade.hpp:13,
[22.616s]                  from /usr/include/boost/range/iterator_range_core.hpp:27,
[22.616s]                  from /usr/include/boost/lexical_cast.hpp:48,
[22.616s]                  from /usr/include/boost/multiprecision/detail/number_base.hpp:29,
[22.616s]                  from /usr/include/boost/multiprecision/traits/is_variable_precision.hpp:9,
[22.616s]                  from /usr/include/boost/multiprecision/detail/precision.hpp:9,
[22.616s]                  from /usr/include/boost/multiprecision/number.hpp:11,
[22.616s]                  from /usr/include/boost/multiprecision/cpp_int.hpp:19,
[22.617s]                  from /usr/include/boost/multiprecision/cpp_bin_float.hpp:15,
[22.617s]                  from /usr/include/boost/geometry/core/coordinate_promotion.hpp:16,
[22.617s]                  from /usr/include/boost/geometry/core/radian_access.hpp:30,
[22.617s]                  from /usr/include/boost/geometry/geometry.hpp:50,
[22.617s]                  from /usr/include/boost/geometry.hpp:17,
[22.618s]                  from /home/neha/ros2_ws/src/semnav_migration/include/reactive_planner_lib.h:26:
[22.618s] /usr/include/boost/mpl/aux_/preprocessed/gcc/placeholders.hpp:29:16: note:   ‘mpl_::_1’
[22.618s]    29 | typedef arg<1> _1;
[22.618s]       |                ^~
[22.618s] In file included from /usr/include/boost/numeric/conversion/converter_policies.hpp:13,
[22.618s]                  from /usr/include/boost/numeric/conversion/converter.hpp:14,
[22.618s]                  from /usr/include/boost/numeric/conversion/cast.hpp:33,
[22.618s]                  from /usr/include/boost/geometry/core/radian_access.hpp:26:
[22.619s] /usr/include/c++/13/functional:294:48: note:   ‘std::placeholders::_1’
[22.619s]   294 |     _GLIBCXX_PLACEHOLDER const _Placeholder<1> _1;
[22.619s]       |                                                ^~
[22.619s] /usr/include/boost/mpl/aux_/preprocessed/gcc/placeholders.hpp:29:16: note:   ‘mpl_::_1’
[22.619s]    29 | typedef arg<1> _1;
[22.619s]       |                ^~
[22.619s] In file included from /usr/include/boost/describe/members.hpp:20,
[22.620s]                  from /usr/include/boost/container_hash/is_described_class.hpp:11,
[22.620s]                  from /usr/include/boost/container_hash/hash.hpp:18,
[22.620s]                  from /usr/include/boost/functional/hash.hpp:6,
[22.620s]                  from /usr/include/CGAL/Kernel/hash_functions.h:16,
[22.620s]                  from /usr/include/CGAL/Kernel/global_functions.h:25,
[22.620s]                  from /usr/include/CGAL/Cartesian/Cartesian_base.h:22,
[22.620s]                  from /usr/include/CGAL/Simple_cartesian.h:20,
[22.620s]                  from /usr/include/CGAL/Exact_predicates_inexact_constructions_kernel.h:20,
[22.621s]                  from /home/neha/ros2_ws/src/semnav_migration/include/polygeom_lib.h:32,
[22.621s]                  from /home/neha/ros2_ws/src/semnav_migration/include/reactive_planner_lib.h:50:
[22.621s] /usr/include/boost/mp11/bind.hpp:45:7: note:   ‘boost::mp11::_1’
[22.621s]    45 | using _1 = mp_arg<0>;
[22.621s]       |       ^~
[22.621s] /usr/include/boost/mpl/aux_/preprocessed/gcc/placeholders.hpp:29:16: note:   ‘mpl_::_1’
[22.621s]    29 | typedef arg<1> _1;
[22.622s]       |                ^~
[22.622s] /home/neha/ros2_ws/src/semnav_migration/src/navigation_semantic.cpp:148:113: error: ‘_2’ was not declared in this scope
[22.622s]   148 |                         sync->registerCallback(boost::bind(&SemanticNavigationNode::control_callback, this, _1, _2));
[22.622s]       |                                                                                                                 ^~
[22.622s] /home/neha/ros2_ws/src/semnav_migration/src/navigation_semantic.cpp:148:113: note: suggested alternatives:
[22.622s] /usr/include/boost/mpl/aux_/preprocessed/gcc/placeholders.hpp:42:16: note:   ‘mpl_::_2’
[22.622s]    42 | typedef arg<2> _2;
[22.622s]       |                ^~
[22.623s] /usr/include/c++/13/functional:295:48: note:   ‘std::placeholders::_2’
[22.623s]   295 |     _GLIBCXX_PLACEHOLDER const _Placeholder<2> _2;
[22.623s]       |                                                ^~
[22.623s] /usr/include/boost/mpl/aux_/preprocessed/gcc/placeholders.hpp:42:16: note:   ‘mpl_::_2’
[22.623s]    42 | typedef arg<2> _2;
[22.623s]       |                ^~
[22.623s] /usr/include/boost/mp11/bind.hpp:46:7: note:   ‘boost::mp11::_2’
[22.623s]    46 | using _2 = mp_arg<1>;
[22.624s]       |       ^~
[22.624s] /usr/include/boost/mpl/aux_/preprocessed/gcc/placeholders.hpp:42:16: note:   ‘mpl_::_2’
[22.624s]    42 | typedef arg<2> _2;
[22.624s]       |                ^~
[22.624s] /home/neha/ros2_ws/src/semnav_migration/src/navigation_semantic.cpp:150:25: error: ‘ros’ has not been declared
[22.624s]   150 |                         ros::Subscriber sub_semantic = nh_.subscribe(sub_semantic_topic_, 1, &SemanticNavigationNode::diffeo_tree_update, this);
[22.624s]       |                         ^~~
[22.624s] /home/neha/ros2_ws/src/semnav_migration/src/navigation_semantic.cpp:154:25: error: ‘ros’ has not been declared
[22.625s]   154 |                         ros::Duration(5.0).sleep();
[22.625s]       |                         ^~~
[22.625s] /home/neha/ros2_ws/src/semnav_migration/src/navigation_semantic.cpp:161:25: error: ‘ros’ has not been declared
[22.625s]   161 |                         ros::spin();
[22.625s]       |                         ^~~
[22.625s] /home/neha/ros2_ws/src/semnav_migration/src/navigation.cpp:144:112: error: no matching function for call to ‘message_filters::Subscriber<nav_msgs::msg::Odometry_<std::allocator<void> > >::Subscriber(rclcpp::Node&, std::string&, int)’
[22.625s]   144 |                         message_filters::Subscriber<nav_msgs::msg::Odometry> sub_robot(nh_, sub_robot_topic_, 1);
[22.626s]       |                                                                                                                ^
[22.626s] /opt/ros/jazzy/include/message_filters/message_filters/subscriber.h:224:3: note: candidate: ‘message_filters::Subscriber<M, NodeType>::Subscriber() [with M = nav_msgs::msg::Odometry_<std::allocator<void> >; NodeType = rclcpp::Node]’
[22.626s]   224 |   Subscriber() = default;
[22.626s]       |   ^~~~~~~~~~
[22.626s] /opt/ros/jazzy/include/message_filters/message_filters/subscriber.h:224:3: note:   candidate expects 0 arguments, 3 provided
[22.626s] /opt/ros/jazzy/include/message_filters/message_filters/subscriber.h:212:3: note: candidate: ‘message_filters::Subscriber<M, NodeType>::Subscriber(NodeType*, const std::string&, rmw_qos_profile_t, rclcpp::SubscriptionOptions) [with M = nav_msgs::msg::Odometry_<std::allocator<void> >; NodeType = rclcpp::Node; std::string = std::__cxx11::basic_string<char>; rmw_qos_profile_t = rmw_qos_profile_s; rclcpp::SubscriptionOptions = rclcpp::SubscriptionOptionsWithAllocator<std::allocator<void> >]’
[22.626s]   212 |   Subscriber(
[22.626s]       |   ^~~~~~~~~~
[22.627s] /opt/ros/jazzy/include/message_filters/message_filters/subscriber.h:212:3: note:   candidate expects 4 arguments, 3 provided
[22.627s] /opt/ros/jazzy/include/message_filters/message_filters/subscriber.h:203:3: note: candidate: ‘message_filters::Subscriber<M, NodeType>::Subscriber(NodePtr, const std::string&, rmw_qos_profile_t, rclcpp::SubscriptionOptions) [with M = nav_msgs::msg::Odometry_<std::allocator<void> >; NodeType = rclcpp::Node; NodePtr = std::shared_ptr<rclcpp::Node>; std::string = std::__cxx11::basic_string<char>; rmw_qos_profile_t = rmw_qos_profile_s; rclcpp::SubscriptionOptions = rclcpp::SubscriptionOptionsWithAllocator<std::allocator<void> >]’
[22.627s]   203 |   Subscriber(
[22.627s]       |   ^~~~~~~~~~
[22.627s] /opt/ros/jazzy/include/message_filters/message_filters/subscriber.h:203:3: note:   candidate expects 4 arguments, 3 provided
[22.627s] /opt/ros/jazzy/include/message_filters/message_filters/subscriber.h:188:3: note: candidate: ‘message_filters::Subscriber<M, NodeType>::Subscriber(NodeType*, const std::string&, rmw_qos_profile_t) [with M = nav_msgs::msg::Odometry_<std::allocator<void> >; NodeType = rclcpp::Node; std::string = std::__cxx11::basic_string<char>; rmw_qos_profile_t = rmw_qos_profile_s]’
[22.627s]   188 |   Subscriber(NodeType * node, const std::string& topic, const rmw_qos_profile_t qos = rmw_qos_profile_default)
[22.627s]       |   ^~~~~~~~~~
[22.628s] /opt/ros/jazzy/include/message_filters/message_filters/subscriber.h:188:25: note:   no known conversion for argument 1 from ‘rclcpp::Node’ to ‘rclcpp::Node*’
[22.628s]   188 |   Subscriber(NodeType * node, const std::string& topic, const rmw_qos_profile_t qos = rmw_qos_profile_default)
[22.628s]       |              ~~~~~~~~~~~^~~~
[22.628s] /opt/ros/jazzy/include/message_filters/message_filters/subscriber.h:183:3: note: candidate: ‘message_filters::Subscriber<M, NodeType>::Subscriber(NodePtr, const std::string&, rmw_qos_profile_t) [with M = nav_msgs::msg::Odometry_<std::allocator<void> >; NodeType = rclcpp::Node; NodePtr = std::shared_ptr<rclcpp::Node>; std::string = std::__cxx11::basic_string<char>; rmw_qos_profile_t = rmw_qos_profile_s]’
[22.628s]   183 |   Subscriber(NodePtr node, const std::string& topic, const rmw_qos_profile_t qos = rmw_qos_profile_default)
[22.628s]       |   ^~~~~~~~~~
[22.628s] /opt/ros/jazzy/include/message_filters/message_filters/subscriber.h:183:22: note:   no known conversion for argument 1 from ‘rclcpp::Node’ to ‘message_filters::Subscriber<nav_msgs::msg::Odometry_<std::allocator<void> > >::NodePtr’ {aka ‘std::shared_ptr<rclcpp::Node>’}
[22.628s]   183 |   Subscriber(NodePtr node, const std::string& topic, const rmw_qos_profile_t qos = rmw_qos_profile_default)
[22.629s]       |              ~~~~~~~~^~~~
[22.680s] /home/neha/ros2_ws/src/semnav_migration/src/navigation_semantic.cpp: In member function ‘void SemanticNavigationNode::publish_twist(double, double)’:
[22.680s] /home/neha/ros2_ws/src/semnav_migration/src/navigation_semantic.cpp:168:25: error: ‘pub_twist_’ was not declared in this scope; did you mean ‘publish_twist’?
[22.680s]   168 |                         pub_twist_.publish(commandTwist);
[22.681s]       |                         ^~~~~~~~~~
[22.681s]       |                         publish_twist
[22.685s] /home/neha/ros2_ws/src/semnav_migration/src/navigation_semantic.cpp: In member function ‘void SemanticNavigationNode::publish_behavior_id(uint16_t)’:
[22.686s] /home/neha/ros2_ws/src/semnav_migration/src/navigation_semantic.cpp:173:32: error: ‘UInt32’ is not a member of ‘std_msgs::msg’
[22.686s]   173 |                 std_msgs::msg::UInt32 commandId;
[22.686s]       |                                ^~~~~~
[22.736s] /home/neha/ros2_ws/src/semnav_migration/src/navigation_semantic.cpp:174:25: error: ‘commandId’ was not declared in this scope
[22.736s]   174 |                         commandId.data = BehaviorIdCmd;
[22.736s]       |                         ^~~~~~~~~
[22.757s] /home/neha/ros2_ws/src/semnav_migration/src/navigation.cpp:149:55: error: ‘bind’ is not a member of ‘boost’; did you mean ‘find’?
[22.757s]   149 |                         sync->registerCallback(boost::bind(&NavigationNode::control_callback, this, _1, _2));
[22.757s]       |                                                       ^~~~
[22.758s]       |                                                       find
[22.761s] /home/neha/ros2_ws/src/semnav_migration/src/navigation.cpp:149:101: error: ‘_1’ was not declared in this scope
[22.761s]   149 |                         sync->registerCallback(boost::bind(&NavigationNode::control_callback, this, _1, _2));
[22.761s]       |                                                                                                     ^~
[22.761s] /home/neha/ros2_ws/src/semnav_migration/src/navigation.cpp:149:101: note: suggested alternatives:
[22.762s] In file included from /usr/include/boost/mpl/aux_/include_preprocessed.hpp:37,
[22.762s]                  from /usr/include/boost/mpl/placeholders.hpp:43,
[22.762s]                  from /usr/include/boost/iterator/iterator_categories.hpp:16,
[22.762s]                  from /usr/include/boost/iterator/iterator_facade.hpp:13,
[22.762s]                  from /usr/include/boost/range/iterator_range_core.hpp:27,
[22.762s]                  from /usr/include/boost/lexical_cast.hpp:48,
[22.763s]                  from /usr/include/boost/multiprecision/detail/number_base.hpp:29,
[22.763s]                  from /usr/include/boost/multiprecision/traits/is_variable_precision.hpp:9,
[22.763s]                  from /usr/include/boost/multiprecision/detail/precision.hpp:9,
[22.763s]                  from /usr/include/boost/multiprecision/number.hpp:11,
[22.763s]                  from /usr/include/boost/multiprecision/cpp_int.hpp:19,
[22.763s]                  from /usr/include/boost/multiprecision/cpp_bin_float.hpp:15,
[22.765s]                  from /usr/include/boost/geometry/core/coordinate_promotion.hpp:16,
[22.765s]                  from /usr/include/boost/geometry/core/radian_access.hpp:30,
[22.765s]                  from /usr/include/boost/geometry/geometry.hpp:50,
[22.766s]                  from /usr/include/boost/geometry.hpp:17,
[22.766s]                  from /home/neha/ros2_ws/src/semnav_migration/include/reactive_planner_lib.h:26:
[22.766s] /usr/include/boost/mpl/aux_/preprocessed/gcc/placeholders.hpp:29:16: note:   ‘mpl_::_1’
[22.766s]    29 | typedef arg<1> _1;
[22.766s]       |                ^~
[22.766s] In file included from /usr/include/boost/numeric/conversion/converter_policies.hpp:13,
[22.766s]                  from /usr/include/boost/numeric/conversion/converter.hpp:14,
[22.766s]                  from /usr/include/boost/numeric/conversion/cast.hpp:33,
[22.767s]                  from /usr/include/boost/geometry/core/radian_access.hpp:26:
[22.767s] /usr/include/c++/13/functional:294:48: note:   ‘std::placeholders::_1’
[22.767s]   294 |     _GLIBCXX_PLACEHOLDER const _Placeholder<1> _1;
[22.767s]       |                                                ^~
[22.767s] /usr/include/boost/mpl/aux_/preprocessed/gcc/placeholders.hpp:29:16: note:   ‘mpl_::_1’
[22.767s]    29 | typedef arg<1> _1;
[22.771s]       |                ^~
[22.771s] In file included from /usr/include/boost/describe/members.hpp:20,
[22.772s]                  from /usr/include/boost/container_hash/is_described_class.hpp:11,
[22.772s]                  from /usr/include/boost/container_hash/hash.hpp:18,
[22.772s]                  from /usr/include/boost/functional/hash.hpp:6,
[22.772s]                  from /usr/include/CGAL/Kernel/hash_functions.h:16,
[22.772s]                  from /usr/include/CGAL/Kernel/global_functions.h:25,
[22.772s]                  from /usr/include/CGAL/Cartesian/Cartesian_base.h:22,
[22.772s]                  from /usr/include/CGAL/Simple_cartesian.h:20,
[22.773s]                  from /usr/include/CGAL/Exact_predicates_inexact_constructions_kernel.h:20,
[22.773s]                  from /home/neha/ros2_ws/src/semnav_migration/include/polygeom_lib.h:32,
[22.773s]                  from /home/neha/ros2_ws/src/semnav_migration/include/reactive_planner_lib.h:50:
[22.773s] /usr/include/boost/mp11/bind.hpp:45:7: note:   ‘boost::mp11::_1’
[22.773s]    45 | using _1 = mp_arg<0>;
[22.773s]       |       ^~
[22.775s] /usr/include/boost/mpl/aux_/preprocessed/gcc/placeholders.hpp:29:16: note:   ‘mpl_::_1’
[22.776s]    29 | typedef arg<1> _1;
[22.776s]       |                ^~
[22.776s] /home/neha/ros2_ws/src/semnav_migration/src/navigation.cpp:149:105: error: ‘_2’ was not declared in this scope
[22.777s]   149 |                         sync->registerCallback(boost::bind(&NavigationNode::control_callback, this, _1, _2));
[22.777s]       |                                                                                                         ^~
[22.777s] /home/neha/ros2_ws/src/semnav_migration/src/navigation.cpp:149:105: note: suggested alternatives:
[22.777s] /usr/include/boost/mpl/aux_/preprocessed/gcc/placeholders.hpp:42:16: note:   ‘mpl_::_2’
[22.777s]    42 | typedef arg<2> _2;
[22.777s]       |                ^~
[22.777s] /usr/include/c++/13/functional:295:48: note:   ‘std::placeholders::_2’
[22.777s]   295 |     _GLIBCXX_PLACEHOLDER const _Placeholder<2> _2;
[22.778s]       |                                                ^~
[22.778s] /usr/include/boost/mpl/aux_/preprocessed/gcc/placeholders.hpp:42:16: note:   ‘mpl_::_2’
[22.778s]    42 | typedef arg<2> _2;
[22.778s]       |                ^~
[22.778s] /usr/include/boost/mp11/bind.hpp:46:7: note:   ‘boost::mp11::_2’
[22.778s]    46 | using _2 = mp_arg<1>;
[22.780s]       |       ^~
[22.781s] /usr/include/boost/mpl/aux_/preprocessed/gcc/placeholders.hpp:42:16: note:   ‘mpl_::_2’
[22.781s]    42 | typedef arg<2> _2;
[22.781s]       |                ^~
[22.781s] /home/neha/ros2_ws/src/semnav_migration/src/navigation.cpp:152:20: error: ‘Subscription’ was not declared in this scope
[22.781s]   152 |             rclcpp:Subscription sub_semantic = this->create_subscriber(sub_semantic_topic_, 1);
[22.781s]       |                    ^~~~~~~~~~~~
[22.781s] /home/neha/ros2_ws/src/semnav_migration/src/navigation.cpp:152:20: note: suggested alternatives:
[22.781s] In file included from /opt/ros/jazzy/include/rclcpp/rclcpp/any_executable.hpp:25,
[22.782s]                  from /opt/ros/jazzy/include/rclcpp/rclcpp/memory_strategy.hpp:25,
[22.782s]                  from /opt/ros/jazzy/include/rclcpp/rclcpp/memory_strategies.hpp:18,
[22.782s]                  from /opt/ros/jazzy/include/rclcpp/rclcpp/executor_options.hpp:22,
[22.782s]                  from /opt/ros/jazzy/include/rclcpp/rclcpp/executor.hpp:38,
[22.782s]                  from /opt/ros/jazzy/include/rclcpp/rclcpp/executors/multi_threaded_executor.hpp:25,
[22.782s]                  from /opt/ros/jazzy/include/rclcpp/rclcpp/executors.hpp:21:
[22.784s] /opt/ros/jazzy/include/rclcpp/rclcpp/subscription.hpp:75:7: note:   ‘rclcpp::Subscription’
[22.785s]    75 | class Subscription : public SubscriptionBase
[22.785s]       |       ^~~~~~~~~~~~
[22.785s] In file included from /opt/ros/jazzy/include/rclcpp/rclcpp/client.hpp:45,
[22.785s]                  from /opt/ros/jazzy/include/rclcpp/rclcpp/callback_group.hpp:24,
[22.785s]                  from /opt/ros/jazzy/include/rclcpp/rclcpp/any_executable.hpp:20:
[22.785s] /opt/ros/jazzy/include/rclcpp/rclcpp/node_interfaces/node_graph_interface.hpp:43:3: note:   ‘rclcpp::EndpointType::Subscription’
[22.785s]    43 |   Subscription = RMW_ENDPOINT_SUBSCRIPTION
[22.786s]       |   ^~~~~~~~~~~~
[22.786s] /home/neha/ros2_ws/src/semnav_migration/src/navigation.cpp:156:45: error: no matching function for call to ‘rclcpp::Duration::Duration(double)’
[22.786s]   156 |                         rclcpp::Duration(5.0).sleep();
[22.786s]       |                                             ^
[22.786s] In file included from /opt/ros/jazzy/include/rclcpp/rclcpp/time.hpp:24,
[22.786s]                  from /opt/ros/jazzy/include/rclcpp/rclcpp/clock.hpp:24,
[22.788s]                  from /opt/ros/jazzy/include/rclcpp/rclcpp/client.hpp:38:
[22.789s] /opt/ros/jazzy/include/rclcpp/rclcpp/duration.hpp:49:3: note: candidate: ‘template<class Rep, class Period> rclcpp::Duration::Duration(const std::chrono::duration<_Rep1, _Period1>&)’
[22.789s]    49 |   Duration(const std::chrono::duration<Rep, Period> & duration)  // NOLINT(runtime/explicit)
[22.789s]       |   ^~~~~~~~
[22.789s] /opt/ros/jazzy/include/rclcpp/rclcpp/duration.hpp:49:3: note:   template argument deduction/substitution failed:
[22.789s] /home/neha/ros2_ws/src/semnav_migration/src/navigation.cpp:156:45: note:   mismatched types ‘const std::chrono::duration<_Rep1, _Period1>’ and ‘double’
[22.789s]   156 |                         rclcpp::Duration(5.0).sleep();
[22.789s]       |                                             ^
[22.789s] /opt/ros/jazzy/include/rclcpp/rclcpp/duration.hpp:159:3: note: candidate: ‘rclcpp::Duration::Duration()’
[22.790s]   159 |   Duration() = default;
[22.790s]       |   ^~~~~~~~
[22.790s] /opt/ros/jazzy/include/rclcpp/rclcpp/duration.hpp:159:3: note:   candidate expects 0 arguments, 1 provided
[22.790s] /opt/ros/jazzy/include/rclcpp/rclcpp/duration.hpp:62:3: note: candidate: ‘rclcpp::Duration::Duration(const rclcpp::Duration&)’
[22.790s]    62 |   Duration(const Duration & rhs);
[22.790s]       |   ^~~~~~~~
[22.792s] /opt/ros/jazzy/include/rclcpp/rclcpp/duration.hpp:62:29: note:   no known conversion for argument 1 from ‘double’ to ‘const rclcpp::Duration&’
[22.793s]    62 |   Duration(const Duration & rhs);
[22.793s]       |            ~~~~~~~~~~~~~~~~~^~~
[22.793s] /opt/ros/jazzy/include/rclcpp/rclcpp/duration.hpp:60:12: note: candidate: ‘rclcpp::Duration::Duration(const rcl_duration_t&)’
[22.793s]    60 |   explicit Duration(const rcl_duration_t & duration);
[22.793s]       |            ^~~~~~~~
[22.793s] /opt/ros/jazzy/include/rclcpp/rclcpp/duration.hpp:60:44: note:   no known conversion for argument 1 from ‘double’ to ‘const rcl_duration_t&’ {aka ‘const rcl_duration_s&’}
[22.793s]    60 |   explicit Duration(const rcl_duration_t & duration);
[22.793s]       |                     ~~~~~~~~~~~~~~~~~~~~~~~^~~~~~~~
[22.794s] /opt/ros/jazzy/include/rclcpp/rclcpp/duration.hpp:54:3: note: candidate: ‘rclcpp::Duration::Duration(const builtin_interfaces::msg::Duration&)’
[22.794s]    54 |   Duration(const builtin_interfaces::msg::Duration & duration_msg);  // NOLINT(runtime/explicit)
[22.794s]       |   ^~~~~~~~
[22.794s] /opt/ros/jazzy/include/rclcpp/rclcpp/duration.hpp:54:54: note:   no known conversion for argument 1 from ‘double’ to ‘const builtin_interfaces::msg::Duration&’ {aka ‘const builtin_interfaces::msg::Duration_<std::allocator<void> >&’}
[22.794s]    54 |   Duration(const builtin_interfaces::msg::Duration & duration_msg);  // NOLINT(runtime/explicit)
[22.796s]       |            ~~~~~~~~~~~~~~~~~~~~~~~~~~~~~~~~~~~~~~~~~~^~~~~~~~~~~~
[22.796s] /opt/ros/jazzy/include/rclcpp/rclcpp/duration.hpp:43:12: note: candidate: ‘rclcpp::Duration::Duration(std::chrono::nanoseconds)’
[22.797s]    43 |   explicit Duration(std::chrono::nanoseconds nanoseconds);
[22.797s]       |            ^~~~~~~~
[22.797s] /opt/ros/jazzy/include/rclcpp/rclcpp/duration.hpp:43:46: note:   no known conversion for argument 1 from ‘double’ to ‘std::chrono::nanoseconds’ {aka ‘std::chrono::duration<long int, std::ratio<1, 1000000000> >’}
[22.797s]    43 |   explicit Duration(std::chrono::nanoseconds nanoseconds);
[22.797s]       |                     ~~~~~~~~~~~~~~~~~~~~~~~~~^~~~~~~~~~~
[22.797s] /opt/ros/jazzy/include/rclcpp/rclcpp/duration.hpp:40:3: note: candidate: ‘rclcpp::Duration::Duration(int32_t, uint32_t)’
[22.797s]    40 |   Duration(int32_t seconds, uint32_t nanoseconds);
[22.798s]       |   ^~~~~~~~
[22.798s] /opt/ros/jazzy/include/rclcpp/rclcpp/duration.hpp:40:3: note:   candidate expects 2 arguments, 1 provided
[22.808s] /home/neha/ros2_ws/src/semnav_migration/src/navigation.cpp:163:38: error: ‘node_ptr’ was not declared in this scope; did you mean ‘mode_t’?
[22.808s]   163 |                         rclcpp::spin(node_ptr);
[22.808s]       |                                      ^~~~~~~~
[22.808s]       |                                      mode_t
[22.817s] /home/neha/ros2_ws/src/semnav_migration/src/navigation.cpp: In member function ‘void NavigationNode::publish_behavior_id(uint16_t)’:
[22.818s] /home/neha/ros2_ws/src/semnav_migration/src/navigation.cpp:175:28: error: ‘UInt32’ is not a member of ‘std_msgs::msg’
[22.818s]   175 |             std_msgs::msg::UInt32 commandId;
[22.818s]       |                            ^~~~~~
[22.845s] /home/neha/ros2_ws/src/semnav_migration/src/navigation_semantic.cpp:175:25: error: ‘pub_behaviorID_’ was not declared in this scope; did you mean ‘pub_behaviorID_topic_’?
[22.845s]   175 |                         pub_behaviorID_.publish(commandId);
[22.845s]       |                         ^~~~~~~~~~~~~~~
[22.845s]       |                         pub_behaviorID_topic_
[22.850s] /home/neha/ros2_ws/src/semnav_migration/src/navigation_semantic.cpp: In member function ‘void SemanticNavigationNode::publish_behavior_mode(uint16_t)’:
[22.850s] /home/neha/ros2_ws/src/semnav_migration/src/navigation_semantic.cpp:180:28: error: ‘UInt32’ is not a member of ‘std_msgs::msg’
[22.850s]   180 |             std_msgs::msg::UInt32 commandMode;
[22.850s]       |                            ^~~~~~
[22.863s] /home/neha/ros2_ws/src/semnav_migration/src/navigation.cpp:176:25: error: ‘commandId’ was not declared in this scope
[22.863s]   176 |                         commandId.data = BehaviorIdCmd;
[22.863s]       |                         ^~~~~~~~~
[22.867s] /home/neha/ros2_ws/src/semnav_migration/src/navigation.cpp: In member function ‘void NavigationNode::publish_behavior_mode(uint16_t)’:
[22.867s] /home/neha/ros2_ws/src/semnav_migration/src/navigation.cpp:182:28: error: ‘UInt32’ is not a member of ‘std_msgs::msg’
[22.867s]   182 |             std_msgs::msg::UInt32 commandMode;
[22.867s]       |                            ^~~~~~
[22.916s] /home/neha/ros2_ws/src/semnav_migration/src/navigation_semantic.cpp:181:25: error: ‘commandMode’ was not declared in this scope
[22.916s]   181 |                         commandMode.data = BehaviorModeCmd;
[22.916s]       |                         ^~~~~~~~~~~
[22.927s] /home/neha/ros2_ws/src/semnav_migration/src/navigation.cpp:183:25: error: ‘commandMode’ was not declared in this scope
[22.927s]   183 |                         commandMode.data = BehaviorModeCmd;
[22.928s]       |                         ^~~~~~~~~~~
[22.978s] /home/neha/ros2_ws/src/semnav_migration/src/navigation.cpp: In member function ‘void NavigationNode::diffeo_tree_update(const object_pose_interface_msgs::msg::SemanticMapObjectArray_<std::allocator<void> >::ConstPtr&)’:
[22.978s] /home/neha/ros2_ws/src/semnav_migration/src/navigation.cpp:260:71: error: cannot call member function ‘rclcpp::Time rclcpp::Clock::now() const’ without object
[22.978s]   260 |                                 double start_time = rclcpp::Clock::now().toSec();
[22.978s]       |                                                     ~~~~~~~~~~~~~~~~~~^~
[23.006s] /home/neha/ros2_ws/src/semnav_migration/src/navigation.cpp:328:103: error: cannot call member function ‘rclcpp::Time rclcpp::Clock::now() const’ without object
[23.007s]   328 |                                 ROS_WARN_STREAM("[Navigation] Updated trees in " << rclcpp::Clock::now().toSec()-start_time << " seconds.");
[23.007s]       |                                                                                     ~~~~~~~~~~~~~~~~~~^~
[23.016s] /home/neha/ros2_ws/src/semnav_migration/src/navigation_semantic.cpp:182:25: error: ‘pub_behaviorMode_’ was not declared in this scope; did you mean ‘pub_behaviorMode_topic_’?
[23.017s]   182 |                         pub_behaviorMode_.publish(commandMode);
[23.017s]       |                         ^~~~~~~~~~~~~~~~~
[23.017s]       |                         pub_behaviorMode_topic_
[23.069s] /home/neha/ros2_ws/src/semnav_migration/src/navigation_semantic.cpp: In member function ‘void SemanticNavigationNode::diffeo_tree_update(const object_pose_interface_msgs::msg::SemanticMapObjectArray_<std::allocator<void> >::ConstPtr&)’:
[23.069s] /home/neha/ros2_ws/src/semnav_migration/src/navigation_semantic.cpp:252:29: error: ‘ros’ has not been declared
[23.069s]   252 |                         if (ros::Time::now().toSec() - DiffeoTreeUpdateTime_ < (1.0/DiffeoTreeUpdateRate_)) {
[23.069s]       |                             ^~~
[23.069s] /home/neha/ros2_ws/src/semnav_migration/src/navigation_semantic.cpp:256:53: error: ‘ros’ has not been declared
[23.069s]   256 |                                 double start_time = ros::Time::now().toSec();
[23.069s]       |                                                     ^~~
[23.076s] /home/neha/ros2_ws/src/semnav_migration/src/navigation_semantic.cpp:267:49: error: ‘tf’ has not been declared
[23.076s]   267 |                                                 tf::Quaternion rotation = tf::Quaternion(semantic_map_data->objects[i].pose.pose.orientation.x,
[23.076s]       |                                                 ^~
[23.076s] /home/neha/ros2_ws/src/semnav_migration/src/navigation_semantic.cpp:272:49: error: ‘tf’ has not been declared
[23.076s]   272 |                                                 tf::Matrix3x3 m(rotation);
[23.076s]       |                                                 ^~
[23.077s] /home/neha/ros2_ws/src/semnav_migration/src/navigation_semantic.cpp:275:49: error: ‘tf’ has not been declared
[23.077s]   275 |                                                 tf::Vector3 target_nominal_1(-0.5*target_object_width_ - ObstacleDilation_ - 0.08, 0.0, 0.0);
[23.077s]       |                                                 ^~
[23.077s] /home/neha/ros2_ws/src/semnav_migration/src/navigation_semantic.cpp:276:49: error: ‘tf’ has not been declared
[23.077s]   276 |                                                 tf::Vector3 target_nominal_2(0.5*target_object_width_ + ObstacleDilation_ + 0.25, 0.0, 0.0);
[23.077s]       |                                                 ^~
[23.079s] /home/neha/ros2_ws/src/semnav_migration/src/navigation_semantic.cpp:277:49: error: ‘tf’ has not been declared
[23.079s]   277 |                                                 tf::Vector3 target_nominal_1_rotated = tf::quatRotate(rotation, target_nominal_1);
[23.080s]       |                                                 ^~
[23.080s] /home/neha/ros2_ws/src/semnav_migration/src/navigation_semantic.cpp:278:49: error: ‘tf’ has not been declared
[23.080s]   278 |                                                 tf::Vector3 target_nominal_2_rotated = tf::quatRotate(rotation, target_nominal_2);
[23.080s]       |                                                 ^~
[23.100s] /home/neha/ros2_ws/src/semnav_migration/src/navigation.cpp:328:33: error: ‘ROS_WARN_STREAM’ was not declared in this scope; did you mean ‘RCLCPP_WARN_STREAM’?
[23.101s]   328 |                                 ROS_WARN_STREAM("[Navigation] Updated trees in " << rclcpp::Clock::now().toSec()-start_time << " seconds.");
[23.101s]       |                                 ^~~~~~~~~~~~~~~
[23.101s]       |                                 RCLCPP_WARN_STREAM
[23.101s] /home/neha/ros2_ws/src/semnav_migration/src/navigation.cpp:331:75: error: cannot call member function ‘rclcpp::Time rclcpp::Clock::now() const’ without object
[23.101s]   331 |                                 DiffeoTreeUpdateTime_ = rclcpp::Clock::now().toSec();
[23.103s]       |                                                         ~~~~~~~~~~~~~~~~~~^~
[23.104s] /home/neha/ros2_ws/src/semnav_migration/src/navigation.cpp: In member function ‘void NavigationNode::control_callback(const sensor_msgs::msg::LaserScan_<std::allocator<void> >::ConstPtr&, const nav_msgs::msg::Odometry_<std::allocator<void> >::ConstPtr&)’:
[23.104s] /home/neha/ros2_ws/src/semnav_migration/src/navigation.cpp:358:64: error: cannot call member function ‘rclcpp::Time rclcpp::Clock::now() const’ without object
[23.104s]   358 |                         double before_time = rclcpp::Clock::now().toSec();
[23.104s]       |                                              ~~~~~~~~~~~~~~~~~~^~
[23.110s] /home/neha/ros2_ws/src/semnav_migration/src/navigation_semantic.cpp:280:49: error: ‘m’ was not declared in this scope; did you mean ‘tm’?
[23.111s]   280 |                                                 m.getRPY(roll, pitch, yaw);
[23.111s]       |                                                 ^
[23.111s]       |                                                 tm
[23.150s] /home/neha/ros2_ws/src/semnav_migration/src/navigation.cpp:366:33: error: ‘listener_’ was not declared in this scope
[23.150s]   366 |                                 listener_.waitForTransform(world_frame_id_, odom_frame_id_, rclcpp::Time(0), rclcpp::Duration(1.0));
[23.150s]       |                                 ^~~~~~~~~
[23.150s] /home/neha/ros2_ws/src/semnav_migration/src/navigation.cpp:366:130: error: no matching function for call to ‘rclcpp::Duration::Duration(double)’
[23.150s]   366 |                                 listener_.waitForTransform(world_frame_id_, odom_frame_id_, rclcpp::Time(0), rclcpp::Duration(1.0));
[23.151s]       |                                                                                                                                  ^
[23.151s] /opt/ros/jazzy/include/rclcpp/rclcpp/duration.hpp:49:3: note: candidate: ‘template<class Rep, class Period> rclcpp::Duration::Duration(const std::chrono::duration<_Rep1, _Period1>&)’
[23.151s]    49 |   Duration(const std::chrono::duration<Rep, Period> & duration)  // NOLINT(runtime/explicit)
[23.151s]       |   ^~~~~~~~
[23.151s] /opt/ros/jazzy/include/rclcpp/rclcpp/duration.hpp:49:3: note:   template argument deduction/substitution failed:
[23.151s] /home/neha/ros2_ws/src/semnav_migration/src/navigation.cpp:366:130: note:   mismatched types ‘const std::chrono::duration<_Rep1, _Period1>’ and ‘double’
[23.153s]   366 |                                 listener_.waitForTransform(world_frame_id_, odom_frame_id_, rclcpp::Time(0), rclcpp::Duration(1.0));
[23.154s]       |                                                                                                                                  ^
[23.154s] /opt/ros/jazzy/include/rclcpp/rclcpp/duration.hpp:159:3: note: candidate: ‘rclcpp::Duration::Duration()’
[23.154s]   159 |   Duration() = default;
[23.154s]       |   ^~~~~~~~
[23.154s] /opt/ros/jazzy/include/rclcpp/rclcpp/duration.hpp:159:3: note:   candidate expects 0 arguments, 1 provided
[23.154s] /opt/ros/jazzy/include/rclcpp/rclcpp/duration.hpp:62:3: note: candidate: ‘rclcpp::Duration::Duration(const rclcpp::Duration&)’
[23.154s]    62 |   Duration(const Duration & rhs);
[23.154s]       |   ^~~~~~~~
[23.155s] /opt/ros/jazzy/include/rclcpp/rclcpp/duration.hpp:62:29: note:   no known conversion for argument 1 from ‘double’ to ‘const rclcpp::Duration&’
[23.155s]    62 |   Duration(const Duration & rhs);
[23.155s]       |            ~~~~~~~~~~~~~~~~~^~~
[23.155s] /opt/ros/jazzy/include/rclcpp/rclcpp/duration.hpp:60:12: note: candidate: ‘rclcpp::Duration::Duration(const rcl_duration_t&)’
[23.155s]    60 |   explicit Duration(const rcl_duration_t & duration);
[23.155s]       |            ^~~~~~~~
[23.157s] /opt/ros/jazzy/include/rclcpp/rclcpp/duration.hpp:60:44: note:   no known conversion for argument 1 from ‘double’ to ‘const rcl_duration_t&’ {aka ‘const rcl_duration_s&’}
[23.158s]    60 |   explicit Duration(const rcl_duration_t & duration);
[23.158s]       |                     ~~~~~~~~~~~~~~~~~~~~~~~^~~~~~~~
[23.158s] /opt/ros/jazzy/include/rclcpp/rclcpp/duration.hpp:54:3: note: candidate: ‘rclcpp::Duration::Duration(const builtin_interfaces::msg::Duration&)’
[23.158s]    54 |   Duration(const builtin_interfaces::msg::Duration & duration_msg);  // NOLINT(runtime/explicit)
[23.158s]       |   ^~~~~~~~
[23.158s] /opt/ros/jazzy/include/rclcpp/rclcpp/duration.hpp:54:54: note:   no known conversion for argument 1 from ‘double’ to ‘const builtin_interfaces::msg::Duration&’ {aka ‘const builtin_interfaces::msg::Duration_<std::allocator<void> >&’}
[23.158s]    54 |   Duration(const builtin_interfaces::msg::Duration & duration_msg);  // NOLINT(runtime/explicit)
[23.158s]       |            ~~~~~~~~~~~~~~~~~~~~~~~~~~~~~~~~~~~~~~~~~~^~~~~~~~~~~~
[23.159s] /opt/ros/jazzy/include/rclcpp/rclcpp/duration.hpp:43:12: note: candidate: ‘rclcpp::Duration::Duration(std::chrono::nanoseconds)’
[23.159s]    43 |   explicit Duration(std::chrono::nanoseconds nanoseconds);
[23.159s]       |            ^~~~~~~~
[23.159s] /opt/ros/jazzy/include/rclcpp/rclcpp/duration.hpp:43:46: note:   no known conversion for argument 1 from ‘double’ to ‘std::chrono::nanoseconds’ {aka ‘std::chrono::duration<long int, std::ratio<1, 1000000000> >’}
[23.159s]    43 |   explicit Duration(std::chrono::nanoseconds nanoseconds);
[23.159s]       |                     ~~~~~~~~~~~~~~~~~~~~~~~~~^~~~~~~~~~~
[23.161s] /opt/ros/jazzy/include/rclcpp/rclcpp/duration.hpp:40:3: note: candidate: ‘rclcpp::Duration::Duration(int32_t, uint32_t)’
[23.162s]    40 |   Duration(int32_t seconds, uint32_t nanoseconds);
[23.162s]       |   ^~~~~~~~
[23.162s] /opt/ros/jazzy/include/rclcpp/rclcpp/duration.hpp:40:3: note:   candidate expects 2 arguments, 1 provided
[23.192s] /home/neha/ros2_ws/src/semnav_migration/src/navigation.cpp:369:33: error: ‘ROS_ERROR’ was not declared in this scope
[23.193s]   369 |                                 ROS_ERROR("%s",ex.what());
[23.193s]       |                                 ^~~~~~~~~
[23.195s] /home/neha/ros2_ws/src/semnav_migration/src/navigation.cpp:396:42: error: could not convert ‘lidar_data’ from ‘shared_ptr<LaserScan_<[...]>>’ to ‘shared_ptr<LaserScan_<[...]>>’
[23.195s]   396 |                         constructLIDAR2D(lidar_data, CutoffRange_, AllowableRange_, RobotPitch_, &LIDAR);
[23.195s]       |                                          ^~~~~~~~~~
[23.195s]       |                                          |
[23.195s]       |                                          shared_ptr<LaserScan_<[...]>>
[23.215s] /home/neha/ros2_ws/src/semnav_migration/src/navigation.cpp:570:53: error: no matching function for call to ‘rclcpp::Duration::Duration(double)’
[23.215s]   570 |                                 rclcpp::Duration(5.0).sleep();
[23.215s]       |                                                     ^
[23.215s] /opt/ros/jazzy/include/rclcpp/rclcpp/duration.hpp:49:3: note: candidate: ‘template<class Rep, class Period> rclcpp::Duration::Duration(const std::chrono::duration<_Rep1, _Period1>&)’
[23.215s]    49 |   Duration(const std::chrono::duration<Rep, Period> & duration)  // NOLINT(runtime/explicit)
[23.216s]       |   ^~~~~~~~
[23.216s] /opt/ros/jazzy/include/rclcpp/rclcpp/duration.hpp:49:3: note:   template argument deduction/substitution failed:
[23.216s] /home/neha/ros2_ws/src/semnav_migration/src/navigation.cpp:570:53: note:   mismatched types ‘const std::chrono::duration<_Rep1, _Period1>’ and ‘double’
[23.216s]   570 |                                 rclcpp::Duration(5.0).sleep();
[23.216s]       |                                                     ^
[23.218s] /opt/ros/jazzy/include/rclcpp/rclcpp/duration.hpp:159:3: note: candidate: ‘rclcpp::Duration::Duration()’
[23.218s]   159 |   Duration() = default;
[23.219s]       |   ^~~~~~~~
[23.219s] /opt/ros/jazzy/include/rclcpp/rclcpp/duration.hpp:159:3: note:   candidate expects 0 arguments, 1 provided
[23.219s] /opt/ros/jazzy/include/rclcpp/rclcpp/duration.hpp:62:3: note: candidate: ‘rclcpp::Duration::Duration(const rclcpp::Duration&)’
[23.219s]    62 |   Duration(const Duration & rhs);
[23.219s]       |   ^~~~~~~~
[23.219s] /opt/ros/jazzy/include/rclcpp/rclcpp/duration.hpp:62:29: note:   no known conversion for argument 1 from ‘double’ to ‘const rclcpp::Duration&’
[23.219s]    62 |   Duration(const Duration & rhs);
[23.219s]       |            ~~~~~~~~~~~~~~~~~^~~
[23.220s] /opt/ros/jazzy/include/rclcpp/rclcpp/duration.hpp:60:12: note: candidate: ‘rclcpp::Duration::Duration(const rcl_duration_t&)’
[23.220s]    60 |   explicit Duration(const rcl_duration_t & duration);
[23.220s]       |            ^~~~~~~~
[23.220s] /opt/ros/jazzy/include/rclcpp/rclcpp/duration.hpp:60:44: note:   no known conversion for argument 1 from ‘double’ to ‘const rcl_duration_t&’ {aka ‘const rcl_duration_s&’}
[23.220s]    60 |   explicit Duration(const rcl_duration_t & duration);
[23.222s]       |                     ~~~~~~~~~~~~~~~~~~~~~~~^~~~~~~~
[23.223s] /opt/ros/jazzy/include/rclcpp/rclcpp/duration.hpp:54:3: note: candidate: ‘rclcpp::Duration::Duration(const builtin_interfaces::msg::Duration&)’
[23.223s]    54 |   Duration(const builtin_interfaces::msg::Duration & duration_msg);  // NOLINT(runtime/explicit)
[23.223s]       |   ^~~~~~~~
[23.223s] /opt/ros/jazzy/include/rclcpp/rclcpp/duration.hpp:54:54: note:   no known conversion for argument 1 from ‘double’ to ‘const builtin_interfaces::msg::Duration&’ {aka ‘const builtin_interfaces::msg::Duration_<std::allocator<void> >&’}
[23.223s]    54 |   Duration(const builtin_interfaces::msg::Duration & duration_msg);  // NOLINT(runtime/explicit)
[23.223s]       |            ~~~~~~~~~~~~~~~~~~~~~~~~~~~~~~~~~~~~~~~~~~^~~~~~~~~~~~
[23.223s] /opt/ros/jazzy/include/rclcpp/rclcpp/duration.hpp:43:12: note: candidate: ‘rclcpp::Duration::Duration(std::chrono::nanoseconds)’
[23.223s]    43 |   explicit Duration(std::chrono::nanoseconds nanoseconds);
[23.224s]       |            ^~~~~~~~
[23.224s] /opt/ros/jazzy/include/rclcpp/rclcpp/duration.hpp:43:46: note:   no known conversion for argument 1 from ‘double’ to ‘std::chrono::nanoseconds’ {aka ‘std::chrono::duration<long int, std::ratio<1, 1000000000> >’}
[23.224s]    43 |   explicit Duration(std::chrono::nanoseconds nanoseconds);
[23.224s]       |                     ~~~~~~~~~~~~~~~~~~~~~~~~~^~~~~~~~~~~
[23.224s] /opt/ros/jazzy/include/rclcpp/rclcpp/duration.hpp:40:3: note: candidate: ‘rclcpp::Duration::Duration(int32_t, uint32_t)’
[23.224s]    40 |   Duration(int32_t seconds, uint32_t nanoseconds);
[23.226s]       |   ^~~~~~~~
[23.227s] /opt/ros/jazzy/include/rclcpp/rclcpp/duration.hpp:40:3: note:   candidate expects 2 arguments, 1 provided
[23.287s] /home/neha/ros2_ws/src/semnav_migration/src/navigation_semantic.cpp:281:123: error: ‘target_nominal_1_rotated’ was not declared in this scope
[23.287s]   281 |                                                 GoalVector[0].set<0>(semantic_map_data->objects[i].pose.pose.position.x + target_nominal_1_rotated.getX());
[23.287s]       |                                                                                                                           ^~~~~~~~~~~~~~~~~~~~~~~~
[23.302s] /home/neha/ros2_ws/src/semnav_migration/src/navigation.cpp:573:33: error: ‘ROS_WARN_STREAM’ was not declared in this scope; did you mean ‘RCLCPP_WARN_STREAM’?
[23.303s]   573 |                                 ROS_WARN_STREAM("[Navigation] Successfully navigated to goal and stopped...");
[23.303s]       |                                 ^~~~~~~~~~~~~~~
[23.303s]       |                                 RCLCPP_WARN_STREAM
[23.308s] /home/neha/ros2_ws/src/semnav_migration/src/navigation.cpp:596:75: error: invalid operands of types ‘const char [32]’ and ‘double’ to binary ‘operator<<’
[23.309s]   596 |                         ROS_WARN_STREAM("[Navigation] Linear command is " << LinearCmd << " and angular command is " << AngularCmd);
[23.309s]       |                                         ~~~~~~~~~~~~~~~~~~~~~~~~~~~~~~~~~ ^~ ~~~~~~~~~
[23.309s]       |                                         |                                    |
[23.309s]       |                                         const char [32]                      double
[23.398s] /home/neha/ros2_ws/src/semnav_migration/src/navigation.cpp:596:25: error: ‘ROS_WARN_STREAM’ was not declared in this scope; did you mean ‘RCLCPP_WARN_STREAM’?
[23.398s]   596 |                         ROS_WARN_STREAM("[Navigation] Linear command is " << LinearCmd << " and angular command is " << AngularCmd);
[23.398s]       |                         ^~~~~~~~~~~~~~~
[23.398s]       |                         RCLCPP_WARN_STREAM
[23.398s] /home/neha/ros2_ws/src/semnav_migration/src/navigation.cpp:597:76: error: invalid operands of types ‘const char [33]’ and ‘int’ to binary ‘operator<<’
[23.398s]   597 |                         ROS_WARN_STREAM("[Navigation] Command update for " << int(localDiffeoTreeArray.size()) << " polygons in " << rclcpp::Clock::now().toSec()-before_time << " seconds.");
[23.398s]       |                                         ~~~~~~~~~~~~~~~~~~~~~~~~~~~~~~~~~~ ^~ ~~~~~~~~~~~~~~~~~~~~~~~~~~~~~~~~
[23.399s]       |                                         |                                     |
[23.399s]       |                                         const char [33]                       int
[23.399s] /home/neha/ros2_ws/src/semnav_migration/src/navigation.cpp:597:152: error: cannot call member function ‘rclcpp::Time rclcpp::Clock::now() const’ without object
[23.399s]   597 |                         ROS_WARN_STREAM("[Navigation] Command update for " << int(localDiffeoTreeArray.size()) << " polygons in " << rclcpp::Clock::now().toSec()-before_time << " seconds.");
[23.399s]       |                                                                                                                                      ~~~~~~~~~~~~~~~~~~^~
[23.449s] /home/neha/ros2_ws/src/semnav_migration/src/navigation_semantic.cpp:283:123: error: ‘target_nominal_2_rotated’ was not declared in this scope
[23.449s]   283 |                                                 GoalVector[1].set<0>(semantic_map_data->objects[i].pose.pose.position.x + target_nominal_2_rotated.getX());
[23.449s]       |                                                                                                                           ^~~~~~~~~~~~~~~~~~~~~~~~
[23.569s] /home/neha/ros2_ws/src/semnav_migration/src/navigation_semantic.cpp:317:49: error: ‘ROS_ERROR_STREAM’ was not declared in this scope; did you mean ‘RCLCPP_ERROR_STREAM’?
[23.569s]   317 |                                                 ROS_ERROR_STREAM("Goal blocked by object");
[23.569s]       |                                                 ^~~~~~~~~~~~~~~~
[23.569s]       |                                                 RCLCPP_ERROR_STREAM
[23.575s] /home/neha/ros2_ws/src/semnav_migration/src/navigation_semantic.cpp:365:85: error: ‘ros’ has not been declared
[23.575s]   365 |                                 ROS_WARN_STREAM("[Navigation] Updated trees in " << ros::Time::now().toSec()-start_time << " seconds.");
[23.575s]       |                                                                                     ^~~
[23.672s] /home/neha/ros2_ws/src/semnav_migration/src/navigation_semantic.cpp:365:33: error: ‘ROS_WARN_STREAM’ was not declared in this scope; did you mean ‘RCLCPP_WARN_STREAM’?
[23.672s]   365 |                                 ROS_WARN_STREAM("[Navigation] Updated trees in " << ros::Time::now().toSec()-start_time << " seconds.");
[23.672s]       |                                 ^~~~~~~~~~~~~~~
[23.673s]       |                                 RCLCPP_WARN_STREAM
[23.676s] /home/neha/ros2_ws/src/semnav_migration/src/navigation_semantic.cpp:368:57: error: ‘ros’ has not been declared
[23.676s]   368 |                                 DiffeoTreeUpdateTime_ = ros::Time::now().toSec();
[23.676s]       |                                                         ^~~
[23.676s] /home/neha/ros2_ws/src/semnav_migration/src/navigation_semantic.cpp: In member function ‘void SemanticNavigationNode::control_callback(const sensor_msgs::msg::LaserScan_<std::allocator<void> >::ConstPtr&, const nav_msgs::msg::Odometry_<std::allocator<void> >::ConstPtr&)’:
[23.676s] /home/neha/ros2_ws/src/semnav_migration/src/navigation_semantic.cpp:396:46: error: ‘ros’ has not been declared
[23.677s]   396 |                         double before_time = ros::Time::now().toSec();
[23.677s]       |                                              ^~~
[23.680s] /home/neha/ros2_ws/src/semnav_migration/src/navigation_semantic.cpp:399:40: error: ‘PoseStamped’ is not a member of ‘geometry_msgs’; did you mean ‘geometry_msgs::msg::PoseStamped’?
[23.681s]   399 |                         geometry_msgs::PoseStamped odomPose, mapPose;
[23.681s]       |                                        ^~~~~~~~~~~
[23.681s] In file included from /home/neha/ros2_ws/src/install/object_pose_interface_msgs/include/object_pose_interface_msgs/object_pose_interface_msgs/msg/detail/semantic_map_object__struct.hpp:28,
[23.681s]                  from /home/neha/ros2_ws/src/install/object_pose_interface_msgs/include/object_pose_interface_msgs/object_pose_interface_msgs/msg/detail/semantic_map_object_array__struct.hpp:25,
[23.682s]                  from /home/neha/ros2_ws/src/install/object_pose_interface_msgs/include/object_pose_interface_msgs/object_pose_interface_msgs/msg/semantic_map_object_array.hpp:7,
[23.682s]                  from /home/neha/ros2_ws/src/semnav_migration/src/navigation_semantic.cpp:26:
[23.682s] /opt/ros/jazzy/include/geometry_msgs/geometry_msgs/msg/detail/pose_stamped__struct.hpp:138:7: note: ‘geometry_msgs::msg::PoseStamped’ declared here
[23.682s]   138 | using PoseStamped =
[23.682s]       |       ^~~~~~~~~~~
[23.730s] /home/neha/ros2_ws/src/semnav_migration/src/navigation_semantic.cpp:400:25: error: ‘odomPose’ was not declared in this scope
[23.731s]   400 |                         odomPose.header.stamp = ros::Time(0);
[23.731s]       |                         ^~~~~~~~
[23.733s] /home/neha/ros2_ws/src/semnav_migration/src/navigation_semantic.cpp:400:49: error: ‘ros’ has not been declared
[23.733s]   400 |                         odomPose.header.stamp = ros::Time(0);
[23.733s]       |                                                 ^~~
[23.786s] /home/neha/ros2_ws/src/semnav_migration/src/navigation_semantic.cpp:404:33: error: ‘listener_’ was not declared in this scope
[23.786s]   404 |                                 listener_.waitForTransform(world_frame_id_, odom_frame_id_, ros::Time(0), ros::Duration(1.0));
[23.786s]       |                                 ^~~~~~~~~
[23.789s] /home/neha/ros2_ws/src/semnav_migration/src/navigation_semantic.cpp:404:93: error: ‘ros’ has not been declared
[23.789s]   404 |                                 listener_.waitForTransform(world_frame_id_, odom_frame_id_, ros::Time(0), ros::Duration(1.0));
[23.789s]       |                                                                                             ^~~
[23.789s] /home/neha/ros2_ws/src/semnav_migration/src/navigation_semantic.cpp:404:107: error: ‘ros’ has not been declared
[23.789s]   404 |                                 listener_.waitForTransform(world_frame_id_, odom_frame_id_, ros::Time(0), ros::Duration(1.0));
[23.789s]       |                                                                                                           ^~~
[23.829s] /home/neha/ros2_ws/src/semnav_migration/src/navigation_semantic.cpp:405:84: error: ‘mapPose’ was not declared in this scope
[23.829s]   405 |                                 listener_.transformPose(world_frame_id_, odomPose, mapPose);
[23.829s]       |                                                                                    ^~~~~~~
[23.836s] /home/neha/ros2_ws/src/semnav_migration/src/navigation_semantic.cpp:406:34: error: ‘tf’ does not name a type; did you mean ‘tm’?
[23.836s]   406 |                         } catch (tf::TransformException &ex) {
[23.836s]       |                                  ^~
[23.836s]       |                                  tm
[23.838s] /home/neha/ros2_ws/src/semnav_migration/src/navigation_semantic.cpp:406:57: error: expected unqualified-id before ‘&’ token
[23.838s]   406 |                         } catch (tf::TransformException &ex) {
[23.838s]       |                                                         ^
[23.838s] /home/neha/ros2_ws/src/semnav_migration/src/navigation_semantic.cpp:406:57: error: expected ‘)’ before ‘&’ token
[23.838s] /home/neha/ros2_ws/src/semnav_migration/src/navigation_semantic.cpp:406:33: note: to match this ‘(’
[23.838s]   406 |                         } catch (tf::TransformException &ex) {
[23.839s]       |                                 ^
[23.839s] /home/neha/ros2_ws/src/semnav_migration/src/navigation_semantic.cpp:406:57: error: expected ‘{’ before ‘&’ token
[23.839s]   406 |                         } catch (tf::TransformException &ex) {
[23.839s]       |                                                         ^
[23.876s] /home/neha/ros2_ws/src/semnav_migration/src/navigation_semantic.cpp:406:58: error: ‘ex’ was not declared in this scope; did you mean ‘exp’?
[23.876s]   406 |                         } catch (tf::TransformException &ex) {
[23.876s]       |                                                          ^~
[23.876s]       |                                                          exp
[23.876s] /home/neha/ros2_ws/src/semnav_migration/src/navigation_semantic.cpp:412:25: error: ‘tf’ has not been declared
[23.876s]   412 |                         tf::Quaternion rotation = tf::Quaternion(mapPose.pose.orientation.x,
[23.877s]       |                         ^~
[23.877s] /home/neha/ros2_ws/src/semnav_migration/src/navigation_semantic.cpp:416:25: error: ‘tf’ has not been declared
[23.877s]   416 |                         tf::Matrix3x3 m(rotation);
[23.877s]       |                         ^~
[23.911s] /home/neha/ros2_ws/src/semnav_migration/src/navigation_semantic.cpp:418:25: error: ‘m’ was not declared in this scope; did you mean ‘tm’?
[23.912s]   418 |                         m.getRPY(roll, pitch, yaw);
[23.912s]       |                         ^
[23.912s]       |                         tm
[23.952s] /home/neha/ros2_ws/src/semnav_migration/src/navigation_semantic.cpp:419:51: error: ‘mapPose’ was not declared in this scope
[23.953s]   419 |                         double x_robot_position = mapPose.pose.position.x;
[23.953s]       |                                                   ^~~~~~~
[23.962s] /home/neha/ros2_ws/src/semnav_migration/src/navigation_semantic.cpp:432:42: error: could not convert ‘lidar_data’ from ‘shared_ptr<LaserScan_<[...]>>’ to ‘shared_ptr<LaserScan_<[...]>>’
[23.962s]   432 |                         constructLIDAR2D(lidar_data, CutoffRange_, AllowableRange_, RobotPitch_, &LIDAR);
[23.962s]       |                                          ^~~~~~~~~~
[23.962s]       |                                          |
[23.962s]       |                                          shared_ptr<LaserScan_<[...]>>
[23.981s] /home/neha/ros2_ws/src/semnav_migration/src/navigation_semantic.cpp:562:96: error: invalid operands of types ‘const char [53]’ and ‘double’ to binary ‘operator<<’
[23.981s]   562 |                         ROS_WARN_STREAM("[Navigation] Diffeomorphism jacobian determinant is " << MatrixDeterminant(RobotPositionTransformedD) << ", robot position is " << bg::dsv(RobotPosition_) << " and robot positon in model space is " << bg::dsv(RobotPositionTransformedPoint));
[23.981s]       |                                         ~~~~~~~~~~~~~~~~~~~~~~~~~~~~~~~~~~~~~~~~~~~~~~~~~~~~~~ ^~ ~~~~~~~~~~~~~~~~~~~~~~~~~~~~~~~~~~~~~~~~~~~~
[23.981s]       |                                         |                                                                          |
[23.981s]       |                                         const char [53]                                                            double
[24.078s] /home/neha/ros2_ws/src/semnav_migration/src/navigation_semantic.cpp:562:25: error: ‘ROS_WARN_STREAM’ was not declared in this scope; did you mean ‘RCLCPP_WARN_STREAM’?
[24.078s]   562 |                         ROS_WARN_STREAM("[Navigation] Diffeomorphism jacobian determinant is " << MatrixDeterminant(RobotPositionTransformedD) << ", robot position is " << bg::dsv(RobotPosition_) << " and robot positon in model space is " << bg::dsv(RobotPositionTransformedPoint));
[24.079s]       |                         ^~~~~~~~~~~~~~~
[24.079s]       |                         RCLCPP_WARN_STREAM
[24.081s] /home/neha/ros2_ws/src/semnav_migration/src/navigation_semantic.cpp:591:41: error: ‘ros’ has not been declared
[24.081s]   591 |                                         ros::Duration(5.0).sleep();
[24.081s]       |                                         ^~~
[24.092s] /home/neha/ros2_ws/src/semnav_migration/src/navigation_semantic.cpp:616:75: error: invalid operands of types ‘const char [32]’ and ‘double’ to binary ‘operator<<’
[24.092s]   616 |                         ROS_WARN_STREAM("[Navigation] Linear command is " << LinearCmd << " and angular command is " << AngularCmd);
[24.092s]       |                                         ~~~~~~~~~~~~~~~~~~~~~~~~~~~~~~~~~ ^~ ~~~~~~~~~
[24.092s]       |                                         |                                    |
[24.092s]       |                                         const char [32]                      double
[24.092s] /home/neha/ros2_ws/src/semnav_migration/src/navigation_semantic.cpp:617:76: error: invalid operands of types ‘const char [33]’ and ‘int’ to binary ‘operator<<’
[24.093s]   617 |                         ROS_WARN_STREAM("[Navigation] Command update for " << int(localDiffeoTreeArray.size()) << " polygons in " << ros::Time::now().toSec()-before_time << " seconds.");
[24.093s]       |                                         ~~~~~~~~~~~~~~~~~~~~~~~~~~~~~~~~~~ ^~ ~~~~~~~~~~~~~~~~~~~~~~~~~~~~~~~~
[24.093s]       |                                         |                                     |
[24.093s]       |                                         const char [33]                       int
[24.093s] /home/neha/ros2_ws/src/semnav_migration/src/navigation_semantic.cpp:617:134: error: ‘ros’ has not been declared
[24.093s]   617 |                         ROS_WARN_STREAM("[Navigation] Command update for " << int(localDiffeoTreeArray.size()) << " polygons in " << ros::Time::now().toSec()-before_time << " seconds.");
[24.093s]       |                                                                                                                                      ^~~
[24.095s] /home/neha/ros2_ws/src/semnav_migration/src/navigation_semantic.cpp: In function ‘int main(int, char**)’:
[24.095s] /home/neha/ros2_ws/src/semnav_migration/src/navigation_semantic.cpp:698:9: error: ‘ros’ has not been declared
[24.095s]   698 |         ros::init(argc, argv, "navigation_semantic");
[24.096s]       |         ^~~
[24.096s] /home/neha/ros2_ws/src/semnav_migration/src/navigation_semantic.cpp:701:9: error: ‘ros’ has not been declared
[24.096s]   701 |         ros::NodeHandle nh("~");
[24.096s]       |         ^~~
[24.118s] /home/neha/ros2_ws/src/semnav_migration/src/navigation_semantic.cpp:704:56: error: ‘nh’ was not declared in this scope
[24.118s]   704 |         SemanticNavigationNode semanticNavigationNode(&nh);
[24.118s]       |                                                        ^~
[34.008s] gmake[2]: *** [CMakeFiles/navigation_semantic.dir/build.make:76: CMakeFiles/navigation_semantic.dir/src/navigation_semantic.cpp.o] Error 1
[34.009s] gmake[1]: *** [CMakeFiles/Makefile2:207: CMakeFiles/navigation_semantic.dir/all] Error 2
[34.010s] gmake[1]: *** Waiting for unfinished jobs....
[37.921s] gmake[2]: *** [CMakeFiles/navigation.dir/build.make:76: CMakeFiles/navigation.dir/src/navigation.cpp.o] Error 1
[37.921s] gmake[1]: *** [CMakeFiles/Makefile2:181: CMakeFiles/navigation.dir/all] Error 2
[37.922s] gmake: *** [Makefile:146: all] Error 2
[37.925s] Invoked command in '/home/neha/ros2_ws/src/semnav_migration/build/semnav' returned '2': CMAKE_PREFIX_PATH=${CMAKE_PREFIX_PATH}:/opt/ros/jazzy DEBUGINFOD_URLS=https://debuginfod.ubuntu.com /usr/bin/cmake --build /home/neha/ros2_ws/src/semnav_migration/build/semnav -- -j2 -l2
