[0.026s] Invoking command in '/home/neha/ros2_ws/src/semnav_migration/build/semnav': CMAKE_PREFIX_PATH=${CMAKE_PREFIX_PATH}:/opt/ros/jazzy DEBUGINFOD_URLS=https://debuginfod.ubuntu.com /usr/bin/cmake --build /home/neha/ros2_ws/src/semnav_migration/build/semnav -- -j2 -l2
[0.191s] [ 14%] Built target reactive_planner
[0.332s] [ 23%] Building CXX object CMakeFiles/navigation_semantic.dir/src/navigation_semantic.cpp.o
[0.332s] [ 23%] Building CXX object CMakeFiles/navigation.dir/src/navigation.cpp.o
[6.712s] /home/neha/ros2_ws/src/semnav_migration/src/navigation.cpp:138:77: error: missing terminating " character
[6.712s]   138 |             pub_behaviorID_ = this->create_publisher<std_msgs::msg::UInt32>("pub_behaviorID_topic_, 1);
[6.712s]       |                                                                             ^~~~~~~~~~~~~~~~~~~~~~~~~~~
[6.712s] /home/neha/ros2_ws/src/semnav_migration/src/navigation.cpp:139:79: error: missing terminating " character
[6.713s]   139 |             pub_behaviorMode_ = this->create_publisher<std_msgs::msg::UInt32>("pub_behaviorMode_topic_, 1);
[6.713s]       |                                                                               ^~~~~~~~~~~~~~~~~~~~~~~~~~~~~
[6.713s] /home/neha/ros2_ws/src/semnav_migration/src/navigation.cpp:140:72: error: missing terminating " character
[6.713s]   140 |             pub_twist_ = this->create_publisher<std_msgs::msg::UInt32>("pub_twist_topic_, 1);
[6.715s]       |                                                                        ^~~~~~~~~~~~~~~~~~~~~~
[22.290s] /home/neha/ros2_ws/src/semnav_migration/src/navigation.cpp:243:47: error: ‘object_pose_interface_msgs’ does not name a type
[22.290s]   243 |                 void diffeo_tree_update(const object_pose_interface_msgs::msg::SemanticMapObjectArray::ConstPtr& semantic_map_data) {
[22.291s]       |                                               ^~~~~~~~~~~~~~~~~~~~~~~~~~
[22.291s] /home/neha/ros2_ws/src/semnav_migration/src/navigation.cpp:243:78: error: expected unqualified-id before ‘::’ token
[22.292s]   243 |                 void diffeo_tree_update(const object_pose_interface_msgs::msg::SemanticMapObjectArray::ConstPtr& semantic_map_data) {
[22.292s]       |                                                                              ^~
[22.292s] /home/neha/ros2_ws/src/semnav_migration/src/navigation.cpp:243:78: error: expected ‘)’ before ‘::’ token
[22.292s]   243 |                 void diffeo_tree_update(const object_pose_interface_msgs::msg::SemanticMapObjectArray::ConstPtr& semantic_map_data) {
[22.294s]       |                                        ~                                     ^~
[22.295s]       |                                                                              )
[22.295s] /home/neha/ros2_ws/src/semnav_migration/src/navigation.cpp:243:75: error: expected ‘;’ at end of member declaration
[22.295s]   243 |                 void diffeo_tree_update(const object_pose_interface_msgs::msg::SemanticMapObjectArray::ConstPtr& semantic_map_data) {
[22.295s]       |                                                                           ^~~
[22.295s]       |                                                                              ;
[22.332s] /home/neha/ros2_ws/src/semnav_migration/src/navigation.cpp:243:80: error: ‘SemanticMapObjectArray’ in namespace ‘::’ does not name a type
[22.332s]   243 |                 void diffeo_tree_update(const object_pose_interface_msgs::msg::SemanticMapObjectArray::ConstPtr& semantic_map_data) {
[22.333s]       |                                                                                ^~~~~~~~~~~~~~~~~~~~~~
[22.333s] /home/neha/ros2_ws/src/semnav_migration/src/navigation.cpp:616:17: error: invalid use of template-name ‘rclcpp::Publisher’ without an argument list
[22.333s]   616 |                 rclcpp::Publisher pub_behaviorID_;
[22.333s]       |                 ^~~~~~
[22.334s] /home/neha/ros2_ws/src/semnav_migration/src/navigation.cpp:617:17: error: invalid use of template-name ‘rclcpp::Publisher’ without an argument list
[22.334s]   617 |                 rclcpp::Publisher pub_behaviorMode_;
[22.334s]       |                 ^~~~~~
[22.335s] /home/neha/ros2_ws/src/semnav_migration/src/navigation.cpp:618:17: error: invalid use of template-name ‘rclcpp::Publisher’ without an argument list
[22.336s]   618 |                 rclcpp::Publisher pub_twist_;
[22.336s]       |                 ^~~~~~
[22.338s] /home/neha/ros2_ws/src/semnav_migration/src/navigation.cpp:620:17: error: invalid use of template-name ‘rclcpp::Publisher’ without an argument list
[22.339s]   620 |                 rclcpp::Publisher pub_semantic_map_;
[22.339s]       |                 ^~~~~~
[22.346s] /home/neha/ros2_ws/src/semnav_migration/src/navigation.cpp:664:22: error: ‘TransformListener’ in namespace ‘tf2’ does not name a type
[22.346s]   664 |                 tf2::TransformListener listener_;
[22.346s]       |                      ^~~~~~~~~~~~~~~~~
[22.348s] /home/neha/ros2_ws/src/semnav_migration/src/navigation.cpp: In constructor ‘NavigationNode::NavigationNode()’:
[22.348s] /home/neha/ros2_ws/src/semnav_migration/src/navigation.cpp:45:50: error: no matching function for call to ‘rclcpp::Node::Node()’
[22.348s]    45 |         NavigationNode() : Node("navigation_node") {
[22.348s]       |                                                  ^
[22.349s] In file included from /opt/ros/jazzy/include/rclcpp/rclcpp/executors/single_threaded_executor.hpp:28,
[22.350s]                  from /opt/ros/jazzy/include/rclcpp/rclcpp/executors.hpp:22,
[22.350s]                  from /opt/ros/jazzy/include/rclcpp/rclcpp/rclcpp.hpp:172,
[22.350s]                  from /home/neha/ros2_ws/src/semnav_migration/include/reactive_planner_lib.h:32,
[22.350s]                  from /home/neha/ros2_ws/src/semnav_migration/src/navigation.cpp:25:
[22.350s] /opt/ros/jazzy/include/rclcpp/rclcpp/node.hpp:1629:3: note: candidate: ‘rclcpp::Node::Node(const rclcpp::Node&, const std::string&)’
[22.350s]  1629 |   Node(
[22.350s]       |   ^~~~
[22.351s] /opt/ros/jazzy/include/rclcpp/rclcpp/node.hpp:1629:3: note:   candidate expects 2 arguments, 0 provided
[22.351s] /opt/ros/jazzy/include/rclcpp/rclcpp/node.hpp:103:12: note: candidate: ‘rclcpp::Node::Node(const std::string&, const std::string&, const rclcpp::NodeOptions&)’
[22.351s]   103 |   explicit Node(
[22.351s]       |            ^~~~
[22.351s] /opt/ros/jazzy/include/rclcpp/rclcpp/node.hpp:103:12: note:   candidate expects 3 arguments, 0 provided
[22.353s] /opt/ros/jazzy/include/rclcpp/rclcpp/node.hpp:91:12: note: candidate: ‘rclcpp::Node::Node(const std::string&, const rclcpp::NodeOptions&)’
[22.354s]    91 |   explicit Node(
[22.354s]       |            ^~~~
[22.354s] /opt/ros/jazzy/include/rclcpp/rclcpp/node.hpp:91:12: note:   candidate expects 2 arguments, 0 provided
[22.462s] /home/neha/ros2_ws/src/semnav_migration/src/navigation.cpp:104:25: error: ‘target_object_’ was not declared in this scope
[22.463s]   104 |                         target_object_ = this->get_parameter("target_object").as_string();
[22.463s]       |                         ^~~~~~~~~~~~~~
[22.478s] /home/neha/ros2_ws/src/semnav_migration/src/navigation_semantic.cpp:240:47: error: ‘object_pose_interface_msgs’ does not name a type
[22.478s]   240 |                 void diffeo_tree_update(const object_pose_interface_msgs::msg::SemanticMapObjectArray::ConstPtr& semantic_map_data) {
[22.478s]       |                                               ^~~~~~~~~~~~~~~~~~~~~~~~~~
[22.478s] /home/neha/ros2_ws/src/semnav_migration/src/navigation_semantic.cpp:240:78: error: expected unqualified-id before ‘::’ token
[22.478s]   240 |                 void diffeo_tree_update(const object_pose_interface_msgs::msg::SemanticMapObjectArray::ConstPtr& semantic_map_data) {
[22.478s]       |                                                                              ^~
[22.478s] /home/neha/ros2_ws/src/semnav_migration/src/navigation_semantic.cpp:240:78: error: expected ‘)’ before ‘::’ token
[22.479s]   240 |                 void diffeo_tree_update(const object_pose_interface_msgs::msg::SemanticMapObjectArray::ConstPtr& semantic_map_data) {
[22.479s]       |                                        ~                                     ^~
[22.479s]       |                                                                              )
[22.479s] /home/neha/ros2_ws/src/semnav_migration/src/navigation_semantic.cpp:240:75: error: expected ‘;’ at end of member declaration
[22.479s]   240 |                 void diffeo_tree_update(const object_pose_interface_msgs::msg::SemanticMapObjectArray::ConstPtr& semantic_map_data) {
[22.481s]       |                                                                           ^~~
[22.481s]       |                                                                              ;
[22.516s] /home/neha/ros2_ws/src/semnav_migration/src/navigation_semantic.cpp:240:80: error: ‘SemanticMapObjectArray’ in namespace ‘::’ does not name a type
[22.516s]   240 |                 void diffeo_tree_update(const object_pose_interface_msgs::msg::SemanticMapObjectArray::ConstPtr& semantic_map_data) {
[22.516s]       |                                                                                ^~~~~~~~~~~~~~~~~~~~~~
[22.524s] /home/neha/ros2_ws/src/semnav_migration/src/navigation_semantic.cpp:623:17: error: ‘ros’ does not name a type
[22.525s]   623 |                 ros::NodeHandle nh_;
[22.525s]       |                 ^~~
[22.532s] /home/neha/ros2_ws/src/semnav_migration/src/navigation_semantic.cpp:640:17: error: ‘ros’ does not name a type
[22.532s]   640 |                 ros::Publisher pub_behaviorID_;
[22.532s]       |                 ^~~
[22.537s] /home/neha/ros2_ws/src/semnav_migration/src/navigation_semantic.cpp:641:17: error: ‘ros’ does not name a type
[22.537s]   641 |                 ros::Publisher pub_behaviorMode_;
[22.537s]       |                 ^~~
[22.544s] /home/neha/ros2_ws/src/semnav_migration/src/navigation_semantic.cpp:642:17: error: ‘ros’ does not name a type
[22.544s]   642 |                 ros::Publisher pub_twist_;
[22.544s]       |                 ^~~
[22.552s] /home/neha/ros2_ws/src/semnav_migration/src/navigation_semantic.cpp:644:17: error: ‘ros’ does not name a type
[22.553s]   644 |                 ros::Publisher pub_semantic_map_;
[22.553s]       |                 ^~~
[22.566s] /home/neha/ros2_ws/src/semnav_migration/src/navigation_semantic.cpp:690:17: error: ‘tf’ does not name a type; did you mean ‘tm’?
[22.566s]   690 |                 tf::TransformListener listener_;
[22.567s]       |                 ^~
[22.567s]       |                 tm
[22.602s] /home/neha/ros2_ws/src/semnav_migration/src/navigation.cpp:105:25: error: ‘target_object_length_’ was not declared in this scope
[22.603s]   105 |                         target_object_length_ = this->get_parameter("target_object_length").as_double();
[22.603s]       |                         ^~~~~~~~~~~~~~~~~~~~~
[22.680s] /home/neha/ros2_ws/src/semnav_migration/src/navigation_semantic.cpp: In constructor ‘SemanticNavigationNode::SemanticNavigationNode()’:
[22.680s] /home/neha/ros2_ws/src/semnav_migration/src/navigation_semantic.cpp:136:25: error: ‘pub_behaviorID_’ was not declared in this scope; did you mean ‘pub_behaviorID_topic_’?
[22.680s]   136 |                         pub_behaviorID_ = nh_.advertise<std_msgs::UInt32>(pub_behaviorID_topic_, 1, true);
[22.680s]       |                         ^~~~~~~~~~~~~~~
[22.680s]       |                         pub_behaviorID_topic_
[22.711s] /home/neha/ros2_ws/src/semnav_migration/src/navigation_semantic.cpp:136:43: error: ‘nh_’ was not declared in this scope
[22.711s]   136 |                         pub_behaviorID_ = nh_.advertise<std_msgs::UInt32>(pub_behaviorID_topic_, 1, true);
[22.711s]       |                                           ^~~
[22.717s] /home/neha/ros2_ws/src/semnav_migration/src/navigation_semantic.cpp:136:67: error: ‘UInt32’ is not a member of ‘std_msgs’
[22.718s]   136 |                         pub_behaviorID_ = nh_.advertise<std_msgs::UInt32>(pub_behaviorID_topic_, 1, true);
[22.718s]       |                                                                   ^~~~~~
[22.732s] /home/neha/ros2_ws/src/semnav_migration/src/navigation.cpp:106:25: error: ‘target_object_width_’ was not declared in this scope
[22.733s]   106 |                         target_object_width_ = this->get_parameter("target_object_width").as_double();
[22.733s]       |                         ^~~~~~~~~~~~~~~~~~~~
[22.740s] /home/neha/ros2_ws/src/semnav_migration/src/navigation.cpp:138:69: error: ‘UInt32’ is not a member of ‘std_msgs::msg’
[22.740s]   138 |             pub_behaviorID_ = this->create_publisher<std_msgs::msg::UInt32>("pub_behaviorID_topic_, 1);
[22.741s]       |                                                                     ^~~~~~
[22.746s] /home/neha/ros2_ws/src/semnav_migration/src/navigation.cpp:139:71: error: ‘UInt32’ is not a member of ‘std_msgs::msg’
[22.747s]   139 |             pub_behaviorMode_ = this->create_publisher<std_msgs::msg::UInt32>("pub_behaviorMode_topic_, 1);
[22.747s]       |                                                                       ^~~~~~
[22.750s] /home/neha/ros2_ws/src/semnav_migration/src/navigation.cpp:140:64: error: ‘UInt32’ is not a member of ‘std_msgs::msg’
[22.750s]   140 |             pub_twist_ = this->create_publisher<std_msgs::msg::UInt32>("pub_twist_topic_, 1);
[22.750s]       |                                                                ^~~~~~
[22.750s] /home/neha/ros2_ws/src/semnav_migration/src/navigation.cpp:143:82: error: expected primary-expression before ‘sub_laser’
[22.750s]   143 |                         message_filters::Subscriber<sensor_msgs::msg::LaserScan> sub_laser(nh_, sub_laser_topic_, 1);
[22.750s]       |                                                                                  ^~~~~~~~~
[22.813s] /home/neha/ros2_ws/src/semnav_migration/src/navigation.cpp:144:112: error: no matching function for call to ‘message_filters::Subscriber<nav_msgs::msg::Odometry_<std::allocator<void> > >::Subscriber(rclcpp::Node&, std::string&, int)’
[22.814s]   144 |                         message_filters::Subscriber<nav_msgs::msg::Odometry> sub_robot(nh_, sub_robot_topic_, 1);
[22.814s]       |                                                                                                                ^
[22.814s] In file included from /home/neha/ros2_ws/src/semnav_migration/include/reactive_planner_lib.h:43:
[22.814s] /opt/ros/jazzy/include/message_filters/message_filters/subscriber.h:224:3: note: candidate: ‘message_filters::Subscriber<M, NodeType>::Subscriber() [with M = nav_msgs::msg::Odometry_<std::allocator<void> >; NodeType = rclcpp::Node]’
[22.814s]   224 |   Subscriber() = default;
[22.814s]       |   ^~~~~~~~~~
[22.814s] /opt/ros/jazzy/include/message_filters/message_filters/subscriber.h:224:3: note:   candidate expects 0 arguments, 3 provided
[22.815s] /opt/ros/jazzy/include/message_filters/message_filters/subscriber.h:212:3: note: candidate: ‘message_filters::Subscriber<M, NodeType>::Subscriber(NodeType*, const std::string&, rmw_qos_profile_t, rclcpp::SubscriptionOptions) [with M = nav_msgs::msg::Odometry_<std::allocator<void> >; NodeType = rclcpp::Node; std::string = std::__cxx11::basic_string<char>; rmw_qos_profile_t = rmw_qos_profile_s; rclcpp::SubscriptionOptions = rclcpp::SubscriptionOptionsWithAllocator<std::allocator<void> >]’
[22.815s]   212 |   Subscriber(
[22.815s]       |   ^~~~~~~~~~
[22.815s] /opt/ros/jazzy/include/message_filters/message_filters/subscriber.h:212:3: note:   candidate expects 4 arguments, 3 provided
[22.817s] /opt/ros/jazzy/include/message_filters/message_filters/subscriber.h:203:3: note: candidate: ‘message_filters::Subscriber<M, NodeType>::Subscriber(NodePtr, const std::string&, rmw_qos_profile_t, rclcpp::SubscriptionOptions) [with M = nav_msgs::msg::Odometry_<std::allocator<void> >; NodeType = rclcpp::Node; NodePtr = std::shared_ptr<rclcpp::Node>; std::string = std::__cxx11::basic_string<char>; rmw_qos_profile_t = rmw_qos_profile_s; rclcpp::SubscriptionOptions = rclcpp::SubscriptionOptionsWithAllocator<std::allocator<void> >]’
[22.817s]   203 |   Subscriber(
[22.818s]       |   ^~~~~~~~~~
[22.818s] /opt/ros/jazzy/include/message_filters/message_filters/subscriber.h:203:3: note:   candidate expects 4 arguments, 3 provided
[22.818s] /opt/ros/jazzy/include/message_filters/message_filters/subscriber.h:188:3: note: candidate: ‘message_filters::Subscriber<M, NodeType>::Subscriber(NodeType*, const std::string&, rmw_qos_profile_t) [with M = nav_msgs::msg::Odometry_<std::allocator<void> >; NodeType = rclcpp::Node; std::string = std::__cxx11::basic_string<char>; rmw_qos_profile_t = rmw_qos_profile_s]’
[22.818s]   188 |   Subscriber(NodeType * node, const std::string& topic, const rmw_qos_profile_t qos = rmw_qos_profile_default)
[22.818s]       |   ^~~~~~~~~~
[22.818s] /opt/ros/jazzy/include/message_filters/message_filters/subscriber.h:188:25: note:   no known conversion for argument 1 from ‘rclcpp::Node’ to ‘rclcpp::Node*’
[22.818s]   188 |   Subscriber(NodeType * node, const std::string& topic, const rmw_qos_profile_t qos = rmw_qos_profile_default)
[22.819s]       |              ~~~~~~~~~~~^~~~
[22.819s] /opt/ros/jazzy/include/message_filters/message_filters/subscriber.h:183:3: note: candidate: ‘message_filters::Subscriber<M, NodeType>::Subscriber(NodePtr, const std::string&, rmw_qos_profile_t) [with M = nav_msgs::msg::Odometry_<std::allocator<void> >; NodeType = rclcpp::Node; NodePtr = std::shared_ptr<rclcpp::Node>; std::string = std::__cxx11::basic_string<char>; rmw_qos_profile_t = rmw_qos_profile_s]’
[22.819s]   183 |   Subscriber(NodePtr node, const std::string& topic, const rmw_qos_profile_t qos = rmw_qos_profile_default)
[22.819s]       |   ^~~~~~~~~~
[22.819s] /opt/ros/jazzy/include/message_filters/message_filters/subscriber.h:183:22: note:   no known conversion for argument 1 from ‘rclcpp::Node’ to ‘message_filters::Subscriber<nav_msgs::msg::Odometry_<std::allocator<void> > >::NodePtr’ {aka ‘std::shared_ptr<rclcpp::Node>’}
[22.821s]   183 |   Subscriber(NodePtr node, const std::string& topic, const rmw_qos_profile_t qos = rmw_qos_profile_default)
[22.822s]       |              ~~~~~~~~^~~~
[22.822s] /home/neha/ros2_ws/src/semnav_migration/src/navigation_semantic.cpp:137:25: error: ‘pub_behaviorMode_’ was not declared in this scope; did you mean ‘pub_behaviorMode_topic_’?
[22.822s]   137 |                         pub_behaviorMode_ = nh_.advertise<std_msgs::UInt32>(pub_behaviorMode_topic_, 1, true);
[22.822s]       |                         ^~~~~~~~~~~~~~~~~
[22.822s]       |                         pub_behaviorMode_topic_
[22.826s] /home/neha/ros2_ws/src/semnav_migration/src/navigation_semantic.cpp:137:69: error: ‘UInt32’ is not a member of ‘std_msgs’
[22.827s]   137 |                         pub_behaviorMode_ = nh_.advertise<std_msgs::UInt32>(pub_behaviorMode_topic_, 1, true);
[22.827s]       |                                                                     ^~~~~~
[22.879s] /home/neha/ros2_ws/src/semnav_migration/src/navigation_semantic.cpp:138:25: error: ‘pub_twist_’ was not declared in this scope; did you mean ‘publish_twist’?
[22.879s]   138 |                         pub_twist_ = nh_.advertise<geometry_msgs::msg::Twist>(pub_twist_topic_, 1, true);
[22.879s]       |                         ^~~~~~~~~~
[22.880s]       |                         publish_twist
[22.880s] /home/neha/ros2_ws/src/semnav_migration/src/navigation_semantic.cpp:138:77: error: expected primary-expression before ‘>’ token
[22.880s]   138 |                         pub_twist_ = nh_.advertise<geometry_msgs::msg::Twist>(pub_twist_topic_, 1, true);
[22.881s]       |                                                                             ^
[22.881s] /home/neha/ros2_ws/src/semnav_migration/src/navigation_semantic.cpp:141:42: error: ‘message_filters::msg’ has not been declared
[22.881s]   141 |                         message_filters::msg::Subscriber<sensor_msgs::LaserScan> sub_laser(nh_, sub_laser_topic_, 1);
[22.881s]       |                                          ^~~
[22.888s] /home/neha/ros2_ws/src/semnav_migration/src/navigation_semantic.cpp:141:71: error: ‘LaserScan’ is not a member of ‘sensor_msgs’; did you mean ‘sensor_msgs::msg::LaserScan’?
[22.888s]   141 |                         message_filters::msg::Subscriber<sensor_msgs::LaserScan> sub_laser(nh_, sub_laser_topic_, 1);
[22.888s]       |                                                                       ^~~~~~~~~
[22.888s] In file included from /opt/ros/jazzy/include/sensor_msgs/sensor_msgs/msg/laser_scan.hpp:7,
[22.888s]                  from /home/neha/ros2_ws/src/semnav_migration/include/reactive_planner_lib.h:46,
[22.888s]                  from /home/neha/ros2_ws/src/semnav_migration/src/navigation_semantic.cpp:25:
[22.888s] /opt/ros/jazzy/include/sensor_msgs/sensor_msgs/msg/detail/laser_scan__struct.hpp:250:7: note: ‘sensor_msgs::msg::LaserScan’ declared here
[22.889s]   250 | using LaserScan =
[22.889s]       |       ^~~~~~~~~
[22.940s] /home/neha/ros2_ws/src/semnav_migration/src/navigation_semantic.cpp:141:82: error: ‘sub_laser’ was not declared in this scope
[22.940s]   141 |                         message_filters::msg::Subscriber<sensor_msgs::LaserScan> sub_laser(nh_, sub_laser_topic_, 1);
[22.941s]       |                                                                                  ^~~~~~~~~
[22.990s] /home/neha/ros2_ws/src/semnav_migration/src/navigation.cpp:148:65: error: ‘sub_laser’ was not declared in this scope
[22.990s]   148 |                         sync.reset(new Sync(SyncPolicy(100000), sub_laser, sub_robot));
[22.990s]       |                                                                 ^~~~~~~~~
[23.000s] /home/neha/ros2_ws/src/semnav_migration/src/navigation.cpp:149:55: error: ‘bind’ is not a member of ‘boost’; did you mean ‘find’?
[23.000s]   149 |                         sync->registerCallback(boost::bind(&NavigationNode::control_callback, this, _1, _2));
[23.000s]       |                                                       ^~~~
[23.001s]       |                                                       find
[23.004s] /home/neha/ros2_ws/src/semnav_migration/src/navigation.cpp:149:101: error: ‘_1’ was not declared in this scope
[23.004s]   149 |                         sync->registerCallback(boost::bind(&NavigationNode::control_callback, this, _1, _2));
[23.004s]       |                                                                                                     ^~
[23.004s] /home/neha/ros2_ws/src/semnav_migration/src/navigation.cpp:149:101: note: suggested alternatives:
[23.007s] In file included from /usr/include/boost/mpl/aux_/include_preprocessed.hpp:37,
[23.008s]                  from /usr/include/boost/mpl/placeholders.hpp:43,
[23.008s]                  from /usr/include/boost/iterator/iterator_categories.hpp:16,
[23.008s]                  from /usr/include/boost/iterator/iterator_facade.hpp:13,
[23.008s]                  from /usr/include/boost/range/iterator_range_core.hpp:27,
[23.008s]                  from /usr/include/boost/lexical_cast.hpp:48,
[23.009s]                  from /usr/include/boost/multiprecision/detail/number_base.hpp:29,
[23.009s]                  from /usr/include/boost/multiprecision/traits/is_variable_precision.hpp:9,
[23.009s]                  from /usr/include/boost/multiprecision/detail/precision.hpp:9,
[23.009s]                  from /usr/include/boost/multiprecision/number.hpp:11,
[23.011s]                  from /usr/include/boost/multiprecision/cpp_int.hpp:19,
[23.012s]                  from /usr/include/boost/multiprecision/cpp_bin_float.hpp:15,
[23.012s]                  from /usr/include/boost/geometry/core/coordinate_promotion.hpp:16,
[23.012s]                  from /usr/include/boost/geometry/core/radian_access.hpp:30,
[23.012s]                  from /usr/include/boost/geometry/geometry.hpp:50,
[23.012s]                  from /usr/include/boost/geometry.hpp:17,
[23.012s]                  from /home/neha/ros2_ws/src/semnav_migration/include/reactive_planner_lib.h:26:
[23.012s] /usr/include/boost/mpl/aux_/preprocessed/gcc/placeholders.hpp:29:16: note:   ‘mpl_::_1’
[23.012s]    29 | typedef arg<1> _1;
[23.013s]       |                ^~
[23.013s] In file included from /usr/include/boost/numeric/conversion/converter_policies.hpp:13,
[23.013s]                  from /usr/include/boost/numeric/conversion/converter.hpp:14,
[23.013s]                  from /usr/include/boost/numeric/conversion/cast.hpp:33,
[23.015s]                  from /usr/include/boost/geometry/core/radian_access.hpp:26:
[23.015s] /usr/include/c++/13/functional:294:48: note:   ‘std::placeholders::_1’
[23.016s]   294 |     _GLIBCXX_PLACEHOLDER const _Placeholder<1> _1;
[23.016s]       |                                                ^~
[23.016s] /usr/include/boost/mpl/aux_/preprocessed/gcc/placeholders.hpp:29:16: note:   ‘mpl_::_1’
[23.016s]    29 | typedef arg<1> _1;
[23.016s]       |                ^~
[23.016s] In file included from /usr/include/boost/describe/members.hpp:20,
[23.016s]                  from /usr/include/boost/container_hash/is_described_class.hpp:11,
[23.017s]                  from /usr/include/boost/container_hash/hash.hpp:18,
[23.017s]                  from /usr/include/boost/functional/hash.hpp:6,
[23.017s]                  from /usr/include/CGAL/Kernel/hash_functions.h:16,
[23.017s]                  from /usr/include/CGAL/Kernel/global_functions.h:25,
[23.017s]                  from /usr/include/CGAL/Cartesian/Cartesian_base.h:22,
[23.019s]                  from /usr/include/CGAL/Simple_cartesian.h:20,
[23.020s]                  from /usr/include/CGAL/Exact_predicates_inexact_constructions_kernel.h:20,
[23.020s]                  from /home/neha/ros2_ws/src/semnav_migration/include/polygeom_lib.h:32,
[23.020s]                  from /home/neha/ros2_ws/src/semnav_migration/include/reactive_planner_lib.h:52:
[23.020s] /usr/include/boost/mp11/bind.hpp:45:7: note:   ‘boost::mp11::_1’
[23.020s]    45 | using _1 = mp_arg<0>;
[23.020s]       |       ^~
[23.020s] /usr/include/boost/mpl/aux_/preprocessed/gcc/placeholders.hpp:29:16: note:   ‘mpl_::_1’
[23.020s]    29 | typedef arg<1> _1;
[23.021s]       |                ^~
[23.021s] /home/neha/ros2_ws/src/semnav_migration/src/navigation.cpp:149:105: error: ‘_2’ was not declared in this scope
[23.021s]   149 |                         sync->registerCallback(boost::bind(&NavigationNode::control_callback, this, _1, _2));
[23.021s]       |                                                                                                         ^~
[23.021s] /home/neha/ros2_ws/src/semnav_migration/src/navigation.cpp:149:105: note: suggested alternatives:
[23.024s] /usr/include/boost/mpl/aux_/preprocessed/gcc/placeholders.hpp:42:16: note:   ‘mpl_::_2’
[23.024s]    42 | typedef arg<2> _2;
[23.024s]       |                ^~
[23.024s] /usr/include/c++/13/functional:295:48: note:   ‘std::placeholders::_2’
[23.024s]   295 |     _GLIBCXX_PLACEHOLDER const _Placeholder<2> _2;
[23.024s]       |                                                ^~
[23.025s] /usr/include/boost/mpl/aux_/preprocessed/gcc/placeholders.hpp:42:16: note:   ‘mpl_::_2’
[23.025s]    42 | typedef arg<2> _2;
[23.025s]       |                ^~
[23.025s] /usr/include/boost/mp11/bind.hpp:46:7: note:   ‘boost::mp11::_2’
[23.025s]    46 | using _2 = mp_arg<1>;
[23.027s]       |       ^~
[23.027s] /usr/include/boost/mpl/aux_/preprocessed/gcc/placeholders.hpp:42:16: note:   ‘mpl_::_2’
[23.027s]    42 | typedef arg<2> _2;
[23.027s]       |                ^~
[23.027s] /home/neha/ros2_ws/src/semnav_migration/src/navigation.cpp:152:20: error: ‘Subscription’ was not declared in this scope
[23.027s]   152 |             rclcpp:Subscription sub_semantic = this->create_subscriber(sub_semantic_topic_, 1);
[23.028s]       |                    ^~~~~~~~~~~~
[23.028s] /home/neha/ros2_ws/src/semnav_migration/src/navigation.cpp:152:20: note: suggested alternatives:
[23.028s] In file included from /opt/ros/jazzy/include/rclcpp/rclcpp/any_executable.hpp:25,
[23.028s]                  from /opt/ros/jazzy/include/rclcpp/rclcpp/memory_strategy.hpp:25,
[23.028s]                  from /opt/ros/jazzy/include/rclcpp/rclcpp/memory_strategies.hpp:18,
[23.030s]                  from /opt/ros/jazzy/include/rclcpp/rclcpp/executor_options.hpp:22,
[23.030s]                  from /opt/ros/jazzy/include/rclcpp/rclcpp/executor.hpp:38,
[23.030s]                  from /opt/ros/jazzy/include/rclcpp/rclcpp/executors/multi_threaded_executor.hpp:25,
[23.030s]                  from /opt/ros/jazzy/include/rclcpp/rclcpp/executors.hpp:21:
[23.030s] /opt/ros/jazzy/include/rclcpp/rclcpp/subscription.hpp:75:7: note:   ‘rclcpp::Subscription’
[23.030s]    75 | class Subscription : public SubscriptionBase
[23.030s]       |       ^~~~~~~~~~~~
[23.031s] In file included from /opt/ros/jazzy/include/rclcpp/rclcpp/client.hpp:45,
[23.031s]                  from /opt/ros/jazzy/include/rclcpp/rclcpp/callback_group.hpp:24,
[23.031s]                  from /opt/ros/jazzy/include/rclcpp/rclcpp/any_executable.hpp:20:
[23.031s] /opt/ros/jazzy/include/rclcpp/rclcpp/node_interfaces/node_graph_interface.hpp:43:3: note:   ‘rclcpp::EndpointType::Subscription’
[23.031s]    43 |   Subscription = RMW_ENDPOINT_SUBSCRIPTION
[23.033s]       |   ^~~~~~~~~~~~
[23.034s] /home/neha/ros2_ws/src/semnav_migration/src/navigation.cpp:156:45: error: no matching function for call to ‘rclcpp::Duration::Duration(double)’
[23.034s]   156 |                         rclcpp::Duration(5.0).sleep();
[23.034s]       |                                             ^
[23.034s] In file included from /opt/ros/jazzy/include/rclcpp/rclcpp/time.hpp:24,
[23.034s]                  from /opt/ros/jazzy/include/rclcpp/rclcpp/clock.hpp:24,
[23.035s]                  from /opt/ros/jazzy/include/rclcpp/rclcpp/client.hpp:38:
[23.035s] /opt/ros/jazzy/include/rclcpp/rclcpp/duration.hpp:49:3: note: candidate: ‘template<class Rep, class Period> rclcpp::Duration::Duration(const std::chrono::duration<_Rep1, _Period1>&)’
[23.035s]    49 |   Duration(const std::chrono::duration<Rep, Period> & duration)  // NOLINT(runtime/explicit)
[23.035s]       |   ^~~~~~~~
[23.035s] /opt/ros/jazzy/include/rclcpp/rclcpp/duration.hpp:49:3: note:   template argument deduction/substitution failed:
[23.038s] /home/neha/ros2_ws/src/semnav_migration/src/navigation.cpp:156:45: note:   mismatched types ‘const std::chrono::duration<_Rep1, _Period1>’ and ‘double’
[23.038s]   156 |                         rclcpp::Duration(5.0).sleep();
[23.038s]       |                                             ^
[23.038s] /opt/ros/jazzy/include/rclcpp/rclcpp/duration.hpp:159:3: note: candidate: ‘rclcpp::Duration::Duration()’
[23.038s]   159 |   Duration() = default;
[23.038s]       |   ^~~~~~~~
[23.038s] /opt/ros/jazzy/include/rclcpp/rclcpp/duration.hpp:159:3: note:   candidate expects 0 arguments, 1 provided
[23.039s] /opt/ros/jazzy/include/rclcpp/rclcpp/duration.hpp:62:3: note: candidate: ‘rclcpp::Duration::Duration(const rclcpp::Duration&)’
[23.039s]    62 |   Duration(const Duration & rhs);
[23.039s]       |   ^~~~~~~~
[23.039s] /opt/ros/jazzy/include/rclcpp/rclcpp/duration.hpp:62:29: note:   no known conversion for argument 1 from ‘double’ to ‘const rclcpp::Duration&’
[23.039s]    62 |   Duration(const Duration & rhs);
[23.041s]       |            ~~~~~~~~~~~~~~~~~^~~
[23.041s] /opt/ros/jazzy/include/rclcpp/rclcpp/duration.hpp:60:12: note: candidate: ‘rclcpp::Duration::Duration(const rcl_duration_t&)’
[23.042s]    60 |   explicit Duration(const rcl_duration_t & duration);
[23.042s]       |            ^~~~~~~~
[23.042s] /opt/ros/jazzy/include/rclcpp/rclcpp/duration.hpp:60:44: note:   no known conversion for argument 1 from ‘double’ to ‘const rcl_duration_t&’ {aka ‘const rcl_duration_s&’}
[23.042s]    60 |   explicit Duration(const rcl_duration_t & duration);
[23.042s]       |                     ~~~~~~~~~~~~~~~~~~~~~~~^~~~~~~~
[23.042s] /opt/ros/jazzy/include/rclcpp/rclcpp/duration.hpp:54:3: note: candidate: ‘rclcpp::Duration::Duration(const builtin_interfaces::msg::Duration&)’
[23.042s]    54 |   Duration(const builtin_interfaces::msg::Duration & duration_msg);  // NOLINT(runtime/explicit)
[23.043s]       |   ^~~~~~~~
[23.043s] /opt/ros/jazzy/include/rclcpp/rclcpp/duration.hpp:54:54: note:   no known conversion for argument 1 from ‘double’ to ‘const builtin_interfaces::msg::Duration&’ {aka ‘const builtin_interfaces::msg::Duration_<std::allocator<void> >&’}
[23.043s]    54 |   Duration(const builtin_interfaces::msg::Duration & duration_msg);  // NOLINT(runtime/explicit)
[23.043s]       |            ~~~~~~~~~~~~~~~~~~~~~~~~~~~~~~~~~~~~~~~~~~^~~~~~~~~~~~
[23.043s] /opt/ros/jazzy/include/rclcpp/rclcpp/duration.hpp:43:12: note: candidate: ‘rclcpp::Duration::Duration(std::chrono::nanoseconds)’
[23.045s]    43 |   explicit Duration(std::chrono::nanoseconds nanoseconds);
[23.046s]       |            ^~~~~~~~
[23.046s] /opt/ros/jazzy/include/rclcpp/rclcpp/duration.hpp:43:46: note:   no known conversion for argument 1 from ‘double’ to ‘std::chrono::nanoseconds’ {aka ‘std::chrono::duration<long int, std::ratio<1, 1000000000> >’}
[23.046s]    43 |   explicit Duration(std::chrono::nanoseconds nanoseconds);
[23.046s]       |                     ~~~~~~~~~~~~~~~~~~~~~~~~~^~~~~~~~~~~
[23.046s] /opt/ros/jazzy/include/rclcpp/rclcpp/duration.hpp:40:3: note: candidate: ‘rclcpp::Duration::Duration(int32_t, uint32_t)’
[23.046s]    40 |   Duration(int32_t seconds, uint32_t nanoseconds);
[23.046s]       |   ^~~~~~~~
[23.047s] /opt/ros/jazzy/include/rclcpp/rclcpp/duration.hpp:40:3: note:   candidate expects 2 arguments, 1 provided
[23.047s] /home/neha/ros2_ws/src/semnav_migration/src/navigation_semantic.cpp:143:94: error: ‘LaserScan’ is not a member of ‘sensor_msgs’; did you mean ‘sensor_msgs::msg::LaserScan’?
[23.047s]   143 |                         typedef message_filters::sync_policies::ApproximateTime<sensor_msgs::LaserScan,nav_msgs::msg::Odometry> SyncPolicy;
[23.047s]       |                                                                                              ^~~~~~~~~
[23.047s] /opt/ros/jazzy/include/sensor_msgs/sensor_msgs/msg/detail/laser_scan__struct.hpp:250:7: note: ‘sensor_msgs::msg::LaserScan’ declared here
[23.050s]   250 | using LaserScan =
[23.050s]       |       ^~~~~~~~~
[23.050s] /home/neha/ros2_ws/src/semnav_migration/src/navigation_semantic.cpp:143:127: error: template argument 1 is invalid
[23.050s]   143 |                         typedef message_filters::sync_policies::ApproximateTime<sensor_msgs::LaserScan,nav_msgs::msg::Odometry> SyncPolicy;
[23.050s]       |                                                                                                                               ^
[23.050s] In file included from /home/neha/ros2_ws/src/semnav_migration/include/reactive_planner_lib.h:44:
[23.051s] /opt/ros/jazzy/include/message_filters/message_filters/synchronizer.h: In instantiation of ‘class message_filters::Synchronizer<int>’:
[23.051s] /home/neha/ros2_ws/src/semnav_migration/src/navigation_semantic.cpp:146:64:   required from here
[23.051s] /opt/ros/jazzy/include/message_filters/message_filters/synchronizer.h:53:7: error: base type ‘int’ fails to be a struct or class type
[23.051s]    53 | class Synchronizer : public noncopyable, public Policy
[23.053s]       |       ^~~~~~~~~~~~
[23.053s] /opt/ros/jazzy/include/message_filters/message_filters/synchronizer.h:56:37: error: ‘int’ is not a class, struct, or union type
[23.053s]    56 |   typedef typename Policy::Messages Messages;
[23.053s]       |                                     ^~~~~~~~
[23.053s] /opt/ros/jazzy/include/message_filters/message_filters/synchronizer.h:57:35: error: ‘int’ is not a class, struct, or union type
[23.053s]    57 |   typedef typename Policy::Events Events;
[23.054s]       |                                   ^~~~~~
[23.054s] /opt/ros/jazzy/include/message_filters/message_filters/synchronizer.h:58:35: error: ‘int’ is not a class, struct, or union type
[23.054s]    58 |   typedef typename Policy::Signal Signal;
[23.054s]       |                                   ^~~~~~
[23.054s] /opt/ros/jazzy/include/message_filters/message_filters/synchronizer.h:60:58: error: ‘int’ is not a class, struct, or union type
[23.054s]    60 |   typedef typename std::tuple_element<0, Messages>::type M0;
[23.054s]       |                                                          ^~
[23.054s] /opt/ros/jazzy/include/message_filters/message_filters/synchronizer.h:61:58: error: ‘int’ is not a class, struct, or union type
[23.055s]    61 |   typedef typename std::tuple_element<1, Messages>::type M1;
[23.055s]       |                                                          ^~
[23.055s] /opt/ros/jazzy/include/message_filters/message_filters/synchronizer.h:62:58: error: ‘int’ is not a class, struct, or union type
[23.055s]    62 |   typedef typename std::tuple_element<2, Messages>::type M2;
[23.055s]       |                                                          ^~
[23.059s] /opt/ros/jazzy/include/message_filters/message_filters/synchronizer.h:63:58: error: ‘int’ is not a class, struct, or union type
[23.059s]    63 |   typedef typename std::tuple_element<3, Messages>::type M3;
[23.059s]       |                                                          ^~
[23.059s] /opt/ros/jazzy/include/message_filters/message_filters/synchronizer.h:64:58: error: ‘int’ is not a class, struct, or union type
[23.059s]    64 |   typedef typename std::tuple_element<4, Messages>::type M4;
[23.059s]       |                                                          ^~
[23.060s] /opt/ros/jazzy/include/message_filters/message_filters/synchronizer.h:65:58: error: ‘int’ is not a class, struct, or union type
[23.060s]    65 |   typedef typename std::tuple_element<5, Messages>::type M5;
[23.060s]       |                                                          ^~
[23.060s] /opt/ros/jazzy/include/message_filters/message_filters/synchronizer.h:66:58: error: ‘int’ is not a class, struct, or union type
[23.060s]    66 |   typedef typename std::tuple_element<6, Messages>::type M6;
[23.062s]       |                                                          ^~
[23.063s] /opt/ros/jazzy/include/message_filters/message_filters/synchronizer.h:67:58: error: ‘int’ is not a class, struct, or union type
[23.063s]    67 |   typedef typename std::tuple_element<7, Messages>::type M7;
[23.063s]       |                                                          ^~
[23.063s] /opt/ros/jazzy/include/message_filters/message_filters/synchronizer.h:68:58: error: ‘int’ is not a class, struct, or union type
[23.063s]    68 |   typedef typename std::tuple_element<8, Messages>::type M8;
[23.063s]       |                                                          ^~
[23.063s] /opt/ros/jazzy/include/message_filters/message_filters/synchronizer.h:71:56: error: ‘int’ is not a class, struct, or union type
[23.063s]    71 |   typedef typename std::tuple_element<0, Events>::type M0Event;
[23.064s]       |                                                        ^~~~~~~
[23.064s] /opt/ros/jazzy/include/message_filters/message_filters/synchronizer.h:72:56: error: ‘int’ is not a class, struct, or union type
[23.064s]    72 |   typedef typename std::tuple_element<1, Events>::type M1Event;
[23.064s]       |                                                        ^~~~~~~
[23.064s] /opt/ros/jazzy/include/message_filters/message_filters/synchronizer.h:73:56: error: ‘int’ is not a class, struct, or union type
[23.066s]    73 |   typedef typename std::tuple_element<2, Events>::type M2Event;
[23.067s]       |                                                        ^~~~~~~
[23.067s] /opt/ros/jazzy/include/message_filters/message_filters/synchronizer.h:74:56: error: ‘int’ is not a class, struct, or union type
[23.067s]    74 |   typedef typename std::tuple_element<3, Events>::type M3Event;
[23.067s]       |                                                        ^~~~~~~
[23.067s] /opt/ros/jazzy/include/message_filters/message_filters/synchronizer.h:75:56: error: ‘int’ is not a class, struct, or union type
[23.067s]    75 |   typedef typename std::tuple_element<4, Events>::type M4Event;
[23.068s]       |                                                        ^~~~~~~
[23.068s] /opt/ros/jazzy/include/message_filters/message_filters/synchronizer.h:76:56: error: ‘int’ is not a class, struct, or union type
[23.068s]    76 |   typedef typename std::tuple_element<5, Events>::type M5Event;
[23.068s]       |                                                        ^~~~~~~
[23.068s] /opt/ros/jazzy/include/message_filters/message_filters/synchronizer.h:77:56: error: ‘int’ is not a class, struct, or union type
[23.068s]    77 |   typedef typename std::tuple_element<6, Events>::type M6Event;
[23.068s]       |                                                        ^~~~~~~
[23.068s] /opt/ros/jazzy/include/message_filters/message_filters/synchronizer.h:78:56: error: ‘int’ is not a class, struct, or union type
[23.069s]    78 |   typedef typename std::tuple_element<7, Events>::type M7Event;
[23.069s]       |                                                        ^~~~~~~
[23.069s] /opt/ros/jazzy/include/message_filters/message_filters/synchronizer.h:79:56: error: ‘int’ is not a class, struct, or union type
[23.069s]    79 |   typedef typename std::tuple_element<8, Events>::type M8Event;
[23.069s]       |                                                        ^~~~~~~
[23.069s] /opt/ros/jazzy/include/message_filters/message_filters/synchronizer.h:325:17: error: ‘int’ is not a class, namespace, or enumeration
[23.069s]   325 |   using Policy::add;
[23.069s]       |                 ^~~
[23.070s] /opt/ros/jazzy/include/message_filters/message_filters/synchronizer.h:328:8: error: ‘int’ is not a class, struct, or union type
[23.070s]   328 |   void add(const std::shared_ptr<typename std::tuple_element<i, Messages>::type const>& msg)
[23.070s]       |        ^~~
[23.070s] /opt/ros/jazzy/include/message_filters/message_filters/synchronizer.h:344:8: error: ‘int’ is not a class, struct, or union type
[23.070s]   344 |   void cb(const typename std::tuple_element<i, Events>::type& evt)
[23.072s]       |        ^~
[23.072s] /home/neha/ros2_ws/src/semnav_migration/src/navigation_semantic.cpp:147:55: error: ‘bind’ is not a member of ‘boost’; did you mean ‘find’?
[23.073s]   147 |                         sync->registerCallback(boost::bind(&SemanticNavigationNode::control_callback, this, _1, _2));
[23.073s]       |                                                       ^~~~
[23.073s]       |                                                       find
[23.073s] /home/neha/ros2_ws/src/semnav_migration/src/navigation_semantic.cpp:147:109: error: ‘_1’ was not declared in this scope
[23.073s]   147 |                         sync->registerCallback(boost::bind(&SemanticNavigationNode::control_callback, this, _1, _2));
[23.073s]       |                                                                                                             ^~
[23.073s] /home/neha/ros2_ws/src/semnav_migration/src/navigation_semantic.cpp:147:109: note: suggested alternatives:
[23.074s] In file included from /usr/include/boost/mpl/aux_/include_preprocessed.hpp:37,
[23.074s]                  from /usr/include/boost/mpl/placeholders.hpp:43,
[23.074s]                  from /usr/include/boost/iterator/iterator_categories.hpp:16,
[23.074s]                  from /usr/include/boost/iterator/iterator_facade.hpp:13,
[23.074s]                  from /usr/include/boost/range/iterator_range_core.hpp:27,
[23.076s]                  from /usr/include/boost/lexical_cast.hpp:48,
[23.076s]                  from /usr/include/boost/multiprecision/detail/number_base.hpp:29,
[23.077s]                  from /usr/include/boost/multiprecision/traits/is_variable_precision.hpp:9,
[23.077s]                  from /usr/include/boost/multiprecision/detail/precision.hpp:9,
[23.077s]                  from /usr/include/boost/multiprecision/number.hpp:11,
[23.077s]                  from /usr/include/boost/multiprecision/cpp_int.hpp:19,
[23.077s]                  from /usr/include/boost/multiprecision/cpp_bin_float.hpp:15,
[23.077s]                  from /usr/include/boost/geometry/core/coordinate_promotion.hpp:16,
[23.077s]                  from /usr/include/boost/geometry/core/radian_access.hpp:30,
[23.077s]                  from /usr/include/boost/geometry/geometry.hpp:50,
[23.078s]                  from /usr/include/boost/geometry.hpp:17,
[23.078s]                  from /home/neha/ros2_ws/src/semnav_migration/include/reactive_planner_lib.h:26:
[23.078s] /usr/include/boost/mpl/aux_/preprocessed/gcc/placeholders.hpp:29:16: note:   ‘mpl_::_1’
[23.078s]    29 | typedef arg<1> _1;
[23.078s]       |                ^~
[23.080s] In file included from /usr/include/boost/numeric/conversion/converter_policies.hpp:13,
[23.080s]                  from /usr/include/boost/numeric/conversion/converter.hpp:14,
[23.081s]                  from /usr/include/boost/numeric/conversion/cast.hpp:33,
[23.081s]                  from /usr/include/boost/geometry/core/radian_access.hpp:26:
[23.081s] /usr/include/c++/13/functional:294:48: note:   ‘std::placeholders::_1’
[23.081s]   294 |     _GLIBCXX_PLACEHOLDER const _Placeholder<1> _1;
[23.081s]       |                                                ^~
[23.081s] /usr/include/boost/mpl/aux_/preprocessed/gcc/placeholders.hpp:29:16: note:   ‘mpl_::_1’
[23.081s]    29 | typedef arg<1> _1;
[23.082s]       |                ^~
[23.082s] In file included from /usr/include/boost/describe/members.hpp:20,
[23.082s]                  from /usr/include/boost/container_hash/is_described_class.hpp:11,
[23.082s]                  from /usr/include/boost/container_hash/hash.hpp:18,
[23.082s]                  from /usr/include/boost/functional/hash.hpp:6,
[23.082s]                  from /usr/include/CGAL/Kernel/hash_functions.h:16,
[23.084s]                  from /usr/include/CGAL/Kernel/global_functions.h:25,
[23.085s]                  from /usr/include/CGAL/Cartesian/Cartesian_base.h:22,
[23.085s]                  from /usr/include/CGAL/Simple_cartesian.h:20,
[23.085s]                  from /usr/include/CGAL/Exact_predicates_inexact_constructions_kernel.h:20,
[23.085s]                  from /home/neha/ros2_ws/src/semnav_migration/include/polygeom_lib.h:32,
[23.085s]                  from /home/neha/ros2_ws/src/semnav_migration/include/reactive_planner_lib.h:52:
[23.085s] /usr/include/boost/mp11/bind.hpp:45:7: note:   ‘boost::mp11::_1’
[23.085s]    45 | using _1 = mp_arg<0>;
[23.085s]       |       ^~
[23.086s] /usr/include/boost/mpl/aux_/preprocessed/gcc/placeholders.hpp:29:16: note:   ‘mpl_::_1’
[23.086s]    29 | typedef arg<1> _1;
[23.086s]       |                ^~
[23.086s] /home/neha/ros2_ws/src/semnav_migration/src/navigation.cpp:163:38: error: ‘node_ptr’ was not declared in this scope; did you mean ‘mode_t’?
[23.086s]   163 |                         rclcpp::spin(node_ptr);
[23.088s]       |                                      ^~~~~~~~
[23.088s]       |                                      mode_t
[23.089s] /home/neha/ros2_ws/src/semnav_migration/src/navigation_semantic.cpp:147:113: error: ‘_2’ was not declared in this scope
[23.089s]   147 |                         sync->registerCallback(boost::bind(&SemanticNavigationNode::control_callback, this, _1, _2));
[23.089s]       |                                                                                                                 ^~
[23.089s] /home/neha/ros2_ws/src/semnav_migration/src/navigation_semantic.cpp:147:113: note: suggested alternatives:
[23.089s] /usr/include/boost/mpl/aux_/preprocessed/gcc/placeholders.hpp:42:16: note:   ‘mpl_::_2’
[23.089s]    42 | typedef arg<2> _2;
[23.089s]       |                ^~
[23.089s] /usr/include/c++/13/functional:295:48: note:   ‘std::placeholders::_2’
[23.090s]   295 |     _GLIBCXX_PLACEHOLDER const _Placeholder<2> _2;
[23.090s]       |                                                ^~
[23.090s] /usr/include/boost/mpl/aux_/preprocessed/gcc/placeholders.hpp:42:16: note:   ‘mpl_::_2’
[23.090s]    42 | typedef arg<2> _2;
[23.090s]       |                ^~
[23.092s] /usr/include/boost/mp11/bind.hpp:46:7: note:   ‘boost::mp11::_2’
[23.092s]    46 | using _2 = mp_arg<1>;
[23.093s]       |       ^~
[23.093s] /usr/include/boost/mpl/aux_/preprocessed/gcc/placeholders.hpp:42:16: note:   ‘mpl_::_2’
[23.093s]    42 | typedef arg<2> _2;
[23.093s]       |                ^~
[23.093s] /home/neha/ros2_ws/src/semnav_migration/src/navigation_semantic.cpp:149:25: error: ‘ros’ has not been declared
[23.093s]   149 |                         ros::Subscriber sub_semantic = nh_.subscribe(sub_semantic_topic_, 1, &SemanticNavigationNode::diffeo_tree_update, this);
[23.093s]       |                         ^~~
[23.093s] /home/neha/ros2_ws/src/semnav_migration/src/navigation_semantic.cpp:153:25: error: ‘ros’ has not been declared
[23.094s]   153 |                         ros::Duration(5.0).sleep();
[23.094s]       |                         ^~~
[23.094s] /home/neha/ros2_ws/src/semnav_migration/src/navigation_semantic.cpp:160:25: error: ‘ros’ has not been declared
[23.094s]   160 |                         ros::spin();
[23.094s]       |                         ^~~
[23.096s] /home/neha/ros2_ws/src/semnav_migration/src/navigation.cpp: In member function ‘void NavigationNode::publish_behavior_id(uint16_t)’:
[23.096s] /home/neha/ros2_ws/src/semnav_migration/src/navigation.cpp:175:28: error: ‘UInt32’ is not a member of ‘std_msgs::msg’
[23.097s]   175 |             std_msgs::msg::UInt32 commandId;
[23.097s]       |                            ^~~~~~
[23.109s] /home/neha/ros2_ws/src/semnav_migration/src/navigation.cpp:176:25: error: ‘commandId’ was not declared in this scope
[23.110s]   176 |                         commandId.data = BehaviorIdCmd;
[23.110s]       |                         ^~~~~~~~~
[23.113s] /home/neha/ros2_ws/src/semnav_migration/src/navigation.cpp: In member function ‘void NavigationNode::publish_behavior_mode(uint16_t)’:
[23.113s] /home/neha/ros2_ws/src/semnav_migration/src/navigation.cpp:182:28: error: ‘UInt32’ is not a member of ‘std_msgs::msg’
[23.114s]   182 |             std_msgs::msg::UInt32 commandMode;
[23.114s]       |                            ^~~~~~
[23.137s] /home/neha/ros2_ws/src/semnav_migration/src/navigation_semantic.cpp: In member function ‘void SemanticNavigationNode::publish_twist(double, double)’:
[23.137s] /home/neha/ros2_ws/src/semnav_migration/src/navigation_semantic.cpp:167:25: error: ‘pub_twist_’ was not declared in this scope; did you mean ‘publish_twist’?
[23.138s]   167 |                         pub_twist_.publish(commandTwist);
[23.138s]       |                         ^~~~~~~~~~
[23.138s]       |                         publish_twist
[23.142s] /home/neha/ros2_ws/src/semnav_migration/src/navigation_semantic.cpp: In member function ‘void SemanticNavigationNode::publish_behavior_id(uint16_t)’:
[23.143s] /home/neha/ros2_ws/src/semnav_migration/src/navigation_semantic.cpp:172:32: error: ‘UInt32’ is not a member of ‘std_msgs::msg’
[23.143s]   172 |                 std_msgs::msg::UInt32 commandId;
[23.143s]       |                                ^~~~~~
[23.176s] /home/neha/ros2_ws/src/semnav_migration/src/navigation.cpp:183:25: error: ‘commandMode’ was not declared in this scope
[23.176s]   183 |                         commandMode.data = BehaviorModeCmd;
[23.176s]       |                         ^~~~~~~~~~~
[23.189s] /home/neha/ros2_ws/src/semnav_migration/src/navigation_semantic.cpp:173:25: error: ‘commandId’ was not declared in this scope
[23.190s]   173 |                         commandId.data = BehaviorIdCmd;
[23.190s]       |                         ^~~~~~~~~
[23.232s] /home/neha/ros2_ws/src/semnav_migration/src/navigation.cpp: In member function ‘void NavigationNode::control_callback(const sensor_msgs::msg::LaserScan_<std::allocator<void> >::ConstPtr&, const nav_msgs::msg::Odometry_<std::allocator<void> >::ConstPtr&)’:
[23.232s] /home/neha/ros2_ws/src/semnav_migration/src/navigation.cpp:357:60: error: ‘now’ is not a member of ‘rclcpp::Time’
[23.232s]   357 |                         double before_time = rclcpp::Time::now().toSec();
[23.232s]       |                                                            ^~~
[23.233s] /home/neha/ros2_ws/src/semnav_migration/src/navigation.cpp:360:33: error: ‘PoseStamped’ is not a member of ‘geometry_msgs::msg’
[23.233s]   360 |             geometry_msgs::msg::PoseStamped odomPose, mapPose;
[23.233s]       |                                 ^~~~~~~~~~~
[23.274s] /home/neha/ros2_ws/src/semnav_migration/src/navigation.cpp:361:25: error: ‘odomPose’ was not declared in this scope
[23.274s]   361 |                         odomPose.header.stamp = rclcpp::Time(0);
[23.275s]       |                         ^~~~~~~~
[23.280s] /home/neha/ros2_ws/src/semnav_migration/src/navigation_semantic.cpp:174:25: error: ‘pub_behaviorID_’ was not declared in this scope; did you mean ‘pub_behaviorID_topic_’?
[23.280s]   174 |                         pub_behaviorID_.publish(commandId);
[23.280s]       |                         ^~~~~~~~~~~~~~~
[23.280s]       |                         pub_behaviorID_topic_
[23.285s] /home/neha/ros2_ws/src/semnav_migration/src/navigation_semantic.cpp: In member function ‘void SemanticNavigationNode::publish_behavior_mode(uint16_t)’:
[23.286s] /home/neha/ros2_ws/src/semnav_migration/src/navigation_semantic.cpp:179:28: error: ‘UInt32’ is not a member of ‘std_msgs::msg’
[23.286s]   179 |             std_msgs::msg::UInt32 commandMode;
[23.286s]       |                            ^~~~~~
[23.323s] /home/neha/ros2_ws/src/semnav_migration/src/navigation.cpp:365:33: error: ‘listener_’ was not declared in this scope
[23.323s]   365 |                                 listener_.waitForTransform(world_frame_id_, odom_frame_id_, rclcpp::Time(0), rclcpp::Duration(1.0));
[23.323s]       |                                 ^~~~~~~~~
[23.323s] /home/neha/ros2_ws/src/semnav_migration/src/navigation.cpp:365:130: error: no matching function for call to ‘rclcpp::Duration::Duration(double)’
[23.323s]   365 |                                 listener_.waitForTransform(world_frame_id_, odom_frame_id_, rclcpp::Time(0), rclcpp::Duration(1.0));
[23.323s]       |                                                                                                                                  ^
[23.324s] /opt/ros/jazzy/include/rclcpp/rclcpp/duration.hpp:49:3: note: candidate: ‘template<class Rep, class Period> rclcpp::Duration::Duration(const std::chrono::duration<_Rep1, _Period1>&)’
[23.324s]    49 |   Duration(const std::chrono::duration<Rep, Period> & duration)  // NOLINT(runtime/explicit)
[23.324s]       |   ^~~~~~~~
[23.324s] /opt/ros/jazzy/include/rclcpp/rclcpp/duration.hpp:49:3: note:   template argument deduction/substitution failed:
[23.324s] /home/neha/ros2_ws/src/semnav_migration/src/navigation.cpp:365:130: note:   mismatched types ‘const std::chrono::duration<_Rep1, _Period1>’ and ‘double’
[23.326s]   365 |                                 listener_.waitForTransform(world_frame_id_, odom_frame_id_, rclcpp::Time(0), rclcpp::Duration(1.0));
[23.326s]       |                                                                                                                                  ^
[23.327s] /opt/ros/jazzy/include/rclcpp/rclcpp/duration.hpp:159:3: note: candidate: ‘rclcpp::Duration::Duration()’
[23.327s]   159 |   Duration() = default;
[23.327s]       |   ^~~~~~~~
[23.327s] /opt/ros/jazzy/include/rclcpp/rclcpp/duration.hpp:159:3: note:   candidate expects 0 arguments, 1 provided
[23.327s] /opt/ros/jazzy/include/rclcpp/rclcpp/duration.hpp:62:3: note: candidate: ‘rclcpp::Duration::Duration(const rclcpp::Duration&)’
[23.327s]    62 |   Duration(const Duration & rhs);
[23.327s]       |   ^~~~~~~~
[23.328s] /opt/ros/jazzy/include/rclcpp/rclcpp/duration.hpp:62:29: note:   no known conversion for argument 1 from ‘double’ to ‘const rclcpp::Duration&’
[23.328s]    62 |   Duration(const Duration & rhs);
[23.328s]       |            ~~~~~~~~~~~~~~~~~^~~
[23.328s] /opt/ros/jazzy/include/rclcpp/rclcpp/duration.hpp:60:12: note: candidate: ‘rclcpp::Duration::Duration(const rcl_duration_t&)’
[23.328s]    60 |   explicit Duration(const rcl_duration_t & duration);
[23.330s]       |            ^~~~~~~~
[23.330s] /opt/ros/jazzy/include/rclcpp/rclcpp/duration.hpp:60:44: note:   no known conversion for argument 1 from ‘double’ to ‘const rcl_duration_t&’ {aka ‘const rcl_duration_s&’}
[23.330s]    60 |   explicit Duration(const rcl_duration_t & duration);
[23.331s]       |                     ~~~~~~~~~~~~~~~~~~~~~~~^~~~~~~~
[23.331s] /opt/ros/jazzy/include/rclcpp/rclcpp/duration.hpp:54:3: note: candidate: ‘rclcpp::Duration::Duration(const builtin_interfaces::msg::Duration&)’
[23.331s]    54 |   Duration(const builtin_interfaces::msg::Duration & duration_msg);  // NOLINT(runtime/explicit)
[23.331s]       |   ^~~~~~~~
[23.331s] /opt/ros/jazzy/include/rclcpp/rclcpp/duration.hpp:54:54: note:   no known conversion for argument 1 from ‘double’ to ‘const builtin_interfaces::msg::Duration&’ {aka ‘const builtin_interfaces::msg::Duration_<std::allocator<void> >&’}
[23.331s]    54 |   Duration(const builtin_interfaces::msg::Duration & duration_msg);  // NOLINT(runtime/explicit)
[23.331s]       |            ~~~~~~~~~~~~~~~~~~~~~~~~~~~~~~~~~~~~~~~~~~^~~~~~~~~~~~
[23.331s] /opt/ros/jazzy/include/rclcpp/rclcpp/duration.hpp:43:12: note: candidate: ‘rclcpp::Duration::Duration(std::chrono::nanoseconds)’
[23.332s]    43 |   explicit Duration(std::chrono::nanoseconds nanoseconds);
[23.332s]       |            ^~~~~~~~
[23.332s] /opt/ros/jazzy/include/rclcpp/rclcpp/duration.hpp:43:46: note:   no known conversion for argument 1 from ‘double’ to ‘std::chrono::nanoseconds’ {aka ‘std::chrono::duration<long int, std::ratio<1, 1000000000> >’}
[23.332s]    43 |   explicit Duration(std::chrono::nanoseconds nanoseconds);
[23.332s]       |                     ~~~~~~~~~~~~~~~~~~~~~~~~~^~~~~~~~~~~
[23.334s] /opt/ros/jazzy/include/rclcpp/rclcpp/duration.hpp:40:3: note: candidate: ‘rclcpp::Duration::Duration(int32_t, uint32_t)’
[23.334s]    40 |   Duration(int32_t seconds, uint32_t nanoseconds);
[23.335s]       |   ^~~~~~~~
[23.335s] /opt/ros/jazzy/include/rclcpp/rclcpp/duration.hpp:40:3: note:   candidate expects 2 arguments, 1 provided
[23.355s] /home/neha/ros2_ws/src/semnav_migration/src/navigation_semantic.cpp:180:25: error: ‘commandMode’ was not declared in this scope
[23.355s]   180 |                         commandMode.data = BehaviorModeCmd;
[23.355s]       |                         ^~~~~~~~~~~
[23.360s] /home/neha/ros2_ws/src/semnav_migration/src/navigation.cpp:366:84: error: ‘mapPose’ was not declared in this scope
[23.361s]   366 |                                 listener_.transformPose(world_frame_id_, odomPose, mapPose);
[23.361s]       |                                                                                    ^~~~~~~
[23.403s] /home/neha/ros2_ws/src/semnav_migration/src/navigation.cpp:368:33: error: ‘ROS_ERROR’ was not declared in this scope
[23.404s]   368 |                                 ROS_ERROR("%s",ex.what());
[23.404s]       |                                 ^~~~~~~~~
[23.436s] /home/neha/ros2_ws/src/semnav_migration/src/navigation.cpp:373:68: error: ‘mapPose’ was not declared in this scope
[23.436s]   373 |                         tf2::Quaternion rotation = tf2::Quaternion(mapPose.pose.orientation.x,
[23.436s]       |                                                                    ^~~~~~~
[23.439s] /home/neha/ros2_ws/src/semnav_migration/src/navigation.cpp:395:42: error: could not convert ‘lidar_data’ from ‘shared_ptr<LaserScan_<[...]>>’ to ‘shared_ptr<LaserScan_<[...]>>’
[23.440s]   395 |                         constructLIDAR2D(lidar_data, CutoffRange_, AllowableRange_, RobotPitch_, &LIDAR);
[23.440s]       |                                          ^~~~~~~~~~
[23.440s]       |                                          |
[23.440s]       |                                          shared_ptr<LaserScan_<[...]>>
[23.456s] /home/neha/ros2_ws/src/semnav_migration/src/navigation_semantic.cpp:181:25: error: ‘pub_behaviorMode_’ was not declared in this scope; did you mean ‘pub_behaviorMode_topic_’?
[23.457s]   181 |                         pub_behaviorMode_.publish(commandMode);
[23.457s]       |                         ^~~~~~~~~~~~~~~~~
[23.457s]       |                         pub_behaviorMode_topic_
[23.460s] /home/neha/ros2_ws/src/semnav_migration/src/navigation.cpp:569:53: error: no matching function for call to ‘rclcpp::Duration::Duration(double)’
[23.460s]   569 |                                 rclcpp::Duration(5.0).sleep();
[23.460s]       |                                                     ^
[23.460s] /opt/ros/jazzy/include/rclcpp/rclcpp/duration.hpp:49:3: note: candidate: ‘template<class Rep, class Period> rclcpp::Duration::Duration(const std::chrono::duration<_Rep1, _Period1>&)’
[23.461s]    49 |   Duration(const std::chrono::duration<Rep, Period> & duration)  // NOLINT(runtime/explicit)
[23.461s]       |   ^~~~~~~~
[23.461s] /opt/ros/jazzy/include/rclcpp/rclcpp/duration.hpp:49:3: note:   template argument deduction/substitution failed:
[23.461s] /home/neha/ros2_ws/src/semnav_migration/src/navigation.cpp:569:53: note:   mismatched types ‘const std::chrono::duration<_Rep1, _Period1>’ and ‘double’
[23.461s]   569 |                                 rclcpp::Duration(5.0).sleep();
[23.461s]       |                                                     ^
[23.461s] /opt/ros/jazzy/include/rclcpp/rclcpp/duration.hpp:159:3: note: candidate: ‘rclcpp::Duration::Duration()’
[23.462s]   159 |   Duration() = default;
[23.462s]       |   ^~~~~~~~
[23.462s] /opt/ros/jazzy/include/rclcpp/rclcpp/duration.hpp:159:3: note:   candidate expects 0 arguments, 1 provided
[23.462s] /opt/ros/jazzy/include/rclcpp/rclcpp/duration.hpp:62:3: note: candidate: ‘rclcpp::Duration::Duration(const rclcpp::Duration&)’
[23.462s]    62 |   Duration(const Duration & rhs);
[23.466s]       |   ^~~~~~~~
[23.467s] /opt/ros/jazzy/include/rclcpp/rclcpp/duration.hpp:62:29: note:   no known conversion for argument 1 from ‘double’ to ‘const rclcpp::Duration&’
[23.467s]    62 |   Duration(const Duration & rhs);
[23.467s]       |            ~~~~~~~~~~~~~~~~~^~~
[23.467s] /opt/ros/jazzy/include/rclcpp/rclcpp/duration.hpp:60:12: note: candidate: ‘rclcpp::Duration::Duration(const rcl_duration_t&)’
[23.467s]    60 |   explicit Duration(const rcl_duration_t & duration);
[23.467s]       |            ^~~~~~~~
[23.467s] /opt/ros/jazzy/include/rclcpp/rclcpp/duration.hpp:60:44: note:   no known conversion for argument 1 from ‘double’ to ‘const rcl_duration_t&’ {aka ‘const rcl_duration_s&’}
[23.467s]    60 |   explicit Duration(const rcl_duration_t & duration);
[23.468s]       |                     ~~~~~~~~~~~~~~~~~~~~~~~^~~~~~~~
[23.468s] /opt/ros/jazzy/include/rclcpp/rclcpp/duration.hpp:54:3: note: candidate: ‘rclcpp::Duration::Duration(const builtin_interfaces::msg::Duration&)’
[23.468s]    54 |   Duration(const builtin_interfaces::msg::Duration & duration_msg);  // NOLINT(runtime/explicit)
[23.468s]       |   ^~~~~~~~
[23.468s] /opt/ros/jazzy/include/rclcpp/rclcpp/duration.hpp:54:54: note:   no known conversion for argument 1 from ‘double’ to ‘const builtin_interfaces::msg::Duration&’ {aka ‘const builtin_interfaces::msg::Duration_<std::allocator<void> >&’}
[23.470s]    54 |   Duration(const builtin_interfaces::msg::Duration & duration_msg);  // NOLINT(runtime/explicit)
[23.471s]       |            ~~~~~~~~~~~~~~~~~~~~~~~~~~~~~~~~~~~~~~~~~~^~~~~~~~~~~~
[23.471s] /opt/ros/jazzy/include/rclcpp/rclcpp/duration.hpp:43:12: note: candidate: ‘rclcpp::Duration::Duration(std::chrono::nanoseconds)’
[23.471s]    43 |   explicit Duration(std::chrono::nanoseconds nanoseconds);
[23.471s]       |            ^~~~~~~~
[23.471s] /opt/ros/jazzy/include/rclcpp/rclcpp/duration.hpp:43:46: note:   no known conversion for argument 1 from ‘double’ to ‘std::chrono::nanoseconds’ {aka ‘std::chrono::duration<long int, std::ratio<1, 1000000000> >’}
[23.471s]    43 |   explicit Duration(std::chrono::nanoseconds nanoseconds);
[23.471s]       |                     ~~~~~~~~~~~~~~~~~~~~~~~~~^~~~~~~~~~~
[23.471s] /opt/ros/jazzy/include/rclcpp/rclcpp/duration.hpp:40:3: note: candidate: ‘rclcpp::Duration::Duration(int32_t, uint32_t)’
[23.472s]    40 |   Duration(int32_t seconds, uint32_t nanoseconds);
[23.472s]       |   ^~~~~~~~
[23.472s] /opt/ros/jazzy/include/rclcpp/rclcpp/duration.hpp:40:3: note:   candidate expects 2 arguments, 1 provided
[23.523s] /home/neha/ros2_ws/src/semnav_migration/src/navigation_semantic.cpp: In member function ‘void SemanticNavigationNode::control_callback(const sensor_msgs::msg::LaserScan_<std::allocator<void> >::ConstPtr&, const nav_msgs::msg::Odometry_<std::allocator<void> >::ConstPtr&)’:
[23.523s] /home/neha/ros2_ws/src/semnav_migration/src/navigation_semantic.cpp:395:46: error: ‘ros’ has not been declared
[23.523s]   395 |                         double before_time = ros::Time::now().toSec();
[23.523s]       |                                              ^~~
[23.525s] /home/neha/ros2_ws/src/semnav_migration/src/navigation_semantic.cpp:398:40: error: ‘PoseStamped’ is not a member of ‘geometry_msgs’
[23.525s]   398 |                         geometry_msgs::PoseStamped odomPose, mapPose;
[23.525s]       |                                        ^~~~~~~~~~~
[23.557s] /home/neha/ros2_ws/src/semnav_migration/src/navigation.cpp:572:33: error: ‘ROS_WARN_STREAM’ was not declared in this scope; did you mean ‘RCLCPP_WARN_STREAM’?
[23.557s]   572 |                                 ROS_WARN_STREAM("[Navigation] Successfully navigated to goal and stopped...");
[23.557s]       |                                 ^~~~~~~~~~~~~~~
[23.557s]       |                                 RCLCPP_WARN_STREAM
[23.564s] /home/neha/ros2_ws/src/semnav_migration/src/navigation.cpp:595:75: error: invalid operands of types ‘const char [32]’ and ‘double’ to binary ‘operator<<’
[23.565s]   595 |                         ROS_WARN_STREAM("[Navigation] Linear command is " << LinearCmd << " and angular command is " << AngularCmd);
[23.565s]       |                                         ~~~~~~~~~~~~~~~~~~~~~~~~~~~~~~~~~ ^~ ~~~~~~~~~
[23.565s]       |                                         |                                    |
[23.565s]       |                                         const char [32]                      double
[23.572s] /home/neha/ros2_ws/src/semnav_migration/src/navigation_semantic.cpp:399:25: error: ‘odomPose’ was not declared in this scope
[23.572s]   399 |                         odomPose.header.stamp = ros::Time(0);
[23.572s]       |                         ^~~~~~~~
[23.572s] /home/neha/ros2_ws/src/semnav_migration/src/navigation_semantic.cpp:399:49: error: ‘ros’ has not been declared
[23.572s]   399 |                         odomPose.header.stamp = ros::Time(0);
[23.572s]       |                                                 ^~~
[23.619s] /home/neha/ros2_ws/src/semnav_migration/src/navigation_semantic.cpp:403:33: error: ‘listener_’ was not declared in this scope
[23.619s]   403 |                                 listener_.waitForTransform(world_frame_id_, odom_frame_id_, ros::Time(0), ros::Duration(1.0));
[23.619s]       |                                 ^~~~~~~~~
[23.620s] /home/neha/ros2_ws/src/semnav_migration/src/navigation_semantic.cpp:403:93: error: ‘ros’ has not been declared
[23.620s]   403 |                                 listener_.waitForTransform(world_frame_id_, odom_frame_id_, ros::Time(0), ros::Duration(1.0));
[23.620s]       |                                                                                             ^~~
[23.620s] /home/neha/ros2_ws/src/semnav_migration/src/navigation_semantic.cpp:403:107: error: ‘ros’ has not been declared
[23.620s]   403 |                                 listener_.waitForTransform(world_frame_id_, odom_frame_id_, ros::Time(0), ros::Duration(1.0));
[23.621s]       |                                                                                                           ^~~
[23.655s] /home/neha/ros2_ws/src/semnav_migration/src/navigation_semantic.cpp:404:84: error: ‘mapPose’ was not declared in this scope
[23.655s]   404 |                                 listener_.transformPose(world_frame_id_, odomPose, mapPose);
[23.655s]       |                                                                                    ^~~~~~~
[23.659s] /home/neha/ros2_ws/src/semnav_migration/src/navigation.cpp:595:25: error: ‘ROS_WARN_STREAM’ was not declared in this scope; did you mean ‘RCLCPP_WARN_STREAM’?
[23.660s]   595 |                         ROS_WARN_STREAM("[Navigation] Linear command is " << LinearCmd << " and angular command is " << AngularCmd);
[23.660s]       |                         ^~~~~~~~~~~~~~~
[23.660s]       |                         RCLCPP_WARN_STREAM
[23.660s] /home/neha/ros2_ws/src/semnav_migration/src/navigation.cpp:596:76: error: invalid operands of types ‘const char [33]’ and ‘int’ to binary ‘operator<<’
[23.660s]   596 |                         ROS_WARN_STREAM("[Navigation] Command update for " << int(localDiffeoTreeArray.size()) << " polygons in " << rclcpp::Time::now().toSec()-before_time << " seconds.");
[23.660s]       |                                         ~~~~~~~~~~~~~~~~~~~~~~~~~~~~~~~~~~ ^~ ~~~~~~~~~~~~~~~~~~~~~~~~~~~~~~~~
[23.661s]       |                                         |                                     |
[23.661s]       |                                         const char [33]                       int
[23.661s] /home/neha/ros2_ws/src/semnav_migration/src/navigation.cpp:596:148: error: ‘now’ is not a member of ‘rclcpp::Time’
[23.661s]   596 |                         ROS_WARN_STREAM("[Navigation] Command update for " << int(localDiffeoTreeArray.size()) << " polygons in " << rclcpp::Time::now().toSec()-before_time << " seconds.");
[23.661s]       |                                                                                                                                                    ^~~
[23.664s] /home/neha/ros2_ws/src/semnav_migration/src/navigation_semantic.cpp:405:34: error: ‘tf’ does not name a type; did you mean ‘tm’?
[23.664s]   405 |                         } catch (tf::TransformException &ex) {
[23.665s]       |                                  ^~
[23.665s]       |                                  tm
[23.665s] /home/neha/ros2_ws/src/semnav_migration/src/navigation_semantic.cpp:405:57: error: expected unqualified-id before ‘&’ token
[23.665s]   405 |                         } catch (tf::TransformException &ex) {
[23.665s]       |                                                         ^
[23.666s] /home/neha/ros2_ws/src/semnav_migration/src/navigation_semantic.cpp:405:57: error: expected ‘)’ before ‘&’ token
[23.666s] /home/neha/ros2_ws/src/semnav_migration/src/navigation_semantic.cpp:405:33: note: to match this ‘(’
[23.666s]   405 |                         } catch (tf::TransformException &ex) {
[23.667s]       |                                 ^
[23.667s] /home/neha/ros2_ws/src/semnav_migration/src/navigation_semantic.cpp:405:57: error: expected ‘{’ before ‘&’ token
[23.668s]   405 |                         } catch (tf::TransformException &ex) {
[23.668s]       |                                                         ^
[23.704s] /home/neha/ros2_ws/src/semnav_migration/src/navigation_semantic.cpp:405:58: error: ‘ex’ was not declared in this scope; did you mean ‘exp’?
[23.705s]   405 |                         } catch (tf::TransformException &ex) {
[23.705s]       |                                                          ^~
[23.705s]       |                                                          exp
[23.705s] /home/neha/ros2_ws/src/semnav_migration/src/navigation_semantic.cpp:411:25: error: ‘tf’ has not been declared
[23.705s]   411 |                         tf::Quaternion rotation = tf::Quaternion(mapPose.pose.orientation.x,
[23.705s]       |                         ^~
[23.705s] /home/neha/ros2_ws/src/semnav_migration/src/navigation_semantic.cpp:415:25: error: ‘tf’ has not been declared
[23.706s]   415 |                         tf::Matrix3x3 m(rotation);
[23.706s]       |                         ^~
[23.740s] /home/neha/ros2_ws/src/semnav_migration/src/navigation_semantic.cpp:417:25: error: ‘m’ was not declared in this scope; did you mean ‘tm’?
[23.741s]   417 |                         m.getRPY(roll, pitch, yaw);
[23.741s]       |                         ^
[23.741s]       |                         tm
[23.781s] /home/neha/ros2_ws/src/semnav_migration/src/navigation_semantic.cpp:418:51: error: ‘mapPose’ was not declared in this scope
[23.781s]   418 |                         double x_robot_position = mapPose.pose.position.x;
[23.781s]       |                                                   ^~~~~~~
[23.788s] /home/neha/ros2_ws/src/semnav_migration/src/navigation_semantic.cpp:431:42: error: could not convert ‘lidar_data’ from ‘shared_ptr<LaserScan_<[...]>>’ to ‘shared_ptr<LaserScan_<[...]>>’
[23.789s]   431 |                         constructLIDAR2D(lidar_data, CutoffRange_, AllowableRange_, RobotPitch_, &LIDAR);
[23.789s]       |                                          ^~~~~~~~~~
[23.789s]       |                                          |
[23.789s]       |                                          shared_ptr<LaserScan_<[...]>>
[23.805s] /home/neha/ros2_ws/src/semnav_migration/src/navigation_semantic.cpp:561:96: error: invalid operands of types ‘const char [53]’ and ‘double’ to binary ‘operator<<’
[23.805s]   561 |                         ROS_WARN_STREAM("[Navigation] Diffeomorphism jacobian determinant is " << MatrixDeterminant(RobotPositionTransformedD) << ", robot position is " << bg::dsv(RobotPosition_) << " and robot positon in model space is " << bg::dsv(RobotPositionTransformedPoint));
[23.805s]       |                                         ~~~~~~~~~~~~~~~~~~~~~~~~~~~~~~~~~~~~~~~~~~~~~~~~~~~~~~ ^~ ~~~~~~~~~~~~~~~~~~~~~~~~~~~~~~~~~~~~~~~~~~~~
[23.805s]       |                                         |                                                                          |
[23.806s]       |                                         const char [53]                                                            double
[23.901s] /home/neha/ros2_ws/src/semnav_migration/src/navigation_semantic.cpp:561:25: error: ‘ROS_WARN_STREAM’ was not declared in this scope; did you mean ‘RCLCPP_WARN_STREAM’?
[23.902s]   561 |                         ROS_WARN_STREAM("[Navigation] Diffeomorphism jacobian determinant is " << MatrixDeterminant(RobotPositionTransformedD) << ", robot position is " << bg::dsv(RobotPosition_) << " and robot positon in model space is " << bg::dsv(RobotPositionTransformedPoint));
[23.902s]       |                         ^~~~~~~~~~~~~~~
[23.902s]       |                         RCLCPP_WARN_STREAM
[23.905s] /home/neha/ros2_ws/src/semnav_migration/src/navigation_semantic.cpp:590:41: error: ‘ros’ has not been declared
[23.906s]   590 |                                         ros::Duration(5.0).sleep();
[23.906s]       |                                         ^~~
[23.912s] /home/neha/ros2_ws/src/semnav_migration/src/navigation_semantic.cpp:615:75: error: invalid operands of types ‘const char [32]’ and ‘double’ to binary ‘operator<<’
[23.912s]   615 |                         ROS_WARN_STREAM("[Navigation] Linear command is " << LinearCmd << " and angular command is " << AngularCmd);
[23.912s]       |                                         ~~~~~~~~~~~~~~~~~~~~~~~~~~~~~~~~~ ^~ ~~~~~~~~~
[23.912s]       |                                         |                                    |
[23.912s]       |                                         const char [32]                      double
[23.913s] /home/neha/ros2_ws/src/semnav_migration/src/navigation_semantic.cpp:616:76: error: invalid operands of types ‘const char [33]’ and ‘int’ to binary ‘operator<<’
[23.913s]   616 |                         ROS_WARN_STREAM("[Navigation] Command update for " << int(localDiffeoTreeArray.size()) << " polygons in " << ros::Time::now().toSec()-before_time << " seconds.");
[23.913s]       |                                         ~~~~~~~~~~~~~~~~~~~~~~~~~~~~~~~~~~ ^~ ~~~~~~~~~~~~~~~~~~~~~~~~~~~~~~~~
[23.913s]       |                                         |                                     |
[23.913s]       |                                         const char [33]                       int
[23.915s] /home/neha/ros2_ws/src/semnav_migration/src/navigation_semantic.cpp:616:134: error: ‘ros’ has not been declared
[23.915s]   616 |                         ROS_WARN_STREAM("[Navigation] Command update for " << int(localDiffeoTreeArray.size()) << " polygons in " << ros::Time::now().toSec()-before_time << " seconds.");
[23.916s]       |                                                                                                                                      ^~~
[23.916s] /home/neha/ros2_ws/src/semnav_migration/src/navigation_semantic.cpp: In function ‘int main(int, char**)’:
[23.916s] /home/neha/ros2_ws/src/semnav_migration/src/navigation_semantic.cpp:697:9: error: ‘ros’ has not been declared
[23.916s]   697 |         ros::init(argc, argv, "navigation_semantic");
[23.916s]       |         ^~~
[23.916s] /home/neha/ros2_ws/src/semnav_migration/src/navigation_semantic.cpp:700:9: error: ‘ros’ has not been declared
[23.916s]   700 |         ros::NodeHandle nh("~");
[23.916s]       |         ^~~
[23.939s] /home/neha/ros2_ws/src/semnav_migration/src/navigation_semantic.cpp:703:56: error: ‘nh’ was not declared in this scope
[23.939s]   703 |         SemanticNavigationNode semanticNavigationNode(&nh);
[23.939s]       |                                                        ^~
[30.831s] gmake[2]: *** [CMakeFiles/navigation_semantic.dir/build.make:76: CMakeFiles/navigation_semantic.dir/src/navigation_semantic.cpp.o] Error 1
[30.831s] gmake[1]: *** [CMakeFiles/Makefile2:207: CMakeFiles/navigation_semantic.dir/all] Error 2
[30.832s] gmake[1]: *** Waiting for unfinished jobs....
[31.138s] gmake[2]: *** [CMakeFiles/navigation.dir/build.make:76: CMakeFiles/navigation.dir/src/navigation.cpp.o] Error 1
[31.138s] gmake[1]: *** [CMakeFiles/Makefile2:181: CMakeFiles/navigation.dir/all] Error 2
[31.138s] gmake: *** [Makefile:146: all] Error 2
[31.141s] Invoked command in '/home/neha/ros2_ws/src/semnav_migration/build/semnav' returned '2': CMAKE_PREFIX_PATH=${CMAKE_PREFIX_PATH}:/opt/ros/jazzy DEBUGINFOD_URLS=https://debuginfod.ubuntu.com /usr/bin/cmake --build /home/neha/ros2_ws/src/semnav_migration/build/semnav -- -j2 -l2
