[0.027s] Invoking command in '/home/neha/ros2_ws/src/semnav_migration/build/semnav': CMAKE_PREFIX_PATH=${CMAKE_PREFIX_PATH}:/opt/ros/jazzy DEBUGINFOD_URLS=https://debuginfod.ubuntu.com /usr/bin/cmake --build /home/neha/ros2_ws/src/semnav_migration/build/semnav -- -j2 -l2
[0.194s] [ 14%] Built target reactive_planner
[0.333s] [ 23%] Building CXX object CMakeFiles/navigation_semantic.dir/src/navigation_semantic.cpp.o
[0.334s] [ 23%] Building CXX object CMakeFiles/navigation.dir/src/navigation.cpp.o
[21.722s] /home/neha/ros2_ws/src/semnav_migration/src/navigation_semantic.cpp:240:47: error: ‘object_pose_interface_msgs’ does not name a type
[21.722s]   240 |                 void diffeo_tree_update(const object_pose_interface_msgs::msg::SemanticMapObjectArray::ConstPtr& semantic_map_data) {
[21.722s]       |                                               ^~~~~~~~~~~~~~~~~~~~~~~~~~
[21.722s] /home/neha/ros2_ws/src/semnav_migration/src/navigation_semantic.cpp:240:78: error: expected unqualified-id before ‘::’ token
[21.722s]   240 |                 void diffeo_tree_update(const object_pose_interface_msgs::msg::SemanticMapObjectArray::ConstPtr& semantic_map_data) {
[21.723s]       |                                                                              ^~
[21.725s] /home/neha/ros2_ws/src/semnav_migration/src/navigation_semantic.cpp:240:78: error: expected ‘)’ before ‘::’ token
[21.725s]   240 |                 void diffeo_tree_update(const object_pose_interface_msgs::msg::SemanticMapObjectArray::ConstPtr& semantic_map_data) {
[21.725s]       |                                        ~                                     ^~
[21.725s]       |                                                                              )
[21.725s] /home/neha/ros2_ws/src/semnav_migration/src/navigation_semantic.cpp:240:75: error: expected ‘;’ at end of member declaration
[21.725s]   240 |                 void diffeo_tree_update(const object_pose_interface_msgs::msg::SemanticMapObjectArray::ConstPtr& semantic_map_data) {
[21.725s]       |                                                                           ^~~
[21.726s]       |                                                                              ;
[21.761s] /home/neha/ros2_ws/src/semnav_migration/src/navigation_semantic.cpp:240:80: error: ‘SemanticMapObjectArray’ in namespace ‘::’ does not name a type
[21.761s]   240 |                 void diffeo_tree_update(const object_pose_interface_msgs::msg::SemanticMapObjectArray::ConstPtr& semantic_map_data) {
[21.761s]       |                                                                                ^~~~~~~~~~~~~~~~~~~~~~
[21.766s] /home/neha/ros2_ws/src/semnav_migration/src/navigation_semantic.cpp:623:17: error: ‘ros’ does not name a type
[21.766s]   623 |                 ros::NodeHandle nh_;
[21.766s]       |                 ^~~
[21.772s] /home/neha/ros2_ws/src/semnav_migration/src/navigation_semantic.cpp:640:17: error: ‘ros’ does not name a type
[21.772s]   640 |                 ros::Publisher pub_behaviorID_;
[21.772s]       |                 ^~~
[21.778s] /home/neha/ros2_ws/src/semnav_migration/src/navigation_semantic.cpp:641:17: error: ‘ros’ does not name a type
[21.778s]   641 |                 ros::Publisher pub_behaviorMode_;
[21.778s]       |                 ^~~
[21.788s] /home/neha/ros2_ws/src/semnav_migration/src/navigation_semantic.cpp:642:17: error: ‘ros’ does not name a type
[21.788s]   642 |                 ros::Publisher pub_twist_;
[21.788s]       |                 ^~~
[21.788s] /home/neha/ros2_ws/src/semnav_migration/src/navigation.cpp:242:47: error: ‘object_pose_interface_msgs’ does not name a type
[21.789s]   242 |                 void diffeo_tree_update(const object_pose_interface_msgs::msg::SemanticMapObjectArray::ConstPtr& semantic_map_data) {
[21.789s]       |                                               ^~~~~~~~~~~~~~~~~~~~~~~~~~
[21.789s] /home/neha/ros2_ws/src/semnav_migration/src/navigation.cpp:242:78: error: expected unqualified-id before ‘::’ token
[21.789s]   242 |                 void diffeo_tree_update(const object_pose_interface_msgs::msg::SemanticMapObjectArray::ConstPtr& semantic_map_data) {
[21.789s]       |                                                                              ^~
[21.789s] /home/neha/ros2_ws/src/semnav_migration/src/navigation.cpp:242:78: error: expected ‘)’ before ‘::’ token
[21.795s]   242 |                 void diffeo_tree_update(const object_pose_interface_msgs::msg::SemanticMapObjectArray::ConstPtr& semantic_map_data) {
[21.795s]       |                                        ~                                     ^~
[21.795s]       |                                                                              )
[21.795s] /home/neha/ros2_ws/src/semnav_migration/src/navigation.cpp:242:75: error: expected ‘;’ at end of member declaration
[21.795s]   242 |                 void diffeo_tree_update(const object_pose_interface_msgs::msg::SemanticMapObjectArray::ConstPtr& semantic_map_data) {
[21.795s]       |                                                                           ^~~
[21.797s]       |                                                                              ;
[21.798s] /home/neha/ros2_ws/src/semnav_migration/src/navigation_semantic.cpp:644:17: error: ‘ros’ does not name a type
[21.798s]   644 |                 ros::Publisher pub_semantic_map_;
[21.798s]       |                 ^~~
[21.809s] /home/neha/ros2_ws/src/semnav_migration/src/navigation_semantic.cpp:690:17: error: ‘tf’ does not name a type; did you mean ‘tm’?
[21.809s]   690 |                 tf::TransformListener listener_;
[21.809s]       |                 ^~
[21.809s]       |                 tm
[21.852s] /home/neha/ros2_ws/src/semnav_migration/src/navigation.cpp:242:80: error: ‘SemanticMapObjectArray’ in namespace ‘::’ does not name a type
[21.852s]   242 |                 void diffeo_tree_update(const object_pose_interface_msgs::msg::SemanticMapObjectArray::ConstPtr& semantic_map_data) {
[21.852s]       |                                                                                ^~~~~~~~~~~~~~~~~~~~~~
[21.854s] /home/neha/ros2_ws/src/semnav_migration/src/navigation.cpp:615:17: error: invalid use of template-name ‘rclcpp::Publisher’ without an argument list
[21.854s]   615 |                 rclcpp::Publisher pub_behaviorID_;
[21.855s]       |                 ^~~~~~
[21.855s] /home/neha/ros2_ws/src/semnav_migration/src/navigation.cpp:616:17: error: invalid use of template-name ‘rclcpp::Publisher’ without an argument list
[21.855s]   616 |                 rclcpp::Publisher pub_behaviorMode_;
[21.855s]       |                 ^~~~~~
[21.856s] /home/neha/ros2_ws/src/semnav_migration/src/navigation.cpp:617:17: error: invalid use of template-name ‘rclcpp::Publisher’ without an argument list
[21.856s]   617 |                 rclcpp::Publisher pub_twist_;
[21.856s]       |                 ^~~~~~
[21.857s] /home/neha/ros2_ws/src/semnav_migration/src/navigation.cpp:619:17: error: invalid use of template-name ‘rclcpp::Publisher’ without an argument list
[21.857s]   619 |                 rclcpp::Publisher pub_semantic_map_;
[21.857s]       |                 ^~~~~~
[21.869s] /home/neha/ros2_ws/src/semnav_migration/src/navigation.cpp:663:22: error: ‘TransformListener’ in namespace ‘tf2’ does not name a type
[21.869s]   663 |                 tf2::TransformListener listener_;
[21.869s]       |                      ^~~~~~~~~~~~~~~~~
[21.871s] /home/neha/ros2_ws/src/semnav_migration/src/navigation.cpp: In constructor ‘NavigationNode::NavigationNode()’:
[21.872s] /home/neha/ros2_ws/src/semnav_migration/src/navigation.cpp:44:50: error: no matching function for call to ‘rclcpp::Node::Node()’
[21.872s]    44 |         NavigationNode() : Node("navigation_node") {
[21.872s]       |                                                  ^
[21.874s] In file included from /opt/ros/jazzy/include/rclcpp/rclcpp/executors/single_threaded_executor.hpp:28,
[21.875s]                  from /opt/ros/jazzy/include/rclcpp/rclcpp/executors.hpp:22,
[21.875s]                  from /opt/ros/jazzy/include/rclcpp/rclcpp/rclcpp.hpp:172,
[21.875s]                  from /home/neha/ros2_ws/src/semnav_migration/include/reactive_planner_lib.h:32,
[21.875s]                  from /home/neha/ros2_ws/src/semnav_migration/src/navigation.cpp:25:
[21.875s] /opt/ros/jazzy/include/rclcpp/rclcpp/node.hpp:1629:3: note: candidate: ‘rclcpp::Node::Node(const rclcpp::Node&, const std::string&)’
[21.875s]  1629 |   Node(
[21.875s]       |   ^~~~
[21.876s] /opt/ros/jazzy/include/rclcpp/rclcpp/node.hpp:1629:3: note:   candidate expects 2 arguments, 0 provided
[21.876s] /opt/ros/jazzy/include/rclcpp/rclcpp/node.hpp:103:12: note: candidate: ‘rclcpp::Node::Node(const std::string&, const std::string&, const rclcpp::NodeOptions&)’
[21.876s]   103 |   explicit Node(
[21.876s]       |            ^~~~
[21.876s] /opt/ros/jazzy/include/rclcpp/rclcpp/node.hpp:103:12: note:   candidate expects 3 arguments, 0 provided
[21.876s] /opt/ros/jazzy/include/rclcpp/rclcpp/node.hpp:91:12: note: candidate: ‘rclcpp::Node::Node(const std::string&, const rclcpp::NodeOptions&)’
[21.876s]    91 |   explicit Node(
[21.880s]       |            ^~~~
[21.880s] /opt/ros/jazzy/include/rclcpp/rclcpp/node.hpp:91:12: note:   candidate expects 2 arguments, 0 provided
[21.930s] /home/neha/ros2_ws/src/semnav_migration/src/navigation_semantic.cpp: In constructor ‘SemanticNavigationNode::SemanticNavigationNode()’:
[21.930s] /home/neha/ros2_ws/src/semnav_migration/src/navigation_semantic.cpp:136:25: error: ‘pub_behaviorID_’ was not declared in this scope; did you mean ‘pub_behaviorID_topic_’?
[21.931s]   136 |                         pub_behaviorID_ = nh_.advertise<std_msgs::UInt32>(pub_behaviorID_topic_, 1, true);
[21.931s]       |                         ^~~~~~~~~~~~~~~
[21.931s]       |                         pub_behaviorID_topic_
[21.963s] /home/neha/ros2_ws/src/semnav_migration/src/navigation_semantic.cpp:136:43: error: ‘nh_’ was not declared in this scope
[21.963s]   136 |                         pub_behaviorID_ = nh_.advertise<std_msgs::UInt32>(pub_behaviorID_topic_, 1, true);
[21.963s]       |                                           ^~~
[21.965s] /home/neha/ros2_ws/src/semnav_migration/src/navigation_semantic.cpp:136:67: error: ‘UInt32’ is not a member of ‘std_msgs’
[21.965s]   136 |                         pub_behaviorID_ = nh_.advertise<std_msgs::UInt32>(pub_behaviorID_topic_, 1, true);
[21.965s]       |                                                                   ^~~~~~
[22.021s] /home/neha/ros2_ws/src/semnav_migration/src/navigation.cpp:103:25: error: ‘target_object_’ was not declared in this scope
[22.022s]   103 |                         target_object_ = this->get_parameter("target_object").as_string();
[22.022s]       |                         ^~~~~~~~~~~~~~
[22.061s] /home/neha/ros2_ws/src/semnav_migration/src/navigation_semantic.cpp:137:25: error: ‘pub_behaviorMode_’ was not declared in this scope; did you mean ‘pub_behaviorMode_topic_’?
[22.061s]   137 |                         pub_behaviorMode_ = nh_.advertise<std_msgs::UInt32>(pub_behaviorMode_topic_, 1, true);
[22.062s]       |                         ^~~~~~~~~~~~~~~~~
[22.062s]       |                         pub_behaviorMode_topic_
[22.066s] /home/neha/ros2_ws/src/semnav_migration/src/navigation_semantic.cpp:137:69: error: ‘UInt32’ is not a member of ‘std_msgs’
[22.066s]   137 |                         pub_behaviorMode_ = nh_.advertise<std_msgs::UInt32>(pub_behaviorMode_topic_, 1, true);
[22.066s]       |                                                                     ^~~~~~
[22.113s] /home/neha/ros2_ws/src/semnav_migration/src/navigation_semantic.cpp:138:25: error: ‘pub_twist_’ was not declared in this scope; did you mean ‘publish_twist’?
[22.113s]   138 |                         pub_twist_ = nh_.advertise<geometry_msgs::msg::Twist>(pub_twist_topic_, 1, true);
[22.113s]       |                         ^~~~~~~~~~
[22.113s]       |                         publish_twist
[22.116s] /home/neha/ros2_ws/src/semnav_migration/src/navigation_semantic.cpp:138:77: error: expected primary-expression before ‘>’ token
[22.116s]   138 |                         pub_twist_ = nh_.advertise<geometry_msgs::msg::Twist>(pub_twist_topic_, 1, true);
[22.116s]       |                                                                             ^
[22.117s] /home/neha/ros2_ws/src/semnav_migration/src/navigation_semantic.cpp:141:42: error: ‘message_filters::msg’ has not been declared
[22.117s]   141 |                         message_filters::msg::Subscriber<sensor_msgs::LaserScan> sub_laser(nh_, sub_laser_topic_, 1);
[22.117s]       |                                          ^~~
[22.117s] /home/neha/ros2_ws/src/semnav_migration/src/navigation_semantic.cpp:141:71: error: ‘LaserScan’ is not a member of ‘sensor_msgs’; did you mean ‘sensor_msgs::msg::LaserScan’?
[22.117s]   141 |                         message_filters::msg::Subscriber<sensor_msgs::LaserScan> sub_laser(nh_, sub_laser_topic_, 1);
[22.120s]       |                                                                       ^~~~~~~~~
[22.120s] In file included from /opt/ros/jazzy/include/sensor_msgs/sensor_msgs/msg/laser_scan.hpp:7,
[22.120s]                  from /home/neha/ros2_ws/src/semnav_migration/include/reactive_planner_lib.h:46,
[22.120s]                  from /home/neha/ros2_ws/src/semnav_migration/src/navigation_semantic.cpp:25:
[22.120s] /opt/ros/jazzy/include/sensor_msgs/sensor_msgs/msg/detail/laser_scan__struct.hpp:250:7: note: ‘sensor_msgs::msg::LaserScan’ declared here
[22.120s]   250 | using LaserScan =
[22.120s]       |       ^~~~~~~~~
[22.164s] /home/neha/ros2_ws/src/semnav_migration/src/navigation_semantic.cpp:141:82: error: ‘sub_laser’ was not declared in this scope
[22.164s]   141 |                         message_filters::msg::Subscriber<sensor_msgs::LaserScan> sub_laser(nh_, sub_laser_topic_, 1);
[22.164s]       |                                                                                  ^~~~~~~~~
[22.171s] /home/neha/ros2_ws/src/semnav_migration/src/navigation.cpp:104:25: error: ‘target_object_length_’ was not declared in this scope
[22.171s]   104 |                         target_object_length_ = this->get_parameter("target_object_length").as_double();
[22.171s]       |                         ^~~~~~~~~~~~~~~~~~~~~
[22.233s] /home/neha/ros2_ws/src/semnav_migration/src/navigation_semantic.cpp:143:94: error: ‘LaserScan’ is not a member of ‘sensor_msgs’; did you mean ‘sensor_msgs::msg::LaserScan’?
[22.234s]   143 |                         typedef message_filters::sync_policies::ApproximateTime<sensor_msgs::LaserScan,nav_msgs::msg::Odometry> SyncPolicy;
[22.234s]       |                                                                                              ^~~~~~~~~
[22.234s] /opt/ros/jazzy/include/sensor_msgs/sensor_msgs/msg/detail/laser_scan__struct.hpp:250:7: note: ‘sensor_msgs::msg::LaserScan’ declared here
[22.234s]   250 | using LaserScan =
[22.234s]       |       ^~~~~~~~~
[22.234s] /home/neha/ros2_ws/src/semnav_migration/src/navigation_semantic.cpp:143:127: error: template argument 1 is invalid
[22.234s]   143 |                         typedef message_filters::sync_policies::ApproximateTime<sensor_msgs::LaserScan,nav_msgs::msg::Odometry> SyncPolicy;
[22.235s]       |                                                                                                                               ^
[22.238s] In file included from /home/neha/ros2_ws/src/semnav_migration/include/reactive_planner_lib.h:44:
[22.238s] /opt/ros/jazzy/include/message_filters/message_filters/synchronizer.h: In instantiation of ‘class message_filters::Synchronizer<int>’:
[22.238s] /home/neha/ros2_ws/src/semnav_migration/src/navigation_semantic.cpp:146:64:   required from here
[22.238s] /opt/ros/jazzy/include/message_filters/message_filters/synchronizer.h:53:7: error: base type ‘int’ fails to be a struct or class type
[22.239s]    53 | class Synchronizer : public noncopyable, public Policy
[22.239s]       |       ^~~~~~~~~~~~
[22.239s] /opt/ros/jazzy/include/message_filters/message_filters/synchronizer.h:56:37: error: ‘int’ is not a class, struct, or union type
[22.239s]    56 |   typedef typename Policy::Messages Messages;
[22.239s]       |                                     ^~~~~~~~
[22.239s] /opt/ros/jazzy/include/message_filters/message_filters/synchronizer.h:57:35: error: ‘int’ is not a class, struct, or union type
[22.239s]    57 |   typedef typename Policy::Events Events;
[22.241s]       |                                   ^~~~~~
[22.242s] /opt/ros/jazzy/include/message_filters/message_filters/synchronizer.h:58:35: error: ‘int’ is not a class, struct, or union type
[22.242s]    58 |   typedef typename Policy::Signal Signal;
[22.242s]       |                                   ^~~~~~
[22.242s] /opt/ros/jazzy/include/message_filters/message_filters/synchronizer.h:60:58: error: ‘int’ is not a class, struct, or union type
[22.242s]    60 |   typedef typename std::tuple_element<0, Messages>::type M0;
[22.242s]       |                                                          ^~
[22.242s] /opt/ros/jazzy/include/message_filters/message_filters/synchronizer.h:61:58: error: ‘int’ is not a class, struct, or union type
[22.243s]    61 |   typedef typename std::tuple_element<1, Messages>::type M1;
[22.243s]       |                                                          ^~
[22.243s] /opt/ros/jazzy/include/message_filters/message_filters/synchronizer.h:62:58: error: ‘int’ is not a class, struct, or union type
[22.243s]    62 |   typedef typename std::tuple_element<2, Messages>::type M2;
[22.243s]       |                                                          ^~
[22.243s] /opt/ros/jazzy/include/message_filters/message_filters/synchronizer.h:63:58: error: ‘int’ is not a class, struct, or union type
[22.243s]    63 |   typedef typename std::tuple_element<3, Messages>::type M3;
[22.246s]       |                                                          ^~
[22.247s] /opt/ros/jazzy/include/message_filters/message_filters/synchronizer.h:64:58: error: ‘int’ is not a class, struct, or union type
[22.247s]    64 |   typedef typename std::tuple_element<4, Messages>::type M4;
[22.247s]       |                                                          ^~
[22.247s] /opt/ros/jazzy/include/message_filters/message_filters/synchronizer.h:65:58: error: ‘int’ is not a class, struct, or union type
[22.247s]    65 |   typedef typename std::tuple_element<5, Messages>::type M5;
[22.247s]       |                                                          ^~
[22.247s] /opt/ros/jazzy/include/message_filters/message_filters/synchronizer.h:66:58: error: ‘int’ is not a class, struct, or union type
[22.248s]    66 |   typedef typename std::tuple_element<6, Messages>::type M6;
[22.248s]       |                                                          ^~
[22.248s] /opt/ros/jazzy/include/message_filters/message_filters/synchronizer.h:67:58: error: ‘int’ is not a class, struct, or union type
[22.248s]    67 |   typedef typename std::tuple_element<7, Messages>::type M7;
[22.248s]       |                                                          ^~
[22.248s] /opt/ros/jazzy/include/message_filters/message_filters/synchronizer.h:68:58: error: ‘int’ is not a class, struct, or union type
[22.248s]    68 |   typedef typename std::tuple_element<8, Messages>::type M8;
[22.251s]       |                                                          ^~
[22.251s] /opt/ros/jazzy/include/message_filters/message_filters/synchronizer.h:71:56: error: ‘int’ is not a class, struct, or union type
[22.251s]    71 |   typedef typename std::tuple_element<0, Events>::type M0Event;
[22.251s]       |                                                        ^~~~~~~
[22.252s] /opt/ros/jazzy/include/message_filters/message_filters/synchronizer.h:72:56: error: ‘int’ is not a class, struct, or union type
[22.252s]    72 |   typedef typename std::tuple_element<1, Events>::type M1Event;
[22.252s]       |                                                        ^~~~~~~
[22.252s] /opt/ros/jazzy/include/message_filters/message_filters/synchronizer.h:73:56: error: ‘int’ is not a class, struct, or union type
[22.252s]    73 |   typedef typename std::tuple_element<2, Events>::type M2Event;
[22.252s]       |                                                        ^~~~~~~
[22.252s] /opt/ros/jazzy/include/message_filters/message_filters/synchronizer.h:74:56: error: ‘int’ is not a class, struct, or union type
[22.255s]    74 |   typedef typename std::tuple_element<3, Events>::type M3Event;
[22.255s]       |                                                        ^~~~~~~
[22.255s] /opt/ros/jazzy/include/message_filters/message_filters/synchronizer.h:75:56: error: ‘int’ is not a class, struct, or union type
[22.255s]    75 |   typedef typename std::tuple_element<4, Events>::type M4Event;
[22.255s]       |                                                        ^~~~~~~
[22.255s] /opt/ros/jazzy/include/message_filters/message_filters/synchronizer.h:76:56: error: ‘int’ is not a class, struct, or union type
[22.255s]    76 |   typedef typename std::tuple_element<5, Events>::type M5Event;
[22.255s]       |                                                        ^~~~~~~
[22.256s] /opt/ros/jazzy/include/message_filters/message_filters/synchronizer.h:77:56: error: ‘int’ is not a class, struct, or union type
[22.256s]    77 |   typedef typename std::tuple_element<6, Events>::type M6Event;
[22.256s]       |                                                        ^~~~~~~
[22.256s] /opt/ros/jazzy/include/message_filters/message_filters/synchronizer.h:78:56: error: ‘int’ is not a class, struct, or union type
[22.256s]    78 |   typedef typename std::tuple_element<7, Events>::type M7Event;
[22.256s]       |                                                        ^~~~~~~
[22.256s] /opt/ros/jazzy/include/message_filters/message_filters/synchronizer.h:79:56: error: ‘int’ is not a class, struct, or union type
[22.258s]    79 |   typedef typename std::tuple_element<8, Events>::type M8Event;
[22.259s]       |                                                        ^~~~~~~
[22.259s] /opt/ros/jazzy/include/message_filters/message_filters/synchronizer.h:325:17: error: ‘int’ is not a class, namespace, or enumeration
[22.259s]   325 |   using Policy::add;
[22.259s]       |                 ^~~
[22.259s] /opt/ros/jazzy/include/message_filters/message_filters/synchronizer.h:328:8: error: ‘int’ is not a class, struct, or union type
[22.259s]   328 |   void add(const std::shared_ptr<typename std::tuple_element<i, Messages>::type const>& msg)
[22.259s]       |        ^~~
[22.260s] /opt/ros/jazzy/include/message_filters/message_filters/synchronizer.h:344:8: error: ‘int’ is not a class, struct, or union type
[22.260s]   344 |   void cb(const typename std::tuple_element<i, Events>::type& evt)
[22.260s]       |        ^~
[22.260s] /home/neha/ros2_ws/src/semnav_migration/src/navigation_semantic.cpp:147:55: error: ‘bind’ is not a member of ‘boost’; did you mean ‘find’?
[22.260s]   147 |                         sync->registerCallback(boost::bind(&SemanticNavigationNode::control_callback, this, _1, _2));
[22.260s]       |                                                       ^~~~
[22.260s]       |                                                       find
[22.261s] /home/neha/ros2_ws/src/semnav_migration/src/navigation_semantic.cpp:147:109: error: ‘_1’ was not declared in this scope
[22.261s]   147 |                         sync->registerCallback(boost::bind(&SemanticNavigationNode::control_callback, this, _1, _2));
[22.261s]       |                                                                                                             ^~
[22.261s] /home/neha/ros2_ws/src/semnav_migration/src/navigation_semantic.cpp:147:109: note: suggested alternatives:
[22.262s] In file included from /usr/include/boost/mpl/aux_/include_preprocessed.hpp:37,
[22.262s]                  from /usr/include/boost/mpl/placeholders.hpp:43,
[22.262s]                  from /usr/include/boost/iterator/iterator_categories.hpp:16,
[22.262s]                  from /usr/include/boost/iterator/iterator_facade.hpp:13,
[22.262s]                  from /usr/include/boost/range/iterator_range_core.hpp:27,
[22.262s]                  from /usr/include/boost/lexical_cast.hpp:48,
[22.262s]                  from /usr/include/boost/multiprecision/detail/number_base.hpp:29,
[22.263s]                  from /usr/include/boost/multiprecision/traits/is_variable_precision.hpp:9,
[22.263s]                  from /usr/include/boost/multiprecision/detail/precision.hpp:9,
[22.263s]                  from /usr/include/boost/multiprecision/number.hpp:11,
[22.263s]                  from /usr/include/boost/multiprecision/cpp_int.hpp:19,
[22.263s]                  from /usr/include/boost/multiprecision/cpp_bin_float.hpp:15,
[22.263s]                  from /usr/include/boost/geometry/core/coordinate_promotion.hpp:16,
[22.263s]                  from /usr/include/boost/geometry/core/radian_access.hpp:30,
[22.263s]                  from /usr/include/boost/geometry/geometry.hpp:50,
[22.267s]                  from /usr/include/boost/geometry.hpp:17,
[22.267s]                  from /home/neha/ros2_ws/src/semnav_migration/include/reactive_planner_lib.h:26:
[22.267s] /usr/include/boost/mpl/aux_/preprocessed/gcc/placeholders.hpp:29:16: note:   ‘mpl_::_1’
[22.267s]    29 | typedef arg<1> _1;
[22.267s]       |                ^~
[22.267s] In file included from /usr/include/boost/numeric/conversion/converter_policies.hpp:13,
[22.267s]                  from /usr/include/boost/numeric/conversion/converter.hpp:14,
[22.267s]                  from /usr/include/boost/numeric/conversion/cast.hpp:33,
[22.268s]                  from /usr/include/boost/geometry/core/radian_access.hpp:26:
[22.268s] /usr/include/c++/13/functional:294:48: note:   ‘std::placeholders::_1’
[22.268s]   294 |     _GLIBCXX_PLACEHOLDER const _Placeholder<1> _1;
[22.268s]       |                                                ^~
[22.268s] /usr/include/boost/mpl/aux_/preprocessed/gcc/placeholders.hpp:29:16: note:   ‘mpl_::_1’
[22.268s]    29 | typedef arg<1> _1;
[22.268s]       |                ^~
[22.270s] In file included from /usr/include/boost/describe/members.hpp:20,
[22.270s]                  from /usr/include/boost/container_hash/is_described_class.hpp:11,
[22.270s]                  from /usr/include/boost/container_hash/hash.hpp:18,
[22.270s]                  from /usr/include/boost/functional/hash.hpp:6,
[22.270s]                  from /usr/include/CGAL/Kernel/hash_functions.h:16,
[22.270s]                  from /usr/include/CGAL/Kernel/global_functions.h:25,
[22.270s]                  from /usr/include/CGAL/Cartesian/Cartesian_base.h:22,
[22.271s]                  from /usr/include/CGAL/Simple_cartesian.h:20,
[22.271s]                  from /usr/include/CGAL/Exact_predicates_inexact_constructions_kernel.h:20,
[22.271s]                  from /home/neha/ros2_ws/src/semnav_migration/include/polygeom_lib.h:32,
[22.271s]                  from /home/neha/ros2_ws/src/semnav_migration/include/reactive_planner_lib.h:50:
[22.271s] /usr/include/boost/mp11/bind.hpp:45:7: note:   ‘boost::mp11::_1’
[22.271s]    45 | using _1 = mp_arg<0>;
[22.271s]       |       ^~
[22.274s] /usr/include/boost/mpl/aux_/preprocessed/gcc/placeholders.hpp:29:16: note:   ‘mpl_::_1’
[22.274s]    29 | typedef arg<1> _1;
[22.274s]       |                ^~
[22.274s] /home/neha/ros2_ws/src/semnav_migration/src/navigation_semantic.cpp:147:113: error: ‘_2’ was not declared in this scope
[22.274s]   147 |                         sync->registerCallback(boost::bind(&SemanticNavigationNode::control_callback, this, _1, _2));
[22.274s]       |                                                                                                                 ^~
[22.274s] /home/neha/ros2_ws/src/semnav_migration/src/navigation_semantic.cpp:147:113: note: suggested alternatives:
[22.274s] /usr/include/boost/mpl/aux_/preprocessed/gcc/placeholders.hpp:42:16: note:   ‘mpl_::_2’
[22.275s]    42 | typedef arg<2> _2;
[22.275s]       |                ^~
[22.275s] /usr/include/c++/13/functional:295:48: note:   ‘std::placeholders::_2’
[22.275s]   295 |     _GLIBCXX_PLACEHOLDER const _Placeholder<2> _2;
[22.275s]       |                                                ^~
[22.275s] /usr/include/boost/mpl/aux_/preprocessed/gcc/placeholders.hpp:42:16: note:   ‘mpl_::_2’
[22.275s]    42 | typedef arg<2> _2;
[22.277s]       |                ^~
[22.278s] /usr/include/boost/mp11/bind.hpp:46:7: note:   ‘boost::mp11::_2’
[22.278s]    46 | using _2 = mp_arg<1>;
[22.278s]       |       ^~
[22.278s] /usr/include/boost/mpl/aux_/preprocessed/gcc/placeholders.hpp:42:16: note:   ‘mpl_::_2’
[22.278s]    42 | typedef arg<2> _2;
[22.278s]       |                ^~
[22.278s] /home/neha/ros2_ws/src/semnav_migration/src/navigation_semantic.cpp:149:25: error: ‘ros’ has not been declared
[22.279s]   149 |                         ros::Subscriber sub_semantic = nh_.subscribe(sub_semantic_topic_, 1, &SemanticNavigationNode::diffeo_tree_update, this);
[22.279s]       |                         ^~~
[22.279s] /home/neha/ros2_ws/src/semnav_migration/src/navigation_semantic.cpp:153:25: error: ‘ros’ has not been declared
[22.279s]   153 |                         ros::Duration(5.0).sleep();
[22.279s]       |                         ^~~
[22.279s] /home/neha/ros2_ws/src/semnav_migration/src/navigation_semantic.cpp:160:25: error: ‘ros’ has not been declared
[22.279s]   160 |                         ros::spin();
[22.281s]       |                         ^~~
[22.306s] /home/neha/ros2_ws/src/semnav_migration/src/navigation_semantic.cpp: In member function ‘void SemanticNavigationNode::publish_twist(double, double)’:
[22.307s] /home/neha/ros2_ws/src/semnav_migration/src/navigation_semantic.cpp:167:25: error: ‘pub_twist_’ was not declared in this scope; did you mean ‘publish_twist’?
[22.307s]   167 |                         pub_twist_.publish(commandTwist);
[22.307s]       |                         ^~~~~~~~~~
[22.307s]       |                         publish_twist
[22.313s] /home/neha/ros2_ws/src/semnav_migration/src/navigation_semantic.cpp: In member function ‘void SemanticNavigationNode::publish_behavior_id(uint16_t)’:
[22.313s] /home/neha/ros2_ws/src/semnav_migration/src/navigation_semantic.cpp:172:32: error: ‘UInt32’ is not a member of ‘std_msgs::msg’
[22.313s]   172 |                 std_msgs::msg::UInt32 commandId;
[22.313s]       |                                ^~~~~~
[22.327s] /home/neha/ros2_ws/src/semnav_migration/src/navigation.cpp:105:25: error: ‘target_object_width_’ was not declared in this scope
[22.327s]   105 |                         target_object_width_ = this->get_parameter("target_object_width").as_double();
[22.328s]       |                         ^~~~~~~~~~~~~~~~~~~~
[22.337s] /home/neha/ros2_ws/src/semnav_migration/src/navigation.cpp:137:69: error: ‘UInt32’ is not a member of ‘std_msgs::msg’
[22.337s]   137 |             pub_behaviorID_ = this->create_publisher<std_msgs::msg::UInt32>("pub_behaviorID_topic_", 1);
[22.337s]       |                                                                     ^~~~~~
[22.337s] /home/neha/ros2_ws/src/semnav_migration/src/navigation.cpp:137:76: error: no matching function for call to ‘NavigationNode::create_publisher<<expression error> >(const char [22], int)’
[22.337s]   137 |             pub_behaviorID_ = this->create_publisher<std_msgs::msg::UInt32>("pub_behaviorID_topic_", 1);
[22.337s]       |                               ~~~~~~~~~~~~~~~~~~~~~~~~~~~~~~~~~~~~~~~~~~~~~^~~~~~~~~~~~~~~~~~~~~~~~~~~~
[22.338s] /opt/ros/jazzy/include/rclcpp/rclcpp/node.hpp:197:3: note: candidate: ‘template<class MessageT, class AllocatorT, class PublisherT> std::shared_ptr<PublisherT> rclcpp::Node::create_publisher(const std::string&, const rclcpp::QoS&, const rclcpp::PublisherOptionsWithAllocator<AllocatorT>&)’
[22.338s]   197 |   create_publisher(
[22.338s]       |   ^~~~~~~~~~~~~~~~
[22.338s] /opt/ros/jazzy/include/rclcpp/rclcpp/node.hpp:197:3: note:   template argument deduction/substitution failed:
[22.338s] /home/neha/ros2_ws/src/semnav_migration/src/navigation.cpp:137:76: error: template argument 1 is invalid
[22.338s]   137 |             pub_behaviorID_ = this->create_publisher<std_msgs::msg::UInt32>("pub_behaviorID_topic_", 1);
[22.338s]       |                               ~~~~~~~~~~~~~~~~~~~~~~~~~~~~~~~~~~~~~~~~~~~~~^~~~~~~~~~~~~~~~~~~~~~~~~~~~
[22.340s] /home/neha/ros2_ws/src/semnav_migration/src/navigation.cpp:138:71: error: ‘UInt32’ is not a member of ‘std_msgs::msg’
[22.341s]   138 |             pub_behaviorMode_ = this->create_publisher<std_msgs::msg::UInt32>("pub_behaviorMode_topic_", 1);
[22.341s]       |                                                                       ^~~~~~
[22.341s] /home/neha/ros2_ws/src/semnav_migration/src/navigation.cpp:138:78: error: no matching function for call to ‘NavigationNode::create_publisher<<expression error> >(const char [24], int)’
[22.341s]   138 |             pub_behaviorMode_ = this->create_publisher<std_msgs::msg::UInt32>("pub_behaviorMode_topic_", 1);
[22.341s]       |                                 ~~~~~~~~~~~~~~~~~~~~~~~~~~~~~~~~~~~~~~~~~~~~~^~~~~~~~~~~~~~~~~~~~~~~~~~~~~~
[22.341s] /opt/ros/jazzy/include/rclcpp/rclcpp/node.hpp:197:3: note: candidate: ‘template<class MessageT, class AllocatorT, class PublisherT> std::shared_ptr<PublisherT> rclcpp::Node::create_publisher(const std::string&, const rclcpp::QoS&, const rclcpp::PublisherOptionsWithAllocator<AllocatorT>&)’
[22.341s]   197 |   create_publisher(
[22.342s]       |   ^~~~~~~~~~~~~~~~
[22.342s] /opt/ros/jazzy/include/rclcpp/rclcpp/node.hpp:197:3: note:   template argument deduction/substitution failed:
[22.342s] /home/neha/ros2_ws/src/semnav_migration/src/navigation.cpp:138:78: error: template argument 1 is invalid
[22.342s]   138 |             pub_behaviorMode_ = this->create_publisher<std_msgs::msg::UInt32>("pub_behaviorMode_topic_", 1);
[22.342s]       |                                 ~~~~~~~~~~~~~~~~~~~~~~~~~~~~~~~~~~~~~~~~~~~~~^~~~~~~~~~~~~~~~~~~~~~~~~~~~~~
[22.345s] /home/neha/ros2_ws/src/semnav_migration/src/navigation.cpp:139:64: error: ‘UInt32’ is not a member of ‘std_msgs::msg’
[22.345s]   139 |             pub_twist_ = this->create_publisher<std_msgs::msg::UInt32>("pub_twist_topic_", 1);
[22.345s]       |                                                                ^~~~~~
[22.345s] /home/neha/ros2_ws/src/semnav_migration/src/navigation.cpp:139:71: error: no matching function for call to ‘NavigationNode::create_publisher<<expression error> >(const char [17], int)’
[22.345s]   139 |             pub_twist_ = this->create_publisher<std_msgs::msg::UInt32>("pub_twist_topic_", 1);
[22.345s]       |                          ~~~~~~~~~~~~~~~~~~~~~~~~~~~~~~~~~~~~~~~~~~~~~^~~~~~~~~~~~~~~~~~~~~~~
[22.345s] /opt/ros/jazzy/include/rclcpp/rclcpp/node.hpp:197:3: note: candidate: ‘template<class MessageT, class AllocatorT, class PublisherT> std::shared_ptr<PublisherT> rclcpp::Node::create_publisher(const std::string&, const rclcpp::QoS&, const rclcpp::PublisherOptionsWithAllocator<AllocatorT>&)’
[22.346s]   197 |   create_publisher(
[22.346s]       |   ^~~~~~~~~~~~~~~~
[22.346s] /opt/ros/jazzy/include/rclcpp/rclcpp/node.hpp:197:3: note:   template argument deduction/substitution failed:
[22.346s] /home/neha/ros2_ws/src/semnav_migration/src/navigation.cpp:139:71: error: template argument 1 is invalid
[22.346s]   139 |             pub_twist_ = this->create_publisher<std_msgs::msg::UInt32>("pub_twist_topic_", 1);
[22.346s]       |                          ~~~~~~~~~~~~~~~~~~~~~~~~~~~~~~~~~~~~~~~~~~~~~^~~~~~~~~~~~~~~~~~~~~~~
[22.367s] /home/neha/ros2_ws/src/semnav_migration/src/navigation_semantic.cpp:173:25: error: ‘commandId’ was not declared in this scope
[22.367s]   173 |                         commandId.data = BehaviorIdCmd;
[22.367s]       |                         ^~~~~~~~~
[22.411s] /home/neha/ros2_ws/src/semnav_migration/src/navigation.cpp:142:116: error: no matching function for call to ‘message_filters::Subscriber<sensor_msgs::msg::LaserScan_<std::allocator<void> > >::Subscriber(rclcpp::Node&, std::string&, int)’
[22.412s]   142 |                         message_filters::Subscriber<sensor_msgs::msg::LaserScan> sub_laser(nh_, sub_laser_topic_, 1);
[22.412s]       |                                                                                                                    ^
[22.412s] In file included from /home/neha/ros2_ws/src/semnav_migration/include/reactive_planner_lib.h:43:
[22.412s] /opt/ros/jazzy/include/message_filters/message_filters/subscriber.h:224:3: note: candidate: ‘message_filters::Subscriber<M, NodeType>::Subscriber() [with M = sensor_msgs::msg::LaserScan_<std::allocator<void> >; NodeType = rclcpp::Node]’
[22.412s]   224 |   Subscriber() = default;
[22.414s]       |   ^~~~~~~~~~
[22.415s] /opt/ros/jazzy/include/message_filters/message_filters/subscriber.h:224:3: note:   candidate expects 0 arguments, 3 provided
[22.415s] /opt/ros/jazzy/include/message_filters/message_filters/subscriber.h:212:3: note: candidate: ‘message_filters::Subscriber<M, NodeType>::Subscriber(NodeType*, const std::string&, rmw_qos_profile_t, rclcpp::SubscriptionOptions) [with M = sensor_msgs::msg::LaserScan_<std::allocator<void> >; NodeType = rclcpp::Node; std::string = std::__cxx11::basic_string<char>; rmw_qos_profile_t = rmw_qos_profile_s; rclcpp::SubscriptionOptions = rclcpp::SubscriptionOptionsWithAllocator<std::allocator<void> >]’
[22.415s]   212 |   Subscriber(
[22.415s]       |   ^~~~~~~~~~
[22.415s] /opt/ros/jazzy/include/message_filters/message_filters/subscriber.h:212:3: note:   candidate expects 4 arguments, 3 provided
[22.415s] /opt/ros/jazzy/include/message_filters/message_filters/subscriber.h:203:3: note: candidate: ‘message_filters::Subscriber<M, NodeType>::Subscriber(NodePtr, const std::string&, rmw_qos_profile_t, rclcpp::SubscriptionOptions) [with M = sensor_msgs::msg::LaserScan_<std::allocator<void> >; NodeType = rclcpp::Node; NodePtr = std::shared_ptr<rclcpp::Node>; std::string = std::__cxx11::basic_string<char>; rmw_qos_profile_t = rmw_qos_profile_s; rclcpp::SubscriptionOptions = rclcpp::SubscriptionOptionsWithAllocator<std::allocator<void> >]’
[22.416s]   203 |   Subscriber(
[22.416s]       |   ^~~~~~~~~~
[22.416s] /opt/ros/jazzy/include/message_filters/message_filters/subscriber.h:203:3: note:   candidate expects 4 arguments, 3 provided
[22.416s] /opt/ros/jazzy/include/message_filters/message_filters/subscriber.h:188:3: note: candidate: ‘message_filters::Subscriber<M, NodeType>::Subscriber(NodeType*, const std::string&, rmw_qos_profile_t) [with M = sensor_msgs::msg::LaserScan_<std::allocator<void> >; NodeType = rclcpp::Node; std::string = std::__cxx11::basic_string<char>; rmw_qos_profile_t = rmw_qos_profile_s]’
[22.416s]   188 |   Subscriber(NodeType * node, const std::string& topic, const rmw_qos_profile_t qos = rmw_qos_profile_default)
[22.416s]       |   ^~~~~~~~~~
[22.416s] /opt/ros/jazzy/include/message_filters/message_filters/subscriber.h:188:25: note:   no known conversion for argument 1 from ‘rclcpp::Node’ to ‘rclcpp::Node*’
[22.418s]   188 |   Subscriber(NodeType * node, const std::string& topic, const rmw_qos_profile_t qos = rmw_qos_profile_default)
[22.419s]       |              ~~~~~~~~~~~^~~~
[22.419s] /opt/ros/jazzy/include/message_filters/message_filters/subscriber.h:183:3: note: candidate: ‘message_filters::Subscriber<M, NodeType>::Subscriber(NodePtr, const std::string&, rmw_qos_profile_t) [with M = sensor_msgs::msg::LaserScan_<std::allocator<void> >; NodeType = rclcpp::Node; NodePtr = std::shared_ptr<rclcpp::Node>; std::string = std::__cxx11::basic_string<char>; rmw_qos_profile_t = rmw_qos_profile_s]’
[22.419s]   183 |   Subscriber(NodePtr node, const std::string& topic, const rmw_qos_profile_t qos = rmw_qos_profile_default)
[22.419s]       |   ^~~~~~~~~~
[22.419s] /opt/ros/jazzy/include/message_filters/message_filters/subscriber.h:183:22: note:   no known conversion for argument 1 from ‘rclcpp::Node’ to ‘message_filters::Subscriber<sensor_msgs::msg::LaserScan_<std::allocator<void> > >::NodePtr’ {aka ‘std::shared_ptr<rclcpp::Node>’}
[22.419s]   183 |   Subscriber(NodePtr node, const std::string& topic, const rmw_qos_profile_t qos = rmw_qos_profile_default)
[22.419s]       |              ~~~~~~~~^~~~
[22.458s] /home/neha/ros2_ws/src/semnav_migration/src/navigation_semantic.cpp:174:25: error: ‘pub_behaviorID_’ was not declared in this scope; did you mean ‘pub_behaviorID_topic_’?
[22.458s]   174 |                         pub_behaviorID_.publish(commandId);
[22.458s]       |                         ^~~~~~~~~~~~~~~
[22.458s]       |                         pub_behaviorID_topic_
[22.465s] /home/neha/ros2_ws/src/semnav_migration/src/navigation_semantic.cpp: In member function ‘void SemanticNavigationNode::publish_behavior_mode(uint16_t)’:
[22.465s] /home/neha/ros2_ws/src/semnav_migration/src/navigation_semantic.cpp:179:28: error: ‘UInt32’ is not a member of ‘std_msgs::msg’
[22.465s]   179 |             std_msgs::msg::UInt32 commandMode;
[22.465s]       |                            ^~~~~~
[22.475s] /home/neha/ros2_ws/src/semnav_migration/src/navigation.cpp:143:112: error: no matching function for call to ‘message_filters::Subscriber<nav_msgs::msg::Odometry_<std::allocator<void> > >::Subscriber(rclcpp::Node&, std::string&, int)’
[22.475s]   143 |                         message_filters::Subscriber<nav_msgs::msg::Odometry> sub_robot(nh_, sub_robot_topic_, 1);
[22.475s]       |                                                                                                                ^
[22.477s] /opt/ros/jazzy/include/message_filters/message_filters/subscriber.h:224:3: note: candidate: ‘message_filters::Subscriber<M, NodeType>::Subscriber() [with M = nav_msgs::msg::Odometry_<std::allocator<void> >; NodeType = rclcpp::Node]’
[22.477s]   224 |   Subscriber() = default;
[22.477s]       |   ^~~~~~~~~~
[22.477s] /opt/ros/jazzy/include/message_filters/message_filters/subscriber.h:224:3: note:   candidate expects 0 arguments, 3 provided
[22.478s] /opt/ros/jazzy/include/message_filters/message_filters/subscriber.h:212:3: note: candidate: ‘message_filters::Subscriber<M, NodeType>::Subscriber(NodeType*, const std::string&, rmw_qos_profile_t, rclcpp::SubscriptionOptions) [with M = nav_msgs::msg::Odometry_<std::allocator<void> >; NodeType = rclcpp::Node; std::string = std::__cxx11::basic_string<char>; rmw_qos_profile_t = rmw_qos_profile_s; rclcpp::SubscriptionOptions = rclcpp::SubscriptionOptionsWithAllocator<std::allocator<void> >]’
[22.478s]   212 |   Subscriber(
[22.478s]       |   ^~~~~~~~~~
[22.478s] /opt/ros/jazzy/include/message_filters/message_filters/subscriber.h:212:3: note:   candidate expects 4 arguments, 3 provided
[22.478s] /opt/ros/jazzy/include/message_filters/message_filters/subscriber.h:203:3: note: candidate: ‘message_filters::Subscriber<M, NodeType>::Subscriber(NodePtr, const std::string&, rmw_qos_profile_t, rclcpp::SubscriptionOptions) [with M = nav_msgs::msg::Odometry_<std::allocator<void> >; NodeType = rclcpp::Node; NodePtr = std::shared_ptr<rclcpp::Node>; std::string = std::__cxx11::basic_string<char>; rmw_qos_profile_t = rmw_qos_profile_s; rclcpp::SubscriptionOptions = rclcpp::SubscriptionOptionsWithAllocator<std::allocator<void> >]’
[22.478s]   203 |   Subscriber(
[22.478s]       |   ^~~~~~~~~~
[22.480s] /opt/ros/jazzy/include/message_filters/message_filters/subscriber.h:203:3: note:   candidate expects 4 arguments, 3 provided
[22.481s] /opt/ros/jazzy/include/message_filters/message_filters/subscriber.h:188:3: note: candidate: ‘message_filters::Subscriber<M, NodeType>::Subscriber(NodeType*, const std::string&, rmw_qos_profile_t) [with M = nav_msgs::msg::Odometry_<std::allocator<void> >; NodeType = rclcpp::Node; std::string = std::__cxx11::basic_string<char>; rmw_qos_profile_t = rmw_qos_profile_s]’
[22.481s]   188 |   Subscriber(NodeType * node, const std::string& topic, const rmw_qos_profile_t qos = rmw_qos_profile_default)
[22.481s]       |   ^~~~~~~~~~
[22.481s] /opt/ros/jazzy/include/message_filters/message_filters/subscriber.h:188:25: note:   no known conversion for argument 1 from ‘rclcpp::Node’ to ‘rclcpp::Node*’
[22.481s]   188 |   Subscriber(NodeType * node, const std::string& topic, const rmw_qos_profile_t qos = rmw_qos_profile_default)
[22.481s]       |              ~~~~~~~~~~~^~~~
[22.482s] /opt/ros/jazzy/include/message_filters/message_filters/subscriber.h:183:3: note: candidate: ‘message_filters::Subscriber<M, NodeType>::Subscriber(NodePtr, const std::string&, rmw_qos_profile_t) [with M = nav_msgs::msg::Odometry_<std::allocator<void> >; NodeType = rclcpp::Node; NodePtr = std::shared_ptr<rclcpp::Node>; std::string = std::__cxx11::basic_string<char>; rmw_qos_profile_t = rmw_qos_profile_s]’
[22.482s]   183 |   Subscriber(NodePtr node, const std::string& topic, const rmw_qos_profile_t qos = rmw_qos_profile_default)
[22.482s]       |   ^~~~~~~~~~
[22.482s] /opt/ros/jazzy/include/message_filters/message_filters/subscriber.h:183:22: note:   no known conversion for argument 1 from ‘rclcpp::Node’ to ‘message_filters::Subscriber<nav_msgs::msg::Odometry_<std::allocator<void> > >::NodePtr’ {aka ‘std::shared_ptr<rclcpp::Node>’}
[22.482s]   183 |   Subscriber(NodePtr node, const std::string& topic, const rmw_qos_profile_t qos = rmw_qos_profile_default)
[22.482s]       |              ~~~~~~~~^~~~
[22.533s] /home/neha/ros2_ws/src/semnav_migration/src/navigation_semantic.cpp:180:25: error: ‘commandMode’ was not declared in this scope
[22.533s]   180 |                         commandMode.data = BehaviorModeCmd;
[22.533s]       |                         ^~~~~~~~~~~
[22.608s] /home/neha/ros2_ws/src/semnav_migration/src/navigation.cpp:148:55: error: ‘bind’ is not a member of ‘boost’; did you mean ‘find’?
[22.608s]   148 |                         sync->registerCallback(boost::bind(&NavigationNode::control_callback, this, _1, _2));
[22.608s]       |                                                       ^~~~
[22.608s]       |                                                       find
[22.613s] /home/neha/ros2_ws/src/semnav_migration/src/navigation.cpp:148:101: error: ‘_1’ was not declared in this scope
[22.613s]   148 |                         sync->registerCallback(boost::bind(&NavigationNode::control_callback, this, _1, _2));
[22.613s]       |                                                                                                     ^~
[22.613s] /home/neha/ros2_ws/src/semnav_migration/src/navigation.cpp:148:101: note: suggested alternatives:
[22.613s] In file included from /usr/include/boost/mpl/aux_/include_preprocessed.hpp:37,
[22.613s]                  from /usr/include/boost/mpl/placeholders.hpp:43,
[22.616s]                  from /usr/include/boost/iterator/iterator_categories.hpp:16,
[22.616s]                  from /usr/include/boost/iterator/iterator_facade.hpp:13,
[22.616s]                  from /usr/include/boost/range/iterator_range_core.hpp:27,
[22.616s]                  from /usr/include/boost/lexical_cast.hpp:48,
[22.616s]                  from /usr/include/boost/multiprecision/detail/number_base.hpp:29,
[22.616s]                  from /usr/include/boost/multiprecision/traits/is_variable_precision.hpp:9,
[22.616s]                  from /usr/include/boost/multiprecision/detail/precision.hpp:9,
[22.617s]                  from /usr/include/boost/multiprecision/number.hpp:11,
[22.617s]                  from /usr/include/boost/multiprecision/cpp_int.hpp:19,
[22.617s]                  from /usr/include/boost/multiprecision/cpp_bin_float.hpp:15,
[22.617s]                  from /usr/include/boost/geometry/core/coordinate_promotion.hpp:16,
[22.617s]                  from /usr/include/boost/geometry/core/radian_access.hpp:30,
[22.617s]                  from /usr/include/boost/geometry/geometry.hpp:50,
[22.617s]                  from /usr/include/boost/geometry.hpp:17,
[22.619s]                  from /home/neha/ros2_ws/src/semnav_migration/include/reactive_planner_lib.h:26:
[22.620s] /usr/include/boost/mpl/aux_/preprocessed/gcc/placeholders.hpp:29:16: note:   ‘mpl_::_1’
[22.620s]    29 | typedef arg<1> _1;
[22.620s]       |                ^~
[22.620s] In file included from /usr/include/boost/numeric/conversion/converter_policies.hpp:13,
[22.620s]                  from /usr/include/boost/numeric/conversion/converter.hpp:14,
[22.621s]                  from /usr/include/boost/numeric/conversion/cast.hpp:33,
[22.621s]                  from /usr/include/boost/geometry/core/radian_access.hpp:26:
[22.621s] /usr/include/c++/13/functional:294:48: note:   ‘std::placeholders::_1’
[22.621s]   294 |     _GLIBCXX_PLACEHOLDER const _Placeholder<1> _1;
[22.621s]       |                                                ^~
[22.624s] /usr/include/boost/mpl/aux_/preprocessed/gcc/placeholders.hpp:29:16: note:   ‘mpl_::_1’
[22.624s]    29 | typedef arg<1> _1;
[22.624s]       |                ^~
[22.624s] In file included from /usr/include/boost/describe/members.hpp:20,
[22.624s]                  from /usr/include/boost/container_hash/is_described_class.hpp:11,
[22.624s]                  from /usr/include/boost/container_hash/hash.hpp:18,
[22.624s]                  from /usr/include/boost/functional/hash.hpp:6,
[22.625s]                  from /usr/include/CGAL/Kernel/hash_functions.h:16,
[22.625s]                  from /usr/include/CGAL/Kernel/global_functions.h:25,
[22.625s]                  from /usr/include/CGAL/Cartesian/Cartesian_base.h:22,
[22.625s]                  from /usr/include/CGAL/Simple_cartesian.h:20,
[22.625s]                  from /usr/include/CGAL/Exact_predicates_inexact_constructions_kernel.h:20,
[22.625s]                  from /home/neha/ros2_ws/src/semnav_migration/include/polygeom_lib.h:32,
[22.625s]                  from /home/neha/ros2_ws/src/semnav_migration/include/reactive_planner_lib.h:50:
[22.626s] /usr/include/boost/mp11/bind.hpp:45:7: note:   ‘boost::mp11::_1’
[22.626s]    45 | using _1 = mp_arg<0>;
[22.626s]       |       ^~
[22.626s] /usr/include/boost/mpl/aux_/preprocessed/gcc/placeholders.hpp:29:16: note:   ‘mpl_::_1’
[22.626s]    29 | typedef arg<1> _1;
[22.626s]       |                ^~
[22.626s] /home/neha/ros2_ws/src/semnav_migration/src/navigation.cpp:148:105: error: ‘_2’ was not declared in this scope
[22.627s]   148 |                         sync->registerCallback(boost::bind(&NavigationNode::control_callback, this, _1, _2));
[22.627s]       |                                                                                                         ^~
[22.627s] /home/neha/ros2_ws/src/semnav_migration/src/navigation.cpp:148:105: note: suggested alternatives:
[22.627s] /usr/include/boost/mpl/aux_/preprocessed/gcc/placeholders.hpp:42:16: note:   ‘mpl_::_2’
[22.627s]    42 | typedef arg<2> _2;
[22.627s]       |                ^~
[22.627s] /usr/include/c++/13/functional:295:48: note:   ‘std::placeholders::_2’
[22.629s]   295 |     _GLIBCXX_PLACEHOLDER const _Placeholder<2> _2;
[22.630s]       |                                                ^~
[22.630s] /usr/include/boost/mpl/aux_/preprocessed/gcc/placeholders.hpp:42:16: note:   ‘mpl_::_2’
[22.630s]    42 | typedef arg<2> _2;
[22.630s]       |                ^~
[22.630s] /usr/include/boost/mp11/bind.hpp:46:7: note:   ‘boost::mp11::_2’
[22.630s]    46 | using _2 = mp_arg<1>;
[22.630s]       |       ^~
[22.631s] /usr/include/boost/mpl/aux_/preprocessed/gcc/placeholders.hpp:42:16: note:   ‘mpl_::_2’
[22.631s]    42 | typedef arg<2> _2;
[22.631s]       |                ^~
[22.631s] /home/neha/ros2_ws/src/semnav_migration/src/navigation.cpp:151:20: error: ‘Subscription’ was not declared in this scope
[22.631s]   151 |             rclcpp:Subscription sub_semantic = this->create_subscriber(sub_semantic_topic_, 1);
[22.631s]       |                    ^~~~~~~~~~~~
[22.631s] /home/neha/ros2_ws/src/semnav_migration/src/navigation.cpp:151:20: note: suggested alternatives:
[22.634s] In file included from /opt/ros/jazzy/include/rclcpp/rclcpp/any_executable.hpp:25,
[22.634s]                  from /opt/ros/jazzy/include/rclcpp/rclcpp/memory_strategy.hpp:25,
[22.634s]                  from /opt/ros/jazzy/include/rclcpp/rclcpp/memory_strategies.hpp:18,
[22.634s]                  from /opt/ros/jazzy/include/rclcpp/rclcpp/executor_options.hpp:22,
[22.634s]                  from /opt/ros/jazzy/include/rclcpp/rclcpp/executor.hpp:38,
[22.634s]                  from /opt/ros/jazzy/include/rclcpp/rclcpp/executors/multi_threaded_executor.hpp:25,
[22.634s]                  from /opt/ros/jazzy/include/rclcpp/rclcpp/executors.hpp:21:
[22.634s] /opt/ros/jazzy/include/rclcpp/rclcpp/subscription.hpp:75:7: note:   ‘rclcpp::Subscription’
[22.635s]    75 | class Subscription : public SubscriptionBase
[22.635s]       |       ^~~~~~~~~~~~
[22.635s] In file included from /opt/ros/jazzy/include/rclcpp/rclcpp/client.hpp:45,
[22.635s]                  from /opt/ros/jazzy/include/rclcpp/rclcpp/callback_group.hpp:24,
[22.635s]                  from /opt/ros/jazzy/include/rclcpp/rclcpp/any_executable.hpp:20:
[22.635s] /opt/ros/jazzy/include/rclcpp/rclcpp/node_interfaces/node_graph_interface.hpp:43:3: note:   ‘rclcpp::EndpointType::Subscription’
[22.635s]    43 |   Subscription = RMW_ENDPOINT_SUBSCRIPTION
[22.638s]       |   ^~~~~~~~~~~~
[22.638s] /home/neha/ros2_ws/src/semnav_migration/src/navigation.cpp:155:45: error: no matching function for call to ‘rclcpp::Duration::Duration(double)’
[22.638s]   155 |                         rclcpp::Duration(5.0).sleep();
[22.638s]       |                                             ^
[22.638s] In file included from /opt/ros/jazzy/include/rclcpp/rclcpp/time.hpp:24,
[22.638s]                  from /opt/ros/jazzy/include/rclcpp/rclcpp/clock.hpp:24,
[22.638s]                  from /opt/ros/jazzy/include/rclcpp/rclcpp/client.hpp:38:
[22.639s] /opt/ros/jazzy/include/rclcpp/rclcpp/duration.hpp:49:3: note: candidate: ‘template<class Rep, class Period> rclcpp::Duration::Duration(const std::chrono::duration<_Rep1, _Period1>&)’
[22.639s]    49 |   Duration(const std::chrono::duration<Rep, Period> & duration)  // NOLINT(runtime/explicit)
[22.639s]       |   ^~~~~~~~
[22.639s] /opt/ros/jazzy/include/rclcpp/rclcpp/duration.hpp:49:3: note:   template argument deduction/substitution failed:
[22.639s] /home/neha/ros2_ws/src/semnav_migration/src/navigation.cpp:155:45: note:   mismatched types ‘const std::chrono::duration<_Rep1, _Period1>’ and ‘double’
[22.639s]   155 |                         rclcpp::Duration(5.0).sleep();
[22.639s]       |                                             ^
[22.642s] /opt/ros/jazzy/include/rclcpp/rclcpp/duration.hpp:159:3: note: candidate: ‘rclcpp::Duration::Duration()’
[22.642s]   159 |   Duration() = default;
[22.642s]       |   ^~~~~~~~
[22.642s] /opt/ros/jazzy/include/rclcpp/rclcpp/duration.hpp:159:3: note:   candidate expects 0 arguments, 1 provided
[22.642s] /opt/ros/jazzy/include/rclcpp/rclcpp/duration.hpp:62:3: note: candidate: ‘rclcpp::Duration::Duration(const rclcpp::Duration&)’
[22.642s]    62 |   Duration(const Duration & rhs);
[22.642s]       |   ^~~~~~~~
[22.642s] /opt/ros/jazzy/include/rclcpp/rclcpp/duration.hpp:62:29: note:   no known conversion for argument 1 from ‘double’ to ‘const rclcpp::Duration&’
[22.643s]    62 |   Duration(const Duration & rhs);
[22.643s]       |            ~~~~~~~~~~~~~~~~~^~~
[22.643s] /opt/ros/jazzy/include/rclcpp/rclcpp/duration.hpp:60:12: note: candidate: ‘rclcpp::Duration::Duration(const rcl_duration_t&)’
[22.643s]    60 |   explicit Duration(const rcl_duration_t & duration);
[22.643s]       |            ^~~~~~~~
[22.643s] /opt/ros/jazzy/include/rclcpp/rclcpp/duration.hpp:60:44: note:   no known conversion for argument 1 from ‘double’ to ‘const rcl_duration_t&’ {aka ‘const rcl_duration_s&’}
[22.643s]    60 |   explicit Duration(const rcl_duration_t & duration);
[22.646s]       |                     ~~~~~~~~~~~~~~~~~~~~~~~^~~~~~~~
[22.646s] /opt/ros/jazzy/include/rclcpp/rclcpp/duration.hpp:54:3: note: candidate: ‘rclcpp::Duration::Duration(const builtin_interfaces::msg::Duration&)’
[22.646s]    54 |   Duration(const builtin_interfaces::msg::Duration & duration_msg);  // NOLINT(runtime/explicit)
[22.646s]       |   ^~~~~~~~
[22.646s] /opt/ros/jazzy/include/rclcpp/rclcpp/duration.hpp:54:54: note:   no known conversion for argument 1 from ‘double’ to ‘const builtin_interfaces::msg::Duration&’ {aka ‘const builtin_interfaces::msg::Duration_<std::allocator<void> >&’}
[22.646s]    54 |   Duration(const builtin_interfaces::msg::Duration & duration_msg);  // NOLINT(runtime/explicit)
[22.646s]       |            ~~~~~~~~~~~~~~~~~~~~~~~~~~~~~~~~~~~~~~~~~~^~~~~~~~~~~~
[22.647s] /opt/ros/jazzy/include/rclcpp/rclcpp/duration.hpp:43:12: note: candidate: ‘rclcpp::Duration::Duration(std::chrono::nanoseconds)’
[22.647s]    43 |   explicit Duration(std::chrono::nanoseconds nanoseconds);
[22.647s]       |            ^~~~~~~~
[22.647s] /opt/ros/jazzy/include/rclcpp/rclcpp/duration.hpp:43:46: note:   no known conversion for argument 1 from ‘double’ to ‘std::chrono::nanoseconds’ {aka ‘std::chrono::duration<long int, std::ratio<1, 1000000000> >’}
[22.647s]    43 |   explicit Duration(std::chrono::nanoseconds nanoseconds);
[22.647s]       |                     ~~~~~~~~~~~~~~~~~~~~~~~~~^~~~~~~~~~~
[22.647s] /opt/ros/jazzy/include/rclcpp/rclcpp/duration.hpp:40:3: note: candidate: ‘rclcpp::Duration::Duration(int32_t, uint32_t)’
[22.647s]    40 |   Duration(int32_t seconds, uint32_t nanoseconds);
[22.650s]       |   ^~~~~~~~
[22.650s] /opt/ros/jazzy/include/rclcpp/rclcpp/duration.hpp:40:3: note:   candidate expects 2 arguments, 1 provided
[22.656s] /home/neha/ros2_ws/src/semnav_migration/src/navigation_semantic.cpp:181:25: error: ‘pub_behaviorMode_’ was not declared in this scope; did you mean ‘pub_behaviorMode_topic_’?
[22.656s]   181 |                         pub_behaviorMode_.publish(commandMode);
[22.656s]       |                         ^~~~~~~~~~~~~~~~~
[22.656s]       |                         pub_behaviorMode_topic_
[22.662s] /home/neha/ros2_ws/src/semnav_migration/src/navigation.cpp:162:38: error: ‘node_ptr’ was not declared in this scope; did you mean ‘mode_t’?
[22.662s]   162 |                         rclcpp::spin(node_ptr);
[22.662s]       |                                      ^~~~~~~~
[22.662s]       |                                      mode_t
[22.672s] /home/neha/ros2_ws/src/semnav_migration/src/navigation.cpp: In member function ‘void NavigationNode::publish_behavior_id(uint16_t)’:
[22.672s] /home/neha/ros2_ws/src/semnav_migration/src/navigation.cpp:174:28: error: ‘UInt32’ is not a member of ‘std_msgs::msg’
[22.672s]   174 |             std_msgs::msg::UInt32 commandId;
[22.672s]       |                            ^~~~~~
[22.710s] /home/neha/ros2_ws/src/semnav_migration/src/navigation_semantic.cpp: In member function ‘void SemanticNavigationNode::control_callback(const sensor_msgs::msg::LaserScan_<std::allocator<void> >::ConstPtr&, const nav_msgs::msg::Odometry_<std::allocator<void> >::ConstPtr&)’:
[22.710s] /home/neha/ros2_ws/src/semnav_migration/src/navigation_semantic.cpp:395:46: error: ‘ros’ has not been declared
[22.710s]   395 |                         double before_time = ros::Time::now().toSec();
[22.711s]       |                                              ^~~
[22.715s] /home/neha/ros2_ws/src/semnav_migration/src/navigation_semantic.cpp:398:40: error: ‘PoseStamped’ is not a member of ‘geometry_msgs’
[22.715s]   398 |                         geometry_msgs::PoseStamped odomPose, mapPose;
[22.715s]       |                                        ^~~~~~~~~~~
[22.723s] /home/neha/ros2_ws/src/semnav_migration/src/navigation.cpp:175:25: error: ‘commandId’ was not declared in this scope
[22.723s]   175 |                         commandId.data = BehaviorIdCmd;
[22.723s]       |                         ^~~~~~~~~
[22.728s] /home/neha/ros2_ws/src/semnav_migration/src/navigation.cpp: In member function ‘void NavigationNode::publish_behavior_mode(uint16_t)’:
[22.728s] /home/neha/ros2_ws/src/semnav_migration/src/navigation.cpp:181:28: error: ‘UInt32’ is not a member of ‘std_msgs::msg’
[22.728s]   181 |             std_msgs::msg::UInt32 commandMode;
[22.728s]       |                            ^~~~~~
[22.760s] /home/neha/ros2_ws/src/semnav_migration/src/navigation_semantic.cpp:399:25: error: ‘odomPose’ was not declared in this scope
[22.760s]   399 |                         odomPose.header.stamp = ros::Time(0);
[22.760s]       |                         ^~~~~~~~
[22.760s] /home/neha/ros2_ws/src/semnav_migration/src/navigation_semantic.cpp:399:49: error: ‘ros’ has not been declared
[22.760s]   399 |                         odomPose.header.stamp = ros::Time(0);
[22.760s]       |                                                 ^~~
[22.792s] /home/neha/ros2_ws/src/semnav_migration/src/navigation.cpp:182:25: error: ‘commandMode’ was not declared in this scope
[22.792s]   182 |                         commandMode.data = BehaviorModeCmd;
[22.792s]       |                         ^~~~~~~~~~~
[22.812s] /home/neha/ros2_ws/src/semnav_migration/src/navigation_semantic.cpp:403:33: error: ‘listener_’ was not declared in this scope
[22.812s]   403 |                                 listener_.waitForTransform(world_frame_id_, odom_frame_id_, ros::Time(0), ros::Duration(1.0));
[22.812s]       |                                 ^~~~~~~~~
[22.812s] /home/neha/ros2_ws/src/semnav_migration/src/navigation_semantic.cpp:403:93: error: ‘ros’ has not been declared
[22.812s]   403 |                                 listener_.waitForTransform(world_frame_id_, odom_frame_id_, ros::Time(0), ros::Duration(1.0));
[22.812s]       |                                                                                             ^~~
[22.813s] /home/neha/ros2_ws/src/semnav_migration/src/navigation_semantic.cpp:403:107: error: ‘ros’ has not been declared
[22.813s]   403 |                                 listener_.waitForTransform(world_frame_id_, odom_frame_id_, ros::Time(0), ros::Duration(1.0));
[22.813s]       |                                                                                                           ^~~
[22.848s] /home/neha/ros2_ws/src/semnav_migration/src/navigation.cpp: In member function ‘void NavigationNode::control_callback(const sensor_msgs::msg::LaserScan_<std::allocator<void> >::ConstPtr&, const nav_msgs::msg::Odometry_<std::allocator<void> >::ConstPtr&)’:
[22.848s] /home/neha/ros2_ws/src/semnav_migration/src/navigation.cpp:356:60: error: ‘now’ is not a member of ‘rclcpp::Time’
[22.848s]   356 |                         double before_time = rclcpp::Time::now().toSec();
[22.848s]       |                                                            ^~~
[22.848s] /home/neha/ros2_ws/src/semnav_migration/src/navigation.cpp:359:33: error: ‘PoseStamped’ is not a member of ‘geometry_msgs::msg’
[22.849s]   359 |             geometry_msgs::msg::PoseStamped odomPose, mapPose;
[22.849s]       |                                 ^~~~~~~~~~~
[22.854s] /home/neha/ros2_ws/src/semnav_migration/src/navigation_semantic.cpp:404:84: error: ‘mapPose’ was not declared in this scope
[22.854s]   404 |                                 listener_.transformPose(world_frame_id_, odomPose, mapPose);
[22.854s]       |                                                                                    ^~~~~~~
[22.862s] /home/neha/ros2_ws/src/semnav_migration/src/navigation_semantic.cpp:405:34: error: ‘tf’ does not name a type; did you mean ‘tm’?
[22.862s]   405 |                         } catch (tf::TransformException &ex) {
[22.862s]       |                                  ^~
[22.862s]       |                                  tm
[22.862s] /home/neha/ros2_ws/src/semnav_migration/src/navigation_semantic.cpp:405:57: error: expected unqualified-id before ‘&’ token
[22.862s]   405 |                         } catch (tf::TransformException &ex) {
[22.863s]       |                                                         ^
[22.863s] /home/neha/ros2_ws/src/semnav_migration/src/navigation_semantic.cpp:405:57: error: expected ‘)’ before ‘&’ token
[22.863s] /home/neha/ros2_ws/src/semnav_migration/src/navigation_semantic.cpp:405:33: note: to match this ‘(’
[22.863s]   405 |                         } catch (tf::TransformException &ex) {
[22.863s]       |                                 ^
[22.863s] /home/neha/ros2_ws/src/semnav_migration/src/navigation_semantic.cpp:405:57: error: expected ‘{’ before ‘&’ token
[22.863s]   405 |                         } catch (tf::TransformException &ex) {
[22.865s]       |                                                         ^
[22.894s] /home/neha/ros2_ws/src/semnav_migration/src/navigation_semantic.cpp:405:58: error: ‘ex’ was not declared in this scope; did you mean ‘exp’?
[22.894s]   405 |                         } catch (tf::TransformException &ex) {
[22.894s]       |                                                          ^~
[22.894s]       |                                                          exp
[22.894s] /home/neha/ros2_ws/src/semnav_migration/src/navigation_semantic.cpp:411:25: error: ‘tf’ has not been declared
[22.894s]   411 |                         tf::Quaternion rotation = tf::Quaternion(mapPose.pose.orientation.x,
[22.895s]       |                         ^~
[22.895s] /home/neha/ros2_ws/src/semnav_migration/src/navigation_semantic.cpp:415:25: error: ‘tf’ has not been declared
[22.895s]   415 |                         tf::Matrix3x3 m(rotation);
[22.895s]       |                         ^~
[22.895s] /home/neha/ros2_ws/src/semnav_migration/src/navigation.cpp:360:25: error: ‘odomPose’ was not declared in this scope
[22.895s]   360 |                         odomPose.header.stamp = rclcpp::Time(0);
[22.895s]       |                         ^~~~~~~~
[22.928s] /home/neha/ros2_ws/src/semnav_migration/src/navigation_semantic.cpp:417:25: error: ‘m’ was not declared in this scope; did you mean ‘tm’?
[22.928s]   417 |                         m.getRPY(roll, pitch, yaw);
[22.928s]       |                         ^
[22.928s]       |                         tm
[22.944s] /home/neha/ros2_ws/src/semnav_migration/src/navigation.cpp:364:33: error: ‘listener_’ was not declared in this scope
[22.944s]   364 |                                 listener_.waitForTransform(world_frame_id_, odom_frame_id_, rclcpp::Time(0), rclcpp::Duration(1.0));
[22.944s]       |                                 ^~~~~~~~~
[22.944s] /home/neha/ros2_ws/src/semnav_migration/src/navigation.cpp:364:130: error: no matching function for call to ‘rclcpp::Duration::Duration(double)’
[22.944s]   364 |                                 listener_.waitForTransform(world_frame_id_, odom_frame_id_, rclcpp::Time(0), rclcpp::Duration(1.0));
[22.944s]       |                                                                                                                                  ^
[22.948s] /opt/ros/jazzy/include/rclcpp/rclcpp/duration.hpp:49:3: note: candidate: ‘template<class Rep, class Period> rclcpp::Duration::Duration(const std::chrono::duration<_Rep1, _Period1>&)’
[22.948s]    49 |   Duration(const std::chrono::duration<Rep, Period> & duration)  // NOLINT(runtime/explicit)
[22.948s]       |   ^~~~~~~~
[22.948s] /opt/ros/jazzy/include/rclcpp/rclcpp/duration.hpp:49:3: note:   template argument deduction/substitution failed:
[22.948s] /home/neha/ros2_ws/src/semnav_migration/src/navigation.cpp:364:130: note:   mismatched types ‘const std::chrono::duration<_Rep1, _Period1>’ and ‘double’
[22.948s]   364 |                                 listener_.waitForTransform(world_frame_id_, odom_frame_id_, rclcpp::Time(0), rclcpp::Duration(1.0));
[22.949s]       |                                                                                                                                  ^
[22.949s] /opt/ros/jazzy/include/rclcpp/rclcpp/duration.hpp:159:3: note: candidate: ‘rclcpp::Duration::Duration()’
[22.949s]   159 |   Duration() = default;
[22.949s]       |   ^~~~~~~~
[22.949s] /opt/ros/jazzy/include/rclcpp/rclcpp/duration.hpp:159:3: note:   candidate expects 0 arguments, 1 provided
[22.949s] /opt/ros/jazzy/include/rclcpp/rclcpp/duration.hpp:62:3: note: candidate: ‘rclcpp::Duration::Duration(const rclcpp::Duration&)’
[22.949s]    62 |   Duration(const Duration & rhs);
[22.952s]       |   ^~~~~~~~
[22.952s] /opt/ros/jazzy/include/rclcpp/rclcpp/duration.hpp:62:29: note:   no known conversion for argument 1 from ‘double’ to ‘const rclcpp::Duration&’
[22.952s]    62 |   Duration(const Duration & rhs);
[22.952s]       |            ~~~~~~~~~~~~~~~~~^~~
[22.952s] /opt/ros/jazzy/include/rclcpp/rclcpp/duration.hpp:60:12: note: candidate: ‘rclcpp::Duration::Duration(const rcl_duration_t&)’
[22.952s]    60 |   explicit Duration(const rcl_duration_t & duration);
[22.952s]       |            ^~~~~~~~
[22.953s] /opt/ros/jazzy/include/rclcpp/rclcpp/duration.hpp:60:44: note:   no known conversion for argument 1 from ‘double’ to ‘const rcl_duration_t&’ {aka ‘const rcl_duration_s&’}
[22.953s]    60 |   explicit Duration(const rcl_duration_t & duration);
[22.953s]       |                     ~~~~~~~~~~~~~~~~~~~~~~~^~~~~~~~
[22.953s] /opt/ros/jazzy/include/rclcpp/rclcpp/duration.hpp:54:3: note: candidate: ‘rclcpp::Duration::Duration(const builtin_interfaces::msg::Duration&)’
[22.953s]    54 |   Duration(const builtin_interfaces::msg::Duration & duration_msg);  // NOLINT(runtime/explicit)
[22.953s]       |   ^~~~~~~~
[22.953s] /opt/ros/jazzy/include/rclcpp/rclcpp/duration.hpp:54:54: note:   no known conversion for argument 1 from ‘double’ to ‘const builtin_interfaces::msg::Duration&’ {aka ‘const builtin_interfaces::msg::Duration_<std::allocator<void> >&’}
[22.955s]    54 |   Duration(const builtin_interfaces::msg::Duration & duration_msg);  // NOLINT(runtime/explicit)
[22.956s]       |            ~~~~~~~~~~~~~~~~~~~~~~~~~~~~~~~~~~~~~~~~~~^~~~~~~~~~~~
[22.956s] /opt/ros/jazzy/include/rclcpp/rclcpp/duration.hpp:43:12: note: candidate: ‘rclcpp::Duration::Duration(std::chrono::nanoseconds)’
[22.956s]    43 |   explicit Duration(std::chrono::nanoseconds nanoseconds);
[22.956s]       |            ^~~~~~~~
[22.956s] /opt/ros/jazzy/include/rclcpp/rclcpp/duration.hpp:43:46: note:   no known conversion for argument 1 from ‘double’ to ‘std::chrono::nanoseconds’ {aka ‘std::chrono::duration<long int, std::ratio<1, 1000000000> >’}
[22.956s]    43 |   explicit Duration(std::chrono::nanoseconds nanoseconds);
[22.956s]       |                     ~~~~~~~~~~~~~~~~~~~~~~~~~^~~~~~~~~~~
[22.957s] /opt/ros/jazzy/include/rclcpp/rclcpp/duration.hpp:40:3: note: candidate: ‘rclcpp::Duration::Duration(int32_t, uint32_t)’
[22.957s]    40 |   Duration(int32_t seconds, uint32_t nanoseconds);
[22.957s]       |   ^~~~~~~~
[22.957s] /opt/ros/jazzy/include/rclcpp/rclcpp/duration.hpp:40:3: note:   candidate expects 2 arguments, 1 provided
[22.972s] /home/neha/ros2_ws/src/semnav_migration/src/navigation_semantic.cpp:418:51: error: ‘mapPose’ was not declared in this scope
[22.972s]   418 |                         double x_robot_position = mapPose.pose.position.x;
[22.972s]       |                                                   ^~~~~~~
[22.981s] /home/neha/ros2_ws/src/semnav_migration/src/navigation_semantic.cpp:431:42: error: could not convert ‘lidar_data’ from ‘shared_ptr<LaserScan_<[...]>>’ to ‘shared_ptr<LaserScan_<[...]>>’
[22.981s]   431 |                         constructLIDAR2D(lidar_data, CutoffRange_, AllowableRange_, RobotPitch_, &LIDAR);
[22.981s]       |                                          ^~~~~~~~~~
[22.981s]       |                                          |
[22.981s]       |                                          shared_ptr<LaserScan_<[...]>>
[22.984s] /home/neha/ros2_ws/src/semnav_migration/src/navigation.cpp:365:84: error: ‘mapPose’ was not declared in this scope
[22.984s]   365 |                                 listener_.transformPose(world_frame_id_, odomPose, mapPose);
[22.984s]       |                                                                                    ^~~~~~~
[23.003s] /home/neha/ros2_ws/src/semnav_migration/src/navigation_semantic.cpp:561:96: error: invalid operands of types ‘const char [53]’ and ‘double’ to binary ‘operator<<’
[23.003s]   561 |                         ROS_WARN_STREAM("[Navigation] Diffeomorphism jacobian determinant is " << MatrixDeterminant(RobotPositionTransformedD) << ", robot position is " << bg::dsv(RobotPosition_) << " and robot positon in model space is " << bg::dsv(RobotPositionTransformedPoint));
[23.003s]       |                                         ~~~~~~~~~~~~~~~~~~~~~~~~~~~~~~~~~~~~~~~~~~~~~~~~~~~~~~ ^~ ~~~~~~~~~~~~~~~~~~~~~~~~~~~~~~~~~~~~~~~~~~~~
[23.003s]       |                                         |                                                                          |
[23.003s]       |                                         const char [53]                                                            double
[23.030s] /home/neha/ros2_ws/src/semnav_migration/src/navigation.cpp:367:33: error: ‘ROS_ERROR’ was not declared in this scope
[23.030s]   367 |                                 ROS_ERROR("%s",ex.what());
[23.030s]       |                                 ^~~~~~~~~
[23.065s] /home/neha/ros2_ws/src/semnav_migration/src/navigation.cpp:372:68: error: ‘mapPose’ was not declared in this scope
[23.065s]   372 |                         tf2::Quaternion rotation = tf2::Quaternion(mapPose.pose.orientation.x,
[23.065s]       |                                                                    ^~~~~~~
[23.069s] /home/neha/ros2_ws/src/semnav_migration/src/navigation.cpp:394:42: error: could not convert ‘lidar_data’ from ‘shared_ptr<LaserScan_<[...]>>’ to ‘shared_ptr<LaserScan_<[...]>>’
[23.069s]   394 |                         constructLIDAR2D(lidar_data, CutoffRange_, AllowableRange_, RobotPitch_, &LIDAR);
[23.069s]       |                                          ^~~~~~~~~~
[23.069s]       |                                          |
[23.069s]       |                                          shared_ptr<LaserScan_<[...]>>
[23.088s] /home/neha/ros2_ws/src/semnav_migration/src/navigation.cpp:568:53: error: no matching function for call to ‘rclcpp::Duration::Duration(double)’
[23.088s]   568 |                                 rclcpp::Duration(5.0).sleep();
[23.088s]       |                                                     ^
[23.088s] /opt/ros/jazzy/include/rclcpp/rclcpp/duration.hpp:49:3: note: candidate: ‘template<class Rep, class Period> rclcpp::Duration::Duration(const std::chrono::duration<_Rep1, _Period1>&)’
[23.089s]    49 |   Duration(const std::chrono::duration<Rep, Period> & duration)  // NOLINT(runtime/explicit)
[23.089s]       |   ^~~~~~~~
[23.089s] /opt/ros/jazzy/include/rclcpp/rclcpp/duration.hpp:49:3: note:   template argument deduction/substitution failed:
[23.089s] /home/neha/ros2_ws/src/semnav_migration/src/navigation.cpp:568:53: note:   mismatched types ‘const std::chrono::duration<_Rep1, _Period1>’ and ‘double’
[23.089s]   568 |                                 rclcpp::Duration(5.0).sleep();
[23.089s]       |                                                     ^
[23.089s] /opt/ros/jazzy/include/rclcpp/rclcpp/duration.hpp:159:3: note: candidate: ‘rclcpp::Duration::Duration()’
[23.092s]   159 |   Duration() = default;
[23.092s]       |   ^~~~~~~~
[23.092s] /opt/ros/jazzy/include/rclcpp/rclcpp/duration.hpp:159:3: note:   candidate expects 0 arguments, 1 provided
[23.092s] /opt/ros/jazzy/include/rclcpp/rclcpp/duration.hpp:62:3: note: candidate: ‘rclcpp::Duration::Duration(const rclcpp::Duration&)’
[23.092s]    62 |   Duration(const Duration & rhs);
[23.092s]       |   ^~~~~~~~
[23.092s] /opt/ros/jazzy/include/rclcpp/rclcpp/duration.hpp:62:29: note:   no known conversion for argument 1 from ‘double’ to ‘const rclcpp::Duration&’
[23.093s]    62 |   Duration(const Duration & rhs);
[23.093s]       |            ~~~~~~~~~~~~~~~~~^~~
[23.093s] /opt/ros/jazzy/include/rclcpp/rclcpp/duration.hpp:60:12: note: candidate: ‘rclcpp::Duration::Duration(const rcl_duration_t&)’
[23.093s]    60 |   explicit Duration(const rcl_duration_t & duration);
[23.093s]       |            ^~~~~~~~
[23.093s] /opt/ros/jazzy/include/rclcpp/rclcpp/duration.hpp:60:44: note:   no known conversion for argument 1 from ‘double’ to ‘const rcl_duration_t&’ {aka ‘const rcl_duration_s&’}
[23.093s]    60 |   explicit Duration(const rcl_duration_t & duration);
[23.096s]       |                     ~~~~~~~~~~~~~~~~~~~~~~~^~~~~~~~
[23.096s] /opt/ros/jazzy/include/rclcpp/rclcpp/duration.hpp:54:3: note: candidate: ‘rclcpp::Duration::Duration(const builtin_interfaces::msg::Duration&)’
[23.096s]    54 |   Duration(const builtin_interfaces::msg::Duration & duration_msg);  // NOLINT(runtime/explicit)
[23.096s]       |   ^~~~~~~~
[23.096s] /opt/ros/jazzy/include/rclcpp/rclcpp/duration.hpp:54:54: note:   no known conversion for argument 1 from ‘double’ to ‘const builtin_interfaces::msg::Duration&’ {aka ‘const builtin_interfaces::msg::Duration_<std::allocator<void> >&’}
[23.096s]    54 |   Duration(const builtin_interfaces::msg::Duration & duration_msg);  // NOLINT(runtime/explicit)
[23.096s]       |            ~~~~~~~~~~~~~~~~~~~~~~~~~~~~~~~~~~~~~~~~~~^~~~~~~~~~~~
[23.096s] /opt/ros/jazzy/include/rclcpp/rclcpp/duration.hpp:43:12: note: candidate: ‘rclcpp::Duration::Duration(std::chrono::nanoseconds)’
[23.097s]    43 |   explicit Duration(std::chrono::nanoseconds nanoseconds);
[23.097s]       |            ^~~~~~~~
[23.097s] /opt/ros/jazzy/include/rclcpp/rclcpp/duration.hpp:43:46: note:   no known conversion for argument 1 from ‘double’ to ‘std::chrono::nanoseconds’ {aka ‘std::chrono::duration<long int, std::ratio<1, 1000000000> >’}
[23.097s]    43 |   explicit Duration(std::chrono::nanoseconds nanoseconds);
[23.097s]       |                     ~~~~~~~~~~~~~~~~~~~~~~~~~^~~~~~~~~~~
[23.097s] /opt/ros/jazzy/include/rclcpp/rclcpp/duration.hpp:40:3: note: candidate: ‘rclcpp::Duration::Duration(int32_t, uint32_t)’
[23.097s]    40 |   Duration(int32_t seconds, uint32_t nanoseconds);
[23.100s]       |   ^~~~~~~~
[23.100s] /opt/ros/jazzy/include/rclcpp/rclcpp/duration.hpp:40:3: note:   candidate expects 2 arguments, 1 provided
[23.102s] /home/neha/ros2_ws/src/semnav_migration/src/navigation_semantic.cpp:561:25: error: ‘ROS_WARN_STREAM’ was not declared in this scope; did you mean ‘RCLCPP_WARN_STREAM’?
[23.102s]   561 |                         ROS_WARN_STREAM("[Navigation] Diffeomorphism jacobian determinant is " << MatrixDeterminant(RobotPositionTransformedD) << ", robot position is " << bg::dsv(RobotPosition_) << " and robot positon in model space is " << bg::dsv(RobotPositionTransformedPoint));
[23.102s]       |                         ^~~~~~~~~~~~~~~
[23.102s]       |                         RCLCPP_WARN_STREAM
[23.107s] /home/neha/ros2_ws/src/semnav_migration/src/navigation_semantic.cpp:590:41: error: ‘ros’ has not been declared
[23.107s]   590 |                                         ros::Duration(5.0).sleep();
[23.107s]       |                                         ^~~
[23.113s] /home/neha/ros2_ws/src/semnav_migration/src/navigation_semantic.cpp:615:75: error: invalid operands of types ‘const char [32]’ and ‘double’ to binary ‘operator<<’
[23.113s]   615 |                         ROS_WARN_STREAM("[Navigation] Linear command is " << LinearCmd << " and angular command is " << AngularCmd);
[23.113s]       |                                         ~~~~~~~~~~~~~~~~~~~~~~~~~~~~~~~~~ ^~ ~~~~~~~~~
[23.113s]       |                                         |                                    |
[23.113s]       |                                         const char [32]                      double
[23.114s] /home/neha/ros2_ws/src/semnav_migration/src/navigation_semantic.cpp:616:76: error: invalid operands of types ‘const char [33]’ and ‘int’ to binary ‘operator<<’
[23.114s]   616 |                         ROS_WARN_STREAM("[Navigation] Command update for " << int(localDiffeoTreeArray.size()) << " polygons in " << ros::Time::now().toSec()-before_time << " seconds.");
[23.114s]       |                                         ~~~~~~~~~~~~~~~~~~~~~~~~~~~~~~~~~~ ^~ ~~~~~~~~~~~~~~~~~~~~~~~~~~~~~~~~
[23.114s]       |                                         |                                     |
[23.114s]       |                                         const char [33]                       int
[23.114s] /home/neha/ros2_ws/src/semnav_migration/src/navigation_semantic.cpp:616:134: error: ‘ros’ has not been declared
[23.114s]   616 |                         ROS_WARN_STREAM("[Navigation] Command update for " << int(localDiffeoTreeArray.size()) << " polygons in " << ros::Time::now().toSec()-before_time << " seconds.");
[23.117s]       |                                                                                                                                      ^~~
[23.118s] /home/neha/ros2_ws/src/semnav_migration/src/navigation_semantic.cpp: In function ‘int main(int, char**)’:
[23.118s] /home/neha/ros2_ws/src/semnav_migration/src/navigation_semantic.cpp:697:9: error: ‘ros’ has not been declared
[23.118s]   697 |         ros::init(argc, argv, "navigation_semantic");
[23.118s]       |         ^~~
[23.118s] /home/neha/ros2_ws/src/semnav_migration/src/navigation_semantic.cpp:700:9: error: ‘ros’ has not been declared
[23.119s]   700 |         ros::NodeHandle nh("~");
[23.119s]       |         ^~~
[23.138s] /home/neha/ros2_ws/src/semnav_migration/src/navigation_semantic.cpp:703:56: error: ‘nh’ was not declared in this scope
[23.139s]   703 |         SemanticNavigationNode semanticNavigationNode(&nh);
[23.139s]       |                                                        ^~
[23.183s] /home/neha/ros2_ws/src/semnav_migration/src/navigation.cpp:571:33: error: ‘ROS_WARN_STREAM’ was not declared in this scope; did you mean ‘RCLCPP_WARN_STREAM’?
[23.183s]   571 |                                 ROS_WARN_STREAM("[Navigation] Successfully navigated to goal and stopped...");
[23.183s]       |                                 ^~~~~~~~~~~~~~~
[23.183s]       |                                 RCLCPP_WARN_STREAM
[23.190s] /home/neha/ros2_ws/src/semnav_migration/src/navigation.cpp:594:75: error: invalid operands of types ‘const char [32]’ and ‘double’ to binary ‘operator<<’
[23.190s]   594 |                         ROS_WARN_STREAM("[Navigation] Linear command is " << LinearCmd << " and angular command is " << AngularCmd);
[23.190s]       |                                         ~~~~~~~~~~~~~~~~~~~~~~~~~~~~~~~~~ ^~ ~~~~~~~~~
[23.190s]       |                                         |                                    |
[23.190s]       |                                         const char [32]                      double
[23.286s] /home/neha/ros2_ws/src/semnav_migration/src/navigation.cpp:594:25: error: ‘ROS_WARN_STREAM’ was not declared in this scope; did you mean ‘RCLCPP_WARN_STREAM’?
[23.286s]   594 |                         ROS_WARN_STREAM("[Navigation] Linear command is " << LinearCmd << " and angular command is " << AngularCmd);
[23.286s]       |                         ^~~~~~~~~~~~~~~
[23.287s]       |                         RCLCPP_WARN_STREAM
[23.287s] /home/neha/ros2_ws/src/semnav_migration/src/navigation.cpp:595:76: error: invalid operands of types ‘const char [33]’ and ‘int’ to binary ‘operator<<’
[23.287s]   595 |                         ROS_WARN_STREAM("[Navigation] Command update for " << int(localDiffeoTreeArray.size()) << " polygons in " << rclcpp::Time::now().toSec()-before_time << " seconds.");
[23.287s]       |                                         ~~~~~~~~~~~~~~~~~~~~~~~~~~~~~~~~~~ ^~ ~~~~~~~~~~~~~~~~~~~~~~~~~~~~~~~~
[23.287s]       |                                         |                                     |
[23.287s]       |                                         const char [33]                       int
[23.287s] /home/neha/ros2_ws/src/semnav_migration/src/navigation.cpp:595:148: error: ‘now’ is not a member of ‘rclcpp::Time’
[23.289s]   595 |                         ROS_WARN_STREAM("[Navigation] Command update for " << int(localDiffeoTreeArray.size()) << " polygons in " << rclcpp::Time::now().toSec()-before_time << " seconds.");
[23.289s]       |                                                                                                                                                    ^~~
[30.168s] gmake[2]: *** [CMakeFiles/navigation_semantic.dir/build.make:76: CMakeFiles/navigation_semantic.dir/src/navigation_semantic.cpp.o] Error 1
[30.169s] gmake[1]: *** [CMakeFiles/Makefile2:207: CMakeFiles/navigation_semantic.dir/all] Error 2
[30.169s] gmake[1]: *** Waiting for unfinished jobs....
[34.915s] gmake[2]: *** [CMakeFiles/navigation.dir/build.make:76: CMakeFiles/navigation.dir/src/navigation.cpp.o] Error 1
[34.916s] gmake[1]: *** [CMakeFiles/Makefile2:181: CMakeFiles/navigation.dir/all] Error 2
[34.916s] gmake: *** [Makefile:146: all] Error 2
[34.919s] Invoked command in '/home/neha/ros2_ws/src/semnav_migration/build/semnav' returned '2': CMAKE_PREFIX_PATH=${CMAKE_PREFIX_PATH}:/opt/ros/jazzy DEBUGINFOD_URLS=https://debuginfod.ubuntu.com /usr/bin/cmake --build /home/neha/ros2_ws/src/semnav_migration/build/semnav -- -j2 -l2
