[0.028s] Invoking command in '/home/neha/ros2_ws/src/semnav_migration/build/semnav': CMAKE_PREFIX_PATH=${CMAKE_PREFIX_PATH}:/opt/ros/jazzy DEBUGINFOD_URLS=https://debuginfod.ubuntu.com /usr/bin/cmake --build /home/neha/ros2_ws/src/semnav_migration/build/semnav -- -j2 -l2
[0.181s] -- Found ament_cmake: 2.5.0 (/opt/ros/jazzy/share/ament_cmake/cmake)
[0.740s] -- Found rclcpp: 28.1.2 (/opt/ros/jazzy/share/rclcpp/cmake)
[0.848s] -- Found rosidl_generator_c: 4.6.2 (/opt/ros/jazzy/share/rosidl_generator_c/cmake)
[0.870s] -- Found rosidl_generator_cpp: 4.6.2 (/opt/ros/jazzy/share/rosidl_generator_cpp/cmake)
[0.895s] -- Using all available rosidl_typesupport_c: rosidl_typesupport_fastrtps_c;rosidl_typesupport_introspection_c
[0.924s] -- Using all available rosidl_typesupport_cpp: rosidl_typesupport_fastrtps_cpp;rosidl_typesupport_introspection_cpp
[1.063s] -- Found rmw_implementation_cmake: 7.3.1 (/opt/ros/jazzy/share/rmw_implementation_cmake/cmake)
[1.066s] -- Found rmw_fastrtps_cpp: 8.4.0 (/opt/ros/jazzy/share/rmw_fastrtps_cpp/cmake)
[1.196s] -- Using RMW implementation 'rmw_fastrtps_cpp' as default
[1.339s] -- Found sensor_msgs: 5.3.5 (/opt/ros/jazzy/share/sensor_msgs/cmake)
[1.468s] -- Found nav_msgs: 5.3.5 (/opt/ros/jazzy/share/nav_msgs/cmake)
[1.528s] -- Found tf2: 0.36.4 (/opt/ros/jazzy/share/tf2/cmake)
[1.536s] -- Found example_interfaces: 0.12.0 (/opt/ros/jazzy/share/example_interfaces/cmake)
[1.656s] -- Found tf2_ros: 0.36.4 (/opt/ros/jazzy/share/tf2_ros/cmake)
[1.834s] -- Found object_pose_interface_msgs: 0.0.0 (/home/neha/ros2_ws/src/install/object_pose_interface_msgs/share/object_pose_interface_msgs/cmake)
[1.896s] -- Found Boost: /usr/lib/x86_64-linux-gnu/cmake/Boost-1.83.0/BoostConfig.cmake (found version "1.83.0") found components: system 
[1.904s] -- Using header-only CGAL
[1.906s] -- Targeting Unix Makefiles
[1.907s] -- Using /usr/bin/c++ compiler.
[1.921s] -- Found Boost: /usr/lib/x86_64-linux-gnu/cmake/Boost-1.83.0/BoostConfig.cmake (found suitable version "1.83.0", minimum required is "1.66")  
[1.922s] -- Boost include dirs: /usr/include
[1.923s] -- Boost libraries:    
[1.927s] -- Using gcc version 4 or later. Adding -frounding-math
[3.268s] CMake Warning at /usr/lib/x86_64-linux-gnu/cmake/CGAL/CGAL_enable_end_of_configuration_hook.cmake:93 (message):
[3.268s]   =======================================================================
[3.268s] 
[3.268s]   CGAL performance notice:
[3.268s] 
[3.268s]   The variable CMAKE_BUILD_TYPE is set to "".  For performance reasons, you
[3.268s]   should set CMAKE_BUILD_TYPE to "Release".
[3.269s] 
[3.269s]   Set CGAL_DO_NOT_WARN_ABOUT_CMAKE_BUILD_TYPE to TRUE if you want to disable
[3.269s]   this warning.
[3.269s] 
[3.269s]   =======================================================================
[3.269s] Call Stack (most recent call first):
[3.269s]   /usr/lib/x86_64-linux-gnu/cmake/CGAL/CGAL_enable_end_of_configuration_hook.cmake:163 (CGAL_hook_check_CMAKE_BUILD_TYPE)
[3.270s]   CMakeLists.txt:DEFERRED
[3.270s] 
[3.270s] 
[3.270s] -- Configuring done (3.2s)
[5.190s] -- Generating done (1.5s)
[5.197s] -- Build files have been written to: /home/neha/ros2_ws/src/semnav_migration/build/semnav
[5.366s] [  4%] Building CXX object CMakeFiles/reactive_planner.dir/src/libraries/reactive_planner_lib.cpp.o
[63.748s] [  9%] Linking CXX static library libreactive_planner.a
[64.627s] [ 14%] Built target reactive_planner
[64.853s] [ 19%] Building CXX object CMakeFiles/navigation.dir/src/navigation.cpp.o
[64.871s] [ 23%] Building CXX object CMakeFiles/navigation_semantic.dir/src/navigation_semantic.cpp.o
[86.549s] /home/neha/ros2_ws/src/semnav_migration/src/navigation.cpp:663:22: error: ‘TransformListener’ in namespace ‘tf2’ does not name a type
[86.549s]   663 |                 tf2::TransformListener listener_;
[86.549s]       |                      ^~~~~~~~~~~~~~~~~
[86.552s] /home/neha/ros2_ws/src/semnav_migration/src/navigation.cpp: In constructor ‘NavigationNode::NavigationNode()’:
[86.552s] /home/neha/ros2_ws/src/semnav_migration/src/navigation.cpp:46:63: error: no matching function for call to ‘rclcpp::Node::Node()’
[86.552s]    46 |         NavigationNode() : Node(std::string("navigation_node")) {
[86.553s]       |                                                               ^
[86.555s] In file included from /opt/ros/jazzy/include/rclcpp/rclcpp/executors/single_threaded_executor.hpp:28,
[86.555s]                  from /opt/ros/jazzy/include/rclcpp/rclcpp/executors.hpp:22,
[86.555s]                  from /opt/ros/jazzy/include/rclcpp/rclcpp/rclcpp.hpp:172,
[86.555s]                  from /home/neha/ros2_ws/src/semnav_migration/include/reactive_planner_lib.h:32,
[86.555s]                  from /home/neha/ros2_ws/src/semnav_migration/src/navigation.cpp:25:
[86.555s] /opt/ros/jazzy/include/rclcpp/rclcpp/node.hpp:1629:3: note: candidate: ‘rclcpp::Node::Node(const rclcpp::Node&, const std::string&)’
[86.555s]  1629 |   Node(
[86.556s]       |   ^~~~
[86.556s] /opt/ros/jazzy/include/rclcpp/rclcpp/node.hpp:1629:3: note:   candidate expects 2 arguments, 0 provided
[86.556s] /opt/ros/jazzy/include/rclcpp/rclcpp/node.hpp:103:12: note: candidate: ‘rclcpp::Node::Node(const std::string&, const std::string&, const rclcpp::NodeOptions&)’
[86.556s]   103 |   explicit Node(
[86.558s]       |            ^~~~
[86.559s] /opt/ros/jazzy/include/rclcpp/rclcpp/node.hpp:103:12: note:   candidate expects 3 arguments, 0 provided
[86.559s] /opt/ros/jazzy/include/rclcpp/rclcpp/node.hpp:91:12: note: candidate: ‘rclcpp::Node::Node(const std::string&, const rclcpp::NodeOptions&)’
[86.559s]    91 |   explicit Node(
[86.559s]       |            ^~~~
[86.559s] /opt/ros/jazzy/include/rclcpp/rclcpp/node.hpp:91:12: note:   candidate expects 2 arguments, 0 provided
[86.677s] /home/neha/ros2_ws/src/semnav_migration/src/navigation.cpp:138:13: error: ‘pub_behaviorID_’ was not declared in this scope; did you mean ‘pub_behaviorID_topic_’?
[86.677s]   138 |             pub_behaviorID_ = this->create_publisher<example_interfaces::msg::UInt32>("pub_behaviorID_topic_", 1);
[86.677s]       |             ^~~~~~~~~~~~~~~
[86.678s]       |             pub_behaviorID_topic_
[86.789s] /home/neha/ros2_ws/src/semnav_migration/src/navigation.cpp:139:13: error: ‘pub_behaviorMode_’ was not declared in this scope; did you mean ‘pub_behaviorMode_topic_’?
[86.790s]   139 |             pub_behaviorMode_ = this->create_publisher<example_interfaces::msg::UInt32>("pub_behaviorMode_topic_", 1);
[86.790s]       |             ^~~~~~~~~~~~~~~~~
[86.790s]       |             pub_behaviorMode_topic_
[86.844s] /home/neha/ros2_ws/src/semnav_migration/src/navigation.cpp:140:13: error: ‘pub_twist_’ was not declared in this scope; did you mean ‘publish_twist’?
[86.844s]   140 |             pub_twist_ = this->create_publisher<example_interfaces::msg::UInt32>("pub_twist_topic_", 1);
[86.844s]       |             ^~~~~~~~~~
[86.845s]       |             publish_twist
[86.867s] /home/neha/ros2_ws/src/semnav_migration/src/navigation_semantic.cpp: In constructor ‘SemanticNavigationNode::SemanticNavigationNode()’:
[86.868s] /home/neha/ros2_ws/src/semnav_migration/src/navigation_semantic.cpp:46:75: error: no matching function for call to ‘rclcpp::Node::Node()’
[86.868s]    46 |                 SemanticNavigationNode() : Node("semantic_navigation_node")  {
[86.868s]       |                                                                           ^
[86.868s] In file included from /opt/ros/jazzy/include/rclcpp/rclcpp/executors/single_threaded_executor.hpp:28,
[86.869s]                  from /opt/ros/jazzy/include/rclcpp/rclcpp/executors.hpp:22,
[86.869s]                  from /opt/ros/jazzy/include/rclcpp/rclcpp/rclcpp.hpp:172,
[86.869s]                  from /home/neha/ros2_ws/src/semnav_migration/include/reactive_planner_lib.h:32,
[86.869s]                  from /home/neha/ros2_ws/src/semnav_migration/src/navigation_semantic.cpp:25:
[86.871s] /opt/ros/jazzy/include/rclcpp/rclcpp/node.hpp:1629:3: note: candidate: ‘rclcpp::Node::Node(const rclcpp::Node&, const std::string&)’
[86.872s]  1629 |   Node(
[86.872s]       |   ^~~~
[86.872s] /opt/ros/jazzy/include/rclcpp/rclcpp/node.hpp:1629:3: note:   candidate expects 2 arguments, 0 provided
[86.872s] /opt/ros/jazzy/include/rclcpp/rclcpp/node.hpp:103:12: note: candidate: ‘rclcpp::Node::Node(const std::string&, const std::string&, const rclcpp::NodeOptions&)’
[86.873s]   103 |   explicit Node(
[86.873s]       |            ^~~~
[86.873s] /opt/ros/jazzy/include/rclcpp/rclcpp/node.hpp:103:12: note:   candidate expects 3 arguments, 0 provided
[86.873s] /opt/ros/jazzy/include/rclcpp/rclcpp/node.hpp:91:12: note: candidate: ‘rclcpp::Node::Node(const std::string&, const rclcpp::NodeOptions&)’
[86.873s]    91 |   explicit Node(
[86.873s]       |            ^~~~
[86.873s] /opt/ros/jazzy/include/rclcpp/rclcpp/node.hpp:91:12: note:   candidate expects 2 arguments, 0 provided
[86.874s] /home/neha/ros2_ws/src/semnav_migration/src/navigation_semantic.cpp:46:75: error: no matching function for call to ‘rclcpp::Publisher<example_interfaces::msg::UInt32_<std::allocator<void> > >::Publisher()’
[86.874s]    46 |                 SemanticNavigationNode() : Node("semantic_navigation_node")  {
[86.874s]       |                                                                           ^
[86.874s] In file included from /opt/ros/jazzy/include/rclcpp/rclcpp/topic_statistics/subscription_topic_statistics.hpp:31,
[86.877s]                  from /opt/ros/jazzy/include/rclcpp/rclcpp/subscription.hpp:50,
[86.877s]                  from /opt/ros/jazzy/include/rclcpp/rclcpp/any_executable.hpp:25,
[86.877s]                  from /opt/ros/jazzy/include/rclcpp/rclcpp/memory_strategy.hpp:25,
[86.877s]                  from /opt/ros/jazzy/include/rclcpp/rclcpp/memory_strategies.hpp:18,
[86.877s]                  from /opt/ros/jazzy/include/rclcpp/rclcpp/executor_options.hpp:22,
[86.877s]                  from /opt/ros/jazzy/include/rclcpp/rclcpp/executor.hpp:38,
[86.878s]                  from /opt/ros/jazzy/include/rclcpp/rclcpp/executors/multi_threaded_executor.hpp:25,
[86.878s]                  from /opt/ros/jazzy/include/rclcpp/rclcpp/executors.hpp:21:
[86.878s] /opt/ros/jazzy/include/rclcpp/rclcpp/publisher.hpp:134:3: note: candidate: ‘rclcpp::Publisher<MessageT, AllocatorT>::Publisher(rclcpp::node_interfaces::NodeBaseInterface*, const std::string&, const rclcpp::QoS&, const rclcpp::PublisherOptionsWithAllocator<AllocatorT>&) [with MessageT = example_interfaces::msg::UInt32_<std::allocator<void> >; AllocatorT = std::allocator<void>; std::string = std::__cxx11::basic_string<char>]’
[86.878s]   134 |   Publisher(
[86.878s]       |   ^~~~~~~~~
[86.880s] /opt/ros/jazzy/include/rclcpp/rclcpp/publisher.hpp:134:3: note:   candidate expects 4 arguments, 0 provided
[86.881s] /opt/ros/jazzy/include/rclcpp/rclcpp/publisher.hpp:80:7: note: candidate: ‘rclcpp::Publisher<example_interfaces::msg::UInt32_<std::allocator<void> > >::Publisher(const rclcpp::Publisher<example_interfaces::msg::UInt32_<std::allocator<void> > >&)’
[86.881s]    80 | class Publisher : public PublisherBase
[86.881s]       |       ^~~~~~~~~
[86.881s] /opt/ros/jazzy/include/rclcpp/rclcpp/publisher.hpp:80:7: note:   candidate expects 1 argument, 0 provided
[86.881s] /home/neha/ros2_ws/src/semnav_migration/src/navigation_semantic.cpp:46:75: error: no matching function for call to ‘rclcpp::Publisher<example_interfaces::msg::UInt32_<std::allocator<void> > >::Publisher()’
[86.881s]    46 |                 SemanticNavigationNode() : Node("semantic_navigation_node")  {
[86.881s]       |                                                                           ^
[86.882s] /opt/ros/jazzy/include/rclcpp/rclcpp/publisher.hpp:134:3: note: candidate: ‘rclcpp::Publisher<MessageT, AllocatorT>::Publisher(rclcpp::node_interfaces::NodeBaseInterface*, const std::string&, const rclcpp::QoS&, const rclcpp::PublisherOptionsWithAllocator<AllocatorT>&) [with MessageT = example_interfaces::msg::UInt32_<std::allocator<void> >; AllocatorT = std::allocator<void>; std::string = std::__cxx11::basic_string<char>]’
[86.882s]   134 |   Publisher(
[86.882s]       |   ^~~~~~~~~
[86.882s] /opt/ros/jazzy/include/rclcpp/rclcpp/publisher.hpp:134:3: note:   candidate expects 4 arguments, 0 provided
[86.884s] /opt/ros/jazzy/include/rclcpp/rclcpp/publisher.hpp:80:7: note: candidate: ‘rclcpp::Publisher<example_interfaces::msg::UInt32_<std::allocator<void> > >::Publisher(const rclcpp::Publisher<example_interfaces::msg::UInt32_<std::allocator<void> > >&)’
[86.884s]    80 | class Publisher : public PublisherBase
[86.885s]       |       ^~~~~~~~~
[86.885s] /opt/ros/jazzy/include/rclcpp/rclcpp/publisher.hpp:80:7: note:   candidate expects 1 argument, 0 provided
[86.885s] /home/neha/ros2_ws/src/semnav_migration/src/navigation_semantic.cpp:46:75: error: no matching function for call to ‘rclcpp::Publisher<example_interfaces::msg::UInt32_<std::allocator<void> > >::Publisher()’
[86.885s]    46 |                 SemanticNavigationNode() : Node("semantic_navigation_node")  {
[86.885s]       |                                                                           ^
[86.885s] /opt/ros/jazzy/include/rclcpp/rclcpp/publisher.hpp:134:3: note: candidate: ‘rclcpp::Publisher<MessageT, AllocatorT>::Publisher(rclcpp::node_interfaces::NodeBaseInterface*, const std::string&, const rclcpp::QoS&, const rclcpp::PublisherOptionsWithAllocator<AllocatorT>&) [with MessageT = example_interfaces::msg::UInt32_<std::allocator<void> >; AllocatorT = std::allocator<void>; std::string = std::__cxx11::basic_string<char>]’
[86.885s]   134 |   Publisher(
[86.886s]       |   ^~~~~~~~~
[86.886s] /opt/ros/jazzy/include/rclcpp/rclcpp/publisher.hpp:134:3: note:   candidate expects 4 arguments, 0 provided
[86.886s] /opt/ros/jazzy/include/rclcpp/rclcpp/publisher.hpp:80:7: note: candidate: ‘rclcpp::Publisher<example_interfaces::msg::UInt32_<std::allocator<void> > >::Publisher(const rclcpp::Publisher<example_interfaces::msg::UInt32_<std::allocator<void> > >&)’
[86.886s]    80 | class Publisher : public PublisherBase
[86.888s]       |       ^~~~~~~~~
[86.888s] /opt/ros/jazzy/include/rclcpp/rclcpp/publisher.hpp:80:7: note:   candidate expects 1 argument, 0 provided
[86.889s] /home/neha/ros2_ws/src/semnav_migration/src/navigation_semantic.cpp:46:75: error: no matching function for call to ‘rclcpp::Publisher<example_interfaces::msg::UInt32_<std::allocator<void> > >::Publisher()’
[86.889s]    46 |                 SemanticNavigationNode() : Node("semantic_navigation_node")  {
[86.889s]       |                                                                           ^
[86.889s] /opt/ros/jazzy/include/rclcpp/rclcpp/publisher.hpp:134:3: note: candidate: ‘rclcpp::Publisher<MessageT, AllocatorT>::Publisher(rclcpp::node_interfaces::NodeBaseInterface*, const std::string&, const rclcpp::QoS&, const rclcpp::PublisherOptionsWithAllocator<AllocatorT>&) [with MessageT = example_interfaces::msg::UInt32_<std::allocator<void> >; AllocatorT = std::allocator<void>; std::string = std::__cxx11::basic_string<char>]’
[86.889s]   134 |   Publisher(
[86.889s]       |   ^~~~~~~~~
[86.890s] /opt/ros/jazzy/include/rclcpp/rclcpp/publisher.hpp:134:3: note:   candidate expects 4 arguments, 0 provided
[86.890s] /opt/ros/jazzy/include/rclcpp/rclcpp/publisher.hpp:80:7: note: candidate: ‘rclcpp::Publisher<example_interfaces::msg::UInt32_<std::allocator<void> > >::Publisher(const rclcpp::Publisher<example_interfaces::msg::UInt32_<std::allocator<void> > >&)’
[86.890s]    80 | class Publisher : public PublisherBase
[86.890s]       |       ^~~~~~~~~
[86.892s] /opt/ros/jazzy/include/rclcpp/rclcpp/publisher.hpp:80:7: note:   candidate expects 1 argument, 0 provided
[86.892s] /home/neha/ros2_ws/src/semnav_migration/src/navigation_semantic.cpp:46:75: error: no matching function for call to ‘tf2_ros::TransformListener::TransformListener()’
[86.893s]    46 |                 SemanticNavigationNode() : Node("semantic_navigation_node")  {
[86.893s]       |                                                                           ^
[86.893s] In file included from /home/neha/ros2_ws/src/semnav_migration/include/reactive_planner_lib.h:39:
[86.893s] /opt/ros/jazzy/include/tf2_ros/tf2_ros/transform_listener.h:121:3: note: candidate: ‘template<class AllocatorT> tf2_ros::TransformListener::TransformListener(tf2::BufferCore&, rclcpp::node_interfaces::NodeBaseInterface::SharedPtr, rclcpp::node_interfaces::NodeLoggingInterface::SharedPtr, rclcpp::node_interfaces::NodeParametersInterface::SharedPtr, rclcpp::node_interfaces::NodeTopicsInterface::SharedPtr, bool, const rclcpp::QoS&, const rclcpp::QoS&, const rclcpp::SubscriptionOptionsWithAllocator<AllocatorT>&, const rclcpp::SubscriptionOptionsWithAllocator<AllocatorT>&)’
[86.893s]   121 |   TransformListener(
[86.893s]       |   ^~~~~~~~~~~~~~~~~
[86.893s] /opt/ros/jazzy/include/tf2_ros/tf2_ros/transform_listener.h:121:3: note:   template argument deduction/substitution failed:
[86.894s] /home/neha/ros2_ws/src/semnav_migration/src/navigation_semantic.cpp:46:75: note:   candidate expects 10 arguments, 0 provided
[86.894s]    46 |                 SemanticNavigationNode() : Node("semantic_navigation_node")  {
[86.894s]       |                                                                           ^
[86.894s] /opt/ros/jazzy/include/tf2_ros/tf2_ros/transform_listener.h:96:3: note: candidate: ‘template<class NodeT, class AllocatorT> tf2_ros::TransformListener::TransformListener(tf2::BufferCore&, NodeT&&, bool, const rclcpp::QoS&, const rclcpp::QoS&, const rclcpp::SubscriptionOptionsWithAllocator<AllocatorT>&, const rclcpp::SubscriptionOptionsWithAllocator<AllocatorT>&)’
[86.896s]    96 |   TransformListener(
[86.896s]       |   ^~~~~~~~~~~~~~~~~
[86.897s] /opt/ros/jazzy/include/tf2_ros/tf2_ros/transform_listener.h:96:3: note:   template argument deduction/substitution failed:
[86.897s] /home/neha/ros2_ws/src/semnav_migration/src/navigation_semantic.cpp:46:75: note:   candidate expects 7 arguments, 0 provided
[86.897s]    46 |                 SemanticNavigationNode() : Node("semantic_navigation_node")  {
[86.897s]       |                                                                           ^
[86.897s] /opt/ros/jazzy/include/tf2_ros/tf2_ros/transform_listener.h:92:12: note: candidate: ‘tf2_ros::TransformListener::TransformListener(tf2::BufferCore&, bool)’
[86.897s]    92 |   explicit TransformListener(tf2::BufferCore & buffer, bool spin_thread = true);
[86.897s]       |            ^~~~~~~~~~~~~~~~~
[86.898s] /opt/ros/jazzy/include/tf2_ros/tf2_ros/transform_listener.h:92:12: note:   candidate expects 2 arguments, 0 provided
[86.912s] /home/neha/ros2_ws/src/semnav_migration/src/navigation_semantic.cpp:138:113: error: no match for ‘operator=’ (operand types are ‘rclcpp::Publisher<example_interfaces::msg::UInt32_<std::allocator<void> > >’ and ‘std::shared_ptr<rclcpp::Publisher<example_interfaces::msg::UInt32_<std::allocator<void> > > >’)
[86.913s]   138 |             pub_behaviorID_ = this->create_publisher<example_interfaces::msg::UInt32>("pub_behaviorID_topic_", 1);
[86.913s]       |                                                                                                                 ^
[86.913s] /opt/ros/jazzy/include/rclcpp/rclcpp/publisher.hpp:80:7: note: candidate: ‘rclcpp::Publisher<example_interfaces::msg::UInt32_<std::allocator<void> > >& rclcpp::Publisher<example_interfaces::msg::UInt32_<std::allocator<void> > >::operator=(const rclcpp::Publisher<example_interfaces::msg::UInt32_<std::allocator<void> > >&)’ (deleted)
[86.913s]    80 | class Publisher : public PublisherBase
[86.913s]       |       ^~~~~~~~~
[86.913s] /opt/ros/jazzy/include/rclcpp/rclcpp/publisher.hpp:80:7: note:   no known conversion for argument 1 from ‘std::shared_ptr<rclcpp::Publisher<example_interfaces::msg::UInt32_<std::allocator<void> > > >’ to ‘const rclcpp::Publisher<example_interfaces::msg::UInt32_<std::allocator<void> > >&’
[86.913s] /home/neha/ros2_ws/src/semnav_migration/src/navigation_semantic.cpp:139:117: error: no match for ‘operator=’ (operand types are ‘rclcpp::Publisher<example_interfaces::msg::UInt32_<std::allocator<void> > >’ and ‘std::shared_ptr<rclcpp::Publisher<example_interfaces::msg::UInt32_<std::allocator<void> > > >’)
[86.914s]   139 |             pub_behaviorMode_ = this->create_publisher<example_interfaces::msg::UInt32>("pub_behaviorMode_topic_", 1);
[86.914s]       |                                                                                                                     ^
[86.914s] /opt/ros/jazzy/include/rclcpp/rclcpp/publisher.hpp:80:7: note: candidate: ‘rclcpp::Publisher<example_interfaces::msg::UInt32_<std::allocator<void> > >& rclcpp::Publisher<example_interfaces::msg::UInt32_<std::allocator<void> > >::operator=(const rclcpp::Publisher<example_interfaces::msg::UInt32_<std::allocator<void> > >&)’ (deleted)
[86.914s]    80 | class Publisher : public PublisherBase
[86.916s]       |       ^~~~~~~~~
[86.916s] /opt/ros/jazzy/include/rclcpp/rclcpp/publisher.hpp:80:7: note:   no known conversion for argument 1 from ‘std::shared_ptr<rclcpp::Publisher<example_interfaces::msg::UInt32_<std::allocator<void> > > >’ to ‘const rclcpp::Publisher<example_interfaces::msg::UInt32_<std::allocator<void> > >&’
[86.917s] /home/neha/ros2_ws/src/semnav_migration/src/navigation_semantic.cpp:140:103: error: no match for ‘operator=’ (operand types are ‘rclcpp::Publisher<example_interfaces::msg::UInt32_<std::allocator<void> > >’ and ‘std::shared_ptr<rclcpp::Publisher<example_interfaces::msg::UInt32_<std::allocator<void> > > >’)
[86.917s]   140 |             pub_twist_ = this->create_publisher<example_interfaces::msg::UInt32>("pub_twist_topic_", 1);
[86.917s]       |                                                                                                       ^
[86.917s] /opt/ros/jazzy/include/rclcpp/rclcpp/publisher.hpp:80:7: note: candidate: ‘rclcpp::Publisher<example_interfaces::msg::UInt32_<std::allocator<void> > >& rclcpp::Publisher<example_interfaces::msg::UInt32_<std::allocator<void> > >::operator=(const rclcpp::Publisher<example_interfaces::msg::UInt32_<std::allocator<void> > >&)’ (deleted)
[86.917s]    80 | class Publisher : public PublisherBase
[86.917s]       |       ^~~~~~~~~
[86.917s] /opt/ros/jazzy/include/rclcpp/rclcpp/publisher.hpp:80:7: note:   no known conversion for argument 1 from ‘std::shared_ptr<rclcpp::Publisher<example_interfaces::msg::UInt32_<std::allocator<void> > > >’ to ‘const rclcpp::Publisher<example_interfaces::msg::UInt32_<std::allocator<void> > >&’
[86.932s] /home/neha/ros2_ws/src/semnav_migration/src/navigation.cpp:143:116: error: no matching function for call to ‘message_filters::Subscriber<sensor_msgs::msg::LaserScan_<std::allocator<void> > >::Subscriber(rclcpp::Node&, std::string&, int)’
[86.932s]   143 |                         message_filters::Subscriber<sensor_msgs::msg::LaserScan> sub_laser(nh_, sub_laser_topic_, 1);
[86.932s]       |                                                                                                                    ^
[86.934s] In file included from /home/neha/ros2_ws/src/semnav_migration/include/reactive_planner_lib.h:43:
[86.935s] /opt/ros/jazzy/include/message_filters/message_filters/subscriber.h:224:3: note: candidate: ‘message_filters::Subscriber<M, NodeType>::Subscriber() [with M = sensor_msgs::msg::LaserScan_<std::allocator<void> >; NodeType = rclcpp::Node]’
[86.935s]   224 |   Subscriber() = default;
[86.935s]       |   ^~~~~~~~~~
[86.935s] /opt/ros/jazzy/include/message_filters/message_filters/subscriber.h:224:3: note:   candidate expects 0 arguments, 3 provided
[86.935s] /opt/ros/jazzy/include/message_filters/message_filters/subscriber.h:212:3: note: candidate: ‘message_filters::Subscriber<M, NodeType>::Subscriber(NodeType*, const std::string&, rmw_qos_profile_t, rclcpp::SubscriptionOptions) [with M = sensor_msgs::msg::LaserScan_<std::allocator<void> >; NodeType = rclcpp::Node; std::string = std::__cxx11::basic_string<char>; rmw_qos_profile_t = rmw_qos_profile_s; rclcpp::SubscriptionOptions = rclcpp::SubscriptionOptionsWithAllocator<std::allocator<void> >]’
[86.935s]   212 |   Subscriber(
[86.935s]       |   ^~~~~~~~~~
[86.935s] /opt/ros/jazzy/include/message_filters/message_filters/subscriber.h:212:3: note:   candidate expects 4 arguments, 3 provided
[86.936s] /opt/ros/jazzy/include/message_filters/message_filters/subscriber.h:203:3: note: candidate: ‘message_filters::Subscriber<M, NodeType>::Subscriber(NodePtr, const std::string&, rmw_qos_profile_t, rclcpp::SubscriptionOptions) [with M = sensor_msgs::msg::LaserScan_<std::allocator<void> >; NodeType = rclcpp::Node; NodePtr = std::shared_ptr<rclcpp::Node>; std::string = std::__cxx11::basic_string<char>; rmw_qos_profile_t = rmw_qos_profile_s; rclcpp::SubscriptionOptions = rclcpp::SubscriptionOptionsWithAllocator<std::allocator<void> >]’
[86.936s]   203 |   Subscriber(
[86.936s]       |   ^~~~~~~~~~
[86.936s] /opt/ros/jazzy/include/message_filters/message_filters/subscriber.h:203:3: note:   candidate expects 4 arguments, 3 provided
[86.938s] /opt/ros/jazzy/include/message_filters/message_filters/subscriber.h:188:3: note: candidate: ‘message_filters::Subscriber<M, NodeType>::Subscriber(NodeType*, const std::string&, rmw_qos_profile_t) [with M = sensor_msgs::msg::LaserScan_<std::allocator<void> >; NodeType = rclcpp::Node; std::string = std::__cxx11::basic_string<char>; rmw_qos_profile_t = rmw_qos_profile_s]’
[86.939s]   188 |   Subscriber(NodeType * node, const std::string& topic, const rmw_qos_profile_t qos = rmw_qos_profile_default)
[86.939s]       |   ^~~~~~~~~~
[86.939s] /opt/ros/jazzy/include/message_filters/message_filters/subscriber.h:188:25: note:   no known conversion for argument 1 from ‘rclcpp::Node’ to ‘rclcpp::Node*’
[86.939s]   188 |   Subscriber(NodeType * node, const std::string& topic, const rmw_qos_profile_t qos = rmw_qos_profile_default)
[86.939s]       |              ~~~~~~~~~~~^~~~
[86.939s] /opt/ros/jazzy/include/message_filters/message_filters/subscriber.h:183:3: note: candidate: ‘message_filters::Subscriber<M, NodeType>::Subscriber(NodePtr, const std::string&, rmw_qos_profile_t) [with M = sensor_msgs::msg::LaserScan_<std::allocator<void> >; NodeType = rclcpp::Node; NodePtr = std::shared_ptr<rclcpp::Node>; std::string = std::__cxx11::basic_string<char>; rmw_qos_profile_t = rmw_qos_profile_s]’
[86.939s]   183 |   Subscriber(NodePtr node, const std::string& topic, const rmw_qos_profile_t qos = rmw_qos_profile_default)
[86.939s]       |   ^~~~~~~~~~
[86.940s] /opt/ros/jazzy/include/message_filters/message_filters/subscriber.h:183:22: note:   no known conversion for argument 1 from ‘rclcpp::Node’ to ‘message_filters::Subscriber<sensor_msgs::msg::LaserScan_<std::allocator<void> > >::NodePtr’ {aka ‘std::shared_ptr<rclcpp::Node>’}
[86.940s]   183 |   Subscriber(NodePtr node, const std::string& topic, const rmw_qos_profile_t qos = rmw_qos_profile_default)
[86.940s]       |              ~~~~~~~~^~~~
[86.980s] /home/neha/ros2_ws/src/semnav_migration/src/navigation_semantic.cpp:143:116: error: no matching function for call to ‘message_filters::Subscriber<sensor_msgs::msg::LaserScan_<std::allocator<void> > >::Subscriber(rclcpp::Node&, std::string&, int)’
[86.981s]   143 |                         message_filters::Subscriber<sensor_msgs::msg::LaserScan> sub_laser(nh_, sub_laser_topic_, 1);
[86.981s]       |                                                                                                                    ^
[86.981s] In file included from /home/neha/ros2_ws/src/semnav_migration/include/reactive_planner_lib.h:43:
[86.981s] /opt/ros/jazzy/include/message_filters/message_filters/subscriber.h:224:3: note: candidate: ‘message_filters::Subscriber<M, NodeType>::Subscriber() [with M = sensor_msgs::msg::LaserScan_<std::allocator<void> >; NodeType = rclcpp::Node]’
[86.981s]   224 |   Subscriber() = default;
[86.981s]       |   ^~~~~~~~~~
[86.981s] /opt/ros/jazzy/include/message_filters/message_filters/subscriber.h:224:3: note:   candidate expects 0 arguments, 3 provided
[86.982s] /opt/ros/jazzy/include/message_filters/message_filters/subscriber.h:212:3: note: candidate: ‘message_filters::Subscriber<M, NodeType>::Subscriber(NodeType*, const std::string&, rmw_qos_profile_t, rclcpp::SubscriptionOptions) [with M = sensor_msgs::msg::LaserScan_<std::allocator<void> >; NodeType = rclcpp::Node; std::string = std::__cxx11::basic_string<char>; rmw_qos_profile_t = rmw_qos_profile_s; rclcpp::SubscriptionOptions = rclcpp::SubscriptionOptionsWithAllocator<std::allocator<void> >]’
[86.982s]   212 |   Subscriber(
[86.982s]       |   ^~~~~~~~~~
[86.982s] /opt/ros/jazzy/include/message_filters/message_filters/subscriber.h:212:3: note:   candidate expects 4 arguments, 3 provided
[86.984s] /opt/ros/jazzy/include/message_filters/message_filters/subscriber.h:203:3: note: candidate: ‘message_filters::Subscriber<M, NodeType>::Subscriber(NodePtr, const std::string&, rmw_qos_profile_t, rclcpp::SubscriptionOptions) [with M = sensor_msgs::msg::LaserScan_<std::allocator<void> >; NodeType = rclcpp::Node; NodePtr = std::shared_ptr<rclcpp::Node>; std::string = std::__cxx11::basic_string<char>; rmw_qos_profile_t = rmw_qos_profile_s; rclcpp::SubscriptionOptions = rclcpp::SubscriptionOptionsWithAllocator<std::allocator<void> >]’
[86.984s]   203 |   Subscriber(
[86.985s]       |   ^~~~~~~~~~
[86.985s] /opt/ros/jazzy/include/message_filters/message_filters/subscriber.h:203:3: note:   candidate expects 4 arguments, 3 provided
[86.985s] /opt/ros/jazzy/include/message_filters/message_filters/subscriber.h:188:3: note: candidate: ‘message_filters::Subscriber<M, NodeType>::Subscriber(NodeType*, const std::string&, rmw_qos_profile_t) [with M = sensor_msgs::msg::LaserScan_<std::allocator<void> >; NodeType = rclcpp::Node; std::string = std::__cxx11::basic_string<char>; rmw_qos_profile_t = rmw_qos_profile_s]’
[86.985s]   188 |   Subscriber(NodeType * node, const std::string& topic, const rmw_qos_profile_t qos = rmw_qos_profile_default)
[86.985s]       |   ^~~~~~~~~~
[86.985s] /opt/ros/jazzy/include/message_filters/message_filters/subscriber.h:188:25: note:   no known conversion for argument 1 from ‘rclcpp::Node’ to ‘rclcpp::Node*’
[86.985s]   188 |   Subscriber(NodeType * node, const std::string& topic, const rmw_qos_profile_t qos = rmw_qos_profile_default)
[86.986s]       |              ~~~~~~~~~~~^~~~
[86.986s] /opt/ros/jazzy/include/message_filters/message_filters/subscriber.h:183:3: note: candidate: ‘message_filters::Subscriber<M, NodeType>::Subscriber(NodePtr, const std::string&, rmw_qos_profile_t) [with M = sensor_msgs::msg::LaserScan_<std::allocator<void> >; NodeType = rclcpp::Node; NodePtr = std::shared_ptr<rclcpp::Node>; std::string = std::__cxx11::basic_string<char>; rmw_qos_profile_t = rmw_qos_profile_s]’
[86.986s]   183 |   Subscriber(NodePtr node, const std::string& topic, const rmw_qos_profile_t qos = rmw_qos_profile_default)
[86.986s]       |   ^~~~~~~~~~
[86.988s] /opt/ros/jazzy/include/message_filters/message_filters/subscriber.h:183:22: note:   no known conversion for argument 1 from ‘rclcpp::Node’ to ‘message_filters::Subscriber<sensor_msgs::msg::LaserScan_<std::allocator<void> > >::NodePtr’ {aka ‘std::shared_ptr<rclcpp::Node>’}
[86.988s]   183 |   Subscriber(NodePtr node, const std::string& topic, const rmw_qos_profile_t qos = rmw_qos_profile_default)
[86.989s]       |              ~~~~~~~~^~~~
[87.006s] /home/neha/ros2_ws/src/semnav_migration/src/navigation.cpp:144:112: error: no matching function for call to ‘message_filters::Subscriber<nav_msgs::msg::Odometry_<std::allocator<void> > >::Subscriber(rclcpp::Node&, std::string&, int)’
[87.006s]   144 |                         message_filters::Subscriber<nav_msgs::msg::Odometry> sub_robot(nh_, sub_robot_topic_, 1);
[87.006s]       |                                                                                                                ^
[87.006s] /opt/ros/jazzy/include/message_filters/message_filters/subscriber.h:224:3: note: candidate: ‘message_filters::Subscriber<M, NodeType>::Subscriber() [with M = nav_msgs::msg::Odometry_<std::allocator<void> >; NodeType = rclcpp::Node]’
[87.006s]   224 |   Subscriber() = default;
[87.006s]       |   ^~~~~~~~~~
[87.006s] /opt/ros/jazzy/include/message_filters/message_filters/subscriber.h:224:3: note:   candidate expects 0 arguments, 3 provided
[87.007s] /opt/ros/jazzy/include/message_filters/message_filters/subscriber.h:212:3: note: candidate: ‘message_filters::Subscriber<M, NodeType>::Subscriber(NodeType*, const std::string&, rmw_qos_profile_t, rclcpp::SubscriptionOptions) [with M = nav_msgs::msg::Odometry_<std::allocator<void> >; NodeType = rclcpp::Node; std::string = std::__cxx11::basic_string<char>; rmw_qos_profile_t = rmw_qos_profile_s; rclcpp::SubscriptionOptions = rclcpp::SubscriptionOptionsWithAllocator<std::allocator<void> >]’
[87.007s]   212 |   Subscriber(
[87.007s]       |   ^~~~~~~~~~
[87.009s] /opt/ros/jazzy/include/message_filters/message_filters/subscriber.h:212:3: note:   candidate expects 4 arguments, 3 provided
[87.009s] /opt/ros/jazzy/include/message_filters/message_filters/subscriber.h:203:3: note: candidate: ‘message_filters::Subscriber<M, NodeType>::Subscriber(NodePtr, const std::string&, rmw_qos_profile_t, rclcpp::SubscriptionOptions) [with M = nav_msgs::msg::Odometry_<std::allocator<void> >; NodeType = rclcpp::Node; NodePtr = std::shared_ptr<rclcpp::Node>; std::string = std::__cxx11::basic_string<char>; rmw_qos_profile_t = rmw_qos_profile_s; rclcpp::SubscriptionOptions = rclcpp::SubscriptionOptionsWithAllocator<std::allocator<void> >]’
[87.010s]   203 |   Subscriber(
[87.010s]       |   ^~~~~~~~~~
[87.010s] /opt/ros/jazzy/include/message_filters/message_filters/subscriber.h:203:3: note:   candidate expects 4 arguments, 3 provided
[87.010s] /opt/ros/jazzy/include/message_filters/message_filters/subscriber.h:188:3: note: candidate: ‘message_filters::Subscriber<M, NodeType>::Subscriber(NodeType*, const std::string&, rmw_qos_profile_t) [with M = nav_msgs::msg::Odometry_<std::allocator<void> >; NodeType = rclcpp::Node; std::string = std::__cxx11::basic_string<char>; rmw_qos_profile_t = rmw_qos_profile_s]’
[87.010s]   188 |   Subscriber(NodeType * node, const std::string& topic, const rmw_qos_profile_t qos = rmw_qos_profile_default)
[87.010s]       |   ^~~~~~~~~~
[87.011s] /opt/ros/jazzy/include/message_filters/message_filters/subscriber.h:188:25: note:   no known conversion for argument 1 from ‘rclcpp::Node’ to ‘rclcpp::Node*’
[87.011s]   188 |   Subscriber(NodeType * node, const std::string& topic, const rmw_qos_profile_t qos = rmw_qos_profile_default)
[87.011s]       |              ~~~~~~~~~~~^~~~
[87.011s] /opt/ros/jazzy/include/message_filters/message_filters/subscriber.h:183:3: note: candidate: ‘message_filters::Subscriber<M, NodeType>::Subscriber(NodePtr, const std::string&, rmw_qos_profile_t) [with M = nav_msgs::msg::Odometry_<std::allocator<void> >; NodeType = rclcpp::Node; NodePtr = std::shared_ptr<rclcpp::Node>; std::string = std::__cxx11::basic_string<char>; rmw_qos_profile_t = rmw_qos_profile_s]’
[87.011s]   183 |   Subscriber(NodePtr node, const std::string& topic, const rmw_qos_profile_t qos = rmw_qos_profile_default)
[87.013s]       |   ^~~~~~~~~~
[87.014s] /opt/ros/jazzy/include/message_filters/message_filters/subscriber.h:183:22: note:   no known conversion for argument 1 from ‘rclcpp::Node’ to ‘message_filters::Subscriber<nav_msgs::msg::Odometry_<std::allocator<void> > >::NodePtr’ {aka ‘std::shared_ptr<rclcpp::Node>’}
[87.014s]   183 |   Subscriber(NodePtr node, const std::string& topic, const rmw_qos_profile_t qos = rmw_qos_profile_default)
[87.014s]       |              ~~~~~~~~^~~~
[87.046s] /home/neha/ros2_ws/src/semnav_migration/src/navigation_semantic.cpp:144:100: error: no matching function for call to ‘message_filters::Subscriber<nav_msgs::msg::Odometry_<std::allocator<void> > >::Subscriber(rclcpp::Node&, std::string&, int)’
[87.046s]   144 |             message_filters::Subscriber<nav_msgs::msg::Odometry> sub_robot(nh_, sub_robot_topic_, 1);
[87.046s]       |                                                                                                    ^
[87.046s] /opt/ros/jazzy/include/message_filters/message_filters/subscriber.h:224:3: note: candidate: ‘message_filters::Subscriber<M, NodeType>::Subscriber() [with M = nav_msgs::msg::Odometry_<std::allocator<void> >; NodeType = rclcpp::Node]’
[87.046s]   224 |   Subscriber() = default;
[87.046s]       |   ^~~~~~~~~~
[87.047s] /opt/ros/jazzy/include/message_filters/message_filters/subscriber.h:224:3: note:   candidate expects 0 arguments, 3 provided
[87.047s] /opt/ros/jazzy/include/message_filters/message_filters/subscriber.h:212:3: note: candidate: ‘message_filters::Subscriber<M, NodeType>::Subscriber(NodeType*, const std::string&, rmw_qos_profile_t, rclcpp::SubscriptionOptions) [with M = nav_msgs::msg::Odometry_<std::allocator<void> >; NodeType = rclcpp::Node; std::string = std::__cxx11::basic_string<char>; rmw_qos_profile_t = rmw_qos_profile_s; rclcpp::SubscriptionOptions = rclcpp::SubscriptionOptionsWithAllocator<std::allocator<void> >]’
[87.047s]   212 |   Subscriber(
[87.047s]       |   ^~~~~~~~~~
[87.050s] /opt/ros/jazzy/include/message_filters/message_filters/subscriber.h:212:3: note:   candidate expects 4 arguments, 3 provided
[87.050s] /opt/ros/jazzy/include/message_filters/message_filters/subscriber.h:203:3: note: candidate: ‘message_filters::Subscriber<M, NodeType>::Subscriber(NodePtr, const std::string&, rmw_qos_profile_t, rclcpp::SubscriptionOptions) [with M = nav_msgs::msg::Odometry_<std::allocator<void> >; NodeType = rclcpp::Node; NodePtr = std::shared_ptr<rclcpp::Node>; std::string = std::__cxx11::basic_string<char>; rmw_qos_profile_t = rmw_qos_profile_s; rclcpp::SubscriptionOptions = rclcpp::SubscriptionOptionsWithAllocator<std::allocator<void> >]’
[87.051s]   203 |   Subscriber(
[87.051s]       |   ^~~~~~~~~~
[87.051s] /opt/ros/jazzy/include/message_filters/message_filters/subscriber.h:203:3: note:   candidate expects 4 arguments, 3 provided
[87.051s] /opt/ros/jazzy/include/message_filters/message_filters/subscriber.h:188:3: note: candidate: ‘message_filters::Subscriber<M, NodeType>::Subscriber(NodeType*, const std::string&, rmw_qos_profile_t) [with M = nav_msgs::msg::Odometry_<std::allocator<void> >; NodeType = rclcpp::Node; std::string = std::__cxx11::basic_string<char>; rmw_qos_profile_t = rmw_qos_profile_s]’
[87.051s]   188 |   Subscriber(NodeType * node, const std::string& topic, const rmw_qos_profile_t qos = rmw_qos_profile_default)
[87.051s]       |   ^~~~~~~~~~
[87.051s] /opt/ros/jazzy/include/message_filters/message_filters/subscriber.h:188:25: note:   no known conversion for argument 1 from ‘rclcpp::Node’ to ‘rclcpp::Node*’
[87.052s]   188 |   Subscriber(NodeType * node, const std::string& topic, const rmw_qos_profile_t qos = rmw_qos_profile_default)
[87.052s]       |              ~~~~~~~~~~~^~~~
[87.052s] /opt/ros/jazzy/include/message_filters/message_filters/subscriber.h:183:3: note: candidate: ‘message_filters::Subscriber<M, NodeType>::Subscriber(NodePtr, const std::string&, rmw_qos_profile_t) [with M = nav_msgs::msg::Odometry_<std::allocator<void> >; NodeType = rclcpp::Node; NodePtr = std::shared_ptr<rclcpp::Node>; std::string = std::__cxx11::basic_string<char>; rmw_qos_profile_t = rmw_qos_profile_s]’
[87.052s]   183 |   Subscriber(NodePtr node, const std::string& topic, const rmw_qos_profile_t qos = rmw_qos_profile_default)
[87.054s]       |   ^~~~~~~~~~
[87.054s] /opt/ros/jazzy/include/message_filters/message_filters/subscriber.h:183:22: note:   no known conversion for argument 1 from ‘rclcpp::Node’ to ‘message_filters::Subscriber<nav_msgs::msg::Odometry_<std::allocator<void> > >::NodePtr’ {aka ‘std::shared_ptr<rclcpp::Node>’}
[87.055s]   183 |   Subscriber(NodePtr node, const std::string& topic, const rmw_qos_profile_t qos = rmw_qos_profile_default)
[87.055s]       |              ~~~~~~~~^~~~
[87.150s] /home/neha/ros2_ws/src/semnav_migration/src/navigation.cpp:149:55: error: ‘bind’ is not a member of ‘boost’; did you mean ‘find’?
[87.151s]   149 |                         sync->registerCallback(boost::bind(&NavigationNode::control_callback, this, _1, _2));
[87.151s]       |                                                       ^~~~
[87.151s]       |                                                       find
[87.154s] /home/neha/ros2_ws/src/semnav_migration/src/navigation.cpp:149:101: error: ‘_1’ was not declared in this scope
[87.154s]   149 |                         sync->registerCallback(boost::bind(&NavigationNode::control_callback, this, _1, _2));
[87.155s]       |                                                                                                     ^~
[87.155s] /home/neha/ros2_ws/src/semnav_migration/src/navigation.cpp:149:101: note: suggested alternatives:
[87.156s] In file included from /usr/include/boost/mpl/aux_/include_preprocessed.hpp:37,
[87.156s]                  from /usr/include/boost/mpl/placeholders.hpp:43,
[87.156s]                  from /usr/include/boost/iterator/iterator_categories.hpp:16,
[87.156s]                  from /usr/include/boost/iterator/iterator_facade.hpp:13,
[87.156s]                  from /usr/include/boost/range/iterator_range_core.hpp:27,
[87.157s]                  from /usr/include/boost/lexical_cast.hpp:48,
[87.157s]                  from /usr/include/boost/multiprecision/detail/number_base.hpp:29,
[87.157s]                  from /usr/include/boost/multiprecision/traits/is_variable_precision.hpp:9,
[87.157s]                  from /usr/include/boost/multiprecision/detail/precision.hpp:9,
[87.157s]                  from /usr/include/boost/multiprecision/number.hpp:11,
[87.157s]                  from /usr/include/boost/multiprecision/cpp_int.hpp:19,
[87.157s]                  from /usr/include/boost/multiprecision/cpp_bin_float.hpp:15,
[87.157s]                  from /usr/include/boost/geometry/core/coordinate_promotion.hpp:16,
[87.158s]                  from /usr/include/boost/geometry/core/radian_access.hpp:30,
[87.158s]                  from /usr/include/boost/geometry/geometry.hpp:50,
[87.158s]                  from /usr/include/boost/geometry.hpp:17,
[87.158s]                  from /home/neha/ros2_ws/src/semnav_migration/include/reactive_planner_lib.h:26:
[87.162s] /usr/include/boost/mpl/aux_/preprocessed/gcc/placeholders.hpp:29:16: note:   ‘mpl_::_1’
[87.162s]    29 | typedef arg<1> _1;
[87.163s]       |                ^~
[87.163s] In file included from /usr/include/boost/numeric/conversion/converter_policies.hpp:13,
[87.163s]                  from /usr/include/boost/numeric/conversion/converter.hpp:14,
[87.163s]                  from /usr/include/boost/numeric/conversion/cast.hpp:33,
[87.163s]                  from /usr/include/boost/geometry/core/radian_access.hpp:26:
[87.164s] /usr/include/c++/13/functional:294:48: note:   ‘std::placeholders::_1’
[87.164s]   294 |     _GLIBCXX_PLACEHOLDER const _Placeholder<1> _1;
[87.164s]       |                                                ^~
[87.164s] /usr/include/boost/mpl/aux_/preprocessed/gcc/placeholders.hpp:29:16: note:   ‘mpl_::_1’
[87.164s]    29 | typedef arg<1> _1;
[87.164s]       |                ^~
[87.164s] In file included from /usr/include/boost/describe/members.hpp:20,
[87.164s]                  from /usr/include/boost/container_hash/is_described_class.hpp:11,
[87.165s]                  from /usr/include/boost/container_hash/hash.hpp:18,
[87.165s]                  from /usr/include/boost/functional/hash.hpp:6,
[87.165s]                  from /usr/include/CGAL/Kernel/hash_functions.h:16,
[87.165s]                  from /usr/include/CGAL/Kernel/global_functions.h:25,
[87.168s]                  from /usr/include/CGAL/Cartesian/Cartesian_base.h:22,
[87.168s]                  from /usr/include/CGAL/Simple_cartesian.h:20,
[87.168s]                  from /usr/include/CGAL/Exact_predicates_inexact_constructions_kernel.h:20,
[87.168s]                  from /home/neha/ros2_ws/src/semnav_migration/include/polygeom_lib.h:32,
[87.168s]                  from /home/neha/ros2_ws/src/semnav_migration/include/reactive_planner_lib.h:51:
[87.168s] /usr/include/boost/mp11/bind.hpp:45:7: note:   ‘boost::mp11::_1’
[87.169s]    45 | using _1 = mp_arg<0>;
[87.169s]       |       ^~
[87.169s] /usr/include/boost/mpl/aux_/preprocessed/gcc/placeholders.hpp:29:16: note:   ‘mpl_::_1’
[87.169s]    29 | typedef arg<1> _1;
[87.169s]       |                ^~
[87.171s] /home/neha/ros2_ws/src/semnav_migration/src/navigation.cpp:149:105: error: ‘_2’ was not declared in this scope
[87.172s]   149 |                         sync->registerCallback(boost::bind(&NavigationNode::control_callback, this, _1, _2));
[87.172s]       |                                                                                                         ^~
[87.172s] /home/neha/ros2_ws/src/semnav_migration/src/navigation.cpp:149:105: note: suggested alternatives:
[87.172s] /usr/include/boost/mpl/aux_/preprocessed/gcc/placeholders.hpp:42:16: note:   ‘mpl_::_2’
[87.172s]    42 | typedef arg<2> _2;
[87.172s]       |                ^~
[87.172s] /usr/include/c++/13/functional:295:48: note:   ‘std::placeholders::_2’
[87.172s]   295 |     _GLIBCXX_PLACEHOLDER const _Placeholder<2> _2;
[87.173s]       |                                                ^~
[87.173s] /usr/include/boost/mpl/aux_/preprocessed/gcc/placeholders.hpp:42:16: note:   ‘mpl_::_2’
[87.173s]    42 | typedef arg<2> _2;
[87.173s]       |                ^~
[87.175s] /usr/include/boost/mp11/bind.hpp:46:7: note:   ‘boost::mp11::_2’
[87.175s]    46 | using _2 = mp_arg<1>;
[87.176s]       |       ^~
[87.176s] /usr/include/boost/mpl/aux_/preprocessed/gcc/placeholders.hpp:42:16: note:   ‘mpl_::_2’
[87.176s]    42 | typedef arg<2> _2;
[87.176s]       |                ^~
[87.176s] /home/neha/ros2_ws/src/semnav_migration/src/navigation.cpp:152:74: error: no matching function for call to ‘NavigationNode::create_subscription(std::string&, int)’
[87.176s]   152 |             rclcpp::Subscription sub_semantic = this->create_subscription(sub_semantic_topic_, 1);
[87.176s]       |                                                 ~~~~~~~~~~~~~~~~~~~~~~~~~^~~~~~~~~~~~~~~~~~~~~~~~
[87.177s] /opt/ros/jazzy/include/rclcpp/rclcpp/node.hpp:221:3: note: candidate: ‘template<class MessageT, class CallbackT, class AllocatorT, class SubscriptionT, class MessageMemoryStrategyT> std::shared_ptr<ROSMessageT> rclcpp::Node::create_subscription(const std::string&, const rclcpp::QoS&, CallbackT&&, const rclcpp::SubscriptionOptionsWithAllocator<AllocatorT>&, typename MessageMemoryStrategyT::SharedPtr)’
[87.177s]   221 |   create_subscription(
[87.177s]       |   ^~~~~~~~~~~~~~~~~~~
[87.177s] /opt/ros/jazzy/include/rclcpp/rclcpp/node.hpp:221:3: note:   template argument deduction/substitution failed:
[87.179s] /home/neha/ros2_ws/src/semnav_migration/src/navigation.cpp:152:74: note:   candidate expects 5 arguments, 2 provided
[87.179s]   152 |             rclcpp::Subscription sub_semantic = this->create_subscription(sub_semantic_topic_, 1);
[87.180s]       |                                                 ~~~~~~~~~~~~~~~~~~~~~~~~~^~~~~~~~~~~~~~~~~~~~~~~~
[87.182s] /home/neha/ros2_ws/src/semnav_migration/src/navigation_semantic.cpp:149:55: error: ‘bind’ is not a member of ‘boost’; did you mean ‘find’?
[87.182s]   149 |                         sync->registerCallback(boost::bind(&SemanticNavigationNode::control_callback, this, _1, _2));
[87.182s]       |                                                       ^~~~
[87.182s]       |                                                       find
[87.186s] /home/neha/ros2_ws/src/semnav_migration/src/navigation_semantic.cpp:149:109: error: ‘_1’ was not declared in this scope
[87.187s]   149 |                         sync->registerCallback(boost::bind(&SemanticNavigationNode::control_callback, this, _1, _2));
[87.187s]       |                                                                                                             ^~
[87.187s] /home/neha/ros2_ws/src/semnav_migration/src/navigation_semantic.cpp:149:109: note: suggested alternatives:
[87.187s] In file included from /usr/include/boost/mpl/aux_/include_preprocessed.hpp:37,
[87.189s]                  from /usr/include/boost/mpl/placeholders.hpp:43,
[87.189s]                  from /usr/include/boost/iterator/iterator_categories.hpp:16,
[87.190s]                  from /usr/include/boost/iterator/iterator_facade.hpp:13,
[87.190s]                  from /usr/include/boost/range/iterator_range_core.hpp:27,
[87.190s]                  from /usr/include/boost/lexical_cast.hpp:48,
[87.190s]                  from /usr/include/boost/multiprecision/detail/number_base.hpp:29,
[87.190s]                  from /usr/include/boost/multiprecision/traits/is_variable_precision.hpp:9,
[87.190s]                  from /usr/include/boost/multiprecision/detail/precision.hpp:9,
[87.190s]                  from /usr/include/boost/multiprecision/number.hpp:11,
[87.191s]                  from /usr/include/boost/multiprecision/cpp_int.hpp:19,
[87.191s]                  from /usr/include/boost/multiprecision/cpp_bin_float.hpp:15,
[87.191s]                  from /usr/include/boost/geometry/core/coordinate_promotion.hpp:16,
[87.191s]                  from /usr/include/boost/geometry/core/radian_access.hpp:30,
[87.193s]                  from /usr/include/boost/geometry/geometry.hpp:50,
[87.194s]                  from /usr/include/boost/geometry.hpp:17,
[87.194s]                  from /home/neha/ros2_ws/src/semnav_migration/include/reactive_planner_lib.h:26:
[87.194s] /usr/include/boost/mpl/aux_/preprocessed/gcc/placeholders.hpp:29:16: note:   ‘mpl_::_1’
[87.194s]    29 | typedef arg<1> _1;
[87.194s]       |                ^~
[87.194s] In file included from /usr/include/boost/numeric/conversion/converter_policies.hpp:13,
[87.194s]                  from /usr/include/boost/numeric/conversion/converter.hpp:14,
[87.195s]                  from /usr/include/boost/numeric/conversion/cast.hpp:33,
[87.195s]                  from /usr/include/boost/geometry/core/radian_access.hpp:26:
[87.195s] /usr/include/c++/13/functional:294:48: note:   ‘std::placeholders::_1’
[87.195s]   294 |     _GLIBCXX_PLACEHOLDER const _Placeholder<1> _1;
[87.197s]       |                                                ^~
[87.197s] /usr/include/boost/mpl/aux_/preprocessed/gcc/placeholders.hpp:29:16: note:   ‘mpl_::_1’
[87.197s]    29 | typedef arg<1> _1;
[87.198s]       |                ^~
[87.198s] In file included from /usr/include/boost/describe/members.hpp:20,
[87.198s]                  from /usr/include/boost/container_hash/is_described_class.hpp:11,
[87.198s]                  from /usr/include/boost/container_hash/hash.hpp:18,
[87.198s]                  from /usr/include/boost/functional/hash.hpp:6,
[87.198s]                  from /usr/include/CGAL/Kernel/hash_functions.h:16,
[87.198s]                  from /usr/include/CGAL/Kernel/global_functions.h:25,
[87.199s]                  from /usr/include/CGAL/Cartesian/Cartesian_base.h:22,
[87.199s]                  from /usr/include/CGAL/Simple_cartesian.h:20,
[87.199s]                  from /usr/include/CGAL/Exact_predicates_inexact_constructions_kernel.h:20,
[87.199s]                  from /home/neha/ros2_ws/src/semnav_migration/include/polygeom_lib.h:32,
[87.199s]                  from /home/neha/ros2_ws/src/semnav_migration/include/reactive_planner_lib.h:51:
[87.199s] /usr/include/boost/mp11/bind.hpp:45:7: note:   ‘boost::mp11::_1’
[87.200s]    45 | using _1 = mp_arg<0>;
[87.200s]       |       ^~
[87.200s] /usr/include/boost/mpl/aux_/preprocessed/gcc/placeholders.hpp:29:16: note:   ‘mpl_::_1’
[87.200s]    29 | typedef arg<1> _1;
[87.203s]       |                ^~
[87.203s] /home/neha/ros2_ws/src/semnav_migration/src/navigation_semantic.cpp:149:113: error: ‘_2’ was not declared in this scope
[87.203s]   149 |                         sync->registerCallback(boost::bind(&SemanticNavigationNode::control_callback, this, _1, _2));
[87.203s]       |                                                                                                                 ^~
[87.203s] /home/neha/ros2_ws/src/semnav_migration/src/navigation_semantic.cpp:149:113: note: suggested alternatives:
[87.203s] /usr/include/boost/mpl/aux_/preprocessed/gcc/placeholders.hpp:42:16: note:   ‘mpl_::_2’
[87.203s]    42 | typedef arg<2> _2;
[87.204s]       |                ^~
[87.204s] /usr/include/c++/13/functional:295:48: note:   ‘std::placeholders::_2’
[87.204s]   295 |     _GLIBCXX_PLACEHOLDER const _Placeholder<2> _2;
[87.204s]       |                                                ^~
[87.206s] /usr/include/boost/mpl/aux_/preprocessed/gcc/placeholders.hpp:42:16: note:   ‘mpl_::_2’
[87.206s]    42 | typedef arg<2> _2;
[87.207s]       |                ^~
[87.207s] /usr/include/boost/mp11/bind.hpp:46:7: note:   ‘boost::mp11::_2’
[87.207s]    46 | using _2 = mp_arg<1>;
[87.207s]       |       ^~
[87.207s] /usr/include/boost/mpl/aux_/preprocessed/gcc/placeholders.hpp:42:16: note:   ‘mpl_::_2’
[87.207s]    42 | typedef arg<2> _2;
[87.207s]       |                ^~
[87.207s] /home/neha/ros2_ws/src/semnav_migration/src/navigation_semantic.cpp:151:86: error: no matching function for call to ‘SemanticNavigationNode::create_subscription(const char [20], int)’
[87.208s]   151 |                         rclcpp::Subscription sub_semantic = this->create_subscription("sub_semantic_topic_", 1);
[87.208s]       |                                                             ~~~~~~~~~~~~~~~~~~~~~~~~~^~~~~~~~~~~~~~~~~~~~~~~~~~
[87.208s] /opt/ros/jazzy/include/rclcpp/rclcpp/node.hpp:221:3: note: candidate: ‘template<class MessageT, class CallbackT, class AllocatorT, class SubscriptionT, class MessageMemoryStrategyT> std::shared_ptr<ROSMessageT> rclcpp::Node::create_subscription(const std::string&, const rclcpp::QoS&, CallbackT&&, const rclcpp::SubscriptionOptionsWithAllocator<AllocatorT>&, typename MessageMemoryStrategyT::SharedPtr)’
[87.208s]   221 |   create_subscription(
[87.210s]       |   ^~~~~~~~~~~~~~~~~~~
[87.210s] /opt/ros/jazzy/include/rclcpp/rclcpp/node.hpp:221:3: note:   template argument deduction/substitution failed:
[87.211s] /home/neha/ros2_ws/src/semnav_migration/src/navigation_semantic.cpp:151:86: note:   candidate expects 5 arguments, 2 provided
[87.211s]   151 |                         rclcpp::Subscription sub_semantic = this->create_subscription("sub_semantic_topic_", 1);
[87.211s]       |                                                             ~~~~~~~~~~~~~~~~~~~~~~~~~^~~~~~~~~~~~~~~~~~~~~~~~~~
[87.211s] /home/neha/ros2_ws/src/semnav_migration/src/navigation_semantic.cpp: In member function ‘void SemanticNavigationNode::publish_twist(double, double)’:
[87.211s] /home/neha/ros2_ws/src/semnav_migration/src/navigation_semantic.cpp:168:43: error: no matching function for call to ‘rclcpp::Publisher<example_interfaces::msg::UInt32_<std::allocator<void> > >::publish(geometry_msgs::msg::Twist&)’
[87.211s]   168 |                         pub_twist_.publish(commandTwist);
[87.211s]       |                         ~~~~~~~~~~~~~~~~~~^~~~~~~~~~~~~~
[87.211s] /opt/ros/jazzy/include/rclcpp/rclcpp/publisher.hpp:239:3: note: candidate: ‘template<class T> std::enable_if_t<(rosidl_generator_traits::is_message<T>::value && std::is_same<T, typename rclcpp::TypeAdapter<MessageT>::ros_message_type>::value)> rclcpp::Publisher<MessageT, AllocatorT>::publish(std::unique_ptr<T, typename std::conditional<std::is_same<typename std::allocator_traits<typename std::allocator_traits<_Allocator>::rebind_traits<typename rclcpp::TypeAdapter<MessageT, void, void>::ros_message_type>::allocator_type>::rebind_alloc<typename rclcpp::TypeAdapter<MessageT, void, void>::ros_message_type>, std::allocator<typename rclcpp::TypeAdapter<MessageT>::ros_message_type> >::value, std::default_delete<typename rclcpp::TypeAdapter<MessageT>::ros_message_type>, rclcpp::allocator::AllocatorDeleter<typename std::allocator_traits<_Allocator>::rebind_traits<typename rclcpp::TypeAdapter<MessageT, void, void>::ros_message_type>::allocator_type> >::type>) [with MessageT = example_interfaces::msg::UInt32_<std::allocator<void> >; AllocatorT = std::allocator<void>]’
[87.212s]   239 |   publish(std::unique_ptr<T, ROSMessageTypeDeleter> msg)
[87.212s]       |   ^~~~~~~
[87.212s] /opt/ros/jazzy/include/rclcpp/rclcpp/publisher.hpp:239:3: note:   template argument deduction/substitution failed:
[87.212s] /home/neha/ros2_ws/src/semnav_migration/src/navigation_semantic.cpp:168:43: note:   ‘geometry_msgs::msg::Twist_<std::allocator<void> >’ is not derived from ‘std::unique_ptr<T, std::default_delete<example_interfaces::msg::UInt32_<std::allocator<void> > > >’
[87.214s]   168 |                         pub_twist_.publish(commandTwist);
[87.214s]       |                         ~~~~~~~~~~~~~~~~~~^~~~~~~~~~~~~~
[87.215s] /opt/ros/jazzy/include/rclcpp/rclcpp/publisher.hpp:289:3: note: candidate: ‘template<class T> std::enable_if_t<(rosidl_generator_traits::is_message<T>::value && std::is_same<T, typename rclcpp::TypeAdapter<MessageT>::ros_message_type>::value)> rclcpp::Publisher<MessageT, AllocatorT>::publish(const T&) [with MessageT = example_interfaces::msg::UInt32_<std::allocator<void> >; AllocatorT = std::allocator<void>]’
[87.215s]   289 |   publish(const T & msg)
[87.215s]       |   ^~~~~~~
[87.215s] /opt/ros/jazzy/include/rclcpp/rclcpp/publisher.hpp:289:3: note:   template argument deduction/substitution failed:
[87.215s] In file included from /usr/include/c++/13/bits/stl_iterator_base_types.h:67,
[87.215s]                  from /usr/include/c++/13/iterator:61,
[87.215s]                  from /usr/include/boost/iterator/iterator_traits.hpp:10,
[87.216s]                  from /usr/include/boost/range/mutable_iterator.hpp:23,
[87.216s]                  from /usr/include/boost/range/iterator.hpp:20,
[87.216s]                  from /usr/include/boost/range/value_type.hpp:19,
[87.216s]                  from /usr/include/boost/geometry/core/closure.hpp:21,
[87.218s]                  from /usr/include/boost/geometry/geometry.hpp:31:
[87.218s] /usr/include/c++/13/type_traits: In substitution of ‘template<bool _Cond, class _Tp> using std::enable_if_t = typename std::enable_if::type [with bool _Cond = false; _Tp = void]’:
[87.218s] /opt/ros/jazzy/include/rclcpp/rclcpp/publisher.hpp:289:3:   required by substitution of ‘template<class T> std::enable_if_t<(rosidl_generator_traits::is_message<T>::value && std::is_same<T, example_interfaces::msg::UInt32_<std::allocator<void> > >::value), void> rclcpp::Publisher<example_interfaces::msg::UInt32_<std::allocator<void> > >::publish(const T&) [with T = geometry_msgs::msg::Twist_<std::allocator<void> >]’
[87.219s] /home/neha/ros2_ws/src/semnav_migration/src/navigation_semantic.cpp:168:22:   required from here
[87.219s] /usr/include/c++/13/type_traits:2610:11: error: no type named ‘type’ in ‘struct std::enable_if<false, void>’
[87.219s]  2610 |     using enable_if_t = typename enable_if<_Cond, _Tp>::type;
[87.219s]       |           ^~~~~~~~~~~
[87.219s] /opt/ros/jazzy/include/rclcpp/rclcpp/publisher.hpp:319:3: note: candidate: ‘template<class T> std::enable_if_t<(typename rclcpp::TypeAdapter<MessageT>::is_specialized::value && std::is_same<T, typename rclcpp::TypeAdapter<MessageT>::custom_type>::value)> rclcpp::Publisher<MessageT, AllocatorT>::publish(std::unique_ptr<T, typename std::conditional<std::is_same<typename std::allocator_traits<typename std::allocator_traits<_Allocator>::rebind_traits<typename rclcpp::TypeAdapter<MessageT, void, void>::custom_type>::allocator_type>::rebind_alloc<typename rclcpp::TypeAdapter<MessageT, void, void>::custom_type>, std::allocator<typename rclcpp::TypeAdapter<MessageT>::custom_type> >::value, std::default_delete<typename rclcpp::TypeAdapter<MessageT>::custom_type>, rclcpp::allocator::AllocatorDeleter<typename std::allocator_traits<_Allocator>::rebind_traits<typename rclcpp::TypeAdapter<MessageT, void, void>::custom_type>::allocator_type> >::type>) [with MessageT = example_interfaces::msg::UInt32_<std::allocator<void> >; AllocatorT = std::allocator<void>]’
[87.219s]   319 |   publish(std::unique_ptr<T, PublishedTypeDeleter> msg)
[87.219s]       |   ^~~~~~~
[87.220s] /opt/ros/jazzy/include/rclcpp/rclcpp/publisher.hpp:319:3: note:   template argument deduction/substitution failed:
[87.220s] /home/neha/ros2_ws/src/semnav_migration/src/navigation_semantic.cpp:168:43: note:   ‘geometry_msgs::msg::Twist_<std::allocator<void> >’ is not derived from ‘std::unique_ptr<T, std::default_delete<example_interfaces::msg::UInt32_<std::allocator<void> > > >’
[87.220s]   168 |                         pub_twist_.publish(commandTwist);
[87.220s]       |                         ~~~~~~~~~~~~~~~~~~^~~~~~~~~~~~~~
[87.222s] /opt/ros/jazzy/include/rclcpp/rclcpp/publisher.hpp:366:3: note: candidate: ‘template<class T> std::enable_if_t<(typename rclcpp::TypeAdapter<MessageT>::is_specialized::value && std::is_same<T, typename rclcpp::TypeAdapter<MessageT>::custom_type>::value)> rclcpp::Publisher<MessageT, AllocatorT>::publish(const T&) [with MessageT = example_interfaces::msg::UInt32_<std::allocator<void> >; AllocatorT = std::allocator<void>]’
[87.222s]   366 |   publish(const T & msg)
[87.223s]       |   ^~~~~~~
[87.223s] /opt/ros/jazzy/include/rclcpp/rclcpp/publisher.hpp:366:3: note:   template argument deduction/substitution failed:
[87.223s] /opt/ros/jazzy/include/rclcpp/rclcpp/publisher.hpp:384:3: note: candidate: ‘void rclcpp::Publisher<MessageT, AllocatorT>::publish(const rcl_serialized_message_t&) [with MessageT = example_interfaces::msg::UInt32_<std::allocator<void> >; AllocatorT = std::allocator<void>; rcl_serialized_message_t = rcutils_uint8_array_s]’
[87.223s]   384 |   publish(const rcl_serialized_message_t & serialized_msg)
[87.223s]       |   ^~~~~~~
[87.223s] /opt/ros/jazzy/include/rclcpp/rclcpp/publisher.hpp:384:44: note:   no known conversion for argument 1 from ‘geometry_msgs::msg::Twist’ {aka ‘geometry_msgs::msg::Twist_<std::allocator<void> >’} to ‘const rcl_serialized_message_t&’ {aka ‘const rcutils_uint8_array_s&’}
[87.223s]   384 |   publish(const rcl_serialized_message_t & serialized_msg)
[87.224s]       |           ~~~~~~~~~~~~~~~~~~~~~~~~~~~~~~~~~^~~~~~~~~~~~~~
[87.224s] /opt/ros/jazzy/include/rclcpp/rclcpp/publisher.hpp:390:3: note: candidate: ‘void rclcpp::Publisher<MessageT, AllocatorT>::publish(const rclcpp::SerializedMessage&) [with MessageT = example_interfaces::msg::UInt32_<std::allocator<void> >; AllocatorT = std::allocator<void>]’
[87.224s]   390 |   publish(const SerializedMessage & serialized_msg)
[87.224s]       |   ^~~~~~~
[87.224s] /opt/ros/jazzy/include/rclcpp/rclcpp/publisher.hpp:390:37: note:   no known conversion for argument 1 from ‘geometry_msgs::msg::Twist’ {aka ‘geometry_msgs::msg::Twist_<std::allocator<void> >’} to ‘const rclcpp::SerializedMessage&’
[87.226s]   390 |   publish(const SerializedMessage & serialized_msg)
[87.226s]       |           ~~~~~~~~~~~~~~~~~~~~~~~~~~^~~~~~~~~~~~~~
[87.227s] /opt/ros/jazzy/include/rclcpp/rclcpp/publisher.hpp:404:3: note: candidate: ‘void rclcpp::Publisher<MessageT, AllocatorT>::publish(rclcpp::LoanedMessage<typename rclcpp::TypeAdapter<MessageT>::ros_message_type, AllocatorT>&&) [with MessageT = example_interfaces::msg::UInt32_<std::allocator<void> >; AllocatorT = std::allocator<void>; typename rclcpp::TypeAdapter<MessageT>::ros_message_type = example_interfaces::msg::UInt32_<std::allocator<void> >]’
[87.227s]   404 |   publish(rclcpp::LoanedMessage<ROSMessageType, AllocatorT> && loaned_msg)
[87.227s]       |   ^~~~~~~
[87.227s] /opt/ros/jazzy/include/rclcpp/rclcpp/publisher.hpp:404:64: note:   no known conversion for argument 1 from ‘geometry_msgs::msg::Twist’ {aka ‘geometry_msgs::msg::Twist_<std::allocator<void> >’} to ‘rclcpp::LoanedMessage<example_interfaces::msg::UInt32_<std::allocator<void> >, std::allocator<void> >&&’
[87.227s]   404 |   publish(rclcpp::LoanedMessage<ROSMessageType, AllocatorT> && loaned_msg)
[87.227s]       |           ~~~~~~~~~~~~~~~~~~~~~~~~~~~~~~~~~~~~~~~~~~~~~~~~~~~~~^~~~~~~~~~
[87.257s] /home/neha/ros2_ws/src/semnav_migration/src/navigation.cpp: In member function ‘void NavigationNode::publish_twist(double, double)’:
[87.258s] /home/neha/ros2_ws/src/semnav_migration/src/navigation.cpp:169:25: error: ‘pub_twist_’ was not declared in this scope; did you mean ‘publish_twist’?
[87.258s]   169 |                         pub_twist_.publish(commandTwist);
[87.258s]       |                         ^~~~~~~~~~
[87.258s]       |                         publish_twist
[87.294s] /home/neha/ros2_ws/src/semnav_migration/src/navigation_semantic.cpp: In member function ‘void SemanticNavigationNode::control_callback(const sensor_msgs::msg::LaserScan_<std::allocator<void> >::ConstPtr&, const nav_msgs::msg::Odometry_<std::allocator<void> >::ConstPtr&)’:
[87.295s] /home/neha/ros2_ws/src/semnav_migration/src/navigation_semantic.cpp:406:43: error: ‘class tf2_ros::TransformListener’ has no member named ‘waitForTransform’
[87.295s]   406 |                                 listener_.waitForTransform(world_frame_id_, odom_frame_id_, rclcpp::Time(0), rclcpp::Duration(std::chrono::nanoseconds(1000000000));
[87.295s]       |                                           ^~~~~~~~~~~~~~~~
[87.295s] /home/neha/ros2_ws/src/semnav_migration/src/navigation_semantic.cpp:406:164: error: expected ‘)’ before ‘;’ token
[87.295s]   406 |                                 listener_.waitForTransform(world_frame_id_, odom_frame_id_, rclcpp::Time(0), rclcpp::Duration(std::chrono::nanoseconds(1000000000));
[87.295s]       |                                                                                                                                                                    ^
[87.295s] /home/neha/ros2_ws/src/semnav_migration/src/navigation_semantic.cpp:406:59: note: to match this ‘(’
[87.296s]   406 |                                 listener_.waitForTransform(world_frame_id_, odom_frame_id_, rclcpp::Time(0), rclcpp::Duration(std::chrono::nanoseconds(1000000000));
[87.296s]       |                                                           ^
[87.296s] /home/neha/ros2_ws/src/semnav_migration/src/navigation_semantic.cpp:407:43: error: ‘class tf2_ros::TransformListener’ has no member named ‘transformPose’
[87.296s]   407 |                                 listener_.transformPose(world_frame_id_, odomPose, mapPose);
[87.299s]       |                                           ^~~~~~~~~~~~~
[87.299s] In file included from /opt/ros/jazzy/include/rclcpp/rclcpp/copy_all_parameter_values.hpp:27,
[87.299s]                  from /opt/ros/jazzy/include/rclcpp/rclcpp/rclcpp.hpp:171:
[87.299s] /home/neha/ros2_ws/src/semnav_migration/src/navigation_semantic.cpp:409:33: error: static assertion failed: First argument to logging macros must be an rclcpp::Logger
[87.299s]   409 |                                 RCLCPP_ERROR("%s",ex.what());
[87.299s]       |                                 ^~~~~~~~~~~~
[87.299s] In file included from /opt/ros/jazzy/include/rclcpp/rclcpp/logging.hpp:24:
[87.300s] /home/neha/ros2_ws/src/semnav_migration/src/navigation_semantic.cpp:409:33: error: request for member ‘get_name’ in ‘("%s")’, which is of non-class type ‘const char [3]’
[87.300s]   409 |                                 RCLCPP_ERROR("%s",ex.what());
[87.300s]       |                                 ^~~~~~~~~~~~
[87.300s] /home/neha/ros2_ws/src/semnav_migration/src/navigation_semantic.cpp:409:33: error: request for member ‘get_name’ in ‘("%s")’, which is of non-class type ‘const char [3]’
[87.300s]   409 |                                 RCLCPP_ERROR("%s",ex.what());
[87.300s]       |                                 ^~~~~~~~~~~~
[87.300s] /home/neha/ros2_ws/src/semnav_migration/src/navigation_semantic.cpp:434:42: error: could not convert ‘lidar_data’ from ‘shared_ptr<LaserScan_<[...]>>’ to ‘shared_ptr<LaserScan_<[...]>>’
[87.301s]   434 |                         constructLIDAR2D(lidar_data, CutoffRange_, AllowableRange_, RobotPitch_, &LIDAR);
[87.301s]       |                                          ^~~~~~~~~~
[87.301s]       |                                          |
[87.301s]       |                                          shared_ptr<LaserScan_<[...]>>
[87.339s] /home/neha/ros2_ws/src/semnav_migration/src/navigation_semantic.cpp: In function ‘int main(int, char**)’:
[87.340s] /home/neha/ros2_ws/src/semnav_migration/src/navigation_semantic.cpp:700:34: error: invalid initialization of reference of type ‘const rclcpp::InitOptions&’ from expression of type ‘const char [20]’
[87.340s]   700 |         rclcpp::init(argc, argv, "navigation_semantic");
[87.340s]       |                                  ^~~~~~~~~~~~~~~~~~~~~
[87.340s] In file included from /opt/ros/jazzy/include/rclcpp/rclcpp/logging.hpp:25:
[87.340s] /opt/ros/jazzy/include/rclcpp/rclcpp/utilities.hpp:78:23: note: in passing argument 3 of ‘void rclcpp::init(int, const char* const*, const InitOptions&, SignalHandlerOptions)’
[87.340s]    78 |   const InitOptions & init_options = InitOptions(),
[87.340s]       |   ~~~~~~~~~~~~~~~~~~~~^~~~~~~~~~~~~~~~~~~~~~~~~~~~
[87.354s] /home/neha/ros2_ws/src/semnav_migration/src/navigation.cpp: In member function ‘void NavigationNode::publish_behavior_id(uint16_t)’:
[87.355s] /home/neha/ros2_ws/src/semnav_migration/src/navigation.cpp:176:25: error: ‘pub_behaviorID_’ was not declared in this scope; did you mean ‘pub_behaviorID_topic_’?
[87.355s]   176 |                         pub_behaviorID_.publish(commandId);
[87.355s]       |                         ^~~~~~~~~~~~~~~
[87.355s]       |                         pub_behaviorID_topic_
[87.454s] /home/neha/ros2_ws/src/semnav_migration/src/navigation.cpp: In member function ‘void NavigationNode::publish_behavior_mode(uint16_t)’:
[87.455s] /home/neha/ros2_ws/src/semnav_migration/src/navigation.cpp:183:25: error: ‘pub_behaviorMode_’ was not declared in this scope; did you mean ‘pub_behaviorMode_topic_’?
[87.455s]   183 |                         pub_behaviorMode_.publish(commandMode);
[87.455s]       |                         ^~~~~~~~~~~~~~~~~
[87.455s]       |                         pub_behaviorMode_topic_
[87.597s] /home/neha/ros2_ws/src/semnav_migration/src/navigation.cpp: In member function ‘void NavigationNode::control_callback(const sensor_msgs::msg::LaserScan_<std::allocator<void> >::ConstPtr&, const nav_msgs::msg::Odometry_<std::allocator<void> >::ConstPtr&)’:
[87.598s] /home/neha/ros2_ws/src/semnav_migration/src/navigation.cpp:366:33: error: ‘listener_’ was not declared in this scope
[87.598s]   366 |                                 listener_.waitForTransform(world_frame_id_, odom_frame_id_, rclcpp::Time(0), rclcpp::Duration(std::chrono::nanoseconds(1000000000));
[87.598s]       |                                 ^~~~~~~~~
[87.598s] /home/neha/ros2_ws/src/semnav_migration/src/navigation.cpp:366:164: error: expected ‘)’ before ‘;’ token
[87.598s]   366 |                                 listener_.waitForTransform(world_frame_id_, odom_frame_id_, rclcpp::Time(0), rclcpp::Duration(std::chrono::nanoseconds(1000000000));
[87.599s]       |                                                                                                                                                                    ^
[87.599s] /home/neha/ros2_ws/src/semnav_migration/src/navigation.cpp:366:59: note: to match this ‘(’
[87.599s]   366 |                                 listener_.waitForTransform(world_frame_id_, odom_frame_id_, rclcpp::Time(0), rclcpp::Duration(std::chrono::nanoseconds(1000000000));
[87.599s]       |                                                           ^
[87.603s] /home/neha/ros2_ws/src/semnav_migration/src/navigation.cpp:396:42: error: could not convert ‘lidar_data’ from ‘shared_ptr<LaserScan_<[...]>>’ to ‘shared_ptr<LaserScan_<[...]>>’
[87.604s]   396 |                         constructLIDAR2D(lidar_data, CutoffRange_, AllowableRange_, RobotPitch_, &LIDAR);
[87.604s]       |                                          ^~~~~~~~~~
[87.604s]       |                                          |
[87.604s]       |                                          shared_ptr<LaserScan_<[...]>>
[102.447s] gmake[2]: *** [CMakeFiles/navigation_semantic.dir/build.make:76: CMakeFiles/navigation_semantic.dir/src/navigation_semantic.cpp.o] Error 1
[102.449s] gmake[1]: *** [CMakeFiles/Makefile2:207: CMakeFiles/navigation_semantic.dir/all] Error 2
[102.450s] gmake[1]: *** Waiting for unfinished jobs....
[102.727s] gmake[2]: *** [CMakeFiles/navigation.dir/build.make:76: CMakeFiles/navigation.dir/src/navigation.cpp.o] Error 1
[102.727s] gmake[1]: *** [CMakeFiles/Makefile2:181: CMakeFiles/navigation.dir/all] Error 2
[102.727s] gmake: *** [Makefile:146: all] Error 2
[102.730s] Invoked command in '/home/neha/ros2_ws/src/semnav_migration/build/semnav' returned '2': CMAKE_PREFIX_PATH=${CMAKE_PREFIX_PATH}:/opt/ros/jazzy DEBUGINFOD_URLS=https://debuginfod.ubuntu.com /usr/bin/cmake --build /home/neha/ros2_ws/src/semnav_migration/build/semnav -- -j2 -l2
