[ 14%] Built target reactive_planner
[ 23%] Built target navigation_semantic
[ 33%] Built target navigation
[ 42%] Built target navigation_humans
[ 47%] [32mBuilding CXX object CMakeFiles/human_following.dir/src/human_following.cpp.o[0m
[ 52%] [32mBuilding CXX object CMakeFiles/human_following_signal.dir/src/human_following_signal.cpp.o[0m
[01m[K/home/neha/ros2_ws/src/semnav_migration/src/human_following.cpp:[m[K In member function â€˜[01m[Kvoid HumanFollowingNode::[01;32m[Kcontrol_callback[m[K(const sensor_msgs::msg::LaserScan_<std::allocator<void> >::ConstPtr&, const nav_msgs::msg::Odometry_<std::allocator<void> >::ConstPtr&)[m[Kâ€™:
[01m[K/home/neha/ros2_ws/src/semnav_migration/src/human_following.cpp:471:62:[m[K [01;31m[Kerror: [m[Kâ€˜[01m[Khuman_data[m[Kâ€™ was not declared in this scope; did you mean â€˜[01m[Khuman_update[m[Kâ€™?
  471 |                 builtin_interfaces::msg::Time time_stamped = [01;31m[Khuman_data[m[K->header.stamp;
      |                                                              [01;31m[K^~~~~~~~~~[m[K
      |                                                              [32m[Khuman_update[m[K
[01m[K/home/neha/ros2_ws/src/semnav_migration/src/human_following_signal.cpp:242:69:[m[K [01;31m[Kerror: [m[Kâ€˜[01m[KKeypointDetections3D[m[Kâ€™ in namespace â€˜[01m[Kobject_pose_interface_msgs[m[Kâ€™ does not name a type
  242 |                 void human_update(const object_pose_interface_msgs::[01;31m[KKeypointDetections3D[m[K::ConstPtr& human_data) {
      |                                                                     [01;31m[K^~~~~~~~~~~~~~~~~~~~[m[K
[01m[K/home/neha/ros2_ws/src/semnav_migration/src/human_following_signal.cpp:242:99:[m[K [01;31m[Kerror: [m[Kexpected unqualified-id before â€˜[01m[K&[m[Kâ€™ token
  242 |                 void human_update(const object_pose_interface_msgs::KeypointDetections3D::ConstPtr[01;31m[K&[m[K human_data) {
      |                                                                                                   [01;31m[K^[m[K
[01m[K/home/neha/ros2_ws/src/semnav_migration/src/human_following_signal.cpp:242:99:[m[K [01;31m[Kerror: [m[Kexpected â€˜[01m[K)[m[Kâ€™ before â€˜[01m[K&[m[Kâ€™ token
  242 |                 void human_update[34m[K([m[Kconst object_pose_interface_msgs::KeypointDetections3D::ConstPtr[01;31m[K&[m[K human_data) {
      |                                  [34m[K~[m[K                                                                [01;31m[K^[m[K
      |                                                                                                   [32m[K)[m[K
[01m[K/home/neha/ros2_ws/src/semnav_migration/src/human_following_signal.cpp:242:99:[m[K [01;31m[Kerror: [m[Kexpected â€˜[01m[K;[m[Kâ€™ at end of member declaration
  242 |                 void human_update(const object_pose_interface_msgs::KeypointDetections3D::ConstPtr[01;31m[K&[m[K human_data) {
      |                                                                                                   [01;31m[K^[m[K
      |                                                                                                    [32m[K;[m[K
[01m[K/home/neha/ros2_ws/src/semnav_migration/src/human_following_signal.cpp:242:101:[m[K [01;31m[Kerror: [m[Kâ€˜[01m[Khuman_data[m[Kâ€™ does not name a type
  242 |                 void human_update(const object_pose_interface_msgs::KeypointDetections3D::ConstPtr& [01;31m[Khuman_data[m[K) {
      |                                                                                                     [01;31m[K^~~~~~~~~~[m[K
[01m[K/home/neha/ros2_ws/src/semnav_migration/src/human_following_signal.cpp:327:75:[m[K [01;31m[Kerror: [m[Kâ€˜[01m[KSemanticMapObjectArray[m[Kâ€™ in namespace â€˜[01m[Kobject_pose_interface_msgs[m[Kâ€™ does not name a type
  327 |                 void diffeo_tree_update(const object_pose_interface_msgs::[01;31m[KSemanticMapObjectArray[m[K::ConstPtr& semantic_map_data) {
      |                                                                           [01;31m[K^~~~~~~~~~~~~~~~~~~~~~[m[K
[01m[K/home/neha/ros2_ws/src/semnav_migration/src/human_following_signal.cpp:327:107:[m[K [01;31m[Kerror: [m[Kexpected unqualified-id before â€˜[01m[K&[m[Kâ€™ token
  327 |                 void diffeo_tree_update(const object_pose_interface_msgs::SemanticMapObjectArray::ConstPtr[01;31m[K&[m[K semantic_map_data) {
      |                                                                                                           [01;31m[K^[m[K
[01m[K/home/neha/ros2_ws/src/semnav_migration/src/human_following_signal.cpp:327:107:[m[K [01;31m[Kerror: [m[Kexpected â€˜[01m[K)[m[Kâ€™ before â€˜[01m[K&[m[Kâ€™ token
  327 |                 void diffeo_tree_update[34m[K([m[Kconst object_pose_interface_msgs::SemanticMapObjectArray::ConstPtr[01;31m[K&[m[K semantic_map_data) {
      |                                        [34m[K~[m[K                                                                  [01;31m[K^[m[K
      |                                                                                                           [32m[K)[m[K
[01m[K/home/neha/ros2_ws/src/semnav_migration/src/human_following_signal.cpp:327:107:[m[K [01;31m[Kerror: [m[Kexpected â€˜[01m[K;[m[Kâ€™ at end of member declaration
  327 |                 void diffeo_tree_update(const object_pose_interface_msgs::SemanticMapObjectArray::ConstPtr[01;31m[K&[m[K semantic_map_data) {
      |                                                                                                           [01;31m[K^[m[K
      |                                                                                                            [32m[K;[m[K
[01m[K/home/neha/ros2_ws/src/semnav_migration/src/human_following_signal.cpp:327:109:[m[K [01;31m[Kerror: [m[Kâ€˜[01m[Ksemantic_map_data[m[Kâ€™ does not name a type
  327 |                 void diffeo_tree_update(const object_pose_interface_msgs::SemanticMapObjectArray::ConstPtr& [01;31m[Ksemantic_map_data[m[K) {
      |                                                                                                             [01;31m[K^~~~~~~~~~~~~~~~~[m[K
[01m[K/home/neha/ros2_ws/src/semnav_migration/src/human_following_signal.cpp:414:58:[m[K [01;31m[Kerror: [m[Kâ€˜[01m[KLaserScan[m[Kâ€™ in namespace â€˜[01m[Ksensor_msgs[m[Kâ€™ does not name a type
  414 |                 void control_callback(const sensor_msgs::[01;31m[KLaserScan[m[K::ConstPtr& lidar_data, const nav_msgs::Odometry::ConstPtr& robot_data) {
      |                                                          [01;31m[K^~~~~~~~~[m[K
[01m[K/home/neha/ros2_ws/src/semnav_migration/src/human_following_signal.cpp:414:77:[m[K [01;31m[Kerror: [m[Kexpected unqualified-id before â€˜[01m[K&[m[Kâ€™ token
  414 |                 void control_callback(const sensor_msgs::LaserScan::ConstPtr[01;31m[K&[m[K lidar_data, const nav_msgs::Odometry::ConstPtr& robot_data) {
      |                                                                             [01;31m[K^[m[K
[01m[K/home/neha/ros2_ws/src/semnav_migration/src/human_following_signal.cpp:414:77:[m[K [01;31m[Kerror: [m[Kexpected â€˜[01m[K)[m[Kâ€™ before â€˜[01m[K&[m[Kâ€™ token
  414 |                 void control_callback[34m[K([m[Kconst sensor_msgs::LaserScan::ConstPtr[01;31m[K&[m[K lidar_data, const nav_msgs::Odometry::ConstPtr& robot_data) {
      |                                      [34m[K~[m[K                                      [01;31m[K^[m[K
      |                                                                             [32m[K)[m[K
[01m[K/home/neha/ros2_ws/src/semnav_migration/src/human_following_signal.cpp:414:77:[m[K [01;31m[Kerror: [m[Kexpected â€˜[01m[K;[m[Kâ€™ at end of member declaration
  414 |                 void control_callback(const sensor_msgs::LaserScan::ConstPtr[01;31m[K&[m[K lidar_data, const nav_msgs::Odometry::ConstPtr& robot_data) {
      |                                                                             [01;31m[K^[m[K
      |                                                                              [32m[K;[m[K
[01m[K/home/neha/ros2_ws/src/semnav_migration/src/human_following_signal.cpp:414:79:[m[K [01;31m[Kerror: [m[Kâ€˜[01m[Klidar_data[m[Kâ€™ does not name a type
  414 |                 void control_callback(const sensor_msgs::LaserScan::ConstPtr& [01;31m[Klidar_data[m[K, const nav_msgs::Odometry::ConstPtr& robot_data) {
      |                                                                               [01;31m[K^~~~~~~~~~[m[K
[01m[K/home/neha/ros2_ws/src/semnav_migration/src/human_following_signal.cpp:705:17:[m[K [01;31m[Kerror: [m[Kinvalid use of template-name â€˜[01m[Krclcpp::Publisher[m[Kâ€™ without an argument list
  705 |                 [01;31m[Krclcpp[m[K::Publisher pub_behaviorID_;
      |                 [01;31m[K^~~~~~[m[K
[01m[K/home/neha/ros2_ws/src/semnav_migration/src/human_following_signal.cpp:706:17:[m[K [01;31m[Kerror: [m[Kinvalid use of template-name â€˜[01m[Krclcpp::Publisher[m[Kâ€™ without an argument list
  706 |                 [01;31m[Krclcpp[m[K::Publisher pub_behaviorMode_;
      |                 [01;31m[K^~~~~~[m[K
[01m[K/home/neha/ros2_ws/src/semnav_migration/src/human_following_signal.cpp:707:17:[m[K [01;31m[Kerror: [m[Kinvalid use of template-name â€˜[01m[Krclcpp::Publisher[m[Kâ€™ without an argument list
  707 |                 [01;31m[Krclcpp[m[K::Publisher pub_twist_;
      |                 [01;31m[K^~~~~~[m[K
[01m[K/home/neha/ros2_ws/src/semnav_migration/src/human_following_signal.cpp:709:17:[m[K [01;31m[Kerror: [m[Kinvalid use of template-name â€˜[01m[Krclcpp::Publisher[m[Kâ€™ without an argument list
  709 |                 [01;31m[Krclcpp[m[K::Publisher pub_semantic_map_;
      |                 [01;31m[K^~~~~~[m[K
[01m[K/home/neha/ros2_ws/src/semnav_migration/src/human_following_signal.cpp:738:17:[m[K [01;31m[Kerror: [m[Kâ€˜[01m[Kros[m[Kâ€™ does not name a type
  738 |                 [01;31m[Kros[m[K::Time Goal_camera_stamp_;
      |                 [01;31m[K^~~[m[K
[01m[K/home/neha/ros2_ws/src/semnav_migration/src/human_following_signal.cpp:759:22:[m[K [01;31m[Kerror: [m[Kâ€˜[01m[KTransformListener[m[Kâ€™ in namespace â€˜[01m[Ktf2[m[Kâ€™ does not name a type
  759 |                 tf2::[01;31m[KTransformListener[m[K listener_;
      |                      [01;31m[K^~~~~~~~~~~~~~~~~[m[K
[01m[K/home/neha/ros2_ws/src/semnav_migration/src/human_following_signal.cpp:[m[K In constructor â€˜[01m[KHumanFollowingSignalNode::[01;32m[KHumanFollowingSignalNode[m[K(rclcpp::Node*)[m[Kâ€™:
[01m[K/home/neha/ros2_ws/src/semnav_migration/src/human_following_signal.cpp:44:70:[m[K [01;31m[Kerror: [m[Kuse of deleted function â€˜[01m[Krclcpp::Node::[01;32m[KNode[m[K(const rclcpp::Node&)[m[Kâ€™
   44 |                 HumanFollowingSignalNode(rclcpp::Node* nodehandle) : [01;31m[Knh_(*nodehandle)[m[K {
      |                                                                      [01;31m[K^~~~~~~~~~~~~~~~[m[K
In file included from [01m[K/opt/ros/jazzy/include/rclcpp/rclcpp/context.hpp:35[m[K,
                 from [01m[K/opt/ros/jazzy/include/rclcpp/rclcpp/utilities.hpp:24[m[K,
                 from [01m[K/opt/ros/jazzy/include/rclcpp/rclcpp/logging.hpp:25[m[K,
                 from [01m[K/opt/ros/jazzy/include/rclcpp/rclcpp/copy_all_parameter_values.hpp:27[m[K,
                 from [01m[K/opt/ros/jazzy/include/rclcpp/rclcpp/rclcpp.hpp:171[m[K,
                 from [01m[K/home/neha/ros2_ws/src/semnav_migration/include/reactive_planner_lib.h:32[m[K,
                 from [01m[K/home/neha/ros2_ws/src/semnav_migration/src/human_following_signal.cpp:25[m[K:
[01m[K/opt/ros/jazzy/include/rclcpp/rclcpp/node.hpp:1634:3:[m[K [01;36m[Knote: [m[Kdeclared here
 1634 |   [01;36m[KRCLCPP_DISABLE_COPY[m[K(Node)
      |   [01;36m[K^~~~~~~~~~~~~~~~~~~[m[K
[01m[K/home/neha/ros2_ws/src/semnav_migration/src/human_following_signal.cpp:46:31:[m[K [01;31m[Kerror: [m[Kâ€˜[01m[Kclass HumanFollowingSignalNode[m[Kâ€™ has no member named â€˜[01m[Kdeclare_parameter[m[Kâ€™
   46 |                         this->[01;31m[Kdeclare_parameter[m[K<std::string>("pub_twist_topic", "default_twist_topic");
      |                               [01;31m[K^~~~~~~~~~~~~~~~~[m[K
[01m[K/home/neha/ros2_ws/src/semnav_migration/src/human_following_signal.cpp:46:60:[m[K [01;31m[Kerror: [m[Kexpected primary-expression before â€˜[01m[K>[m[Kâ€™ token
   46 |                         this->declare_parameter<std::string[01;31m[K>[m[K("pub_twist_topic", "default_twist_topic");
      |                                                            [01;31m[K^[m[K
[01m[K/home/neha/ros2_ws/src/semnav_migration/src/human_following_signal.cpp:47:31:[m[K [01;31m[Kerror: [m[Kâ€˜[01m[Kclass HumanFollowingSignalNode[m[Kâ€™ has no member named â€˜[01m[Kdeclare_parameter[m[Kâ€™
   47 |                         this->[01;31m[Kdeclare_parameter[m[K<std::string>("pub_behaviorID_topic", "default_behaviorID_topic");
      |                               [01;31m[K^~~~~~~~~~~~~~~~~[m[K
[01m[K/home/neha/ros2_ws/src/semnav_migration/src/human_following_signal.cpp:47:60:[m[K [01;31m[Kerror: [m[Kexpected primary-expression before â€˜[01m[K>[m[Kâ€™ token
   47 |                         this->declare_parameter<std::string[01;31m[K>[m[K("pub_behaviorID_topic", "default_behaviorID_topic");
      |                                                            [01;31m[K^[m[K
[01m[K/home/neha/ros2_ws/src/semnav_migration/src/human_following_signal.cpp:48:31:[m[K [01;31m[Kerror: [m[Kâ€˜[01m[Kclass HumanFollowingSignalNode[m[Kâ€™ has no member named â€˜[01m[Kdeclare_parameter[m[Kâ€™
   48 |                         this->[01;31m[Kdeclare_parameter[m[K<std::string>("pub_behaviorMode_topic", "default_behaviorMode_topic");
      |                               [01;31m[K^~~~~~~~~~~~~~~~~[m[K
[01m[K/home/neha/ros2_ws/src/semnav_migration/src/human_following_signal.cpp:48:60:[m[K [01;31m[Kerror: [m[Kexpected primary-expression before â€˜[01m[K>[m[Kâ€™ token
   48 |                         this->declare_parameter<std::string[01;31m[K>[m[K("pub_behaviorMode_topic", "default_behaviorMode_topic");
      |                                                            [01;31m[K^[m[K
[01m[K/home/neha/ros2_ws/src/semnav_migration/src/human_following_signal.cpp:49:31:[m[K [01;31m[Kerror: [m[Kâ€˜[01m[Kclass HumanFollowingSignalNode[m[Kâ€™ has no member named â€˜[01m[Kdeclare_parameter[m[Kâ€™
   49 |                         this->[01;31m[Kdeclare_parameter[m[K<std::string>("sub_laser_topic", "default_laser_topic");
      |                               [01;31m[K^~~~~~~~~~~~~~~~~[m[K
[01m[K/home/neha/ros2_ws/src/semnav_migration/src/human_following_signal.cpp:49:60:[m[K [01;31m[Kerror: [m[Kexpected primary-expression before â€˜[01m[K>[m[Kâ€™ token
   49 |                         this->declare_parameter<std::string[01;31m[K>[m[K("sub_laser_topic", "default_laser_topic");
      |                                                            [01;31m[K^[m[K
[01m[K/home/neha/ros2_ws/src/semnav_migration/src/human_following_signal.cpp:50:31:[m[K [01;31m[Kerror: [m[Kâ€˜[01m[Kclass HumanFollowingSignalNode[m[Kâ€™ has no member named â€˜[01m[Kdeclare_parameter[m[Kâ€™
   50 |                         this->[01;31m[Kdeclare_parameter[m[K<std::string>("sub_robot_topic", "default_robot_topic");
      |                               [01;31m[K^~~~~~~~~~~~~~~~~[m[K
[01m[K/home/neha/ros2_ws/src/semnav_migration/src/human_following_signal.cpp:50:60:[m[K [01;31m[Kerror: [m[Kexpected primary-expression before â€˜[01m[K>[m[Kâ€™ token
   50 |                         this->declare_parameter<std::string[01;31m[K>[m[K("sub_robot_topic", "default_robot_topic");
      |                                                            [01;31m[K^[m[K
[01m[K/home/neha/ros2_ws/src/semnav_migration/src/human_following_signal.cpp:51:31:[m[K [01;31m[Kerror: [m[Kâ€˜[01m[Kclass HumanFollowingSignalNode[m[Kâ€™ has no member named â€˜[01m[Kdeclare_parameter[m[Kâ€™
   51 |                         this->[01;31m[Kdeclare_parameter[m[K<std::string>("sub_semantic_topic", "default_semantic_topic");
      |                               [01;31m[K^~~~~~~~~~~~~~~~~[m[K
[01m[K/home/neha/ros2_ws/src/semnav_migration/src/human_following_signal.cpp:51:60:[m[K [01;31m[Kerror: [m[Kexpected primary-expression before â€˜[01m[K>[m[Kâ€™ token
   51 |                         this->declare_parameter<std::string[01;31m[K>[m[K("sub_semantic_topic", "default_semantic_topic");
      |                                                            [01;31m[K^[m[K
[01m[K/home/neha/ros2_ws/src/semnav_migration/src/human_following_signal.cpp:52:31:[m[K [01;31m[Kerror: [m[Kâ€˜[01m[Kclass HumanFollowingSignalNode[m[Kâ€™ has no member named â€˜[01m[Kdeclare_parameter[m[Kâ€™
   52 |                         this->[01;31m[Kdeclare_parameter[m[K<std::string>("sub_human_topic", "default_human_topic");
      |                               [01;31m[K^~~~~~~~~~~~~~~~~[m[K
[01m[K/home/neha/ros2_ws/src/semnav_migration/src/human_following_signal.cpp:52:60:[m[K [01;31m[Kerror: [m[Kexpected primary-expression before â€˜[01m[K>[m[Kâ€™ token
   52 |                         this->declare_parameter<std::string[01;31m[K>[m[K("sub_human_topic", "default_human_topic");
      |                                                            [01;31m[K^[m[K
[01m[K/home/neha/ros2_ws/src/semnav_migration/src/human_following_signal.cpp:53:31:[m[K [01;31m[Kerror: [m[Kâ€˜[01m[Kclass HumanFollowingSignalNode[m[Kâ€™ has no member named â€˜[01m[Kdeclare_parameter[m[Kâ€™
   53 |                         this->[01;31m[Kdeclare_parameter[m[K<std::string>("world_frame_id", "default_world_frame_id");
      |                               [01;31m[K^~~~~~~~~~~~~~~~~[m[K
[01m[K/home/neha/ros2_ws/src/semnav_migration/src/human_following_signal.cpp:53:60:[m[K [01;31m[Kerror: [m[Kexpected primary-expression before â€˜[01m[K>[m[Kâ€™ token
   53 |                         this->declare_parameter<std::string[01;31m[K>[m[K("world_frame_id", "default_world_frame_id");
      |                                                            [01;31m[K^[m[K
[01m[K/home/neha/ros2_ws/src/semnav_migration/src/human_following_signal.cpp:54:31:[m[K [01;31m[Kerror: [m[Kâ€˜[01m[Kclass HumanFollowingSignalNode[m[Kâ€™ has no member named â€˜[01m[Kdeclare_parameter[m[Kâ€™
   54 |                         this->[01;31m[Kdeclare_parameter[m[K<std::string>("odom_frame_id", "default_odom_frame_id");
      |                               [01;31m[K^~~~~~~~~~~~~~~~~[m[K
[01m[K/home/neha/ros2_ws/src/semnav_migration/src/human_following_signal.cpp:54:60:[m[K [01;31m[Kerror: [m[Kexpected primary-expression before â€˜[01m[K>[m[Kâ€™ token
   54 |                         this->declare_parameter<std::string[01;31m[K>[m[K("odom_frame_id", "default_odom_frame_id");
      |                                                            [01;31m[K^[m[K
[01m[K/home/neha/ros2_ws/src/semnav_migration/src/human_following_signal.cpp:55:31:[m[K [01;31m[Kerror: [m[Kâ€˜[01m[Kclass HumanFollowingSignalNode[m[Kâ€™ has no member named â€˜[01m[Kdeclare_parameter[m[Kâ€™
   55 |                         this->[01;31m[Kdeclare_parameter[m[K<std::string>("camera_optical_frame_id", "default_camera_optical_frame_id");
      |                               [01;31m[K^~~~~~~~~~~~~~~~~[m[K
[01m[K/home/neha/ros2_ws/src/semnav_migration/src/human_following_signal.cpp:55:60:[m[K [01;31m[Kerror: [m[Kexpected primary-expression before â€˜[01m[K>[m[Kâ€™ token
   55 |                         this->declare_parameter<std::string[01;31m[K>[m[K("camera_optical_frame_id", "default_camera_optical_frame_id");
      |                                                            [01;31m[K^[m[K
[01m[K/home/neha/ros2_ws/src/semnav_migration/src/human_following_signal.cpp:56:31:[m[K [01;31m[Kerror: [m[Kâ€˜[01m[Kclass HumanFollowingSignalNode[m[Kâ€™ has no member named â€˜[01m[Kdeclare_parameter[m[Kâ€™
   56 |                         this->[01;31m[Kdeclare_parameter[m[K<std::string>("laser_frame_id", "default_laser_frame_id");
      |                               [01;31m[K^~~~~~~~~~~~~~~~~[m[K
[01m[K/home/neha/ros2_ws/src/semnav_migration/src/human_following_signal.cpp:56:60:[m[K [01;31m[Kerror: [m[Kexpected primary-expression before â€˜[01m[K>[m[Kâ€™ token
   56 |                         this->declare_parameter<std::string[01;31m[K>[m[K("laser_frame_id", "default_laser_frame_id");
      |                                                            [01;31m[K^[m[K
[01m[K/home/neha/ros2_ws/src/semnav_migration/src/human_following_signal.cpp:58:31:[m[K [01;31m[Kerror: [m[Kâ€˜[01m[Kclass HumanFollowingSignalNode[m[Kâ€™ has no member named â€˜[01m[Kdeclare_parameter[m[Kâ€™
   58 |                         this->[01;31m[Kdeclare_parameter[m[K<double>("RobotRadius", 0.0);
      |                               [01;31m[K^~~~~~~~~~~~~~~~~[m[K
[01m[K/home/neha/ros2_ws/src/semnav_migration/src/human_following_signal.cpp:58:49:[m[K [01;31m[Kerror: [m[Kexpected primary-expression before â€˜[01m[Kdouble[m[Kâ€™
   58 |                         this->declare_parameter<[01;31m[Kdouble[m[K>("RobotRadius", 0.0);
      |                                                 [01;31m[K^~~~~~[m[K
[01m[K/home/neha/ros2_ws/src/semnav_migration/src/human_following_signal.cpp:59:31:[m[K [01;31m[Kerror: [m[Kâ€˜[01m[Kclass HumanFollowingSignalNode[m[Kâ€™ has no member named â€˜[01m[Kdeclare_parameter[m[Kâ€™
   59 |                         this->[01;31m[Kdeclare_parameter[m[K<double>("ObstacleDilation", 0.0);
      |                               [01;31m[K^~~~~~~~~~~~~~~~~[m[K
[01m[K/home/neha/ros2_ws/src/semnav_migration/src/human_following_signal.cpp:59:49:[m[K [01;31m[Kerror: [m[Kexpected primary-expression before â€˜[01m[Kdouble[m[Kâ€™
   59 |                         this->declare_parameter<[01;31m[Kdouble[m[K>("ObstacleDilation", 0.0);
      |                                                 [01;31m[K^~~~~~[m[K
[01m[K/home/neha/ros2_ws/src/semnav_migration/src/human_following_signal.cpp:60:31:[m[K [01;31m[Kerror: [m[Kâ€˜[01m[Kclass HumanFollowingSignalNode[m[Kâ€™ has no member named â€˜[01m[Kdeclare_parameter[m[Kâ€™
   60 |                         this->[01;31m[Kdeclare_parameter[m[K<double>("WalkHeight", 0.0);
      |                               [01;31m[K^~~~~~~~~~~~~~~~~[m[K
[01m[K/home/neha/ros2_ws/src/semnav_migration/src/human_following_signal.cpp:60:49:[m[K [01;31m[Kerror: [m[Kexpected primary-expression before â€˜[01m[Kdouble[m[Kâ€™
   60 |                         this->declare_parameter<[01;31m[Kdouble[m[K>("WalkHeight", 0.0);
      |                                                 [01;31m[K^~~~~~[m[K
[01m[K/home/neha/ros2_ws/src/semnav_migration/src/human_following_signal.cpp:62:31:[m[K [01;31m[Kerror: [m[Kâ€˜[01m[Kclass HumanFollowingSignalNode[m[Kâ€™ has no member named â€˜[01m[Kdeclare_parameter[m[Kâ€™
   62 |                         this->[01;31m[Kdeclare_parameter[m[K<double>("AllowableRange", 0.0);
      |                               [01;31m[K^~~~~~~~~~~~~~~~~[m[K
[01m[K/home/neha/ros2_ws/src/semnav_migration/src/human_following_signal.cpp:62:49:[m[K [01;31m[Kerror: [m[Kexpected primary-expression before â€˜[01m[Kdouble[m[Kâ€™
   62 |                         this->declare_parameter<[01;31m[Kdouble[m[K>("AllowableRange", 0.0);
      |                                                 [01;31m[K^~~~~~[m[K
[01m[K/home/neha/ros2_ws/src/semnav_migration/src/human_following_signal.cpp:63:31:[m[K [01;31m[Kerror: [m[Kâ€˜[01m[Kclass HumanFollowingSignalNode[m[Kâ€™ has no member named â€˜[01m[Kdeclare_parameter[m[Kâ€™
   63 |                         this->[01;31m[Kdeclare_parameter[m[K<double>("CutoffRange", 0.0);
      |                               [01;31m[K^~~~~~~~~~~~~~~~~[m[K
[01m[K/home/neha/ros2_ws/src/semnav_migration/src/human_following_signal.cpp:63:49:[m[K [01;31m[Kerror: [m[Kexpected primary-expression before â€˜[01m[Kdouble[m[Kâ€™
   63 |                         this->declare_parameter<[01;31m[Kdouble[m[K>("CutoffRange", 0.0);
      |                                                 [01;31m[K^~~~~~[m[K
[01m[K/home/neha/ros2_ws/src/semnav_migration/src/human_following_signal.cpp:65:31:[m[K [01;31m[Kerror: [m[Kâ€˜[01m[Kclass HumanFollowingSignalNode[m[Kâ€™ has no member named â€˜[01m[Kdeclare_parameter[m[Kâ€™
   65 |                         this->[01;31m[Kdeclare_parameter[m[K<double>("ForwardLinCmdLimit", 0.0);
      |                               [01;31m[K^~~~~~~~~~~~~~~~~[m[K
[01m[K/home/neha/ros2_ws/src/semnav_migration/src/human_following_signal.cpp:65:49:[m[K [01;31m[Kerror: [m[Kexpected primary-expression before â€˜[01m[Kdouble[m[Kâ€™
   65 |                         this->declare_parameter<[01;31m[Kdouble[m[K>("ForwardLinCmdLimit", 0.0);
      |                                                 [01;31m[K^~~~~~[m[K
[01m[K/home/neha/ros2_ws/src/semnav_migration/src/human_following_signal.cpp:66:31:[m[K [01;31m[Kerror: [m[Kâ€˜[01m[Kclass HumanFollowingSignalNode[m[Kâ€™ has no member named â€˜[01m[Kdeclare_parameter[m[Kâ€™
   66 |                         this->[01;31m[Kdeclare_parameter[m[K<double>("BackwardLinCmdLimit", 0.0);
      |                               [01;31m[K^~~~~~~~~~~~~~~~~[m[K
[01m[K/home/neha/ros2_ws/src/semnav_migration/src/human_following_signal.cpp:66:49:[m[K [01;31m[Kerror: [m[Kexpected primary-expression before â€˜[01m[Kdouble[m[Kâ€™
   66 |                         this->declare_parameter<[01;31m[Kdouble[m[K>("BackwardLinCmdLimit", 0.0);
      |                                                 [01;31m[K^~~~~~[m[K
[01m[K/home/neha/ros2_ws/src/semnav_migration/src/human_following_signal.cpp:67:31:[m[K [01;31m[Kerror: [m[Kâ€˜[01m[Kclass HumanFollowingSignalNode[m[Kâ€™ has no member named â€˜[01m[Kdeclare_parameter[m[Kâ€™
   67 |                         this->[01;31m[Kdeclare_parameter[m[K<double>("AngCmdLimit", 0.0);
      |                               [01;31m[K^~~~~~~~~~~~~~~~~[m[K
[01m[K/home/neha/ros2_ws/src/semnav_migration/src/human_following_signal.cpp:67:49:[m[K [01;31m[Kerror: [m[Kexpected primary-expression before â€˜[01m[Kdouble[m[Kâ€™
   67 |                         this->declare_parameter<[01;31m[Kdouble[m[K>("AngCmdLimit", 0.0);
      |                                                 [01;31m[K^~~~~~[m[K
[01m[K/home/neha/ros2_ws/src/semnav_migration/src/human_following_signal.cpp:68:31:[m[K [01;31m[Kerror: [m[Kâ€˜[01m[Kclass HumanFollowingSignalNode[m[Kâ€™ has no member named â€˜[01m[Kdeclare_parameter[m[Kâ€™
   68 |                         this->[01;31m[Kdeclare_parameter[m[K<double>("RFunctionExponent", 0.0);
      |                               [01;31m[K^~~~~~~~~~~~~~~~~[m[K
[01m[K/home/neha/ros2_ws/src/semnav_migration/src/human_following_signal.cpp:68:49:[m[K [01;31m[Kerror: [m[Kexpected primary-expression before â€˜[01m[Kdouble[m[Kâ€™
   68 |                         this->declare_parameter<[01;31m[Kdouble[m[K>("RFunctionExponent", 0.0);
      |                                                 [01;31m[K^~~~~~[m[K
[01m[K/home/neha/ros2_ws/src/semnav_migration/src/human_following_signal.cpp:69:31:[m[K [01;31m[Kerror: [m[Kâ€˜[01m[Kclass HumanFollowingSignalNode[m[Kâ€™ has no member named â€˜[01m[Kdeclare_parameter[m[Kâ€™
   69 |                         this->[01;31m[Kdeclare_parameter[m[K<double>("Epsilon", 0.0);
      |                               [01;31m[K^~~~~~~~~~~~~~~~~[m[K
[01m[K/home/neha/ros2_ws/src/semnav_migration/src/human_following_signal.cpp:69:49:[m[K [01;31m[Kerror: [m[Kexpected primary-expression before â€˜[01m[Kdouble[m[Kâ€™
   69 |                         this->declare_parameter<[01;31m[Kdouble[m[K>("Epsilon", 0.0);
      |                                                 [01;31m[K^~~~~~[m[K
[01m[K/home/neha/ros2_ws/src/semnav_migration/src/human_following_signal.cpp:70:31:[m[K [01;31m[Kerror: [m[Kâ€˜[01m[Kclass HumanFollowingSignalNode[m[Kâ€™ has no member named â€˜[01m[Kdeclare_parameter[m[Kâ€™
   70 |                         this->[01;31m[Kdeclare_parameter[m[K<double>("VarEpsilon", 0.0);
      |                               [01;31m[K^~~~~~~~~~~~~~~~~[m[K
[01m[K/home/neha/ros2_ws/src/semnav_migration/src/human_following_signal.cpp:70:49:[m[K [01;31m[Kerror: [m[Kexpected primary-expression before â€˜[01m[Kdouble[m[Kâ€™
   70 |                         this->declare_parameter<[01;31m[Kdouble[m[K>("VarEpsilon", 0.0);
      |                                                 [01;31m[K^~~~~~[m[K
[01m[K/home/neha/ros2_ws/src/semnav_migration/src/human_following_signal.cpp:71:31:[m[K [01;31m[Kerror: [m[Kâ€˜[01m[Kclass HumanFollowingSignalNode[m[Kâ€™ has no member named â€˜[01m[Kdeclare_parameter[m[Kâ€™
   71 |                         this->[01;31m[Kdeclare_parameter[m[K<double>("Mu1", 0.0);
      |                               [01;31m[K^~~~~~~~~~~~~~~~~[m[K
[01m[K/home/neha/ros2_ws/src/semnav_migration/src/human_following_signal.cpp:71:49:[m[K [01;31m[Kerror: [m[Kexpected primary-expression before â€˜[01m[Kdouble[m[Kâ€™
   71 |                         this->declare_parameter<[01;31m[Kdouble[m[K>("Mu1", 0.0);
      |                                                 [01;31m[K^~~~~~[m[K
[01m[K/home/neha/ros2_ws/src/semnav_migration/src/human_following_signal.cpp:72:31:[m[K [01;31m[Kerror: [m[Kâ€˜[01m[Kclass HumanFollowingSignalNode[m[Kâ€™ has no member named â€˜[01m[Kdeclare_parameter[m[Kâ€™
   72 |                         this->[01;31m[Kdeclare_parameter[m[K<double>("Mu2", 0.0);
      |                               [01;31m[K^~~~~~~~~~~~~~~~~[m[K
[01m[K/home/neha/ros2_ws/src/semnav_migration/src/human_following_signal.cpp:72:49:[m[K [01;31m[Kerror: [m[Kexpected primary-expression before â€˜[01m[Kdouble[m[Kâ€™
   72 |                         this->declare_parameter<[01;31m[Kdouble[m[K>("Mu2", 0.0);
      |                                                 [01;31m[K^~~~~~[m[K
[01m[K/home/neha/ros2_ws/src/semnav_migration/src/human_following_signal.cpp:73:31:[m[K [01;31m[Kerror: [m[Kâ€˜[01m[Kclass HumanFollowingSignalNode[m[Kâ€™ has no member named â€˜[01m[Kdeclare_parameter[m[Kâ€™
   73 |                         this->[01;31m[Kdeclare_parameter[m[K<double>("SemanticMapUpdateRate", 0.0);
      |                               [01;31m[K^~~~~~~~~~~~~~~~~[m[K
[01m[K/home/neha/ros2_ws/src/semnav_migration/src/human_following_signal.cpp:73:49:[m[K [01;31m[Kerror: [m[Kexpected primary-expression before â€˜[01m[Kdouble[m[Kâ€™
   73 |                         this->declare_parameter<[01;31m[Kdouble[m[K>("SemanticMapUpdateRate", 0.0);
      |                                                 [01;31m[K^~~~~~[m[K
[01m[K/home/neha/ros2_ws/src/semnav_migration/src/human_following_signal.cpp:75:31:[m[K [01;31m[Kerror: [m[Kâ€˜[01m[Kclass HumanFollowingSignalNode[m[Kâ€™ has no member named â€˜[01m[Kdeclare_parameter[m[Kâ€™
   75 |                         this->[01;31m[Kdeclare_parameter[m[K<double>("LinearGain", 0.0);
      |                               [01;31m[K^~~~~~~~~~~~~~~~~[m[K
[01m[K/home/neha/ros2_ws/src/semnav_migration/src/human_following_signal.cpp:75:49:[m[K [01;31m[Kerror: [m[Kexpected primary-expression before â€˜[01m[Kdouble[m[Kâ€™
   75 |                         this->declare_parameter<[01;31m[Kdouble[m[K>("LinearGain", 0.0);
      |                                                 [01;31m[K^~~~~~[m[K
[01m[K/home/neha/ros2_ws/src/semnav_migration/src/human_following_signal.cpp:76:31:[m[K [01;31m[Kerror: [m[Kâ€˜[01m[Kclass HumanFollowingSignalNode[m[Kâ€™ has no member named â€˜[01m[Kdeclare_parameter[m[Kâ€™
   76 |                         this->[01;31m[Kdeclare_parameter[m[K<double>("AngularGain", 0.0);
      |                               [01;31m[K^~~~~~~~~~~~~~~~~[m[K
[01m[K/home/neha/ros2_ws/src/semnav_migration/src/human_following_signal.cpp:76:49:[m[K [01;31m[Kerror: [m[Kexpected primary-expression before â€˜[01m[Kdouble[m[Kâ€™
   76 |                         this->declare_parameter<[01;31m[Kdouble[m[K>("AngularGain", 0.0);
      |                                                 [01;31m[K^~~~~~[m[K
[01m[K/home/neha/ros2_ws/src/semnav_migration/src/human_following_signal.cpp:78:31:[m[K [01;31m[Kerror: [m[Kâ€˜[01m[Kclass HumanFollowingSignalNode[m[Kâ€™ has no member named â€˜[01m[Kdeclare_parameter[m[Kâ€™
   78 |                         this->[01;31m[Kdeclare_parameter[m[K<double>("Goal_x", 0.0);
      |                               [01;31m[K^~~~~~~~~~~~~~~~~[m[K
[01m[K/home/neha/ros2_ws/src/semnav_migration/src/human_following_signal.cpp:78:49:[m[K [01;31m[Kerror: [m[Kexpected primary-expression before â€˜[01m[Kdouble[m[Kâ€™
   78 |                         this->declare_parameter<[01;31m[Kdouble[m[K>("Goal_x", 0.0);
      |                                                 [01;31m[K^~~~~~[m[K
[01m[K/home/neha/ros2_ws/src/semnav_migration/src/human_following_signal.cpp:79:31:[m[K [01;31m[Kerror: [m[Kâ€˜[01m[Kclass HumanFollowingSignalNode[m[Kâ€™ has no member named â€˜[01m[Kdeclare_parameter[m[Kâ€™
   79 |                         this->[01;31m[Kdeclare_parameter[m[K<double>("Goal_y", 0.0);
      |                               [01;31m[K^~~~~~~~~~~~~~~~~[m[K
[01m[K/home/neha/ros2_ws/src/semnav_migration/src/human_following_signal.cpp:79:49:[m[K [01;31m[Kerror: [m[Kexpected primary-expression before â€˜[01m[Kdouble[m[Kâ€™
   79 |                         this->declare_parameter<[01;31m[Kdouble[m[K>("Goal_y", 0.0);
      |                                                 [01;31m[K^~~~~~[m[K
[01m[K/home/neha/ros2_ws/src/semnav_migration/src/human_following_signal.cpp:80:31:[m[K [01;31m[Kerror: [m[Kâ€˜[01m[Kclass HumanFollowingSignalNode[m[Kâ€™ has no member named â€˜[01m[Kdeclare_parameter[m[Kâ€™
   80 |                         this->[01;31m[Kdeclare_parameter[m[K<double>("Tolerance", 0.0);
      |                               [01;31m[K^~~~~~~~~~~~~~~~~[m[K
[01m[K/home/neha/ros2_ws/src/semnav_migration/src/human_following_signal.cpp:80:49:[m[K [01;31m[Kerror: [m[Kexpected primary-expression before â€˜[01m[Kdouble[m[Kâ€™
   80 |                         this->declare_parameter<[01;31m[Kdouble[m[K>("Tolerance", 0.0);
      |                                                 [01;31m[K^~~~~~[m[K
[01m[K/home/neha/ros2_ws/src/semnav_migration/src/human_following_signal.cpp:82:31:[m[K [01;31m[Kerror: [m[Kâ€˜[01m[Kclass HumanFollowingSignalNode[m[Kâ€™ has no member named â€˜[01m[Kdeclare_parameter[m[Kâ€™
   82 |                         this->[01;31m[Kdeclare_parameter[m[K<double>("LowpassCutOff", 0.0);
      |                               [01;31m[K^~~~~~~~~~~~~~~~~[m[K
[01m[K/home/neha/ros2_ws/src/semnav_migration/src/human_following_signal.cpp:82:49:[m[K [01;31m[Kerror: [m[Kexpected primary-expression before â€˜[01m[Kdouble[m[Kâ€™
   82 |                         this->declare_parameter<[01;31m[Kdouble[m[K>("LowpassCutOff", 0.0);
      |                                                 [01;31m[K^~~~~~[m[K
[01m[K/home/neha/ros2_ws/src/semnav_migration/src/human_following_signal.cpp:83:31:[m[K [01;31m[Kerror: [m[Kâ€˜[01m[Kclass HumanFollowingSignalNode[m[Kâ€™ has no member named â€˜[01m[Kdeclare_parameter[m[Kâ€™
   83 |                         this->[01;31m[Kdeclare_parameter[m[K<double>("LowpassSampling", 0.0);
      |                               [01;31m[K^~~~~~~~~~~~~~~~~[m[K
[01m[K/home/neha/ros2_ws/src/semnav_migration/src/human_following_signal.cpp:83:49:[m[K [01;31m[Kerror: [m[Kexpected primary-expression before â€˜[01m[Kdouble[m[Kâ€™
   83 |                         this->declare_parameter<[01;31m[Kdouble[m[K>("LowpassSampling", 0.0);
      |                                                 [01;31m[K^~~~~~[m[K
[01m[K/home/neha/ros2_ws/src/semnav_migration/src/human_following_signal.cpp:84:31:[m[K [01;31m[Kerror: [m[Kâ€˜[01m[Kclass HumanFollowingSignalNode[m[Kâ€™ has no member named â€˜[01m[Kdeclare_parameter[m[Kâ€™
   84 |                         this->[01;31m[Kdeclare_parameter[m[K<int>("LowpassOrder", 0);
      |                               [01;31m[K^~~~~~~~~~~~~~~~~[m[K
[01m[K/home/neha/ros2_ws/src/semnav_migration/src/human_following_signal.cpp:84:49:[m[K [01;31m[Kerror: [m[Kexpected primary-expression before â€˜[01m[Kint[m[Kâ€™
   84 |                         this->declare_parameter<[01;31m[Kint[m[K>("LowpassOrder", 0);
      |                                                 [01;31m[K^~~[m[K
[01m[K/home/neha/ros2_ws/src/semnav_migration/src/human_following_signal.cpp:85:31:[m[K [01;31m[Kerror: [m[Kâ€˜[01m[Kclass HumanFollowingSignalNode[m[Kâ€™ has no member named â€˜[01m[Kdeclare_parameter[m[Kâ€™
   85 |                         this->[01;31m[Kdeclare_parameter[m[K<int>("LowpassSamples", 0);
      |                               [01;31m[K^~~~~~~~~~~~~~~~~[m[K
[01m[K/home/neha/ros2_ws/src/semnav_migration/src/human_following_signal.cpp:85:49:[m[K [01;31m[Kerror: [m[Kexpected primary-expression before â€˜[01m[Kint[m[Kâ€™
   85 |                         this->declare_parameter<[01;31m[Kint[m[K>("LowpassSamples", 0);
      |                                                 [01;31m[K^~~[m[K
[01m[K/home/neha/ros2_ws/src/semnav_migration/src/human_following_signal.cpp:87:31:[m[K [01;31m[Kerror: [m[Kâ€˜[01m[Kclass HumanFollowingSignalNode[m[Kâ€™ has no member named â€˜[01m[Kdeclare_parameter[m[Kâ€™
   87 |                         this->[01;31m[Kdeclare_parameter[m[K<bool>("DebugFlag", false);
      |                               [01;31m[K^~~~~~~~~~~~~~~~~[m[K
[01m[K/home/neha/ros2_ws/src/semnav_migration/src/human_following_signal.cpp:87:49:[m[K [01;31m[Kerror: [m[Kexpected primary-expression before â€˜[01m[Kbool[m[Kâ€™
   87 |                         this->declare_parameter<[01;31m[Kbool[m[K>("DebugFlag", false);
      |                                                 [01;31m[K^~~~[m[K
[01m[K/home/neha/ros2_ws/src/semnav_migration/src/human_following_signal.cpp:90:50:[m[K [01;31m[Kerror: [m[Kâ€˜[01m[Kclass HumanFollowingSignalNode[m[Kâ€™ has no member named â€˜[01m[Kget_parameter[m[Kâ€™
   90 |                         pub_twist_topic_ = this->[01;31m[Kget_parameter[m[K("pub_twist_topic").as_string();
      |                                                  [01;31m[K^~~~~~~~~~~~~[m[K
[01m[K/home/neha/ros2_ws/src/semnav_migration/src/human_following_signal.cpp:91:55:[m[K [01;31m[Kerror: [m[Kâ€˜[01m[Kclass HumanFollowingSignalNode[m[Kâ€™ has no member named â€˜[01m[Kget_parameter[m[Kâ€™
   91 |                         pub_behaviorID_topic_ = this->[01;31m[Kget_parameter[m[K("pub_behaviorID_topic").as_string();
      |                                                       [01;31m[K^~~~~~~~~~~~~[m[K
[01m[K/home/neha/ros2_ws/src/semnav_migration/src/human_following_signal.cpp:92:57:[m[K [01;31m[Kerror: [m[Kâ€˜[01m[Kclass HumanFollowingSignalNode[m[Kâ€™ has no member named â€˜[01m[Kget_parameter[m[Kâ€™
   92 |                         pub_behaviorMode_topic_ = this->[01;31m[Kget_parameter[m[K("pub_behaviorMode_topic").as_string();
      |                                                         [01;31m[K^~~~~~~~~~~~~[m[K
[01m[K/home/neha/ros2_ws/src/semnav_migration/src/human_following_signal.cpp:93:50:[m[K [01;31m[Kerror: [m[Kâ€˜[01m[Kclass HumanFollowingSignalNode[m[Kâ€™ has no member named â€˜[01m[Kget_parameter[m[Kâ€™
   93 |                         sub_laser_topic_ = this->[01;31m[Kget_parameter[m[K("sub_laser_topic").as_string();
      |                                                  [01;31m[K^~~~~~~~~~~~~[m[K
[01m[K/home/neha/ros2_ws/src/semnav_migration/src/human_following_signal.cpp:94:50:[m[K [01;31m[Kerror: [m[Kâ€˜[01m[Kclass HumanFollowingSignalNode[m[Kâ€™ has no member named â€˜[01m[Kget_parameter[m[Kâ€™
   94 |                         sub_robot_topic_ = this->[01;31m[Kget_parameter[m[K("sub_robot_topic").as_string();
      |                                                  [01;31m[K^~~~~~~~~~~~~[m[K
[01m[K/home/neha/ros2_ws/src/semnav_migration/src/human_following_signal.cpp:95:53:[m[K [01;31m[Kerror: [m[Kâ€˜[01m[Kclass HumanFollowingSignalNode[m[Kâ€™ has no member named â€˜[01m[Kget_parameter[m[Kâ€™
   95 |                         sub_semantic_topic_ = this->[01;31m[Kget_parameter[m[K("sub_semantic_topic").as_string();
      |                                                     [01;31m[K^~~~~~~~~~~~~[m[K
[01m[K/home/neha/ros2_ws/src/semnav_migration/src/human_following_signal.cpp:96:50:[m[K [01;31m[Kerror: [m[Kâ€˜[01m[Kclass HumanFollowingSignalNode[m[Kâ€™ has no member named â€˜[01m[Kget_parameter[m[Kâ€™
   96 |                         sub_human_topic_ = this->[01;31m[Kget_parameter[m[K("sub_human_topic").as_string();
      |                                                  [01;31m[K^~~~~~~~~~~~~[m[K
[01m[K/home/neha/ros2_ws/src/semnav_migration/src/human_following_signal.cpp:97:49:[m[K [01;31m[Kerror: [m[Kâ€˜[01m[Kclass HumanFollowingSignalNode[m[Kâ€™ has no member named â€˜[01m[Kget_parameter[m[Kâ€™
   97 |                         world_frame_id_ = this->[01;31m[Kget_parameter[m[K("world_frame_id").as_string();
      |                                                 [01;31m[K^~~~~~~~~~~~~[m[K
[01m[K/home/neha/ros2_ws/src/semnav_migration/src/human_following_signal.cpp:98:48:[m[K [01;31m[Kerror: [m[Kâ€˜[01m[Kclass HumanFollowingSignalNode[m[Kâ€™ has no member named â€˜[01m[Kget_parameter[m[Kâ€™
   98 |                         odom_frame_id_ = this->[01;31m[Kget_parameter[m[K("odom_frame_id").as_string();
      |                                                [01;31m[K^~~~~~~~~~~~~[m[K
[01m[K/home/neha/ros2_ws/src/semnav_migration/src/human_following_signal.cpp:99:58:[m[K [01;31m[Kerror: [m[Kâ€˜[01m[Kclass HumanFollowingSignalNode[m[Kâ€™ has no member named â€˜[01m[Kget_parameter[m[Kâ€™
   99 |                         camera_optical_frame_id_ = this->[01;31m[Kget_parameter[m[K("camera_optical_frame_id").as_string();
      |                                                          [01;31m[K^~~~~~~~~~~~~[m[K
[01m[K/home/neha/ros2_ws/src/semnav_migration/src/human_following_signal.cpp:100:49:[m[K [01;31m[Kerror: [m[Kâ€˜[01m[Kclass HumanFollowingSignalNode[m[Kâ€™ has no member named â€˜[01m[Kget_parameter[m[Kâ€™
  100 |                         laser_frame_id_ = this->[01;31m[Kget_parameter[m[K("laser_frame_id").as_string();
      |                                                 [01;31m[K^~~~~~~~~~~~~[m[K
[01m[K/home/neha/ros2_ws/src/semnav_migration/src/human_following_signal.cpp:102:46:[m[K [01;31m[Kerror: [m[Kâ€˜[01m[Kclass HumanFollowingSignalNode[m[Kâ€™ has no member named â€˜[01m[Kget_parameter[m[Kâ€™
  102 |                         RobotRadius_ = this->[01;31m[Kget_parameter[m[K("RobotRadius").as_double();
      |                                              [01;31m[K^~~~~~~~~~~~~[m[K
[01m[K/home/neha/ros2_ws/src/semnav_migration/src/human_following_signal.cpp:103:51:[m[K [01;31m[Kerror: [m[Kâ€˜[01m[Kclass HumanFollowingSignalNode[m[Kâ€™ has no member named â€˜[01m[Kget_parameter[m[Kâ€™
  103 |                         ObstacleDilation_ = this->[01;31m[Kget_parameter[m[K("ObstacleDilation").as_double();
      |                                                   [01;31m[K^~~~~~~~~~~~~[m[K
[01m[K/home/neha/ros2_ws/src/semnav_migration/src/human_following_signal.cpp:104:45:[m[K [01;31m[Kerror: [m[Kâ€˜[01m[Kclass HumanFollowingSignalNode[m[Kâ€™ has no member named â€˜[01m[Kget_parameter[m[Kâ€™
  104 |                         WalkHeight_ = this->[01;31m[Kget_parameter[m[K("WalkHeight").as_double();
      |                                             [01;31m[K^~~~~~~~~~~~~[m[K
[01m[K/home/neha/ros2_ws/src/semnav_migration/src/human_following_signal.cpp:106:49:[m[K [01;31m[Kerror: [m[Kâ€˜[01m[Kclass HumanFollowingSignalNode[m[Kâ€™ has no member named â€˜[01m[Kget_parameter[m[Kâ€™
  106 |                         AllowableRange_ = this->[01;31m[Kget_parameter[m[K("AllowableRange").as_double();
      |                                                 [01;31m[K^~~~~~~~~~~~~[m[K
[01m[K/home/neha/ros2_ws/src/semnav_migration/src/human_following_signal.cpp:107:46:[m[K [01;31m[Kerror: [m[Kâ€˜[01m[Kclass HumanFollowingSignalNode[m[Kâ€™ has no member named â€˜[01m[Kget_parameter[m[Kâ€™
  107 |                         CutoffRange_ = this->[01;31m[Kget_parameter[m[K("CutoffRange").as_double();
      |                                              [01;31m[K^~~~~~~~~~~~~[m[K
[01m[K/home/neha/ros2_ws/src/semnav_migration/src/human_following_signal.cpp:109:53:[m[K [01;31m[Kerror: [m[Kâ€˜[01m[Kclass HumanFollowingSignalNode[m[Kâ€™ has no member named â€˜[01m[Kget_parameter[m[Kâ€™
  109 |                         ForwardLinCmdLimit_ = this->[01;31m[Kget_parameter[m[K("ForwardLinCmdLimit").as_double();
      |                                                     [01;31m[K^~~~~~~~~~~~~[m[K
[01m[K/home/neha/ros2_ws/src/semnav_migration/src/human_following_signal.cpp:110:54:[m[K [01;31m[Kerror: [m[Kâ€˜[01m[Kclass HumanFollowingSignalNode[m[Kâ€™ has no member named â€˜[01m[Kget_parameter[m[Kâ€™
  110 |                         BackwardLinCmdLimit_ = this->[01;31m[Kget_parameter[m[K("BackwardLinCmdLimit").as_double();
      |                                                      [01;31m[K^~~~~~~~~~~~~[m[K
[01m[K/home/neha/ros2_ws/src/semnav_migration/src/human_following_signal.cpp:111:46:[m[K [01;31m[Kerror: [m[Kâ€˜[01m[Kclass HumanFollowingSignalNode[m[Kâ€™ has no member named â€˜[01m[Kget_parameter[m[Kâ€™
  111 |                         AngCmdLimit_ = this->[01;31m[Kget_parameter[m[K("AngCmdLimit").as_double();
      |                                              [01;31m[K^~~~~~~~~~~~~[m[K
[01m[K/home/neha/ros2_ws/src/semnav_migration/src/human_following_signal.cpp:112:52:[m[K [01;31m[Kerror: [m[Kâ€˜[01m[Kclass HumanFollowingSignalNode[m[Kâ€™ has no member named â€˜[01m[Kget_parameter[m[Kâ€™
  112 |                         RFunctionExponent_ = this->[01;31m[Kget_parameter[m[K("RFunctionExponent").as_double();
      |                                                    [01;31m[K^~~~~~~~~~~~~[m[K
[01m[K/home/neha/ros2_ws/src/semnav_migration/src/human_following_signal.cpp:113:42:[m[K [01;31m[Kerror: [m[Kâ€˜[01m[Kclass HumanFollowingSignalNode[m[Kâ€™ has no member named â€˜[01m[Kget_parameter[m[Kâ€™
  113 |                         Epsilon_ = this->[01;31m[Kget_parameter[m[K("Epsilon").as_double();
      |                                          [01;31m[K^~~~~~~~~~~~~[m[K
[01m[K/home/neha/ros2_ws/src/semnav_migration/src/human_following_signal.cpp:114:45:[m[K [01;31m[Kerror: [m[Kâ€˜[01m[Kclass HumanFollowingSignalNode[m[Kâ€™ has no member named â€˜[01m[Kget_parameter[m[Kâ€™
  114 |                         VarEpsilon_ = this->[01;31m[Kget_parameter[m[K("VarEpsilon").as_double();
      |                                             [01;31m[K^~~~~~~~~~~~~[m[K
[01m[K/home/neha/ros2_ws/src/semnav_migration/src/human_following_signal.cpp:115:38:[m[K [01;31m[Kerror: [m[Kâ€˜[01m[Kclass HumanFollowingSignalNode[m[Kâ€™ has no member named â€˜[01m[Kget_parameter[m[Kâ€™
  115 |                         Mu1_ = this->[01;31m[Kget_parameter[m[K("Mu1").as_double();
      |                                      [01;31m[K^~~~~~~~~~~~~[m[K
[01m[K/home/neha/ros2_ws/src/semnav_migration/src/human_following_signal.cpp:116:38:[m[K [01;31m[Kerror: [m[Kâ€˜[01m[Kclass HumanFollowingSignalNode[m[Kâ€™ has no member named â€˜[01m[Kget_parameter[m[Kâ€™
  116 |                         Mu2_ = this->[01;31m[Kget_parameter[m[K("Mu2").as_double();
      |                                      [01;31m[K^~~~~~~~~~~~~[m[K
[01m[K/home/neha/ros2_ws/src/semnav_migration/src/human_following_signal.cpp:117:55:[m[K [01;31m[Kerror: [m[Kâ€˜[01m[Kclass HumanFollowingSignalNode[m[Kâ€™ has no member named â€˜[01m[Kget_parameter[m[Kâ€™
  117 |                         DiffeoTreeUpdateRate_ = this->[01;31m[Kget_parameter[m[K("SemanticMapUpdateRate").as_double();
      |                                                       [01;31m[K^~~~~~~~~~~~~[m[K
[01m[K/home/neha/ros2_ws/src/semnav_migration/src/human_following_signal.cpp:120:45:[m[K [01;31m[Kerror: [m[Kâ€˜[01m[Kclass HumanFollowingSignalNode[m[Kâ€™ has no member named â€˜[01m[Kget_parameter[m[Kâ€™
  120 |                         LinearGain_ = this->[01;31m[Kget_parameter[m[K("LinearGain").as_double();
      |                                             [01;31m[K^~~~~~~~~~~~~[m[K
[01m[K/home/neha/ros2_ws/src/semnav_migration/src/human_following_signal.cpp:121:46:[m[K [01;31m[Kerror: [m[Kâ€˜[01m[Kclass HumanFollowingSignalNode[m[Kâ€™ has no member named â€˜[01m[Kget_parameter[m[Kâ€™
  121 |                         AngularGain_ = this->[01;31m[Kget_parameter[m[K("AngularGain").as_double();
      |                                              [01;31m[K^~~~~~~~~~~~~[m[K
[01m[K/home/neha/ros2_ws/src/semnav_migration/src/human_following_signal.cpp:123:41:[m[K [01;31m[Kerror: [m[Kâ€˜[01m[Kclass HumanFollowingSignalNode[m[Kâ€™ has no member named â€˜[01m[Kget_parameter[m[Kâ€™
  123 |                         Goal_x_ = this->[01;31m[Kget_parameter[m[K("Goal_x").as_double();
      |                                         [01;31m[K^~~~~~~~~~~~~[m[K
[01m[K/home/neha/ros2_ws/src/semnav_migration/src/human_following_signal.cpp:124:41:[m[K [01;31m[Kerror: [m[Kâ€˜[01m[Kclass HumanFollowingSignalNode[m[Kâ€™ has no member named â€˜[01m[Kget_parameter[m[Kâ€™
  124 |                         Goal_y_ = this->[01;31m[Kget_parameter[m[K("Goal_y").as_double();
      |                                         [01;31m[K^~~~~~~~~~~~~[m[K
[01m[K/home/neha/ros2_ws/src/semnav_migration/src/human_following_signal.cpp:127:44:[m[K [01;31m[Kerror: [m[Kâ€˜[01m[Kclass HumanFollowingSignalNode[m[Kâ€™ has no member named â€˜[01m[Kget_parameter[m[Kâ€™
  127 |                         Tolerance_ = this->[01;31m[Kget_parameter[m[K("Tolerance").as_double();
      |                                            [01;31m[K^~~~~~~~~~~~~[m[K
[01m[K/home/neha/ros2_ws/src/semnav_migration/src/human_following_signal.cpp:129:48:[m[K [01;31m[Kerror: [m[Kâ€˜[01m[Kclass HumanFollowingSignalNode[m[Kâ€™ has no member named â€˜[01m[Kget_parameter[m[Kâ€™
  129 |                         LowpassCutoff_ = this->[01;31m[Kget_parameter[m[K("LowpassCutOff").as_double();
      |                                                [01;31m[K^~~~~~~~~~~~~[m[K
[01m[K/home/neha/ros2_ws/src/semnav_migration/src/human_following_signal.cpp:130:50:[m[K [01;31m[Kerror: [m[Kâ€˜[01m[Kclass HumanFollowingSignalNode[m[Kâ€™ has no member named â€˜[01m[Kget_parameter[m[Kâ€™
  130 |                         LowpassSampling_ = this->[01;31m[Kget_parameter[m[K("LowpassSampling").as_double();
      |                                                  [01;31m[K^~~~~~~~~~~~~[m[K
[01m[K/home/neha/ros2_ws/src/semnav_migration/src/human_following_signal.cpp:131:47:[m[K [01;31m[Kerror: [m[Kâ€˜[01m[Kclass HumanFollowingSignalNode[m[Kâ€™ has no member named â€˜[01m[Kget_parameter[m[Kâ€™
  131 |                         LowpassOrder_ = this->[01;31m[Kget_parameter[m[K("LowpassOrder").as_int();
      |                                               [01;31m[K^~~~~~~~~~~~~[m[K
[01m[K/home/neha/ros2_ws/src/semnav_migration/src/human_following_signal.cpp:132:49:[m[K [01;31m[Kerror: [m[Kâ€˜[01m[Kclass HumanFollowingSignalNode[m[Kâ€™ has no member named â€˜[01m[Kget_parameter[m[Kâ€™
  132 |                         LowpassSamples_ = this->[01;31m[Kget_parameter[m[K("LowpassSamples").as_int();
      |                                                 [01;31m[K^~~~~~~~~~~~~[m[K
[01m[K/home/neha/ros2_ws/src/semnav_migration/src/human_following_signal.cpp:134:44:[m[K [01;31m[Kerror: [m[Kâ€˜[01m[Kclass HumanFollowingSignalNode[m[Kâ€™ has no member named â€˜[01m[Kget_parameter[m[Kâ€™
  134 |                         DebugFlag_ = this->[01;31m[Kget_parameter[m[K("DebugFlag").as_bool();
      |                                            [01;31m[K^~~~~~~~~~~~~[m[K
[01m[K/home/neha/ros2_ws/src/semnav_migration/src/human_following_signal.cpp:137:47:[m[K [01;31m[Kerror: [m[Kâ€˜[01m[Kclass rclcpp::Node[m[Kâ€™ has no member named â€˜[01m[Kadvertise[m[Kâ€™
  137 |                         pub_behaviorID_ = nh_.[01;31m[Kadvertise[m[K<std_msgs::UInt32>(pub_behaviorID_topic_, 1, true);
      |                                               [01;31m[K^~~~~~~~~[m[K
[01m[K/home/neha/ros2_ws/src/semnav_migration/src/human_following_signal.cpp:137:67:[m[K [01;31m[Kerror: [m[Kâ€˜[01m[KUInt32[m[Kâ€™ is not a member of â€˜[01m[Kstd_msgs[m[Kâ€™; did you mean â€˜[01m[Kexample_interfaces::msg::UInt32[m[Kâ€™?
  137 |                         pub_behaviorID_ = nh_.advertise<std_msgs::[01;31m[KUInt32[m[K>(pub_behaviorID_topic_, 1, true);
      |                                                                   [01;31m[K^~~~~~[m[K
In file included from [01m[K/opt/ros/jazzy/include/example_interfaces/example_interfaces/msg/u_int32.hpp:7[m[K,
                 from [01m[K/home/neha/ros2_ws/src/semnav_migration/include/reactive_planner_lib.h:52[m[K:
[01m[K/opt/ros/jazzy/include/example_interfaces/example_interfaces/msg/detail/u_int32__struct.hpp:125:7:[m[K [01;36m[Knote: [m[Kâ€˜[01m[Kexample_interfaces::msg::UInt32[m[Kâ€™ declared here
  125 | using [01;36m[KUInt32[m[K =
      |       [01;36m[K^~~~~~[m[K
[01m[K/home/neha/ros2_ws/src/semnav_migration/src/human_following_signal.cpp:138:49:[m[K [01;31m[Kerror: [m[Kâ€˜[01m[Kclass rclcpp::Node[m[Kâ€™ has no member named â€˜[01m[Kadvertise[m[Kâ€™
  138 |                         pub_behaviorMode_ = nh_.[01;31m[Kadvertise[m[K<std_msgs::UInt32>(pub_behaviorMode_topic_, 1, true);
      |                                                 [01;31m[K^~~~~~~~~[m[K
[01m[K/home/neha/ros2_ws/src/semnav_migration/src/human_following_signal.cpp:138:69:[m[K [01;31m[Kerror: [m[Kâ€˜[01m[KUInt32[m[Kâ€™ is not a member of â€˜[01m[Kstd_msgs[m[Kâ€™; did you mean â€˜[01m[Kexample_interfaces::msg::UInt32[m[Kâ€™?
  138 |                         pub_behaviorMode_ = nh_.advertise<std_msgs::[01;31m[KUInt32[m[K>(pub_behaviorMode_topic_, 1, true);
      |                                                                     [01;31m[K^~~~~~[m[K
[01m[K/opt/ros/jazzy/include/example_interfaces/example_interfaces/msg/detail/u_int32__struct.hpp:125:7:[m[K [01;36m[Knote: [m[Kâ€˜[01m[Kexample_interfaces::msg::UInt32[m[Kâ€™ declared here
  125 | using [01;36m[KUInt32[m[K =
      |       [01;36m[K^~~~~~[m[K
[01m[K/home/neha/ros2_ws/src/semnav_migration/src/human_following_signal.cpp:139:42:[m[K [01;31m[Kerror: [m[Kâ€˜[01m[Kclass rclcpp::Node[m[Kâ€™ has no member named â€˜[01m[Kadvertise[m[Kâ€™
  139 |                         pub_twist_ = nh_.[01;31m[Kadvertise[m[K<geometry_msgs::Twist>(pub_twist_topic_, 1, true);
      |                                          [01;31m[K^~~~~~~~~[m[K
[01m[K/home/neha/ros2_ws/src/semnav_migration/src/human_following_signal.cpp:139:67:[m[K [01;31m[Kerror: [m[Kâ€˜[01m[KTwist[m[Kâ€™ is not a member of â€˜[01m[Kgeometry_msgs[m[Kâ€™; did you mean â€˜[01m[Kgeometry_msgs::msg::Twist[m[Kâ€™?
  139 |                         pub_twist_ = nh_.advertise<geometry_msgs::[01;31m[KTwist[m[K>(pub_twist_topic_, 1, true);
      |                                                                   [01;31m[K^~~~~[m[K
In file included from [01m[K/opt/ros/jazzy/include/geometry_msgs/geometry_msgs/msg/detail/velocity_stamped__struct.hpp:25[m[K,
                 from [01m[K/opt/ros/jazzy/include/geometry_msgs/geometry_msgs/msg/velocity_stamped.hpp:7[m[K,
                 from [01m[K/opt/ros/jazzy/include/tf2/tf2/buffer_core.h:49[m[K,
                 from [01m[K/opt/ros/jazzy/include/tf2_ros/tf2_ros/async_buffer_interface.h:39[m[K,
                 from [01m[K/opt/ros/jazzy/include/tf2_ros/tf2_ros/buffer.h:42[m[K,
                 from [01m[K/home/neha/ros2_ws/src/semnav_migration/include/reactive_planner_lib.h:40[m[K:
[01m[K/opt/ros/jazzy/include/geometry_msgs/geometry_msgs/msg/detail/twist__struct.hpp:137:7:[m[K [01;36m[Knote: [m[Kâ€˜[01m[Kgeometry_msgs::msg::Twist[m[Kâ€™ declared here
  137 | using [01;36m[KTwist[m[K =
      |       [01;36m[K^~~~~[m[K
[01m[K/home/neha/ros2_ws/src/semnav_migration/src/human_following_signal.cpp:142:66:[m[K [01;31m[Kerror: [m[Kâ€˜[01m[KLaserScan[m[Kâ€™ is not a member of â€˜[01m[Ksensor_msgs[m[Kâ€™; did you mean â€˜[01m[Ksensor_msgs::msg::LaserScan[m[Kâ€™?
  142 |                         message_filters::Subscriber<sensor_msgs::[01;31m[KLaserScan[m[K> sub_laser(nh_, sub_laser_topic_, 1);
      |                                                                  [01;31m[K^~~~~~~~~[m[K
In file included from [01m[K/opt/ros/jazzy/include/sensor_msgs/sensor_msgs/msg/laser_scan.hpp:7[m[K,
                 from [01m[K/home/neha/ros2_ws/src/semnav_migration/include/reactive_planner_lib.h:50[m[K:
[01m[K/opt/ros/jazzy/include/sensor_msgs/sensor_msgs/msg/detail/laser_scan__struct.hpp:250:7:[m[K [01;36m[Knote: [m[Kâ€˜[01m[Ksensor_msgs::msg::LaserScan[m[Kâ€™ declared here
  250 | using [01;36m[KLaserScan[m[K =
      |       [01;36m[K^~~~~~~~~[m[K
[01m[K/home/neha/ros2_ws/src/semnav_migration/src/human_following_signal.cpp:142:75:[m[K [01;31m[Kerror: [m[Ktemplate argument 1 is invalid
  142 |                         message_filters::Subscriber<sensor_msgs::LaserScan[01;31m[K>[m[K sub_laser(nh_, sub_laser_topic_, 1);
      |                                                                           [01;31m[K^[m[K
[01m[K/home/neha/ros2_ws/src/semnav_migration/src/human_following_signal.cpp:142:111:[m[K [01;31m[Kerror: [m[Kexpression list treated as compound expression in initializer [[01;31m[K]8;;https://gcc.gnu.org/onlinedocs/gcc/Warning-Options.html#index-fpermissive-fpermissive]8;;[m[K]
  142 |                         message_filters::Subscriber<sensor_msgs::LaserScan> sub_laser(nh_, sub_laser_topic_, 1[01;31m[K)[m[K;
      |                                                                                                               [01;31m[K^[m[K
[01m[K/home/neha/ros2_ws/src/semnav_migration/src/human_following_signal.cpp:143:63:[m[K [01;31m[Kerror: [m[Kâ€˜[01m[KOdometry[m[Kâ€™ is not a member of â€˜[01m[Knav_msgs[m[Kâ€™; did you mean â€˜[01m[Knav_msgs::msg::Odometry[m[Kâ€™?
  143 |                         message_filters::Subscriber<nav_msgs::[01;31m[KOdometry[m[K> sub_robot(nh_, sub_robot_topic_, 1);
      |                                                               [01;31m[K^~~~~~~~[m[K
In file included from [01m[K/opt/ros/jazzy/include/nav_msgs/nav_msgs/msg/odometry.hpp:7[m[K,
                 from [01m[K/home/neha/ros2_ws/src/semnav_migration/include/reactive_planner_lib.h:51[m[K:
[01m[K/opt/ros/jazzy/include/nav_msgs/nav_msgs/msg/detail/odometry__struct.hpp:175:7:[m[K [01;36m[Knote: [m[Kâ€˜[01m[Knav_msgs::msg::Odometry[m[Kâ€™ declared here
  175 | using [01;36m[KOdometry[m[K =
      |       [01;36m[K^~~~~~~~[m[K
[01m[K/home/neha/ros2_ws/src/semnav_migration/src/human_following_signal.cpp:143:71:[m[K [01;31m[Kerror: [m[Ktemplate argument 1 is invalid
  143 |                         message_filters::Subscriber<nav_msgs::Odometry[01;31m[K>[m[K sub_robot(nh_, sub_robot_topic_, 1);
      |                                                                       [01;31m[K^[m[K
[01m[K/home/neha/ros2_ws/src/semnav_migration/src/human_following_signal.cpp:143:107:[m[K [01;31m[Kerror: [m[Kexpression list treated as compound expression in initializer [[01;31m[K]8;;https://gcc.gnu.org/onlinedocs/gcc/Warning-Options.html#index-fpermissive-fpermissive]8;;[m[K]
  143 |                         message_filters::Subscriber<nav_msgs::Odometry> sub_robot(nh_, sub_robot_topic_, 1[01;31m[K)[m[K;
      |                                                                                                           [01;31m[K^[m[K
[01m[K/home/neha/ros2_ws/src/semnav_migration/src/human_following_signal.cpp:144:94:[m[K [01;31m[Kerror: [m[Kâ€˜[01m[KLaserScan[m[Kâ€™ is not a member of â€˜[01m[Ksensor_msgs[m[Kâ€™; did you mean â€˜[01m[Ksensor_msgs::msg::LaserScan[m[Kâ€™?
  144 |                         typedef message_filters::sync_policies::ApproximateTime<sensor_msgs::[01;31m[KLaserScan[m[K,nav_msgs::Odometry> SyncPolicy;
      |                                                                                              [01;31m[K^~~~~~~~~[m[K
[01m[K/opt/ros/jazzy/include/sensor_msgs/sensor_msgs/msg/detail/laser_scan__struct.hpp:250:7:[m[K [01;36m[Knote: [m[Kâ€˜[01m[Ksensor_msgs::msg::LaserScan[m[Kâ€™ declared here
  250 | using [01;36m[KLaserScan[m[K =
      |       [01;36m[K^~~~~~~~~[m[K
[01m[K/home/neha/ros2_ws/src/semnav_migration/src/human_following_signal.cpp:144:114:[m[K [01;31m[Kerror: [m[Kâ€˜[01m[KOdometry[m[Kâ€™ is not a member of â€˜[01m[Knav_msgs[m[Kâ€™; did you mean â€˜[01m[Knav_msgs::msg::Odometry[m[Kâ€™?
  144 |                         typedef message_filters::sync_policies::ApproximateTime<sensor_msgs::LaserScan,nav_msgs::[01;31m[KOdometry[m[K> SyncPolicy;
      |                                                                                                                  [01;31m[K^~~~~~~~[m[K
[01m[K/opt/ros/jazzy/include/nav_msgs/nav_msgs/msg/detail/odometry__struct.hpp:175:7:[m[K [01;36m[Knote: [m[Kâ€˜[01m[Knav_msgs::msg::Odometry[m[Kâ€™ declared here
  175 | using [01;36m[KOdometry[m[K =
      |       [01;36m[K^~~~~~~~[m[K
[01m[K/home/neha/ros2_ws/src/semnav_migration/src/human_following_signal.cpp:144:122:[m[K [01;31m[Kerror: [m[Ktemplate argument 1 is invalid
  144 |                         typedef message_filters::sync_policies::ApproximateTime<sensor_msgs::LaserScan,nav_msgs::Odometry[01;31m[K>[m[K SyncPolicy;
      |                                                                                                                          [01;31m[K^[m[K
[01m[K/home/neha/ros2_ws/src/semnav_migration/src/human_following_signal.cpp:144:122:[m[K [01;31m[Kerror: [m[Ktemplate argument 2 is invalid
In file included from [01m[K/home/neha/ros2_ws/src/semnav_migration/include/reactive_planner_lib.h:46[m[K:
/opt/ros/jazzy/include/message_filters/message_filters/synchronizer.h: In instantiation of â€˜[01m[Kclass message_filters::Synchronizer<int>[m[Kâ€™:
[01m[K/home/neha/ros2_ws/src/semnav_migration/src/human_following_signal.cpp:147:64:[m[K   required from here
[01m[K/opt/ros/jazzy/include/message_filters/message_filters/synchronizer.h:53:7:[m[K [01;31m[Kerror: [m[Kbase type â€˜[01m[Kint[m[Kâ€™ fails to be a struct or class type
   53 | class [01;31m[KSynchronizer[m[K : public noncopyable, public Policy
      |       [01;31m[K^~~~~~~~~~~~[m[K
[01m[K/opt/ros/jazzy/include/message_filters/message_filters/synchronizer.h:56:37:[m[K [01;31m[Kerror: [m[Kâ€˜[01m[Kint[m[Kâ€™ is not a class, struct, or union type
   56 |   typedef typename Policy::Messages [01;31m[KMessages[m[K;
      |                                     [01;31m[K^~~~~~~~[m[K
[01m[K/opt/ros/jazzy/include/message_filters/message_filters/synchronizer.h:57:35:[m[K [01;31m[Kerror: [m[Kâ€˜[01m[Kint[m[Kâ€™ is not a class, struct, or union type
   57 |   typedef typename Policy::Events [01;31m[KEvents[m[K;
      |                                   [01;31m[K^~~~~~[m[K
[01m[K/opt/ros/jazzy/include/message_filters/message_filters/synchronizer.h:58:35:[m[K [01;31m[Kerror: [m[Kâ€˜[01m[Kint[m[Kâ€™ is not a class, struct, or union type
   58 |   typedef typename Policy::Signal [01;31m[KSignal[m[K;
      |                                   [01;31m[K^~~~~~[m[K
[01m[K/opt/ros/jazzy/include/message_filters/message_filters/synchronizer.h:60:58:[m[K [01;31m[Kerror: [m[Kâ€˜[01m[Kint[m[Kâ€™ is not a class, struct, or union type
   60 |   typedef typename std::tuple_element<0, Messages>::type [01;31m[KM0[m[K;
      |                                                          [01;31m[K^~[m[K
[01m[K/opt/ros/jazzy/include/message_filters/message_filters/synchronizer.h:61:58:[m[K [01;31m[Kerror: [m[Kâ€˜[01m[Kint[m[Kâ€™ is not a class, struct, or union type
   61 |   typedef typename std::tuple_element<1, Messages>::type [01;31m[KM1[m[K;
      |                                                          [01;31m[K^~[m[K
[01m[K/opt/ros/jazzy/include/message_filters/message_filters/synchronizer.h:62:58:[m[K [01;31m[Kerror: [m[Kâ€˜[01m[Kint[m[Kâ€™ is not a class, struct, or union type
   62 |   typedef typename std::tuple_element<2, Messages>::type [01;31m[KM2[m[K;
      |                                                          [01;31m[K^~[m[K
[01m[K/opt/ros/jazzy/include/message_filters/message_filters/synchronizer.h:63:58:[m[K [01;31m[Kerror: [m[Kâ€˜[01m[Kint[m[Kâ€™ is not a class, struct, or union type
   63 |   typedef typename std::tuple_element<3, Messages>::type [01;31m[KM3[m[K;
      |                                                          [01;31m[K^~[m[K
[01m[K/opt/ros/jazzy/include/message_filters/message_filters/synchronizer.h:64:58:[m[K [01;31m[Kerror: [m[Kâ€˜[01m[Kint[m[Kâ€™ is not a class, struct, or union type
   64 |   typedef typename std::tuple_element<4, Messages>::type [01;31m[KM4[m[K;
      |                                                          [01;31m[K^~[m[K
[01m[K/opt/ros/jazzy/include/message_filters/message_filters/synchronizer.h:65:58:[m[K [01;31m[Kerror: [m[Kâ€˜[01m[Kint[m[Kâ€™ is not a class, struct, or union type
   65 |   typedef typename std::tuple_element<5, Messages>::type [01;31m[KM5[m[K;
      |                                                          [01;31m[K^~[m[K
[01m[K/opt/ros/jazzy/include/message_filters/message_filters/synchronizer.h:66:58:[m[K [01;31m[Kerror: [m[Kâ€˜[01m[Kint[m[Kâ€™ is not a class, struct, or union type
   66 |   typedef typename std::tuple_element<6, Messages>::type [01;31m[KM6[m[K;
      |                                                          [01;31m[K^~[m[K
[01m[K/opt/ros/jazzy/include/message_filters/message_filters/synchronizer.h:67:58:[m[K [01;31m[Kerror: [m[Kâ€˜[01m[Kint[m[Kâ€™ is not a class, struct, or union type
   67 |   typedef typename std::tuple_element<7, Messages>::type [01;31m[KM7[m[K;
      |                                                          [01;31m[K^~[m[K
[01m[K/opt/ros/jazzy/include/message_filters/message_filters/synchronizer.h:68:58:[m[K [01;31m[Kerror: [m[Kâ€˜[01m[Kint[m[Kâ€™ is not a class, struct, or union type
   68 |   typedef typename std::tuple_element<8, Messages>::type [01;31m[KM8[m[K;
      |                                                          [01;31m[K^~[m[K
[01m[K/opt/ros/jazzy/include/message_filters/message_filters/synchronizer.h:71:56:[m[K [01;31m[Kerror: [m[Kâ€˜[01m[Kint[m[Kâ€™ is not a class, struct, or union type
   71 |   typedef typename std::tuple_element<0, Events>::type [01;31m[KM0Event[m[K;
      |                                                        [01;31m[K^~~~~~~[m[K
[01m[K/opt/ros/jazzy/include/message_filters/message_filters/synchronizer.h:72:56:[m[K [01;31m[Kerror: [m[Kâ€˜[01m[Kint[m[Kâ€™ is not a class, struct, or union type
   72 |   typedef typename std::tuple_element<1, Events>::type [01;31m[KM1Event[m[K;
      |                                                        [01;31m[K^~~~~~~[m[K
[01m[K/opt/ros/jazzy/include/message_filters/message_filters/synchronizer.h:73:56:[m[K [01;31m[Kerror: [m[Kâ€˜[01m[Kint[m[Kâ€™ is not a class, struct, or union type
   73 |   typedef typename std::tuple_element<2, Events>::type [01;31m[KM2Event[m[K;
      |                                                        [01;31m[K^~~~~~~[m[K
[01m[K/opt/ros/jazzy/include/message_filters/message_filters/synchronizer.h:74:56:[m[K [01;31m[Kerror: [m[Kâ€˜[01m[Kint[m[Kâ€™ is not a class, struct, or union type
   74 |   typedef typename std::tuple_element<3, Events>::type [01;31m[KM3Event[m[K;
      |                                                        [01;31m[K^~~~~~~[m[K
[01m[K/opt/ros/jazzy/include/message_filters/message_filters/synchronizer.h:75:56:[m[K [01;31m[Kerror: [m[Kâ€˜[01m[Kint[m[Kâ€™ is not a class, struct, or union type
   75 |   typedef typename std::tuple_element<4, Events>::type [01;31m[KM4Event[m[K;
      |                                                        [01;31m[K^~~~~~~[m[K
[01m[K/opt/ros/jazzy/include/message_filters/message_filters/synchronizer.h:76:56:[m[K [01;31m[Kerror: [m[Kâ€˜[01m[Kint[m[Kâ€™ is not a class, struct, or union type
   76 |   typedef typename std::tuple_element<5, Events>::type [01;31m[KM5Event[m[K;
      |                                                        [01;31m[K^~~~~~~[m[K
[01m[K/opt/ros/jazzy/include/message_filters/message_filters/synchronizer.h:77:56:[m[K [01;31m[Kerror: [m[Kâ€˜[01m[Kint[m[Kâ€™ is not a class, struct, or union type
   77 |   typedef typename std::tuple_element<6, Events>::type [01;31m[KM6Event[m[K;
      |                                                        [01;31m[K^~~~~~~[m[K
[01m[K/opt/ros/jazzy/include/message_filters/message_filters/synchronizer.h:78:56:[m[K [01;31m[Kerror: [m[Kâ€˜[01m[Kint[m[Kâ€™ is not a class, struct, or union type
   78 |   typedef typename std::tuple_element<7, Events>::type [01;31m[KM7Event[m[K;
      |                                                        [01;31m[K^~~~~~~[m[K
[01m[K/opt/ros/jazzy/include/message_filters/message_filters/synchronizer.h:79:56:[m[K [01;31m[Kerror: [m[Kâ€˜[01m[Kint[m[Kâ€™ is not a class, struct, or union type
   79 |   typedef typename std::tuple_element<8, Events>::type [01;31m[KM8Event[m[K;
      |                                                        [01;31m[K^~~~~~~[m[K
[01m[K/opt/ros/jazzy/include/message_filters/message_filters/synchronizer.h:325:17:[m[K [01;31m[Kerror: [m[Kâ€˜[01m[Kint[m[Kâ€™ is not a class, namespace, or enumeration
  325 |   using Policy::[01;31m[Kadd[m[K;
      |                 [01;31m[K^~~[m[K
[01m[K/opt/ros/jazzy/include/message_filters/message_filters/synchronizer.h:328:8:[m[K [01;31m[Kerror: [m[Kâ€˜[01m[Kint[m[Kâ€™ is not a class, struct, or union type
  328 |   void [01;31m[Kadd[m[K(const std::shared_ptr<typename std::tuple_element<i, Messages>::type const>& msg)
      |        [01;31m[K^~~[m[K
[01m[K/opt/ros/jazzy/include/message_filters/message_filters/synchronizer.h:344:8:[m[K [01;31m[Kerror: [m[Kâ€˜[01m[Kint[m[Kâ€™ is not a class, struct, or union type
  344 |   void [01;31m[Kcb[m[K(const typename std::tuple_element<i, Events>::type& evt)
      |        [01;31m[K^~[m[K
[01m[K/home/neha/ros2_ws/src/semnav_migration/src/human_following_signal.cpp:148:55:[m[K [01;31m[Kerror: [m[Kâ€˜[01m[Kbind[m[Kâ€™ is not a member of â€˜[01m[Kboost[m[Kâ€™; did you mean â€˜[01m[Kfind[m[Kâ€™?
  148 |                         sync->registerCallback(boost::[01;31m[Kbind[m[K(&HumanFollowingSignalNode::control_callback, this, _1, _2));
      |                                                       [01;31m[K^~~~[m[K
      |                                                       [32m[Kfind[m[K
[01m[K/home/neha/ros2_ws/src/semnav_migration/src/human_following_signal.cpp:148:111:[m[K [01;31m[Kerror: [m[Kâ€˜[01m[K_1[m[Kâ€™ was not declared in this scope
  148 |                         sync->registerCallback(boost::bind(&HumanFollowingSignalNode::control_callback, this, [01;31m[K_1[m[K, _2));
      |                                                                                                               [01;31m[K^~[m[K
[01m[K/home/neha/ros2_ws/src/semnav_migration/src/human_following_signal.cpp:148:111:[m[K [01;36m[Knote: [m[Ksuggested alternatives:
In file included from [01m[K/usr/include/boost/mpl/aux_/include_preprocessed.hpp:37[m[K,
                 from [01m[K/usr/include/boost/mpl/placeholders.hpp:43[m[K,
                 from [01m[K/usr/include/boost/iterator/iterator_categories.hpp:16[m[K,
                 from [01m[K/usr/include/boost/iterator/iterator_facade.hpp:13[m[K,
                 from [01m[K/usr/include/boost/range/iterator_range_core.hpp:27[m[K,
                 from [01m[K/usr/include/boost/lexical_cast.hpp:48[m[K,
                 from [01m[K/usr/include/boost/multiprecision/detail/number_base.hpp:29[m[K,
                 from [01m[K/usr/include/boost/multiprecision/traits/is_variable_precision.hpp:9[m[K,
                 from [01m[K/usr/include/boost/multiprecision/detail/precision.hpp:9[m[K,
                 from [01m[K/usr/include/boost/multiprecision/number.hpp:11[m[K,
                 from [01m[K/usr/include/boost/multiprecision/cpp_int.hpp:19[m[K,
                 from [01m[K/usr/include/boost/multiprecision/cpp_bin_float.hpp:15[m[K,
                 from [01m[K/usr/include/boost/geometry/core/coordinate_promotion.hpp:16[m[K,
                 from [01m[K/usr/include/boost/geometry/core/radian_access.hpp:30[m[K,
                 from [01m[K/usr/include/boost/geometry/geometry.hpp:50[m[K,
                 from [01m[K/usr/include/boost/geometry.hpp:17[m[K,
                 from [01m[K/home/neha/ros2_ws/src/semnav_migration/include/reactive_planner_lib.h:26[m[K:
[01m[K/usr/include/boost/mpl/aux_/preprocessed/gcc/placeholders.hpp:29:16:[m[K [01;36m[Knote: [m[K  â€˜[01m[Kmpl_::_1[m[Kâ€™
   29 | typedef arg<1> [01;36m[K_1[m[K;
      |                [01;36m[K^~[m[K
In file included from [01m[K/usr/include/boost/numeric/conversion/converter_policies.hpp:13[m[K,
                 from [01m[K/usr/include/boost/numeric/conversion/converter.hpp:14[m[K,
                 from [01m[K/usr/include/boost/numeric/conversion/cast.hpp:33[m[K,
                 from [01m[K/usr/include/boost/geometry/core/radian_access.hpp:26[m[K:
[01m[K/usr/include/c++/13/functional:294:48:[m[K [01;36m[Knote: [m[K  â€˜[01m[Kstd::placeholders::_1[m[Kâ€™
  294 |     _GLIBCXX_PLACEHOLDER const _Placeholder<1> [01;36m[K_1[m[K;
      |                                                [01;36m[K^~[m[K
[01m[K/usr/include/boost/mpl/aux_/preprocessed/gcc/placeholders.hpp:29:16:[m[K [01;36m[Knote: [m[K  â€˜[01m[Kmpl_::_1[m[Kâ€™
   29 | typedef arg<1> [01;36m[K_1[m[K;
      |                [01;36m[K^~[m[K
In file included from [01m[K/usr/include/boost/describe/members.hpp:20[m[K,
                 from [01m[K/usr/include/boost/container_hash/is_described_class.hpp:11[m[K,
                 from [01m[K/usr/include/boost/container_hash/hash.hpp:18[m[K,
                 from [01m[K/usr/include/boost/functional/hash.hpp:6[m[K,
                 from [01m[K/usr/include/CGAL/Kernel/hash_functions.h:16[m[K,
                 from [01m[K/usr/include/CGAL/Kernel/global_functions.h:25[m[K,
                 from [01m[K/usr/include/CGAL/Cartesian/Cartesian_base.h:22[m[K,
                 from [01m[K/usr/include/CGAL/Simple_cartesian.h:20[m[K,
                 from [01m[K/usr/include/CGAL/Exact_predicates_inexact_constructions_kernel.h:20[m[K,
                 from [01m[K/home/neha/ros2_ws/src/semnav_migration/include/polygeom_lib.h:32[m[K,
                 from [01m[K/home/neha/ros2_ws/src/semnav_migration/include/reactive_planner_lib.h:58[m[K:
[01m[K/usr/include/boost/mp11/bind.hpp:45:7:[m[K [01;36m[Knote: [m[K  â€˜[01m[Kboost::mp11::_1[m[Kâ€™
   45 | using [01;36m[K_1[m[K = mp_arg<0>;
      |       [01;36m[K^~[m[K
[01m[K/usr/include/boost/mpl/aux_/preprocessed/gcc/placeholders.hpp:29:16:[m[K [01;36m[Knote: [m[K  â€˜[01m[Kmpl_::_1[m[Kâ€™
   29 | typedef arg<1> [01;36m[K_1[m[K;
      |                [01;36m[K^~[m[K
[01m[K/home/neha/ros2_ws/src/semnav_migration/src/human_following_signal.cpp:148:115:[m[K [01;31m[Kerror: [m[Kâ€˜[01m[K_2[m[Kâ€™ was not declared in this scope
  148 |                         sync->registerCallback(boost::bind(&HumanFollowingSignalNode::control_callback, this, _1, [01;31m[K_2[m[K));
      |                                                                                                                   [01;31m[K^~[m[K
[01m[K/home/neha/ros2_ws/src/semnav_migration/src/human_following_signal.cpp:148:115:[m[K [01;36m[Knote: [m[Ksuggested alternatives:
[01m[K/usr/include/boost/mpl/aux_/preprocessed/gcc/placeholders.hpp:42:16:[m[K [01;36m[Knote: [m[K  â€˜[01m[Kmpl_::_2[m[Kâ€™
   42 | typedef arg<2> [01;36m[K_2[m[K;
      |                [01;36m[K^~[m[K
[01m[K/usr/include/c++/13/functional:295:48:[m[K [01;36m[Knote: [m[K  â€˜[01m[Kstd::placeholders::_2[m[Kâ€™
  295 |     _GLIBCXX_PLACEHOLDER const _Placeholder<2> [01;36m[K_2[m[K;
      |                                                [01;36m[K^~[m[K
[01m[K/usr/include/boost/mpl/aux_/preprocessed/gcc/placeholders.hpp:42:16:[m[K [01;36m[Knote: [m[K  â€˜[01m[Kmpl_::_2[m[Kâ€™
   42 | typedef arg<2> [01;36m[K_2[m[K;
      |                [01;36m[K^~[m[K
[01m[K/usr/include/boost/mp11/bind.hpp:46:7:[m[K [01;36m[Knote: [m[K  â€˜[01m[Kboost::mp11::_2[m[Kâ€™
   46 | using [01;36m[K_2[m[K = mp_arg<1>;
      |       [01;36m[K^~[m[K
[01m[K/usr/include/boost/mpl/aux_/preprocessed/gcc/placeholders.hpp:42:16:[m[K [01;36m[Knote: [m[K  â€˜[01m[Kmpl_::_2[m[Kâ€™
   42 | typedef arg<2> [01;36m[K_2[m[K;
      |                [01;36m[K^~[m[K
[01m[K/home/neha/ros2_ws/src/semnav_migration/src/human_following_signal.cpp:150:65:[m[K [01;31m[Kerror: [m[Kâ€˜[01m[Kclass rclcpp::Node[m[Kâ€™ has no member named â€˜[01m[Ksubscribe[m[Kâ€™
  150 |                         rclcpp::Subscription sub_semantic = nh_.[01;31m[Ksubscribe[m[K(sub_semantic_topic_, 1, &HumanFollowingSignalNode::diffeo_tree_update, this);
      |                                                                 [01;31m[K^~~~~~~~~[m[K
[01m[K/home/neha/ros2_ws/src/semnav_migration/src/human_following_signal.cpp:152:62:[m[K [01;31m[Kerror: [m[Kâ€˜[01m[Kclass rclcpp::Node[m[Kâ€™ has no member named â€˜[01m[Ksubscribe[m[Kâ€™
  152 |                         rclcpp::Subscription sub_human = nh_.[01;31m[Ksubscribe[m[K(sub_human_topic_, 1, &HumanFollowingSignalNode::human_update, this);
      |                                                              [01;31m[K^~~~~~~~~[m[K
[01m[K/home/neha/ros2_ws/src/semnav_migration/src/human_following_signal.cpp:156:25:[m[K [01;31m[Kerror: [m[Kâ€˜[01m[Kros[m[Kâ€™ has not been declared
  156 |                         [01;31m[Kros[m[K::Duration(5.0).sleep();
      |                         [01;31m[K^~~[m[K
[01m[K/home/neha/ros2_ws/src/semnav_migration/src/human_following_signal.cpp:161:75:[m[K [01;31m[Kerror: [m[Kno matching function for call to â€˜[01m[Krclcpp::executors::MultiThreadedExecutor::MultiThreadedExecutor(int)[m[Kâ€™
  161 |                         rclcpp::executors::MultiThreadedExecutor spinner(4[01;31m[K)[m[K;
      |                                                                           [01;31m[K^[m[K
In file included from [01m[K/opt/ros/jazzy/include/rclcpp/rclcpp/executors.hpp:21[m[K,
                 from [01m[K/opt/ros/jazzy/include/rclcpp/rclcpp/rclcpp.hpp:172[m[K:
[01m[K/opt/ros/jazzy/include/rclcpp/rclcpp/executors/multi_threaded_executor.hpp:55:12:[m[K [01;36m[Knote: [m[Kcandidate: â€˜[01m[Krclcpp::executors::MultiThreadedExecutor::[01;32m[KMultiThreadedExecutor[m[K(const rclcpp::ExecutorOptions&, size_t, bool, std::chrono::nanoseconds)[m[Kâ€™
   55 |   explicit [01;36m[KMultiThreadedExecutor[m[K(
      |            [01;36m[K^~~~~~~~~~~~~~~~~~~~~[m[K
[01m[K/opt/ros/jazzy/include/rclcpp/rclcpp/executors/multi_threaded_executor.hpp:56:37:[m[K [01;36m[Knote: [m[K  no known conversion for argument 1 from â€˜[01m[Kint[m[Kâ€™ to â€˜[01m[Kconst rclcpp::ExecutorOptions&[m[Kâ€™
   56 |     [01;36m[Kconst rclcpp::ExecutorOptions & options = rclcpp::ExecutorOptions()[m[K,
      |     [01;36m[K~~~~~~~~~~~~~~~~~~~~~~~~~~~~~~~~^~~~~~~~~~~~~~~~~~~~~~~~~~~~~~~~~~~[m[K
[01m[K/home/neha/ros2_ws/src/semnav_migration/src/human_following_signal.cpp:[m[K In member function â€˜[01m[Kvoid HumanFollowingSignalNode::[01;32m[Kpublish_twist[m[K(double, double)[m[Kâ€™:
[01m[K/home/neha/ros2_ws/src/semnav_migration/src/human_following_signal.cpp:166:40:[m[K [01;31m[Kerror: [m[Kâ€˜[01m[KTwist[m[Kâ€™ is not a member of â€˜[01m[Kgeometry_msgs[m[Kâ€™; did you mean â€˜[01m[Kgeometry_msgs::msg::Twist[m[Kâ€™?
  166 |                         geometry_msgs::[01;31m[KTwist[m[K commandTwist;
      |                                        [01;31m[K^~~~~[m[K
[01m[K/opt/ros/jazzy/include/geometry_msgs/geometry_msgs/msg/detail/twist__struct.hpp:137:7:[m[K [01;36m[Knote: [m[Kâ€˜[01m[Kgeometry_msgs::msg::Twist[m[Kâ€™ declared here
  137 | using [01;36m[KTwist[m[K =
      |       [01;36m[K^~~~~[m[K
[01m[K/home/neha/ros2_ws/src/semnav_migration/src/human_following_signal.cpp:167:25:[m[K [01;31m[Kerror: [m[Kâ€˜[01m[KcommandTwist[m[Kâ€™ was not declared in this scope
  167 |                         [01;31m[KcommandTwist[m[K.linear.x = LinearCmd;
      |                         [01;31m[K^~~~~~~~~~~~[m[K
[01m[K/home/neha/ros2_ws/src/semnav_migration/src/human_following_signal.cpp:[m[K In member function â€˜[01m[Kvoid HumanFollowingSignalNode::[01;32m[Kpublish_behavior_id[m[K(uint16_t)[m[Kâ€™:
[01m[K/home/neha/ros2_ws/src/semnav_migration/src/human_following_signal.cpp:174:35:[m[K [01;31m[Kerror: [m[Kâ€˜[01m[KUInt32[m[Kâ€™ is not a member of â€˜[01m[Kstd_msgs[m[Kâ€™; did you mean â€˜[01m[Kexample_interfaces::msg::UInt32[m[Kâ€™?
  174 |                         std_msgs::[01;31m[KUInt32[m[K commandId;
      |                                   [01;31m[K^~~~~~[m[K
[01m[K/opt/ros/jazzy/include/example_interfaces/example_interfaces/msg/detail/u_int32__struct.hpp:125:7:[m[K [01;36m[Knote: [m[Kâ€˜[01m[Kexample_interfaces::msg::UInt32[m[Kâ€™ declared here
  125 | using [01;36m[KUInt32[m[K =
      |       [01;36m[K^~~~~~[m[K
[01m[K/home/neha/ros2_ws/src/semnav_migration/src/human_following_signal.cpp:175:25:[m[K [01;31m[Kerror: [m[Kâ€˜[01m[KcommandId[m[Kâ€™ was not declared in this scope
  175 |                         [01;31m[KcommandId[m[K.data = BehaviorIdCmd;
      |                         [01;31m[K^~~~~~~~~[m[K
[01m[K/home/neha/ros2_ws/src/semnav_migration/src/human_following_signal.cpp:[m[K In member function â€˜[01m[Kvoid HumanFollowingSignalNode::[01;32m[Kpublish_behavior_mode[m[K(uint16_t)[m[Kâ€™:
[01m[K/home/neha/ros2_ws/src/semnav_migration/src/human_following_signal.cpp:181:35:[m[K [01;31m[Kerror: [m[Kâ€˜[01m[KUInt32[m[Kâ€™ is not a member of â€˜[01m[Kstd_msgs[m[Kâ€™; did you mean â€˜[01m[Kexample_interfaces::msg::UInt32[m[Kâ€™?
  181 |                         std_msgs::[01;31m[KUInt32[m[K commandMode;
      |                                   [01;31m[K^~~~~~[m[K
[01m[K/opt/ros/jazzy/include/example_interfaces/example_interfaces/msg/detail/u_int32__struct.hpp:125:7:[m[K [01;36m[Knote: [m[Kâ€˜[01m[Kexample_interfaces::msg::UInt32[m[Kâ€™ declared here
  125 | using [01;36m[KUInt32[m[K =
      |       [01;36m[K^~~~~~[m[K
[01m[K/home/neha/ros2_ws/src/semnav_migration/src/human_following_signal.cpp:182:25:[m[K [01;31m[Kerror: [m[Kâ€˜[01m[KcommandMode[m[Kâ€™ was not declared in this scope
  182 |                         [01;31m[KcommandMode[m[K.data = BehaviorModeCmd;
      |                         [01;31m[K^~~~~~~~~~~[m[K
[01m[K/home/neha/ros2_ws/src/semnav_migration/src/human_following_signal.cpp:[m[K In function â€˜[01m[Kint[01;32m[K main[m[K(int, char**)[m[Kâ€™:
[01m[K/home/neha/ros2_ws/src/semnav_migration/src/human_following_signal.cpp:766:9:[m[K [01;31m[Kerror: [m[Kâ€˜[01m[Kros[m[Kâ€™ has not been declared
  766 |         [01;31m[Kros[m[K::init(argc, argv, "human_following_signal");
      |         [01;31m[K^~~[m[K
gmake[2]: *** [CMakeFiles/human_following_signal.dir/build.make:76: CMakeFiles/human_following_signal.dir/src/human_following_signal.cpp.o] Error 1
gmake[1]: *** [CMakeFiles/Makefile2:285: CMakeFiles/human_following_signal.dir/all] Error 2
gmake[1]: *** Waiting for unfinished jobs....
gmake[2]: *** [CMakeFiles/human_following.dir/build.make:76: CMakeFiles/human_following.dir/src/human_following.cpp.o] Error 1
gmake[1]: *** [CMakeFiles/Makefile2:259: CMakeFiles/human_following.dir/all] Error 2
gmake: *** [Makefile:146: all] Error 2
