[0.026s] Invoking command in '/home/neha/ros2_ws/src/semnav_migration/build/semnav': CMAKE_PREFIX_PATH=${CMAKE_PREFIX_PATH}:/opt/ros/jazzy DEBUGINFOD_URLS=https://debuginfod.ubuntu.com /usr/bin/cmake --build /home/neha/ros2_ws/src/semnav_migration/build/semnav -- -j2 -l2
[0.192s] [ 14%] Built target reactive_planner
[0.333s] [ 23%] Building CXX object CMakeFiles/navigation.dir/src/navigation.cpp.o
[0.333s] [ 23%] Building CXX object CMakeFiles/navigation_semantic.dir/src/navigation_semantic.cpp.o
[6.390s] /home/neha/ros2_ws/src/semnav_migration/src/navigation_semantic.cpp:591:128: error: macro "RCLCPP_WARN_STREAM" requires 2 arguments, but only 1 given
[6.390s]   591 |                                         RCLCPP_WARN_STREAM("[Navigation] Successfully navigated to goal and stopped to jump...");
[6.390s]       |                                                                                                                                ^
[6.390s] In file included from /opt/ros/jazzy/include/rclcpp/rclcpp/copy_all_parameter_values.hpp:27,
[6.390s]                  from /opt/ros/jazzy/include/rclcpp/rclcpp/rclcpp.hpp:171,
[6.391s]                  from /home/neha/ros2_ws/src/semnav_migration/include/reactive_planner_lib.h:32,
[6.391s]                  from /home/neha/ros2_ws/src/semnav_migration/src/navigation_semantic.cpp:25:
[6.391s] /opt/ros/jazzy/include/rclcpp/rclcpp/logging.hpp:1136: note: macro "RCLCPP_WARN_STREAM" defined here
[6.391s]  1136 | #define RCLCPP_WARN_STREAM(logger, stream_arg) \
[6.391s]       | 
[6.391s] /home/neha/ros2_ws/src/semnav_migration/src/navigation_semantic.cpp:618:134: error: macro "RCLCPP_WARN_STREAM" requires 2 arguments, but only 1 given
[6.391s]   618 |                         RCLCPP_WARN_STREAM("[Navigation] Linear command is " << LinearCmd << " and angular command is " << AngularCmd);
[6.392s]       |                                                                                                                                      ^
[6.392s] /opt/ros/jazzy/include/rclcpp/rclcpp/logging.hpp:1136: note: macro "RCLCPP_WARN_STREAM" defined here
[6.392s]  1136 | #define RCLCPP_WARN_STREAM(logger, stream_arg) \
[6.392s]       | 
[6.392s] /home/neha/ros2_ws/src/semnav_migration/src/navigation_semantic.cpp:619:178: error: macro "RCLCPP_WARN_STREAM" requires 2 arguments, but only 1 given
[6.394s]   619 |                         RCLCPP_WARN_STREAM("[Navigation] Command update for " << int(localDiffeoTreeArray.size()) << " polygons in " << time.seconds()-before_time << " seconds.");
[6.394s]       |                                                                                                                                                                                  ^
[6.395s] /opt/ros/jazzy/include/rclcpp/rclcpp/logging.hpp:1136: note: macro "RCLCPP_WARN_STREAM" defined here
[6.395s]  1136 | #define RCLCPP_WARN_STREAM(logger, stream_arg) \
[6.395s]       | 
[21.598s] /home/neha/ros2_ws/src/semnav_migration/src/navigation.cpp:664:22: error: ‘TransformListener’ in namespace ‘tf2’ does not name a type
[21.599s]   664 |                 tf2::TransformListener listener_;
[21.599s]       |                      ^~~~~~~~~~~~~~~~~
[21.603s] /home/neha/ros2_ws/src/semnav_migration/src/navigation.cpp: In constructor ‘NavigationNode::NavigationNode()’:
[21.603s] /home/neha/ros2_ws/src/semnav_migration/src/navigation.cpp:47:63: error: no matching function for call to ‘rclcpp::Node::Node()’
[21.603s]    47 |         NavigationNode() : Node(std::string("navigation_node")) {
[21.603s]       |                                                               ^
[21.603s] In file included from /opt/ros/jazzy/include/rclcpp/rclcpp/executors/single_threaded_executor.hpp:28,
[21.603s]                  from /opt/ros/jazzy/include/rclcpp/rclcpp/executors.hpp:22,
[21.604s]                  from /opt/ros/jazzy/include/rclcpp/rclcpp/rclcpp.hpp:172,
[21.604s]                  from /home/neha/ros2_ws/src/semnav_migration/include/reactive_planner_lib.h:32,
[21.604s]                  from /home/neha/ros2_ws/src/semnav_migration/src/navigation.cpp:25:
[21.604s] /opt/ros/jazzy/include/rclcpp/rclcpp/node.hpp:1629:3: note: candidate: ‘rclcpp::Node::Node(const rclcpp::Node&, const std::string&)’
[21.604s]  1629 |   Node(
[21.607s]       |   ^~~~
[21.607s] /opt/ros/jazzy/include/rclcpp/rclcpp/node.hpp:1629:3: note:   candidate expects 2 arguments, 0 provided
[21.607s] /opt/ros/jazzy/include/rclcpp/rclcpp/node.hpp:103:12: note: candidate: ‘rclcpp::Node::Node(const std::string&, const std::string&, const rclcpp::NodeOptions&)’
[21.607s]   103 |   explicit Node(
[21.607s]       |            ^~~~
[21.607s] /opt/ros/jazzy/include/rclcpp/rclcpp/node.hpp:103:12: note:   candidate expects 3 arguments, 0 provided
[21.607s] /opt/ros/jazzy/include/rclcpp/rclcpp/node.hpp:91:12: note: candidate: ‘rclcpp::Node::Node(const std::string&, const rclcpp::NodeOptions&)’
[21.608s]    91 |   explicit Node(
[21.608s]       |            ^~~~
[21.608s] /opt/ros/jazzy/include/rclcpp/rclcpp/node.hpp:91:12: note:   candidate expects 2 arguments, 0 provided
[21.720s] /home/neha/ros2_ws/src/semnav_migration/src/navigation.cpp:139:13: error: ‘pub_behaviorID_’ was not declared in this scope; did you mean ‘pub_behaviorID_topic_’?
[21.721s]   139 |             pub_behaviorID_ = this->create_publisher<std_msgs::msg::UInt32>("pub_behaviorID_topic_", 1);
[21.721s]       |             ^~~~~~~~~~~~~~~
[21.721s]       |             pub_behaviorID_topic_
[21.721s] /home/neha/ros2_ws/src/semnav_migration/src/navigation_semantic.cpp:643:50: error: ‘UInt32’ is not a member of ‘std_msgs::msg’
[21.721s]   643 |                 rclcpp::Publisher<std_msgs::msg::UInt32> pub_behaviorID_;
[21.721s]       |                                                  ^~~~~~
[21.721s] /home/neha/ros2_ws/src/semnav_migration/src/navigation_semantic.cpp:643:56: error: template argument 1 is invalid
[21.722s]   643 |                 rclcpp::Publisher<std_msgs::msg::UInt32> pub_behaviorID_;
[21.722s]       |                                                        ^
[21.722s] /home/neha/ros2_ws/src/semnav_migration/src/navigation_semantic.cpp:644:17: error: invalid use of template-name ‘rclcpp::Publisher’ without an argument list
[21.722s]   644 |                 rclcpp::Publisher pub_behaviorMode_;
[21.722s]       |                 ^~~~~~
[21.724s] /home/neha/ros2_ws/src/semnav_migration/src/navigation_semantic.cpp:645:17: error: invalid use of template-name ‘rclcpp::Publisher’ without an argument list
[21.725s]   645 |                 rclcpp::Publisher pub_twist_;
[21.725s]       |                 ^~~~~~
[21.725s] /home/neha/ros2_ws/src/semnav_migration/src/navigation_semantic.cpp:647:17: error: invalid use of template-name ‘rclcpp::Publisher’ without an argument list
[21.725s]   647 |                 rclcpp::Publisher pub_semantic_map_;
[21.725s]       |                 ^~~~~~
[21.726s] /home/neha/ros2_ws/src/semnav_migration/src/navigation.cpp:139:69: error: ‘UInt32’ is not a member of ‘std_msgs::msg’
[21.726s]   139 |             pub_behaviorID_ = this->create_publisher<std_msgs::msg::UInt32>("pub_behaviorID_topic_", 1);
[21.726s]       |                                                                     ^~~~~~
[21.726s] /home/neha/ros2_ws/src/semnav_migration/src/navigation.cpp:139:76: error: no matching function for call to ‘NavigationNode::create_publisher<<expression error> >(const char [22], int)’
[21.726s]   139 |             pub_behaviorID_ = this->create_publisher<std_msgs::msg::UInt32>("pub_behaviorID_topic_", 1);
[21.726s]       |                               ~~~~~~~~~~~~~~~~~~~~~~~~~~~~~~~~~~~~~~~~~~~~~^~~~~~~~~~~~~~~~~~~~~~~~~~~~
[21.728s] /opt/ros/jazzy/include/rclcpp/rclcpp/node.hpp:197:3: note: candidate: ‘template<class MessageT, class AllocatorT, class PublisherT> std::shared_ptr<PublisherT> rclcpp::Node::create_publisher(const std::string&, const rclcpp::QoS&, const rclcpp::PublisherOptionsWithAllocator<AllocatorT>&)’
[21.729s]   197 |   create_publisher(
[21.729s]       |   ^~~~~~~~~~~~~~~~
[21.729s] /opt/ros/jazzy/include/rclcpp/rclcpp/node.hpp:197:3: note:   template argument deduction/substitution failed:
[21.729s] /home/neha/ros2_ws/src/semnav_migration/src/navigation.cpp:139:76: error: template argument 1 is invalid
[21.729s]   139 |             pub_behaviorID_ = this->create_publisher<std_msgs::msg::UInt32>("pub_behaviorID_topic_", 1);
[21.729s]       |                               ~~~~~~~~~~~~~~~~~~~~~~~~~~~~~~~~~~~~~~~~~~~~~^~~~~~~~~~~~~~~~~~~~~~~~~~~~
[21.737s] /home/neha/ros2_ws/src/semnav_migration/src/navigation_semantic.cpp:693:22: error: ‘TransformListener’ in namespace ‘tf2’ does not name a type
[21.738s]   693 |                 tf2::TransformListener listener_;
[21.738s]       |                      ^~~~~~~~~~~~~~~~~
[21.739s] /home/neha/ros2_ws/src/semnav_migration/src/navigation_semantic.cpp: In constructor ‘SemanticNavigationNode::SemanticNavigationNode()’:
[21.739s] /home/neha/ros2_ws/src/semnav_migration/src/navigation_semantic.cpp:45:75: error: no matching function for call to ‘rclcpp::Node::Node()’
[21.739s]    45 |                 SemanticNavigationNode() : Node("semantic_navigation_node")  {
[21.739s]       |                                                                           ^
[21.739s] In file included from /opt/ros/jazzy/include/rclcpp/rclcpp/executors/single_threaded_executor.hpp:28,
[21.739s]                  from /opt/ros/jazzy/include/rclcpp/rclcpp/executors.hpp:22,
[21.740s]                  from /opt/ros/jazzy/include/rclcpp/rclcpp/rclcpp.hpp:172:
[21.740s] /opt/ros/jazzy/include/rclcpp/rclcpp/node.hpp:1629:3: note: candidate: ‘rclcpp::Node::Node(const rclcpp::Node&, const std::string&)’
[21.740s]  1629 |   Node(
[21.740s]       |   ^~~~
[21.740s] /opt/ros/jazzy/include/rclcpp/rclcpp/node.hpp:1629:3: note:   candidate expects 2 arguments, 0 provided
[21.740s] /opt/ros/jazzy/include/rclcpp/rclcpp/node.hpp:103:12: note: candidate: ‘rclcpp::Node::Node(const std::string&, const std::string&, const rclcpp::NodeOptions&)’
[21.741s]   103 |   explicit Node(
[21.742s]       |            ^~~~
[21.742s] /opt/ros/jazzy/include/rclcpp/rclcpp/node.hpp:103:12: note:   candidate expects 3 arguments, 0 provided
[21.742s] /opt/ros/jazzy/include/rclcpp/rclcpp/node.hpp:91:12: note: candidate: ‘rclcpp::Node::Node(const std::string&, const rclcpp::NodeOptions&)’
[21.742s]    91 |   explicit Node(
[21.742s]       |            ^~~~
[21.742s] /opt/ros/jazzy/include/rclcpp/rclcpp/node.hpp:91:12: note:   candidate expects 2 arguments, 0 provided
[21.776s] /home/neha/ros2_ws/src/semnav_migration/src/navigation_semantic.cpp:137:69: error: ‘UInt32’ is not a member of ‘std_msgs::msg’
[21.777s]   137 |             pub_behaviorID_ = this->create_publisher<std_msgs::msg::UInt32>("pub_behaviorID_topic_", 1);
[21.777s]       |                                                                     ^~~~~~
[21.777s] /home/neha/ros2_ws/src/semnav_migration/src/navigation_semantic.cpp:137:76: error: no matching function for call to ‘SemanticNavigationNode::create_publisher<<expression error> >(const char [22], int)’
[21.777s]   137 |             pub_behaviorID_ = this->create_publisher<std_msgs::msg::UInt32>("pub_behaviorID_topic_", 1);
[21.777s]       |                               ~~~~~~~~~~~~~~~~~~~~~~~~~~~~~~~~~~~~~~~~~~~~~^~~~~~~~~~~~~~~~~~~~~~~~~~~~
[21.777s] /opt/ros/jazzy/include/rclcpp/rclcpp/node.hpp:197:3: note: candidate: ‘template<class MessageT, class AllocatorT, class PublisherT> std::shared_ptr<PublisherT> rclcpp::Node::create_publisher(const std::string&, const rclcpp::QoS&, const rclcpp::PublisherOptionsWithAllocator<AllocatorT>&)’
[21.777s]   197 |   create_publisher(
[21.778s]       |   ^~~~~~~~~~~~~~~~
[21.778s] /opt/ros/jazzy/include/rclcpp/rclcpp/node.hpp:197:3: note:   template argument deduction/substitution failed:
[21.778s] /home/neha/ros2_ws/src/semnav_migration/src/navigation_semantic.cpp:137:76: error: template argument 1 is invalid
[21.778s]   137 |             pub_behaviorID_ = this->create_publisher<std_msgs::msg::UInt32>("pub_behaviorID_topic_", 1);
[21.778s]       |                               ~~~~~~~~~~~~~~~~~~~~~~~~~~~~~~~~~~~~~~~~~~~~~^~~~~~~~~~~~~~~~~~~~~~~~~~~~
[21.780s] /home/neha/ros2_ws/src/semnav_migration/src/navigation_semantic.cpp:138:71: error: ‘UInt32’ is not a member of ‘std_msgs::msg’
[21.780s]   138 |             pub_behaviorMode_ = this->create_publisher<std_msgs::msg::UInt32>("pub_behaviorMode_topic_", 1);
[21.780s]       |                                                                       ^~~~~~
[21.782s] /home/neha/ros2_ws/src/semnav_migration/src/navigation_semantic.cpp:138:78: error: no matching function for call to ‘SemanticNavigationNode::create_publisher<<expression error> >(const char [24], int)’
[21.783s]   138 |             pub_behaviorMode_ = this->create_publisher<std_msgs::msg::UInt32>("pub_behaviorMode_topic_", 1);
[21.783s]       |                                 ~~~~~~~~~~~~~~~~~~~~~~~~~~~~~~~~~~~~~~~~~~~~~^~~~~~~~~~~~~~~~~~~~~~~~~~~~~~
[21.783s] /opt/ros/jazzy/include/rclcpp/rclcpp/node.hpp:197:3: note: candidate: ‘template<class MessageT, class AllocatorT, class PublisherT> std::shared_ptr<PublisherT> rclcpp::Node::create_publisher(const std::string&, const rclcpp::QoS&, const rclcpp::PublisherOptionsWithAllocator<AllocatorT>&)’
[21.783s]   197 |   create_publisher(
[21.783s]       |   ^~~~~~~~~~~~~~~~
[21.783s] /opt/ros/jazzy/include/rclcpp/rclcpp/node.hpp:197:3: note:   template argument deduction/substitution failed:
[21.783s] /home/neha/ros2_ws/src/semnav_migration/src/navigation_semantic.cpp:138:78: error: template argument 1 is invalid
[21.783s]   138 |             pub_behaviorMode_ = this->create_publisher<std_msgs::msg::UInt32>("pub_behaviorMode_topic_", 1);
[21.784s]       |                                 ~~~~~~~~~~~~~~~~~~~~~~~~~~~~~~~~~~~~~~~~~~~~~^~~~~~~~~~~~~~~~~~~~~~~~~~~~~~
[21.786s] /home/neha/ros2_ws/src/semnav_migration/src/navigation_semantic.cpp:139:64: error: ‘UInt32’ is not a member of ‘std_msgs::msg’
[21.786s]   139 |             pub_twist_ = this->create_publisher<std_msgs::msg::UInt32>("pub_twist_topic_", 1);
[21.786s]       |                                                                ^~~~~~
[21.786s] /home/neha/ros2_ws/src/semnav_migration/src/navigation_semantic.cpp:139:71: error: no matching function for call to ‘SemanticNavigationNode::create_publisher<<expression error> >(const char [17], int)’
[21.786s]   139 |             pub_twist_ = this->create_publisher<std_msgs::msg::UInt32>("pub_twist_topic_", 1);
[21.786s]       |                          ~~~~~~~~~~~~~~~~~~~~~~~~~~~~~~~~~~~~~~~~~~~~~^~~~~~~~~~~~~~~~~~~~~~~
[21.788s] /opt/ros/jazzy/include/rclcpp/rclcpp/node.hpp:197:3: note: candidate: ‘template<class MessageT, class AllocatorT, class PublisherT> std::shared_ptr<PublisherT> rclcpp::Node::create_publisher(const std::string&, const rclcpp::QoS&, const rclcpp::PublisherOptionsWithAllocator<AllocatorT>&)’
[21.789s]   197 |   create_publisher(
[21.789s]       |   ^~~~~~~~~~~~~~~~
[21.789s] /opt/ros/jazzy/include/rclcpp/rclcpp/node.hpp:197:3: note:   template argument deduction/substitution failed:
[21.789s] /home/neha/ros2_ws/src/semnav_migration/src/navigation_semantic.cpp:139:71: error: template argument 1 is invalid
[21.789s]   139 |             pub_twist_ = this->create_publisher<std_msgs::msg::UInt32>("pub_twist_topic_", 1);
[21.789s]       |                          ~~~~~~~~~~~~~~~~~~~~~~~~~~~~~~~~~~~~~~~~~~~~~^~~~~~~~~~~~~~~~~~~~~~~
[21.789s] /home/neha/ros2_ws/src/semnav_migration/src/navigation_semantic.cpp:142:42: error: ‘message_filters::msg’ has not been declared
[21.789s]   142 |                         message_filters::msg::Subscriber<sensor_msgs::msg::LaserScan> sub_laser(nh_, sub_laser_topic_, 1);
[21.790s]       |                                          ^~~
[21.790s] /home/neha/ros2_ws/src/semnav_migration/src/navigation_semantic.cpp:142:85: error: expected primary-expression before ‘>’ token
[21.790s]   142 |                         message_filters::msg::Subscriber<sensor_msgs::msg::LaserScan> sub_laser(nh_, sub_laser_topic_, 1);
[21.790s]       |                                                                                     ^
[21.826s] /home/neha/ros2_ws/src/semnav_migration/src/navigation.cpp:140:13: error: ‘pub_behaviorMode_’ was not declared in this scope; did you mean ‘pub_behaviorMode_topic_’?
[21.827s]   140 |             pub_behaviorMode_ = this->create_publisher<std_msgs::msg::UInt32>("pub_behaviorMode_topic_", 1);
[21.827s]       |             ^~~~~~~~~~~~~~~~~
[21.827s]       |             pub_behaviorMode_topic_
[21.831s] /home/neha/ros2_ws/src/semnav_migration/src/navigation.cpp:140:71: error: ‘UInt32’ is not a member of ‘std_msgs::msg’
[21.832s]   140 |             pub_behaviorMode_ = this->create_publisher<std_msgs::msg::UInt32>("pub_behaviorMode_topic_", 1);
[21.832s]       |                                                                       ^~~~~~
[21.832s] /home/neha/ros2_ws/src/semnav_migration/src/navigation.cpp:140:78: error: no matching function for call to ‘NavigationNode::create_publisher<<expression error> >(const char [24], int)’
[21.832s]   140 |             pub_behaviorMode_ = this->create_publisher<std_msgs::msg::UInt32>("pub_behaviorMode_topic_", 1);
[21.832s]       |                                 ~~~~~~~~~~~~~~~~~~~~~~~~~~~~~~~~~~~~~~~~~~~~~^~~~~~~~~~~~~~~~~~~~~~~~~~~~~~
[21.832s] /opt/ros/jazzy/include/rclcpp/rclcpp/node.hpp:197:3: note: candidate: ‘template<class MessageT, class AllocatorT, class PublisherT> std::shared_ptr<PublisherT> rclcpp::Node::create_publisher(const std::string&, const rclcpp::QoS&, const rclcpp::PublisherOptionsWithAllocator<AllocatorT>&)’
[21.832s]   197 |   create_publisher(
[21.832s]       |   ^~~~~~~~~~~~~~~~
[21.833s] /opt/ros/jazzy/include/rclcpp/rclcpp/node.hpp:197:3: note:   template argument deduction/substitution failed:
[21.833s] /home/neha/ros2_ws/src/semnav_migration/src/navigation.cpp:140:78: error: template argument 1 is invalid
[21.833s]   140 |             pub_behaviorMode_ = this->create_publisher<std_msgs::msg::UInt32>("pub_behaviorMode_topic_", 1);
[21.833s]       |                                 ~~~~~~~~~~~~~~~~~~~~~~~~~~~~~~~~~~~~~~~~~~~~~^~~~~~~~~~~~~~~~~~~~~~~~~~~~~~
[21.841s] /home/neha/ros2_ws/src/semnav_migration/src/navigation_semantic.cpp:142:87: error: ‘sub_laser’ was not declared in this scope
[21.842s]   142 |                         message_filters::msg::Subscriber<sensor_msgs::msg::LaserScan> sub_laser(nh_, sub_laser_topic_, 1);
[21.842s]       |                                                                                       ^~~~~~~~~
[21.885s] /home/neha/ros2_ws/src/semnav_migration/src/navigation.cpp:141:13: error: ‘pub_twist_’ was not declared in this scope; did you mean ‘publish_twist’?
[21.885s]   141 |             pub_twist_ = this->create_publisher<std_msgs::msg::UInt32>("pub_twist_topic_", 1);
[21.885s]       |             ^~~~~~~~~~
[21.885s]       |             publish_twist
[21.887s] /home/neha/ros2_ws/src/semnav_migration/src/navigation.cpp:141:64: error: ‘UInt32’ is not a member of ‘std_msgs::msg’
[21.887s]   141 |             pub_twist_ = this->create_publisher<std_msgs::msg::UInt32>("pub_twist_topic_", 1);
[21.887s]       |                                                                ^~~~~~
[21.887s] /home/neha/ros2_ws/src/semnav_migration/src/navigation.cpp:141:71: error: no matching function for call to ‘NavigationNode::create_publisher<<expression error> >(const char [17], int)’
[21.887s]   141 |             pub_twist_ = this->create_publisher<std_msgs::msg::UInt32>("pub_twist_topic_", 1);
[21.888s]       |                          ~~~~~~~~~~~~~~~~~~~~~~~~~~~~~~~~~~~~~~~~~~~~~^~~~~~~~~~~~~~~~~~~~~~~
[21.888s] /opt/ros/jazzy/include/rclcpp/rclcpp/node.hpp:197:3: note: candidate: ‘template<class MessageT, class AllocatorT, class PublisherT> std::shared_ptr<PublisherT> rclcpp::Node::create_publisher(const std::string&, const rclcpp::QoS&, const rclcpp::PublisherOptionsWithAllocator<AllocatorT>&)’
[21.888s]   197 |   create_publisher(
[21.888s]       |   ^~~~~~~~~~~~~~~~
[21.888s] /opt/ros/jazzy/include/rclcpp/rclcpp/node.hpp:197:3: note:   template argument deduction/substitution failed:
[21.888s] /home/neha/ros2_ws/src/semnav_migration/src/navigation.cpp:141:71: error: template argument 1 is invalid
[21.888s]   141 |             pub_twist_ = this->create_publisher<std_msgs::msg::UInt32>("pub_twist_topic_", 1);
[21.889s]       |                          ~~~~~~~~~~~~~~~~~~~~~~~~~~~~~~~~~~~~~~~~~~~~~^~~~~~~~~~~~~~~~~~~~~~~
[21.914s] /home/neha/ros2_ws/src/semnav_migration/src/navigation_semantic.cpp:143:112: error: no matching function for call to ‘message_filters::Subscriber<nav_msgs::msg::Odometry_<std::allocator<void> > >::Subscriber(rclcpp::Node&, std::string&, int)’
[21.914s]   143 |                         message_filters::Subscriber<nav_msgs::msg::Odometry> sub_robot(nh_, sub_robot_topic_, 1);
[21.914s]       |                                                                                                                ^
[21.914s] In file included from /home/neha/ros2_ws/src/semnav_migration/include/reactive_planner_lib.h:43:
[21.914s] /opt/ros/jazzy/include/message_filters/message_filters/subscriber.h:224:3: note: candidate: ‘message_filters::Subscriber<M, NodeType>::Subscriber() [with M = nav_msgs::msg::Odometry_<std::allocator<void> >; NodeType = rclcpp::Node]’
[21.914s]   224 |   Subscriber() = default;
[21.914s]       |   ^~~~~~~~~~
[21.915s] /opt/ros/jazzy/include/message_filters/message_filters/subscriber.h:224:3: note:   candidate expects 0 arguments, 3 provided
[21.915s] /opt/ros/jazzy/include/message_filters/message_filters/subscriber.h:212:3: note: candidate: ‘message_filters::Subscriber<M, NodeType>::Subscriber(NodeType*, const std::string&, rmw_qos_profile_t, rclcpp::SubscriptionOptions) [with M = nav_msgs::msg::Odometry_<std::allocator<void> >; NodeType = rclcpp::Node; std::string = std::__cxx11::basic_string<char>; rmw_qos_profile_t = rmw_qos_profile_s; rclcpp::SubscriptionOptions = rclcpp::SubscriptionOptionsWithAllocator<std::allocator<void> >]’
[21.915s]   212 |   Subscriber(
[21.915s]       |   ^~~~~~~~~~
[21.915s] /opt/ros/jazzy/include/message_filters/message_filters/subscriber.h:212:3: note:   candidate expects 4 arguments, 3 provided
[21.917s] /opt/ros/jazzy/include/message_filters/message_filters/subscriber.h:203:3: note: candidate: ‘message_filters::Subscriber<M, NodeType>::Subscriber(NodePtr, const std::string&, rmw_qos_profile_t, rclcpp::SubscriptionOptions) [with M = nav_msgs::msg::Odometry_<std::allocator<void> >; NodeType = rclcpp::Node; NodePtr = std::shared_ptr<rclcpp::Node>; std::string = std::__cxx11::basic_string<char>; rmw_qos_profile_t = rmw_qos_profile_s; rclcpp::SubscriptionOptions = rclcpp::SubscriptionOptionsWithAllocator<std::allocator<void> >]’
[21.918s]   203 |   Subscriber(
[21.918s]       |   ^~~~~~~~~~
[21.918s] /opt/ros/jazzy/include/message_filters/message_filters/subscriber.h:203:3: note:   candidate expects 4 arguments, 3 provided
[21.918s] /opt/ros/jazzy/include/message_filters/message_filters/subscriber.h:188:3: note: candidate: ‘message_filters::Subscriber<M, NodeType>::Subscriber(NodeType*, const std::string&, rmw_qos_profile_t) [with M = nav_msgs::msg::Odometry_<std::allocator<void> >; NodeType = rclcpp::Node; std::string = std::__cxx11::basic_string<char>; rmw_qos_profile_t = rmw_qos_profile_s]’
[21.918s]   188 |   Subscriber(NodeType * node, const std::string& topic, const rmw_qos_profile_t qos = rmw_qos_profile_default)
[21.918s]       |   ^~~~~~~~~~
[21.919s] /opt/ros/jazzy/include/message_filters/message_filters/subscriber.h:188:25: note:   no known conversion for argument 1 from ‘rclcpp::Node’ to ‘rclcpp::Node*’
[21.919s]   188 |   Subscriber(NodeType * node, const std::string& topic, const rmw_qos_profile_t qos = rmw_qos_profile_default)
[21.919s]       |              ~~~~~~~~~~~^~~~
[21.919s] /opt/ros/jazzy/include/message_filters/message_filters/subscriber.h:183:3: note: candidate: ‘message_filters::Subscriber<M, NodeType>::Subscriber(NodePtr, const std::string&, rmw_qos_profile_t) [with M = nav_msgs::msg::Odometry_<std::allocator<void> >; NodeType = rclcpp::Node; NodePtr = std::shared_ptr<rclcpp::Node>; std::string = std::__cxx11::basic_string<char>; rmw_qos_profile_t = rmw_qos_profile_s]’
[21.919s]   183 |   Subscriber(NodePtr node, const std::string& topic, const rmw_qos_profile_t qos = rmw_qos_profile_default)
[21.921s]       |   ^~~~~~~~~~
[21.922s] /opt/ros/jazzy/include/message_filters/message_filters/subscriber.h:183:22: note:   no known conversion for argument 1 from ‘rclcpp::Node’ to ‘message_filters::Subscriber<nav_msgs::msg::Odometry_<std::allocator<void> > >::NodePtr’ {aka ‘std::shared_ptr<rclcpp::Node>’}
[21.922s]   183 |   Subscriber(NodePtr node, const std::string& topic, const rmw_qos_profile_t qos = rmw_qos_profile_default)
[21.922s]       |              ~~~~~~~~^~~~
[21.954s] /home/neha/ros2_ws/src/semnav_migration/src/navigation.cpp:144:116: error: no matching function for call to ‘message_filters::Subscriber<sensor_msgs::msg::LaserScan_<std::allocator<void> > >::Subscriber(rclcpp::Node&, std::string&, int)’
[21.954s]   144 |                         message_filters::Subscriber<sensor_msgs::msg::LaserScan> sub_laser(nh_, sub_laser_topic_, 1);
[21.955s]       |                                                                                                                    ^
[21.955s] In file included from /home/neha/ros2_ws/src/semnav_migration/include/reactive_planner_lib.h:43:
[21.955s] /opt/ros/jazzy/include/message_filters/message_filters/subscriber.h:224:3: note: candidate: ‘message_filters::Subscriber<M, NodeType>::Subscriber() [with M = sensor_msgs::msg::LaserScan_<std::allocator<void> >; NodeType = rclcpp::Node]’
[21.956s]   224 |   Subscriber() = default;
[21.956s]       |   ^~~~~~~~~~
[21.956s] /opt/ros/jazzy/include/message_filters/message_filters/subscriber.h:224:3: note:   candidate expects 0 arguments, 3 provided
[21.956s] /opt/ros/jazzy/include/message_filters/message_filters/subscriber.h:212:3: note: candidate: ‘message_filters::Subscriber<M, NodeType>::Subscriber(NodeType*, const std::string&, rmw_qos_profile_t, rclcpp::SubscriptionOptions) [with M = sensor_msgs::msg::LaserScan_<std::allocator<void> >; NodeType = rclcpp::Node; std::string = std::__cxx11::basic_string<char>; rmw_qos_profile_t = rmw_qos_profile_s; rclcpp::SubscriptionOptions = rclcpp::SubscriptionOptionsWithAllocator<std::allocator<void> >]’
[21.956s]   212 |   Subscriber(
[21.956s]       |   ^~~~~~~~~~
[21.956s] /opt/ros/jazzy/include/message_filters/message_filters/subscriber.h:212:3: note:   candidate expects 4 arguments, 3 provided
[21.957s] /opt/ros/jazzy/include/message_filters/message_filters/subscriber.h:203:3: note: candidate: ‘message_filters::Subscriber<M, NodeType>::Subscriber(NodePtr, const std::string&, rmw_qos_profile_t, rclcpp::SubscriptionOptions) [with M = sensor_msgs::msg::LaserScan_<std::allocator<void> >; NodeType = rclcpp::Node; NodePtr = std::shared_ptr<rclcpp::Node>; std::string = std::__cxx11::basic_string<char>; rmw_qos_profile_t = rmw_qos_profile_s; rclcpp::SubscriptionOptions = rclcpp::SubscriptionOptionsWithAllocator<std::allocator<void> >]’
[21.957s]   203 |   Subscriber(
[21.957s]       |   ^~~~~~~~~~
[21.957s] /opt/ros/jazzy/include/message_filters/message_filters/subscriber.h:203:3: note:   candidate expects 4 arguments, 3 provided
[21.957s] /opt/ros/jazzy/include/message_filters/message_filters/subscriber.h:188:3: note: candidate: ‘message_filters::Subscriber<M, NodeType>::Subscriber(NodeType*, const std::string&, rmw_qos_profile_t) [with M = sensor_msgs::msg::LaserScan_<std::allocator<void> >; NodeType = rclcpp::Node; std::string = std::__cxx11::basic_string<char>; rmw_qos_profile_t = rmw_qos_profile_s]’
[21.961s]   188 |   Subscriber(NodeType * node, const std::string& topic, const rmw_qos_profile_t qos = rmw_qos_profile_default)
[21.962s]       |   ^~~~~~~~~~
[21.962s] /opt/ros/jazzy/include/message_filters/message_filters/subscriber.h:188:25: note:   no known conversion for argument 1 from ‘rclcpp::Node’ to ‘rclcpp::Node*’
[21.962s]   188 |   Subscriber(NodeType * node, const std::string& topic, const rmw_qos_profile_t qos = rmw_qos_profile_default)
[21.962s]       |              ~~~~~~~~~~~^~~~
[21.962s] /opt/ros/jazzy/include/message_filters/message_filters/subscriber.h:183:3: note: candidate: ‘message_filters::Subscriber<M, NodeType>::Subscriber(NodePtr, const std::string&, rmw_qos_profile_t) [with M = sensor_msgs::msg::LaserScan_<std::allocator<void> >; NodeType = rclcpp::Node; NodePtr = std::shared_ptr<rclcpp::Node>; std::string = std::__cxx11::basic_string<char>; rmw_qos_profile_t = rmw_qos_profile_s]’
[21.962s]   183 |   Subscriber(NodePtr node, const std::string& topic, const rmw_qos_profile_t qos = rmw_qos_profile_default)
[21.963s]       |   ^~~~~~~~~~
[21.963s] /opt/ros/jazzy/include/message_filters/message_filters/subscriber.h:183:22: note:   no known conversion for argument 1 from ‘rclcpp::Node’ to ‘message_filters::Subscriber<sensor_msgs::msg::LaserScan_<std::allocator<void> > >::NodePtr’ {aka ‘std::shared_ptr<rclcpp::Node>’}
[21.963s]   183 |   Subscriber(NodePtr node, const std::string& topic, const rmw_qos_profile_t qos = rmw_qos_profile_default)
[21.963s]       |              ~~~~~~~~^~~~
[22.020s] /home/neha/ros2_ws/src/semnav_migration/src/navigation.cpp:145:112: error: no matching function for call to ‘message_filters::Subscriber<nav_msgs::msg::Odometry_<std::allocator<void> > >::Subscriber(rclcpp::Node&, std::string&, int)’
[22.020s]   145 |                         message_filters::Subscriber<nav_msgs::msg::Odometry> sub_robot(nh_, sub_robot_topic_, 1);
[22.020s]       |                                                                                                                ^
[22.020s] /opt/ros/jazzy/include/message_filters/message_filters/subscriber.h:224:3: note: candidate: ‘message_filters::Subscriber<M, NodeType>::Subscriber() [with M = nav_msgs::msg::Odometry_<std::allocator<void> >; NodeType = rclcpp::Node]’
[22.020s]   224 |   Subscriber() = default;
[22.020s]       |   ^~~~~~~~~~
[22.020s] /opt/ros/jazzy/include/message_filters/message_filters/subscriber.h:224:3: note:   candidate expects 0 arguments, 3 provided
[22.021s] /opt/ros/jazzy/include/message_filters/message_filters/subscriber.h:212:3: note: candidate: ‘message_filters::Subscriber<M, NodeType>::Subscriber(NodeType*, const std::string&, rmw_qos_profile_t, rclcpp::SubscriptionOptions) [with M = nav_msgs::msg::Odometry_<std::allocator<void> >; NodeType = rclcpp::Node; std::string = std::__cxx11::basic_string<char>; rmw_qos_profile_t = rmw_qos_profile_s; rclcpp::SubscriptionOptions = rclcpp::SubscriptionOptionsWithAllocator<std::allocator<void> >]’
[22.021s]   212 |   Subscriber(
[22.021s]       |   ^~~~~~~~~~
[22.021s] /opt/ros/jazzy/include/message_filters/message_filters/subscriber.h:212:3: note:   candidate expects 4 arguments, 3 provided
[22.023s] /opt/ros/jazzy/include/message_filters/message_filters/subscriber.h:203:3: note: candidate: ‘message_filters::Subscriber<M, NodeType>::Subscriber(NodePtr, const std::string&, rmw_qos_profile_t, rclcpp::SubscriptionOptions) [with M = nav_msgs::msg::Odometry_<std::allocator<void> >; NodeType = rclcpp::Node; NodePtr = std::shared_ptr<rclcpp::Node>; std::string = std::__cxx11::basic_string<char>; rmw_qos_profile_t = rmw_qos_profile_s; rclcpp::SubscriptionOptions = rclcpp::SubscriptionOptionsWithAllocator<std::allocator<void> >]’
[22.024s]   203 |   Subscriber(
[22.024s]       |   ^~~~~~~~~~
[22.024s] /opt/ros/jazzy/include/message_filters/message_filters/subscriber.h:203:3: note:   candidate expects 4 arguments, 3 provided
[22.024s] /opt/ros/jazzy/include/message_filters/message_filters/subscriber.h:188:3: note: candidate: ‘message_filters::Subscriber<M, NodeType>::Subscriber(NodeType*, const std::string&, rmw_qos_profile_t) [with M = nav_msgs::msg::Odometry_<std::allocator<void> >; NodeType = rclcpp::Node; std::string = std::__cxx11::basic_string<char>; rmw_qos_profile_t = rmw_qos_profile_s]’
[22.024s]   188 |   Subscriber(NodeType * node, const std::string& topic, const rmw_qos_profile_t qos = rmw_qos_profile_default)
[22.025s]       |   ^~~~~~~~~~
[22.025s] /opt/ros/jazzy/include/message_filters/message_filters/subscriber.h:188:25: note:   no known conversion for argument 1 from ‘rclcpp::Node’ to ‘rclcpp::Node*’
[22.025s]   188 |   Subscriber(NodeType * node, const std::string& topic, const rmw_qos_profile_t qos = rmw_qos_profile_default)
[22.025s]       |              ~~~~~~~~~~~^~~~
[22.025s] /opt/ros/jazzy/include/message_filters/message_filters/subscriber.h:183:3: note: candidate: ‘message_filters::Subscriber<M, NodeType>::Subscriber(NodePtr, const std::string&, rmw_qos_profile_t) [with M = nav_msgs::msg::Odometry_<std::allocator<void> >; NodeType = rclcpp::Node; NodePtr = std::shared_ptr<rclcpp::Node>; std::string = std::__cxx11::basic_string<char>; rmw_qos_profile_t = rmw_qos_profile_s]’
[22.025s]   183 |   Subscriber(NodePtr node, const std::string& topic, const rmw_qos_profile_t qos = rmw_qos_profile_default)
[22.028s]       |   ^~~~~~~~~~
[22.030s] /opt/ros/jazzy/include/message_filters/message_filters/subscriber.h:183:22: note:   no known conversion for argument 1 from ‘rclcpp::Node’ to ‘message_filters::Subscriber<nav_msgs::msg::Odometry_<std::allocator<void> > >::NodePtr’ {aka ‘std::shared_ptr<rclcpp::Node>’}
[22.031s]   183 |   Subscriber(NodePtr node, const std::string& topic, const rmw_qos_profile_t qos = rmw_qos_profile_default)
[22.031s]       |              ~~~~~~~~^~~~
[22.062s] /home/neha/ros2_ws/src/semnav_migration/src/navigation_semantic.cpp:148:55: error: ‘bind’ is not a member of ‘boost’; did you mean ‘find’?
[22.062s]   148 |                         sync->registerCallback(boost::bind(&SemanticNavigationNode::control_callback, this, _1, _2));
[22.062s]       |                                                       ^~~~
[22.062s]       |                                                       find
[22.066s] /home/neha/ros2_ws/src/semnav_migration/src/navigation_semantic.cpp:148:109: error: ‘_1’ was not declared in this scope
[22.067s]   148 |                         sync->registerCallback(boost::bind(&SemanticNavigationNode::control_callback, this, _1, _2));
[22.067s]       |                                                                                                             ^~
[22.067s] /home/neha/ros2_ws/src/semnav_migration/src/navigation_semantic.cpp:148:109: note: suggested alternatives:
[22.069s] In file included from /usr/include/boost/mpl/aux_/include_preprocessed.hpp:37,
[22.070s]                  from /usr/include/boost/mpl/placeholders.hpp:43,
[22.070s]                  from /usr/include/boost/iterator/iterator_categories.hpp:16,
[22.070s]                  from /usr/include/boost/iterator/iterator_facade.hpp:13,
[22.070s]                  from /usr/include/boost/range/iterator_range_core.hpp:27,
[22.070s]                  from /usr/include/boost/lexical_cast.hpp:48,
[22.070s]                  from /usr/include/boost/multiprecision/detail/number_base.hpp:29,
[22.071s]                  from /usr/include/boost/multiprecision/traits/is_variable_precision.hpp:9,
[22.071s]                  from /usr/include/boost/multiprecision/detail/precision.hpp:9,
[22.071s]                  from /usr/include/boost/multiprecision/number.hpp:11,
[22.071s]                  from /usr/include/boost/multiprecision/cpp_int.hpp:19,
[22.071s]                  from /usr/include/boost/multiprecision/cpp_bin_float.hpp:15,
[22.071s]                  from /usr/include/boost/geometry/core/coordinate_promotion.hpp:16,
[22.072s]                  from /usr/include/boost/geometry/core/radian_access.hpp:30,
[22.073s]                  from /usr/include/boost/geometry/geometry.hpp:50,
[22.073s]                  from /usr/include/boost/geometry.hpp:17,
[22.073s]                  from /home/neha/ros2_ws/src/semnav_migration/include/reactive_planner_lib.h:26:
[22.073s] /usr/include/boost/mpl/aux_/preprocessed/gcc/placeholders.hpp:29:16: note:   ‘mpl_::_1’
[22.073s]    29 | typedef arg<1> _1;
[22.073s]       |                ^~
[22.073s] In file included from /usr/include/boost/numeric/conversion/converter_policies.hpp:13,
[22.073s]                  from /usr/include/boost/numeric/conversion/converter.hpp:14,
[22.074s]                  from /usr/include/boost/numeric/conversion/cast.hpp:33,
[22.074s]                  from /usr/include/boost/geometry/core/radian_access.hpp:26:
[22.074s] /usr/include/c++/13/functional:294:48: note:   ‘std::placeholders::_1’
[22.074s]   294 |     _GLIBCXX_PLACEHOLDER const _Placeholder<1> _1;
[22.074s]       |                                                ^~
[22.078s] /usr/include/boost/mpl/aux_/preprocessed/gcc/placeholders.hpp:29:16: note:   ‘mpl_::_1’
[22.078s]    29 | typedef arg<1> _1;
[22.078s]       |                ^~
[22.078s] In file included from /usr/include/boost/describe/members.hpp:20,
[22.078s]                  from /usr/include/boost/container_hash/is_described_class.hpp:11,
[22.078s]                  from /usr/include/boost/container_hash/hash.hpp:18,
[22.078s]                  from /usr/include/boost/functional/hash.hpp:6,
[22.079s]                  from /usr/include/CGAL/Kernel/hash_functions.h:16,
[22.079s]                  from /usr/include/CGAL/Kernel/global_functions.h:25,
[22.079s]                  from /usr/include/CGAL/Cartesian/Cartesian_base.h:22,
[22.079s]                  from /usr/include/CGAL/Simple_cartesian.h:20,
[22.079s]                  from /usr/include/CGAL/Exact_predicates_inexact_constructions_kernel.h:20,
[22.081s]                  from /home/neha/ros2_ws/src/semnav_migration/include/polygeom_lib.h:32,
[22.081s]                  from /home/neha/ros2_ws/src/semnav_migration/include/reactive_planner_lib.h:51:
[22.082s] /usr/include/boost/mp11/bind.hpp:45:7: note:   ‘boost::mp11::_1’
[22.082s]    45 | using _1 = mp_arg<0>;
[22.082s]       |       ^~
[22.082s] /usr/include/boost/mpl/aux_/preprocessed/gcc/placeholders.hpp:29:16: note:   ‘mpl_::_1’
[22.082s]    29 | typedef arg<1> _1;
[22.082s]       |                ^~
[22.082s] /home/neha/ros2_ws/src/semnav_migration/src/navigation_semantic.cpp:148:113: error: ‘_2’ was not declared in this scope
[22.083s]   148 |                         sync->registerCallback(boost::bind(&SemanticNavigationNode::control_callback, this, _1, _2));
[22.083s]       |                                                                                                                 ^~
[22.083s] /home/neha/ros2_ws/src/semnav_migration/src/navigation_semantic.cpp:148:113: note: suggested alternatives:
[22.083s] /usr/include/boost/mpl/aux_/preprocessed/gcc/placeholders.hpp:42:16: note:   ‘mpl_::_2’
[22.083s]    42 | typedef arg<2> _2;
[22.085s]       |                ^~
[22.086s] /usr/include/c++/13/functional:295:48: note:   ‘std::placeholders::_2’
[22.086s]   295 |     _GLIBCXX_PLACEHOLDER const _Placeholder<2> _2;
[22.086s]       |                                                ^~
[22.087s] /usr/include/boost/mpl/aux_/preprocessed/gcc/placeholders.hpp:42:16: note:   ‘mpl_::_2’
[22.087s]    42 | typedef arg<2> _2;
[22.087s]       |                ^~
[22.087s] /usr/include/boost/mp11/bind.hpp:46:7: note:   ‘boost::mp11::_2’
[22.087s]    46 | using _2 = mp_arg<1>;
[22.087s]       |       ^~
[22.087s] /usr/include/boost/mpl/aux_/preprocessed/gcc/placeholders.hpp:42:16: note:   ‘mpl_::_2’
[22.088s]    42 | typedef arg<2> _2;
[22.088s]       |                ^~
[22.088s] /home/neha/ros2_ws/src/semnav_migration/src/navigation_semantic.cpp:150:33: error: ‘Subscriber’ is not a member of ‘rclcpp’; did you mean ‘message_filters::Subscriber’?
[22.088s]   150 |                         rclcpp::Subscriber sub_semantic = this->create_subscriber("sub_semantic_topic_", 1);
[22.088s]       |                                 ^~~~~~~~~~
[22.090s] /opt/ros/jazzy/include/message_filters/message_filters/subscriber.h:165:7: note: ‘message_filters::Subscriber’ declared here
[22.091s]   165 | class Subscriber
[22.091s]       |       ^~~~~~~~~~
[22.091s] /home/neha/ros2_ws/src/semnav_migration/src/navigation_semantic.cpp:154:45: error: no matching function for call to ‘rclcpp::Duration::Duration(double)’
[22.091s]   154 |                         rclcpp::Duration(5.0).sleep();
[22.091s]       |                                             ^
[22.091s] In file included from /opt/ros/jazzy/include/rclcpp/rclcpp/time.hpp:24,
[22.091s]                  from /opt/ros/jazzy/include/rclcpp/rclcpp/clock.hpp:24,
[22.092s]                  from /opt/ros/jazzy/include/rclcpp/rclcpp/client.hpp:38,
[22.092s]                  from /opt/ros/jazzy/include/rclcpp/rclcpp/callback_group.hpp:24,
[22.092s]                  from /opt/ros/jazzy/include/rclcpp/rclcpp/any_executable.hpp:20,
[22.092s]                  from /opt/ros/jazzy/include/rclcpp/rclcpp/memory_strategy.hpp:25,
[22.092s]                  from /opt/ros/jazzy/include/rclcpp/rclcpp/memory_strategies.hpp:18,
[22.092s]                  from /opt/ros/jazzy/include/rclcpp/rclcpp/executor_options.hpp:22,
[22.094s]                  from /opt/ros/jazzy/include/rclcpp/rclcpp/executor.hpp:38,
[22.095s]                  from /opt/ros/jazzy/include/rclcpp/rclcpp/executors/multi_threaded_executor.hpp:25,
[22.095s]                  from /opt/ros/jazzy/include/rclcpp/rclcpp/executors.hpp:21:
[22.095s] /opt/ros/jazzy/include/rclcpp/rclcpp/duration.hpp:49:3: note: candidate: ‘template<class Rep, class Period> rclcpp::Duration::Duration(const std::chrono::duration<_Rep1, _Period1>&)’
[22.095s]    49 |   Duration(const std::chrono::duration<Rep, Period> & duration)  // NOLINT(runtime/explicit)
[22.095s]       |   ^~~~~~~~
[22.095s] /opt/ros/jazzy/include/rclcpp/rclcpp/duration.hpp:49:3: note:   template argument deduction/substitution failed:
[22.096s] /home/neha/ros2_ws/src/semnav_migration/src/navigation_semantic.cpp:154:45: note:   mismatched types ‘const std::chrono::duration<_Rep1, _Period1>’ and ‘double’
[22.096s]   154 |                         rclcpp::Duration(5.0).sleep();
[22.096s]       |                                             ^
[22.096s] /opt/ros/jazzy/include/rclcpp/rclcpp/duration.hpp:159:3: note: candidate: ‘rclcpp::Duration::Duration()’
[22.096s]   159 |   Duration() = default;
[22.098s]       |   ^~~~~~~~
[22.099s] /opt/ros/jazzy/include/rclcpp/rclcpp/duration.hpp:159:3: note:   candidate expects 0 arguments, 1 provided
[22.099s] /opt/ros/jazzy/include/rclcpp/rclcpp/duration.hpp:62:3: note: candidate: ‘rclcpp::Duration::Duration(const rclcpp::Duration&)’
[22.099s]    62 |   Duration(const Duration & rhs);
[22.099s]       |   ^~~~~~~~
[22.099s] /opt/ros/jazzy/include/rclcpp/rclcpp/duration.hpp:62:29: note:   no known conversion for argument 1 from ‘double’ to ‘const rclcpp::Duration&’
[22.099s]    62 |   Duration(const Duration & rhs);
[22.099s]       |            ~~~~~~~~~~~~~~~~~^~~
[22.100s] /opt/ros/jazzy/include/rclcpp/rclcpp/duration.hpp:60:12: note: candidate: ‘rclcpp::Duration::Duration(const rcl_duration_t&)’
[22.100s]    60 |   explicit Duration(const rcl_duration_t & duration);
[22.100s]       |            ^~~~~~~~
[22.100s] /opt/ros/jazzy/include/rclcpp/rclcpp/duration.hpp:60:44: note:   no known conversion for argument 1 from ‘double’ to ‘const rcl_duration_t&’ {aka ‘const rcl_duration_s&’}
[22.100s]    60 |   explicit Duration(const rcl_duration_t & duration);
[22.100s]       |                     ~~~~~~~~~~~~~~~~~~~~~~~^~~~~~~~
[22.102s] /opt/ros/jazzy/include/rclcpp/rclcpp/duration.hpp:54:3: note: candidate: ‘rclcpp::Duration::Duration(const builtin_interfaces::msg::Duration&)’
[22.103s]    54 |   Duration(const builtin_interfaces::msg::Duration & duration_msg);  // NOLINT(runtime/explicit)
[22.103s]       |   ^~~~~~~~
[22.103s] /opt/ros/jazzy/include/rclcpp/rclcpp/duration.hpp:54:54: note:   no known conversion for argument 1 from ‘double’ to ‘const builtin_interfaces::msg::Duration&’ {aka ‘const builtin_interfaces::msg::Duration_<std::allocator<void> >&’}
[22.103s]    54 |   Duration(const builtin_interfaces::msg::Duration & duration_msg);  // NOLINT(runtime/explicit)
[22.103s]       |            ~~~~~~~~~~~~~~~~~~~~~~~~~~~~~~~~~~~~~~~~~~^~~~~~~~~~~~
[22.103s] /opt/ros/jazzy/include/rclcpp/rclcpp/duration.hpp:43:12: note: candidate: ‘rclcpp::Duration::Duration(std::chrono::nanoseconds)’
[22.103s]    43 |   explicit Duration(std::chrono::nanoseconds nanoseconds);
[22.103s]       |            ^~~~~~~~
[22.104s] /opt/ros/jazzy/include/rclcpp/rclcpp/duration.hpp:43:46: note:   no known conversion for argument 1 from ‘double’ to ‘std::chrono::nanoseconds’ {aka ‘std::chrono::duration<long int, std::ratio<1, 1000000000> >’}
[22.104s]    43 |   explicit Duration(std::chrono::nanoseconds nanoseconds);
[22.104s]       |                     ~~~~~~~~~~~~~~~~~~~~~~~~~^~~~~~~~~~~
[22.104s] /opt/ros/jazzy/include/rclcpp/rclcpp/duration.hpp:40:3: note: candidate: ‘rclcpp::Duration::Duration(int32_t, uint32_t)’
[22.104s]    40 |   Duration(int32_t seconds, uint32_t nanoseconds);
[22.107s]       |   ^~~~~~~~
[22.107s] /opt/ros/jazzy/include/rclcpp/rclcpp/duration.hpp:40:3: note:   candidate expects 2 arguments, 1 provided
[22.107s] /home/neha/ros2_ws/src/semnav_migration/src/navigation_semantic.cpp:161:25: error: ‘ros’ has not been declared
[22.107s]   161 |                         ros::spin();
[22.107s]       |                         ^~~
[22.107s] /home/neha/ros2_ws/src/semnav_migration/src/navigation_semantic.cpp: In member function ‘void SemanticNavigationNode::publish_behavior_id(uint16_t)’:
[22.107s] /home/neha/ros2_ws/src/semnav_migration/src/navigation_semantic.cpp:173:32: error: ‘UInt32’ is not a member of ‘std_msgs::msg’
[22.108s]   173 |                 std_msgs::msg::UInt32 commandId;
[22.108s]       |                                ^~~~~~
[22.157s] /home/neha/ros2_ws/src/semnav_migration/src/navigation_semantic.cpp:174:25: error: ‘commandId’ was not declared in this scope
[22.158s]   174 |                         commandId.data = BehaviorIdCmd;
[22.158s]       |                         ^~~~~~~~~
[22.158s] /home/neha/ros2_ws/src/semnav_migration/src/navigation_semantic.cpp:175:41: error: request for member ‘publish’ in ‘((SemanticNavigationNode*)this)->SemanticNavigationNode::pub_behaviorID_’, which is of non-class type ‘int’
[22.158s]   175 |                         pub_behaviorID_.publish(commandId);
[22.158s]       |                                         ^~~~~~~
[22.159s] /home/neha/ros2_ws/src/semnav_migration/src/navigation.cpp:150:55: error: ‘bind’ is not a member of ‘boost’; did you mean ‘find’?
[22.159s]   150 |                         sync->registerCallback(boost::bind(&NavigationNode::control_callback, this, _1, _2));
[22.159s]       |                                                       ^~~~
[22.159s]       |                                                       find
[22.164s] /home/neha/ros2_ws/src/semnav_migration/src/navigation.cpp:150:101: error: ‘_1’ was not declared in this scope
[22.164s]   150 |                         sync->registerCallback(boost::bind(&NavigationNode::control_callback, this, _1, _2));
[22.164s]       |                                                                                                     ^~
[22.164s] /home/neha/ros2_ws/src/semnav_migration/src/navigation_semantic.cpp: In member function ‘void SemanticNavigationNode::publish_behavior_mode(uint16_t)’:
[22.164s] /home/neha/ros2_ws/src/semnav_migration/src/navigation_semantic.cpp:180:28: error: ‘UInt32’ is not a member of ‘std_msgs::msg’
[22.165s]   180 |             std_msgs::msg::UInt32 commandMode;
[22.165s]       |                            ^~~~~~
[22.165s] /home/neha/ros2_ws/src/semnav_migration/src/navigation.cpp:150:101: note: suggested alternatives:
[22.165s] In file included from /usr/include/boost/mpl/aux_/include_preprocessed.hpp:37,
[22.165s]                  from /usr/include/boost/mpl/placeholders.hpp:43,
[22.165s]                  from /usr/include/boost/iterator/iterator_categories.hpp:16,
[22.165s]                  from /usr/include/boost/iterator/iterator_facade.hpp:13,
[22.165s]                  from /usr/include/boost/range/iterator_range_core.hpp:27,
[22.166s]                  from /usr/include/boost/lexical_cast.hpp:48,
[22.166s]                  from /usr/include/boost/multiprecision/detail/number_base.hpp:29,
[22.166s]                  from /usr/include/boost/multiprecision/traits/is_variable_precision.hpp:9,
[22.166s]                  from /usr/include/boost/multiprecision/detail/precision.hpp:9,
[22.166s]                  from /usr/include/boost/multiprecision/number.hpp:11,
[22.166s]                  from /usr/include/boost/multiprecision/cpp_int.hpp:19,
[22.171s]                  from /usr/include/boost/multiprecision/cpp_bin_float.hpp:15,
[22.171s]                  from /usr/include/boost/geometry/core/coordinate_promotion.hpp:16,
[22.171s]                  from /usr/include/boost/geometry/core/radian_access.hpp:30,
[22.172s]                  from /usr/include/boost/geometry/geometry.hpp:50,
[22.172s]                  from /usr/include/boost/geometry.hpp:17,
[22.172s]                  from /home/neha/ros2_ws/src/semnav_migration/include/reactive_planner_lib.h:26:
[22.172s] /usr/include/boost/mpl/aux_/preprocessed/gcc/placeholders.hpp:29:16: note:   ‘mpl_::_1’
[22.172s]    29 | typedef arg<1> _1;
[22.174s]       |                ^~
[22.175s] In file included from /usr/include/boost/numeric/conversion/converter_policies.hpp:13,
[22.175s]                  from /usr/include/boost/numeric/conversion/converter.hpp:14,
[22.175s]                  from /usr/include/boost/numeric/conversion/cast.hpp:33,
[22.175s]                  from /usr/include/boost/geometry/core/radian_access.hpp:26:
[22.175s] /usr/include/c++/13/functional:294:48: note:   ‘std::placeholders::_1’
[22.175s]   294 |     _GLIBCXX_PLACEHOLDER const _Placeholder<1> _1;
[22.176s]       |                                                ^~
[22.176s] /usr/include/boost/mpl/aux_/preprocessed/gcc/placeholders.hpp:29:16: note:   ‘mpl_::_1’
[22.176s]    29 | typedef arg<1> _1;
[22.176s]       |                ^~
[22.176s] In file included from /usr/include/boost/describe/members.hpp:20,
[22.176s]                  from /usr/include/boost/container_hash/is_described_class.hpp:11,
[22.178s]                  from /usr/include/boost/container_hash/hash.hpp:18,
[22.179s]                  from /usr/include/boost/functional/hash.hpp:6,
[22.179s]                  from /usr/include/CGAL/Kernel/hash_functions.h:16,
[22.179s]                  from /usr/include/CGAL/Kernel/global_functions.h:25,
[22.179s]                  from /usr/include/CGAL/Cartesian/Cartesian_base.h:22,
[22.179s]                  from /usr/include/CGAL/Simple_cartesian.h:20,
[22.179s]                  from /usr/include/CGAL/Exact_predicates_inexact_constructions_kernel.h:20,
[22.179s]                  from /home/neha/ros2_ws/src/semnav_migration/include/polygeom_lib.h:32,
[22.179s]                  from /home/neha/ros2_ws/src/semnav_migration/include/reactive_planner_lib.h:51:
[22.180s] /usr/include/boost/mp11/bind.hpp:45:7: note:   ‘boost::mp11::_1’
[22.180s]    45 | using _1 = mp_arg<0>;
[22.180s]       |       ^~
[22.180s] /usr/include/boost/mpl/aux_/preprocessed/gcc/placeholders.hpp:29:16: note:   ‘mpl_::_1’
[22.180s]    29 | typedef arg<1> _1;
[22.180s]       |                ^~
[22.182s] /home/neha/ros2_ws/src/semnav_migration/src/navigation.cpp:150:105: error: ‘_2’ was not declared in this scope
[22.183s]   150 |                         sync->registerCallback(boost::bind(&NavigationNode::control_callback, this, _1, _2));
[22.183s]       |                                                                                                         ^~
[22.183s] /home/neha/ros2_ws/src/semnav_migration/src/navigation.cpp:150:105: note: suggested alternatives:
[22.183s] /usr/include/boost/mpl/aux_/preprocessed/gcc/placeholders.hpp:42:16: note:   ‘mpl_::_2’
[22.183s]    42 | typedef arg<2> _2;
[22.183s]       |                ^~
[22.183s] /usr/include/c++/13/functional:295:48: note:   ‘std::placeholders::_2’
[22.183s]   295 |     _GLIBCXX_PLACEHOLDER const _Placeholder<2> _2;
[22.184s]       |                                                ^~
[22.184s] /usr/include/boost/mpl/aux_/preprocessed/gcc/placeholders.hpp:42:16: note:   ‘mpl_::_2’
[22.184s]    42 | typedef arg<2> _2;
[22.184s]       |                ^~
[22.184s] /usr/include/boost/mp11/bind.hpp:46:7: note:   ‘boost::mp11::_2’
[22.186s]    46 | using _2 = mp_arg<1>;
[22.186s]       |       ^~
[22.187s] /usr/include/boost/mpl/aux_/preprocessed/gcc/placeholders.hpp:42:16: note:   ‘mpl_::_2’
[22.187s]    42 | typedef arg<2> _2;
[22.187s]       |                ^~
[22.187s] /home/neha/ros2_ws/src/semnav_migration/src/navigation.cpp:153:20: error: ‘Subscription’ was not declared in this scope
[22.187s]   153 |             rclcpp:Subscription sub_semantic = this->create_subscriber(sub_semantic_topic_, 1);
[22.187s]       |                    ^~~~~~~~~~~~
[22.187s] /home/neha/ros2_ws/src/semnav_migration/src/navigation.cpp:153:20: note: suggested alternatives:
[22.188s] In file included from /opt/ros/jazzy/include/rclcpp/rclcpp/any_executable.hpp:25,
[22.188s]                  from /opt/ros/jazzy/include/rclcpp/rclcpp/memory_strategy.hpp:25,
[22.188s]                  from /opt/ros/jazzy/include/rclcpp/rclcpp/memory_strategies.hpp:18,
[22.188s]                  from /opt/ros/jazzy/include/rclcpp/rclcpp/executor_options.hpp:22,
[22.188s]                  from /opt/ros/jazzy/include/rclcpp/rclcpp/executor.hpp:38,
[22.188s]                  from /opt/ros/jazzy/include/rclcpp/rclcpp/executors/multi_threaded_executor.hpp:25,
[22.190s]                  from /opt/ros/jazzy/include/rclcpp/rclcpp/executors.hpp:21:
[22.191s] /opt/ros/jazzy/include/rclcpp/rclcpp/subscription.hpp:75:7: note:   ‘rclcpp::Subscription’
[22.191s]    75 | class Subscription : public SubscriptionBase
[22.191s]       |       ^~~~~~~~~~~~
[22.191s] In file included from /opt/ros/jazzy/include/rclcpp/rclcpp/client.hpp:45,
[22.191s]                  from /opt/ros/jazzy/include/rclcpp/rclcpp/callback_group.hpp:24,
[22.191s]                  from /opt/ros/jazzy/include/rclcpp/rclcpp/any_executable.hpp:20:
[22.191s] /opt/ros/jazzy/include/rclcpp/rclcpp/node_interfaces/node_graph_interface.hpp:43:3: note:   ‘rclcpp::EndpointType::Subscription’
[22.191s]    43 |   Subscription = RMW_ENDPOINT_SUBSCRIPTION
[22.192s]       |   ^~~~~~~~~~~~
[22.192s] /home/neha/ros2_ws/src/semnav_migration/src/navigation.cpp:157:45: error: no matching function for call to ‘rclcpp::Duration::Duration(double)’
[22.192s]   157 |                         rclcpp::Duration(5.0).sleep();
[22.192s]       |                                             ^
[22.192s] In file included from /opt/ros/jazzy/include/rclcpp/rclcpp/time.hpp:24,
[22.194s]                  from /opt/ros/jazzy/include/rclcpp/rclcpp/clock.hpp:24,
[22.194s]                  from /opt/ros/jazzy/include/rclcpp/rclcpp/client.hpp:38:
[22.194s] /opt/ros/jazzy/include/rclcpp/rclcpp/duration.hpp:49:3: note: candidate: ‘template<class Rep, class Period> rclcpp::Duration::Duration(const std::chrono::duration<_Rep1, _Period1>&)’
[22.194s]    49 |   Duration(const std::chrono::duration<Rep, Period> & duration)  // NOLINT(runtime/explicit)
[22.195s]       |   ^~~~~~~~
[22.195s] /opt/ros/jazzy/include/rclcpp/rclcpp/duration.hpp:49:3: note:   template argument deduction/substitution failed:
[22.195s] /home/neha/ros2_ws/src/semnav_migration/src/navigation.cpp:157:45: note:   mismatched types ‘const std::chrono::duration<_Rep1, _Period1>’ and ‘double’
[22.195s]   157 |                         rclcpp::Duration(5.0).sleep();
[22.195s]       |                                             ^
[22.195s] /opt/ros/jazzy/include/rclcpp/rclcpp/duration.hpp:159:3: note: candidate: ‘rclcpp::Duration::Duration()’
[22.195s]   159 |   Duration() = default;
[22.196s]       |   ^~~~~~~~
[22.196s] /opt/ros/jazzy/include/rclcpp/rclcpp/duration.hpp:159:3: note:   candidate expects 0 arguments, 1 provided
[22.196s] /opt/ros/jazzy/include/rclcpp/rclcpp/duration.hpp:62:3: note: candidate: ‘rclcpp::Duration::Duration(const rclcpp::Duration&)’
[22.196s]    62 |   Duration(const Duration & rhs);
[22.196s]       |   ^~~~~~~~
[22.196s] /opt/ros/jazzy/include/rclcpp/rclcpp/duration.hpp:62:29: note:   no known conversion for argument 1 from ‘double’ to ‘const rclcpp::Duration&’
[22.198s]    62 |   Duration(const Duration & rhs);
[22.198s]       |            ~~~~~~~~~~~~~~~~~^~~
[22.199s] /opt/ros/jazzy/include/rclcpp/rclcpp/duration.hpp:60:12: note: candidate: ‘rclcpp::Duration::Duration(const rcl_duration_t&)’
[22.199s]    60 |   explicit Duration(const rcl_duration_t & duration);
[22.199s]       |            ^~~~~~~~
[22.199s] /opt/ros/jazzy/include/rclcpp/rclcpp/duration.hpp:60:44: note:   no known conversion for argument 1 from ‘double’ to ‘const rcl_duration_t&’ {aka ‘const rcl_duration_s&’}
[22.199s]    60 |   explicit Duration(const rcl_duration_t & duration);
[22.199s]       |                     ~~~~~~~~~~~~~~~~~~~~~~~^~~~~~~~
[22.199s] /opt/ros/jazzy/include/rclcpp/rclcpp/duration.hpp:54:3: note: candidate: ‘rclcpp::Duration::Duration(const builtin_interfaces::msg::Duration&)’
[22.199s]    54 |   Duration(const builtin_interfaces::msg::Duration & duration_msg);  // NOLINT(runtime/explicit)
[22.200s]       |   ^~~~~~~~
[22.200s] /opt/ros/jazzy/include/rclcpp/rclcpp/duration.hpp:54:54: note:   no known conversion for argument 1 from ‘double’ to ‘const builtin_interfaces::msg::Duration&’ {aka ‘const builtin_interfaces::msg::Duration_<std::allocator<void> >&’}
[22.200s]    54 |   Duration(const builtin_interfaces::msg::Duration & duration_msg);  // NOLINT(runtime/explicit)
[22.200s]       |            ~~~~~~~~~~~~~~~~~~~~~~~~~~~~~~~~~~~~~~~~~~^~~~~~~~~~~~
[22.200s] /opt/ros/jazzy/include/rclcpp/rclcpp/duration.hpp:43:12: note: candidate: ‘rclcpp::Duration::Duration(std::chrono::nanoseconds)’
[22.202s]    43 |   explicit Duration(std::chrono::nanoseconds nanoseconds);
[22.202s]       |            ^~~~~~~~
[22.203s] /opt/ros/jazzy/include/rclcpp/rclcpp/duration.hpp:43:46: note:   no known conversion for argument 1 from ‘double’ to ‘std::chrono::nanoseconds’ {aka ‘std::chrono::duration<long int, std::ratio<1, 1000000000> >’}
[22.203s]    43 |   explicit Duration(std::chrono::nanoseconds nanoseconds);
[22.203s]       |                     ~~~~~~~~~~~~~~~~~~~~~~~~~^~~~~~~~~~~
[22.203s] /opt/ros/jazzy/include/rclcpp/rclcpp/duration.hpp:40:3: note: candidate: ‘rclcpp::Duration::Duration(int32_t, uint32_t)’
[22.203s]    40 |   Duration(int32_t seconds, uint32_t nanoseconds);
[22.203s]       |   ^~~~~~~~
[22.203s] /opt/ros/jazzy/include/rclcpp/rclcpp/duration.hpp:40:3: note:   candidate expects 2 arguments, 1 provided
[22.213s] /home/neha/ros2_ws/src/semnav_migration/src/navigation.cpp:164:38: error: ‘node_ptr’ was not declared in this scope; did you mean ‘mode_t’?
[22.214s]   164 |                         rclcpp::spin(node_ptr);
[22.214s]       |                                      ^~~~~~~~
[22.214s]       |                                      mode_t
[22.248s] /home/neha/ros2_ws/src/semnav_migration/src/navigation_semantic.cpp:181:25: error: ‘commandMode’ was not declared in this scope
[22.248s]   181 |                         commandMode.data = BehaviorModeCmd;
[22.249s]       |                         ^~~~~~~~~~~
[22.267s] /home/neha/ros2_ws/src/semnav_migration/src/navigation.cpp: In member function ‘void NavigationNode::publish_twist(double, double)’:
[22.267s] /home/neha/ros2_ws/src/semnav_migration/src/navigation.cpp:171:25: error: ‘pub_twist_’ was not declared in this scope; did you mean ‘publish_twist’?
[22.267s]   171 |                         pub_twist_.publish(commandTwist);
[22.268s]       |                         ^~~~~~~~~~
[22.268s]       |                         publish_twist
[22.273s] /home/neha/ros2_ws/src/semnav_migration/src/navigation.cpp: In member function ‘void NavigationNode::publish_behavior_id(uint16_t)’:
[22.274s] /home/neha/ros2_ws/src/semnav_migration/src/navigation.cpp:176:28: error: ‘UInt32’ is not a member of ‘std_msgs::msg’
[22.274s]   176 |             std_msgs::msg::UInt32 commandId;
[22.274s]       |                            ^~~~~~
[22.321s] /home/neha/ros2_ws/src/semnav_migration/src/navigation.cpp:177:25: error: ‘commandId’ was not declared in this scope
[22.321s]   177 |                         commandId.data = BehaviorIdCmd;
[22.322s]       |                         ^~~~~~~~~
[22.385s] /home/neha/ros2_ws/src/semnav_migration/src/navigation_semantic.cpp: In member function ‘void SemanticNavigationNode::control_callback(const sensor_msgs::msg::LaserScan_<std::allocator<void> >::ConstPtr&, const nav_msgs::msg::Odometry_<std::allocator<void> >::ConstPtr&)’:
[22.385s] /home/neha/ros2_ws/src/semnav_migration/src/navigation_semantic.cpp:406:33: error: ‘listener_’ was not declared in this scope
[22.385s]   406 |                                 listener_.waitForTransform(world_frame_id_, odom_frame_id_, rclcpp::Time(0), ros::Duration(1.0));
[22.385s]       |                                 ^~~~~~~~~
[22.388s] /home/neha/ros2_ws/src/semnav_migration/src/navigation_semantic.cpp:406:110: error: ‘ros’ has not been declared
[22.389s]   406 |                                 listener_.waitForTransform(world_frame_id_, odom_frame_id_, rclcpp::Time(0), ros::Duration(1.0));
[22.389s]       |                                                                                                              ^~~
[22.389s] /home/neha/ros2_ws/src/semnav_migration/src/navigation_semantic.cpp:409:33: error: static assertion failed: First argument to logging macros must be an rclcpp::Logger
[22.389s]   409 |                                 RCLCPP_ERROR("%s",ex.what());
[22.389s]       |                                 ^~~~~~~~~~~~
[22.389s] In file included from /opt/ros/jazzy/include/rclcpp/rclcpp/logging.hpp:24:
[22.389s] /home/neha/ros2_ws/src/semnav_migration/src/navigation_semantic.cpp:409:33: error: request for member ‘get_name’ in ‘("%s")’, which is of non-class type ‘const char [3]’
[22.390s]   409 |                                 RCLCPP_ERROR("%s",ex.what());
[22.390s]       |                                 ^~~~~~~~~~~~
[22.390s] /home/neha/ros2_ws/src/semnav_migration/src/navigation_semantic.cpp:409:33: error: request for member ‘get_name’ in ‘("%s")’, which is of non-class type ‘const char [3]’
[22.390s]   409 |                                 RCLCPP_ERROR("%s",ex.what());
[22.390s]       |                                 ^~~~~~~~~~~~
[22.392s] /home/neha/ros2_ws/src/semnav_migration/src/navigation_semantic.cpp:434:42: error: could not convert ‘lidar_data’ from ‘shared_ptr<LaserScan_<[...]>>’ to ‘shared_ptr<LaserScan_<[...]>>’
[22.393s]   434 |                         constructLIDAR2D(lidar_data, CutoffRange_, AllowableRange_, RobotPitch_, &LIDAR);
[22.393s]       |                                          ^~~~~~~~~~
[22.393s]       |                                          |
[22.393s]       |                                          shared_ptr<LaserScan_<[...]>>
[22.412s] /home/neha/ros2_ws/src/semnav_migration/src/navigation.cpp:178:25: error: ‘pub_behaviorID_’ was not declared in this scope; did you mean ‘pub_behaviorID_topic_’?
[22.412s]   178 |                         pub_behaviorID_.publish(commandId);
[22.412s]       |                         ^~~~~~~~~~~~~~~
[22.412s]       |                         pub_behaviorID_topic_
[22.414s] /home/neha/ros2_ws/src/semnav_migration/src/navigation.cpp: In member function ‘void NavigationNode::publish_behavior_mode(uint16_t)’:
[22.414s] /home/neha/ros2_ws/src/semnav_migration/src/navigation.cpp:183:28: error: ‘UInt32’ is not a member of ‘std_msgs::msg’
[22.414s]   183 |             std_msgs::msg::UInt32 commandMode;
[22.414s]       |                            ^~~~~~
[22.477s] /home/neha/ros2_ws/src/semnav_migration/src/navigation.cpp:184:25: error: ‘commandMode’ was not declared in this scope
[22.477s]   184 |                         commandMode.data = BehaviorModeCmd;
[22.477s]       |                         ^~~~~~~~~~~
[22.504s] /home/neha/ros2_ws/src/semnav_migration/src/navigation_semantic.cpp:591:41: error: ‘RCLCPP_WARN_STREAM’ was not declared in this scope
[22.505s]   591 |                                         RCLCPP_WARN_STREAM("[Navigation] Successfully navigated to goal and stopped to jump...");
[22.505s]       |                                         ^~~~~~~~~~~~~~~~~~
[22.505s] /home/neha/ros2_ws/src/semnav_migration/src/navigation_semantic.cpp:593:41: error: ‘ros’ has not been declared
[22.505s]   593 |                                         ros::Duration(5.0).sleep();
[22.505s]       |                                         ^~~
[22.570s] /home/neha/ros2_ws/src/semnav_migration/src/navigation.cpp:185:25: error: ‘pub_behaviorMode_’ was not declared in this scope; did you mean ‘pub_behaviorMode_topic_’?
[22.571s]   185 |                         pub_behaviorMode_.publish(commandMode);
[22.571s]       |                         ^~~~~~~~~~~~~~~~~
[22.571s]       |                         pub_behaviorMode_topic_
[22.598s] /home/neha/ros2_ws/src/semnav_migration/src/navigation_semantic.cpp:618:25: error: ‘RCLCPP_WARN_STREAM’ was not declared in this scope
[22.598s]   618 |                         RCLCPP_WARN_STREAM("[Navigation] Linear command is " << LinearCmd << " and angular command is " << AngularCmd);
[22.599s]       |                         ^~~~~~~~~~~~~~~~~~
[22.603s] /home/neha/ros2_ws/src/semnav_migration/src/navigation_semantic.cpp: In function ‘int main(int, char**)’:
[22.603s] /home/neha/ros2_ws/src/semnav_migration/src/navigation_semantic.cpp:700:34: error: invalid initialization of reference of type ‘const rclcpp::InitOptions&’ from expression of type ‘const char [20]’
[22.603s]   700 |         rclcpp::init(argc, argv, "navigation_semantic");
[22.603s]       |                                  ^~~~~~~~~~~~~~~~~~~~~
[22.605s] In file included from /opt/ros/jazzy/include/rclcpp/rclcpp/logging.hpp:25:
[22.606s] /opt/ros/jazzy/include/rclcpp/rclcpp/utilities.hpp:78:23: note: in passing argument 3 of ‘void rclcpp::init(int, const char* const*, const InitOptions&, SignalHandlerOptions)’
[22.606s]    78 |   const InitOptions & init_options = InitOptions(),
[22.606s]       |   ~~~~~~~~~~~~~~~~~~~~^~~~~~~~~~~~~~~~~~~~~~~~~~~~
[22.709s] /home/neha/ros2_ws/src/semnav_migration/src/navigation.cpp: In member function ‘void NavigationNode::control_callback(const sensor_msgs::msg::LaserScan_<std::allocator<void> >::ConstPtr&, const nav_msgs::msg::Odometry_<std::allocator<void> >::ConstPtr&)’:
[22.709s] /home/neha/ros2_ws/src/semnav_migration/src/navigation.cpp:368:33: error: ‘listener_’ was not declared in this scope
[22.709s]   368 |                                 listener_.waitForTransform(world_frame_id_, odom_frame_id_, rclcpp::Time(0), rclcpp::Duration(1.0));
[22.709s]       |                                 ^~~~~~~~~
[22.710s] /home/neha/ros2_ws/src/semnav_migration/src/navigation.cpp:368:130: error: no matching function for call to ‘rclcpp::Duration::Duration(double)’
[22.711s]   368 |                                 listener_.waitForTransform(world_frame_id_, odom_frame_id_, rclcpp::Time(0), rclcpp::Duration(1.0));
[22.711s]       |                                                                                                                                  ^
[22.711s] /opt/ros/jazzy/include/rclcpp/rclcpp/duration.hpp:49:3: note: candidate: ‘template<class Rep, class Period> rclcpp::Duration::Duration(const std::chrono::duration<_Rep1, _Period1>&)’
[22.711s]    49 |   Duration(const std::chrono::duration<Rep, Period> & duration)  // NOLINT(runtime/explicit)
[22.711s]       |   ^~~~~~~~
[22.711s] /opt/ros/jazzy/include/rclcpp/rclcpp/duration.hpp:49:3: note:   template argument deduction/substitution failed:
[22.711s] /home/neha/ros2_ws/src/semnav_migration/src/navigation.cpp:368:130: note:   mismatched types ‘const std::chrono::duration<_Rep1, _Period1>’ and ‘double’
[22.712s]   368 |                                 listener_.waitForTransform(world_frame_id_, odom_frame_id_, rclcpp::Time(0), rclcpp::Duration(1.0));
[22.712s]       |                                                                                                                                  ^
[22.715s] /opt/ros/jazzy/include/rclcpp/rclcpp/duration.hpp:159:3: note: candidate: ‘rclcpp::Duration::Duration()’
[22.715s]   159 |   Duration() = default;
[22.715s]       |   ^~~~~~~~
[22.715s] /opt/ros/jazzy/include/rclcpp/rclcpp/duration.hpp:159:3: note:   candidate expects 0 arguments, 1 provided
[22.715s] /opt/ros/jazzy/include/rclcpp/rclcpp/duration.hpp:62:3: note: candidate: ‘rclcpp::Duration::Duration(const rclcpp::Duration&)’
[22.715s]    62 |   Duration(const Duration & rhs);
[22.715s]       |   ^~~~~~~~
[22.716s] /opt/ros/jazzy/include/rclcpp/rclcpp/duration.hpp:62:29: note:   no known conversion for argument 1 from ‘double’ to ‘const rclcpp::Duration&’
[22.716s]    62 |   Duration(const Duration & rhs);
[22.716s]       |            ~~~~~~~~~~~~~~~~~^~~
[22.716s] /opt/ros/jazzy/include/rclcpp/rclcpp/duration.hpp:60:12: note: candidate: ‘rclcpp::Duration::Duration(const rcl_duration_t&)’
[22.718s]    60 |   explicit Duration(const rcl_duration_t & duration);
[22.720s]       |            ^~~~~~~~
[22.721s] /opt/ros/jazzy/include/rclcpp/rclcpp/duration.hpp:60:44: note:   no known conversion for argument 1 from ‘double’ to ‘const rcl_duration_t&’ {aka ‘const rcl_duration_s&’}
[22.721s]    60 |   explicit Duration(const rcl_duration_t & duration);
[22.721s]       |                     ~~~~~~~~~~~~~~~~~~~~~~~^~~~~~~~
[22.721s] /opt/ros/jazzy/include/rclcpp/rclcpp/duration.hpp:54:3: note: candidate: ‘rclcpp::Duration::Duration(const builtin_interfaces::msg::Duration&)’
[22.721s]    54 |   Duration(const builtin_interfaces::msg::Duration & duration_msg);  // NOLINT(runtime/explicit)
[22.721s]       |   ^~~~~~~~
[22.721s] /opt/ros/jazzy/include/rclcpp/rclcpp/duration.hpp:54:54: note:   no known conversion for argument 1 from ‘double’ to ‘const builtin_interfaces::msg::Duration&’ {aka ‘const builtin_interfaces::msg::Duration_<std::allocator<void> >&’}
[22.722s]    54 |   Duration(const builtin_interfaces::msg::Duration & duration_msg);  // NOLINT(runtime/explicit)
[22.722s]       |            ~~~~~~~~~~~~~~~~~~~~~~~~~~~~~~~~~~~~~~~~~~^~~~~~~~~~~~
[22.722s] /opt/ros/jazzy/include/rclcpp/rclcpp/duration.hpp:43:12: note: candidate: ‘rclcpp::Duration::Duration(std::chrono::nanoseconds)’
[22.722s]    43 |   explicit Duration(std::chrono::nanoseconds nanoseconds);
[22.722s]       |            ^~~~~~~~
[22.724s] /opt/ros/jazzy/include/rclcpp/rclcpp/duration.hpp:43:46: note:   no known conversion for argument 1 from ‘double’ to ‘std::chrono::nanoseconds’ {aka ‘std::chrono::duration<long int, std::ratio<1, 1000000000> >’}
[22.725s]    43 |   explicit Duration(std::chrono::nanoseconds nanoseconds);
[22.725s]       |                     ~~~~~~~~~~~~~~~~~~~~~~~~~^~~~~~~~~~~
[22.725s] /opt/ros/jazzy/include/rclcpp/rclcpp/duration.hpp:40:3: note: candidate: ‘rclcpp::Duration::Duration(int32_t, uint32_t)’
[22.725s]    40 |   Duration(int32_t seconds, uint32_t nanoseconds);
[22.725s]       |   ^~~~~~~~
[22.725s] /opt/ros/jazzy/include/rclcpp/rclcpp/duration.hpp:40:3: note:   candidate expects 2 arguments, 1 provided
[22.726s] /home/neha/ros2_ws/src/semnav_migration/src/navigation.cpp:398:42: error: could not convert ‘lidar_data’ from ‘shared_ptr<LaserScan_<[...]>>’ to ‘shared_ptr<LaserScan_<[...]>>’
[22.726s]   398 |                         constructLIDAR2D(lidar_data, CutoffRange_, AllowableRange_, RobotPitch_, &LIDAR);
[22.726s]       |                                          ^~~~~~~~~~
[22.726s]       |                                          |
[22.726s]       |                                          shared_ptr<LaserScan_<[...]>>
[22.739s] /home/neha/ros2_ws/src/semnav_migration/src/navigation.cpp:572:53: error: no matching function for call to ‘rclcpp::Duration::Duration(double)’
[22.739s]   572 |                                 rclcpp::Duration(5.0).sleep();
[22.739s]       |                                                     ^
[22.739s] /opt/ros/jazzy/include/rclcpp/rclcpp/duration.hpp:49:3: note: candidate: ‘template<class Rep, class Period> rclcpp::Duration::Duration(const std::chrono::duration<_Rep1, _Period1>&)’
[22.740s]    49 |   Duration(const std::chrono::duration<Rep, Period> & duration)  // NOLINT(runtime/explicit)
[22.740s]       |   ^~~~~~~~
[22.740s] /opt/ros/jazzy/include/rclcpp/rclcpp/duration.hpp:49:3: note:   template argument deduction/substitution failed:
[22.740s] /home/neha/ros2_ws/src/semnav_migration/src/navigation.cpp:572:53: note:   mismatched types ‘const std::chrono::duration<_Rep1, _Period1>’ and ‘double’
[22.740s]   572 |                                 rclcpp::Duration(5.0).sleep();
[22.742s]       |                                                     ^
[22.743s] /opt/ros/jazzy/include/rclcpp/rclcpp/duration.hpp:159:3: note: candidate: ‘rclcpp::Duration::Duration()’
[22.743s]   159 |   Duration() = default;
[22.743s]       |   ^~~~~~~~
[22.743s] /opt/ros/jazzy/include/rclcpp/rclcpp/duration.hpp:159:3: note:   candidate expects 0 arguments, 1 provided
[22.743s] /opt/ros/jazzy/include/rclcpp/rclcpp/duration.hpp:62:3: note: candidate: ‘rclcpp::Duration::Duration(const rclcpp::Duration&)’
[22.743s]    62 |   Duration(const Duration & rhs);
[22.743s]       |   ^~~~~~~~
[22.744s] /opt/ros/jazzy/include/rclcpp/rclcpp/duration.hpp:62:29: note:   no known conversion for argument 1 from ‘double’ to ‘const rclcpp::Duration&’
[22.744s]    62 |   Duration(const Duration & rhs);
[22.744s]       |            ~~~~~~~~~~~~~~~~~^~~
[22.744s] /opt/ros/jazzy/include/rclcpp/rclcpp/duration.hpp:60:12: note: candidate: ‘rclcpp::Duration::Duration(const rcl_duration_t&)’
[22.744s]    60 |   explicit Duration(const rcl_duration_t & duration);
[22.744s]       |            ^~~~~~~~
[22.747s] /opt/ros/jazzy/include/rclcpp/rclcpp/duration.hpp:60:44: note:   no known conversion for argument 1 from ‘double’ to ‘const rcl_duration_t&’ {aka ‘const rcl_duration_s&’}
[22.747s]    60 |   explicit Duration(const rcl_duration_t & duration);
[22.747s]       |                     ~~~~~~~~~~~~~~~~~~~~~~~^~~~~~~~
[22.747s] /opt/ros/jazzy/include/rclcpp/rclcpp/duration.hpp:54:3: note: candidate: ‘rclcpp::Duration::Duration(const builtin_interfaces::msg::Duration&)’
[22.747s]    54 |   Duration(const builtin_interfaces::msg::Duration & duration_msg);  // NOLINT(runtime/explicit)
[22.747s]       |   ^~~~~~~~
[22.747s] /opt/ros/jazzy/include/rclcpp/rclcpp/duration.hpp:54:54: note:   no known conversion for argument 1 from ‘double’ to ‘const builtin_interfaces::msg::Duration&’ {aka ‘const builtin_interfaces::msg::Duration_<std::allocator<void> >&’}
[22.748s]    54 |   Duration(const builtin_interfaces::msg::Duration & duration_msg);  // NOLINT(runtime/explicit)
[22.748s]       |            ~~~~~~~~~~~~~~~~~~~~~~~~~~~~~~~~~~~~~~~~~~^~~~~~~~~~~~
[22.748s] /opt/ros/jazzy/include/rclcpp/rclcpp/duration.hpp:43:12: note: candidate: ‘rclcpp::Duration::Duration(std::chrono::nanoseconds)’
[22.748s]    43 |   explicit Duration(std::chrono::nanoseconds nanoseconds);
[22.748s]       |            ^~~~~~~~
[22.750s] /opt/ros/jazzy/include/rclcpp/rclcpp/duration.hpp:43:46: note:   no known conversion for argument 1 from ‘double’ to ‘std::chrono::nanoseconds’ {aka ‘std::chrono::duration<long int, std::ratio<1, 1000000000> >’}
[22.751s]    43 |   explicit Duration(std::chrono::nanoseconds nanoseconds);
[22.751s]       |                     ~~~~~~~~~~~~~~~~~~~~~~~~~^~~~~~~~~~~
[22.751s] /opt/ros/jazzy/include/rclcpp/rclcpp/duration.hpp:40:3: note: candidate: ‘rclcpp::Duration::Duration(int32_t, uint32_t)’
[22.751s]    40 |   Duration(int32_t seconds, uint32_t nanoseconds);
[22.751s]       |   ^~~~~~~~
[22.751s] /opt/ros/jazzy/include/rclcpp/rclcpp/duration.hpp:40:3: note:   candidate expects 2 arguments, 1 provided
[34.440s] gmake[2]: *** [CMakeFiles/navigation_semantic.dir/build.make:76: CMakeFiles/navigation_semantic.dir/src/navigation_semantic.cpp.o] Error 1
[34.442s] gmake[1]: *** [CMakeFiles/Makefile2:207: CMakeFiles/navigation_semantic.dir/all] Error 2
[34.442s] gmake[1]: *** Waiting for unfinished jobs....
[37.022s] gmake[2]: *** [CMakeFiles/navigation.dir/build.make:76: CMakeFiles/navigation.dir/src/navigation.cpp.o] Error 1
[37.022s] gmake[1]: *** [CMakeFiles/Makefile2:181: CMakeFiles/navigation.dir/all] Error 2
[37.022s] gmake: *** [Makefile:146: all] Error 2
[37.025s] Invoked command in '/home/neha/ros2_ws/src/semnav_migration/build/semnav' returned '2': CMAKE_PREFIX_PATH=${CMAKE_PREFIX_PATH}:/opt/ros/jazzy DEBUGINFOD_URLS=https://debuginfod.ubuntu.com /usr/bin/cmake --build /home/neha/ros2_ws/src/semnav_migration/build/semnav -- -j2 -l2
