[0.025s] Invoking command in '/home/neha/ros2_ws/src/semnav_migration/build/semnav': CMAKE_PREFIX_PATH=${CMAKE_PREFIX_PATH}:/opt/ros/jazzy DEBUGINFOD_URLS=https://debuginfod.ubuntu.com /usr/bin/cmake --build /home/neha/ros2_ws/src/semnav_migration/build/semnav -- -j2 -l2
[0.198s] [  4%] Building CXX object CMakeFiles/reactive_planner.dir/src/libraries/reactive_planner_lib.cpp.o
[58.161s] [  9%] Linking CXX static library libreactive_planner.a
[58.795s] [ 14%] Built target reactive_planner
[58.935s] [ 19%] Building CXX object CMakeFiles/navigation_semantic.dir/src/navigation_semantic.cpp.o
[58.939s] [ 23%] Building CXX object CMakeFiles/navigation.dir/src/navigation.cpp.o
[64.946s] /home/neha/ros2_ws/src/semnav_migration/src/navigation.cpp:138:77: error: missing terminating " character
[64.946s]   138 |             pub_behaviorID_ = this->create_publisher<std_msgs::msg::UInt32>("pub_behaviorID_topic_, 1);
[64.946s]       |                                                                             ^~~~~~~~~~~~~~~~~~~~~~~~~~~
[64.949s] /home/neha/ros2_ws/src/semnav_migration/src/navigation.cpp:139:79: error: missing terminating " character
[64.949s]   139 |             pub_behaviorMode_ = this->create_publisher<std_msgs::msg::UInt32>("pub_behaviorMode_topic_, 1);
[64.949s]       |                                                                               ^~~~~~~~~~~~~~~~~~~~~~~~~~~~~
[64.949s] /home/neha/ros2_ws/src/semnav_migration/src/navigation.cpp:140:72: error: missing terminating " character
[64.949s]   140 |             pub_twist_ = this->create_publisher<std_msgs::msg::UInt32>("pub_twist_topic_, 1);
[64.949s]       |                                                                        ^~~~~~~~~~~~~~~~~~~~~~
[80.237s] /home/neha/ros2_ws/src/semnav_migration/src/navigation_semantic.cpp:240:47: error: ‘object_pose_interface_msgs’ does not name a type
[80.237s]   240 |                 void diffeo_tree_update(const object_pose_interface_msgs::msg::SemanticMapObjectArray::ConstPtr& semantic_map_data) {
[80.237s]       |                                               ^~~~~~~~~~~~~~~~~~~~~~~~~~
[80.237s] /home/neha/ros2_ws/src/semnav_migration/src/navigation_semantic.cpp:240:78: error: expected unqualified-id before ‘::’ token
[80.238s]   240 |                 void diffeo_tree_update(const object_pose_interface_msgs::msg::SemanticMapObjectArray::ConstPtr& semantic_map_data) {
[80.238s]       |                                                                              ^~
[80.238s] /home/neha/ros2_ws/src/semnav_migration/src/navigation_semantic.cpp:240:78: error: expected ‘)’ before ‘::’ token
[80.238s]   240 |                 void diffeo_tree_update(const object_pose_interface_msgs::msg::SemanticMapObjectArray::ConstPtr& semantic_map_data) {
[80.238s]       |                                        ~                                     ^~
[80.239s]       |                                                                              )
[80.239s] /home/neha/ros2_ws/src/semnav_migration/src/navigation_semantic.cpp:240:75: error: expected ‘;’ at end of member declaration
[80.240s]   240 |                 void diffeo_tree_update(const object_pose_interface_msgs::msg::SemanticMapObjectArray::ConstPtr& semantic_map_data) {
[80.240s]       |                                                                           ^~~
[80.240s]       |                                                                              ;
[80.273s] /home/neha/ros2_ws/src/semnav_migration/src/navigation_semantic.cpp:240:80: error: ‘SemanticMapObjectArray’ in namespace ‘::’ does not name a type
[80.274s]   240 |                 void diffeo_tree_update(const object_pose_interface_msgs::msg::SemanticMapObjectArray::ConstPtr& semantic_map_data) {
[80.274s]       |                                                                                ^~~~~~~~~~~~~~~~~~~~~~
[80.281s] /home/neha/ros2_ws/src/semnav_migration/src/navigation_semantic.cpp:623:17: error: ‘ros’ does not name a type
[80.282s]   623 |                 ros::NodeHandle nh_;
[80.282s]       |                 ^~~
[80.286s] /home/neha/ros2_ws/src/semnav_migration/src/navigation_semantic.cpp:640:17: error: ‘ros’ does not name a type
[80.286s]   640 |                 ros::Publisher pub_behaviorID_;
[80.286s]       |                 ^~~
[80.294s] /home/neha/ros2_ws/src/semnav_migration/src/navigation_semantic.cpp:641:17: error: ‘ros’ does not name a type
[80.294s]   641 |                 ros::Publisher pub_behaviorMode_;
[80.294s]       |                 ^~~
[80.298s] /home/neha/ros2_ws/src/semnav_migration/src/navigation_semantic.cpp:642:17: error: ‘ros’ does not name a type
[80.298s]   642 |                 ros::Publisher pub_twist_;
[80.298s]       |                 ^~~
[80.304s] /home/neha/ros2_ws/src/semnav_migration/src/navigation_semantic.cpp:644:17: error: ‘ros’ does not name a type
[80.304s]   644 |                 ros::Publisher pub_semantic_map_;
[80.304s]       |                 ^~~
[80.314s] /home/neha/ros2_ws/src/semnav_migration/src/navigation.cpp:243:47: error: ‘object_pose_interface_msgs’ does not name a type
[80.314s]   243 |                 void diffeo_tree_update(const object_pose_interface_msgs::msg::SemanticMapObjectArray::ConstPtr& semantic_map_data) {
[80.314s]       |                                               ^~~~~~~~~~~~~~~~~~~~~~~~~~
[80.314s] /home/neha/ros2_ws/src/semnav_migration/src/navigation.cpp:243:78: error: expected unqualified-id before ‘::’ token
[80.315s]   243 |                 void diffeo_tree_update(const object_pose_interface_msgs::msg::SemanticMapObjectArray::ConstPtr& semantic_map_data) {
[80.315s]       |                                                                              ^~
[80.316s] /home/neha/ros2_ws/src/semnav_migration/src/navigation.cpp:243:78: error: expected ‘)’ before ‘::’ token
[80.316s]   243 |                 void diffeo_tree_update(const object_pose_interface_msgs::msg::SemanticMapObjectArray::ConstPtr& semantic_map_data) {
[80.316s]       |                                        ~                                     ^~
[80.317s]       |                                                                              )
[80.317s] /home/neha/ros2_ws/src/semnav_migration/src/navigation.cpp:243:75: error: expected ‘;’ at end of member declaration
[80.317s]   243 |                 void diffeo_tree_update(const object_pose_interface_msgs::msg::SemanticMapObjectArray::ConstPtr& semantic_map_data) {
[80.317s]       |                                                                           ^~~
[80.317s]       |                                                                              ;
[80.319s] /home/neha/ros2_ws/src/semnav_migration/src/navigation_semantic.cpp:690:17: error: ‘tf’ does not name a type; did you mean ‘tm’?
[80.320s]   690 |                 tf::TransformListener listener_;
[80.320s]       |                 ^~
[80.320s]       |                 tm
[80.359s] /home/neha/ros2_ws/src/semnav_migration/src/navigation.cpp:243:80: error: ‘SemanticMapObjectArray’ in namespace ‘::’ does not name a type
[80.359s]   243 |                 void diffeo_tree_update(const object_pose_interface_msgs::msg::SemanticMapObjectArray::ConstPtr& semantic_map_data) {
[80.359s]       |                                                                                ^~~~~~~~~~~~~~~~~~~~~~
[80.361s] /home/neha/ros2_ws/src/semnav_migration/src/navigation.cpp:616:17: error: invalid use of template-name ‘rclcpp::Publisher’ without an argument list
[80.361s]   616 |                 rclcpp::Publisher pub_behaviorID_;
[80.361s]       |                 ^~~~~~
[80.365s] /home/neha/ros2_ws/src/semnav_migration/src/navigation.cpp:617:17: error: invalid use of template-name ‘rclcpp::Publisher’ without an argument list
[80.365s]   617 |                 rclcpp::Publisher pub_behaviorMode_;
[80.365s]       |                 ^~~~~~
[80.365s] /home/neha/ros2_ws/src/semnav_migration/src/navigation.cpp:618:17: error: invalid use of template-name ‘rclcpp::Publisher’ without an argument list
[80.365s]   618 |                 rclcpp::Publisher pub_twist_;
[80.365s]       |                 ^~~~~~
[80.366s] /home/neha/ros2_ws/src/semnav_migration/src/navigation.cpp:620:17: error: invalid use of template-name ‘rclcpp::Publisher’ without an argument list
[80.366s]   620 |                 rclcpp::Publisher pub_semantic_map_;
[80.366s]       |                 ^~~~~~
[80.376s] /home/neha/ros2_ws/src/semnav_migration/src/navigation.cpp:664:22: error: ‘TransformListener’ in namespace ‘tf2’ does not name a type
[80.376s]   664 |                 tf2::TransformListener listener_;
[80.376s]       |                      ^~~~~~~~~~~~~~~~~
[80.378s] /home/neha/ros2_ws/src/semnav_migration/src/navigation.cpp: In constructor ‘NavigationNode::NavigationNode()’:
[80.378s] /home/neha/ros2_ws/src/semnav_migration/src/navigation.cpp:45:50: error: no matching function for call to ‘rclcpp::Node::Node()’
[80.378s]    45 |         NavigationNode() : Node("navigation_node") {
[80.378s]       |                                                  ^
[80.379s] In file included from /opt/ros/jazzy/include/rclcpp/rclcpp/executors/single_threaded_executor.hpp:28,
[80.380s]                  from /opt/ros/jazzy/include/rclcpp/rclcpp/executors.hpp:22,
[80.380s]                  from /opt/ros/jazzy/include/rclcpp/rclcpp/rclcpp.hpp:172,
[80.380s]                  from /home/neha/ros2_ws/src/semnav_migration/include/reactive_planner_lib.h:32,
[80.380s]                  from /home/neha/ros2_ws/src/semnav_migration/src/navigation.cpp:25:
[80.380s] /opt/ros/jazzy/include/rclcpp/rclcpp/node.hpp:1629:3: note: candidate: ‘rclcpp::Node::Node(const rclcpp::Node&, const std::string&)’
[80.380s]  1629 |   Node(
[80.380s]       |   ^~~~
[80.381s] /opt/ros/jazzy/include/rclcpp/rclcpp/node.hpp:1629:3: note:   candidate expects 2 arguments, 0 provided
[80.381s] /opt/ros/jazzy/include/rclcpp/rclcpp/node.hpp:103:12: note: candidate: ‘rclcpp::Node::Node(const std::string&, const std::string&, const rclcpp::NodeOptions&)’
[80.381s]   103 |   explicit Node(
[80.381s]       |            ^~~~
[80.382s] /opt/ros/jazzy/include/rclcpp/rclcpp/node.hpp:103:12: note:   candidate expects 3 arguments, 0 provided
[80.382s] /opt/ros/jazzy/include/rclcpp/rclcpp/node.hpp:91:12: note: candidate: ‘rclcpp::Node::Node(const std::string&, const rclcpp::NodeOptions&)’
[80.382s]    91 |   explicit Node(
[80.382s]       |            ^~~~
[80.383s] /opt/ros/jazzy/include/rclcpp/rclcpp/node.hpp:91:12: note:   candidate expects 2 arguments, 0 provided
[80.436s] /home/neha/ros2_ws/src/semnav_migration/src/navigation_semantic.cpp: In constructor ‘SemanticNavigationNode::SemanticNavigationNode()’:
[80.436s] /home/neha/ros2_ws/src/semnav_migration/src/navigation_semantic.cpp:136:25: error: ‘pub_behaviorID_’ was not declared in this scope; did you mean ‘pub_behaviorID_topic_’?
[80.436s]   136 |                         pub_behaviorID_ = nh_.advertise<std_msgs::UInt32>(pub_behaviorID_topic_, 1, true);
[80.436s]       |                         ^~~~~~~~~~~~~~~
[80.436s]       |                         pub_behaviorID_topic_
[80.467s] /home/neha/ros2_ws/src/semnav_migration/src/navigation_semantic.cpp:136:43: error: ‘nh_’ was not declared in this scope
[80.467s]   136 |                         pub_behaviorID_ = nh_.advertise<std_msgs::UInt32>(pub_behaviorID_topic_, 1, true);
[80.467s]       |                                           ^~~
[80.470s] /home/neha/ros2_ws/src/semnav_migration/src/navigation_semantic.cpp:136:67: error: ‘UInt32’ is not a member of ‘std_msgs’
[80.470s]   136 |                         pub_behaviorID_ = nh_.advertise<std_msgs::UInt32>(pub_behaviorID_topic_, 1, true);
[80.470s]       |                                                                   ^~~~~~
[80.503s] /home/neha/ros2_ws/src/semnav_migration/src/navigation.cpp:104:25: error: ‘target_object_’ was not declared in this scope
[80.503s]   104 |                         target_object_ = this->get_parameter("target_object").as_string();
[80.503s]       |                         ^~~~~~~~~~~~~~
[80.566s] /home/neha/ros2_ws/src/semnav_migration/src/navigation_semantic.cpp:137:25: error: ‘pub_behaviorMode_’ was not declared in this scope; did you mean ‘pub_behaviorMode_topic_’?
[80.566s]   137 |                         pub_behaviorMode_ = nh_.advertise<std_msgs::UInt32>(pub_behaviorMode_topic_, 1, true);
[80.566s]       |                         ^~~~~~~~~~~~~~~~~
[80.566s]       |                         pub_behaviorMode_topic_
[80.568s] /home/neha/ros2_ws/src/semnav_migration/src/navigation_semantic.cpp:137:69: error: ‘UInt32’ is not a member of ‘std_msgs’
[80.569s]   137 |                         pub_behaviorMode_ = nh_.advertise<std_msgs::UInt32>(pub_behaviorMode_topic_, 1, true);
[80.569s]       |                                                                     ^~~~~~
[80.617s] /home/neha/ros2_ws/src/semnav_migration/src/navigation_semantic.cpp:138:25: error: ‘pub_twist_’ was not declared in this scope; did you mean ‘publish_twist’?
[80.618s]   138 |                         pub_twist_ = nh_.advertise<geometry_msgs::msg::Twist>(pub_twist_topic_, 1, true);
[80.618s]       |                         ^~~~~~~~~~
[80.618s]       |                         publish_twist
[80.618s] /home/neha/ros2_ws/src/semnav_migration/src/navigation_semantic.cpp:138:77: error: expected primary-expression before ‘>’ token
[80.618s]   138 |                         pub_twist_ = nh_.advertise<geometry_msgs::msg::Twist>(pub_twist_topic_, 1, true);
[80.618s]       |                                                                             ^
[80.618s] /home/neha/ros2_ws/src/semnav_migration/src/navigation_semantic.cpp:141:42: error: ‘message_filters::msg’ has not been declared
[80.619s]   141 |                         message_filters::msg::Subscriber<sensor_msgs::LaserScan> sub_laser(nh_, sub_laser_topic_, 1);
[80.619s]       |                                          ^~~
[80.621s] /home/neha/ros2_ws/src/semnav_migration/src/navigation_semantic.cpp:141:71: error: ‘LaserScan’ is not a member of ‘sensor_msgs’; did you mean ‘sensor_msgs::msg::LaserScan’?
[80.622s]   141 |                         message_filters::msg::Subscriber<sensor_msgs::LaserScan> sub_laser(nh_, sub_laser_topic_, 1);
[80.622s]       |                                                                       ^~~~~~~~~
[80.622s] In file included from /opt/ros/jazzy/include/sensor_msgs/sensor_msgs/msg/laser_scan.hpp:7,
[80.622s]                  from /home/neha/ros2_ws/src/semnav_migration/include/reactive_planner_lib.h:46,
[80.622s]                  from /home/neha/ros2_ws/src/semnav_migration/src/navigation_semantic.cpp:25:
[80.623s] /opt/ros/jazzy/include/sensor_msgs/sensor_msgs/msg/detail/laser_scan__struct.hpp:250:7: note: ‘sensor_msgs::msg::LaserScan’ declared here
[80.623s]   250 | using LaserScan =
[80.623s]       |       ^~~~~~~~~
[80.647s] /home/neha/ros2_ws/src/semnav_migration/src/navigation.cpp:105:25: error: ‘target_object_length_’ was not declared in this scope
[80.648s]   105 |                         target_object_length_ = this->get_parameter("target_object_length").as_double();
[80.648s]       |                         ^~~~~~~~~~~~~~~~~~~~~
[80.669s] /home/neha/ros2_ws/src/semnav_migration/src/navigation_semantic.cpp:141:82: error: ‘sub_laser’ was not declared in this scope
[80.669s]   141 |                         message_filters::msg::Subscriber<sensor_msgs::LaserScan> sub_laser(nh_, sub_laser_topic_, 1);
[80.669s]       |                                                                                  ^~~~~~~~~
[80.738s] /home/neha/ros2_ws/src/semnav_migration/src/navigation_semantic.cpp:143:94: error: ‘LaserScan’ is not a member of ‘sensor_msgs’; did you mean ‘sensor_msgs::msg::LaserScan’?
[80.738s]   143 |                         typedef message_filters::sync_policies::ApproximateTime<sensor_msgs::LaserScan,nav_msgs::msg::Odometry> SyncPolicy;
[80.739s]       |                                                                                              ^~~~~~~~~
[80.739s] /opt/ros/jazzy/include/sensor_msgs/sensor_msgs/msg/detail/laser_scan__struct.hpp:250:7: note: ‘sensor_msgs::msg::LaserScan’ declared here
[80.739s]   250 | using LaserScan =
[80.739s]       |       ^~~~~~~~~
[80.739s] /home/neha/ros2_ws/src/semnav_migration/src/navigation_semantic.cpp:143:127: error: template argument 1 is invalid
[80.739s]   143 |                         typedef message_filters::sync_policies::ApproximateTime<sensor_msgs::LaserScan,nav_msgs::msg::Odometry> SyncPolicy;
[80.739s]       |                                                                                                                               ^
[80.742s] In file included from /home/neha/ros2_ws/src/semnav_migration/include/reactive_planner_lib.h:44:
[80.742s] /opt/ros/jazzy/include/message_filters/message_filters/synchronizer.h: In instantiation of ‘class message_filters::Synchronizer<int>’:
[80.742s] /home/neha/ros2_ws/src/semnav_migration/src/navigation_semantic.cpp:146:64:   required from here
[80.742s] /opt/ros/jazzy/include/message_filters/message_filters/synchronizer.h:53:7: error: base type ‘int’ fails to be a struct or class type
[80.743s]    53 | class Synchronizer : public noncopyable, public Policy
[80.743s]       |       ^~~~~~~~~~~~
[80.743s] /opt/ros/jazzy/include/message_filters/message_filters/synchronizer.h:56:37: error: ‘int’ is not a class, struct, or union type
[80.743s]    56 |   typedef typename Policy::Messages Messages;
[80.743s]       |                                     ^~~~~~~~
[80.743s] /opt/ros/jazzy/include/message_filters/message_filters/synchronizer.h:57:35: error: ‘int’ is not a class, struct, or union type
[80.746s]    57 |   typedef typename Policy::Events Events;
[80.746s]       |                                   ^~~~~~
[80.746s] /opt/ros/jazzy/include/message_filters/message_filters/synchronizer.h:58:35: error: ‘int’ is not a class, struct, or union type
[80.746s]    58 |   typedef typename Policy::Signal Signal;
[80.746s]       |                                   ^~~~~~
[80.746s] /opt/ros/jazzy/include/message_filters/message_filters/synchronizer.h:60:58: error: ‘int’ is not a class, struct, or union type
[80.748s]    60 |   typedef typename std::tuple_element<0, Messages>::type M0;
[80.748s]       |                                                          ^~
[80.749s] /opt/ros/jazzy/include/message_filters/message_filters/synchronizer.h:61:58: error: ‘int’ is not a class, struct, or union type
[80.749s]    61 |   typedef typename std::tuple_element<1, Messages>::type M1;
[80.749s]       |                                                          ^~
[80.749s] /opt/ros/jazzy/include/message_filters/message_filters/synchronizer.h:62:58: error: ‘int’ is not a class, struct, or union type
[80.749s]    62 |   typedef typename std::tuple_element<2, Messages>::type M2;
[80.750s]       |                                                          ^~
[80.750s] /opt/ros/jazzy/include/message_filters/message_filters/synchronizer.h:63:58: error: ‘int’ is not a class, struct, or union type
[80.750s]    63 |   typedef typename std::tuple_element<3, Messages>::type M3;
[80.750s]       |                                                          ^~
[80.750s] /opt/ros/jazzy/include/message_filters/message_filters/synchronizer.h:64:58: error: ‘int’ is not a class, struct, or union type
[80.750s]    64 |   typedef typename std::tuple_element<4, Messages>::type M4;
[80.751s]       |                                                          ^~
[80.751s] /opt/ros/jazzy/include/message_filters/message_filters/synchronizer.h:65:58: error: ‘int’ is not a class, struct, or union type
[80.751s]    65 |   typedef typename std::tuple_element<5, Messages>::type M5;
[80.751s]       |                                                          ^~
[80.753s] /opt/ros/jazzy/include/message_filters/message_filters/synchronizer.h:66:58: error: ‘int’ is not a class, struct, or union type
[80.754s]    66 |   typedef typename std::tuple_element<6, Messages>::type M6;
[80.754s]       |                                                          ^~
[80.754s] /opt/ros/jazzy/include/message_filters/message_filters/synchronizer.h:67:58: error: ‘int’ is not a class, struct, or union type
[80.754s]    67 |   typedef typename std::tuple_element<7, Messages>::type M7;
[80.754s]       |                                                          ^~
[80.756s] /opt/ros/jazzy/include/message_filters/message_filters/synchronizer.h:68:58: error: ‘int’ is not a class, struct, or union type
[80.756s]    68 |   typedef typename std::tuple_element<8, Messages>::type M8;
[80.757s]       |                                                          ^~
[80.757s] /opt/ros/jazzy/include/message_filters/message_filters/synchronizer.h:71:56: error: ‘int’ is not a class, struct, or union type
[80.757s]    71 |   typedef typename std::tuple_element<0, Events>::type M0Event;
[80.757s]       |                                                        ^~~~~~~
[80.757s] /opt/ros/jazzy/include/message_filters/message_filters/synchronizer.h:72:56: error: ‘int’ is not a class, struct, or union type
[80.757s]    72 |   typedef typename std::tuple_element<1, Events>::type M1Event;
[80.757s]       |                                                        ^~~~~~~
[80.758s] /opt/ros/jazzy/include/message_filters/message_filters/synchronizer.h:73:56: error: ‘int’ is not a class, struct, or union type
[80.758s]    73 |   typedef typename std::tuple_element<2, Events>::type M2Event;
[80.758s]       |                                                        ^~~~~~~
[80.758s] /opt/ros/jazzy/include/message_filters/message_filters/synchronizer.h:74:56: error: ‘int’ is not a class, struct, or union type
[80.758s]    74 |   typedef typename std::tuple_element<3, Events>::type M3Event;
[80.758s]       |                                                        ^~~~~~~
[80.760s] /opt/ros/jazzy/include/message_filters/message_filters/synchronizer.h:75:56: error: ‘int’ is not a class, struct, or union type
[80.761s]    75 |   typedef typename std::tuple_element<4, Events>::type M4Event;
[80.761s]       |                                                        ^~~~~~~
[80.761s] /opt/ros/jazzy/include/message_filters/message_filters/synchronizer.h:76:56: error: ‘int’ is not a class, struct, or union type
[80.761s]    76 |   typedef typename std::tuple_element<5, Events>::type M5Event;
[80.761s]       |                                                        ^~~~~~~
[80.761s] /opt/ros/jazzy/include/message_filters/message_filters/synchronizer.h:77:56: error: ‘int’ is not a class, struct, or union type
[80.761s]    77 |   typedef typename std::tuple_element<6, Events>::type M6Event;
[80.761s]       |                                                        ^~~~~~~
[80.762s] /opt/ros/jazzy/include/message_filters/message_filters/synchronizer.h:78:56: error: ‘int’ is not a class, struct, or union type
[80.762s]    78 |   typedef typename std::tuple_element<7, Events>::type M7Event;
[80.762s]       |                                                        ^~~~~~~
[80.762s] /opt/ros/jazzy/include/message_filters/message_filters/synchronizer.h:79:56: error: ‘int’ is not a class, struct, or union type
[80.762s]    79 |   typedef typename std::tuple_element<8, Events>::type M8Event;
[80.764s]       |                                                        ^~~~~~~
[80.764s] /opt/ros/jazzy/include/message_filters/message_filters/synchronizer.h:325:17: error: ‘int’ is not a class, namespace, or enumeration
[80.765s]   325 |   using Policy::add;
[80.765s]       |                 ^~~
[80.765s] /opt/ros/jazzy/include/message_filters/message_filters/synchronizer.h:328:8: error: ‘int’ is not a class, struct, or union type
[80.765s]   328 |   void add(const std::shared_ptr<typename std::tuple_element<i, Messages>::type const>& msg)
[80.765s]       |        ^~~
[80.765s] /opt/ros/jazzy/include/message_filters/message_filters/synchronizer.h:344:8: error: ‘int’ is not a class, struct, or union type
[80.765s]   344 |   void cb(const typename std::tuple_element<i, Events>::type& evt)
[80.765s]       |        ^~
[80.766s] /home/neha/ros2_ws/src/semnav_migration/src/navigation_semantic.cpp:147:55: error: ‘bind’ is not a member of ‘boost’; did you mean ‘find’?
[80.766s]   147 |                         sync->registerCallback(boost::bind(&SemanticNavigationNode::control_callback, this, _1, _2));
[80.766s]       |                                                       ^~~~
[80.766s]       |                                                       find
[80.766s] /home/neha/ros2_ws/src/semnav_migration/src/navigation_semantic.cpp:147:109: error: ‘_1’ was not declared in this scope
[80.768s]   147 |                         sync->registerCallback(boost::bind(&SemanticNavigationNode::control_callback, this, _1, _2));
[80.768s]       |                                                                                                             ^~
[80.769s] /home/neha/ros2_ws/src/semnav_migration/src/navigation_semantic.cpp:147:109: note: suggested alternatives:
[80.769s] In file included from /usr/include/boost/mpl/aux_/include_preprocessed.hpp:37,
[80.769s]                  from /usr/include/boost/mpl/placeholders.hpp:43,
[80.769s]                  from /usr/include/boost/iterator/iterator_categories.hpp:16,
[80.769s]                  from /usr/include/boost/iterator/iterator_facade.hpp:13,
[80.769s]                  from /usr/include/boost/range/iterator_range_core.hpp:27,
[80.769s]                  from /usr/include/boost/lexical_cast.hpp:48,
[80.769s]                  from /usr/include/boost/multiprecision/detail/number_base.hpp:29,
[80.770s]                  from /usr/include/boost/multiprecision/traits/is_variable_precision.hpp:9,
[80.770s]                  from /usr/include/boost/multiprecision/detail/precision.hpp:9,
[80.770s]                  from /usr/include/boost/multiprecision/number.hpp:11,
[80.770s]                  from /usr/include/boost/multiprecision/cpp_int.hpp:19,
[80.770s]                  from /usr/include/boost/multiprecision/cpp_bin_float.hpp:15,
[80.772s]                  from /usr/include/boost/geometry/core/coordinate_promotion.hpp:16,
[80.772s]                  from /usr/include/boost/geometry/core/radian_access.hpp:30,
[80.773s]                  from /usr/include/boost/geometry/geometry.hpp:50,
[80.773s]                  from /usr/include/boost/geometry.hpp:17,
[80.773s]                  from /home/neha/ros2_ws/src/semnav_migration/include/reactive_planner_lib.h:26:
[80.773s] /usr/include/boost/mpl/aux_/preprocessed/gcc/placeholders.hpp:29:16: note:   ‘mpl_::_1’
[80.773s]    29 | typedef arg<1> _1;
[80.773s]       |                ^~
[80.773s] In file included from /usr/include/boost/numeric/conversion/converter_policies.hpp:13,
[80.773s]                  from /usr/include/boost/numeric/conversion/converter.hpp:14,
[80.774s]                  from /usr/include/boost/numeric/conversion/cast.hpp:33,
[80.774s]                  from /usr/include/boost/geometry/core/radian_access.hpp:26:
[80.774s] /usr/include/c++/13/functional:294:48: note:   ‘std::placeholders::_1’
[80.774s]   294 |     _GLIBCXX_PLACEHOLDER const _Placeholder<1> _1;
[80.774s]       |                                                ^~
[80.774s] /usr/include/boost/mpl/aux_/preprocessed/gcc/placeholders.hpp:29:16: note:   ‘mpl_::_1’
[80.776s]    29 | typedef arg<1> _1;
[80.776s]       |                ^~
[80.777s] In file included from /usr/include/boost/describe/members.hpp:20,
[80.777s]                  from /usr/include/boost/container_hash/is_described_class.hpp:11,
[80.777s]                  from /usr/include/boost/container_hash/hash.hpp:18,
[80.777s]                  from /usr/include/boost/functional/hash.hpp:6,
[80.777s]                  from /usr/include/CGAL/Kernel/hash_functions.h:16,
[80.777s]                  from /usr/include/CGAL/Kernel/global_functions.h:25,
[80.777s]                  from /usr/include/CGAL/Cartesian/Cartesian_base.h:22,
[80.777s]                  from /usr/include/CGAL/Simple_cartesian.h:20,
[80.778s]                  from /usr/include/CGAL/Exact_predicates_inexact_constructions_kernel.h:20,
[80.778s]                  from /home/neha/ros2_ws/src/semnav_migration/include/polygeom_lib.h:32,
[80.778s]                  from /home/neha/ros2_ws/src/semnav_migration/include/reactive_planner_lib.h:54:
[80.778s] /usr/include/boost/mp11/bind.hpp:45:7: note:   ‘boost::mp11::_1’
[80.778s]    45 | using _1 = mp_arg<0>;
[80.780s]       |       ^~
[80.780s] /usr/include/boost/mpl/aux_/preprocessed/gcc/placeholders.hpp:29:16: note:   ‘mpl_::_1’
[80.781s]    29 | typedef arg<1> _1;
[80.781s]       |                ^~
[80.781s] /home/neha/ros2_ws/src/semnav_migration/src/navigation_semantic.cpp:147:113: error: ‘_2’ was not declared in this scope
[80.781s]   147 |                         sync->registerCallback(boost::bind(&SemanticNavigationNode::control_callback, this, _1, _2));
[80.781s]       |                                                                                                                 ^~
[80.781s] /home/neha/ros2_ws/src/semnav_migration/src/navigation_semantic.cpp:147:113: note: suggested alternatives:
[80.781s] /usr/include/boost/mpl/aux_/preprocessed/gcc/placeholders.hpp:42:16: note:   ‘mpl_::_2’
[80.782s]    42 | typedef arg<2> _2;
[80.782s]       |                ^~
[80.782s] /usr/include/c++/13/functional:295:48: note:   ‘std::placeholders::_2’
[80.782s]   295 |     _GLIBCXX_PLACEHOLDER const _Placeholder<2> _2;
[80.782s]       |                                                ^~
[80.782s] /usr/include/boost/mpl/aux_/preprocessed/gcc/placeholders.hpp:42:16: note:   ‘mpl_::_2’
[80.784s]    42 | typedef arg<2> _2;
[80.784s]       |                ^~
[80.785s] /usr/include/boost/mp11/bind.hpp:46:7: note:   ‘boost::mp11::_2’
[80.785s]    46 | using _2 = mp_arg<1>;
[80.785s]       |       ^~
[80.785s] /usr/include/boost/mpl/aux_/preprocessed/gcc/placeholders.hpp:42:16: note:   ‘mpl_::_2’
[80.785s]    42 | typedef arg<2> _2;
[80.785s]       |                ^~
[80.785s] /home/neha/ros2_ws/src/semnav_migration/src/navigation_semantic.cpp:149:25: error: ‘ros’ has not been declared
[80.786s]   149 |                         ros::Subscriber sub_semantic = nh_.subscribe(sub_semantic_topic_, 1, &SemanticNavigationNode::diffeo_tree_update, this);
[80.786s]       |                         ^~~
[80.786s] /home/neha/ros2_ws/src/semnav_migration/src/navigation_semantic.cpp:153:25: error: ‘ros’ has not been declared
[80.786s]   153 |                         ros::Duration(5.0).sleep();
[80.786s]       |                         ^~~
[80.786s] /home/neha/ros2_ws/src/semnav_migration/src/navigation_semantic.cpp:160:25: error: ‘ros’ has not been declared
[80.788s]   160 |                         ros::spin();
[80.789s]       |                         ^~~
[80.806s] /home/neha/ros2_ws/src/semnav_migration/src/navigation_semantic.cpp: In member function ‘void SemanticNavigationNode::publish_twist(double, double)’:
[80.807s] /home/neha/ros2_ws/src/semnav_migration/src/navigation_semantic.cpp:167:25: error: ‘pub_twist_’ was not declared in this scope; did you mean ‘publish_twist’?
[80.807s]   167 |                         pub_twist_.publish(commandTwist);
[80.807s]       |                         ^~~~~~~~~~
[80.807s]       |                         publish_twist
[80.810s] /home/neha/ros2_ws/src/semnav_migration/src/navigation_semantic.cpp: In member function ‘void SemanticNavigationNode::publish_behavior_id(uint16_t)’:
[80.811s] /home/neha/ros2_ws/src/semnav_migration/src/navigation_semantic.cpp:172:32: error: ‘UInt32’ is not a member of ‘std_msgs::msg’
[80.811s]   172 |                 std_msgs::msg::UInt32 commandId;
[80.811s]       |                                ^~~~~~
[80.813s] /home/neha/ros2_ws/src/semnav_migration/src/navigation.cpp:106:25: error: ‘target_object_width_’ was not declared in this scope
[80.813s]   106 |                         target_object_width_ = this->get_parameter("target_object_width").as_double();
[80.813s]       |                         ^~~~~~~~~~~~~~~~~~~~
[80.821s] /home/neha/ros2_ws/src/semnav_migration/src/navigation.cpp:138:69: error: ‘UInt32’ is not a member of ‘std_msgs::msg’
[80.822s]   138 |             pub_behaviorID_ = this->create_publisher<std_msgs::msg::UInt32>("pub_behaviorID_topic_, 1);
[80.822s]       |                                                                     ^~~~~~
[80.826s] /home/neha/ros2_ws/src/semnav_migration/src/navigation.cpp:139:71: error: ‘UInt32’ is not a member of ‘std_msgs::msg’
[80.827s]   139 |             pub_behaviorMode_ = this->create_publisher<std_msgs::msg::UInt32>("pub_behaviorMode_topic_, 1);
[80.827s]       |                                                                       ^~~~~~
[80.832s] /home/neha/ros2_ws/src/semnav_migration/src/navigation.cpp:140:64: error: ‘UInt32’ is not a member of ‘std_msgs::msg’
[80.832s]   140 |             pub_twist_ = this->create_publisher<std_msgs::msg::UInt32>("pub_twist_topic_, 1);
[80.832s]       |                                                                ^~~~~~
[80.832s] /home/neha/ros2_ws/src/semnav_migration/src/navigation.cpp:143:82: error: expected primary-expression before ‘sub_laser’
[80.832s]   143 |                         message_filters::Subscriber<sensor_msgs::msg::LaserScan> sub_laser(nh_, sub_laser_topic_, 1);
[80.832s]       |                                                                                  ^~~~~~~~~
[80.859s] /home/neha/ros2_ws/src/semnav_migration/src/navigation_semantic.cpp:173:25: error: ‘commandId’ was not declared in this scope
[80.859s]   173 |                         commandId.data = BehaviorIdCmd;
[80.859s]       |                         ^~~~~~~~~
[80.899s] /home/neha/ros2_ws/src/semnav_migration/src/navigation.cpp:144:112: error: no matching function for call to ‘message_filters::Subscriber<nav_msgs::msg::Odometry_<std::allocator<void> > >::Subscriber(rclcpp::Node&, std::string&, int)’
[80.899s]   144 |                         message_filters::Subscriber<nav_msgs::msg::Odometry> sub_robot(nh_, sub_robot_topic_, 1);
[80.900s]       |                                                                                                                ^
[80.900s] In file included from /home/neha/ros2_ws/src/semnav_migration/include/reactive_planner_lib.h:43:
[80.900s] /opt/ros/jazzy/include/message_filters/message_filters/subscriber.h:224:3: note: candidate: ‘message_filters::Subscriber<M, NodeType>::Subscriber() [with M = nav_msgs::msg::Odometry_<std::allocator<void> >; NodeType = rclcpp::Node]’
[80.901s]   224 |   Subscriber() = default;
[80.901s]       |   ^~~~~~~~~~
[80.901s] /opt/ros/jazzy/include/message_filters/message_filters/subscriber.h:224:3: note:   candidate expects 0 arguments, 3 provided
[80.902s] /opt/ros/jazzy/include/message_filters/message_filters/subscriber.h:212:3: note: candidate: ‘message_filters::Subscriber<M, NodeType>::Subscriber(NodeType*, const std::string&, rmw_qos_profile_t, rclcpp::SubscriptionOptions) [with M = nav_msgs::msg::Odometry_<std::allocator<void> >; NodeType = rclcpp::Node; std::string = std::__cxx11::basic_string<char>; rmw_qos_profile_t = rmw_qos_profile_s; rclcpp::SubscriptionOptions = rclcpp::SubscriptionOptionsWithAllocator<std::allocator<void> >]’
[80.902s]   212 |   Subscriber(
[80.902s]       |   ^~~~~~~~~~
[80.902s] /opt/ros/jazzy/include/message_filters/message_filters/subscriber.h:212:3: note:   candidate expects 4 arguments, 3 provided
[80.902s] /opt/ros/jazzy/include/message_filters/message_filters/subscriber.h:203:3: note: candidate: ‘message_filters::Subscriber<M, NodeType>::Subscriber(NodePtr, const std::string&, rmw_qos_profile_t, rclcpp::SubscriptionOptions) [with M = nav_msgs::msg::Odometry_<std::allocator<void> >; NodeType = rclcpp::Node; NodePtr = std::shared_ptr<rclcpp::Node>; std::string = std::__cxx11::basic_string<char>; rmw_qos_profile_t = rmw_qos_profile_s; rclcpp::SubscriptionOptions = rclcpp::SubscriptionOptionsWithAllocator<std::allocator<void> >]’
[80.902s]   203 |   Subscriber(
[80.903s]       |   ^~~~~~~~~~
[80.905s] /opt/ros/jazzy/include/message_filters/message_filters/subscriber.h:203:3: note:   candidate expects 4 arguments, 3 provided
[80.905s] /opt/ros/jazzy/include/message_filters/message_filters/subscriber.h:188:3: note: candidate: ‘message_filters::Subscriber<M, NodeType>::Subscriber(NodeType*, const std::string&, rmw_qos_profile_t) [with M = nav_msgs::msg::Odometry_<std::allocator<void> >; NodeType = rclcpp::Node; std::string = std::__cxx11::basic_string<char>; rmw_qos_profile_t = rmw_qos_profile_s]’
[80.905s]   188 |   Subscriber(NodeType * node, const std::string& topic, const rmw_qos_profile_t qos = rmw_qos_profile_default)
[80.905s]       |   ^~~~~~~~~~
[80.905s] /opt/ros/jazzy/include/message_filters/message_filters/subscriber.h:188:25: note:   no known conversion for argument 1 from ‘rclcpp::Node’ to ‘rclcpp::Node*’
[80.905s]   188 |   Subscriber(NodeType * node, const std::string& topic, const rmw_qos_profile_t qos = rmw_qos_profile_default)
[80.906s]       |              ~~~~~~~~~~~^~~~
[80.906s] /opt/ros/jazzy/include/message_filters/message_filters/subscriber.h:183:3: note: candidate: ‘message_filters::Subscriber<M, NodeType>::Subscriber(NodePtr, const std::string&, rmw_qos_profile_t) [with M = nav_msgs::msg::Odometry_<std::allocator<void> >; NodeType = rclcpp::Node; NodePtr = std::shared_ptr<rclcpp::Node>; std::string = std::__cxx11::basic_string<char>; rmw_qos_profile_t = rmw_qos_profile_s]’
[80.906s]   183 |   Subscriber(NodePtr node, const std::string& topic, const rmw_qos_profile_t qos = rmw_qos_profile_default)
[80.906s]       |   ^~~~~~~~~~
[80.906s] /opt/ros/jazzy/include/message_filters/message_filters/subscriber.h:183:22: note:   no known conversion for argument 1 from ‘rclcpp::Node’ to ‘message_filters::Subscriber<nav_msgs::msg::Odometry_<std::allocator<void> > >::NodePtr’ {aka ‘std::shared_ptr<rclcpp::Node>’}
[80.906s]   183 |   Subscriber(NodePtr node, const std::string& topic, const rmw_qos_profile_t qos = rmw_qos_profile_default)
[80.908s]       |              ~~~~~~~~^~~~
[80.947s] /home/neha/ros2_ws/src/semnav_migration/src/navigation_semantic.cpp:174:25: error: ‘pub_behaviorID_’ was not declared in this scope; did you mean ‘pub_behaviorID_topic_’?
[80.947s]   174 |                         pub_behaviorID_.publish(commandId);
[80.947s]       |                         ^~~~~~~~~~~~~~~
[80.947s]       |                         pub_behaviorID_topic_
[80.951s] /home/neha/ros2_ws/src/semnav_migration/src/navigation_semantic.cpp: In member function ‘void SemanticNavigationNode::publish_behavior_mode(uint16_t)’:
[80.951s] /home/neha/ros2_ws/src/semnav_migration/src/navigation_semantic.cpp:179:28: error: ‘UInt32’ is not a member of ‘std_msgs::msg’
[80.951s]   179 |             std_msgs::msg::UInt32 commandMode;
[80.951s]       |                            ^~~~~~
[81.016s] /home/neha/ros2_ws/src/semnav_migration/src/navigation_semantic.cpp:180:25: error: ‘commandMode’ was not declared in this scope
[81.016s]   180 |                         commandMode.data = BehaviorModeCmd;
[81.016s]       |                         ^~~~~~~~~~~
[81.078s] /home/neha/ros2_ws/src/semnav_migration/src/navigation.cpp:148:65: error: ‘sub_laser’ was not declared in this scope
[81.078s]   148 |                         sync.reset(new Sync(SyncPolicy(100000), sub_laser, sub_robot));
[81.078s]       |                                                                 ^~~~~~~~~
[81.091s] /home/neha/ros2_ws/src/semnav_migration/src/navigation.cpp:149:55: error: ‘bind’ is not a member of ‘boost’; did you mean ‘find’?
[81.091s]   149 |                         sync->registerCallback(boost::bind(&NavigationNode::control_callback, this, _1, _2));
[81.091s]       |                                                       ^~~~
[81.091s]       |                                                       find
[81.093s] /home/neha/ros2_ws/src/semnav_migration/src/navigation.cpp:149:101: error: ‘_1’ was not declared in this scope
[81.093s]   149 |                         sync->registerCallback(boost::bind(&NavigationNode::control_callback, this, _1, _2));
[81.094s]       |                                                                                                     ^~
[81.094s] /home/neha/ros2_ws/src/semnav_migration/src/navigation.cpp:149:101: note: suggested alternatives:
[81.097s] In file included from /usr/include/boost/mpl/aux_/include_preprocessed.hpp:37,
[81.097s]                  from /usr/include/boost/mpl/placeholders.hpp:43,
[81.097s]                  from /usr/include/boost/iterator/iterator_categories.hpp:16,
[81.097s]                  from /usr/include/boost/iterator/iterator_facade.hpp:13,
[81.097s]                  from /usr/include/boost/range/iterator_range_core.hpp:27,
[81.097s]                  from /usr/include/boost/lexical_cast.hpp:48,
[81.098s]                  from /usr/include/boost/multiprecision/detail/number_base.hpp:29,
[81.098s]                  from /usr/include/boost/multiprecision/traits/is_variable_precision.hpp:9,
[81.098s]                  from /usr/include/boost/multiprecision/detail/precision.hpp:9,
[81.098s]                  from /usr/include/boost/multiprecision/number.hpp:11,
[81.098s]                  from /usr/include/boost/multiprecision/cpp_int.hpp:19,
[81.098s]                  from /usr/include/boost/multiprecision/cpp_bin_float.hpp:15,
[81.100s]                  from /usr/include/boost/geometry/core/coordinate_promotion.hpp:16,
[81.101s]                  from /usr/include/boost/geometry/core/radian_access.hpp:30,
[81.101s]                  from /usr/include/boost/geometry/geometry.hpp:50,
[81.101s]                  from /usr/include/boost/geometry.hpp:17,
[81.101s]                  from /home/neha/ros2_ws/src/semnav_migration/include/reactive_planner_lib.h:26:
[81.101s] /usr/include/boost/mpl/aux_/preprocessed/gcc/placeholders.hpp:29:16: note:   ‘mpl_::_1’
[81.101s]    29 | typedef arg<1> _1;
[81.101s]       |                ^~
[81.101s] In file included from /usr/include/boost/numeric/conversion/converter_policies.hpp:13,
[81.102s]                  from /usr/include/boost/numeric/conversion/converter.hpp:14,
[81.102s]                  from /usr/include/boost/numeric/conversion/cast.hpp:33,
[81.102s]                  from /usr/include/boost/geometry/core/radian_access.hpp:26:
[81.102s] /usr/include/c++/13/functional:294:48: note:   ‘std::placeholders::_1’
[81.102s]   294 |     _GLIBCXX_PLACEHOLDER const _Placeholder<1> _1;
[81.102s]       |                                                ^~
[81.103s] /usr/include/boost/mpl/aux_/preprocessed/gcc/placeholders.hpp:29:16: note:   ‘mpl_::_1’
[81.103s]    29 | typedef arg<1> _1;
[81.103s]       |                ^~
[81.103s] In file included from /usr/include/boost/describe/members.hpp:20,
[81.103s]                  from /usr/include/boost/container_hash/is_described_class.hpp:11,
[81.104s]                  from /usr/include/boost/container_hash/hash.hpp:18,
[81.104s]                  from /usr/include/boost/functional/hash.hpp:6,
[81.104s]                  from /usr/include/CGAL/Kernel/hash_functions.h:16,
[81.104s]                  from /usr/include/CGAL/Kernel/global_functions.h:25,
[81.104s]                  from /usr/include/CGAL/Cartesian/Cartesian_base.h:22,
[81.104s]                  from /usr/include/CGAL/Simple_cartesian.h:20,
[81.104s]                  from /usr/include/CGAL/Exact_predicates_inexact_constructions_kernel.h:20,
[81.107s]                  from /home/neha/ros2_ws/src/semnav_migration/include/polygeom_lib.h:32,
[81.107s]                  from /home/neha/ros2_ws/src/semnav_migration/include/reactive_planner_lib.h:54:
[81.107s] /usr/include/boost/mp11/bind.hpp:45:7: note:   ‘boost::mp11::_1’
[81.107s]    45 | using _1 = mp_arg<0>;
[81.107s]       |       ^~
[81.107s] /usr/include/boost/mpl/aux_/preprocessed/gcc/placeholders.hpp:29:16: note:   ‘mpl_::_1’
[81.107s]    29 | typedef arg<1> _1;
[81.108s]       |                ^~
[81.108s] /home/neha/ros2_ws/src/semnav_migration/src/navigation.cpp:149:105: error: ‘_2’ was not declared in this scope
[81.108s]   149 |                         sync->registerCallback(boost::bind(&NavigationNode::control_callback, this, _1, _2));
[81.108s]       |                                                                                                         ^~
[81.108s] /home/neha/ros2_ws/src/semnav_migration/src/navigation.cpp:149:105: note: suggested alternatives:
[81.110s] /usr/include/boost/mpl/aux_/preprocessed/gcc/placeholders.hpp:42:16: note:   ‘mpl_::_2’
[81.111s]    42 | typedef arg<2> _2;
[81.111s]       |                ^~
[81.111s] /usr/include/c++/13/functional:295:48: note:   ‘std::placeholders::_2’
[81.111s]   295 |     _GLIBCXX_PLACEHOLDER const _Placeholder<2> _2;
[81.114s]       |                                                ^~
[81.114s] /usr/include/boost/mpl/aux_/preprocessed/gcc/placeholders.hpp:42:16: note:   ‘mpl_::_2’
[81.114s]    42 | typedef arg<2> _2;
[81.114s]       |                ^~
[81.114s] /usr/include/boost/mp11/bind.hpp:46:7: note:   ‘boost::mp11::_2’
[81.114s]    46 | using _2 = mp_arg<1>;
[81.114s]       |       ^~
[81.114s] /usr/include/boost/mpl/aux_/preprocessed/gcc/placeholders.hpp:42:16: note:   ‘mpl_::_2’
[81.115s]    42 | typedef arg<2> _2;
[81.115s]       |                ^~
[81.115s] /home/neha/ros2_ws/src/semnav_migration/src/navigation.cpp:152:20: error: ‘Subscription’ was not declared in this scope
[81.115s]   152 |             rclcpp:Subscription sub_semantic = this->create_subscriber(sub_semantic_topic_, 1);
[81.115s]       |                    ^~~~~~~~~~~~
[81.117s] /home/neha/ros2_ws/src/semnav_migration/src/navigation.cpp:152:20: note: suggested alternatives:
[81.118s] In file included from /opt/ros/jazzy/include/rclcpp/rclcpp/any_executable.hpp:25,
[81.118s]                  from /opt/ros/jazzy/include/rclcpp/rclcpp/memory_strategy.hpp:25,
[81.118s]                  from /opt/ros/jazzy/include/rclcpp/rclcpp/memory_strategies.hpp:18,
[81.118s]                  from /opt/ros/jazzy/include/rclcpp/rclcpp/executor_options.hpp:22,
[81.118s]                  from /opt/ros/jazzy/include/rclcpp/rclcpp/executor.hpp:38,
[81.118s]                  from /opt/ros/jazzy/include/rclcpp/rclcpp/executors/multi_threaded_executor.hpp:25,
[81.119s]                  from /opt/ros/jazzy/include/rclcpp/rclcpp/executors.hpp:21:
[81.119s] /opt/ros/jazzy/include/rclcpp/rclcpp/subscription.hpp:75:7: note:   ‘rclcpp::Subscription’
[81.119s]    75 | class Subscription : public SubscriptionBase
[81.119s]       |       ^~~~~~~~~~~~
[81.119s] In file included from /opt/ros/jazzy/include/rclcpp/rclcpp/client.hpp:45,
[81.119s]                  from /opt/ros/jazzy/include/rclcpp/rclcpp/callback_group.hpp:24,
[81.119s]                  from /opt/ros/jazzy/include/rclcpp/rclcpp/any_executable.hpp:20:
[81.120s] /opt/ros/jazzy/include/rclcpp/rclcpp/node_interfaces/node_graph_interface.hpp:43:3: note:   ‘rclcpp::EndpointType::Subscription’
[81.120s]    43 |   Subscription = RMW_ENDPOINT_SUBSCRIPTION
[81.120s]       |   ^~~~~~~~~~~~
[81.120s] /home/neha/ros2_ws/src/semnav_migration/src/navigation.cpp:156:45: error: no matching function for call to ‘rclcpp::Duration::Duration(double)’
[81.120s]   156 |                         rclcpp::Duration(5.0).sleep();
[81.120s]       |                                             ^
[81.120s] In file included from /opt/ros/jazzy/include/rclcpp/rclcpp/time.hpp:24,
[81.120s]                  from /opt/ros/jazzy/include/rclcpp/rclcpp/clock.hpp:24,
[81.121s]                  from /opt/ros/jazzy/include/rclcpp/rclcpp/client.hpp:38:
[81.121s] /opt/ros/jazzy/include/rclcpp/rclcpp/duration.hpp:49:3: note: candidate: ‘template<class Rep, class Period> rclcpp::Duration::Duration(const std::chrono::duration<_Rep1, _Period1>&)’
[81.121s]    49 |   Duration(const std::chrono::duration<Rep, Period> & duration)  // NOLINT(runtime/explicit)
[81.121s]       |   ^~~~~~~~
[81.121s] /opt/ros/jazzy/include/rclcpp/rclcpp/duration.hpp:49:3: note:   template argument deduction/substitution failed:
[81.123s] /home/neha/ros2_ws/src/semnav_migration/src/navigation.cpp:156:45: note:   mismatched types ‘const std::chrono::duration<_Rep1, _Period1>’ and ‘double’
[81.124s]   156 |                         rclcpp::Duration(5.0).sleep();
[81.124s]       |                                             ^
[81.124s] /opt/ros/jazzy/include/rclcpp/rclcpp/duration.hpp:159:3: note: candidate: ‘rclcpp::Duration::Duration()’
[81.124s]   159 |   Duration() = default;
[81.124s]       |   ^~~~~~~~
[81.124s] /opt/ros/jazzy/include/rclcpp/rclcpp/duration.hpp:159:3: note:   candidate expects 0 arguments, 1 provided
[81.124s] /opt/ros/jazzy/include/rclcpp/rclcpp/duration.hpp:62:3: note: candidate: ‘rclcpp::Duration::Duration(const rclcpp::Duration&)’
[81.124s]    62 |   Duration(const Duration & rhs);
[81.125s]       |   ^~~~~~~~
[81.125s] /opt/ros/jazzy/include/rclcpp/rclcpp/duration.hpp:62:29: note:   no known conversion for argument 1 from ‘double’ to ‘const rclcpp::Duration&’
[81.125s]    62 |   Duration(const Duration & rhs);
[81.125s]       |            ~~~~~~~~~~~~~~~~~^~~
[81.125s] /opt/ros/jazzy/include/rclcpp/rclcpp/duration.hpp:60:12: note: candidate: ‘rclcpp::Duration::Duration(const rcl_duration_t&)’
[81.127s]    60 |   explicit Duration(const rcl_duration_t & duration);
[81.128s]       |            ^~~~~~~~
[81.128s] /opt/ros/jazzy/include/rclcpp/rclcpp/duration.hpp:60:44: note:   no known conversion for argument 1 from ‘double’ to ‘const rcl_duration_t&’ {aka ‘const rcl_duration_s&’}
[81.128s]    60 |   explicit Duration(const rcl_duration_t & duration);
[81.128s]       |                     ~~~~~~~~~~~~~~~~~~~~~~~^~~~~~~~
[81.128s] /opt/ros/jazzy/include/rclcpp/rclcpp/duration.hpp:54:3: note: candidate: ‘rclcpp::Duration::Duration(const builtin_interfaces::msg::Duration&)’
[81.128s]    54 |   Duration(const builtin_interfaces::msg::Duration & duration_msg);  // NOLINT(runtime/explicit)
[81.128s]       |   ^~~~~~~~
[81.129s] /opt/ros/jazzy/include/rclcpp/rclcpp/duration.hpp:54:54: note:   no known conversion for argument 1 from ‘double’ to ‘const builtin_interfaces::msg::Duration&’ {aka ‘const builtin_interfaces::msg::Duration_<std::allocator<void> >&’}
[81.129s]    54 |   Duration(const builtin_interfaces::msg::Duration & duration_msg);  // NOLINT(runtime/explicit)
[81.129s]       |            ~~~~~~~~~~~~~~~~~~~~~~~~~~~~~~~~~~~~~~~~~~^~~~~~~~~~~~
[81.129s] /opt/ros/jazzy/include/rclcpp/rclcpp/duration.hpp:43:12: note: candidate: ‘rclcpp::Duration::Duration(std::chrono::nanoseconds)’
[81.129s]    43 |   explicit Duration(std::chrono::nanoseconds nanoseconds);
[81.129s]       |            ^~~~~~~~
[81.131s] /opt/ros/jazzy/include/rclcpp/rclcpp/duration.hpp:43:46: note:   no known conversion for argument 1 from ‘double’ to ‘std::chrono::nanoseconds’ {aka ‘std::chrono::duration<long int, std::ratio<1, 1000000000> >’}
[81.132s]    43 |   explicit Duration(std::chrono::nanoseconds nanoseconds);
[81.132s]       |                     ~~~~~~~~~~~~~~~~~~~~~~~~~^~~~~~~~~~~
[81.132s] /opt/ros/jazzy/include/rclcpp/rclcpp/duration.hpp:40:3: note: candidate: ‘rclcpp::Duration::Duration(int32_t, uint32_t)’
[81.132s]    40 |   Duration(int32_t seconds, uint32_t nanoseconds);
[81.132s]       |   ^~~~~~~~
[81.132s] /opt/ros/jazzy/include/rclcpp/rclcpp/duration.hpp:40:3: note:   candidate expects 2 arguments, 1 provided
[81.132s] /home/neha/ros2_ws/src/semnav_migration/src/navigation_semantic.cpp:181:25: error: ‘pub_behaviorMode_’ was not declared in this scope; did you mean ‘pub_behaviorMode_topic_’?
[81.133s]   181 |                         pub_behaviorMode_.publish(commandMode);
[81.133s]       |                         ^~~~~~~~~~~~~~~~~
[81.133s]       |                         pub_behaviorMode_topic_
[81.165s] /home/neha/ros2_ws/src/semnav_migration/src/navigation.cpp:163:38: error: ‘node_ptr’ was not declared in this scope; did you mean ‘mode_t’?
[81.165s]   163 |                         rclcpp::spin(node_ptr);
[81.165s]       |                                      ^~~~~~~~
[81.165s]       |                                      mode_t
[81.171s] /home/neha/ros2_ws/src/semnav_migration/src/navigation_semantic.cpp: In member function ‘void SemanticNavigationNode::control_callback(const sensor_msgs::msg::LaserScan_<std::allocator<void> >::ConstPtr&, const nav_msgs::msg::Odometry_<std::allocator<void> >::ConstPtr&)’:
[81.171s] /home/neha/ros2_ws/src/semnav_migration/src/navigation_semantic.cpp:395:46: error: ‘ros’ has not been declared
[81.171s]   395 |                         double before_time = ros::Time::now().toSec();
[81.171s]       |                                              ^~~
[81.176s] /home/neha/ros2_ws/src/semnav_migration/src/navigation_semantic.cpp:398:40: error: ‘PoseStamped’ is not a member of ‘geometry_msgs’
[81.176s]   398 |                         geometry_msgs::PoseStamped odomPose, mapPose;
[81.176s]       |                                        ^~~~~~~~~~~
[81.178s] /home/neha/ros2_ws/src/semnav_migration/src/navigation.cpp: In member function ‘void NavigationNode::publish_behavior_id(uint16_t)’:
[81.179s] /home/neha/ros2_ws/src/semnav_migration/src/navigation.cpp:175:28: error: ‘UInt32’ is not a member of ‘std_msgs::msg’
[81.179s]   175 |             std_msgs::msg::UInt32 commandId;
[81.179s]       |                            ^~~~~~
[81.219s] /home/neha/ros2_ws/src/semnav_migration/src/navigation_semantic.cpp:399:25: error: ‘odomPose’ was not declared in this scope
[81.220s]   399 |                         odomPose.header.stamp = ros::Time(0);
[81.220s]       |                         ^~~~~~~~
[81.220s] /home/neha/ros2_ws/src/semnav_migration/src/navigation_semantic.cpp:399:49: error: ‘ros’ has not been declared
[81.220s]   399 |                         odomPose.header.stamp = ros::Time(0);
[81.220s]       |                                                 ^~~
[81.226s] /home/neha/ros2_ws/src/semnav_migration/src/navigation.cpp:176:25: error: ‘commandId’ was not declared in this scope
[81.226s]   176 |                         commandId.data = BehaviorIdCmd;
[81.226s]       |                         ^~~~~~~~~
[81.232s] /home/neha/ros2_ws/src/semnav_migration/src/navigation.cpp: In member function ‘void NavigationNode::publish_behavior_mode(uint16_t)’:
[81.233s] /home/neha/ros2_ws/src/semnav_migration/src/navigation.cpp:182:28: error: ‘UInt32’ is not a member of ‘std_msgs::msg’
[81.233s]   182 |             std_msgs::msg::UInt32 commandMode;
[81.233s]       |                            ^~~~~~
[81.270s] /home/neha/ros2_ws/src/semnav_migration/src/navigation_semantic.cpp:403:33: error: ‘listener_’ was not declared in this scope
[81.270s]   403 |                                 listener_.waitForTransform(world_frame_id_, odom_frame_id_, ros::Time(0), ros::Duration(1.0));
[81.270s]       |                                 ^~~~~~~~~
[81.270s] /home/neha/ros2_ws/src/semnav_migration/src/navigation_semantic.cpp:403:93: error: ‘ros’ has not been declared
[81.270s]   403 |                                 listener_.waitForTransform(world_frame_id_, odom_frame_id_, ros::Time(0), ros::Duration(1.0));
[81.270s]       |                                                                                             ^~~
[81.270s] /home/neha/ros2_ws/src/semnav_migration/src/navigation_semantic.cpp:403:107: error: ‘ros’ has not been declared
[81.271s]   403 |                                 listener_.waitForTransform(world_frame_id_, odom_frame_id_, ros::Time(0), ros::Duration(1.0));
[81.271s]       |                                                                                                           ^~~
[81.296s] /home/neha/ros2_ws/src/semnav_migration/src/navigation.cpp:183:25: error: ‘commandMode’ was not declared in this scope
[81.296s]   183 |                         commandMode.data = BehaviorModeCmd;
[81.296s]       |                         ^~~~~~~~~~~
[81.303s] /home/neha/ros2_ws/src/semnav_migration/src/navigation_semantic.cpp:404:84: error: ‘mapPose’ was not declared in this scope
[81.303s]   404 |                                 listener_.transformPose(world_frame_id_, odomPose, mapPose);
[81.303s]       |                                                                                    ^~~~~~~
[81.309s] /home/neha/ros2_ws/src/semnav_migration/src/navigation_semantic.cpp:405:34: error: ‘tf’ does not name a type; did you mean ‘tm’?
[81.310s]   405 |                         } catch (tf::TransformException &ex) {
[81.310s]       |                                  ^~
[81.310s]       |                                  tm
[81.310s] /home/neha/ros2_ws/src/semnav_migration/src/navigation_semantic.cpp:405:57: error: expected unqualified-id before ‘&’ token
[81.311s]   405 |                         } catch (tf::TransformException &ex) {
[81.311s]       |                                                         ^
[81.311s] /home/neha/ros2_ws/src/semnav_migration/src/navigation_semantic.cpp:405:57: error: expected ‘)’ before ‘&’ token
[81.311s] /home/neha/ros2_ws/src/semnav_migration/src/navigation_semantic.cpp:405:33: note: to match this ‘(’
[81.312s]   405 |                         } catch (tf::TransformException &ex) {
[81.312s]       |                                 ^
[81.312s] /home/neha/ros2_ws/src/semnav_migration/src/navigation_semantic.cpp:405:57: error: expected ‘{’ before ‘&’ token
[81.312s]   405 |                         } catch (tf::TransformException &ex) {
[81.312s]       |                                                         ^
[81.347s] /home/neha/ros2_ws/src/semnav_migration/src/navigation_semantic.cpp:405:58: error: ‘ex’ was not declared in this scope; did you mean ‘exp’?
[81.348s]   405 |                         } catch (tf::TransformException &ex) {
[81.348s]       |                                                          ^~
[81.348s]       |                                                          exp
[81.350s] /home/neha/ros2_ws/src/semnav_migration/src/navigation_semantic.cpp:411:25: error: ‘tf’ has not been declared
[81.351s]   411 |                         tf::Quaternion rotation = tf::Quaternion(mapPose.pose.orientation.x,
[81.351s]       |                         ^~
[81.351s] /home/neha/ros2_ws/src/semnav_migration/src/navigation_semantic.cpp:415:25: error: ‘tf’ has not been declared
[81.351s]   415 |                         tf::Matrix3x3 m(rotation);
[81.351s]       |                         ^~
[81.352s] /home/neha/ros2_ws/src/semnav_migration/src/navigation.cpp: In member function ‘void NavigationNode::control_callback(const sensor_msgs::msg::LaserScan_<std::allocator<void> >::ConstPtr&, const nav_msgs::msg::Odometry_<std::allocator<void> >::ConstPtr&)’:
[81.352s] /home/neha/ros2_ws/src/semnav_migration/src/navigation.cpp:357:60: error: ‘now’ is not a member of ‘rclcpp::Time’
[81.352s]   357 |                         double before_time = rclcpp::Time::now().toSec();
[81.352s]       |                                                            ^~~
[81.357s] /home/neha/ros2_ws/src/semnav_migration/src/navigation.cpp:360:33: error: ‘PoseStamped’ is not a member of ‘geometry_msgs::msg’
[81.357s]   360 |             geometry_msgs::msg::PoseStamped odomPose, mapPose;
[81.357s]       |                                 ^~~~~~~~~~~
[81.383s] /home/neha/ros2_ws/src/semnav_migration/src/navigation_semantic.cpp:417:25: error: ‘m’ was not declared in this scope; did you mean ‘tm’?
[81.384s]   417 |                         m.getRPY(roll, pitch, yaw);
[81.384s]       |                         ^
[81.384s]       |                         tm
[81.403s] /home/neha/ros2_ws/src/semnav_migration/src/navigation.cpp:361:25: error: ‘odomPose’ was not declared in this scope
[81.403s]   361 |                         odomPose.header.stamp = rclcpp::Time(0);
[81.403s]       |                         ^~~~~~~~
[81.419s] /home/neha/ros2_ws/src/semnav_migration/src/navigation_semantic.cpp:418:51: error: ‘mapPose’ was not declared in this scope
[81.419s]   418 |                         double x_robot_position = mapPose.pose.position.x;
[81.419s]       |                                                   ^~~~~~~
[81.428s] /home/neha/ros2_ws/src/semnav_migration/src/navigation_semantic.cpp:431:42: error: could not convert ‘lidar_data’ from ‘shared_ptr<LaserScan_<[...]>>’ to ‘shared_ptr<LaserScan_<[...]>>’
[81.428s]   431 |                         constructLIDAR2D(lidar_data, CutoffRange_, AllowableRange_, RobotPitch_, &LIDAR);
[81.428s]       |                                          ^~~~~~~~~~
[81.428s]       |                                          |
[81.428s]       |                                          shared_ptr<LaserScan_<[...]>>
[81.446s] /home/neha/ros2_ws/src/semnav_migration/src/navigation_semantic.cpp:561:96: error: invalid operands of types ‘const char [53]’ and ‘double’ to binary ‘operator<<’
[81.447s]   561 |                         ROS_WARN_STREAM("[Navigation] Diffeomorphism jacobian determinant is " << MatrixDeterminant(RobotPositionTransformedD) << ", robot position is " << bg::dsv(RobotPosition_) << " and robot positon in model space is " << bg::dsv(RobotPositionTransformedPoint));
[81.447s]       |                                         ~~~~~~~~~~~~~~~~~~~~~~~~~~~~~~~~~~~~~~~~~~~~~~~~~~~~~~ ^~ ~~~~~~~~~~~~~~~~~~~~~~~~~~~~~~~~~~~~~~~~~~~~
[81.447s]       |                                         |                                                                          |
[81.447s]       |                                         const char [53]                                                            double
[81.454s] /home/neha/ros2_ws/src/semnav_migration/src/navigation.cpp:365:33: error: ‘listener_’ was not declared in this scope
[81.454s]   365 |                                 listener_.waitForTransform(world_frame_id_, odom_frame_id_, rclcpp::Time(0), rclcpp::Duration(1.0));
[81.454s]       |                                 ^~~~~~~~~
[81.454s] /home/neha/ros2_ws/src/semnav_migration/src/navigation.cpp:365:130: error: no matching function for call to ‘rclcpp::Duration::Duration(double)’
[81.454s]   365 |                                 listener_.waitForTransform(world_frame_id_, odom_frame_id_, rclcpp::Time(0), rclcpp::Duration(1.0));
[81.454s]       |                                                                                                                                  ^
[81.454s] /opt/ros/jazzy/include/rclcpp/rclcpp/duration.hpp:49:3: note: candidate: ‘template<class Rep, class Period> rclcpp::Duration::Duration(const std::chrono::duration<_Rep1, _Period1>&)’
[81.455s]    49 |   Duration(const std::chrono::duration<Rep, Period> & duration)  // NOLINT(runtime/explicit)
[81.455s]       |   ^~~~~~~~
[81.455s] /opt/ros/jazzy/include/rclcpp/rclcpp/duration.hpp:49:3: note:   template argument deduction/substitution failed:
[81.458s] /home/neha/ros2_ws/src/semnav_migration/src/navigation.cpp:365:130: note:   mismatched types ‘const std::chrono::duration<_Rep1, _Period1>’ and ‘double’
[81.458s]   365 |                                 listener_.waitForTransform(world_frame_id_, odom_frame_id_, rclcpp::Time(0), rclcpp::Duration(1.0));
[81.458s]       |                                                                                                                                  ^
[81.458s] /opt/ros/jazzy/include/rclcpp/rclcpp/duration.hpp:159:3: note: candidate: ‘rclcpp::Duration::Duration()’
[81.458s]   159 |   Duration() = default;
[81.458s]       |   ^~~~~~~~
[81.459s] /opt/ros/jazzy/include/rclcpp/rclcpp/duration.hpp:159:3: note:   candidate expects 0 arguments, 1 provided
[81.459s] /opt/ros/jazzy/include/rclcpp/rclcpp/duration.hpp:62:3: note: candidate: ‘rclcpp::Duration::Duration(const rclcpp::Duration&)’
[81.459s]    62 |   Duration(const Duration & rhs);
[81.459s]       |   ^~~~~~~~
[81.459s] /opt/ros/jazzy/include/rclcpp/rclcpp/duration.hpp:62:29: note:   no known conversion for argument 1 from ‘double’ to ‘const rclcpp::Duration&’
[81.459s]    62 |   Duration(const Duration & rhs);
[81.461s]       |            ~~~~~~~~~~~~~~~~~^~~
[81.462s] /opt/ros/jazzy/include/rclcpp/rclcpp/duration.hpp:60:12: note: candidate: ‘rclcpp::Duration::Duration(const rcl_duration_t&)’
[81.462s]    60 |   explicit Duration(const rcl_duration_t & duration);
[81.462s]       |            ^~~~~~~~
[81.462s] /opt/ros/jazzy/include/rclcpp/rclcpp/duration.hpp:60:44: note:   no known conversion for argument 1 from ‘double’ to ‘const rcl_duration_t&’ {aka ‘const rcl_duration_s&’}
[81.462s]    60 |   explicit Duration(const rcl_duration_t & duration);
[81.462s]       |                     ~~~~~~~~~~~~~~~~~~~~~~~^~~~~~~~
[81.462s] /opt/ros/jazzy/include/rclcpp/rclcpp/duration.hpp:54:3: note: candidate: ‘rclcpp::Duration::Duration(const builtin_interfaces::msg::Duration&)’
[81.462s]    54 |   Duration(const builtin_interfaces::msg::Duration & duration_msg);  // NOLINT(runtime/explicit)
[81.463s]       |   ^~~~~~~~
[81.463s] /opt/ros/jazzy/include/rclcpp/rclcpp/duration.hpp:54:54: note:   no known conversion for argument 1 from ‘double’ to ‘const builtin_interfaces::msg::Duration&’ {aka ‘const builtin_interfaces::msg::Duration_<std::allocator<void> >&’}
[81.463s]    54 |   Duration(const builtin_interfaces::msg::Duration & duration_msg);  // NOLINT(runtime/explicit)
[81.463s]       |            ~~~~~~~~~~~~~~~~~~~~~~~~~~~~~~~~~~~~~~~~~~^~~~~~~~~~~~
[81.463s] /opt/ros/jazzy/include/rclcpp/rclcpp/duration.hpp:43:12: note: candidate: ‘rclcpp::Duration::Duration(std::chrono::nanoseconds)’
[81.465s]    43 |   explicit Duration(std::chrono::nanoseconds nanoseconds);
[81.465s]       |            ^~~~~~~~
[81.466s] /opt/ros/jazzy/include/rclcpp/rclcpp/duration.hpp:43:46: note:   no known conversion for argument 1 from ‘double’ to ‘std::chrono::nanoseconds’ {aka ‘std::chrono::duration<long int, std::ratio<1, 1000000000> >’}
[81.466s]    43 |   explicit Duration(std::chrono::nanoseconds nanoseconds);
[81.466s]       |                     ~~~~~~~~~~~~~~~~~~~~~~~~~^~~~~~~~~~~
[81.466s] /opt/ros/jazzy/include/rclcpp/rclcpp/duration.hpp:40:3: note: candidate: ‘rclcpp::Duration::Duration(int32_t, uint32_t)’
[81.466s]    40 |   Duration(int32_t seconds, uint32_t nanoseconds);
[81.466s]       |   ^~~~~~~~
[81.466s] /opt/ros/jazzy/include/rclcpp/rclcpp/duration.hpp:40:3: note:   candidate expects 2 arguments, 1 provided
[81.496s] /home/neha/ros2_ws/src/semnav_migration/src/navigation.cpp:366:84: error: ‘mapPose’ was not declared in this scope
[81.496s]   366 |                                 listener_.transformPose(world_frame_id_, odomPose, mapPose);
[81.496s]       |                                                                                    ^~~~~~~
[81.539s] /home/neha/ros2_ws/src/semnav_migration/src/navigation.cpp:368:33: error: ‘ROS_ERROR’ was not declared in this scope
[81.540s]   368 |                                 ROS_ERROR("%s",ex.what());
[81.540s]       |                                 ^~~~~~~~~
[81.542s] /home/neha/ros2_ws/src/semnav_migration/src/navigation_semantic.cpp:561:25: error: ‘ROS_WARN_STREAM’ was not declared in this scope; did you mean ‘RCLCPP_WARN_STREAM’?
[81.542s]   561 |                         ROS_WARN_STREAM("[Navigation] Diffeomorphism jacobian determinant is " << MatrixDeterminant(RobotPositionTransformedD) << ", robot position is " << bg::dsv(RobotPosition_) << " and robot positon in model space is " << bg::dsv(RobotPositionTransformedPoint));
[81.542s]       |                         ^~~~~~~~~~~~~~~
[81.542s]       |                         RCLCPP_WARN_STREAM
[81.545s] /home/neha/ros2_ws/src/semnav_migration/src/navigation_semantic.cpp:590:41: error: ‘ros’ has not been declared
[81.545s]   590 |                                         ros::Duration(5.0).sleep();
[81.545s]       |                                         ^~~
[81.552s] /home/neha/ros2_ws/src/semnav_migration/src/navigation_semantic.cpp:615:75: error: invalid operands of types ‘const char [32]’ and ‘double’ to binary ‘operator<<’
[81.552s]   615 |                         ROS_WARN_STREAM("[Navigation] Linear command is " << LinearCmd << " and angular command is " << AngularCmd);
[81.553s]       |                                         ~~~~~~~~~~~~~~~~~~~~~~~~~~~~~~~~~ ^~ ~~~~~~~~~
[81.553s]       |                                         |                                    |
[81.553s]       |                                         const char [32]                      double
[81.554s] /home/neha/ros2_ws/src/semnav_migration/src/navigation_semantic.cpp:616:76: error: invalid operands of types ‘const char [33]’ and ‘int’ to binary ‘operator<<’
[81.554s]   616 |                         ROS_WARN_STREAM("[Navigation] Command update for " << int(localDiffeoTreeArray.size()) << " polygons in " << ros::Time::now().toSec()-before_time << " seconds.");
[81.554s]       |                                         ~~~~~~~~~~~~~~~~~~~~~~~~~~~~~~~~~~ ^~ ~~~~~~~~~~~~~~~~~~~~~~~~~~~~~~~~
[81.554s]       |                                         |                                     |
[81.554s]       |                                         const char [33]                       int
[81.555s] /home/neha/ros2_ws/src/semnav_migration/src/navigation_semantic.cpp:616:134: error: ‘ros’ has not been declared
[81.555s]   616 |                         ROS_WARN_STREAM("[Navigation] Command update for " << int(localDiffeoTreeArray.size()) << " polygons in " << ros::Time::now().toSec()-before_time << " seconds.");
[81.555s]       |                                                                                                                                      ^~~
[81.561s] /home/neha/ros2_ws/src/semnav_migration/src/navigation_semantic.cpp: In function ‘int main(int, char**)’:
[81.561s] /home/neha/ros2_ws/src/semnav_migration/src/navigation_semantic.cpp:697:9: error: ‘ros’ has not been declared
[81.561s]   697 |         ros::init(argc, argv, "navigation_semantic");
[81.561s]       |         ^~~
[81.561s] /home/neha/ros2_ws/src/semnav_migration/src/navigation_semantic.cpp:700:9: error: ‘ros’ has not been declared
[81.561s]   700 |         ros::NodeHandle nh("~");
[81.561s]       |         ^~~
[81.579s] /home/neha/ros2_ws/src/semnav_migration/src/navigation.cpp:373:68: error: ‘mapPose’ was not declared in this scope
[81.579s]   373 |                         tf2::Quaternion rotation = tf2::Quaternion(mapPose.pose.orientation.x,
[81.579s]       |                                                                    ^~~~~~~
[81.579s] /home/neha/ros2_ws/src/semnav_migration/src/navigation_semantic.cpp:703:56: error: ‘nh’ was not declared in this scope
[81.579s]   703 |         SemanticNavigationNode semanticNavigationNode(&nh);
[81.580s]       |                                                        ^~
[81.582s] /home/neha/ros2_ws/src/semnav_migration/src/navigation.cpp:395:42: error: could not convert ‘lidar_data’ from ‘shared_ptr<LaserScan_<[...]>>’ to ‘shared_ptr<LaserScan_<[...]>>’
[81.583s]   395 |                         constructLIDAR2D(lidar_data, CutoffRange_, AllowableRange_, RobotPitch_, &LIDAR);
[81.583s]       |                                          ^~~~~~~~~~
[81.583s]       |                                          |
[81.583s]       |                                          shared_ptr<LaserScan_<[...]>>
[81.606s] /home/neha/ros2_ws/src/semnav_migration/src/navigation.cpp:569:53: error: no matching function for call to ‘rclcpp::Duration::Duration(double)’
[81.606s]   569 |                                 rclcpp::Duration(5.0).sleep();
[81.607s]       |                                                     ^
[81.607s] /opt/ros/jazzy/include/rclcpp/rclcpp/duration.hpp:49:3: note: candidate: ‘template<class Rep, class Period> rclcpp::Duration::Duration(const std::chrono::duration<_Rep1, _Period1>&)’
[81.607s]    49 |   Duration(const std::chrono::duration<Rep, Period> & duration)  // NOLINT(runtime/explicit)
[81.607s]       |   ^~~~~~~~
[81.607s] /opt/ros/jazzy/include/rclcpp/rclcpp/duration.hpp:49:3: note:   template argument deduction/substitution failed:
[81.607s] /home/neha/ros2_ws/src/semnav_migration/src/navigation.cpp:569:53: note:   mismatched types ‘const std::chrono::duration<_Rep1, _Period1>’ and ‘double’
[81.607s]   569 |                                 rclcpp::Duration(5.0).sleep();
[81.608s]       |                                                     ^
[81.608s] /opt/ros/jazzy/include/rclcpp/rclcpp/duration.hpp:159:3: note: candidate: ‘rclcpp::Duration::Duration()’
[81.608s]   159 |   Duration() = default;
[81.608s]       |   ^~~~~~~~
[81.608s] /opt/ros/jazzy/include/rclcpp/rclcpp/duration.hpp:159:3: note:   candidate expects 0 arguments, 1 provided
[81.612s] /opt/ros/jazzy/include/rclcpp/rclcpp/duration.hpp:62:3: note: candidate: ‘rclcpp::Duration::Duration(const rclcpp::Duration&)’
[81.613s]    62 |   Duration(const Duration & rhs);
[81.613s]       |   ^~~~~~~~
[81.613s] /opt/ros/jazzy/include/rclcpp/rclcpp/duration.hpp:62:29: note:   no known conversion for argument 1 from ‘double’ to ‘const rclcpp::Duration&’
[81.613s]    62 |   Duration(const Duration & rhs);
[81.613s]       |            ~~~~~~~~~~~~~~~~~^~~
[81.613s] /opt/ros/jazzy/include/rclcpp/rclcpp/duration.hpp:60:12: note: candidate: ‘rclcpp::Duration::Duration(const rcl_duration_t&)’
[81.613s]    60 |   explicit Duration(const rcl_duration_t & duration);
[81.614s]       |            ^~~~~~~~
[81.614s] /opt/ros/jazzy/include/rclcpp/rclcpp/duration.hpp:60:44: note:   no known conversion for argument 1 from ‘double’ to ‘const rcl_duration_t&’ {aka ‘const rcl_duration_s&’}
[81.614s]    60 |   explicit Duration(const rcl_duration_t & duration);
[81.614s]       |                     ~~~~~~~~~~~~~~~~~~~~~~~^~~~~~~~
[81.614s] /opt/ros/jazzy/include/rclcpp/rclcpp/duration.hpp:54:3: note: candidate: ‘rclcpp::Duration::Duration(const builtin_interfaces::msg::Duration&)’
[81.614s]    54 |   Duration(const builtin_interfaces::msg::Duration & duration_msg);  // NOLINT(runtime/explicit)
[81.616s]       |   ^~~~~~~~
[81.617s] /opt/ros/jazzy/include/rclcpp/rclcpp/duration.hpp:54:54: note:   no known conversion for argument 1 from ‘double’ to ‘const builtin_interfaces::msg::Duration&’ {aka ‘const builtin_interfaces::msg::Duration_<std::allocator<void> >&’}
[81.617s]    54 |   Duration(const builtin_interfaces::msg::Duration & duration_msg);  // NOLINT(runtime/explicit)
[81.617s]       |            ~~~~~~~~~~~~~~~~~~~~~~~~~~~~~~~~~~~~~~~~~~^~~~~~~~~~~~
[81.617s] /opt/ros/jazzy/include/rclcpp/rclcpp/duration.hpp:43:12: note: candidate: ‘rclcpp::Duration::Duration(std::chrono::nanoseconds)’
[81.617s]    43 |   explicit Duration(std::chrono::nanoseconds nanoseconds);
[81.617s]       |            ^~~~~~~~
[81.617s] /opt/ros/jazzy/include/rclcpp/rclcpp/duration.hpp:43:46: note:   no known conversion for argument 1 from ‘double’ to ‘std::chrono::nanoseconds’ {aka ‘std::chrono::duration<long int, std::ratio<1, 1000000000> >’}
[81.618s]    43 |   explicit Duration(std::chrono::nanoseconds nanoseconds);
[81.618s]       |                     ~~~~~~~~~~~~~~~~~~~~~~~~~^~~~~~~~~~~
[81.618s] /opt/ros/jazzy/include/rclcpp/rclcpp/duration.hpp:40:3: note: candidate: ‘rclcpp::Duration::Duration(int32_t, uint32_t)’
[81.618s]    40 |   Duration(int32_t seconds, uint32_t nanoseconds);
[81.618s]       |   ^~~~~~~~
[81.619s] /opt/ros/jazzy/include/rclcpp/rclcpp/duration.hpp:40:3: note:   candidate expects 2 arguments, 1 provided
[81.711s] /home/neha/ros2_ws/src/semnav_migration/src/navigation.cpp:572:33: error: ‘ROS_WARN_STREAM’ was not declared in this scope; did you mean ‘RCLCPP_WARN_STREAM’?
[81.711s]   572 |                                 ROS_WARN_STREAM("[Navigation] Successfully navigated to goal and stopped...");
[81.711s]       |                                 ^~~~~~~~~~~~~~~
[81.711s]       |                                 RCLCPP_WARN_STREAM
[81.721s] /home/neha/ros2_ws/src/semnav_migration/src/navigation.cpp:595:75: error: invalid operands of types ‘const char [32]’ and ‘double’ to binary ‘operator<<’
[81.721s]   595 |                         ROS_WARN_STREAM("[Navigation] Linear command is " << LinearCmd << " and angular command is " << AngularCmd);
[81.721s]       |                                         ~~~~~~~~~~~~~~~~~~~~~~~~~~~~~~~~~ ^~ ~~~~~~~~~
[81.721s]       |                                         |                                    |
[81.722s]       |                                         const char [32]                      double
[81.820s] /home/neha/ros2_ws/src/semnav_migration/src/navigation.cpp:595:25: error: ‘ROS_WARN_STREAM’ was not declared in this scope; did you mean ‘RCLCPP_WARN_STREAM’?
[81.821s]   595 |                         ROS_WARN_STREAM("[Navigation] Linear command is " << LinearCmd << " and angular command is " << AngularCmd);
[81.821s]       |                         ^~~~~~~~~~~~~~~
[81.821s]       |                         RCLCPP_WARN_STREAM
[81.823s] /home/neha/ros2_ws/src/semnav_migration/src/navigation.cpp:596:76: error: invalid operands of types ‘const char [33]’ and ‘int’ to binary ‘operator<<’
[81.823s]   596 |                         ROS_WARN_STREAM("[Navigation] Command update for " << int(localDiffeoTreeArray.size()) << " polygons in " << rclcpp::Time::now().toSec()-before_time << " seconds.");
[81.823s]       |                                         ~~~~~~~~~~~~~~~~~~~~~~~~~~~~~~~~~~ ^~ ~~~~~~~~~~~~~~~~~~~~~~~~~~~~~~~~
[81.823s]       |                                         |                                     |
[81.823s]       |                                         const char [33]                       int
[81.825s] /home/neha/ros2_ws/src/semnav_migration/src/navigation.cpp:596:148: error: ‘now’ is not a member of ‘rclcpp::Time’
[81.825s]   596 |                         ROS_WARN_STREAM("[Navigation] Command update for " << int(localDiffeoTreeArray.size()) << " polygons in " << rclcpp::Time::now().toSec()-before_time << " seconds.");
[81.825s]       |                                                                                                                                                    ^~~
[88.512s] gmake[2]: *** [CMakeFiles/navigation_semantic.dir/build.make:76: CMakeFiles/navigation_semantic.dir/src/navigation_semantic.cpp.o] Error 1
[88.513s] gmake[1]: *** [CMakeFiles/Makefile2:207: CMakeFiles/navigation_semantic.dir/all] Error 2
[88.513s] gmake[1]: *** Waiting for unfinished jobs....
[89.300s] gmake[2]: *** [CMakeFiles/navigation.dir/build.make:76: CMakeFiles/navigation.dir/src/navigation.cpp.o] Error 1
[89.300s] gmake[1]: *** [CMakeFiles/Makefile2:181: CMakeFiles/navigation.dir/all] Error 2
[89.301s] gmake: *** [Makefile:146: all] Error 2
[89.304s] Invoked command in '/home/neha/ros2_ws/src/semnav_migration/build/semnav' returned '2': CMAKE_PREFIX_PATH=${CMAKE_PREFIX_PATH}:/opt/ros/jazzy DEBUGINFOD_URLS=https://debuginfod.ubuntu.com /usr/bin/cmake --build /home/neha/ros2_ws/src/semnav_migration/build/semnav -- -j2 -l2
