[0.028s] Invoking command in '/home/neha/ros2_ws/src/semnav_migration/build/semnav': CMAKE_PREFIX_PATH=${CMAKE_PREFIX_PATH}:/opt/ros/jazzy DEBUGINFOD_URLS=https://debuginfod.ubuntu.com /usr/bin/cmake --build /home/neha/ros2_ws/src/semnav_migration/build/semnav -- -j2 -l2
[0.238s] [ 14%] Built target reactive_planner
[0.372s] [ 23%] Built target navigation_semantic
[0.389s] [ 33%] Built target navigation
[0.520s] [ 38%] Building CXX object CMakeFiles/navigation_humans.dir/src/navigation_humans.cpp.o
[0.534s] [ 42%] Building CXX object CMakeFiles/human_following.dir/src/human_following.cpp.o
[23.457s] /home/neha/ros2_ws/src/semnav_migration/src/human_following.cpp:44:36: error: ‘ros’ has not been declared
[23.457s]    44 |                 HumanFollowingNode(ros::NodeHandle* nodehandle) : nh_(*nodehandle) {
[23.457s]       |                                    ^~~
[23.457s] /home/neha/ros2_ws/src/semnav_migration/src/human_following.cpp:44:51: error: expected ‘)’ before ‘*’ token
[23.457s]    44 |                 HumanFollowingNode(ros::NodeHandle* nodehandle) : nh_(*nodehandle) {
[23.457s]       |                                   ~               ^
[23.458s]       |                                                   )
[23.458s] /home/neha/ros2_ws/src/semnav_migration/src/human_following.cpp:242:69: error: ‘KeypointDetections3D’ in namespace ‘object_pose_interface_msgs’ does not name a type
[23.458s]   242 |                 void human_update(const object_pose_interface_msgs::KeypointDetections3D::ConstPtr& human_data) {
[23.458s]       |                                                                     ^~~~~~~~~~~~~~~~~~~~
[23.461s] /home/neha/ros2_ws/src/semnav_migration/src/human_following.cpp:242:99: error: expected unqualified-id before ‘&’ token
[23.461s]   242 |                 void human_update(const object_pose_interface_msgs::KeypointDetections3D::ConstPtr& human_data) {
[23.462s]       |                                                                                                   ^
[23.462s] /home/neha/ros2_ws/src/semnav_migration/src/human_following.cpp:242:99: error: expected ‘)’ before ‘&’ token
[23.462s]   242 |                 void human_update(const object_pose_interface_msgs::KeypointDetections3D::ConstPtr& human_data) {
[23.462s]       |                                  ~                                                                ^
[23.462s]       |                                                                                                   )
[23.462s] /home/neha/ros2_ws/src/semnav_migration/src/human_following.cpp:242:99: error: expected ‘;’ at end of member declaration
[23.462s]   242 |                 void human_update(const object_pose_interface_msgs::KeypointDetections3D::ConstPtr& human_data) {
[23.462s]       |                                                                                                   ^
[23.463s]       |                                                                                                    ;
[23.477s] /home/neha/ros2_ws/src/semnav_migration/src/human_following.cpp:242:101: error: ‘human_data’ does not name a type
[23.478s]   242 |                 void human_update(const object_pose_interface_msgs::KeypointDetections3D::ConstPtr& human_data) {
[23.478s]       |                                                                                                     ^~~~~~~~~~
[23.478s] /home/neha/ros2_ws/src/semnav_migration/src/human_following.cpp:288:75: error: ‘SemanticMapObjectArray’ in namespace ‘object_pose_interface_msgs’ does not name a type
[23.478s]   288 |                 void diffeo_tree_update(const object_pose_interface_msgs::SemanticMapObjectArray::ConstPtr& semantic_map_data) {
[23.478s]       |                                                                           ^~~~~~~~~~~~~~~~~~~~~~
[23.478s] /home/neha/ros2_ws/src/semnav_migration/src/human_following.cpp:288:107: error: expected unqualified-id before ‘&’ token
[23.478s]   288 |                 void diffeo_tree_update(const object_pose_interface_msgs::SemanticMapObjectArray::ConstPtr& semantic_map_data) {
[23.478s]       |                                                                                                           ^
[23.479s] /home/neha/ros2_ws/src/semnav_migration/src/human_following.cpp:288:107: error: expected ‘)’ before ‘&’ token
[23.479s]   288 |                 void diffeo_tree_update(const object_pose_interface_msgs::SemanticMapObjectArray::ConstPtr& semantic_map_data) {
[23.479s]       |                                        ~                                                                  ^
[23.479s]       |                                                                                                           )
[23.481s] /home/neha/ros2_ws/src/semnav_migration/src/human_following.cpp:288:107: error: expected ‘;’ at end of member declaration
[23.481s]   288 |                 void diffeo_tree_update(const object_pose_interface_msgs::SemanticMapObjectArray::ConstPtr& semantic_map_data) {
[23.482s]       |                                                                                                           ^
[23.482s]       |                                                                                                            ;
[23.520s] /home/neha/ros2_ws/src/semnav_migration/src/human_following.cpp:288:109: error: ‘semantic_map_data’ does not name a type
[23.521s]   288 |                 void diffeo_tree_update(const object_pose_interface_msgs::SemanticMapObjectArray::ConstPtr& semantic_map_data) {
[23.521s]       |                                                                                                             ^~~~~~~~~~~~~~~~~
[23.523s] /home/neha/ros2_ws/src/semnav_migration/src/human_following.cpp:375:58: error: ‘LaserScan’ in namespace ‘sensor_msgs’ does not name a type
[23.524s]   375 |                 void control_callback(const sensor_msgs::LaserScan::ConstPtr& lidar_data, const nav_msgs::Odometry::ConstPtr& robot_data) {
[23.524s]       |                                                          ^~~~~~~~~
[23.524s] /home/neha/ros2_ws/src/semnav_migration/src/human_following.cpp:375:77: error: expected unqualified-id before ‘&’ token
[23.524s]   375 |                 void control_callback(const sensor_msgs::LaserScan::ConstPtr& lidar_data, const nav_msgs::Odometry::ConstPtr& robot_data) {
[23.524s]       |                                                                             ^
[23.524s] /home/neha/ros2_ws/src/semnav_migration/src/human_following.cpp:375:77: error: expected ‘)’ before ‘&’ token
[23.524s]   375 |                 void control_callback(const sensor_msgs::LaserScan::ConstPtr& lidar_data, const nav_msgs::Odometry::ConstPtr& robot_data) {
[23.524s]       |                                      ~                                      ^
[23.525s]       |                                                                             )
[23.525s] /home/neha/ros2_ws/src/semnav_migration/src/human_following.cpp:375:77: error: expected ‘;’ at end of member declaration
[23.525s]   375 |                 void control_callback(const sensor_msgs::LaserScan::ConstPtr& lidar_data, const nav_msgs::Odometry::ConstPtr& robot_data) {
[23.525s]       |                                                                             ^
[23.527s]       |                                                                              ;
[23.536s] /home/neha/ros2_ws/src/semnav_migration/src/human_following.cpp:375:79: error: ‘lidar_data’ does not name a type
[23.536s]   375 |                 void control_callback(const sensor_msgs::LaserScan::ConstPtr& lidar_data, const nav_msgs::Odometry::ConstPtr& robot_data) {
[23.536s]       |                                                                               ^~~~~~~~~~
[23.544s] /home/neha/ros2_ws/src/semnav_migration/src/human_following.cpp:643:17: error: ‘ros’ does not name a type
[23.544s]   643 |                 ros::NodeHandle nh_;
[23.545s]       |                 ^~~
[23.549s] /home/neha/ros2_ws/src/semnav_migration/src/human_following.cpp:662:17: error: ‘ros’ does not name a type
[23.549s]   662 |                 ros::Publisher pub_behaviorID_;
[23.549s]       |                 ^~~
[23.555s] /home/neha/ros2_ws/src/semnav_migration/src/human_following.cpp:663:17: error: ‘ros’ does not name a type
[23.556s]   663 |                 ros::Publisher pub_behaviorMode_;
[23.556s]       |                 ^~~
[23.563s] /home/neha/ros2_ws/src/semnav_migration/src/human_following.cpp:664:17: error: ‘ros’ does not name a type
[23.564s]   664 |                 ros::Publisher pub_twist_;
[23.564s]       |                 ^~~
[23.568s] /home/neha/ros2_ws/src/semnav_migration/src/human_following.cpp:666:17: error: ‘ros’ does not name a type
[23.568s]   666 |                 ros::Publisher pub_semantic_map_;
[23.569s]       |                 ^~~
[23.575s] /home/neha/ros2_ws/src/semnav_migration/src/human_following.cpp:695:17: error: ‘ros’ does not name a type
[23.575s]   695 |                 ros::Time Goal_camera_stamp_;
[23.575s]       |                 ^~~
[23.592s] /home/neha/ros2_ws/src/semnav_migration/src/human_following.cpp:715:17: error: ‘tf’ does not name a type; did you mean ‘tm’?
[23.593s]   715 |                 tf::TransformListener listener_;
[23.593s]       |                 ^~
[23.593s]       |                 tm
[23.597s] /home/neha/ros2_ws/src/semnav_migration/src/human_following.cpp: In member function ‘void HumanFollowingNode::publish_twist(double, double)’:
[23.597s] /home/neha/ros2_ws/src/semnav_migration/src/human_following.cpp:166:40: error: ‘Twist’ is not a member of ‘geometry_msgs’; did you mean ‘geometry_msgs::msg::Twist’?
[23.597s]   166 |                         geometry_msgs::Twist commandTwist;
[23.597s]       |                                        ^~~~~
[23.597s] In file included from /opt/ros/jazzy/include/geometry_msgs/geometry_msgs/msg/detail/velocity_stamped__struct.hpp:25,
[23.597s]                  from /opt/ros/jazzy/include/geometry_msgs/geometry_msgs/msg/velocity_stamped.hpp:7,
[23.597s]                  from /opt/ros/jazzy/include/tf2/tf2/buffer_core.h:49,
[23.598s]                  from /opt/ros/jazzy/include/tf2_ros/tf2_ros/async_buffer_interface.h:39,
[23.598s]                  from /opt/ros/jazzy/include/tf2_ros/tf2_ros/buffer.h:42,
[23.598s]                  from /home/neha/ros2_ws/src/semnav_migration/include/reactive_planner_lib.h:40,
[23.598s]                  from /home/neha/ros2_ws/src/semnav_migration/src/human_following.cpp:25:
[23.599s] /opt/ros/jazzy/include/geometry_msgs/geometry_msgs/msg/detail/twist__struct.hpp:137:7: note: ‘geometry_msgs::msg::Twist’ declared here
[23.599s]   137 | using Twist =
[23.600s]       |       ^~~~~
[23.672s] /home/neha/ros2_ws/src/semnav_migration/src/human_following.cpp:167:25: error: ‘commandTwist’ was not declared in this scope
[23.672s]   167 |                         commandTwist.linear.x = LinearCmd;
[23.673s]       |                         ^~~~~~~~~~~~
[23.723s] /home/neha/ros2_ws/src/semnav_migration/src/human_following.cpp:169:25: error: ‘pub_twist_’ was not declared in this scope; did you mean ‘publish_twist’?
[23.724s]   169 |                         pub_twist_.publish(commandTwist);
[23.724s]       |                         ^~~~~~~~~~
[23.724s]       |                         publish_twist
[23.728s] /home/neha/ros2_ws/src/semnav_migration/src/human_following.cpp: In member function ‘void HumanFollowingNode::publish_behavior_id(uint16_t)’:
[23.729s] /home/neha/ros2_ws/src/semnav_migration/src/human_following.cpp:174:35: error: ‘UInt32’ is not a member of ‘std_msgs’; did you mean ‘example_interfaces::msg::UInt32’?
[23.729s]   174 |                         std_msgs::UInt32 commandId;
[23.729s]       |                                   ^~~~~~
[23.730s] In file included from /opt/ros/jazzy/include/example_interfaces/example_interfaces/msg/u_int32.hpp:7,
[23.730s]                  from /home/neha/ros2_ws/src/semnav_migration/include/reactive_planner_lib.h:52:
[23.731s] /opt/ros/jazzy/include/example_interfaces/example_interfaces/msg/detail/u_int32__struct.hpp:125:7: note: ‘example_interfaces::msg::UInt32’ declared here
[23.731s]   125 | using UInt32 =
[23.731s]       |       ^~~~~~
[23.784s] /home/neha/ros2_ws/src/semnav_migration/src/human_following.cpp:175:25: error: ‘commandId’ was not declared in this scope
[23.785s]   175 |                         commandId.data = BehaviorIdCmd;
[23.785s]       |                         ^~~~~~~~~
[23.876s] /home/neha/ros2_ws/src/semnav_migration/src/human_following.cpp:176:25: error: ‘pub_behaviorID_’ was not declared in this scope; did you mean ‘pub_behaviorID_topic_’?
[23.876s]   176 |                         pub_behaviorID_.publish(commandId);
[23.876s]       |                         ^~~~~~~~~~~~~~~
[23.876s]       |                         pub_behaviorID_topic_
[23.881s] /home/neha/ros2_ws/src/semnav_migration/src/human_following.cpp: In member function ‘void HumanFollowingNode::publish_behavior_mode(uint16_t)’:
[23.882s] /home/neha/ros2_ws/src/semnav_migration/src/human_following.cpp:181:35: error: ‘UInt32’ is not a member of ‘std_msgs’; did you mean ‘example_interfaces::msg::UInt32’?
[23.884s]   181 |                         std_msgs::UInt32 commandMode;
[23.884s]       |                                   ^~~~~~
[23.885s] /opt/ros/jazzy/include/example_interfaces/example_interfaces/msg/detail/u_int32__struct.hpp:125:7: note: ‘example_interfaces::msg::UInt32’ declared here
[23.885s]   125 | using UInt32 =
[23.885s]       |       ^~~~~~
[23.949s] /home/neha/ros2_ws/src/semnav_migration/src/human_following.cpp:182:25: error: ‘commandMode’ was not declared in this scope
[23.950s]   182 |                         commandMode.data = BehaviorModeCmd;
[23.950s]       |                         ^~~~~~~~~~~
[23.992s] /home/neha/ros2_ws/src/semnav_migration/src/navigation_humans.cpp: In member function ‘void NavigationHumansNode::human_update(const object_pose_interface_msgs::msg::KeypointDetections3D_<std::allocator<void> >::ConstPtr&)’:
[23.993s] /home/neha/ros2_ws/src/semnav_migration/src/navigation_humans.cpp:298:60: error: no matching function for call to ‘tf2_ros::Buffer::lookupTransform(std::string&, const tf2::TimePoint&, std::string&, const std_msgs::msg::Header_<std::allocator<void> >::_stamp_type&, std::string&, rclcpp::Duration)’
[23.993s]   298 |                             t = tf_buffer_->lookupTransform(
[23.993s]       |                                 ~~~~~~~~~~~~~~~~~~~~~~~~~~~^
[23.993s]   299 |                                             world_frame_id_, tf2::TimePointZero,
[23.993s]       |                                             ~~~~~~~~~~~~~~~~~~~~~~~~~~~~~~~~~~~~
[23.993s]   300 |                                             camera_optical_frame_id_, human_data->header.stamp,
[23.993s]       |                                             ~~~~~~~~~~~~~~~~~~~~~~~~~~~~~~~~~~~~~~~~~~~~~~~~~~~
[23.993s]   301 |                                             world_frame_id_, rclcpp::Duration(std::chrono::nanoseconds(1000000000)));
[23.994s]       |                                             ~~~~~~~~~~~~~~~~~~~~~~~~~~~~~~~~~~~~~~~~~~~~~~~~~~~~~~~~~~~~~~~~~~~~~~~~
[23.994s] In file included from /opt/ros/jazzy/include/tf2_ros/tf2_ros/async_buffer_interface.h:39,
[23.994s]                  from /opt/ros/jazzy/include/tf2_ros/tf2_ros/buffer.h:42,
[23.996s]                  from /home/neha/ros2_ws/src/semnav_migration/include/reactive_planner_lib.h:40,
[23.996s]                  from /home/neha/ros2_ws/src/semnav_migration/src/navigation_humans.cpp:25:
[23.996s] /opt/ros/jazzy/include/tf2/tf2/buffer_core.h:156:3: note: candidate: ‘virtual geometry_msgs::msg::TransformStamped tf2::BufferCore::lookupTransform(const std::string&, const tf2::TimePoint&, const std::string&, const tf2::TimePoint&, const std::string&) const’
[23.997s]   156 |   lookupTransform(
[23.997s]       |   ^~~~~~~~~~~~~~~
[23.997s] /opt/ros/jazzy/include/tf2/tf2/buffer_core.h:156:3: note:   candidate expects 5 arguments, 6 provided
[23.997s] /opt/ros/jazzy/include/tf2/tf2/buffer_core.h:138:3: note: candidate: ‘virtual geometry_msgs::msg::TransformStamped tf2::BufferCore::lookupTransform(const std::string&, const std::string&, const tf2::TimePoint&) const’
[23.997s]   138 |   lookupTransform(
[23.997s]       |   ^~~~~~~~~~~~~~~
[23.997s] /opt/ros/jazzy/include/tf2/tf2/buffer_core.h:138:3: note:   candidate expects 3 arguments, 6 provided
[23.998s] /opt/ros/jazzy/include/tf2_ros/tf2_ros/buffer.h:127:3: note: candidate: ‘virtual geometry_msgs::msg::TransformStamped tf2_ros::Buffer::lookupTransform(const std::string&, const std::string&, const tf2::TimePoint&, tf2::Duration) const’
[23.998s]   127 |   lookupTransform(
[23.998s]       |   ^~~~~~~~~~~~~~~
[23.998s] /opt/ros/jazzy/include/tf2_ros/tf2_ros/buffer.h:127:3: note:   candidate expects 4 arguments, 6 provided
[24.000s] /opt/ros/jazzy/include/tf2_ros/tf2_ros/buffer.h:137:3: note: candidate: ‘geometry_msgs::msg::TransformStamped tf2_ros::Buffer::lookupTransform(const std::string&, const std::string&, const rclcpp::Time&, rclcpp::Duration) const’
[24.000s]   137 |   lookupTransform(
[24.000s]       |   ^~~~~~~~~~~~~~~
[24.001s] /opt/ros/jazzy/include/tf2_ros/tf2_ros/buffer.h:137:3: note:   candidate expects 4 arguments, 6 provided
[24.001s] /opt/ros/jazzy/include/tf2_ros/tf2_ros/buffer.h:159:3: note: candidate: ‘virtual geometry_msgs::msg::TransformStamped tf2_ros::Buffer::lookupTransform(const std::string&, const tf2::TimePoint&, const std::string&, const tf2::TimePoint&, const std::string&, tf2::Duration) const’
[24.001s]   159 |   lookupTransform(
[24.001s]       |   ^~~~~~~~~~~~~~~
[24.001s] /opt/ros/jazzy/include/tf2_ros/tf2_ros/buffer.h:161:62: note:   no known conversion for argument 4 from ‘const std_msgs::msg::Header_<std::allocator<void> >::_stamp_type’ {aka ‘const builtin_interfaces::msg::Time_<std::allocator<void> >’} to ‘const tf2::TimePoint&’ {aka ‘const std::chrono::time_point<std::chrono::_V2::system_clock, std::chrono::duration<long int, std::ratio<1, 1000000000> > >&’}
[24.001s]   161 |     const std::string & source_frame, const tf2::TimePoint & source_time,
[24.001s]       |                                       ~~~~~~~~~~~~~~~~~~~~~~~^~~~~~~~~~~
[24.002s] /opt/ros/jazzy/include/tf2_ros/tf2_ros/buffer.h:171:3: note: candidate: ‘geometry_msgs::msg::TransformStamped tf2_ros::Buffer::lookupTransform(const std::string&, const rclcpp::Time&, const std::string&, const rclcpp::Time&, const std::string&, rclcpp::Duration) const’
[24.002s]   171 |   lookupTransform(
[24.002s]       |   ^~~~~~~~~~~~~~~
[24.002s] /opt/ros/jazzy/include/tf2_ros/tf2_ros/buffer.h:172:60: note:   no known conversion for argument 2 from ‘const tf2::TimePoint’ {aka ‘const std::chrono::time_point<std::chrono::_V2::system_clock, std::chrono::duration<long int, std::ratio<1, 1000000000> > >’} to ‘const rclcpp::Time&’
[24.004s]   172 |     const std::string & target_frame, const rclcpp::Time & target_time,
[24.004s]       |                                       ~~~~~~~~~~~~~~~~~~~~~^~~~~~~~~~~
[24.059s] /home/neha/ros2_ws/src/semnav_migration/src/human_following.cpp:183:25: error: ‘pub_behaviorMode_’ was not declared in this scope; did you mean ‘pub_behaviorMode_topic_’?
[24.059s]   183 |                         pub_behaviorMode_.publish(commandMode);
[24.059s]       |                         ^~~~~~~~~~~~~~~~~
[24.059s]       |                         pub_behaviorMode_topic_
[24.116s] /home/neha/ros2_ws/src/semnav_migration/src/human_following.cpp: In function ‘int main(int, char**)’:
[24.116s] /home/neha/ros2_ws/src/semnav_migration/src/human_following.cpp:722:9: error: ‘ros’ has not been declared
[24.116s]   722 |         ros::init(argc, argv, "human_following");
[24.116s]       |         ^~~
[24.116s] /home/neha/ros2_ws/src/semnav_migration/src/human_following.cpp:725:9: error: ‘ros’ has not been declared
[24.116s]   725 |         ros::NodeHandle nh("~");
[24.116s]       |         ^~~
[24.138s] /home/neha/ros2_ws/src/semnav_migration/src/human_following.cpp:728:48: error: ‘nh’ was not declared in this scope
[24.139s]   728 |         HumanFollowingNode humanFollowingNode(&nh);
[24.139s]       |                                                ^~
[28.611s] gmake[2]: *** [CMakeFiles/human_following.dir/build.make:76: CMakeFiles/human_following.dir/src/human_following.cpp.o] Error 1
[28.612s] gmake[1]: *** [CMakeFiles/Makefile2:259: CMakeFiles/human_following.dir/all] Error 2
[28.612s] gmake[1]: *** Waiting for unfinished jobs....
[43.963s] gmake[2]: *** [CMakeFiles/navigation_humans.dir/build.make:76: CMakeFiles/navigation_humans.dir/src/navigation_humans.cpp.o] Error 1
[43.963s] gmake[1]: *** [CMakeFiles/Makefile2:233: CMakeFiles/navigation_humans.dir/all] Error 2
[43.963s] gmake: *** [Makefile:146: all] Error 2
[43.967s] Invoked command in '/home/neha/ros2_ws/src/semnav_migration/build/semnav' returned '2': CMAKE_PREFIX_PATH=${CMAKE_PREFIX_PATH}:/opt/ros/jazzy DEBUGINFOD_URLS=https://debuginfod.ubuntu.com /usr/bin/cmake --build /home/neha/ros2_ws/src/semnav_migration/build/semnav -- -j2 -l2
