[0.026s] Invoking command in '/home/neha/ros2_ws/src/semnav_migration/build/semnav': CMAKE_PREFIX_PATH=${CMAKE_PREFIX_PATH}:/opt/ros/jazzy DEBUGINFOD_URLS=https://debuginfod.ubuntu.com /usr/bin/cmake --build /home/neha/ros2_ws/src/semnav_migration/build/semnav -- -j2 -l2
[0.192s] [ 14%] Built target reactive_planner
[0.332s] [ 23%] Building CXX object CMakeFiles/navigation.dir/src/navigation.cpp.o
[0.332s] [ 23%] Building CXX object CMakeFiles/navigation_semantic.dir/src/navigation_semantic.cpp.o
[6.387s] /home/neha/ros2_ws/src/semnav_migration/src/navigation.cpp:138:77: error: missing terminating " character
[6.388s]   138 |             pub_behaviorID_ = this->create_publisher(std_msgs::msg::UInt32>("pub_behaviorID_topic), 1);
[6.388s]       |                                                                             ^~~~~~~~~~~~~~~~~~~~~~~~~~~
[21.632s] /home/neha/ros2_ws/src/semnav_migration/src/navigation_semantic.cpp:240:47: error: ‘object_pose_interface_msgs’ does not name a type
[21.632s]   240 |                 void diffeo_tree_update(const object_pose_interface_msgs::msg::SemanticMapObjectArray::ConstPtr& semantic_map_data) {
[21.632s]       |                                               ^~~~~~~~~~~~~~~~~~~~~~~~~~
[21.633s] /home/neha/ros2_ws/src/semnav_migration/src/navigation_semantic.cpp:240:78: error: expected unqualified-id before ‘::’ token
[21.633s]   240 |                 void diffeo_tree_update(const object_pose_interface_msgs::msg::SemanticMapObjectArray::ConstPtr& semantic_map_data) {
[21.633s]       |                                                                              ^~
[21.635s] /home/neha/ros2_ws/src/semnav_migration/src/navigation_semantic.cpp:240:78: error: expected ‘)’ before ‘::’ token
[21.636s]   240 |                 void diffeo_tree_update(const object_pose_interface_msgs::msg::SemanticMapObjectArray::ConstPtr& semantic_map_data) {
[21.636s]       |                                        ~                                     ^~
[21.636s]       |                                                                              )
[21.636s] /home/neha/ros2_ws/src/semnav_migration/src/navigation_semantic.cpp:240:75: error: expected ‘;’ at end of member declaration
[21.636s]   240 |                 void diffeo_tree_update(const object_pose_interface_msgs::msg::SemanticMapObjectArray::ConstPtr& semantic_map_data) {
[21.636s]       |                                                                           ^~~
[21.636s]       |                                                                              ;
[21.671s] /home/neha/ros2_ws/src/semnav_migration/src/navigation_semantic.cpp:240:80: error: ‘SemanticMapObjectArray’ in namespace ‘::’ does not name a type
[21.671s]   240 |                 void diffeo_tree_update(const object_pose_interface_msgs::msg::SemanticMapObjectArray::ConstPtr& semantic_map_data) {
[21.671s]       |                                                                                ^~~~~~~~~~~~~~~~~~~~~~
[21.679s] /home/neha/ros2_ws/src/semnav_migration/src/navigation_semantic.cpp:623:17: error: ‘ros’ does not name a type
[21.680s]   623 |                 ros::NodeHandle nh_;
[21.680s]       |                 ^~~
[21.684s] /home/neha/ros2_ws/src/semnav_migration/src/navigation_semantic.cpp:640:17: error: ‘ros’ does not name a type
[21.685s]   640 |                 ros::Publisher pub_behaviorID_;
[21.685s]       |                 ^~~
[21.689s] /home/neha/ros2_ws/src/semnav_migration/src/navigation_semantic.cpp:641:17: error: ‘ros’ does not name a type
[21.690s]   641 |                 ros::Publisher pub_behaviorMode_;
[21.690s]       |                 ^~~
[21.697s] /home/neha/ros2_ws/src/semnav_migration/src/navigation_semantic.cpp:642:17: error: ‘ros’ does not name a type
[21.697s]   642 |                 ros::Publisher pub_twist_;
[21.697s]       |                 ^~~
[21.701s] /home/neha/ros2_ws/src/semnav_migration/src/navigation_semantic.cpp:644:17: error: ‘ros’ does not name a type
[21.701s]   644 |                 ros::Publisher pub_semantic_map_;
[21.702s]       |                 ^~~
[21.716s] /home/neha/ros2_ws/src/semnav_migration/src/navigation_semantic.cpp:690:17: error: ‘tf’ does not name a type; did you mean ‘tm’?
[21.716s]   690 |                 tf::TransformListener listener_;
[21.716s]       |                 ^~
[21.716s]       |                 tm
[21.744s] /home/neha/ros2_ws/src/semnav_migration/src/navigation.cpp:242:47: error: ‘object_pose_interface_msgs’ does not name a type
[21.744s]   242 |                 void diffeo_tree_update(const object_pose_interface_msgs::msg::SemanticMapObjectArray::ConstPtr& semantic_map_data) {
[21.744s]       |                                               ^~~~~~~~~~~~~~~~~~~~~~~~~~
[21.744s] /home/neha/ros2_ws/src/semnav_migration/src/navigation.cpp:242:78: error: expected unqualified-id before ‘::’ token
[21.744s]   242 |                 void diffeo_tree_update(const object_pose_interface_msgs::msg::SemanticMapObjectArray::ConstPtr& semantic_map_data) {
[21.744s]       |                                                                              ^~
[21.746s] /home/neha/ros2_ws/src/semnav_migration/src/navigation.cpp:242:78: error: expected ‘)’ before ‘::’ token
[21.747s]   242 |                 void diffeo_tree_update(const object_pose_interface_msgs::msg::SemanticMapObjectArray::ConstPtr& semantic_map_data) {
[21.747s]       |                                        ~                                     ^~
[21.747s]       |                                                                              )
[21.747s] /home/neha/ros2_ws/src/semnav_migration/src/navigation.cpp:242:75: error: expected ‘;’ at end of member declaration
[21.747s]   242 |                 void diffeo_tree_update(const object_pose_interface_msgs::msg::SemanticMapObjectArray::ConstPtr& semantic_map_data) {
[21.747s]       |                                                                           ^~~
[21.747s]       |                                                                              ;
[21.787s] /home/neha/ros2_ws/src/semnav_migration/src/navigation.cpp:242:80: error: ‘SemanticMapObjectArray’ in namespace ‘::’ does not name a type
[21.787s]   242 |                 void diffeo_tree_update(const object_pose_interface_msgs::msg::SemanticMapObjectArray::ConstPtr& semantic_map_data) {
[21.787s]       |                                                                                ^~~~~~~~~~~~~~~~~~~~~~
[21.787s] /home/neha/ros2_ws/src/semnav_migration/src/navigation.cpp:615:17: error: invalid use of template-name ‘rclcpp::Publisher’ without an argument list
[21.787s]   615 |                 rclcpp::Publisher pub_behaviorID_;
[21.788s]       |                 ^~~~~~
[21.789s] /home/neha/ros2_ws/src/semnav_migration/src/navigation.cpp:616:17: error: invalid use of template-name ‘rclcpp::Publisher’ without an argument list
[21.790s]   616 |                 rclcpp::Publisher pub_behaviorMode_;
[21.790s]       |                 ^~~~~~
[21.790s] /home/neha/ros2_ws/src/semnav_migration/src/navigation.cpp:617:17: error: invalid use of template-name ‘rclcpp::Publisher’ without an argument list
[21.790s]   617 |                 rclcpp::Publisher pub_twist_;
[21.790s]       |                 ^~~~~~
[21.793s] /home/neha/ros2_ws/src/semnav_migration/src/navigation.cpp:619:17: error: invalid use of template-name ‘rclcpp::Publisher’ without an argument list
[21.794s]   619 |                 rclcpp::Publisher pub_semantic_map_;
[21.794s]       |                 ^~~~~~
[21.802s] /home/neha/ros2_ws/src/semnav_migration/src/navigation.cpp:663:22: error: ‘TransformListener’ in namespace ‘tf2’ does not name a type
[21.802s]   663 |                 tf2::TransformListener listener_;
[21.802s]       |                      ^~~~~~~~~~~~~~~~~
[21.805s] /home/neha/ros2_ws/src/semnav_migration/src/navigation.cpp: In constructor ‘NavigationNode::NavigationNode()’:
[21.805s] /home/neha/ros2_ws/src/semnav_migration/src/navigation.cpp:45:50: error: no matching function for call to ‘rclcpp::Node::Node()’
[21.805s]    45 |         NavigationNode() : Node("navigation_node") {
[21.805s]       |                                                  ^
[21.807s] In file included from /opt/ros/jazzy/include/rclcpp/rclcpp/executors/single_threaded_executor.hpp:28,
[21.808s]                  from /opt/ros/jazzy/include/rclcpp/rclcpp/executors.hpp:22,
[21.808s]                  from /opt/ros/jazzy/include/rclcpp/rclcpp/rclcpp.hpp:172,
[21.808s]                  from /home/neha/ros2_ws/src/semnav_migration/include/reactive_planner_lib.h:32,
[21.808s]                  from /home/neha/ros2_ws/src/semnav_migration/src/navigation.cpp:25:
[21.808s] /opt/ros/jazzy/include/rclcpp/rclcpp/node.hpp:1629:3: note: candidate: ‘rclcpp::Node::Node(const rclcpp::Node&, const std::string&)’
[21.808s]  1629 |   Node(
[21.808s]       |   ^~~~
[21.810s] /opt/ros/jazzy/include/rclcpp/rclcpp/node.hpp:1629:3: note:   candidate expects 2 arguments, 0 provided
[21.811s] /opt/ros/jazzy/include/rclcpp/rclcpp/node.hpp:103:12: note: candidate: ‘rclcpp::Node::Node(const std::string&, const std::string&, const rclcpp::NodeOptions&)’
[21.811s]   103 |   explicit Node(
[21.811s]       |            ^~~~
[21.811s] /opt/ros/jazzy/include/rclcpp/rclcpp/node.hpp:103:12: note:   candidate expects 3 arguments, 0 provided
[21.811s] /opt/ros/jazzy/include/rclcpp/rclcpp/node.hpp:91:12: note: candidate: ‘rclcpp::Node::Node(const std::string&, const rclcpp::NodeOptions&)’
[21.811s]    91 |   explicit Node(
[21.811s]       |            ^~~~
[21.812s] /opt/ros/jazzy/include/rclcpp/rclcpp/node.hpp:91:12: note:   candidate expects 2 arguments, 0 provided
[21.828s] /home/neha/ros2_ws/src/semnav_migration/src/navigation_semantic.cpp: In constructor ‘SemanticNavigationNode::SemanticNavigationNode()’:
[21.829s] /home/neha/ros2_ws/src/semnav_migration/src/navigation_semantic.cpp:136:25: error: ‘pub_behaviorID_’ was not declared in this scope; did you mean ‘pub_behaviorID_topic_’?
[21.829s]   136 |                         pub_behaviorID_ = nh_.advertise<std_msgs::UInt32>(pub_behaviorID_topic_, 1, true);
[21.829s]       |                         ^~~~~~~~~~~~~~~
[21.829s]       |                         pub_behaviorID_topic_
[21.860s] /home/neha/ros2_ws/src/semnav_migration/src/navigation_semantic.cpp:136:43: error: ‘nh_’ was not declared in this scope
[21.861s]   136 |                         pub_behaviorID_ = nh_.advertise<std_msgs::UInt32>(pub_behaviorID_topic_, 1, true);
[21.861s]       |                                           ^~~
[21.864s] /home/neha/ros2_ws/src/semnav_migration/src/navigation_semantic.cpp:136:67: error: ‘UInt32’ is not a member of ‘std_msgs’
[21.864s]   136 |                         pub_behaviorID_ = nh_.advertise<std_msgs::UInt32>(pub_behaviorID_topic_, 1, true);
[21.866s]       |                                                                   ^~~~~~
[21.932s] /home/neha/ros2_ws/src/semnav_migration/src/navigation.cpp:104:25: error: ‘target_object_’ was not declared in this scope
[21.933s]   104 |                         target_object_ = this->get_parameter("target_object").as_string();
[21.933s]       |                         ^~~~~~~~~~~~~~
[21.960s] /home/neha/ros2_ws/src/semnav_migration/src/navigation_semantic.cpp:137:25: error: ‘pub_behaviorMode_’ was not declared in this scope; did you mean ‘pub_behaviorMode_topic_’?
[21.960s]   137 |                         pub_behaviorMode_ = nh_.advertise<std_msgs::UInt32>(pub_behaviorMode_topic_, 1, true);
[21.960s]       |                         ^~~~~~~~~~~~~~~~~
[21.960s]       |                         pub_behaviorMode_topic_
[21.964s] /home/neha/ros2_ws/src/semnav_migration/src/navigation_semantic.cpp:137:69: error: ‘UInt32’ is not a member of ‘std_msgs’
[21.965s]   137 |                         pub_behaviorMode_ = nh_.advertise<std_msgs::UInt32>(pub_behaviorMode_topic_, 1, true);
[21.965s]       |                                                                     ^~~~~~
[22.011s] /home/neha/ros2_ws/src/semnav_migration/src/navigation_semantic.cpp:138:25: error: ‘pub_twist_’ was not declared in this scope; did you mean ‘publish_twist’?
[22.012s]   138 |                         pub_twist_ = nh_.advertise<geometry_msgs::msg::Twist>(pub_twist_topic_, 1, true);
[22.012s]       |                         ^~~~~~~~~~
[22.012s]       |                         publish_twist
[22.012s] /home/neha/ros2_ws/src/semnav_migration/src/navigation_semantic.cpp:138:77: error: expected primary-expression before ‘>’ token
[22.012s]   138 |                         pub_twist_ = nh_.advertise<geometry_msgs::msg::Twist>(pub_twist_topic_, 1, true);
[22.012s]       |                                                                             ^
[22.012s] /home/neha/ros2_ws/src/semnav_migration/src/navigation_semantic.cpp:141:42: error: ‘message_filters::msg’ has not been declared
[22.012s]   141 |                         message_filters::msg::Subscriber<sensor_msgs::LaserScan> sub_laser(nh_, sub_laser_topic_, 1);
[22.013s]       |                                          ^~~
[22.018s] /home/neha/ros2_ws/src/semnav_migration/src/navigation_semantic.cpp:141:71: error: ‘LaserScan’ is not a member of ‘sensor_msgs’; did you mean ‘sensor_msgs::msg::LaserScan’?
[22.019s]   141 |                         message_filters::msg::Subscriber<sensor_msgs::LaserScan> sub_laser(nh_, sub_laser_topic_, 1);
[22.019s]       |                                                                       ^~~~~~~~~
[22.019s] In file included from /opt/ros/jazzy/include/sensor_msgs/sensor_msgs/msg/laser_scan.hpp:7,
[22.019s]                  from /home/neha/ros2_ws/src/semnav_migration/include/reactive_planner_lib.h:46,
[22.019s]                  from /home/neha/ros2_ws/src/semnav_migration/src/navigation_semantic.cpp:25:
[22.019s] /opt/ros/jazzy/include/sensor_msgs/sensor_msgs/msg/detail/laser_scan__struct.hpp:250:7: note: ‘sensor_msgs::msg::LaserScan’ declared here
[22.019s]   250 | using LaserScan =
[22.019s]       |       ^~~~~~~~~
[22.067s] /home/neha/ros2_ws/src/semnav_migration/src/navigation_semantic.cpp:141:82: error: ‘sub_laser’ was not declared in this scope
[22.068s]   141 |                         message_filters::msg::Subscriber<sensor_msgs::LaserScan> sub_laser(nh_, sub_laser_topic_, 1);
[22.068s]       |                                                                                  ^~~~~~~~~
[22.078s] /home/neha/ros2_ws/src/semnav_migration/src/navigation.cpp:105:25: error: ‘target_object_length_’ was not declared in this scope
[22.078s]   105 |                         target_object_length_ = this->get_parameter("target_object_length").as_double();
[22.078s]       |                         ^~~~~~~~~~~~~~~~~~~~~
[22.136s] /home/neha/ros2_ws/src/semnav_migration/src/navigation_semantic.cpp:143:94: error: ‘LaserScan’ is not a member of ‘sensor_msgs’; did you mean ‘sensor_msgs::msg::LaserScan’?
[22.136s]   143 |                         typedef message_filters::sync_policies::ApproximateTime<sensor_msgs::LaserScan,nav_msgs::msg::Odometry> SyncPolicy;
[22.136s]       |                                                                                              ^~~~~~~~~
[22.136s] /opt/ros/jazzy/include/sensor_msgs/sensor_msgs/msg/detail/laser_scan__struct.hpp:250:7: note: ‘sensor_msgs::msg::LaserScan’ declared here
[22.137s]   250 | using LaserScan =
[22.137s]       |       ^~~~~~~~~
[22.137s] /home/neha/ros2_ws/src/semnav_migration/src/navigation_semantic.cpp:143:127: error: template argument 1 is invalid
[22.137s]   143 |                         typedef message_filters::sync_policies::ApproximateTime<sensor_msgs::LaserScan,nav_msgs::msg::Odometry> SyncPolicy;
[22.137s]       |                                                                                                                               ^
[22.140s] In file included from /home/neha/ros2_ws/src/semnav_migration/include/reactive_planner_lib.h:44:
[22.140s] /opt/ros/jazzy/include/message_filters/message_filters/synchronizer.h: In instantiation of ‘class message_filters::Synchronizer<int>’:
[22.140s] /home/neha/ros2_ws/src/semnav_migration/src/navigation_semantic.cpp:146:64:   required from here
[22.140s] /opt/ros/jazzy/include/message_filters/message_filters/synchronizer.h:53:7: error: base type ‘int’ fails to be a struct or class type
[22.140s]    53 | class Synchronizer : public noncopyable, public Policy
[22.140s]       |       ^~~~~~~~~~~~
[22.140s] /opt/ros/jazzy/include/message_filters/message_filters/synchronizer.h:56:37: error: ‘int’ is not a class, struct, or union type
[22.141s]    56 |   typedef typename Policy::Messages Messages;
[22.141s]       |                                     ^~~~~~~~
[22.141s] /opt/ros/jazzy/include/message_filters/message_filters/synchronizer.h:57:35: error: ‘int’ is not a class, struct, or union type
[22.141s]    57 |   typedef typename Policy::Events Events;
[22.141s]       |                                   ^~~~~~
[22.144s] /opt/ros/jazzy/include/message_filters/message_filters/synchronizer.h:58:35: error: ‘int’ is not a class, struct, or union type
[22.144s]    58 |   typedef typename Policy::Signal Signal;
[22.145s]       |                                   ^~~~~~
[22.145s] /opt/ros/jazzy/include/message_filters/message_filters/synchronizer.h:60:58: error: ‘int’ is not a class, struct, or union type
[22.145s]    60 |   typedef typename std::tuple_element<0, Messages>::type M0;
[22.145s]       |                                                          ^~
[22.145s] /opt/ros/jazzy/include/message_filters/message_filters/synchronizer.h:61:58: error: ‘int’ is not a class, struct, or union type
[22.145s]    61 |   typedef typename std::tuple_element<1, Messages>::type M1;
[22.145s]       |                                                          ^~
[22.146s] /opt/ros/jazzy/include/message_filters/message_filters/synchronizer.h:62:58: error: ‘int’ is not a class, struct, or union type
[22.146s]    62 |   typedef typename std::tuple_element<2, Messages>::type M2;
[22.146s]       |                                                          ^~
[22.146s] /opt/ros/jazzy/include/message_filters/message_filters/synchronizer.h:63:58: error: ‘int’ is not a class, struct, or union type
[22.146s]    63 |   typedef typename std::tuple_element<3, Messages>::type M3;
[22.148s]       |                                                          ^~
[22.148s] /opt/ros/jazzy/include/message_filters/message_filters/synchronizer.h:64:58: error: ‘int’ is not a class, struct, or union type
[22.149s]    64 |   typedef typename std::tuple_element<4, Messages>::type M4;
[22.149s]       |                                                          ^~
[22.149s] /opt/ros/jazzy/include/message_filters/message_filters/synchronizer.h:65:58: error: ‘int’ is not a class, struct, or union type
[22.149s]    65 |   typedef typename std::tuple_element<5, Messages>::type M5;
[22.149s]       |                                                          ^~
[22.149s] /opt/ros/jazzy/include/message_filters/message_filters/synchronizer.h:66:58: error: ‘int’ is not a class, struct, or union type
[22.149s]    66 |   typedef typename std::tuple_element<6, Messages>::type M6;
[22.149s]       |                                                          ^~
[22.150s] /opt/ros/jazzy/include/message_filters/message_filters/synchronizer.h:67:58: error: ‘int’ is not a class, struct, or union type
[22.150s]    67 |   typedef typename std::tuple_element<7, Messages>::type M7;
[22.150s]       |                                                          ^~
[22.150s] /opt/ros/jazzy/include/message_filters/message_filters/synchronizer.h:68:58: error: ‘int’ is not a class, struct, or union type
[22.150s]    68 |   typedef typename std::tuple_element<8, Messages>::type M8;
[22.153s]       |                                                          ^~
[22.153s] /opt/ros/jazzy/include/message_filters/message_filters/synchronizer.h:71:56: error: ‘int’ is not a class, struct, or union type
[22.153s]    71 |   typedef typename std::tuple_element<0, Events>::type M0Event;
[22.153s]       |                                                        ^~~~~~~
[22.153s] /opt/ros/jazzy/include/message_filters/message_filters/synchronizer.h:72:56: error: ‘int’ is not a class, struct, or union type
[22.154s]    72 |   typedef typename std::tuple_element<1, Events>::type M1Event;
[22.154s]       |                                                        ^~~~~~~
[22.154s] /opt/ros/jazzy/include/message_filters/message_filters/synchronizer.h:73:56: error: ‘int’ is not a class, struct, or union type
[22.154s]    73 |   typedef typename std::tuple_element<2, Events>::type M2Event;
[22.154s]       |                                                        ^~~~~~~
[22.154s] /opt/ros/jazzy/include/message_filters/message_filters/synchronizer.h:74:56: error: ‘int’ is not a class, struct, or union type
[22.154s]    74 |   typedef typename std::tuple_element<3, Events>::type M3Event;
[22.154s]       |                                                        ^~~~~~~
[22.155s] /opt/ros/jazzy/include/message_filters/message_filters/synchronizer.h:75:56: error: ‘int’ is not a class, struct, or union type
[22.155s]    75 |   typedef typename std::tuple_element<4, Events>::type M4Event;
[22.155s]       |                                                        ^~~~~~~
[22.155s] /opt/ros/jazzy/include/message_filters/message_filters/synchronizer.h:76:56: error: ‘int’ is not a class, struct, or union type
[22.155s]    76 |   typedef typename std::tuple_element<5, Events>::type M5Event;
[22.157s]       |                                                        ^~~~~~~
[22.157s] /opt/ros/jazzy/include/message_filters/message_filters/synchronizer.h:77:56: error: ‘int’ is not a class, struct, or union type
[22.157s]    77 |   typedef typename std::tuple_element<6, Events>::type M6Event;
[22.158s]       |                                                        ^~~~~~~
[22.158s] /opt/ros/jazzy/include/message_filters/message_filters/synchronizer.h:78:56: error: ‘int’ is not a class, struct, or union type
[22.158s]    78 |   typedef typename std::tuple_element<7, Events>::type M7Event;
[22.158s]       |                                                        ^~~~~~~
[22.158s] /opt/ros/jazzy/include/message_filters/message_filters/synchronizer.h:79:56: error: ‘int’ is not a class, struct, or union type
[22.158s]    79 |   typedef typename std::tuple_element<8, Events>::type M8Event;
[22.158s]       |                                                        ^~~~~~~
[22.159s] /opt/ros/jazzy/include/message_filters/message_filters/synchronizer.h:325:17: error: ‘int’ is not a class, namespace, or enumeration
[22.159s]   325 |   using Policy::add;
[22.159s]       |                 ^~~
[22.159s] /opt/ros/jazzy/include/message_filters/message_filters/synchronizer.h:328:8: error: ‘int’ is not a class, struct, or union type
[22.159s]   328 |   void add(const std::shared_ptr<typename std::tuple_element<i, Messages>::type const>& msg)
[22.161s]       |        ^~~
[22.161s] /opt/ros/jazzy/include/message_filters/message_filters/synchronizer.h:344:8: error: ‘int’ is not a class, struct, or union type
[22.161s]   344 |   void cb(const typename std::tuple_element<i, Events>::type& evt)
[22.162s]       |        ^~
[22.162s] /home/neha/ros2_ws/src/semnav_migration/src/navigation_semantic.cpp:147:55: error: ‘bind’ is not a member of ‘boost’; did you mean ‘find’?
[22.162s]   147 |                         sync->registerCallback(boost::bind(&SemanticNavigationNode::control_callback, this, _1, _2));
[22.162s]       |                                                       ^~~~
[22.164s]       |                                                       find
[22.164s] /home/neha/ros2_ws/src/semnav_migration/src/navigation_semantic.cpp:147:109: error: ‘_1’ was not declared in this scope
[22.164s]   147 |                         sync->registerCallback(boost::bind(&SemanticNavigationNode::control_callback, this, _1, _2));
[22.165s]       |                                                                                                             ^~
[22.165s] /home/neha/ros2_ws/src/semnav_migration/src/navigation_semantic.cpp:147:109: note: suggested alternatives:
[22.165s] In file included from /usr/include/boost/mpl/aux_/include_preprocessed.hpp:37,
[22.165s]                  from /usr/include/boost/mpl/placeholders.hpp:43,
[22.165s]                  from /usr/include/boost/iterator/iterator_categories.hpp:16,
[22.165s]                  from /usr/include/boost/iterator/iterator_facade.hpp:13,
[22.165s]                  from /usr/include/boost/range/iterator_range_core.hpp:27,
[22.166s]                  from /usr/include/boost/lexical_cast.hpp:48,
[22.166s]                  from /usr/include/boost/multiprecision/detail/number_base.hpp:29,
[22.166s]                  from /usr/include/boost/multiprecision/traits/is_variable_precision.hpp:9,
[22.166s]                  from /usr/include/boost/multiprecision/detail/precision.hpp:9,
[22.166s]                  from /usr/include/boost/multiprecision/number.hpp:11,
[22.166s]                  from /usr/include/boost/multiprecision/cpp_int.hpp:19,
[22.166s]                  from /usr/include/boost/multiprecision/cpp_bin_float.hpp:15,
[22.166s]                  from /usr/include/boost/geometry/core/coordinate_promotion.hpp:16,
[22.167s]                  from /usr/include/boost/geometry/core/radian_access.hpp:30,
[22.167s]                  from /usr/include/boost/geometry/geometry.hpp:50,
[22.167s]                  from /usr/include/boost/geometry.hpp:17,
[22.167s]                  from /home/neha/ros2_ws/src/semnav_migration/include/reactive_planner_lib.h:26:
[22.167s] /usr/include/boost/mpl/aux_/preprocessed/gcc/placeholders.hpp:29:16: note:   ‘mpl_::_1’
[22.169s]    29 | typedef arg<1> _1;
[22.169s]       |                ^~
[22.169s] In file included from /usr/include/boost/numeric/conversion/converter_policies.hpp:13,
[22.170s]                  from /usr/include/boost/numeric/conversion/converter.hpp:14,
[22.170s]                  from /usr/include/boost/numeric/conversion/cast.hpp:33,
[22.170s]                  from /usr/include/boost/geometry/core/radian_access.hpp:26:
[22.170s] /usr/include/c++/13/functional:294:48: note:   ‘std::placeholders::_1’
[22.170s]   294 |     _GLIBCXX_PLACEHOLDER const _Placeholder<1> _1;
[22.170s]       |                                                ^~
[22.170s] /usr/include/boost/mpl/aux_/preprocessed/gcc/placeholders.hpp:29:16: note:   ‘mpl_::_1’
[22.171s]    29 | typedef arg<1> _1;
[22.171s]       |                ^~
[22.171s] In file included from /usr/include/boost/describe/members.hpp:20,
[22.171s]                  from /usr/include/boost/container_hash/is_described_class.hpp:11,
[22.171s]                  from /usr/include/boost/container_hash/hash.hpp:18,
[22.173s]                  from /usr/include/boost/functional/hash.hpp:6,
[22.173s]                  from /usr/include/CGAL/Kernel/hash_functions.h:16,
[22.173s]                  from /usr/include/CGAL/Kernel/global_functions.h:25,
[22.174s]                  from /usr/include/CGAL/Cartesian/Cartesian_base.h:22,
[22.174s]                  from /usr/include/CGAL/Simple_cartesian.h:20,
[22.174s]                  from /usr/include/CGAL/Exact_predicates_inexact_constructions_kernel.h:20,
[22.174s]                  from /home/neha/ros2_ws/src/semnav_migration/include/polygeom_lib.h:32,
[22.174s]                  from /home/neha/ros2_ws/src/semnav_migration/include/reactive_planner_lib.h:52:
[22.174s] /usr/include/boost/mp11/bind.hpp:45:7: note:   ‘boost::mp11::_1’
[22.174s]    45 | using _1 = mp_arg<0>;
[22.174s]       |       ^~
[22.175s] /usr/include/boost/mpl/aux_/preprocessed/gcc/placeholders.hpp:29:16: note:   ‘mpl_::_1’
[22.175s]    29 | typedef arg<1> _1;
[22.175s]       |                ^~
[22.175s] /home/neha/ros2_ws/src/semnav_migration/src/navigation_semantic.cpp:147:113: error: ‘_2’ was not declared in this scope
[22.175s]   147 |                         sync->registerCallback(boost::bind(&SemanticNavigationNode::control_callback, this, _1, _2));
[22.177s]       |                                                                                                                 ^~
[22.177s] /home/neha/ros2_ws/src/semnav_migration/src/navigation_semantic.cpp:147:113: note: suggested alternatives:
[22.178s] /usr/include/boost/mpl/aux_/preprocessed/gcc/placeholders.hpp:42:16: note:   ‘mpl_::_2’
[22.178s]    42 | typedef arg<2> _2;
[22.178s]       |                ^~
[22.178s] /usr/include/c++/13/functional:295:48: note:   ‘std::placeholders::_2’
[22.178s]   295 |     _GLIBCXX_PLACEHOLDER const _Placeholder<2> _2;
[22.178s]       |                                                ^~
[22.178s] /usr/include/boost/mpl/aux_/preprocessed/gcc/placeholders.hpp:42:16: note:   ‘mpl_::_2’
[22.178s]    42 | typedef arg<2> _2;
[22.179s]       |                ^~
[22.179s] /usr/include/boost/mp11/bind.hpp:46:7: note:   ‘boost::mp11::_2’
[22.179s]    46 | using _2 = mp_arg<1>;
[22.179s]       |       ^~
[22.179s] /usr/include/boost/mpl/aux_/preprocessed/gcc/placeholders.hpp:42:16: note:   ‘mpl_::_2’
[22.181s]    42 | typedef arg<2> _2;
[22.181s]       |                ^~
[22.182s] /home/neha/ros2_ws/src/semnav_migration/src/navigation_semantic.cpp:149:25: error: ‘ros’ has not been declared
[22.182s]   149 |                         ros::Subscriber sub_semantic = nh_.subscribe(sub_semantic_topic_, 1, &SemanticNavigationNode::diffeo_tree_update, this);
[22.182s]       |                         ^~~
[22.182s] /home/neha/ros2_ws/src/semnav_migration/src/navigation_semantic.cpp:153:25: error: ‘ros’ has not been declared
[22.182s]   153 |                         ros::Duration(5.0).sleep();
[22.182s]       |                         ^~~
[22.182s] /home/neha/ros2_ws/src/semnav_migration/src/navigation_semantic.cpp:160:25: error: ‘ros’ has not been declared
[22.182s]   160 |                         ros::spin();
[22.183s]       |                         ^~~
[22.203s] /home/neha/ros2_ws/src/semnav_migration/src/navigation_semantic.cpp: In member function ‘void SemanticNavigationNode::publish_twist(double, double)’:
[22.203s] /home/neha/ros2_ws/src/semnav_migration/src/navigation_semantic.cpp:167:25: error: ‘pub_twist_’ was not declared in this scope; did you mean ‘publish_twist’?
[22.203s]   167 |                         pub_twist_.publish(commandTwist);
[22.204s]       |                         ^~~~~~~~~~
[22.204s]       |                         publish_twist
[22.207s] /home/neha/ros2_ws/src/semnav_migration/src/navigation_semantic.cpp: In member function ‘void SemanticNavigationNode::publish_behavior_id(uint16_t)’:
[22.207s] /home/neha/ros2_ws/src/semnav_migration/src/navigation_semantic.cpp:172:32: error: ‘UInt32’ is not a member of ‘std_msgs::msg’
[22.207s]   172 |                 std_msgs::msg::UInt32 commandId;
[22.208s]       |                                ^~~~~~
[22.242s] /home/neha/ros2_ws/src/semnav_migration/src/navigation.cpp:106:25: error: ‘target_object_width_’ was not declared in this scope
[22.243s]   106 |                         target_object_width_ = this->get_parameter("target_object_width").as_double();
[22.243s]       |                         ^~~~~~~~~~~~~~~~~~~~
[22.250s] /home/neha/ros2_ws/src/semnav_migration/src/navigation.cpp:138:69: error: ‘UInt32’ is not a member of ‘std_msgs::msg’
[22.250s]   138 |             pub_behaviorID_ = this->create_publisher(std_msgs::msg::UInt32>("pub_behaviorID_topic), 1);
[22.251s]       |                                                                     ^~~~~~
[22.251s] /home/neha/ros2_ws/src/semnav_migration/src/navigation_semantic.cpp:173:25: error: ‘commandId’ was not declared in this scope
[22.251s]   173 |                         commandId.data = BehaviorIdCmd;
[22.251s]       |                         ^~~~~~~~~
[22.252s] /home/neha/ros2_ws/src/semnav_migration/src/navigation.cpp:139:49: error: ‘class rclcpp::Node’ has no member named ‘advertise’
[22.252s]   139 |                         pub_behaviorMode_ = nh_.advertise<std_msgs::UInt32>(pub_behaviorMode_topic_, 1, true);
[22.252s]       |                                                 ^~~~~~~~~
[22.256s] /home/neha/ros2_ws/src/semnav_migration/src/navigation.cpp:139:69: error: ‘UInt32’ is not a member of ‘std_msgs’
[22.256s]   139 |                         pub_behaviorMode_ = nh_.advertise<std_msgs::UInt32>(pub_behaviorMode_topic_, 1, true);
[22.257s]       |                                                                     ^~~~~~
[22.260s] /home/neha/ros2_ws/src/semnav_migration/src/navigation.cpp:139:110: error: expected ‘)’ before ‘;’ token
[22.260s]   139 |                         pub_behaviorMode_ = nh_.advertise<std_msgs::UInt32>(pub_behaviorMode_topic_, 1, true);
[22.260s]       |                                                                                                              ^
[22.260s] /home/neha/ros2_ws/src/semnav_migration/src/navigation.cpp:138:76: note: to match this ‘(’
[22.260s]   138 |             pub_behaviorID_ = this->create_publisher(std_msgs::msg::UInt32>("pub_behaviorID_topic), 1);
[22.260s]       |                                                                            ^
[22.260s] /home/neha/ros2_ws/src/semnav_migration/src/navigation.cpp:140:42: error: ‘class rclcpp::Node’ has no member named ‘advertise’
[22.261s]   140 |                         pub_twist_ = nh_.advertise<geometry_msgs::msg::Twist>(pub_twist_topic_, 1, true);
[22.261s]       |                                          ^~~~~~~~~
[22.261s] /home/neha/ros2_ws/src/semnav_migration/src/navigation.cpp:140:77: error: expected primary-expression before ‘>’ token
[22.261s]   140 |                         pub_twist_ = nh_.advertise<geometry_msgs::msg::Twist>(pub_twist_topic_, 1, true);
[22.261s]       |                                                                             ^
[22.326s] /home/neha/ros2_ws/src/semnav_migration/src/navigation.cpp:143:116: error: no matching function for call to ‘message_filters::Subscriber<sensor_msgs::msg::LaserScan_<std::allocator<void> > >::Subscriber(rclcpp::Node&, std::string&, int)’
[22.326s]   143 |                         message_filters::Subscriber<sensor_msgs::msg::LaserScan> sub_laser(nh_, sub_laser_topic_, 1);
[22.326s]       |                                                                                                                    ^
[22.327s] In file included from /home/neha/ros2_ws/src/semnav_migration/include/reactive_planner_lib.h:43:
[22.327s] /opt/ros/jazzy/include/message_filters/message_filters/subscriber.h:224:3: note: candidate: ‘message_filters::Subscriber<M, NodeType>::Subscriber() [with M = sensor_msgs::msg::LaserScan_<std::allocator<void> >; NodeType = rclcpp::Node]’
[22.327s]   224 |   Subscriber() = default;
[22.327s]       |   ^~~~~~~~~~
[22.327s] /opt/ros/jazzy/include/message_filters/message_filters/subscriber.h:224:3: note:   candidate expects 0 arguments, 3 provided
[22.328s] /opt/ros/jazzy/include/message_filters/message_filters/subscriber.h:212:3: note: candidate: ‘message_filters::Subscriber<M, NodeType>::Subscriber(NodeType*, const std::string&, rmw_qos_profile_t, rclcpp::SubscriptionOptions) [with M = sensor_msgs::msg::LaserScan_<std::allocator<void> >; NodeType = rclcpp::Node; std::string = std::__cxx11::basic_string<char>; rmw_qos_profile_t = rmw_qos_profile_s; rclcpp::SubscriptionOptions = rclcpp::SubscriptionOptionsWithAllocator<std::allocator<void> >]’
[22.328s]   212 |   Subscriber(
[22.328s]       |   ^~~~~~~~~~
[22.331s] /opt/ros/jazzy/include/message_filters/message_filters/subscriber.h:212:3: note:   candidate expects 4 arguments, 3 provided
[22.331s] /opt/ros/jazzy/include/message_filters/message_filters/subscriber.h:203:3: note: candidate: ‘message_filters::Subscriber<M, NodeType>::Subscriber(NodePtr, const std::string&, rmw_qos_profile_t, rclcpp::SubscriptionOptions) [with M = sensor_msgs::msg::LaserScan_<std::allocator<void> >; NodeType = rclcpp::Node; NodePtr = std::shared_ptr<rclcpp::Node>; std::string = std::__cxx11::basic_string<char>; rmw_qos_profile_t = rmw_qos_profile_s; rclcpp::SubscriptionOptions = rclcpp::SubscriptionOptionsWithAllocator<std::allocator<void> >]’
[22.331s]   203 |   Subscriber(
[22.331s]       |   ^~~~~~~~~~
[22.331s] /opt/ros/jazzy/include/message_filters/message_filters/subscriber.h:203:3: note:   candidate expects 4 arguments, 3 provided
[22.331s] /opt/ros/jazzy/include/message_filters/message_filters/subscriber.h:188:3: note: candidate: ‘message_filters::Subscriber<M, NodeType>::Subscriber(NodeType*, const std::string&, rmw_qos_profile_t) [with M = sensor_msgs::msg::LaserScan_<std::allocator<void> >; NodeType = rclcpp::Node; std::string = std::__cxx11::basic_string<char>; rmw_qos_profile_t = rmw_qos_profile_s]’
[22.331s]   188 |   Subscriber(NodeType * node, const std::string& topic, const rmw_qos_profile_t qos = rmw_qos_profile_default)
[22.332s]       |   ^~~~~~~~~~
[22.332s] /opt/ros/jazzy/include/message_filters/message_filters/subscriber.h:188:25: note:   no known conversion for argument 1 from ‘rclcpp::Node’ to ‘rclcpp::Node*’
[22.332s]   188 |   Subscriber(NodeType * node, const std::string& topic, const rmw_qos_profile_t qos = rmw_qos_profile_default)
[22.332s]       |              ~~~~~~~~~~~^~~~
[22.334s] /opt/ros/jazzy/include/message_filters/message_filters/subscriber.h:183:3: note: candidate: ‘message_filters::Subscriber<M, NodeType>::Subscriber(NodePtr, const std::string&, rmw_qos_profile_t) [with M = sensor_msgs::msg::LaserScan_<std::allocator<void> >; NodeType = rclcpp::Node; NodePtr = std::shared_ptr<rclcpp::Node>; std::string = std::__cxx11::basic_string<char>; rmw_qos_profile_t = rmw_qos_profile_s]’
[22.334s]   183 |   Subscriber(NodePtr node, const std::string& topic, const rmw_qos_profile_t qos = rmw_qos_profile_default)
[22.335s]       |   ^~~~~~~~~~
[22.335s] /opt/ros/jazzy/include/message_filters/message_filters/subscriber.h:183:22: note:   no known conversion for argument 1 from ‘rclcpp::Node’ to ‘message_filters::Subscriber<sensor_msgs::msg::LaserScan_<std::allocator<void> > >::NodePtr’ {aka ‘std::shared_ptr<rclcpp::Node>’}
[22.335s]   183 |   Subscriber(NodePtr node, const std::string& topic, const rmw_qos_profile_t qos = rmw_qos_profile_default)
[22.335s]       |              ~~~~~~~~^~~~
[22.338s] /home/neha/ros2_ws/src/semnav_migration/src/navigation_semantic.cpp:174:25: error: ‘pub_behaviorID_’ was not declared in this scope; did you mean ‘pub_behaviorID_topic_’?
[22.338s]   174 |                         pub_behaviorID_.publish(commandId);
[22.338s]       |                         ^~~~~~~~~~~~~~~
[22.338s]       |                         pub_behaviorID_topic_
[22.342s] /home/neha/ros2_ws/src/semnav_migration/src/navigation_semantic.cpp: In member function ‘void SemanticNavigationNode::publish_behavior_mode(uint16_t)’:
[22.342s] /home/neha/ros2_ws/src/semnav_migration/src/navigation_semantic.cpp:179:28: error: ‘UInt32’ is not a member of ‘std_msgs::msg’
[22.342s]   179 |             std_msgs::msg::UInt32 commandMode;
[22.342s]       |                            ^~~~~~
[22.397s] /home/neha/ros2_ws/src/semnav_migration/src/navigation.cpp:144:112: error: no matching function for call to ‘message_filters::Subscriber<nav_msgs::msg::Odometry_<std::allocator<void> > >::Subscriber(rclcpp::Node&, std::string&, int)’
[22.397s]   144 |                         message_filters::Subscriber<nav_msgs::msg::Odometry> sub_robot(nh_, sub_robot_topic_, 1);
[22.397s]       |                                                                                                                ^
[22.398s] /opt/ros/jazzy/include/message_filters/message_filters/subscriber.h:224:3: note: candidate: ‘message_filters::Subscriber<M, NodeType>::Subscriber() [with M = nav_msgs::msg::Odometry_<std::allocator<void> >; NodeType = rclcpp::Node]’
[22.398s]   224 |   Subscriber() = default;
[22.398s]       |   ^~~~~~~~~~
[22.400s] /opt/ros/jazzy/include/message_filters/message_filters/subscriber.h:224:3: note:   candidate expects 0 arguments, 3 provided
[22.401s] /opt/ros/jazzy/include/message_filters/message_filters/subscriber.h:212:3: note: candidate: ‘message_filters::Subscriber<M, NodeType>::Subscriber(NodeType*, const std::string&, rmw_qos_profile_t, rclcpp::SubscriptionOptions) [with M = nav_msgs::msg::Odometry_<std::allocator<void> >; NodeType = rclcpp::Node; std::string = std::__cxx11::basic_string<char>; rmw_qos_profile_t = rmw_qos_profile_s; rclcpp::SubscriptionOptions = rclcpp::SubscriptionOptionsWithAllocator<std::allocator<void> >]’
[22.401s]   212 |   Subscriber(
[22.401s]       |   ^~~~~~~~~~
[22.401s] /opt/ros/jazzy/include/message_filters/message_filters/subscriber.h:212:3: note:   candidate expects 4 arguments, 3 provided
[22.401s] /opt/ros/jazzy/include/message_filters/message_filters/subscriber.h:203:3: note: candidate: ‘message_filters::Subscriber<M, NodeType>::Subscriber(NodePtr, const std::string&, rmw_qos_profile_t, rclcpp::SubscriptionOptions) [with M = nav_msgs::msg::Odometry_<std::allocator<void> >; NodeType = rclcpp::Node; NodePtr = std::shared_ptr<rclcpp::Node>; std::string = std::__cxx11::basic_string<char>; rmw_qos_profile_t = rmw_qos_profile_s; rclcpp::SubscriptionOptions = rclcpp::SubscriptionOptionsWithAllocator<std::allocator<void> >]’
[22.402s]   203 |   Subscriber(
[22.402s]       |   ^~~~~~~~~~
[22.402s] /opt/ros/jazzy/include/message_filters/message_filters/subscriber.h:203:3: note:   candidate expects 4 arguments, 3 provided
[22.402s] /opt/ros/jazzy/include/message_filters/message_filters/subscriber.h:188:3: note: candidate: ‘message_filters::Subscriber<M, NodeType>::Subscriber(NodeType*, const std::string&, rmw_qos_profile_t) [with M = nav_msgs::msg::Odometry_<std::allocator<void> >; NodeType = rclcpp::Node; std::string = std::__cxx11::basic_string<char>; rmw_qos_profile_t = rmw_qos_profile_s]’
[22.402s]   188 |   Subscriber(NodeType * node, const std::string& topic, const rmw_qos_profile_t qos = rmw_qos_profile_default)
[22.402s]       |   ^~~~~~~~~~
[22.402s] /opt/ros/jazzy/include/message_filters/message_filters/subscriber.h:188:25: note:   no known conversion for argument 1 from ‘rclcpp::Node’ to ‘rclcpp::Node*’
[22.402s]   188 |   Subscriber(NodeType * node, const std::string& topic, const rmw_qos_profile_t qos = rmw_qos_profile_default)
[22.403s]       |              ~~~~~~~~~~~^~~~
[22.403s] /opt/ros/jazzy/include/message_filters/message_filters/subscriber.h:183:3: note: candidate: ‘message_filters::Subscriber<M, NodeType>::Subscriber(NodePtr, const std::string&, rmw_qos_profile_t) [with M = nav_msgs::msg::Odometry_<std::allocator<void> >; NodeType = rclcpp::Node; NodePtr = std::shared_ptr<rclcpp::Node>; std::string = std::__cxx11::basic_string<char>; rmw_qos_profile_t = rmw_qos_profile_s]’
[22.403s]   183 |   Subscriber(NodePtr node, const std::string& topic, const rmw_qos_profile_t qos = rmw_qos_profile_default)
[22.403s]       |   ^~~~~~~~~~
[22.405s] /opt/ros/jazzy/include/message_filters/message_filters/subscriber.h:183:22: note:   no known conversion for argument 1 from ‘rclcpp::Node’ to ‘message_filters::Subscriber<nav_msgs::msg::Odometry_<std::allocator<void> > >::NodePtr’ {aka ‘std::shared_ptr<rclcpp::Node>’}
[22.406s]   183 |   Subscriber(NodePtr node, const std::string& topic, const rmw_qos_profile_t qos = rmw_qos_profile_default)
[22.406s]       |              ~~~~~~~~^~~~
[22.406s] /home/neha/ros2_ws/src/semnav_migration/src/navigation_semantic.cpp:180:25: error: ‘commandMode’ was not declared in this scope
[22.407s]   180 |                         commandMode.data = BehaviorModeCmd;
[22.407s]       |                         ^~~~~~~~~~~
[22.507s] /home/neha/ros2_ws/src/semnav_migration/src/navigation_semantic.cpp:181:25: error: ‘pub_behaviorMode_’ was not declared in this scope; did you mean ‘pub_behaviorMode_topic_’?
[22.507s]   181 |                         pub_behaviorMode_.publish(commandMode);
[22.507s]       |                         ^~~~~~~~~~~~~~~~~
[22.507s]       |                         pub_behaviorMode_topic_
[22.539s] /home/neha/ros2_ws/src/semnav_migration/src/navigation.cpp:149:55: error: ‘bind’ is not a member of ‘boost’; did you mean ‘find’?
[22.540s]   149 |                         sync->registerCallback(boost::bind(&NavigationNode::control_callback, this, _1, _2));
[22.540s]       |                                                       ^~~~
[22.540s]       |                                                       find
[22.544s] /home/neha/ros2_ws/src/semnav_migration/src/navigation.cpp:149:101: error: ‘_1’ was not declared in this scope
[22.545s]   149 |                         sync->registerCallback(boost::bind(&NavigationNode::control_callback, this, _1, _2));
[22.546s]       |                                                                                                     ^~
[22.546s] /home/neha/ros2_ws/src/semnav_migration/src/navigation.cpp:149:101: note: suggested alternatives:
[22.546s] In file included from /usr/include/boost/mpl/aux_/include_preprocessed.hpp:37,
[22.546s]                  from /usr/include/boost/mpl/placeholders.hpp:43,
[22.546s]                  from /usr/include/boost/iterator/iterator_categories.hpp:16,
[22.546s]                  from /usr/include/boost/iterator/iterator_facade.hpp:13,
[22.546s]                  from /usr/include/boost/range/iterator_range_core.hpp:27,
[22.547s]                  from /usr/include/boost/lexical_cast.hpp:48,
[22.547s]                  from /usr/include/boost/multiprecision/detail/number_base.hpp:29,
[22.547s]                  from /usr/include/boost/multiprecision/traits/is_variable_precision.hpp:9,
[22.547s]                  from /usr/include/boost/multiprecision/detail/precision.hpp:9,
[22.547s]                  from /usr/include/boost/multiprecision/number.hpp:11,
[22.550s]                  from /usr/include/boost/multiprecision/cpp_int.hpp:19,
[22.550s]                  from /usr/include/boost/multiprecision/cpp_bin_float.hpp:15,
[22.550s]                  from /usr/include/boost/geometry/core/coordinate_promotion.hpp:16,
[22.550s]                  from /usr/include/boost/geometry/core/radian_access.hpp:30,
[22.550s]                  from /usr/include/boost/geometry/geometry.hpp:50,
[22.550s]                  from /usr/include/boost/geometry.hpp:17,
[22.550s]                  from /home/neha/ros2_ws/src/semnav_migration/include/reactive_planner_lib.h:26:
[22.551s] /usr/include/boost/mpl/aux_/preprocessed/gcc/placeholders.hpp:29:16: note:   ‘mpl_::_1’
[22.551s]    29 | typedef arg<1> _1;
[22.551s]       |                ^~
[22.551s] In file included from /usr/include/boost/numeric/conversion/converter_policies.hpp:13,
[22.554s]                  from /usr/include/boost/numeric/conversion/converter.hpp:14,
[22.555s]                  from /usr/include/boost/numeric/conversion/cast.hpp:33,
[22.555s]                  from /usr/include/boost/geometry/core/radian_access.hpp:26:
[22.556s] /usr/include/c++/13/functional:294:48: note:   ‘std::placeholders::_1’
[22.556s]   294 |     _GLIBCXX_PLACEHOLDER const _Placeholder<1> _1;
[22.556s]       |                                                ^~
[22.556s] /usr/include/boost/mpl/aux_/preprocessed/gcc/placeholders.hpp:29:16: note:   ‘mpl_::_1’
[22.556s]    29 | typedef arg<1> _1;
[22.556s]       |                ^~
[22.556s] In file included from /usr/include/boost/describe/members.hpp:20,
[22.557s]                  from /usr/include/boost/container_hash/is_described_class.hpp:11,
[22.557s]                  from /usr/include/boost/container_hash/hash.hpp:18,
[22.557s]                  from /usr/include/boost/functional/hash.hpp:6,
[22.557s]                  from /usr/include/CGAL/Kernel/hash_functions.h:16,
[22.557s]                  from /usr/include/CGAL/Kernel/global_functions.h:25,
[22.558s]                  from /usr/include/CGAL/Cartesian/Cartesian_base.h:22,
[22.558s]                  from /usr/include/CGAL/Simple_cartesian.h:20,
[22.559s]                  from /usr/include/CGAL/Exact_predicates_inexact_constructions_kernel.h:20,
[22.559s]                  from /home/neha/ros2_ws/src/semnav_migration/include/polygeom_lib.h:32,
[22.559s]                  from /home/neha/ros2_ws/src/semnav_migration/include/reactive_planner_lib.h:52:
[22.559s] /usr/include/boost/mp11/bind.hpp:45:7: note:   ‘boost::mp11::_1’
[22.559s]    45 | using _1 = mp_arg<0>;
[22.559s]       |       ^~
[22.559s] /usr/include/boost/mpl/aux_/preprocessed/gcc/placeholders.hpp:29:16: note:   ‘mpl_::_1’
[22.560s]    29 | typedef arg<1> _1;
[22.560s]       |                ^~
[22.560s] /home/neha/ros2_ws/src/semnav_migration/src/navigation.cpp:149:105: error: ‘_2’ was not declared in this scope
[22.560s]   149 |                         sync->registerCallback(boost::bind(&NavigationNode::control_callback, this, _1, _2));
[22.560s]       |                                                                                                         ^~
[22.562s] /home/neha/ros2_ws/src/semnav_migration/src/navigation.cpp:149:105: note: suggested alternatives:
[22.563s] /usr/include/boost/mpl/aux_/preprocessed/gcc/placeholders.hpp:42:16: note:   ‘mpl_::_2’
[22.563s]    42 | typedef arg<2> _2;
[22.563s]       |                ^~
[22.563s] /usr/include/c++/13/functional:295:48: note:   ‘std::placeholders::_2’
[22.563s]   295 |     _GLIBCXX_PLACEHOLDER const _Placeholder<2> _2;
[22.563s]       |                                                ^~
[22.563s] /usr/include/boost/mpl/aux_/preprocessed/gcc/placeholders.hpp:42:16: note:   ‘mpl_::_2’
[22.563s]    42 | typedef arg<2> _2;
[22.564s]       |                ^~
[22.564s] /usr/include/boost/mp11/bind.hpp:46:7: note:   ‘boost::mp11::_2’
[22.564s]    46 | using _2 = mp_arg<1>;
[22.564s]       |       ^~
[22.564s] /usr/include/boost/mpl/aux_/preprocessed/gcc/placeholders.hpp:42:16: note:   ‘mpl_::_2’
[22.566s]    42 | typedef arg<2> _2;
[22.567s]       |                ^~
[22.567s] /home/neha/ros2_ws/src/semnav_migration/src/navigation.cpp:151:65: error: ‘class rclcpp::Node’ has no member named ‘subscribe’
[22.567s]   151 |                         rclcpp::Subscription sub_semantic = nh_.subscribe(sub_semantic_topic_, 1, &NavigationNode::diffeo_tree_update, this);
[22.567s]       |                                                                 ^~~~~~~~~
[22.567s] /home/neha/ros2_ws/src/semnav_migration/src/navigation.cpp:155:45: error: no matching function for call to ‘rclcpp::Duration::Duration(double)’
[22.567s]   155 |                         rclcpp::Duration(5.0).sleep();
[22.567s]       |                                             ^
[22.567s] In file included from /opt/ros/jazzy/include/rclcpp/rclcpp/time.hpp:24,
[22.568s]                  from /opt/ros/jazzy/include/rclcpp/rclcpp/clock.hpp:24,
[22.568s]                  from /opt/ros/jazzy/include/rclcpp/rclcpp/client.hpp:38,
[22.568s]                  from /opt/ros/jazzy/include/rclcpp/rclcpp/callback_group.hpp:24,
[22.568s]                  from /opt/ros/jazzy/include/rclcpp/rclcpp/any_executable.hpp:20,
[22.568s]                  from /opt/ros/jazzy/include/rclcpp/rclcpp/memory_strategy.hpp:25,
[22.570s]                  from /opt/ros/jazzy/include/rclcpp/rclcpp/memory_strategies.hpp:18,
[22.571s]                  from /opt/ros/jazzy/include/rclcpp/rclcpp/executor_options.hpp:22,
[22.571s]                  from /opt/ros/jazzy/include/rclcpp/rclcpp/executor.hpp:38,
[22.571s]                  from /opt/ros/jazzy/include/rclcpp/rclcpp/executors/multi_threaded_executor.hpp:25,
[22.571s]                  from /opt/ros/jazzy/include/rclcpp/rclcpp/executors.hpp:21:
[22.571s] /opt/ros/jazzy/include/rclcpp/rclcpp/duration.hpp:49:3: note: candidate: ‘template<class Rep, class Period> rclcpp::Duration::Duration(const std::chrono::duration<_Rep1, _Period1>&)’
[22.571s]    49 |   Duration(const std::chrono::duration<Rep, Period> & duration)  // NOLINT(runtime/explicit)
[22.571s]       |   ^~~~~~~~
[22.572s] /opt/ros/jazzy/include/rclcpp/rclcpp/duration.hpp:49:3: note:   template argument deduction/substitution failed:
[22.572s] /home/neha/ros2_ws/src/semnav_migration/src/navigation.cpp:155:45: note:   mismatched types ‘const std::chrono::duration<_Rep1, _Period1>’ and ‘double’
[22.572s]   155 |                         rclcpp::Duration(5.0).sleep();
[22.572s]       |                                             ^
[22.572s] /opt/ros/jazzy/include/rclcpp/rclcpp/duration.hpp:159:3: note: candidate: ‘rclcpp::Duration::Duration()’
[22.576s]   159 |   Duration() = default;
[22.576s]       |   ^~~~~~~~
[22.577s] /opt/ros/jazzy/include/rclcpp/rclcpp/duration.hpp:159:3: note:   candidate expects 0 arguments, 1 provided
[22.577s] /opt/ros/jazzy/include/rclcpp/rclcpp/duration.hpp:62:3: note: candidate: ‘rclcpp::Duration::Duration(const rclcpp::Duration&)’
[22.577s]    62 |   Duration(const Duration & rhs);
[22.577s]       |   ^~~~~~~~
[22.577s] /opt/ros/jazzy/include/rclcpp/rclcpp/duration.hpp:62:29: note:   no known conversion for argument 1 from ‘double’ to ‘const rclcpp::Duration&’
[22.577s]    62 |   Duration(const Duration & rhs);
[22.577s]       |            ~~~~~~~~~~~~~~~~~^~~
[22.578s] /opt/ros/jazzy/include/rclcpp/rclcpp/duration.hpp:60:12: note: candidate: ‘rclcpp::Duration::Duration(const rcl_duration_t&)’
[22.578s]    60 |   explicit Duration(const rcl_duration_t & duration);
[22.578s]       |            ^~~~~~~~
[22.578s] /opt/ros/jazzy/include/rclcpp/rclcpp/duration.hpp:60:44: note:   no known conversion for argument 1 from ‘double’ to ‘const rcl_duration_t&’ {aka ‘const rcl_duration_s&’}
[22.578s]    60 |   explicit Duration(const rcl_duration_t & duration);
[22.580s]       |                     ~~~~~~~~~~~~~~~~~~~~~~~^~~~~~~~
[22.581s] /opt/ros/jazzy/include/rclcpp/rclcpp/duration.hpp:54:3: note: candidate: ‘rclcpp::Duration::Duration(const builtin_interfaces::msg::Duration&)’
[22.581s]    54 |   Duration(const builtin_interfaces::msg::Duration & duration_msg);  // NOLINT(runtime/explicit)
[22.581s]       |   ^~~~~~~~
[22.581s] /opt/ros/jazzy/include/rclcpp/rclcpp/duration.hpp:54:54: note:   no known conversion for argument 1 from ‘double’ to ‘const builtin_interfaces::msg::Duration&’ {aka ‘const builtin_interfaces::msg::Duration_<std::allocator<void> >&’}
[22.581s]    54 |   Duration(const builtin_interfaces::msg::Duration & duration_msg);  // NOLINT(runtime/explicit)
[22.581s]       |            ~~~~~~~~~~~~~~~~~~~~~~~~~~~~~~~~~~~~~~~~~~^~~~~~~~~~~~
[22.581s] /opt/ros/jazzy/include/rclcpp/rclcpp/duration.hpp:43:12: note: candidate: ‘rclcpp::Duration::Duration(std::chrono::nanoseconds)’
[22.582s]    43 |   explicit Duration(std::chrono::nanoseconds nanoseconds);
[22.582s]       |            ^~~~~~~~
[22.582s] /opt/ros/jazzy/include/rclcpp/rclcpp/duration.hpp:43:46: note:   no known conversion for argument 1 from ‘double’ to ‘std::chrono::nanoseconds’ {aka ‘std::chrono::duration<long int, std::ratio<1, 1000000000> >’}
[22.582s]    43 |   explicit Duration(std::chrono::nanoseconds nanoseconds);
[22.584s]       |                     ~~~~~~~~~~~~~~~~~~~~~~~~~^~~~~~~~~~~
[22.584s] /opt/ros/jazzy/include/rclcpp/rclcpp/duration.hpp:40:3: note: candidate: ‘rclcpp::Duration::Duration(int32_t, uint32_t)’
[22.584s]    40 |   Duration(int32_t seconds, uint32_t nanoseconds);
[22.585s]       |   ^~~~~~~~
[22.585s] /opt/ros/jazzy/include/rclcpp/rclcpp/duration.hpp:40:3: note:   candidate expects 2 arguments, 1 provided
[22.585s] /home/neha/ros2_ws/src/semnav_migration/src/navigation_semantic.cpp: In member function ‘void SemanticNavigationNode::control_callback(const sensor_msgs::msg::LaserScan_<std::allocator<void> >::ConstPtr&, const nav_msgs::msg::Odometry_<std::allocator<void> >::ConstPtr&)’:
[22.585s] /home/neha/ros2_ws/src/semnav_migration/src/navigation_semantic.cpp:395:46: error: ‘ros’ has not been declared
[22.585s]   395 |                         double before_time = ros::Time::now().toSec();
[22.585s]       |                                              ^~~
[22.585s] /home/neha/ros2_ws/src/semnav_migration/src/navigation_semantic.cpp:398:40: error: ‘PoseStamped’ is not a member of ‘geometry_msgs’
[22.585s]   398 |                         geometry_msgs::PoseStamped odomPose, mapPose;
[22.586s]       |                                        ^~~~~~~~~~~
[22.596s] /home/neha/ros2_ws/src/semnav_migration/src/navigation.cpp:162:38: error: ‘node_ptr’ was not declared in this scope; did you mean ‘mode_t’?
[22.596s]   162 |                         rclcpp::spin(node_ptr);
[22.596s]       |                                      ^~~~~~~~
[22.596s]       |                                      mode_t
[22.607s] /home/neha/ros2_ws/src/semnav_migration/src/navigation.cpp: In member function ‘void NavigationNode::publish_behavior_id(uint16_t)’:
[22.608s] /home/neha/ros2_ws/src/semnav_migration/src/navigation.cpp:174:28: error: ‘UInt32’ is not a member of ‘std_msgs::msg’
[22.608s]   174 |             std_msgs::msg::UInt32 commandId;
[22.608s]       |                            ^~~~~~
[22.629s] /home/neha/ros2_ws/src/semnav_migration/src/navigation_semantic.cpp:399:25: error: ‘odomPose’ was not declared in this scope
[22.629s]   399 |                         odomPose.header.stamp = ros::Time(0);
[22.629s]       |                         ^~~~~~~~
[22.629s] /home/neha/ros2_ws/src/semnav_migration/src/navigation_semantic.cpp:399:49: error: ‘ros’ has not been declared
[22.629s]   399 |                         odomPose.header.stamp = ros::Time(0);
[22.630s]       |                                                 ^~~
[22.653s] /home/neha/ros2_ws/src/semnav_migration/src/navigation.cpp:175:25: error: ‘commandId’ was not declared in this scope
[22.654s]   175 |                         commandId.data = BehaviorIdCmd;
[22.654s]       |                         ^~~~~~~~~
[22.658s] /home/neha/ros2_ws/src/semnav_migration/src/navigation.cpp: In member function ‘void NavigationNode::publish_behavior_mode(uint16_t)’:
[22.659s] /home/neha/ros2_ws/src/semnav_migration/src/navigation.cpp:181:28: error: ‘UInt32’ is not a member of ‘std_msgs::msg’
[22.659s]   181 |             std_msgs::msg::UInt32 commandMode;
[22.659s]       |                            ^~~~~~
[22.683s] /home/neha/ros2_ws/src/semnav_migration/src/navigation_semantic.cpp:403:33: error: ‘listener_’ was not declared in this scope
[22.683s]   403 |                                 listener_.waitForTransform(world_frame_id_, odom_frame_id_, ros::Time(0), ros::Duration(1.0));
[22.683s]       |                                 ^~~~~~~~~
[22.683s] /home/neha/ros2_ws/src/semnav_migration/src/navigation_semantic.cpp:403:93: error: ‘ros’ has not been declared
[22.683s]   403 |                                 listener_.waitForTransform(world_frame_id_, odom_frame_id_, ros::Time(0), ros::Duration(1.0));
[22.683s]       |                                                                                             ^~~
[22.683s] /home/neha/ros2_ws/src/semnav_migration/src/navigation_semantic.cpp:403:107: error: ‘ros’ has not been declared
[22.684s]   403 |                                 listener_.waitForTransform(world_frame_id_, odom_frame_id_, ros::Time(0), ros::Duration(1.0));
[22.684s]       |                                                                                                           ^~~
[22.717s] /home/neha/ros2_ws/src/semnav_migration/src/navigation_semantic.cpp:404:84: error: ‘mapPose’ was not declared in this scope
[22.717s]   404 |                                 listener_.transformPose(world_frame_id_, odomPose, mapPose);
[22.717s]       |                                                                                    ^~~~~~~
[22.720s] /home/neha/ros2_ws/src/semnav_migration/src/navigation.cpp:182:25: error: ‘commandMode’ was not declared in this scope
[22.720s]   182 |                         commandMode.data = BehaviorModeCmd;
[22.720s]       |                         ^~~~~~~~~~~
[22.726s] /home/neha/ros2_ws/src/semnav_migration/src/navigation_semantic.cpp:405:34: error: ‘tf’ does not name a type; did you mean ‘tm’?
[22.727s]   405 |                         } catch (tf::TransformException &ex) {
[22.727s]       |                                  ^~
[22.727s]       |                                  tm
[22.727s] /home/neha/ros2_ws/src/semnav_migration/src/navigation_semantic.cpp:405:57: error: expected unqualified-id before ‘&’ token
[22.727s]   405 |                         } catch (tf::TransformException &ex) {
[22.727s]       |                                                         ^
[22.727s] /home/neha/ros2_ws/src/semnav_migration/src/navigation_semantic.cpp:405:57: error: expected ‘)’ before ‘&’ token
[22.728s] /home/neha/ros2_ws/src/semnav_migration/src/navigation_semantic.cpp:405:33: note: to match this ‘(’
[22.728s]   405 |                         } catch (tf::TransformException &ex) {
[22.728s]       |                                 ^
[22.728s] /home/neha/ros2_ws/src/semnav_migration/src/navigation_semantic.cpp:405:57: error: expected ‘{’ before ‘&’ token
[22.728s]   405 |                         } catch (tf::TransformException &ex) {
[22.728s]       |                                                         ^
[22.761s] /home/neha/ros2_ws/src/semnav_migration/src/navigation_semantic.cpp:405:58: error: ‘ex’ was not declared in this scope; did you mean ‘exp’?
[22.761s]   405 |                         } catch (tf::TransformException &ex) {
[22.761s]       |                                                          ^~
[22.761s]       |                                                          exp
[22.762s] /home/neha/ros2_ws/src/semnav_migration/src/navigation_semantic.cpp:411:25: error: ‘tf’ has not been declared
[22.762s]   411 |                         tf::Quaternion rotation = tf::Quaternion(mapPose.pose.orientation.x,
[22.762s]       |                         ^~
[22.762s] /home/neha/ros2_ws/src/semnav_migration/src/navigation_semantic.cpp:415:25: error: ‘tf’ has not been declared
[22.762s]   415 |                         tf::Matrix3x3 m(rotation);
[22.762s]       |                         ^~
[22.778s] /home/neha/ros2_ws/src/semnav_migration/src/navigation.cpp: In member function ‘void NavigationNode::control_callback(const sensor_msgs::msg::LaserScan_<std::allocator<void> >::ConstPtr&, const nav_msgs::msg::Odometry_<std::allocator<void> >::ConstPtr&)’:
[22.779s] /home/neha/ros2_ws/src/semnav_migration/src/navigation.cpp:356:60: error: ‘now’ is not a member of ‘rclcpp::Time’
[22.779s]   356 |                         double before_time = rclcpp::Time::now().toSec();
[22.779s]       |                                                            ^~~
[22.780s] /home/neha/ros2_ws/src/semnav_migration/src/navigation.cpp:359:33: error: ‘PoseStamped’ is not a member of ‘geometry_msgs::msg’
[22.780s]   359 |             geometry_msgs::msg::PoseStamped odomPose, mapPose;
[22.780s]       |                                 ^~~~~~~~~~~
[22.798s] /home/neha/ros2_ws/src/semnav_migration/src/navigation_semantic.cpp:417:25: error: ‘m’ was not declared in this scope; did you mean ‘tm’?
[22.798s]   417 |                         m.getRPY(roll, pitch, yaw);
[22.798s]       |                         ^
[22.798s]       |                         tm
[22.826s] /home/neha/ros2_ws/src/semnav_migration/src/navigation.cpp:360:25: error: ‘odomPose’ was not declared in this scope
[22.826s]   360 |                         odomPose.header.stamp = rclcpp::Time(0);
[22.826s]       |                         ^~~~~~~~
[22.833s] /home/neha/ros2_ws/src/semnav_migration/src/navigation_semantic.cpp:418:51: error: ‘mapPose’ was not declared in this scope
[22.834s]   418 |                         double x_robot_position = mapPose.pose.position.x;
[22.834s]       |                                                   ^~~~~~~
[22.843s] /home/neha/ros2_ws/src/semnav_migration/src/navigation_semantic.cpp:431:42: error: could not convert ‘lidar_data’ from ‘shared_ptr<LaserScan_<[...]>>’ to ‘shared_ptr<LaserScan_<[...]>>’
[22.844s]   431 |                         constructLIDAR2D(lidar_data, CutoffRange_, AllowableRange_, RobotPitch_, &LIDAR);
[22.844s]       |                                          ^~~~~~~~~~
[22.844s]       |                                          |
[22.844s]       |                                          shared_ptr<LaserScan_<[...]>>
[22.862s] /home/neha/ros2_ws/src/semnav_migration/src/navigation_semantic.cpp:561:96: error: invalid operands of types ‘const char [53]’ and ‘double’ to binary ‘operator<<’
[22.863s]   561 |                         ROS_WARN_STREAM("[Navigation] Diffeomorphism jacobian determinant is " << MatrixDeterminant(RobotPositionTransformedD) << ", robot position is " << bg::dsv(RobotPosition_) << " and robot positon in model space is " << bg::dsv(RobotPositionTransformedPoint));
[22.863s]       |                                         ~~~~~~~~~~~~~~~~~~~~~~~~~~~~~~~~~~~~~~~~~~~~~~~~~~~~~~ ^~ ~~~~~~~~~~~~~~~~~~~~~~~~~~~~~~~~~~~~~~~~~~~~
[22.863s]       |                                         |                                                                          |
[22.863s]       |                                         const char [53]                                                            double
[22.877s] /home/neha/ros2_ws/src/semnav_migration/src/navigation.cpp:364:33: error: ‘listener_’ was not declared in this scope
[22.877s]   364 |                                 listener_.waitForTransform(world_frame_id_, odom_frame_id_, rclcpp::Time(0), rclcpp::Duration(1.0));
[22.877s]       |                                 ^~~~~~~~~
[22.878s] /home/neha/ros2_ws/src/semnav_migration/src/navigation.cpp:364:130: error: no matching function for call to ‘rclcpp::Duration::Duration(double)’
[22.878s]   364 |                                 listener_.waitForTransform(world_frame_id_, odom_frame_id_, rclcpp::Time(0), rclcpp::Duration(1.0));
[22.879s]       |                                                                                                                                  ^
[22.879s] /opt/ros/jazzy/include/rclcpp/rclcpp/duration.hpp:49:3: note: candidate: ‘template<class Rep, class Period> rclcpp::Duration::Duration(const std::chrono::duration<_Rep1, _Period1>&)’
[22.879s]    49 |   Duration(const std::chrono::duration<Rep, Period> & duration)  // NOLINT(runtime/explicit)
[22.879s]       |   ^~~~~~~~
[22.880s] /opt/ros/jazzy/include/rclcpp/rclcpp/duration.hpp:49:3: note:   template argument deduction/substitution failed:
[22.880s] /home/neha/ros2_ws/src/semnav_migration/src/navigation.cpp:364:130: note:   mismatched types ‘const std::chrono::duration<_Rep1, _Period1>’ and ‘double’
[22.880s]   364 |                                 listener_.waitForTransform(world_frame_id_, odom_frame_id_, rclcpp::Time(0), rclcpp::Duration(1.0));
[22.880s]       |                                                                                                                                  ^
[22.881s] /opt/ros/jazzy/include/rclcpp/rclcpp/duration.hpp:159:3: note: candidate: ‘rclcpp::Duration::Duration()’
[22.881s]   159 |   Duration() = default;
[22.881s]       |   ^~~~~~~~
[22.881s] /opt/ros/jazzy/include/rclcpp/rclcpp/duration.hpp:159:3: note:   candidate expects 0 arguments, 1 provided
[22.881s] /opt/ros/jazzy/include/rclcpp/rclcpp/duration.hpp:62:3: note: candidate: ‘rclcpp::Duration::Duration(const rclcpp::Duration&)’
[22.881s]    62 |   Duration(const Duration & rhs);
[22.882s]       |   ^~~~~~~~
[22.885s] /opt/ros/jazzy/include/rclcpp/rclcpp/duration.hpp:62:29: note:   no known conversion for argument 1 from ‘double’ to ‘const rclcpp::Duration&’
[22.885s]    62 |   Duration(const Duration & rhs);
[22.885s]       |            ~~~~~~~~~~~~~~~~~^~~
[22.885s] /opt/ros/jazzy/include/rclcpp/rclcpp/duration.hpp:60:12: note: candidate: ‘rclcpp::Duration::Duration(const rcl_duration_t&)’
[22.885s]    60 |   explicit Duration(const rcl_duration_t & duration);
[22.885s]       |            ^~~~~~~~
[22.885s] /opt/ros/jazzy/include/rclcpp/rclcpp/duration.hpp:60:44: note:   no known conversion for argument 1 from ‘double’ to ‘const rcl_duration_t&’ {aka ‘const rcl_duration_s&’}
[22.886s]    60 |   explicit Duration(const rcl_duration_t & duration);
[22.886s]       |                     ~~~~~~~~~~~~~~~~~~~~~~~^~~~~~~~
[22.886s] /opt/ros/jazzy/include/rclcpp/rclcpp/duration.hpp:54:3: note: candidate: ‘rclcpp::Duration::Duration(const builtin_interfaces::msg::Duration&)’
[22.886s]    54 |   Duration(const builtin_interfaces::msg::Duration & duration_msg);  // NOLINT(runtime/explicit)
[22.886s]       |   ^~~~~~~~
[22.888s] /opt/ros/jazzy/include/rclcpp/rclcpp/duration.hpp:54:54: note:   no known conversion for argument 1 from ‘double’ to ‘const builtin_interfaces::msg::Duration&’ {aka ‘const builtin_interfaces::msg::Duration_<std::allocator<void> >&’}
[22.888s]    54 |   Duration(const builtin_interfaces::msg::Duration & duration_msg);  // NOLINT(runtime/explicit)
[22.889s]       |            ~~~~~~~~~~~~~~~~~~~~~~~~~~~~~~~~~~~~~~~~~~^~~~~~~~~~~~
[22.889s] /opt/ros/jazzy/include/rclcpp/rclcpp/duration.hpp:43:12: note: candidate: ‘rclcpp::Duration::Duration(std::chrono::nanoseconds)’
[22.889s]    43 |   explicit Duration(std::chrono::nanoseconds nanoseconds);
[22.889s]       |            ^~~~~~~~
[22.889s] /opt/ros/jazzy/include/rclcpp/rclcpp/duration.hpp:43:46: note:   no known conversion for argument 1 from ‘double’ to ‘std::chrono::nanoseconds’ {aka ‘std::chrono::duration<long int, std::ratio<1, 1000000000> >’}
[22.889s]    43 |   explicit Duration(std::chrono::nanoseconds nanoseconds);
[22.889s]       |                     ~~~~~~~~~~~~~~~~~~~~~~~~~^~~~~~~~~~~
[22.889s] /opt/ros/jazzy/include/rclcpp/rclcpp/duration.hpp:40:3: note: candidate: ‘rclcpp::Duration::Duration(int32_t, uint32_t)’
[22.890s]    40 |   Duration(int32_t seconds, uint32_t nanoseconds);
[22.890s]       |   ^~~~~~~~
[22.890s] /opt/ros/jazzy/include/rclcpp/rclcpp/duration.hpp:40:3: note:   candidate expects 2 arguments, 1 provided
[22.921s] /home/neha/ros2_ws/src/semnav_migration/src/navigation.cpp:365:84: error: ‘mapPose’ was not declared in this scope
[22.921s]   365 |                                 listener_.transformPose(world_frame_id_, odomPose, mapPose);
[22.921s]       |                                                                                    ^~~~~~~
[22.954s] /home/neha/ros2_ws/src/semnav_migration/src/navigation_semantic.cpp:561:25: error: ‘ROS_WARN_STREAM’ was not declared in this scope; did you mean ‘RCLCPP_WARN_STREAM’?
[22.954s]   561 |                         ROS_WARN_STREAM("[Navigation] Diffeomorphism jacobian determinant is " << MatrixDeterminant(RobotPositionTransformedD) << ", robot position is " << bg::dsv(RobotPosition_) << " and robot positon in model space is " << bg::dsv(RobotPositionTransformedPoint));
[22.954s]       |                         ^~~~~~~~~~~~~~~
[22.954s]       |                         RCLCPP_WARN_STREAM
[22.956s] /home/neha/ros2_ws/src/semnav_migration/src/navigation_semantic.cpp:590:41: error: ‘ros’ has not been declared
[22.956s]   590 |                                         ros::Duration(5.0).sleep();
[22.957s]       |                                         ^~~
[22.965s] /home/neha/ros2_ws/src/semnav_migration/src/navigation_semantic.cpp:615:75: error: invalid operands of types ‘const char [32]’ and ‘double’ to binary ‘operator<<’
[22.965s]   615 |                         ROS_WARN_STREAM("[Navigation] Linear command is " << LinearCmd << " and angular command is " << AngularCmd);
[22.965s]       |                                         ~~~~~~~~~~~~~~~~~~~~~~~~~~~~~~~~~ ^~ ~~~~~~~~~
[22.965s]       |                                         |                                    |
[22.966s]       |                                         const char [32]                      double
[22.967s] /home/neha/ros2_ws/src/semnav_migration/src/navigation.cpp:367:33: error: ‘ROS_ERROR’ was not declared in this scope
[22.968s]   367 |                                 ROS_ERROR("%s",ex.what());
[22.968s]       |                                 ^~~~~~~~~
[22.968s] /home/neha/ros2_ws/src/semnav_migration/src/navigation_semantic.cpp:616:76: error: invalid operands of types ‘const char [33]’ and ‘int’ to binary ‘operator<<’
[22.968s]   616 |                         ROS_WARN_STREAM("[Navigation] Command update for " << int(localDiffeoTreeArray.size()) << " polygons in " << ros::Time::now().toSec()-before_time << " seconds.");
[22.968s]       |                                         ~~~~~~~~~~~~~~~~~~~~~~~~~~~~~~~~~~ ^~ ~~~~~~~~~~~~~~~~~~~~~~~~~~~~~~~~
[22.968s]       |                                         |                                     |
[22.968s]       |                                         const char [33]                       int
[22.969s] /home/neha/ros2_ws/src/semnav_migration/src/navigation_semantic.cpp:616:134: error: ‘ros’ has not been declared
[22.969s]   616 |                         ROS_WARN_STREAM("[Navigation] Command update for " << int(localDiffeoTreeArray.size()) << " polygons in " << ros::Time::now().toSec()-before_time << " seconds.");
[22.969s]       |                                                                                                                                      ^~~
[22.973s] /home/neha/ros2_ws/src/semnav_migration/src/navigation_semantic.cpp: In function ‘int main(int, char**)’:
[22.974s] /home/neha/ros2_ws/src/semnav_migration/src/navigation_semantic.cpp:697:9: error: ‘ros’ has not been declared
[22.974s]   697 |         ros::init(argc, argv, "navigation_semantic");
[22.974s]       |         ^~~
[22.974s] /home/neha/ros2_ws/src/semnav_migration/src/navigation_semantic.cpp:700:9: error: ‘ros’ has not been declared
[22.974s]   700 |         ros::NodeHandle nh("~");
[22.974s]       |         ^~~
[22.994s] /home/neha/ros2_ws/src/semnav_migration/src/navigation_semantic.cpp:703:56: error: ‘nh’ was not declared in this scope
[22.994s]   703 |         SemanticNavigationNode semanticNavigationNode(&nh);
[22.994s]       |                                                        ^~
[23.005s] /home/neha/ros2_ws/src/semnav_migration/src/navigation.cpp:372:68: error: ‘mapPose’ was not declared in this scope
[23.005s]   372 |                         tf2::Quaternion rotation = tf2::Quaternion(mapPose.pose.orientation.x,
[23.006s]       |                                                                    ^~~~~~~
[23.008s] /home/neha/ros2_ws/src/semnav_migration/src/navigation.cpp:394:42: error: could not convert ‘lidar_data’ from ‘shared_ptr<LaserScan_<[...]>>’ to ‘shared_ptr<LaserScan_<[...]>>’
[23.008s]   394 |                         constructLIDAR2D(lidar_data, CutoffRange_, AllowableRange_, RobotPitch_, &LIDAR);
[23.008s]       |                                          ^~~~~~~~~~
[23.008s]       |                                          |
[23.008s]       |                                          shared_ptr<LaserScan_<[...]>>
[23.031s] /home/neha/ros2_ws/src/semnav_migration/src/navigation.cpp:568:53: error: no matching function for call to ‘rclcpp::Duration::Duration(double)’
[23.033s]   568 |                                 rclcpp::Duration(5.0).sleep();
[23.034s]       |                                                     ^
[23.034s] /opt/ros/jazzy/include/rclcpp/rclcpp/duration.hpp:49:3: note: candidate: ‘template<class Rep, class Period> rclcpp::Duration::Duration(const std::chrono::duration<_Rep1, _Period1>&)’
[23.034s]    49 |   Duration(const std::chrono::duration<Rep, Period> & duration)  // NOLINT(runtime/explicit)
[23.034s]       |   ^~~~~~~~
[23.034s] /opt/ros/jazzy/include/rclcpp/rclcpp/duration.hpp:49:3: note:   template argument deduction/substitution failed:
[23.034s] /home/neha/ros2_ws/src/semnav_migration/src/navigation.cpp:568:53: note:   mismatched types ‘const std::chrono::duration<_Rep1, _Period1>’ and ‘double’
[23.034s]   568 |                                 rclcpp::Duration(5.0).sleep();
[23.034s]       |                                                     ^
[23.035s] /opt/ros/jazzy/include/rclcpp/rclcpp/duration.hpp:159:3: note: candidate: ‘rclcpp::Duration::Duration()’
[23.035s]   159 |   Duration() = default;
[23.035s]       |   ^~~~~~~~
[23.035s] /opt/ros/jazzy/include/rclcpp/rclcpp/duration.hpp:159:3: note:   candidate expects 0 arguments, 1 provided
[23.035s] /opt/ros/jazzy/include/rclcpp/rclcpp/duration.hpp:62:3: note: candidate: ‘rclcpp::Duration::Duration(const rclcpp::Duration&)’
[23.035s]    62 |   Duration(const Duration & rhs);
[23.035s]       |   ^~~~~~~~
[23.036s] /opt/ros/jazzy/include/rclcpp/rclcpp/duration.hpp:62:29: note:   no known conversion for argument 1 from ‘double’ to ‘const rclcpp::Duration&’
[23.036s]    62 |   Duration(const Duration & rhs);
[23.036s]       |            ~~~~~~~~~~~~~~~~~^~~
[23.036s] /opt/ros/jazzy/include/rclcpp/rclcpp/duration.hpp:60:12: note: candidate: ‘rclcpp::Duration::Duration(const rcl_duration_t&)’
[23.036s]    60 |   explicit Duration(const rcl_duration_t & duration);
[23.038s]       |            ^~~~~~~~
[23.039s] /opt/ros/jazzy/include/rclcpp/rclcpp/duration.hpp:60:44: note:   no known conversion for argument 1 from ‘double’ to ‘const rcl_duration_t&’ {aka ‘const rcl_duration_s&’}
[23.039s]    60 |   explicit Duration(const rcl_duration_t & duration);
[23.039s]       |                     ~~~~~~~~~~~~~~~~~~~~~~~^~~~~~~~
[23.039s] /opt/ros/jazzy/include/rclcpp/rclcpp/duration.hpp:54:3: note: candidate: ‘rclcpp::Duration::Duration(const builtin_interfaces::msg::Duration&)’
[23.039s]    54 |   Duration(const builtin_interfaces::msg::Duration & duration_msg);  // NOLINT(runtime/explicit)
[23.041s]       |   ^~~~~~~~
[23.042s] /opt/ros/jazzy/include/rclcpp/rclcpp/duration.hpp:54:54: note:   no known conversion for argument 1 from ‘double’ to ‘const builtin_interfaces::msg::Duration&’ {aka ‘const builtin_interfaces::msg::Duration_<std::allocator<void> >&’}
[23.042s]    54 |   Duration(const builtin_interfaces::msg::Duration & duration_msg);  // NOLINT(runtime/explicit)
[23.042s]       |            ~~~~~~~~~~~~~~~~~~~~~~~~~~~~~~~~~~~~~~~~~~^~~~~~~~~~~~
[23.042s] /opt/ros/jazzy/include/rclcpp/rclcpp/duration.hpp:43:12: note: candidate: ‘rclcpp::Duration::Duration(std::chrono::nanoseconds)’
[23.042s]    43 |   explicit Duration(std::chrono::nanoseconds nanoseconds);
[23.042s]       |            ^~~~~~~~
[23.042s] /opt/ros/jazzy/include/rclcpp/rclcpp/duration.hpp:43:46: note:   no known conversion for argument 1 from ‘double’ to ‘std::chrono::nanoseconds’ {aka ‘std::chrono::duration<long int, std::ratio<1, 1000000000> >’}
[23.042s]    43 |   explicit Duration(std::chrono::nanoseconds nanoseconds);
[23.043s]       |                     ~~~~~~~~~~~~~~~~~~~~~~~~~^~~~~~~~~~~
[23.043s] /opt/ros/jazzy/include/rclcpp/rclcpp/duration.hpp:40:3: note: candidate: ‘rclcpp::Duration::Duration(int32_t, uint32_t)’
[23.043s]    40 |   Duration(int32_t seconds, uint32_t nanoseconds);
[23.043s]       |   ^~~~~~~~
[23.045s] /opt/ros/jazzy/include/rclcpp/rclcpp/duration.hpp:40:3: note:   candidate expects 2 arguments, 1 provided
[23.128s] /home/neha/ros2_ws/src/semnav_migration/src/navigation.cpp:571:33: error: ‘ROS_WARN_STREAM’ was not declared in this scope; did you mean ‘RCLCPP_WARN_STREAM’?
[23.128s]   571 |                                 ROS_WARN_STREAM("[Navigation] Successfully navigated to goal and stopped...");
[23.128s]       |                                 ^~~~~~~~~~~~~~~
[23.129s]       |                                 RCLCPP_WARN_STREAM
[23.136s] /home/neha/ros2_ws/src/semnav_migration/src/navigation.cpp:594:75: error: invalid operands of types ‘const char [32]’ and ‘double’ to binary ‘operator<<’
[23.136s]   594 |                         ROS_WARN_STREAM("[Navigation] Linear command is " << LinearCmd << " and angular command is " << AngularCmd);
[23.137s]       |                                         ~~~~~~~~~~~~~~~~~~~~~~~~~~~~~~~~~ ^~ ~~~~~~~~~
[23.137s]       |                                         |                                    |
[23.137s]       |                                         const char [32]                      double
[23.234s] /home/neha/ros2_ws/src/semnav_migration/src/navigation.cpp:594:25: error: ‘ROS_WARN_STREAM’ was not declared in this scope; did you mean ‘RCLCPP_WARN_STREAM’?
[23.234s]   594 |                         ROS_WARN_STREAM("[Navigation] Linear command is " << LinearCmd << " and angular command is " << AngularCmd);
[23.234s]       |                         ^~~~~~~~~~~~~~~
[23.234s]       |                         RCLCPP_WARN_STREAM
[23.237s] /home/neha/ros2_ws/src/semnav_migration/src/navigation.cpp:595:76: error: invalid operands of types ‘const char [33]’ and ‘int’ to binary ‘operator<<’
[23.238s]   595 |                         ROS_WARN_STREAM("[Navigation] Command update for " << int(localDiffeoTreeArray.size()) << " polygons in " << rclcpp::Time::now().toSec()-before_time << " seconds.");
[23.238s]       |                                         ~~~~~~~~~~~~~~~~~~~~~~~~~~~~~~~~~~ ^~ ~~~~~~~~~~~~~~~~~~~~~~~~~~~~~~~~
[23.238s]       |                                         |                                     |
[23.238s]       |                                         const char [33]                       int
[23.238s] /home/neha/ros2_ws/src/semnav_migration/src/navigation.cpp:595:148: error: ‘now’ is not a member of ‘rclcpp::Time’
[23.238s]   595 |                         ROS_WARN_STREAM("[Navigation] Command update for " << int(localDiffeoTreeArray.size()) << " polygons in " << rclcpp::Time::now().toSec()-before_time << " seconds.");
[23.238s]       |                                                                                                                                                    ^~~
[29.959s] gmake[2]: *** [CMakeFiles/navigation_semantic.dir/build.make:76: CMakeFiles/navigation_semantic.dir/src/navigation_semantic.cpp.o] Error 1
[29.960s] gmake[1]: *** [CMakeFiles/Makefile2:207: CMakeFiles/navigation_semantic.dir/all] Error 2
[29.961s] gmake[1]: *** Waiting for unfinished jobs....
[34.881s] gmake[2]: *** [CMakeFiles/navigation.dir/build.make:76: CMakeFiles/navigation.dir/src/navigation.cpp.o] Error 1
[34.881s] gmake[1]: *** [CMakeFiles/Makefile2:181: CMakeFiles/navigation.dir/all] Error 2
[34.882s] gmake: *** [Makefile:146: all] Error 2
[34.885s] Invoked command in '/home/neha/ros2_ws/src/semnav_migration/build/semnav' returned '2': CMAKE_PREFIX_PATH=${CMAKE_PREFIX_PATH}:/opt/ros/jazzy DEBUGINFOD_URLS=https://debuginfod.ubuntu.com /usr/bin/cmake --build /home/neha/ros2_ws/src/semnav_migration/build/semnav -- -j2 -l2
