[0.032s] Invoking command in '/home/neha/ros2_ws/src/semnav_migration/build/semnav': CMAKE_PREFIX_PATH=${CMAKE_PREFIX_PATH}:/opt/ros/jazzy DEBUGINFOD_URLS=https://debuginfod.ubuntu.com /usr/bin/cmake --build /home/neha/ros2_ws/src/semnav_migration/build/semnav -- -j2 -l2
[0.243s] [ 14%] Built target reactive_planner
[0.350s] [ 23%] Built target navigation
[0.396s] [ 33%] Built target navigation_semantic
[0.516s] [ 38%] [32mBuilding CXX object CMakeFiles/navigation_humans.dir/src/navigation_humans.cpp.o[0m
[0.550s] [ 42%] [32mBuilding CXX object CMakeFiles/human_following.dir/src/human_following.cpp.o[0m
[54.583s] [01m[K/home/neha/ros2_ws/src/semnav_migration/src/navigation_humans.cpp:[m[K In member function â€˜[01m[Kvoid NavigationHumansNode::[01;32m[Khuman_update[m[K(const object_pose_interface_msgs::msg::KeypointDetections3D_<std::allocator<void> >::ConstPtr&)[m[Kâ€™:
[54.584s] [01m[K/home/neha/ros2_ws/src/semnav_migration/src/navigation_humans.cpp:301:83:[m[K [01;31m[Kerror: [m[Kno matching function for call to â€˜[01m[KfromMsg(const std_msgs::msg::Header_<std::allocator<void> >::_stamp_type&)[m[Kâ€™
[54.584s]   301 |                                             camera_optical_frame_id_, [01;31m[Ktf2::fromMsg(human_data->header.stamp)[m[K,
[54.587s]       |                                                                       [01;31m[K~~~~~~~~~~~~^~~~~~~~~~~~~~~~~~~~~~~~~~[m[K
[54.587s] In file included from [01m[K/home/neha/ros2_ws/src/semnav_migration/include/reactive_planner_lib.h:39[m[K,
[54.587s]                  from [01m[K/home/neha/ros2_ws/src/semnav_migration/src/navigation_humans.cpp:25[m[K:
[54.587s] [01m[K/opt/ros/jazzy/include/tf2/tf2/convert.h:138:6:[m[K [01;36m[Knote: [m[Kcandidate: â€˜[01m[Ktemplate<class A, class B> void tf2::[01;32m[KfromMsg[m[K(const A&, B&)[m[Kâ€™
[54.592s]   138 | void [01;36m[KfromMsg[m[K(const A & a, B & b);
[54.592s]       |      [01;36m[K^~~~~~~[m[K
[54.592s] [01m[K/opt/ros/jazzy/include/tf2/tf2/convert.h:138:6:[m[K [01;36m[Knote: [m[K  template argument deduction/substitution failed:
[54.592s] [01m[K/home/neha/ros2_ws/src/semnav_migration/src/navigation_humans.cpp:301:83:[m[K [01;36m[Knote: [m[K  candidate expects 2 arguments, 1 provided
[54.592s]   301 |                                             camera_optical_frame_id_, [01;36m[Ktf2::fromMsg(human_data->header.stamp)[m[K,
[54.593s]       |                                                                       [01;36m[K~~~~~~~~~~~~^~~~~~~~~~~~~~~~~~~~~~~~~~[m[K
[56.366s] [01m[K/home/neha/ros2_ws/src/semnav_migration/src/human_following.cpp:416:58:[m[K [01;31m[Kerror: [m[Kâ€˜[01m[KLaserScan[m[Kâ€™ in namespace â€˜[01m[Ksensor_msgs[m[Kâ€™ does not name a type
[56.369s]   416 |                 void control_callback(const sensor_msgs::[01;31m[KLaserScan[m[K::ConstPtr& lidar_data, const nav_msgs::Odometry::ConstPtr& robot_data) {
[56.369s]       |                                                          [01;31m[K^~~~~~~~~[m[K
[56.369s] [01m[K/home/neha/ros2_ws/src/semnav_migration/src/human_following.cpp:416:77:[m[K [01;31m[Kerror: [m[Kexpected unqualified-id before â€˜[01m[K&[m[Kâ€™ token
[56.369s]   416 |                 void control_callback(const sensor_msgs::LaserScan::ConstPtr[01;31m[K&[m[K lidar_data, const nav_msgs::Odometry::ConstPtr& robot_data) {
[56.369s]       |                                                                             [01;31m[K^[m[K
[56.372s] [01m[K/home/neha/ros2_ws/src/semnav_migration/src/human_following.cpp:416:77:[m[K [01;31m[Kerror: [m[Kexpected â€˜[01m[K)[m[Kâ€™ before â€˜[01m[K&[m[Kâ€™ token
[56.372s]   416 |                 void control_callback[34m[K([m[Kconst sensor_msgs::LaserScan::ConstPtr[01;31m[K&[m[K lidar_data, const nav_msgs::Odometry::ConstPtr& robot_data) {
[56.375s]       |                                      [34m[K~[m[K                                      [01;31m[K^[m[K
[56.376s]       |                                                                             [32m[K)[m[K
[56.376s] [01m[K/home/neha/ros2_ws/src/semnav_migration/src/human_following.cpp:416:77:[m[K [01;31m[Kerror: [m[Kexpected â€˜[01m[K;[m[Kâ€™ at end of member declaration
[56.376s]   416 |                 void control_callback(const sensor_msgs::LaserScan::ConstPtr[01;31m[K&[m[K lidar_data, const nav_msgs::Odometry::ConstPtr& robot_data) {
[56.376s]       |                                                                             [01;31m[K^[m[K
[56.383s]       |                                                                              [32m[K;[m[K
[56.407s] [01m[K/home/neha/ros2_ws/src/semnav_migration/src/human_following.cpp:416:79:[m[K [01;31m[Kerror: [m[Kâ€˜[01m[Klidar_data[m[Kâ€™ does not name a type
[56.407s]   416 |                 void control_callback(const sensor_msgs::LaserScan::ConstPtr& [01;31m[Klidar_data[m[K, const nav_msgs::Odometry::ConstPtr& robot_data) {
[56.407s]       |                                                                               [01;31m[K^~~~~~~~~~[m[K
[56.587s] [01m[K/home/neha/ros2_ws/src/semnav_migration/src/human_following.cpp:700:35:[m[K [01;31m[Kerror: [m[Kâ€˜[01m[Kexample_msgs[m[Kâ€™ was not declared in this scope
[56.587s]   700 |                 rclcpp::Publisher<[01;31m[Kexample_msgs[m[K::msg::UInt32>::SharedPtr pub_behaviorID_;
[56.587s]       |                                   [01;31m[K^~~~~~~~~~~~[m[K
[56.587s] [01m[K/home/neha/ros2_ws/src/semnav_migration/src/human_following.cpp:700:60:[m[K [01;31m[Kerror: [m[Ktemplate argument 1 is invalid
[56.587s]   700 |                 rclcpp::Publisher<example_msgs::msg::UInt32[01;31m[K>[m[K::SharedPtr pub_behaviorID_;
[56.588s]       |                                                            [01;31m[K^[m[K
[56.588s] [01m[K/home/neha/ros2_ws/src/semnav_migration/src/human_following.cpp:700:63:[m[K [01;31m[Kerror: [m[Kexpected â€˜[01m[K;[m[Kâ€™ at end of member declaration
[56.588s]   700 |                 rclcpp::Publisher<example_msgs::msg::UInt32>::[01;31m[KSharedPtr[m[K pub_behaviorID_;
[56.588s]       |                                                               [01;31m[K^~~~~~~~~[m[K
[56.588s]       |                                                                        [32m[K;[m[K
[56.696s] [01m[K/home/neha/ros2_ws/src/semnav_migration/src/human_following.cpp:700:73:[m[K [01;31m[Kerror: [m[Kâ€˜[01m[Kpub_behaviorID_[m[Kâ€™ does not name a type
[56.696s]   700 |                 rclcpp::Publisher<example_msgs::msg::UInt32>::SharedPtr [01;31m[Kpub_behaviorID_[m[K;
[56.696s]       |                                                                         [01;31m[K^~~~~~~~~~~~~~~[m[K
[56.898s] [01m[K/home/neha/ros2_ws/src/semnav_migration/src/human_following.cpp:701:35:[m[K [01;31m[Kerror: [m[Kâ€˜[01m[Kexample_msgs[m[Kâ€™ was not declared in this scope
[56.898s]   701 |                 rclcpp::Publisher<[01;31m[Kexample_msgs[m[K::msg::UInt32>::SharedPtr pub_behaviorMode_;
[56.901s]       |                                   [01;31m[K^~~~~~~~~~~~[m[K
[56.903s] [01m[K/home/neha/ros2_ws/src/semnav_migration/src/human_following.cpp:701:60:[m[K [01;31m[Kerror: [m[Ktemplate argument 1 is invalid
[56.903s]   701 |                 rclcpp::Publisher<example_msgs::msg::UInt32[01;31m[K>[m[K::SharedPtr pub_behaviorMode_;
[56.903s]       |                                                            [01;31m[K^[m[K
[56.903s] [01m[K/home/neha/ros2_ws/src/semnav_migration/src/human_following.cpp:701:63:[m[K [01;31m[Kerror: [m[Kexpected â€˜[01m[K;[m[Kâ€™ at end of member declaration
[56.903s]   701 |                 rclcpp::Publisher<example_msgs::msg::UInt32>::[01;31m[KSharedPtr[m[K pub_behaviorMode_;
[56.904s]       |                                                               [01;31m[K^~~~~~~~~[m[K
[56.904s]       |                                                                        [32m[K;[m[K
[56.909s] [01m[K/home/neha/ros2_ws/src/semnav_migration/src/human_following.cpp:701:63:[m[K [01;31m[Kerror: [m[Kredeclaration of â€˜[01m[Kint HumanFollowingNode::SharedPtr[m[Kâ€™
[56.910s] [01m[K/home/neha/ros2_ws/src/semnav_migration/src/human_following.cpp:700:63:[m[K [01;36m[Knote: [m[Kprevious declaration â€˜[01m[Kint HumanFollowingNode::SharedPtr[m[Kâ€™
[56.910s]   700 |                 rclcpp::Publisher<example_msgs::msg::UInt32>::[01;36m[KSharedPtr[m[K pub_behaviorID_;
[56.910s]       |                                                               [01;36m[K^~~~~~~~~[m[K
[57.039s] [01m[K/home/neha/ros2_ws/src/semnav_migration/src/human_following.cpp:701:73:[m[K [01;31m[Kerror: [m[Kâ€˜[01m[Kpub_behaviorMode_[m[Kâ€™ does not name a type
[57.039s]   701 |                 rclcpp::Publisher<example_msgs::msg::UInt32>::SharedPtr [01;31m[Kpub_behaviorMode_[m[K;
[57.040s]       |                                                                         [01;31m[K^~~~~~~~~~~~~~~~~[m[K
[57.203s] [01m[K/home/neha/ros2_ws/src/semnav_migration/src/human_following.cpp:703:35:[m[K [01;31m[Kerror: [m[Kâ€˜[01m[Kexample_msgs[m[Kâ€™ was not declared in this scope
[57.203s]   703 |                 rclcpp::Publisher<[01;31m[Kexample_msgs[m[K::msg::UInt32>::SharedPtr pub_semantic_map_;
[57.203s]       |                                   [01;31m[K^~~~~~~~~~~~[m[K
[57.207s] [01m[K/home/neha/ros2_ws/src/semnav_migration/src/human_following.cpp:703:60:[m[K [01;31m[Kerror: [m[Ktemplate argument 1 is invalid
[57.207s]   703 |                 rclcpp::Publisher<example_msgs::msg::UInt32[01;31m[K>[m[K::SharedPtr pub_semantic_map_;
[57.207s]       |                                                            [01;31m[K^[m[K
[57.207s] [01m[K/home/neha/ros2_ws/src/semnav_migration/src/human_following.cpp:703:63:[m[K [01;31m[Kerror: [m[Kexpected â€˜[01m[K;[m[Kâ€™ at end of member declaration
[57.213s]   703 |                 rclcpp::Publisher<example_msgs::msg::UInt32>::[01;31m[KSharedPtr[m[K pub_semantic_map_;
[57.214s]       |                                                               [01;31m[K^~~~~~~~~[m[K
[57.214s]       |                                                                        [32m[K;[m[K
[57.214s] [01m[K/home/neha/ros2_ws/src/semnav_migration/src/human_following.cpp:703:63:[m[K [01;31m[Kerror: [m[Kredeclaration of â€˜[01m[Kint HumanFollowingNode::SharedPtr[m[Kâ€™
[57.214s] [01m[K/home/neha/ros2_ws/src/semnav_migration/src/human_following.cpp:700:63:[m[K [01;36m[Knote: [m[Kprevious declaration â€˜[01m[Kint HumanFollowingNode::SharedPtr[m[Kâ€™
[57.214s]   700 |                 rclcpp::Publisher<example_msgs::msg::UInt32>::[01;36m[KSharedPtr[m[K pub_behaviorID_;
[57.215s]       |                                                               [01;36m[K^~~~~~~~~[m[K
[57.336s] [01m[K/home/neha/ros2_ws/src/semnav_migration/src/human_following.cpp:703:73:[m[K [01;31m[Kerror: [m[Kâ€˜[01m[Kpub_semantic_map_[m[Kâ€™ does not name a type
[57.343s]   703 |                 rclcpp::Publisher<example_msgs::msg::UInt32>::SharedPtr [01;31m[Kpub_semantic_map_[m[K;
[57.343s]       |                                                                         [01;31m[K^~~~~~~~~~~~~~~~~[m[K
[57.350s] [01m[K/home/neha/ros2_ws/src/semnav_migration/src/human_following.cpp:732:17:[m[K [01;31m[Kerror: [m[Kâ€˜[01m[Kros[m[Kâ€™ does not name a type
[57.350s]   732 |                 [01;31m[Kros[m[K::Time Goal_camera_stamp_;
[57.350s]       |                 [01;31m[K^~~[m[K
[57.383s] [01m[K/home/neha/ros2_ws/src/semnav_migration/src/human_following.cpp:752:17:[m[K [01;31m[Kerror: [m[Kâ€˜[01m[Ktf[m[Kâ€™ does not name a type; did you mean â€˜[01m[Ktm[m[Kâ€™?
[57.386s]   752 |                 [01;31m[Ktf[m[K::TransformListener listener_;
[57.386s]       |                 [01;31m[K^~[m[K
[57.387s]       |                 [32m[Ktm[m[K
[57.387s] [01m[K/home/neha/ros2_ws/src/semnav_migration/src/human_following.cpp:[m[K In constructor â€˜[01m[KHumanFollowingNode::[01;32m[KHumanFollowingNode[m[K()[m[Kâ€™:
[57.387s] [01m[K/home/neha/ros2_ws/src/semnav_migration/src/human_following.cpp:45:32:[m[K [01;31m[Kerror: [m[Kclass â€˜[01m[KHumanFollowingNode[m[Kâ€™ does not have any field named â€˜[01m[KNode[m[Kâ€™
[57.387s]    45 |         HumanFollowingNode() : [01;31m[KNode[m[K("human_following_node") {
[57.391s]       |                                [01;31m[K^~~~[m[K
[57.392s] [01m[K/home/neha/ros2_ws/src/semnav_migration/src/human_following.cpp:47:31:[m[K [01;31m[Kerror: [m[Kâ€˜[01m[Kclass HumanFollowingNode[m[Kâ€™ has no member named â€˜[01m[Kdeclare_parameter[m[Kâ€™
[57.392s]    47 |                         this->[01;31m[Kdeclare_parameter[m[K("pub_twist_topic", "/cmd_vel");
[57.393s]       |                               [01;31m[K^~~~~~~~~~~~~~~~~[m[K
[57.393s] [01m[K/home/neha/ros2_ws/src/semnav_migration/src/human_following.cpp:48:31:[m[K [01;31m[Kerror: [m[Kâ€˜[01m[Kclass HumanFollowingNode[m[Kâ€™ has no member named â€˜[01m[Kdeclare_parameter[m[Kâ€™
[57.393s]    48 |                         this->[01;31m[Kdeclare_parameter[m[K("pub_behaviorID_topic", "/behavior_id");
[57.393s]       |                               [01;31m[K^~~~~~~~~~~~~~~~~[m[K
[57.399s] [01m[K/home/neha/ros2_ws/src/semnav_migration/src/human_following.cpp:49:31:[m[K [01;31m[Kerror: [m[Kâ€˜[01m[Kclass HumanFollowingNode[m[Kâ€™ has no member named â€˜[01m[Kdeclare_parameter[m[Kâ€™
[57.399s]    49 |                         this->[01;31m[Kdeclare_parameter[m[K("pub_behaviorMode_topic", "/behavior_mode");
[57.399s]       |                               [01;31m[K^~~~~~~~~~~~~~~~~[m[K
[57.399s] [01m[K/home/neha/ros2_ws/src/semnav_migration/src/human_following.cpp:50:31:[m[K [01;31m[Kerror: [m[Kâ€˜[01m[Kclass HumanFollowingNode[m[Kâ€™ has no member named â€˜[01m[Kdeclare_parameter[m[Kâ€™
[57.399s]    50 |                         this->[01;31m[Kdeclare_parameter[m[K("sub_laser_topic", "/laser_scan");
[57.399s]       |                               [01;31m[K^~~~~~~~~~~~~~~~~[m[K
[57.400s] [01m[K/home/neha/ros2_ws/src/semnav_migration/src/human_following.cpp:51:31:[m[K [01;31m[Kerror: [m[Kâ€˜[01m[Kclass HumanFollowingNode[m[Kâ€™ has no member named â€˜[01m[Kdeclare_parameter[m[Kâ€™
[57.400s]    51 |                         this->[01;31m[Kdeclare_parameter[m[K("sub_robot_topic", "/robot_pose");
[57.400s]       |                               [01;31m[K^~~~~~~~~~~~~~~~~[m[K
[57.400s] [01m[K/home/neha/ros2_ws/src/semnav_migration/src/human_following.cpp:52:31:[m[K [01;31m[Kerror: [m[Kâ€˜[01m[Kclass HumanFollowingNode[m[Kâ€™ has no member named â€˜[01m[Kdeclare_parameter[m[Kâ€™
[57.400s]    52 |                         this->[01;31m[Kdeclare_parameter[m[K("sub_semantic_topic", "/semantic_map");
[57.400s]       |                               [01;31m[K^~~~~~~~~~~~~~~~~[m[K
[57.406s] [01m[K/home/neha/ros2_ws/src/semnav_migration/src/human_following.cpp:53:31:[m[K [01;31m[Kerror: [m[Kâ€˜[01m[Kclass HumanFollowingNode[m[Kâ€™ has no member named â€˜[01m[Kdeclare_parameter[m[Kâ€™
[57.406s]    53 |                         this->[01;31m[Kdeclare_parameter[m[K("sub_human_topic", "/human_detection");
[57.406s]       |                               [01;31m[K^~~~~~~~~~~~~~~~~[m[K
[57.406s] [01m[K/home/neha/ros2_ws/src/semnav_migration/src/human_following.cpp:54:31:[m[K [01;31m[Kerror: [m[Kâ€˜[01m[Kclass HumanFollowingNode[m[Kâ€™ has no member named â€˜[01m[Kdeclare_parameter[m[Kâ€™
[57.406s]    54 |                         this->[01;31m[Kdeclare_parameter[m[K("world_frame_id", "world");
[57.411s]       |                               [01;31m[K^~~~~~~~~~~~~~~~~[m[K
[57.411s] [01m[K/home/neha/ros2_ws/src/semnav_migration/src/human_following.cpp:55:31:[m[K [01;31m[Kerror: [m[Kâ€˜[01m[Kclass HumanFollowingNode[m[Kâ€™ has no member named â€˜[01m[Kdeclare_parameter[m[Kâ€™
[57.411s]    55 |                         this->[01;31m[Kdeclare_parameter[m[K("odom_frame_id", "odom");
[57.414s]       |                               [01;31m[K^~~~~~~~~~~~~~~~~[m[K
[57.414s] [01m[K/home/neha/ros2_ws/src/semnav_migration/src/human_following.cpp:56:31:[m[K [01;31m[Kerror: [m[Kâ€˜[01m[Kclass HumanFollowingNode[m[Kâ€™ has no member named â€˜[01m[Kdeclare_parameter[m[Kâ€™
[57.414s]    56 |                         this->[01;31m[Kdeclare_parameter[m[K("camera_optical_frame_id", "camera_optical");
[57.419s]       |                               [01;31m[K^~~~~~~~~~~~~~~~~[m[K
[57.420s] [01m[K/home/neha/ros2_ws/src/semnav_migration/src/human_following.cpp:57:31:[m[K [01;31m[Kerror: [m[Kâ€˜[01m[Kclass HumanFollowingNode[m[Kâ€™ has no member named â€˜[01m[Kdeclare_parameter[m[Kâ€™
[57.420s]    57 |                         this->[01;31m[Kdeclare_parameter[m[K("laser_frame_id", "laser_frame");
[57.420s]       |                               [01;31m[K^~~~~~~~~~~~~~~~~[m[K
[57.420s] [01m[K/home/neha/ros2_ws/src/semnav_migration/src/human_following.cpp:59:31:[m[K [01;31m[Kerror: [m[Kâ€˜[01m[Kclass HumanFollowingNode[m[Kâ€™ has no member named â€˜[01m[Kdeclare_parameter[m[Kâ€™
[57.420s]    59 |                         this->[01;31m[Kdeclare_parameter[m[K("RobotRadius", 0.0);
[57.425s]       |                               [01;31m[K^~~~~~~~~~~~~~~~~[m[K
[57.425s] [01m[K/home/neha/ros2_ws/src/semnav_migration/src/human_following.cpp:60:31:[m[K [01;31m[Kerror: [m[Kâ€˜[01m[Kclass HumanFollowingNode[m[Kâ€™ has no member named â€˜[01m[Kdeclare_parameter[m[Kâ€™
[57.425s]    60 |                         this->[01;31m[Kdeclare_parameter[m[K("ObstacleDilation", 0.0);
[57.425s]       |                               [01;31m[K^~~~~~~~~~~~~~~~~[m[K
[57.425s] [01m[K/home/neha/ros2_ws/src/semnav_migration/src/human_following.cpp:61:31:[m[K [01;31m[Kerror: [m[Kâ€˜[01m[Kclass HumanFollowingNode[m[Kâ€™ has no member named â€˜[01m[Kdeclare_parameter[m[Kâ€™
[57.429s]    61 |                         this->[01;31m[Kdeclare_parameter[m[K("WalkHeight", 0.0);
[57.429s]       |                               [01;31m[K^~~~~~~~~~~~~~~~~[m[K
[57.429s] [01m[K/home/neha/ros2_ws/src/semnav_migration/src/human_following.cpp:62:31:[m[K [01;31m[Kerror: [m[Kâ€˜[01m[Kclass HumanFollowingNode[m[Kâ€™ has no member named â€˜[01m[Kdeclare_parameter[m[Kâ€™
[57.429s]    62 |                         this->[01;31m[Kdeclare_parameter[m[K("AllowableRange", 0.0);
[57.429s]       |                               [01;31m[K^~~~~~~~~~~~~~~~~[m[K
[57.433s] [01m[K/home/neha/ros2_ws/src/semnav_migration/src/human_following.cpp:63:31:[m[K [01;31m[Kerror: [m[Kâ€˜[01m[Kclass HumanFollowingNode[m[Kâ€™ has no member named â€˜[01m[Kdeclare_parameter[m[Kâ€™
[57.433s]    63 |                         this->[01;31m[Kdeclare_parameter[m[K("CutoffRange", 0.0);
[57.433s]       |                               [01;31m[K^~~~~~~~~~~~~~~~~[m[K
[57.433s] [01m[K/home/neha/ros2_ws/src/semnav_migration/src/human_following.cpp:64:31:[m[K [01;31m[Kerror: [m[Kâ€˜[01m[Kclass HumanFollowingNode[m[Kâ€™ has no member named â€˜[01m[Kdeclare_parameter[m[Kâ€™
[57.434s]    64 |                         this->[01;31m[Kdeclare_parameter[m[K("ForwardLinCmdLimit", 0.0);
[57.434s]       |                               [01;31m[K^~~~~~~~~~~~~~~~~[m[K
[57.434s] [01m[K/home/neha/ros2_ws/src/semnav_migration/src/human_following.cpp:65:31:[m[K [01;31m[Kerror: [m[Kâ€˜[01m[Kclass HumanFollowingNode[m[Kâ€™ has no member named â€˜[01m[Kdeclare_parameter[m[Kâ€™
[57.434s]    65 |                         this->[01;31m[Kdeclare_parameter[m[K("BackwardLinCmdLimit", 0.0);
[57.434s]       |                               [01;31m[K^~~~~~~~~~~~~~~~~[m[K
[57.434s] [01m[K/home/neha/ros2_ws/src/semnav_migration/src/human_following.cpp:66:31:[m[K [01;31m[Kerror: [m[Kâ€˜[01m[Kclass HumanFollowingNode[m[Kâ€™ has no member named â€˜[01m[Kdeclare_parameter[m[Kâ€™
[57.438s]    66 |                         this->[01;31m[Kdeclare_parameter[m[K("AngCmdLimit", 0.0);
[57.445s]       |                               [01;31m[K^~~~~~~~~~~~~~~~~[m[K
[57.445s] [01m[K/home/neha/ros2_ws/src/semnav_migration/src/human_following.cpp:67:31:[m[K [01;31m[Kerror: [m[Kâ€˜[01m[Kclass HumanFollowingNode[m[Kâ€™ has no member named â€˜[01m[Kdeclare_parameter[m[Kâ€™
[57.445s]    67 |                         this->[01;31m[Kdeclare_parameter[m[K("RFunctionExponent", 0.0);
[57.445s]       |                               [01;31m[K^~~~~~~~~~~~~~~~~[m[K
[57.445s] [01m[K/home/neha/ros2_ws/src/semnav_migration/src/human_following.cpp:68:31:[m[K [01;31m[Kerror: [m[Kâ€˜[01m[Kclass HumanFollowingNode[m[Kâ€™ has no member named â€˜[01m[Kdeclare_parameter[m[Kâ€™
[57.445s]    68 |                         this->[01;31m[Kdeclare_parameter[m[K("Epsilon", 0.0);
[57.446s]       |                               [01;31m[K^~~~~~~~~~~~~~~~~[m[K
[57.446s] [01m[K/home/neha/ros2_ws/src/semnav_migration/src/human_following.cpp:69:31:[m[K [01;31m[Kerror: [m[Kâ€˜[01m[Kclass HumanFollowingNode[m[Kâ€™ has no member named â€˜[01m[Kdeclare_parameter[m[Kâ€™
[57.446s]    69 |                         this->[01;31m[Kdeclare_parameter[m[K("VarEpsilon", 0.0);
[57.446s]       |                               [01;31m[K^~~~~~~~~~~~~~~~~[m[K
[57.446s] [01m[K/home/neha/ros2_ws/src/semnav_migration/src/human_following.cpp:70:31:[m[K [01;31m[Kerror: [m[Kâ€˜[01m[Kclass HumanFollowingNode[m[Kâ€™ has no member named â€˜[01m[Kdeclare_parameter[m[Kâ€™
[57.459s]    70 |                         this->[01;31m[Kdeclare_parameter[m[K("Mu1", 0.0);
[57.459s]       |                               [01;31m[K^~~~~~~~~~~~~~~~~[m[K
[57.459s] [01m[K/home/neha/ros2_ws/src/semnav_migration/src/human_following.cpp:71:31:[m[K [01;31m[Kerror: [m[Kâ€˜[01m[Kclass HumanFollowingNode[m[Kâ€™ has no member named â€˜[01m[Kdeclare_parameter[m[Kâ€™
[57.459s]    71 |                         this->[01;31m[Kdeclare_parameter[m[K("Mu2", 0.0);
[57.459s]       |                               [01;31m[K^~~~~~~~~~~~~~~~~[m[K
[57.459s] [01m[K/home/neha/ros2_ws/src/semnav_migration/src/human_following.cpp:72:31:[m[K [01;31m[Kerror: [m[Kâ€˜[01m[Kclass HumanFollowingNode[m[Kâ€™ has no member named â€˜[01m[Kdeclare_parameter[m[Kâ€™
[57.460s]    72 |                         this->[01;31m[Kdeclare_parameter[m[K("SemanticMapUpdateRate", 0.0);
[57.460s]       |                               [01;31m[K^~~~~~~~~~~~~~~~~[m[K
[57.460s] [01m[K/home/neha/ros2_ws/src/semnav_migration/src/human_following.cpp:74:31:[m[K [01;31m[Kerror: [m[Kâ€˜[01m[Kclass HumanFollowingNode[m[Kâ€™ has no member named â€˜[01m[Kdeclare_parameter[m[Kâ€™
[57.460s]    74 |                         this->[01;31m[Kdeclare_parameter[m[K("LinearGain", 0.0);
[57.460s]       |                               [01;31m[K^~~~~~~~~~~~~~~~~[m[K
[57.460s] [01m[K/home/neha/ros2_ws/src/semnav_migration/src/human_following.cpp:75:31:[m[K [01;31m[Kerror: [m[Kâ€˜[01m[Kclass HumanFollowingNode[m[Kâ€™ has no member named â€˜[01m[Kdeclare_parameter[m[Kâ€™
[57.467s]    75 |                         this->[01;31m[Kdeclare_parameter[m[K("AngularGain", 0.0);
[57.468s]       |                               [01;31m[K^~~~~~~~~~~~~~~~~[m[K
[57.468s] [01m[K/home/neha/ros2_ws/src/semnav_migration/src/human_following.cpp:76:31:[m[K [01;31m[Kerror: [m[Kâ€˜[01m[Kclass HumanFollowingNode[m[Kâ€™ has no member named â€˜[01m[Kdeclare_parameter[m[Kâ€™
[57.468s]    76 |                         this->[01;31m[Kdeclare_parameter[m[K("Goal_x", 0.0);
[57.468s]       |                               [01;31m[K^~~~~~~~~~~~~~~~~[m[K
[57.468s] [01m[K/home/neha/ros2_ws/src/semnav_migration/src/human_following.cpp:77:31:[m[K [01;31m[Kerror: [m[Kâ€˜[01m[Kclass HumanFollowingNode[m[Kâ€™ has no member named â€˜[01m[Kdeclare_parameter[m[Kâ€™
[57.468s]    77 |                         this->[01;31m[Kdeclare_parameter[m[K("Goal_y", 0.0);
[57.468s]       |                               [01;31m[K^~~~~~~~~~~~~~~~~[m[K
[57.469s] [01m[K/home/neha/ros2_ws/src/semnav_migration/src/human_following.cpp:78:31:[m[K [01;31m[Kerror: [m[Kâ€˜[01m[Kclass HumanFollowingNode[m[Kâ€™ has no member named â€˜[01m[Kdeclare_parameter[m[Kâ€™
[57.469s]    78 |                         this->[01;31m[Kdeclare_parameter[m[K("Tolerance", 0.0);
[57.469s]       |                               [01;31m[K^~~~~~~~~~~~~~~~~[m[K
[57.469s] [01m[K/home/neha/ros2_ws/src/semnav_migration/src/human_following.cpp:80:31:[m[K [01;31m[Kerror: [m[Kâ€˜[01m[Kclass HumanFollowingNode[m[Kâ€™ has no member named â€˜[01m[Kdeclare_parameter[m[Kâ€™
[57.469s]    80 |                         this->[01;31m[Kdeclare_parameter[m[K("LowpassCutOff", 0.0);
[57.478s]       |                               [01;31m[K^~~~~~~~~~~~~~~~~[m[K
[57.478s] [01m[K/home/neha/ros2_ws/src/semnav_migration/src/human_following.cpp:81:31:[m[K [01;31m[Kerror: [m[Kâ€˜[01m[Kclass HumanFollowingNode[m[Kâ€™ has no member named â€˜[01m[Kdeclare_parameter[m[Kâ€™
[57.478s]    81 |                         this->[01;31m[Kdeclare_parameter[m[K("LowpassSampling", 0.0);
[57.478s]       |                               [01;31m[K^~~~~~~~~~~~~~~~~[m[K
[57.479s] [01m[K/home/neha/ros2_ws/src/semnav_migration/src/human_following.cpp:82:31:[m[K [01;31m[Kerror: [m[Kâ€˜[01m[Kclass HumanFollowingNode[m[Kâ€™ has no member named â€˜[01m[Kdeclare_parameter[m[Kâ€™
[57.479s]    82 |                         this->[01;31m[Kdeclare_parameter[m[K("LowpassOrder", 0.0);
[57.479s]       |                               [01;31m[K^~~~~~~~~~~~~~~~~[m[K
[57.479s] [01m[K/home/neha/ros2_ws/src/semnav_migration/src/human_following.cpp:83:31:[m[K [01;31m[Kerror: [m[Kâ€˜[01m[Kclass HumanFollowingNode[m[Kâ€™ has no member named â€˜[01m[Kdeclare_parameter[m[Kâ€™
[57.479s]    83 |                         this->[01;31m[Kdeclare_parameter[m[K("LowpassSamples", 0.0);
[57.484s]       |                               [01;31m[K^~~~~~~~~~~~~~~~~[m[K
[57.485s] [01m[K/home/neha/ros2_ws/src/semnav_migration/src/human_following.cpp:85:31:[m[K [01;31m[Kerror: [m[Kâ€˜[01m[Kclass HumanFollowingNode[m[Kâ€™ has no member named â€˜[01m[Kdeclare_parameter[m[Kâ€™
[57.485s]    85 |                         this->[01;31m[Kdeclare_parameter[m[K("DebugFlag", false);
[57.485s]       |                               [01;31m[K^~~~~~~~~~~~~~~~~[m[K
[57.485s] [01m[K/home/neha/ros2_ws/src/semnav_migration/src/human_following.cpp:131:50:[m[K [01;31m[Kerror: [m[Kâ€˜[01m[Kclass HumanFollowingNode[m[Kâ€™ has no member named â€˜[01m[Kget_parameter[m[Kâ€™
[57.485s]   131 |                         pub_twist_topic_ = this->[01;31m[Kget_parameter[m[K("pub_twist_topic").as_string();
[57.485s]       |                                                  [01;31m[K^~~~~~~~~~~~~[m[K
[57.486s] [01m[K/home/neha/ros2_ws/src/semnav_migration/src/human_following.cpp:132:55:[m[K [01;31m[Kerror: [m[Kâ€˜[01m[Kclass HumanFollowingNode[m[Kâ€™ has no member named â€˜[01m[Kget_parameter[m[Kâ€™
[57.486s]   132 |                         pub_behaviorID_topic_ = this->[01;31m[Kget_parameter[m[K("pub_behaviorID_topic").as_string();
[57.486s]       |                                                       [01;31m[K^~~~~~~~~~~~~[m[K
[57.486s] [01m[K/home/neha/ros2_ws/src/semnav_migration/src/human_following.cpp:133:57:[m[K [01;31m[Kerror: [m[Kâ€˜[01m[Kclass HumanFollowingNode[m[Kâ€™ has no member named â€˜[01m[Kget_parameter[m[Kâ€™
[57.486s]   133 |                         pub_behaviorMode_topic_ = this->[01;31m[Kget_parameter[m[K("pub_behaviorMode_topic").as_string();
[57.494s]       |                                                         [01;31m[K^~~~~~~~~~~~~[m[K
[57.495s] [01m[K/home/neha/ros2_ws/src/semnav_migration/src/human_following.cpp:134:50:[m[K [01;31m[Kerror: [m[Kâ€˜[01m[Kclass HumanFollowingNode[m[Kâ€™ has no member named â€˜[01m[Kget_parameter[m[Kâ€™
[57.495s]   134 |                         sub_laser_topic_ = this->[01;31m[Kget_parameter[m[K("sub_laser_topic").as_string();
[57.495s]       |                                                  [01;31m[K^~~~~~~~~~~~~[m[K
[57.495s] [01m[K/home/neha/ros2_ws/src/semnav_migration/src/human_following.cpp:135:50:[m[K [01;31m[Kerror: [m[Kâ€˜[01m[Kclass HumanFollowingNode[m[Kâ€™ has no member named â€˜[01m[Kget_parameter[m[Kâ€™
[57.495s]   135 |                         sub_robot_topic_ = this->[01;31m[Kget_parameter[m[K("sub_robot_topic").as_string();
[57.496s]       |                                                  [01;31m[K^~~~~~~~~~~~~[m[K
[57.496s] [01m[K/home/neha/ros2_ws/src/semnav_migration/src/human_following.cpp:136:53:[m[K [01;31m[Kerror: [m[Kâ€˜[01m[Kclass HumanFollowingNode[m[Kâ€™ has no member named â€˜[01m[Kget_parameter[m[Kâ€™
[57.496s]   136 |                         sub_semantic_topic_ = this->[01;31m[Kget_parameter[m[K("sub_semantic_topic").as_string();
[57.496s]       |                                                     [01;31m[K^~~~~~~~~~~~~[m[K
[57.496s] [01m[K/home/neha/ros2_ws/src/semnav_migration/src/human_following.cpp:137:50:[m[K [01;31m[Kerror: [m[Kâ€˜[01m[Kclass HumanFollowingNode[m[Kâ€™ has no member named â€˜[01m[Kget_parameter[m[Kâ€™
[57.496s]   137 |                         sub_human_topic_ = this->[01;31m[Kget_parameter[m[K("sub_human_topic").as_string();
[57.505s]       |                                                  [01;31m[K^~~~~~~~~~~~~[m[K
[57.505s] [01m[K/home/neha/ros2_ws/src/semnav_migration/src/human_following.cpp:138:49:[m[K [01;31m[Kerror: [m[Kâ€˜[01m[Kclass HumanFollowingNode[m[Kâ€™ has no member named â€˜[01m[Kget_parameter[m[Kâ€™
[57.505s]   138 |                         world_frame_id_ = this->[01;31m[Kget_parameter[m[K("world_frame_id").as_string();
[57.505s]       |                                                 [01;31m[K^~~~~~~~~~~~~[m[K
[57.505s] [01m[K/home/neha/ros2_ws/src/semnav_migration/src/human_following.cpp:139:48:[m[K [01;31m[Kerror: [m[Kâ€˜[01m[Kclass HumanFollowingNode[m[Kâ€™ has no member named â€˜[01m[Kget_parameter[m[Kâ€™
[57.505s]   139 |                         odom_frame_id_ = this->[01;31m[Kget_parameter[m[K("odom_frame_id").as_string();
[57.505s]       |                                                [01;31m[K^~~~~~~~~~~~~[m[K
[57.506s] [01m[K/home/neha/ros2_ws/src/semnav_migration/src/human_following.cpp:140:58:[m[K [01;31m[Kerror: [m[Kâ€˜[01m[Kclass HumanFollowingNode[m[Kâ€™ has no member named â€˜[01m[Kget_parameter[m[Kâ€™
[57.506s]   140 |                         camera_optical_frame_id_ = this->[01;31m[Kget_parameter[m[K("camera_optical_frame_id").as_string();
[57.506s]       |                                                          [01;31m[K^~~~~~~~~~~~~[m[K
[57.506s] [01m[K/home/neha/ros2_ws/src/semnav_migration/src/human_following.cpp:141:49:[m[K [01;31m[Kerror: [m[Kâ€˜[01m[Kclass HumanFollowingNode[m[Kâ€™ has no member named â€˜[01m[Kget_parameter[m[Kâ€™
[57.506s]   141 |                         laser_frame_id_ = this->[01;31m[Kget_parameter[m[K("laser_frame_id").as_string();
[57.517s]       |                                                 [01;31m[K^~~~~~~~~~~~~[m[K
[57.517s] [01m[K/home/neha/ros2_ws/src/semnav_migration/src/human_following.cpp:143:46:[m[K [01;31m[Kerror: [m[Kâ€˜[01m[Kclass HumanFollowingNode[m[Kâ€™ has no member named â€˜[01m[Kget_parameter[m[Kâ€™
[57.517s]   143 |                         RobotRadius_ = this->[01;31m[Kget_parameter[m[K("RobotRadius").as_double();
[57.517s]       |                                              [01;31m[K^~~~~~~~~~~~~[m[K
[57.517s] [01m[K/home/neha/ros2_ws/src/semnav_migration/src/human_following.cpp:144:51:[m[K [01;31m[Kerror: [m[Kâ€˜[01m[Kclass HumanFollowingNode[m[Kâ€™ has no member named â€˜[01m[Kget_parameter[m[Kâ€™
[57.517s]   144 |                         ObstacleDilation_ = this->[01;31m[Kget_parameter[m[K("ObstacleDilation").as_double();
[57.518s]       |                                                   [01;31m[K^~~~~~~~~~~~~[m[K
[57.518s] [01m[K/home/neha/ros2_ws/src/semnav_migration/src/human_following.cpp:145:45:[m[K [01;31m[Kerror: [m[Kâ€˜[01m[Kclass HumanFollowingNode[m[Kâ€™ has no member named â€˜[01m[Kget_parameter[m[Kâ€™
[57.518s]   145 |                         WalkHeight_ = this->[01;31m[Kget_parameter[m[K("WalkHeight").as_double();
[57.518s]       |                                             [01;31m[K^~~~~~~~~~~~~[m[K
[57.518s] [01m[K/home/neha/ros2_ws/src/semnav_migration/src/human_following.cpp:147:49:[m[K [01;31m[Kerror: [m[Kâ€˜[01m[Kclass HumanFollowingNode[m[Kâ€™ has no member named â€˜[01m[Kget_parameter[m[Kâ€™
[57.526s]   147 |                         AllowableRange_ = this->[01;31m[Kget_parameter[m[K("AllowableRange").as_double();
[57.526s]       |                                                 [01;31m[K^~~~~~~~~~~~~[m[K
[57.526s] [01m[K/home/neha/ros2_ws/src/semnav_migration/src/human_following.cpp:148:46:[m[K [01;31m[Kerror: [m[Kâ€˜[01m[Kclass HumanFollowingNode[m[Kâ€™ has no member named â€˜[01m[Kget_parameter[m[Kâ€™
[57.526s]   148 |                         CutoffRange_ = this->[01;31m[Kget_parameter[m[K("CutoffRange").as_double();
[57.526s]       |                                              [01;31m[K^~~~~~~~~~~~~[m[K
[57.526s] [01m[K/home/neha/ros2_ws/src/semnav_migration/src/human_following.cpp:150:53:[m[K [01;31m[Kerror: [m[Kâ€˜[01m[Kclass HumanFollowingNode[m[Kâ€™ has no member named â€˜[01m[Kget_parameter[m[Kâ€™
[57.527s]   150 |                         ForwardLinCmdLimit_ = this->[01;31m[Kget_parameter[m[K("ForwardLinCmdLimit").as_double();
[57.527s]       |                                                     [01;31m[K^~~~~~~~~~~~~[m[K
[57.527s] [01m[K/home/neha/ros2_ws/src/semnav_migration/src/human_following.cpp:151:54:[m[K [01;31m[Kerror: [m[Kâ€˜[01m[Kclass HumanFollowingNode[m[Kâ€™ has no member named â€˜[01m[Kget_parameter[m[Kâ€™
[57.527s]   151 |                         BackwardLinCmdLimit_ = this->[01;31m[Kget_parameter[m[K("BackwardLinCmdLimit").as_double();
[57.527s]       |                                                      [01;31m[K^~~~~~~~~~~~~[m[K
[57.527s] [01m[K/home/neha/ros2_ws/src/semnav_migration/src/human_following.cpp:152:46:[m[K [01;31m[Kerror: [m[Kâ€˜[01m[Kclass HumanFollowingNode[m[Kâ€™ has no member named â€˜[01m[Kget_parameter[m[Kâ€™
[57.538s]   152 |                         AngCmdLimit_ = this->[01;31m[Kget_parameter[m[K("AngCmdLimit").as_double();
[57.538s]       |                                              [01;31m[K^~~~~~~~~~~~~[m[K
[57.544s] [01m[K/home/neha/ros2_ws/src/semnav_migration/src/human_following.cpp:153:52:[m[K [01;31m[Kerror: [m[Kâ€˜[01m[Kclass HumanFollowingNode[m[Kâ€™ has no member named â€˜[01m[Kget_parameter[m[Kâ€™
[57.544s]   153 |                         RFunctionExponent_ = this->[01;31m[Kget_parameter[m[K("RFunctionExponent").as_double();
[57.544s]       |                                                    [01;31m[K^~~~~~~~~~~~~[m[K
[57.546s] [01m[K/home/neha/ros2_ws/src/semnav_migration/src/human_following.cpp:154:42:[m[K [01;31m[Kerror: [m[Kâ€˜[01m[Kclass HumanFollowingNode[m[Kâ€™ has no member named â€˜[01m[Kget_parameter[m[Kâ€™
[57.547s]   154 |                         Epsilon_ = this->[01;31m[Kget_parameter[m[K("Epsilon").as_double();
[57.547s]       |                                          [01;31m[K^~~~~~~~~~~~~[m[K
[57.547s] [01m[K/home/neha/ros2_ws/src/semnav_migration/src/human_following.cpp:155:45:[m[K [01;31m[Kerror: [m[Kâ€˜[01m[Kclass HumanFollowingNode[m[Kâ€™ has no member named â€˜[01m[Kget_parameter[m[Kâ€™
[57.547s]   155 |                         VarEpsilon_ = this->[01;31m[Kget_parameter[m[K("VarEpsilon").as_double();
[57.547s]       |                                             [01;31m[K^~~~~~~~~~~~~[m[K
[57.554s] [01m[K/home/neha/ros2_ws/src/semnav_migration/src/human_following.cpp:156:38:[m[K [01;31m[Kerror: [m[Kâ€˜[01m[Kclass HumanFollowingNode[m[Kâ€™ has no member named â€˜[01m[Kget_parameter[m[Kâ€™
[57.555s]   156 |                         Mu1_ = this->[01;31m[Kget_parameter[m[K("Mu1").as_double();
[57.555s]       |                                      [01;31m[K^~~~~~~~~~~~~[m[K
[57.555s] [01m[K/home/neha/ros2_ws/src/semnav_migration/src/human_following.cpp:157:38:[m[K [01;31m[Kerror: [m[Kâ€˜[01m[Kclass HumanFollowingNode[m[Kâ€™ has no member named â€˜[01m[Kget_parameter[m[Kâ€™
[57.555s]   157 |                         Mu2_ = this->[01;31m[Kget_parameter[m[K("Mu2").as_double();
[57.555s]       |                                      [01;31m[K^~~~~~~~~~~~~[m[K
[57.556s] [01m[K/home/neha/ros2_ws/src/semnav_migration/src/human_following.cpp:158:55:[m[K [01;31m[Kerror: [m[Kâ€˜[01m[Kclass HumanFollowingNode[m[Kâ€™ has no member named â€˜[01m[Kget_parameter[m[Kâ€™
[57.557s]   158 |                         DiffeoTreeUpdateRate_ = this->[01;31m[Kget_parameter[m[K("SemanticMapUpdateRate").as_double();
[57.557s]       |                                                       [01;31m[K^~~~~~~~~~~~~[m[K
[57.557s] [01m[K/home/neha/ros2_ws/src/semnav_migration/src/human_following.cpp:161:45:[m[K [01;31m[Kerror: [m[Kâ€˜[01m[Kclass HumanFollowingNode[m[Kâ€™ has no member named â€˜[01m[Kget_parameter[m[Kâ€™
[57.561s]   161 |                         LinearGain_ = this->[01;31m[Kget_parameter[m[K("LinearGain").as_double();
[57.561s]       |                                             [01;31m[K^~~~~~~~~~~~~[m[K
[57.561s] [01m[K/home/neha/ros2_ws/src/semnav_migration/src/human_following.cpp:162:46:[m[K [01;31m[Kerror: [m[Kâ€˜[01m[Kclass HumanFollowingNode[m[Kâ€™ has no member named â€˜[01m[Kget_parameter[m[Kâ€™
[57.561s]   162 |                         AngularGain_ = this->[01;31m[Kget_parameter[m[K("AngularGain").as_double();
[57.561s]       |                                              [01;31m[K^~~~~~~~~~~~~[m[K
[57.568s] [01m[K/home/neha/ros2_ws/src/semnav_migration/src/human_following.cpp:164:41:[m[K [01;31m[Kerror: [m[Kâ€˜[01m[Kclass HumanFollowingNode[m[Kâ€™ has no member named â€˜[01m[Kget_parameter[m[Kâ€™
[57.569s]   164 |                         Goal_x_ = this->[01;31m[Kget_parameter[m[K("Goal_x").as_double();
[57.569s]       |                                         [01;31m[K^~~~~~~~~~~~~[m[K
[57.569s] [01m[K/home/neha/ros2_ws/src/semnav_migration/src/human_following.cpp:165:41:[m[K [01;31m[Kerror: [m[Kâ€˜[01m[Kclass HumanFollowingNode[m[Kâ€™ has no member named â€˜[01m[Kget_parameter[m[Kâ€™
[57.570s]   165 |                         Goal_y_ = this->[01;31m[Kget_parameter[m[K("Goal_y").as_double();
[57.570s]       |                                         [01;31m[K^~~~~~~~~~~~~[m[K
[57.571s] [01m[K/home/neha/ros2_ws/src/semnav_migration/src/human_following.cpp:168:44:[m[K [01;31m[Kerror: [m[Kâ€˜[01m[Kclass HumanFollowingNode[m[Kâ€™ has no member named â€˜[01m[Kget_parameter[m[Kâ€™
[57.571s]   168 |                         Tolerance_ = this->[01;31m[Kget_parameter[m[K("Tolerance").as_double();
[57.571s]       |                                            [01;31m[K^~~~~~~~~~~~~[m[K
[57.571s] [01m[K/home/neha/ros2_ws/src/semnav_migration/src/human_following.cpp:170:48:[m[K [01;31m[Kerror: [m[Kâ€˜[01m[Kclass HumanFollowingNode[m[Kâ€™ has no member named â€˜[01m[Kget_parameter[m[Kâ€™
[57.582s]   170 |                         LowpassCutoff_ = this->[01;31m[Kget_parameter[m[K("LowpassCutOff").as_double();
[57.583s]       |                                                [01;31m[K^~~~~~~~~~~~~[m[K
[57.583s] [01m[K/home/neha/ros2_ws/src/semnav_migration/src/human_following.cpp:171:50:[m[K [01;31m[Kerror: [m[Kâ€˜[01m[Kclass HumanFollowingNode[m[Kâ€™ has no member named â€˜[01m[Kget_parameter[m[Kâ€™
[57.583s]   171 |                         LowpassSampling_ = this->[01;31m[Kget_parameter[m[K("LowpassSampling").as_double();
[57.583s]       |                                                  [01;31m[K^~~~~~~~~~~~~[m[K
[57.590s] [01m[K/home/neha/ros2_ws/src/semnav_migration/src/human_following.cpp:172:47:[m[K [01;31m[Kerror: [m[Kâ€˜[01m[Kclass HumanFollowingNode[m[Kâ€™ has no member named â€˜[01m[Kget_parameter[m[Kâ€™
[57.590s]   172 |                         LowpassOrder_ = this->[01;31m[Kget_parameter[m[K("LowpassOrder").as_int();
[57.590s]       |                                               [01;31m[K^~~~~~~~~~~~~[m[K
[57.590s] [01m[K/home/neha/ros2_ws/src/semnav_migration/src/human_following.cpp:173:49:[m[K [01;31m[Kerror: [m[Kâ€˜[01m[Kclass HumanFollowingNode[m[Kâ€™ has no member named â€˜[01m[Kget_parameter[m[Kâ€™
[57.593s]   173 |                         LowpassSamples_ = this->[01;31m[Kget_parameter[m[K("LowpassSamples").as_int();
[57.593s]       |                                                 [01;31m[K^~~~~~~~~~~~~[m[K
[57.594s] [01m[K/home/neha/ros2_ws/src/semnav_migration/src/human_following.cpp:175:44:[m[K [01;31m[Kerror: [m[Kâ€˜[01m[Kclass HumanFollowingNode[m[Kâ€™ has no member named â€˜[01m[Kget_parameter[m[Kâ€™
[57.594s]   175 |                         DebugFlag_ = this->[01;31m[Kget_parameter[m[K("DebugFlag").as_bool();
[57.594s]       |                                            [01;31m[K^~~~~~~~~~~~~[m[K
[57.765s] [01m[K/home/neha/ros2_ws/src/semnav_migration/src/human_following.cpp:178:25:[m[K [01;31m[Kerror: [m[Kâ€˜[01m[Kpub_behaviorID_[m[Kâ€™ was not declared in this scope; did you mean â€˜[01m[Kpub_behaviorID_topic_[m[Kâ€™?
[57.765s]   178 |                         [01;31m[Kpub_behaviorID_[m[K = nh_.advertise<std_msgs::UInt32>(pub_behaviorID_topic_, 1, true);
[57.765s]       |                         [01;31m[K^~~~~~~~~~~~~~~[m[K
[57.765s]       |                         [32m[Kpub_behaviorID_topic_[m[K
[57.883s] [01m[K/home/neha/ros2_ws/src/semnav_migration/src/human_following.cpp:178:43:[m[K [01;31m[Kerror: [m[Kâ€˜[01m[Knh_[m[Kâ€™ was not declared in this scope
[57.883s]   178 |                         pub_behaviorID_ = [01;31m[Knh_[m[K.advertise<std_msgs::UInt32>(pub_behaviorID_topic_, 1, true);
[57.884s]       |                                           [01;31m[K^~~[m[K
[57.893s] [01m[K/home/neha/ros2_ws/src/semnav_migration/src/human_following.cpp:178:67:[m[K [01;31m[Kerror: [m[Kâ€˜[01m[KUInt32[m[Kâ€™ is not a member of â€˜[01m[Kstd_msgs[m[Kâ€™; did you mean â€˜[01m[Kexample_interfaces::msg::UInt32[m[Kâ€™?
[57.893s]   178 |                         pub_behaviorID_ = nh_.advertise<std_msgs::[01;31m[KUInt32[m[K>(pub_behaviorID_topic_, 1, true);
[57.893s]       |                                                                   [01;31m[K^~~~~~[m[K
[57.893s] In file included from [01m[K/opt/ros/jazzy/include/example_interfaces/example_interfaces/msg/u_int32.hpp:7[m[K,
[57.894s]                  from [01m[K/home/neha/ros2_ws/src/semnav_migration/include/reactive_planner_lib.h:52[m[K,
[57.894s]                  from [01m[K/home/neha/ros2_ws/src/semnav_migration/src/human_following.cpp:25[m[K:
[57.894s] [01m[K/opt/ros/jazzy/include/example_interfaces/example_interfaces/msg/detail/u_int32__struct.hpp:125:7:[m[K [01;36m[Knote: [m[Kâ€˜[01m[Kexample_interfaces::msg::UInt32[m[Kâ€™ declared here
[57.894s]   125 | using [01;36m[KUInt32[m[K =
[57.894s]       |       [01;36m[K^~~~~~[m[K
[58.107s] [01m[K/home/neha/ros2_ws/src/semnav_migration/src/human_following.cpp:179:25:[m[K [01;31m[Kerror: [m[Kâ€˜[01m[Kpub_behaviorMode_[m[Kâ€™ was not declared in this scope; did you mean â€˜[01m[Kpub_behaviorMode_topic_[m[Kâ€™?
[58.107s]   179 |                         [01;31m[Kpub_behaviorMode_[m[K = nh_.advertise<std_msgs::UInt32>(pub_behaviorMode_topic_, 1, true);
[58.107s]       |                         [01;31m[K^~~~~~~~~~~~~~~~~[m[K
[58.107s]       |                         [32m[Kpub_behaviorMode_topic_[m[K
[58.114s] [01m[K/home/neha/ros2_ws/src/semnav_migration/src/human_following.cpp:179:69:[m[K [01;31m[Kerror: [m[Kâ€˜[01m[KUInt32[m[Kâ€™ is not a member of â€˜[01m[Kstd_msgs[m[Kâ€™; did you mean â€˜[01m[Kexample_interfaces::msg::UInt32[m[Kâ€™?
[58.115s]   179 |                         pub_behaviorMode_ = nh_.advertise<std_msgs::[01;31m[KUInt32[m[K>(pub_behaviorMode_topic_, 1, true);
[58.115s]       |                                                                     [01;31m[K^~~~~~[m[K
[58.115s] [01m[K/opt/ros/jazzy/include/example_interfaces/example_interfaces/msg/detail/u_int32__struct.hpp:125:7:[m[K [01;36m[Knote: [m[Kâ€˜[01m[Kexample_interfaces::msg::UInt32[m[Kâ€™ declared here
[58.115s]   125 | using [01;36m[KUInt32[m[K =
[58.115s]       |       [01;36m[K^~~~~~[m[K
[58.116s] [01m[K/home/neha/ros2_ws/src/semnav_migration/src/human_following.cpp:180:77:[m[K [01;31m[Kerror: [m[Kexpected primary-expression before â€˜[01m[K>[m[Kâ€™ token
[58.116s]   180 |                         pub_twist_ = nh_.advertise<geometry_msgs::msg::Twist[01;31m[K>[m[K(pub_twist_topic_, 1, true);
[58.116s]       |                                                                             [01;31m[K^[m[K
[58.123s] [01m[K/home/neha/ros2_ws/src/semnav_migration/src/human_following.cpp:183:66:[m[K [01;31m[Kerror: [m[Kâ€˜[01m[KLaserScan[m[Kâ€™ is not a member of â€˜[01m[Ksensor_msgs[m[Kâ€™; did you mean â€˜[01m[Ksensor_msgs::msg::LaserScan[m[Kâ€™?
[58.123s]   183 |                         message_filters::Subscriber<sensor_msgs::[01;31m[KLaserScan[m[K> sub_laser(nh_, sub_laser_topic_, 1);
[58.123s]       |                                                                  [01;31m[K^~~~~~~~~[m[K
[58.123s] In file included from [01m[K/opt/ros/jazzy/include/sensor_msgs/sensor_msgs/msg/laser_scan.hpp:7[m[K,
[58.123s]                  from [01m[K/home/neha/ros2_ws/src/semnav_migration/include/reactive_planner_lib.h:50[m[K:
[58.123s] [01m[K/opt/ros/jazzy/include/sensor_msgs/sensor_msgs/msg/detail/laser_scan__struct.hpp:250:7:[m[K [01;36m[Knote: [m[Kâ€˜[01m[Ksensor_msgs::msg::LaserScan[m[Kâ€™ declared here
[58.123s]   250 | using [01;36m[KLaserScan[m[K =
[58.124s]       |       [01;36m[K^~~~~~~~~[m[K
[58.124s] [01m[K/home/neha/ros2_ws/src/semnav_migration/src/human_following.cpp:183:75:[m[K [01;31m[Kerror: [m[Ktemplate argument 1 is invalid
[58.124s]   183 |                         message_filters::Subscriber<sensor_msgs::LaserScan[01;31m[K>[m[K sub_laser(nh_, sub_laser_topic_, 1);
[58.124s]       |                                                                           [01;31m[K^[m[K
[58.124s] [01m[K/home/neha/ros2_ws/src/semnav_migration/src/human_following.cpp:183:111:[m[K [01;31m[Kerror: [m[Kexpression list treated as compound expression in initializer [[01;31m[K]8;;https://gcc.gnu.org/onlinedocs/gcc/Warning-Options.html#index-fpermissive-fpermissive]8;;[m[K]
[58.126s]   183 |                         message_filters::Subscriber<sensor_msgs::LaserScan> sub_laser(nh_, sub_laser_topic_, 1[01;31m[K)[m[K;
[58.127s]       |                                                                                                               [01;31m[K^[m[K
[58.129s] [01m[K/home/neha/ros2_ws/src/semnav_migration/src/human_following.cpp:184:63:[m[K [01;31m[Kerror: [m[Kâ€˜[01m[KOdometry[m[Kâ€™ is not a member of â€˜[01m[Knav_msgs[m[Kâ€™; did you mean â€˜[01m[Knav_msgs::msg::Odometry[m[Kâ€™?
[58.129s]   184 |                         message_filters::Subscriber<nav_msgs::[01;31m[KOdometry[m[K> sub_robot(nh_, sub_robot_topic_, 1);
[58.130s]       |                                                               [01;31m[K^~~~~~~~[m[K
[58.130s] In file included from [01m[K/opt/ros/jazzy/include/nav_msgs/nav_msgs/msg/odometry.hpp:7[m[K,
[58.131s]                  from [01m[K/home/neha/ros2_ws/src/semnav_migration/include/reactive_planner_lib.h:51[m[K:
[58.131s] [01m[K/opt/ros/jazzy/include/nav_msgs/nav_msgs/msg/detail/odometry__struct.hpp:175:7:[m[K [01;36m[Knote: [m[Kâ€˜[01m[Knav_msgs::msg::Odometry[m[Kâ€™ declared here
[58.131s]   175 | using [01;36m[KOdometry[m[K =
[58.131s]       |       [01;36m[K^~~~~~~~[m[K
[58.136s] [01m[K/home/neha/ros2_ws/src/semnav_migration/src/human_following.cpp:184:71:[m[K [01;31m[Kerror: [m[Ktemplate argument 1 is invalid
[58.136s]   184 |                         message_filters::Subscriber<nav_msgs::Odometry[01;31m[K>[m[K sub_robot(nh_, sub_robot_topic_, 1);
[58.136s]       |                                                                       [01;31m[K^[m[K
[58.137s] [01m[K/home/neha/ros2_ws/src/semnav_migration/src/human_following.cpp:184:107:[m[K [01;31m[Kerror: [m[Kexpression list treated as compound expression in initializer [[01;31m[K]8;;https://gcc.gnu.org/onlinedocs/gcc/Warning-Options.html#index-fpermissive-fpermissive]8;;[m[K]
[58.137s]   184 |                         message_filters::Subscriber<nav_msgs::Odometry> sub_robot(nh_, sub_robot_topic_, 1[01;31m[K)[m[K;
[58.137s]       |                                                                                                           [01;31m[K^[m[K
[58.144s] [01m[K/home/neha/ros2_ws/src/semnav_migration/src/human_following.cpp:185:94:[m[K [01;31m[Kerror: [m[Kâ€˜[01m[KLaserScan[m[Kâ€™ is not a member of â€˜[01m[Ksensor_msgs[m[Kâ€™; did you mean â€˜[01m[Ksensor_msgs::msg::LaserScan[m[Kâ€™?
[58.144s]   185 |                         typedef message_filters::sync_policies::ApproximateTime<sensor_msgs::[01;31m[KLaserScan[m[K,nav_msgs::Odometry> SyncPolicy;
[58.144s]       |                                                                                              [01;31m[K^~~~~~~~~[m[K
[58.146s] [01m[K/opt/ros/jazzy/include/sensor_msgs/sensor_msgs/msg/detail/laser_scan__struct.hpp:250:7:[m[K [01;36m[Knote: [m[Kâ€˜[01m[Ksensor_msgs::msg::LaserScan[m[Kâ€™ declared here
[58.146s]   250 | using [01;36m[KLaserScan[m[K =
[58.146s]       |       [01;36m[K^~~~~~~~~[m[K
[58.152s] [01m[K/home/neha/ros2_ws/src/semnav_migration/src/human_following.cpp:185:114:[m[K [01;31m[Kerror: [m[Kâ€˜[01m[KOdometry[m[Kâ€™ is not a member of â€˜[01m[Knav_msgs[m[Kâ€™; did you mean â€˜[01m[Knav_msgs::msg::Odometry[m[Kâ€™?
[58.152s]   185 |                         typedef message_filters::sync_policies::ApproximateTime<sensor_msgs::LaserScan,nav_msgs::[01;31m[KOdometry[m[K> SyncPolicy;
[58.152s]       |                                                                                                                  [01;31m[K^~~~~~~~[m[K
[58.152s] [01m[K/opt/ros/jazzy/include/nav_msgs/nav_msgs/msg/detail/odometry__struct.hpp:175:7:[m[K [01;36m[Knote: [m[Kâ€˜[01m[Knav_msgs::msg::Odometry[m[Kâ€™ declared here
[58.153s]   175 | using [01;36m[KOdometry[m[K =
[58.153s]       |       [01;36m[K^~~~~~~~[m[K
[58.154s] [01m[K/home/neha/ros2_ws/src/semnav_migration/src/human_following.cpp:185:122:[m[K [01;31m[Kerror: [m[Ktemplate argument 1 is invalid
[58.156s]   185 |                         typedef message_filters::sync_policies::ApproximateTime<sensor_msgs::LaserScan,nav_msgs::Odometry[01;31m[K>[m[K SyncPolicy;
[58.156s]       |                                                                                                                          [01;31m[K^[m[K
[58.156s] [01m[K/home/neha/ros2_ws/src/semnav_migration/src/human_following.cpp:185:122:[m[K [01;31m[Kerror: [m[Ktemplate argument 2 is invalid
[58.167s] In file included from [01m[K/home/neha/ros2_ws/src/semnav_migration/include/reactive_planner_lib.h:46[m[K:
[58.167s] /opt/ros/jazzy/include/message_filters/message_filters/synchronizer.h: In instantiation of â€˜[01m[Kclass message_filters::Synchronizer<int>[m[Kâ€™:
[58.170s] [01m[K/home/neha/ros2_ws/src/semnav_migration/src/human_following.cpp:188:64:[m[K   required from here
[58.170s] [01m[K/opt/ros/jazzy/include/message_filters/message_filters/synchronizer.h:53:7:[m[K [01;31m[Kerror: [m[Kbase type â€˜[01m[Kint[m[Kâ€™ fails to be a struct or class type
[58.170s]    53 | class [01;31m[KSynchronizer[m[K : public noncopyable, public Policy
[58.171s]       |       [01;31m[K^~~~~~~~~~~~[m[K
[58.171s] [01m[K/opt/ros/jazzy/include/message_filters/message_filters/synchronizer.h:56:37:[m[K [01;31m[Kerror: [m[Kâ€˜[01m[Kint[m[Kâ€™ is not a class, struct, or union type
[58.171s]    56 |   typedef typename Policy::Messages [01;31m[KMessages[m[K;
[58.171s]       |                                     [01;31m[K^~~~~~~~[m[K
[58.171s] [01m[K/opt/ros/jazzy/include/message_filters/message_filters/synchronizer.h:57:35:[m[K [01;31m[Kerror: [m[Kâ€˜[01m[Kint[m[Kâ€™ is not a class, struct, or union type
[58.178s]    57 |   typedef typename Policy::Events [01;31m[KEvents[m[K;
[58.178s]       |                                   [01;31m[K^~~~~~[m[K
[58.178s] [01m[K/opt/ros/jazzy/include/message_filters/message_filters/synchronizer.h:58:35:[m[K [01;31m[Kerror: [m[Kâ€˜[01m[Kint[m[Kâ€™ is not a class, struct, or union type
[58.178s]    58 |   typedef typename Policy::Signal [01;31m[KSignal[m[K;
[58.178s]       |                                   [01;31m[K^~~~~~[m[K
[58.179s] [01m[K/opt/ros/jazzy/include/message_filters/message_filters/synchronizer.h:60:58:[m[K [01;31m[Kerror: [m[Kâ€˜[01m[Kint[m[Kâ€™ is not a class, struct, or union type
[58.179s]    60 |   typedef typename std::tuple_element<0, Messages>::type [01;31m[KM0[m[K;
[58.179s]       |                                                          [01;31m[K^~[m[K
[58.179s] [01m[K/opt/ros/jazzy/include/message_filters/message_filters/synchronizer.h:61:58:[m[K [01;31m[Kerror: [m[Kâ€˜[01m[Kint[m[Kâ€™ is not a class, struct, or union type
[58.183s]    61 |   typedef typename std::tuple_element<1, Messages>::type [01;31m[KM1[m[K;
[58.184s]       |                                                          [01;31m[K^~[m[K
[58.184s] [01m[K/opt/ros/jazzy/include/message_filters/message_filters/synchronizer.h:62:58:[m[K [01;31m[Kerror: [m[Kâ€˜[01m[Kint[m[Kâ€™ is not a class, struct, or union type
[58.184s]    62 |   typedef typename std::tuple_element<2, Messages>::type [01;31m[KM2[m[K;
[58.184s]       |                                                          [01;31m[K^~[m[K
[58.184s] [01m[K/opt/ros/jazzy/include/message_filters/message_filters/synchronizer.h:63:58:[m[K [01;31m[Kerror: [m[Kâ€˜[01m[Kint[m[Kâ€™ is not a class, struct, or union type
[58.185s]    63 |   typedef typename std::tuple_element<3, Messages>::type [01;31m[KM3[m[K;
[58.185s]       |                                                          [01;31m[K^~[m[K
[58.185s] [01m[K/opt/ros/jazzy/include/message_filters/message_filters/synchronizer.h:64:58:[m[K [01;31m[Kerror: [m[Kâ€˜[01m[Kint[m[Kâ€™ is not a class, struct, or union type
[58.185s]    64 |   typedef typename std::tuple_element<4, Messages>::type [01;31m[KM4[m[K;
[58.185s]       |                                                          [01;31m[K^~[m[K
[58.185s] [01m[K/opt/ros/jazzy/include/message_filters/message_filters/synchronizer.h:65:58:[m[K [01;31m[Kerror: [m[Kâ€˜[01m[Kint[m[Kâ€™ is not a class, struct, or union type
[58.191s]    65 |   typedef typename std::tuple_element<5, Messages>::type [01;31m[KM5[m[K;
[58.192s]       |                                                          [01;31m[K^~[m[K
[58.192s] [01m[K/opt/ros/jazzy/include/message_filters/message_filters/synchronizer.h:66:58:[m[K [01;31m[Kerror: [m[Kâ€˜[01m[Kint[m[Kâ€™ is not a class, struct, or union type
[58.192s]    66 |   typedef typename std::tuple_element<6, Messages>::type [01;31m[KM6[m[K;
[58.193s]       |                                                          [01;31m[K^~[m[K
[58.194s] [01m[K/opt/ros/jazzy/include/message_filters/message_filters/synchronizer.h:67:58:[m[K [01;31m[Kerror: [m[Kâ€˜[01m[Kint[m[Kâ€™ is not a class, struct, or union type
[58.194s]    67 |   typedef typename std::tuple_element<7, Messages>::type [01;31m[KM7[m[K;
[58.194s]       |                                                          [01;31m[K^~[m[K
[58.194s] [01m[K/opt/ros/jazzy/include/message_filters/message_filters/synchronizer.h:68:58:[m[K [01;31m[Kerror: [m[Kâ€˜[01m[Kint[m[Kâ€™ is not a class, struct, or union type
[58.194s]    68 |   typedef typename std::tuple_element<8, Messages>::type [01;31m[KM8[m[K;
[58.198s]       |                                                          [01;31m[K^~[m[K
[58.198s] [01m[K/opt/ros/jazzy/include/message_filters/message_filters/synchronizer.h:71:56:[m[K [01;31m[Kerror: [m[Kâ€˜[01m[Kint[m[Kâ€™ is not a class, struct, or union type
[58.198s]    71 |   typedef typename std::tuple_element<0, Events>::type [01;31m[KM0Event[m[K;
[58.199s]       |                                                        [01;31m[K^~~~~~~[m[K
[58.199s] [01m[K/opt/ros/jazzy/include/message_filters/message_filters/synchronizer.h:72:56:[m[K [01;31m[Kerror: [m[Kâ€˜[01m[Kint[m[Kâ€™ is not a class, struct, or union type
[58.199s]    72 |   typedef typename std::tuple_element<1, Events>::type [01;31m[KM1Event[m[K;
[58.199s]       |                                                        [01;31m[K^~~~~~~[m[K
[58.199s] [01m[K/opt/ros/jazzy/include/message_filters/message_filters/synchronizer.h:73:56:[m[K [01;31m[Kerror: [m[Kâ€˜[01m[Kint[m[Kâ€™ is not a class, struct, or union type
[58.199s]    73 |   typedef typename std::tuple_element<2, Events>::type [01;31m[KM2Event[m[K;
[58.204s]       |                                                        [01;31m[K^~~~~~~[m[K
[58.205s] [01m[K/opt/ros/jazzy/include/message_filters/message_filters/synchronizer.h:74:56:[m[K [01;31m[Kerror: [m[Kâ€˜[01m[Kint[m[Kâ€™ is not a class, struct, or union type
[58.205s]    74 |   typedef typename std::tuple_element<3, Events>::type [01;31m[KM3Event[m[K;
[58.205s]       |                                                        [01;31m[K^~~~~~~[m[K
[58.205s] [01m[K/opt/ros/jazzy/include/message_filters/message_filters/synchronizer.h:75:56:[m[K [01;31m[Kerror: [m[Kâ€˜[01m[Kint[m[Kâ€™ is not a class, struct, or union type
[58.205s]    75 |   typedef typename std::tuple_element<4, Events>::type [01;31m[KM4Event[m[K;
[58.205s]       |                                                        [01;31m[K^~~~~~~[m[K
[58.206s] [01m[K/opt/ros/jazzy/include/message_filters/message_filters/synchronizer.h:76:56:[m[K [01;31m[Kerror: [m[Kâ€˜[01m[Kint[m[Kâ€™ is not a class, struct, or union type
[58.206s]    76 |   typedef typename std::tuple_element<5, Events>::type [01;31m[KM5Event[m[K;
[58.206s]       |                                                        [01;31m[K^~~~~~~[m[K
[58.206s] [01m[K/opt/ros/jazzy/include/message_filters/message_filters/synchronizer.h:77:56:[m[K [01;31m[Kerror: [m[Kâ€˜[01m[Kint[m[Kâ€™ is not a class, struct, or union type
[58.206s]    77 |   typedef typename std::tuple_element<6, Events>::type [01;31m[KM6Event[m[K;
[58.206s]       |                                                        [01;31m[K^~~~~~~[m[K
[58.212s] [01m[K/opt/ros/jazzy/include/message_filters/message_filters/synchronizer.h:78:56:[m[K [01;31m[Kerror: [m[Kâ€˜[01m[Kint[m[Kâ€™ is not a class, struct, or union type
[58.212s]    78 |   typedef typename std::tuple_element<7, Events>::type [01;31m[KM7Event[m[K;
[58.212s]       |                                                        [01;31m[K^~~~~~~[m[K
[58.212s] [01m[K/opt/ros/jazzy/include/message_filters/message_filters/synchronizer.h:79:56:[m[K [01;31m[Kerror: [m[Kâ€˜[01m[Kint[m[Kâ€™ is not a class, struct, or union type
[58.213s]    79 |   typedef typename std::tuple_element<8, Events>::type [01;31m[KM8Event[m[K;
[58.213s]       |                                                        [01;31m[K^~~~~~~[m[K
[58.213s] [01m[K/opt/ros/jazzy/include/message_filters/message_filters/synchronizer.h:325:17:[m[K [01;31m[Kerror: [m[Kâ€˜[01m[Kint[m[Kâ€™ is not a class, namespace, or enumeration
[58.213s]   325 |   using Policy::[01;31m[Kadd[m[K;
[58.213s]       |                 [01;31m[K^~~[m[K
[58.218s] [01m[K/opt/ros/jazzy/include/message_filters/message_filters/synchronizer.h:328:8:[m[K [01;31m[Kerror: [m[Kâ€˜[01m[Kint[m[Kâ€™ is not a class, struct, or union type
[58.218s]   328 |   void [01;31m[Kadd[m[K(const std::shared_ptr<typename std::tuple_element<i, Messages>::type const>& msg)
[58.219s]       |        [01;31m[K^~~[m[K
[58.219s] [01m[K/opt/ros/jazzy/include/message_filters/message_filters/synchronizer.h:344:8:[m[K [01;31m[Kerror: [m[Kâ€˜[01m[Kint[m[Kâ€™ is not a class, struct, or union type
[58.219s]   344 |   void [01;31m[Kcb[m[K(const typename std::tuple_element<i, Events>::type& evt)
[58.219s]       |        [01;31m[K^~[m[K
[58.219s] [01m[K/home/neha/ros2_ws/src/semnav_migration/src/human_following.cpp:189:55:[m[K [01;31m[Kerror: [m[Kâ€˜[01m[Kbind[m[Kâ€™ is not a member of â€˜[01m[Kboost[m[Kâ€™; did you mean â€˜[01m[Kfind[m[Kâ€™?
[58.219s]   189 |                         sync->registerCallback(boost::[01;31m[Kbind[m[K(&HumanFollowingNode::control_callback, this, _1, _2));
[58.219s]       |                                                       [01;31m[K^~~~[m[K
[58.219s]       |                                                       [32m[Kfind[m[K
[58.220s] [01m[K/home/neha/ros2_ws/src/semnav_migration/src/human_following.cpp:189:105:[m[K [01;31m[Kerror: [m[Kâ€˜[01m[K_1[m[Kâ€™ was not declared in this scope
[58.220s]   189 |                         sync->registerCallback(boost::bind(&HumanFollowingNode::control_callback, this, [01;31m[K_1[m[K, _2));
[58.220s]       |                                                                                                         [01;31m[K^~[m[K
[58.220s] [01m[K/home/neha/ros2_ws/src/semnav_migration/src/human_following.cpp:189:105:[m[K [01;36m[Knote: [m[Ksuggested alternatives:
[58.220s] In file included from [01m[K/usr/include/boost/mpl/aux_/include_preprocessed.hpp:37[m[K,
[58.220s]                  from [01m[K/usr/include/boost/mpl/placeholders.hpp:43[m[K,
[58.225s]                  from [01m[K/usr/include/boost/iterator/iterator_categories.hpp:16[m[K,
[58.225s]                  from [01m[K/usr/include/boost/iterator/iterator_facade.hpp:13[m[K,
[58.225s]                  from [01m[K/usr/include/boost/range/iterator_range_core.hpp:27[m[K,
[58.225s]                  from [01m[K/usr/include/boost/lexical_cast.hpp:48[m[K,
[58.225s]                  from [01m[K/usr/include/boost/multiprecision/detail/number_base.hpp:29[m[K,
[58.226s]                  from [01m[K/usr/include/boost/multiprecision/traits/is_variable_precision.hpp:9[m[K,
[58.226s]                  from [01m[K/usr/include/boost/multiprecision/detail/precision.hpp:9[m[K,
[58.226s]                  from [01m[K/usr/include/boost/multiprecision/number.hpp:11[m[K,
[58.226s]                  from [01m[K/usr/include/boost/multiprecision/cpp_int.hpp:19[m[K,
[58.226s]                  from [01m[K/usr/include/boost/multiprecision/cpp_bin_float.hpp:15[m[K,
[58.226s]                  from [01m[K/usr/include/boost/geometry/core/coordinate_promotion.hpp:16[m[K,
[58.232s]                  from [01m[K/usr/include/boost/geometry/core/radian_access.hpp:30[m[K,
[58.232s]                  from [01m[K/usr/include/boost/geometry/geometry.hpp:50[m[K,
[58.234s]                  from [01m[K/usr/include/boost/geometry.hpp:17[m[K,
[58.234s]                  from [01m[K/home/neha/ros2_ws/src/semnav_migration/include/reactive_planner_lib.h:26[m[K:
[58.234s] [01m[K/usr/include/boost/mpl/aux_/preprocessed/gcc/placeholders.hpp:29:16:[m[K [01;36m[Knote: [m[K  â€˜[01m[Kmpl_::_1[m[Kâ€™
[58.234s]    29 | typedef arg<1> [01;36m[K_1[m[K;
[58.234s]       |                [01;36m[K^~[m[K
[58.235s] In file included from [01m[K/usr/include/boost/numeric/conversion/converter_policies.hpp:13[m[K,
[58.235s]                  from [01m[K/usr/include/boost/numeric/conversion/converter.hpp:14[m[K,
[58.235s]                  from [01m[K/usr/include/boost/numeric/conversion/cast.hpp:33[m[K,
[58.235s]                  from [01m[K/usr/include/boost/geometry/core/radian_access.hpp:26[m[K:
[58.235s] [01m[K/usr/include/c++/13/functional:294:48:[m[K [01;36m[Knote: [m[K  â€˜[01m[Kstd::placeholders::_1[m[Kâ€™
[58.237s]   294 |     _GLIBCXX_PLACEHOLDER const _Placeholder<1> [01;36m[K_1[m[K;
[58.238s]       |                                                [01;36m[K^~[m[K
[58.238s] [01m[K/usr/include/boost/mpl/aux_/preprocessed/gcc/placeholders.hpp:29:16:[m[K [01;36m[Knote: [m[K  â€˜[01m[Kmpl_::_1[m[Kâ€™
[58.238s]    29 | typedef arg<1> [01;36m[K_1[m[K;
[58.238s]       |                [01;36m[K^~[m[K
[58.238s] In file included from [01m[K/usr/include/boost/describe/members.hpp:20[m[K,
[58.238s]                  from [01m[K/usr/include/boost/container_hash/is_described_class.hpp:11[m[K,
[58.238s]                  from [01m[K/usr/include/boost/container_hash/hash.hpp:18[m[K,
[58.239s]                  from [01m[K/usr/include/boost/functional/hash.hpp:6[m[K,
[58.239s]                  from [01m[K/usr/include/CGAL/Kernel/hash_functions.h:16[m[K,
[58.239s]                  from [01m[K/usr/include/CGAL/Kernel/global_functions.h:25[m[K,
[58.239s]                  from [01m[K/usr/include/CGAL/Cartesian/Cartesian_base.h:22[m[K,
[58.239s]                  from [01m[K/usr/include/CGAL/Simple_cartesian.h:20[m[K,
[58.239s]                  from [01m[K/usr/include/CGAL/Exact_predicates_inexact_constructions_kernel.h:20[m[K,
[58.243s]                  from [01m[K/home/neha/ros2_ws/src/semnav_migration/include/polygeom_lib.h:32[m[K,
[58.243s]                  from [01m[K/home/neha/ros2_ws/src/semnav_migration/include/reactive_planner_lib.h:58[m[K:
[58.243s] [01m[K/usr/include/boost/mp11/bind.hpp:45:7:[m[K [01;36m[Knote: [m[K  â€˜[01m[Kboost::mp11::_1[m[Kâ€™
[58.243s]    45 | using [01;36m[K_1[m[K = mp_arg<0>;
[58.243s]       |       [01;36m[K^~[m[K
[58.243s] [01m[K/usr/include/boost/mpl/aux_/preprocessed/gcc/placeholders.hpp:29:16:[m[K [01;36m[Knote: [m[K  â€˜[01m[Kmpl_::_1[m[Kâ€™
[58.243s]    29 | typedef arg<1> [01;36m[K_1[m[K;
[58.244s]       |                [01;36m[K^~[m[K
[58.244s] [01m[K/home/neha/ros2_ws/src/semnav_migration/src/human_following.cpp:189:109:[m[K [01;31m[Kerror: [m[Kâ€˜[01m[K_2[m[Kâ€™ was not declared in this scope
[58.244s]   189 |                         sync->registerCallback(boost::bind(&HumanFollowingNode::control_callback, this, _1, [01;31m[K_2[m[K));
[58.244s]       |                                                                                                             [01;31m[K^~[m[K
[58.244s] [01m[K/home/neha/ros2_ws/src/semnav_migration/src/human_following.cpp:189:109:[m[K [01;36m[Knote: [m[Ksuggested alternatives:
[58.249s] [01m[K/usr/include/boost/mpl/aux_/preprocessed/gcc/placeholders.hpp:42:16:[m[K [01;36m[Knote: [m[K  â€˜[01m[Kmpl_::_2[m[Kâ€™
[58.250s]    42 | typedef arg<2> [01;36m[K_2[m[K;
[58.250s]       |                [01;36m[K^~[m[K
[58.250s] [01m[K/usr/include/c++/13/functional:295:48:[m[K [01;36m[Knote: [m[K  â€˜[01m[Kstd::placeholders::_2[m[Kâ€™
[58.250s]   295 |     _GLIBCXX_PLACEHOLDER const _Placeholder<2> [01;36m[K_2[m[K;
[58.250s]       |                                                [01;36m[K^~[m[K
[58.250s] [01m[K/usr/include/boost/mpl/aux_/preprocessed/gcc/placeholders.hpp:42:16:[m[K [01;36m[Knote: [m[K  â€˜[01m[Kmpl_::_2[m[Kâ€™
[58.251s]    42 | typedef arg<2> [01;36m[K_2[m[K;
[58.251s]       |                [01;36m[K^~[m[K
[58.251s] [01m[K/usr/include/boost/mp11/bind.hpp:46:7:[m[K [01;36m[Knote: [m[K  â€˜[01m[Kboost::mp11::_2[m[Kâ€™
[58.251s]    46 | using [01;36m[K_2[m[K = mp_arg<1>;
[58.251s]       |       [01;36m[K^~[m[K
[58.251s] [01m[K/usr/include/boost/mpl/aux_/preprocessed/gcc/placeholders.hpp:42:16:[m[K [01;36m[Knote: [m[K  â€˜[01m[Kmpl_::_2[m[Kâ€™
[58.253s]    42 | typedef arg<2> [01;36m[K_2[m[K;
[58.254s]       |                [01;36m[K^~[m[K
[58.254s] [01m[K/home/neha/ros2_ws/src/semnav_migration/src/human_following.cpp:191:25:[m[K [01;31m[Kerror: [m[Kâ€˜[01m[Kros[m[Kâ€™ has not been declared
[58.254s]   191 |                         [01;31m[Kros[m[K::Subscriber sub_semantic = nh_.subscribe(sub_semantic_topic_, 1, &HumanFollowingNode::diffeo_tree_update, this);
[58.254s]       |                         [01;31m[K^~~[m[K
[58.256s] [01m[K/home/neha/ros2_ws/src/semnav_migration/src/human_following.cpp:193:25:[m[K [01;31m[Kerror: [m[Kâ€˜[01m[Kros[m[Kâ€™ has not been declared
[58.256s]   193 |                         [01;31m[Kros[m[K::Subscriber sub_human = nh_.subscribe(sub_human_topic_, 1, &HumanFollowingNode::human_update, this);
[58.256s]       |                         [01;31m[K^~~[m[K
[58.256s] [01m[K/home/neha/ros2_ws/src/semnav_migration/src/human_following.cpp:197:25:[m[K [01;31m[Kerror: [m[Kâ€˜[01m[Kros[m[Kâ€™ has not been declared
[58.256s]   197 |                         [01;31m[Kros[m[K::Duration(5.0).sleep();
[58.256s]       |                         [01;31m[K^~~[m[K
[58.257s] [01m[K/home/neha/ros2_ws/src/semnav_migration/src/human_following.cpp:202:25:[m[K [01;31m[Kerror: [m[Kâ€˜[01m[Kros[m[Kâ€™ has not been declared
[58.257s]   202 |                         [01;31m[Kros[m[K::MultiThreadedSpinner spinner(4);
[58.257s]       |                         [01;31m[K^~~[m[K
[58.296s] [01m[K/home/neha/ros2_ws/src/semnav_migration/src/human_following.cpp:203:25:[m[K [01;31m[Kerror: [m[Kâ€˜[01m[Kspinner[m[Kâ€™ was not declared in this scope
[58.297s]   203 |                         [01;31m[Kspinner[m[K.spin();
[58.297s]       |                         [01;31m[K^~~~~~~[m[K
[58.301s] [01m[K/home/neha/ros2_ws/src/semnav_migration/src/human_following.cpp:[m[K In member function â€˜[01m[Kvoid HumanFollowingNode::[01;32m[Kpublish_twist[m[K(double, double)[m[Kâ€™:
[58.302s] [01m[K/home/neha/ros2_ws/src/semnav_migration/src/human_following.cpp:210:36:[m[K [01;31m[Kerror: [m[Kâ€˜[01m[Kusing rclcpp::Publisher<geometry_msgs::msg::Twist_<std::allocator<void> > >::SharedPtr = class std::shared_ptr<rclcpp::Publisher<geometry_msgs::msg::Twist_<std::allocator<void> > > >[m[Kâ€™ {aka â€˜[01m[Kclass std::shared_ptr<rclcpp::Publisher<geometry_msgs::msg::Twist_<std::allocator<void> > > >[m[Kâ€™} has no member named â€˜[01m[Kpublish[m[Kâ€™
[58.303s]   210 |                         pub_twist_.[01;31m[Kpublish[m[K(commandTwist);
[58.303s]       |                                    [01;31m[K^~~~~~~[m[K
[58.308s] [01m[K/home/neha/ros2_ws/src/semnav_migration/src/human_following.cpp:[m[K In member function â€˜[01m[Kvoid HumanFollowingNode::[01;32m[Kpublish_behavior_id[m[K(uint16_t)[m[Kâ€™:
[58.309s] [01m[K/home/neha/ros2_ws/src/semnav_migration/src/human_following.cpp:215:35:[m[K [01;31m[Kerror: [m[Kâ€˜[01m[KUInt32[m[Kâ€™ is not a member of â€˜[01m[Kstd_msgs[m[Kâ€™; did you mean â€˜[01m[Kexample_interfaces::msg::UInt32[m[Kâ€™?
[58.309s]   215 |                         std_msgs::[01;31m[KUInt32[m[K commandId;
[58.309s]       |                                   [01;31m[K^~~~~~[m[K
[58.313s] [01m[K/opt/ros/jazzy/include/example_interfaces/example_interfaces/msg/detail/u_int32__struct.hpp:125:7:[m[K [01;36m[Knote: [m[Kâ€˜[01m[Kexample_interfaces::msg::UInt32[m[Kâ€™ declared here
[58.313s]   125 | using [01;36m[KUInt32[m[K =
[58.313s]       |       [01;36m[K^~~~~~[m[K
[58.398s] [01m[K/home/neha/ros2_ws/src/semnav_migration/src/human_following.cpp:216:25:[m[K [01;31m[Kerror: [m[Kâ€˜[01m[KcommandId[m[Kâ€™ was not declared in this scope
[58.401s]   216 |                         [01;31m[KcommandId[m[K.data = BehaviorIdCmd;
[58.402s]       |                         [01;31m[K^~~~~~~~~[m[K
[58.652s] [01m[K/home/neha/ros2_ws/src/semnav_migration/src/human_following.cpp:217:25:[m[K [01;31m[Kerror: [m[Kâ€˜[01m[Kpub_behaviorID_[m[Kâ€™ was not declared in this scope; did you mean â€˜[01m[Kpub_behaviorID_topic_[m[Kâ€™?
[58.652s]   217 |                         [01;31m[Kpub_behaviorID_[m[K.publish(commandId);
[58.652s]       |                         [01;31m[K^~~~~~~~~~~~~~~[m[K
[58.652s]       |                         [32m[Kpub_behaviorID_topic_[m[K
[58.659s] [01m[K/home/neha/ros2_ws/src/semnav_migration/src/human_following.cpp:[m[K In member function â€˜[01m[Kvoid HumanFollowingNode::[01;32m[Kpublish_behavior_mode[m[K(uint16_t)[m[Kâ€™:
[58.659s] [01m[K/home/neha/ros2_ws/src/semnav_migration/src/human_following.cpp:222:35:[m[K [01;31m[Kerror: [m[Kâ€˜[01m[KUInt32[m[Kâ€™ is not a member of â€˜[01m[Kstd_msgs[m[Kâ€™; did you mean â€˜[01m[Kexample_interfaces::msg::UInt32[m[Kâ€™?
[58.660s]   222 |                         std_msgs::[01;31m[KUInt32[m[K commandMode;
[58.660s]       |                                   [01;31m[K^~~~~~[m[K
[58.660s] [01m[K/opt/ros/jazzy/include/example_interfaces/example_interfaces/msg/detail/u_int32__struct.hpp:125:7:[m[K [01;36m[Knote: [m[Kâ€˜[01m[Kexample_interfaces::msg::UInt32[m[Kâ€™ declared here
[58.665s]   125 | using [01;36m[KUInt32[m[K =
[58.665s]       |       [01;36m[K^~~~~~[m[K
[58.823s] [01m[K/home/neha/ros2_ws/src/semnav_migration/src/human_following.cpp:223:25:[m[K [01;31m[Kerror: [m[Kâ€˜[01m[KcommandMode[m[Kâ€™ was not declared in this scope
[58.824s]   223 |                         [01;31m[KcommandMode[m[K.data = BehaviorModeCmd;
[58.825s]       |                         [01;31m[K^~~~~~~~~~~[m[K
[59.014s] [01m[K/home/neha/ros2_ws/src/semnav_migration/src/human_following.cpp:224:25:[m[K [01;31m[Kerror: [m[Kâ€˜[01m[Kpub_behaviorMode_[m[Kâ€™ was not declared in this scope; did you mean â€˜[01m[Kpub_behaviorMode_topic_[m[Kâ€™?
[59.015s]   224 |                         [01;31m[Kpub_behaviorMode_[m[K.publish(commandMode);
[59.016s]       |                         [01;31m[K^~~~~~~~~~~~~~~~~[m[K
[59.019s]       |                         [32m[Kpub_behaviorMode_topic_[m[K
[59.290s] [01m[K/home/neha/ros2_ws/src/semnav_migration/src/human_following.cpp:[m[K In member function â€˜[01m[Kvoid HumanFollowingNode::[01;32m[Khuman_update[m[K(const object_pose_interface_msgs::msg::KeypointDetections3D_<std::allocator<void> >::ConstPtr&)[m[Kâ€™:
[59.290s] [01m[K/home/neha/ros2_ws/src/semnav_migration/src/human_following.cpp:321:41:[m[K [01;31m[Kerror: [m[Kâ€˜[01m[KGoal_camera_stamp_[m[Kâ€™ was not declared in this scope; did you mean â€˜[01m[KGoal_camera_x[m[Kâ€™?
[59.290s]   321 |                                         [01;31m[KGoal_camera_stamp_[m[K = human_data->header.stamp;
[59.290s]       |                                         [01;31m[K^~~~~~~~~~~~~~~~~~[m[K
[59.291s]       |                                         [32m[KGoal_camera_x[m[K
[59.293s] [01m[K/home/neha/ros2_ws/src/semnav_migration/src/human_following.cpp:[m[K In member function â€˜[01m[Kvoid HumanFollowingNode::[01;32m[Kdiffeo_tree_update[m[K(const object_pose_interface_msgs::msg::SemanticMapObjectArray_<std::allocator<void> >::ConstPtr&)[m[Kâ€™:
[59.293s] [01m[K/home/neha/ros2_ws/src/semnav_migration/src/human_following.cpp:340:29:[m[K [01;31m[Kerror: [m[Kâ€˜[01m[Kros[m[Kâ€™ has not been declared
[59.293s]   340 |                         if ([01;31m[Kros[m[K::Time::now().toSec() - DiffeoTreeUpdateTime_ < (1.0/DiffeoTreeUpdateRate_)) {
[59.297s]       |                             [01;31m[K^~~[m[K
[59.297s] [01m[K/home/neha/ros2_ws/src/semnav_migration/src/human_following.cpp:344:53:[m[K [01;31m[Kerror: [m[Kâ€˜[01m[Kros[m[Kâ€™ has not been declared
[59.297s]   344 |                                 double start_time = [01;31m[Kros[m[K::Time::now().toSec();
[59.297s]       |                                                     [01;31m[K^~~[m[K
[59.353s] [01m[K/home/neha/ros2_ws/src/semnav_migration/src/human_following.cpp:408:85:[m[K [01;31m[Kerror: [m[Kâ€˜[01m[Kros[m[Kâ€™ has not been declared
[59.353s]   408 |                                 ROS_WARN_STREAM("[Navigation] Updated trees in " << [01;31m[Kros[m[K::Time::now().toSec()-start_time << " seconds.");
[59.353s]       |                                                                                     [01;31m[K^~~[m[K
[59.517s] [01m[K/home/neha/ros2_ws/src/semnav_migration/src/human_following.cpp:408:33:[m[K [01;31m[Kerror: [m[Kâ€˜[01m[KROS_WARN_STREAM[m[Kâ€™ was not declared in this scope; did you mean â€˜[01m[KRCLCPP_WARN_STREAM[m[Kâ€™?
[59.518s]   408 |                                 [01;31m[KROS_WARN_STREAM[m[K("[Navigation] Updated trees in " << ros::Time::now().toSec()-start_time << " seconds.");
[59.518s]       |                                 [01;31m[K^~~~~~~~~~~~~~~[m[K
[59.518s]       |                                 [32m[KRCLCPP_WARN_STREAM[m[K
[59.518s] [01m[K/home/neha/ros2_ws/src/semnav_migration/src/human_following.cpp:411:57:[m[K [01;31m[Kerror: [m[Kâ€˜[01m[Kros[m[Kâ€™ has not been declared
[59.518s]   411 |                                 DiffeoTreeUpdateTime_ = [01;31m[Kros[m[K::Time::now().toSec();
[59.518s]       |                                                         [01;31m[K^~~[m[K
[59.529s] [01m[K/home/neha/ros2_ws/src/semnav_migration/src/human_following.cpp:[m[K In function â€˜[01m[Kint[01;32m[K main[m[K(int, char**)[m[Kâ€™:
[59.529s] [01m[K/home/neha/ros2_ws/src/semnav_migration/src/human_following.cpp:761:17:[m[K [01;31m[Kerror: [m[Kno matching function for call to â€˜[01m[Kspin(std::shared_ptr<HumanFollowingNode>&)[m[Kâ€™
[59.529s]   761 |     [01;31m[Krclcpp::spin(node)[m[K;
[59.530s]       |     [01;31m[K~~~~~~~~~~~~^~~~~~[m[K
[59.530s] In file included from [01m[K/opt/ros/jazzy/include/rclcpp/rclcpp/rclcpp.hpp:172[m[K,
[59.530s]                  from [01m[K/home/neha/ros2_ws/src/semnav_migration/include/reactive_planner_lib.h:32[m[K:
[59.531s] [01m[K/opt/ros/jazzy/include/rclcpp/rclcpp/executors.hpp:58:1:[m[K [01;36m[Knote: [m[Kcandidate: â€˜[01m[Kvoid rclcpp::[01;32m[Kspin[m[K(node_interfaces::NodeBaseInterface::SharedPtr)[m[Kâ€™
[59.531s]    58 | [01;36m[Kspin[m[K(rclcpp::node_interfaces::NodeBaseInterface::SharedPtr node_ptr);
[59.531s]       | [01;36m[K^~~~[m[K
[59.532s] [01m[K/opt/ros/jazzy/include/rclcpp/rclcpp/executors.hpp:58:60:[m[K [01;36m[Knote: [m[K  no known conversion for argument 1 from â€˜[01m[Kshared_ptr<[01;32m[KHumanFollowingNode[m[K>[m[Kâ€™ to â€˜[01m[Kshared_ptr<[01;32m[Krclcpp::node_interfaces::NodeBaseInterface[m[K>[m[Kâ€™
[59.532s]    58 | spin([01;36m[Krclcpp::node_interfaces::NodeBaseInterface::SharedPtr node_ptr[m[K);
[59.532s]       |      [01;36m[K~~~~~~~~~~~~~~~~~~~~~~~~~~~~~~~~~~~~~~~~~~~~~~~~~~~~~~^~~~~~~~[m[K
[59.535s] [01m[K/opt/ros/jazzy/include/rclcpp/rclcpp/executors.hpp:62:1:[m[K [01;36m[Knote: [m[Kcandidate: â€˜[01m[Kvoid rclcpp::[01;32m[Kspin[m[K(Node::SharedPtr)[m[Kâ€™
[59.535s]    62 | [01;36m[Kspin[m[K(rclcpp::Node::SharedPtr node_ptr);
[59.535s]       | [01;36m[K^~~~[m[K
[59.535s] [01m[K/opt/ros/jazzy/include/rclcpp/rclcpp/executors.hpp:62:30:[m[K [01;36m[Knote: [m[K  no known conversion for argument 1 from â€˜[01m[Kshared_ptr<[01;32m[KHumanFollowingNode[m[K>[m[Kâ€™ to â€˜[01m[Kshared_ptr<[01;32m[Krclcpp::Node[m[K>[m[Kâ€™
[59.535s]    62 | spin([01;36m[Krclcpp::Node::SharedPtr node_ptr[m[K);
[59.536s]       |      [01;36m[K~~~~~~~~~~~~~~~~~~~~~~~~^~~~~~~~[m[K
[77.361s] gmake[2]: *** [CMakeFiles/human_following.dir/build.make:76: CMakeFiles/human_following.dir/src/human_following.cpp.o] Error 1
[77.363s] gmake[1]: *** [CMakeFiles/Makefile2:259: CMakeFiles/human_following.dir/all] Error 2
[77.363s] gmake[1]: *** Waiting for unfinished jobs....
[91.175s] gmake[2]: *** [CMakeFiles/navigation_humans.dir/build.make:76: CMakeFiles/navigation_humans.dir/src/navigation_humans.cpp.o] Error 1
[91.176s] gmake[1]: *** [CMakeFiles/Makefile2:233: CMakeFiles/navigation_humans.dir/all] Error 2
[91.177s] gmake: *** [Makefile:146: all] Error 2
[91.182s] Invoked command in '/home/neha/ros2_ws/src/semnav_migration/build/semnav' returned '2': CMAKE_PREFIX_PATH=${CMAKE_PREFIX_PATH}:/opt/ros/jazzy DEBUGINFOD_URLS=https://debuginfod.ubuntu.com /usr/bin/cmake --build /home/neha/ros2_ws/src/semnav_migration/build/semnav -- -j2 -l2
