[ 14%] Built target reactive_planner
[ 19%] [32mBuilding CXX object CMakeFiles/navigation.dir/src/navigation.cpp.o[0m
[01m[K/home/neha/ros2_ws/src/semnav_migration/src/navigation.cpp:[m[K In member function â€˜[01m[Kvoid NavigationNode::[01;32m[Kcontrol_callback[m[K(const sensor_msgs::msg::LaserScan_<std::allocator<void> >::ConstPtr&, const nav_msgs::msg::Odometry_<std::allocator<void> >::ConstPtr&)[m[Kâ€™:
[01m[K/home/neha/ros2_ws/src/semnav_migration/src/navigation.cpp:421:42:[m[K [01;31m[Kerror: [m[Kinvalid initialization of reference of type â€˜[01m[Kconst sensor_msgs::msg::LaserScan_<std::allocator<void> >::ConstPtr&[m[Kâ€™ {aka â€˜[01m[Kconst std::shared_ptr<const sensor_msgs::msg::LaserScan_<std::allocator<void> > >&[m[Kâ€™} from expression of type â€˜[01m[Kconst sensor_msgs::msg::LaserScan_<std::allocator<void> >::ConstPtr*[m[Kâ€™ {aka â€˜[01m[Kconst std::shared_ptr<const sensor_msgs::msg::LaserScan_<std::allocator<void> > >*[m[Kâ€™}
  421 |                         constructLIDAR2D([01;31m[K&lidar_data[m[K, CutoffRange_, AllowableRange_, RobotPitch_, &LIDAR);
      |                                          [01;31m[K^~~~~~~~~~~[m[K
In file included from [01m[K/home/neha/ros2_ws/src/semnav_migration/src/navigation.cpp:25[m[K:
[01m[K/home/neha/ros2_ws/src/semnav_migration/include/reactive_planner_lib.h:223:68:[m[K [01;36m[Knote: [m[Kin passing argument 1 of â€˜[01m[Kvoid[01;32m[K constructLIDAR2D[m[K(const sensor_msgs::msg::LaserScan_<std::allocator<void> >::ConstPtr&, double, double, double, LIDARClass*)[m[Kâ€™
  223 | void constructLIDAR2D([01;36m[Kconst sensor_msgs::msg::LaserScan::ConstPtr& DataLIDAR[m[K, double CutoffRange, double AllowableRange, double Pitch, LIDARClass* LIDAR);
      |                       [01;36m[K~~~~~~~~~~~~~~~~~~~~~~~~~~~~~~~~~~~~~~~~~~~~~^~~~~~~~~[m[K
gmake[2]: *** [CMakeFiles/navigation.dir/build.make:76: CMakeFiles/navigation.dir/src/navigation.cpp.o] Error 1
gmake[1]: *** [CMakeFiles/Makefile2:181: CMakeFiles/navigation.dir/all] Error 2
gmake: *** [Makefile:146: all] Error 2
