[0.031s] Invoking command in '/home/neha/ros2_ws/src/semnav_migration/build/semnav': CMAKE_PREFIX_PATH=${CMAKE_PREFIX_PATH}:/opt/ros/jazzy DEBUGINFOD_URLS=https://debuginfod.ubuntu.com /usr/bin/cmake --build /home/neha/ros2_ws/src/semnav_migration/build/semnav -- -j2 -l2
[0.208s] [ 14%] Built target reactive_planner
[0.314s] [ 23%] Built target navigation
[0.332s] [ 28%] [32mBuilding CXX object CMakeFiles/navigation_semantic.dir/src/navigation_semantic.cpp.o[0m
[0.463s] [ 33%] [32mBuilding CXX object CMakeFiles/navigation_humans.dir/src/navigation_humans.cpp.o[0m
[26.301s] [01m[K/home/neha/ros2_ws/src/semnav_migration/src/navigation_humans.cpp:[m[K In member function â€˜[01m[Kvoid NavigationHumansNode::[01;32m[Khuman_update[m[K(const object_pose_interface_msgs::msg::KeypointDetections3D_<std::allocator<void> >::ConstPtr&)[m[Kâ€™:
[26.304s] [01m[K/home/neha/ros2_ws/src/semnav_migration/src/navigation_humans.cpp:301:83:[m[K [01;31m[Kerror: [m[Kno matching function for call to â€˜[01m[KfromMsg(const std_msgs::msg::Header_<std::allocator<void> >::_stamp_type&)[m[Kâ€™
[26.304s]   301 |                                             camera_optical_frame_id_, [01;31m[Ktf2::fromMsg(human_data->header.stamp)[m[K,
[26.304s]       |                                                                       [01;31m[K~~~~~~~~~~~~^~~~~~~~~~~~~~~~~~~~~~~~~~[m[K
[26.304s] In file included from [01m[K/home/neha/ros2_ws/src/semnav_migration/include/reactive_planner_lib.h:39[m[K,
[26.304s]                  from [01m[K/home/neha/ros2_ws/src/semnav_migration/src/navigation_humans.cpp:25[m[K:
[26.305s] [01m[K/opt/ros/jazzy/include/tf2/tf2/convert.h:138:6:[m[K [01;36m[Knote: [m[Kcandidate: â€˜[01m[Ktemplate<class A, class B> void tf2::[01;32m[KfromMsg[m[K(const A&, B&)[m[Kâ€™
[26.305s]   138 | void [01;36m[KfromMsg[m[K(const A & a, B & b);
[26.305s]       |      [01;36m[K^~~~~~~[m[K
[26.305s] [01m[K/opt/ros/jazzy/include/tf2/tf2/convert.h:138:6:[m[K [01;36m[Knote: [m[K  template argument deduction/substitution failed:
[26.305s] [01m[K/home/neha/ros2_ws/src/semnav_migration/src/navigation_humans.cpp:301:83:[m[K [01;36m[Knote: [m[K  candidate expects 2 arguments, 1 provided
[26.305s]   301 |                                             camera_optical_frame_id_, [01;36m[Ktf2::fromMsg(human_data->header.stamp)[m[K,
[26.306s]       |                                                                       [01;36m[K~~~~~~~~~~~~^~~~~~~~~~~~~~~~~~~~~~~~~~[m[K
[52.166s] gmake[2]: *** [CMakeFiles/navigation_humans.dir/build.make:76: CMakeFiles/navigation_humans.dir/src/navigation_humans.cpp.o] Error 1
[52.167s] gmake[1]: *** [CMakeFiles/Makefile2:233: CMakeFiles/navigation_humans.dir/all] Error 2
[52.167s] gmake[1]: *** Waiting for unfinished jobs....
[85.447s] [ 38%] [32m[1mLinking CXX executable navigation_semantic[0m
[91.972s] [ 38%] Built target navigation_semantic
[91.974s] gmake: *** [Makefile:146: all] Error 2
[91.977s] Invoked command in '/home/neha/ros2_ws/src/semnav_migration/build/semnav' returned '2': CMAKE_PREFIX_PATH=${CMAKE_PREFIX_PATH}:/opt/ros/jazzy DEBUGINFOD_URLS=https://debuginfod.ubuntu.com /usr/bin/cmake --build /home/neha/ros2_ws/src/semnav_migration/build/semnav -- -j2 -l2
