[0.027s] Invoking command in '/home/neha/ros2_ws/src/semnav_migration/build/semnav': CMAKE_PREFIX_PATH=${CMAKE_PREFIX_PATH}:/opt/ros/jazzy DEBUGINFOD_URLS=https://debuginfod.ubuntu.com /usr/bin/cmake --build /home/neha/ros2_ws/src/semnav_migration/build/semnav -- -j2 -l2
[0.195s] [ 14%] Built target reactive_planner
[0.994s] [ 23%] Building CXX object CMakeFiles/navigation.dir/src/navigation.cpp.o
[0.994s] [ 23%] Building CXX object CMakeFiles/navigation_semantic.dir/src/navigation_semantic.cpp.o
[22.226s] /home/neha/ros2_ws/src/semnav_migration/src/navigation_semantic.cpp:648:17: error: invalid use of template-name ‘rclcpp::Publisher’ without an argument list
[22.226s]   648 |                 rclcpp::Publisher pub_semantic_map_;
[22.226s]       |                 ^~~~~~
[22.238s] /home/neha/ros2_ws/src/semnav_migration/src/navigation_semantic.cpp:694:22: error: ‘TransformListener’ in namespace ‘tf2’ does not name a type
[22.238s]   694 |                 tf2::TransformListener listener_;
[22.239s]       |                      ^~~~~~~~~~~~~~~~~
[22.239s] /home/neha/ros2_ws/src/semnav_migration/src/navigation_semantic.cpp: In constructor ‘SemanticNavigationNode::SemanticNavigationNode()’:
[22.239s] /home/neha/ros2_ws/src/semnav_migration/src/navigation_semantic.cpp:46:75: error: no matching function for call to ‘rclcpp::Node::Node()’
[22.239s]    46 |                 SemanticNavigationNode() : Node("semantic_navigation_node")  {
[22.239s]       |                                                                           ^
[22.240s] In file included from /opt/ros/jazzy/include/rclcpp/rclcpp/executors/single_threaded_executor.hpp:28,
[22.240s]                  from /opt/ros/jazzy/include/rclcpp/rclcpp/executors.hpp:22,
[22.240s]                  from /opt/ros/jazzy/include/rclcpp/rclcpp/rclcpp.hpp:172,
[22.240s]                  from /home/neha/ros2_ws/src/semnav_migration/include/reactive_planner_lib.h:32,
[22.240s]                  from /home/neha/ros2_ws/src/semnav_migration/src/navigation_semantic.cpp:25:
[22.241s] /opt/ros/jazzy/include/rclcpp/rclcpp/node.hpp:1629:3: note: candidate: ‘rclcpp::Node::Node(const rclcpp::Node&, const std::string&)’
[22.241s]  1629 |   Node(
[22.241s]       |   ^~~~
[22.241s] /opt/ros/jazzy/include/rclcpp/rclcpp/node.hpp:1629:3: note:   candidate expects 2 arguments, 0 provided
[22.242s] /opt/ros/jazzy/include/rclcpp/rclcpp/node.hpp:103:12: note: candidate: ‘rclcpp::Node::Node(const std::string&, const std::string&, const rclcpp::NodeOptions&)’
[22.242s]   103 |   explicit Node(
[22.242s]       |            ^~~~
[22.242s] /opt/ros/jazzy/include/rclcpp/rclcpp/node.hpp:103:12: note:   candidate expects 3 arguments, 0 provided
[22.243s] /opt/ros/jazzy/include/rclcpp/rclcpp/node.hpp:91:12: note: candidate: ‘rclcpp::Node::Node(const std::string&, const rclcpp::NodeOptions&)’
[22.243s]    91 |   explicit Node(
[22.243s]       |            ^~~~
[22.243s] /opt/ros/jazzy/include/rclcpp/rclcpp/node.hpp:91:12: note:   candidate expects 2 arguments, 0 provided
[22.247s] /home/neha/ros2_ws/src/semnav_migration/src/navigation_semantic.cpp:46:75: error: no matching function for call to ‘rclcpp::Publisher<example_interfaces::msg::UInt32_<std::allocator<void> > >::Publisher()’
[22.247s]    46 |                 SemanticNavigationNode() : Node("semantic_navigation_node")  {
[22.247s]       |                                                                           ^
[22.250s] In file included from /opt/ros/jazzy/include/rclcpp/rclcpp/topic_statistics/subscription_topic_statistics.hpp:31,
[22.250s]                  from /opt/ros/jazzy/include/rclcpp/rclcpp/subscription.hpp:50,
[22.251s]                  from /opt/ros/jazzy/include/rclcpp/rclcpp/any_executable.hpp:25,
[22.251s]                  from /opt/ros/jazzy/include/rclcpp/rclcpp/memory_strategy.hpp:25,
[22.251s]                  from /opt/ros/jazzy/include/rclcpp/rclcpp/memory_strategies.hpp:18,
[22.251s]                  from /opt/ros/jazzy/include/rclcpp/rclcpp/executor_options.hpp:22,
[22.251s]                  from /opt/ros/jazzy/include/rclcpp/rclcpp/executor.hpp:38,
[22.251s]                  from /opt/ros/jazzy/include/rclcpp/rclcpp/executors/multi_threaded_executor.hpp:25,
[22.251s]                  from /opt/ros/jazzy/include/rclcpp/rclcpp/executors.hpp:21:
[22.252s] /opt/ros/jazzy/include/rclcpp/rclcpp/publisher.hpp:134:3: note: candidate: ‘rclcpp::Publisher<MessageT, AllocatorT>::Publisher(rclcpp::node_interfaces::NodeBaseInterface*, const std::string&, const rclcpp::QoS&, const rclcpp::PublisherOptionsWithAllocator<AllocatorT>&) [with MessageT = example_interfaces::msg::UInt32_<std::allocator<void> >; AllocatorT = std::allocator<void>; std::string = std::__cxx11::basic_string<char>]’
[22.254s]   134 |   Publisher(
[22.254s]       |   ^~~~~~~~~
[22.254s] /opt/ros/jazzy/include/rclcpp/rclcpp/publisher.hpp:134:3: note:   candidate expects 4 arguments, 0 provided
[22.254s] /opt/ros/jazzy/include/rclcpp/rclcpp/publisher.hpp:80:7: note: candidate: ‘rclcpp::Publisher<example_interfaces::msg::UInt32_<std::allocator<void> > >::Publisher(const rclcpp::Publisher<example_interfaces::msg::UInt32_<std::allocator<void> > >&)’
[22.255s]    80 | class Publisher : public PublisherBase
[22.255s]       |       ^~~~~~~~~
[22.255s] /opt/ros/jazzy/include/rclcpp/rclcpp/publisher.hpp:80:7: note:   candidate expects 1 argument, 0 provided
[22.255s] /home/neha/ros2_ws/src/semnav_migration/src/navigation_semantic.cpp:46:75: error: no matching function for call to ‘rclcpp::Publisher<example_interfaces::msg::UInt32_<std::allocator<void> > >::Publisher()’
[22.255s]    46 |                 SemanticNavigationNode() : Node("semantic_navigation_node")  {
[22.255s]       |                                                                           ^
[22.255s] /opt/ros/jazzy/include/rclcpp/rclcpp/publisher.hpp:134:3: note: candidate: ‘rclcpp::Publisher<MessageT, AllocatorT>::Publisher(rclcpp::node_interfaces::NodeBaseInterface*, const std::string&, const rclcpp::QoS&, const rclcpp::PublisherOptionsWithAllocator<AllocatorT>&) [with MessageT = example_interfaces::msg::UInt32_<std::allocator<void> >; AllocatorT = std::allocator<void>; std::string = std::__cxx11::basic_string<char>]’
[22.256s]   134 |   Publisher(
[22.256s]       |   ^~~~~~~~~
[22.258s] /opt/ros/jazzy/include/rclcpp/rclcpp/publisher.hpp:134:3: note:   candidate expects 4 arguments, 0 provided
[22.258s] /opt/ros/jazzy/include/rclcpp/rclcpp/publisher.hpp:80:7: note: candidate: ‘rclcpp::Publisher<example_interfaces::msg::UInt32_<std::allocator<void> > >::Publisher(const rclcpp::Publisher<example_interfaces::msg::UInt32_<std::allocator<void> > >&)’
[22.258s]    80 | class Publisher : public PublisherBase
[22.258s]       |       ^~~~~~~~~
[22.259s] /opt/ros/jazzy/include/rclcpp/rclcpp/publisher.hpp:80:7: note:   candidate expects 1 argument, 0 provided
[22.259s] /home/neha/ros2_ws/src/semnav_migration/src/navigation_semantic.cpp:46:75: error: no matching function for call to ‘rclcpp::Publisher<example_interfaces::msg::UInt32_<std::allocator<void> > >::Publisher()’
[22.259s]    46 |                 SemanticNavigationNode() : Node("semantic_navigation_node")  {
[22.259s]       |                                                                           ^
[22.259s] /opt/ros/jazzy/include/rclcpp/rclcpp/publisher.hpp:134:3: note: candidate: ‘rclcpp::Publisher<MessageT, AllocatorT>::Publisher(rclcpp::node_interfaces::NodeBaseInterface*, const std::string&, const rclcpp::QoS&, const rclcpp::PublisherOptionsWithAllocator<AllocatorT>&) [with MessageT = example_interfaces::msg::UInt32_<std::allocator<void> >; AllocatorT = std::allocator<void>; std::string = std::__cxx11::basic_string<char>]’
[22.259s]   134 |   Publisher(
[22.259s]       |   ^~~~~~~~~
[22.260s] /opt/ros/jazzy/include/rclcpp/rclcpp/publisher.hpp:134:3: note:   candidate expects 4 arguments, 0 provided
[22.262s] /opt/ros/jazzy/include/rclcpp/rclcpp/publisher.hpp:80:7: note: candidate: ‘rclcpp::Publisher<example_interfaces::msg::UInt32_<std::allocator<void> > >::Publisher(const rclcpp::Publisher<example_interfaces::msg::UInt32_<std::allocator<void> > >&)’
[22.262s]    80 | class Publisher : public PublisherBase
[22.262s]       |       ^~~~~~~~~
[22.262s] /opt/ros/jazzy/include/rclcpp/rclcpp/publisher.hpp:80:7: note:   candidate expects 1 argument, 0 provided
[22.276s] /home/neha/ros2_ws/src/semnav_migration/src/navigation.cpp:664:22: error: ‘TransformListener’ in namespace ‘tf2’ does not name a type
[22.276s]   664 |                 tf2::TransformListener listener_;
[22.276s]       |                      ^~~~~~~~~~~~~~~~~
[22.280s] /home/neha/ros2_ws/src/semnav_migration/src/navigation.cpp: In constructor ‘NavigationNode::NavigationNode()’:
[22.280s] /home/neha/ros2_ws/src/semnav_migration/src/navigation.cpp:46:63: error: no matching function for call to ‘rclcpp::Node::Node()’
[22.281s]    46 |         NavigationNode() : Node(std::string("navigation_node")) {
[22.281s]       |                                                               ^
[22.281s] In file included from /opt/ros/jazzy/include/rclcpp/rclcpp/executors/single_threaded_executor.hpp:28,
[22.281s]                  from /opt/ros/jazzy/include/rclcpp/rclcpp/executors.hpp:22,
[22.281s]                  from /opt/ros/jazzy/include/rclcpp/rclcpp/rclcpp.hpp:172,
[22.281s]                  from /home/neha/ros2_ws/src/semnav_migration/include/reactive_planner_lib.h:32,
[22.281s]                  from /home/neha/ros2_ws/src/semnav_migration/src/navigation.cpp:25:
[22.282s] /opt/ros/jazzy/include/rclcpp/rclcpp/node.hpp:1629:3: note: candidate: ‘rclcpp::Node::Node(const rclcpp::Node&, const std::string&)’
[22.284s]  1629 |   Node(
[22.284s]       |   ^~~~
[22.284s] /opt/ros/jazzy/include/rclcpp/rclcpp/node.hpp:1629:3: note:   candidate expects 2 arguments, 0 provided
[22.284s] /opt/ros/jazzy/include/rclcpp/rclcpp/node.hpp:103:12: note: candidate: ‘rclcpp::Node::Node(const std::string&, const std::string&, const rclcpp::NodeOptions&)’
[22.284s]   103 |   explicit Node(
[22.285s]       |            ^~~~
[22.285s] /opt/ros/jazzy/include/rclcpp/rclcpp/node.hpp:103:12: note:   candidate expects 3 arguments, 0 provided
[22.285s] /opt/ros/jazzy/include/rclcpp/rclcpp/node.hpp:91:12: note: candidate: ‘rclcpp::Node::Node(const std::string&, const rclcpp::NodeOptions&)’
[22.285s]    91 |   explicit Node(
[22.285s]       |            ^~~~
[22.285s] /opt/ros/jazzy/include/rclcpp/rclcpp/node.hpp:91:12: note:   candidate expects 2 arguments, 0 provided
[22.297s] /home/neha/ros2_ws/src/semnav_migration/src/navigation_semantic.cpp:138:113: error: no match for ‘operator=’ (operand types are ‘rclcpp::Publisher<example_interfaces::msg::UInt32_<std::allocator<void> > >’ and ‘std::shared_ptr<rclcpp::Publisher<example_interfaces::msg::UInt32_<std::allocator<void> > > >’)
[22.297s]   138 |             pub_behaviorID_ = this->create_publisher<example_interfaces::msg::UInt32>("pub_behaviorID_topic_", 1);
[22.298s]       |                                                                                                                 ^
[22.298s] /opt/ros/jazzy/include/rclcpp/rclcpp/publisher.hpp:80:7: note: candidate: ‘rclcpp::Publisher<example_interfaces::msg::UInt32_<std::allocator<void> > >& rclcpp::Publisher<example_interfaces::msg::UInt32_<std::allocator<void> > >::operator=(const rclcpp::Publisher<example_interfaces::msg::UInt32_<std::allocator<void> > >&)’ (deleted)
[22.298s]    80 | class Publisher : public PublisherBase
[22.298s]       |       ^~~~~~~~~
[22.299s] /opt/ros/jazzy/include/rclcpp/rclcpp/publisher.hpp:80:7: note:   no known conversion for argument 1 from ‘std::shared_ptr<rclcpp::Publisher<example_interfaces::msg::UInt32_<std::allocator<void> > > >’ to ‘const rclcpp::Publisher<example_interfaces::msg::UInt32_<std::allocator<void> > >&’
[22.300s] /home/neha/ros2_ws/src/semnav_migration/src/navigation_semantic.cpp:139:117: error: no match for ‘operator=’ (operand types are ‘rclcpp::Publisher<example_interfaces::msg::UInt32_<std::allocator<void> > >’ and ‘std::shared_ptr<rclcpp::Publisher<example_interfaces::msg::UInt32_<std::allocator<void> > > >’)
[22.300s]   139 |             pub_behaviorMode_ = this->create_publisher<example_interfaces::msg::UInt32>("pub_behaviorMode_topic_", 1);
[22.300s]       |                                                                                                                     ^
[22.300s] /opt/ros/jazzy/include/rclcpp/rclcpp/publisher.hpp:80:7: note: candidate: ‘rclcpp::Publisher<example_interfaces::msg::UInt32_<std::allocator<void> > >& rclcpp::Publisher<example_interfaces::msg::UInt32_<std::allocator<void> > >::operator=(const rclcpp::Publisher<example_interfaces::msg::UInt32_<std::allocator<void> > >&)’ (deleted)
[22.301s]    80 | class Publisher : public PublisherBase
[22.301s]       |       ^~~~~~~~~
[22.302s] /opt/ros/jazzy/include/rclcpp/rclcpp/publisher.hpp:80:7: note:   no known conversion for argument 1 from ‘std::shared_ptr<rclcpp::Publisher<example_interfaces::msg::UInt32_<std::allocator<void> > > >’ to ‘const rclcpp::Publisher<example_interfaces::msg::UInt32_<std::allocator<void> > >&’
[22.302s] /home/neha/ros2_ws/src/semnav_migration/src/navigation_semantic.cpp:140:103: error: no match for ‘operator=’ (operand types are ‘rclcpp::Publisher<example_interfaces::msg::UInt32_<std::allocator<void> > >’ and ‘std::shared_ptr<rclcpp::Publisher<example_interfaces::msg::UInt32_<std::allocator<void> > > >’)
[22.302s]   140 |             pub_twist_ = this->create_publisher<example_interfaces::msg::UInt32>("pub_twist_topic_", 1);
[22.302s]       |                                                                                                       ^
[22.304s] /opt/ros/jazzy/include/rclcpp/rclcpp/publisher.hpp:80:7: note: candidate: ‘rclcpp::Publisher<example_interfaces::msg::UInt32_<std::allocator<void> > >& rclcpp::Publisher<example_interfaces::msg::UInt32_<std::allocator<void> > >::operator=(const rclcpp::Publisher<example_interfaces::msg::UInt32_<std::allocator<void> > >&)’ (deleted)
[22.304s]    80 | class Publisher : public PublisherBase
[22.304s]       |       ^~~~~~~~~
[22.305s] /opt/ros/jazzy/include/rclcpp/rclcpp/publisher.hpp:80:7: note:   no known conversion for argument 1 from ‘std::shared_ptr<rclcpp::Publisher<example_interfaces::msg::UInt32_<std::allocator<void> > > >’ to ‘const rclcpp::Publisher<example_interfaces::msg::UInt32_<std::allocator<void> > >&’
[22.367s] /home/neha/ros2_ws/src/semnav_migration/src/navigation_semantic.cpp:143:116: error: no matching function for call to ‘message_filters::Subscriber<sensor_msgs::msg::LaserScan_<std::allocator<void> > >::Subscriber(rclcpp::Node&, std::string&, int)’
[22.368s]   143 |                         message_filters::Subscriber<sensor_msgs::msg::LaserScan> sub_laser(nh_, sub_laser_topic_, 1);
[22.368s]       |                                                                                                                    ^
[22.369s] In file included from /home/neha/ros2_ws/src/semnav_migration/include/reactive_planner_lib.h:43:
[22.369s] /opt/ros/jazzy/include/message_filters/message_filters/subscriber.h:224:3: note: candidate: ‘message_filters::Subscriber<M, NodeType>::Subscriber() [with M = sensor_msgs::msg::LaserScan_<std::allocator<void> >; NodeType = rclcpp::Node]’
[22.369s]   224 |   Subscriber() = default;
[22.369s]       |   ^~~~~~~~~~
[22.369s] /opt/ros/jazzy/include/message_filters/message_filters/subscriber.h:224:3: note:   candidate expects 0 arguments, 3 provided
[22.370s] /opt/ros/jazzy/include/message_filters/message_filters/subscriber.h:212:3: note: candidate: ‘message_filters::Subscriber<M, NodeType>::Subscriber(NodeType*, const std::string&, rmw_qos_profile_t, rclcpp::SubscriptionOptions) [with M = sensor_msgs::msg::LaserScan_<std::allocator<void> >; NodeType = rclcpp::Node; std::string = std::__cxx11::basic_string<char>; rmw_qos_profile_t = rmw_qos_profile_s; rclcpp::SubscriptionOptions = rclcpp::SubscriptionOptionsWithAllocator<std::allocator<void> >]’
[22.370s]   212 |   Subscriber(
[22.370s]       |   ^~~~~~~~~~
[22.370s] /opt/ros/jazzy/include/message_filters/message_filters/subscriber.h:212:3: note:   candidate expects 4 arguments, 3 provided
[22.372s] /opt/ros/jazzy/include/message_filters/message_filters/subscriber.h:203:3: note: candidate: ‘message_filters::Subscriber<M, NodeType>::Subscriber(NodePtr, const std::string&, rmw_qos_profile_t, rclcpp::SubscriptionOptions) [with M = sensor_msgs::msg::LaserScan_<std::allocator<void> >; NodeType = rclcpp::Node; NodePtr = std::shared_ptr<rclcpp::Node>; std::string = std::__cxx11::basic_string<char>; rmw_qos_profile_t = rmw_qos_profile_s; rclcpp::SubscriptionOptions = rclcpp::SubscriptionOptionsWithAllocator<std::allocator<void> >]’
[22.372s]   203 |   Subscriber(
[22.372s]       |   ^~~~~~~~~~
[22.373s] /opt/ros/jazzy/include/message_filters/message_filters/subscriber.h:203:3: note:   candidate expects 4 arguments, 3 provided
[22.373s] /opt/ros/jazzy/include/message_filters/message_filters/subscriber.h:188:3: note: candidate: ‘message_filters::Subscriber<M, NodeType>::Subscriber(NodeType*, const std::string&, rmw_qos_profile_t) [with M = sensor_msgs::msg::LaserScan_<std::allocator<void> >; NodeType = rclcpp::Node; std::string = std::__cxx11::basic_string<char>; rmw_qos_profile_t = rmw_qos_profile_s]’
[22.373s]   188 |   Subscriber(NodeType * node, const std::string& topic, const rmw_qos_profile_t qos = rmw_qos_profile_default)
[22.373s]       |   ^~~~~~~~~~
[22.373s] /opt/ros/jazzy/include/message_filters/message_filters/subscriber.h:188:25: note:   no known conversion for argument 1 from ‘rclcpp::Node’ to ‘rclcpp::Node*’
[22.373s]   188 |   Subscriber(NodeType * node, const std::string& topic, const rmw_qos_profile_t qos = rmw_qos_profile_default)
[22.373s]       |              ~~~~~~~~~~~^~~~
[22.374s] /opt/ros/jazzy/include/message_filters/message_filters/subscriber.h:183:3: note: candidate: ‘message_filters::Subscriber<M, NodeType>::Subscriber(NodePtr, const std::string&, rmw_qos_profile_t) [with M = sensor_msgs::msg::LaserScan_<std::allocator<void> >; NodeType = rclcpp::Node; NodePtr = std::shared_ptr<rclcpp::Node>; std::string = std::__cxx11::basic_string<char>; rmw_qos_profile_t = rmw_qos_profile_s]’
[22.376s]   183 |   Subscriber(NodePtr node, const std::string& topic, const rmw_qos_profile_t qos = rmw_qos_profile_default)
[22.376s]       |   ^~~~~~~~~~
[22.376s] /opt/ros/jazzy/include/message_filters/message_filters/subscriber.h:183:22: note:   no known conversion for argument 1 from ‘rclcpp::Node’ to ‘message_filters::Subscriber<sensor_msgs::msg::LaserScan_<std::allocator<void> > >::NodePtr’ {aka ‘std::shared_ptr<rclcpp::Node>’}
[22.376s]   183 |   Subscriber(NodePtr node, const std::string& topic, const rmw_qos_profile_t qos = rmw_qos_profile_default)
[22.376s]       |              ~~~~~~~~^~~~
[22.399s] /home/neha/ros2_ws/src/semnav_migration/src/navigation.cpp:138:13: error: ‘pub_behaviorID_’ was not declared in this scope; did you mean ‘pub_behaviorID_topic_’?
[22.399s]   138 |             pub_behaviorID_ = this->create_publisher<example_interfaces::msg::UInt32>("pub_behaviorID_topic_", 1);
[22.400s]       |             ^~~~~~~~~~~~~~~
[22.400s]       |             pub_behaviorID_topic_
[22.437s] /home/neha/ros2_ws/src/semnav_migration/src/navigation_semantic.cpp:144:100: error: no matching function for call to ‘message_filters::Subscriber<nav_msgs::msg::Odometry_<std::allocator<void> > >::Subscriber(rclcpp::Node&, std::string&, int)’
[22.437s]   144 |             message_filters::Subscriber<nav_msgs::msg::Odometry> sub_robot(nh_, sub_robot_topic_, 1);
[22.437s]       |                                                                                                    ^
[22.438s] /opt/ros/jazzy/include/message_filters/message_filters/subscriber.h:224:3: note: candidate: ‘message_filters::Subscriber<M, NodeType>::Subscriber() [with M = nav_msgs::msg::Odometry_<std::allocator<void> >; NodeType = rclcpp::Node]’
[22.438s]   224 |   Subscriber() = default;
[22.438s]       |   ^~~~~~~~~~
[22.438s] /opt/ros/jazzy/include/message_filters/message_filters/subscriber.h:224:3: note:   candidate expects 0 arguments, 3 provided
[22.439s] /opt/ros/jazzy/include/message_filters/message_filters/subscriber.h:212:3: note: candidate: ‘message_filters::Subscriber<M, NodeType>::Subscriber(NodeType*, const std::string&, rmw_qos_profile_t, rclcpp::SubscriptionOptions) [with M = nav_msgs::msg::Odometry_<std::allocator<void> >; NodeType = rclcpp::Node; std::string = std::__cxx11::basic_string<char>; rmw_qos_profile_t = rmw_qos_profile_s; rclcpp::SubscriptionOptions = rclcpp::SubscriptionOptionsWithAllocator<std::allocator<void> >]’
[22.439s]   212 |   Subscriber(
[22.439s]       |   ^~~~~~~~~~
[22.439s] /opt/ros/jazzy/include/message_filters/message_filters/subscriber.h:212:3: note:   candidate expects 4 arguments, 3 provided
[22.440s] /opt/ros/jazzy/include/message_filters/message_filters/subscriber.h:203:3: note: candidate: ‘message_filters::Subscriber<M, NodeType>::Subscriber(NodePtr, const std::string&, rmw_qos_profile_t, rclcpp::SubscriptionOptions) [with M = nav_msgs::msg::Odometry_<std::allocator<void> >; NodeType = rclcpp::Node; NodePtr = std::shared_ptr<rclcpp::Node>; std::string = std::__cxx11::basic_string<char>; rmw_qos_profile_t = rmw_qos_profile_s; rclcpp::SubscriptionOptions = rclcpp::SubscriptionOptionsWithAllocator<std::allocator<void> >]’
[22.440s]   203 |   Subscriber(
[22.440s]       |   ^~~~~~~~~~
[22.440s] /opt/ros/jazzy/include/message_filters/message_filters/subscriber.h:203:3: note:   candidate expects 4 arguments, 3 provided
[22.441s] /opt/ros/jazzy/include/message_filters/message_filters/subscriber.h:188:3: note: candidate: ‘message_filters::Subscriber<M, NodeType>::Subscriber(NodeType*, const std::string&, rmw_qos_profile_t) [with M = nav_msgs::msg::Odometry_<std::allocator<void> >; NodeType = rclcpp::Node; std::string = std::__cxx11::basic_string<char>; rmw_qos_profile_t = rmw_qos_profile_s]’
[22.441s]   188 |   Subscriber(NodeType * node, const std::string& topic, const rmw_qos_profile_t qos = rmw_qos_profile_default)
[22.441s]       |   ^~~~~~~~~~
[22.441s] /opt/ros/jazzy/include/message_filters/message_filters/subscriber.h:188:25: note:   no known conversion for argument 1 from ‘rclcpp::Node’ to ‘rclcpp::Node*’
[22.441s]   188 |   Subscriber(NodeType * node, const std::string& topic, const rmw_qos_profile_t qos = rmw_qos_profile_default)
[22.442s]       |              ~~~~~~~~~~~^~~~
[22.445s] /opt/ros/jazzy/include/message_filters/message_filters/subscriber.h:183:3: note: candidate: ‘message_filters::Subscriber<M, NodeType>::Subscriber(NodePtr, const std::string&, rmw_qos_profile_t) [with M = nav_msgs::msg::Odometry_<std::allocator<void> >; NodeType = rclcpp::Node; NodePtr = std::shared_ptr<rclcpp::Node>; std::string = std::__cxx11::basic_string<char>; rmw_qos_profile_t = rmw_qos_profile_s]’
[22.445s]   183 |   Subscriber(NodePtr node, const std::string& topic, const rmw_qos_profile_t qos = rmw_qos_profile_default)
[22.445s]       |   ^~~~~~~~~~
[22.445s] /opt/ros/jazzy/include/message_filters/message_filters/subscriber.h:183:22: note:   no known conversion for argument 1 from ‘rclcpp::Node’ to ‘message_filters::Subscriber<nav_msgs::msg::Odometry_<std::allocator<void> > >::NodePtr’ {aka ‘std::shared_ptr<rclcpp::Node>’}
[22.446s]   183 |   Subscriber(NodePtr node, const std::string& topic, const rmw_qos_profile_t qos = rmw_qos_profile_default)
[22.446s]       |              ~~~~~~~~^~~~
[22.505s] /home/neha/ros2_ws/src/semnav_migration/src/navigation.cpp:139:13: error: ‘pub_behaviorMode_’ was not declared in this scope; did you mean ‘pub_behaviorMode_topic_’?
[22.506s]   139 |             pub_behaviorMode_ = this->create_publisher<example_interfaces::msg::UInt32>("pub_behaviorMode_topic_", 1);
[22.506s]       |             ^~~~~~~~~~~~~~~~~
[22.506s]       |             pub_behaviorMode_topic_
[22.559s] /home/neha/ros2_ws/src/semnav_migration/src/navigation.cpp:140:13: error: ‘pub_twist_’ was not declared in this scope; did you mean ‘publish_twist’?
[22.560s]   140 |             pub_twist_ = this->create_publisher<example_interfaces::msg::UInt32>("pub_twist_topic_", 1);
[22.560s]       |             ^~~~~~~~~~
[22.560s]       |             publish_twist
[22.583s] /home/neha/ros2_ws/src/semnav_migration/src/navigation_semantic.cpp:149:55: error: ‘bind’ is not a member of ‘boost’; did you mean ‘find’?
[22.583s]   149 |                         sync->registerCallback(boost::bind(&SemanticNavigationNode::control_callback, this, _1, _2));
[22.583s]       |                                                       ^~~~
[22.583s]       |                                                       find
[22.586s] /home/neha/ros2_ws/src/semnav_migration/src/navigation_semantic.cpp:149:109: error: ‘_1’ was not declared in this scope
[22.586s]   149 |                         sync->registerCallback(boost::bind(&SemanticNavigationNode::control_callback, this, _1, _2));
[22.586s]       |                                                                                                             ^~
[22.586s] /home/neha/ros2_ws/src/semnav_migration/src/navigation_semantic.cpp:149:109: note: suggested alternatives:
[22.589s] In file included from /usr/include/boost/mpl/aux_/include_preprocessed.hpp:37,
[22.590s]                  from /usr/include/boost/mpl/placeholders.hpp:43,
[22.590s]                  from /usr/include/boost/iterator/iterator_categories.hpp:16,
[22.590s]                  from /usr/include/boost/iterator/iterator_facade.hpp:13,
[22.590s]                  from /usr/include/boost/range/iterator_range_core.hpp:27,
[22.590s]                  from /usr/include/boost/lexical_cast.hpp:48,
[22.590s]                  from /usr/include/boost/multiprecision/detail/number_base.hpp:29,
[22.590s]                  from /usr/include/boost/multiprecision/traits/is_variable_precision.hpp:9,
[22.591s]                  from /usr/include/boost/multiprecision/detail/precision.hpp:9,
[22.591s]                  from /usr/include/boost/multiprecision/number.hpp:11,
[22.593s]                  from /usr/include/boost/multiprecision/cpp_int.hpp:19,
[22.593s]                  from /usr/include/boost/multiprecision/cpp_bin_float.hpp:15,
[22.593s]                  from /usr/include/boost/geometry/core/coordinate_promotion.hpp:16,
[22.593s]                  from /usr/include/boost/geometry/core/radian_access.hpp:30,
[22.593s]                  from /usr/include/boost/geometry/geometry.hpp:50,
[22.594s]                  from /usr/include/boost/geometry.hpp:17,
[22.594s]                  from /home/neha/ros2_ws/src/semnav_migration/include/reactive_planner_lib.h:26:
[22.594s] /usr/include/boost/mpl/aux_/preprocessed/gcc/placeholders.hpp:29:16: note:   ‘mpl_::_1’
[22.594s]    29 | typedef arg<1> _1;
[22.594s]       |                ^~
[22.594s] In file included from /usr/include/boost/numeric/conversion/converter_policies.hpp:13,
[22.594s]                  from /usr/include/boost/numeric/conversion/converter.hpp:14,
[22.595s]                  from /usr/include/boost/numeric/conversion/cast.hpp:33,
[22.595s]                  from /usr/include/boost/geometry/core/radian_access.hpp:26:
[22.597s] /usr/include/c++/13/functional:294:48: note:   ‘std::placeholders::_1’
[22.597s]   294 |     _GLIBCXX_PLACEHOLDER const _Placeholder<1> _1;
[22.597s]       |                                                ^~
[22.597s] /usr/include/boost/mpl/aux_/preprocessed/gcc/placeholders.hpp:29:16: note:   ‘mpl_::_1’
[22.598s]    29 | typedef arg<1> _1;
[22.598s]       |                ^~
[22.598s] In file included from /usr/include/boost/describe/members.hpp:20,
[22.598s]                  from /usr/include/boost/container_hash/is_described_class.hpp:11,
[22.598s]                  from /usr/include/boost/container_hash/hash.hpp:18,
[22.598s]                  from /usr/include/boost/functional/hash.hpp:6,
[22.598s]                  from /usr/include/CGAL/Kernel/hash_functions.h:16,
[22.599s]                  from /usr/include/CGAL/Kernel/global_functions.h:25,
[22.599s]                  from /usr/include/CGAL/Cartesian/Cartesian_base.h:22,
[22.601s]                  from /usr/include/CGAL/Simple_cartesian.h:20,
[22.601s]                  from /usr/include/CGAL/Exact_predicates_inexact_constructions_kernel.h:20,
[22.602s]                  from /home/neha/ros2_ws/src/semnav_migration/include/polygeom_lib.h:32,
[22.602s]                  from /home/neha/ros2_ws/src/semnav_migration/include/reactive_planner_lib.h:51:
[22.602s] /usr/include/boost/mp11/bind.hpp:45:7: note:   ‘boost::mp11::_1’
[22.602s]    45 | using _1 = mp_arg<0>;
[22.602s]       |       ^~
[22.602s] /usr/include/boost/mpl/aux_/preprocessed/gcc/placeholders.hpp:29:16: note:   ‘mpl_::_1’
[22.602s]    29 | typedef arg<1> _1;
[22.603s]       |                ^~
[22.603s] /home/neha/ros2_ws/src/semnav_migration/src/navigation_semantic.cpp:149:113: error: ‘_2’ was not declared in this scope
[22.605s]   149 |                         sync->registerCallback(boost::bind(&SemanticNavigationNode::control_callback, this, _1, _2));
[22.605s]       |                                                                                                                 ^~
[22.605s] /home/neha/ros2_ws/src/semnav_migration/src/navigation_semantic.cpp:149:113: note: suggested alternatives:
[22.605s] /usr/include/boost/mpl/aux_/preprocessed/gcc/placeholders.hpp:42:16: note:   ‘mpl_::_2’
[22.606s]    42 | typedef arg<2> _2;
[22.606s]       |                ^~
[22.606s] /usr/include/c++/13/functional:295:48: note:   ‘std::placeholders::_2’
[22.606s]   295 |     _GLIBCXX_PLACEHOLDER const _Placeholder<2> _2;
[22.606s]       |                                                ^~
[22.607s] /usr/include/boost/mpl/aux_/preprocessed/gcc/placeholders.hpp:42:16: note:   ‘mpl_::_2’
[22.607s]    42 | typedef arg<2> _2;
[22.607s]       |                ^~
[22.607s] /usr/include/boost/mp11/bind.hpp:46:7: note:   ‘boost::mp11::_2’
[22.608s]    46 | using _2 = mp_arg<1>;
[22.608s]       |       ^~
[22.610s] /usr/include/boost/mpl/aux_/preprocessed/gcc/placeholders.hpp:42:16: note:   ‘mpl_::_2’
[22.610s]    42 | typedef arg<2> _2;
[22.610s]       |                ^~
[22.610s] /home/neha/ros2_ws/src/semnav_migration/src/navigation_semantic.cpp:151:67: error: ‘class SemanticNavigationNode’ has no member named ‘create_subscriber’; did you mean ‘create_subscription’?
[22.610s]   151 |                         rclcpp::Subscription sub_semantic = this->create_subscriber("sub_semantic_topic_", 1);
[22.611s]       |                                                                   ^~~~~~~~~~~~~~~~~
[22.611s]       |                                                                   create_subscription
[22.611s] /home/neha/ros2_ws/src/semnav_migration/src/navigation_semantic.cpp:162:37: error: no matching function for call to ‘spin(SemanticNavigationNode*)’
[22.611s]   162 |                         rclcpp::spin(this);
[22.611s]       |                         ~~~~~~~~~~~~^~~~~~
[22.611s] /opt/ros/jazzy/include/rclcpp/rclcpp/executors.hpp:58:1: note: candidate: ‘void rclcpp::spin(node_interfaces::NodeBaseInterface::SharedPtr)’
[22.611s]    58 | spin(rclcpp::node_interfaces::NodeBaseInterface::SharedPtr node_ptr);
[22.612s]       | ^~~~
[22.613s] /opt/ros/jazzy/include/rclcpp/rclcpp/executors.hpp:58:60: note:   no known conversion for argument 1 from ‘SemanticNavigationNode*’ to ‘rclcpp::node_interfaces::NodeBaseInterface::SharedPtr’ {aka ‘std::shared_ptr<rclcpp::node_interfaces::NodeBaseInterface>’}
[22.613s]    58 | spin(rclcpp::node_interfaces::NodeBaseInterface::SharedPtr node_ptr);
[22.613s]       |      ~~~~~~~~~~~~~~~~~~~~~~~~~~~~~~~~~~~~~~~~~~~~~~~~~~~~~~^~~~~~~~
[22.614s] /opt/ros/jazzy/include/rclcpp/rclcpp/executors.hpp:62:1: note: candidate: ‘void rclcpp::spin(Node::SharedPtr)’
[22.614s]    62 | spin(rclcpp::Node::SharedPtr node_ptr);
[22.614s]       | ^~~~
[22.614s] /opt/ros/jazzy/include/rclcpp/rclcpp/executors.hpp:62:30: note:   no known conversion for argument 1 from ‘SemanticNavigationNode*’ to ‘rclcpp::Node::SharedPtr’ {aka ‘std::shared_ptr<rclcpp::Node>’}
[22.614s]    62 | spin(rclcpp::Node::SharedPtr node_ptr);
[22.614s]       |      ~~~~~~~~~~~~~~~~~~~~~~~~^~~~~~~~
[22.614s] /home/neha/ros2_ws/src/semnav_migration/src/navigation_semantic.cpp: In member function ‘void SemanticNavigationNode::publish_twist(double, double)’:
[22.615s] /home/neha/ros2_ws/src/semnav_migration/src/navigation_semantic.cpp:169:43: error: no matching function for call to ‘rclcpp::Publisher<example_interfaces::msg::UInt32_<std::allocator<void> > >::publish(geometry_msgs::msg::Twist&)’
[22.615s]   169 |                         pub_twist_.publish(commandTwist);
[22.618s]       |                         ~~~~~~~~~~~~~~~~~~^~~~~~~~~~~~~~
[22.619s] /opt/ros/jazzy/include/rclcpp/rclcpp/publisher.hpp:239:3: note: candidate: ‘template<class T> std::enable_if_t<(rosidl_generator_traits::is_message<T>::value && std::is_same<T, typename rclcpp::TypeAdapter<MessageT>::ros_message_type>::value)> rclcpp::Publisher<MessageT, AllocatorT>::publish(std::unique_ptr<T, typename std::conditional<std::is_same<typename std::allocator_traits<typename std::allocator_traits<_Allocator>::rebind_traits<typename rclcpp::TypeAdapter<MessageT, void, void>::ros_message_type>::allocator_type>::rebind_alloc<typename rclcpp::TypeAdapter<MessageT, void, void>::ros_message_type>, std::allocator<typename rclcpp::TypeAdapter<MessageT>::ros_message_type> >::value, std::default_delete<typename rclcpp::TypeAdapter<MessageT>::ros_message_type>, rclcpp::allocator::AllocatorDeleter<typename std::allocator_traits<_Allocator>::rebind_traits<typename rclcpp::TypeAdapter<MessageT, void, void>::ros_message_type>::allocator_type> >::type>) [with MessageT = example_interfaces::msg::UInt32_<std::allocator<void> >; AllocatorT = std::allocator<void>]’
[22.619s]   239 |   publish(std::unique_ptr<T, ROSMessageTypeDeleter> msg)
[22.619s]       |   ^~~~~~~
[22.619s] /opt/ros/jazzy/include/rclcpp/rclcpp/publisher.hpp:239:3: note:   template argument deduction/substitution failed:
[22.619s] /home/neha/ros2_ws/src/semnav_migration/src/navigation_semantic.cpp:169:43: note:   ‘geometry_msgs::msg::Twist_<std::allocator<void> >’ is not derived from ‘std::unique_ptr<T, std::default_delete<example_interfaces::msg::UInt32_<std::allocator<void> > > >’
[22.619s]   169 |                         pub_twist_.publish(commandTwist);
[22.619s]       |                         ~~~~~~~~~~~~~~~~~~^~~~~~~~~~~~~~
[22.620s] /opt/ros/jazzy/include/rclcpp/rclcpp/publisher.hpp:289:3: note: candidate: ‘template<class T> std::enable_if_t<(rosidl_generator_traits::is_message<T>::value && std::is_same<T, typename rclcpp::TypeAdapter<MessageT>::ros_message_type>::value)> rclcpp::Publisher<MessageT, AllocatorT>::publish(const T&) [with MessageT = example_interfaces::msg::UInt32_<std::allocator<void> >; AllocatorT = std::allocator<void>]’
[22.620s]   289 |   publish(const T & msg)
[22.620s]       |   ^~~~~~~
[22.620s] /opt/ros/jazzy/include/rclcpp/rclcpp/publisher.hpp:289:3: note:   template argument deduction/substitution failed:
[22.620s] In file included from /usr/include/c++/13/bits/stl_iterator_base_types.h:67,
[22.620s]                  from /usr/include/c++/13/iterator:61,
[22.620s]                  from /usr/include/boost/iterator/iterator_traits.hpp:10,
[22.621s]                  from /usr/include/boost/range/mutable_iterator.hpp:23,
[22.621s]                  from /usr/include/boost/range/iterator.hpp:20,
[22.623s]                  from /usr/include/boost/range/value_type.hpp:19,
[22.623s]                  from /usr/include/boost/geometry/core/closure.hpp:21,
[22.623s]                  from /usr/include/boost/geometry/geometry.hpp:31:
[22.623s] /usr/include/c++/13/type_traits: In substitution of ‘template<bool _Cond, class _Tp> using std::enable_if_t = typename std::enable_if::type [with bool _Cond = false; _Tp = void]’:
[22.624s] /opt/ros/jazzy/include/rclcpp/rclcpp/publisher.hpp:289:3:   required by substitution of ‘template<class T> std::enable_if_t<(rosidl_generator_traits::is_message<T>::value && std::is_same<T, example_interfaces::msg::UInt32_<std::allocator<void> > >::value), void> rclcpp::Publisher<example_interfaces::msg::UInt32_<std::allocator<void> > >::publish(const T&) [with T = geometry_msgs::msg::Twist_<std::allocator<void> >]’
[22.624s] /home/neha/ros2_ws/src/semnav_migration/src/navigation_semantic.cpp:169:22:   required from here
[22.624s] /usr/include/c++/13/type_traits:2610:11: error: no type named ‘type’ in ‘struct std::enable_if<false, void>’
[22.624s]  2610 |     using enable_if_t = typename enable_if<_Cond, _Tp>::type;
[22.624s]       |           ^~~~~~~~~~~
[22.624s] /opt/ros/jazzy/include/rclcpp/rclcpp/publisher.hpp:319:3: note: candidate: ‘template<class T> std::enable_if_t<(typename rclcpp::TypeAdapter<MessageT>::is_specialized::value && std::is_same<T, typename rclcpp::TypeAdapter<MessageT>::custom_type>::value)> rclcpp::Publisher<MessageT, AllocatorT>::publish(std::unique_ptr<T, typename std::conditional<std::is_same<typename std::allocator_traits<typename std::allocator_traits<_Allocator>::rebind_traits<typename rclcpp::TypeAdapter<MessageT, void, void>::custom_type>::allocator_type>::rebind_alloc<typename rclcpp::TypeAdapter<MessageT, void, void>::custom_type>, std::allocator<typename rclcpp::TypeAdapter<MessageT>::custom_type> >::value, std::default_delete<typename rclcpp::TypeAdapter<MessageT>::custom_type>, rclcpp::allocator::AllocatorDeleter<typename std::allocator_traits<_Allocator>::rebind_traits<typename rclcpp::TypeAdapter<MessageT, void, void>::custom_type>::allocator_type> >::type>) [with MessageT = example_interfaces::msg::UInt32_<std::allocator<void> >; AllocatorT = std::allocator<void>]’
[22.624s]   319 |   publish(std::unique_ptr<T, PublishedTypeDeleter> msg)
[22.625s]       |   ^~~~~~~
[22.627s] /opt/ros/jazzy/include/rclcpp/rclcpp/publisher.hpp:319:3: note:   template argument deduction/substitution failed:
[22.627s] /home/neha/ros2_ws/src/semnav_migration/src/navigation_semantic.cpp:169:43: note:   ‘geometry_msgs::msg::Twist_<std::allocator<void> >’ is not derived from ‘std::unique_ptr<T, std::default_delete<example_interfaces::msg::UInt32_<std::allocator<void> > > >’
[22.628s]   169 |                         pub_twist_.publish(commandTwist);
[22.628s]       |                         ~~~~~~~~~~~~~~~~~~^~~~~~~~~~~~~~
[22.628s] /opt/ros/jazzy/include/rclcpp/rclcpp/publisher.hpp:366:3: note: candidate: ‘template<class T> std::enable_if_t<(typename rclcpp::TypeAdapter<MessageT>::is_specialized::value && std::is_same<T, typename rclcpp::TypeAdapter<MessageT>::custom_type>::value)> rclcpp::Publisher<MessageT, AllocatorT>::publish(const T&) [with MessageT = example_interfaces::msg::UInt32_<std::allocator<void> >; AllocatorT = std::allocator<void>]’
[22.628s]   366 |   publish(const T & msg)
[22.628s]       |   ^~~~~~~
[22.628s] /opt/ros/jazzy/include/rclcpp/rclcpp/publisher.hpp:366:3: note:   template argument deduction/substitution failed:
[22.628s] /opt/ros/jazzy/include/rclcpp/rclcpp/publisher.hpp:384:3: note: candidate: ‘void rclcpp::Publisher<MessageT, AllocatorT>::publish(const rcl_serialized_message_t&) [with MessageT = example_interfaces::msg::UInt32_<std::allocator<void> >; AllocatorT = std::allocator<void>; rcl_serialized_message_t = rcutils_uint8_array_s]’
[22.629s]   384 |   publish(const rcl_serialized_message_t & serialized_msg)
[22.631s]       |   ^~~~~~~
[22.631s] /opt/ros/jazzy/include/rclcpp/rclcpp/publisher.hpp:384:44: note:   no known conversion for argument 1 from ‘geometry_msgs::msg::Twist’ {aka ‘geometry_msgs::msg::Twist_<std::allocator<void> >’} to ‘const rcl_serialized_message_t&’ {aka ‘const rcutils_uint8_array_s&’}
[22.631s]   384 |   publish(const rcl_serialized_message_t & serialized_msg)
[22.631s]       |           ~~~~~~~~~~~~~~~~~~~~~~~~~~~~~~~~~^~~~~~~~~~~~~~
[22.632s] /opt/ros/jazzy/include/rclcpp/rclcpp/publisher.hpp:390:3: note: candidate: ‘void rclcpp::Publisher<MessageT, AllocatorT>::publish(const rclcpp::SerializedMessage&) [with MessageT = example_interfaces::msg::UInt32_<std::allocator<void> >; AllocatorT = std::allocator<void>]’
[22.632s]   390 |   publish(const SerializedMessage & serialized_msg)
[22.632s]       |   ^~~~~~~
[22.632s] /opt/ros/jazzy/include/rclcpp/rclcpp/publisher.hpp:390:37: note:   no known conversion for argument 1 from ‘geometry_msgs::msg::Twist’ {aka ‘geometry_msgs::msg::Twist_<std::allocator<void> >’} to ‘const rclcpp::SerializedMessage&’
[22.632s]   390 |   publish(const SerializedMessage & serialized_msg)
[22.632s]       |           ~~~~~~~~~~~~~~~~~~~~~~~~~~^~~~~~~~~~~~~~
[22.632s] /opt/ros/jazzy/include/rclcpp/rclcpp/publisher.hpp:404:3: note: candidate: ‘void rclcpp::Publisher<MessageT, AllocatorT>::publish(rclcpp::LoanedMessage<typename rclcpp::TypeAdapter<MessageT>::ros_message_type, AllocatorT>&&) [with MessageT = example_interfaces::msg::UInt32_<std::allocator<void> >; AllocatorT = std::allocator<void>; typename rclcpp::TypeAdapter<MessageT>::ros_message_type = example_interfaces::msg::UInt32_<std::allocator<void> >]’
[22.632s]   404 |   publish(rclcpp::LoanedMessage<ROSMessageType, AllocatorT> && loaned_msg)
[22.633s]       |   ^~~~~~~
[22.633s] /opt/ros/jazzy/include/rclcpp/rclcpp/publisher.hpp:404:64: note:   no known conversion for argument 1 from ‘geometry_msgs::msg::Twist’ {aka ‘geometry_msgs::msg::Twist_<std::allocator<void> >’} to ‘rclcpp::LoanedMessage<example_interfaces::msg::UInt32_<std::allocator<void> >, std::allocator<void> >&&’
[22.634s]   404 |   publish(rclcpp::LoanedMessage<ROSMessageType, AllocatorT> && loaned_msg)
[22.634s]       |           ~~~~~~~~~~~~~~~~~~~~~~~~~~~~~~~~~~~~~~~~~~~~~~~~~~~~~^~~~~~~~~~
[22.634s] /home/neha/ros2_ws/src/semnav_migration/src/navigation.cpp:143:116: error: no matching function for call to ‘message_filters::Subscriber<sensor_msgs::msg::LaserScan_<std::allocator<void> > >::Subscriber(rclcpp::Node&, std::string&, int)’
[22.634s]   143 |                         message_filters::Subscriber<sensor_msgs::msg::LaserScan> sub_laser(nh_, sub_laser_topic_, 1);
[22.635s]       |                                                                                                                    ^
[22.635s] In file included from /home/neha/ros2_ws/src/semnav_migration/include/reactive_planner_lib.h:43:
[22.635s] /opt/ros/jazzy/include/message_filters/message_filters/subscriber.h:224:3: note: candidate: ‘message_filters::Subscriber<M, NodeType>::Subscriber() [with M = sensor_msgs::msg::LaserScan_<std::allocator<void> >; NodeType = rclcpp::Node]’
[22.635s]   224 |   Subscriber() = default;
[22.635s]       |   ^~~~~~~~~~
[22.635s] /opt/ros/jazzy/include/message_filters/message_filters/subscriber.h:224:3: note:   candidate expects 0 arguments, 3 provided
[22.635s] /opt/ros/jazzy/include/message_filters/message_filters/subscriber.h:212:3: note: candidate: ‘message_filters::Subscriber<M, NodeType>::Subscriber(NodeType*, const std::string&, rmw_qos_profile_t, rclcpp::SubscriptionOptions) [with M = sensor_msgs::msg::LaserScan_<std::allocator<void> >; NodeType = rclcpp::Node; std::string = std::__cxx11::basic_string<char>; rmw_qos_profile_t = rmw_qos_profile_s; rclcpp::SubscriptionOptions = rclcpp::SubscriptionOptionsWithAllocator<std::allocator<void> >]’
[22.636s]   212 |   Subscriber(
[22.638s]       |   ^~~~~~~~~~
[22.638s] /opt/ros/jazzy/include/message_filters/message_filters/subscriber.h:212:3: note:   candidate expects 4 arguments, 3 provided
[22.638s] /opt/ros/jazzy/include/message_filters/message_filters/subscriber.h:203:3: note: candidate: ‘message_filters::Subscriber<M, NodeType>::Subscriber(NodePtr, const std::string&, rmw_qos_profile_t, rclcpp::SubscriptionOptions) [with M = sensor_msgs::msg::LaserScan_<std::allocator<void> >; NodeType = rclcpp::Node; NodePtr = std::shared_ptr<rclcpp::Node>; std::string = std::__cxx11::basic_string<char>; rmw_qos_profile_t = rmw_qos_profile_s; rclcpp::SubscriptionOptions = rclcpp::SubscriptionOptionsWithAllocator<std::allocator<void> >]’
[22.638s]   203 |   Subscriber(
[22.639s]       |   ^~~~~~~~~~
[22.639s] /opt/ros/jazzy/include/message_filters/message_filters/subscriber.h:203:3: note:   candidate expects 4 arguments, 3 provided
[22.639s] /opt/ros/jazzy/include/message_filters/message_filters/subscriber.h:188:3: note: candidate: ‘message_filters::Subscriber<M, NodeType>::Subscriber(NodeType*, const std::string&, rmw_qos_profile_t) [with M = sensor_msgs::msg::LaserScan_<std::allocator<void> >; NodeType = rclcpp::Node; std::string = std::__cxx11::basic_string<char>; rmw_qos_profile_t = rmw_qos_profile_s]’
[22.639s]   188 |   Subscriber(NodeType * node, const std::string& topic, const rmw_qos_profile_t qos = rmw_qos_profile_default)
[22.639s]       |   ^~~~~~~~~~
[22.639s] /opt/ros/jazzy/include/message_filters/message_filters/subscriber.h:188:25: note:   no known conversion for argument 1 from ‘rclcpp::Node’ to ‘rclcpp::Node*’
[22.639s]   188 |   Subscriber(NodeType * node, const std::string& topic, const rmw_qos_profile_t qos = rmw_qos_profile_default)
[22.640s]       |              ~~~~~~~~~~~^~~~
[22.642s] /opt/ros/jazzy/include/message_filters/message_filters/subscriber.h:183:3: note: candidate: ‘message_filters::Subscriber<M, NodeType>::Subscriber(NodePtr, const std::string&, rmw_qos_profile_t) [with M = sensor_msgs::msg::LaserScan_<std::allocator<void> >; NodeType = rclcpp::Node; NodePtr = std::shared_ptr<rclcpp::Node>; std::string = std::__cxx11::basic_string<char>; rmw_qos_profile_t = rmw_qos_profile_s]’
[22.642s]   183 |   Subscriber(NodePtr node, const std::string& topic, const rmw_qos_profile_t qos = rmw_qos_profile_default)
[22.642s]       |   ^~~~~~~~~~
[22.642s] /opt/ros/jazzy/include/message_filters/message_filters/subscriber.h:183:22: note:   no known conversion for argument 1 from ‘rclcpp::Node’ to ‘message_filters::Subscriber<sensor_msgs::msg::LaserScan_<std::allocator<void> > >::NodePtr’ {aka ‘std::shared_ptr<rclcpp::Node>’}
[22.643s]   183 |   Subscriber(NodePtr node, const std::string& topic, const rmw_qos_profile_t qos = rmw_qos_profile_default)
[22.643s]       |              ~~~~~~~~^~~~
[22.696s] /home/neha/ros2_ws/src/semnav_migration/src/navigation.cpp:144:112: error: no matching function for call to ‘message_filters::Subscriber<nav_msgs::msg::Odometry_<std::allocator<void> > >::Subscriber(rclcpp::Node&, std::string&, int)’
[22.696s]   144 |                         message_filters::Subscriber<nav_msgs::msg::Odometry> sub_robot(nh_, sub_robot_topic_, 1);
[22.696s]       |                                                                                                                ^
[22.696s] /opt/ros/jazzy/include/message_filters/message_filters/subscriber.h:224:3: note: candidate: ‘message_filters::Subscriber<M, NodeType>::Subscriber() [with M = nav_msgs::msg::Odometry_<std::allocator<void> >; NodeType = rclcpp::Node]’
[22.697s]   224 |   Subscriber() = default;
[22.697s]       |   ^~~~~~~~~~
[22.697s] /opt/ros/jazzy/include/message_filters/message_filters/subscriber.h:224:3: note:   candidate expects 0 arguments, 3 provided
[22.697s] /opt/ros/jazzy/include/message_filters/message_filters/subscriber.h:212:3: note: candidate: ‘message_filters::Subscriber<M, NodeType>::Subscriber(NodeType*, const std::string&, rmw_qos_profile_t, rclcpp::SubscriptionOptions) [with M = nav_msgs::msg::Odometry_<std::allocator<void> >; NodeType = rclcpp::Node; std::string = std::__cxx11::basic_string<char>; rmw_qos_profile_t = rmw_qos_profile_s; rclcpp::SubscriptionOptions = rclcpp::SubscriptionOptionsWithAllocator<std::allocator<void> >]’
[22.697s]   212 |   Subscriber(
[22.697s]       |   ^~~~~~~~~~
[22.697s] /opt/ros/jazzy/include/message_filters/message_filters/subscriber.h:212:3: note:   candidate expects 4 arguments, 3 provided
[22.698s] /opt/ros/jazzy/include/message_filters/message_filters/subscriber.h:203:3: note: candidate: ‘message_filters::Subscriber<M, NodeType>::Subscriber(NodePtr, const std::string&, rmw_qos_profile_t, rclcpp::SubscriptionOptions) [with M = nav_msgs::msg::Odometry_<std::allocator<void> >; NodeType = rclcpp::Node; NodePtr = std::shared_ptr<rclcpp::Node>; std::string = std::__cxx11::basic_string<char>; rmw_qos_profile_t = rmw_qos_profile_s; rclcpp::SubscriptionOptions = rclcpp::SubscriptionOptionsWithAllocator<std::allocator<void> >]’
[22.701s]   203 |   Subscriber(
[22.701s]       |   ^~~~~~~~~~
[22.701s] /opt/ros/jazzy/include/message_filters/message_filters/subscriber.h:203:3: note:   candidate expects 4 arguments, 3 provided
[22.701s] /opt/ros/jazzy/include/message_filters/message_filters/subscriber.h:188:3: note: candidate: ‘message_filters::Subscriber<M, NodeType>::Subscriber(NodeType*, const std::string&, rmw_qos_profile_t) [with M = nav_msgs::msg::Odometry_<std::allocator<void> >; NodeType = rclcpp::Node; std::string = std::__cxx11::basic_string<char>; rmw_qos_profile_t = rmw_qos_profile_s]’
[22.702s]   188 |   Subscriber(NodeType * node, const std::string& topic, const rmw_qos_profile_t qos = rmw_qos_profile_default)
[22.702s]       |   ^~~~~~~~~~
[22.702s] /opt/ros/jazzy/include/message_filters/message_filters/subscriber.h:188:25: note:   no known conversion for argument 1 from ‘rclcpp::Node’ to ‘rclcpp::Node*’
[22.702s]   188 |   Subscriber(NodeType * node, const std::string& topic, const rmw_qos_profile_t qos = rmw_qos_profile_default)
[22.702s]       |              ~~~~~~~~~~~^~~~
[22.702s] /opt/ros/jazzy/include/message_filters/message_filters/subscriber.h:183:3: note: candidate: ‘message_filters::Subscriber<M, NodeType>::Subscriber(NodePtr, const std::string&, rmw_qos_profile_t) [with M = nav_msgs::msg::Odometry_<std::allocator<void> >; NodeType = rclcpp::Node; NodePtr = std::shared_ptr<rclcpp::Node>; std::string = std::__cxx11::basic_string<char>; rmw_qos_profile_t = rmw_qos_profile_s]’
[22.702s]   183 |   Subscriber(NodePtr node, const std::string& topic, const rmw_qos_profile_t qos = rmw_qos_profile_default)
[22.702s]       |   ^~~~~~~~~~
[22.703s] /opt/ros/jazzy/include/message_filters/message_filters/subscriber.h:183:22: note:   no known conversion for argument 1 from ‘rclcpp::Node’ to ‘message_filters::Subscriber<nav_msgs::msg::Odometry_<std::allocator<void> > >::NodePtr’ {aka ‘std::shared_ptr<rclcpp::Node>’}
[22.705s]   183 |   Subscriber(NodePtr node, const std::string& topic, const rmw_qos_profile_t qos = rmw_qos_profile_default)
[22.705s]       |              ~~~~~~~~^~~~
[22.772s] /home/neha/ros2_ws/src/semnav_migration/src/navigation_semantic.cpp: In member function ‘void SemanticNavigationNode::control_callback(const sensor_msgs::msg::LaserScan_<std::allocator<void> >::ConstPtr&, const nav_msgs::msg::Odometry_<std::allocator<void> >::ConstPtr&)’:
[22.772s] /home/neha/ros2_ws/src/semnav_migration/src/navigation_semantic.cpp:407:33: error: ‘listener_’ was not declared in this scope
[22.772s]   407 |                                 listener_.waitForTransform(world_frame_id_, odom_frame_id_, rclcpp::Time(0), rclcpp::Duration(std::chrono::nanoseconds(1000000000));
[22.773s]       |                                 ^~~~~~~~~
[22.774s] /home/neha/ros2_ws/src/semnav_migration/src/navigation_semantic.cpp:407:164: error: expected ‘)’ before ‘;’ token
[22.774s]   407 |                                 listener_.waitForTransform(world_frame_id_, odom_frame_id_, rclcpp::Time(0), rclcpp::Duration(std::chrono::nanoseconds(1000000000));
[22.774s]       |                                                                                                                                                                    ^
[22.777s] /home/neha/ros2_ws/src/semnav_migration/src/navigation_semantic.cpp:407:59: note: to match this ‘(’
[22.777s]   407 |                                 listener_.waitForTransform(world_frame_id_, odom_frame_id_, rclcpp::Time(0), rclcpp::Duration(std::chrono::nanoseconds(1000000000));
[22.777s]       |                                                           ^
[22.777s] In file included from /opt/ros/jazzy/include/rclcpp/rclcpp/copy_all_parameter_values.hpp:27,
[22.778s]                  from /opt/ros/jazzy/include/rclcpp/rclcpp/rclcpp.hpp:171:
[22.778s] /home/neha/ros2_ws/src/semnav_migration/src/navigation_semantic.cpp:410:33: error: static assertion failed: First argument to logging macros must be an rclcpp::Logger
[22.778s]   410 |                                 RCLCPP_ERROR("%s",ex.what());
[22.778s]       |                                 ^~~~~~~~~~~~
[22.778s] In file included from /opt/ros/jazzy/include/rclcpp/rclcpp/logging.hpp:24:
[22.779s] /home/neha/ros2_ws/src/semnav_migration/src/navigation_semantic.cpp:410:33: error: request for member ‘get_name’ in ‘("%s")’, which is of non-class type ‘const char [3]’
[22.779s]   410 |                                 RCLCPP_ERROR("%s",ex.what());
[22.779s]       |                                 ^~~~~~~~~~~~
[22.779s] /home/neha/ros2_ws/src/semnav_migration/src/navigation_semantic.cpp:410:33: error: request for member ‘get_name’ in ‘("%s")’, which is of non-class type ‘const char [3]’
[22.779s]   410 |                                 RCLCPP_ERROR("%s",ex.what());
[22.779s]       |                                 ^~~~~~~~~~~~
[22.781s] /home/neha/ros2_ws/src/semnav_migration/src/navigation_semantic.cpp:435:42: error: could not convert ‘lidar_data’ from ‘shared_ptr<LaserScan_<[...]>>’ to ‘shared_ptr<LaserScan_<[...]>>’
[22.781s]   435 |                         constructLIDAR2D(lidar_data, CutoffRange_, AllowableRange_, RobotPitch_, &LIDAR);
[22.781s]       |                                          ^~~~~~~~~~
[22.781s]       |                                          |
[22.781s]       |                                          shared_ptr<LaserScan_<[...]>>
[22.824s] /home/neha/ros2_ws/src/semnav_migration/src/navigation_semantic.cpp: In function ‘int main(int, char**)’:
[22.824s] /home/neha/ros2_ws/src/semnav_migration/src/navigation_semantic.cpp:701:34: error: invalid initialization of reference of type ‘const rclcpp::InitOptions&’ from expression of type ‘const char [20]’
[22.824s]   701 |         rclcpp::init(argc, argv, "navigation_semantic");
[22.824s]       |                                  ^~~~~~~~~~~~~~~~~~~~~
[22.825s] In file included from /opt/ros/jazzy/include/rclcpp/rclcpp/logging.hpp:25:
[22.825s] /opt/ros/jazzy/include/rclcpp/rclcpp/utilities.hpp:78:23: note: in passing argument 3 of ‘void rclcpp::init(int, const char* const*, const InitOptions&, SignalHandlerOptions)’
[22.825s]    78 |   const InitOptions & init_options = InitOptions(),
[22.825s]       |   ~~~~~~~~~~~~~~~~~~~~^~~~~~~~~~~~~~~~~~~~~~~~~~~~
[22.831s] /home/neha/ros2_ws/src/semnav_migration/src/navigation.cpp:149:55: error: ‘bind’ is not a member of ‘boost’; did you mean ‘find’?
[22.832s]   149 |                         sync->registerCallback(boost::bind(&NavigationNode::control_callback, this, _1, _2));
[22.832s]       |                                                       ^~~~
[22.832s]       |                                                       find
[22.838s] /home/neha/ros2_ws/src/semnav_migration/src/navigation.cpp:149:101: error: ‘_1’ was not declared in this scope
[22.838s]   149 |                         sync->registerCallback(boost::bind(&NavigationNode::control_callback, this, _1, _2));
[22.838s]       |                                                                                                     ^~
[22.838s] /home/neha/ros2_ws/src/semnav_migration/src/navigation.cpp:149:101: note: suggested alternatives:
[22.839s] In file included from /usr/include/boost/mpl/aux_/include_preprocessed.hpp:37,
[22.839s]                  from /usr/include/boost/mpl/placeholders.hpp:43,
[22.839s]                  from /usr/include/boost/iterator/iterator_categories.hpp:16,
[22.839s]                  from /usr/include/boost/iterator/iterator_facade.hpp:13,
[22.839s]                  from /usr/include/boost/range/iterator_range_core.hpp:27,
[22.839s]                  from /usr/include/boost/lexical_cast.hpp:48,
[22.839s]                  from /usr/include/boost/multiprecision/detail/number_base.hpp:29,
[22.840s]                  from /usr/include/boost/multiprecision/traits/is_variable_precision.hpp:9,
[22.841s]                  from /usr/include/boost/multiprecision/detail/precision.hpp:9,
[22.841s]                  from /usr/include/boost/multiprecision/number.hpp:11,
[22.841s]                  from /usr/include/boost/multiprecision/cpp_int.hpp:19,
[22.841s]                  from /usr/include/boost/multiprecision/cpp_bin_float.hpp:15,
[22.841s]                  from /usr/include/boost/geometry/core/coordinate_promotion.hpp:16,
[22.841s]                  from /usr/include/boost/geometry/core/radian_access.hpp:30,
[22.841s]                  from /usr/include/boost/geometry/geometry.hpp:50,
[22.842s]                  from /usr/include/boost/geometry.hpp:17,
[22.842s]                  from /home/neha/ros2_ws/src/semnav_migration/include/reactive_planner_lib.h:26:
[22.842s] /usr/include/boost/mpl/aux_/preprocessed/gcc/placeholders.hpp:29:16: note:   ‘mpl_::_1’
[22.842s]    29 | typedef arg<1> _1;
[22.842s]       |                ^~
[22.842s] In file included from /usr/include/boost/numeric/conversion/converter_policies.hpp:13,
[22.842s]                  from /usr/include/boost/numeric/conversion/converter.hpp:14,
[22.842s]                  from /usr/include/boost/numeric/conversion/cast.hpp:33,
[22.843s]                  from /usr/include/boost/geometry/core/radian_access.hpp:26:
[22.847s] /usr/include/c++/13/functional:294:48: note:   ‘std::placeholders::_1’
[22.847s]   294 |     _GLIBCXX_PLACEHOLDER const _Placeholder<1> _1;
[22.847s]       |                                                ^~
[22.847s] /usr/include/boost/mpl/aux_/preprocessed/gcc/placeholders.hpp:29:16: note:   ‘mpl_::_1’
[22.847s]    29 | typedef arg<1> _1;
[22.848s]       |                ^~
[22.848s] In file included from /usr/include/boost/describe/members.hpp:20,
[22.848s]                  from /usr/include/boost/container_hash/is_described_class.hpp:11,
[22.848s]                  from /usr/include/boost/container_hash/hash.hpp:18,
[22.848s]                  from /usr/include/boost/functional/hash.hpp:6,
[22.848s]                  from /usr/include/CGAL/Kernel/hash_functions.h:16,
[22.848s]                  from /usr/include/CGAL/Kernel/global_functions.h:25,
[22.848s]                  from /usr/include/CGAL/Cartesian/Cartesian_base.h:22,
[22.849s]                  from /usr/include/CGAL/Simple_cartesian.h:20,
[22.851s]                  from /usr/include/CGAL/Exact_predicates_inexact_constructions_kernel.h:20,
[22.851s]                  from /home/neha/ros2_ws/src/semnav_migration/include/polygeom_lib.h:32,
[22.851s]                  from /home/neha/ros2_ws/src/semnav_migration/include/reactive_planner_lib.h:51:
[22.851s] /usr/include/boost/mp11/bind.hpp:45:7: note:   ‘boost::mp11::_1’
[22.851s]    45 | using _1 = mp_arg<0>;
[22.852s]       |       ^~
[22.852s] /usr/include/boost/mpl/aux_/preprocessed/gcc/placeholders.hpp:29:16: note:   ‘mpl_::_1’
[22.852s]    29 | typedef arg<1> _1;
[22.852s]       |                ^~
[22.852s] /home/neha/ros2_ws/src/semnav_migration/src/navigation.cpp:149:105: error: ‘_2’ was not declared in this scope
[22.852s]   149 |                         sync->registerCallback(boost::bind(&NavigationNode::control_callback, this, _1, _2));
[22.852s]       |                                                                                                         ^~
[22.852s] /home/neha/ros2_ws/src/semnav_migration/src/navigation.cpp:149:105: note: suggested alternatives:
[22.853s] /usr/include/boost/mpl/aux_/preprocessed/gcc/placeholders.hpp:42:16: note:   ‘mpl_::_2’
[22.855s]    42 | typedef arg<2> _2;
[22.855s]       |                ^~
[22.855s] /usr/include/c++/13/functional:295:48: note:   ‘std::placeholders::_2’
[22.855s]   295 |     _GLIBCXX_PLACEHOLDER const _Placeholder<2> _2;
[22.855s]       |                                                ^~
[22.856s] /usr/include/boost/mpl/aux_/preprocessed/gcc/placeholders.hpp:42:16: note:   ‘mpl_::_2’
[22.856s]    42 | typedef arg<2> _2;
[22.856s]       |                ^~
[22.856s] /usr/include/boost/mp11/bind.hpp:46:7: note:   ‘boost::mp11::_2’
[22.856s]    46 | using _2 = mp_arg<1>;
[22.856s]       |       ^~
[22.856s] /usr/include/boost/mpl/aux_/preprocessed/gcc/placeholders.hpp:42:16: note:   ‘mpl_::_2’
[22.857s]    42 | typedef arg<2> _2;
[22.857s]       |                ^~
[22.859s] /home/neha/ros2_ws/src/semnav_migration/src/navigation.cpp:152:55: error: ‘class NavigationNode’ has no member named ‘create_subscriber’; did you mean ‘create_subscription’?
[22.859s]   152 |             rclcpp::Subscription sub_semantic = this->create_subscriber(sub_semantic_topic_, 1);
[22.859s]       |                                                       ^~~~~~~~~~~~~~~~~
[22.859s]       |                                                       create_subscription
[22.884s] /home/neha/ros2_ws/src/semnav_migration/src/navigation.cpp:163:38: error: ‘node_ptr’ was not declared in this scope; did you mean ‘mode_t’?
[22.884s]   163 |                         rclcpp::spin(node_ptr);
[22.884s]       |                                      ^~~~~~~~
[22.885s]       |                                      mode_t
[22.943s] /home/neha/ros2_ws/src/semnav_migration/src/navigation.cpp: In member function ‘void NavigationNode::publish_twist(double, double)’:
[22.943s] /home/neha/ros2_ws/src/semnav_migration/src/navigation.cpp:170:25: error: ‘pub_twist_’ was not declared in this scope; did you mean ‘publish_twist’?
[22.943s]   170 |                         pub_twist_.publish(commandTwist);
[22.944s]       |                         ^~~~~~~~~~
[22.944s]       |                         publish_twist
[23.033s] /home/neha/ros2_ws/src/semnav_migration/src/navigation.cpp: In member function ‘void NavigationNode::publish_behavior_id(uint16_t)’:
[23.033s] /home/neha/ros2_ws/src/semnav_migration/src/navigation.cpp:177:25: error: ‘pub_behaviorID_’ was not declared in this scope; did you mean ‘pub_behaviorID_topic_’?
[23.033s]   177 |                         pub_behaviorID_.publish(commandId);
[23.033s]       |                         ^~~~~~~~~~~~~~~
[23.033s]       |                         pub_behaviorID_topic_
[23.184s] /home/neha/ros2_ws/src/semnav_migration/src/navigation.cpp: In member function ‘void NavigationNode::publish_behavior_mode(uint16_t)’:
[23.184s] /home/neha/ros2_ws/src/semnav_migration/src/navigation.cpp:184:25: error: ‘pub_behaviorMode_’ was not declared in this scope; did you mean ‘pub_behaviorMode_topic_’?
[23.184s]   184 |                         pub_behaviorMode_.publish(commandMode);
[23.184s]       |                         ^~~~~~~~~~~~~~~~~
[23.184s]       |                         pub_behaviorMode_topic_
[23.339s] /home/neha/ros2_ws/src/semnav_migration/src/navigation.cpp: In member function ‘void NavigationNode::control_callback(const sensor_msgs::msg::LaserScan_<std::allocator<void> >::ConstPtr&, const nav_msgs::msg::Odometry_<std::allocator<void> >::ConstPtr&)’:
[23.339s] /home/neha/ros2_ws/src/semnav_migration/src/navigation.cpp:367:33: error: ‘listener_’ was not declared in this scope
[23.340s]   367 |                                 listener_.waitForTransform(world_frame_id_, odom_frame_id_, rclcpp::Time(0), rclcpp::Duration(std::chrono::nanoseconds(1000000000));
[23.340s]       |                                 ^~~~~~~~~
[23.340s] /home/neha/ros2_ws/src/semnav_migration/src/navigation.cpp:367:164: error: expected ‘)’ before ‘;’ token
[23.340s]   367 |                                 listener_.waitForTransform(world_frame_id_, odom_frame_id_, rclcpp::Time(0), rclcpp::Duration(std::chrono::nanoseconds(1000000000));
[23.340s]       |                                                                                                                                                                    ^
[23.340s] /home/neha/ros2_ws/src/semnav_migration/src/navigation.cpp:367:59: note: to match this ‘(’
[23.340s]   367 |                                 listener_.waitForTransform(world_frame_id_, odom_frame_id_, rclcpp::Time(0), rclcpp::Duration(std::chrono::nanoseconds(1000000000));
[23.341s]       |                                                           ^
[23.343s] /home/neha/ros2_ws/src/semnav_migration/src/navigation.cpp:397:42: error: could not convert ‘lidar_data’ from ‘shared_ptr<LaserScan_<[...]>>’ to ‘shared_ptr<LaserScan_<[...]>>’
[23.343s]   397 |                         constructLIDAR2D(lidar_data, CutoffRange_, AllowableRange_, RobotPitch_, &LIDAR);
[23.343s]       |                                          ^~~~~~~~~~
[23.343s]       |                                          |
[23.344s]       |                                          shared_ptr<LaserScan_<[...]>>
[37.799s] gmake[2]: *** [CMakeFiles/navigation_semantic.dir/build.make:76: CMakeFiles/navigation_semantic.dir/src/navigation_semantic.cpp.o] Error 1
[37.801s] gmake[1]: *** [CMakeFiles/Makefile2:207: CMakeFiles/navigation_semantic.dir/all] Error 2
[37.801s] gmake[1]: *** Waiting for unfinished jobs....
[38.250s] gmake[2]: *** [CMakeFiles/navigation.dir/build.make:76: CMakeFiles/navigation.dir/src/navigation.cpp.o] Error 1
[38.250s] gmake[1]: *** [CMakeFiles/Makefile2:181: CMakeFiles/navigation.dir/all] Error 2
[38.251s] gmake: *** [Makefile:146: all] Error 2
[38.254s] Invoked command in '/home/neha/ros2_ws/src/semnav_migration/build/semnav' returned '2': CMAKE_PREFIX_PATH=${CMAKE_PREFIX_PATH}:/opt/ros/jazzy DEBUGINFOD_URLS=https://debuginfod.ubuntu.com /usr/bin/cmake --build /home/neha/ros2_ws/src/semnav_migration/build/semnav -- -j2 -l2
