[0.027s] Invoking command in '/home/neha/ros2_ws/src/semnav_migration/build/semnav': CMAKE_PREFIX_PATH=${CMAKE_PREFIX_PATH}:/opt/ros/jazzy DEBUGINFOD_URLS=https://debuginfod.ubuntu.com /usr/bin/cmake --build /home/neha/ros2_ws/src/semnav_migration/build/semnav -- -j2 -l2
[0.201s] [  4%] Building CXX object CMakeFiles/reactive_planner.dir/src/libraries/reactive_planner_lib.cpp.o
[59.266s] [  9%] Linking CXX static library libreactive_planner.a
[60.025s] [ 14%] Built target reactive_planner
[60.290s] [ 23%] Building CXX object CMakeFiles/navigation_semantic.dir/src/navigation_semantic.cpp.o
[60.290s] [ 23%] Building CXX object CMakeFiles/navigation.dir/src/navigation.cpp.o
[81.964s] /home/neha/ros2_ws/src/semnav_migration/src/navigation.cpp:621:56: error: template argument 1 is invalid
[81.964s]   621 |         rclcpp::Publisher<example_interfaces/msg/UInt32>::SharedPtr pub_behaviorID_;
[81.964s]       |                                                        ^
[81.965s] /home/neha/ros2_ws/src/semnav_migration/src/navigation.cpp:621:59: error: expected ‘;’ at end of member declaration
[81.965s]   621 |         rclcpp::Publisher<example_interfaces/msg/UInt32>::SharedPtr pub_behaviorID_;
[81.965s]       |                                                           ^~~~~~~~~
[81.965s]       |                                                                    ;
[82.007s] /home/neha/ros2_ws/src/semnav_migration/src/navigation.cpp:621:69: error: ‘pub_behaviorID_’ does not name a type
[82.007s]   621 |         rclcpp::Publisher<example_interfaces/msg/UInt32>::SharedPtr pub_behaviorID_;
[82.007s]       |                                                                     ^~~~~~~~~~~~~~~
[82.008s] /home/neha/ros2_ws/src/semnav_migration/src/navigation.cpp:622:56: error: template argument 1 is invalid
[82.008s]   622 |         rclcpp::Publisher<example_interfaces/msg/UInt32>::SharedPtr pub_behaviorMode_;
[82.008s]       |                                                        ^
[82.008s] /home/neha/ros2_ws/src/semnav_migration/src/navigation.cpp:622:59: error: expected ‘;’ at end of member declaration
[82.008s]   622 |         rclcpp::Publisher<example_interfaces/msg/UInt32>::SharedPtr pub_behaviorMode_;
[82.008s]       |                                                           ^~~~~~~~~
[82.008s]       |                                                                    ;
[82.009s] /home/neha/ros2_ws/src/semnav_migration/src/navigation.cpp:622:59: error: redeclaration of ‘int NavigationNode::SharedPtr’
[82.009s] /home/neha/ros2_ws/src/semnav_migration/src/navigation.cpp:621:59: note: previous declaration ‘int NavigationNode::SharedPtr’
[82.011s]   621 |         rclcpp::Publisher<example_interfaces/msg/UInt32>::SharedPtr pub_behaviorID_;
[82.011s]       |                                                           ^~~~~~~~~
[82.021s] /home/neha/ros2_ws/src/semnav_migration/src/navigation_semantic.cpp: In constructor ‘SemanticNavigationNode::SemanticNavigationNode()’:
[82.021s] /home/neha/ros2_ws/src/semnav_migration/src/navigation_semantic.cpp:46:75: error: no matching function for call to ‘rclcpp::Node::Node()’
[82.021s]    46 |                 SemanticNavigationNode() : Node("semantic_navigation_node")  {
[82.021s]       |                                                                           ^
[82.022s] In file included from /opt/ros/jazzy/include/rclcpp/rclcpp/executors/single_threaded_executor.hpp:28,
[82.022s]                  from /opt/ros/jazzy/include/rclcpp/rclcpp/executors.hpp:22,
[82.023s]                  from /opt/ros/jazzy/include/rclcpp/rclcpp/rclcpp.hpp:172,
[82.023s]                  from /home/neha/ros2_ws/src/semnav_migration/include/reactive_planner_lib.h:32,
[82.023s]                  from /home/neha/ros2_ws/src/semnav_migration/src/navigation_semantic.cpp:25:
[82.023s] /opt/ros/jazzy/include/rclcpp/rclcpp/node.hpp:1629:3: note: candidate: ‘rclcpp::Node::Node(const rclcpp::Node&, const std::string&)’
[82.023s]  1629 |   Node(
[82.023s]       |   ^~~~
[82.025s] /opt/ros/jazzy/include/rclcpp/rclcpp/node.hpp:1629:3: note:   candidate expects 2 arguments, 0 provided
[82.025s] /opt/ros/jazzy/include/rclcpp/rclcpp/node.hpp:103:12: note: candidate: ‘rclcpp::Node::Node(const std::string&, const std::string&, const rclcpp::NodeOptions&)’
[82.026s]   103 |   explicit Node(
[82.026s]       |            ^~~~
[82.026s] /opt/ros/jazzy/include/rclcpp/rclcpp/node.hpp:103:12: note:   candidate expects 3 arguments, 0 provided
[82.026s] /opt/ros/jazzy/include/rclcpp/rclcpp/node.hpp:91:12: note: candidate: ‘rclcpp::Node::Node(const std::string&, const rclcpp::NodeOptions&)’
[82.026s]    91 |   explicit Node(
[82.026s]       |            ^~~~
[82.026s] /opt/ros/jazzy/include/rclcpp/rclcpp/node.hpp:91:12: note:   candidate expects 2 arguments, 0 provided
[82.029s] /home/neha/ros2_ws/src/semnav_migration/src/navigation_semantic.cpp:46:75: error: no matching function for call to ‘tf2_ros::TransformListener::TransformListener()’
[82.029s]    46 |                 SemanticNavigationNode() : Node("semantic_navigation_node")  {
[82.029s]       |                                                                           ^
[82.030s] In file included from /home/neha/ros2_ws/src/semnav_migration/include/reactive_planner_lib.h:40:
[82.030s] /opt/ros/jazzy/include/tf2_ros/tf2_ros/transform_listener.h:121:3: note: candidate: ‘template<class AllocatorT> tf2_ros::TransformListener::TransformListener(tf2::BufferCore&, rclcpp::node_interfaces::NodeBaseInterface::SharedPtr, rclcpp::node_interfaces::NodeLoggingInterface::SharedPtr, rclcpp::node_interfaces::NodeParametersInterface::SharedPtr, rclcpp::node_interfaces::NodeTopicsInterface::SharedPtr, bool, const rclcpp::QoS&, const rclcpp::QoS&, const rclcpp::SubscriptionOptionsWithAllocator<AllocatorT>&, const rclcpp::SubscriptionOptionsWithAllocator<AllocatorT>&)’
[82.030s]   121 |   TransformListener(
[82.030s]       |   ^~~~~~~~~~~~~~~~~
[82.033s] /opt/ros/jazzy/include/tf2_ros/tf2_ros/transform_listener.h:121:3: note:   template argument deduction/substitution failed:
[82.033s] /home/neha/ros2_ws/src/semnav_migration/src/navigation_semantic.cpp:46:75: note:   candidate expects 10 arguments, 0 provided
[82.033s]    46 |                 SemanticNavigationNode() : Node("semantic_navigation_node")  {
[82.034s]       |                                                                           ^
[82.034s] /opt/ros/jazzy/include/tf2_ros/tf2_ros/transform_listener.h:96:3: note: candidate: ‘template<class NodeT, class AllocatorT> tf2_ros::TransformListener::TransformListener(tf2::BufferCore&, NodeT&&, bool, const rclcpp::QoS&, const rclcpp::QoS&, const rclcpp::SubscriptionOptionsWithAllocator<AllocatorT>&, const rclcpp::SubscriptionOptionsWithAllocator<AllocatorT>&)’
[82.034s]    96 |   TransformListener(
[82.034s]       |   ^~~~~~~~~~~~~~~~~
[82.034s] /opt/ros/jazzy/include/tf2_ros/tf2_ros/transform_listener.h:96:3: note:   template argument deduction/substitution failed:
[82.034s] /home/neha/ros2_ws/src/semnav_migration/src/navigation_semantic.cpp:46:75: note:   candidate expects 7 arguments, 0 provided
[82.034s]    46 |                 SemanticNavigationNode() : Node("semantic_navigation_node")  {
[82.035s]       |                                                                           ^
[82.035s] /opt/ros/jazzy/include/tf2_ros/tf2_ros/transform_listener.h:92:12: note: candidate: ‘tf2_ros::TransformListener::TransformListener(tf2::BufferCore&, bool)’
[82.036s]    92 |   explicit TransformListener(tf2::BufferCore & buffer, bool spin_thread = true);
[82.036s]       |            ^~~~~~~~~~~~~~~~~
[82.036s] /opt/ros/jazzy/include/tf2_ros/tf2_ros/transform_listener.h:92:12: note:   candidate expects 2 arguments, 0 provided
[82.055s] /home/neha/ros2_ws/src/semnav_migration/src/navigation.cpp:622:69: error: ‘pub_behaviorMode_’ does not name a type
[82.055s]   622 |         rclcpp::Publisher<example_interfaces/msg/UInt32>::SharedPtr pub_behaviorMode_;
[82.055s]       |                                                                     ^~~~~~~~~~~~~~~~~
[82.056s] /home/neha/ros2_ws/src/semnav_migration/src/navigation.cpp:623:56: error: template argument 1 is invalid
[82.056s]   623 |         rclcpp::Publisher<example_interfaces/msg/UInt32>::SharedPtr pub_twist_;
[82.056s]       |                                                        ^
[82.056s] /home/neha/ros2_ws/src/semnav_migration/src/navigation.cpp:623:59: error: expected ‘;’ at end of member declaration
[82.056s]   623 |         rclcpp::Publisher<example_interfaces/msg/UInt32>::SharedPtr pub_twist_;
[82.057s]       |                                                           ^~~~~~~~~
[82.057s]       |                                                                    ;
[82.057s] /home/neha/ros2_ws/src/semnav_migration/src/navigation.cpp:623:59: error: redeclaration of ‘int NavigationNode::SharedPtr’
[82.057s] /home/neha/ros2_ws/src/semnav_migration/src/navigation.cpp:621:59: note: previous declaration ‘int NavigationNode::SharedPtr’
[82.057s]   621 |         rclcpp::Publisher<example_interfaces/msg/UInt32>::SharedPtr pub_behaviorID_;
[82.057s]       |                                                           ^~~~~~~~~
[82.077s] /home/neha/ros2_ws/src/semnav_migration/src/navigation.cpp:623:69: error: ‘pub_twist_’ does not name a type
[82.077s]   623 |         rclcpp::Publisher<example_interfaces/msg/UInt32>::SharedPtr pub_twist_;
[82.077s]       |                                                                     ^~~~~~~~~~
[82.088s] /home/neha/ros2_ws/src/semnav_migration/src/navigation.cpp: In constructor ‘NavigationNode::NavigationNode()’:
[82.089s] /home/neha/ros2_ws/src/semnav_migration/src/navigation.cpp:46:71: error: no matching function for call to ‘rclcpp::Node::Node()’
[82.089s]    46 |         NavigationNode() : rclcpp::Node(std::string("navigation_node")) {
[82.089s]       |                                                                       ^
[82.089s] In file included from /opt/ros/jazzy/include/rclcpp/rclcpp/executors/single_threaded_executor.hpp:28,
[82.089s]                  from /opt/ros/jazzy/include/rclcpp/rclcpp/executors.hpp:22,
[82.089s]                  from /opt/ros/jazzy/include/rclcpp/rclcpp/rclcpp.hpp:172,
[82.089s]                  from /home/neha/ros2_ws/src/semnav_migration/include/reactive_planner_lib.h:32,
[82.092s]                  from /home/neha/ros2_ws/src/semnav_migration/src/navigation.cpp:25:
[82.092s] /opt/ros/jazzy/include/rclcpp/rclcpp/node.hpp:1629:3: note: candidate: ‘rclcpp::Node::Node(const rclcpp::Node&, const std::string&)’
[82.092s]  1629 |   Node(
[82.092s]       |   ^~~~
[82.093s] /opt/ros/jazzy/include/rclcpp/rclcpp/node.hpp:1629:3: note:   candidate expects 2 arguments, 0 provided
[82.093s] /opt/ros/jazzy/include/rclcpp/rclcpp/node.hpp:103:12: note: candidate: ‘rclcpp::Node::Node(const std::string&, const std::string&, const rclcpp::NodeOptions&)’
[82.093s]   103 |   explicit Node(
[82.093s]       |            ^~~~
[82.093s] /opt/ros/jazzy/include/rclcpp/rclcpp/node.hpp:103:12: note:   candidate expects 3 arguments, 0 provided
[82.093s] /opt/ros/jazzy/include/rclcpp/rclcpp/node.hpp:91:12: note: candidate: ‘rclcpp::Node::Node(const std::string&, const rclcpp::NodeOptions&)’
[82.093s]    91 |   explicit Node(
[82.094s]       |            ^~~~
[82.094s] /opt/ros/jazzy/include/rclcpp/rclcpp/node.hpp:91:12: note:   candidate expects 2 arguments, 0 provided
[82.094s] /home/neha/ros2_ws/src/semnav_migration/src/navigation.cpp:46:71: error: no matching function for call to ‘tf2_ros::TransformListener::TransformListener()’
[82.094s]    46 |         NavigationNode() : rclcpp::Node(std::string("navigation_node")) {
[82.095s]       |                                                                       ^
[82.095s] In file included from /home/neha/ros2_ws/src/semnav_migration/include/reactive_planner_lib.h:40:
[82.095s] /opt/ros/jazzy/include/tf2_ros/tf2_ros/transform_listener.h:121:3: note: candidate: ‘template<class AllocatorT> tf2_ros::TransformListener::TransformListener(tf2::BufferCore&, rclcpp::node_interfaces::NodeBaseInterface::SharedPtr, rclcpp::node_interfaces::NodeLoggingInterface::SharedPtr, rclcpp::node_interfaces::NodeParametersInterface::SharedPtr, rclcpp::node_interfaces::NodeTopicsInterface::SharedPtr, bool, const rclcpp::QoS&, const rclcpp::QoS&, const rclcpp::SubscriptionOptionsWithAllocator<AllocatorT>&, const rclcpp::SubscriptionOptionsWithAllocator<AllocatorT>&)’
[82.095s]   121 |   TransformListener(
[82.095s]       |   ^~~~~~~~~~~~~~~~~
[82.095s] /opt/ros/jazzy/include/tf2_ros/tf2_ros/transform_listener.h:121:3: note:   template argument deduction/substitution failed:
[82.095s] /home/neha/ros2_ws/src/semnav_migration/src/navigation.cpp:46:71: note:   candidate expects 10 arguments, 0 provided
[82.096s]    46 |         NavigationNode() : rclcpp::Node(std::string("navigation_node")) {
[82.096s]       |                                                                       ^
[82.098s] /opt/ros/jazzy/include/tf2_ros/tf2_ros/transform_listener.h:96:3: note: candidate: ‘template<class NodeT, class AllocatorT> tf2_ros::TransformListener::TransformListener(tf2::BufferCore&, NodeT&&, bool, const rclcpp::QoS&, const rclcpp::QoS&, const rclcpp::SubscriptionOptionsWithAllocator<AllocatorT>&, const rclcpp::SubscriptionOptionsWithAllocator<AllocatorT>&)’
[82.098s]    96 |   TransformListener(
[82.098s]       |   ^~~~~~~~~~~~~~~~~
[82.098s] /opt/ros/jazzy/include/tf2_ros/tf2_ros/transform_listener.h:96:3: note:   template argument deduction/substitution failed:
[82.099s] /home/neha/ros2_ws/src/semnav_migration/src/navigation.cpp:46:71: note:   candidate expects 7 arguments, 0 provided
[82.099s]    46 |         NavigationNode() : rclcpp::Node(std::string("navigation_node")) {
[82.099s]       |                                                                       ^
[82.099s] /opt/ros/jazzy/include/tf2_ros/tf2_ros/transform_listener.h:92:12: note: candidate: ‘tf2_ros::TransformListener::TransformListener(tf2::BufferCore&, bool)’
[82.099s]    92 |   explicit TransformListener(tf2::BufferCore & buffer, bool spin_thread = true);
[82.099s]       |            ^~~~~~~~~~~~~~~~~
[82.100s] /opt/ros/jazzy/include/tf2_ros/tf2_ros/transform_listener.h:92:12: note:   candidate expects 2 arguments, 0 provided
[82.143s] /home/neha/ros2_ws/src/semnav_migration/src/navigation_semantic.cpp:143:116: error: no matching function for call to ‘message_filters::Subscriber<sensor_msgs::msg::LaserScan_<std::allocator<void> > >::Subscriber(rclcpp::Node&, std::string&, int)’
[82.143s]   143 |                         message_filters::Subscriber<sensor_msgs::msg::LaserScan> sub_laser(nh_, sub_laser_topic_, 1);
[82.143s]       |                                                                                                                    ^
[82.145s] In file included from /home/neha/ros2_ws/src/semnav_migration/include/reactive_planner_lib.h:44:
[82.145s] /opt/ros/jazzy/include/message_filters/message_filters/subscriber.h:224:3: note: candidate: ‘message_filters::Subscriber<M, NodeType>::Subscriber() [with M = sensor_msgs::msg::LaserScan_<std::allocator<void> >; NodeType = rclcpp::Node]’
[82.145s]   224 |   Subscriber() = default;
[82.146s]       |   ^~~~~~~~~~
[82.146s] /opt/ros/jazzy/include/message_filters/message_filters/subscriber.h:224:3: note:   candidate expects 0 arguments, 3 provided
[82.146s] /opt/ros/jazzy/include/message_filters/message_filters/subscriber.h:212:3: note: candidate: ‘message_filters::Subscriber<M, NodeType>::Subscriber(NodeType*, const std::string&, rmw_qos_profile_t, rclcpp::SubscriptionOptions) [with M = sensor_msgs::msg::LaserScan_<std::allocator<void> >; NodeType = rclcpp::Node; std::string = std::__cxx11::basic_string<char>; rmw_qos_profile_t = rmw_qos_profile_s; rclcpp::SubscriptionOptions = rclcpp::SubscriptionOptionsWithAllocator<std::allocator<void> >]’
[82.146s]   212 |   Subscriber(
[82.146s]       |   ^~~~~~~~~~
[82.146s] /opt/ros/jazzy/include/message_filters/message_filters/subscriber.h:212:3: note:   candidate expects 4 arguments, 3 provided
[82.146s] /opt/ros/jazzy/include/message_filters/message_filters/subscriber.h:203:3: note: candidate: ‘message_filters::Subscriber<M, NodeType>::Subscriber(NodePtr, const std::string&, rmw_qos_profile_t, rclcpp::SubscriptionOptions) [with M = sensor_msgs::msg::LaserScan_<std::allocator<void> >; NodeType = rclcpp::Node; NodePtr = std::shared_ptr<rclcpp::Node>; std::string = std::__cxx11::basic_string<char>; rmw_qos_profile_t = rmw_qos_profile_s; rclcpp::SubscriptionOptions = rclcpp::SubscriptionOptionsWithAllocator<std::allocator<void> >]’
[82.147s]   203 |   Subscriber(
[82.147s]       |   ^~~~~~~~~~
[82.147s] /opt/ros/jazzy/include/message_filters/message_filters/subscriber.h:203:3: note:   candidate expects 4 arguments, 3 provided
[82.147s] /opt/ros/jazzy/include/message_filters/message_filters/subscriber.h:188:3: note: candidate: ‘message_filters::Subscriber<M, NodeType>::Subscriber(NodeType*, const std::string&, rmw_qos_profile_t) [with M = sensor_msgs::msg::LaserScan_<std::allocator<void> >; NodeType = rclcpp::Node; std::string = std::__cxx11::basic_string<char>; rmw_qos_profile_t = rmw_qos_profile_s]’
[82.147s]   188 |   Subscriber(NodeType * node, const std::string& topic, const rmw_qos_profile_t qos = rmw_qos_profile_default)
[82.147s]       |   ^~~~~~~~~~
[82.147s] /opt/ros/jazzy/include/message_filters/message_filters/subscriber.h:188:25: note:   no known conversion for argument 1 from ‘rclcpp::Node’ to ‘rclcpp::Node*’
[82.147s]   188 |   Subscriber(NodeType * node, const std::string& topic, const rmw_qos_profile_t qos = rmw_qos_profile_default)
[82.148s]       |              ~~~~~~~~~~~^~~~
[82.148s] /opt/ros/jazzy/include/message_filters/message_filters/subscriber.h:183:3: note: candidate: ‘message_filters::Subscriber<M, NodeType>::Subscriber(NodePtr, const std::string&, rmw_qos_profile_t) [with M = sensor_msgs::msg::LaserScan_<std::allocator<void> >; NodeType = rclcpp::Node; NodePtr = std::shared_ptr<rclcpp::Node>; std::string = std::__cxx11::basic_string<char>; rmw_qos_profile_t = rmw_qos_profile_s]’
[82.150s]   183 |   Subscriber(NodePtr node, const std::string& topic, const rmw_qos_profile_t qos = rmw_qos_profile_default)
[82.150s]       |   ^~~~~~~~~~
[82.150s] /opt/ros/jazzy/include/message_filters/message_filters/subscriber.h:183:22: note:   no known conversion for argument 1 from ‘rclcpp::Node’ to ‘message_filters::Subscriber<sensor_msgs::msg::LaserScan_<std::allocator<void> > >::NodePtr’ {aka ‘std::shared_ptr<rclcpp::Node>’}
[82.151s]   183 |   Subscriber(NodePtr node, const std::string& topic, const rmw_qos_profile_t qos = rmw_qos_profile_default)
[82.151s]       |              ~~~~~~~~^~~~
[82.205s] /home/neha/ros2_ws/src/semnav_migration/src/navigation.cpp:138:13: error: ‘pub_behaviorID_’ was not declared in this scope; did you mean ‘pub_behaviorID_topic_’?
[82.205s]   138 |             pub_behaviorID_ = this->create_publisher<example_interfaces::msg::UInt32>("pub_behaviorID_topic_", 1);
[82.206s]       |             ^~~~~~~~~~~~~~~
[82.206s]       |             pub_behaviorID_topic_
[82.212s] /home/neha/ros2_ws/src/semnav_migration/src/navigation_semantic.cpp:144:100: error: no matching function for call to ‘message_filters::Subscriber<nav_msgs::msg::Odometry_<std::allocator<void> > >::Subscriber(rclcpp::Node&, std::string&, int)’
[82.212s]   144 |             message_filters::Subscriber<nav_msgs::msg::Odometry> sub_robot(nh_, sub_robot_topic_, 1);
[82.212s]       |                                                                                                    ^
[82.212s] /opt/ros/jazzy/include/message_filters/message_filters/subscriber.h:224:3: note: candidate: ‘message_filters::Subscriber<M, NodeType>::Subscriber() [with M = nav_msgs::msg::Odometry_<std::allocator<void> >; NodeType = rclcpp::Node]’
[82.213s]   224 |   Subscriber() = default;
[82.213s]       |   ^~~~~~~~~~
[82.215s] /opt/ros/jazzy/include/message_filters/message_filters/subscriber.h:224:3: note:   candidate expects 0 arguments, 3 provided
[82.215s] /opt/ros/jazzy/include/message_filters/message_filters/subscriber.h:212:3: note: candidate: ‘message_filters::Subscriber<M, NodeType>::Subscriber(NodeType*, const std::string&, rmw_qos_profile_t, rclcpp::SubscriptionOptions) [with M = nav_msgs::msg::Odometry_<std::allocator<void> >; NodeType = rclcpp::Node; std::string = std::__cxx11::basic_string<char>; rmw_qos_profile_t = rmw_qos_profile_s; rclcpp::SubscriptionOptions = rclcpp::SubscriptionOptionsWithAllocator<std::allocator<void> >]’
[82.216s]   212 |   Subscriber(
[82.216s]       |   ^~~~~~~~~~
[82.216s] /opt/ros/jazzy/include/message_filters/message_filters/subscriber.h:212:3: note:   candidate expects 4 arguments, 3 provided
[82.216s] /opt/ros/jazzy/include/message_filters/message_filters/subscriber.h:203:3: note: candidate: ‘message_filters::Subscriber<M, NodeType>::Subscriber(NodePtr, const std::string&, rmw_qos_profile_t, rclcpp::SubscriptionOptions) [with M = nav_msgs::msg::Odometry_<std::allocator<void> >; NodeType = rclcpp::Node; NodePtr = std::shared_ptr<rclcpp::Node>; std::string = std::__cxx11::basic_string<char>; rmw_qos_profile_t = rmw_qos_profile_s; rclcpp::SubscriptionOptions = rclcpp::SubscriptionOptionsWithAllocator<std::allocator<void> >]’
[82.216s]   203 |   Subscriber(
[82.216s]       |   ^~~~~~~~~~
[82.216s] /opt/ros/jazzy/include/message_filters/message_filters/subscriber.h:203:3: note:   candidate expects 4 arguments, 3 provided
[82.217s] /opt/ros/jazzy/include/message_filters/message_filters/subscriber.h:188:3: note: candidate: ‘message_filters::Subscriber<M, NodeType>::Subscriber(NodeType*, const std::string&, rmw_qos_profile_t) [with M = nav_msgs::msg::Odometry_<std::allocator<void> >; NodeType = rclcpp::Node; std::string = std::__cxx11::basic_string<char>; rmw_qos_profile_t = rmw_qos_profile_s]’
[82.217s]   188 |   Subscriber(NodeType * node, const std::string& topic, const rmw_qos_profile_t qos = rmw_qos_profile_default)
[82.218s]       |   ^~~~~~~~~~
[82.218s] /opt/ros/jazzy/include/message_filters/message_filters/subscriber.h:188:25: note:   no known conversion for argument 1 from ‘rclcpp::Node’ to ‘rclcpp::Node*’
[82.219s]   188 |   Subscriber(NodeType * node, const std::string& topic, const rmw_qos_profile_t qos = rmw_qos_profile_default)
[82.219s]       |              ~~~~~~~~~~~^~~~
[82.219s] /opt/ros/jazzy/include/message_filters/message_filters/subscriber.h:183:3: note: candidate: ‘message_filters::Subscriber<M, NodeType>::Subscriber(NodePtr, const std::string&, rmw_qos_profile_t) [with M = nav_msgs::msg::Odometry_<std::allocator<void> >; NodeType = rclcpp::Node; NodePtr = std::shared_ptr<rclcpp::Node>; std::string = std::__cxx11::basic_string<char>; rmw_qos_profile_t = rmw_qos_profile_s]’
[82.219s]   183 |   Subscriber(NodePtr node, const std::string& topic, const rmw_qos_profile_t qos = rmw_qos_profile_default)
[82.219s]       |   ^~~~~~~~~~
[82.219s] /opt/ros/jazzy/include/message_filters/message_filters/subscriber.h:183:22: note:   no known conversion for argument 1 from ‘rclcpp::Node’ to ‘message_filters::Subscriber<nav_msgs::msg::Odometry_<std::allocator<void> > >::NodePtr’ {aka ‘std::shared_ptr<rclcpp::Node>’}
[82.219s]   183 |   Subscriber(NodePtr node, const std::string& topic, const rmw_qos_profile_t qos = rmw_qos_profile_default)
[82.220s]       |              ~~~~~~~~^~~~
[82.313s] /home/neha/ros2_ws/src/semnav_migration/src/navigation.cpp:139:13: error: ‘pub_behaviorMode_’ was not declared in this scope; did you mean ‘pub_behaviorMode_topic_’?
[82.313s]   139 |             pub_behaviorMode_ = this->create_publisher<example_interfaces::msg::UInt32>("pub_behaviorMode_topic_", 1);
[82.314s]       |             ^~~~~~~~~~~~~~~~~
[82.314s]       |             pub_behaviorMode_topic_
[82.352s] /home/neha/ros2_ws/src/semnav_migration/src/navigation_semantic.cpp:149:55: error: ‘bind’ is not a member of ‘boost’; did you mean ‘find’?
[82.352s]   149 |                         sync->registerCallback(boost::bind(&SemanticNavigationNode::control_callback, this, _1, _2));
[82.352s]       |                                                       ^~~~
[82.352s]       |                                                       find
[82.355s] /home/neha/ros2_ws/src/semnav_migration/src/navigation_semantic.cpp:149:109: error: ‘_1’ was not declared in this scope
[82.355s]   149 |                         sync->registerCallback(boost::bind(&SemanticNavigationNode::control_callback, this, _1, _2));
[82.356s]       |                                                                                                             ^~
[82.356s] /home/neha/ros2_ws/src/semnav_migration/src/navigation_semantic.cpp:149:109: note: suggested alternatives:
[82.357s] In file included from /usr/include/boost/mpl/aux_/include_preprocessed.hpp:37,
[82.357s]                  from /usr/include/boost/mpl/placeholders.hpp:43,
[82.357s]                  from /usr/include/boost/iterator/iterator_categories.hpp:16,
[82.357s]                  from /usr/include/boost/iterator/iterator_facade.hpp:13,
[82.357s]                  from /usr/include/boost/range/iterator_range_core.hpp:27,
[82.357s]                  from /usr/include/boost/lexical_cast.hpp:48,
[82.357s]                  from /usr/include/boost/multiprecision/detail/number_base.hpp:29,
[82.358s]                  from /usr/include/boost/multiprecision/traits/is_variable_precision.hpp:9,
[82.358s]                  from /usr/include/boost/multiprecision/detail/precision.hpp:9,
[82.358s]                  from /usr/include/boost/multiprecision/number.hpp:11,
[82.358s]                  from /usr/include/boost/multiprecision/cpp_int.hpp:19,
[82.358s]                  from /usr/include/boost/multiprecision/cpp_bin_float.hpp:15,
[82.358s]                  from /usr/include/boost/geometry/core/coordinate_promotion.hpp:16,
[82.358s]                  from /usr/include/boost/geometry/core/radian_access.hpp:30,
[82.359s]                  from /usr/include/boost/geometry/geometry.hpp:50,
[82.359s]                  from /usr/include/boost/geometry.hpp:17,
[82.361s]                  from /home/neha/ros2_ws/src/semnav_migration/include/reactive_planner_lib.h:26:
[82.361s] /usr/include/boost/mpl/aux_/preprocessed/gcc/placeholders.hpp:29:16: note:   ‘mpl_::_1’
[82.361s]    29 | typedef arg<1> _1;
[82.362s]       |                ^~
[82.362s] In file included from /usr/include/boost/numeric/conversion/converter_policies.hpp:13,
[82.362s]                  from /usr/include/boost/numeric/conversion/converter.hpp:14,
[82.362s]                  from /usr/include/boost/numeric/conversion/cast.hpp:33,
[82.362s]                  from /usr/include/boost/geometry/core/radian_access.hpp:26:
[82.362s] /usr/include/c++/13/functional:294:48: note:   ‘std::placeholders::_1’
[82.362s]   294 |     _GLIBCXX_PLACEHOLDER const _Placeholder<1> _1;
[82.363s]       |                                                ^~
[82.363s] /usr/include/boost/mpl/aux_/preprocessed/gcc/placeholders.hpp:29:16: note:   ‘mpl_::_1’
[82.365s]    29 | typedef arg<1> _1;
[82.365s]       |                ^~
[82.365s] In file included from /usr/include/boost/describe/members.hpp:20,
[82.365s]                  from /usr/include/boost/container_hash/is_described_class.hpp:11,
[82.365s]                  from /usr/include/boost/container_hash/hash.hpp:18,
[82.366s]                  from /usr/include/boost/functional/hash.hpp:6,
[82.366s]                  from /usr/include/CGAL/Kernel/hash_functions.h:16,
[82.366s]                  from /usr/include/CGAL/Kernel/global_functions.h:25,
[82.366s]                  from /usr/include/CGAL/Cartesian/Cartesian_base.h:22,
[82.366s]                  from /usr/include/CGAL/Simple_cartesian.h:20,
[82.366s]                  from /usr/include/CGAL/Exact_predicates_inexact_constructions_kernel.h:20,
[82.366s]                  from /home/neha/ros2_ws/src/semnav_migration/include/polygeom_lib.h:32,
[82.366s]                  from /home/neha/ros2_ws/src/semnav_migration/include/reactive_planner_lib.h:52:
[82.366s] /usr/include/boost/mp11/bind.hpp:45:7: note:   ‘boost::mp11::_1’
[82.367s]    45 | using _1 = mp_arg<0>;
[82.367s]       |       ^~
[82.369s] /usr/include/boost/mpl/aux_/preprocessed/gcc/placeholders.hpp:29:16: note:   ‘mpl_::_1’
[82.370s]    29 | typedef arg<1> _1;
[82.370s]       |                ^~
[82.370s] /home/neha/ros2_ws/src/semnav_migration/src/navigation_semantic.cpp:149:113: error: ‘_2’ was not declared in this scope
[82.370s]   149 |                         sync->registerCallback(boost::bind(&SemanticNavigationNode::control_callback, this, _1, _2));
[82.370s]       |                                                                                                                 ^~
[82.370s] /home/neha/ros2_ws/src/semnav_migration/src/navigation_semantic.cpp:149:113: note: suggested alternatives:
[82.370s] /usr/include/boost/mpl/aux_/preprocessed/gcc/placeholders.hpp:42:16: note:   ‘mpl_::_2’
[82.371s]    42 | typedef arg<2> _2;
[82.371s]       |                ^~
[82.373s] /usr/include/c++/13/functional:295:48: note:   ‘std::placeholders::_2’
[82.373s]   295 |     _GLIBCXX_PLACEHOLDER const _Placeholder<2> _2;
[82.373s]       |                                                ^~
[82.373s] /usr/include/boost/mpl/aux_/preprocessed/gcc/placeholders.hpp:42:16: note:   ‘mpl_::_2’
[82.374s]    42 | typedef arg<2> _2;
[82.374s]       |                ^~
[82.374s] /usr/include/boost/mp11/bind.hpp:46:7: note:   ‘boost::mp11::_2’
[82.374s]    46 | using _2 = mp_arg<1>;
[82.374s]       |       ^~
[82.374s] /usr/include/boost/mpl/aux_/preprocessed/gcc/placeholders.hpp:42:16: note:   ‘mpl_::_2’
[82.374s]    42 | typedef arg<2> _2;
[82.374s]       |                ^~
[82.375s] /home/neha/ros2_ws/src/semnav_migration/src/navigation.cpp:140:13: error: ‘pub_twist_’ was not declared in this scope; did you mean ‘publish_twist’?
[82.375s]   140 |             pub_twist_ = this->create_publisher<example_interfaces::msg::UInt32>("pub_twist_topic_", 1);
[82.377s]       |             ^~~~~~~~~~
[82.377s]       |             publish_twist
[82.377s] /home/neha/ros2_ws/src/semnav_migration/src/navigation_semantic.cpp:151:86: error: no matching function for call to ‘SemanticNavigationNode::create_subscription(const char [20], int)’
[82.378s]   151 |                         rclcpp::Subscription sub_semantic = this->create_subscription("sub_semantic_topic_", 1);
[82.378s]       |                                                             ~~~~~~~~~~~~~~~~~~~~~~~~~^~~~~~~~~~~~~~~~~~~~~~~~~~
[82.378s] /opt/ros/jazzy/include/rclcpp/rclcpp/node.hpp:221:3: note: candidate: ‘template<class MessageT, class CallbackT, class AllocatorT, class SubscriptionT, class MessageMemoryStrategyT> std::shared_ptr<ROSMessageT> rclcpp::Node::create_subscription(const std::string&, const rclcpp::QoS&, CallbackT&&, const rclcpp::SubscriptionOptionsWithAllocator<AllocatorT>&, typename MessageMemoryStrategyT::SharedPtr)’
[82.378s]   221 |   create_subscription(
[82.378s]       |   ^~~~~~~~~~~~~~~~~~~
[82.378s] /opt/ros/jazzy/include/rclcpp/rclcpp/node.hpp:221:3: note:   template argument deduction/substitution failed:
[82.378s] /home/neha/ros2_ws/src/semnav_migration/src/navigation_semantic.cpp:151:86: note:   candidate expects 5 arguments, 2 provided
[82.378s]   151 |                         rclcpp::Subscription sub_semantic = this->create_subscription("sub_semantic_topic_", 1);
[82.379s]       |                                                             ~~~~~~~~~~~~~~~~~~~~~~~~~^~~~~~~~~~~~~~~~~~~~~~~~~~
[82.382s] /home/neha/ros2_ws/src/semnav_migration/src/navigation_semantic.cpp: In member function ‘void SemanticNavigationNode::publish_twist(double, double)’:
[82.382s] /home/neha/ros2_ws/src/semnav_migration/src/navigation_semantic.cpp:168:36: error: ‘using rclcpp::Publisher<example_interfaces::msg::UInt32_<std::allocator<void> > >::SharedPtr = class std::shared_ptr<rclcpp::Publisher<example_interfaces::msg::UInt32_<std::allocator<void> > > >’ {aka ‘class std::shared_ptr<rclcpp::Publisher<example_interfaces::msg::UInt32_<std::allocator<void> > > >’} has no member named ‘publish’
[82.382s]   168 |                         pub_twist_.publish(commandTwist);
[82.382s]       |                                    ^~~~~~~
[82.382s] /home/neha/ros2_ws/src/semnav_migration/src/navigation_semantic.cpp: In member function ‘void SemanticNavigationNode::publish_behavior_id(uint16_t)’:
[82.382s] /home/neha/ros2_ws/src/semnav_migration/src/navigation_semantic.cpp:175:41: error: ‘using rclcpp::Publisher<example_interfaces::msg::UInt32_<std::allocator<void> > >::SharedPtr = class std::shared_ptr<rclcpp::Publisher<example_interfaces::msg::UInt32_<std::allocator<void> > > >’ {aka ‘class std::shared_ptr<rclcpp::Publisher<example_interfaces::msg::UInt32_<std::allocator<void> > > >’} has no member named ‘publish’
[82.382s]   175 |                         pub_behaviorID_.publish(commandId);
[82.383s]       |                                         ^~~~~~~
[82.385s] /home/neha/ros2_ws/src/semnav_migration/src/navigation_semantic.cpp: In member function ‘void SemanticNavigationNode::publish_behavior_mode(uint16_t)’:
[82.385s] /home/neha/ros2_ws/src/semnav_migration/src/navigation_semantic.cpp:182:43: error: ‘using rclcpp::Publisher<example_interfaces::msg::UInt32_<std::allocator<void> > >::SharedPtr = class std::shared_ptr<rclcpp::Publisher<example_interfaces::msg::UInt32_<std::allocator<void> > > >’ {aka ‘class std::shared_ptr<rclcpp::Publisher<example_interfaces::msg::UInt32_<std::allocator<void> > > >’} has no member named ‘publish’
[82.385s]   182 |                         pub_behaviorMode_.publish(commandMode);
[82.386s]       |                                           ^~~~~~~
[82.434s] /home/neha/ros2_ws/src/semnav_migration/src/navigation.cpp:143:116: error: no matching function for call to ‘message_filters::Subscriber<sensor_msgs::msg::LaserScan_<std::allocator<void> > >::Subscriber(rclcpp::Node&, std::string&, int)’
[82.434s]   143 |                         message_filters::Subscriber<sensor_msgs::msg::LaserScan> sub_laser(nh_, sub_laser_topic_, 1);
[82.434s]       |                                                                                                                    ^
[82.434s] In file included from /home/neha/ros2_ws/src/semnav_migration/include/reactive_planner_lib.h:44:
[82.435s] /opt/ros/jazzy/include/message_filters/message_filters/subscriber.h:224:3: note: candidate: ‘message_filters::Subscriber<M, NodeType>::Subscriber() [with M = sensor_msgs::msg::LaserScan_<std::allocator<void> >; NodeType = rclcpp::Node]’
[82.435s]   224 |   Subscriber() = default;
[82.435s]       |   ^~~~~~~~~~
[82.435s] /opt/ros/jazzy/include/message_filters/message_filters/subscriber.h:224:3: note:   candidate expects 0 arguments, 3 provided
[82.435s] /opt/ros/jazzy/include/message_filters/message_filters/subscriber.h:212:3: note: candidate: ‘message_filters::Subscriber<M, NodeType>::Subscriber(NodeType*, const std::string&, rmw_qos_profile_t, rclcpp::SubscriptionOptions) [with M = sensor_msgs::msg::LaserScan_<std::allocator<void> >; NodeType = rclcpp::Node; std::string = std::__cxx11::basic_string<char>; rmw_qos_profile_t = rmw_qos_profile_s; rclcpp::SubscriptionOptions = rclcpp::SubscriptionOptionsWithAllocator<std::allocator<void> >]’
[82.435s]   212 |   Subscriber(
[82.435s]       |   ^~~~~~~~~~
[82.436s] /opt/ros/jazzy/include/message_filters/message_filters/subscriber.h:212:3: note:   candidate expects 4 arguments, 3 provided
[82.436s] /opt/ros/jazzy/include/message_filters/message_filters/subscriber.h:203:3: note: candidate: ‘message_filters::Subscriber<M, NodeType>::Subscriber(NodePtr, const std::string&, rmw_qos_profile_t, rclcpp::SubscriptionOptions) [with M = sensor_msgs::msg::LaserScan_<std::allocator<void> >; NodeType = rclcpp::Node; NodePtr = std::shared_ptr<rclcpp::Node>; std::string = std::__cxx11::basic_string<char>; rmw_qos_profile_t = rmw_qos_profile_s; rclcpp::SubscriptionOptions = rclcpp::SubscriptionOptionsWithAllocator<std::allocator<void> >]’
[82.437s]   203 |   Subscriber(
[82.437s]       |   ^~~~~~~~~~
[82.437s] /opt/ros/jazzy/include/message_filters/message_filters/subscriber.h:203:3: note:   candidate expects 4 arguments, 3 provided
[82.437s] /opt/ros/jazzy/include/message_filters/message_filters/subscriber.h:188:3: note: candidate: ‘message_filters::Subscriber<M, NodeType>::Subscriber(NodeType*, const std::string&, rmw_qos_profile_t) [with M = sensor_msgs::msg::LaserScan_<std::allocator<void> >; NodeType = rclcpp::Node; std::string = std::__cxx11::basic_string<char>; rmw_qos_profile_t = rmw_qos_profile_s]’
[82.438s]   188 |   Subscriber(NodeType * node, const std::string& topic, const rmw_qos_profile_t qos = rmw_qos_profile_default)
[82.438s]       |   ^~~~~~~~~~
[82.438s] /opt/ros/jazzy/include/message_filters/message_filters/subscriber.h:188:25: note:   no known conversion for argument 1 from ‘rclcpp::Node’ to ‘rclcpp::Node*’
[82.438s]   188 |   Subscriber(NodeType * node, const std::string& topic, const rmw_qos_profile_t qos = rmw_qos_profile_default)
[82.438s]       |              ~~~~~~~~~~~^~~~
[82.438s] /opt/ros/jazzy/include/message_filters/message_filters/subscriber.h:183:3: note: candidate: ‘message_filters::Subscriber<M, NodeType>::Subscriber(NodePtr, const std::string&, rmw_qos_profile_t) [with M = sensor_msgs::msg::LaserScan_<std::allocator<void> >; NodeType = rclcpp::Node; NodePtr = std::shared_ptr<rclcpp::Node>; std::string = std::__cxx11::basic_string<char>; rmw_qos_profile_t = rmw_qos_profile_s]’
[82.438s]   183 |   Subscriber(NodePtr node, const std::string& topic, const rmw_qos_profile_t qos = rmw_qos_profile_default)
[82.439s]       |   ^~~~~~~~~~
[82.439s] /opt/ros/jazzy/include/message_filters/message_filters/subscriber.h:183:22: note:   no known conversion for argument 1 from ‘rclcpp::Node’ to ‘message_filters::Subscriber<sensor_msgs::msg::LaserScan_<std::allocator<void> > >::NodePtr’ {aka ‘std::shared_ptr<rclcpp::Node>’}
[82.441s]   183 |   Subscriber(NodePtr node, const std::string& topic, const rmw_qos_profile_t qos = rmw_qos_profile_default)
[82.441s]       |              ~~~~~~~~^~~~
[82.481s] /home/neha/ros2_ws/src/semnav_migration/src/navigation_semantic.cpp: In member function ‘void SemanticNavigationNode::control_callback(const sensor_msgs::msg::LaserScan_<std::allocator<void> >::ConstPtr&, const nav_msgs::msg::Odometry_<std::allocator<void> >::ConstPtr&)’:
[82.481s] /home/neha/ros2_ws/src/semnav_migration/src/navigation_semantic.cpp:406:43: error: ‘class tf2_ros::TransformListener’ has no member named ‘waitForTransform’
[82.481s]   406 |                                 listener_.waitForTransform(world_frame_id_, odom_frame_id_, rclcpp::Time(0), rclcpp::Duration(std::chrono::nanoseconds(1000000000));
[82.481s]       |                                           ^~~~~~~~~~~~~~~~
[82.482s] /home/neha/ros2_ws/src/semnav_migration/src/navigation_semantic.cpp:406:164: error: expected ‘)’ before ‘;’ token
[82.482s]   406 |                                 listener_.waitForTransform(world_frame_id_, odom_frame_id_, rclcpp::Time(0), rclcpp::Duration(std::chrono::nanoseconds(1000000000));
[82.482s]       |                                                                                                                                                                    ^
[82.485s] /home/neha/ros2_ws/src/semnav_migration/src/navigation_semantic.cpp:406:59: note: to match this ‘(’
[82.485s]   406 |                                 listener_.waitForTransform(world_frame_id_, odom_frame_id_, rclcpp::Time(0), rclcpp::Duration(std::chrono::nanoseconds(1000000000));
[82.486s]       |                                                           ^
[82.486s] /home/neha/ros2_ws/src/semnav_migration/src/navigation_semantic.cpp:407:43: error: ‘class tf2_ros::TransformListener’ has no member named ‘transformPose’
[82.486s]   407 |                                 listener_.transformPose(world_frame_id_, odomPose, mapPose);
[82.486s]       |                                           ^~~~~~~~~~~~~
[82.486s] In file included from /opt/ros/jazzy/include/rclcpp/rclcpp/copy_all_parameter_values.hpp:27,
[82.486s]                  from /opt/ros/jazzy/include/rclcpp/rclcpp/rclcpp.hpp:171:
[82.486s] /home/neha/ros2_ws/src/semnav_migration/src/navigation_semantic.cpp:409:33: error: static assertion failed: First argument to logging macros must be an rclcpp::Logger
[82.487s]   409 |                                 RCLCPP_ERROR("%s",ex.what());
[82.487s]       |                                 ^~~~~~~~~~~~
[82.487s] In file included from /opt/ros/jazzy/include/rclcpp/rclcpp/logging.hpp:24:
[82.487s] /home/neha/ros2_ws/src/semnav_migration/src/navigation_semantic.cpp:409:33: error: request for member ‘get_name’ in ‘("%s")’, which is of non-class type ‘const char [3]’
[82.487s]   409 |                                 RCLCPP_ERROR("%s",ex.what());
[82.487s]       |                                 ^~~~~~~~~~~~
[82.487s] /home/neha/ros2_ws/src/semnav_migration/src/navigation_semantic.cpp:409:33: error: request for member ‘get_name’ in ‘("%s")’, which is of non-class type ‘const char [3]’
[82.488s]   409 |                                 RCLCPP_ERROR("%s",ex.what());
[82.488s]       |                                 ^~~~~~~~~~~~
[82.490s] /home/neha/ros2_ws/src/semnav_migration/src/navigation_semantic.cpp:434:42: error: could not convert ‘lidar_data’ from ‘shared_ptr<LaserScan_<[...]>>’ to ‘shared_ptr<LaserScan_<[...]>>’
[82.490s]   434 |                         constructLIDAR2D(lidar_data, CutoffRange_, AllowableRange_, RobotPitch_, &LIDAR);
[82.490s]       |                                          ^~~~~~~~~~
[82.491s]       |                                          |
[82.491s]       |                                          shared_ptr<LaserScan_<[...]>>
[82.500s] /home/neha/ros2_ws/src/semnav_migration/src/navigation.cpp:144:112: error: no matching function for call to ‘message_filters::Subscriber<nav_msgs::msg::Odometry_<std::allocator<void> > >::Subscriber(rclcpp::Node&, std::string&, int)’
[82.500s]   144 |                         message_filters::Subscriber<nav_msgs::msg::Odometry> sub_robot(nh_, sub_robot_topic_, 1);
[82.500s]       |                                                                                                                ^
[82.500s] /opt/ros/jazzy/include/message_filters/message_filters/subscriber.h:224:3: note: candidate: ‘message_filters::Subscriber<M, NodeType>::Subscriber() [with M = nav_msgs::msg::Odometry_<std::allocator<void> >; NodeType = rclcpp::Node]’
[82.501s]   224 |   Subscriber() = default;
[82.501s]       |   ^~~~~~~~~~
[82.501s] /opt/ros/jazzy/include/message_filters/message_filters/subscriber.h:224:3: note:   candidate expects 0 arguments, 3 provided
[82.501s] /opt/ros/jazzy/include/message_filters/message_filters/subscriber.h:212:3: note: candidate: ‘message_filters::Subscriber<M, NodeType>::Subscriber(NodeType*, const std::string&, rmw_qos_profile_t, rclcpp::SubscriptionOptions) [with M = nav_msgs::msg::Odometry_<std::allocator<void> >; NodeType = rclcpp::Node; std::string = std::__cxx11::basic_string<char>; rmw_qos_profile_t = rmw_qos_profile_s; rclcpp::SubscriptionOptions = rclcpp::SubscriptionOptionsWithAllocator<std::allocator<void> >]’
[82.501s]   212 |   Subscriber(
[82.501s]       |   ^~~~~~~~~~
[82.501s] /opt/ros/jazzy/include/message_filters/message_filters/subscriber.h:212:3: note:   candidate expects 4 arguments, 3 provided
[82.502s] /opt/ros/jazzy/include/message_filters/message_filters/subscriber.h:203:3: note: candidate: ‘message_filters::Subscriber<M, NodeType>::Subscriber(NodePtr, const std::string&, rmw_qos_profile_t, rclcpp::SubscriptionOptions) [with M = nav_msgs::msg::Odometry_<std::allocator<void> >; NodeType = rclcpp::Node; NodePtr = std::shared_ptr<rclcpp::Node>; std::string = std::__cxx11::basic_string<char>; rmw_qos_profile_t = rmw_qos_profile_s; rclcpp::SubscriptionOptions = rclcpp::SubscriptionOptionsWithAllocator<std::allocator<void> >]’
[82.502s]   203 |   Subscriber(
[82.506s]       |   ^~~~~~~~~~
[82.506s] /opt/ros/jazzy/include/message_filters/message_filters/subscriber.h:203:3: note:   candidate expects 4 arguments, 3 provided
[82.506s] /opt/ros/jazzy/include/message_filters/message_filters/subscriber.h:188:3: note: candidate: ‘message_filters::Subscriber<M, NodeType>::Subscriber(NodeType*, const std::string&, rmw_qos_profile_t) [with M = nav_msgs::msg::Odometry_<std::allocator<void> >; NodeType = rclcpp::Node; std::string = std::__cxx11::basic_string<char>; rmw_qos_profile_t = rmw_qos_profile_s]’
[82.506s]   188 |   Subscriber(NodeType * node, const std::string& topic, const rmw_qos_profile_t qos = rmw_qos_profile_default)
[82.507s]       |   ^~~~~~~~~~
[82.507s] /opt/ros/jazzy/include/message_filters/message_filters/subscriber.h:188:25: note:   no known conversion for argument 1 from ‘rclcpp::Node’ to ‘rclcpp::Node*’
[82.507s]   188 |   Subscriber(NodeType * node, const std::string& topic, const rmw_qos_profile_t qos = rmw_qos_profile_default)
[82.507s]       |              ~~~~~~~~~~~^~~~
[82.507s] /opt/ros/jazzy/include/message_filters/message_filters/subscriber.h:183:3: note: candidate: ‘message_filters::Subscriber<M, NodeType>::Subscriber(NodePtr, const std::string&, rmw_qos_profile_t) [with M = nav_msgs::msg::Odometry_<std::allocator<void> >; NodeType = rclcpp::Node; NodePtr = std::shared_ptr<rclcpp::Node>; std::string = std::__cxx11::basic_string<char>; rmw_qos_profile_t = rmw_qos_profile_s]’
[82.507s]   183 |   Subscriber(NodePtr node, const std::string& topic, const rmw_qos_profile_t qos = rmw_qos_profile_default)
[82.507s]       |   ^~~~~~~~~~
[82.508s] /opt/ros/jazzy/include/message_filters/message_filters/subscriber.h:183:22: note:   no known conversion for argument 1 from ‘rclcpp::Node’ to ‘message_filters::Subscriber<nav_msgs::msg::Odometry_<std::allocator<void> > >::NodePtr’ {aka ‘std::shared_ptr<rclcpp::Node>’}
[82.508s]   183 |   Subscriber(NodePtr node, const std::string& topic, const rmw_qos_profile_t qos = rmw_qos_profile_default)
[82.510s]       |              ~~~~~~~~^~~~
[82.537s] /home/neha/ros2_ws/src/semnav_migration/src/navigation_semantic.cpp: In function ‘int main(int, char**)’:
[82.537s] /home/neha/ros2_ws/src/semnav_migration/src/navigation_semantic.cpp:700:34: error: invalid initialization of reference of type ‘const rclcpp::InitOptions&’ from expression of type ‘const char [20]’
[82.537s]   700 |         rclcpp::init(argc, argv, "navigation_semantic");
[82.537s]       |                                  ^~~~~~~~~~~~~~~~~~~~~
[82.539s] In file included from /opt/ros/jazzy/include/rclcpp/rclcpp/logging.hpp:25:
[82.539s] /opt/ros/jazzy/include/rclcpp/rclcpp/utilities.hpp:78:23: note: in passing argument 3 of ‘void rclcpp::init(int, const char* const*, const InitOptions&, SignalHandlerOptions)’
[82.540s]    78 |   const InitOptions & init_options = InitOptions(),
[82.540s]       |   ~~~~~~~~~~~~~~~~~~~~^~~~~~~~~~~~~~~~~~~~~~~~~~~~
[82.644s] /home/neha/ros2_ws/src/semnav_migration/src/navigation.cpp:149:55: error: ‘bind’ is not a member of ‘boost’; did you mean ‘find’?
[82.644s]   149 |                         sync->registerCallback(boost::bind(&NavigationNode::control_callback, this, _1, _2));
[82.645s]       |                                                       ^~~~
[82.645s]       |                                                       find
[82.649s] /home/neha/ros2_ws/src/semnav_migration/src/navigation.cpp:149:101: error: ‘_1’ was not declared in this scope
[82.650s]   149 |                         sync->registerCallback(boost::bind(&NavigationNode::control_callback, this, _1, _2));
[82.650s]       |                                                                                                     ^~
[82.650s] /home/neha/ros2_ws/src/semnav_migration/src/navigation.cpp:149:101: note: suggested alternatives:
[82.650s] In file included from /usr/include/boost/mpl/aux_/include_preprocessed.hpp:37,
[82.650s]                  from /usr/include/boost/mpl/placeholders.hpp:43,
[82.650s]                  from /usr/include/boost/iterator/iterator_categories.hpp:16,
[82.650s]                  from /usr/include/boost/iterator/iterator_facade.hpp:13,
[82.651s]                  from /usr/include/boost/range/iterator_range_core.hpp:27,
[82.651s]                  from /usr/include/boost/lexical_cast.hpp:48,
[82.653s]                  from /usr/include/boost/multiprecision/detail/number_base.hpp:29,
[82.653s]                  from /usr/include/boost/multiprecision/traits/is_variable_precision.hpp:9,
[82.653s]                  from /usr/include/boost/multiprecision/detail/precision.hpp:9,
[82.653s]                  from /usr/include/boost/multiprecision/number.hpp:11,
[82.654s]                  from /usr/include/boost/multiprecision/cpp_int.hpp:19,
[82.654s]                  from /usr/include/boost/multiprecision/cpp_bin_float.hpp:15,
[82.654s]                  from /usr/include/boost/geometry/core/coordinate_promotion.hpp:16,
[82.654s]                  from /usr/include/boost/geometry/core/radian_access.hpp:30,
[82.654s]                  from /usr/include/boost/geometry/geometry.hpp:50,
[82.654s]                  from /usr/include/boost/geometry.hpp:17,
[82.654s]                  from /home/neha/ros2_ws/src/semnav_migration/include/reactive_planner_lib.h:26:
[82.655s] /usr/include/boost/mpl/aux_/preprocessed/gcc/placeholders.hpp:29:16: note:   ‘mpl_::_1’
[82.655s]    29 | typedef arg<1> _1;
[82.657s]       |                ^~
[82.658s] In file included from /usr/include/boost/numeric/conversion/converter_policies.hpp:13,
[82.658s]                  from /usr/include/boost/numeric/conversion/converter.hpp:14,
[82.658s]                  from /usr/include/boost/numeric/conversion/cast.hpp:33,
[82.658s]                  from /usr/include/boost/geometry/core/radian_access.hpp:26:
[82.658s] /usr/include/c++/13/functional:294:48: note:   ‘std::placeholders::_1’
[82.658s]   294 |     _GLIBCXX_PLACEHOLDER const _Placeholder<1> _1;
[82.658s]       |                                                ^~
[82.658s] /usr/include/boost/mpl/aux_/preprocessed/gcc/placeholders.hpp:29:16: note:   ‘mpl_::_1’
[82.659s]    29 | typedef arg<1> _1;
[82.659s]       |                ^~
[82.661s] In file included from /usr/include/boost/describe/members.hpp:20,
[82.661s]                  from /usr/include/boost/container_hash/is_described_class.hpp:11,
[82.661s]                  from /usr/include/boost/container_hash/hash.hpp:18,
[82.661s]                  from /usr/include/boost/functional/hash.hpp:6,
[82.662s]                  from /usr/include/CGAL/Kernel/hash_functions.h:16,
[82.662s]                  from /usr/include/CGAL/Kernel/global_functions.h:25,
[82.662s]                  from /usr/include/CGAL/Cartesian/Cartesian_base.h:22,
[82.662s]                  from /usr/include/CGAL/Simple_cartesian.h:20,
[82.662s]                  from /usr/include/CGAL/Exact_predicates_inexact_constructions_kernel.h:20,
[82.662s]                  from /home/neha/ros2_ws/src/semnav_migration/include/polygeom_lib.h:32,
[82.662s]                  from /home/neha/ros2_ws/src/semnav_migration/include/reactive_planner_lib.h:52:
[82.662s] /usr/include/boost/mp11/bind.hpp:45:7: note:   ‘boost::mp11::_1’
[82.663s]    45 | using _1 = mp_arg<0>;
[82.663s]       |       ^~
[82.665s] /usr/include/boost/mpl/aux_/preprocessed/gcc/placeholders.hpp:29:16: note:   ‘mpl_::_1’
[82.665s]    29 | typedef arg<1> _1;
[82.665s]       |                ^~
[82.665s] /home/neha/ros2_ws/src/semnav_migration/src/navigation.cpp:149:105: error: ‘_2’ was not declared in this scope
[82.666s]   149 |                         sync->registerCallback(boost::bind(&NavigationNode::control_callback, this, _1, _2));
[82.666s]       |                                                                                                         ^~
[82.666s] /home/neha/ros2_ws/src/semnav_migration/src/navigation.cpp:149:105: note: suggested alternatives:
[82.666s] /usr/include/boost/mpl/aux_/preprocessed/gcc/placeholders.hpp:42:16: note:   ‘mpl_::_2’
[82.666s]    42 | typedef arg<2> _2;
[82.666s]       |                ^~
[82.666s] /usr/include/c++/13/functional:295:48: note:   ‘std::placeholders::_2’
[82.666s]   295 |     _GLIBCXX_PLACEHOLDER const _Placeholder<2> _2;
[82.667s]       |                                                ^~
[82.667s] /usr/include/boost/mpl/aux_/preprocessed/gcc/placeholders.hpp:42:16: note:   ‘mpl_::_2’
[82.669s]    42 | typedef arg<2> _2;
[82.669s]       |                ^~
[82.669s] /usr/include/boost/mp11/bind.hpp:46:7: note:   ‘boost::mp11::_2’
[82.669s]    46 | using _2 = mp_arg<1>;
[82.670s]       |       ^~
[82.670s] /usr/include/boost/mpl/aux_/preprocessed/gcc/placeholders.hpp:42:16: note:   ‘mpl_::_2’
[82.670s]    42 | typedef arg<2> _2;
[82.670s]       |                ^~
[82.670s] /home/neha/ros2_ws/src/semnav_migration/src/navigation.cpp:152:74: error: no matching function for call to ‘NavigationNode::create_subscription(std::string&, int)’
[82.670s]   152 |             rclcpp::Subscription sub_semantic = this->create_subscription(sub_semantic_topic_, 1);
[82.670s]       |                                                 ~~~~~~~~~~~~~~~~~~~~~~~~~^~~~~~~~~~~~~~~~~~~~~~~~
[82.671s] /opt/ros/jazzy/include/rclcpp/rclcpp/node.hpp:221:3: note: candidate: ‘template<class MessageT, class CallbackT, class AllocatorT, class SubscriptionT, class MessageMemoryStrategyT> std::shared_ptr<ROSMessageT> rclcpp::Node::create_subscription(const std::string&, const rclcpp::QoS&, CallbackT&&, const rclcpp::SubscriptionOptionsWithAllocator<AllocatorT>&, typename MessageMemoryStrategyT::SharedPtr)’
[82.671s]   221 |   create_subscription(
[82.673s]       |   ^~~~~~~~~~~~~~~~~~~
[82.673s] /opt/ros/jazzy/include/rclcpp/rclcpp/node.hpp:221:3: note:   template argument deduction/substitution failed:
[82.673s] /home/neha/ros2_ws/src/semnav_migration/src/navigation.cpp:152:74: note:   candidate expects 5 arguments, 2 provided
[82.673s]   152 |             rclcpp::Subscription sub_semantic = this->create_subscription(sub_semantic_topic_, 1);
[82.674s]       |                                                 ~~~~~~~~~~~~~~~~~~~~~~~~~^~~~~~~~~~~~~~~~~~~~~~~~
[82.715s] /home/neha/ros2_ws/src/semnav_migration/src/navigation.cpp: In member function ‘void NavigationNode::publish_twist(double, double)’:
[82.715s] /home/neha/ros2_ws/src/semnav_migration/src/navigation.cpp:169:25: error: ‘pub_twist_’ was not declared in this scope; did you mean ‘publish_twist’?
[82.715s]   169 |                         pub_twist_.publish(commandTwist);
[82.715s]       |                         ^~~~~~~~~~
[82.716s]       |                         publish_twist
[82.805s] /home/neha/ros2_ws/src/semnav_migration/src/navigation.cpp: In member function ‘void NavigationNode::publish_behavior_id(uint16_t)’:
[82.806s] /home/neha/ros2_ws/src/semnav_migration/src/navigation.cpp:176:25: error: ‘pub_behaviorID_’ was not declared in this scope; did you mean ‘pub_behaviorID_topic_’?
[82.806s]   176 |                         pub_behaviorID_.publish(commandId);
[82.806s]       |                         ^~~~~~~~~~~~~~~
[82.806s]       |                         pub_behaviorID_topic_
[82.910s] /home/neha/ros2_ws/src/semnav_migration/src/navigation.cpp: In member function ‘void NavigationNode::publish_behavior_mode(uint16_t)’:
[82.910s] /home/neha/ros2_ws/src/semnav_migration/src/navigation.cpp:183:25: error: ‘pub_behaviorMode_’ was not declared in this scope; did you mean ‘pub_behaviorMode_topic_’?
[82.911s]   183 |                         pub_behaviorMode_.publish(commandMode);
[82.911s]       |                         ^~~~~~~~~~~~~~~~~
[82.911s]       |                         pub_behaviorMode_topic_
[82.997s] /home/neha/ros2_ws/src/semnav_migration/src/navigation.cpp: In member function ‘void NavigationNode::control_callback(const sensor_msgs::msg::LaserScan_<std::allocator<void> >::ConstPtr&, const nav_msgs::msg::Odometry_<std::allocator<void> >::ConstPtr&)’:
[82.997s] /home/neha/ros2_ws/src/semnav_migration/src/navigation.cpp:366:43: error: ‘class tf2_ros::TransformListener’ has no member named ‘waitForTransform’
[82.997s]   366 |                                 listener_.waitForTransform(world_frame_id_, odom_frame_id_, rclcpp::Time(0), rclcpp::Duration(std::chrono::nanoseconds(1000000000));
[82.997s]       |                                           ^~~~~~~~~~~~~~~~
[82.997s] /home/neha/ros2_ws/src/semnav_migration/src/navigation.cpp:366:164: error: expected ‘)’ before ‘;’ token
[82.997s]   366 |                                 listener_.waitForTransform(world_frame_id_, odom_frame_id_, rclcpp::Time(0), rclcpp::Duration(std::chrono::nanoseconds(1000000000));
[82.998s]       |                                                                                                                                                                    ^
[82.998s] /home/neha/ros2_ws/src/semnav_migration/src/navigation.cpp:366:59: note: to match this ‘(’
[82.999s]   366 |                                 listener_.waitForTransform(world_frame_id_, odom_frame_id_, rclcpp::Time(0), rclcpp::Duration(std::chrono::nanoseconds(1000000000));
[82.999s]       |                                                           ^
[82.999s] /home/neha/ros2_ws/src/semnav_migration/src/navigation.cpp:367:43: error: ‘class tf2_ros::TransformListener’ has no member named ‘transformPose’
[82.999s]   367 |                                 listener_.transformPose(world_frame_id_, odomPose, mapPose);
[83.000s]       |                                           ^~~~~~~~~~~~~
[83.000s] /home/neha/ros2_ws/src/semnav_migration/src/navigation.cpp:396:42: error: could not convert ‘lidar_data’ from ‘shared_ptr<LaserScan_<[...]>>’ to ‘shared_ptr<LaserScan_<[...]>>’
[83.000s]   396 |                         constructLIDAR2D(lidar_data, CutoffRange_, AllowableRange_, RobotPitch_, &LIDAR);
[83.001s]       |                                          ^~~~~~~~~~
[83.001s]       |                                          |
[83.001s]       |                                          shared_ptr<LaserScan_<[...]>>
[83.042s] /home/neha/ros2_ws/src/semnav_migration/src/navigation.cpp: In function ‘int main(int, char**)’:
[83.042s] /home/neha/ros2_ws/src/semnav_migration/src/navigation.cpp:675:68: error: expected ‘,’ or ‘;’ before ‘)’ token
[83.043s]   675 |     auto node = std::make_shared<NavigationNode>("navigation_node"));
[83.043s]       |                                                                    ^
[85.927s] In file included from /usr/include/c++/13/bits/alloc_traits.h:33,
[85.928s]                  from /usr/include/c++/13/ext/alloc_traits.h:34,
[85.928s]                  from /usr/include/c++/13/bits/basic_string.h:39,
[85.928s]                  from /usr/include/c++/13/string:54,
[85.928s]                  from /usr/include/c++/13/bits/locale_classes.h:40,
[85.928s]                  from /usr/include/c++/13/bits/ios_base.h:41,
[85.928s]                  from /usr/include/c++/13/streambuf:43,
[85.928s]                  from /usr/include/c++/13/bits/streambuf_iterator.h:35,
[85.929s]                  from /usr/include/c++/13/iterator:66,
[85.929s]                  from /usr/include/boost/iterator/iterator_traits.hpp:10,
[85.931s]                  from /usr/include/boost/range/mutable_iterator.hpp:23,
[85.931s]                  from /usr/include/boost/range/iterator.hpp:20,
[85.932s]                  from /usr/include/boost/range/value_type.hpp:19,
[85.932s]                  from /usr/include/boost/geometry/core/closure.hpp:21,
[85.932s]                  from /usr/include/boost/geometry/geometry.hpp:31:
[85.932s] /usr/include/c++/13/bits/stl_construct.h: In instantiation of ‘void std::_Construct(_Tp*, _Args&& ...) [with _Tp = SemanticNavigationNode; _Args = {const char (&)[25]}]’:
[85.932s] /usr/include/c++/13/bits/alloc_traits.h:661:19:   required from ‘static void std::allocator_traits<std::allocator<void> >::construct(allocator_type&, _Up*, _Args&& ...) [with _Up = SemanticNavigationNode; _Args = {const char (&)[25]}; allocator_type = std::allocator<void>]’
[85.935s] /usr/include/c++/13/bits/shared_ptr_base.h:604:39:   required from ‘std::_Sp_counted_ptr_inplace<_Tp, _Alloc, _Lp>::_Sp_counted_ptr_inplace(_Alloc, _Args&& ...) [with _Args = {const char (&)[25]}; _Tp = SemanticNavigationNode; _Alloc = std::allocator<void>; __gnu_cxx::_Lock_policy _Lp = __gnu_cxx::_S_atomic]’
[85.935s] /usr/include/c++/13/bits/shared_ptr_base.h:971:16:   required from ‘std::__shared_count<_Lp>::__shared_count(_Tp*&, std::_Sp_alloc_shared_tag<_Alloc>, _Args&& ...) [with _Tp = SemanticNavigationNode; _Alloc = std::allocator<void>; _Args = {const char (&)[25]}; __gnu_cxx::_Lock_policy _Lp = __gnu_cxx::_S_atomic]’
[85.935s] /usr/include/c++/13/bits/shared_ptr_base.h:1712:14:   required from ‘std::__shared_ptr<_Tp, _Lp>::__shared_ptr(std::_Sp_alloc_shared_tag<_Tp>, _Args&& ...) [with _Alloc = std::allocator<void>; _Args = {const char (&)[25]}; _Tp = SemanticNavigationNode; __gnu_cxx::_Lock_policy _Lp = __gnu_cxx::_S_atomic]’
[85.936s] /usr/include/c++/13/bits/shared_ptr.h:464:59:   required from ‘std::shared_ptr<_Tp>::shared_ptr(std::_Sp_alloc_shared_tag<_Tp>, _Args&& ...) [with _Alloc = std::allocator<void>; _Args = {const char (&)[25]}; _Tp = SemanticNavigationNode]’
[85.936s] /usr/include/c++/13/bits/shared_ptr.h:1009:14:   required from ‘std::shared_ptr<typename std::enable_if<(! std::is_array< <template-parameter-1-1> >::value), _Tp>::type> std::make_shared(_Args&& ...) [with _Tp = SemanticNavigationNode; _Args = {const char (&)[25]}; typename enable_if<(! is_array< <template-parameter-1-1> >::value), _Tp>::type = SemanticNavigationNode]’
[85.936s] /home/neha/ros2_ws/src/semnav_migration/src/navigation_semantic.cpp:701:58:   required from here
[85.936s] /usr/include/c++/13/bits/stl_construct.h:119:7: error: no matching function for call to ‘SemanticNavigationNode::SemanticNavigationNode(const char [25])’
[85.936s]   119 |       ::new((void*)__p) _Tp(std::forward<_Args>(__args)...);
[85.936s]       |       ^~~~~~~~~~~~~~~~~~~~~~~~~~~~~~~~~~~~~~~~~~~~~~~~~~~~~
[85.936s] /home/neha/ros2_ws/src/semnav_migration/src/navigation_semantic.cpp:46:17: note: candidate: ‘SemanticNavigationNode::SemanticNavigationNode()’
[85.937s]    46 |                 SemanticNavigationNode() : Node("semantic_navigation_node")  {
[85.937s]       |                 ^~~~~~~~~~~~~~~~~~~~~~
[85.937s] /home/neha/ros2_ws/src/semnav_migration/src/navigation_semantic.cpp:46:17: note:   candidate expects 0 arguments, 1 provided
[86.448s] In file included from /usr/include/c++/13/bits/alloc_traits.h:33,
[86.448s]                  from /usr/include/c++/13/ext/alloc_traits.h:34,
[86.449s]                  from /usr/include/c++/13/bits/basic_string.h:39,
[86.449s]                  from /usr/include/c++/13/string:54,
[86.449s]                  from /usr/include/c++/13/bits/locale_classes.h:40,
[86.449s]                  from /usr/include/c++/13/bits/ios_base.h:41,
[86.449s]                  from /usr/include/c++/13/streambuf:43,
[86.449s]                  from /usr/include/c++/13/bits/streambuf_iterator.h:35,
[86.449s]                  from /usr/include/c++/13/iterator:66,
[86.450s]                  from /usr/include/boost/iterator/iterator_traits.hpp:10,
[86.451s]                  from /usr/include/boost/range/mutable_iterator.hpp:23,
[86.451s]                  from /usr/include/boost/range/iterator.hpp:20,
[86.451s]                  from /usr/include/boost/range/value_type.hpp:19,
[86.452s]                  from /usr/include/boost/geometry/core/closure.hpp:21,
[86.452s]                  from /usr/include/boost/geometry/geometry.hpp:31:
[86.452s] /usr/include/c++/13/bits/stl_construct.h: In instantiation of ‘void std::_Construct(_Tp*, _Args&& ...) [with _Tp = NavigationNode; _Args = {const char (&)[16]}]’:
[86.452s] /usr/include/c++/13/bits/alloc_traits.h:661:19:   required from ‘static void std::allocator_traits<std::allocator<void> >::construct(allocator_type&, _Up*, _Args&& ...) [with _Up = NavigationNode; _Args = {const char (&)[16]}; allocator_type = std::allocator<void>]’
[86.452s] /usr/include/c++/13/bits/shared_ptr_base.h:604:39:   required from ‘std::_Sp_counted_ptr_inplace<_Tp, _Alloc, _Lp>::_Sp_counted_ptr_inplace(_Alloc, _Args&& ...) [with _Args = {const char (&)[16]}; _Tp = NavigationNode; _Alloc = std::allocator<void>; __gnu_cxx::_Lock_policy _Lp = __gnu_cxx::_S_atomic]’
[86.452s] /usr/include/c++/13/bits/shared_ptr_base.h:971:16:   required from ‘std::__shared_count<_Lp>::__shared_count(_Tp*&, std::_Sp_alloc_shared_tag<_Alloc>, _Args&& ...) [with _Tp = NavigationNode; _Alloc = std::allocator<void>; _Args = {const char (&)[16]}; __gnu_cxx::_Lock_policy _Lp = __gnu_cxx::_S_atomic]’
[86.452s] /usr/include/c++/13/bits/shared_ptr_base.h:1712:14:   required from ‘std::__shared_ptr<_Tp, _Lp>::__shared_ptr(std::_Sp_alloc_shared_tag<_Tp>, _Args&& ...) [with _Alloc = std::allocator<void>; _Args = {const char (&)[16]}; _Tp = NavigationNode; __gnu_cxx::_Lock_policy _Lp = __gnu_cxx::_S_atomic]’
[86.453s] /usr/include/c++/13/bits/shared_ptr.h:464:59:   required from ‘std::shared_ptr<_Tp>::shared_ptr(std::_Sp_alloc_shared_tag<_Tp>, _Args&& ...) [with _Alloc = std::allocator<void>; _Args = {const char (&)[16]}; _Tp = NavigationNode]’
[86.455s] /usr/include/c++/13/bits/shared_ptr.h:1009:14:   required from ‘std::shared_ptr<typename std::enable_if<(! std::is_array< <template-parameter-1-1> >::value), _Tp>::type> std::make_shared(_Args&& ...) [with _Tp = NavigationNode; _Args = {const char (&)[16]}; typename enable_if<(! is_array< <template-parameter-1-1> >::value), _Tp>::type = NavigationNode]’
[86.455s] /home/neha/ros2_ws/src/semnav_migration/src/navigation.cpp:675:49:   required from here
[86.455s] /usr/include/c++/13/bits/stl_construct.h:119:7: error: no matching function for call to ‘NavigationNode::NavigationNode(const char [16])’
[86.456s]   119 |       ::new((void*)__p) _Tp(std::forward<_Args>(__args)...);
[86.456s]       |       ^~~~~~~~~~~~~~~~~~~~~~~~~~~~~~~~~~~~~~~~~~~~~~~~~~~~~
[86.456s] /home/neha/ros2_ws/src/semnav_migration/src/navigation.cpp:46:9: note: candidate: ‘NavigationNode::NavigationNode()’
[86.456s]    46 |         NavigationNode() : rclcpp::Node(std::string("navigation_node")) {
[86.456s]       |         ^~~~~~~~~~~~~~
[86.456s] /home/neha/ros2_ws/src/semnav_migration/src/navigation.cpp:46:9: note:   candidate expects 0 arguments, 1 provided
[97.762s] gmake[2]: *** [CMakeFiles/navigation_semantic.dir/build.make:76: CMakeFiles/navigation_semantic.dir/src/navigation_semantic.cpp.o] Error 1
[97.763s] gmake[1]: *** [CMakeFiles/Makefile2:207: CMakeFiles/navigation_semantic.dir/all] Error 2
[97.764s] gmake[1]: *** Waiting for unfinished jobs....
[98.686s] gmake[2]: *** [CMakeFiles/navigation.dir/build.make:76: CMakeFiles/navigation.dir/src/navigation.cpp.o] Error 1
[98.687s] gmake[1]: *** [CMakeFiles/Makefile2:181: CMakeFiles/navigation.dir/all] Error 2
[98.688s] gmake: *** [Makefile:146: all] Error 2
[98.690s] Invoked command in '/home/neha/ros2_ws/src/semnav_migration/build/semnav' returned '2': CMAKE_PREFIX_PATH=${CMAKE_PREFIX_PATH}:/opt/ros/jazzy DEBUGINFOD_URLS=https://debuginfod.ubuntu.com /usr/bin/cmake --build /home/neha/ros2_ws/src/semnav_migration/build/semnav -- -j2 -l2
