[0.033s] Invoking command in '/home/neha/ros2_ws/src/semnav_migration/build/semnav': CMAKE_PREFIX_PATH=${CMAKE_PREFIX_PATH}:/opt/ros/jazzy DEBUGINFOD_URLS=https://debuginfod.ubuntu.com /usr/bin/cmake --build /home/neha/ros2_ws/src/semnav_migration/build/semnav -- -j2 -l2
[0.213s] [ 14%] Built target reactive_planner
[0.328s] [ 19%] [32mBuilding CXX object CMakeFiles/navigation.dir/src/navigation.cpp.o[0m
[0.340s] [ 23%] [32mBuilding CXX object CMakeFiles/navigation_semantic.dir/src/navigation_semantic.cpp.o[0m
[86.383s] [ 33%] [32m[1mLinking CXX executable navigation_semantic[0m
[86.384s] [ 33%] [32m[1mLinking CXX executable navigation[0m
[92.753s] /usr/bin/ld: CMakeFiles/navigation.dir/src/navigation.cpp.o: in function `geometry_msgs::msg::PoseStamped_<std::allocator<void> >& tf2_ros::BufferInterface::transform<geometry_msgs::msg::PoseStamped_<std::allocator<void> > >(geometry_msgs::msg::PoseStamped_<std::allocator<void> > const&, geometry_msgs::msg::PoseStamped_<std::allocator<void> >&, std::__cxx11::basic_string<char, std::char_traits<char>, std::allocator<char> > const&, std::chrono::duration<long, std::ratio<1l, 1000000000l> >) const':
[92.753s] navigation.cpp:(.text._ZNK7tf2_ros15BufferInterface9transformIN13geometry_msgs3msg12PoseStamped_ISaIvEEEEERT_RKS7_S8_RKNSt7__cxx1112basic_stringIcSt11char_traitsIcESaIcEEENSt6chrono8durationIlSt5ratioILl1ELl1000000000EEEE[_ZNK7tf2_ros15BufferInterface9transformIN13geometry_msgs3msg12PoseStamped_ISaIvEEEEERT_RKS7_S8_RKNSt7__cxx1112basic_stringIcSt11char_traitsIcESaIcEEENSt6chrono8durationIlSt5ratioILl1ELl1000000000EEEE]+0x5a): undefined reference to `std::chrono::time_point<std::chrono::_V2::system_clock, std::chrono::duration<long, std::ratio<1l, 1000000000l> > > tf2::getTimestamp<geometry_msgs::msg::PoseStamped_<std::allocator<void> > >(geometry_msgs::msg::PoseStamped_<std::allocator<void> > const&)'
[92.757s] /usr/bin/ld: navigation.cpp:(.text._ZNK7tf2_ros15BufferInterface9transformIN13geometry_msgs3msg12PoseStamped_ISaIvEEEEERT_RKS7_S8_RKNSt7__cxx1112basic_stringIcSt11char_traitsIcESaIcEEENSt6chrono8durationIlSt5ratioILl1ELl1000000000EEEE[_ZNK7tf2_ros15BufferInterface9transformIN13geometry_msgs3msg12PoseStamped_ISaIvEEEEERT_RKS7_S8_RKNSt7__cxx1112basic_stringIcSt11char_traitsIcESaIcEEENSt6chrono8durationIlSt5ratioILl1ELl1000000000EEEE]+0x7a): undefined reference to `std::__cxx11::basic_string<char, std::char_traits<char>, std::allocator<char> > tf2::getFrameId<geometry_msgs::msg::PoseStamped_<std::allocator<void> > >(geometry_msgs::msg::PoseStamped_<std::allocator<void> > const&)'
[92.760s] /usr/bin/ld: navigation.cpp:(.text._ZNK7tf2_ros15BufferInterface9transformIN13geometry_msgs3msg12PoseStamped_ISaIvEEEEERT_RKS7_S8_RKNSt7__cxx1112basic_stringIcSt11char_traitsIcESaIcEEENSt6chrono8durationIlSt5ratioILl1ELl1000000000EEEE[_ZNK7tf2_ros15BufferInterface9transformIN13geometry_msgs3msg12PoseStamped_ISaIvEEEEERT_RKS7_S8_RKNSt7__cxx1112basic_stringIcSt11char_traitsIcESaIcEEENSt6chrono8durationIlSt5ratioILl1ELl1000000000EEEE]+0xcf): undefined reference to `void tf2::doTransform<geometry_msgs::msg::PoseStamped_<std::allocator<void> > >(geometry_msgs::msg::PoseStamped_<std::allocator<void> > const&, geometry_msgs::msg::PoseStamped_<std::allocator<void> >&, geometry_msgs::msg::TransformStamped_<std::allocator<void> > const&)'
[92.787s] /usr/bin/ld: CMakeFiles/navigation_semantic.dir/src/navigation_semantic.cpp.o: in function `geometry_msgs::msg::PoseStamped_<std::allocator<void> >& tf2_ros::BufferInterface::transform<geometry_msgs::msg::PoseStamped_<std::allocator<void> > >(geometry_msgs::msg::PoseStamped_<std::allocator<void> > const&, geometry_msgs::msg::PoseStamped_<std::allocator<void> >&, std::__cxx11::basic_string<char, std::char_traits<char>, std::allocator<char> > const&, std::chrono::duration<long, std::ratio<1l, 1000000000l> >) const':
[92.787s] navigation_semantic.cpp:(.text._ZNK7tf2_ros15BufferInterface9transformIN13geometry_msgs3msg12PoseStamped_ISaIvEEEEERT_RKS7_S8_RKNSt7__cxx1112basic_stringIcSt11char_traitsIcESaIcEEENSt6chrono8durationIlSt5ratioILl1ELl1000000000EEEE[_ZNK7tf2_ros15BufferInterface9transformIN13geometry_msgs3msg12PoseStamped_ISaIvEEEEERT_RKS7_S8_RKNSt7__cxx1112basic_stringIcSt11char_traitsIcESaIcEEENSt6chrono8durationIlSt5ratioILl1ELl1000000000EEEE]+0x5a): undefined reference to `std::chrono::time_point<std::chrono::_V2::system_clock, std::chrono::duration<long, std::ratio<1l, 1000000000l> > > tf2::getTimestamp<geometry_msgs::msg::PoseStamped_<std::allocator<void> > >(geometry_msgs::msg::PoseStamped_<std::allocator<void> > const&)'
[92.791s] /usr/bin/ld: navigation_semantic.cpp:(.text._ZNK7tf2_ros15BufferInterface9transformIN13geometry_msgs3msg12PoseStamped_ISaIvEEEEERT_RKS7_S8_RKNSt7__cxx1112basic_stringIcSt11char_traitsIcESaIcEEENSt6chrono8durationIlSt5ratioILl1ELl1000000000EEEE[_ZNK7tf2_ros15BufferInterface9transformIN13geometry_msgs3msg12PoseStamped_ISaIvEEEEERT_RKS7_S8_RKNSt7__cxx1112basic_stringIcSt11char_traitsIcESaIcEEENSt6chrono8durationIlSt5ratioILl1ELl1000000000EEEE]+0x7a): undefined reference to `std::__cxx11::basic_string<char, std::char_traits<char>, std::allocator<char> > tf2::getFrameId<geometry_msgs::msg::PoseStamped_<std::allocator<void> > >(geometry_msgs::msg::PoseStamped_<std::allocator<void> > const&)'
[92.792s] /usr/bin/ld: navigation_semantic.cpp:(.text._ZNK7tf2_ros15BufferInterface9transformIN13geometry_msgs3msg12PoseStamped_ISaIvEEEEERT_RKS7_S8_RKNSt7__cxx1112basic_stringIcSt11char_traitsIcESaIcEEENSt6chrono8durationIlSt5ratioILl1ELl1000000000EEEE[_ZNK7tf2_ros15BufferInterface9transformIN13geometry_msgs3msg12PoseStamped_ISaIvEEEEERT_RKS7_S8_RKNSt7__cxx1112basic_stringIcSt11char_traitsIcESaIcEEENSt6chrono8durationIlSt5ratioILl1ELl1000000000EEEE]+0xcf): undefined reference to `void tf2::doTransform<geometry_msgs::msg::PoseStamped_<std::allocator<void> > >(geometry_msgs::msg::PoseStamped_<std::allocator<void> > const&, geometry_msgs::msg::PoseStamped_<std::allocator<void> >&, geometry_msgs::msg::TransformStamped_<std::allocator<void> > const&)'
[93.084s] collect2: error: ld returned 1 exit status
[93.087s] gmake[2]: *** [CMakeFiles/navigation.dir/build.make:451: navigation] Error 1
[93.088s] gmake[1]: *** [CMakeFiles/Makefile2:181: CMakeFiles/navigation.dir/all] Error 2
[93.088s] gmake[1]: *** Waiting for unfinished jobs....
[93.119s] collect2: error: ld returned 1 exit status
[93.121s] gmake[2]: *** [CMakeFiles/navigation_semantic.dir/build.make:451: navigation_semantic] Error 1
[93.122s] gmake[1]: *** [CMakeFiles/Makefile2:207: CMakeFiles/navigation_semantic.dir/all] Error 2
[93.122s] gmake: *** [Makefile:146: all] Error 2
[93.132s] Invoked command in '/home/neha/ros2_ws/src/semnav_migration/build/semnav' returned '2': CMAKE_PREFIX_PATH=${CMAKE_PREFIX_PATH}:/opt/ros/jazzy DEBUGINFOD_URLS=https://debuginfod.ubuntu.com /usr/bin/cmake --build /home/neha/ros2_ws/src/semnav_migration/build/semnav -- -j2 -l2
