[0.036s] Invoking command in '/home/neha/ros2_ws/src/semnav_migration/build/semnav': CMAKE_PREFIX_PATH=${CMAKE_PREFIX_PATH}:/opt/ros/jazzy DEBUGINFOD_URLS=https://debuginfod.ubuntu.com /usr/bin/cmake --build /home/neha/ros2_ws/src/semnav_migration/build/semnav -- -j2 -l2
[0.208s] [ 14%] Built target reactive_planner
[0.357s] [ 19%] [32mBuilding CXX object CMakeFiles/navigation_semantic.dir/src/navigation_semantic.cpp.o[0m
[0.357s] [ 23%] [32mBuilding CXX object CMakeFiles/navigation.dir/src/navigation.cpp.o[0m
[89.034s] [ 28%] [32m[1mLinking CXX executable navigation[0m
[89.208s] [ 33%] [32m[1mLinking CXX executable navigation_semantic[0m
[97.678s] [ 33%] Built target navigation
[98.436s] [ 33%] Built target navigation_semantic
[98.547s] [ 38%] [32mBuilding CXX object CMakeFiles/navigation_humans.dir/src/navigation_humans.cpp.o[0m
[107.651s] [ 42%] [32mBuilding CXX object CMakeFiles/human_following.dir/src/human_following.cpp.o[0m
[190.544s] [ 47%] [32m[1mLinking CXX executable navigation_humans[0m
[197.330s] [ 47%] Built target navigation_humans
[202.415s] [ 52%] [32m[1mLinking CXX executable human_following[0m
[209.756s] [ 52%] Built target human_following
[209.898s] [ 57%] [32mBuilding CXX object CMakeFiles/human_following_signal.dir/src/human_following_signal.cpp.o[0m
[222.951s] [ 61%] [32mBuilding CXX object CMakeFiles/human_following_fallen.dir/src/human_following_fallen.cpp.o[0m
[233.374s] [01m[K/home/neha/ros2_ws/src/semnav_migration/src/human_following_signal.cpp:[m[K In member function â€˜[01m[Kvoid HumanFollowingSignalNode::[01;32m[Khuman_update[m[K(const object_pose_interface_msgs::msg::KeypointDetections3D_<std::allocator<void> >::ConstPtr&)[m[Kâ€™:
[233.374s] [01m[K/home/neha/ros2_ws/src/semnav_migration/src/human_following_signal.cpp:295:43:[m[K [01;31m[Kerror: [m[Kâ€˜[01m[Kclass std::shared_ptr<tf2_ros::TransformListener>[m[Kâ€™ has no member named â€˜[01m[KwaitForTransform[m[Kâ€™
[233.374s]   295 |                                 listener_.[01;31m[KwaitForTransform[m[K(world_frame_id_, camera_optical_frame_id_, human_data->header.stamp, tf2::Duration(std::chrono::nanoseconds(2000000000));
[233.375s]       |                                           [01;31m[K^~~~~~~~~~~~~~~~[m[K
[233.375s] [01m[K/home/neha/ros2_ws/src/semnav_migration/src/human_following_signal.cpp:295:180:[m[K [01;31m[Kerror: [m[Kexpected â€˜[01m[K)[m[Kâ€™ before â€˜[01m[K;[m[Kâ€™ token
[233.375s]   295 | rld_frame_id_, camera_optical_frame_id_, human_data->header.stamp, tf2::Duration(std::chrono::nanoseconds(2000000000))[01;31m[K;[m[K
[233.375s]       |                                                                                                                       [01;31m[K^[m[K
[233.375s] 
[233.375s] [01m[K/home/neha/ros2_ws/src/semnav_migration/src/human_following_signal.cpp:295:59:[m[K [01;36m[Knote: [m[Kto match this â€˜[01m[K([m[Kâ€™
[233.375s]   295 |                                 listener_.waitForTransform[01;36m[K([m[Kworld_frame_id_, camera_optical_frame_id_, human_data->header.stamp, tf2::Duration(std::chrono::nanoseconds(2000000000));
[233.376s]       |                                                           [01;36m[K^[m[K
[233.376s] [01m[K/home/neha/ros2_ws/src/semnav_migration/src/human_following_signal.cpp:304:59:[m[K [01;31m[Kerror: [m[Kâ€˜[01m[Kclass std::shared_ptr<tf2_ros::TransformListener>[m[Kâ€™ has no member named â€˜[01m[KwaitForTransform[m[Kâ€™
[233.376s]   304 |                                                 listener_.[01;31m[KwaitForTransform[m[K(world_frame_id_, ros::Time(0), camera_optical_frame_id_, human_data->header.stamp, world_frame_id_, tf2::Duration(std::chrono::nanosecond(1000000000)));
[233.376s]       |                                                           [01;31m[K^~~~~~~~~~~~~~~~[m[K
[233.376s] [01m[K/home/neha/ros2_ws/src/semnav_migration/src/human_following_signal.cpp:304:93:[m[K [01;31m[Kerror: [m[Kâ€˜[01m[Kros[m[Kâ€™ has not been declared
[233.376s]   304 |                                                 listener_.waitForTransform(world_frame_id_, [01;31m[Kros[m[K::Time(0), camera_optical_frame_id_, human_data->header.stamp, world_frame_id_, tf2::Duration(std::chrono::nanosecond(1000000000)));
[233.376s]       |                                                                                             [01;31m[K^~~[m[K
[233.379s] [01m[K/home/neha/ros2_ws/src/semnav_migration/src/human_following_signal.cpp:304:203:[m[K [01;31m[Kerror: [m[Kâ€˜[01m[Knanosecond[m[Kâ€™ is not a member of â€˜[01m[Kstd::chrono[m[Kâ€™; did you mean â€˜[01m[Knanoseconds[m[Kâ€™?
[233.379s]   304 | s::Time(0), camera_optical_frame_id_, human_data->header.stamp, world_frame_id_, tf2::Duration(std::chrono::[01;31m[Knanosecond[m[K(1000000000)));
[233.379s]       |                                                                                                             [01;31m[K^~~~~~~~~~[m[K
[233.379s]       |                                                                                                             [32m[Knanoseconds[m[K
[233.379s] [01m[K/home/neha/ros2_ws/src/semnav_migration/src/human_following_signal.cpp:305:59:[m[K [01;31m[Kerror: [m[Kâ€˜[01m[Kclass std::shared_ptr<tf2_ros::TransformListener>[m[Kâ€™ has no member named â€˜[01m[KtransformPoint[m[Kâ€™
[233.380s]   305 |                                                 listener_.[01;31m[KtransformPoint[m[K(world_frame_id_, ros::Time(0), pointCamera, world_frame_id_, pointMap);
[233.380s]       |                                                           [01;31m[K^~~~~~~~~~~~~~[m[K
[233.380s] [01m[K/home/neha/ros2_ws/src/semnav_migration/src/human_following_signal.cpp:305:91:[m[K [01;31m[Kerror: [m[Kâ€˜[01m[Kros[m[Kâ€™ has not been declared
[233.380s]   305 |                                                 listener_.transformPoint(world_frame_id_, [01;31m[Kros[m[K::Time(0), pointCamera, world_frame_id_, pointMap);
[233.380s]       |                                                                                           [01;31m[K^~~[m[K
[233.387s] [01m[K/home/neha/ros2_ws/src/semnav_migration/src/human_following_signal.cpp:306:50:[m[K [01;31m[Kerror: [m[Kâ€˜[01m[Ktf22[m[Kâ€™ does not name a type
[233.387s]   306 |                                         } catch ([01;31m[Ktf22[m[K::TransformException &ex) {
[233.387s]       |                                                  [01;31m[K^~~~[m[K
[233.387s] [01m[K/home/neha/ros2_ws/src/semnav_migration/src/human_following_signal.cpp:306:75:[m[K [01;31m[Kerror: [m[Kexpected unqualified-id before â€˜[01m[K&[m[Kâ€™ token
[233.387s]   306 |                                         } catch (tf22::TransformException [01;31m[K&[m[Kex) {
[233.387s]       |                                                                           [01;31m[K^[m[K
[233.388s] [01m[K/home/neha/ros2_ws/src/semnav_migration/src/human_following_signal.cpp:306:75:[m[K [01;31m[Kerror: [m[Kexpected â€˜[01m[K)[m[Kâ€™ before â€˜[01m[K&[m[Kâ€™ token
[233.388s] [01m[K/home/neha/ros2_ws/src/semnav_migration/src/human_following_signal.cpp:306:49:[m[K [01;36m[Knote: [m[Kto match this â€˜[01m[K([m[Kâ€™
[233.388s]   306 |                                         } catch [01;36m[K([m[Ktf22::TransformException &ex) {
[233.388s]       |                                                 [01;36m[K^[m[K
[233.388s] [01m[K/home/neha/ros2_ws/src/semnav_migration/src/human_following_signal.cpp:306:75:[m[K [01;31m[Kerror: [m[Kexpected â€˜[01m[K{[m[Kâ€™ before â€˜[01m[K&[m[Kâ€™ token
[233.388s]   306 |                                         } catch (tf22::TransformException [01;31m[K&[m[Kex) {
[233.388s]       |                                                                           [01;31m[K^[m[K
[233.427s] [01m[K/home/neha/ros2_ws/src/semnav_migration/src/human_following_signal.cpp:306:76:[m[K [01;31m[Kerror: [m[Kâ€˜[01m[Kex[m[Kâ€™ was not declared in this scope; did you mean â€˜[01m[Kexp[m[Kâ€™?
[233.428s]   306 |                                         } catch (tf22::TransformException &[01;31m[Kex[m[K) {
[233.428s]       |                                                                            [01;31m[K^~[m[K
[233.429s]       |                                                                            [32m[Kexp[m[K
[233.471s] [01m[K/home/neha/ros2_ws/src/semnav_migration/src/human_following_signal.cpp:[m[K In member function â€˜[01m[Kvoid HumanFollowingSignalNode::[01;32m[Kcontrol_callback[m[K(const sensor_msgs::msg::LaserScan_<std::allocator<void> >::ConstPtr&, const nav_msgs::msg::Odometry_<std::allocator<void> >::ConstPtr&)[m[Kâ€™:
[233.471s] [01m[K/home/neha/ros2_ws/src/semnav_migration/src/human_following_signal.cpp:459:49:[m[K [01;31m[Kerror: [m[Kâ€˜[01m[Kros[m[Kâ€™ has not been declared
[233.472s]   459 |                         odomPose.header.stamp = [01;31m[Kros[m[K::Time(0);
[233.472s]       |                                                 [01;31m[K^~~[m[K
[233.472s] [01m[K/home/neha/ros2_ws/src/semnav_migration/src/human_following_signal.cpp:463:43:[m[K [01;31m[Kerror: [m[Kâ€˜[01m[Kclass std::shared_ptr<tf2_ros::TransformListener>[m[Kâ€™ has no member named â€˜[01m[KwaitForTransform[m[Kâ€™
[233.473s]   463 |                                 listener_.[01;31m[KwaitForTransform[m[K(world_frame_id_, odom_frame_id_, ros::Time(0), ros::Duration(1.0));
[233.473s]       |                                           [01;31m[K^~~~~~~~~~~~~~~~[m[K
[233.473s] [01m[K/home/neha/ros2_ws/src/semnav_migration/src/human_following_signal.cpp:463:93:[m[K [01;31m[Kerror: [m[Kâ€˜[01m[Kros[m[Kâ€™ has not been declared
[233.474s]   463 |                                 listener_.waitForTransform(world_frame_id_, odom_frame_id_, [01;31m[Kros[m[K::Time(0), ros::Duration(1.0));
[233.474s]       |                                                                                             [01;31m[K^~~[m[K
[233.474s] [01m[K/home/neha/ros2_ws/src/semnav_migration/src/human_following_signal.cpp:463:107:[m[K [01;31m[Kerror: [m[Kâ€˜[01m[Kros[m[Kâ€™ has not been declared
[233.475s]   463 |                                 listener_.waitForTransform(world_frame_id_, odom_frame_id_, ros::Time(0), [01;31m[Kros[m[K::Duration(1.0));
[233.475s]       |                                                                                                           [01;31m[K^~~[m[K
[233.477s] [01m[K/home/neha/ros2_ws/src/semnav_migration/src/human_following_signal.cpp:464:43:[m[K [01;31m[Kerror: [m[Kâ€˜[01m[Kclass std::shared_ptr<tf2_ros::TransformListener>[m[Kâ€™ has no member named â€˜[01m[KtransformPose[m[Kâ€™
[233.477s]   464 |                                 listener_.[01;31m[KtransformPose[m[K(world_frame_id_, odomPose, mapPose);
[233.477s]       |                                           [01;31m[K^~~~~~~~~~~~~[m[K
[233.479s] [01m[K/home/neha/ros2_ws/src/semnav_migration/src/human_following_signal.cpp:497:43:[m[K [01;31m[Kerror: [m[Kâ€˜[01m[Kclass std::shared_ptr<tf2_ros::TransformListener>[m[Kâ€™ has no member named â€˜[01m[KwaitForTransform[m[Kâ€™
[233.479s]   497 |                                 listener_.[01;31m[KwaitForTransform[m[K(world_frame_id_, ros::Time(0), camera_optical_frame_id_, localGoalCameraStamp, world_frame_id_, ros::Duration(1.0));
[233.479s]       |                                           [01;31m[K^~~~~~~~~~~~~~~~[m[K
[233.483s] [01m[K/home/neha/ros2_ws/src/semnav_migration/src/human_following_signal.cpp:497:77:[m[K [01;31m[Kerror: [m[Kâ€˜[01m[Kros[m[Kâ€™ has not been declared
[233.483s]   497 |                                 listener_.waitForTransform(world_frame_id_, [01;31m[Kros[m[K::Time(0), camera_optical_frame_id_, localGoalCameraStamp, world_frame_id_, ros::Duration(1.0));
[233.483s]       |                                                                             [01;31m[K^~~[m[K
[233.483s] [01m[K/home/neha/ros2_ws/src/semnav_migration/src/human_following_signal.cpp:497:156:[m[K [01;31m[Kerror: [m[Kâ€˜[01m[Kros[m[Kâ€™ has not been declared
[233.484s]   497 | orTransform(world_frame_id_, ros::Time(0), camera_optical_frame_id_, localGoalCameraStamp, world_frame_id_, [01;31m[Kros[m[K::Duration(1.0));
[233.484s]       |                                                                                                             [01;31m[K^~~[m[K
[233.484s] 
[233.484s] [01m[K/home/neha/ros2_ws/src/semnav_migration/src/human_following_signal.cpp:498:43:[m[K [01;31m[Kerror: [m[Kâ€˜[01m[Kclass std::shared_ptr<tf2_ros::TransformListener>[m[Kâ€™ has no member named â€˜[01m[KtransformPoint[m[Kâ€™
[233.484s]   498 |                                 listener_.[01;31m[KtransformPoint[m[K(world_frame_id_, ros::Time(0), localGoalCamera, world_frame_id_, localGoalMap);
[233.484s]       |                                           [01;31m[K^~~~~~~~~~~~~~[m[K
[233.484s] [01m[K/home/neha/ros2_ws/src/semnav_migration/src/human_following_signal.cpp:498:75:[m[K [01;31m[Kerror: [m[Kâ€˜[01m[Kros[m[Kâ€™ has not been declared
[233.487s]   498 |                                 listener_.transformPoint(world_frame_id_, [01;31m[Kros[m[K::Time(0), localGoalCamera, world_frame_id_, localGoalMap);
[233.487s]       |                                                                           [01;31m[K^~~[m[K
[233.514s] [01m[K/home/neha/ros2_ws/src/semnav_migration/src/human_following_signal.cpp:669:33:[m[K [01;31m[Kerror: [m[Kâ€˜[01m[Kros[m[Kâ€™ has not been declared
[233.515s]   669 |                                 [01;31m[Kros[m[K::Duration(5.0).sleep();
[233.515s]       |                                 [01;31m[K^~~[m[K
[233.529s] In file included from [01m[K/opt/ros/jazzy/include/rclcpp/rclcpp/copy_all_parameter_values.hpp:27[m[K,
[233.531s]                  from [01m[K/opt/ros/jazzy/include/rclcpp/rclcpp/rclcpp.hpp:171[m[K,
[233.531s]                  from [01m[K/home/neha/ros2_ws/src/semnav_migration/include/reactive_planner_lib.h:32[m[K,
[233.533s]                  from [01m[K/home/neha/ros2_ws/src/semnav_migration/src/human_following_signal.cpp:25[m[K:
[233.533s] [01m[K/home/neha/ros2_ws/src/semnav_migration/src/human_following_signal.cpp:697:157:[m[K [01;31m[Kerror: [m[Kâ€˜[01m[Kros[m[Kâ€™ has not been declared
[233.533s]   697 | >get_logger(), "[Navigation] Command update for " << int(localDiffeoTreeArray.size()) << " polygons in " << [01;31m[Kros[m[K::Time::now().toSec()-before_time << " seconds.");
[233.533s]       |                                                                                                             [01;31m[K^~~[m[K
[233.533s] 
[249.273s] [01m[K/home/neha/ros2_ws/src/semnav_migration/src/human_following_fallen.cpp:44:42:[m[K [01;31m[Kerror: [m[Kâ€˜[01m[Kros[m[Kâ€™ has not been declared
[249.274s]    44 |                 HumanFollowingFallenNode([01;31m[Kros[m[K::NodeHandle* nodehandle) : nh_(*nodehandle) {
[249.274s]       |                                          [01;31m[K^~~[m[K
[249.274s] [01m[K/home/neha/ros2_ws/src/semnav_migration/src/human_following_fallen.cpp:44:57:[m[K [01;31m[Kerror: [m[Kexpected â€˜[01m[K)[m[Kâ€™ before â€˜[01m[K*[m[Kâ€™ token
[249.274s]    44 |                 HumanFollowingFallenNode[34m[K([m[Kros::NodeHandle[01;31m[K*[m[K nodehandle) : nh_(*nodehandle) {
[249.274s]       |                                         [34m[K~[m[K               [01;31m[K^[m[K
[249.274s]       |                                                         [32m[K)[m[K
[249.277s] [01m[K/home/neha/ros2_ws/src/semnav_migration/src/human_following_fallen.cpp:242:69:[m[K [01;31m[Kerror: [m[Kâ€˜[01m[KKeypointDetections3D[m[Kâ€™ in namespace â€˜[01m[Kobject_pose_interface_msgs[m[Kâ€™ does not name a type
[249.277s]   242 |                 void human_update(const object_pose_interface_msgs::[01;31m[KKeypointDetections3D[m[K::ConstPtr& human_data) {
[249.277s]       |                                                                     [01;31m[K^~~~~~~~~~~~~~~~~~~~[m[K
[249.277s] [01m[K/home/neha/ros2_ws/src/semnav_migration/src/human_following_fallen.cpp:242:99:[m[K [01;31m[Kerror: [m[Kexpected unqualified-id before â€˜[01m[K&[m[Kâ€™ token
[249.278s]   242 |                 void human_update(const object_pose_interface_msgs::KeypointDetections3D::ConstPtr[01;31m[K&[m[K human_data) {
[249.278s]       |                                                                                                   [01;31m[K^[m[K
[249.278s] [01m[K/home/neha/ros2_ws/src/semnav_migration/src/human_following_fallen.cpp:242:99:[m[K [01;31m[Kerror: [m[Kexpected â€˜[01m[K)[m[Kâ€™ before â€˜[01m[K&[m[Kâ€™ token
[249.278s]   242 |                 void human_update[34m[K([m[Kconst object_pose_interface_msgs::KeypointDetections3D::ConstPtr[01;31m[K&[m[K human_data) {
[249.278s]       |                                  [34m[K~[m[K                                                                [01;31m[K^[m[K
[249.278s]       |                                                                                                   [32m[K)[m[K
[249.278s] [01m[K/home/neha/ros2_ws/src/semnav_migration/src/human_following_fallen.cpp:242:99:[m[K [01;31m[Kerror: [m[Kexpected â€˜[01m[K;[m[Kâ€™ at end of member declaration
[249.280s]   242 |                 void human_update(const object_pose_interface_msgs::KeypointDetections3D::ConstPtr[01;31m[K&[m[K human_data) {
[249.280s]       |                                                                                                   [01;31m[K^[m[K
[249.280s]       |                                                                                                    [32m[K;[m[K
[249.302s] [01m[K/home/neha/ros2_ws/src/semnav_migration/src/human_following_fallen.cpp:242:101:[m[K [01;31m[Kerror: [m[Kâ€˜[01m[Khuman_data[m[Kâ€™ does not name a type
[249.302s]   242 |                 void human_update(const object_pose_interface_msgs::KeypointDetections3D::ConstPtr& [01;31m[Khuman_data[m[K) {
[249.303s]       |                                                                                                     [01;31m[K^~~~~~~~~~[m[K
[249.303s] [01m[K/home/neha/ros2_ws/src/semnav_migration/src/human_following_fallen.cpp:325:75:[m[K [01;31m[Kerror: [m[Kâ€˜[01m[KSemanticMapObjectArray[m[Kâ€™ in namespace â€˜[01m[Kobject_pose_interface_msgs[m[Kâ€™ does not name a type
[249.303s]   325 |                 void diffeo_tree_update(const object_pose_interface_msgs::[01;31m[KSemanticMapObjectArray[m[K::ConstPtr& semantic_map_data) {
[249.303s]       |                                                                           [01;31m[K^~~~~~~~~~~~~~~~~~~~~~[m[K
[249.303s] [01m[K/home/neha/ros2_ws/src/semnav_migration/src/human_following_fallen.cpp:325:107:[m[K [01;31m[Kerror: [m[Kexpected unqualified-id before â€˜[01m[K&[m[Kâ€™ token
[249.303s]   325 |                 void diffeo_tree_update(const object_pose_interface_msgs::SemanticMapObjectArray::ConstPtr[01;31m[K&[m[K semantic_map_data) {
[249.303s]       |                                                                                                           [01;31m[K^[m[K
[249.304s] [01m[K/home/neha/ros2_ws/src/semnav_migration/src/human_following_fallen.cpp:325:107:[m[K [01;31m[Kerror: [m[Kexpected â€˜[01m[K)[m[Kâ€™ before â€˜[01m[K&[m[Kâ€™ token
[249.304s]   325 |                 void diffeo_tree_update[34m[K([m[Kconst object_pose_interface_msgs::SemanticMapObjectArray::ConstPtr[01;31m[K&[m[K semantic_map_data) {
[249.304s]       |                                        [34m[K~[m[K                                                                  [01;31m[K^[m[K
[249.304s]       |                                                                                                           [32m[K)[m[K
[249.304s] [01m[K/home/neha/ros2_ws/src/semnav_migration/src/human_following_fallen.cpp:325:107:[m[K [01;31m[Kerror: [m[Kexpected â€˜[01m[K;[m[Kâ€™ at end of member declaration
[249.304s]   325 |                 void diffeo_tree_update(const object_pose_interface_msgs::SemanticMapObjectArray::ConstPtr[01;31m[K&[m[K semantic_map_data) {
[249.304s]       |                                                                                                           [01;31m[K^[m[K
[249.307s]       |                                                                                                            [32m[K;[m[K
[249.347s] [01m[K/home/neha/ros2_ws/src/semnav_migration/src/human_following_fallen.cpp:325:109:[m[K [01;31m[Kerror: [m[Kâ€˜[01m[Ksemantic_map_data[m[Kâ€™ does not name a type
[249.347s]   325 |                 void diffeo_tree_update(const object_pose_interface_msgs::SemanticMapObjectArray::ConstPtr& [01;31m[Ksemantic_map_data[m[K) {
[249.347s]       |                                                                                                             [01;31m[K^~~~~~~~~~~~~~~~~[m[K
[249.348s] [01m[K/home/neha/ros2_ws/src/semnav_migration/src/human_following_fallen.cpp:412:58:[m[K [01;31m[Kerror: [m[Kâ€˜[01m[KLaserScan[m[Kâ€™ in namespace â€˜[01m[Ksensor_msgs[m[Kâ€™ does not name a type
[249.348s]   412 |                 void control_callback(const sensor_msgs::[01;31m[KLaserScan[m[K::ConstPtr& lidar_data, const nav_msgs::Odometry::ConstPtr& robot_data) {
[249.348s]       |                                                          [01;31m[K^~~~~~~~~[m[K
[249.348s] [01m[K/home/neha/ros2_ws/src/semnav_migration/src/human_following_fallen.cpp:412:77:[m[K [01;31m[Kerror: [m[Kexpected unqualified-id before â€˜[01m[K&[m[Kâ€™ token
[249.348s]   412 |                 void control_callback(const sensor_msgs::LaserScan::ConstPtr[01;31m[K&[m[K lidar_data, const nav_msgs::Odometry::ConstPtr& robot_data) {
[249.348s]       |                                                                             [01;31m[K^[m[K
[249.348s] [01m[K/home/neha/ros2_ws/src/semnav_migration/src/human_following_fallen.cpp:412:77:[m[K [01;31m[Kerror: [m[Kexpected â€˜[01m[K)[m[Kâ€™ before â€˜[01m[K&[m[Kâ€™ token
[249.351s]   412 |                 void control_callback[34m[K([m[Kconst sensor_msgs::LaserScan::ConstPtr[01;31m[K&[m[K lidar_data, const nav_msgs::Odometry::ConstPtr& robot_data) {
[249.351s]       |                                      [34m[K~[m[K                                      [01;31m[K^[m[K
[249.351s]       |                                                                             [32m[K)[m[K
[249.351s] [01m[K/home/neha/ros2_ws/src/semnav_migration/src/human_following_fallen.cpp:412:77:[m[K [01;31m[Kerror: [m[Kexpected â€˜[01m[K;[m[Kâ€™ at end of member declaration
[249.351s]   412 |                 void control_callback(const sensor_msgs::LaserScan::ConstPtr[01;31m[K&[m[K lidar_data, const nav_msgs::Odometry::ConstPtr& robot_data) {
[249.351s]       |                                                                             [01;31m[K^[m[K
[249.352s]       |                                                                              [32m[K;[m[K
[249.362s] [01m[K/home/neha/ros2_ws/src/semnav_migration/src/human_following_fallen.cpp:412:79:[m[K [01;31m[Kerror: [m[Kâ€˜[01m[Klidar_data[m[Kâ€™ does not name a type
[249.362s]   412 |                 void control_callback(const sensor_msgs::LaserScan::ConstPtr& [01;31m[Klidar_data[m[K, const nav_msgs::Odometry::ConstPtr& robot_data) {
[249.362s]       |                                                                               [01;31m[K^~~~~~~~~~[m[K
[249.368s] [01m[K/home/neha/ros2_ws/src/semnav_migration/src/human_following_fallen.cpp:684:17:[m[K [01;31m[Kerror: [m[Kâ€˜[01m[Kros[m[Kâ€™ does not name a type
[249.368s]   684 |                 [01;31m[Kros[m[K::NodeHandle nh_;
[249.368s]       |                 [01;31m[K^~~[m[K
[249.379s] [01m[K/home/neha/ros2_ws/src/semnav_migration/src/human_following_fallen.cpp:703:17:[m[K [01;31m[Kerror: [m[Kâ€˜[01m[Kros[m[Kâ€™ does not name a type
[249.379s]   703 |                 [01;31m[Kros[m[K::Publisher pub_behaviorID_;
[249.379s]       |                 [01;31m[K^~~[m[K
[249.393s] [01m[K/home/neha/ros2_ws/src/semnav_migration/src/human_following_fallen.cpp:704:17:[m[K [01;31m[Kerror: [m[Kâ€˜[01m[Kros[m[Kâ€™ does not name a type
[249.393s]   704 |                 [01;31m[Kros[m[K::Publisher pub_behaviorMode_;
[249.394s]       |                 [01;31m[K^~~[m[K
[249.406s] [01m[K/home/neha/ros2_ws/src/semnav_migration/src/human_following_fallen.cpp:705:17:[m[K [01;31m[Kerror: [m[Kâ€˜[01m[Kros[m[Kâ€™ does not name a type
[249.406s]   705 |                 [01;31m[Kros[m[K::Publisher pub_twist_;
[249.406s]       |                 [01;31m[K^~~[m[K
[249.413s] [01m[K/home/neha/ros2_ws/src/semnav_migration/src/human_following_fallen.cpp:707:17:[m[K [01;31m[Kerror: [m[Kâ€˜[01m[Kros[m[Kâ€™ does not name a type
[249.413s]   707 |                 [01;31m[Kros[m[K::Publisher pub_semantic_map_;
[249.413s]       |                 [01;31m[K^~~[m[K
[249.418s] [01m[K/home/neha/ros2_ws/src/semnav_migration/src/human_following_fallen.cpp:736:17:[m[K [01;31m[Kerror: [m[Kâ€˜[01m[Kros[m[Kâ€™ does not name a type
[249.419s]   736 |                 [01;31m[Kros[m[K::Time Goal_camera_stamp_;
[249.419s]       |                 [01;31m[K^~~[m[K
[249.437s] [01m[K/home/neha/ros2_ws/src/semnav_migration/src/human_following_fallen.cpp:757:17:[m[K [01;31m[Kerror: [m[Kâ€˜[01m[Ktf[m[Kâ€™ does not name a type; did you mean â€˜[01m[Ktm[m[Kâ€™?
[249.437s]   757 |                 [01;31m[Ktf[m[K::TransformListener listener_;
[249.437s]       |                 [01;31m[K^~[m[K
[249.437s]       |                 [32m[Ktm[m[K
[249.440s] [01m[K/home/neha/ros2_ws/src/semnav_migration/src/human_following_fallen.cpp:[m[K In member function â€˜[01m[Kvoid HumanFollowingFallenNode::[01;32m[Kpublish_twist[m[K(double, double)[m[Kâ€™:
[249.440s] [01m[K/home/neha/ros2_ws/src/semnav_migration/src/human_following_fallen.cpp:166:40:[m[K [01;31m[Kerror: [m[Kâ€˜[01m[KTwist[m[Kâ€™ is not a member of â€˜[01m[Kgeometry_msgs[m[Kâ€™; did you mean â€˜[01m[Kgeometry_msgs::msg::Twist[m[Kâ€™?
[249.441s]   166 |                         geometry_msgs::[01;31m[KTwist[m[K commandTwist;
[249.441s]       |                                        [01;31m[K^~~~~[m[K
[249.443s] In file included from [01m[K/opt/ros/jazzy/include/geometry_msgs/geometry_msgs/msg/detail/velocity_stamped__struct.hpp:25[m[K,
[249.443s]                  from [01m[K/opt/ros/jazzy/include/geometry_msgs/geometry_msgs/msg/velocity_stamped.hpp:7[m[K,
[249.443s]                  from [01m[K/opt/ros/jazzy/include/tf2/tf2/buffer_core.h:49[m[K,
[249.443s]                  from [01m[K/opt/ros/jazzy/include/tf2_ros/tf2_ros/async_buffer_interface.h:39[m[K,
[249.444s]                  from [01m[K/opt/ros/jazzy/include/tf2_ros/tf2_ros/buffer.h:42[m[K,
[249.444s]                  from [01m[K/home/neha/ros2_ws/src/semnav_migration/include/reactive_planner_lib.h:40[m[K,
[249.444s]                  from [01m[K/home/neha/ros2_ws/src/semnav_migration/src/human_following_fallen.cpp:25[m[K:
[249.444s] [01m[K/opt/ros/jazzy/include/geometry_msgs/geometry_msgs/msg/detail/twist__struct.hpp:137:7:[m[K [01;36m[Knote: [m[Kâ€˜[01m[Kgeometry_msgs::msg::Twist[m[Kâ€™ declared here
[249.444s]   137 | using [01;36m[KTwist[m[K =
[249.444s]       |       [01;36m[K^~~~~[m[K
[249.530s] [01m[K/home/neha/ros2_ws/src/semnav_migration/src/human_following_fallen.cpp:167:25:[m[K [01;31m[Kerror: [m[Kâ€˜[01m[KcommandTwist[m[Kâ€™ was not declared in this scope
[249.531s]   167 |                         [01;31m[KcommandTwist[m[K.linear.x = LinearCmd;
[249.531s]       |                         [01;31m[K^~~~~~~~~~~~[m[K
[249.595s] [01m[K/home/neha/ros2_ws/src/semnav_migration/src/human_following_fallen.cpp:169:25:[m[K [01;31m[Kerror: [m[Kâ€˜[01m[Kpub_twist_[m[Kâ€™ was not declared in this scope; did you mean â€˜[01m[Kpublish_twist[m[Kâ€™?
[249.596s]   169 |                         [01;31m[Kpub_twist_[m[K.publish(commandTwist);
[249.596s]       |                         [01;31m[K^~~~~~~~~~[m[K
[249.598s]       |                         [32m[Kpublish_twist[m[K
[249.601s] [01m[K/home/neha/ros2_ws/src/semnav_migration/src/human_following_fallen.cpp:[m[K In member function â€˜[01m[Kvoid HumanFollowingFallenNode::[01;32m[Kpublish_behavior_id[m[K(uint16_t)[m[Kâ€™:
[249.601s] [01m[K/home/neha/ros2_ws/src/semnav_migration/src/human_following_fallen.cpp:174:35:[m[K [01;31m[Kerror: [m[Kâ€˜[01m[KUInt32[m[Kâ€™ is not a member of â€˜[01m[Kstd_msgs[m[Kâ€™; did you mean â€˜[01m[Kexample_interfaces::msg::UInt32[m[Kâ€™?
[249.602s]   174 |                         std_msgs::[01;31m[KUInt32[m[K commandId;
[249.602s]       |                                   [01;31m[K^~~~~~[m[K
[249.603s] In file included from [01m[K/opt/ros/jazzy/include/example_interfaces/example_interfaces/msg/u_int32.hpp:7[m[K,
[249.606s]                  from [01m[K/home/neha/ros2_ws/src/semnav_migration/include/reactive_planner_lib.h:52[m[K:
[249.606s] [01m[K/opt/ros/jazzy/include/example_interfaces/example_interfaces/msg/detail/u_int32__struct.hpp:125:7:[m[K [01;36m[Knote: [m[Kâ€˜[01m[Kexample_interfaces::msg::UInt32[m[Kâ€™ declared here
[249.606s]   125 | using [01;36m[KUInt32[m[K =
[249.606s]       |       [01;36m[K^~~~~~[m[K
[249.667s] [01m[K/home/neha/ros2_ws/src/semnav_migration/src/human_following_fallen.cpp:175:25:[m[K [01;31m[Kerror: [m[Kâ€˜[01m[KcommandId[m[Kâ€™ was not declared in this scope
[249.667s]   175 |                         [01;31m[KcommandId[m[K.data = BehaviorIdCmd;
[249.667s]       |                         [01;31m[K^~~~~~~~~[m[K
[249.782s] [01m[K/home/neha/ros2_ws/src/semnav_migration/src/human_following_fallen.cpp:176:25:[m[K [01;31m[Kerror: [m[Kâ€˜[01m[Kpub_behaviorID_[m[Kâ€™ was not declared in this scope; did you mean â€˜[01m[Kpub_behaviorID_topic_[m[Kâ€™?
[249.782s]   176 |                         [01;31m[Kpub_behaviorID_[m[K.publish(commandId);
[249.782s]       |                         [01;31m[K^~~~~~~~~~~~~~~[m[K
[249.782s]       |                         [32m[Kpub_behaviorID_topic_[m[K
[249.792s] [01m[K/home/neha/ros2_ws/src/semnav_migration/src/human_following_fallen.cpp:[m[K In member function â€˜[01m[Kvoid HumanFollowingFallenNode::[01;32m[Kpublish_behavior_mode[m[K(uint16_t)[m[Kâ€™:
[249.793s] [01m[K/home/neha/ros2_ws/src/semnav_migration/src/human_following_fallen.cpp:181:35:[m[K [01;31m[Kerror: [m[Kâ€˜[01m[KUInt32[m[Kâ€™ is not a member of â€˜[01m[Kstd_msgs[m[Kâ€™; did you mean â€˜[01m[Kexample_interfaces::msg::UInt32[m[Kâ€™?
[249.793s]   181 |                         std_msgs::[01;31m[KUInt32[m[K commandMode;
[249.793s]       |                                   [01;31m[K^~~~~~[m[K
[249.794s] [01m[K/opt/ros/jazzy/include/example_interfaces/example_interfaces/msg/detail/u_int32__struct.hpp:125:7:[m[K [01;36m[Knote: [m[Kâ€˜[01m[Kexample_interfaces::msg::UInt32[m[Kâ€™ declared here
[249.794s]   125 | using [01;36m[KUInt32[m[K =
[249.796s]       |       [01;36m[K^~~~~~[m[K
[249.864s] [01m[K/home/neha/ros2_ws/src/semnav_migration/src/human_following_fallen.cpp:182:25:[m[K [01;31m[Kerror: [m[Kâ€˜[01m[KcommandMode[m[Kâ€™ was not declared in this scope
[249.865s]   182 |                         [01;31m[KcommandMode[m[K.data = BehaviorModeCmd;
[249.865s]       |                         [01;31m[K^~~~~~~~~~~[m[K
[249.997s] [01m[K/home/neha/ros2_ws/src/semnav_migration/src/human_following_fallen.cpp:183:25:[m[K [01;31m[Kerror: [m[Kâ€˜[01m[Kpub_behaviorMode_[m[Kâ€™ was not declared in this scope; did you mean â€˜[01m[Kpub_behaviorMode_topic_[m[Kâ€™?
[249.997s]   183 |                         [01;31m[Kpub_behaviorMode_[m[K.publish(commandMode);
[249.998s]       |                         [01;31m[K^~~~~~~~~~~~~~~~~[m[K
[250.000s]       |                         [32m[Kpub_behaviorMode_topic_[m[K
[250.053s] [01m[K/home/neha/ros2_ws/src/semnav_migration/src/human_following_fallen.cpp:[m[K In function â€˜[01m[Kint[01;32m[K main[m[K(int, char**)[m[Kâ€™:
[250.053s] [01m[K/home/neha/ros2_ws/src/semnav_migration/src/human_following_fallen.cpp:764:9:[m[K [01;31m[Kerror: [m[Kâ€˜[01m[Kros[m[Kâ€™ has not been declared
[250.054s]   764 |         [01;31m[Kros[m[K::init(argc, argv, "human_following_fallen");
[250.054s]       |         [01;31m[K^~~[m[K
[250.054s] [01m[K/home/neha/ros2_ws/src/semnav_migration/src/human_following_fallen.cpp:767:9:[m[K [01;31m[Kerror: [m[Kâ€˜[01m[Kros[m[Kâ€™ has not been declared
[250.056s]   767 |         [01;31m[Kros[m[K::NodeHandle nh("~");
[250.056s]       |         [01;31m[K^~~[m[K
[250.080s] [01m[K/home/neha/ros2_ws/src/semnav_migration/src/human_following_fallen.cpp:770:60:[m[K [01;31m[Kerror: [m[Kâ€˜[01m[Knh[m[Kâ€™ was not declared in this scope
[250.083s]   770 |         HumanFollowingFallenNode humanFollowingFallenNode(&[01;31m[Knh[m[K);
[250.083s]       |                                                            [01;31m[K^~[m[K
[254.848s] gmake[2]: *** [CMakeFiles/human_following_fallen.dir/build.make:76: CMakeFiles/human_following_fallen.dir/src/human_following_fallen.cpp.o] Error 1
[254.848s] gmake[1]: *** [CMakeFiles/Makefile2:311: CMakeFiles/human_following_fallen.dir/all] Error 2
[254.849s] gmake[1]: *** Waiting for unfinished jobs....
[256.190s] gmake[2]: *** [CMakeFiles/human_following_signal.dir/build.make:76: CMakeFiles/human_following_signal.dir/src/human_following_signal.cpp.o] Error 1
[256.190s] gmake[1]: *** [CMakeFiles/Makefile2:285: CMakeFiles/human_following_signal.dir/all] Error 2
[256.191s] gmake: *** [Makefile:146: all] Error 2
[256.194s] Invoked command in '/home/neha/ros2_ws/src/semnav_migration/build/semnav' returned '2': CMAKE_PREFIX_PATH=${CMAKE_PREFIX_PATH}:/opt/ros/jazzy DEBUGINFOD_URLS=https://debuginfod.ubuntu.com /usr/bin/cmake --build /home/neha/ros2_ws/src/semnav_migration/build/semnav -- -j2 -l2
