[0.025s] Invoking command in '/home/neha/ros2_ws/src/semnav_migration/build/semnav': CMAKE_PREFIX_PATH=${CMAKE_PREFIX_PATH}:/opt/ros/jazzy DEBUGINFOD_URLS=https://debuginfod.ubuntu.com /usr/bin/cmake --build /home/neha/ros2_ws/src/semnav_migration/build/semnav -- -j2 -l2
[0.191s] [ 14%] Built target reactive_planner
[0.333s] [ 23%] Building CXX object CMakeFiles/navigation.dir/src/navigation.cpp.o
[0.333s] [ 23%] Building CXX object CMakeFiles/navigation_semantic.dir/src/navigation_semantic.cpp.o
[21.613s] /home/neha/ros2_ws/src/semnav_migration/src/navigation_semantic.cpp:624:17: error: ‘ros’ does not name a type
[21.613s]   624 |                 ros::NodeHandle nh_;
[21.613s]       |                 ^~~
[21.617s] /home/neha/ros2_ws/src/semnav_migration/src/navigation_semantic.cpp:641:17: error: ‘ros’ does not name a type
[21.617s]   641 |                 ros::Publisher pub_behaviorID_;
[21.617s]       |                 ^~~
[21.623s] /home/neha/ros2_ws/src/semnav_migration/src/navigation_semantic.cpp:642:17: error: ‘ros’ does not name a type
[21.623s]   642 |                 ros::Publisher pub_behaviorMode_;
[21.624s]       |                 ^~~
[21.629s] /home/neha/ros2_ws/src/semnav_migration/src/navigation_semantic.cpp:643:17: error: ‘ros’ does not name a type
[21.630s]   643 |                 ros::Publisher pub_twist_;
[21.630s]       |                 ^~~
[21.636s] /home/neha/ros2_ws/src/semnav_migration/src/navigation_semantic.cpp:645:17: error: ‘ros’ does not name a type
[21.636s]   645 |                 ros::Publisher pub_semantic_map_;
[21.636s]       |                 ^~~
[21.653s] /home/neha/ros2_ws/src/semnav_migration/src/navigation_semantic.cpp:691:17: error: ‘tf’ does not name a type; did you mean ‘tm’?
[21.654s]   691 |                 tf::TransformListener listener_;
[21.654s]       |                 ^~
[21.654s]       |                 tm
[21.770s] /home/neha/ros2_ws/src/semnav_migration/src/navigation_semantic.cpp: In constructor ‘SemanticNavigationNode::SemanticNavigationNode()’:
[21.771s] /home/neha/ros2_ws/src/semnav_migration/src/navigation_semantic.cpp:137:13: error: ‘pub_behaviorID_’ was not declared in this scope; did you mean ‘pub_behaviorID_topic_’?
[21.771s]   137 |             pub_behaviorID_ = this->create_publisher<std_msgs::msg::UInt32>("pub_behaviorID_topic_", 1);
[21.771s]       |             ^~~~~~~~~~~~~~~
[21.771s]       |             pub_behaviorID_topic_
[21.775s] /home/neha/ros2_ws/src/semnav_migration/src/navigation_semantic.cpp:137:69: error: ‘UInt32’ is not a member of ‘std_msgs::msg’
[21.776s]   137 |             pub_behaviorID_ = this->create_publisher<std_msgs::msg::UInt32>("pub_behaviorID_topic_", 1);
[21.776s]       |                                                                     ^~~~~~
[21.776s] /home/neha/ros2_ws/src/semnav_migration/src/navigation_semantic.cpp:137:76: error: no matching function for call to ‘SemanticNavigationNode::create_publisher<<expression error> >(const char [22], int)’
[21.776s]   137 |             pub_behaviorID_ = this->create_publisher<std_msgs::msg::UInt32>("pub_behaviorID_topic_", 1);
[21.776s]       |                               ~~~~~~~~~~~~~~~~~~~~~~~~~~~~~~~~~~~~~~~~~~~~~^~~~~~~~~~~~~~~~~~~~~~~~~~~~
[21.777s] In file included from /opt/ros/jazzy/include/rclcpp/rclcpp/executors/single_threaded_executor.hpp:28,
[21.777s]                  from /opt/ros/jazzy/include/rclcpp/rclcpp/executors.hpp:22,
[21.777s]                  from /opt/ros/jazzy/include/rclcpp/rclcpp/rclcpp.hpp:172,
[21.777s]                  from /home/neha/ros2_ws/src/semnav_migration/include/reactive_planner_lib.h:32,
[21.777s]                  from /home/neha/ros2_ws/src/semnav_migration/src/navigation_semantic.cpp:25:
[21.777s] /opt/ros/jazzy/include/rclcpp/rclcpp/node.hpp:197:3: note: candidate: ‘template<class MessageT, class AllocatorT, class PublisherT> std::shared_ptr<PublisherT> rclcpp::Node::create_publisher(const std::string&, const rclcpp::QoS&, const rclcpp::PublisherOptionsWithAllocator<AllocatorT>&)’
[21.777s]   197 |   create_publisher(
[21.777s]       |   ^~~~~~~~~~~~~~~~
[21.778s] /opt/ros/jazzy/include/rclcpp/rclcpp/node.hpp:197:3: note:   template argument deduction/substitution failed:
[21.778s] /home/neha/ros2_ws/src/semnav_migration/src/navigation_semantic.cpp:137:76: error: template argument 1 is invalid
[21.778s]   137 |             pub_behaviorID_ = this->create_publisher<std_msgs::msg::UInt32>("pub_behaviorID_topic_", 1);
[21.778s]       |                               ~~~~~~~~~~~~~~~~~~~~~~~~~~~~~~~~~~~~~~~~~~~~~^~~~~~~~~~~~~~~~~~~~~~~~~~~~
[21.822s] /home/neha/ros2_ws/src/semnav_migration/src/navigation.cpp:662:22: error: ‘TransformListener’ in namespace ‘tf2’ does not name a type
[21.822s]   662 |                 tf2::TransformListener listener_;
[21.822s]       |                      ^~~~~~~~~~~~~~~~~
[21.825s] /home/neha/ros2_ws/src/semnav_migration/src/navigation.cpp: In constructor ‘NavigationNode::NavigationNode()’:
[21.825s] /home/neha/ros2_ws/src/semnav_migration/src/navigation.cpp:45:63: error: no matching function for call to ‘rclcpp::Node::Node()’
[21.826s]    45 |         NavigationNode() : Node(std::string("navigation_node")) {
[21.826s]       |                                                               ^
[21.829s] In file included from /opt/ros/jazzy/include/rclcpp/rclcpp/executors/single_threaded_executor.hpp:28,
[21.829s]                  from /opt/ros/jazzy/include/rclcpp/rclcpp/executors.hpp:22,
[21.829s]                  from /opt/ros/jazzy/include/rclcpp/rclcpp/rclcpp.hpp:172,
[21.829s]                  from /home/neha/ros2_ws/src/semnav_migration/include/reactive_planner_lib.h:32,
[21.829s]                  from /home/neha/ros2_ws/src/semnav_migration/src/navigation.cpp:25:
[21.829s] /opt/ros/jazzy/include/rclcpp/rclcpp/node.hpp:1629:3: note: candidate: ‘rclcpp::Node::Node(const rclcpp::Node&, const std::string&)’
[21.829s]  1629 |   Node(
[21.830s]       |   ^~~~
[21.830s] /opt/ros/jazzy/include/rclcpp/rclcpp/node.hpp:1629:3: note:   candidate expects 2 arguments, 0 provided
[21.830s] /opt/ros/jazzy/include/rclcpp/rclcpp/node.hpp:103:12: note: candidate: ‘rclcpp::Node::Node(const std::string&, const std::string&, const rclcpp::NodeOptions&)’
[21.830s]   103 |   explicit Node(
[21.830s]       |            ^~~~
[21.830s] /opt/ros/jazzy/include/rclcpp/rclcpp/node.hpp:103:12: note:   candidate expects 3 arguments, 0 provided
[21.830s] /opt/ros/jazzy/include/rclcpp/rclcpp/node.hpp:91:12: note: candidate: ‘rclcpp::Node::Node(const std::string&, const rclcpp::NodeOptions&)’
[21.830s]    91 |   explicit Node(
[21.831s]       |            ^~~~
[21.831s] /opt/ros/jazzy/include/rclcpp/rclcpp/node.hpp:91:12: note:   candidate expects 2 arguments, 0 provided
[21.874s] /home/neha/ros2_ws/src/semnav_migration/src/navigation_semantic.cpp:138:13: error: ‘pub_behaviorMode_’ was not declared in this scope; did you mean ‘pub_behaviorMode_topic_’?
[21.875s]   138 |             pub_behaviorMode_ = this->create_publisher<std_msgs::msg::UInt32>("pub_behaviorMode_topic_", 1);
[21.875s]       |             ^~~~~~~~~~~~~~~~~
[21.875s]       |             pub_behaviorMode_topic_
[21.878s] /home/neha/ros2_ws/src/semnav_migration/src/navigation_semantic.cpp:138:71: error: ‘UInt32’ is not a member of ‘std_msgs::msg’
[21.878s]   138 |             pub_behaviorMode_ = this->create_publisher<std_msgs::msg::UInt32>("pub_behaviorMode_topic_", 1);
[21.879s]       |                                                                       ^~~~~~
[21.879s] /home/neha/ros2_ws/src/semnav_migration/src/navigation_semantic.cpp:138:78: error: no matching function for call to ‘SemanticNavigationNode::create_publisher<<expression error> >(const char [24], int)’
[21.879s]   138 |             pub_behaviorMode_ = this->create_publisher<std_msgs::msg::UInt32>("pub_behaviorMode_topic_", 1);
[21.879s]       |                                 ~~~~~~~~~~~~~~~~~~~~~~~~~~~~~~~~~~~~~~~~~~~~~^~~~~~~~~~~~~~~~~~~~~~~~~~~~~~
[21.879s] /opt/ros/jazzy/include/rclcpp/rclcpp/node.hpp:197:3: note: candidate: ‘template<class MessageT, class AllocatorT, class PublisherT> std::shared_ptr<PublisherT> rclcpp::Node::create_publisher(const std::string&, const rclcpp::QoS&, const rclcpp::PublisherOptionsWithAllocator<AllocatorT>&)’
[21.879s]   197 |   create_publisher(
[21.880s]       |   ^~~~~~~~~~~~~~~~
[21.880s] /opt/ros/jazzy/include/rclcpp/rclcpp/node.hpp:197:3: note:   template argument deduction/substitution failed:
[21.880s] /home/neha/ros2_ws/src/semnav_migration/src/navigation_semantic.cpp:138:78: error: template argument 1 is invalid
[21.880s]   138 |             pub_behaviorMode_ = this->create_publisher<std_msgs::msg::UInt32>("pub_behaviorMode_topic_", 1);
[21.880s]       |                                 ~~~~~~~~~~~~~~~~~~~~~~~~~~~~~~~~~~~~~~~~~~~~~^~~~~~~~~~~~~~~~~~~~~~~~~~~~~~
[21.927s] /home/neha/ros2_ws/src/semnav_migration/src/navigation_semantic.cpp:139:13: error: ‘pub_twist_’ was not declared in this scope; did you mean ‘publish_twist’?
[21.927s]   139 |             pub_twist_ = this->create_publisher<std_msgs::msg::UInt32>("pub_twist_topic_", 1);
[21.927s]       |             ^~~~~~~~~~
[21.927s]       |             publish_twist
[21.931s] /home/neha/ros2_ws/src/semnav_migration/src/navigation_semantic.cpp:139:64: error: ‘UInt32’ is not a member of ‘std_msgs::msg’
[21.931s]   139 |             pub_twist_ = this->create_publisher<std_msgs::msg::UInt32>("pub_twist_topic_", 1);
[21.931s]       |                                                                ^~~~~~
[21.931s] /home/neha/ros2_ws/src/semnav_migration/src/navigation_semantic.cpp:139:71: error: no matching function for call to ‘SemanticNavigationNode::create_publisher<<expression error> >(const char [17], int)’
[21.931s]   139 |             pub_twist_ = this->create_publisher<std_msgs::msg::UInt32>("pub_twist_topic_", 1);
[21.931s]       |                          ~~~~~~~~~~~~~~~~~~~~~~~~~~~~~~~~~~~~~~~~~~~~~^~~~~~~~~~~~~~~~~~~~~~~
[21.931s] /opt/ros/jazzy/include/rclcpp/rclcpp/node.hpp:197:3: note: candidate: ‘template<class MessageT, class AllocatorT, class PublisherT> std::shared_ptr<PublisherT> rclcpp::Node::create_publisher(const std::string&, const rclcpp::QoS&, const rclcpp::PublisherOptionsWithAllocator<AllocatorT>&)’
[21.932s]   197 |   create_publisher(
[21.932s]       |   ^~~~~~~~~~~~~~~~
[21.932s] /opt/ros/jazzy/include/rclcpp/rclcpp/node.hpp:197:3: note:   template argument deduction/substitution failed:
[21.932s] /home/neha/ros2_ws/src/semnav_migration/src/navigation_semantic.cpp:139:71: error: template argument 1 is invalid
[21.932s]   139 |             pub_twist_ = this->create_publisher<std_msgs::msg::UInt32>("pub_twist_topic_", 1);
[21.932s]       |                          ~~~~~~~~~~~~~~~~~~~~~~~~~~~~~~~~~~~~~~~~~~~~~^~~~~~~~~~~~~~~~~~~~~~~
[21.934s] /home/neha/ros2_ws/src/semnav_migration/src/navigation_semantic.cpp:142:42: error: ‘message_filters::msg’ has not been declared
[21.934s]   142 |                         message_filters::msg::Subscriber<sensor_msgs::LaserScan> sub_laser(nh_, sub_laser_topic_, 1);
[21.934s]       |                                          ^~~
[21.936s] /home/neha/ros2_ws/src/semnav_migration/src/navigation_semantic.cpp:142:71: error: ‘LaserScan’ is not a member of ‘sensor_msgs’; did you mean ‘sensor_msgs::msg::LaserScan’?
[21.937s]   142 |                         message_filters::msg::Subscriber<sensor_msgs::LaserScan> sub_laser(nh_, sub_laser_topic_, 1);
[21.937s]       |                                                                       ^~~~~~~~~
[21.937s] In file included from /opt/ros/jazzy/include/sensor_msgs/sensor_msgs/msg/laser_scan.hpp:7,
[21.937s]                  from /home/neha/ros2_ws/src/semnav_migration/include/reactive_planner_lib.h:46:
[21.937s] /opt/ros/jazzy/include/sensor_msgs/sensor_msgs/msg/detail/laser_scan__struct.hpp:250:7: note: ‘sensor_msgs::msg::LaserScan’ declared here
[21.937s]   250 | using LaserScan =
[21.937s]       |       ^~~~~~~~~
[21.949s] /home/neha/ros2_ws/src/semnav_migration/src/navigation.cpp:137:13: error: ‘pub_behaviorID_’ was not declared in this scope; did you mean ‘pub_behaviorID_topic_’?
[21.949s]   137 |             pub_behaviorID_ = this->create_publisher<example_interfaces::msg::UInt32>("pub_behaviorID_topic_", 1);
[21.949s]       |             ^~~~~~~~~~~~~~~
[21.949s]       |             pub_behaviorID_topic_
[21.966s] /home/neha/ros2_ws/src/semnav_migration/src/navigation_semantic.cpp:142:92: error: ‘nh_’ was not declared in this scope
[21.967s]   142 |                         message_filters::msg::Subscriber<sensor_msgs::LaserScan> sub_laser(nh_, sub_laser_topic_, 1);
[21.967s]       |                                                                                            ^~~
[22.014s] /home/neha/ros2_ws/src/semnav_migration/src/navigation_semantic.cpp:142:82: error: ‘sub_laser’ was not declared in this scope
[22.015s]   142 |                         message_filters::msg::Subscriber<sensor_msgs::LaserScan> sub_laser(nh_, sub_laser_topic_, 1);
[22.015s]       |                                                                                  ^~~~~~~~~
[22.056s] /home/neha/ros2_ws/src/semnav_migration/src/navigation.cpp:137:54: error: ‘example_interfaces’ was not declared in this scope; did you mean ‘rcl_interfaces’?
[22.057s]   137 |             pub_behaviorID_ = this->create_publisher<example_interfaces::msg::UInt32>("pub_behaviorID_topic_", 1);
[22.057s]       |                                                      ^~~~~~~~~~~~~~~~~~
[22.057s]       |                                                      rcl_interfaces
[22.057s] /home/neha/ros2_ws/src/semnav_migration/src/navigation.cpp:137:37: error: parse error in template argument list
[22.058s]   137 |             pub_behaviorID_ = this->create_publisher<example_interfaces::msg::UInt32>("pub_behaviorID_topic_", 1);
[22.058s]       |                                     ^~~~~~~~~~~~~~~~~~~~~~~~~~~~~~~~~~~~~~~~~~~~~~~~~
[22.058s] /home/neha/ros2_ws/src/semnav_migration/src/navigation.cpp:137:86: error: no matching function for call to ‘NavigationNode::create_publisher<<expression error> >(const char [22], int)’
[22.058s]   137 |             pub_behaviorID_ = this->create_publisher<example_interfaces::msg::UInt32>("pub_behaviorID_topic_", 1);
[22.058s]       |                               ~~~~~~~~~~~~~~~~~~~~~~~~~~~~~~~~~~~~~~~~~~~~~~~~~~~~~~~^~~~~~~~~~~~~~~~~~~~~~~~~~~~
[22.058s] /opt/ros/jazzy/include/rclcpp/rclcpp/node.hpp:197:3: note: candidate: ‘template<class MessageT, class AllocatorT, class PublisherT> std::shared_ptr<PublisherT> rclcpp::Node::create_publisher(const std::string&, const rclcpp::QoS&, const rclcpp::PublisherOptionsWithAllocator<AllocatorT>&)’
[22.058s]   197 |   create_publisher(
[22.059s]       |   ^~~~~~~~~~~~~~~~
[22.059s] /opt/ros/jazzy/include/rclcpp/rclcpp/node.hpp:197:3: note:   template argument deduction/substitution failed:
[22.059s] /home/neha/ros2_ws/src/semnav_migration/src/navigation.cpp:137:86: error: template argument 1 is invalid
[22.059s]   137 |             pub_behaviorID_ = this->create_publisher<example_interfaces::msg::UInt32>("pub_behaviorID_topic_", 1);
[22.059s]       |                               ~~~~~~~~~~~~~~~~~~~~~~~~~~~~~~~~~~~~~~~~~~~~~~~~~~~~~~~^~~~~~~~~~~~~~~~~~~~~~~~~~~~
[22.083s] /home/neha/ros2_ws/src/semnav_migration/src/navigation_semantic.cpp:144:94: error: ‘LaserScan’ is not a member of ‘sensor_msgs’; did you mean ‘sensor_msgs::msg::LaserScan’?
[22.084s]   144 |                         typedef message_filters::sync_policies::ApproximateTime<sensor_msgs::LaserScan,nav_msgs::msg::Odometry> SyncPolicy;
[22.084s]       |                                                                                              ^~~~~~~~~
[22.084s] /opt/ros/jazzy/include/sensor_msgs/sensor_msgs/msg/detail/laser_scan__struct.hpp:250:7: note: ‘sensor_msgs::msg::LaserScan’ declared here
[22.084s]   250 | using LaserScan =
[22.084s]       |       ^~~~~~~~~
[22.084s] /home/neha/ros2_ws/src/semnav_migration/src/navigation_semantic.cpp:144:127: error: template argument 1 is invalid
[22.084s]   144 |                         typedef message_filters::sync_policies::ApproximateTime<sensor_msgs::LaserScan,nav_msgs::msg::Odometry> SyncPolicy;
[22.087s]       |                                                                                                                               ^
[22.087s] In file included from /home/neha/ros2_ws/src/semnav_migration/include/reactive_planner_lib.h:44:
[22.087s] /opt/ros/jazzy/include/message_filters/message_filters/synchronizer.h: In instantiation of ‘class message_filters::Synchronizer<int>’:
[22.087s] /home/neha/ros2_ws/src/semnav_migration/src/navigation_semantic.cpp:147:64:   required from here
[22.089s] /opt/ros/jazzy/include/message_filters/message_filters/synchronizer.h:53:7: error: base type ‘int’ fails to be a struct or class type
[22.089s]    53 | class Synchronizer : public noncopyable, public Policy
[22.090s]       |       ^~~~~~~~~~~~
[22.090s] /opt/ros/jazzy/include/message_filters/message_filters/synchronizer.h:56:37: error: ‘int’ is not a class, struct, or union type
[22.090s]    56 |   typedef typename Policy::Messages Messages;
[22.090s]       |                                     ^~~~~~~~
[22.090s] /opt/ros/jazzy/include/message_filters/message_filters/synchronizer.h:57:35: error: ‘int’ is not a class, struct, or union type
[22.090s]    57 |   typedef typename Policy::Events Events;
[22.090s]       |                                   ^~~~~~
[22.090s] /opt/ros/jazzy/include/message_filters/message_filters/synchronizer.h:58:35: error: ‘int’ is not a class, struct, or union type
[22.091s]    58 |   typedef typename Policy::Signal Signal;
[22.091s]       |                                   ^~~~~~
[22.091s] /opt/ros/jazzy/include/message_filters/message_filters/synchronizer.h:60:58: error: ‘int’ is not a class, struct, or union type
[22.091s]    60 |   typedef typename std::tuple_element<0, Messages>::type M0;
[22.091s]       |                                                          ^~
[22.093s] /opt/ros/jazzy/include/message_filters/message_filters/synchronizer.h:61:58: error: ‘int’ is not a class, struct, or union type
[22.093s]    61 |   typedef typename std::tuple_element<1, Messages>::type M1;
[22.094s]       |                                                          ^~
[22.094s] /opt/ros/jazzy/include/message_filters/message_filters/synchronizer.h:62:58: error: ‘int’ is not a class, struct, or union type
[22.094s]    62 |   typedef typename std::tuple_element<2, Messages>::type M2;
[22.094s]       |                                                          ^~
[22.094s] /opt/ros/jazzy/include/message_filters/message_filters/synchronizer.h:63:58: error: ‘int’ is not a class, struct, or union type
[22.094s]    63 |   typedef typename std::tuple_element<3, Messages>::type M3;
[22.094s]       |                                                          ^~
[22.094s] /opt/ros/jazzy/include/message_filters/message_filters/synchronizer.h:64:58: error: ‘int’ is not a class, struct, or union type
[22.095s]    64 |   typedef typename std::tuple_element<4, Messages>::type M4;
[22.095s]       |                                                          ^~
[22.095s] /opt/ros/jazzy/include/message_filters/message_filters/synchronizer.h:65:58: error: ‘int’ is not a class, struct, or union type
[22.095s]    65 |   typedef typename std::tuple_element<5, Messages>::type M5;
[22.095s]       |                                                          ^~
[22.097s] /opt/ros/jazzy/include/message_filters/message_filters/synchronizer.h:66:58: error: ‘int’ is not a class, struct, or union type
[22.098s]    66 |   typedef typename std::tuple_element<6, Messages>::type M6;
[22.098s]       |                                                          ^~
[22.098s] /opt/ros/jazzy/include/message_filters/message_filters/synchronizer.h:67:58: error: ‘int’ is not a class, struct, or union type
[22.098s]    67 |   typedef typename std::tuple_element<7, Messages>::type M7;
[22.098s]       |                                                          ^~
[22.099s] /opt/ros/jazzy/include/message_filters/message_filters/synchronizer.h:68:58: error: ‘int’ is not a class, struct, or union type
[22.099s]    68 |   typedef typename std::tuple_element<8, Messages>::type M8;
[22.099s]       |                                                          ^~
[22.099s] /opt/ros/jazzy/include/message_filters/message_filters/synchronizer.h:71:56: error: ‘int’ is not a class, struct, or union type
[22.099s]    71 |   typedef typename std::tuple_element<0, Events>::type M0Event;
[22.101s]       |                                                        ^~~~~~~
[22.101s] /opt/ros/jazzy/include/message_filters/message_filters/synchronizer.h:72:56: error: ‘int’ is not a class, struct, or union type
[22.102s]    72 |   typedef typename std::tuple_element<1, Events>::type M1Event;
[22.102s]       |                                                        ^~~~~~~
[22.102s] /opt/ros/jazzy/include/message_filters/message_filters/synchronizer.h:73:56: error: ‘int’ is not a class, struct, or union type
[22.102s]    73 |   typedef typename std::tuple_element<2, Events>::type M2Event;
[22.102s]       |                                                        ^~~~~~~
[22.102s] /opt/ros/jazzy/include/message_filters/message_filters/synchronizer.h:74:56: error: ‘int’ is not a class, struct, or union type
[22.102s]    74 |   typedef typename std::tuple_element<3, Events>::type M3Event;
[22.102s]       |                                                        ^~~~~~~
[22.103s] /opt/ros/jazzy/include/message_filters/message_filters/synchronizer.h:75:56: error: ‘int’ is not a class, struct, or union type
[22.103s]    75 |   typedef typename std::tuple_element<4, Events>::type M4Event;
[22.103s]       |                                                        ^~~~~~~
[22.103s] /opt/ros/jazzy/include/message_filters/message_filters/synchronizer.h:76:56: error: ‘int’ is not a class, struct, or union type
[22.103s]    76 |   typedef typename std::tuple_element<5, Events>::type M5Event;
[22.105s]       |                                                        ^~~~~~~
[22.106s] /opt/ros/jazzy/include/message_filters/message_filters/synchronizer.h:77:56: error: ‘int’ is not a class, struct, or union type
[22.106s]    77 |   typedef typename std::tuple_element<6, Events>::type M6Event;
[22.106s]       |                                                        ^~~~~~~
[22.106s] /opt/ros/jazzy/include/message_filters/message_filters/synchronizer.h:78:56: error: ‘int’ is not a class, struct, or union type
[22.106s]    78 |   typedef typename std::tuple_element<7, Events>::type M7Event;
[22.106s]       |                                                        ^~~~~~~
[22.106s] /opt/ros/jazzy/include/message_filters/message_filters/synchronizer.h:79:56: error: ‘int’ is not a class, struct, or union type
[22.106s]    79 |   typedef typename std::tuple_element<8, Events>::type M8Event;
[22.107s]       |                                                        ^~~~~~~
[22.107s] /opt/ros/jazzy/include/message_filters/message_filters/synchronizer.h:325:17: error: ‘int’ is not a class, namespace, or enumeration
[22.107s]   325 |   using Policy::add;
[22.107s]       |                 ^~~
[22.107s] /opt/ros/jazzy/include/message_filters/message_filters/synchronizer.h:328:8: error: ‘int’ is not a class, struct, or union type
[22.109s]   328 |   void add(const std::shared_ptr<typename std::tuple_element<i, Messages>::type const>& msg)
[22.109s]       |        ^~~
[22.110s] /opt/ros/jazzy/include/message_filters/message_filters/synchronizer.h:344:8: error: ‘int’ is not a class, struct, or union type
[22.110s]   344 |   void cb(const typename std::tuple_element<i, Events>::type& evt)
[22.110s]       |        ^~
[22.110s] /home/neha/ros2_ws/src/semnav_migration/src/navigation_semantic.cpp:148:55: error: ‘bind’ is not a member of ‘boost’; did you mean ‘find’?
[22.110s]   148 |                         sync->registerCallback(boost::bind(&SemanticNavigationNode::control_callback, this, _1, _2));
[22.110s]       |                                                       ^~~~
[22.110s]       |                                                       find
[22.110s] /home/neha/ros2_ws/src/semnav_migration/src/navigation_semantic.cpp:148:109: error: ‘_1’ was not declared in this scope
[22.111s]   148 |                         sync->registerCallback(boost::bind(&SemanticNavigationNode::control_callback, this, _1, _2));
[22.111s]       |                                                                                                             ^~
[22.111s] /home/neha/ros2_ws/src/semnav_migration/src/navigation_semantic.cpp:148:109: note: suggested alternatives:
[22.111s] In file included from /usr/include/boost/mpl/aux_/include_preprocessed.hpp:37,
[22.111s]                  from /usr/include/boost/mpl/placeholders.hpp:43,
[22.113s]                  from /usr/include/boost/iterator/iterator_categories.hpp:16,
[22.113s]                  from /usr/include/boost/iterator/iterator_facade.hpp:13,
[22.114s]                  from /usr/include/boost/range/iterator_range_core.hpp:27,
[22.114s]                  from /usr/include/boost/lexical_cast.hpp:48,
[22.114s]                  from /usr/include/boost/multiprecision/detail/number_base.hpp:29,
[22.114s]                  from /usr/include/boost/multiprecision/traits/is_variable_precision.hpp:9,
[22.114s]                  from /usr/include/boost/multiprecision/detail/precision.hpp:9,
[22.114s]                  from /usr/include/boost/multiprecision/number.hpp:11,
[22.114s]                  from /usr/include/boost/multiprecision/cpp_int.hpp:19,
[22.114s]                  from /usr/include/boost/multiprecision/cpp_bin_float.hpp:15,
[22.115s]                  from /usr/include/boost/geometry/core/coordinate_promotion.hpp:16,
[22.115s]                  from /usr/include/boost/geometry/core/radian_access.hpp:30,
[22.115s]                  from /usr/include/boost/geometry/geometry.hpp:50,
[22.115s]                  from /usr/include/boost/geometry.hpp:17,
[22.115s]                  from /home/neha/ros2_ws/src/semnav_migration/include/reactive_planner_lib.h:26:
[22.117s] /usr/include/boost/mpl/aux_/preprocessed/gcc/placeholders.hpp:29:16: note:   ‘mpl_::_1’
[22.118s]    29 | typedef arg<1> _1;
[22.118s]       |                ^~
[22.118s] In file included from /usr/include/boost/numeric/conversion/converter_policies.hpp:13,
[22.118s]                  from /usr/include/boost/numeric/conversion/converter.hpp:14,
[22.118s]                  from /usr/include/boost/numeric/conversion/cast.hpp:33,
[22.118s]                  from /usr/include/boost/geometry/core/radian_access.hpp:26:
[22.118s] /usr/include/c++/13/functional:294:48: note:   ‘std::placeholders::_1’
[22.118s]   294 |     _GLIBCXX_PLACEHOLDER const _Placeholder<1> _1;
[22.119s]       |                                                ^~
[22.119s] /usr/include/boost/mpl/aux_/preprocessed/gcc/placeholders.hpp:29:16: note:   ‘mpl_::_1’
[22.119s]    29 | typedef arg<1> _1;
[22.119s]       |                ^~
[22.119s] In file included from /usr/include/boost/describe/members.hpp:20,
[22.119s]                  from /usr/include/boost/container_hash/is_described_class.hpp:11,
[22.121s]                  from /usr/include/boost/container_hash/hash.hpp:18,
[22.121s]                  from /usr/include/boost/functional/hash.hpp:6,
[22.122s]                  from /usr/include/CGAL/Kernel/hash_functions.h:16,
[22.122s]                  from /usr/include/CGAL/Kernel/global_functions.h:25,
[22.122s]                  from /usr/include/CGAL/Cartesian/Cartesian_base.h:22,
[22.122s]                  from /usr/include/CGAL/Simple_cartesian.h:20,
[22.122s]                  from /usr/include/CGAL/Exact_predicates_inexact_constructions_kernel.h:20,
[22.122s]                  from /home/neha/ros2_ws/src/semnav_migration/include/polygeom_lib.h:32,
[22.122s]                  from /home/neha/ros2_ws/src/semnav_migration/include/reactive_planner_lib.h:50:
[22.122s] /usr/include/boost/mp11/bind.hpp:45:7: note:   ‘boost::mp11::_1’
[22.123s]    45 | using _1 = mp_arg<0>;
[22.123s]       |       ^~
[22.123s] /usr/include/boost/mpl/aux_/preprocessed/gcc/placeholders.hpp:29:16: note:   ‘mpl_::_1’
[22.123s]    29 | typedef arg<1> _1;
[22.123s]       |                ^~
[22.125s] /home/neha/ros2_ws/src/semnav_migration/src/navigation_semantic.cpp:148:113: error: ‘_2’ was not declared in this scope
[22.125s]   148 |                         sync->registerCallback(boost::bind(&SemanticNavigationNode::control_callback, this, _1, _2));
[22.126s]       |                                                                                                                 ^~
[22.126s] /home/neha/ros2_ws/src/semnav_migration/src/navigation_semantic.cpp:148:113: note: suggested alternatives:
[22.126s] /usr/include/boost/mpl/aux_/preprocessed/gcc/placeholders.hpp:42:16: note:   ‘mpl_::_2’
[22.126s]    42 | typedef arg<2> _2;
[22.126s]       |                ^~
[22.126s] /usr/include/c++/13/functional:295:48: note:   ‘std::placeholders::_2’
[22.126s]   295 |     _GLIBCXX_PLACEHOLDER const _Placeholder<2> _2;
[22.126s]       |                                                ^~
[22.127s] /usr/include/boost/mpl/aux_/preprocessed/gcc/placeholders.hpp:42:16: note:   ‘mpl_::_2’
[22.127s]    42 | typedef arg<2> _2;
[22.127s]       |                ^~
[22.127s] /usr/include/boost/mp11/bind.hpp:46:7: note:   ‘boost::mp11::_2’
[22.127s]    46 | using _2 = mp_arg<1>;
[22.129s]       |       ^~
[22.129s] /usr/include/boost/mpl/aux_/preprocessed/gcc/placeholders.hpp:42:16: note:   ‘mpl_::_2’
[22.130s]    42 | typedef arg<2> _2;
[22.130s]       |                ^~
[22.130s] /home/neha/ros2_ws/src/semnav_migration/src/navigation_semantic.cpp:150:25: error: ‘ros’ has not been declared
[22.130s]   150 |                         ros::Subscriber sub_semantic = nh_.subscribe(sub_semantic_topic_, 1, &SemanticNavigationNode::diffeo_tree_update, this);
[22.130s]       |                         ^~~
[22.130s] /home/neha/ros2_ws/src/semnav_migration/src/navigation_semantic.cpp:154:25: error: ‘ros’ has not been declared
[22.130s]   154 |                         ros::Duration(5.0).sleep();
[22.130s]       |                         ^~~
[22.131s] /home/neha/ros2_ws/src/semnav_migration/src/navigation_semantic.cpp:161:25: error: ‘ros’ has not been declared
[22.131s]   161 |                         ros::spin();
[22.131s]       |                         ^~~
[22.151s] /home/neha/ros2_ws/src/semnav_migration/src/navigation_semantic.cpp: In member function ‘void SemanticNavigationNode::publish_twist(double, double)’:
[22.152s] /home/neha/ros2_ws/src/semnav_migration/src/navigation_semantic.cpp:168:25: error: ‘pub_twist_’ was not declared in this scope; did you mean ‘publish_twist’?
[22.152s]   168 |                         pub_twist_.publish(commandTwist);
[22.152s]       |                         ^~~~~~~~~~
[22.152s]       |                         publish_twist
[22.155s] /home/neha/ros2_ws/src/semnav_migration/src/navigation_semantic.cpp: In member function ‘void SemanticNavigationNode::publish_behavior_id(uint16_t)’:
[22.156s] /home/neha/ros2_ws/src/semnav_migration/src/navigation_semantic.cpp:173:32: error: ‘UInt32’ is not a member of ‘std_msgs::msg’
[22.156s]   173 |                 std_msgs::msg::UInt32 commandId;
[22.156s]       |                                ^~~~~~
[22.184s] /home/neha/ros2_ws/src/semnav_migration/src/navigation.cpp:138:13: error: ‘pub_behaviorMode_’ was not declared in this scope; did you mean ‘pub_behaviorMode_topic_’?
[22.184s]   138 |             pub_behaviorMode_ = this->create_publisher<example_interfaces::msg::UInt32>("pub_behaviorMode_topic_", 1);
[22.184s]       |             ^~~~~~~~~~~~~~~~~
[22.184s]       |             pub_behaviorMode_topic_
[22.185s] /home/neha/ros2_ws/src/semnav_migration/src/navigation.cpp:138:39: error: parse error in template argument list
[22.185s]   138 |             pub_behaviorMode_ = this->create_publisher<example_interfaces::msg::UInt32>("pub_behaviorMode_topic_", 1);
[22.185s]       |                                       ^~~~~~~~~~~~~~~~~~~~~~~~~~~~~~~~~~~~~~~~~~~~~~~~~
[22.185s] /home/neha/ros2_ws/src/semnav_migration/src/navigation.cpp:138:88: error: no matching function for call to ‘NavigationNode::create_publisher<example_interfaces>(const char [24], int)’
[22.186s]   138 |             pub_behaviorMode_ = this->create_publisher<example_interfaces::msg::UInt32>("pub_behaviorMode_topic_", 1);
[22.186s]       |                                 ~~~~~~~~~~~~~~~~~~~~~~~~~~~~~~~~~~~~~~~~~~~~~~~~~~~~~~~^~~~~~~~~~~~~~~~~~~~~~~~~~~~~~
[22.186s] /opt/ros/jazzy/include/rclcpp/rclcpp/node.hpp:197:3: note: candidate: ‘template<class MessageT, class AllocatorT, class PublisherT> std::shared_ptr<PublisherT> rclcpp::Node::create_publisher(const std::string&, const rclcpp::QoS&, const rclcpp::PublisherOptionsWithAllocator<AllocatorT>&)’
[22.186s]   197 |   create_publisher(
[22.186s]       |   ^~~~~~~~~~~~~~~~
[22.187s] /opt/ros/jazzy/include/rclcpp/rclcpp/node.hpp:197:3: note:   template argument deduction/substitution failed:
[22.200s] /home/neha/ros2_ws/src/semnav_migration/src/navigation_semantic.cpp:174:25: error: ‘commandId’ was not declared in this scope
[22.200s]   174 |                         commandId.data = BehaviorIdCmd;
[22.201s]       |                         ^~~~~~~~~
[22.237s] /home/neha/ros2_ws/src/semnav_migration/src/navigation.cpp:139:13: error: ‘pub_twist_’ was not declared in this scope; did you mean ‘publish_twist’?
[22.237s]   139 |             pub_twist_ = this->create_publisher<example_interfaces::msg::UInt32>("pub_twist_topic_", 1);
[22.238s]       |             ^~~~~~~~~~
[22.238s]       |             publish_twist
[22.239s] /home/neha/ros2_ws/src/semnav_migration/src/navigation.cpp:139:32: error: parse error in template argument list
[22.239s]   139 |             pub_twist_ = this->create_publisher<example_interfaces::msg::UInt32>("pub_twist_topic_", 1);
[22.239s]       |                                ^~~~~~~~~~~~~~~~~~~~~~~~~~~~~~~~~~~~~~~~~~~~~~~~~
[22.239s] /home/neha/ros2_ws/src/semnav_migration/src/navigation.cpp:139:81: error: no matching function for call to ‘NavigationNode::create_publisher<example_interfaces>(const char [17], int)’
[22.239s]   139 |             pub_twist_ = this->create_publisher<example_interfaces::msg::UInt32>("pub_twist_topic_", 1);
[22.239s]       |                          ~~~~~~~~~~~~~~~~~~~~~~~~~~~~~~~~~~~~~~~~~~~~~~~~~~~~~~~^~~~~~~~~~~~~~~~~~~~~~~
[22.239s] /opt/ros/jazzy/include/rclcpp/rclcpp/node.hpp:197:3: note: candidate: ‘template<class MessageT, class AllocatorT, class PublisherT> std::shared_ptr<PublisherT> rclcpp::Node::create_publisher(const std::string&, const rclcpp::QoS&, const rclcpp::PublisherOptionsWithAllocator<AllocatorT>&)’
[22.240s]   197 |   create_publisher(
[22.240s]       |   ^~~~~~~~~~~~~~~~
[22.242s] /opt/ros/jazzy/include/rclcpp/rclcpp/node.hpp:197:3: note:   template argument deduction/substitution failed:
[22.285s] /home/neha/ros2_ws/src/semnav_migration/src/navigation_semantic.cpp:175:25: error: ‘pub_behaviorID_’ was not declared in this scope; did you mean ‘pub_behaviorID_topic_’?
[22.285s]   175 |                         pub_behaviorID_.publish(commandId);
[22.285s]       |                         ^~~~~~~~~~~~~~~
[22.285s]       |                         pub_behaviorID_topic_
[22.289s] /home/neha/ros2_ws/src/semnav_migration/src/navigation_semantic.cpp: In member function ‘void SemanticNavigationNode::publish_behavior_mode(uint16_t)’:
[22.289s] /home/neha/ros2_ws/src/semnav_migration/src/navigation_semantic.cpp:180:28: error: ‘UInt32’ is not a member of ‘std_msgs::msg’
[22.289s]   180 |             std_msgs::msg::UInt32 commandMode;
[22.289s]       |                            ^~~~~~
[22.309s] /home/neha/ros2_ws/src/semnav_migration/src/navigation.cpp:142:116: error: no matching function for call to ‘message_filters::Subscriber<sensor_msgs::msg::LaserScan_<std::allocator<void> > >::Subscriber(rclcpp::Node&, std::string&, int)’
[22.309s]   142 |                         message_filters::Subscriber<sensor_msgs::msg::LaserScan> sub_laser(nh_, sub_laser_topic_, 1);
[22.309s]       |                                                                                                                    ^
[22.309s] In file included from /home/neha/ros2_ws/src/semnav_migration/include/reactive_planner_lib.h:43:
[22.310s] /opt/ros/jazzy/include/message_filters/message_filters/subscriber.h:224:3: note: candidate: ‘message_filters::Subscriber<M, NodeType>::Subscriber() [with M = sensor_msgs::msg::LaserScan_<std::allocator<void> >; NodeType = rclcpp::Node]’
[22.310s]   224 |   Subscriber() = default;
[22.310s]       |   ^~~~~~~~~~
[22.310s] /opt/ros/jazzy/include/message_filters/message_filters/subscriber.h:224:3: note:   candidate expects 0 arguments, 3 provided
[22.312s] /opt/ros/jazzy/include/message_filters/message_filters/subscriber.h:212:3: note: candidate: ‘message_filters::Subscriber<M, NodeType>::Subscriber(NodeType*, const std::string&, rmw_qos_profile_t, rclcpp::SubscriptionOptions) [with M = sensor_msgs::msg::LaserScan_<std::allocator<void> >; NodeType = rclcpp::Node; std::string = std::__cxx11::basic_string<char>; rmw_qos_profile_t = rmw_qos_profile_s; rclcpp::SubscriptionOptions = rclcpp::SubscriptionOptionsWithAllocator<std::allocator<void> >]’
[22.312s]   212 |   Subscriber(
[22.312s]       |   ^~~~~~~~~~
[22.312s] /opt/ros/jazzy/include/message_filters/message_filters/subscriber.h:212:3: note:   candidate expects 4 arguments, 3 provided
[22.312s] /opt/ros/jazzy/include/message_filters/message_filters/subscriber.h:203:3: note: candidate: ‘message_filters::Subscriber<M, NodeType>::Subscriber(NodePtr, const std::string&, rmw_qos_profile_t, rclcpp::SubscriptionOptions) [with M = sensor_msgs::msg::LaserScan_<std::allocator<void> >; NodeType = rclcpp::Node; NodePtr = std::shared_ptr<rclcpp::Node>; std::string = std::__cxx11::basic_string<char>; rmw_qos_profile_t = rmw_qos_profile_s; rclcpp::SubscriptionOptions = rclcpp::SubscriptionOptionsWithAllocator<std::allocator<void> >]’
[22.312s]   203 |   Subscriber(
[22.312s]       |   ^~~~~~~~~~
[22.313s] /opt/ros/jazzy/include/message_filters/message_filters/subscriber.h:203:3: note:   candidate expects 4 arguments, 3 provided
[22.313s] /opt/ros/jazzy/include/message_filters/message_filters/subscriber.h:188:3: note: candidate: ‘message_filters::Subscriber<M, NodeType>::Subscriber(NodeType*, const std::string&, rmw_qos_profile_t) [with M = sensor_msgs::msg::LaserScan_<std::allocator<void> >; NodeType = rclcpp::Node; std::string = std::__cxx11::basic_string<char>; rmw_qos_profile_t = rmw_qos_profile_s]’
[22.313s]   188 |   Subscriber(NodeType * node, const std::string& topic, const rmw_qos_profile_t qos = rmw_qos_profile_default)
[22.313s]       |   ^~~~~~~~~~
[22.313s] /opt/ros/jazzy/include/message_filters/message_filters/subscriber.h:188:25: note:   no known conversion for argument 1 from ‘rclcpp::Node’ to ‘rclcpp::Node*’
[22.315s]   188 |   Subscriber(NodeType * node, const std::string& topic, const rmw_qos_profile_t qos = rmw_qos_profile_default)
[22.316s]       |              ~~~~~~~~~~~^~~~
[22.316s] /opt/ros/jazzy/include/message_filters/message_filters/subscriber.h:183:3: note: candidate: ‘message_filters::Subscriber<M, NodeType>::Subscriber(NodePtr, const std::string&, rmw_qos_profile_t) [with M = sensor_msgs::msg::LaserScan_<std::allocator<void> >; NodeType = rclcpp::Node; NodePtr = std::shared_ptr<rclcpp::Node>; std::string = std::__cxx11::basic_string<char>; rmw_qos_profile_t = rmw_qos_profile_s]’
[22.316s]   183 |   Subscriber(NodePtr node, const std::string& topic, const rmw_qos_profile_t qos = rmw_qos_profile_default)
[22.316s]       |   ^~~~~~~~~~
[22.316s] /opt/ros/jazzy/include/message_filters/message_filters/subscriber.h:183:22: note:   no known conversion for argument 1 from ‘rclcpp::Node’ to ‘message_filters::Subscriber<sensor_msgs::msg::LaserScan_<std::allocator<void> > >::NodePtr’ {aka ‘std::shared_ptr<rclcpp::Node>’}
[22.316s]   183 |   Subscriber(NodePtr node, const std::string& topic, const rmw_qos_profile_t qos = rmw_qos_profile_default)
[22.316s]       |              ~~~~~~~~^~~~
[22.354s] /home/neha/ros2_ws/src/semnav_migration/src/navigation_semantic.cpp:181:25: error: ‘commandMode’ was not declared in this scope
[22.355s]   181 |                         commandMode.data = BehaviorModeCmd;
[22.355s]       |                         ^~~~~~~~~~~
[22.378s] /home/neha/ros2_ws/src/semnav_migration/src/navigation.cpp:143:112: error: no matching function for call to ‘message_filters::Subscriber<nav_msgs::msg::Odometry_<std::allocator<void> > >::Subscriber(rclcpp::Node&, std::string&, int)’
[22.379s]   143 |                         message_filters::Subscriber<nav_msgs::msg::Odometry> sub_robot(nh_, sub_robot_topic_, 1);
[22.379s]       |                                                                                                                ^
[22.379s] /opt/ros/jazzy/include/message_filters/message_filters/subscriber.h:224:3: note: candidate: ‘message_filters::Subscriber<M, NodeType>::Subscriber() [with M = nav_msgs::msg::Odometry_<std::allocator<void> >; NodeType = rclcpp::Node]’
[22.379s]   224 |   Subscriber() = default;
[22.379s]       |   ^~~~~~~~~~
[22.380s] /opt/ros/jazzy/include/message_filters/message_filters/subscriber.h:224:3: note:   candidate expects 0 arguments, 3 provided
[22.380s] /opt/ros/jazzy/include/message_filters/message_filters/subscriber.h:212:3: note: candidate: ‘message_filters::Subscriber<M, NodeType>::Subscriber(NodeType*, const std::string&, rmw_qos_profile_t, rclcpp::SubscriptionOptions) [with M = nav_msgs::msg::Odometry_<std::allocator<void> >; NodeType = rclcpp::Node; std::string = std::__cxx11::basic_string<char>; rmw_qos_profile_t = rmw_qos_profile_s; rclcpp::SubscriptionOptions = rclcpp::SubscriptionOptionsWithAllocator<std::allocator<void> >]’
[22.380s]   212 |   Subscriber(
[22.380s]       |   ^~~~~~~~~~
[22.381s] /opt/ros/jazzy/include/message_filters/message_filters/subscriber.h:212:3: note:   candidate expects 4 arguments, 3 provided
[22.381s] /opt/ros/jazzy/include/message_filters/message_filters/subscriber.h:203:3: note: candidate: ‘message_filters::Subscriber<M, NodeType>::Subscriber(NodePtr, const std::string&, rmw_qos_profile_t, rclcpp::SubscriptionOptions) [with M = nav_msgs::msg::Odometry_<std::allocator<void> >; NodeType = rclcpp::Node; NodePtr = std::shared_ptr<rclcpp::Node>; std::string = std::__cxx11::basic_string<char>; rmw_qos_profile_t = rmw_qos_profile_s; rclcpp::SubscriptionOptions = rclcpp::SubscriptionOptionsWithAllocator<std::allocator<void> >]’
[22.381s]   203 |   Subscriber(
[22.381s]       |   ^~~~~~~~~~
[22.383s] /opt/ros/jazzy/include/message_filters/message_filters/subscriber.h:203:3: note:   candidate expects 4 arguments, 3 provided
[22.383s] /opt/ros/jazzy/include/message_filters/message_filters/subscriber.h:188:3: note: candidate: ‘message_filters::Subscriber<M, NodeType>::Subscriber(NodeType*, const std::string&, rmw_qos_profile_t) [with M = nav_msgs::msg::Odometry_<std::allocator<void> >; NodeType = rclcpp::Node; std::string = std::__cxx11::basic_string<char>; rmw_qos_profile_t = rmw_qos_profile_s]’
[22.383s]   188 |   Subscriber(NodeType * node, const std::string& topic, const rmw_qos_profile_t qos = rmw_qos_profile_default)
[22.383s]       |   ^~~~~~~~~~
[22.383s] /opt/ros/jazzy/include/message_filters/message_filters/subscriber.h:188:25: note:   no known conversion for argument 1 from ‘rclcpp::Node’ to ‘rclcpp::Node*’
[22.383s]   188 |   Subscriber(NodeType * node, const std::string& topic, const rmw_qos_profile_t qos = rmw_qos_profile_default)
[22.383s]       |              ~~~~~~~~~~~^~~~
[22.384s] /opt/ros/jazzy/include/message_filters/message_filters/subscriber.h:183:3: note: candidate: ‘message_filters::Subscriber<M, NodeType>::Subscriber(NodePtr, const std::string&, rmw_qos_profile_t) [with M = nav_msgs::msg::Odometry_<std::allocator<void> >; NodeType = rclcpp::Node; NodePtr = std::shared_ptr<rclcpp::Node>; std::string = std::__cxx11::basic_string<char>; rmw_qos_profile_t = rmw_qos_profile_s]’
[22.384s]   183 |   Subscriber(NodePtr node, const std::string& topic, const rmw_qos_profile_t qos = rmw_qos_profile_default)
[22.384s]       |   ^~~~~~~~~~
[22.384s] /opt/ros/jazzy/include/message_filters/message_filters/subscriber.h:183:22: note:   no known conversion for argument 1 from ‘rclcpp::Node’ to ‘message_filters::Subscriber<nav_msgs::msg::Odometry_<std::allocator<void> > >::NodePtr’ {aka ‘std::shared_ptr<rclcpp::Node>’}
[22.384s]   183 |   Subscriber(NodePtr node, const std::string& topic, const rmw_qos_profile_t qos = rmw_qos_profile_default)
[22.386s]       |              ~~~~~~~~^~~~
[22.455s] /home/neha/ros2_ws/src/semnav_migration/src/navigation_semantic.cpp:182:25: error: ‘pub_behaviorMode_’ was not declared in this scope; did you mean ‘pub_behaviorMode_topic_’?
[22.455s]   182 |                         pub_behaviorMode_.publish(commandMode);
[22.455s]       |                         ^~~~~~~~~~~~~~~~~
[22.455s]       |                         pub_behaviorMode_topic_
[22.506s] /home/neha/ros2_ws/src/semnav_migration/src/navigation_semantic.cpp: In member function ‘void SemanticNavigationNode::diffeo_tree_update(const object_pose_interface_msgs::msg::SemanticMapObjectArray_<std::allocator<void> >::ConstPtr&)’:
[22.506s] /home/neha/ros2_ws/src/semnav_migration/src/navigation_semantic.cpp:252:29: error: ‘ros’ has not been declared
[22.506s]   252 |                         if (ros::Time::now().toSec() - DiffeoTreeUpdateTime_ < (1.0/DiffeoTreeUpdateRate_)) {
[22.506s]       |                             ^~~
[22.507s] /home/neha/ros2_ws/src/semnav_migration/src/navigation_semantic.cpp:256:53: error: ‘ros’ has not been declared
[22.507s]   256 |                                 double start_time = ros::Time::now().toSec();
[22.507s]       |                                                     ^~~
[22.511s] /home/neha/ros2_ws/src/semnav_migration/src/navigation_semantic.cpp:267:49: error: ‘tf’ has not been declared
[22.512s]   267 |                                                 tf::Quaternion rotation = tf::Quaternion(semantic_map_data->objects[i].pose.pose.orientation.x,
[22.512s]       |                                                 ^~
[22.512s] /home/neha/ros2_ws/src/semnav_migration/src/navigation_semantic.cpp:272:49: error: ‘tf’ has not been declared
[22.512s]   272 |                                                 tf::Matrix3x3 m(rotation);
[22.512s]       |                                                 ^~
[22.512s] /home/neha/ros2_ws/src/semnav_migration/src/navigation_semantic.cpp:275:49: error: ‘tf’ has not been declared
[22.512s]   275 |                                                 tf::Vector3 target_nominal_1(-0.5*target_object_width_ - ObstacleDilation_ - 0.08, 0.0, 0.0);
[22.513s]       |                                                 ^~
[22.513s] /home/neha/ros2_ws/src/semnav_migration/src/navigation_semantic.cpp:276:49: error: ‘tf’ has not been declared
[22.513s]   276 |                                                 tf::Vector3 target_nominal_2(0.5*target_object_width_ + ObstacleDilation_ + 0.25, 0.0, 0.0);
[22.513s]       |                                                 ^~
[22.513s] /home/neha/ros2_ws/src/semnav_migration/src/navigation_semantic.cpp:277:49: error: ‘tf’ has not been declared
[22.515s]   277 |                                                 tf::Vector3 target_nominal_1_rotated = tf::quatRotate(rotation, target_nominal_1);
[22.516s]       |                                                 ^~
[22.516s] /home/neha/ros2_ws/src/semnav_migration/src/navigation_semantic.cpp:278:49: error: ‘tf’ has not been declared
[22.516s]   278 |                                                 tf::Vector3 target_nominal_2_rotated = tf::quatRotate(rotation, target_nominal_2);
[22.516s]       |                                                 ^~
[22.524s] /home/neha/ros2_ws/src/semnav_migration/src/navigation.cpp:148:55: error: ‘bind’ is not a member of ‘boost’; did you mean ‘find’?
[22.525s]   148 |                         sync->registerCallback(boost::bind(&NavigationNode::control_callback, this, _1, _2));
[22.525s]       |                                                       ^~~~
[22.525s]       |                                                       find
[22.530s] /home/neha/ros2_ws/src/semnav_migration/src/navigation.cpp:148:101: error: ‘_1’ was not declared in this scope
[22.530s]   148 |                         sync->registerCallback(boost::bind(&NavigationNode::control_callback, this, _1, _2));
[22.530s]       |                                                                                                     ^~
[22.530s] /home/neha/ros2_ws/src/semnav_migration/src/navigation.cpp:148:101: note: suggested alternatives:
[22.530s] In file included from /usr/include/boost/mpl/aux_/include_preprocessed.hpp:37,
[22.530s]                  from /usr/include/boost/mpl/placeholders.hpp:43,
[22.530s]                  from /usr/include/boost/iterator/iterator_categories.hpp:16,
[22.531s]                  from /usr/include/boost/iterator/iterator_facade.hpp:13,
[22.531s]                  from /usr/include/boost/range/iterator_range_core.hpp:27,
[22.531s]                  from /usr/include/boost/lexical_cast.hpp:48,
[22.531s]                  from /usr/include/boost/multiprecision/detail/number_base.hpp:29,
[22.531s]                  from /usr/include/boost/multiprecision/traits/is_variable_precision.hpp:9,
[22.533s]                  from /usr/include/boost/multiprecision/detail/precision.hpp:9,
[22.533s]                  from /usr/include/boost/multiprecision/number.hpp:11,
[22.534s]                  from /usr/include/boost/multiprecision/cpp_int.hpp:19,
[22.534s]                  from /usr/include/boost/multiprecision/cpp_bin_float.hpp:15,
[22.534s]                  from /usr/include/boost/geometry/core/coordinate_promotion.hpp:16,
[22.534s]                  from /usr/include/boost/geometry/core/radian_access.hpp:30,
[22.534s]                  from /usr/include/boost/geometry/geometry.hpp:50,
[22.534s]                  from /usr/include/boost/geometry.hpp:17,
[22.534s]                  from /home/neha/ros2_ws/src/semnav_migration/include/reactive_planner_lib.h:26:
[22.534s] /usr/include/boost/mpl/aux_/preprocessed/gcc/placeholders.hpp:29:16: note:   ‘mpl_::_1’
[22.535s]    29 | typedef arg<1> _1;
[22.535s]       |                ^~
[22.537s] In file included from /usr/include/boost/numeric/conversion/converter_policies.hpp:13,
[22.537s]                  from /usr/include/boost/numeric/conversion/converter.hpp:14,
[22.537s]                  from /usr/include/boost/numeric/conversion/cast.hpp:33,
[22.537s]                  from /usr/include/boost/geometry/core/radian_access.hpp:26:
[22.537s] /usr/include/c++/13/functional:294:48: note:   ‘std::placeholders::_1’
[22.537s]   294 |     _GLIBCXX_PLACEHOLDER const _Placeholder<1> _1;
[22.538s]       |                                                ^~
[22.538s] /usr/include/boost/mpl/aux_/preprocessed/gcc/placeholders.hpp:29:16: note:   ‘mpl_::_1’
[22.538s]    29 | typedef arg<1> _1;
[22.538s]       |                ^~
[22.538s] In file included from /usr/include/boost/describe/members.hpp:20,
[22.540s]                  from /usr/include/boost/container_hash/is_described_class.hpp:11,
[22.540s]                  from /usr/include/boost/container_hash/hash.hpp:18,
[22.541s]                  from /usr/include/boost/functional/hash.hpp:6,
[22.541s]                  from /usr/include/CGAL/Kernel/hash_functions.h:16,
[22.541s]                  from /usr/include/CGAL/Kernel/global_functions.h:25,
[22.541s]                  from /usr/include/CGAL/Cartesian/Cartesian_base.h:22,
[22.541s]                  from /usr/include/CGAL/Simple_cartesian.h:20,
[22.541s]                  from /usr/include/CGAL/Exact_predicates_inexact_constructions_kernel.h:20,
[22.541s]                  from /home/neha/ros2_ws/src/semnav_migration/include/polygeom_lib.h:32,
[22.542s]                  from /home/neha/ros2_ws/src/semnav_migration/include/reactive_planner_lib.h:50:
[22.542s] /usr/include/boost/mp11/bind.hpp:45:7: note:   ‘boost::mp11::_1’
[22.542s]    45 | using _1 = mp_arg<0>;
[22.542s]       |       ^~
[22.542s] /usr/include/boost/mpl/aux_/preprocessed/gcc/placeholders.hpp:29:16: note:   ‘mpl_::_1’
[22.545s]    29 | typedef arg<1> _1;
[22.545s]       |                ^~
[22.545s] /home/neha/ros2_ws/src/semnav_migration/src/navigation.cpp:148:105: error: ‘_2’ was not declared in this scope
[22.545s]   148 |                         sync->registerCallback(boost::bind(&NavigationNode::control_callback, this, _1, _2));
[22.545s]       |                                                                                                         ^~
[22.546s] /home/neha/ros2_ws/src/semnav_migration/src/navigation.cpp:148:105: note: suggested alternatives:
[22.546s] /usr/include/boost/mpl/aux_/preprocessed/gcc/placeholders.hpp:42:16: note:   ‘mpl_::_2’
[22.546s]    42 | typedef arg<2> _2;
[22.546s]       |                ^~
[22.546s] /usr/include/c++/13/functional:295:48: note:   ‘std::placeholders::_2’
[22.548s]   295 |     _GLIBCXX_PLACEHOLDER const _Placeholder<2> _2;
[22.549s]       |                                                ^~
[22.549s] /usr/include/boost/mpl/aux_/preprocessed/gcc/placeholders.hpp:42:16: note:   ‘mpl_::_2’
[22.549s]    42 | typedef arg<2> _2;
[22.549s]       |                ^~
[22.549s] /usr/include/boost/mp11/bind.hpp:46:7: note:   ‘boost::mp11::_2’
[22.549s]    46 | using _2 = mp_arg<1>;
[22.549s]       |       ^~
[22.549s] /usr/include/boost/mpl/aux_/preprocessed/gcc/placeholders.hpp:42:16: note:   ‘mpl_::_2’
[22.550s]    42 | typedef arg<2> _2;
[22.550s]       |                ^~
[22.550s] /home/neha/ros2_ws/src/semnav_migration/src/navigation_semantic.cpp:280:49: error: ‘m’ was not declared in this scope; did you mean ‘tm’?
[22.550s]   280 |                                                 m.getRPY(roll, pitch, yaw);
[22.550s]       |                                                 ^
[22.553s]       |                                                 tm
[22.553s] /home/neha/ros2_ws/src/semnav_migration/src/navigation.cpp:151:20: error: ‘Subscription’ was not declared in this scope
[22.553s]   151 |             rclcpp:Subscription sub_semantic = this->create_subscriber(sub_semantic_topic_, 1);
[22.553s]       |                    ^~~~~~~~~~~~
[22.553s] /home/neha/ros2_ws/src/semnav_migration/src/navigation.cpp:151:20: note: suggested alternatives:
[22.554s] In file included from /opt/ros/jazzy/include/rclcpp/rclcpp/any_executable.hpp:25,
[22.554s]                  from /opt/ros/jazzy/include/rclcpp/rclcpp/memory_strategy.hpp:25,
[22.554s]                  from /opt/ros/jazzy/include/rclcpp/rclcpp/memory_strategies.hpp:18,
[22.554s]                  from /opt/ros/jazzy/include/rclcpp/rclcpp/executor_options.hpp:22,
[22.554s]                  from /opt/ros/jazzy/include/rclcpp/rclcpp/executor.hpp:38,
[22.554s]                  from /opt/ros/jazzy/include/rclcpp/rclcpp/executors/multi_threaded_executor.hpp:25,
[22.556s]                  from /opt/ros/jazzy/include/rclcpp/rclcpp/executors.hpp:21:
[22.557s] /opt/ros/jazzy/include/rclcpp/rclcpp/subscription.hpp:75:7: note:   ‘rclcpp::Subscription’
[22.557s]    75 | class Subscription : public SubscriptionBase
[22.557s]       |       ^~~~~~~~~~~~
[22.557s] In file included from /opt/ros/jazzy/include/rclcpp/rclcpp/client.hpp:45,
[22.557s]                  from /opt/ros/jazzy/include/rclcpp/rclcpp/callback_group.hpp:24,
[22.557s]                  from /opt/ros/jazzy/include/rclcpp/rclcpp/any_executable.hpp:20:
[22.557s] /opt/ros/jazzy/include/rclcpp/rclcpp/node_interfaces/node_graph_interface.hpp:43:3: note:   ‘rclcpp::EndpointType::Subscription’
[22.557s]    43 |   Subscription = RMW_ENDPOINT_SUBSCRIPTION
[22.558s]       |   ^~~~~~~~~~~~
[22.558s] /home/neha/ros2_ws/src/semnav_migration/src/navigation.cpp:155:45: error: no matching function for call to ‘rclcpp::Duration::Duration(double)’
[22.558s]   155 |                         rclcpp::Duration(5.0).sleep();
[22.558s]       |                                             ^
[22.558s] In file included from /opt/ros/jazzy/include/rclcpp/rclcpp/time.hpp:24,
[22.560s]                  from /opt/ros/jazzy/include/rclcpp/rclcpp/clock.hpp:24,
[22.560s]                  from /opt/ros/jazzy/include/rclcpp/rclcpp/client.hpp:38:
[22.561s] /opt/ros/jazzy/include/rclcpp/rclcpp/duration.hpp:49:3: note: candidate: ‘template<class Rep, class Period> rclcpp::Duration::Duration(const std::chrono::duration<_Rep1, _Period1>&)’
[22.561s]    49 |   Duration(const std::chrono::duration<Rep, Period> & duration)  // NOLINT(runtime/explicit)
[22.561s]       |   ^~~~~~~~
[22.561s] /opt/ros/jazzy/include/rclcpp/rclcpp/duration.hpp:49:3: note:   template argument deduction/substitution failed:
[22.561s] /home/neha/ros2_ws/src/semnav_migration/src/navigation.cpp:155:45: note:   mismatched types ‘const std::chrono::duration<_Rep1, _Period1>’ and ‘double’
[22.561s]   155 |                         rclcpp::Duration(5.0).sleep();
[22.561s]       |                                             ^
[22.562s] /opt/ros/jazzy/include/rclcpp/rclcpp/duration.hpp:159:3: note: candidate: ‘rclcpp::Duration::Duration()’
[22.562s]   159 |   Duration() = default;
[22.562s]       |   ^~~~~~~~
[22.562s] /opt/ros/jazzy/include/rclcpp/rclcpp/duration.hpp:159:3: note:   candidate expects 0 arguments, 1 provided
[22.562s] /opt/ros/jazzy/include/rclcpp/rclcpp/duration.hpp:62:3: note: candidate: ‘rclcpp::Duration::Duration(const rclcpp::Duration&)’
[22.562s]    62 |   Duration(const Duration & rhs);
[22.564s]       |   ^~~~~~~~
[22.564s] /opt/ros/jazzy/include/rclcpp/rclcpp/duration.hpp:62:29: note:   no known conversion for argument 1 from ‘double’ to ‘const rclcpp::Duration&’
[22.565s]    62 |   Duration(const Duration & rhs);
[22.565s]       |            ~~~~~~~~~~~~~~~~~^~~
[22.565s] /opt/ros/jazzy/include/rclcpp/rclcpp/duration.hpp:60:12: note: candidate: ‘rclcpp::Duration::Duration(const rcl_duration_t&)’
[22.565s]    60 |   explicit Duration(const rcl_duration_t & duration);
[22.565s]       |            ^~~~~~~~
[22.565s] /opt/ros/jazzy/include/rclcpp/rclcpp/duration.hpp:60:44: note:   no known conversion for argument 1 from ‘double’ to ‘const rcl_duration_t&’ {aka ‘const rcl_duration_s&’}
[22.565s]    60 |   explicit Duration(const rcl_duration_t & duration);
[22.565s]       |                     ~~~~~~~~~~~~~~~~~~~~~~~^~~~~~~~
[22.566s] /opt/ros/jazzy/include/rclcpp/rclcpp/duration.hpp:54:3: note: candidate: ‘rclcpp::Duration::Duration(const builtin_interfaces::msg::Duration&)’
[22.566s]    54 |   Duration(const builtin_interfaces::msg::Duration & duration_msg);  // NOLINT(runtime/explicit)
[22.566s]       |   ^~~~~~~~
[22.566s] /opt/ros/jazzy/include/rclcpp/rclcpp/duration.hpp:54:54: note:   no known conversion for argument 1 from ‘double’ to ‘const builtin_interfaces::msg::Duration&’ {aka ‘const builtin_interfaces::msg::Duration_<std::allocator<void> >&’}
[22.566s]    54 |   Duration(const builtin_interfaces::msg::Duration & duration_msg);  // NOLINT(runtime/explicit)
[22.568s]       |            ~~~~~~~~~~~~~~~~~~~~~~~~~~~~~~~~~~~~~~~~~~^~~~~~~~~~~~
[22.568s] /opt/ros/jazzy/include/rclcpp/rclcpp/duration.hpp:43:12: note: candidate: ‘rclcpp::Duration::Duration(std::chrono::nanoseconds)’
[22.569s]    43 |   explicit Duration(std::chrono::nanoseconds nanoseconds);
[22.569s]       |            ^~~~~~~~
[22.569s] /opt/ros/jazzy/include/rclcpp/rclcpp/duration.hpp:43:46: note:   no known conversion for argument 1 from ‘double’ to ‘std::chrono::nanoseconds’ {aka ‘std::chrono::duration<long int, std::ratio<1, 1000000000> >’}
[22.569s]    43 |   explicit Duration(std::chrono::nanoseconds nanoseconds);
[22.569s]       |                     ~~~~~~~~~~~~~~~~~~~~~~~~~^~~~~~~~~~~
[22.569s] /opt/ros/jazzy/include/rclcpp/rclcpp/duration.hpp:40:3: note: candidate: ‘rclcpp::Duration::Duration(int32_t, uint32_t)’
[22.569s]    40 |   Duration(int32_t seconds, uint32_t nanoseconds);
[22.570s]       |   ^~~~~~~~
[22.570s] /opt/ros/jazzy/include/rclcpp/rclcpp/duration.hpp:40:3: note:   candidate expects 2 arguments, 1 provided
[22.595s] /home/neha/ros2_ws/src/semnav_migration/src/navigation.cpp:162:38: error: ‘node_ptr’ was not declared in this scope; did you mean ‘mode_t’?
[22.596s]   162 |                         rclcpp::spin(node_ptr);
[22.596s]       |                                      ^~~~~~~~
[22.596s]       |                                      mode_t
[22.649s] /home/neha/ros2_ws/src/semnav_migration/src/navigation.cpp: In member function ‘void NavigationNode::publish_twist(double, double)’:
[22.649s] /home/neha/ros2_ws/src/semnav_migration/src/navigation.cpp:169:25: error: ‘pub_twist_’ was not declared in this scope; did you mean ‘publish_twist’?
[22.649s]   169 |                         pub_twist_.publish(commandTwist);
[22.649s]       |                         ^~~~~~~~~~
[22.650s]       |                         publish_twist
[22.650s] /home/neha/ros2_ws/src/semnav_migration/src/navigation.cpp: In member function ‘void NavigationNode::publish_behavior_id(uint16_t)’:
[22.650s] /home/neha/ros2_ws/src/semnav_migration/src/navigation.cpp:174:13: error: ‘example_interfaces’ has not been declared
[22.650s]   174 |             example_interfaces::msg::UInt32 commandId;
[22.651s]       |             ^~~~~~~~~~~~~~~~~~
[22.697s] /home/neha/ros2_ws/src/semnav_migration/src/navigation.cpp:175:25: error: ‘commandId’ was not declared in this scope
[22.697s]   175 |                         commandId.data = BehaviorIdCmd;
[22.698s]       |                         ^~~~~~~~~
[22.708s] /home/neha/ros2_ws/src/semnav_migration/src/navigation_semantic.cpp:281:123: error: ‘target_nominal_1_rotated’ was not declared in this scope
[22.708s]   281 |                                                 GoalVector[0].set<0>(semantic_map_data->objects[i].pose.pose.position.x + target_nominal_1_rotated.getX());
[22.708s]       |                                                                                                                           ^~~~~~~~~~~~~~~~~~~~~~~~
[22.780s] /home/neha/ros2_ws/src/semnav_migration/src/navigation.cpp:176:25: error: ‘pub_behaviorID_’ was not declared in this scope; did you mean ‘pub_behaviorID_topic_’?
[22.781s]   176 |                         pub_behaviorID_.publish(commandId);
[22.781s]       |                         ^~~~~~~~~~~~~~~
[22.781s]       |                         pub_behaviorID_topic_
[22.783s] /home/neha/ros2_ws/src/semnav_migration/src/navigation.cpp: In member function ‘void NavigationNode::publish_behavior_mode(uint16_t)’:
[22.784s] /home/neha/ros2_ws/src/semnav_migration/src/navigation.cpp:181:13: error: ‘example_interfaces’ has not been declared
[22.784s]   181 |             example_interfaces::msg::UInt32 commandMode;
[22.784s]       |             ^~~~~~~~~~~~~~~~~~
[22.841s] /home/neha/ros2_ws/src/semnav_migration/src/navigation.cpp:182:25: error: ‘commandMode’ was not declared in this scope
[22.842s]   182 |                         commandMode.data = BehaviorModeCmd;
[22.842s]       |                         ^~~~~~~~~~~
[22.867s] /home/neha/ros2_ws/src/semnav_migration/src/navigation_semantic.cpp:283:123: error: ‘target_nominal_2_rotated’ was not declared in this scope
[22.868s]   283 |                                                 GoalVector[1].set<0>(semantic_map_data->objects[i].pose.pose.position.x + target_nominal_2_rotated.getX());
[22.868s]       |                                                                                                                           ^~~~~~~~~~~~~~~~~~~~~~~~
[22.943s] /home/neha/ros2_ws/src/semnav_migration/src/navigation.cpp:183:25: error: ‘pub_behaviorMode_’ was not declared in this scope; did you mean ‘pub_behaviorMode_topic_’?
[22.943s]   183 |                         pub_behaviorMode_.publish(commandMode);
[22.943s]       |                         ^~~~~~~~~~~~~~~~~
[22.943s]       |                         pub_behaviorMode_topic_
[22.975s] /home/neha/ros2_ws/src/semnav_migration/src/navigation_semantic.cpp:317:49: error: ‘ROS_ERROR_STREAM’ was not declared in this scope; did you mean ‘RCLCPP_ERROR_STREAM’?
[22.976s]   317 |                                                 ROS_ERROR_STREAM("Goal blocked by object");
[22.976s]       |                                                 ^~~~~~~~~~~~~~~~
[22.976s]       |                                                 RCLCPP_ERROR_STREAM
[22.981s] /home/neha/ros2_ws/src/semnav_migration/src/navigation_semantic.cpp:365:85: error: ‘ros’ has not been declared
[22.981s]   365 |                                 ROS_WARN_STREAM("[Navigation] Updated trees in " << ros::Time::now().toSec()-start_time << " seconds.");
[22.981s]       |                                                                                     ^~~
[23.072s] /home/neha/ros2_ws/src/semnav_migration/src/navigation.cpp: In member function ‘void NavigationNode::control_callback(const sensor_msgs::msg::LaserScan_<std::allocator<void> >::ConstPtr&, const nav_msgs::msg::Odometry_<std::allocator<void> >::ConstPtr&)’:
[23.072s] /home/neha/ros2_ws/src/semnav_migration/src/navigation.cpp:366:33: error: ‘listener_’ was not declared in this scope
[23.072s]   366 |                                 listener_.waitForTransform(world_frame_id_, odom_frame_id_, rclcpp::Time(0), rclcpp::Duration(1.0));
[23.072s]       |                                 ^~~~~~~~~
[23.073s] /home/neha/ros2_ws/src/semnav_migration/src/navigation.cpp:366:130: error: no matching function for call to ‘rclcpp::Duration::Duration(double)’
[23.073s]   366 |                                 listener_.waitForTransform(world_frame_id_, odom_frame_id_, rclcpp::Time(0), rclcpp::Duration(1.0));
[23.073s]       |                                                                                                                                  ^
[23.075s] /opt/ros/jazzy/include/rclcpp/rclcpp/duration.hpp:49:3: note: candidate: ‘template<class Rep, class Period> rclcpp::Duration::Duration(const std::chrono::duration<_Rep1, _Period1>&)’
[23.075s]    49 |   Duration(const std::chrono::duration<Rep, Period> & duration)  // NOLINT(runtime/explicit)
[23.075s]       |   ^~~~~~~~
[23.075s] /opt/ros/jazzy/include/rclcpp/rclcpp/duration.hpp:49:3: note:   template argument deduction/substitution failed:
[23.075s] /home/neha/ros2_ws/src/semnav_migration/src/navigation.cpp:366:130: note:   mismatched types ‘const std::chrono::duration<_Rep1, _Period1>’ and ‘double’
[23.077s]   366 |                                 listener_.waitForTransform(world_frame_id_, odom_frame_id_, rclcpp::Time(0), rclcpp::Duration(1.0));
[23.078s]       |                                                                                                                                  ^
[23.078s] /opt/ros/jazzy/include/rclcpp/rclcpp/duration.hpp:159:3: note: candidate: ‘rclcpp::Duration::Duration()’
[23.078s]   159 |   Duration() = default;
[23.078s]       |   ^~~~~~~~
[23.078s] /opt/ros/jazzy/include/rclcpp/rclcpp/duration.hpp:159:3: note:   candidate expects 0 arguments, 1 provided
[23.080s] /opt/ros/jazzy/include/rclcpp/rclcpp/duration.hpp:62:3: note: candidate: ‘rclcpp::Duration::Duration(const rclcpp::Duration&)’
[23.081s]    62 |   Duration(const Duration & rhs);
[23.081s]       |   ^~~~~~~~
[23.081s] /opt/ros/jazzy/include/rclcpp/rclcpp/duration.hpp:62:29: note:   no known conversion for argument 1 from ‘double’ to ‘const rclcpp::Duration&’
[23.081s]    62 |   Duration(const Duration & rhs);
[23.081s]       |            ~~~~~~~~~~~~~~~~~^~~
[23.081s] /opt/ros/jazzy/include/rclcpp/rclcpp/duration.hpp:60:12: note: candidate: ‘rclcpp::Duration::Duration(const rcl_duration_t&)’
[23.081s]    60 |   explicit Duration(const rcl_duration_t & duration);
[23.082s]       |            ^~~~~~~~
[23.082s] /opt/ros/jazzy/include/rclcpp/rclcpp/duration.hpp:60:44: note:   no known conversion for argument 1 from ‘double’ to ‘const rcl_duration_t&’ {aka ‘const rcl_duration_s&’}
[23.082s]    60 |   explicit Duration(const rcl_duration_t & duration);
[23.082s]       |                     ~~~~~~~~~~~~~~~~~~~~~~~^~~~~~~~
[23.082s] /opt/ros/jazzy/include/rclcpp/rclcpp/duration.hpp:54:3: note: candidate: ‘rclcpp::Duration::Duration(const builtin_interfaces::msg::Duration&)’
[23.084s]    54 |   Duration(const builtin_interfaces::msg::Duration & duration_msg);  // NOLINT(runtime/explicit)
[23.085s]       |   ^~~~~~~~
[23.085s] /opt/ros/jazzy/include/rclcpp/rclcpp/duration.hpp:54:54: note:   no known conversion for argument 1 from ‘double’ to ‘const builtin_interfaces::msg::Duration&’ {aka ‘const builtin_interfaces::msg::Duration_<std::allocator<void> >&’}
[23.085s]    54 |   Duration(const builtin_interfaces::msg::Duration & duration_msg);  // NOLINT(runtime/explicit)
[23.085s]       |            ~~~~~~~~~~~~~~~~~~~~~~~~~~~~~~~~~~~~~~~~~~^~~~~~~~~~~~
[23.085s] /opt/ros/jazzy/include/rclcpp/rclcpp/duration.hpp:43:12: note: candidate: ‘rclcpp::Duration::Duration(std::chrono::nanoseconds)’
[23.085s]    43 |   explicit Duration(std::chrono::nanoseconds nanoseconds);
[23.085s]       |            ^~~~~~~~
[23.086s] /opt/ros/jazzy/include/rclcpp/rclcpp/duration.hpp:43:46: note:   no known conversion for argument 1 from ‘double’ to ‘std::chrono::nanoseconds’ {aka ‘std::chrono::duration<long int, std::ratio<1, 1000000000> >’}
[23.086s]    43 |   explicit Duration(std::chrono::nanoseconds nanoseconds);
[23.086s]       |                     ~~~~~~~~~~~~~~~~~~~~~~~~~^~~~~~~~~~~
[23.086s] /opt/ros/jazzy/include/rclcpp/rclcpp/duration.hpp:40:3: note: candidate: ‘rclcpp::Duration::Duration(int32_t, uint32_t)’
[23.086s]    40 |   Duration(int32_t seconds, uint32_t nanoseconds);
[23.088s]       |   ^~~~~~~~
[23.089s] /opt/ros/jazzy/include/rclcpp/rclcpp/duration.hpp:40:3: note:   candidate expects 2 arguments, 1 provided
[23.089s] /home/neha/ros2_ws/src/semnav_migration/src/navigation_semantic.cpp:365:33: error: ‘ROS_WARN_STREAM’ was not declared in this scope; did you mean ‘RCLCPP_WARN_STREAM’?
[23.089s]   365 |                                 ROS_WARN_STREAM("[Navigation] Updated trees in " << ros::Time::now().toSec()-start_time << " seconds.");
[23.089s]       |                                 ^~~~~~~~~~~~~~~
[23.089s]       |                                 RCLCPP_WARN_STREAM
[23.089s] /home/neha/ros2_ws/src/semnav_migration/src/navigation_semantic.cpp:368:57: error: ‘ros’ has not been declared
[23.089s]   368 |                                 DiffeoTreeUpdateTime_ = ros::Time::now().toSec();
[23.090s]       |                                                         ^~~
[23.090s] /home/neha/ros2_ws/src/semnav_migration/src/navigation_semantic.cpp: In member function ‘void SemanticNavigationNode::control_callback(const sensor_msgs::msg::LaserScan_<std::allocator<void> >::ConstPtr&, const nav_msgs::msg::Odometry_<std::allocator<void> >::ConstPtr&)’:
[23.090s] /home/neha/ros2_ws/src/semnav_migration/src/navigation_semantic.cpp:396:46: error: ‘ros’ has not been declared
[23.090s]   396 |                         double before_time = ros::Time::now().toSec();
[23.090s]       |                                              ^~~
[23.091s] /home/neha/ros2_ws/src/semnav_migration/src/navigation.cpp:396:42: error: could not convert ‘lidar_data’ from ‘shared_ptr<LaserScan_<[...]>>’ to ‘shared_ptr<LaserScan_<[...]>>’
[23.091s]   396 |                         constructLIDAR2D(lidar_data, CutoffRange_, AllowableRange_, RobotPitch_, &LIDAR);
[23.091s]       |                                          ^~~~~~~~~~
[23.091s]       |                                          |
[23.091s]       |                                          shared_ptr<LaserScan_<[...]>>
[23.091s] /home/neha/ros2_ws/src/semnav_migration/src/navigation_semantic.cpp:399:40: error: ‘PoseStamped’ is not a member of ‘geometry_msgs’; did you mean ‘geometry_msgs::msg::PoseStamped’?
[23.091s]   399 |                         geometry_msgs::PoseStamped odomPose, mapPose;
[23.091s]       |                                        ^~~~~~~~~~~
[23.092s] In file included from /home/neha/ros2_ws/src/install/object_pose_interface_msgs/include/object_pose_interface_msgs/object_pose_interface_msgs/msg/detail/semantic_map_object__struct.hpp:28,
[23.092s]                  from /home/neha/ros2_ws/src/install/object_pose_interface_msgs/include/object_pose_interface_msgs/object_pose_interface_msgs/msg/detail/semantic_map_object_array__struct.hpp:25,
[23.092s]                  from /home/neha/ros2_ws/src/install/object_pose_interface_msgs/include/object_pose_interface_msgs/object_pose_interface_msgs/msg/semantic_map_object_array.hpp:7,
[23.092s]                  from /home/neha/ros2_ws/src/semnav_migration/src/navigation_semantic.cpp:26:
[23.092s] /opt/ros/jazzy/include/geometry_msgs/geometry_msgs/msg/detail/pose_stamped__struct.hpp:138:7: note: ‘geometry_msgs::msg::PoseStamped’ declared here
[23.094s]   138 | using PoseStamped =
[23.095s]       |       ^~~~~~~~~~~
[23.109s] /home/neha/ros2_ws/src/semnav_migration/src/navigation.cpp:570:53: error: no matching function for call to ‘rclcpp::Duration::Duration(double)’
[23.109s]   570 |                                 rclcpp::Duration(5.0).sleep();
[23.109s]       |                                                     ^
[23.109s] /opt/ros/jazzy/include/rclcpp/rclcpp/duration.hpp:49:3: note: candidate: ‘template<class Rep, class Period> rclcpp::Duration::Duration(const std::chrono::duration<_Rep1, _Period1>&)’
[23.109s]    49 |   Duration(const std::chrono::duration<Rep, Period> & duration)  // NOLINT(runtime/explicit)
[23.110s]       |   ^~~~~~~~
[23.110s] /opt/ros/jazzy/include/rclcpp/rclcpp/duration.hpp:49:3: note:   template argument deduction/substitution failed:
[23.110s] /home/neha/ros2_ws/src/semnav_migration/src/navigation.cpp:570:53: note:   mismatched types ‘const std::chrono::duration<_Rep1, _Period1>’ and ‘double’
[23.110s]   570 |                                 rclcpp::Duration(5.0).sleep();
[23.110s]       |                                                     ^
[23.111s] /opt/ros/jazzy/include/rclcpp/rclcpp/duration.hpp:159:3: note: candidate: ‘rclcpp::Duration::Duration()’
[23.111s]   159 |   Duration() = default;
[23.111s]       |   ^~~~~~~~
[23.111s] /opt/ros/jazzy/include/rclcpp/rclcpp/duration.hpp:159:3: note:   candidate expects 0 arguments, 1 provided
[23.114s] /opt/ros/jazzy/include/rclcpp/rclcpp/duration.hpp:62:3: note: candidate: ‘rclcpp::Duration::Duration(const rclcpp::Duration&)’
[23.114s]    62 |   Duration(const Duration & rhs);
[23.114s]       |   ^~~~~~~~
[23.114s] /opt/ros/jazzy/include/rclcpp/rclcpp/duration.hpp:62:29: note:   no known conversion for argument 1 from ‘double’ to ‘const rclcpp::Duration&’
[23.114s]    62 |   Duration(const Duration & rhs);
[23.114s]       |            ~~~~~~~~~~~~~~~~~^~~
[23.115s] /opt/ros/jazzy/include/rclcpp/rclcpp/duration.hpp:60:12: note: candidate: ‘rclcpp::Duration::Duration(const rcl_duration_t&)’
[23.115s]    60 |   explicit Duration(const rcl_duration_t & duration);
[23.115s]       |            ^~~~~~~~
[23.115s] /opt/ros/jazzy/include/rclcpp/rclcpp/duration.hpp:60:44: note:   no known conversion for argument 1 from ‘double’ to ‘const rcl_duration_t&’ {aka ‘const rcl_duration_s&’}
[23.115s]    60 |   explicit Duration(const rcl_duration_t & duration);
[23.115s]       |                     ~~~~~~~~~~~~~~~~~~~~~~~^~~~~~~~
[23.115s] /opt/ros/jazzy/include/rclcpp/rclcpp/duration.hpp:54:3: note: candidate: ‘rclcpp::Duration::Duration(const builtin_interfaces::msg::Duration&)’
[23.115s]    54 |   Duration(const builtin_interfaces::msg::Duration & duration_msg);  // NOLINT(runtime/explicit)
[23.116s]       |   ^~~~~~~~
[23.116s] /opt/ros/jazzy/include/rclcpp/rclcpp/duration.hpp:54:54: note:   no known conversion for argument 1 from ‘double’ to ‘const builtin_interfaces::msg::Duration&’ {aka ‘const builtin_interfaces::msg::Duration_<std::allocator<void> >&’}
[23.116s]    54 |   Duration(const builtin_interfaces::msg::Duration & duration_msg);  // NOLINT(runtime/explicit)
[23.116s]       |            ~~~~~~~~~~~~~~~~~~~~~~~~~~~~~~~~~~~~~~~~~~^~~~~~~~~~~~
[23.116s] /opt/ros/jazzy/include/rclcpp/rclcpp/duration.hpp:43:12: note: candidate: ‘rclcpp::Duration::Duration(std::chrono::nanoseconds)’
[23.116s]    43 |   explicit Duration(std::chrono::nanoseconds nanoseconds);
[23.116s]       |            ^~~~~~~~
[23.116s] /opt/ros/jazzy/include/rclcpp/rclcpp/duration.hpp:43:46: note:   no known conversion for argument 1 from ‘double’ to ‘std::chrono::nanoseconds’ {aka ‘std::chrono::duration<long int, std::ratio<1, 1000000000> >’}
[23.117s]    43 |   explicit Duration(std::chrono::nanoseconds nanoseconds);
[23.117s]       |                     ~~~~~~~~~~~~~~~~~~~~~~~~~^~~~~~~~~~~
[23.117s] /opt/ros/jazzy/include/rclcpp/rclcpp/duration.hpp:40:3: note: candidate: ‘rclcpp::Duration::Duration(int32_t, uint32_t)’
[23.117s]    40 |   Duration(int32_t seconds, uint32_t nanoseconds);
[23.117s]       |   ^~~~~~~~
[23.119s] /opt/ros/jazzy/include/rclcpp/rclcpp/duration.hpp:40:3: note:   candidate expects 2 arguments, 1 provided
[23.129s] /home/neha/ros2_ws/src/semnav_migration/src/navigation_semantic.cpp:400:25: error: ‘odomPose’ was not declared in this scope
[23.130s]   400 |                         odomPose.header.stamp = ros::Time(0);
[23.130s]       |                         ^~~~~~~~
[23.130s] /home/neha/ros2_ws/src/semnav_migration/src/navigation_semantic.cpp:400:49: error: ‘ros’ has not been declared
[23.130s]   400 |                         odomPose.header.stamp = ros::Time(0);
[23.130s]       |                                                 ^~~
[23.182s] /home/neha/ros2_ws/src/semnav_migration/src/navigation_semantic.cpp:404:33: error: ‘listener_’ was not declared in this scope
[23.182s]   404 |                                 listener_.waitForTransform(world_frame_id_, odom_frame_id_, ros::Time(0), ros::Duration(1.0));
[23.182s]       |                                 ^~~~~~~~~
[23.183s] /home/neha/ros2_ws/src/semnav_migration/src/navigation_semantic.cpp:404:93: error: ‘ros’ has not been declared
[23.183s]   404 |                                 listener_.waitForTransform(world_frame_id_, odom_frame_id_, ros::Time(0), ros::Duration(1.0));
[23.183s]       |                                                                                             ^~~
[23.183s] /home/neha/ros2_ws/src/semnav_migration/src/navigation_semantic.cpp:404:107: error: ‘ros’ has not been declared
[23.183s]   404 |                                 listener_.waitForTransform(world_frame_id_, odom_frame_id_, ros::Time(0), ros::Duration(1.0));
[23.183s]       |                                                                                                           ^~~
[23.222s] /home/neha/ros2_ws/src/semnav_migration/src/navigation_semantic.cpp:405:84: error: ‘mapPose’ was not declared in this scope
[23.222s]   405 |                                 listener_.transformPose(world_frame_id_, odomPose, mapPose);
[23.222s]       |                                                                                    ^~~~~~~
[23.228s] /home/neha/ros2_ws/src/semnav_migration/src/navigation_semantic.cpp:406:34: error: ‘tf’ does not name a type; did you mean ‘tm’?
[23.228s]   406 |                         } catch (tf::TransformException &ex) {
[23.228s]       |                                  ^~
[23.228s]       |                                  tm
[23.229s] /home/neha/ros2_ws/src/semnav_migration/src/navigation_semantic.cpp:406:57: error: expected unqualified-id before ‘&’ token
[23.229s]   406 |                         } catch (tf::TransformException &ex) {
[23.229s]       |                                                         ^
[23.229s] /home/neha/ros2_ws/src/semnav_migration/src/navigation_semantic.cpp:406:57: error: expected ‘)’ before ‘&’ token
[23.229s] /home/neha/ros2_ws/src/semnav_migration/src/navigation_semantic.cpp:406:33: note: to match this ‘(’
[23.229s]   406 |                         } catch (tf::TransformException &ex) {
[23.229s]       |                                 ^
[23.229s] /home/neha/ros2_ws/src/semnav_migration/src/navigation_semantic.cpp:406:57: error: expected ‘{’ before ‘&’ token
[23.230s]   406 |                         } catch (tf::TransformException &ex) {
[23.230s]       |                                                         ^
[23.265s] /home/neha/ros2_ws/src/semnav_migration/src/navigation_semantic.cpp:406:58: error: ‘ex’ was not declared in this scope; did you mean ‘exp’?
[23.266s]   406 |                         } catch (tf::TransformException &ex) {
[23.266s]       |                                                          ^~
[23.266s]       |                                                          exp
[23.266s] /home/neha/ros2_ws/src/semnav_migration/src/navigation_semantic.cpp:412:25: error: ‘tf’ has not been declared
[23.266s]   412 |                         tf::Quaternion rotation = tf::Quaternion(mapPose.pose.orientation.x,
[23.266s]       |                         ^~
[23.266s] /home/neha/ros2_ws/src/semnav_migration/src/navigation_semantic.cpp:416:25: error: ‘tf’ has not been declared
[23.267s]   416 |                         tf::Matrix3x3 m(rotation);
[23.267s]       |                         ^~
[23.299s] /home/neha/ros2_ws/src/semnav_migration/src/navigation_semantic.cpp:418:25: error: ‘m’ was not declared in this scope; did you mean ‘tm’?
[23.300s]   418 |                         m.getRPY(roll, pitch, yaw);
[23.300s]       |                         ^
[23.300s]       |                         tm
[23.340s] /home/neha/ros2_ws/src/semnav_migration/src/navigation_semantic.cpp:419:51: error: ‘mapPose’ was not declared in this scope
[23.340s]   419 |                         double x_robot_position = mapPose.pose.position.x;
[23.340s]       |                                                   ^~~~~~~
[23.349s] /home/neha/ros2_ws/src/semnav_migration/src/navigation_semantic.cpp:432:42: error: could not convert ‘lidar_data’ from ‘shared_ptr<LaserScan_<[...]>>’ to ‘shared_ptr<LaserScan_<[...]>>’
[23.350s]   432 |                         constructLIDAR2D(lidar_data, CutoffRange_, AllowableRange_, RobotPitch_, &LIDAR);
[23.350s]       |                                          ^~~~~~~~~~
[23.350s]       |                                          |
[23.350s]       |                                          shared_ptr<LaserScan_<[...]>>
[23.367s] /home/neha/ros2_ws/src/semnav_migration/src/navigation_semantic.cpp:562:96: error: invalid operands of types ‘const char [53]’ and ‘double’ to binary ‘operator<<’
[23.367s]   562 |                         ROS_WARN_STREAM("[Navigation] Diffeomorphism jacobian determinant is " << MatrixDeterminant(RobotPositionTransformedD) << ", robot position is " << bg::dsv(RobotPosition_) << " and robot positon in model space is " << bg::dsv(RobotPositionTransformedPoint));
[23.367s]       |                                         ~~~~~~~~~~~~~~~~~~~~~~~~~~~~~~~~~~~~~~~~~~~~~~~~~~~~~~ ^~ ~~~~~~~~~~~~~~~~~~~~~~~~~~~~~~~~~~~~~~~~~~~~
[23.367s]       |                                         |                                                                          |
[23.367s]       |                                         const char [53]                                                            double
[23.462s] /home/neha/ros2_ws/src/semnav_migration/src/navigation_semantic.cpp:562:25: error: ‘ROS_WARN_STREAM’ was not declared in this scope; did you mean ‘RCLCPP_WARN_STREAM’?
[23.462s]   562 |                         ROS_WARN_STREAM("[Navigation] Diffeomorphism jacobian determinant is " << MatrixDeterminant(RobotPositionTransformedD) << ", robot position is " << bg::dsv(RobotPosition_) << " and robot positon in model space is " << bg::dsv(RobotPositionTransformedPoint));
[23.462s]       |                         ^~~~~~~~~~~~~~~
[23.462s]       |                         RCLCPP_WARN_STREAM
[23.464s] /home/neha/ros2_ws/src/semnav_migration/src/navigation_semantic.cpp:591:41: error: ‘ros’ has not been declared
[23.464s]   591 |                                         ros::Duration(5.0).sleep();
[23.464s]       |                                         ^~~
[23.473s] /home/neha/ros2_ws/src/semnav_migration/src/navigation_semantic.cpp:616:75: error: invalid operands of types ‘const char [32]’ and ‘double’ to binary ‘operator<<’
[23.474s]   616 |                         ROS_WARN_STREAM("[Navigation] Linear command is " << LinearCmd << " and angular command is " << AngularCmd);
[23.474s]       |                                         ~~~~~~~~~~~~~~~~~~~~~~~~~~~~~~~~~ ^~ ~~~~~~~~~
[23.474s]       |                                         |                                    |
[23.474s]       |                                         const char [32]                      double
[23.474s] /home/neha/ros2_ws/src/semnav_migration/src/navigation_semantic.cpp:617:76: error: invalid operands of types ‘const char [33]’ and ‘int’ to binary ‘operator<<’
[23.474s]   617 |                         ROS_WARN_STREAM("[Navigation] Command update for " << int(localDiffeoTreeArray.size()) << " polygons in " << ros::Time::now().toSec()-before_time << " seconds.");
[23.474s]       |                                         ~~~~~~~~~~~~~~~~~~~~~~~~~~~~~~~~~~ ^~ ~~~~~~~~~~~~~~~~~~~~~~~~~~~~~~~~
[23.475s]       |                                         |                                     |
[23.475s]       |                                         const char [33]                       int
[23.475s] /home/neha/ros2_ws/src/semnav_migration/src/navigation_semantic.cpp:617:134: error: ‘ros’ has not been declared
[23.475s]   617 |                         ROS_WARN_STREAM("[Navigation] Command update for " << int(localDiffeoTreeArray.size()) << " polygons in " << ros::Time::now().toSec()-before_time << " seconds.");
[23.475s]       |                                                                                                                                      ^~~
[23.478s] /home/neha/ros2_ws/src/semnav_migration/src/navigation_semantic.cpp: In function ‘int main(int, char**)’:
[23.478s] /home/neha/ros2_ws/src/semnav_migration/src/navigation_semantic.cpp:698:9: error: ‘ros’ has not been declared
[23.478s]   698 |         ros::init(argc, argv, "navigation_semantic");
[23.478s]       |         ^~~
[23.478s] /home/neha/ros2_ws/src/semnav_migration/src/navigation_semantic.cpp:701:9: error: ‘ros’ has not been declared
[23.478s]   701 |         ros::NodeHandle nh("~");
[23.478s]       |         ^~~
[23.496s] /home/neha/ros2_ws/src/semnav_migration/src/navigation_semantic.cpp:704:56: error: ‘nh’ was not declared in this scope
[23.496s]   704 |         SemanticNavigationNode semanticNavigationNode(&nh);
[23.497s]       |                                                        ^~
[33.253s] gmake[2]: *** [CMakeFiles/navigation_semantic.dir/build.make:76: CMakeFiles/navigation_semantic.dir/src/navigation_semantic.cpp.o] Error 1
[33.253s] gmake[1]: *** [CMakeFiles/Makefile2:207: CMakeFiles/navigation_semantic.dir/all] Error 2
[33.254s] gmake[1]: *** Waiting for unfinished jobs....
[37.400s] gmake[2]: *** [CMakeFiles/navigation.dir/build.make:76: CMakeFiles/navigation.dir/src/navigation.cpp.o] Error 1
[37.400s] gmake[1]: *** [CMakeFiles/Makefile2:181: CMakeFiles/navigation.dir/all] Error 2
[37.401s] gmake: *** [Makefile:146: all] Error 2
[37.404s] Invoked command in '/home/neha/ros2_ws/src/semnav_migration/build/semnav' returned '2': CMAKE_PREFIX_PATH=${CMAKE_PREFIX_PATH}:/opt/ros/jazzy DEBUGINFOD_URLS=https://debuginfod.ubuntu.com /usr/bin/cmake --build /home/neha/ros2_ws/src/semnav_migration/build/semnav -- -j2 -l2
