[0.026s] Invoking command in '/home/neha/ros2_ws/src/semnav_migration/build/semnav': CMAKE_PREFIX_PATH=${CMAKE_PREFIX_PATH}:/opt/ros/jazzy DEBUGINFOD_URLS=https://debuginfod.ubuntu.com /usr/bin/cmake --build /home/neha/ros2_ws/src/semnav_migration/build/semnav -- -j2 -l2
[0.235s] [ 14%] Built target reactive_planner
[0.374s] [ 23%] Building CXX object CMakeFiles/navigation_semantic.dir/src/navigation_semantic.cpp.o
[0.374s] [ 23%] Building CXX object CMakeFiles/navigation.dir/src/navigation.cpp.o
[21.783s] /home/neha/ros2_ws/src/semnav_migration/src/navigation.cpp:45:15: error: ‘NavigationNode::NavigationNode’ has the same name as the class in which it is declared
[21.783s]    45 |         class NavigationNode : public rclcpp::Node {
[21.783s]       |               ^~~~~~~~~~~~~~
[21.784s] /home/neha/ros2_ws/src/semnav_migration/src/navigation.cpp:45:9: error: new types may not be defined in a return type
[21.784s]    45 |         class NavigationNode : public rclcpp::Node {
[21.784s]       |         ^~~~~
[21.785s] /home/neha/ros2_ws/src/semnav_migration/src/navigation.cpp:45:9: note: (perhaps a semicolon is missing after the definition of ‘<type error>’)
[21.785s] /home/neha/ros2_ws/src/semnav_migration/src/navigation.cpp:45:9: error: two or more data types in declaration of ‘publish_twist’
[21.880s] /home/neha/ros2_ws/src/semnav_migration/src/navigation.cpp:241:47: error: ‘object_pose_interface_msgs’ does not name a type
[21.880s]   241 |                 void diffeo_tree_update(const object_pose_interface_msgs::msg::SemanticMapObjectArray::ConstPtr& semantic_map_data) {
[21.880s]       |                                               ^~~~~~~~~~~~~~~~~~~~~~~~~~
[21.880s] /home/neha/ros2_ws/src/semnav_migration/src/navigation.cpp:241:78: error: expected unqualified-id before ‘::’ token
[21.880s]   241 |                 void diffeo_tree_update(const object_pose_interface_msgs::msg::SemanticMapObjectArray::ConstPtr& semantic_map_data) {
[21.881s]       |                                                                              ^~
[21.881s] /home/neha/ros2_ws/src/semnav_migration/src/navigation.cpp:241:78: error: expected ‘)’ before ‘::’ token
[21.881s]   241 |                 void diffeo_tree_update(const object_pose_interface_msgs::msg::SemanticMapObjectArray::ConstPtr& semantic_map_data) {
[21.881s]       |                                        ~                                     ^~
[21.881s]       |                                                                              )
[21.881s] /home/neha/ros2_ws/src/semnav_migration/src/navigation.cpp:241:75: error: expected ‘;’ at end of member declaration
[21.881s]   241 |                 void diffeo_tree_update(const object_pose_interface_msgs::msg::SemanticMapObjectArray::ConstPtr& semantic_map_data) {
[21.882s]       |                                                                           ^~~
[21.882s]       |                                                                              ;
[21.919s] /home/neha/ros2_ws/src/semnav_migration/src/navigation.cpp:241:80: error: ‘SemanticMapObjectArray’ in namespace ‘::’ does not name a type
[21.919s]   241 |                 void diffeo_tree_update(const object_pose_interface_msgs::msg::SemanticMapObjectArray::ConstPtr& semantic_map_data) {
[21.919s]       |                                                                                ^~~~~~~~~~~~~~~~~~~~~~
[21.923s] /home/neha/ros2_ws/src/semnav_migration/src/navigation.cpp:614:17: error: invalid use of template-name ‘rclcpp::Publisher’ without an argument list
[21.923s]   614 |                 rclcpp::Publisher pub_behaviorID_;
[21.923s]       |                 ^~~~~~
[21.923s] /home/neha/ros2_ws/src/semnav_migration/src/navigation.cpp:615:17: error: invalid use of template-name ‘rclcpp::Publisher’ without an argument list
[21.924s]   615 |                 rclcpp::Publisher pub_behaviorMode_;
[21.924s]       |                 ^~~~~~
[21.924s] /home/neha/ros2_ws/src/semnav_migration/src/navigation.cpp:616:17: error: invalid use of template-name ‘rclcpp::Publisher’ without an argument list
[21.924s]   616 |                 rclcpp::Publisher pub_twist_;
[21.924s]       |                 ^~~~~~
[21.924s] /home/neha/ros2_ws/src/semnav_migration/src/navigation.cpp:618:17: error: invalid use of template-name ‘rclcpp::Publisher’ without an argument list
[21.924s]   618 |                 rclcpp::Publisher pub_semantic_map_;
[21.925s]       |                 ^~~~~~
[21.931s] /home/neha/ros2_ws/src/semnav_migration/src/navigation.cpp:662:22: error: ‘TransformListener’ in namespace ‘tf2’ does not name a type
[21.931s]   662 |                 tf2::TransformListener listener_;
[21.931s]       |                      ^~~~~~~~~~~~~~~~~
[21.934s] /home/neha/ros2_ws/src/semnav_migration/src/navigation.cpp: In member function ‘void NavigationNode::publish_behavior_id(uint16_t)’:
[21.934s] /home/neha/ros2_ws/src/semnav_migration/src/navigation.cpp:173:28: error: ‘UInt32’ is not a member of ‘std_msgs::msg’
[21.935s]   173 |             std_msgs::msg::UInt32 commandId;
[21.935s]       |                            ^~~~~~
[21.978s] /home/neha/ros2_ws/src/semnav_migration/src/navigation.cpp:174:25: error: ‘commandId’ was not declared in this scope
[21.978s]   174 |                         commandId.data = BehaviorIdCmd;
[21.978s]       |                         ^~~~~~~~~
[21.984s] /home/neha/ros2_ws/src/semnav_migration/src/navigation.cpp: In member function ‘void NavigationNode::publish_behavior_mode(uint16_t)’:
[21.984s] /home/neha/ros2_ws/src/semnav_migration/src/navigation.cpp:180:28: error: ‘UInt32’ is not a member of ‘std_msgs::msg’
[21.984s]   180 |             std_msgs::msg::UInt32 commandMode;
[21.984s]       |                            ^~~~~~
[21.986s] /home/neha/ros2_ws/src/semnav_migration/src/navigation_semantic.cpp:240:47: error: ‘object_pose_interface_msgs’ does not name a type
[21.986s]   240 |                 void diffeo_tree_update(const object_pose_interface_msgs::msg::SemanticMapObjectArray::ConstPtr& semantic_map_data) {
[21.987s]       |                                               ^~~~~~~~~~~~~~~~~~~~~~~~~~
[21.987s] /home/neha/ros2_ws/src/semnav_migration/src/navigation_semantic.cpp:240:78: error: expected unqualified-id before ‘::’ token
[21.987s]   240 |                 void diffeo_tree_update(const object_pose_interface_msgs::msg::SemanticMapObjectArray::ConstPtr& semantic_map_data) {
[21.987s]       |                                                                              ^~
[21.987s] /home/neha/ros2_ws/src/semnav_migration/src/navigation_semantic.cpp:240:78: error: expected ‘)’ before ‘::’ token
[21.987s]   240 |                 void diffeo_tree_update(const object_pose_interface_msgs::msg::SemanticMapObjectArray::ConstPtr& semantic_map_data) {
[21.987s]       |                                        ~                                     ^~
[21.988s]       |                                                                              )
[21.990s] /home/neha/ros2_ws/src/semnav_migration/src/navigation_semantic.cpp:240:75: error: expected ‘;’ at end of member declaration
[21.990s]   240 |                 void diffeo_tree_update(const object_pose_interface_msgs::msg::SemanticMapObjectArray::ConstPtr& semantic_map_data) {
[21.990s]       |                                                                           ^~~
[21.990s]       |                                                                              ;
[22.027s] /home/neha/ros2_ws/src/semnav_migration/src/navigation_semantic.cpp:240:80: error: ‘SemanticMapObjectArray’ in namespace ‘::’ does not name a type
[22.027s]   240 |                 void diffeo_tree_update(const object_pose_interface_msgs::msg::SemanticMapObjectArray::ConstPtr& semantic_map_data) {
[22.027s]       |                                                                                ^~~~~~~~~~~~~~~~~~~~~~
[22.034s] /home/neha/ros2_ws/src/semnav_migration/src/navigation_semantic.cpp:623:17: error: ‘ros’ does not name a type
[22.034s]   623 |                 ros::NodeHandle nh_;
[22.034s]       |                 ^~~
[22.042s] /home/neha/ros2_ws/src/semnav_migration/src/navigation_semantic.cpp:640:17: error: ‘ros’ does not name a type
[22.042s]   640 |                 ros::Publisher pub_behaviorID_;
[22.042s]       |                 ^~~
[22.045s] /home/neha/ros2_ws/src/semnav_migration/src/navigation.cpp:181:25: error: ‘commandMode’ was not declared in this scope
[22.045s]   181 |                         commandMode.data = BehaviorModeCmd;
[22.045s]       |                         ^~~~~~~~~~~
[22.048s] /home/neha/ros2_ws/src/semnav_migration/src/navigation_semantic.cpp:641:17: error: ‘ros’ does not name a type
[22.048s]   641 |                 ros::Publisher pub_behaviorMode_;
[22.048s]       |                 ^~~
[22.056s] /home/neha/ros2_ws/src/semnav_migration/src/navigation_semantic.cpp:642:17: error: ‘ros’ does not name a type
[22.056s]   642 |                 ros::Publisher pub_twist_;
[22.056s]       |                 ^~~
[22.062s] /home/neha/ros2_ws/src/semnav_migration/src/navigation_semantic.cpp:644:17: error: ‘ros’ does not name a type
[22.062s]   644 |                 ros::Publisher pub_semantic_map_;
[22.062s]       |                 ^~~
[22.080s] /home/neha/ros2_ws/src/semnav_migration/src/navigation_semantic.cpp:690:17: error: ‘tf’ does not name a type; did you mean ‘tm’?
[22.080s]   690 |                 tf::TransformListener listener_;
[22.080s]       |                 ^~
[22.081s]       |                 tm
[22.102s] /home/neha/ros2_ws/src/semnav_migration/src/navigation.cpp: In member function ‘void NavigationNode::control_callback(const sensor_msgs::msg::LaserScan_<std::allocator<void> >::ConstPtr&, const nav_msgs::msg::Odometry_<std::allocator<void> >::ConstPtr&)’:
[22.102s] /home/neha/ros2_ws/src/semnav_migration/src/navigation.cpp:355:60: error: ‘now’ is not a member of ‘rclcpp::Time’
[22.102s]   355 |                         double before_time = rclcpp::Time::now().toSec();
[22.102s]       |                                                            ^~~
[22.108s] /home/neha/ros2_ws/src/semnav_migration/src/navigation.cpp:358:33: error: ‘PoseStamped’ is not a member of ‘geometry_msgs::msg’
[22.108s]   358 |             geometry_msgs::msg::PoseStamped odomPose, mapPose;
[22.108s]       |                                 ^~~~~~~~~~~
[22.150s] /home/neha/ros2_ws/src/semnav_migration/src/navigation.cpp:359:25: error: ‘odomPose’ was not declared in this scope
[22.150s]   359 |                         odomPose.header.stamp = rclcpp::Time(0);
[22.150s]       |                         ^~~~~~~~
[22.197s] /home/neha/ros2_ws/src/semnav_migration/src/navigation_semantic.cpp: In constructor ‘SemanticNavigationNode::SemanticNavigationNode()’:
[22.197s] /home/neha/ros2_ws/src/semnav_migration/src/navigation_semantic.cpp:136:25: error: ‘pub_behaviorID_’ was not declared in this scope; did you mean ‘pub_behaviorID_topic_’?
[22.199s]   136 |                         pub_behaviorID_ = nh_.advertise<std_msgs::UInt32>(pub_behaviorID_topic_, 1, true);
[22.199s]       |                         ^~~~~~~~~~~~~~~
[22.199s]       |                         pub_behaviorID_topic_
[22.199s] /home/neha/ros2_ws/src/semnav_migration/src/navigation.cpp:363:33: error: ‘listener_’ was not declared in this scope
[22.199s]   363 |                                 listener_.waitForTransform(world_frame_id_, odom_frame_id_, rclcpp::Time(0), rclcpp::Duration(1.0));
[22.200s]       |                                 ^~~~~~~~~
[22.200s] /home/neha/ros2_ws/src/semnav_migration/src/navigation.cpp:363:130: error: no matching function for call to ‘rclcpp::Duration::Duration(double)’
[22.200s]   363 |                                 listener_.waitForTransform(world_frame_id_, odom_frame_id_, rclcpp::Time(0), rclcpp::Duration(1.0));
[22.200s]       |                                                                                                                                  ^
[22.200s] In file included from /opt/ros/jazzy/include/rclcpp/rclcpp/time.hpp:24,
[22.201s]                  from /opt/ros/jazzy/include/rclcpp/rclcpp/clock.hpp:24,
[22.201s]                  from /opt/ros/jazzy/include/rclcpp/rclcpp/client.hpp:38,
[22.201s]                  from /opt/ros/jazzy/include/rclcpp/rclcpp/callback_group.hpp:24,
[22.201s]                  from /opt/ros/jazzy/include/rclcpp/rclcpp/any_executable.hpp:20,
[22.201s]                  from /opt/ros/jazzy/include/rclcpp/rclcpp/memory_strategy.hpp:25,
[22.201s]                  from /opt/ros/jazzy/include/rclcpp/rclcpp/memory_strategies.hpp:18,
[22.201s]                  from /opt/ros/jazzy/include/rclcpp/rclcpp/executor_options.hpp:22,
[22.201s]                  from /opt/ros/jazzy/include/rclcpp/rclcpp/executor.hpp:38,
[22.202s]                  from /opt/ros/jazzy/include/rclcpp/rclcpp/executors/multi_threaded_executor.hpp:25,
[22.202s]                  from /opt/ros/jazzy/include/rclcpp/rclcpp/executors.hpp:21,
[22.204s]                  from /opt/ros/jazzy/include/rclcpp/rclcpp/rclcpp.hpp:172,
[22.204s]                  from /home/neha/ros2_ws/src/semnav_migration/include/reactive_planner_lib.h:32,
[22.204s]                  from /home/neha/ros2_ws/src/semnav_migration/src/navigation.cpp:25:
[22.204s] /opt/ros/jazzy/include/rclcpp/rclcpp/duration.hpp:49:3: note: candidate: ‘template<class Rep, class Period> rclcpp::Duration::Duration(const std::chrono::duration<_Rep1, _Period1>&)’
[22.204s]    49 |   Duration(const std::chrono::duration<Rep, Period> & duration)  // NOLINT(runtime/explicit)
[22.205s]       |   ^~~~~~~~
[22.205s] /opt/ros/jazzy/include/rclcpp/rclcpp/duration.hpp:49:3: note:   template argument deduction/substitution failed:
[22.205s] /home/neha/ros2_ws/src/semnav_migration/src/navigation.cpp:363:130: note:   mismatched types ‘const std::chrono::duration<_Rep1, _Period1>’ and ‘double’
[22.205s]   363 |                                 listener_.waitForTransform(world_frame_id_, odom_frame_id_, rclcpp::Time(0), rclcpp::Duration(1.0));
[22.205s]       |                                                                                                                                  ^
[22.205s] /opt/ros/jazzy/include/rclcpp/rclcpp/duration.hpp:159:3: note: candidate: ‘rclcpp::Duration::Duration()’
[22.205s]   159 |   Duration() = default;
[22.206s]       |   ^~~~~~~~
[22.206s] /opt/ros/jazzy/include/rclcpp/rclcpp/duration.hpp:159:3: note:   candidate expects 0 arguments, 1 provided
[22.208s] /opt/ros/jazzy/include/rclcpp/rclcpp/duration.hpp:62:3: note: candidate: ‘rclcpp::Duration::Duration(const rclcpp::Duration&)’
[22.208s]    62 |   Duration(const Duration & rhs);
[22.208s]       |   ^~~~~~~~
[22.208s] /opt/ros/jazzy/include/rclcpp/rclcpp/duration.hpp:62:29: note:   no known conversion for argument 1 from ‘double’ to ‘const rclcpp::Duration&’
[22.208s]    62 |   Duration(const Duration & rhs);
[22.209s]       |            ~~~~~~~~~~~~~~~~~^~~
[22.209s] /opt/ros/jazzy/include/rclcpp/rclcpp/duration.hpp:60:12: note: candidate: ‘rclcpp::Duration::Duration(const rcl_duration_t&)’
[22.209s]    60 |   explicit Duration(const rcl_duration_t & duration);
[22.209s]       |            ^~~~~~~~
[22.209s] /opt/ros/jazzy/include/rclcpp/rclcpp/duration.hpp:60:44: note:   no known conversion for argument 1 from ‘double’ to ‘const rcl_duration_t&’ {aka ‘const rcl_duration_s&’}
[22.209s]    60 |   explicit Duration(const rcl_duration_t & duration);
[22.209s]       |                     ~~~~~~~~~~~~~~~~~~~~~~~^~~~~~~~
[22.209s] /opt/ros/jazzy/include/rclcpp/rclcpp/duration.hpp:54:3: note: candidate: ‘rclcpp::Duration::Duration(const builtin_interfaces::msg::Duration&)’
[22.210s]    54 |   Duration(const builtin_interfaces::msg::Duration & duration_msg);  // NOLINT(runtime/explicit)
[22.210s]       |   ^~~~~~~~
[22.212s] /opt/ros/jazzy/include/rclcpp/rclcpp/duration.hpp:54:54: note:   no known conversion for argument 1 from ‘double’ to ‘const builtin_interfaces::msg::Duration&’ {aka ‘const builtin_interfaces::msg::Duration_<std::allocator<void> >&’}
[22.212s]    54 |   Duration(const builtin_interfaces::msg::Duration & duration_msg);  // NOLINT(runtime/explicit)
[22.212s]       |            ~~~~~~~~~~~~~~~~~~~~~~~~~~~~~~~~~~~~~~~~~~^~~~~~~~~~~~
[22.212s] /opt/ros/jazzy/include/rclcpp/rclcpp/duration.hpp:43:12: note: candidate: ‘rclcpp::Duration::Duration(std::chrono::nanoseconds)’
[22.212s]    43 |   explicit Duration(std::chrono::nanoseconds nanoseconds);
[22.213s]       |            ^~~~~~~~
[22.213s] /opt/ros/jazzy/include/rclcpp/rclcpp/duration.hpp:43:46: note:   no known conversion for argument 1 from ‘double’ to ‘std::chrono::nanoseconds’ {aka ‘std::chrono::duration<long int, std::ratio<1, 1000000000> >’}
[22.213s]    43 |   explicit Duration(std::chrono::nanoseconds nanoseconds);
[22.213s]       |                     ~~~~~~~~~~~~~~~~~~~~~~~~~^~~~~~~~~~~
[22.213s] /opt/ros/jazzy/include/rclcpp/rclcpp/duration.hpp:40:3: note: candidate: ‘rclcpp::Duration::Duration(int32_t, uint32_t)’
[22.213s]    40 |   Duration(int32_t seconds, uint32_t nanoseconds);
[22.213s]       |   ^~~~~~~~
[22.214s] /opt/ros/jazzy/include/rclcpp/rclcpp/duration.hpp:40:3: note:   candidate expects 2 arguments, 1 provided
[22.238s] /home/neha/ros2_ws/src/semnav_migration/src/navigation.cpp:364:84: error: ‘mapPose’ was not declared in this scope
[22.238s]   364 |                                 listener_.transformPose(world_frame_id_, odomPose, mapPose);
[22.238s]       |                                                                                    ^~~~~~~
[22.240s] /home/neha/ros2_ws/src/semnav_migration/src/navigation_semantic.cpp:136:43: error: ‘nh_’ was not declared in this scope
[22.240s]   136 |                         pub_behaviorID_ = nh_.advertise<std_msgs::UInt32>(pub_behaviorID_topic_, 1, true);
[22.240s]       |                                           ^~~
[22.244s] /home/neha/ros2_ws/src/semnav_migration/src/navigation_semantic.cpp:136:67: error: ‘UInt32’ is not a member of ‘std_msgs’
[22.244s]   136 |                         pub_behaviorID_ = nh_.advertise<std_msgs::UInt32>(pub_behaviorID_topic_, 1, true);
[22.244s]       |                                                                   ^~~~~~
[22.282s] /home/neha/ros2_ws/src/semnav_migration/src/navigation.cpp:366:33: error: ‘ROS_ERROR’ was not declared in this scope
[22.282s]   366 |                                 ROS_ERROR("%s",ex.what());
[22.282s]       |                                 ^~~~~~~~~
[22.315s] /home/neha/ros2_ws/src/semnav_migration/src/navigation.cpp:371:68: error: ‘mapPose’ was not declared in this scope
[22.315s]   371 |                         tf2::Quaternion rotation = tf2::Quaternion(mapPose.pose.orientation.x,
[22.315s]       |                                                                    ^~~~~~~
[22.325s] /home/neha/ros2_ws/src/semnav_migration/src/navigation.cpp:393:42: error: could not convert ‘lidar_data’ from ‘shared_ptr<LaserScan_<[...]>>’ to ‘shared_ptr<LaserScan_<[...]>>’
[22.325s]   393 |                         constructLIDAR2D(lidar_data, CutoffRange_, AllowableRange_, RobotPitch_, &LIDAR);
[22.325s]       |                                          ^~~~~~~~~~
[22.325s]       |                                          |
[22.326s]       |                                          shared_ptr<LaserScan_<[...]>>
[22.344s] /home/neha/ros2_ws/src/semnav_migration/src/navigation.cpp:567:53: error: no matching function for call to ‘rclcpp::Duration::Duration(double)’
[22.344s]   567 |                                 rclcpp::Duration(5.0).sleep();
[22.344s]       |                                                     ^
[22.344s] /home/neha/ros2_ws/src/semnav_migration/src/navigation_semantic.cpp:137:25: error: ‘pub_behaviorMode_’ was not declared in this scope; did you mean ‘pub_behaviorMode_topic_’?
[22.345s]   137 |                         pub_behaviorMode_ = nh_.advertise<std_msgs::UInt32>(pub_behaviorMode_topic_, 1, true);
[22.345s]       |                         ^~~~~~~~~~~~~~~~~
[22.345s]       |                         pub_behaviorMode_topic_
[22.345s] /opt/ros/jazzy/include/rclcpp/rclcpp/duration.hpp:49:3: note: candidate: ‘template<class Rep, class Period> rclcpp::Duration::Duration(const std::chrono::duration<_Rep1, _Period1>&)’
[22.345s]    49 |   Duration(const std::chrono::duration<Rep, Period> & duration)  // NOLINT(runtime/explicit)
[22.345s]       |   ^~~~~~~~
[22.345s] /opt/ros/jazzy/include/rclcpp/rclcpp/duration.hpp:49:3: note:   template argument deduction/substitution failed:
[22.345s] /home/neha/ros2_ws/src/semnav_migration/src/navigation.cpp:567:53: note:   mismatched types ‘const std::chrono::duration<_Rep1, _Period1>’ and ‘double’
[22.346s]   567 |                                 rclcpp::Duration(5.0).sleep();
[22.346s]       |                                                     ^
[22.348s] /opt/ros/jazzy/include/rclcpp/rclcpp/duration.hpp:159:3: note: candidate: ‘rclcpp::Duration::Duration()’
[22.348s]   159 |   Duration() = default;
[22.348s]       |   ^~~~~~~~
[22.348s] /opt/ros/jazzy/include/rclcpp/rclcpp/duration.hpp:159:3: note:   candidate expects 0 arguments, 1 provided
[22.348s] /opt/ros/jazzy/include/rclcpp/rclcpp/duration.hpp:62:3: note: candidate: ‘rclcpp::Duration::Duration(const rclcpp::Duration&)’
[22.349s]    62 |   Duration(const Duration & rhs);
[22.349s]       |   ^~~~~~~~
[22.349s] /opt/ros/jazzy/include/rclcpp/rclcpp/duration.hpp:62:29: note:   no known conversion for argument 1 from ‘double’ to ‘const rclcpp::Duration&’
[22.349s]    62 |   Duration(const Duration & rhs);
[22.349s]       |            ~~~~~~~~~~~~~~~~~^~~
[22.349s] /opt/ros/jazzy/include/rclcpp/rclcpp/duration.hpp:60:12: note: candidate: ‘rclcpp::Duration::Duration(const rcl_duration_t&)’
[22.349s]    60 |   explicit Duration(const rcl_duration_t & duration);
[22.349s]       |            ^~~~~~~~
[22.350s] /opt/ros/jazzy/include/rclcpp/rclcpp/duration.hpp:60:44: note:   no known conversion for argument 1 from ‘double’ to ‘const rcl_duration_t&’ {aka ‘const rcl_duration_s&’}
[22.350s]    60 |   explicit Duration(const rcl_duration_t & duration);
[22.352s]       |                     ~~~~~~~~~~~~~~~~~~~~~~~^~~~~~~~
[22.352s] /opt/ros/jazzy/include/rclcpp/rclcpp/duration.hpp:54:3: note: candidate: ‘rclcpp::Duration::Duration(const builtin_interfaces::msg::Duration&)’
[22.352s]    54 |   Duration(const builtin_interfaces::msg::Duration & duration_msg);  // NOLINT(runtime/explicit)
[22.352s]       |   ^~~~~~~~
[22.353s] /opt/ros/jazzy/include/rclcpp/rclcpp/duration.hpp:54:54: note:   no known conversion for argument 1 from ‘double’ to ‘const builtin_interfaces::msg::Duration&’ {aka ‘const builtin_interfaces::msg::Duration_<std::allocator<void> >&’}
[22.353s]    54 |   Duration(const builtin_interfaces::msg::Duration & duration_msg);  // NOLINT(runtime/explicit)
[22.353s]       |            ~~~~~~~~~~~~~~~~~~~~~~~~~~~~~~~~~~~~~~~~~~^~~~~~~~~~~~
[22.353s] /opt/ros/jazzy/include/rclcpp/rclcpp/duration.hpp:43:12: note: candidate: ‘rclcpp::Duration::Duration(std::chrono::nanoseconds)’
[22.353s]    43 |   explicit Duration(std::chrono::nanoseconds nanoseconds);
[22.353s]       |            ^~~~~~~~
[22.353s] /opt/ros/jazzy/include/rclcpp/rclcpp/duration.hpp:43:46: note:   no known conversion for argument 1 from ‘double’ to ‘std::chrono::nanoseconds’ {aka ‘std::chrono::duration<long int, std::ratio<1, 1000000000> >’}
[22.353s]    43 |   explicit Duration(std::chrono::nanoseconds nanoseconds);
[22.354s]       |                     ~~~~~~~~~~~~~~~~~~~~~~~~~^~~~~~~~~~~
[22.354s] /opt/ros/jazzy/include/rclcpp/rclcpp/duration.hpp:40:3: note: candidate: ‘rclcpp::Duration::Duration(int32_t, uint32_t)’
[22.356s]    40 |   Duration(int32_t seconds, uint32_t nanoseconds);
[22.356s]       |   ^~~~~~~~
[22.356s] /opt/ros/jazzy/include/rclcpp/rclcpp/duration.hpp:40:3: note:   candidate expects 2 arguments, 1 provided
[22.356s] /home/neha/ros2_ws/src/semnav_migration/src/navigation_semantic.cpp:137:69: error: ‘UInt32’ is not a member of ‘std_msgs’
[22.357s]   137 |                         pub_behaviorMode_ = nh_.advertise<std_msgs::UInt32>(pub_behaviorMode_topic_, 1, true);
[22.357s]       |                                                                     ^~~~~~
[22.403s] /home/neha/ros2_ws/src/semnav_migration/src/navigation_semantic.cpp:138:25: error: ‘pub_twist_’ was not declared in this scope; did you mean ‘publish_twist’?
[22.403s]   138 |                         pub_twist_ = nh_.advertise<geometry_msgs::msg::Twist>(pub_twist_topic_, 1, true);
[22.403s]       |                         ^~~~~~~~~~
[22.404s]       |                         publish_twist
[22.404s] /home/neha/ros2_ws/src/semnav_migration/src/navigation_semantic.cpp:138:77: error: expected primary-expression before ‘>’ token
[22.404s]   138 |                         pub_twist_ = nh_.advertise<geometry_msgs::msg::Twist>(pub_twist_topic_, 1, true);
[22.404s]       |                                                                             ^
[22.404s] /home/neha/ros2_ws/src/semnav_migration/src/navigation_semantic.cpp:141:42: error: ‘message_filters::msg’ has not been declared
[22.404s]   141 |                         message_filters::msg::Subscriber<sensor_msgs::LaserScan> sub_laser(nh_, sub_laser_topic_, 1);
[22.404s]       |                                          ^~~
[22.411s] /home/neha/ros2_ws/src/semnav_migration/src/navigation_semantic.cpp:141:71: error: ‘LaserScan’ is not a member of ‘sensor_msgs’; did you mean ‘sensor_msgs::msg::LaserScan’?
[22.411s]   141 |                         message_filters::msg::Subscriber<sensor_msgs::LaserScan> sub_laser(nh_, sub_laser_topic_, 1);
[22.411s]       |                                                                       ^~~~~~~~~
[22.411s] In file included from /opt/ros/jazzy/include/sensor_msgs/sensor_msgs/msg/laser_scan.hpp:7,
[22.412s]                  from /home/neha/ros2_ws/src/semnav_migration/include/reactive_planner_lib.h:46,
[22.412s]                  from /home/neha/ros2_ws/src/semnav_migration/src/navigation_semantic.cpp:25:
[22.412s] /opt/ros/jazzy/include/sensor_msgs/sensor_msgs/msg/detail/laser_scan__struct.hpp:250:7: note: ‘sensor_msgs::msg::LaserScan’ declared here
[22.412s]   250 | using LaserScan =
[22.412s]       |       ^~~~~~~~~
[22.436s] /home/neha/ros2_ws/src/semnav_migration/src/navigation.cpp:570:33: error: ‘ROS_WARN_STREAM’ was not declared in this scope; did you mean ‘RCLCPP_WARN_STREAM’?
[22.437s]   570 |                                 ROS_WARN_STREAM("[Navigation] Successfully navigated to goal and stopped...");
[22.437s]       |                                 ^~~~~~~~~~~~~~~
[22.437s]       |                                 RCLCPP_WARN_STREAM
[22.461s] /home/neha/ros2_ws/src/semnav_migration/src/navigation_semantic.cpp:141:82: error: ‘sub_laser’ was not declared in this scope
[22.461s]   141 |                         message_filters::msg::Subscriber<sensor_msgs::LaserScan> sub_laser(nh_, sub_laser_topic_, 1);
[22.461s]       |                                                                                  ^~~~~~~~~
[22.506s] /home/neha/ros2_ws/src/semnav_migration/src/navigation.cpp:580:25: error: ‘publish_twist’ was not declared in this scope; did you mean ‘pub_twist_’?
[22.506s]   580 |                         publish_twist(LinearCmd, AngularCmd);
[22.506s]       |                         ^~~~~~~~~~~~~
[22.506s]       |                         pub_twist_
[22.513s] /home/neha/ros2_ws/src/semnav_migration/src/navigation.cpp:593:75: error: invalid operands of types ‘const char [32]’ and ‘double’ to binary ‘operator<<’
[22.513s]   593 |                         ROS_WARN_STREAM("[Navigation] Linear command is " << LinearCmd << " and angular command is " << AngularCmd);
[22.513s]       |                                         ~~~~~~~~~~~~~~~~~~~~~~~~~~~~~~~~~ ^~ ~~~~~~~~~
[22.513s]       |                                         |                                    |
[22.513s]       |                                         const char [32]                      double
[22.535s] /home/neha/ros2_ws/src/semnav_migration/src/navigation_semantic.cpp:143:94: error: ‘LaserScan’ is not a member of ‘sensor_msgs’; did you mean ‘sensor_msgs::msg::LaserScan’?
[22.535s]   143 |                         typedef message_filters::sync_policies::ApproximateTime<sensor_msgs::LaserScan,nav_msgs::msg::Odometry> SyncPolicy;
[22.535s]       |                                                                                              ^~~~~~~~~
[22.536s] /opt/ros/jazzy/include/sensor_msgs/sensor_msgs/msg/detail/laser_scan__struct.hpp:250:7: note: ‘sensor_msgs::msg::LaserScan’ declared here
[22.536s]   250 | using LaserScan =
[22.536s]       |       ^~~~~~~~~
[22.537s] /home/neha/ros2_ws/src/semnav_migration/src/navigation_semantic.cpp:143:127: error: template argument 1 is invalid
[22.537s]   143 |                         typedef message_filters::sync_policies::ApproximateTime<sensor_msgs::LaserScan,nav_msgs::msg::Odometry> SyncPolicy;
[22.537s]       |                                                                                                                               ^
[22.537s] In file included from /home/neha/ros2_ws/src/semnav_migration/include/reactive_planner_lib.h:44:
[22.537s] /opt/ros/jazzy/include/message_filters/message_filters/synchronizer.h: In instantiation of ‘class message_filters::Synchronizer<int>’:
[22.537s] /home/neha/ros2_ws/src/semnav_migration/src/navigation_semantic.cpp:146:64:   required from here
[22.537s] /opt/ros/jazzy/include/message_filters/message_filters/synchronizer.h:53:7: error: base type ‘int’ fails to be a struct or class type
[22.538s]    53 | class Synchronizer : public noncopyable, public Policy
[22.538s]       |       ^~~~~~~~~~~~
[22.538s] /opt/ros/jazzy/include/message_filters/message_filters/synchronizer.h:56:37: error: ‘int’ is not a class, struct, or union type
[22.538s]    56 |   typedef typename Policy::Messages Messages;
[22.538s]       |                                     ^~~~~~~~
[22.538s] /opt/ros/jazzy/include/message_filters/message_filters/synchronizer.h:57:35: error: ‘int’ is not a class, struct, or union type
[22.538s]    57 |   typedef typename Policy::Events Events;
[22.538s]       |                                   ^~~~~~
[22.539s] /opt/ros/jazzy/include/message_filters/message_filters/synchronizer.h:58:35: error: ‘int’ is not a class, struct, or union type
[22.539s]    58 |   typedef typename Policy::Signal Signal;
[22.539s]       |                                   ^~~~~~
[22.543s] /opt/ros/jazzy/include/message_filters/message_filters/synchronizer.h:60:58: error: ‘int’ is not a class, struct, or union type
[22.543s]    60 |   typedef typename std::tuple_element<0, Messages>::type M0;
[22.543s]       |                                                          ^~
[22.543s] /opt/ros/jazzy/include/message_filters/message_filters/synchronizer.h:61:58: error: ‘int’ is not a class, struct, or union type
[22.544s]    61 |   typedef typename std::tuple_element<1, Messages>::type M1;
[22.544s]       |                                                          ^~
[22.544s] /opt/ros/jazzy/include/message_filters/message_filters/synchronizer.h:62:58: error: ‘int’ is not a class, struct, or union type
[22.544s]    62 |   typedef typename std::tuple_element<2, Messages>::type M2;
[22.544s]       |                                                          ^~
[22.544s] /opt/ros/jazzy/include/message_filters/message_filters/synchronizer.h:63:58: error: ‘int’ is not a class, struct, or union type
[22.544s]    63 |   typedef typename std::tuple_element<3, Messages>::type M3;
[22.544s]       |                                                          ^~
[22.545s] /opt/ros/jazzy/include/message_filters/message_filters/synchronizer.h:64:58: error: ‘int’ is not a class, struct, or union type
[22.545s]    64 |   typedef typename std::tuple_element<4, Messages>::type M4;
[22.547s]       |                                                          ^~
[22.547s] /opt/ros/jazzy/include/message_filters/message_filters/synchronizer.h:65:58: error: ‘int’ is not a class, struct, or union type
[22.547s]    65 |   typedef typename std::tuple_element<5, Messages>::type M5;
[22.548s]       |                                                          ^~
[22.548s] /opt/ros/jazzy/include/message_filters/message_filters/synchronizer.h:66:58: error: ‘int’ is not a class, struct, or union type
[22.548s]    66 |   typedef typename std::tuple_element<6, Messages>::type M6;
[22.548s]       |                                                          ^~
[22.548s] /opt/ros/jazzy/include/message_filters/message_filters/synchronizer.h:67:58: error: ‘int’ is not a class, struct, or union type
[22.548s]    67 |   typedef typename std::tuple_element<7, Messages>::type M7;
[22.548s]       |                                                          ^~
[22.548s] /opt/ros/jazzy/include/message_filters/message_filters/synchronizer.h:68:58: error: ‘int’ is not a class, struct, or union type
[22.549s]    68 |   typedef typename std::tuple_element<8, Messages>::type M8;
[22.549s]       |                                                          ^~
[22.549s] /opt/ros/jazzy/include/message_filters/message_filters/synchronizer.h:71:56: error: ‘int’ is not a class, struct, or union type
[22.549s]    71 |   typedef typename std::tuple_element<0, Events>::type M0Event;
[22.549s]       |                                                        ^~~~~~~
[22.549s] /opt/ros/jazzy/include/message_filters/message_filters/synchronizer.h:72:56: error: ‘int’ is not a class, struct, or union type
[22.549s]    72 |   typedef typename std::tuple_element<1, Events>::type M1Event;
[22.549s]       |                                                        ^~~~~~~
[22.550s] /opt/ros/jazzy/include/message_filters/message_filters/synchronizer.h:73:56: error: ‘int’ is not a class, struct, or union type
[22.550s]    73 |   typedef typename std::tuple_element<2, Events>::type M2Event;
[22.550s]       |                                                        ^~~~~~~
[22.550s] /opt/ros/jazzy/include/message_filters/message_filters/synchronizer.h:74:56: error: ‘int’ is not a class, struct, or union type
[22.550s]    74 |   typedef typename std::tuple_element<3, Events>::type M3Event;
[22.550s]       |                                                        ^~~~~~~
[22.550s] /opt/ros/jazzy/include/message_filters/message_filters/synchronizer.h:75:56: error: ‘int’ is not a class, struct, or union type
[22.550s]    75 |   typedef typename std::tuple_element<4, Events>::type M4Event;
[22.551s]       |                                                        ^~~~~~~
[22.551s] /opt/ros/jazzy/include/message_filters/message_filters/synchronizer.h:76:56: error: ‘int’ is not a class, struct, or union type
[22.553s]    76 |   typedef typename std::tuple_element<5, Events>::type M5Event;
[22.553s]       |                                                        ^~~~~~~
[22.553s] /opt/ros/jazzy/include/message_filters/message_filters/synchronizer.h:77:56: error: ‘int’ is not a class, struct, or union type
[22.553s]    77 |   typedef typename std::tuple_element<6, Events>::type M6Event;
[22.553s]       |                                                        ^~~~~~~
[22.554s] /opt/ros/jazzy/include/message_filters/message_filters/synchronizer.h:78:56: error: ‘int’ is not a class, struct, or union type
[22.554s]    78 |   typedef typename std::tuple_element<7, Events>::type M7Event;
[22.554s]       |                                                        ^~~~~~~
[22.554s] /opt/ros/jazzy/include/message_filters/message_filters/synchronizer.h:79:56: error: ‘int’ is not a class, struct, or union type
[22.554s]    79 |   typedef typename std::tuple_element<8, Events>::type M8Event;
[22.554s]       |                                                        ^~~~~~~
[22.554s] /opt/ros/jazzy/include/message_filters/message_filters/synchronizer.h:325:17: error: ‘int’ is not a class, namespace, or enumeration
[22.555s]   325 |   using Policy::add;
[22.555s]       |                 ^~~
[22.564s] /opt/ros/jazzy/include/message_filters/message_filters/synchronizer.h:328:8: error: ‘int’ is not a class, struct, or union type
[22.565s]   328 |   void add(const std::shared_ptr<typename std::tuple_element<i, Messages>::type const>& msg)
[22.565s]       |        ^~~
[22.566s] /opt/ros/jazzy/include/message_filters/message_filters/synchronizer.h:344:8: error: ‘int’ is not a class, struct, or union type
[22.566s]   344 |   void cb(const typename std::tuple_element<i, Events>::type& evt)
[22.566s]       |        ^~
[22.566s] /home/neha/ros2_ws/src/semnav_migration/src/navigation_semantic.cpp:147:55: error: ‘bind’ is not a member of ‘boost’; did you mean ‘find’?
[22.566s]   147 |                         sync->registerCallback(boost::bind(&SemanticNavigationNode::control_callback, this, _1, _2));
[22.566s]       |                                                       ^~~~
[22.566s]       |                                                       find
[22.567s] /home/neha/ros2_ws/src/semnav_migration/src/navigation_semantic.cpp:147:109: error: ‘_1’ was not declared in this scope
[22.567s]   147 |                         sync->registerCallback(boost::bind(&SemanticNavigationNode::control_callback, this, _1, _2));
[22.567s]       |                                                                                                             ^~
[22.569s] /home/neha/ros2_ws/src/semnav_migration/src/navigation_semantic.cpp:147:109: note: suggested alternatives:
[22.569s] In file included from /usr/include/boost/mpl/aux_/include_preprocessed.hpp:37,
[22.569s]                  from /usr/include/boost/mpl/placeholders.hpp:43,
[22.569s]                  from /usr/include/boost/iterator/iterator_categories.hpp:16,
[22.570s]                  from /usr/include/boost/iterator/iterator_facade.hpp:13,
[22.570s]                  from /usr/include/boost/range/iterator_range_core.hpp:27,
[22.570s]                  from /usr/include/boost/lexical_cast.hpp:48,
[22.570s]                  from /usr/include/boost/multiprecision/detail/number_base.hpp:29,
[22.570s]                  from /usr/include/boost/multiprecision/traits/is_variable_precision.hpp:9,
[22.570s]                  from /usr/include/boost/multiprecision/detail/precision.hpp:9,
[22.570s]                  from /usr/include/boost/multiprecision/number.hpp:11,
[22.570s]                  from /usr/include/boost/multiprecision/cpp_int.hpp:19,
[22.571s]                  from /usr/include/boost/multiprecision/cpp_bin_float.hpp:15,
[22.571s]                  from /usr/include/boost/geometry/core/coordinate_promotion.hpp:16,
[22.573s]                  from /usr/include/boost/geometry/core/radian_access.hpp:30,
[22.573s]                  from /usr/include/boost/geometry/geometry.hpp:50,
[22.573s]                  from /usr/include/boost/geometry.hpp:17,
[22.573s]                  from /home/neha/ros2_ws/src/semnav_migration/include/reactive_planner_lib.h:26:
[22.573s] /usr/include/boost/mpl/aux_/preprocessed/gcc/placeholders.hpp:29:16: note:   ‘mpl_::_1’
[22.574s]    29 | typedef arg<1> _1;
[22.574s]       |                ^~
[22.574s] In file included from /usr/include/boost/numeric/conversion/converter_policies.hpp:13,
[22.574s]                  from /usr/include/boost/numeric/conversion/converter.hpp:14,
[22.574s]                  from /usr/include/boost/numeric/conversion/cast.hpp:33,
[22.574s]                  from /usr/include/boost/geometry/core/radian_access.hpp:26:
[22.574s] /usr/include/c++/13/functional:294:48: note:   ‘std::placeholders::_1’
[22.574s]   294 |     _GLIBCXX_PLACEHOLDER const _Placeholder<1> _1;
[22.575s]       |                                                ^~
[22.575s] /usr/include/boost/mpl/aux_/preprocessed/gcc/placeholders.hpp:29:16: note:   ‘mpl_::_1’
[22.577s]    29 | typedef arg<1> _1;
[22.577s]       |                ^~
[22.577s] In file included from /usr/include/boost/describe/members.hpp:20,
[22.577s]                  from /usr/include/boost/container_hash/is_described_class.hpp:11,
[22.577s]                  from /usr/include/boost/container_hash/hash.hpp:18,
[22.578s]                  from /usr/include/boost/functional/hash.hpp:6,
[22.578s]                  from /usr/include/CGAL/Kernel/hash_functions.h:16,
[22.578s]                  from /usr/include/CGAL/Kernel/global_functions.h:25,
[22.578s]                  from /usr/include/CGAL/Cartesian/Cartesian_base.h:22,
[22.578s]                  from /usr/include/CGAL/Simple_cartesian.h:20,
[22.578s]                  from /usr/include/CGAL/Exact_predicates_inexact_constructions_kernel.h:20,
[22.578s]                  from /home/neha/ros2_ws/src/semnav_migration/include/polygeom_lib.h:32,
[22.579s]                  from /home/neha/ros2_ws/src/semnav_migration/include/reactive_planner_lib.h:50:
[22.579s] /usr/include/boost/mp11/bind.hpp:45:7: note:   ‘boost::mp11::_1’
[22.581s]    45 | using _1 = mp_arg<0>;
[22.581s]       |       ^~
[22.581s] /usr/include/boost/mpl/aux_/preprocessed/gcc/placeholders.hpp:29:16: note:   ‘mpl_::_1’
[22.581s]    29 | typedef arg<1> _1;
[22.581s]       |                ^~
[22.581s] /home/neha/ros2_ws/src/semnav_migration/src/navigation_semantic.cpp:147:113: error: ‘_2’ was not declared in this scope
[22.582s]   147 |                         sync->registerCallback(boost::bind(&SemanticNavigationNode::control_callback, this, _1, _2));
[22.582s]       |                                                                                                                 ^~
[22.582s] /home/neha/ros2_ws/src/semnav_migration/src/navigation_semantic.cpp:147:113: note: suggested alternatives:
[22.582s] /usr/include/boost/mpl/aux_/preprocessed/gcc/placeholders.hpp:42:16: note:   ‘mpl_::_2’
[22.582s]    42 | typedef arg<2> _2;
[22.582s]       |                ^~
[22.582s] /usr/include/c++/13/functional:295:48: note:   ‘std::placeholders::_2’
[22.582s]   295 |     _GLIBCXX_PLACEHOLDER const _Placeholder<2> _2;
[22.583s]       |                                                ^~
[22.583s] /usr/include/boost/mpl/aux_/preprocessed/gcc/placeholders.hpp:42:16: note:   ‘mpl_::_2’
[22.585s]    42 | typedef arg<2> _2;
[22.585s]       |                ^~
[22.585s] /usr/include/boost/mp11/bind.hpp:46:7: note:   ‘boost::mp11::_2’
[22.585s]    46 | using _2 = mp_arg<1>;
[22.585s]       |       ^~
[22.586s] /usr/include/boost/mpl/aux_/preprocessed/gcc/placeholders.hpp:42:16: note:   ‘mpl_::_2’
[22.586s]    42 | typedef arg<2> _2;
[22.586s]       |                ^~
[22.586s] /home/neha/ros2_ws/src/semnav_migration/src/navigation_semantic.cpp:149:25: error: ‘ros’ has not been declared
[22.586s]   149 |                         ros::Subscriber sub_semantic = nh_.subscribe(sub_semantic_topic_, 1, &SemanticNavigationNode::diffeo_tree_update, this);
[22.586s]       |                         ^~~
[22.586s] /home/neha/ros2_ws/src/semnav_migration/src/navigation_semantic.cpp:153:25: error: ‘ros’ has not been declared
[22.586s]   153 |                         ros::Duration(5.0).sleep();
[22.587s]       |                         ^~~
[22.587s] /home/neha/ros2_ws/src/semnav_migration/src/navigation_semantic.cpp:160:25: error: ‘ros’ has not been declared
[22.589s]   160 |                         ros::spin();
[22.589s]       |                         ^~~
[22.613s] /home/neha/ros2_ws/src/semnav_migration/src/navigation.cpp:593:25: error: ‘ROS_WARN_STREAM’ was not declared in this scope; did you mean ‘RCLCPP_WARN_STREAM’?
[22.614s]   593 |                         ROS_WARN_STREAM("[Navigation] Linear command is " << LinearCmd << " and angular command is " << AngularCmd);
[22.614s]       |                         ^~~~~~~~~~~~~~~
[22.616s]       |                         RCLCPP_WARN_STREAM
[22.616s] /home/neha/ros2_ws/src/semnav_migration/src/navigation.cpp:594:76: error: invalid operands of types ‘const char [33]’ and ‘int’ to binary ‘operator<<’
[22.616s]   594 |                         ROS_WARN_STREAM("[Navigation] Command update for " << int(localDiffeoTreeArray.size()) << " polygons in " << rclcpp::Time::now().toSec()-before_time << " seconds.");
[22.616s]       |                                         ~~~~~~~~~~~~~~~~~~~~~~~~~~~~~~~~~~ ^~ ~~~~~~~~~~~~~~~~~~~~~~~~~~~~~~~~
[22.616s]       |                                         |                                     |
[22.617s]       |                                         const char [33]                       int
[22.617s] /home/neha/ros2_ws/src/semnav_migration/src/navigation.cpp:594:148: error: ‘now’ is not a member of ‘rclcpp::Time’
[22.617s]   594 |                         ROS_WARN_STREAM("[Navigation] Command update for " << int(localDiffeoTreeArray.size()) << " polygons in " << rclcpp::Time::now().toSec()-before_time << " seconds.");
[22.617s]       |                                                                                                                                                    ^~~
[22.618s] /home/neha/ros2_ws/src/semnav_migration/src/navigation.cpp: In function ‘int main(int, char**)’:
[22.618s] /home/neha/ros2_ws/src/semnav_migration/src/navigation.cpp:675:42: error: no matching function for call to ‘NavigationNode::NavigationNode(rclcpp::Node*)’
[22.619s]   675 |         NavigationNode navigationNode(&nh);
[22.619s]       |                                          ^
[22.619s] /home/neha/ros2_ws/src/semnav_migration/src/navigation.cpp:41:7: note: candidate: ‘NavigationNode::NavigationNode()’ (deleted)
[22.619s]    41 | class NavigationNode {
[22.619s]       |       ^~~~~~~~~~~~~~
[22.619s] /home/neha/ros2_ws/src/semnav_migration/src/navigation.cpp:41:7: note:   candidate expects 0 arguments, 1 provided
[22.619s] /home/neha/ros2_ws/src/semnav_migration/src/navigation.cpp:41:7: note: candidate: ‘NavigationNode::NavigationNode(const NavigationNode&)’ (deleted)
[22.620s] /home/neha/ros2_ws/src/semnav_migration/src/navigation.cpp:41:7: note:   no known conversion for argument 1 from ‘rclcpp::Node*’ to ‘const NavigationNode&’
[22.620s] /home/neha/ros2_ws/src/semnav_migration/src/navigation.cpp:41:7: note: candidate: ‘NavigationNode::NavigationNode(NavigationNode&&)’ (deleted)
[22.620s] /home/neha/ros2_ws/src/semnav_migration/src/navigation.cpp:41:7: note:   no known conversion for argument 1 from ‘rclcpp::Node*’ to ‘NavigationNode&&’
[22.638s] /home/neha/ros2_ws/src/semnav_migration/src/navigation_semantic.cpp: In member function ‘void SemanticNavigationNode::publish_twist(double, double)’:
[22.638s] /home/neha/ros2_ws/src/semnav_migration/src/navigation_semantic.cpp:167:25: error: ‘pub_twist_’ was not declared in this scope; did you mean ‘publish_twist’?
[22.638s]   167 |                         pub_twist_.publish(commandTwist);
[22.638s]       |                         ^~~~~~~~~~
[22.638s]       |                         publish_twist
[22.641s] /home/neha/ros2_ws/src/semnav_migration/src/navigation_semantic.cpp: In member function ‘void SemanticNavigationNode::publish_behavior_id(uint16_t)’:
[22.641s] /home/neha/ros2_ws/src/semnav_migration/src/navigation_semantic.cpp:172:32: error: ‘UInt32’ is not a member of ‘std_msgs::msg’
[22.641s]   172 |                 std_msgs::msg::UInt32 commandId;
[22.641s]       |                                ^~~~~~
[22.695s] /home/neha/ros2_ws/src/semnav_migration/src/navigation_semantic.cpp:173:25: error: ‘commandId’ was not declared in this scope
[22.695s]   173 |                         commandId.data = BehaviorIdCmd;
[22.695s]       |                         ^~~~~~~~~
[22.782s] /home/neha/ros2_ws/src/semnav_migration/src/navigation_semantic.cpp:174:25: error: ‘pub_behaviorID_’ was not declared in this scope; did you mean ‘pub_behaviorID_topic_’?
[22.782s]   174 |                         pub_behaviorID_.publish(commandId);
[22.782s]       |                         ^~~~~~~~~~~~~~~
[22.783s]       |                         pub_behaviorID_topic_
[22.787s] /home/neha/ros2_ws/src/semnav_migration/src/navigation_semantic.cpp: In member function ‘void SemanticNavigationNode::publish_behavior_mode(uint16_t)’:
[22.787s] /home/neha/ros2_ws/src/semnav_migration/src/navigation_semantic.cpp:179:28: error: ‘UInt32’ is not a member of ‘std_msgs::msg’
[22.787s]   179 |             std_msgs::msg::UInt32 commandMode;
[22.787s]       |                            ^~~~~~
[22.854s] /home/neha/ros2_ws/src/semnav_migration/src/navigation_semantic.cpp:180:25: error: ‘commandMode’ was not declared in this scope
[22.854s]   180 |                         commandMode.data = BehaviorModeCmd;
[22.854s]       |                         ^~~~~~~~~~~
[22.955s] /home/neha/ros2_ws/src/semnav_migration/src/navigation_semantic.cpp:181:25: error: ‘pub_behaviorMode_’ was not declared in this scope; did you mean ‘pub_behaviorMode_topic_’?
[22.955s]   181 |                         pub_behaviorMode_.publish(commandMode);
[22.955s]       |                         ^~~~~~~~~~~~~~~~~
[22.955s]       |                         pub_behaviorMode_topic_
[23.011s] /home/neha/ros2_ws/src/semnav_migration/src/navigation_semantic.cpp: In member function ‘void SemanticNavigationNode::control_callback(const sensor_msgs::msg::LaserScan_<std::allocator<void> >::ConstPtr&, const nav_msgs::msg::Odometry_<std::allocator<void> >::ConstPtr&)’:
[23.011s] /home/neha/ros2_ws/src/semnav_migration/src/navigation_semantic.cpp:395:46: error: ‘ros’ has not been declared
[23.012s]   395 |                         double before_time = ros::Time::now().toSec();
[23.012s]       |                                              ^~~
[23.016s] /home/neha/ros2_ws/src/semnav_migration/src/navigation_semantic.cpp:398:40: error: ‘PoseStamped’ is not a member of ‘geometry_msgs’
[23.016s]   398 |                         geometry_msgs::PoseStamped odomPose, mapPose;
[23.016s]       |                                        ^~~~~~~~~~~
[23.061s] /home/neha/ros2_ws/src/semnav_migration/src/navigation_semantic.cpp:399:25: error: ‘odomPose’ was not declared in this scope
[23.062s]   399 |                         odomPose.header.stamp = ros::Time(0);
[23.062s]       |                         ^~~~~~~~
[23.062s] /home/neha/ros2_ws/src/semnav_migration/src/navigation_semantic.cpp:399:49: error: ‘ros’ has not been declared
[23.062s]   399 |                         odomPose.header.stamp = ros::Time(0);
[23.062s]       |                                                 ^~~
[23.114s] /home/neha/ros2_ws/src/semnav_migration/src/navigation_semantic.cpp:403:33: error: ‘listener_’ was not declared in this scope
[23.115s]   403 |                                 listener_.waitForTransform(world_frame_id_, odom_frame_id_, ros::Time(0), ros::Duration(1.0));
[23.115s]       |                                 ^~~~~~~~~
[23.117s] /home/neha/ros2_ws/src/semnav_migration/src/navigation_semantic.cpp:403:93: error: ‘ros’ has not been declared
[23.117s]   403 |                                 listener_.waitForTransform(world_frame_id_, odom_frame_id_, ros::Time(0), ros::Duration(1.0));
[23.117s]       |                                                                                             ^~~
[23.118s] /home/neha/ros2_ws/src/semnav_migration/src/navigation_semantic.cpp:403:107: error: ‘ros’ has not been declared
[23.118s]   403 |                                 listener_.waitForTransform(world_frame_id_, odom_frame_id_, ros::Time(0), ros::Duration(1.0));
[23.118s]       |                                                                                                           ^~~
[23.154s] /home/neha/ros2_ws/src/semnav_migration/src/navigation_semantic.cpp:404:84: error: ‘mapPose’ was not declared in this scope
[23.155s]   404 |                                 listener_.transformPose(world_frame_id_, odomPose, mapPose);
[23.155s]       |                                                                                    ^~~~~~~
[23.161s] /home/neha/ros2_ws/src/semnav_migration/src/navigation_semantic.cpp:405:34: error: ‘tf’ does not name a type; did you mean ‘tm’?
[23.161s]   405 |                         } catch (tf::TransformException &ex) {
[23.161s]       |                                  ^~
[23.161s]       |                                  tm
[23.161s] /home/neha/ros2_ws/src/semnav_migration/src/navigation_semantic.cpp:405:57: error: expected unqualified-id before ‘&’ token
[23.161s]   405 |                         } catch (tf::TransformException &ex) {
[23.161s]       |                                                         ^
[23.162s] /home/neha/ros2_ws/src/semnav_migration/src/navigation_semantic.cpp:405:57: error: expected ‘)’ before ‘&’ token
[23.162s] /home/neha/ros2_ws/src/semnav_migration/src/navigation_semantic.cpp:405:33: note: to match this ‘(’
[23.162s]   405 |                         } catch (tf::TransformException &ex) {
[23.162s]       |                                 ^
[23.162s] /home/neha/ros2_ws/src/semnav_migration/src/navigation_semantic.cpp:405:57: error: expected ‘{’ before ‘&’ token
[23.162s]   405 |                         } catch (tf::TransformException &ex) {
[23.162s]       |                                                         ^
[23.197s] /home/neha/ros2_ws/src/semnav_migration/src/navigation_semantic.cpp:405:58: error: ‘ex’ was not declared in this scope; did you mean ‘exp’?
[23.197s]   405 |                         } catch (tf::TransformException &ex) {
[23.197s]       |                                                          ^~
[23.197s]       |                                                          exp
[23.198s] /home/neha/ros2_ws/src/semnav_migration/src/navigation_semantic.cpp:411:25: error: ‘tf’ has not been declared
[23.198s]   411 |                         tf::Quaternion rotation = tf::Quaternion(mapPose.pose.orientation.x,
[23.198s]       |                         ^~
[23.198s] /home/neha/ros2_ws/src/semnav_migration/src/navigation_semantic.cpp:415:25: error: ‘tf’ has not been declared
[23.198s]   415 |                         tf::Matrix3x3 m(rotation);
[23.198s]       |                         ^~
[23.231s] /home/neha/ros2_ws/src/semnav_migration/src/navigation_semantic.cpp:417:25: error: ‘m’ was not declared in this scope; did you mean ‘tm’?
[23.231s]   417 |                         m.getRPY(roll, pitch, yaw);
[23.231s]       |                         ^
[23.231s]       |                         tm
[23.274s] /home/neha/ros2_ws/src/semnav_migration/src/navigation_semantic.cpp:418:51: error: ‘mapPose’ was not declared in this scope
[23.274s]   418 |                         double x_robot_position = mapPose.pose.position.x;
[23.274s]       |                                                   ^~~~~~~
[23.283s] /home/neha/ros2_ws/src/semnav_migration/src/navigation_semantic.cpp:431:42: error: could not convert ‘lidar_data’ from ‘shared_ptr<LaserScan_<[...]>>’ to ‘shared_ptr<LaserScan_<[...]>>’
[23.283s]   431 |                         constructLIDAR2D(lidar_data, CutoffRange_, AllowableRange_, RobotPitch_, &LIDAR);
[23.283s]       |                                          ^~~~~~~~~~
[23.284s]       |                                          |
[23.284s]       |                                          shared_ptr<LaserScan_<[...]>>
[23.300s] /home/neha/ros2_ws/src/semnav_migration/src/navigation_semantic.cpp:561:96: error: invalid operands of types ‘const char [53]’ and ‘double’ to binary ‘operator<<’
[23.300s]   561 |                         ROS_WARN_STREAM("[Navigation] Diffeomorphism jacobian determinant is " << MatrixDeterminant(RobotPositionTransformedD) << ", robot position is " << bg::dsv(RobotPosition_) << " and robot positon in model space is " << bg::dsv(RobotPositionTransformedPoint));
[23.300s]       |                                         ~~~~~~~~~~~~~~~~~~~~~~~~~~~~~~~~~~~~~~~~~~~~~~~~~~~~~~ ^~ ~~~~~~~~~~~~~~~~~~~~~~~~~~~~~~~~~~~~~~~~~~~~
[23.300s]       |                                         |                                                                          |
[23.300s]       |                                         const char [53]                                                            double
[23.396s] /home/neha/ros2_ws/src/semnav_migration/src/navigation_semantic.cpp:561:25: error: ‘ROS_WARN_STREAM’ was not declared in this scope; did you mean ‘RCLCPP_WARN_STREAM’?
[23.396s]   561 |                         ROS_WARN_STREAM("[Navigation] Diffeomorphism jacobian determinant is " << MatrixDeterminant(RobotPositionTransformedD) << ", robot position is " << bg::dsv(RobotPosition_) << " and robot positon in model space is " << bg::dsv(RobotPositionTransformedPoint));
[23.396s]       |                         ^~~~~~~~~~~~~~~
[23.396s]       |                         RCLCPP_WARN_STREAM
[23.398s] /home/neha/ros2_ws/src/semnav_migration/src/navigation_semantic.cpp:590:41: error: ‘ros’ has not been declared
[23.398s]   590 |                                         ros::Duration(5.0).sleep();
[23.398s]       |                                         ^~~
[23.407s] /home/neha/ros2_ws/src/semnav_migration/src/navigation_semantic.cpp:615:75: error: invalid operands of types ‘const char [32]’ and ‘double’ to binary ‘operator<<’
[23.407s]   615 |                         ROS_WARN_STREAM("[Navigation] Linear command is " << LinearCmd << " and angular command is " << AngularCmd);
[23.408s]       |                                         ~~~~~~~~~~~~~~~~~~~~~~~~~~~~~~~~~ ^~ ~~~~~~~~~
[23.408s]       |                                         |                                    |
[23.408s]       |                                         const char [32]                      double
[23.408s] /home/neha/ros2_ws/src/semnav_migration/src/navigation_semantic.cpp:616:76: error: invalid operands of types ‘const char [33]’ and ‘int’ to binary ‘operator<<’
[23.408s]   616 |                         ROS_WARN_STREAM("[Navigation] Command update for " << int(localDiffeoTreeArray.size()) << " polygons in " << ros::Time::now().toSec()-before_time << " seconds.");
[23.408s]       |                                         ~~~~~~~~~~~~~~~~~~~~~~~~~~~~~~~~~~ ^~ ~~~~~~~~~~~~~~~~~~~~~~~~~~~~~~~~
[23.411s]       |                                         |                                     |
[23.411s]       |                                         const char [33]                       int
[23.411s] /home/neha/ros2_ws/src/semnav_migration/src/navigation_semantic.cpp:616:134: error: ‘ros’ has not been declared
[23.412s]   616 |                         ROS_WARN_STREAM("[Navigation] Command update for " << int(localDiffeoTreeArray.size()) << " polygons in " << ros::Time::now().toSec()-before_time << " seconds.");
[23.412s]       |                                                                                                                                      ^~~
[23.412s] /home/neha/ros2_ws/src/semnav_migration/src/navigation_semantic.cpp: In function ‘int main(int, char**)’:
[23.412s] /home/neha/ros2_ws/src/semnav_migration/src/navigation_semantic.cpp:697:9: error: ‘ros’ has not been declared
[23.412s]   697 |         ros::init(argc, argv, "navigation_semantic");
[23.412s]       |         ^~~
[23.413s] /home/neha/ros2_ws/src/semnav_migration/src/navigation_semantic.cpp:700:9: error: ‘ros’ has not been declared
[23.413s]   700 |         ros::NodeHandle nh("~");
[23.413s]       |         ^~~
[23.430s] /home/neha/ros2_ws/src/semnav_migration/src/navigation_semantic.cpp:703:56: error: ‘nh’ was not declared in this scope
[23.430s]   703 |         SemanticNavigationNode semanticNavigationNode(&nh);
[23.430s]       |                                                        ^~
[27.065s] gmake[2]: *** [CMakeFiles/navigation.dir/build.make:76: CMakeFiles/navigation.dir/src/navigation.cpp.o] Error 1
[27.065s] gmake[1]: *** [CMakeFiles/Makefile2:181: CMakeFiles/navigation.dir/all] Error 2
[27.066s] gmake[1]: *** Waiting for unfinished jobs....
[30.237s] gmake[2]: *** [CMakeFiles/navigation_semantic.dir/build.make:76: CMakeFiles/navigation_semantic.dir/src/navigation_semantic.cpp.o] Error 1
[30.237s] gmake[1]: *** [CMakeFiles/Makefile2:207: CMakeFiles/navigation_semantic.dir/all] Error 2
[30.237s] gmake: *** [Makefile:146: all] Error 2
[30.240s] Invoked command in '/home/neha/ros2_ws/src/semnav_migration/build/semnav' returned '2': CMAKE_PREFIX_PATH=${CMAKE_PREFIX_PATH}:/opt/ros/jazzy DEBUGINFOD_URLS=https://debuginfod.ubuntu.com /usr/bin/cmake --build /home/neha/ros2_ws/src/semnav_migration/build/semnav -- -j2 -l2
