[0.027s] Invoking command in '/home/neha/ros2_ws/src/semnav_migration/build/semnav': CMAKE_PREFIX_PATH=${CMAKE_PREFIX_PATH}:/opt/ros/jazzy DEBUGINFOD_URLS=https://debuginfod.ubuntu.com /usr/bin/cmake --build /home/neha/ros2_ws/src/semnav_migration/build/semnav -- -j2 -l2
[0.242s] [ 14%] Built target reactive_planner
[0.384s] [ 23%] Building CXX object CMakeFiles/navigation.dir/src/navigation.cpp.o
[0.384s] [ 23%] Building CXX object CMakeFiles/navigation_semantic.dir/src/navigation_semantic.cpp.o
[21.770s] /home/neha/ros2_ws/src/semnav_migration/src/navigation_semantic.cpp:644:50: error: ‘UInt32’ is not a member of ‘std_msgs::msg’; did you mean ‘example_interfaces::msg::UInt32’?
[21.771s]   644 |                 rclcpp::Publisher<std_msgs::msg::UInt32> pub_behaviorID_;
[21.771s]       |                                                  ^~~~~~
[21.771s] In file included from /opt/ros/jazzy/include/example_interfaces/example_interfaces/msg/u_int32.hpp:7,
[21.771s]                  from /home/neha/ros2_ws/src/semnav_migration/include/reactive_planner_lib.h:48,
[21.771s]                  from /home/neha/ros2_ws/src/semnav_migration/src/navigation_semantic.cpp:25:
[21.771s] /opt/ros/jazzy/include/example_interfaces/example_interfaces/msg/detail/u_int32__struct.hpp:125:7: note: ‘example_interfaces::msg::UInt32’ declared here
[21.771s]   125 | using UInt32 =
[21.772s]       |       ^~~~~~
[21.772s] /home/neha/ros2_ws/src/semnav_migration/src/navigation_semantic.cpp:644:56: error: template argument 1 is invalid
[21.774s]   644 |                 rclcpp::Publisher<std_msgs::msg::UInt32> pub_behaviorID_;
[21.774s]       |                                                        ^
[21.776s] /home/neha/ros2_ws/src/semnav_migration/src/navigation_semantic.cpp:645:50: error: ‘UInt32’ is not a member of ‘std_msgs::msg’; did you mean ‘example_interfaces::msg::UInt32’?
[21.776s]   645 |                 rclcpp::Publisher<std_msgs::msg::UInt32> pub_behaviorMode_;
[21.776s]       |                                                  ^~~~~~
[21.777s] /opt/ros/jazzy/include/example_interfaces/example_interfaces/msg/detail/u_int32__struct.hpp:125:7: note: ‘example_interfaces::msg::UInt32’ declared here
[21.777s]   125 | using UInt32 =
[21.777s]       |       ^~~~~~
[21.780s] /home/neha/ros2_ws/src/semnav_migration/src/navigation_semantic.cpp:645:56: error: template argument 1 is invalid
[21.780s]   645 |                 rclcpp::Publisher<std_msgs::msg::UInt32> pub_behaviorMode_;
[21.780s]       |                                                        ^
[21.782s] /home/neha/ros2_ws/src/semnav_migration/src/navigation_semantic.cpp:646:50: error: ‘UInt32’ is not a member of ‘std_msgs::msg’; did you mean ‘example_interfaces::msg::UInt32’?
[21.782s]   646 |                 rclcpp::Publisher<std_msgs::msg::UInt32> pub_twist_;
[21.782s]       |                                                  ^~~~~~
[21.784s] /opt/ros/jazzy/include/example_interfaces/example_interfaces/msg/detail/u_int32__struct.hpp:125:7: note: ‘example_interfaces::msg::UInt32’ declared here
[21.784s]   125 | using UInt32 =
[21.785s]       |       ^~~~~~
[21.785s] /home/neha/ros2_ws/src/semnav_migration/src/navigation_semantic.cpp:646:56: error: template argument 1 is invalid
[21.785s]   646 |                 rclcpp::Publisher<std_msgs::msg::UInt32> pub_twist_;
[21.785s]       |                                                        ^
[21.785s] /home/neha/ros2_ws/src/semnav_migration/src/navigation_semantic.cpp:648:17: error: invalid use of template-name ‘rclcpp::Publisher’ without an argument list
[21.785s]   648 |                 rclcpp::Publisher pub_semantic_map_;
[21.785s]       |                 ^~~~~~
[21.796s] /home/neha/ros2_ws/src/semnav_migration/src/navigation_semantic.cpp:694:22: error: ‘TransformListener’ in namespace ‘tf2’ does not name a type
[21.796s]   694 |                 tf2::TransformListener listener_;
[21.796s]       |                      ^~~~~~~~~~~~~~~~~
[21.797s] /home/neha/ros2_ws/src/semnav_migration/src/navigation_semantic.cpp: In constructor ‘SemanticNavigationNode::SemanticNavigationNode()’:
[21.797s] /home/neha/ros2_ws/src/semnav_migration/src/navigation_semantic.cpp:46:75: error: no matching function for call to ‘rclcpp::Node::Node()’
[21.798s]    46 |                 SemanticNavigationNode() : Node("semantic_navigation_node")  {
[21.798s]       |                                                                           ^
[21.800s] In file included from /opt/ros/jazzy/include/rclcpp/rclcpp/executors/single_threaded_executor.hpp:28,
[21.801s]                  from /opt/ros/jazzy/include/rclcpp/rclcpp/executors.hpp:22,
[21.801s]                  from /opt/ros/jazzy/include/rclcpp/rclcpp/rclcpp.hpp:172,
[21.801s]                  from /home/neha/ros2_ws/src/semnav_migration/include/reactive_planner_lib.h:32:
[21.801s] /opt/ros/jazzy/include/rclcpp/rclcpp/node.hpp:1629:3: note: candidate: ‘rclcpp::Node::Node(const rclcpp::Node&, const std::string&)’
[21.801s]  1629 |   Node(
[21.801s]       |   ^~~~
[21.801s] /opt/ros/jazzy/include/rclcpp/rclcpp/node.hpp:1629:3: note:   candidate expects 2 arguments, 0 provided
[21.802s] /opt/ros/jazzy/include/rclcpp/rclcpp/node.hpp:103:12: note: candidate: ‘rclcpp::Node::Node(const std::string&, const std::string&, const rclcpp::NodeOptions&)’
[21.802s]   103 |   explicit Node(
[21.804s]       |            ^~~~
[21.804s] /opt/ros/jazzy/include/rclcpp/rclcpp/node.hpp:103:12: note:   candidate expects 3 arguments, 0 provided
[21.804s] /opt/ros/jazzy/include/rclcpp/rclcpp/node.hpp:91:12: note: candidate: ‘rclcpp::Node::Node(const std::string&, const rclcpp::NodeOptions&)’
[21.804s]    91 |   explicit Node(
[21.805s]       |            ^~~~
[21.805s] /opt/ros/jazzy/include/rclcpp/rclcpp/node.hpp:91:12: note:   candidate expects 2 arguments, 0 provided
[21.836s] /home/neha/ros2_ws/src/semnav_migration/src/navigation_semantic.cpp:138:69: error: ‘UInt32’ is not a member of ‘std_msgs::msg’; did you mean ‘example_interfaces::msg::UInt32’?
[21.836s]   138 |             pub_behaviorID_ = this->create_publisher<std_msgs::msg::UInt32>("pub_behaviorID_topic_", 1);
[21.836s]       |                                                                     ^~~~~~
[21.837s] /opt/ros/jazzy/include/example_interfaces/example_interfaces/msg/detail/u_int32__struct.hpp:125:7: note: ‘example_interfaces::msg::UInt32’ declared here
[21.837s]   125 | using UInt32 =
[21.837s]       |       ^~~~~~
[21.838s] /home/neha/ros2_ws/src/semnav_migration/src/navigation_semantic.cpp:138:76: error: no matching function for call to ‘SemanticNavigationNode::create_publisher<<expression error> >(const char [22], int)’
[21.838s]   138 |             pub_behaviorID_ = this->create_publisher<std_msgs::msg::UInt32>("pub_behaviorID_topic_", 1);
[21.838s]       |                               ~~~~~~~~~~~~~~~~~~~~~~~~~~~~~~~~~~~~~~~~~~~~~^~~~~~~~~~~~~~~~~~~~~~~~~~~~
[21.838s] /opt/ros/jazzy/include/rclcpp/rclcpp/node.hpp:197:3: note: candidate: ‘template<class MessageT, class AllocatorT, class PublisherT> std::shared_ptr<PublisherT> rclcpp::Node::create_publisher(const std::string&, const rclcpp::QoS&, const rclcpp::PublisherOptionsWithAllocator<AllocatorT>&)’
[21.838s]   197 |   create_publisher(
[21.838s]       |   ^~~~~~~~~~~~~~~~
[21.839s] /opt/ros/jazzy/include/rclcpp/rclcpp/node.hpp:197:3: note:   template argument deduction/substitution failed:
[21.840s] /home/neha/ros2_ws/src/semnav_migration/src/navigation_semantic.cpp:138:76: error: template argument 1 is invalid
[21.840s]   138 |             pub_behaviorID_ = this->create_publisher<std_msgs::msg::UInt32>("pub_behaviorID_topic_", 1);
[21.840s]       |                               ~~~~~~~~~~~~~~~~~~~~~~~~~~~~~~~~~~~~~~~~~~~~~^~~~~~~~~~~~~~~~~~~~~~~~~~~~
[21.844s] /home/neha/ros2_ws/src/semnav_migration/src/navigation_semantic.cpp:139:71: error: ‘UInt32’ is not a member of ‘std_msgs::msg’; did you mean ‘example_interfaces::msg::UInt32’?
[21.844s]   139 |             pub_behaviorMode_ = this->create_publisher<std_msgs::msg::UInt32>("pub_behaviorMode_topic_", 1);
[21.844s]       |                                                                       ^~~~~~
[21.844s] /opt/ros/jazzy/include/example_interfaces/example_interfaces/msg/detail/u_int32__struct.hpp:125:7: note: ‘example_interfaces::msg::UInt32’ declared here
[21.845s]   125 | using UInt32 =
[21.845s]       |       ^~~~~~
[21.845s] /home/neha/ros2_ws/src/semnav_migration/src/navigation_semantic.cpp:139:78: error: no matching function for call to ‘SemanticNavigationNode::create_publisher<<expression error> >(const char [24], int)’
[21.845s]   139 |             pub_behaviorMode_ = this->create_publisher<std_msgs::msg::UInt32>("pub_behaviorMode_topic_", 1);
[21.846s]       |                                 ~~~~~~~~~~~~~~~~~~~~~~~~~~~~~~~~~~~~~~~~~~~~~^~~~~~~~~~~~~~~~~~~~~~~~~~~~~~
[21.846s] /opt/ros/jazzy/include/rclcpp/rclcpp/node.hpp:197:3: note: candidate: ‘template<class MessageT, class AllocatorT, class PublisherT> std::shared_ptr<PublisherT> rclcpp::Node::create_publisher(const std::string&, const rclcpp::QoS&, const rclcpp::PublisherOptionsWithAllocator<AllocatorT>&)’
[21.846s]   197 |   create_publisher(
[21.846s]       |   ^~~~~~~~~~~~~~~~
[21.847s] /opt/ros/jazzy/include/rclcpp/rclcpp/node.hpp:197:3: note:   template argument deduction/substitution failed:
[21.847s] /home/neha/ros2_ws/src/semnav_migration/src/navigation_semantic.cpp:139:78: error: template argument 1 is invalid
[21.847s]   139 |             pub_behaviorMode_ = this->create_publisher<std_msgs::msg::UInt32>("pub_behaviorMode_topic_", 1);
[21.848s]       |                                 ~~~~~~~~~~~~~~~~~~~~~~~~~~~~~~~~~~~~~~~~~~~~~^~~~~~~~~~~~~~~~~~~~~~~~~~~~~~
[21.852s] /home/neha/ros2_ws/src/semnav_migration/src/navigation_semantic.cpp:140:64: error: ‘UInt32’ is not a member of ‘std_msgs::msg’; did you mean ‘example_interfaces::msg::UInt32’?
[21.852s]   140 |             pub_twist_ = this->create_publisher<std_msgs::msg::UInt32>("pub_twist_topic_", 1);
[21.852s]       |                                                                ^~~~~~
[21.853s] /opt/ros/jazzy/include/example_interfaces/example_interfaces/msg/detail/u_int32__struct.hpp:125:7: note: ‘example_interfaces::msg::UInt32’ declared here
[21.853s]   125 | using UInt32 =
[21.853s]       |       ^~~~~~
[21.853s] /home/neha/ros2_ws/src/semnav_migration/src/navigation_semantic.cpp:140:71: error: no matching function for call to ‘SemanticNavigationNode::create_publisher<<expression error> >(const char [17], int)’
[21.853s]   140 |             pub_twist_ = this->create_publisher<std_msgs::msg::UInt32>("pub_twist_topic_", 1);
[21.854s]       |                          ~~~~~~~~~~~~~~~~~~~~~~~~~~~~~~~~~~~~~~~~~~~~~^~~~~~~~~~~~~~~~~~~~~~~
[21.854s] /opt/ros/jazzy/include/rclcpp/rclcpp/node.hpp:197:3: note: candidate: ‘template<class MessageT, class AllocatorT, class PublisherT> std::shared_ptr<PublisherT> rclcpp::Node::create_publisher(const std::string&, const rclcpp::QoS&, const rclcpp::PublisherOptionsWithAllocator<AllocatorT>&)’
[21.854s]   197 |   create_publisher(
[21.854s]       |   ^~~~~~~~~~~~~~~~
[21.855s] /opt/ros/jazzy/include/rclcpp/rclcpp/node.hpp:197:3: note:   template argument deduction/substitution failed:
[21.855s] /home/neha/ros2_ws/src/semnav_migration/src/navigation_semantic.cpp:140:71: error: template argument 1 is invalid
[21.855s]   140 |             pub_twist_ = this->create_publisher<std_msgs::msg::UInt32>("pub_twist_topic_", 1);
[21.855s]       |                          ~~~~~~~~~~~~~~~~~~~~~~~~~~~~~~~~~~~~~~~~~~~~~^~~~~~~~~~~~~~~~~~~~~~~
[21.861s] /home/neha/ros2_ws/src/semnav_migration/src/navigation.cpp:664:22: error: ‘TransformListener’ in namespace ‘tf2’ does not name a type
[21.861s]   664 |                 tf2::TransformListener listener_;
[21.861s]       |                      ^~~~~~~~~~~~~~~~~
[21.862s] /home/neha/ros2_ws/src/semnav_migration/src/navigation.cpp: In constructor ‘NavigationNode::NavigationNode()’:
[21.862s] /home/neha/ros2_ws/src/semnav_migration/src/navigation.cpp:46:63: error: no matching function for call to ‘rclcpp::Node::Node()’
[21.862s]    46 |         NavigationNode() : Node(std::string("navigation_node")) {
[21.863s]       |                                                               ^
[21.864s] In file included from /opt/ros/jazzy/include/rclcpp/rclcpp/executors/single_threaded_executor.hpp:28,
[21.864s]                  from /opt/ros/jazzy/include/rclcpp/rclcpp/executors.hpp:22,
[21.864s]                  from /opt/ros/jazzy/include/rclcpp/rclcpp/rclcpp.hpp:172,
[21.865s]                  from /home/neha/ros2_ws/src/semnav_migration/include/reactive_planner_lib.h:32,
[21.865s]                  from /home/neha/ros2_ws/src/semnav_migration/src/navigation.cpp:25:
[21.865s] /opt/ros/jazzy/include/rclcpp/rclcpp/node.hpp:1629:3: note: candidate: ‘rclcpp::Node::Node(const rclcpp::Node&, const std::string&)’
[21.865s]  1629 |   Node(
[21.865s]       |   ^~~~
[21.865s] /opt/ros/jazzy/include/rclcpp/rclcpp/node.hpp:1629:3: note:   candidate expects 2 arguments, 0 provided
[21.865s] /opt/ros/jazzy/include/rclcpp/rclcpp/node.hpp:103:12: note: candidate: ‘rclcpp::Node::Node(const std::string&, const std::string&, const rclcpp::NodeOptions&)’
[21.866s]   103 |   explicit Node(
[21.866s]       |            ^~~~
[21.868s] /opt/ros/jazzy/include/rclcpp/rclcpp/node.hpp:103:12: note:   candidate expects 3 arguments, 0 provided
[21.868s] /opt/ros/jazzy/include/rclcpp/rclcpp/node.hpp:91:12: note: candidate: ‘rclcpp::Node::Node(const std::string&, const rclcpp::NodeOptions&)’
[21.868s]    91 |   explicit Node(
[21.868s]       |            ^~~~
[21.869s] /opt/ros/jazzy/include/rclcpp/rclcpp/node.hpp:91:12: note:   candidate expects 2 arguments, 0 provided
[21.926s] /home/neha/ros2_ws/src/semnav_migration/src/navigation_semantic.cpp:143:116: error: no matching function for call to ‘message_filters::Subscriber<sensor_msgs::msg::LaserScan_<std::allocator<void> > >::Subscriber(rclcpp::Node&, std::string&, int)’
[21.927s]   143 |                         message_filters::Subscriber<sensor_msgs::msg::LaserScan> sub_laser(nh_, sub_laser_topic_, 1);
[21.927s]       |                                                                                                                    ^
[21.930s] In file included from /home/neha/ros2_ws/src/semnav_migration/include/reactive_planner_lib.h:43:
[21.930s] /opt/ros/jazzy/include/message_filters/message_filters/subscriber.h:224:3: note: candidate: ‘message_filters::Subscriber<M, NodeType>::Subscriber() [with M = sensor_msgs::msg::LaserScan_<std::allocator<void> >; NodeType = rclcpp::Node]’
[21.930s]   224 |   Subscriber() = default;
[21.931s]       |   ^~~~~~~~~~
[21.931s] /opt/ros/jazzy/include/message_filters/message_filters/subscriber.h:224:3: note:   candidate expects 0 arguments, 3 provided
[21.931s] /opt/ros/jazzy/include/message_filters/message_filters/subscriber.h:212:3: note: candidate: ‘message_filters::Subscriber<M, NodeType>::Subscriber(NodeType*, const std::string&, rmw_qos_profile_t, rclcpp::SubscriptionOptions) [with M = sensor_msgs::msg::LaserScan_<std::allocator<void> >; NodeType = rclcpp::Node; std::string = std::__cxx11::basic_string<char>; rmw_qos_profile_t = rmw_qos_profile_s; rclcpp::SubscriptionOptions = rclcpp::SubscriptionOptionsWithAllocator<std::allocator<void> >]’
[21.931s]   212 |   Subscriber(
[21.931s]       |   ^~~~~~~~~~
[21.931s] /opt/ros/jazzy/include/message_filters/message_filters/subscriber.h:212:3: note:   candidate expects 4 arguments, 3 provided
[21.931s] /opt/ros/jazzy/include/message_filters/message_filters/subscriber.h:203:3: note: candidate: ‘message_filters::Subscriber<M, NodeType>::Subscriber(NodePtr, const std::string&, rmw_qos_profile_t, rclcpp::SubscriptionOptions) [with M = sensor_msgs::msg::LaserScan_<std::allocator<void> >; NodeType = rclcpp::Node; NodePtr = std::shared_ptr<rclcpp::Node>; std::string = std::__cxx11::basic_string<char>; rmw_qos_profile_t = rmw_qos_profile_s; rclcpp::SubscriptionOptions = rclcpp::SubscriptionOptionsWithAllocator<std::allocator<void> >]’
[21.931s]   203 |   Subscriber(
[21.932s]       |   ^~~~~~~~~~
[21.932s] /opt/ros/jazzy/include/message_filters/message_filters/subscriber.h:203:3: note:   candidate expects 4 arguments, 3 provided
[21.934s] /opt/ros/jazzy/include/message_filters/message_filters/subscriber.h:188:3: note: candidate: ‘message_filters::Subscriber<M, NodeType>::Subscriber(NodeType*, const std::string&, rmw_qos_profile_t) [with M = sensor_msgs::msg::LaserScan_<std::allocator<void> >; NodeType = rclcpp::Node; std::string = std::__cxx11::basic_string<char>; rmw_qos_profile_t = rmw_qos_profile_s]’
[21.934s]   188 |   Subscriber(NodeType * node, const std::string& topic, const rmw_qos_profile_t qos = rmw_qos_profile_default)
[21.934s]       |   ^~~~~~~~~~
[21.934s] /opt/ros/jazzy/include/message_filters/message_filters/subscriber.h:188:25: note:   no known conversion for argument 1 from ‘rclcpp::Node’ to ‘rclcpp::Node*’
[21.935s]   188 |   Subscriber(NodeType * node, const std::string& topic, const rmw_qos_profile_t qos = rmw_qos_profile_default)
[21.935s]       |              ~~~~~~~~~~~^~~~
[21.935s] /opt/ros/jazzy/include/message_filters/message_filters/subscriber.h:183:3: note: candidate: ‘message_filters::Subscriber<M, NodeType>::Subscriber(NodePtr, const std::string&, rmw_qos_profile_t) [with M = sensor_msgs::msg::LaserScan_<std::allocator<void> >; NodeType = rclcpp::Node; NodePtr = std::shared_ptr<rclcpp::Node>; std::string = std::__cxx11::basic_string<char>; rmw_qos_profile_t = rmw_qos_profile_s]’
[21.935s]   183 |   Subscriber(NodePtr node, const std::string& topic, const rmw_qos_profile_t qos = rmw_qos_profile_default)
[21.935s]       |   ^~~~~~~~~~
[21.935s] /opt/ros/jazzy/include/message_filters/message_filters/subscriber.h:183:22: note:   no known conversion for argument 1 from ‘rclcpp::Node’ to ‘message_filters::Subscriber<sensor_msgs::msg::LaserScan_<std::allocator<void> > >::NodePtr’ {aka ‘std::shared_ptr<rclcpp::Node>’}
[21.935s]   183 |   Subscriber(NodePtr node, const std::string& topic, const rmw_qos_profile_t qos = rmw_qos_profile_default)
[21.936s]       |              ~~~~~~~~^~~~
[21.982s] /home/neha/ros2_ws/src/semnav_migration/src/navigation.cpp:138:13: error: ‘pub_behaviorID_’ was not declared in this scope; did you mean ‘pub_behaviorID_topic_’?
[21.982s]   138 |             pub_behaviorID_ = this->create_publisher<example_interfaces::msg::UInt32>("pub_behaviorID_topic_", 1);
[21.982s]       |             ^~~~~~~~~~~~~~~
[21.983s]       |             pub_behaviorID_topic_
[21.995s] /home/neha/ros2_ws/src/semnav_migration/src/navigation_semantic.cpp:144:100: error: no matching function for call to ‘message_filters::Subscriber<nav_msgs::msg::Odometry_<std::allocator<void> > >::Subscriber(rclcpp::Node&, std::string&, int)’
[21.995s]   144 |             message_filters::Subscriber<nav_msgs::msg::Odometry> sub_robot(nh_, sub_robot_topic_, 1);
[21.995s]       |                                                                                                    ^
[21.996s] /opt/ros/jazzy/include/message_filters/message_filters/subscriber.h:224:3: note: candidate: ‘message_filters::Subscriber<M, NodeType>::Subscriber() [with M = nav_msgs::msg::Odometry_<std::allocator<void> >; NodeType = rclcpp::Node]’
[21.996s]   224 |   Subscriber() = default;
[21.996s]       |   ^~~~~~~~~~
[21.996s] /opt/ros/jazzy/include/message_filters/message_filters/subscriber.h:224:3: note:   candidate expects 0 arguments, 3 provided
[21.996s] /opt/ros/jazzy/include/message_filters/message_filters/subscriber.h:212:3: note: candidate: ‘message_filters::Subscriber<M, NodeType>::Subscriber(NodeType*, const std::string&, rmw_qos_profile_t, rclcpp::SubscriptionOptions) [with M = nav_msgs::msg::Odometry_<std::allocator<void> >; NodeType = rclcpp::Node; std::string = std::__cxx11::basic_string<char>; rmw_qos_profile_t = rmw_qos_profile_s; rclcpp::SubscriptionOptions = rclcpp::SubscriptionOptionsWithAllocator<std::allocator<void> >]’
[21.996s]   212 |   Subscriber(
[21.996s]       |   ^~~~~~~~~~
[21.996s] /opt/ros/jazzy/include/message_filters/message_filters/subscriber.h:212:3: note:   candidate expects 4 arguments, 3 provided
[21.997s] /opt/ros/jazzy/include/message_filters/message_filters/subscriber.h:203:3: note: candidate: ‘message_filters::Subscriber<M, NodeType>::Subscriber(NodePtr, const std::string&, rmw_qos_profile_t, rclcpp::SubscriptionOptions) [with M = nav_msgs::msg::Odometry_<std::allocator<void> >; NodeType = rclcpp::Node; NodePtr = std::shared_ptr<rclcpp::Node>; std::string = std::__cxx11::basic_string<char>; rmw_qos_profile_t = rmw_qos_profile_s; rclcpp::SubscriptionOptions = rclcpp::SubscriptionOptionsWithAllocator<std::allocator<void> >]’
[21.997s]   203 |   Subscriber(
[21.999s]       |   ^~~~~~~~~~
[21.999s] /opt/ros/jazzy/include/message_filters/message_filters/subscriber.h:203:3: note:   candidate expects 4 arguments, 3 provided
[21.999s] /opt/ros/jazzy/include/message_filters/message_filters/subscriber.h:188:3: note: candidate: ‘message_filters::Subscriber<M, NodeType>::Subscriber(NodeType*, const std::string&, rmw_qos_profile_t) [with M = nav_msgs::msg::Odometry_<std::allocator<void> >; NodeType = rclcpp::Node; std::string = std::__cxx11::basic_string<char>; rmw_qos_profile_t = rmw_qos_profile_s]’
[22.000s]   188 |   Subscriber(NodeType * node, const std::string& topic, const rmw_qos_profile_t qos = rmw_qos_profile_default)
[22.000s]       |   ^~~~~~~~~~
[22.000s] /opt/ros/jazzy/include/message_filters/message_filters/subscriber.h:188:25: note:   no known conversion for argument 1 from ‘rclcpp::Node’ to ‘rclcpp::Node*’
[22.000s]   188 |   Subscriber(NodeType * node, const std::string& topic, const rmw_qos_profile_t qos = rmw_qos_profile_default)
[22.000s]       |              ~~~~~~~~~~~^~~~
[22.000s] /opt/ros/jazzy/include/message_filters/message_filters/subscriber.h:183:3: note: candidate: ‘message_filters::Subscriber<M, NodeType>::Subscriber(NodePtr, const std::string&, rmw_qos_profile_t) [with M = nav_msgs::msg::Odometry_<std::allocator<void> >; NodeType = rclcpp::Node; NodePtr = std::shared_ptr<rclcpp::Node>; std::string = std::__cxx11::basic_string<char>; rmw_qos_profile_t = rmw_qos_profile_s]’
[22.000s]   183 |   Subscriber(NodePtr node, const std::string& topic, const rmw_qos_profile_t qos = rmw_qos_profile_default)
[22.000s]       |   ^~~~~~~~~~
[22.001s] /opt/ros/jazzy/include/message_filters/message_filters/subscriber.h:183:22: note:   no known conversion for argument 1 from ‘rclcpp::Node’ to ‘message_filters::Subscriber<nav_msgs::msg::Odometry_<std::allocator<void> > >::NodePtr’ {aka ‘std::shared_ptr<rclcpp::Node>’}
[22.001s]   183 |   Subscriber(NodePtr node, const std::string& topic, const rmw_qos_profile_t qos = rmw_qos_profile_default)
[22.003s]       |              ~~~~~~~~^~~~
[22.087s] /home/neha/ros2_ws/src/semnav_migration/src/navigation.cpp:139:13: error: ‘pub_behaviorMode_’ was not declared in this scope; did you mean ‘pub_behaviorMode_topic_’?
[22.087s]   139 |             pub_behaviorMode_ = this->create_publisher<example_interfaces::msg::UInt32>("pub_behaviorMode_topic_", 1);
[22.087s]       |             ^~~~~~~~~~~~~~~~~
[22.087s]       |             pub_behaviorMode_topic_
[22.130s] /home/neha/ros2_ws/src/semnav_migration/src/navigation_semantic.cpp:149:55: error: ‘bind’ is not a member of ‘boost’; did you mean ‘find’?
[22.130s]   149 |                         sync->registerCallback(boost::bind(&SemanticNavigationNode::control_callback, this, _1, _2));
[22.130s]       |                                                       ^~~~
[22.130s]       |                                                       find
[22.135s] /home/neha/ros2_ws/src/semnav_migration/src/navigation_semantic.cpp:149:109: error: ‘_1’ was not declared in this scope
[22.136s]   149 |                         sync->registerCallback(boost::bind(&SemanticNavigationNode::control_callback, this, _1, _2));
[22.136s]       |                                                                                                             ^~
[22.136s] /home/neha/ros2_ws/src/semnav_migration/src/navigation_semantic.cpp:149:109: note: suggested alternatives:
[22.136s] In file included from /usr/include/boost/mpl/aux_/include_preprocessed.hpp:37,
[22.136s]                  from /usr/include/boost/mpl/placeholders.hpp:43,
[22.136s]                  from /usr/include/boost/iterator/iterator_categories.hpp:16,
[22.136s]                  from /usr/include/boost/iterator/iterator_facade.hpp:13,
[22.137s]                  from /usr/include/boost/range/iterator_range_core.hpp:27,
[22.137s]                  from /usr/include/boost/lexical_cast.hpp:48,
[22.137s]                  from /usr/include/boost/multiprecision/detail/number_base.hpp:29,
[22.138s]                  from /usr/include/boost/multiprecision/traits/is_variable_precision.hpp:9,
[22.138s]                  from /usr/include/boost/multiprecision/detail/precision.hpp:9,
[22.140s]                  from /usr/include/boost/multiprecision/number.hpp:11,
[22.140s]                  from /usr/include/boost/multiprecision/cpp_int.hpp:19,
[22.140s]                  from /usr/include/boost/multiprecision/cpp_bin_float.hpp:15,
[22.140s]                  from /usr/include/boost/geometry/core/coordinate_promotion.hpp:16,
[22.141s]                  from /usr/include/boost/geometry/core/radian_access.hpp:30,
[22.141s]                  from /usr/include/boost/geometry/geometry.hpp:50,
[22.141s]                  from /usr/include/boost/geometry.hpp:17,
[22.141s]                  from /home/neha/ros2_ws/src/semnav_migration/include/reactive_planner_lib.h:26:
[22.141s] /usr/include/boost/mpl/aux_/preprocessed/gcc/placeholders.hpp:29:16: note:   ‘mpl_::_1’
[22.141s]    29 | typedef arg<1> _1;
[22.141s]       |                ^~
[22.141s] In file included from /usr/include/boost/numeric/conversion/converter_policies.hpp:13,
[22.142s]                  from /usr/include/boost/numeric/conversion/converter.hpp:14,
[22.142s]                  from /usr/include/boost/numeric/conversion/cast.hpp:33,
[22.142s]                  from /usr/include/boost/geometry/core/radian_access.hpp:26:
[22.144s] /usr/include/c++/13/functional:294:48: note:   ‘std::placeholders::_1’
[22.144s]   294 |     _GLIBCXX_PLACEHOLDER const _Placeholder<1> _1;
[22.144s]       |                                                ^~
[22.144s] /usr/include/boost/mpl/aux_/preprocessed/gcc/placeholders.hpp:29:16: note:   ‘mpl_::_1’
[22.145s]    29 | typedef arg<1> _1;
[22.145s]       |                ^~
[22.145s] In file included from /usr/include/boost/describe/members.hpp:20,
[22.145s]                  from /usr/include/boost/container_hash/is_described_class.hpp:11,
[22.145s]                  from /usr/include/boost/container_hash/hash.hpp:18,
[22.145s]                  from /usr/include/boost/functional/hash.hpp:6,
[22.145s]                  from /usr/include/CGAL/Kernel/hash_functions.h:16,
[22.146s]                  from /usr/include/CGAL/Kernel/global_functions.h:25,
[22.146s]                  from /usr/include/CGAL/Cartesian/Cartesian_base.h:22,
[22.148s]                  from /usr/include/CGAL/Simple_cartesian.h:20,
[22.148s]                  from /usr/include/CGAL/Exact_predicates_inexact_constructions_kernel.h:20,
[22.148s]                  from /home/neha/ros2_ws/src/semnav_migration/include/polygeom_lib.h:32,
[22.149s]                  from /home/neha/ros2_ws/src/semnav_migration/include/reactive_planner_lib.h:51:
[22.149s] /usr/include/boost/mp11/bind.hpp:45:7: note:   ‘boost::mp11::_1’
[22.149s]    45 | using _1 = mp_arg<0>;
[22.149s]       |       ^~
[22.149s] /usr/include/boost/mpl/aux_/preprocessed/gcc/placeholders.hpp:29:16: note:   ‘mpl_::_1’
[22.149s]    29 | typedef arg<1> _1;
[22.150s]       |                ^~
[22.150s] /home/neha/ros2_ws/src/semnav_migration/src/navigation_semantic.cpp:149:113: error: ‘_2’ was not declared in this scope
[22.152s]   149 |                         sync->registerCallback(boost::bind(&SemanticNavigationNode::control_callback, this, _1, _2));
[22.152s]       |                                                                                                                 ^~
[22.152s] /home/neha/ros2_ws/src/semnav_migration/src/navigation_semantic.cpp:149:113: note: suggested alternatives:
[22.152s] /usr/include/boost/mpl/aux_/preprocessed/gcc/placeholders.hpp:42:16: note:   ‘mpl_::_2’
[22.153s]    42 | typedef arg<2> _2;
[22.153s]       |                ^~
[22.153s] /usr/include/c++/13/functional:295:48: note:   ‘std::placeholders::_2’
[22.153s]   295 |     _GLIBCXX_PLACEHOLDER const _Placeholder<2> _2;
[22.153s]       |                                                ^~
[22.153s] /usr/include/boost/mpl/aux_/preprocessed/gcc/placeholders.hpp:42:16: note:   ‘mpl_::_2’
[22.153s]    42 | typedef arg<2> _2;
[22.154s]       |                ^~
[22.154s] /usr/include/boost/mp11/bind.hpp:46:7: note:   ‘boost::mp11::_2’
[22.154s]    46 | using _2 = mp_arg<1>;
[22.156s]       |       ^~
[22.156s] /usr/include/boost/mpl/aux_/preprocessed/gcc/placeholders.hpp:42:16: note:   ‘mpl_::_2’
[22.157s]    42 | typedef arg<2> _2;
[22.157s]       |                ^~
[22.157s] /home/neha/ros2_ws/src/semnav_migration/src/navigation_semantic.cpp:151:67: error: ‘class SemanticNavigationNode’ has no member named ‘create_subscriber’; did you mean ‘create_subscription’?
[22.157s]   151 |                         rclcpp::Subscription sub_semantic = this->create_subscriber("sub_semantic_topic_", 1);
[22.157s]       |                                                                   ^~~~~~~~~~~~~~~~~
[22.157s]       |                                                                   create_subscription
[22.157s] /home/neha/ros2_ws/src/semnav_migration/src/navigation_semantic.cpp:162:37: error: no matching function for call to ‘spin()’
[22.157s]   162 |                         rclcpp::spin();
[22.158s]       |                         ~~~~~~~~~~~~^~
[22.158s] /opt/ros/jazzy/include/rclcpp/rclcpp/executors.hpp:58:1: note: candidate: ‘void rclcpp::spin(node_interfaces::NodeBaseInterface::SharedPtr)’
[22.160s]    58 | spin(rclcpp::node_interfaces::NodeBaseInterface::SharedPtr node_ptr);
[22.160s]       | ^~~~
[22.160s] /opt/ros/jazzy/include/rclcpp/rclcpp/executors.hpp:58:1: note:   candidate expects 1 argument, 0 provided
[22.160s] /opt/ros/jazzy/include/rclcpp/rclcpp/executors.hpp:62:1: note: candidate: ‘void rclcpp::spin(Node::SharedPtr)’
[22.161s]    62 | spin(rclcpp::Node::SharedPtr node_ptr);
[22.161s]       | ^~~~
[22.161s] /opt/ros/jazzy/include/rclcpp/rclcpp/executors.hpp:62:1: note:   candidate expects 1 argument, 0 provided
[22.161s] /home/neha/ros2_ws/src/semnav_migration/src/navigation_semantic.cpp: In member function ‘void SemanticNavigationNode::publish_twist(double, double)’:
[22.161s] /home/neha/ros2_ws/src/semnav_migration/src/navigation_semantic.cpp:169:36: error: request for member ‘publish’ in ‘((SemanticNavigationNode*)this)->SemanticNavigationNode::pub_twist_’, which is of non-class type ‘int’
[22.161s]   169 |                         pub_twist_.publish(commandTwist);
[22.161s]       |                                    ^~~~~~~
[22.162s] /home/neha/ros2_ws/src/semnav_migration/src/navigation_semantic.cpp: In member function ‘void SemanticNavigationNode::publish_behavior_id(uint16_t)’:
[22.162s] /home/neha/ros2_ws/src/semnav_migration/src/navigation_semantic.cpp:174:32: error: ‘UInt32’ is not a member of ‘std_msgs::msg’; did you mean ‘example_interfaces::msg::UInt32’?
[22.164s]   174 |                 std_msgs::msg::UInt32 commandId;
[22.164s]       |                                ^~~~~~
[22.164s] /opt/ros/jazzy/include/example_interfaces/example_interfaces/msg/detail/u_int32__struct.hpp:125:7: note: ‘example_interfaces::msg::UInt32’ declared here
[22.164s]   125 | using UInt32 =
[22.165s]       |       ^~~~~~
[22.165s] /home/neha/ros2_ws/src/semnav_migration/src/navigation.cpp:140:13: error: ‘pub_twist_’ was not declared in this scope; did you mean ‘publish_twist’?
[22.165s]   140 |             pub_twist_ = this->create_publisher<example_interfaces::msg::UInt32>("pub_twist_topic_", 1);
[22.165s]       |             ^~~~~~~~~~
[22.165s]       |             publish_twist
[22.199s] /home/neha/ros2_ws/src/semnav_migration/src/navigation_semantic.cpp:175:25: error: ‘commandId’ was not declared in this scope
[22.199s]   175 |                         commandId.data = BehaviorIdCmd;
[22.199s]       |                         ^~~~~~~~~
[22.199s] /home/neha/ros2_ws/src/semnav_migration/src/navigation_semantic.cpp:176:41: error: request for member ‘publish’ in ‘((SemanticNavigationNode*)this)->SemanticNavigationNode::pub_behaviorID_’, which is of non-class type ‘int’
[22.199s]   176 |                         pub_behaviorID_.publish(commandId);
[22.199s]       |                                         ^~~~~~~
[22.202s] /home/neha/ros2_ws/src/semnav_migration/src/navigation_semantic.cpp: In member function ‘void SemanticNavigationNode::publish_behavior_mode(uint16_t)’:
[22.203s] /home/neha/ros2_ws/src/semnav_migration/src/navigation_semantic.cpp:181:28: error: ‘UInt32’ is not a member of ‘std_msgs::msg’; did you mean ‘example_interfaces::msg::UInt32’?
[22.203s]   181 |             std_msgs::msg::UInt32 commandMode;
[22.203s]       |                            ^~~~~~
[22.203s] /opt/ros/jazzy/include/example_interfaces/example_interfaces/msg/detail/u_int32__struct.hpp:125:7: note: ‘example_interfaces::msg::UInt32’ declared here
[22.203s]   125 | using UInt32 =
[22.203s]       |       ^~~~~~
[22.226s] /home/neha/ros2_ws/src/semnav_migration/src/navigation.cpp:143:116: error: no matching function for call to ‘message_filters::Subscriber<sensor_msgs::msg::LaserScan_<std::allocator<void> > >::Subscriber(rclcpp::Node&, std::string&, int)’
[22.226s]   143 |                         message_filters::Subscriber<sensor_msgs::msg::LaserScan> sub_laser(nh_, sub_laser_topic_, 1);
[22.226s]       |                                                                                                                    ^
[22.227s] In file included from /home/neha/ros2_ws/src/semnav_migration/include/reactive_planner_lib.h:43:
[22.227s] /opt/ros/jazzy/include/message_filters/message_filters/subscriber.h:224:3: note: candidate: ‘message_filters::Subscriber<M, NodeType>::Subscriber() [with M = sensor_msgs::msg::LaserScan_<std::allocator<void> >; NodeType = rclcpp::Node]’
[22.227s]   224 |   Subscriber() = default;
[22.227s]       |   ^~~~~~~~~~
[22.228s] /opt/ros/jazzy/include/message_filters/message_filters/subscriber.h:224:3: note:   candidate expects 0 arguments, 3 provided
[22.228s] /opt/ros/jazzy/include/message_filters/message_filters/subscriber.h:212:3: note: candidate: ‘message_filters::Subscriber<M, NodeType>::Subscriber(NodeType*, const std::string&, rmw_qos_profile_t, rclcpp::SubscriptionOptions) [with M = sensor_msgs::msg::LaserScan_<std::allocator<void> >; NodeType = rclcpp::Node; std::string = std::__cxx11::basic_string<char>; rmw_qos_profile_t = rmw_qos_profile_s; rclcpp::SubscriptionOptions = rclcpp::SubscriptionOptionsWithAllocator<std::allocator<void> >]’
[22.228s]   212 |   Subscriber(
[22.228s]       |   ^~~~~~~~~~
[22.230s] /opt/ros/jazzy/include/message_filters/message_filters/subscriber.h:212:3: note:   candidate expects 4 arguments, 3 provided
[22.231s] /opt/ros/jazzy/include/message_filters/message_filters/subscriber.h:203:3: note: candidate: ‘message_filters::Subscriber<M, NodeType>::Subscriber(NodePtr, const std::string&, rmw_qos_profile_t, rclcpp::SubscriptionOptions) [with M = sensor_msgs::msg::LaserScan_<std::allocator<void> >; NodeType = rclcpp::Node; NodePtr = std::shared_ptr<rclcpp::Node>; std::string = std::__cxx11::basic_string<char>; rmw_qos_profile_t = rmw_qos_profile_s; rclcpp::SubscriptionOptions = rclcpp::SubscriptionOptionsWithAllocator<std::allocator<void> >]’
[22.231s]   203 |   Subscriber(
[22.231s]       |   ^~~~~~~~~~
[22.231s] /opt/ros/jazzy/include/message_filters/message_filters/subscriber.h:203:3: note:   candidate expects 4 arguments, 3 provided
[22.231s] /opt/ros/jazzy/include/message_filters/message_filters/subscriber.h:188:3: note: candidate: ‘message_filters::Subscriber<M, NodeType>::Subscriber(NodeType*, const std::string&, rmw_qos_profile_t) [with M = sensor_msgs::msg::LaserScan_<std::allocator<void> >; NodeType = rclcpp::Node; std::string = std::__cxx11::basic_string<char>; rmw_qos_profile_t = rmw_qos_profile_s]’
[22.231s]   188 |   Subscriber(NodeType * node, const std::string& topic, const rmw_qos_profile_t qos = rmw_qos_profile_default)
[22.231s]       |   ^~~~~~~~~~
[22.231s] /opt/ros/jazzy/include/message_filters/message_filters/subscriber.h:188:25: note:   no known conversion for argument 1 from ‘rclcpp::Node’ to ‘rclcpp::Node*’
[22.232s]   188 |   Subscriber(NodeType * node, const std::string& topic, const rmw_qos_profile_t qos = rmw_qos_profile_default)
[22.232s]       |              ~~~~~~~~~~~^~~~
[22.234s] /opt/ros/jazzy/include/message_filters/message_filters/subscriber.h:183:3: note: candidate: ‘message_filters::Subscriber<M, NodeType>::Subscriber(NodePtr, const std::string&, rmw_qos_profile_t) [with M = sensor_msgs::msg::LaserScan_<std::allocator<void> >; NodeType = rclcpp::Node; NodePtr = std::shared_ptr<rclcpp::Node>; std::string = std::__cxx11::basic_string<char>; rmw_qos_profile_t = rmw_qos_profile_s]’
[22.234s]   183 |   Subscriber(NodePtr node, const std::string& topic, const rmw_qos_profile_t qos = rmw_qos_profile_default)
[22.234s]       |   ^~~~~~~~~~
[22.234s] /opt/ros/jazzy/include/message_filters/message_filters/subscriber.h:183:22: note:   no known conversion for argument 1 from ‘rclcpp::Node’ to ‘message_filters::Subscriber<sensor_msgs::msg::LaserScan_<std::allocator<void> > >::NodePtr’ {aka ‘std::shared_ptr<rclcpp::Node>’}
[22.235s]   183 |   Subscriber(NodePtr node, const std::string& topic, const rmw_qos_profile_t qos = rmw_qos_profile_default)
[22.235s]       |              ~~~~~~~~^~~~
[22.267s] /home/neha/ros2_ws/src/semnav_migration/src/navigation_semantic.cpp:182:25: error: ‘commandMode’ was not declared in this scope
[22.267s]   182 |                         commandMode.data = BehaviorModeCmd;
[22.268s]       |                         ^~~~~~~~~~~
[22.268s] /home/neha/ros2_ws/src/semnav_migration/src/navigation_semantic.cpp:183:43: error: request for member ‘publish’ in ‘((SemanticNavigationNode*)this)->SemanticNavigationNode::pub_behaviorMode_’, which is of non-class type ‘int’
[22.268s]   183 |                         pub_behaviorMode_.publish(commandMode);
[22.268s]       |                                           ^~~~~~~
[22.297s] /home/neha/ros2_ws/src/semnav_migration/src/navigation.cpp:144:112: error: no matching function for call to ‘message_filters::Subscriber<nav_msgs::msg::Odometry_<std::allocator<void> > >::Subscriber(rclcpp::Node&, std::string&, int)’
[22.297s]   144 |                         message_filters::Subscriber<nav_msgs::msg::Odometry> sub_robot(nh_, sub_robot_topic_, 1);
[22.297s]       |                                                                                                                ^
[22.299s] /opt/ros/jazzy/include/message_filters/message_filters/subscriber.h:224:3: note: candidate: ‘message_filters::Subscriber<M, NodeType>::Subscriber() [with M = nav_msgs::msg::Odometry_<std::allocator<void> >; NodeType = rclcpp::Node]’
[22.300s]   224 |   Subscriber() = default;
[22.300s]       |   ^~~~~~~~~~
[22.300s] /opt/ros/jazzy/include/message_filters/message_filters/subscriber.h:224:3: note:   candidate expects 0 arguments, 3 provided
[22.300s] /opt/ros/jazzy/include/message_filters/message_filters/subscriber.h:212:3: note: candidate: ‘message_filters::Subscriber<M, NodeType>::Subscriber(NodeType*, const std::string&, rmw_qos_profile_t, rclcpp::SubscriptionOptions) [with M = nav_msgs::msg::Odometry_<std::allocator<void> >; NodeType = rclcpp::Node; std::string = std::__cxx11::basic_string<char>; rmw_qos_profile_t = rmw_qos_profile_s; rclcpp::SubscriptionOptions = rclcpp::SubscriptionOptionsWithAllocator<std::allocator<void> >]’
[22.300s]   212 |   Subscriber(
[22.300s]       |   ^~~~~~~~~~
[22.300s] /opt/ros/jazzy/include/message_filters/message_filters/subscriber.h:212:3: note:   candidate expects 4 arguments, 3 provided
[22.301s] /opt/ros/jazzy/include/message_filters/message_filters/subscriber.h:203:3: note: candidate: ‘message_filters::Subscriber<M, NodeType>::Subscriber(NodePtr, const std::string&, rmw_qos_profile_t, rclcpp::SubscriptionOptions) [with M = nav_msgs::msg::Odometry_<std::allocator<void> >; NodeType = rclcpp::Node; NodePtr = std::shared_ptr<rclcpp::Node>; std::string = std::__cxx11::basic_string<char>; rmw_qos_profile_t = rmw_qos_profile_s; rclcpp::SubscriptionOptions = rclcpp::SubscriptionOptionsWithAllocator<std::allocator<void> >]’
[22.301s]   203 |   Subscriber(
[22.303s]       |   ^~~~~~~~~~
[22.303s] /opt/ros/jazzy/include/message_filters/message_filters/subscriber.h:203:3: note:   candidate expects 4 arguments, 3 provided
[22.303s] /opt/ros/jazzy/include/message_filters/message_filters/subscriber.h:188:3: note: candidate: ‘message_filters::Subscriber<M, NodeType>::Subscriber(NodeType*, const std::string&, rmw_qos_profile_t) [with M = nav_msgs::msg::Odometry_<std::allocator<void> >; NodeType = rclcpp::Node; std::string = std::__cxx11::basic_string<char>; rmw_qos_profile_t = rmw_qos_profile_s]’
[22.304s]   188 |   Subscriber(NodeType * node, const std::string& topic, const rmw_qos_profile_t qos = rmw_qos_profile_default)
[22.304s]       |   ^~~~~~~~~~
[22.304s] /opt/ros/jazzy/include/message_filters/message_filters/subscriber.h:188:25: note:   no known conversion for argument 1 from ‘rclcpp::Node’ to ‘rclcpp::Node*’
[22.304s]   188 |   Subscriber(NodeType * node, const std::string& topic, const rmw_qos_profile_t qos = rmw_qos_profile_default)
[22.304s]       |              ~~~~~~~~~~~^~~~
[22.304s] /opt/ros/jazzy/include/message_filters/message_filters/subscriber.h:183:3: note: candidate: ‘message_filters::Subscriber<M, NodeType>::Subscriber(NodePtr, const std::string&, rmw_qos_profile_t) [with M = nav_msgs::msg::Odometry_<std::allocator<void> >; NodeType = rclcpp::Node; NodePtr = std::shared_ptr<rclcpp::Node>; std::string = std::__cxx11::basic_string<char>; rmw_qos_profile_t = rmw_qos_profile_s]’
[22.304s]   183 |   Subscriber(NodePtr node, const std::string& topic, const rmw_qos_profile_t qos = rmw_qos_profile_default)
[22.305s]       |   ^~~~~~~~~~
[22.305s] /opt/ros/jazzy/include/message_filters/message_filters/subscriber.h:183:22: note:   no known conversion for argument 1 from ‘rclcpp::Node’ to ‘message_filters::Subscriber<nav_msgs::msg::Odometry_<std::allocator<void> > >::NodePtr’ {aka ‘std::shared_ptr<rclcpp::Node>’}
[22.305s]   183 |   Subscriber(NodePtr node, const std::string& topic, const rmw_qos_profile_t qos = rmw_qos_profile_default)
[22.307s]       |              ~~~~~~~~^~~~
[22.407s] /home/neha/ros2_ws/src/semnav_migration/src/navigation_semantic.cpp: In member function ‘void SemanticNavigationNode::control_callback(const sensor_msgs::msg::LaserScan_<std::allocator<void> >::ConstPtr&, const nav_msgs::msg::Odometry_<std::allocator<void> >::ConstPtr&)’:
[22.407s] /home/neha/ros2_ws/src/semnav_migration/src/navigation_semantic.cpp:407:33: error: ‘listener_’ was not declared in this scope
[22.407s]   407 |                                 listener_.waitForTransform(world_frame_id_, odom_frame_id_, rclcpp::Time(0), rclcpp::Duration(std::chrono::nanoseconds(1000000000));
[22.407s]       |                                 ^~~~~~~~~
[22.408s] /home/neha/ros2_ws/src/semnav_migration/src/navigation_semantic.cpp:407:164: error: expected ‘)’ before ‘;’ token
[22.408s]   407 |                                 listener_.waitForTransform(world_frame_id_, odom_frame_id_, rclcpp::Time(0), rclcpp::Duration(std::chrono::nanoseconds(1000000000));
[22.408s]       |                                                                                                                                                                    ^
[22.408s] /home/neha/ros2_ws/src/semnav_migration/src/navigation_semantic.cpp:407:59: note: to match this ‘(’
[22.409s]   407 |                                 listener_.waitForTransform(world_frame_id_, odom_frame_id_, rclcpp::Time(0), rclcpp::Duration(std::chrono::nanoseconds(1000000000));
[22.409s]       |                                                           ^
[22.409s] In file included from /opt/ros/jazzy/include/rclcpp/rclcpp/copy_all_parameter_values.hpp:27,
[22.409s]                  from /opt/ros/jazzy/include/rclcpp/rclcpp/rclcpp.hpp:171:
[22.409s] /home/neha/ros2_ws/src/semnav_migration/src/navigation_semantic.cpp:410:33: error: static assertion failed: First argument to logging macros must be an rclcpp::Logger
[22.409s]   410 |                                 RCLCPP_ERROR("%s",ex.what());
[22.409s]       |                                 ^~~~~~~~~~~~
[22.414s] In file included from /opt/ros/jazzy/include/rclcpp/rclcpp/logging.hpp:24:
[22.414s] /home/neha/ros2_ws/src/semnav_migration/src/navigation_semantic.cpp:410:33: error: request for member ‘get_name’ in ‘("%s")’, which is of non-class type ‘const char [3]’
[22.414s]   410 |                                 RCLCPP_ERROR("%s",ex.what());
[22.415s]       |                                 ^~~~~~~~~~~~
[22.415s] /home/neha/ros2_ws/src/semnav_migration/src/navigation_semantic.cpp:410:33: error: request for member ‘get_name’ in ‘("%s")’, which is of non-class type ‘const char [3]’
[22.415s]   410 |                                 RCLCPP_ERROR("%s",ex.what());
[22.415s]       |                                 ^~~~~~~~~~~~
[22.415s] /home/neha/ros2_ws/src/semnav_migration/src/navigation_semantic.cpp:435:42: error: could not convert ‘lidar_data’ from ‘shared_ptr<LaserScan_<[...]>>’ to ‘shared_ptr<LaserScan_<[...]>>’
[22.415s]   435 |                         constructLIDAR2D(lidar_data, CutoffRange_, AllowableRange_, RobotPitch_, &LIDAR);
[22.415s]       |                                          ^~~~~~~~~~
[22.415s]       |                                          |
[22.416s]       |                                          shared_ptr<LaserScan_<[...]>>
[22.443s] /home/neha/ros2_ws/src/semnav_migration/src/navigation.cpp:149:55: error: ‘bind’ is not a member of ‘boost’; did you mean ‘find’?
[22.444s]   149 |                         sync->registerCallback(boost::bind(&NavigationNode::control_callback, this, _1, _2));
[22.444s]       |                                                       ^~~~
[22.444s]       |                                                       find
[22.448s] /home/neha/ros2_ws/src/semnav_migration/src/navigation.cpp:149:101: error: ‘_1’ was not declared in this scope
[22.449s]   149 |                         sync->registerCallback(boost::bind(&NavigationNode::control_callback, this, _1, _2));
[22.449s]       |                                                                                                     ^~
[22.449s] /home/neha/ros2_ws/src/semnav_migration/src/navigation.cpp:149:101: note: suggested alternatives:
[22.450s] In file included from /usr/include/boost/mpl/aux_/include_preprocessed.hpp:37,
[22.450s]                  from /usr/include/boost/mpl/placeholders.hpp:43,
[22.451s]                  from /usr/include/boost/iterator/iterator_categories.hpp:16,
[22.451s]                  from /usr/include/boost/iterator/iterator_facade.hpp:13,
[22.451s]                  from /usr/include/boost/range/iterator_range_core.hpp:27,
[22.451s]                  from /usr/include/boost/lexical_cast.hpp:48,
[22.451s]                  from /usr/include/boost/multiprecision/detail/number_base.hpp:29,
[22.451s]                  from /usr/include/boost/multiprecision/traits/is_variable_precision.hpp:9,
[22.451s]                  from /usr/include/boost/multiprecision/detail/precision.hpp:9,
[22.451s]                  from /usr/include/boost/multiprecision/number.hpp:11,
[22.452s]                  from /usr/include/boost/multiprecision/cpp_int.hpp:19,
[22.452s]                  from /usr/include/boost/multiprecision/cpp_bin_float.hpp:15,
[22.452s]                  from /usr/include/boost/geometry/core/coordinate_promotion.hpp:16,
[22.452s]                  from /usr/include/boost/geometry/core/radian_access.hpp:30,
[22.452s]                  from /usr/include/boost/geometry/geometry.hpp:50,
[22.452s]                  from /usr/include/boost/geometry.hpp:17,
[22.452s]                  from /home/neha/ros2_ws/src/semnav_migration/include/reactive_planner_lib.h:26:
[22.453s] /usr/include/boost/mpl/aux_/preprocessed/gcc/placeholders.hpp:29:16: note:   ‘mpl_::_1’
[22.453s]    29 | typedef arg<1> _1;
[22.453s]       |                ^~
[22.454s] /home/neha/ros2_ws/src/semnav_migration/src/navigation_semantic.cpp: In function ‘int main(int, char**)’:
[22.454s] /home/neha/ros2_ws/src/semnav_migration/src/navigation_semantic.cpp:701:34: error: invalid initialization of reference of type ‘const rclcpp::InitOptions&’ from expression of type ‘const char [20]’
[22.454s]   701 |         rclcpp::init(argc, argv, "navigation_semantic");
[22.454s]       |                                  ^~~~~~~~~~~~~~~~~~~~~
[22.454s] In file included from /opt/ros/jazzy/include/rclcpp/rclcpp/logging.hpp:25:
[22.455s] /opt/ros/jazzy/include/rclcpp/rclcpp/utilities.hpp:78:23: note: in passing argument 3 of ‘void rclcpp::init(int, const char* const*, const InitOptions&, SignalHandlerOptions)’
[22.455s]    78 |   const InitOptions & init_options = InitOptions(),
[22.455s]       |   ~~~~~~~~~~~~~~~~~~~~^~~~~~~~~~~~~~~~~~~~~~~~~~~~
[22.455s] In file included from /usr/include/boost/numeric/conversion/converter_policies.hpp:13,
[22.455s]                  from /usr/include/boost/numeric/conversion/converter.hpp:14,
[22.455s]                  from /usr/include/boost/numeric/conversion/cast.hpp:33,
[22.455s]                  from /usr/include/boost/geometry/core/radian_access.hpp:26:
[22.456s] /usr/include/c++/13/functional:294:48: note:   ‘std::placeholders::_1’
[22.456s]   294 |     _GLIBCXX_PLACEHOLDER const _Placeholder<1> _1;
[22.460s]       |                                                ^~
[22.460s] /usr/include/boost/mpl/aux_/preprocessed/gcc/placeholders.hpp:29:16: note:   ‘mpl_::_1’
[22.461s]    29 | typedef arg<1> _1;
[22.461s]       |                ^~
[22.461s] In file included from /usr/include/boost/describe/members.hpp:20,
[22.461s]                  from /usr/include/boost/container_hash/is_described_class.hpp:11,
[22.461s]                  from /usr/include/boost/container_hash/hash.hpp:18,
[22.461s]                  from /usr/include/boost/functional/hash.hpp:6,
[22.461s]                  from /usr/include/CGAL/Kernel/hash_functions.h:16,
[22.462s]                  from /usr/include/CGAL/Kernel/global_functions.h:25,
[22.462s]                  from /usr/include/CGAL/Cartesian/Cartesian_base.h:22,
[22.462s]                  from /usr/include/CGAL/Simple_cartesian.h:20,
[22.462s]                  from /usr/include/CGAL/Exact_predicates_inexact_constructions_kernel.h:20,
[22.462s]                  from /home/neha/ros2_ws/src/semnav_migration/include/polygeom_lib.h:32,
[22.462s]                  from /home/neha/ros2_ws/src/semnav_migration/include/reactive_planner_lib.h:51:
[22.462s] /usr/include/boost/mp11/bind.hpp:45:7: note:   ‘boost::mp11::_1’
[22.462s]    45 | using _1 = mp_arg<0>;
[22.463s]       |       ^~
[22.463s] /usr/include/boost/mpl/aux_/preprocessed/gcc/placeholders.hpp:29:16: note:   ‘mpl_::_1’
[22.463s]    29 | typedef arg<1> _1;
[22.463s]       |                ^~
[22.464s] /home/neha/ros2_ws/src/semnav_migration/src/navigation.cpp:149:105: error: ‘_2’ was not declared in this scope
[22.464s]   149 |                         sync->registerCallback(boost::bind(&NavigationNode::control_callback, this, _1, _2));
[22.464s]       |                                                                                                         ^~
[22.464s] /home/neha/ros2_ws/src/semnav_migration/src/navigation.cpp:149:105: note: suggested alternatives:
[22.465s] /usr/include/boost/mpl/aux_/preprocessed/gcc/placeholders.hpp:42:16: note:   ‘mpl_::_2’
[22.465s]    42 | typedef arg<2> _2;
[22.465s]       |                ^~
[22.465s] /usr/include/c++/13/functional:295:48: note:   ‘std::placeholders::_2’
[22.466s]   295 |     _GLIBCXX_PLACEHOLDER const _Placeholder<2> _2;
[22.466s]       |                                                ^~
[22.466s] /usr/include/boost/mpl/aux_/preprocessed/gcc/placeholders.hpp:42:16: note:   ‘mpl_::_2’
[22.466s]    42 | typedef arg<2> _2;
[22.466s]       |                ^~
[22.467s] /usr/include/boost/mp11/bind.hpp:46:7: note:   ‘boost::mp11::_2’
[22.467s]    46 | using _2 = mp_arg<1>;
[22.467s]       |       ^~
[22.469s] /usr/include/boost/mpl/aux_/preprocessed/gcc/placeholders.hpp:42:16: note:   ‘mpl_::_2’
[22.469s]    42 | typedef arg<2> _2;
[22.470s]       |                ^~
[22.472s] /home/neha/ros2_ws/src/semnav_migration/src/navigation.cpp:152:20: error: ‘Subscription’ was not declared in this scope
[22.472s]   152 |             rclcpp:Subscription sub_semantic = this->create_subscriber(sub_semantic_topic_, 1);
[22.473s]       |                    ^~~~~~~~~~~~
[22.473s] /home/neha/ros2_ws/src/semnav_migration/src/navigation.cpp:152:20: note: suggested alternatives:
[22.475s] In file included from /opt/ros/jazzy/include/rclcpp/rclcpp/any_executable.hpp:25,
[22.476s]                  from /opt/ros/jazzy/include/rclcpp/rclcpp/memory_strategy.hpp:25,
[22.476s]                  from /opt/ros/jazzy/include/rclcpp/rclcpp/memory_strategies.hpp:18,
[22.476s]                  from /opt/ros/jazzy/include/rclcpp/rclcpp/executor_options.hpp:22,
[22.476s]                  from /opt/ros/jazzy/include/rclcpp/rclcpp/executor.hpp:38,
[22.476s]                  from /opt/ros/jazzy/include/rclcpp/rclcpp/executors/multi_threaded_executor.hpp:25,
[22.476s]                  from /opt/ros/jazzy/include/rclcpp/rclcpp/executors.hpp:21:
[22.476s] /opt/ros/jazzy/include/rclcpp/rclcpp/subscription.hpp:75:7: note:   ‘rclcpp::Subscription’
[22.477s]    75 | class Subscription : public SubscriptionBase
[22.477s]       |       ^~~~~~~~~~~~
[22.477s] In file included from /opt/ros/jazzy/include/rclcpp/rclcpp/client.hpp:45,
[22.479s]                  from /opt/ros/jazzy/include/rclcpp/rclcpp/callback_group.hpp:24,
[22.479s]                  from /opt/ros/jazzy/include/rclcpp/rclcpp/any_executable.hpp:20:
[22.479s] /opt/ros/jazzy/include/rclcpp/rclcpp/node_interfaces/node_graph_interface.hpp:43:3: note:   ‘rclcpp::EndpointType::Subscription’
[22.479s]    43 |   Subscription = RMW_ENDPOINT_SUBSCRIPTION
[22.480s]       |   ^~~~~~~~~~~~
[22.519s] /home/neha/ros2_ws/src/semnav_migration/src/navigation.cpp:163:38: error: ‘node_ptr’ was not declared in this scope; did you mean ‘mode_t’?
[22.519s]   163 |                         rclcpp::spin(node_ptr);
[22.519s]       |                                      ^~~~~~~~
[22.519s]       |                                      mode_t
[22.580s] /home/neha/ros2_ws/src/semnav_migration/src/navigation.cpp: In member function ‘void NavigationNode::publish_twist(double, double)’:
[22.580s] /home/neha/ros2_ws/src/semnav_migration/src/navigation.cpp:170:25: error: ‘pub_twist_’ was not declared in this scope; did you mean ‘publish_twist’?
[22.580s]   170 |                         pub_twist_.publish(commandTwist);
[22.581s]       |                         ^~~~~~~~~~
[22.581s]       |                         publish_twist
[22.671s] /home/neha/ros2_ws/src/semnav_migration/src/navigation.cpp: In member function ‘void NavigationNode::publish_behavior_id(uint16_t)’:
[22.671s] /home/neha/ros2_ws/src/semnav_migration/src/navigation.cpp:177:25: error: ‘pub_behaviorID_’ was not declared in this scope; did you mean ‘pub_behaviorID_topic_’?
[22.672s]   177 |                         pub_behaviorID_.publish(commandId);
[22.672s]       |                         ^~~~~~~~~~~~~~~
[22.672s]       |                         pub_behaviorID_topic_
[22.776s] /home/neha/ros2_ws/src/semnav_migration/src/navigation.cpp: In member function ‘void NavigationNode::publish_behavior_mode(uint16_t)’:
[22.776s] /home/neha/ros2_ws/src/semnav_migration/src/navigation.cpp:184:25: error: ‘pub_behaviorMode_’ was not declared in this scope; did you mean ‘pub_behaviorMode_topic_’?
[22.777s]   184 |                         pub_behaviorMode_.publish(commandMode);
[22.777s]       |                         ^~~~~~~~~~~~~~~~~
[22.777s]       |                         pub_behaviorMode_topic_
[22.915s] /home/neha/ros2_ws/src/semnav_migration/src/navigation.cpp: In member function ‘void NavigationNode::control_callback(const sensor_msgs::msg::LaserScan_<std::allocator<void> >::ConstPtr&, const nav_msgs::msg::Odometry_<std::allocator<void> >::ConstPtr&)’:
[22.915s] /home/neha/ros2_ws/src/semnav_migration/src/navigation.cpp:367:33: error: ‘listener_’ was not declared in this scope
[22.915s]   367 |                                 listener_.waitForTransform(world_frame_id_, odom_frame_id_, rclcpp::Time(0), rclcpp::Duration(std::chrono::nanoseconds(1000000000));
[22.915s]       |                                 ^~~~~~~~~
[22.916s] /home/neha/ros2_ws/src/semnav_migration/src/navigation.cpp:367:164: error: expected ‘)’ before ‘;’ token
[22.916s]   367 |                                 listener_.waitForTransform(world_frame_id_, odom_frame_id_, rclcpp::Time(0), rclcpp::Duration(std::chrono::nanoseconds(1000000000));
[22.916s]       |                                                                                                                                                                    ^
[22.919s] /home/neha/ros2_ws/src/semnav_migration/src/navigation.cpp:367:59: note: to match this ‘(’
[22.919s]   367 |                                 listener_.waitForTransform(world_frame_id_, odom_frame_id_, rclcpp::Time(0), rclcpp::Duration(std::chrono::nanoseconds(1000000000));
[22.920s]       |                                                           ^
[22.921s] /home/neha/ros2_ws/src/semnav_migration/src/navigation.cpp:397:42: error: could not convert ‘lidar_data’ from ‘shared_ptr<LaserScan_<[...]>>’ to ‘shared_ptr<LaserScan_<[...]>>’
[22.921s]   397 |                         constructLIDAR2D(lidar_data, CutoffRange_, AllowableRange_, RobotPitch_, &LIDAR);
[22.921s]       |                                          ^~~~~~~~~~
[22.922s]       |                                          |
[22.922s]       |                                          shared_ptr<LaserScan_<[...]>>
[37.148s] gmake[2]: *** [CMakeFiles/navigation_semantic.dir/build.make:76: CMakeFiles/navigation_semantic.dir/src/navigation_semantic.cpp.o] Error 1
[37.149s] gmake[1]: *** [CMakeFiles/Makefile2:207: CMakeFiles/navigation_semantic.dir/all] Error 2
[37.149s] gmake[1]: *** Waiting for unfinished jobs....
[38.152s] gmake[2]: *** [CMakeFiles/navigation.dir/build.make:76: CMakeFiles/navigation.dir/src/navigation.cpp.o] Error 1
[38.152s] gmake[1]: *** [CMakeFiles/Makefile2:181: CMakeFiles/navigation.dir/all] Error 2
[38.152s] gmake: *** [Makefile:146: all] Error 2
[38.155s] Invoked command in '/home/neha/ros2_ws/src/semnav_migration/build/semnav' returned '2': CMAKE_PREFIX_PATH=${CMAKE_PREFIX_PATH}:/opt/ros/jazzy DEBUGINFOD_URLS=https://debuginfod.ubuntu.com /usr/bin/cmake --build /home/neha/ros2_ws/src/semnav_migration/build/semnav -- -j2 -l2
