[0.028s] Invoking command in '/home/neha/ros2_ws/src/semnav_migration/build/semnav': CMAKE_PREFIX_PATH=${CMAKE_PREFIX_PATH}:/opt/ros/jazzy DEBUGINFOD_URLS=https://debuginfod.ubuntu.com /usr/bin/cmake --build /home/neha/ros2_ws/src/semnav_migration/build/semnav -- -j2 -l2
[0.195s] [ 14%] Built target reactive_planner
[0.339s] [ 23%] Building CXX object CMakeFiles/navigation_semantic.dir/src/navigation_semantic.cpp.o
[0.340s] [ 23%] Building CXX object CMakeFiles/navigation.dir/src/navigation.cpp.o
[25.814s] /home/neha/ros2_ws/src/semnav_migration/src/navigation.cpp:46:13: error: extra qualification ‘NavigationNode::’ on member ‘NavigationNode’ [-fpermissive]
[25.814s]    46 |             NavigationNode::NavigationNode() : rclcpp::Node(std::string("navigation_node")) {
[25.814s]       |             ^~~~~~~~~~~~~~
[25.961s] /home/neha/ros2_ws/src/semnav_migration/src/navigation.cpp: In constructor ‘NavigationNode::NavigationNode()’:
[25.961s] /home/neha/ros2_ws/src/semnav_migration/src/navigation.cpp:46:91: error: no matching function for call to ‘rclcpp::Node::Node()’
[25.962s]    46 |             NavigationNode::NavigationNode() : rclcpp::Node(std::string("navigation_node")) {
[25.962s]       |                                                                                           ^
[25.962s] In file included from /opt/ros/jazzy/include/rclcpp/rclcpp/executors/single_threaded_executor.hpp:28,
[25.962s]                  from /opt/ros/jazzy/include/rclcpp/rclcpp/executors.hpp:22,
[25.962s]                  from /opt/ros/jazzy/include/rclcpp/rclcpp/rclcpp.hpp:172,
[25.962s]                  from /home/neha/ros2_ws/src/semnav_migration/include/reactive_planner_lib.h:32,
[25.962s]                  from /home/neha/ros2_ws/src/semnav_migration/src/navigation.cpp:25:
[25.963s] /opt/ros/jazzy/include/rclcpp/rclcpp/node.hpp:1629:3: note: candidate: ‘rclcpp::Node::Node(const rclcpp::Node&, const std::string&)’
[25.963s]  1629 |   Node(
[25.963s]       |   ^~~~
[25.966s] /opt/ros/jazzy/include/rclcpp/rclcpp/node.hpp:1629:3: note:   candidate expects 2 arguments, 0 provided
[25.968s] /opt/ros/jazzy/include/rclcpp/rclcpp/node.hpp:103:12: note: candidate: ‘rclcpp::Node::Node(const std::string&, const std::string&, const rclcpp::NodeOptions&)’
[25.968s]   103 |   explicit Node(
[25.968s]       |            ^~~~
[25.968s] /opt/ros/jazzy/include/rclcpp/rclcpp/node.hpp:103:12: note:   candidate expects 3 arguments, 0 provided
[25.968s] /opt/ros/jazzy/include/rclcpp/rclcpp/node.hpp:91:12: note: candidate: ‘rclcpp::Node::Node(const std::string&, const rclcpp::NodeOptions&)’
[25.972s]    91 |   explicit Node(
[25.978s]       |            ^~~~
[25.978s] /opt/ros/jazzy/include/rclcpp/rclcpp/node.hpp:91:12: note:   candidate expects 2 arguments, 0 provided
[25.979s] /home/neha/ros2_ws/src/semnav_migration/src/navigation.cpp:46:91: error: no matching function for call to ‘tf2_ros::TransformListener::TransformListener()’
[25.979s]    46 |             NavigationNode::NavigationNode() : rclcpp::Node(std::string("navigation_node")) {
[25.980s]       |                                                                                           ^
[25.984s] In file included from /home/neha/ros2_ws/src/semnav_migration/include/reactive_planner_lib.h:40:
[25.984s] /opt/ros/jazzy/include/tf2_ros/tf2_ros/transform_listener.h:121:3: note: candidate: ‘template<class AllocatorT> tf2_ros::TransformListener::TransformListener(tf2::BufferCore&, rclcpp::node_interfaces::NodeBaseInterface::SharedPtr, rclcpp::node_interfaces::NodeLoggingInterface::SharedPtr, rclcpp::node_interfaces::NodeParametersInterface::SharedPtr, rclcpp::node_interfaces::NodeTopicsInterface::SharedPtr, bool, const rclcpp::QoS&, const rclcpp::QoS&, const rclcpp::SubscriptionOptionsWithAllocator<AllocatorT>&, const rclcpp::SubscriptionOptionsWithAllocator<AllocatorT>&)’
[25.984s]   121 |   TransformListener(
[25.987s]       |   ^~~~~~~~~~~~~~~~~
[25.990s] /opt/ros/jazzy/include/tf2_ros/tf2_ros/transform_listener.h:121:3: note:   template argument deduction/substitution failed:
[25.990s] /home/neha/ros2_ws/src/semnav_migration/src/navigation.cpp:46:91: note:   candidate expects 10 arguments, 0 provided
[25.990s]    46 |             NavigationNode::NavigationNode() : rclcpp::Node(std::string("navigation_node")) {
[25.996s]       |                                                                                           ^
[25.996s] /opt/ros/jazzy/include/tf2_ros/tf2_ros/transform_listener.h:96:3: note: candidate: ‘template<class NodeT, class AllocatorT> tf2_ros::TransformListener::TransformListener(tf2::BufferCore&, NodeT&&, bool, const rclcpp::QoS&, const rclcpp::QoS&, const rclcpp::SubscriptionOptionsWithAllocator<AllocatorT>&, const rclcpp::SubscriptionOptionsWithAllocator<AllocatorT>&)’
[25.996s]    96 |   TransformListener(
[25.996s]       |   ^~~~~~~~~~~~~~~~~
[25.996s] /opt/ros/jazzy/include/tf2_ros/tf2_ros/transform_listener.h:96:3: note:   template argument deduction/substitution failed:
[25.996s] /home/neha/ros2_ws/src/semnav_migration/src/navigation.cpp:46:91: note:   candidate expects 7 arguments, 0 provided
[25.997s]    46 |             NavigationNode::NavigationNode() : rclcpp::Node(std::string("navigation_node")) {
[25.997s]       |                                                                                           ^
[25.997s] /opt/ros/jazzy/include/tf2_ros/tf2_ros/transform_listener.h:92:12: note: candidate: ‘tf2_ros::TransformListener::TransformListener(tf2::BufferCore&, bool)’
[25.997s]    92 |   explicit TransformListener(tf2::BufferCore & buffer, bool spin_thread = true);
[25.997s]       |            ^~~~~~~~~~~~~~~~~
[25.997s] /opt/ros/jazzy/include/tf2_ros/tf2_ros/transform_listener.h:92:12: note:   candidate expects 2 arguments, 0 provided
[26.117s] /home/neha/ros2_ws/src/semnav_migration/src/navigation.cpp:140:103: error: no match for ‘operator=’ (operand types are ‘rclcpp::Publisher<geometry_msgs::msg::Twist_<std::allocator<void> > >::SharedPtr’ {aka ‘std::shared_ptr<rclcpp::Publisher<geometry_msgs::msg::Twist_<std::allocator<void> > > >’} and ‘std::shared_ptr<rclcpp::Publisher<example_interfaces::msg::UInt32_<std::allocator<void> > > >’)
[26.117s]   140 |             pub_twist_ = this->create_publisher<example_interfaces::msg::UInt32>("pub_twist_topic_", 1);
[26.117s]       |                                                                                                       ^
[26.125s] In file included from /usr/include/c++/13/memory:80,
[26.125s]                  from /usr/include/boost/math/cstdfloat/cstdfloat_cmath.hpp:25,
[26.125s]                  from /usr/include/boost/cstdfloat.hpp:27,
[26.125s]                  from /usr/include/boost/multiprecision/detail/float128_functions.hpp:15,
[26.126s]                  from /usr/include/boost/multiprecision/detail/fpclassify.hpp:13,
[26.126s]                  from /usr/include/boost/multiprecision/detail/default_ops.hpp:15,
[26.126s]                  from /usr/include/boost/multiprecision/detail/generic_interconvert.hpp:12,
[26.126s]                  from /usr/include/boost/multiprecision/number.hpp:12,
[26.126s]                  from /usr/include/boost/multiprecision/cpp_int.hpp:19,
[26.126s]                  from /usr/include/boost/multiprecision/cpp_bin_float.hpp:15,
[26.130s]                  from /usr/include/boost/geometry/core/coordinate_promotion.hpp:16,
[26.130s]                  from /usr/include/boost/geometry/core/radian_access.hpp:30,
[26.130s]                  from /usr/include/boost/geometry/geometry.hpp:50,
[26.130s]                  from /usr/include/boost/geometry.hpp:17,
[26.130s]                  from /home/neha/ros2_ws/src/semnav_migration/include/reactive_planner_lib.h:26:
[26.130s] /usr/include/c++/13/bits/shared_ptr.h:418:9: note: candidate: ‘template<class _Yp> std::shared_ptr<_Tp>::_Assignable<const std::shared_ptr<_Yp>&> std::shared_ptr<_Tp>::operator=(const std::shared_ptr<_Yp>&) [with _Tp = rclcpp::Publisher<geometry_msgs::msg::Twist_<std::allocator<void> > >]’
[26.130s]   418 |         operator=(const shared_ptr<_Yp>& __r) noexcept
[26.131s]       |         ^~~~~~~~
[26.131s] /usr/include/c++/13/bits/shared_ptr.h:418:9: note:   template argument deduction/substitution failed:
[26.131s] /usr/include/c++/13/bits/shared_ptr.h: In substitution of ‘template<class _Tp> template<class _Arg> using std::shared_ptr<_Tp>::_Assignable = typename std::enable_if<std::is_assignable<std::__shared_ptr<_Tp>&, _Arg>::value, std::shared_ptr<_Tp>&>::type [with _Arg = const std::shared_ptr<rclcpp::Publisher<example_interfaces::msg::UInt32_<std::allocator<void> > > >&; _Tp = rclcpp::Publisher<geometry_msgs::msg::Twist_<std::allocator<void> > >]’:
[26.131s] /usr/include/c++/13/bits/shared_ptr.h:418:2:   required by substitution of ‘template<class _Yp> std::shared_ptr<rclcpp::Publisher<geometry_msgs::msg::Twist_<std::allocator<void> > > >::_Assignable<const std::shared_ptr<_Tp>&> std::shared_ptr<rclcpp::Publisher<geometry_msgs::msg::Twist_<std::allocator<void> > > >::operator=(const std::shared_ptr<_Tp>&) [with _Yp = rclcpp::Publisher<example_interfaces::msg::UInt32_<std::allocator<void> > >]’
[26.131s] /home/neha/ros2_ws/src/semnav_migration/src/navigation.cpp:140:103:   required from here
[26.140s] /usr/include/c++/13/bits/shared_ptr.h:183:15: error: no type named ‘type’ in ‘struct std::enable_if<false, std::shared_ptr<rclcpp::Publisher<geometry_msgs::msg::Twist_<std::allocator<void> > > >&>’
[26.140s]   183 |         using _Assignable = typename enable_if<
[26.140s]       |               ^~~~~~~~~~~
[26.140s] /usr/include/c++/13/bits/shared_ptr.h:429:9: note: candidate: ‘template<class _Yp> std::shared_ptr<_Tp>::_Assignable<std::auto_ptr<_Up> > std::shared_ptr<_Tp>::operator=(std::auto_ptr<_Up>&&) [with _Tp = rclcpp::Publisher<geometry_msgs::msg::Twist_<std::allocator<void> > >]’
[26.140s]   429 |         operator=(auto_ptr<_Yp>&& __r)
[26.141s]       |         ^~~~~~~~
[26.141s] /usr/include/c++/13/bits/shared_ptr.h:429:9: note:   template argument deduction/substitution failed:
[26.141s] /home/neha/ros2_ws/src/semnav_migration/src/navigation.cpp:140:103: note:   ‘std::shared_ptr<rclcpp::Publisher<example_interfaces::msg::UInt32_<std::allocator<void> > > >’ is not derived from ‘std::auto_ptr<T>’
[26.141s]   140 |             pub_twist_ = this->create_publisher<example_interfaces::msg::UInt32>("pub_twist_topic_", 1);
[26.141s]       |                                                                                                       ^
[26.141s] /usr/include/c++/13/bits/shared_ptr.h:446:9: note: candidate: ‘template<class _Yp> std::shared_ptr<_Tp>::_Assignable<std::shared_ptr<_Yp> > std::shared_ptr<_Tp>::operator=(std::shared_ptr<_Yp>&&) [with _Tp = rclcpp::Publisher<geometry_msgs::msg::Twist_<std::allocator<void> > >]’
[26.148s]   446 |         operator=(shared_ptr<_Yp>&& __r) noexcept
[26.149s]       |         ^~~~~~~~
[26.149s] /usr/include/c++/13/bits/shared_ptr.h:446:9: note:   template argument deduction/substitution failed:
[26.149s] /usr/include/c++/13/bits/shared_ptr.h: In substitution of ‘template<class _Tp> template<class _Arg> using std::shared_ptr<_Tp>::_Assignable = typename std::enable_if<std::is_assignable<std::__shared_ptr<_Tp>&, _Arg>::value, std::shared_ptr<_Tp>&>::type [with _Arg = std::shared_ptr<rclcpp::Publisher<example_interfaces::msg::UInt32_<std::allocator<void> > > >; _Tp = rclcpp::Publisher<geometry_msgs::msg::Twist_<std::allocator<void> > >]’:
[26.149s] /usr/include/c++/13/bits/shared_ptr.h:446:2:   required by substitution of ‘template<class _Yp> std::shared_ptr<rclcpp::Publisher<geometry_msgs::msg::Twist_<std::allocator<void> > > >::_Assignable<std::shared_ptr<_Tp> > std::shared_ptr<rclcpp::Publisher<geometry_msgs::msg::Twist_<std::allocator<void> > > >::operator=(std::shared_ptr<_Tp>&&) [with _Yp = rclcpp::Publisher<example_interfaces::msg::UInt32_<std::allocator<void> > >]’
[26.149s] /home/neha/ros2_ws/src/semnav_migration/src/navigation.cpp:140:103:   required from here
[26.149s] /usr/include/c++/13/bits/shared_ptr.h:183:15: error: no type named ‘type’ in ‘struct std::enable_if<false, std::shared_ptr<rclcpp::Publisher<geometry_msgs::msg::Twist_<std::allocator<void> > > >&>’
[26.150s]   183 |         using _Assignable = typename enable_if<
[26.150s]       |               ^~~~~~~~~~~
[26.150s] /usr/include/c++/13/bits/shared_ptr.h:454:9: note: candidate: ‘template<class _Yp, class _Del> std::shared_ptr<_Tp>::_Assignable<std::unique_ptr<_Up, _Ep> > std::shared_ptr<_Tp>::operator=(std::unique_ptr<_Up, _Ep>&&) [with _Del = _Yp; _Tp = rclcpp::Publisher<geometry_msgs::msg::Twist_<std::allocator<void> > >]’
[26.150s]   454 |         operator=(unique_ptr<_Yp, _Del>&& __r)
[26.150s]       |         ^~~~~~~~
[26.150s] /usr/include/c++/13/bits/shared_ptr.h:454:9: note:   template argument deduction/substitution failed:
[26.156s] /home/neha/ros2_ws/src/semnav_migration/src/navigation.cpp:140:103: note:   ‘std::shared_ptr<rclcpp::Publisher<example_interfaces::msg::UInt32_<std::allocator<void> > > >’ is not derived from ‘std::unique_ptr<_Tp, _Dp>’
[26.156s]   140 |             pub_twist_ = this->create_publisher<example_interfaces::msg::UInt32>("pub_twist_topic_", 1);
[26.157s]       |                                                                                                       ^
[26.157s] /usr/include/c++/13/bits/shared_ptr.h:414:19: note: candidate: ‘std::shared_ptr<_Tp>& std::shared_ptr<_Tp>::operator=(const std::shared_ptr<_Tp>&) [with _Tp = rclcpp::Publisher<geometry_msgs::msg::Twist_<std::allocator<void> > >]’
[26.157s]   414 |       shared_ptr& operator=(const shared_ptr&) noexcept = default;
[26.157s]       |                   ^~~~~~~~
[26.157s] /usr/include/c++/13/bits/shared_ptr.h:414:29: note:   no known conversion for argument 1 from ‘std::shared_ptr<rclcpp::Publisher<example_interfaces::msg::UInt32_<std::allocator<void> > > >’ to ‘const std::shared_ptr<rclcpp::Publisher<geometry_msgs::msg::Twist_<std::allocator<void> > > >&’
[26.157s]   414 |       shared_ptr& operator=(const shared_ptr&) noexcept = default;
[26.157s]       |                             ^~~~~~~~~~~~~~~~~
[26.158s] /usr/include/c++/13/bits/shared_ptr.h:438:7: note: candidate: ‘std::shared_ptr<_Tp>& std::shared_ptr<_Tp>::operator=(std::shared_ptr<_Tp>&&) [with _Tp = rclcpp::Publisher<geometry_msgs::msg::Twist_<std::allocator<void> > >]’
[26.158s]   438 |       operator=(shared_ptr&& __r) noexcept
[26.158s]       |       ^~~~~~~~
[26.158s] /usr/include/c++/13/bits/shared_ptr.h:438:30: note:   no known conversion for argument 1 from ‘std::shared_ptr<rclcpp::Publisher<example_interfaces::msg::UInt32_<std::allocator<void> > > >’ to ‘std::shared_ptr<rclcpp::Publisher<geometry_msgs::msg::Twist_<std::allocator<void> > > >&&’
[26.158s]   438 |       operator=(shared_ptr&& __r) noexcept
[26.158s]       |                 ~~~~~~~~~~~~~^~~
[26.383s] /home/neha/ros2_ws/src/semnav_migration/src/navigation.cpp:143:116: error: no matching function for call to ‘message_filters::Subscriber<sensor_msgs::msg::LaserScan_<std::allocator<void> > >::Subscriber(rclcpp::Node&, std::string&, int)’
[26.384s]   143 |                         message_filters::Subscriber<sensor_msgs::msg::LaserScan> sub_laser(nh_, sub_laser_topic_, 1);
[26.384s]       |                                                                                                                    ^
[26.384s] In file included from /home/neha/ros2_ws/src/semnav_migration/include/reactive_planner_lib.h:44:
[26.384s] /opt/ros/jazzy/include/message_filters/message_filters/subscriber.h:224:3: note: candidate: ‘message_filters::Subscriber<M, NodeType>::Subscriber() [with M = sensor_msgs::msg::LaserScan_<std::allocator<void> >; NodeType = rclcpp::Node]’
[26.384s]   224 |   Subscriber() = default;
[26.389s]       |   ^~~~~~~~~~
[26.390s] /opt/ros/jazzy/include/message_filters/message_filters/subscriber.h:224:3: note:   candidate expects 0 arguments, 3 provided
[26.394s] /opt/ros/jazzy/include/message_filters/message_filters/subscriber.h:212:3: note: candidate: ‘message_filters::Subscriber<M, NodeType>::Subscriber(NodeType*, const std::string&, rmw_qos_profile_t, rclcpp::SubscriptionOptions) [with M = sensor_msgs::msg::LaserScan_<std::allocator<void> >; NodeType = rclcpp::Node; std::string = std::__cxx11::basic_string<char>; rmw_qos_profile_t = rmw_qos_profile_s; rclcpp::SubscriptionOptions = rclcpp::SubscriptionOptionsWithAllocator<std::allocator<void> >]’
[26.395s]   212 |   Subscriber(
[26.395s]       |   ^~~~~~~~~~
[26.395s] /opt/ros/jazzy/include/message_filters/message_filters/subscriber.h:212:3: note:   candidate expects 4 arguments, 3 provided
[26.395s] /opt/ros/jazzy/include/message_filters/message_filters/subscriber.h:203:3: note: candidate: ‘message_filters::Subscriber<M, NodeType>::Subscriber(NodePtr, const std::string&, rmw_qos_profile_t, rclcpp::SubscriptionOptions) [with M = sensor_msgs::msg::LaserScan_<std::allocator<void> >; NodeType = rclcpp::Node; NodePtr = std::shared_ptr<rclcpp::Node>; std::string = std::__cxx11::basic_string<char>; rmw_qos_profile_t = rmw_qos_profile_s; rclcpp::SubscriptionOptions = rclcpp::SubscriptionOptionsWithAllocator<std::allocator<void> >]’
[26.395s]   203 |   Subscriber(
[26.395s]       |   ^~~~~~~~~~
[26.396s] /opt/ros/jazzy/include/message_filters/message_filters/subscriber.h:203:3: note:   candidate expects 4 arguments, 3 provided
[26.396s] /opt/ros/jazzy/include/message_filters/message_filters/subscriber.h:188:3: note: candidate: ‘message_filters::Subscriber<M, NodeType>::Subscriber(NodeType*, const std::string&, rmw_qos_profile_t) [with M = sensor_msgs::msg::LaserScan_<std::allocator<void> >; NodeType = rclcpp::Node; std::string = std::__cxx11::basic_string<char>; rmw_qos_profile_t = rmw_qos_profile_s]’
[26.396s]   188 |   Subscriber(NodeType * node, const std::string& topic, const rmw_qos_profile_t qos = rmw_qos_profile_default)
[26.396s]       |   ^~~~~~~~~~
[26.396s] /opt/ros/jazzy/include/message_filters/message_filters/subscriber.h:188:25: note:   no known conversion for argument 1 from ‘rclcpp::Node’ to ‘rclcpp::Node*’
[26.396s]   188 |   Subscriber(NodeType * node, const std::string& topic, const rmw_qos_profile_t qos = rmw_qos_profile_default)
[26.403s]       |              ~~~~~~~~~~~^~~~
[26.403s] /opt/ros/jazzy/include/message_filters/message_filters/subscriber.h:183:3: note: candidate: ‘message_filters::Subscriber<M, NodeType>::Subscriber(NodePtr, const std::string&, rmw_qos_profile_t) [with M = sensor_msgs::msg::LaserScan_<std::allocator<void> >; NodeType = rclcpp::Node; NodePtr = std::shared_ptr<rclcpp::Node>; std::string = std::__cxx11::basic_string<char>; rmw_qos_profile_t = rmw_qos_profile_s]’
[26.404s]   183 |   Subscriber(NodePtr node, const std::string& topic, const rmw_qos_profile_t qos = rmw_qos_profile_default)
[26.404s]       |   ^~~~~~~~~~
[26.404s] /opt/ros/jazzy/include/message_filters/message_filters/subscriber.h:183:22: note:   no known conversion for argument 1 from ‘rclcpp::Node’ to ‘message_filters::Subscriber<sensor_msgs::msg::LaserScan_<std::allocator<void> > >::NodePtr’ {aka ‘std::shared_ptr<rclcpp::Node>’}
[26.404s]   183 |   Subscriber(NodePtr node, const std::string& topic, const rmw_qos_profile_t qos = rmw_qos_profile_default)
[26.404s]       |              ~~~~~~~~^~~~
[26.518s] /home/neha/ros2_ws/src/semnav_migration/src/navigation.cpp:144:112: error: no matching function for call to ‘message_filters::Subscriber<nav_msgs::msg::Odometry_<std::allocator<void> > >::Subscriber(rclcpp::Node&, std::string&, int)’
[26.519s]   144 |                         message_filters::Subscriber<nav_msgs::msg::Odometry> sub_robot(nh_, sub_robot_topic_, 1);
[26.519s]       |                                                                                                                ^
[26.519s] /opt/ros/jazzy/include/message_filters/message_filters/subscriber.h:224:3: note: candidate: ‘message_filters::Subscriber<M, NodeType>::Subscriber() [with M = nav_msgs::msg::Odometry_<std::allocator<void> >; NodeType = rclcpp::Node]’
[26.520s]   224 |   Subscriber() = default;
[26.520s]       |   ^~~~~~~~~~
[26.520s] /opt/ros/jazzy/include/message_filters/message_filters/subscriber.h:224:3: note:   candidate expects 0 arguments, 3 provided
[26.520s] /opt/ros/jazzy/include/message_filters/message_filters/subscriber.h:212:3: note: candidate: ‘message_filters::Subscriber<M, NodeType>::Subscriber(NodeType*, const std::string&, rmw_qos_profile_t, rclcpp::SubscriptionOptions) [with M = nav_msgs::msg::Odometry_<std::allocator<void> >; NodeType = rclcpp::Node; std::string = std::__cxx11::basic_string<char>; rmw_qos_profile_t = rmw_qos_profile_s; rclcpp::SubscriptionOptions = rclcpp::SubscriptionOptionsWithAllocator<std::allocator<void> >]’
[26.520s]   212 |   Subscriber(
[26.520s]       |   ^~~~~~~~~~
[26.523s] /opt/ros/jazzy/include/message_filters/message_filters/subscriber.h:212:3: note:   candidate expects 4 arguments, 3 provided
[26.523s] /opt/ros/jazzy/include/message_filters/message_filters/subscriber.h:203:3: note: candidate: ‘message_filters::Subscriber<M, NodeType>::Subscriber(NodePtr, const std::string&, rmw_qos_profile_t, rclcpp::SubscriptionOptions) [with M = nav_msgs::msg::Odometry_<std::allocator<void> >; NodeType = rclcpp::Node; NodePtr = std::shared_ptr<rclcpp::Node>; std::string = std::__cxx11::basic_string<char>; rmw_qos_profile_t = rmw_qos_profile_s; rclcpp::SubscriptionOptions = rclcpp::SubscriptionOptionsWithAllocator<std::allocator<void> >]’
[26.523s]   203 |   Subscriber(
[26.524s]       |   ^~~~~~~~~~
[26.524s] /opt/ros/jazzy/include/message_filters/message_filters/subscriber.h:203:3: note:   candidate expects 4 arguments, 3 provided
[26.524s] /opt/ros/jazzy/include/message_filters/message_filters/subscriber.h:188:3: note: candidate: ‘message_filters::Subscriber<M, NodeType>::Subscriber(NodeType*, const std::string&, rmw_qos_profile_t) [with M = nav_msgs::msg::Odometry_<std::allocator<void> >; NodeType = rclcpp::Node; std::string = std::__cxx11::basic_string<char>; rmw_qos_profile_t = rmw_qos_profile_s]’
[26.524s]   188 |   Subscriber(NodeType * node, const std::string& topic, const rmw_qos_profile_t qos = rmw_qos_profile_default)
[26.524s]       |   ^~~~~~~~~~
[26.524s] /opt/ros/jazzy/include/message_filters/message_filters/subscriber.h:188:25: note:   no known conversion for argument 1 from ‘rclcpp::Node’ to ‘rclcpp::Node*’
[26.535s]   188 |   Subscriber(NodeType * node, const std::string& topic, const rmw_qos_profile_t qos = rmw_qos_profile_default)
[26.535s]       |              ~~~~~~~~~~~^~~~
[26.535s] /opt/ros/jazzy/include/message_filters/message_filters/subscriber.h:183:3: note: candidate: ‘message_filters::Subscriber<M, NodeType>::Subscriber(NodePtr, const std::string&, rmw_qos_profile_t) [with M = nav_msgs::msg::Odometry_<std::allocator<void> >; NodeType = rclcpp::Node; NodePtr = std::shared_ptr<rclcpp::Node>; std::string = std::__cxx11::basic_string<char>; rmw_qos_profile_t = rmw_qos_profile_s]’
[26.535s]   183 |   Subscriber(NodePtr node, const std::string& topic, const rmw_qos_profile_t qos = rmw_qos_profile_default)
[26.537s]       |   ^~~~~~~~~~
[26.538s] /opt/ros/jazzy/include/message_filters/message_filters/subscriber.h:183:22: note:   no known conversion for argument 1 from ‘rclcpp::Node’ to ‘message_filters::Subscriber<nav_msgs::msg::Odometry_<std::allocator<void> > >::NodePtr’ {aka ‘std::shared_ptr<rclcpp::Node>’}
[26.543s]   183 |   Subscriber(NodePtr node, const std::string& topic, const rmw_qos_profile_t qos = rmw_qos_profile_default)
[26.543s]       |              ~~~~~~~~^~~~
[26.589s] /home/neha/ros2_ws/src/semnav_migration/src/navigation_semantic.cpp:46:13: error: extra qualification ‘SemanticNavigationNode::’ on member ‘SemanticNavigationNode’ [-fpermissive]
[26.589s]    46 |             SemanticNavigationNode::SemanticNavigationNode() : Node("semantic_navigation_node") {
[26.589s]       |             ^~~~~~~~~~~~~~~~~~~~~~
[26.646s] /home/neha/ros2_ws/src/semnav_migration/src/navigation_semantic.cpp: In constructor ‘SemanticNavigationNode::SemanticNavigationNode()’:
[26.646s] /home/neha/ros2_ws/src/semnav_migration/src/navigation_semantic.cpp:46:95: error: no matching function for call to ‘rclcpp::Node::Node()’
[26.646s]    46 |             SemanticNavigationNode::SemanticNavigationNode() : Node("semantic_navigation_node") {
[26.646s]       |                                                                                               ^
[26.651s] In file included from /opt/ros/jazzy/include/rclcpp/rclcpp/executors/single_threaded_executor.hpp:28,
[26.651s]                  from /opt/ros/jazzy/include/rclcpp/rclcpp/executors.hpp:22,
[26.651s]                  from /opt/ros/jazzy/include/rclcpp/rclcpp/rclcpp.hpp:172,
[26.651s]                  from /home/neha/ros2_ws/src/semnav_migration/include/reactive_planner_lib.h:32,
[26.652s]                  from /home/neha/ros2_ws/src/semnav_migration/src/navigation_semantic.cpp:25:
[26.655s] /opt/ros/jazzy/include/rclcpp/rclcpp/node.hpp:1629:3: note: candidate: ‘rclcpp::Node::Node(const rclcpp::Node&, const std::string&)’
[26.656s]  1629 |   Node(
[26.656s]       |   ^~~~
[26.656s] /opt/ros/jazzy/include/rclcpp/rclcpp/node.hpp:1629:3: note:   candidate expects 2 arguments, 0 provided
[26.656s] /opt/ros/jazzy/include/rclcpp/rclcpp/node.hpp:103:12: note: candidate: ‘rclcpp::Node::Node(const std::string&, const std::string&, const rclcpp::NodeOptions&)’
[26.658s]   103 |   explicit Node(
[26.658s]       |            ^~~~
[26.658s] /opt/ros/jazzy/include/rclcpp/rclcpp/node.hpp:103:12: note:   candidate expects 3 arguments, 0 provided
[26.659s] /opt/ros/jazzy/include/rclcpp/rclcpp/node.hpp:91:12: note: candidate: ‘rclcpp::Node::Node(const std::string&, const rclcpp::NodeOptions&)’
[26.659s]    91 |   explicit Node(
[26.659s]       |            ^~~~
[26.659s] /opt/ros/jazzy/include/rclcpp/rclcpp/node.hpp:91:12: note:   candidate expects 2 arguments, 0 provided
[26.659s] /home/neha/ros2_ws/src/semnav_migration/src/navigation_semantic.cpp:46:95: error: no matching function for call to ‘tf2_ros::TransformListener::TransformListener()’
[26.659s]    46 |             SemanticNavigationNode::SemanticNavigationNode() : Node("semantic_navigation_node") {
[26.664s]       |                                                                                               ^
[26.665s] In file included from /home/neha/ros2_ws/src/semnav_migration/include/reactive_planner_lib.h:40:
[26.665s] /opt/ros/jazzy/include/tf2_ros/tf2_ros/transform_listener.h:121:3: note: candidate: ‘template<class AllocatorT> tf2_ros::TransformListener::TransformListener(tf2::BufferCore&, rclcpp::node_interfaces::NodeBaseInterface::SharedPtr, rclcpp::node_interfaces::NodeLoggingInterface::SharedPtr, rclcpp::node_interfaces::NodeParametersInterface::SharedPtr, rclcpp::node_interfaces::NodeTopicsInterface::SharedPtr, bool, const rclcpp::QoS&, const rclcpp::QoS&, const rclcpp::SubscriptionOptionsWithAllocator<AllocatorT>&, const rclcpp::SubscriptionOptionsWithAllocator<AllocatorT>&)’
[26.665s]   121 |   TransformListener(
[26.670s]       |   ^~~~~~~~~~~~~~~~~
[26.671s] /opt/ros/jazzy/include/tf2_ros/tf2_ros/transform_listener.h:121:3: note:   template argument deduction/substitution failed:
[26.686s] /home/neha/ros2_ws/src/semnav_migration/src/navigation_semantic.cpp:46:95: note:   candidate expects 10 arguments, 0 provided
[26.686s]    46 |             SemanticNavigationNode::SemanticNavigationNode() : Node("semantic_navigation_node") {
[26.686s]       |                                                                                               ^
[26.688s] /opt/ros/jazzy/include/tf2_ros/tf2_ros/transform_listener.h:96:3: note: candidate: ‘template<class NodeT, class AllocatorT> tf2_ros::TransformListener::TransformListener(tf2::BufferCore&, NodeT&&, bool, const rclcpp::QoS&, const rclcpp::QoS&, const rclcpp::SubscriptionOptionsWithAllocator<AllocatorT>&, const rclcpp::SubscriptionOptionsWithAllocator<AllocatorT>&)’
[26.690s]    96 |   TransformListener(
[26.690s]       |   ^~~~~~~~~~~~~~~~~
[26.691s] /opt/ros/jazzy/include/tf2_ros/tf2_ros/transform_listener.h:96:3: note:   template argument deduction/substitution failed:
[26.691s] /home/neha/ros2_ws/src/semnav_migration/src/navigation_semantic.cpp:46:95: note:   candidate expects 7 arguments, 0 provided
[26.691s]    46 |             SemanticNavigationNode::SemanticNavigationNode() : Node("semantic_navigation_node") {
[26.691s]       |                                                                                               ^
[26.691s] /opt/ros/jazzy/include/tf2_ros/tf2_ros/transform_listener.h:92:12: note: candidate: ‘tf2_ros::TransformListener::TransformListener(tf2::BufferCore&, bool)’
[26.696s]    92 |   explicit TransformListener(tf2::BufferCore & buffer, bool spin_thread = true);
[26.697s]       |            ^~~~~~~~~~~~~~~~~
[26.697s] /opt/ros/jazzy/include/tf2_ros/tf2_ros/transform_listener.h:92:12: note:   candidate expects 2 arguments, 0 provided
[26.817s] /home/neha/ros2_ws/src/semnav_migration/src/navigation_semantic.cpp:143:116: error: no matching function for call to ‘message_filters::Subscriber<sensor_msgs::msg::LaserScan_<std::allocator<void> > >::Subscriber(rclcpp::Node&, std::string&, int)’
[26.818s]   143 |                         message_filters::Subscriber<sensor_msgs::msg::LaserScan> sub_laser(nh_, sub_laser_topic_, 1);
[26.820s]       |                                                                                                                    ^
[26.820s] In file included from /home/neha/ros2_ws/src/semnav_migration/include/reactive_planner_lib.h:44:
[26.820s] /opt/ros/jazzy/include/message_filters/message_filters/subscriber.h:224:3: note: candidate: ‘message_filters::Subscriber<M, NodeType>::Subscriber() [with M = sensor_msgs::msg::LaserScan_<std::allocator<void> >; NodeType = rclcpp::Node]’
[26.820s]   224 |   Subscriber() = default;
[26.820s]       |   ^~~~~~~~~~
[26.824s] /opt/ros/jazzy/include/message_filters/message_filters/subscriber.h:224:3: note:   candidate expects 0 arguments, 3 provided
[26.824s] /opt/ros/jazzy/include/message_filters/message_filters/subscriber.h:212:3: note: candidate: ‘message_filters::Subscriber<M, NodeType>::Subscriber(NodeType*, const std::string&, rmw_qos_profile_t, rclcpp::SubscriptionOptions) [with M = sensor_msgs::msg::LaserScan_<std::allocator<void> >; NodeType = rclcpp::Node; std::string = std::__cxx11::basic_string<char>; rmw_qos_profile_t = rmw_qos_profile_s; rclcpp::SubscriptionOptions = rclcpp::SubscriptionOptionsWithAllocator<std::allocator<void> >]’
[26.824s]   212 |   Subscriber(
[26.824s]       |   ^~~~~~~~~~
[26.824s] /opt/ros/jazzy/include/message_filters/message_filters/subscriber.h:212:3: note:   candidate expects 4 arguments, 3 provided
[26.824s] /opt/ros/jazzy/include/message_filters/message_filters/subscriber.h:203:3: note: candidate: ‘message_filters::Subscriber<M, NodeType>::Subscriber(NodePtr, const std::string&, rmw_qos_profile_t, rclcpp::SubscriptionOptions) [with M = sensor_msgs::msg::LaserScan_<std::allocator<void> >; NodeType = rclcpp::Node; NodePtr = std::shared_ptr<rclcpp::Node>; std::string = std::__cxx11::basic_string<char>; rmw_qos_profile_t = rmw_qos_profile_s; rclcpp::SubscriptionOptions = rclcpp::SubscriptionOptionsWithAllocator<std::allocator<void> >]’
[26.825s]   203 |   Subscriber(
[26.825s]       |   ^~~~~~~~~~
[26.825s] /opt/ros/jazzy/include/message_filters/message_filters/subscriber.h:203:3: note:   candidate expects 4 arguments, 3 provided
[26.825s] /opt/ros/jazzy/include/message_filters/message_filters/subscriber.h:188:3: note: candidate: ‘message_filters::Subscriber<M, NodeType>::Subscriber(NodeType*, const std::string&, rmw_qos_profile_t) [with M = sensor_msgs::msg::LaserScan_<std::allocator<void> >; NodeType = rclcpp::Node; std::string = std::__cxx11::basic_string<char>; rmw_qos_profile_t = rmw_qos_profile_s]’
[26.831s]   188 |   Subscriber(NodeType * node, const std::string& topic, const rmw_qos_profile_t qos = rmw_qos_profile_default)
[26.831s]       |   ^~~~~~~~~~
[26.831s] /opt/ros/jazzy/include/message_filters/message_filters/subscriber.h:188:25: note:   no known conversion for argument 1 from ‘rclcpp::Node’ to ‘rclcpp::Node*’
[26.831s]   188 |   Subscriber(NodeType * node, const std::string& topic, const rmw_qos_profile_t qos = rmw_qos_profile_default)
[26.831s]       |              ~~~~~~~~~~~^~~~
[26.831s] /opt/ros/jazzy/include/message_filters/message_filters/subscriber.h:183:3: note: candidate: ‘message_filters::Subscriber<M, NodeType>::Subscriber(NodePtr, const std::string&, rmw_qos_profile_t) [with M = sensor_msgs::msg::LaserScan_<std::allocator<void> >; NodeType = rclcpp::Node; NodePtr = std::shared_ptr<rclcpp::Node>; std::string = std::__cxx11::basic_string<char>; rmw_qos_profile_t = rmw_qos_profile_s]’
[26.832s]   183 |   Subscriber(NodePtr node, const std::string& topic, const rmw_qos_profile_t qos = rmw_qos_profile_default)
[26.832s]       |   ^~~~~~~~~~
[26.832s] /opt/ros/jazzy/include/message_filters/message_filters/subscriber.h:183:22: note:   no known conversion for argument 1 from ‘rclcpp::Node’ to ‘message_filters::Subscriber<sensor_msgs::msg::LaserScan_<std::allocator<void> > >::NodePtr’ {aka ‘std::shared_ptr<rclcpp::Node>’}
[26.832s]   183 |   Subscriber(NodePtr node, const std::string& topic, const rmw_qos_profile_t qos = rmw_qos_profile_default)
[26.832s]       |              ~~~~~~~~^~~~
[26.914s] /home/neha/ros2_ws/src/semnav_migration/src/navigation_semantic.cpp:144:100: error: no matching function for call to ‘message_filters::Subscriber<nav_msgs::msg::Odometry_<std::allocator<void> > >::Subscriber(rclcpp::Node&, std::string&, int)’
[26.915s]   144 |             message_filters::Subscriber<nav_msgs::msg::Odometry> sub_robot(nh_, sub_robot_topic_, 1);
[26.915s]       |                                                                                                    ^
[26.915s] /opt/ros/jazzy/include/message_filters/message_filters/subscriber.h:224:3: note: candidate: ‘message_filters::Subscriber<M, NodeType>::Subscriber() [with M = nav_msgs::msg::Odometry_<std::allocator<void> >; NodeType = rclcpp::Node]’
[26.915s]   224 |   Subscriber() = default;
[26.915s]       |   ^~~~~~~~~~
[26.915s] /opt/ros/jazzy/include/message_filters/message_filters/subscriber.h:224:3: note:   candidate expects 0 arguments, 3 provided
[26.915s] /opt/ros/jazzy/include/message_filters/message_filters/subscriber.h:212:3: note: candidate: ‘message_filters::Subscriber<M, NodeType>::Subscriber(NodeType*, const std::string&, rmw_qos_profile_t, rclcpp::SubscriptionOptions) [with M = nav_msgs::msg::Odometry_<std::allocator<void> >; NodeType = rclcpp::Node; std::string = std::__cxx11::basic_string<char>; rmw_qos_profile_t = rmw_qos_profile_s; rclcpp::SubscriptionOptions = rclcpp::SubscriptionOptionsWithAllocator<std::allocator<void> >]’
[26.916s]   212 |   Subscriber(
[26.916s]       |   ^~~~~~~~~~
[26.916s] /opt/ros/jazzy/include/message_filters/message_filters/subscriber.h:212:3: note:   candidate expects 4 arguments, 3 provided
[26.916s] /opt/ros/jazzy/include/message_filters/message_filters/subscriber.h:203:3: note: candidate: ‘message_filters::Subscriber<M, NodeType>::Subscriber(NodePtr, const std::string&, rmw_qos_profile_t, rclcpp::SubscriptionOptions) [with M = nav_msgs::msg::Odometry_<std::allocator<void> >; NodeType = rclcpp::Node; NodePtr = std::shared_ptr<rclcpp::Node>; std::string = std::__cxx11::basic_string<char>; rmw_qos_profile_t = rmw_qos_profile_s; rclcpp::SubscriptionOptions = rclcpp::SubscriptionOptionsWithAllocator<std::allocator<void> >]’
[26.916s]   203 |   Subscriber(
[26.916s]       |   ^~~~~~~~~~
[26.921s] /opt/ros/jazzy/include/message_filters/message_filters/subscriber.h:203:3: note:   candidate expects 4 arguments, 3 provided
[26.921s] /opt/ros/jazzy/include/message_filters/message_filters/subscriber.h:188:3: note: candidate: ‘message_filters::Subscriber<M, NodeType>::Subscriber(NodeType*, const std::string&, rmw_qos_profile_t) [with M = nav_msgs::msg::Odometry_<std::allocator<void> >; NodeType = rclcpp::Node; std::string = std::__cxx11::basic_string<char>; rmw_qos_profile_t = rmw_qos_profile_s]’
[26.921s]   188 |   Subscriber(NodeType * node, const std::string& topic, const rmw_qos_profile_t qos = rmw_qos_profile_default)
[26.921s]       |   ^~~~~~~~~~
[26.921s] /opt/ros/jazzy/include/message_filters/message_filters/subscriber.h:188:25: note:   no known conversion for argument 1 from ‘rclcpp::Node’ to ‘rclcpp::Node*’
[26.921s]   188 |   Subscriber(NodeType * node, const std::string& topic, const rmw_qos_profile_t qos = rmw_qos_profile_default)
[26.922s]       |              ~~~~~~~~~~~^~~~
[26.922s] /opt/ros/jazzy/include/message_filters/message_filters/subscriber.h:183:3: note: candidate: ‘message_filters::Subscriber<M, NodeType>::Subscriber(NodePtr, const std::string&, rmw_qos_profile_t) [with M = nav_msgs::msg::Odometry_<std::allocator<void> >; NodeType = rclcpp::Node; NodePtr = std::shared_ptr<rclcpp::Node>; std::string = std::__cxx11::basic_string<char>; rmw_qos_profile_t = rmw_qos_profile_s]’
[26.922s]   183 |   Subscriber(NodePtr node, const std::string& topic, const rmw_qos_profile_t qos = rmw_qos_profile_default)
[26.922s]       |   ^~~~~~~~~~
[26.922s] /opt/ros/jazzy/include/message_filters/message_filters/subscriber.h:183:22: note:   no known conversion for argument 1 from ‘rclcpp::Node’ to ‘message_filters::Subscriber<nav_msgs::msg::Odometry_<std::allocator<void> > >::NodePtr’ {aka ‘std::shared_ptr<rclcpp::Node>’}
[26.922s]   183 |   Subscriber(NodePtr node, const std::string& topic, const rmw_qos_profile_t qos = rmw_qos_profile_default)
[26.926s]       |              ~~~~~~~~^~~~
[26.959s] /home/neha/ros2_ws/src/semnav_migration/src/navigation.cpp:149:55: error: ‘bind’ is not a member of ‘boost’; did you mean ‘find’?
[26.959s]   149 |                         sync->registerCallback(boost::bind(&NavigationNode::control_callback, this, _1, _2));
[26.959s]       |                                                       ^~~~
[26.960s]       |                                                       find
[26.967s] /home/neha/ros2_ws/src/semnav_migration/src/navigation.cpp:149:101: error: ‘_1’ was not declared in this scope
[26.967s]   149 |                         sync->registerCallback(boost::bind(&NavigationNode::control_callback, this, _1, _2));
[26.971s]       |                                                                                                     ^~
[26.974s] /home/neha/ros2_ws/src/semnav_migration/src/navigation.cpp:149:101: note: suggested alternatives:
[26.975s] In file included from /usr/include/boost/mpl/aux_/include_preprocessed.hpp:37,
[26.975s]                  from /usr/include/boost/mpl/placeholders.hpp:43,
[26.975s]                  from /usr/include/boost/iterator/iterator_categories.hpp:16,
[26.975s]                  from /usr/include/boost/iterator/iterator_facade.hpp:13,
[26.975s]                  from /usr/include/boost/range/iterator_range_core.hpp:27,
[26.975s]                  from /usr/include/boost/lexical_cast.hpp:48,
[26.975s]                  from /usr/include/boost/multiprecision/detail/number_base.hpp:29,
[26.976s]                  from /usr/include/boost/multiprecision/traits/is_variable_precision.hpp:9,
[26.976s]                  from /usr/include/boost/multiprecision/detail/precision.hpp:9,
[26.976s]                  from /usr/include/boost/multiprecision/number.hpp:11:
[26.976s] /usr/include/boost/mpl/aux_/preprocessed/gcc/placeholders.hpp:29:16: note:   ‘mpl_::_1’
[26.976s]    29 | typedef arg<1> _1;
[26.976s]       |                ^~
[26.976s] In file included from /usr/include/boost/numeric/conversion/converter_policies.hpp:13,
[26.983s]                  from /usr/include/boost/numeric/conversion/converter.hpp:14,
[26.983s]                  from /usr/include/boost/numeric/conversion/cast.hpp:33,
[26.983s]                  from /usr/include/boost/geometry/core/radian_access.hpp:26:
[26.983s] /usr/include/c++/13/functional:294:48: note:   ‘std::placeholders::_1’
[26.984s]   294 |     _GLIBCXX_PLACEHOLDER const _Placeholder<1> _1;
[26.984s]       |                                                ^~
[26.984s] /usr/include/boost/mpl/aux_/preprocessed/gcc/placeholders.hpp:29:16: note:   ‘mpl_::_1’
[26.984s]    29 | typedef arg<1> _1;
[26.984s]       |                ^~
[26.984s] In file included from /usr/include/boost/describe/members.hpp:20,
[26.990s]                  from /usr/include/boost/container_hash/is_described_class.hpp:11,
[26.991s]                  from /usr/include/boost/container_hash/hash.hpp:18,
[26.991s]                  from /usr/include/boost/functional/hash.hpp:6,
[26.991s]                  from /usr/include/CGAL/Kernel/hash_functions.h:16,
[26.991s]                  from /usr/include/CGAL/Kernel/global_functions.h:25,
[26.991s]                  from /usr/include/CGAL/Cartesian/Cartesian_base.h:22,
[26.991s]                  from /usr/include/CGAL/Simple_cartesian.h:20,
[26.991s]                  from /usr/include/CGAL/Exact_predicates_inexact_constructions_kernel.h:20,
[26.992s]                  from /home/neha/ros2_ws/src/semnav_migration/include/polygeom_lib.h:32,
[26.992s]                  from /home/neha/ros2_ws/src/semnav_migration/include/reactive_planner_lib.h:52:
[26.992s] /usr/include/boost/mp11/bind.hpp:45:7: note:   ‘boost::mp11::_1’
[26.992s]    45 | using _1 = mp_arg<0>;
[26.992s]       |       ^~
[26.992s] /usr/include/boost/mpl/aux_/preprocessed/gcc/placeholders.hpp:29:16: note:   ‘mpl_::_1’
[26.998s]    29 | typedef arg<1> _1;
[26.998s]       |                ^~
[26.998s] /home/neha/ros2_ws/src/semnav_migration/src/navigation.cpp:149:105: error: ‘_2’ was not declared in this scope
[26.999s]   149 |                         sync->registerCallback(boost::bind(&NavigationNode::control_callback, this, _1, _2));
[26.999s]       |                                                                                                         ^~
[26.999s] /home/neha/ros2_ws/src/semnav_migration/src/navigation.cpp:149:105: note: suggested alternatives:
[26.999s] /usr/include/boost/mpl/aux_/preprocessed/gcc/placeholders.hpp:42:16: note:   ‘mpl_::_2’
[26.999s]    42 | typedef arg<2> _2;
[26.999s]       |                ^~
[26.999s] /usr/include/c++/13/functional:295:48: note:   ‘std::placeholders::_2’
[27.000s]   295 |     _GLIBCXX_PLACEHOLDER const _Placeholder<2> _2;
[27.000s]       |                                                ^~
[27.000s] /usr/include/boost/mpl/aux_/preprocessed/gcc/placeholders.hpp:42:16: note:   ‘mpl_::_2’
[27.000s]    42 | typedef arg<2> _2;
[27.000s]       |                ^~
[27.000s] /usr/include/boost/mp11/bind.hpp:46:7: note:   ‘boost::mp11::_2’
[27.006s]    46 | using _2 = mp_arg<1>;
[27.006s]       |       ^~
[27.006s] /usr/include/boost/mpl/aux_/preprocessed/gcc/placeholders.hpp:42:16: note:   ‘mpl_::_2’
[27.006s]    42 | typedef arg<2> _2;
[27.006s]       |                ^~
[27.006s] /home/neha/ros2_ws/src/semnav_migration/src/navigation.cpp:152:74: error: no matching function for call to ‘NavigationNode::create_subscription(std::string&, int)’
[27.006s]   152 |             rclcpp::Subscription sub_semantic = this->create_subscription(sub_semantic_topic_, 1);
[27.007s]       |                                                 ~~~~~~~~~~~~~~~~~~~~~~~~~^~~~~~~~~~~~~~~~~~~~~~~~
[27.007s] /opt/ros/jazzy/include/rclcpp/rclcpp/node.hpp:221:3: note: candidate: ‘template<class MessageT, class CallbackT, class AllocatorT, class SubscriptionT, class MessageMemoryStrategyT> std::shared_ptr<ROSMessageT> rclcpp::Node::create_subscription(const std::string&, const rclcpp::QoS&, CallbackT&&, const rclcpp::SubscriptionOptionsWithAllocator<AllocatorT>&, typename MessageMemoryStrategyT::SharedPtr)’
[27.007s]   221 |   create_subscription(
[27.007s]       |   ^~~~~~~~~~~~~~~~~~~
[27.007s] /opt/ros/jazzy/include/rclcpp/rclcpp/node.hpp:221:3: note:   template argument deduction/substitution failed:
[27.007s] /home/neha/ros2_ws/src/semnav_migration/src/navigation.cpp:152:74: note:   candidate expects 5 arguments, 2 provided
[27.014s]   152 |             rclcpp::Subscription sub_semantic = this->create_subscription(sub_semantic_topic_, 1);
[27.014s]       |                                                 ~~~~~~~~~~~~~~~~~~~~~~~~~^~~~~~~~~~~~~~~~~~~~~~~~
[27.226s] /home/neha/ros2_ws/src/semnav_migration/src/navigation_semantic.cpp:149:55: error: ‘bind’ is not a member of ‘boost’; did you mean ‘find’?
[27.226s]   149 |                         sync->registerCallback(boost::bind(&SemanticNavigationNode::control_callback, this, _1, _2));
[27.226s]       |                                                       ^~~~
[27.227s]       |                                                       find
[27.239s] /home/neha/ros2_ws/src/semnav_migration/src/navigation_semantic.cpp:149:109: error: ‘_1’ was not declared in this scope
[27.239s]   149 |                         sync->registerCallback(boost::bind(&SemanticNavigationNode::control_callback, this, _1, _2));
[27.239s]       |                                                                                                             ^~
[27.239s] /home/neha/ros2_ws/src/semnav_migration/src/navigation_semantic.cpp:149:109: note: suggested alternatives:
[27.240s] In file included from /usr/include/boost/mpl/aux_/include_preprocessed.hpp:37,
[27.240s]                  from /usr/include/boost/mpl/placeholders.hpp:43,
[27.240s]                  from /usr/include/boost/iterator/iterator_categories.hpp:16,
[27.241s]                  from /usr/include/boost/iterator/iterator_facade.hpp:13,
[27.241s]                  from /usr/include/boost/range/iterator_range_core.hpp:27,
[27.241s]                  from /usr/include/boost/lexical_cast.hpp:48,
[27.241s]                  from /usr/include/boost/multiprecision/detail/number_base.hpp:29,
[27.241s]                  from /usr/include/boost/multiprecision/traits/is_variable_precision.hpp:9,
[27.241s]                  from /usr/include/boost/multiprecision/detail/precision.hpp:9,
[27.241s]                  from /usr/include/boost/multiprecision/number.hpp:11,
[27.253s]                  from /usr/include/boost/multiprecision/cpp_int.hpp:19,
[27.253s]                  from /usr/include/boost/multiprecision/cpp_bin_float.hpp:15,
[27.253s]                  from /usr/include/boost/geometry/core/coordinate_promotion.hpp:16,
[27.253s]                  from /usr/include/boost/geometry/core/radian_access.hpp:30,
[27.253s]                  from /usr/include/boost/geometry/geometry.hpp:50,
[27.253s]                  from /usr/include/boost/geometry.hpp:17,
[27.254s]                  from /home/neha/ros2_ws/src/semnav_migration/include/reactive_planner_lib.h:26:
[27.254s] /usr/include/boost/mpl/aux_/preprocessed/gcc/placeholders.hpp:29:16: note:   ‘mpl_::_1’
[27.254s]    29 | typedef arg<1> _1;
[27.254s]       |                ^~
[27.254s] In file included from /usr/include/boost/numeric/conversion/converter_policies.hpp:13,
[27.254s]                  from /usr/include/boost/numeric/conversion/converter.hpp:14,
[27.262s]                  from /usr/include/boost/numeric/conversion/cast.hpp:33,
[27.263s]                  from /usr/include/boost/geometry/core/radian_access.hpp:26:
[27.263s] /usr/include/c++/13/functional:294:48: note:   ‘std::placeholders::_1’
[27.264s]   294 |     _GLIBCXX_PLACEHOLDER const _Placeholder<1> _1;
[27.264s]       |                                                ^~
[27.264s] /usr/include/boost/mpl/aux_/preprocessed/gcc/placeholders.hpp:29:16: note:   ‘mpl_::_1’
[27.264s]    29 | typedef arg<1> _1;
[27.264s]       |                ^~
[27.276s] In file included from /usr/include/boost/describe/members.hpp:20,
[27.278s]                  from /usr/include/boost/container_hash/is_described_class.hpp:11,
[27.279s]                  from /usr/include/boost/container_hash/hash.hpp:18,
[27.279s]                  from /usr/include/boost/functional/hash.hpp:6,
[27.279s]                  from /usr/include/CGAL/Kernel/hash_functions.h:16,
[27.279s]                  from /usr/include/CGAL/Kernel/global_functions.h:25,
[27.279s]                  from /usr/include/CGAL/Cartesian/Cartesian_base.h:22,
[27.279s]                  from /usr/include/CGAL/Simple_cartesian.h:20,
[27.289s]                  from /usr/include/CGAL/Exact_predicates_inexact_constructions_kernel.h:20,
[27.290s]                  from /home/neha/ros2_ws/src/semnav_migration/include/polygeom_lib.h:32,
[27.290s]                  from /home/neha/ros2_ws/src/semnav_migration/include/reactive_planner_lib.h:52:
[27.290s] /usr/include/boost/mp11/bind.hpp:45:7: note:   ‘boost::mp11::_1’
[27.290s]    45 | using _1 = mp_arg<0>;
[27.291s]       |       ^~
[27.291s] /usr/include/boost/mpl/aux_/preprocessed/gcc/placeholders.hpp:29:16: note:   ‘mpl_::_1’
[27.298s]    29 | typedef arg<1> _1;
[27.300s]       |                ^~
[27.301s] /home/neha/ros2_ws/src/semnav_migration/src/navigation_semantic.cpp:149:113: error: ‘_2’ was not declared in this scope
[27.301s]   149 |                         sync->registerCallback(boost::bind(&SemanticNavigationNode::control_callback, this, _1, _2));
[27.301s]       |                                                                                                                 ^~
[27.305s] /home/neha/ros2_ws/src/semnav_migration/src/navigation_semantic.cpp:149:113: note: suggested alternatives:
[27.305s] /usr/include/boost/mpl/aux_/preprocessed/gcc/placeholders.hpp:42:16: note:   ‘mpl_::_2’
[27.306s]    42 | typedef arg<2> _2;
[27.306s]       |                ^~
[27.306s] /usr/include/c++/13/functional:295:48: note:   ‘std::placeholders::_2’
[27.312s]   295 |     _GLIBCXX_PLACEHOLDER const _Placeholder<2> _2;
[27.312s]       |                                                ^~
[27.313s] /usr/include/boost/mpl/aux_/preprocessed/gcc/placeholders.hpp:42:16: note:   ‘mpl_::_2’
[27.313s]    42 | typedef arg<2> _2;
[27.313s]       |                ^~
[27.313s] /usr/include/boost/mp11/bind.hpp:46:7: note:   ‘boost::mp11::_2’
[27.313s]    46 | using _2 = mp_arg<1>;
[27.313s]       |       ^~
[27.313s] /usr/include/boost/mpl/aux_/preprocessed/gcc/placeholders.hpp:42:16: note:   ‘mpl_::_2’
[27.314s]    42 | typedef arg<2> _2;
[27.314s]       |                ^~
[27.314s] /home/neha/ros2_ws/src/semnav_migration/src/navigation_semantic.cpp:151:86: error: no matching function for call to ‘SemanticNavigationNode::create_subscription(const char [20], int)’
[27.314s]   151 |                         rclcpp::Subscription sub_semantic = this->create_subscription("sub_semantic_topic_", 1);
[27.314s]       |                                                             ~~~~~~~~~~~~~~~~~~~~~~~~~^~~~~~~~~~~~~~~~~~~~~~~~~~
[27.314s] /opt/ros/jazzy/include/rclcpp/rclcpp/node.hpp:221:3: note: candidate: ‘template<class MessageT, class CallbackT, class AllocatorT, class SubscriptionT, class MessageMemoryStrategyT> std::shared_ptr<ROSMessageT> rclcpp::Node::create_subscription(const std::string&, const rclcpp::QoS&, CallbackT&&, const rclcpp::SubscriptionOptionsWithAllocator<AllocatorT>&, typename MessageMemoryStrategyT::SharedPtr)’
[27.327s]   221 |   create_subscription(
[27.329s]       |   ^~~~~~~~~~~~~~~~~~~
[27.329s] /opt/ros/jazzy/include/rclcpp/rclcpp/node.hpp:221:3: note:   template argument deduction/substitution failed:
[27.330s] /home/neha/ros2_ws/src/semnav_migration/src/navigation_semantic.cpp:151:86: note:   candidate expects 5 arguments, 2 provided
[27.330s]   151 |                         rclcpp::Subscription sub_semantic = this->create_subscription("sub_semantic_topic_", 1);
[27.330s]       |                                                             ~~~~~~~~~~~~~~~~~~~~~~~~~^~~~~~~~~~~~~~~~~~~~~~~~~~
[27.330s] /home/neha/ros2_ws/src/semnav_migration/src/navigation_semantic.cpp: In member function ‘void SemanticNavigationNode::publish_twist(double, double)’:
[27.330s] /home/neha/ros2_ws/src/semnav_migration/src/navigation_semantic.cpp:168:50: error: no matching function for call to ‘rclcpp::Publisher<example_interfaces::msg::UInt32_<std::allocator<void> > >::publish(geometry_msgs::msg::Twist&)’
[27.330s]   168 |                         this->pub_twist_->publish(commandTwist);
[27.334s]       |                         ~~~~~~~~~~~~~~~~~~~~~~~~~^~~~~~~~~~~~~~
[27.334s] In file included from /opt/ros/jazzy/include/rclcpp/rclcpp/topic_statistics/subscription_topic_statistics.hpp:31,
[27.338s]                  from /opt/ros/jazzy/include/rclcpp/rclcpp/subscription.hpp:50,
[27.339s]                  from /opt/ros/jazzy/include/rclcpp/rclcpp/any_executable.hpp:25,
[27.339s]                  from /opt/ros/jazzy/include/rclcpp/rclcpp/memory_strategy.hpp:25,
[27.339s]                  from /opt/ros/jazzy/include/rclcpp/rclcpp/memory_strategies.hpp:18,
[27.339s]                  from /opt/ros/jazzy/include/rclcpp/rclcpp/executor_options.hpp:22,
[27.339s]                  from /opt/ros/jazzy/include/rclcpp/rclcpp/executor.hpp:38,
[27.341s]                  from /opt/ros/jazzy/include/rclcpp/rclcpp/executors/multi_threaded_executor.hpp:25,
[27.341s]                  from /opt/ros/jazzy/include/rclcpp/rclcpp/executors.hpp:21:
[27.341s] /opt/ros/jazzy/include/rclcpp/rclcpp/publisher.hpp:239:3: note: candidate: ‘template<class T> std::enable_if_t<(rosidl_generator_traits::is_message<T>::value && std::is_same<T, typename rclcpp::TypeAdapter<MessageT>::ros_message_type>::value)> rclcpp::Publisher<MessageT, AllocatorT>::publish(std::unique_ptr<T, typename std::conditional<std::is_same<typename std::allocator_traits<typename std::allocator_traits<_Allocator>::rebind_traits<typename rclcpp::TypeAdapter<MessageT, void, void>::ros_message_type>::allocator_type>::rebind_alloc<typename rclcpp::TypeAdapter<MessageT, void, void>::ros_message_type>, std::allocator<typename rclcpp::TypeAdapter<MessageT>::ros_message_type> >::value, std::default_delete<typename rclcpp::TypeAdapter<MessageT>::ros_message_type>, rclcpp::allocator::AllocatorDeleter<typename std::allocator_traits<_Allocator>::rebind_traits<typename rclcpp::TypeAdapter<MessageT, void, void>::ros_message_type>::allocator_type> >::type>) [with MessageT = example_interfaces::msg::UInt32_<std::allocator<void> >; AllocatorT = std::allocator<void>]’
[27.341s]   239 |   publish(std::unique_ptr<T, ROSMessageTypeDeleter> msg)
[27.341s]       |   ^~~~~~~
[27.341s] /opt/ros/jazzy/include/rclcpp/rclcpp/publisher.hpp:239:3: note:   template argument deduction/substitution failed:
[27.342s] /home/neha/ros2_ws/src/semnav_migration/src/navigation_semantic.cpp:168:50: note:   ‘geometry_msgs::msg::Twist_<std::allocator<void> >’ is not derived from ‘std::unique_ptr<T, std::default_delete<example_interfaces::msg::UInt32_<std::allocator<void> > > >’
[27.342s]   168 |                         this->pub_twist_->publish(commandTwist);
[27.342s]       |                         ~~~~~~~~~~~~~~~~~~~~~~~~~^~~~~~~~~~~~~~
[27.342s] /opt/ros/jazzy/include/rclcpp/rclcpp/publisher.hpp:289:3: note: candidate: ‘template<class T> std::enable_if_t<(rosidl_generator_traits::is_message<T>::value && std::is_same<T, typename rclcpp::TypeAdapter<MessageT>::ros_message_type>::value)> rclcpp::Publisher<MessageT, AllocatorT>::publish(const T&) [with MessageT = example_interfaces::msg::UInt32_<std::allocator<void> >; AllocatorT = std::allocator<void>]’
[27.342s]   289 |   publish(const T & msg)
[27.342s]       |   ^~~~~~~
[27.348s] /opt/ros/jazzy/include/rclcpp/rclcpp/publisher.hpp:289:3: note:   template argument deduction/substitution failed:
[27.348s] In file included from /usr/include/c++/13/bits/stl_iterator_base_types.h:67,
[27.348s]                  from /usr/include/c++/13/iterator:61,
[27.348s]                  from /usr/include/boost/iterator/iterator_traits.hpp:10,
[27.359s]                  from /usr/include/boost/range/mutable_iterator.hpp:23,
[27.360s]                  from /usr/include/boost/range/iterator.hpp:20,
[27.360s]                  from /usr/include/boost/range/value_type.hpp:19,
[27.360s]                  from /usr/include/boost/geometry/core/closure.hpp:21,
[27.360s]                  from /usr/include/boost/geometry/geometry.hpp:31:
[27.366s] /usr/include/c++/13/type_traits: In substitution of ‘template<bool _Cond, class _Tp> using std::enable_if_t = typename std::enable_if::type [with bool _Cond = false; _Tp = void]’:
[27.367s] /opt/ros/jazzy/include/rclcpp/rclcpp/publisher.hpp:289:3:   required by substitution of ‘template<class T> std::enable_if_t<(rosidl_generator_traits::is_message<T>::value && std::is_same<T, example_interfaces::msg::UInt32_<std::allocator<void> > >::value), void> rclcpp::Publisher<example_interfaces::msg::UInt32_<std::allocator<void> > >::publish(const T&) [with T = geometry_msgs::msg::Twist_<std::allocator<void> >]’
[27.373s] /home/neha/ros2_ws/src/semnav_migration/src/navigation_semantic.cpp:168:29:   required from here
[27.373s] /usr/include/c++/13/type_traits:2610:11: error: no type named ‘type’ in ‘struct std::enable_if<false, void>’
[27.374s]  2610 |     using enable_if_t = typename enable_if<_Cond, _Tp>::type;
[27.374s]       |           ^~~~~~~~~~~
[27.374s] /opt/ros/jazzy/include/rclcpp/rclcpp/publisher.hpp:319:3: note: candidate: ‘template<class T> std::enable_if_t<(typename rclcpp::TypeAdapter<MessageT>::is_specialized::value && std::is_same<T, typename rclcpp::TypeAdapter<MessageT>::custom_type>::value)> rclcpp::Publisher<MessageT, AllocatorT>::publish(std::unique_ptr<T, typename std::conditional<std::is_same<typename std::allocator_traits<typename std::allocator_traits<_Allocator>::rebind_traits<typename rclcpp::TypeAdapter<MessageT, void, void>::custom_type>::allocator_type>::rebind_alloc<typename rclcpp::TypeAdapter<MessageT, void, void>::custom_type>, std::allocator<typename rclcpp::TypeAdapter<MessageT>::custom_type> >::value, std::default_delete<typename rclcpp::TypeAdapter<MessageT>::custom_type>, rclcpp::allocator::AllocatorDeleter<typename std::allocator_traits<_Allocator>::rebind_traits<typename rclcpp::TypeAdapter<MessageT, void, void>::custom_type>::allocator_type> >::type>) [with MessageT = example_interfaces::msg::UInt32_<std::allocator<void> >; AllocatorT = std::allocator<void>]’
[27.374s]   319 |   publish(std::unique_ptr<T, PublishedTypeDeleter> msg)
[27.374s]       |   ^~~~~~~
[27.377s] /opt/ros/jazzy/include/rclcpp/rclcpp/publisher.hpp:319:3: note:   template argument deduction/substitution failed:
[27.377s] /home/neha/ros2_ws/src/semnav_migration/src/navigation_semantic.cpp:168:50: note:   ‘geometry_msgs::msg::Twist_<std::allocator<void> >’ is not derived from ‘std::unique_ptr<T, std::default_delete<example_interfaces::msg::UInt32_<std::allocator<void> > > >’
[27.377s]   168 |                         this->pub_twist_->publish(commandTwist);
[27.377s]       |                         ~~~~~~~~~~~~~~~~~~~~~~~~~^~~~~~~~~~~~~~
[27.378s] /opt/ros/jazzy/include/rclcpp/rclcpp/publisher.hpp:366:3: note: candidate: ‘template<class T> std::enable_if_t<(typename rclcpp::TypeAdapter<MessageT>::is_specialized::value && std::is_same<T, typename rclcpp::TypeAdapter<MessageT>::custom_type>::value)> rclcpp::Publisher<MessageT, AllocatorT>::publish(const T&) [with MessageT = example_interfaces::msg::UInt32_<std::allocator<void> >; AllocatorT = std::allocator<void>]’
[27.378s]   366 |   publish(const T & msg)
[27.378s]       |   ^~~~~~~
[27.378s] /opt/ros/jazzy/include/rclcpp/rclcpp/publisher.hpp:366:3: note:   template argument deduction/substitution failed:
[27.378s] /opt/ros/jazzy/include/rclcpp/rclcpp/publisher.hpp:384:3: note: candidate: ‘void rclcpp::Publisher<MessageT, AllocatorT>::publish(const rcl_serialized_message_t&) [with MessageT = example_interfaces::msg::UInt32_<std::allocator<void> >; AllocatorT = std::allocator<void>; rcl_serialized_message_t = rcutils_uint8_array_s]’
[27.378s]   384 |   publish(const rcl_serialized_message_t & serialized_msg)
[27.387s]       |   ^~~~~~~
[27.388s] /opt/ros/jazzy/include/rclcpp/rclcpp/publisher.hpp:384:44: note:   no known conversion for argument 1 from ‘geometry_msgs::msg::Twist’ {aka ‘geometry_msgs::msg::Twist_<std::allocator<void> >’} to ‘const rcl_serialized_message_t&’ {aka ‘const rcutils_uint8_array_s&’}
[27.388s]   384 |   publish(const rcl_serialized_message_t & serialized_msg)
[27.388s]       |           ~~~~~~~~~~~~~~~~~~~~~~~~~~~~~~~~~^~~~~~~~~~~~~~
[27.388s] /opt/ros/jazzy/include/rclcpp/rclcpp/publisher.hpp:390:3: note: candidate: ‘void rclcpp::Publisher<MessageT, AllocatorT>::publish(const rclcpp::SerializedMessage&) [with MessageT = example_interfaces::msg::UInt32_<std::allocator<void> >; AllocatorT = std::allocator<void>]’
[27.388s]   390 |   publish(const SerializedMessage & serialized_msg)
[27.393s]       |   ^~~~~~~
[27.393s] /opt/ros/jazzy/include/rclcpp/rclcpp/publisher.hpp:390:37: note:   no known conversion for argument 1 from ‘geometry_msgs::msg::Twist’ {aka ‘geometry_msgs::msg::Twist_<std::allocator<void> >’} to ‘const rclcpp::SerializedMessage&’
[27.393s]   390 |   publish(const SerializedMessage & serialized_msg)
[27.393s]       |           ~~~~~~~~~~~~~~~~~~~~~~~~~~^~~~~~~~~~~~~~
[27.393s] /opt/ros/jazzy/include/rclcpp/rclcpp/publisher.hpp:404:3: note: candidate: ‘void rclcpp::Publisher<MessageT, AllocatorT>::publish(rclcpp::LoanedMessage<typename rclcpp::TypeAdapter<MessageT>::ros_message_type, AllocatorT>&&) [with MessageT = example_interfaces::msg::UInt32_<std::allocator<void> >; AllocatorT = std::allocator<void>; typename rclcpp::TypeAdapter<MessageT>::ros_message_type = example_interfaces::msg::UInt32_<std::allocator<void> >]’
[27.393s]   404 |   publish(rclcpp::LoanedMessage<ROSMessageType, AllocatorT> && loaned_msg)
[27.400s]       |   ^~~~~~~
[27.400s] /opt/ros/jazzy/include/rclcpp/rclcpp/publisher.hpp:404:64: note:   no known conversion for argument 1 from ‘geometry_msgs::msg::Twist’ {aka ‘geometry_msgs::msg::Twist_<std::allocator<void> >’} to ‘rclcpp::LoanedMessage<example_interfaces::msg::UInt32_<std::allocator<void> >, std::allocator<void> >&&’
[27.400s]   404 |   publish(rclcpp::LoanedMessage<ROSMessageType, AllocatorT> && loaned_msg)
[27.400s]       |           ~~~~~~~~~~~~~~~~~~~~~~~~~~~~~~~~~~~~~~~~~~~~~~~~~~~~~^~~~~~~~~~
[27.469s] /home/neha/ros2_ws/src/semnav_migration/src/navigation.cpp: In member function ‘void NavigationNode::control_callback(const sensor_msgs::msg::LaserScan_<std::allocator<void> >::ConstPtr&, const nav_msgs::msg::Odometry_<std::allocator<void> >::ConstPtr&)’:
[27.470s] /home/neha/ros2_ws/src/semnav_migration/src/navigation.cpp:366:42: error: base operand of ‘->’ has non-pointer type ‘tf2_ros::TransformListener’
[27.472s]   366 |                                 listener_->waitForTransform(world_frame_id_, odom_frame_id_, rclcpp::Time(0), rclcpp::Duration(std::chrono::nanoseconds(1000000000));
[27.472s]       |                                          ^~
[27.473s] /home/neha/ros2_ws/src/semnav_migration/src/navigation.cpp:366:165: error: expected ‘)’ before ‘;’ token
[27.473s]   366 |                                 listener_->waitForTransform(world_frame_id_, odom_frame_id_, rclcpp::Time(0), rclcpp::Duration(std::chrono::nanoseconds(1000000000));
[27.475s]       |                                                                                                                                                                     ^
[27.475s] /home/neha/ros2_ws/src/semnav_migration/src/navigation.cpp:366:60: note: to match this ‘(’
[27.475s]   366 |                                 listener_->waitForTransform(world_frame_id_, odom_frame_id_, rclcpp::Time(0), rclcpp::Duration(std::chrono::nanoseconds(1000000000));
[27.478s]       |                                                            ^
[27.479s] /home/neha/ros2_ws/src/semnav_migration/src/navigation.cpp:367:43: error: ‘class tf2_ros::TransformListener’ has no member named ‘transformPose’
[27.479s]   367 |                                 listener_.transformPose(world_frame_id_, odomPose, mapPose);
[27.480s]       |                                           ^~~~~~~~~~~~~
[27.489s] /home/neha/ros2_ws/src/semnav_migration/src/navigation.cpp:396:42: error: could not convert ‘lidar_data’ from ‘shared_ptr<LaserScan_<[...]>>’ to ‘shared_ptr<LaserScan_<[...]>>’
[27.489s]   396 |                         constructLIDAR2D(lidar_data, CutoffRange_, AllowableRange_, RobotPitch_, &LIDAR);
[27.489s]       |                                          ^~~~~~~~~~
[27.489s]       |                                          |
[27.489s]       |                                          shared_ptr<LaserScan_<[...]>>
[27.495s] /home/neha/ros2_ws/src/semnav_migration/src/navigation_semantic.cpp: In member function ‘void SemanticNavigationNode::control_callback(const sensor_msgs::msg::LaserScan_<std::allocator<void> >::ConstPtr&, const nav_msgs::msg::Odometry_<std::allocator<void> >::ConstPtr&)’:
[27.495s] /home/neha/ros2_ws/src/semnav_migration/src/navigation_semantic.cpp:406:43: error: ‘class tf2_ros::TransformListener’ has no member named ‘waitForTransform’
[27.496s]   406 |                                 listener_.waitForTransform(world_frame_id_, odom_frame_id_, rclcpp::Time(0), rclcpp::Duration(std::chrono::nanoseconds(1000000000));
[27.496s]       |                                           ^~~~~~~~~~~~~~~~
[27.496s] /home/neha/ros2_ws/src/semnav_migration/src/navigation_semantic.cpp:406:164: error: expected ‘)’ before ‘;’ token
[27.496s]   406 |                                 listener_.waitForTransform(world_frame_id_, odom_frame_id_, rclcpp::Time(0), rclcpp::Duration(std::chrono::nanoseconds(1000000000));
[27.496s]       |                                                                                                                                                                    ^
[27.496s] /home/neha/ros2_ws/src/semnav_migration/src/navigation_semantic.cpp:406:59: note: to match this ‘(’
[27.497s]   406 |                                 listener_.waitForTransform(world_frame_id_, odom_frame_id_, rclcpp::Time(0), rclcpp::Duration(std::chrono::nanoseconds(1000000000));
[27.497s]       |                                                           ^
[27.497s] /home/neha/ros2_ws/src/semnav_migration/src/navigation_semantic.cpp:407:43: error: ‘class tf2_ros::TransformListener’ has no member named ‘transformPose’
[27.497s]   407 |                                 listener_.transformPose(world_frame_id_, odomPose, mapPose);
[27.497s]       |                                           ^~~~~~~~~~~~~
[27.497s] In file included from /opt/ros/jazzy/include/rclcpp/rclcpp/copy_all_parameter_values.hpp:27,
[27.497s]                  from /opt/ros/jazzy/include/rclcpp/rclcpp/rclcpp.hpp:171:
[27.502s] /home/neha/ros2_ws/src/semnav_migration/src/navigation_semantic.cpp:409:33: error: static assertion failed: First argument to logging macros must be an rclcpp::Logger
[27.503s]   409 |                                 RCLCPP_ERROR("%s",ex.what());
[27.503s]       |                                 ^~~~~~~~~~~~
[27.503s] In file included from /opt/ros/jazzy/include/rclcpp/rclcpp/logging.hpp:24:
[27.503s] /home/neha/ros2_ws/src/semnav_migration/src/navigation_semantic.cpp:409:33: error: request for member ‘get_name’ in ‘("%s")’, which is of non-class type ‘const char [3]’
[27.503s]   409 |                                 RCLCPP_ERROR("%s",ex.what());
[27.503s]       |                                 ^~~~~~~~~~~~
[27.503s] /home/neha/ros2_ws/src/semnav_migration/src/navigation_semantic.cpp:409:33: error: request for member ‘get_name’ in ‘("%s")’, which is of non-class type ‘const char [3]’
[27.503s]   409 |                                 RCLCPP_ERROR("%s",ex.what());
[27.504s]       |                                 ^~~~~~~~~~~~
[27.507s] /home/neha/ros2_ws/src/semnav_migration/src/navigation_semantic.cpp:434:42: error: could not convert ‘lidar_data’ from ‘shared_ptr<LaserScan_<[...]>>’ to ‘shared_ptr<LaserScan_<[...]>>’
[27.507s]   434 |                         constructLIDAR2D(lidar_data, CutoffRange_, AllowableRange_, RobotPitch_, &LIDAR);
[27.507s]       |                                          ^~~~~~~~~~
[27.509s]       |                                          |
[27.509s]       |                                          shared_ptr<LaserScan_<[...]>>
[27.606s] /home/neha/ros2_ws/src/semnav_migration/src/navigation_semantic.cpp: In function ‘int main(int, char**)’:
[27.609s] /home/neha/ros2_ws/src/semnav_migration/src/navigation_semantic.cpp:700:34: error: invalid initialization of reference of type ‘const rclcpp::InitOptions&’ from expression of type ‘const char [20]’
[27.609s]   700 |         rclcpp::init(argc, argv, "navigation_semantic");
[27.609s]       |                                  ^~~~~~~~~~~~~~~~~~~~~
[27.609s] In file included from /opt/ros/jazzy/include/rclcpp/rclcpp/logging.hpp:25:
[27.609s] /opt/ros/jazzy/include/rclcpp/rclcpp/utilities.hpp:78:23: note: in passing argument 3 of ‘void rclcpp::init(int, const char* const*, const InitOptions&, SignalHandlerOptions)’
[27.609s]    78 |   const InitOptions & init_options = InitOptions(),
[27.609s]       |   ~~~~~~~~~~~~~~~~~~~~^~~~~~~~~~~~~~~~~~~~~~~~~~~~
[57.469s] gmake[2]: *** [CMakeFiles/navigation_semantic.dir/build.make:76: CMakeFiles/navigation_semantic.dir/src/navigation_semantic.cpp.o] Error 1
[57.471s] gmake[1]: *** [CMakeFiles/Makefile2:207: CMakeFiles/navigation_semantic.dir/all] Error 2
[57.471s] gmake[1]: *** Waiting for unfinished jobs....
[63.607s] gmake[2]: *** [CMakeFiles/navigation.dir/build.make:76: CMakeFiles/navigation.dir/src/navigation.cpp.o] Error 1
[63.607s] gmake[1]: *** [CMakeFiles/Makefile2:181: CMakeFiles/navigation.dir/all] Error 2
[63.609s] gmake: *** [Makefile:146: all] Error 2
[63.627s] Invoked command in '/home/neha/ros2_ws/src/semnav_migration/build/semnav' returned '2': CMAKE_PREFIX_PATH=${CMAKE_PREFIX_PATH}:/opt/ros/jazzy DEBUGINFOD_URLS=https://debuginfod.ubuntu.com /usr/bin/cmake --build /home/neha/ros2_ws/src/semnav_migration/build/semnav -- -j2 -l2
