[0.029s] Invoking command in '/home/neha/ros2_ws/src/semnav_migration/build/semnav': CMAKE_PREFIX_PATH=${CMAKE_PREFIX_PATH}:/opt/ros/jazzy DEBUGINFOD_URLS=https://debuginfod.ubuntu.com /usr/bin/cmake --build /home/neha/ros2_ws/src/semnav_migration/build/semnav -- -j2 -l2
[0.198s] [ 14%] Built target reactive_planner
[0.305s] [ 23%] Built target navigation
[0.312s] [ 28%] Building CXX object CMakeFiles/navigation_semantic.dir/src/navigation_semantic.cpp.o
[0.445s] [ 33%] Building CXX object CMakeFiles/navigation_humans.dir/src/navigation_humans.cpp.o
[23.509s] /home/neha/ros2_ws/src/semnav_migration/src/navigation_humans.cpp: In member function ‘void NavigationHumansNode::human_update(const object_pose_interface_msgs::msg::KeypointDetections3D_<std::allocator<void> >::ConstPtr&)’:
[23.509s] /home/neha/ros2_ws/src/semnav_migration/src/navigation_humans.cpp:298:60: error: no matching function for call to ‘tf2_ros::Buffer::lookupTransform(std::string&, const tf2::TimePoint&, std::string&, const std_msgs::msg::Header_<std::allocator<void> >::_stamp_type&, std::string&, rclcpp::Duration)’
[23.509s]   298 |                             t = tf_buffer_->lookupTransform(
[23.509s]       |                                 ~~~~~~~~~~~~~~~~~~~~~~~~~~~^
[23.510s]   299 |                                             world_frame_id_, tf2::TimePointZero,
[23.510s]       |                                             ~~~~~~~~~~~~~~~~~~~~~~~~~~~~~~~~~~~~
[23.510s]   300 |                                             camera_optical_frame_id_, human_data->header.stamp,
[23.510s]       |                                             ~~~~~~~~~~~~~~~~~~~~~~~~~~~~~~~~~~~~~~~~~~~~~~~~~~~
[23.510s]   301 |                                             world_frame_id_, rclcpp::Duration(std::chrono::nanoseconds(1000000000)));
[23.510s]       |                                             ~~~~~~~~~~~~~~~~~~~~~~~~~~~~~~~~~~~~~~~~~~~~~~~~~~~~~~~~~~~~~~~~~~~~~~~~
[23.512s] In file included from /opt/ros/jazzy/include/tf2_ros/tf2_ros/async_buffer_interface.h:39,
[23.512s]                  from /opt/ros/jazzy/include/tf2_ros/tf2_ros/buffer.h:42,
[23.513s]                  from /home/neha/ros2_ws/src/semnav_migration/include/reactive_planner_lib.h:40,
[23.513s]                  from /home/neha/ros2_ws/src/semnav_migration/src/navigation_humans.cpp:25:
[23.513s] /opt/ros/jazzy/include/tf2/tf2/buffer_core.h:156:3: note: candidate: ‘virtual geometry_msgs::msg::TransformStamped tf2::BufferCore::lookupTransform(const std::string&, const tf2::TimePoint&, const std::string&, const tf2::TimePoint&, const std::string&) const’
[23.513s]   156 |   lookupTransform(
[23.513s]       |   ^~~~~~~~~~~~~~~
[23.513s] /opt/ros/jazzy/include/tf2/tf2/buffer_core.h:156:3: note:   candidate expects 5 arguments, 6 provided
[23.513s] /opt/ros/jazzy/include/tf2/tf2/buffer_core.h:138:3: note: candidate: ‘virtual geometry_msgs::msg::TransformStamped tf2::BufferCore::lookupTransform(const std::string&, const std::string&, const tf2::TimePoint&) const’
[23.514s]   138 |   lookupTransform(
[23.516s]       |   ^~~~~~~~~~~~~~~
[23.516s] /opt/ros/jazzy/include/tf2/tf2/buffer_core.h:138:3: note:   candidate expects 3 arguments, 6 provided
[23.516s] /opt/ros/jazzy/include/tf2_ros/tf2_ros/buffer.h:127:3: note: candidate: ‘virtual geometry_msgs::msg::TransformStamped tf2_ros::Buffer::lookupTransform(const std::string&, const std::string&, const tf2::TimePoint&, tf2::Duration) const’
[23.516s]   127 |   lookupTransform(
[23.516s]       |   ^~~~~~~~~~~~~~~
[23.517s] /opt/ros/jazzy/include/tf2_ros/tf2_ros/buffer.h:127:3: note:   candidate expects 4 arguments, 6 provided
[23.517s] /opt/ros/jazzy/include/tf2_ros/tf2_ros/buffer.h:137:3: note: candidate: ‘geometry_msgs::msg::TransformStamped tf2_ros::Buffer::lookupTransform(const std::string&, const std::string&, const rclcpp::Time&, rclcpp::Duration) const’
[23.517s]   137 |   lookupTransform(
[23.517s]       |   ^~~~~~~~~~~~~~~
[23.517s] /opt/ros/jazzy/include/tf2_ros/tf2_ros/buffer.h:137:3: note:   candidate expects 4 arguments, 6 provided
[23.517s] /opt/ros/jazzy/include/tf2_ros/tf2_ros/buffer.h:159:3: note: candidate: ‘virtual geometry_msgs::msg::TransformStamped tf2_ros::Buffer::lookupTransform(const std::string&, const tf2::TimePoint&, const std::string&, const tf2::TimePoint&, const std::string&, tf2::Duration) const’
[23.518s]   159 |   lookupTransform(
[23.518s]       |   ^~~~~~~~~~~~~~~
[23.520s] /opt/ros/jazzy/include/tf2_ros/tf2_ros/buffer.h:161:62: note:   no known conversion for argument 4 from ‘const std_msgs::msg::Header_<std::allocator<void> >::_stamp_type’ {aka ‘const builtin_interfaces::msg::Time_<std::allocator<void> >’} to ‘const tf2::TimePoint&’ {aka ‘const std::chrono::time_point<std::chrono::_V2::system_clock, std::chrono::duration<long int, std::ratio<1, 1000000000> > >&’}
[23.520s]   161 |     const std::string & source_frame, const tf2::TimePoint & source_time,
[23.520s]       |                                       ~~~~~~~~~~~~~~~~~~~~~~~^~~~~~~~~~~
[23.521s] /opt/ros/jazzy/include/tf2_ros/tf2_ros/buffer.h:171:3: note: candidate: ‘geometry_msgs::msg::TransformStamped tf2_ros::Buffer::lookupTransform(const std::string&, const rclcpp::Time&, const std::string&, const rclcpp::Time&, const std::string&, rclcpp::Duration) const’
[23.521s]   171 |   lookupTransform(
[23.521s]       |   ^~~~~~~~~~~~~~~
[23.521s] /opt/ros/jazzy/include/tf2_ros/tf2_ros/buffer.h:172:60: note:   no known conversion for argument 2 from ‘const tf2::TimePoint’ {aka ‘const std::chrono::time_point<std::chrono::_V2::system_clock, std::chrono::duration<long int, std::ratio<1, 1000000000> > >’} to ‘const rclcpp::Time&’
[23.521s]   172 |     const std::string & target_frame, const rclcpp::Time & target_time,
[23.521s]       |                                       ~~~~~~~~~~~~~~~~~~~~~^~~~~~~~~~~
[44.486s] gmake[2]: *** [CMakeFiles/navigation_humans.dir/build.make:76: CMakeFiles/navigation_humans.dir/src/navigation_humans.cpp.o] Error 1
[44.486s] gmake[1]: *** [CMakeFiles/Makefile2:233: CMakeFiles/navigation_humans.dir/all] Error 2
[44.486s] gmake[1]: *** Waiting for unfinished jobs....
[76.671s] [ 38%] Linking CXX executable navigation_semantic
[81.318s] [ 38%] Built target navigation_semantic
[81.320s] gmake: *** [Makefile:146: all] Error 2
[81.323s] Invoked command in '/home/neha/ros2_ws/src/semnav_migration/build/semnav' returned '2': CMAKE_PREFIX_PATH=${CMAKE_PREFIX_PATH}:/opt/ros/jazzy DEBUGINFOD_URLS=https://debuginfod.ubuntu.com /usr/bin/cmake --build /home/neha/ros2_ws/src/semnav_migration/build/semnav -- -j2 -l2
