[0.042s] Invoking command in '/home/neha/ros2_ws/src/semnav_migration/build/semnav': CMAKE_PREFIX_PATH=${CMAKE_PREFIX_PATH}:/opt/ros/jazzy DEBUGINFOD_URLS=https://debuginfod.ubuntu.com /usr/bin/cmake --build /home/neha/ros2_ws/src/semnav_migration/build/semnav -- -j2 -l2
[0.292s] [ 14%] Built target reactive_planner
[0.550s] [ 19%] Building CXX object CMakeFiles/navigation_semantic.dir/src/navigation_semantic.cpp.o
[0.554s] [ 23%] Building CXX object CMakeFiles/navigation.dir/src/navigation.cpp.o
[42.411s] /home/neha/ros2_ws/src/semnav_migration/src/navigation_semantic.cpp:624:17: error: ‘ros’ does not name a type
[42.411s]   624 |                 ros::NodeHandle nh_;
[42.411s]       |                 ^~~
[42.423s] /home/neha/ros2_ws/src/semnav_migration/src/navigation_semantic.cpp:641:17: error: ‘ros’ does not name a type
[42.425s]   641 |                 ros::Publisher pub_behaviorID_;
[42.425s]       |                 ^~~
[42.438s] /home/neha/ros2_ws/src/semnav_migration/src/navigation_semantic.cpp:642:17: error: ‘ros’ does not name a type
[42.439s]   642 |                 ros::Publisher pub_behaviorMode_;
[42.441s]       |                 ^~~
[42.452s] /home/neha/ros2_ws/src/semnav_migration/src/navigation_semantic.cpp:643:17: error: ‘ros’ does not name a type
[42.453s]   643 |                 ros::Publisher pub_twist_;
[42.453s]       |                 ^~~
[42.464s] /home/neha/ros2_ws/src/semnav_migration/src/navigation_semantic.cpp:645:17: error: ‘ros’ does not name a type
[42.467s]   645 |                 ros::Publisher pub_semantic_map_;
[42.468s]       |                 ^~~
[42.496s] /home/neha/ros2_ws/src/semnav_migration/src/navigation_semantic.cpp:691:17: error: ‘tf’ does not name a type; did you mean ‘tm’?
[42.499s]   691 |                 tf::TransformListener listener_;
[42.500s]       |                 ^~
[42.500s]       |                 tm
[42.729s] /home/neha/ros2_ws/src/semnav_migration/src/navigation_semantic.cpp: In constructor ‘SemanticNavigationNode::SemanticNavigationNode()’:
[42.730s] /home/neha/ros2_ws/src/semnav_migration/src/navigation_semantic.cpp:137:13: error: ‘pub_behaviorID_’ was not declared in this scope; did you mean ‘pub_behaviorID_topic_’?
[42.730s]   137 |             pub_behaviorID_ = this->create_publisher<std_msgs::msg::UInt32>("pub_behaviorID_topic_", 1);
[42.730s]       |             ^~~~~~~~~~~~~~~
[42.733s]       |             pub_behaviorID_topic_
[42.740s] /home/neha/ros2_ws/src/semnav_migration/src/navigation_semantic.cpp:137:69: error: ‘UInt32’ is not a member of ‘std_msgs::msg’
[42.740s]   137 |             pub_behaviorID_ = this->create_publisher<std_msgs::msg::UInt32>("pub_behaviorID_topic_", 1);
[42.743s]       |                                                                     ^~~~~~
[42.743s] /home/neha/ros2_ws/src/semnav_migration/src/navigation_semantic.cpp:137:76: error: no matching function for call to ‘SemanticNavigationNode::create_publisher<<expression error> >(const char [22], int)’
[42.744s]   137 |             pub_behaviorID_ = this->create_publisher<std_msgs::msg::UInt32>("pub_behaviorID_topic_", 1);
[42.744s]       |                               ~~~~~~~~~~~~~~~~~~~~~~~~~~~~~~~~~~~~~~~~~~~~~^~~~~~~~~~~~~~~~~~~~~~~~~~~~
[42.745s] In file included from /opt/ros/jazzy/include/rclcpp/rclcpp/executors/single_threaded_executor.hpp:28,
[42.745s]                  from /opt/ros/jazzy/include/rclcpp/rclcpp/executors.hpp:22,
[42.747s]                  from /opt/ros/jazzy/include/rclcpp/rclcpp/rclcpp.hpp:172,
[42.747s]                  from /home/neha/ros2_ws/src/semnav_migration/include/reactive_planner_lib.h:32,
[42.748s]                  from /home/neha/ros2_ws/src/semnav_migration/src/navigation_semantic.cpp:25:
[42.748s] /opt/ros/jazzy/include/rclcpp/rclcpp/node.hpp:197:3: note: candidate: ‘template<class MessageT, class AllocatorT, class PublisherT> std::shared_ptr<PublisherT> rclcpp::Node::create_publisher(const std::string&, const rclcpp::QoS&, const rclcpp::PublisherOptionsWithAllocator<AllocatorT>&)’
[42.751s]   197 |   create_publisher(
[42.751s]       |   ^~~~~~~~~~~~~~~~
[42.752s] /opt/ros/jazzy/include/rclcpp/rclcpp/node.hpp:197:3: note:   template argument deduction/substitution failed:
[42.752s] /home/neha/ros2_ws/src/semnav_migration/src/navigation_semantic.cpp:137:76: error: template argument 1 is invalid
[42.752s]   137 |             pub_behaviorID_ = this->create_publisher<std_msgs::msg::UInt32>("pub_behaviorID_topic_", 1);
[42.755s]       |                               ~~~~~~~~~~~~~~~~~~~~~~~~~~~~~~~~~~~~~~~~~~~~~^~~~~~~~~~~~~~~~~~~~~~~~~~~~
[42.831s] /home/neha/ros2_ws/src/semnav_migration/src/navigation.cpp:664:22: error: ‘TransformListener’ in namespace ‘tf2’ does not name a type
[42.832s]   664 |                 tf2::TransformListener listener_;
[42.836s]       |                      ^~~~~~~~~~~~~~~~~
[42.836s] /home/neha/ros2_ws/src/semnav_migration/src/navigation.cpp: In constructor ‘NavigationNode::NavigationNode()’:
[42.837s] /home/neha/ros2_ws/src/semnav_migration/src/navigation.cpp:47:63: error: no matching function for call to ‘rclcpp::Node::Node()’
[42.837s]    47 |         NavigationNode() : Node(std::string("navigation_node")) {
[42.837s]       |                                                               ^
[42.838s] In file included from /opt/ros/jazzy/include/rclcpp/rclcpp/executors/single_threaded_executor.hpp:28,
[42.839s]                  from /opt/ros/jazzy/include/rclcpp/rclcpp/executors.hpp:22,
[42.839s]                  from /opt/ros/jazzy/include/rclcpp/rclcpp/rclcpp.hpp:172,
[42.840s]                  from /home/neha/ros2_ws/src/semnav_migration/include/reactive_planner_lib.h:32,
[42.842s]                  from /home/neha/ros2_ws/src/semnav_migration/src/navigation.cpp:25:
[42.842s] /opt/ros/jazzy/include/rclcpp/rclcpp/node.hpp:1629:3: note: candidate: ‘rclcpp::Node::Node(const rclcpp::Node&, const std::string&)’
[42.843s]  1629 |   Node(
[42.843s]       |   ^~~~
[42.846s] /opt/ros/jazzy/include/rclcpp/rclcpp/node.hpp:1629:3: note:   candidate expects 2 arguments, 0 provided
[42.846s] /opt/ros/jazzy/include/rclcpp/rclcpp/node.hpp:103:12: note: candidate: ‘rclcpp::Node::Node(const std::string&, const std::string&, const rclcpp::NodeOptions&)’
[42.847s]   103 |   explicit Node(
[42.847s]       |            ^~~~
[42.847s] /opt/ros/jazzy/include/rclcpp/rclcpp/node.hpp:103:12: note:   candidate expects 3 arguments, 0 provided
[42.848s] /opt/ros/jazzy/include/rclcpp/rclcpp/node.hpp:91:12: note: candidate: ‘rclcpp::Node::Node(const std::string&, const rclcpp::NodeOptions&)’
[42.848s]    91 |   explicit Node(
[42.851s]       |            ^~~~
[42.851s] /opt/ros/jazzy/include/rclcpp/rclcpp/node.hpp:91:12: note:   candidate expects 2 arguments, 0 provided
[42.953s] /home/neha/ros2_ws/src/semnav_migration/src/navigation_semantic.cpp:138:13: error: ‘pub_behaviorMode_’ was not declared in this scope; did you mean ‘pub_behaviorMode_topic_’?
[42.953s]   138 |             pub_behaviorMode_ = this->create_publisher<std_msgs::msg::UInt32>("pub_behaviorMode_topic_", 1);
[42.955s]       |             ^~~~~~~~~~~~~~~~~
[42.955s]       |             pub_behaviorMode_topic_
[42.961s] /home/neha/ros2_ws/src/semnav_migration/src/navigation_semantic.cpp:138:71: error: ‘UInt32’ is not a member of ‘std_msgs::msg’
[42.963s]   138 |             pub_behaviorMode_ = this->create_publisher<std_msgs::msg::UInt32>("pub_behaviorMode_topic_", 1);
[42.963s]       |                                                                       ^~~~~~
[42.964s] /home/neha/ros2_ws/src/semnav_migration/src/navigation_semantic.cpp:138:78: error: no matching function for call to ‘SemanticNavigationNode::create_publisher<<expression error> >(const char [24], int)’
[42.966s]   138 |             pub_behaviorMode_ = this->create_publisher<std_msgs::msg::UInt32>("pub_behaviorMode_topic_", 1);
[42.966s]       |                                 ~~~~~~~~~~~~~~~~~~~~~~~~~~~~~~~~~~~~~~~~~~~~~^~~~~~~~~~~~~~~~~~~~~~~~~~~~~~
[42.967s] /opt/ros/jazzy/include/rclcpp/rclcpp/node.hpp:197:3: note: candidate: ‘template<class MessageT, class AllocatorT, class PublisherT> std::shared_ptr<PublisherT> rclcpp::Node::create_publisher(const std::string&, const rclcpp::QoS&, const rclcpp::PublisherOptionsWithAllocator<AllocatorT>&)’
[42.967s]   197 |   create_publisher(
[42.967s]       |   ^~~~~~~~~~~~~~~~
[42.970s] /opt/ros/jazzy/include/rclcpp/rclcpp/node.hpp:197:3: note:   template argument deduction/substitution failed:
[42.970s] /home/neha/ros2_ws/src/semnav_migration/src/navigation_semantic.cpp:138:78: error: template argument 1 is invalid
[42.971s]   138 |             pub_behaviorMode_ = this->create_publisher<std_msgs::msg::UInt32>("pub_behaviorMode_topic_", 1);
[42.971s]       |                                 ~~~~~~~~~~~~~~~~~~~~~~~~~~~~~~~~~~~~~~~~~~~~~^~~~~~~~~~~~~~~~~~~~~~~~~~~~~~
[43.052s] /home/neha/ros2_ws/src/semnav_migration/src/navigation.cpp:139:13: error: ‘pub_behaviorID_’ was not declared in this scope; did you mean ‘pub_behaviorID_topic_’?
[43.055s]   139 |             pub_behaviorID_ = this->create_publisher<std_msgs::msg::UInt32>("pub_behaviorID_topic_", 1);
[43.055s]       |             ^~~~~~~~~~~~~~~
[43.056s]       |             pub_behaviorID_topic_
[43.058s] /home/neha/ros2_ws/src/semnav_migration/src/navigation_semantic.cpp:139:13: error: ‘pub_twist_’ was not declared in this scope; did you mean ‘publish_twist’?
[43.061s]   139 |             pub_twist_ = this->create_publisher<std_msgs::msg::UInt32>("pub_twist_topic_", 1);
[43.061s]       |             ^~~~~~~~~~
[43.062s]       |             publish_twist
[43.062s] /home/neha/ros2_ws/src/semnav_migration/src/navigation.cpp:139:69: error: ‘UInt32’ is not a member of ‘std_msgs::msg’
[43.062s]   139 |             pub_behaviorID_ = this->create_publisher<std_msgs::msg::UInt32>("pub_behaviorID_topic_", 1);
[43.063s]       |                                                                     ^~~~~~
[43.063s] /home/neha/ros2_ws/src/semnav_migration/src/navigation.cpp:139:76: error: no matching function for call to ‘NavigationNode::create_publisher<<expression error> >(const char [22], int)’
[43.066s]   139 |             pub_behaviorID_ = this->create_publisher<std_msgs::msg::UInt32>("pub_behaviorID_topic_", 1);
[43.066s]       |                               ~~~~~~~~~~~~~~~~~~~~~~~~~~~~~~~~~~~~~~~~~~~~~^~~~~~~~~~~~~~~~~~~~~~~~~~~~
[43.067s] /opt/ros/jazzy/include/rclcpp/rclcpp/node.hpp:197:3: note: candidate: ‘template<class MessageT, class AllocatorT, class PublisherT> std::shared_ptr<PublisherT> rclcpp::Node::create_publisher(const std::string&, const rclcpp::QoS&, const rclcpp::PublisherOptionsWithAllocator<AllocatorT>&)’
[43.067s]   197 |   create_publisher(
[43.067s]       |   ^~~~~~~~~~~~~~~~
[43.068s] /opt/ros/jazzy/include/rclcpp/rclcpp/node.hpp:197:3: note:   template argument deduction/substitution failed:
[43.068s] /home/neha/ros2_ws/src/semnav_migration/src/navigation.cpp:139:76: error: template argument 1 is invalid
[43.068s]   139 |             pub_behaviorID_ = this->create_publisher<std_msgs::msg::UInt32>("pub_behaviorID_topic_", 1);
[43.071s]       |                               ~~~~~~~~~~~~~~~~~~~~~~~~~~~~~~~~~~~~~~~~~~~~~^~~~~~~~~~~~~~~~~~~~~~~~~~~~
[43.072s] /home/neha/ros2_ws/src/semnav_migration/src/navigation_semantic.cpp:139:64: error: ‘UInt32’ is not a member of ‘std_msgs::msg’
[43.073s]   139 |             pub_twist_ = this->create_publisher<std_msgs::msg::UInt32>("pub_twist_topic_", 1);
[43.073s]       |                                                                ^~~~~~
[43.073s] /home/neha/ros2_ws/src/semnav_migration/src/navigation_semantic.cpp:139:71: error: no matching function for call to ‘SemanticNavigationNode::create_publisher<<expression error> >(const char [17], int)’
[43.075s]   139 |             pub_twist_ = this->create_publisher<std_msgs::msg::UInt32>("pub_twist_topic_", 1);
[43.075s]       |                          ~~~~~~~~~~~~~~~~~~~~~~~~~~~~~~~~~~~~~~~~~~~~~^~~~~~~~~~~~~~~~~~~~~~~
[43.076s] /opt/ros/jazzy/include/rclcpp/rclcpp/node.hpp:197:3: note: candidate: ‘template<class MessageT, class AllocatorT, class PublisherT> std::shared_ptr<PublisherT> rclcpp::Node::create_publisher(const std::string&, const rclcpp::QoS&, const rclcpp::PublisherOptionsWithAllocator<AllocatorT>&)’
[43.078s]   197 |   create_publisher(
[43.078s]       |   ^~~~~~~~~~~~~~~~
[43.079s] /opt/ros/jazzy/include/rclcpp/rclcpp/node.hpp:197:3: note:   template argument deduction/substitution failed:
[43.079s] /home/neha/ros2_ws/src/semnav_migration/src/navigation_semantic.cpp:139:71: error: template argument 1 is invalid
[43.079s]   139 |             pub_twist_ = this->create_publisher<std_msgs::msg::UInt32>("pub_twist_topic_", 1);
[43.080s]       |                          ~~~~~~~~~~~~~~~~~~~~~~~~~~~~~~~~~~~~~~~~~~~~~^~~~~~~~~~~~~~~~~~~~~~~
[43.082s] /home/neha/ros2_ws/src/semnav_migration/src/navigation_semantic.cpp:142:42: error: ‘message_filters::msg’ has not been declared
[43.082s]   142 |                         message_filters::msg::Subscriber<sensor_msgs::LaserScan> sub_laser(nh_, sub_laser_topic_, 1);
[43.083s]       |                                          ^~~
[43.084s] /home/neha/ros2_ws/src/semnav_migration/src/navigation_semantic.cpp:142:71: error: ‘LaserScan’ is not a member of ‘sensor_msgs’; did you mean ‘sensor_msgs::msg::LaserScan’?
[43.085s]   142 |                         message_filters::msg::Subscriber<sensor_msgs::LaserScan> sub_laser(nh_, sub_laser_topic_, 1);
[43.086s]       |                                                                       ^~~~~~~~~
[43.086s] In file included from /opt/ros/jazzy/include/sensor_msgs/sensor_msgs/msg/laser_scan.hpp:7,
[43.089s]                  from /home/neha/ros2_ws/src/semnav_migration/include/reactive_planner_lib.h:46:
[43.089s] /opt/ros/jazzy/include/sensor_msgs/sensor_msgs/msg/detail/laser_scan__struct.hpp:250:7: note: ‘sensor_msgs::msg::LaserScan’ declared here
[43.090s]   250 | using LaserScan =
[43.090s]       |       ^~~~~~~~~
[43.147s] /home/neha/ros2_ws/src/semnav_migration/src/navigation_semantic.cpp:142:92: error: ‘nh_’ was not declared in this scope
[43.149s]   142 |                         message_filters::msg::Subscriber<sensor_msgs::LaserScan> sub_laser(nh_, sub_laser_topic_, 1);
[43.149s]       |                                                                                            ^~~
[43.239s] /home/neha/ros2_ws/src/semnav_migration/src/navigation_semantic.cpp:142:82: error: ‘sub_laser’ was not declared in this scope
[43.241s]   142 |                         message_filters::msg::Subscriber<sensor_msgs::LaserScan> sub_laser(nh_, sub_laser_topic_, 1);
[43.241s]       |                                                                                  ^~~~~~~~~
[43.254s] /home/neha/ros2_ws/src/semnav_migration/src/navigation.cpp:140:13: error: ‘pub_behaviorMode_’ was not declared in this scope; did you mean ‘pub_behaviorMode_topic_’?
[43.257s]   140 |             pub_behaviorMode_ = this->create_publisher<std_msgs::msg::UInt32>("pub_behaviorMode_topic_", 1);
[43.258s]       |             ^~~~~~~~~~~~~~~~~
[43.258s]       |             pub_behaviorMode_topic_
[43.261s] /home/neha/ros2_ws/src/semnav_migration/src/navigation.cpp:140:71: error: ‘UInt32’ is not a member of ‘std_msgs::msg’
[43.261s]   140 |             pub_behaviorMode_ = this->create_publisher<std_msgs::msg::UInt32>("pub_behaviorMode_topic_", 1);
[43.262s]       |                                                                       ^~~~~~
[43.262s] /home/neha/ros2_ws/src/semnav_migration/src/navigation.cpp:140:78: error: no matching function for call to ‘NavigationNode::create_publisher<<expression error> >(const char [24], int)’
[43.262s]   140 |             pub_behaviorMode_ = this->create_publisher<std_msgs::msg::UInt32>("pub_behaviorMode_topic_", 1);
[43.263s]       |                                 ~~~~~~~~~~~~~~~~~~~~~~~~~~~~~~~~~~~~~~~~~~~~~^~~~~~~~~~~~~~~~~~~~~~~~~~~~~~
[43.265s] /opt/ros/jazzy/include/rclcpp/rclcpp/node.hpp:197:3: note: candidate: ‘template<class MessageT, class AllocatorT, class PublisherT> std::shared_ptr<PublisherT> rclcpp::Node::create_publisher(const std::string&, const rclcpp::QoS&, const rclcpp::PublisherOptionsWithAllocator<AllocatorT>&)’
[43.266s]   197 |   create_publisher(
[43.266s]       |   ^~~~~~~~~~~~~~~~
[43.266s] /opt/ros/jazzy/include/rclcpp/rclcpp/node.hpp:197:3: note:   template argument deduction/substitution failed:
[43.267s] /home/neha/ros2_ws/src/semnav_migration/src/navigation.cpp:140:78: error: template argument 1 is invalid
[43.269s]   140 |             pub_behaviorMode_ = this->create_publisher<std_msgs::msg::UInt32>("pub_behaviorMode_topic_", 1);
[43.270s]       |                                 ~~~~~~~~~~~~~~~~~~~~~~~~~~~~~~~~~~~~~~~~~~~~~^~~~~~~~~~~~~~~~~~~~~~~~~~~~~~
[43.362s] /home/neha/ros2_ws/src/semnav_migration/src/navigation.cpp:141:13: error: ‘pub_twist_’ was not declared in this scope; did you mean ‘publish_twist’?
[43.364s]   141 |             pub_twist_ = this->create_publisher<std_msgs::msg::UInt32>("pub_twist_topic_", 1);
[43.365s]       |             ^~~~~~~~~~
[43.365s]       |             publish_twist
[43.371s] /home/neha/ros2_ws/src/semnav_migration/src/navigation.cpp:141:64: error: ‘UInt32’ is not a member of ‘std_msgs::msg’
[43.371s]   141 |             pub_twist_ = this->create_publisher<std_msgs::msg::UInt32>("pub_twist_topic_", 1);
[43.372s]       |                                                                ^~~~~~
[43.372s] /home/neha/ros2_ws/src/semnav_migration/src/navigation.cpp:141:71: error: no matching function for call to ‘NavigationNode::create_publisher<<expression error> >(const char [17], int)’
[43.372s]   141 |             pub_twist_ = this->create_publisher<std_msgs::msg::UInt32>("pub_twist_topic_", 1);
[43.375s]       |                          ~~~~~~~~~~~~~~~~~~~~~~~~~~~~~~~~~~~~~~~~~~~~~^~~~~~~~~~~~~~~~~~~~~~~
[43.376s] /opt/ros/jazzy/include/rclcpp/rclcpp/node.hpp:197:3: note: candidate: ‘template<class MessageT, class AllocatorT, class PublisherT> std::shared_ptr<PublisherT> rclcpp::Node::create_publisher(const std::string&, const rclcpp::QoS&, const rclcpp::PublisherOptionsWithAllocator<AllocatorT>&)’
[43.376s]   197 |   create_publisher(
[43.376s]       |   ^~~~~~~~~~~~~~~~
[43.377s] /opt/ros/jazzy/include/rclcpp/rclcpp/node.hpp:197:3: note:   template argument deduction/substitution failed:
[43.379s] /home/neha/ros2_ws/src/semnav_migration/src/navigation.cpp:141:71: error: template argument 1 is invalid
[43.380s]   141 |             pub_twist_ = this->create_publisher<std_msgs::msg::UInt32>("pub_twist_topic_", 1);
[43.380s]       |                          ~~~~~~~~~~~~~~~~~~~~~~~~~~~~~~~~~~~~~~~~~~~~~^~~~~~~~~~~~~~~~~~~~~~~
[43.400s] /home/neha/ros2_ws/src/semnav_migration/src/navigation_semantic.cpp:144:94: error: ‘LaserScan’ is not a member of ‘sensor_msgs’; did you mean ‘sensor_msgs::msg::LaserScan’?
[43.401s]   144 |                         typedef message_filters::sync_policies::ApproximateTime<sensor_msgs::LaserScan,nav_msgs::msg::Odometry> SyncPolicy;
[43.405s]       |                                                                                              ^~~~~~~~~
[43.405s] /opt/ros/jazzy/include/sensor_msgs/sensor_msgs/msg/detail/laser_scan__struct.hpp:250:7: note: ‘sensor_msgs::msg::LaserScan’ declared here
[43.406s]   250 | using LaserScan =
[43.406s]       |       ^~~~~~~~~
[43.406s] /home/neha/ros2_ws/src/semnav_migration/src/navigation_semantic.cpp:144:127: error: template argument 1 is invalid
[43.408s]   144 |                         typedef message_filters::sync_policies::ApproximateTime<sensor_msgs::LaserScan,nav_msgs::msg::Odometry> SyncPolicy;
[43.408s]       |                                                                                                                               ^
[43.409s] In file included from /home/neha/ros2_ws/src/semnav_migration/include/reactive_planner_lib.h:44:
[43.412s] /opt/ros/jazzy/include/message_filters/message_filters/synchronizer.h: In instantiation of ‘class message_filters::Synchronizer<int>’:
[43.412s] /home/neha/ros2_ws/src/semnav_migration/src/navigation_semantic.cpp:147:64:   required from here
[43.412s] /opt/ros/jazzy/include/message_filters/message_filters/synchronizer.h:53:7: error: base type ‘int’ fails to be a struct or class type
[43.413s]    53 | class Synchronizer : public noncopyable, public Policy
[43.416s]       |       ^~~~~~~~~~~~
[43.416s] /opt/ros/jazzy/include/message_filters/message_filters/synchronizer.h:56:37: error: ‘int’ is not a class, struct, or union type
[43.416s]    56 |   typedef typename Policy::Messages Messages;
[43.417s]       |                                     ^~~~~~~~
[43.419s] /opt/ros/jazzy/include/message_filters/message_filters/synchronizer.h:57:35: error: ‘int’ is not a class, struct, or union type
[43.419s]    57 |   typedef typename Policy::Events Events;
[43.420s]       |                                   ^~~~~~
[43.420s] /opt/ros/jazzy/include/message_filters/message_filters/synchronizer.h:58:35: error: ‘int’ is not a class, struct, or union type
[43.420s]    58 |   typedef typename Policy::Signal Signal;
[43.423s]       |                                   ^~~~~~
[43.423s] /opt/ros/jazzy/include/message_filters/message_filters/synchronizer.h:60:58: error: ‘int’ is not a class, struct, or union type
[43.424s]    60 |   typedef typename std::tuple_element<0, Messages>::type M0;
[43.424s]       |                                                          ^~
[43.424s] /opt/ros/jazzy/include/message_filters/message_filters/synchronizer.h:61:58: error: ‘int’ is not a class, struct, or union type
[43.425s]    61 |   typedef typename std::tuple_element<1, Messages>::type M1;
[43.425s]       |                                                          ^~
[43.428s] /opt/ros/jazzy/include/message_filters/message_filters/synchronizer.h:62:58: error: ‘int’ is not a class, struct, or union type
[43.428s]    62 |   typedef typename std::tuple_element<2, Messages>::type M2;
[43.429s]       |                                                          ^~
[43.429s] /opt/ros/jazzy/include/message_filters/message_filters/synchronizer.h:63:58: error: ‘int’ is not a class, struct, or union type
[43.429s]    63 |   typedef typename std::tuple_element<3, Messages>::type M3;
[43.430s]       |                                                          ^~
[43.430s] /opt/ros/jazzy/include/message_filters/message_filters/synchronizer.h:64:58: error: ‘int’ is not a class, struct, or union type
[43.431s]    64 |   typedef typename std::tuple_element<4, Messages>::type M4;
[43.434s]       |                                                          ^~
[43.434s] /opt/ros/jazzy/include/message_filters/message_filters/synchronizer.h:65:58: error: ‘int’ is not a class, struct, or union type
[43.436s]    65 |   typedef typename std::tuple_element<5, Messages>::type M5;
[43.436s]       |                                                          ^~
[43.437s] /opt/ros/jazzy/include/message_filters/message_filters/synchronizer.h:66:58: error: ‘int’ is not a class, struct, or union type
[43.439s]    66 |   typedef typename std::tuple_element<6, Messages>::type M6;
[43.439s]       |                                                          ^~
[43.440s] /opt/ros/jazzy/include/message_filters/message_filters/synchronizer.h:67:58: error: ‘int’ is not a class, struct, or union type
[43.440s]    67 |   typedef typename std::tuple_element<7, Messages>::type M7;
[43.440s]       |                                                          ^~
[43.441s] /opt/ros/jazzy/include/message_filters/message_filters/synchronizer.h:68:58: error: ‘int’ is not a class, struct, or union type
[43.443s]    68 |   typedef typename std::tuple_element<8, Messages>::type M8;
[43.443s]       |                                                          ^~
[43.444s] /opt/ros/jazzy/include/message_filters/message_filters/synchronizer.h:71:56: error: ‘int’ is not a class, struct, or union type
[43.444s]    71 |   typedef typename std::tuple_element<0, Events>::type M0Event;
[43.444s]       |                                                        ^~~~~~~
[43.447s] /opt/ros/jazzy/include/message_filters/message_filters/synchronizer.h:72:56: error: ‘int’ is not a class, struct, or union type
[43.448s]    72 |   typedef typename std::tuple_element<1, Events>::type M1Event;
[43.448s]       |                                                        ^~~~~~~
[43.448s] /opt/ros/jazzy/include/message_filters/message_filters/synchronizer.h:73:56: error: ‘int’ is not a class, struct, or union type
[43.449s]    73 |   typedef typename std::tuple_element<2, Events>::type M2Event;
[43.451s]       |                                                        ^~~~~~~
[43.452s] /opt/ros/jazzy/include/message_filters/message_filters/synchronizer.h:74:56: error: ‘int’ is not a class, struct, or union type
[43.452s]    74 |   typedef typename std::tuple_element<3, Events>::type M3Event;
[43.452s]       |                                                        ^~~~~~~
[43.455s] /opt/ros/jazzy/include/message_filters/message_filters/synchronizer.h:75:56: error: ‘int’ is not a class, struct, or union type
[43.456s]    75 |   typedef typename std::tuple_element<4, Events>::type M4Event;
[43.456s]       |                                                        ^~~~~~~
[43.456s] /opt/ros/jazzy/include/message_filters/message_filters/synchronizer.h:76:56: error: ‘int’ is not a class, struct, or union type
[43.457s]    76 |   typedef typename std::tuple_element<5, Events>::type M5Event;
[43.457s]       |                                                        ^~~~~~~
[43.459s] /opt/ros/jazzy/include/message_filters/message_filters/synchronizer.h:77:56: error: ‘int’ is not a class, struct, or union type
[43.460s]    77 |   typedef typename std::tuple_element<6, Events>::type M6Event;
[43.460s]       |                                                        ^~~~~~~
[43.460s] /opt/ros/jazzy/include/message_filters/message_filters/synchronizer.h:78:56: error: ‘int’ is not a class, struct, or union type
[43.463s]    78 |   typedef typename std::tuple_element<7, Events>::type M7Event;
[43.463s]       |                                                        ^~~~~~~
[43.464s] /opt/ros/jazzy/include/message_filters/message_filters/synchronizer.h:79:56: error: ‘int’ is not a class, struct, or union type
[43.464s]    79 |   typedef typename std::tuple_element<8, Events>::type M8Event;
[43.464s]       |                                                        ^~~~~~~
[43.465s] /opt/ros/jazzy/include/message_filters/message_filters/synchronizer.h:325:17: error: ‘int’ is not a class, namespace, or enumeration
[43.467s]   325 |   using Policy::add;
[43.468s]       |                 ^~~
[43.468s] /opt/ros/jazzy/include/message_filters/message_filters/synchronizer.h:328:8: error: ‘int’ is not a class, struct, or union type
[43.468s]   328 |   void add(const std::shared_ptr<typename std::tuple_element<i, Messages>::type const>& msg)
[43.469s]       |        ^~~
[43.471s] /opt/ros/jazzy/include/message_filters/message_filters/synchronizer.h:344:8: error: ‘int’ is not a class, struct, or union type
[43.472s]   344 |   void cb(const typename std::tuple_element<i, Events>::type& evt)
[43.472s]       |        ^~
[43.472s] /home/neha/ros2_ws/src/semnav_migration/src/navigation_semantic.cpp:148:55: error: ‘bind’ is not a member of ‘boost’; did you mean ‘find’?
[43.475s]   148 |                         sync->registerCallback(boost::bind(&SemanticNavigationNode::control_callback, this, _1, _2));
[43.475s]       |                                                       ^~~~
[43.476s]       |                                                       find
[43.476s] /home/neha/ros2_ws/src/semnav_migration/src/navigation_semantic.cpp:148:109: error: ‘_1’ was not declared in this scope
[43.476s]   148 |                         sync->registerCallback(boost::bind(&SemanticNavigationNode::control_callback, this, _1, _2));
[43.477s]       |                                                                                                             ^~
[43.477s] /home/neha/ros2_ws/src/semnav_migration/src/navigation_semantic.cpp:148:109: note: suggested alternatives:
[43.479s] In file included from /usr/include/boost/mpl/aux_/include_preprocessed.hpp:37,
[43.479s]                  from /usr/include/boost/mpl/placeholders.hpp:43,
[43.480s]                  from /usr/include/boost/iterator/iterator_categories.hpp:16,
[43.480s]                  from /usr/include/boost/iterator/iterator_facade.hpp:13,
[43.482s]                  from /usr/include/boost/range/iterator_range_core.hpp:27,
[43.482s]                  from /usr/include/boost/lexical_cast.hpp:48,
[43.483s]                  from /usr/include/boost/multiprecision/detail/number_base.hpp:29,
[43.483s]                  from /usr/include/boost/multiprecision/traits/is_variable_precision.hpp:9,
[43.486s]                  from /usr/include/boost/multiprecision/detail/precision.hpp:9,
[43.486s]                  from /usr/include/boost/multiprecision/number.hpp:11,
[43.487s]                  from /usr/include/boost/multiprecision/cpp_int.hpp:19,
[43.487s]                  from /usr/include/boost/multiprecision/cpp_bin_float.hpp:15,
[43.487s]                  from /usr/include/boost/geometry/core/coordinate_promotion.hpp:16,
[43.488s]                  from /usr/include/boost/geometry/core/radian_access.hpp:30,
[43.488s]                  from /usr/include/boost/geometry/geometry.hpp:50,
[43.491s]                  from /usr/include/boost/geometry.hpp:17,
[43.491s]                  from /home/neha/ros2_ws/src/semnav_migration/include/reactive_planner_lib.h:26:
[43.492s] /usr/include/boost/mpl/aux_/preprocessed/gcc/placeholders.hpp:29:16: note:   ‘mpl_::_1’
[43.492s]    29 | typedef arg<1> _1;
[43.492s]       |                ^~
[43.493s] In file included from /usr/include/boost/numeric/conversion/converter_policies.hpp:13,
[43.493s]                  from /usr/include/boost/numeric/conversion/converter.hpp:14,
[43.494s]                  from /usr/include/boost/numeric/conversion/cast.hpp:33,
[43.497s]                  from /usr/include/boost/geometry/core/radian_access.hpp:26:
[43.498s] /usr/include/c++/13/functional:294:48: note:   ‘std::placeholders::_1’
[43.498s]   294 |     _GLIBCXX_PLACEHOLDER const _Placeholder<1> _1;
[43.498s]       |                                                ^~
[43.499s] /usr/include/boost/mpl/aux_/preprocessed/gcc/placeholders.hpp:29:16: note:   ‘mpl_::_1’
[43.501s]    29 | typedef arg<1> _1;
[43.502s]       |                ^~
[43.502s] In file included from /usr/include/boost/describe/members.hpp:20,
[43.502s]                  from /usr/include/boost/container_hash/is_described_class.hpp:11,
[43.503s]                  from /usr/include/boost/container_hash/hash.hpp:18,
[43.505s]                  from /usr/include/boost/functional/hash.hpp:6,
[43.506s]                  from /usr/include/CGAL/Kernel/hash_functions.h:16,
[43.506s]                  from /usr/include/CGAL/Kernel/global_functions.h:25,
[43.506s]                  from /usr/include/CGAL/Cartesian/Cartesian_base.h:22,
[43.507s]                  from /usr/include/CGAL/Simple_cartesian.h:20,
[43.509s]                  from /usr/include/CGAL/Exact_predicates_inexact_constructions_kernel.h:20,
[43.510s]                  from /home/neha/ros2_ws/src/semnav_migration/include/polygeom_lib.h:32,
[43.510s]                  from /home/neha/ros2_ws/src/semnav_migration/include/reactive_planner_lib.h:51:
[43.511s] /usr/include/boost/mp11/bind.hpp:45:7: note:   ‘boost::mp11::_1’
[43.511s]    45 | using _1 = mp_arg<0>;
[43.512s]       |       ^~
[43.514s] /usr/include/boost/mpl/aux_/preprocessed/gcc/placeholders.hpp:29:16: note:   ‘mpl_::_1’
[43.515s]    29 | typedef arg<1> _1;
[43.515s]       |                ^~
[43.515s] /home/neha/ros2_ws/src/semnav_migration/src/navigation_semantic.cpp:148:113: error: ‘_2’ was not declared in this scope
[43.518s]   148 |                         sync->registerCallback(boost::bind(&SemanticNavigationNode::control_callback, this, _1, _2));
[43.518s]       |                                                                                                                 ^~
[43.519s] /home/neha/ros2_ws/src/semnav_migration/src/navigation_semantic.cpp:148:113: note: suggested alternatives:
[43.519s] /usr/include/boost/mpl/aux_/preprocessed/gcc/placeholders.hpp:42:16: note:   ‘mpl_::_2’
[43.519s]    42 | typedef arg<2> _2;
[43.520s]       |                ^~
[43.522s] /usr/include/c++/13/functional:295:48: note:   ‘std::placeholders::_2’
[43.523s]   295 |     _GLIBCXX_PLACEHOLDER const _Placeholder<2> _2;
[43.523s]       |                                                ^~
[43.523s] /usr/include/boost/mpl/aux_/preprocessed/gcc/placeholders.hpp:42:16: note:   ‘mpl_::_2’
[43.524s]    42 | typedef arg<2> _2;
[43.526s]       |                ^~
[43.526s] /usr/include/boost/mp11/bind.hpp:46:7: note:   ‘boost::mp11::_2’
[43.527s]    46 | using _2 = mp_arg<1>;
[43.527s]       |       ^~
[43.528s] /usr/include/boost/mpl/aux_/preprocessed/gcc/placeholders.hpp:42:16: note:   ‘mpl_::_2’
[43.528s]    42 | typedef arg<2> _2;
[43.530s]       |                ^~
[43.531s] /home/neha/ros2_ws/src/semnav_migration/src/navigation_semantic.cpp:150:25: error: ‘ros’ has not been declared
[43.531s]   150 |                         ros::Subscriber sub_semantic = nh_.subscribe(sub_semantic_topic_, 1, &SemanticNavigationNode::diffeo_tree_update, this);
[43.531s]       |                         ^~~
[43.534s] /home/neha/ros2_ws/src/semnav_migration/src/navigation_semantic.cpp:154:25: error: ‘ros’ has not been declared
[43.535s]   154 |                         ros::Duration(5.0).sleep();
[43.535s]       |                         ^~~
[43.535s] /home/neha/ros2_ws/src/semnav_migration/src/navigation_semantic.cpp:161:25: error: ‘ros’ has not been declared
[43.536s]   161 |                         ros::spin();
[43.536s]       |                         ^~~
[43.545s] /home/neha/ros2_ws/src/semnav_migration/src/navigation.cpp:144:116: error: no matching function for call to ‘message_filters::Subscriber<sensor_msgs::msg::LaserScan_<std::allocator<void> > >::Subscriber(rclcpp::Node&, std::string&, int)’
[43.545s]   144 |                         message_filters::Subscriber<sensor_msgs::msg::LaserScan> sub_laser(nh_, sub_laser_topic_, 1);
[43.545s]       |                                                                                                                    ^
[43.546s] In file included from /home/neha/ros2_ws/src/semnav_migration/include/reactive_planner_lib.h:43:
[43.548s] /opt/ros/jazzy/include/message_filters/message_filters/subscriber.h:224:3: note: candidate: ‘message_filters::Subscriber<M, NodeType>::Subscriber() [with M = sensor_msgs::msg::LaserScan_<std::allocator<void> >; NodeType = rclcpp::Node]’
[43.549s]   224 |   Subscriber() = default;
[43.549s]       |   ^~~~~~~~~~
[43.549s] /opt/ros/jazzy/include/message_filters/message_filters/subscriber.h:224:3: note:   candidate expects 0 arguments, 3 provided
[43.550s] /opt/ros/jazzy/include/message_filters/message_filters/subscriber.h:212:3: note: candidate: ‘message_filters::Subscriber<M, NodeType>::Subscriber(NodeType*, const std::string&, rmw_qos_profile_t, rclcpp::SubscriptionOptions) [with M = sensor_msgs::msg::LaserScan_<std::allocator<void> >; NodeType = rclcpp::Node; std::string = std::__cxx11::basic_string<char>; rmw_qos_profile_t = rmw_qos_profile_s; rclcpp::SubscriptionOptions = rclcpp::SubscriptionOptionsWithAllocator<std::allocator<void> >]’
[43.552s]   212 |   Subscriber(
[43.553s]       |   ^~~~~~~~~~
[43.553s] /opt/ros/jazzy/include/message_filters/message_filters/subscriber.h:212:3: note:   candidate expects 4 arguments, 3 provided
[43.553s] /opt/ros/jazzy/include/message_filters/message_filters/subscriber.h:203:3: note: candidate: ‘message_filters::Subscriber<M, NodeType>::Subscriber(NodePtr, const std::string&, rmw_qos_profile_t, rclcpp::SubscriptionOptions) [with M = sensor_msgs::msg::LaserScan_<std::allocator<void> >; NodeType = rclcpp::Node; NodePtr = std::shared_ptr<rclcpp::Node>; std::string = std::__cxx11::basic_string<char>; rmw_qos_profile_t = rmw_qos_profile_s; rclcpp::SubscriptionOptions = rclcpp::SubscriptionOptionsWithAllocator<std::allocator<void> >]’
[43.556s]   203 |   Subscriber(
[43.556s]       |   ^~~~~~~~~~
[43.557s] /opt/ros/jazzy/include/message_filters/message_filters/subscriber.h:203:3: note:   candidate expects 4 arguments, 3 provided
[43.557s] /opt/ros/jazzy/include/message_filters/message_filters/subscriber.h:188:3: note: candidate: ‘message_filters::Subscriber<M, NodeType>::Subscriber(NodeType*, const std::string&, rmw_qos_profile_t) [with M = sensor_msgs::msg::LaserScan_<std::allocator<void> >; NodeType = rclcpp::Node; std::string = std::__cxx11::basic_string<char>; rmw_qos_profile_t = rmw_qos_profile_s]’
[43.557s]   188 |   Subscriber(NodeType * node, const std::string& topic, const rmw_qos_profile_t qos = rmw_qos_profile_default)
[43.558s]       |   ^~~~~~~~~~
[43.558s] /opt/ros/jazzy/include/message_filters/message_filters/subscriber.h:188:25: note:   no known conversion for argument 1 from ‘rclcpp::Node’ to ‘rclcpp::Node*’
[43.561s]   188 |   Subscriber(NodeType * node, const std::string& topic, const rmw_qos_profile_t qos = rmw_qos_profile_default)
[43.561s]       |              ~~~~~~~~~~~^~~~
[43.562s] /opt/ros/jazzy/include/message_filters/message_filters/subscriber.h:183:3: note: candidate: ‘message_filters::Subscriber<M, NodeType>::Subscriber(NodePtr, const std::string&, rmw_qos_profile_t) [with M = sensor_msgs::msg::LaserScan_<std::allocator<void> >; NodeType = rclcpp::Node; NodePtr = std::shared_ptr<rclcpp::Node>; std::string = std::__cxx11::basic_string<char>; rmw_qos_profile_t = rmw_qos_profile_s]’
[43.562s]   183 |   Subscriber(NodePtr node, const std::string& topic, const rmw_qos_profile_t qos = rmw_qos_profile_default)
[43.562s]       |   ^~~~~~~~~~
[43.563s] /opt/ros/jazzy/include/message_filters/message_filters/subscriber.h:183:22: note:   no known conversion for argument 1 from ‘rclcpp::Node’ to ‘message_filters::Subscriber<sensor_msgs::msg::LaserScan_<std::allocator<void> > >::NodePtr’ {aka ‘std::shared_ptr<rclcpp::Node>’}
[43.563s]   183 |   Subscriber(NodePtr node, const std::string& topic, const rmw_qos_profile_t qos = rmw_qos_profile_default)
[43.565s]       |              ~~~~~~~~^~~~
[43.588s] /home/neha/ros2_ws/src/semnav_migration/src/navigation_semantic.cpp: In member function ‘void SemanticNavigationNode::publish_twist(double, double)’:
[43.589s] /home/neha/ros2_ws/src/semnav_migration/src/navigation_semantic.cpp:168:25: error: ‘pub_twist_’ was not declared in this scope; did you mean ‘publish_twist’?
[43.591s]   168 |                         pub_twist_.publish(commandTwist);
[43.592s]       |                         ^~~~~~~~~~
[43.592s]       |                         publish_twist
[43.595s] /home/neha/ros2_ws/src/semnav_migration/src/navigation_semantic.cpp: In member function ‘void SemanticNavigationNode::publish_behavior_id(uint16_t)’:
[43.597s] /home/neha/ros2_ws/src/semnav_migration/src/navigation_semantic.cpp:173:32: error: ‘UInt32’ is not a member of ‘std_msgs::msg’
[43.598s]   173 |                 std_msgs::msg::UInt32 commandId;
[43.598s]       |                                ^~~~~~
[43.689s] /home/neha/ros2_ws/src/semnav_migration/src/navigation_semantic.cpp:174:25: error: ‘commandId’ was not declared in this scope
[43.692s]   174 |                         commandId.data = BehaviorIdCmd;
[43.693s]       |                         ^~~~~~~~~
[43.695s] /home/neha/ros2_ws/src/semnav_migration/src/navigation.cpp:145:112: error: no matching function for call to ‘message_filters::Subscriber<nav_msgs::msg::Odometry_<std::allocator<void> > >::Subscriber(rclcpp::Node&, std::string&, int)’
[43.695s]   145 |                         message_filters::Subscriber<nav_msgs::msg::Odometry> sub_robot(nh_, sub_robot_topic_, 1);
[43.695s]       |                                                                                                                ^
[43.697s] /opt/ros/jazzy/include/message_filters/message_filters/subscriber.h:224:3: note: candidate: ‘message_filters::Subscriber<M, NodeType>::Subscriber() [with M = nav_msgs::msg::Odometry_<std::allocator<void> >; NodeType = rclcpp::Node]’
[43.700s]   224 |   Subscriber() = default;
[43.701s]       |   ^~~~~~~~~~
[43.701s] /opt/ros/jazzy/include/message_filters/message_filters/subscriber.h:224:3: note:   candidate expects 0 arguments, 3 provided
[43.701s] /opt/ros/jazzy/include/message_filters/message_filters/subscriber.h:212:3: note: candidate: ‘message_filters::Subscriber<M, NodeType>::Subscriber(NodeType*, const std::string&, rmw_qos_profile_t, rclcpp::SubscriptionOptions) [with M = nav_msgs::msg::Odometry_<std::allocator<void> >; NodeType = rclcpp::Node; std::string = std::__cxx11::basic_string<char>; rmw_qos_profile_t = rmw_qos_profile_s; rclcpp::SubscriptionOptions = rclcpp::SubscriptionOptionsWithAllocator<std::allocator<void> >]’
[43.702s]   212 |   Subscriber(
[43.704s]       |   ^~~~~~~~~~
[43.705s] /opt/ros/jazzy/include/message_filters/message_filters/subscriber.h:212:3: note:   candidate expects 4 arguments, 3 provided
[43.705s] /opt/ros/jazzy/include/message_filters/message_filters/subscriber.h:203:3: note: candidate: ‘message_filters::Subscriber<M, NodeType>::Subscriber(NodePtr, const std::string&, rmw_qos_profile_t, rclcpp::SubscriptionOptions) [with M = nav_msgs::msg::Odometry_<std::allocator<void> >; NodeType = rclcpp::Node; NodePtr = std::shared_ptr<rclcpp::Node>; std::string = std::__cxx11::basic_string<char>; rmw_qos_profile_t = rmw_qos_profile_s; rclcpp::SubscriptionOptions = rclcpp::SubscriptionOptionsWithAllocator<std::allocator<void> >]’
[43.705s]   203 |   Subscriber(
[43.708s]       |   ^~~~~~~~~~
[43.709s] /opt/ros/jazzy/include/message_filters/message_filters/subscriber.h:203:3: note:   candidate expects 4 arguments, 3 provided
[43.709s] /opt/ros/jazzy/include/message_filters/message_filters/subscriber.h:188:3: note: candidate: ‘message_filters::Subscriber<M, NodeType>::Subscriber(NodeType*, const std::string&, rmw_qos_profile_t) [with M = nav_msgs::msg::Odometry_<std::allocator<void> >; NodeType = rclcpp::Node; std::string = std::__cxx11::basic_string<char>; rmw_qos_profile_t = rmw_qos_profile_s]’
[43.709s]   188 |   Subscriber(NodeType * node, const std::string& topic, const rmw_qos_profile_t qos = rmw_qos_profile_default)
[43.709s]       |   ^~~~~~~~~~
[43.710s] /opt/ros/jazzy/include/message_filters/message_filters/subscriber.h:188:25: note:   no known conversion for argument 1 from ‘rclcpp::Node’ to ‘rclcpp::Node*’
[43.712s]   188 |   Subscriber(NodeType * node, const std::string& topic, const rmw_qos_profile_t qos = rmw_qos_profile_default)
[43.713s]       |              ~~~~~~~~~~~^~~~
[43.713s] /opt/ros/jazzy/include/message_filters/message_filters/subscriber.h:183:3: note: candidate: ‘message_filters::Subscriber<M, NodeType>::Subscriber(NodePtr, const std::string&, rmw_qos_profile_t) [with M = nav_msgs::msg::Odometry_<std::allocator<void> >; NodeType = rclcpp::Node; NodePtr = std::shared_ptr<rclcpp::Node>; std::string = std::__cxx11::basic_string<char>; rmw_qos_profile_t = rmw_qos_profile_s]’
[43.713s]   183 |   Subscriber(NodePtr node, const std::string& topic, const rmw_qos_profile_t qos = rmw_qos_profile_default)
[43.714s]       |   ^~~~~~~~~~
[43.716s] /opt/ros/jazzy/include/message_filters/message_filters/subscriber.h:183:22: note:   no known conversion for argument 1 from ‘rclcpp::Node’ to ‘message_filters::Subscriber<nav_msgs::msg::Odometry_<std::allocator<void> > >::NodePtr’ {aka ‘std::shared_ptr<rclcpp::Node>’}
[43.717s]   183 |   Subscriber(NodePtr node, const std::string& topic, const rmw_qos_profile_t qos = rmw_qos_profile_default)
[43.717s]       |              ~~~~~~~~^~~~
[43.854s] /home/neha/ros2_ws/src/semnav_migration/src/navigation_semantic.cpp:175:25: error: ‘pub_behaviorID_’ was not declared in this scope; did you mean ‘pub_behaviorID_topic_’?
[43.856s]   175 |                         pub_behaviorID_.publish(commandId);
[43.857s]       |                         ^~~~~~~~~~~~~~~
[43.857s]       |                         pub_behaviorID_topic_
[43.861s] /home/neha/ros2_ws/src/semnav_migration/src/navigation_semantic.cpp: In member function ‘void SemanticNavigationNode::publish_behavior_mode(uint16_t)’:
[43.864s] /home/neha/ros2_ws/src/semnav_migration/src/navigation_semantic.cpp:180:28: error: ‘UInt32’ is not a member of ‘std_msgs::msg’
[43.865s]   180 |             std_msgs::msg::UInt32 commandMode;
[43.865s]       |                            ^~~~~~
[43.974s] /home/neha/ros2_ws/src/semnav_migration/src/navigation.cpp:150:55: error: ‘bind’ is not a member of ‘boost’; did you mean ‘find’?
[43.977s]   150 |                         sync->registerCallback(boost::bind(&NavigationNode::control_callback, this, _1, _2));
[43.977s]       |                                                       ^~~~
[43.978s]       |                                                       find
[43.985s] /home/neha/ros2_ws/src/semnav_migration/src/navigation.cpp:150:101: error: ‘_1’ was not declared in this scope
[43.985s]   150 |                         sync->registerCallback(boost::bind(&NavigationNode::control_callback, this, _1, _2));
[43.988s]       |                                                                                                     ^~
[43.989s] /home/neha/ros2_ws/src/semnav_migration/src/navigation.cpp:150:101: note: suggested alternatives:
[43.989s] In file included from /usr/include/boost/mpl/aux_/include_preprocessed.hpp:37,
[43.990s]                  from /usr/include/boost/mpl/placeholders.hpp:43,
[43.990s]                  from /usr/include/boost/iterator/iterator_categories.hpp:16,
[43.990s]                  from /usr/include/boost/iterator/iterator_facade.hpp:13,
[43.993s]                  from /usr/include/boost/range/iterator_range_core.hpp:27,
[43.993s]                  from /usr/include/boost/lexical_cast.hpp:48,
[43.994s]                  from /usr/include/boost/multiprecision/detail/number_base.hpp:29,
[43.994s]                  from /usr/include/boost/multiprecision/traits/is_variable_precision.hpp:9,
[43.994s]                  from /usr/include/boost/multiprecision/detail/precision.hpp:9,
[43.995s]                  from /usr/include/boost/multiprecision/number.hpp:11,
[43.997s]                  from /usr/include/boost/multiprecision/cpp_int.hpp:19,
[43.997s]                  from /usr/include/boost/multiprecision/cpp_bin_float.hpp:15,
[43.998s]                  from /usr/include/boost/geometry/core/coordinate_promotion.hpp:16,
[43.998s]                  from /usr/include/boost/geometry/core/radian_access.hpp:30,
[43.998s]                  from /usr/include/boost/geometry/geometry.hpp:50,
[43.998s]                  from /usr/include/boost/geometry.hpp:17,
[44.000s]                  from /home/neha/ros2_ws/src/semnav_migration/include/reactive_planner_lib.h:26:
[44.001s] /usr/include/boost/mpl/aux_/preprocessed/gcc/placeholders.hpp:29:16: note:   ‘mpl_::_1’
[44.001s]    29 | typedef arg<1> _1;
[44.002s]       |                ^~
[44.005s] /home/neha/ros2_ws/src/semnav_migration/src/navigation_semantic.cpp:181:25: error: ‘commandMode’ was not declared in this scope
[44.006s]   181 |                         commandMode.data = BehaviorModeCmd;
[44.006s]       |                         ^~~~~~~~~~~
[44.007s] In file included from /usr/include/boost/numeric/conversion/converter_policies.hpp:13,
[44.007s]                  from /usr/include/boost/numeric/conversion/converter.hpp:14,
[44.009s]                  from /usr/include/boost/numeric/conversion/cast.hpp:33,
[44.009s]                  from /usr/include/boost/geometry/core/radian_access.hpp:26:
[44.010s] /usr/include/c++/13/functional:294:48: note:   ‘std::placeholders::_1’
[44.010s]   294 |     _GLIBCXX_PLACEHOLDER const _Placeholder<1> _1;
[44.010s]       |                                                ^~
[44.013s] /usr/include/boost/mpl/aux_/preprocessed/gcc/placeholders.hpp:29:16: note:   ‘mpl_::_1’
[44.013s]    29 | typedef arg<1> _1;
[44.014s]       |                ^~
[44.014s] In file included from /usr/include/boost/describe/members.hpp:20,
[44.014s]                  from /usr/include/boost/container_hash/is_described_class.hpp:11,
[44.015s]                  from /usr/include/boost/container_hash/hash.hpp:18,
[44.017s]                  from /usr/include/boost/functional/hash.hpp:6,
[44.017s]                  from /usr/include/CGAL/Kernel/hash_functions.h:16,
[44.017s]                  from /usr/include/CGAL/Kernel/global_functions.h:25,
[44.018s]                  from /usr/include/CGAL/Cartesian/Cartesian_base.h:22,
[44.019s]                  from /usr/include/CGAL/Simple_cartesian.h:20,
[44.020s]                  from /usr/include/CGAL/Exact_predicates_inexact_constructions_kernel.h:20,
[44.022s]                  from /home/neha/ros2_ws/src/semnav_migration/include/polygeom_lib.h:32,
[44.023s]                  from /home/neha/ros2_ws/src/semnav_migration/include/reactive_planner_lib.h:51:
[44.024s] /usr/include/boost/mp11/bind.hpp:45:7: note:   ‘boost::mp11::_1’
[44.025s]    45 | using _1 = mp_arg<0>;
[44.025s]       |       ^~
[44.026s] /usr/include/boost/mpl/aux_/preprocessed/gcc/placeholders.hpp:29:16: note:   ‘mpl_::_1’
[44.027s]    29 | typedef arg<1> _1;
[44.027s]       |                ^~
[44.030s] /home/neha/ros2_ws/src/semnav_migration/src/navigation.cpp:150:105: error: ‘_2’ was not declared in this scope
[44.030s]   150 |                         sync->registerCallback(boost::bind(&NavigationNode::control_callback, this, _1, _2));
[44.031s]       |                                                                                                         ^~
[44.031s] /home/neha/ros2_ws/src/semnav_migration/src/navigation.cpp:150:105: note: suggested alternatives:
[44.031s] /usr/include/boost/mpl/aux_/preprocessed/gcc/placeholders.hpp:42:16: note:   ‘mpl_::_2’
[44.031s]    42 | typedef arg<2> _2;
[44.032s]       |                ^~
[44.032s] /usr/include/c++/13/functional:295:48: note:   ‘std::placeholders::_2’
[44.035s]   295 |     _GLIBCXX_PLACEHOLDER const _Placeholder<2> _2;
[44.035s]       |                                                ^~
[44.036s] /usr/include/boost/mpl/aux_/preprocessed/gcc/placeholders.hpp:42:16: note:   ‘mpl_::_2’
[44.036s]    42 | typedef arg<2> _2;
[44.036s]       |                ^~
[44.037s] /usr/include/boost/mp11/bind.hpp:46:7: note:   ‘boost::mp11::_2’
[44.037s]    46 | using _2 = mp_arg<1>;
[44.039s]       |       ^~
[44.039s] /usr/include/boost/mpl/aux_/preprocessed/gcc/placeholders.hpp:42:16: note:   ‘mpl_::_2’
[44.040s]    42 | typedef arg<2> _2;
[44.040s]       |                ^~
[44.040s] /home/neha/ros2_ws/src/semnav_migration/src/navigation.cpp:153:20: error: ‘Subscription’ was not declared in this scope
[44.041s]   153 |             rclcpp:Subscription sub_semantic = this->create_subscriber(sub_semantic_topic_, 1);
[44.041s]       |                    ^~~~~~~~~~~~
[44.041s] /home/neha/ros2_ws/src/semnav_migration/src/navigation.cpp:153:20: note: suggested alternatives:
[44.042s] In file included from /opt/ros/jazzy/include/rclcpp/rclcpp/any_executable.hpp:25,
[44.042s]                  from /opt/ros/jazzy/include/rclcpp/rclcpp/memory_strategy.hpp:25,
[44.042s]                  from /opt/ros/jazzy/include/rclcpp/rclcpp/memory_strategies.hpp:18,
[44.043s]                  from /opt/ros/jazzy/include/rclcpp/rclcpp/executor_options.hpp:22,
[44.043s]                  from /opt/ros/jazzy/include/rclcpp/rclcpp/executor.hpp:38,
[44.043s]                  from /opt/ros/jazzy/include/rclcpp/rclcpp/executors/multi_threaded_executor.hpp:25,
[44.044s]                  from /opt/ros/jazzy/include/rclcpp/rclcpp/executors.hpp:21:
[44.044s] /opt/ros/jazzy/include/rclcpp/rclcpp/subscription.hpp:75:7: note:   ‘rclcpp::Subscription’
[44.044s]    75 | class Subscription : public SubscriptionBase
[44.044s]       |       ^~~~~~~~~~~~
[44.045s] In file included from /opt/ros/jazzy/include/rclcpp/rclcpp/client.hpp:45,
[44.045s]                  from /opt/ros/jazzy/include/rclcpp/rclcpp/callback_group.hpp:24,
[44.045s]                  from /opt/ros/jazzy/include/rclcpp/rclcpp/any_executable.hpp:20:
[44.046s] /opt/ros/jazzy/include/rclcpp/rclcpp/node_interfaces/node_graph_interface.hpp:43:3: note:   ‘rclcpp::EndpointType::Subscription’
[44.046s]    43 |   Subscription = RMW_ENDPOINT_SUBSCRIPTION
[44.046s]       |   ^~~~~~~~~~~~
[44.047s] /home/neha/ros2_ws/src/semnav_migration/src/navigation.cpp:157:45: error: no matching function for call to ‘rclcpp::Duration::Duration(double)’
[44.047s]   157 |                         rclcpp::Duration(5.0).sleep();
[44.047s]       |                                             ^
[44.048s] In file included from /opt/ros/jazzy/include/rclcpp/rclcpp/time.hpp:24,
[44.048s]                  from /opt/ros/jazzy/include/rclcpp/rclcpp/clock.hpp:24,
[44.048s]                  from /opt/ros/jazzy/include/rclcpp/rclcpp/client.hpp:38:
[44.049s] /opt/ros/jazzy/include/rclcpp/rclcpp/duration.hpp:49:3: note: candidate: ‘template<class Rep, class Period> rclcpp::Duration::Duration(const std::chrono::duration<_Rep1, _Period1>&)’
[44.049s]    49 |   Duration(const std::chrono::duration<Rep, Period> & duration)  // NOLINT(runtime/explicit)
[44.049s]       |   ^~~~~~~~
[44.050s] /opt/ros/jazzy/include/rclcpp/rclcpp/duration.hpp:49:3: note:   template argument deduction/substitution failed:
[44.050s] /home/neha/ros2_ws/src/semnav_migration/src/navigation.cpp:157:45: note:   mismatched types ‘const std::chrono::duration<_Rep1, _Period1>’ and ‘double’
[44.050s]   157 |                         rclcpp::Duration(5.0).sleep();
[44.051s]       |                                             ^
[44.051s] /opt/ros/jazzy/include/rclcpp/rclcpp/duration.hpp:159:3: note: candidate: ‘rclcpp::Duration::Duration()’
[44.051s]   159 |   Duration() = default;
[44.052s]       |   ^~~~~~~~
[44.052s] /opt/ros/jazzy/include/rclcpp/rclcpp/duration.hpp:159:3: note:   candidate expects 0 arguments, 1 provided
[44.052s] /opt/ros/jazzy/include/rclcpp/rclcpp/duration.hpp:62:3: note: candidate: ‘rclcpp::Duration::Duration(const rclcpp::Duration&)’
[44.053s]    62 |   Duration(const Duration & rhs);
[44.053s]       |   ^~~~~~~~
[44.053s] /opt/ros/jazzy/include/rclcpp/rclcpp/duration.hpp:62:29: note:   no known conversion for argument 1 from ‘double’ to ‘const rclcpp::Duration&’
[44.053s]    62 |   Duration(const Duration & rhs);
[44.054s]       |            ~~~~~~~~~~~~~~~~~^~~
[44.054s] /opt/ros/jazzy/include/rclcpp/rclcpp/duration.hpp:60:12: note: candidate: ‘rclcpp::Duration::Duration(const rcl_duration_t&)’
[44.054s]    60 |   explicit Duration(const rcl_duration_t & duration);
[44.055s]       |            ^~~~~~~~
[44.055s] /opt/ros/jazzy/include/rclcpp/rclcpp/duration.hpp:60:44: note:   no known conversion for argument 1 from ‘double’ to ‘const rcl_duration_t&’ {aka ‘const rcl_duration_s&’}
[44.055s]    60 |   explicit Duration(const rcl_duration_t & duration);
[44.056s]       |                     ~~~~~~~~~~~~~~~~~~~~~~~^~~~~~~~
[44.056s] /opt/ros/jazzy/include/rclcpp/rclcpp/duration.hpp:54:3: note: candidate: ‘rclcpp::Duration::Duration(const builtin_interfaces::msg::Duration&)’
[44.056s]    54 |   Duration(const builtin_interfaces::msg::Duration & duration_msg);  // NOLINT(runtime/explicit)
[44.057s]       |   ^~~~~~~~
[44.057s] /opt/ros/jazzy/include/rclcpp/rclcpp/duration.hpp:54:54: note:   no known conversion for argument 1 from ‘double’ to ‘const builtin_interfaces::msg::Duration&’ {aka ‘const builtin_interfaces::msg::Duration_<std::allocator<void> >&’}
[44.057s]    54 |   Duration(const builtin_interfaces::msg::Duration & duration_msg);  // NOLINT(runtime/explicit)
[44.058s]       |            ~~~~~~~~~~~~~~~~~~~~~~~~~~~~~~~~~~~~~~~~~~^~~~~~~~~~~~
[44.058s] /opt/ros/jazzy/include/rclcpp/rclcpp/duration.hpp:43:12: note: candidate: ‘rclcpp::Duration::Duration(std::chrono::nanoseconds)’
[44.058s]    43 |   explicit Duration(std::chrono::nanoseconds nanoseconds);
[44.059s]       |            ^~~~~~~~
[44.059s] /opt/ros/jazzy/include/rclcpp/rclcpp/duration.hpp:43:46: note:   no known conversion for argument 1 from ‘double’ to ‘std::chrono::nanoseconds’ {aka ‘std::chrono::duration<long int, std::ratio<1, 1000000000> >’}
[44.059s]    43 |   explicit Duration(std::chrono::nanoseconds nanoseconds);
[44.060s]       |                     ~~~~~~~~~~~~~~~~~~~~~~~~~^~~~~~~~~~~
[44.060s] /opt/ros/jazzy/include/rclcpp/rclcpp/duration.hpp:40:3: note: candidate: ‘rclcpp::Duration::Duration(int32_t, uint32_t)’
[44.060s]    40 |   Duration(int32_t seconds, uint32_t nanoseconds);
[44.060s]       |   ^~~~~~~~
[44.061s] /opt/ros/jazzy/include/rclcpp/rclcpp/duration.hpp:40:3: note:   candidate expects 2 arguments, 1 provided
[44.115s] /home/neha/ros2_ws/src/semnav_migration/src/navigation.cpp:164:38: error: ‘node_ptr’ was not declared in this scope; did you mean ‘mode_t’?
[44.115s]   164 |                         rclcpp::spin(node_ptr);
[44.116s]       |                                      ^~~~~~~~
[44.118s]       |                                      mode_t
[44.185s] /home/neha/ros2_ws/src/semnav_migration/src/navigation_semantic.cpp:182:25: error: ‘pub_behaviorMode_’ was not declared in this scope; did you mean ‘pub_behaviorMode_topic_’?
[44.186s]   182 |                         pub_behaviorMode_.publish(commandMode);
[44.188s]       |                         ^~~~~~~~~~~~~~~~~
[44.188s]       |                         pub_behaviorMode_topic_
[44.229s] /home/neha/ros2_ws/src/semnav_migration/src/navigation.cpp: In member function ‘void NavigationNode::publish_twist(double, double)’:
[44.230s] /home/neha/ros2_ws/src/semnav_migration/src/navigation.cpp:171:25: error: ‘pub_twist_’ was not declared in this scope; did you mean ‘publish_twist’?
[44.230s]   171 |                         pub_twist_.publish(commandTwist);
[44.233s]       |                         ^~~~~~~~~~
[44.233s]       |                         publish_twist
[44.237s] /home/neha/ros2_ws/src/semnav_migration/src/navigation.cpp: In member function ‘void NavigationNode::publish_behavior_id(uint16_t)’:
[44.237s] /home/neha/ros2_ws/src/semnav_migration/src/navigation.cpp:176:28: error: ‘UInt32’ is not a member of ‘std_msgs::msg’
[44.239s]   176 |             std_msgs::msg::UInt32 commandId;
[44.239s]       |                            ^~~~~~
[44.289s] /home/neha/ros2_ws/src/semnav_migration/src/navigation_semantic.cpp: In member function ‘void SemanticNavigationNode::diffeo_tree_update(const object_pose_interface_msgs::msg::SemanticMapObjectArray_<std::allocator<void> >::ConstPtr&)’:
[44.291s] /home/neha/ros2_ws/src/semnav_migration/src/navigation_semantic.cpp:252:29: error: ‘ros’ has not been declared
[44.291s]   252 |                         if (ros::Time::now().toSec() - DiffeoTreeUpdateTime_ < (1.0/DiffeoTreeUpdateRate_)) {
[44.292s]       |                             ^~~
[44.292s] /home/neha/ros2_ws/src/semnav_migration/src/navigation_semantic.cpp:256:53: error: ‘ros’ has not been declared
[44.295s]   256 |                                 double start_time = ros::Time::now().toSec();
[44.295s]       |                                                     ^~~
[44.298s] /home/neha/ros2_ws/src/semnav_migration/src/navigation_semantic.cpp:267:49: error: ‘tf’ has not been declared
[44.299s]   267 |                                                 tf::Quaternion rotation = tf::Quaternion(semantic_map_data->objects[i].pose.pose.orientation.x,
[44.299s]       |                                                 ^~
[44.302s] /home/neha/ros2_ws/src/semnav_migration/src/navigation_semantic.cpp:272:49: error: ‘tf’ has not been declared
[44.302s]   272 |                                                 tf::Matrix3x3 m(rotation);
[44.303s]       |                                                 ^~
[44.303s] /home/neha/ros2_ws/src/semnav_migration/src/navigation_semantic.cpp:275:49: error: ‘tf’ has not been declared
[44.303s]   275 |                                                 tf::Vector3 target_nominal_1(-0.5*target_object_width_ - ObstacleDilation_ - 0.08, 0.0, 0.0);
[44.304s]       |                                                 ^~
[44.306s] /home/neha/ros2_ws/src/semnav_migration/src/navigation_semantic.cpp:276:49: error: ‘tf’ has not been declared
[44.306s]   276 |                                                 tf::Vector3 target_nominal_2(0.5*target_object_width_ + ObstacleDilation_ + 0.25, 0.0, 0.0);
[44.307s]       |                                                 ^~
[44.307s] /home/neha/ros2_ws/src/semnav_migration/src/navigation_semantic.cpp:277:49: error: ‘tf’ has not been declared
[44.307s]   277 |                                                 tf::Vector3 target_nominal_1_rotated = tf::quatRotate(rotation, target_nominal_1);
[44.310s]       |                                                 ^~
[44.310s] /home/neha/ros2_ws/src/semnav_migration/src/navigation_semantic.cpp:278:49: error: ‘tf’ has not been declared
[44.311s]   278 |                                                 tf::Vector3 target_nominal_2_rotated = tf::quatRotate(rotation, target_nominal_2);
[44.311s]       |                                                 ^~
[44.349s] /home/neha/ros2_ws/src/semnav_migration/src/navigation.cpp:177:25: error: ‘commandId’ was not declared in this scope
[44.350s]   177 |                         commandId.data = BehaviorIdCmd;
[44.350s]       |                         ^~~~~~~~~
[44.358s] /home/neha/ros2_ws/src/semnav_migration/src/navigation_semantic.cpp:280:49: error: ‘m’ was not declared in this scope; did you mean ‘tm’?
[44.358s]   280 |                                                 m.getRPY(roll, pitch, yaw);
[44.359s]       |                                                 ^
[44.361s]       |                                                 tm
[44.506s] /home/neha/ros2_ws/src/semnav_migration/src/navigation.cpp:178:25: error: ‘pub_behaviorID_’ was not declared in this scope; did you mean ‘pub_behaviorID_topic_’?
[44.506s]   178 |                         pub_behaviorID_.publish(commandId);
[44.509s]       |                         ^~~~~~~~~~~~~~~
[44.509s]       |                         pub_behaviorID_topic_
[44.514s] /home/neha/ros2_ws/src/semnav_migration/src/navigation.cpp: In member function ‘void NavigationNode::publish_behavior_mode(uint16_t)’:
[44.517s] /home/neha/ros2_ws/src/semnav_migration/src/navigation.cpp:183:28: error: ‘UInt32’ is not a member of ‘std_msgs::msg’
[44.517s]   183 |             std_msgs::msg::UInt32 commandMode;
[44.518s]       |                            ^~~~~~
[44.624s] /home/neha/ros2_ws/src/semnav_migration/src/navigation.cpp:184:25: error: ‘commandMode’ was not declared in this scope
[44.625s]   184 |                         commandMode.data = BehaviorModeCmd;
[44.625s]       |                         ^~~~~~~~~~~
[44.656s] /home/neha/ros2_ws/src/semnav_migration/src/navigation_semantic.cpp:281:123: error: ‘target_nominal_1_rotated’ was not declared in this scope
[44.657s]   281 |                                                 GoalVector[0].set<0>(semantic_map_data->objects[i].pose.pose.position.x + target_nominal_1_rotated.getX());
[44.657s]       |                                                                                                                           ^~~~~~~~~~~~~~~~~~~~~~~~
[44.795s] /home/neha/ros2_ws/src/semnav_migration/src/navigation.cpp:185:25: error: ‘pub_behaviorMode_’ was not declared in this scope; did you mean ‘pub_behaviorMode_topic_’?
[44.795s]   185 |                         pub_behaviorMode_.publish(commandMode);
[44.795s]       |                         ^~~~~~~~~~~~~~~~~
[44.796s]       |                         pub_behaviorMode_topic_
[44.937s] /home/neha/ros2_ws/src/semnav_migration/src/navigation_semantic.cpp:283:123: error: ‘target_nominal_2_rotated’ was not declared in this scope
[44.940s]   283 |                                                 GoalVector[1].set<0>(semantic_map_data->objects[i].pose.pose.position.x + target_nominal_2_rotated.getX());
[44.940s]       |                                                                                                                           ^~~~~~~~~~~~~~~~~~~~~~~~
[45.040s] /home/neha/ros2_ws/src/semnav_migration/src/navigation.cpp: In member function ‘void NavigationNode::control_callback(const sensor_msgs::msg::LaserScan_<std::allocator<void> >::ConstPtr&, const nav_msgs::msg::Odometry_<std::allocator<void> >::ConstPtr&)’:
[45.042s] /home/neha/ros2_ws/src/semnav_migration/src/navigation.cpp:368:33: error: ‘listener_’ was not declared in this scope
[45.043s]   368 |                                 listener_.waitForTransform(world_frame_id_, odom_frame_id_, rclcpp::Time(0), rclcpp::Duration(1.0));
[45.044s]       |                                 ^~~~~~~~~
[45.044s] /home/neha/ros2_ws/src/semnav_migration/src/navigation.cpp:368:130: error: no matching function for call to ‘rclcpp::Duration::Duration(double)’
[45.046s]   368 |                                 listener_.waitForTransform(world_frame_id_, odom_frame_id_, rclcpp::Time(0), rclcpp::Duration(1.0));
[45.046s]       |                                                                                                                                  ^
[45.047s] /opt/ros/jazzy/include/rclcpp/rclcpp/duration.hpp:49:3: note: candidate: ‘template<class Rep, class Period> rclcpp::Duration::Duration(const std::chrono::duration<_Rep1, _Period1>&)’
[45.047s]    49 |   Duration(const std::chrono::duration<Rep, Period> & duration)  // NOLINT(runtime/explicit)
[45.050s]       |   ^~~~~~~~
[45.051s] /opt/ros/jazzy/include/rclcpp/rclcpp/duration.hpp:49:3: note:   template argument deduction/substitution failed:
[45.051s] /home/neha/ros2_ws/src/semnav_migration/src/navigation.cpp:368:130: note:   mismatched types ‘const std::chrono::duration<_Rep1, _Period1>’ and ‘double’
[45.051s]   368 |                                 listener_.waitForTransform(world_frame_id_, odom_frame_id_, rclcpp::Time(0), rclcpp::Duration(1.0));
[45.051s]       |                                                                                                                                  ^
[45.052s] /opt/ros/jazzy/include/rclcpp/rclcpp/duration.hpp:159:3: note: candidate: ‘rclcpp::Duration::Duration()’
[45.052s]   159 |   Duration() = default;
[45.055s]       |   ^~~~~~~~
[45.056s] /opt/ros/jazzy/include/rclcpp/rclcpp/duration.hpp:159:3: note:   candidate expects 0 arguments, 1 provided
[45.056s] /opt/ros/jazzy/include/rclcpp/rclcpp/duration.hpp:62:3: note: candidate: ‘rclcpp::Duration::Duration(const rclcpp::Duration&)’
[45.056s]    62 |   Duration(const Duration & rhs);
[45.057s]       |   ^~~~~~~~
[45.057s] /opt/ros/jazzy/include/rclcpp/rclcpp/duration.hpp:62:29: note:   no known conversion for argument 1 from ‘double’ to ‘const rclcpp::Duration&’
[45.060s]    62 |   Duration(const Duration & rhs);
[45.061s]       |            ~~~~~~~~~~~~~~~~~^~~
[45.061s] /opt/ros/jazzy/include/rclcpp/rclcpp/duration.hpp:60:12: note: candidate: ‘rclcpp::Duration::Duration(const rcl_duration_t&)’
[45.061s]    60 |   explicit Duration(const rcl_duration_t & duration);
[45.062s]       |            ^~~~~~~~
[45.064s] /opt/ros/jazzy/include/rclcpp/rclcpp/duration.hpp:60:44: note:   no known conversion for argument 1 from ‘double’ to ‘const rcl_duration_t&’ {aka ‘const rcl_duration_s&’}
[45.065s]    60 |   explicit Duration(const rcl_duration_t & duration);
[45.065s]       |                     ~~~~~~~~~~~~~~~~~~~~~~~^~~~~~~~
[45.065s] /opt/ros/jazzy/include/rclcpp/rclcpp/duration.hpp:54:3: note: candidate: ‘rclcpp::Duration::Duration(const builtin_interfaces::msg::Duration&)’
[45.066s]    54 |   Duration(const builtin_interfaces::msg::Duration & duration_msg);  // NOLINT(runtime/explicit)
[45.068s]       |   ^~~~~~~~
[45.069s] /opt/ros/jazzy/include/rclcpp/rclcpp/duration.hpp:54:54: note:   no known conversion for argument 1 from ‘double’ to ‘const builtin_interfaces::msg::Duration&’ {aka ‘const builtin_interfaces::msg::Duration_<std::allocator<void> >&’}
[45.069s]    54 |   Duration(const builtin_interfaces::msg::Duration & duration_msg);  // NOLINT(runtime/explicit)
[45.069s]       |            ~~~~~~~~~~~~~~~~~~~~~~~~~~~~~~~~~~~~~~~~~~^~~~~~~~~~~~
[45.070s] /opt/ros/jazzy/include/rclcpp/rclcpp/duration.hpp:43:12: note: candidate: ‘rclcpp::Duration::Duration(std::chrono::nanoseconds)’
[45.072s]    43 |   explicit Duration(std::chrono::nanoseconds nanoseconds);
[45.073s]       |            ^~~~~~~~
[45.073s] /opt/ros/jazzy/include/rclcpp/rclcpp/duration.hpp:43:46: note:   no known conversion for argument 1 from ‘double’ to ‘std::chrono::nanoseconds’ {aka ‘std::chrono::duration<long int, std::ratio<1, 1000000000> >’}
[45.073s]    43 |   explicit Duration(std::chrono::nanoseconds nanoseconds);
[45.074s]       |                     ~~~~~~~~~~~~~~~~~~~~~~~~~^~~~~~~~~~~
[45.076s] /opt/ros/jazzy/include/rclcpp/rclcpp/duration.hpp:40:3: note: candidate: ‘rclcpp::Duration::Duration(int32_t, uint32_t)’
[45.077s]    40 |   Duration(int32_t seconds, uint32_t nanoseconds);
[45.077s]       |   ^~~~~~~~
[45.077s] /opt/ros/jazzy/include/rclcpp/rclcpp/duration.hpp:40:3: note:   candidate expects 2 arguments, 1 provided
[45.078s] /home/neha/ros2_ws/src/semnav_migration/src/navigation.cpp:398:42: error: could not convert ‘lidar_data’ from ‘shared_ptr<LaserScan_<[...]>>’ to ‘shared_ptr<LaserScan_<[...]>>’
[45.080s]   398 |                         constructLIDAR2D(lidar_data, CutoffRange_, AllowableRange_, RobotPitch_, &LIDAR);
[45.080s]       |                                          ^~~~~~~~~~
[45.081s]       |                                          |
[45.081s]       |                                          shared_ptr<LaserScan_<[...]>>
[45.111s] /home/neha/ros2_ws/src/semnav_migration/src/navigation.cpp:572:53: error: no matching function for call to ‘rclcpp::Duration::Duration(double)’
[45.113s]   572 |                                 rclcpp::Duration(5.0).sleep();
[45.114s]       |                                                     ^
[45.114s] /opt/ros/jazzy/include/rclcpp/rclcpp/duration.hpp:49:3: note: candidate: ‘template<class Rep, class Period> rclcpp::Duration::Duration(const std::chrono::duration<_Rep1, _Period1>&)’
[45.117s]    49 |   Duration(const std::chrono::duration<Rep, Period> & duration)  // NOLINT(runtime/explicit)
[45.117s]       |   ^~~~~~~~
[45.118s] /opt/ros/jazzy/include/rclcpp/rclcpp/duration.hpp:49:3: note:   template argument deduction/substitution failed:
[45.118s] /home/neha/ros2_ws/src/semnav_migration/src/navigation.cpp:572:53: note:   mismatched types ‘const std::chrono::duration<_Rep1, _Period1>’ and ‘double’
[45.118s]   572 |                                 rclcpp::Duration(5.0).sleep();
[45.118s]       |                                                     ^
[45.119s] /opt/ros/jazzy/include/rclcpp/rclcpp/duration.hpp:159:3: note: candidate: ‘rclcpp::Duration::Duration()’
[45.121s]   159 |   Duration() = default;
[45.121s]       |   ^~~~~~~~
[45.122s] /opt/ros/jazzy/include/rclcpp/rclcpp/duration.hpp:159:3: note:   candidate expects 0 arguments, 1 provided
[45.122s] /opt/ros/jazzy/include/rclcpp/rclcpp/duration.hpp:62:3: note: candidate: ‘rclcpp::Duration::Duration(const rclcpp::Duration&)’
[45.122s]    62 |   Duration(const Duration & rhs);
[45.125s]       |   ^~~~~~~~
[45.125s] /opt/ros/jazzy/include/rclcpp/rclcpp/duration.hpp:62:29: note:   no known conversion for argument 1 from ‘double’ to ‘const rclcpp::Duration&’
[45.126s]    62 |   Duration(const Duration & rhs);
[45.126s]       |            ~~~~~~~~~~~~~~~~~^~~
[45.126s] /opt/ros/jazzy/include/rclcpp/rclcpp/duration.hpp:60:12: note: candidate: ‘rclcpp::Duration::Duration(const rcl_duration_t&)’
[45.127s]    60 |   explicit Duration(const rcl_duration_t & duration);
[45.127s]       |            ^~~~~~~~
[45.129s] /opt/ros/jazzy/include/rclcpp/rclcpp/duration.hpp:60:44: note:   no known conversion for argument 1 from ‘double’ to ‘const rcl_duration_t&’ {aka ‘const rcl_duration_s&’}
[45.129s]    60 |   explicit Duration(const rcl_duration_t & duration);
[45.130s]       |                     ~~~~~~~~~~~~~~~~~~~~~~~^~~~~~~~
[45.130s] /opt/ros/jazzy/include/rclcpp/rclcpp/duration.hpp:54:3: note: candidate: ‘rclcpp::Duration::Duration(const builtin_interfaces::msg::Duration&)’
[45.130s]    54 |   Duration(const builtin_interfaces::msg::Duration & duration_msg);  // NOLINT(runtime/explicit)
[45.133s]       |   ^~~~~~~~
[45.133s] /opt/ros/jazzy/include/rclcpp/rclcpp/duration.hpp:54:54: note:   no known conversion for argument 1 from ‘double’ to ‘const builtin_interfaces::msg::Duration&’ {aka ‘const builtin_interfaces::msg::Duration_<std::allocator<void> >&’}
[45.134s]    54 |   Duration(const builtin_interfaces::msg::Duration & duration_msg);  // NOLINT(runtime/explicit)
[45.134s]       |            ~~~~~~~~~~~~~~~~~~~~~~~~~~~~~~~~~~~~~~~~~~^~~~~~~~~~~~
[45.134s] /opt/ros/jazzy/include/rclcpp/rclcpp/duration.hpp:43:12: note: candidate: ‘rclcpp::Duration::Duration(std::chrono::nanoseconds)’
[45.135s]    43 |   explicit Duration(std::chrono::nanoseconds nanoseconds);
[45.135s]       |            ^~~~~~~~
[45.137s] /opt/ros/jazzy/include/rclcpp/rclcpp/duration.hpp:43:46: note:   no known conversion for argument 1 from ‘double’ to ‘std::chrono::nanoseconds’ {aka ‘std::chrono::duration<long int, std::ratio<1, 1000000000> >’}
[45.137s]    43 |   explicit Duration(std::chrono::nanoseconds nanoseconds);
[45.138s]       |                     ~~~~~~~~~~~~~~~~~~~~~~~~~^~~~~~~~~~~
[45.138s] /opt/ros/jazzy/include/rclcpp/rclcpp/duration.hpp:40:3: note: candidate: ‘rclcpp::Duration::Duration(int32_t, uint32_t)’
[45.138s]    40 |   Duration(int32_t seconds, uint32_t nanoseconds);
[45.141s]       |   ^~~~~~~~
[45.141s] /opt/ros/jazzy/include/rclcpp/rclcpp/duration.hpp:40:3: note:   candidate expects 2 arguments, 1 provided
[45.160s] /home/neha/ros2_ws/src/semnav_migration/src/navigation_semantic.cpp:317:49: error: ‘ROS_ERROR_STREAM’ was not declared in this scope; did you mean ‘RCLCPP_ERROR_STREAM’?
[45.161s]   317 |                                                 ROS_ERROR_STREAM("Goal blocked by object");
[45.161s]       |                                                 ^~~~~~~~~~~~~~~~
[45.161s]       |                                                 RCLCPP_ERROR_STREAM
[45.170s] /home/neha/ros2_ws/src/semnav_migration/src/navigation_semantic.cpp:365:85: error: ‘ros’ has not been declared
[45.171s]   365 |                                 ROS_WARN_STREAM("[Navigation] Updated trees in " << ros::Time::now().toSec()-start_time << " seconds.");
[45.171s]       |                                                                                     ^~~
[45.344s] /home/neha/ros2_ws/src/semnav_migration/src/navigation_semantic.cpp:365:33: error: ‘ROS_WARN_STREAM’ was not declared in this scope; did you mean ‘RCLCPP_WARN_STREAM’?
[45.344s]   365 |                                 ROS_WARN_STREAM("[Navigation] Updated trees in " << ros::Time::now().toSec()-start_time << " seconds.");
[45.345s]       |                                 ^~~~~~~~~~~~~~~
[45.347s]       |                                 RCLCPP_WARN_STREAM
[45.348s] /home/neha/ros2_ws/src/semnav_migration/src/navigation_semantic.cpp:368:57: error: ‘ros’ has not been declared
[45.348s]   368 |                                 DiffeoTreeUpdateTime_ = ros::Time::now().toSec();
[45.351s]       |                                                         ^~~
[45.352s] /home/neha/ros2_ws/src/semnav_migration/src/navigation_semantic.cpp: In member function ‘void SemanticNavigationNode::control_callback(const sensor_msgs::msg::LaserScan_<std::allocator<void> >::ConstPtr&, const nav_msgs::msg::Odometry_<std::allocator<void> >::ConstPtr&)’:
[45.352s] /home/neha/ros2_ws/src/semnav_migration/src/navigation_semantic.cpp:396:46: error: ‘ros’ has not been declared
[45.352s]   396 |                         double before_time = ros::Time::now().toSec();
[45.353s]       |                                              ^~~
[45.354s] /home/neha/ros2_ws/src/semnav_migration/src/navigation_semantic.cpp:399:40: error: ‘PoseStamped’ is not a member of ‘geometry_msgs’; did you mean ‘geometry_msgs::msg::PoseStamped’?
[45.356s]   399 |                         geometry_msgs::PoseStamped odomPose, mapPose;
[45.357s]       |                                        ^~~~~~~~~~~
[45.357s] In file included from /home/neha/ros2_ws/src/install/object_pose_interface_msgs/include/object_pose_interface_msgs/object_pose_interface_msgs/msg/detail/semantic_map_object__struct.hpp:28,
[45.357s]                  from /home/neha/ros2_ws/src/install/object_pose_interface_msgs/include/object_pose_interface_msgs/object_pose_interface_msgs/msg/detail/semantic_map_object_array__struct.hpp:25,
[45.358s]                  from /home/neha/ros2_ws/src/install/object_pose_interface_msgs/include/object_pose_interface_msgs/object_pose_interface_msgs/msg/semantic_map_object_array.hpp:7,
[45.359s]                  from /home/neha/ros2_ws/src/semnav_migration/src/navigation_semantic.cpp:26:
[45.360s] /opt/ros/jazzy/include/geometry_msgs/geometry_msgs/msg/detail/pose_stamped__struct.hpp:138:7: note: ‘geometry_msgs::msg::PoseStamped’ declared here
[45.361s]   138 | using PoseStamped =
[45.362s]       |       ^~~~~~~~~~~
[45.444s] /home/neha/ros2_ws/src/semnav_migration/src/navigation_semantic.cpp:400:25: error: ‘odomPose’ was not declared in this scope
[45.445s]   400 |                         odomPose.header.stamp = ros::Time(0);
[45.445s]       |                         ^~~~~~~~
[45.447s] /home/neha/ros2_ws/src/semnav_migration/src/navigation_semantic.cpp:400:49: error: ‘ros’ has not been declared
[45.448s]   400 |                         odomPose.header.stamp = ros::Time(0);
[45.448s]       |                                                 ^~~
[45.549s] /home/neha/ros2_ws/src/semnav_migration/src/navigation_semantic.cpp:404:33: error: ‘listener_’ was not declared in this scope
[45.550s]   404 |                                 listener_.waitForTransform(world_frame_id_, odom_frame_id_, ros::Time(0), ros::Duration(1.0));
[45.550s]       |                                 ^~~~~~~~~
[45.550s] /home/neha/ros2_ws/src/semnav_migration/src/navigation_semantic.cpp:404:93: error: ‘ros’ has not been declared
[45.550s]   404 |                                 listener_.waitForTransform(world_frame_id_, odom_frame_id_, ros::Time(0), ros::Duration(1.0));
[45.553s]       |                                                                                             ^~~
[45.553s] /home/neha/ros2_ws/src/semnav_migration/src/navigation_semantic.cpp:404:107: error: ‘ros’ has not been declared
[45.554s]   404 |                                 listener_.waitForTransform(world_frame_id_, odom_frame_id_, ros::Time(0), ros::Duration(1.0));
[45.554s]       |                                                                                                           ^~~
[45.623s] /home/neha/ros2_ws/src/semnav_migration/src/navigation_semantic.cpp:405:84: error: ‘mapPose’ was not declared in this scope
[45.626s]   405 |                                 listener_.transformPose(world_frame_id_, odomPose, mapPose);
[45.627s]       |                                                                                    ^~~~~~~
[45.636s] /home/neha/ros2_ws/src/semnav_migration/src/navigation_semantic.cpp:406:34: error: ‘tf’ does not name a type; did you mean ‘tm’?
[45.636s]   406 |                         } catch (tf::TransformException &ex) {
[45.638s]       |                                  ^~
[45.639s]       |                                  tm
[45.639s] /home/neha/ros2_ws/src/semnav_migration/src/navigation_semantic.cpp:406:57: error: expected unqualified-id before ‘&’ token
[45.641s]   406 |                         } catch (tf::TransformException &ex) {
[45.642s]       |                                                         ^
[45.642s] /home/neha/ros2_ws/src/semnav_migration/src/navigation_semantic.cpp:406:57: error: expected ‘)’ before ‘&’ token
[45.642s] /home/neha/ros2_ws/src/semnav_migration/src/navigation_semantic.cpp:406:33: note: to match this ‘(’
[45.645s]   406 |                         } catch (tf::TransformException &ex) {
[45.646s]       |                                 ^
[45.646s] /home/neha/ros2_ws/src/semnav_migration/src/navigation_semantic.cpp:406:57: error: expected ‘{’ before ‘&’ token
[45.646s]   406 |                         } catch (tf::TransformException &ex) {
[45.647s]       |                                                         ^
[45.704s] /home/neha/ros2_ws/src/semnav_migration/src/navigation_semantic.cpp:406:58: error: ‘ex’ was not declared in this scope; did you mean ‘exp’?
[45.704s]   406 |                         } catch (tf::TransformException &ex) {
[45.704s]       |                                                          ^~
[45.705s]       |                                                          exp
[45.705s] /home/neha/ros2_ws/src/semnav_migration/src/navigation_semantic.cpp:412:25: error: ‘tf’ has not been declared
[45.707s]   412 |                         tf::Quaternion rotation = tf::Quaternion(mapPose.pose.orientation.x,
[45.708s]       |                         ^~
[45.708s] /home/neha/ros2_ws/src/semnav_migration/src/navigation_semantic.cpp:416:25: error: ‘tf’ has not been declared
[45.710s]   416 |                         tf::Matrix3x3 m(rotation);
[45.711s]       |                         ^~
[45.770s] /home/neha/ros2_ws/src/semnav_migration/src/navigation_semantic.cpp:418:25: error: ‘m’ was not declared in this scope; did you mean ‘tm’?
[45.771s]   418 |                         m.getRPY(roll, pitch, yaw);
[45.771s]       |                         ^
[45.774s]       |                         tm
[45.843s] /home/neha/ros2_ws/src/semnav_migration/src/navigation_semantic.cpp:419:51: error: ‘mapPose’ was not declared in this scope
[45.844s]   419 |                         double x_robot_position = mapPose.pose.position.x;
[45.844s]       |                                                   ^~~~~~~
[45.859s] /home/neha/ros2_ws/src/semnav_migration/src/navigation_semantic.cpp:432:42: error: could not convert ‘lidar_data’ from ‘shared_ptr<LaserScan_<[...]>>’ to ‘shared_ptr<LaserScan_<[...]>>’
[45.862s]   432 |                         constructLIDAR2D(lidar_data, CutoffRange_, AllowableRange_, RobotPitch_, &LIDAR);
[45.863s]       |                                          ^~~~~~~~~~
[45.863s]       |                                          |
[45.863s]       |                                          shared_ptr<LaserScan_<[...]>>
[45.894s] /home/neha/ros2_ws/src/semnav_migration/src/navigation_semantic.cpp:562:96: error: invalid operands of types ‘const char [53]’ and ‘double’ to binary ‘operator<<’
[45.897s]   562 |                         ROS_WARN_STREAM("[Navigation] Diffeomorphism jacobian determinant is " << MatrixDeterminant(RobotPositionTransformedD) << ", robot position is " << bg::dsv(RobotPosition_) << " and robot positon in model space is " << bg::dsv(RobotPositionTransformedPoint));
[45.898s]       |                                         ~~~~~~~~~~~~~~~~~~~~~~~~~~~~~~~~~~~~~~~~~~~~~~~~~~~~~~ ^~ ~~~~~~~~~~~~~~~~~~~~~~~~~~~~~~~~~~~~~~~~~~~~
[45.898s]       |                                         |                                                                          |
[45.898s]       |                                         const char [53]                                                            double
[46.075s] /home/neha/ros2_ws/src/semnav_migration/src/navigation_semantic.cpp:562:25: error: ‘ROS_WARN_STREAM’ was not declared in this scope; did you mean ‘RCLCPP_WARN_STREAM’?
[46.078s]   562 |                         ROS_WARN_STREAM("[Navigation] Diffeomorphism jacobian determinant is " << MatrixDeterminant(RobotPositionTransformedD) << ", robot position is " << bg::dsv(RobotPosition_) << " and robot positon in model space is " << bg::dsv(RobotPositionTransformedPoint));
[46.078s]       |                         ^~~~~~~~~~~~~~~
[46.079s]       |                         RCLCPP_WARN_STREAM
[46.080s] /home/neha/ros2_ws/src/semnav_migration/src/navigation_semantic.cpp:591:41: error: ‘ros’ has not been declared
[46.080s]   591 |                                         ros::Duration(5.0).sleep();
[46.080s]       |                                         ^~~
[46.092s] /home/neha/ros2_ws/src/semnav_migration/src/navigation_semantic.cpp:616:75: error: invalid operands of types ‘const char [32]’ and ‘double’ to binary ‘operator<<’
[46.093s]   616 |                         ROS_WARN_STREAM("[Navigation] Linear command is " << LinearCmd << " and angular command is " << AngularCmd);
[46.093s]       |                                         ~~~~~~~~~~~~~~~~~~~~~~~~~~~~~~~~~ ^~ ~~~~~~~~~
[46.093s]       |                                         |                                    |
[46.095s]       |                                         const char [32]                      double
[46.096s] /home/neha/ros2_ws/src/semnav_migration/src/navigation_semantic.cpp:617:76: error: invalid operands of types ‘const char [33]’ and ‘int’ to binary ‘operator<<’
[46.098s]   617 |                         ROS_WARN_STREAM("[Navigation] Command update for " << int(localDiffeoTreeArray.size()) << " polygons in " << ros::Time::now().toSec()-before_time << " seconds.");
[46.099s]       |                                         ~~~~~~~~~~~~~~~~~~~~~~~~~~~~~~~~~~ ^~ ~~~~~~~~~~~~~~~~~~~~~~~~~~~~~~~~
[46.099s]       |                                         |                                     |
[46.100s]       |                                         const char [33]                       int
[46.102s] /home/neha/ros2_ws/src/semnav_migration/src/navigation_semantic.cpp:617:134: error: ‘ros’ has not been declared
[46.103s]   617 |                         ROS_WARN_STREAM("[Navigation] Command update for " << int(localDiffeoTreeArray.size()) << " polygons in " << ros::Time::now().toSec()-before_time << " seconds.");
[46.103s]       |                                                                                                                                      ^~~
[46.103s] /home/neha/ros2_ws/src/semnav_migration/src/navigation_semantic.cpp: In function ‘int main(int, char**)’:
[46.106s] /home/neha/ros2_ws/src/semnav_migration/src/navigation_semantic.cpp:698:9: error: ‘ros’ has not been declared
[46.107s]   698 |         ros::init(argc, argv, "navigation_semantic");
[46.107s]       |         ^~~
[46.107s] /home/neha/ros2_ws/src/semnav_migration/src/navigation_semantic.cpp:701:9: error: ‘ros’ has not been declared
[46.108s]   701 |         ros::NodeHandle nh("~");
[46.108s]       |         ^~~
[46.138s] /home/neha/ros2_ws/src/semnav_migration/src/navigation_semantic.cpp:704:56: error: ‘nh’ was not declared in this scope
[46.138s]   704 |         SemanticNavigationNode semanticNavigationNode(&nh);
[46.139s]       |                                                        ^~
[65.701s] gmake[2]: *** [CMakeFiles/navigation_semantic.dir/build.make:76: CMakeFiles/navigation_semantic.dir/src/navigation_semantic.cpp.o] Error 1
[65.703s] gmake[1]: *** [CMakeFiles/Makefile2:207: CMakeFiles/navigation_semantic.dir/all] Error 2
[65.703s] gmake[1]: *** Waiting for unfinished jobs....
[72.108s] gmake[2]: *** [CMakeFiles/navigation.dir/build.make:76: CMakeFiles/navigation.dir/src/navigation.cpp.o] Error 1
[72.109s] gmake[1]: *** [CMakeFiles/Makefile2:181: CMakeFiles/navigation.dir/all] Error 2
[72.109s] gmake: *** [Makefile:146: all] Error 2
[72.113s] Invoked command in '/home/neha/ros2_ws/src/semnav_migration/build/semnav' returned '2': CMAKE_PREFIX_PATH=${CMAKE_PREFIX_PATH}:/opt/ros/jazzy DEBUGINFOD_URLS=https://debuginfod.ubuntu.com /usr/bin/cmake --build /home/neha/ros2_ws/src/semnav_migration/build/semnav -- -j2 -l2
