[0.025s] Invoking command in '/home/neha/ros2_ws/src/semnav_migration/build/semnav': CMAKE_PREFIX_PATH=${CMAKE_PREFIX_PATH}:/opt/ros/jazzy DEBUGINFOD_URLS=https://debuginfod.ubuntu.com /usr/bin/cmake --build /home/neha/ros2_ws/src/semnav_migration/build/semnav -- -j2 -l2
[0.193s] [ 14%] Built target reactive_planner
[0.335s] [ 19%] Building CXX object CMakeFiles/navigation.dir/src/navigation.cpp.o
[0.338s] [ 23%] Building CXX object CMakeFiles/navigation_semantic.dir/src/navigation_semantic.cpp.o
[6.281s] /home/neha/ros2_ws/src/semnav_migration/src/navigation_semantic.cpp:366:128: error: macro "RCLCPP_WARN_STREAM" requires 2 arguments, but only 1 given
[6.281s]   366 |                                 RCLCPP_WARN_STREAM("[Navigation] Updated trees in " << time.seconds()-start_time << " seconds.");
[6.281s]       |                                                                                                                                ^
[6.281s] In file included from /opt/ros/jazzy/include/rclcpp/rclcpp/copy_all_parameter_values.hpp:27,
[6.282s]                  from /opt/ros/jazzy/include/rclcpp/rclcpp/rclcpp.hpp:171,
[6.282s]                  from /home/neha/ros2_ws/src/semnav_migration/include/reactive_planner_lib.h:32,
[6.282s]                  from /home/neha/ros2_ws/src/semnav_migration/src/navigation_semantic.cpp:25:
[6.282s] /opt/ros/jazzy/include/rclcpp/rclcpp/logging.hpp:1136: note: macro "RCLCPP_WARN_STREAM" defined here
[6.282s]  1136 | #define RCLCPP_WARN_STREAM(logger, stream_arg) \
[6.282s]       | 
[6.286s] /home/neha/ros2_ws/src/semnav_migration/src/navigation_semantic.cpp:564:284: error: macro "RCLCPP_WARN_STREAM" requires 2 arguments, but only 1 given
[6.287s]   564 |                         RCLCPP_WARN_STREAM("[Navigation] Diffeomorphism jacobian determinant is " << MatrixDeterminant(RobotPositionTransformedD) << ", robot position is " << bg::dsv(RobotPosition_) << " and robot positon in model space is " << bg::dsv(RobotPositionTransformedPoint));
[6.287s]       |                                                                                                                                                                                                                                                                                            ^
[6.287s] /opt/ros/jazzy/include/rclcpp/rclcpp/logging.hpp:1136: note: macro "RCLCPP_WARN_STREAM" defined here
[6.288s]  1136 | #define RCLCPP_WARN_STREAM(logger, stream_arg) \
[6.288s]       | 
[6.288s] /home/neha/ros2_ws/src/semnav_migration/src/navigation_semantic.cpp:589:98: error: macro "RCLCPP_WARN_STREAM" requires 2 arguments, but only 1 given
[6.289s]   589 |                                         RCLCPP_WARN_STREAM("[Navigation] Aligning with object...");
[6.289s]       |                                                                                                  ^
[6.289s] /opt/ros/jazzy/include/rclcpp/rclcpp/logging.hpp:1136: note: macro "RCLCPP_WARN_STREAM" defined here
[6.291s]  1136 | #define RCLCPP_WARN_STREAM(logger, stream_arg) \
[6.291s]       | 
[6.291s] /home/neha/ros2_ws/src/semnav_migration/src/navigation_semantic.cpp:591:128: error: macro "RCLCPP_WARN_STREAM" requires 2 arguments, but only 1 given
[6.291s]   591 |                                         RCLCPP_WARN_STREAM("[Navigation] Successfully navigated to goal and stopped to jump...");
[6.291s]       |                                                                                                                                ^
[6.291s] /opt/ros/jazzy/include/rclcpp/rclcpp/logging.hpp:1136: note: macro "RCLCPP_WARN_STREAM" defined here
[6.291s]  1136 | #define RCLCPP_WARN_STREAM(logger, stream_arg) \
[6.292s]       | 
[6.292s] /home/neha/ros2_ws/src/semnav_migration/src/navigation_semantic.cpp:618:134: error: macro "RCLCPP_WARN_STREAM" requires 2 arguments, but only 1 given
[6.292s]   618 |                         RCLCPP_WARN_STREAM("[Navigation] Linear command is " << LinearCmd << " and angular command is " << AngularCmd);
[6.292s]       |                                                                                                                                      ^
[6.292s] /opt/ros/jazzy/include/rclcpp/rclcpp/logging.hpp:1136: note: macro "RCLCPP_WARN_STREAM" defined here
[6.292s]  1136 | #define RCLCPP_WARN_STREAM(logger, stream_arg) \
[6.292s]       | 
[6.293s] /home/neha/ros2_ws/src/semnav_migration/src/navigation_semantic.cpp:619:188: error: macro "RCLCPP_WARN_STREAM" requires 2 arguments, but only 1 given
[6.293s]   619 |                         RCLCPP_WARN_STREAM("[Navigation] Command update for " << int(localDiffeoTreeArray.size()) << " polygons in " << ros::Time::now().toSec()-before_time << " seconds.");
[6.293s]       |                                                                                                                                                                                            ^
[6.293s] /opt/ros/jazzy/include/rclcpp/rclcpp/logging.hpp:1136: note: macro "RCLCPP_WARN_STREAM" defined here
[6.296s]  1136 | #define RCLCPP_WARN_STREAM(logger, stream_arg) \
[6.296s]       | 
[21.696s] /home/neha/ros2_ws/src/semnav_migration/src/navigation_semantic.cpp:626:25: error: ‘NodeHandle’ in namespace ‘rclcpp’ does not name a type
[21.696s]   626 |                 rclcpp::NodeHandle nh_;
[21.696s]       |                         ^~~~~~~~~~
[21.698s] /home/neha/ros2_ws/src/semnav_migration/src/navigation_semantic.cpp:643:17: error: invalid use of template-name ‘rclcpp::Publisher’ without an argument list
[21.698s]   643 |                 rclcpp::Publisher pub_behaviorID_;
[21.699s]       |                 ^~~~~~
[21.699s] /home/neha/ros2_ws/src/semnav_migration/src/navigation_semantic.cpp:644:17: error: invalid use of template-name ‘rclcpp::Publisher’ without an argument list
[21.699s]   644 |                 rclcpp::Publisher pub_behaviorMode_;
[21.699s]       |                 ^~~~~~
[21.699s] /home/neha/ros2_ws/src/semnav_migration/src/navigation_semantic.cpp:645:17: error: invalid use of template-name ‘rclcpp::Publisher’ without an argument list
[21.700s]   645 |                 rclcpp::Publisher pub_twist_;
[21.700s]       |                 ^~~~~~
[21.700s] /home/neha/ros2_ws/src/semnav_migration/src/navigation_semantic.cpp:647:17: error: invalid use of template-name ‘rclcpp::Publisher’ without an argument list
[21.700s]   647 |                 rclcpp::Publisher pub_semantic_map_;
[21.700s]       |                 ^~~~~~
[21.713s] /home/neha/ros2_ws/src/semnav_migration/src/navigation_semantic.cpp:693:17: error: ‘tf’ does not name a type; did you mean ‘tm’?
[21.714s]   693 |                 tf::TransformListener listener_;
[21.714s]       |                 ^~
[21.714s]       |                 tm
[21.749s] /home/neha/ros2_ws/src/semnav_migration/src/navigation_semantic.cpp: In constructor ‘SemanticNavigationNode::SemanticNavigationNode()’:
[21.749s] /home/neha/ros2_ws/src/semnav_migration/src/navigation_semantic.cpp:137:69: error: ‘UInt32’ is not a member of ‘std_msgs::msg’
[21.749s]   137 |             pub_behaviorID_ = this->create_publisher<std_msgs::msg::UInt32>("pub_behaviorID_topic_", 1);
[21.750s]       |                                                                     ^~~~~~
[21.750s] /home/neha/ros2_ws/src/semnav_migration/src/navigation_semantic.cpp:137:76: error: no matching function for call to ‘SemanticNavigationNode::create_publisher<<expression error> >(const char [22], int)’
[21.750s]   137 |             pub_behaviorID_ = this->create_publisher<std_msgs::msg::UInt32>("pub_behaviorID_topic_", 1);
[21.750s]       |                               ~~~~~~~~~~~~~~~~~~~~~~~~~~~~~~~~~~~~~~~~~~~~~^~~~~~~~~~~~~~~~~~~~~~~~~~~~
[21.752s] In file included from /opt/ros/jazzy/include/rclcpp/rclcpp/executors/single_threaded_executor.hpp:28,
[21.752s]                  from /opt/ros/jazzy/include/rclcpp/rclcpp/executors.hpp:22,
[21.752s]                  from /opt/ros/jazzy/include/rclcpp/rclcpp/rclcpp.hpp:172:
[21.753s] /opt/ros/jazzy/include/rclcpp/rclcpp/node.hpp:197:3: note: candidate: ‘template<class MessageT, class AllocatorT, class PublisherT> std::shared_ptr<PublisherT> rclcpp::Node::create_publisher(const std::string&, const rclcpp::QoS&, const rclcpp::PublisherOptionsWithAllocator<AllocatorT>&)’
[21.753s]   197 |   create_publisher(
[21.753s]       |   ^~~~~~~~~~~~~~~~
[21.753s] /opt/ros/jazzy/include/rclcpp/rclcpp/node.hpp:197:3: note:   template argument deduction/substitution failed:
[21.753s] /home/neha/ros2_ws/src/semnav_migration/src/navigation_semantic.cpp:137:76: error: template argument 1 is invalid
[21.753s]   137 |             pub_behaviorID_ = this->create_publisher<std_msgs::msg::UInt32>("pub_behaviorID_topic_", 1);
[21.753s]       |                               ~~~~~~~~~~~~~~~~~~~~~~~~~~~~~~~~~~~~~~~~~~~~~^~~~~~~~~~~~~~~~~~~~~~~~~~~~
[21.754s] /home/neha/ros2_ws/src/semnav_migration/src/navigation_semantic.cpp:138:71: error: ‘UInt32’ is not a member of ‘std_msgs::msg’
[21.754s]   138 |             pub_behaviorMode_ = this->create_publisher<std_msgs::msg::UInt32>("pub_behaviorMode_topic_", 1);
[21.754s]       |                                                                       ^~~~~~
[21.755s] /home/neha/ros2_ws/src/semnav_migration/src/navigation_semantic.cpp:138:78: error: no matching function for call to ‘SemanticNavigationNode::create_publisher<<expression error> >(const char [24], int)’
[21.755s]   138 |             pub_behaviorMode_ = this->create_publisher<std_msgs::msg::UInt32>("pub_behaviorMode_topic_", 1);
[21.755s]       |                                 ~~~~~~~~~~~~~~~~~~~~~~~~~~~~~~~~~~~~~~~~~~~~~^~~~~~~~~~~~~~~~~~~~~~~~~~~~~~
[21.758s] /opt/ros/jazzy/include/rclcpp/rclcpp/node.hpp:197:3: note: candidate: ‘template<class MessageT, class AllocatorT, class PublisherT> std::shared_ptr<PublisherT> rclcpp::Node::create_publisher(const std::string&, const rclcpp::QoS&, const rclcpp::PublisherOptionsWithAllocator<AllocatorT>&)’
[21.758s]   197 |   create_publisher(
[21.758s]       |   ^~~~~~~~~~~~~~~~
[21.759s] /opt/ros/jazzy/include/rclcpp/rclcpp/node.hpp:197:3: note:   template argument deduction/substitution failed:
[21.759s] /home/neha/ros2_ws/src/semnav_migration/src/navigation_semantic.cpp:138:78: error: template argument 1 is invalid
[21.759s]   138 |             pub_behaviorMode_ = this->create_publisher<std_msgs::msg::UInt32>("pub_behaviorMode_topic_", 1);
[21.759s]       |                                 ~~~~~~~~~~~~~~~~~~~~~~~~~~~~~~~~~~~~~~~~~~~~~^~~~~~~~~~~~~~~~~~~~~~~~~~~~~~
[21.759s] /home/neha/ros2_ws/src/semnav_migration/src/navigation_semantic.cpp:139:64: error: ‘UInt32’ is not a member of ‘std_msgs::msg’
[21.760s]   139 |             pub_twist_ = this->create_publisher<std_msgs::msg::UInt32>("pub_twist_topic_", 1);
[21.760s]       |                                                                ^~~~~~
[21.760s] /home/neha/ros2_ws/src/semnav_migration/src/navigation_semantic.cpp:139:71: error: no matching function for call to ‘SemanticNavigationNode::create_publisher<<expression error> >(const char [17], int)’
[21.760s]   139 |             pub_twist_ = this->create_publisher<std_msgs::msg::UInt32>("pub_twist_topic_", 1);
[21.760s]       |                          ~~~~~~~~~~~~~~~~~~~~~~~~~~~~~~~~~~~~~~~~~~~~~^~~~~~~~~~~~~~~~~~~~~~~
[21.761s] /opt/ros/jazzy/include/rclcpp/rclcpp/node.hpp:197:3: note: candidate: ‘template<class MessageT, class AllocatorT, class PublisherT> std::shared_ptr<PublisherT> rclcpp::Node::create_publisher(const std::string&, const rclcpp::QoS&, const rclcpp::PublisherOptionsWithAllocator<AllocatorT>&)’
[21.761s]   197 |   create_publisher(
[21.761s]       |   ^~~~~~~~~~~~~~~~
[21.761s] /opt/ros/jazzy/include/rclcpp/rclcpp/node.hpp:197:3: note:   template argument deduction/substitution failed:
[21.761s] /home/neha/ros2_ws/src/semnav_migration/src/navigation_semantic.cpp:139:71: error: template argument 1 is invalid
[21.761s]   139 |             pub_twist_ = this->create_publisher<std_msgs::msg::UInt32>("pub_twist_topic_", 1);
[21.761s]       |                          ~~~~~~~~~~~~~~~~~~~~~~~~~~~~~~~~~~~~~~~~~~~~~^~~~~~~~~~~~~~~~~~~~~~~
[21.761s] /home/neha/ros2_ws/src/semnav_migration/src/navigation_semantic.cpp:142:42: error: ‘message_filters::msg’ has not been declared
[21.762s]   142 |                         message_filters::msg::Subscriber<sensor_msgs::LaserScan> sub_laser(nh_, sub_laser_topic_, 1);
[21.762s]       |                                          ^~~
[21.762s] /home/neha/ros2_ws/src/semnav_migration/src/navigation_semantic.cpp:142:71: error: ‘LaserScan’ is not a member of ‘sensor_msgs’; did you mean ‘sensor_msgs::msg::LaserScan’?
[21.764s]   142 |                         message_filters::msg::Subscriber<sensor_msgs::LaserScan> sub_laser(nh_, sub_laser_topic_, 1);
[21.764s]       |                                                                       ^~~~~~~~~
[21.764s] In file included from /opt/ros/jazzy/include/sensor_msgs/sensor_msgs/msg/laser_scan.hpp:7,
[21.765s]                  from /home/neha/ros2_ws/src/semnav_migration/include/reactive_planner_lib.h:46:
[21.765s] /opt/ros/jazzy/include/sensor_msgs/sensor_msgs/msg/detail/laser_scan__struct.hpp:250:7: note: ‘sensor_msgs::msg::LaserScan’ declared here
[21.765s]   250 | using LaserScan =
[21.765s]       |       ^~~~~~~~~
[21.796s] /home/neha/ros2_ws/src/semnav_migration/src/navigation_semantic.cpp:142:92: error: ‘nh_’ was not declared in this scope
[21.796s]   142 |                         message_filters::msg::Subscriber<sensor_msgs::LaserScan> sub_laser(nh_, sub_laser_topic_, 1);
[21.796s]       |                                                                                            ^~~
[21.851s] /home/neha/ros2_ws/src/semnav_migration/src/navigation_semantic.cpp:142:82: error: ‘sub_laser’ was not declared in this scope
[21.852s]   142 |                         message_filters::msg::Subscriber<sensor_msgs::LaserScan> sub_laser(nh_, sub_laser_topic_, 1);
[21.852s]       |                                                                                  ^~~~~~~~~
[21.867s] /home/neha/ros2_ws/src/semnav_migration/src/navigation.cpp:664:22: error: ‘TransformListener’ in namespace ‘tf2’ does not name a type
[21.867s]   664 |                 tf2::TransformListener listener_;
[21.868s]       |                      ^~~~~~~~~~~~~~~~~
[21.870s] /home/neha/ros2_ws/src/semnav_migration/src/navigation.cpp: In constructor ‘NavigationNode::NavigationNode()’:
[21.871s] /home/neha/ros2_ws/src/semnav_migration/src/navigation.cpp:47:63: error: no matching function for call to ‘rclcpp::Node::Node()’
[21.871s]    47 |         NavigationNode() : Node(std::string("navigation_node")) {
[21.871s]       |                                                               ^
[21.871s] In file included from /opt/ros/jazzy/include/rclcpp/rclcpp/executors/single_threaded_executor.hpp:28,
[21.871s]                  from /opt/ros/jazzy/include/rclcpp/rclcpp/executors.hpp:22,
[21.871s]                  from /opt/ros/jazzy/include/rclcpp/rclcpp/rclcpp.hpp:172,
[21.871s]                  from /home/neha/ros2_ws/src/semnav_migration/include/reactive_planner_lib.h:32,
[21.872s]                  from /home/neha/ros2_ws/src/semnav_migration/src/navigation.cpp:25:
[21.872s] /opt/ros/jazzy/include/rclcpp/rclcpp/node.hpp:1629:3: note: candidate: ‘rclcpp::Node::Node(const rclcpp::Node&, const std::string&)’
[21.872s]  1629 |   Node(
[21.874s]       |   ^~~~
[21.874s] /opt/ros/jazzy/include/rclcpp/rclcpp/node.hpp:1629:3: note:   candidate expects 2 arguments, 0 provided
[21.875s] /opt/ros/jazzy/include/rclcpp/rclcpp/node.hpp:103:12: note: candidate: ‘rclcpp::Node::Node(const std::string&, const std::string&, const rclcpp::NodeOptions&)’
[21.875s]   103 |   explicit Node(
[21.875s]       |            ^~~~
[21.875s] /opt/ros/jazzy/include/rclcpp/rclcpp/node.hpp:103:12: note:   candidate expects 3 arguments, 0 provided
[21.875s] /opt/ros/jazzy/include/rclcpp/rclcpp/node.hpp:91:12: note: candidate: ‘rclcpp::Node::Node(const std::string&, const rclcpp::NodeOptions&)’
[21.875s]    91 |   explicit Node(
[21.875s]       |            ^~~~
[21.875s] /opt/ros/jazzy/include/rclcpp/rclcpp/node.hpp:91:12: note:   candidate expects 2 arguments, 0 provided
[21.923s] /home/neha/ros2_ws/src/semnav_migration/src/navigation_semantic.cpp:144:94: error: ‘LaserScan’ is not a member of ‘sensor_msgs’; did you mean ‘sensor_msgs::msg::LaserScan’?
[21.923s]   144 |                         typedef message_filters::sync_policies::ApproximateTime<sensor_msgs::LaserScan,nav_msgs::msg::Odometry> SyncPolicy;
[21.923s]       |                                                                                              ^~~~~~~~~
[21.923s] /opt/ros/jazzy/include/sensor_msgs/sensor_msgs/msg/detail/laser_scan__struct.hpp:250:7: note: ‘sensor_msgs::msg::LaserScan’ declared here
[21.923s]   250 | using LaserScan =
[21.923s]       |       ^~~~~~~~~
[21.923s] /home/neha/ros2_ws/src/semnav_migration/src/navigation_semantic.cpp:144:127: error: template argument 1 is invalid
[21.924s]   144 |                         typedef message_filters::sync_policies::ApproximateTime<sensor_msgs::LaserScan,nav_msgs::msg::Odometry> SyncPolicy;
[21.924s]       |                                                                                                                               ^
[21.926s] In file included from /home/neha/ros2_ws/src/semnav_migration/include/reactive_planner_lib.h:44:
[21.926s] /opt/ros/jazzy/include/message_filters/message_filters/synchronizer.h: In instantiation of ‘class message_filters::Synchronizer<int>’:
[21.927s] /home/neha/ros2_ws/src/semnav_migration/src/navigation_semantic.cpp:147:64:   required from here
[21.927s] /opt/ros/jazzy/include/message_filters/message_filters/synchronizer.h:53:7: error: base type ‘int’ fails to be a struct or class type
[21.927s]    53 | class Synchronizer : public noncopyable, public Policy
[21.927s]       |       ^~~~~~~~~~~~
[21.927s] /opt/ros/jazzy/include/message_filters/message_filters/synchronizer.h:56:37: error: ‘int’ is not a class, struct, or union type
[21.927s]    56 |   typedef typename Policy::Messages Messages;
[21.927s]       |                                     ^~~~~~~~
[21.927s] /opt/ros/jazzy/include/message_filters/message_filters/synchronizer.h:57:35: error: ‘int’ is not a class, struct, or union type
[21.928s]    57 |   typedef typename Policy::Events Events;
[21.928s]       |                                   ^~~~~~
[21.928s] /opt/ros/jazzy/include/message_filters/message_filters/synchronizer.h:58:35: error: ‘int’ is not a class, struct, or union type
[21.931s]    58 |   typedef typename Policy::Signal Signal;
[21.931s]       |                                   ^~~~~~
[21.931s] /opt/ros/jazzy/include/message_filters/message_filters/synchronizer.h:60:58: error: ‘int’ is not a class, struct, or union type
[21.932s]    60 |   typedef typename std::tuple_element<0, Messages>::type M0;
[21.932s]       |                                                          ^~
[21.932s] /opt/ros/jazzy/include/message_filters/message_filters/synchronizer.h:61:58: error: ‘int’ is not a class, struct, or union type
[21.932s]    61 |   typedef typename std::tuple_element<1, Messages>::type M1;
[21.932s]       |                                                          ^~
[21.932s] /opt/ros/jazzy/include/message_filters/message_filters/synchronizer.h:62:58: error: ‘int’ is not a class, struct, or union type
[21.932s]    62 |   typedef typename std::tuple_element<2, Messages>::type M2;
[21.932s]       |                                                          ^~
[21.933s] /opt/ros/jazzy/include/message_filters/message_filters/synchronizer.h:63:58: error: ‘int’ is not a class, struct, or union type
[21.933s]    63 |   typedef typename std::tuple_element<3, Messages>::type M3;
[21.933s]       |                                                          ^~
[21.933s] /opt/ros/jazzy/include/message_filters/message_filters/synchronizer.h:64:58: error: ‘int’ is not a class, struct, or union type
[21.935s]    64 |   typedef typename std::tuple_element<4, Messages>::type M4;
[21.935s]       |                                                          ^~
[21.935s] /opt/ros/jazzy/include/message_filters/message_filters/synchronizer.h:65:58: error: ‘int’ is not a class, struct, or union type
[21.936s]    65 |   typedef typename std::tuple_element<5, Messages>::type M5;
[21.936s]       |                                                          ^~
[21.936s] /opt/ros/jazzy/include/message_filters/message_filters/synchronizer.h:66:58: error: ‘int’ is not a class, struct, or union type
[21.936s]    66 |   typedef typename std::tuple_element<6, Messages>::type M6;
[21.936s]       |                                                          ^~
[21.936s] /opt/ros/jazzy/include/message_filters/message_filters/synchronizer.h:67:58: error: ‘int’ is not a class, struct, or union type
[21.936s]    67 |   typedef typename std::tuple_element<7, Messages>::type M7;
[21.936s]       |                                                          ^~
[21.937s] /opt/ros/jazzy/include/message_filters/message_filters/synchronizer.h:68:58: error: ‘int’ is not a class, struct, or union type
[21.937s]    68 |   typedef typename std::tuple_element<8, Messages>::type M8;
[21.937s]       |                                                          ^~
[21.940s] /opt/ros/jazzy/include/message_filters/message_filters/synchronizer.h:71:56: error: ‘int’ is not a class, struct, or union type
[21.940s]    71 |   typedef typename std::tuple_element<0, Events>::type M0Event;
[21.940s]       |                                                        ^~~~~~~
[21.940s] /opt/ros/jazzy/include/message_filters/message_filters/synchronizer.h:72:56: error: ‘int’ is not a class, struct, or union type
[21.940s]    72 |   typedef typename std::tuple_element<1, Events>::type M1Event;
[21.940s]       |                                                        ^~~~~~~
[21.941s] /opt/ros/jazzy/include/message_filters/message_filters/synchronizer.h:73:56: error: ‘int’ is not a class, struct, or union type
[21.941s]    73 |   typedef typename std::tuple_element<2, Events>::type M2Event;
[21.941s]       |                                                        ^~~~~~~
[21.941s] /opt/ros/jazzy/include/message_filters/message_filters/synchronizer.h:74:56: error: ‘int’ is not a class, struct, or union type
[21.941s]    74 |   typedef typename std::tuple_element<3, Events>::type M3Event;
[21.941s]       |                                                        ^~~~~~~
[21.941s] /opt/ros/jazzy/include/message_filters/message_filters/synchronizer.h:75:56: error: ‘int’ is not a class, struct, or union type
[21.941s]    75 |   typedef typename std::tuple_element<4, Events>::type M4Event;
[21.942s]       |                                                        ^~~~~~~
[21.942s] /opt/ros/jazzy/include/message_filters/message_filters/synchronizer.h:76:56: error: ‘int’ is not a class, struct, or union type
[21.942s]    76 |   typedef typename std::tuple_element<5, Events>::type M5Event;
[21.944s]       |                                                        ^~~~~~~
[21.944s] /opt/ros/jazzy/include/message_filters/message_filters/synchronizer.h:77:56: error: ‘int’ is not a class, struct, or union type
[21.944s]    77 |   typedef typename std::tuple_element<6, Events>::type M6Event;
[21.944s]       |                                                        ^~~~~~~
[21.945s] /opt/ros/jazzy/include/message_filters/message_filters/synchronizer.h:78:56: error: ‘int’ is not a class, struct, or union type
[21.945s]    78 |   typedef typename std::tuple_element<7, Events>::type M7Event;
[21.945s]       |                                                        ^~~~~~~
[21.945s] /opt/ros/jazzy/include/message_filters/message_filters/synchronizer.h:79:56: error: ‘int’ is not a class, struct, or union type
[21.945s]    79 |   typedef typename std::tuple_element<8, Events>::type M8Event;
[21.945s]       |                                                        ^~~~~~~
[21.945s] /opt/ros/jazzy/include/message_filters/message_filters/synchronizer.h:325:17: error: ‘int’ is not a class, namespace, or enumeration
[21.945s]   325 |   using Policy::add;
[21.948s]       |                 ^~~
[21.948s] /opt/ros/jazzy/include/message_filters/message_filters/synchronizer.h:328:8: error: ‘int’ is not a class, struct, or union type
[21.948s]   328 |   void add(const std::shared_ptr<typename std::tuple_element<i, Messages>::type const>& msg)
[21.948s]       |        ^~~
[21.949s] /opt/ros/jazzy/include/message_filters/message_filters/synchronizer.h:344:8: error: ‘int’ is not a class, struct, or union type
[21.949s]   344 |   void cb(const typename std::tuple_element<i, Events>::type& evt)
[21.949s]       |        ^~
[21.949s] /home/neha/ros2_ws/src/semnav_migration/src/navigation_semantic.cpp:148:55: error: ‘bind’ is not a member of ‘boost’; did you mean ‘find’?
[21.949s]   148 |                         sync->registerCallback(boost::bind(&SemanticNavigationNode::control_callback, this, _1, _2));
[21.949s]       |                                                       ^~~~
[21.949s]       |                                                       find
[21.950s] /home/neha/ros2_ws/src/semnav_migration/src/navigation_semantic.cpp:148:109: error: ‘_1’ was not declared in this scope
[21.950s]   148 |                         sync->registerCallback(boost::bind(&SemanticNavigationNode::control_callback, this, _1, _2));
[21.950s]       |                                                                                                             ^~
[21.950s] /home/neha/ros2_ws/src/semnav_migration/src/navigation_semantic.cpp:148:109: note: suggested alternatives:
[21.952s] In file included from /usr/include/boost/mpl/aux_/include_preprocessed.hpp:37,
[21.952s]                  from /usr/include/boost/mpl/placeholders.hpp:43,
[21.953s]                  from /usr/include/boost/iterator/iterator_categories.hpp:16,
[21.953s]                  from /usr/include/boost/iterator/iterator_facade.hpp:13,
[21.953s]                  from /usr/include/boost/range/iterator_range_core.hpp:27,
[21.953s]                  from /usr/include/boost/lexical_cast.hpp:48,
[21.953s]                  from /usr/include/boost/multiprecision/detail/number_base.hpp:29,
[21.953s]                  from /usr/include/boost/multiprecision/traits/is_variable_precision.hpp:9,
[21.953s]                  from /usr/include/boost/multiprecision/detail/precision.hpp:9,
[21.954s]                  from /usr/include/boost/multiprecision/number.hpp:11,
[21.954s]                  from /usr/include/boost/multiprecision/cpp_int.hpp:19,
[21.954s]                  from /usr/include/boost/multiprecision/cpp_bin_float.hpp:15,
[21.954s]                  from /usr/include/boost/geometry/core/coordinate_promotion.hpp:16,
[21.956s]                  from /usr/include/boost/geometry/core/radian_access.hpp:30,
[21.956s]                  from /usr/include/boost/geometry/geometry.hpp:50,
[21.956s]                  from /usr/include/boost/geometry.hpp:17,
[21.957s]                  from /home/neha/ros2_ws/src/semnav_migration/include/reactive_planner_lib.h:26:
[21.957s] /usr/include/boost/mpl/aux_/preprocessed/gcc/placeholders.hpp:29:16: note:   ‘mpl_::_1’
[21.957s]    29 | typedef arg<1> _1;
[21.957s]       |                ^~
[21.957s] In file included from /usr/include/boost/numeric/conversion/converter_policies.hpp:13,
[21.957s]                  from /usr/include/boost/numeric/conversion/converter.hpp:14,
[21.957s]                  from /usr/include/boost/numeric/conversion/cast.hpp:33,
[21.957s]                  from /usr/include/boost/geometry/core/radian_access.hpp:26:
[21.958s] /usr/include/c++/13/functional:294:48: note:   ‘std::placeholders::_1’
[21.958s]   294 |     _GLIBCXX_PLACEHOLDER const _Placeholder<1> _1;
[21.958s]       |                                                ^~
[21.958s] /usr/include/boost/mpl/aux_/preprocessed/gcc/placeholders.hpp:29:16: note:   ‘mpl_::_1’
[21.960s]    29 | typedef arg<1> _1;
[21.960s]       |                ^~
[21.960s] In file included from /usr/include/boost/describe/members.hpp:20,
[21.961s]                  from /usr/include/boost/container_hash/is_described_class.hpp:11,
[21.961s]                  from /usr/include/boost/container_hash/hash.hpp:18,
[21.961s]                  from /usr/include/boost/functional/hash.hpp:6,
[21.961s]                  from /usr/include/CGAL/Kernel/hash_functions.h:16,
[21.961s]                  from /usr/include/CGAL/Kernel/global_functions.h:25,
[21.961s]                  from /usr/include/CGAL/Cartesian/Cartesian_base.h:22,
[21.961s]                  from /usr/include/CGAL/Simple_cartesian.h:20,
[21.961s]                  from /usr/include/CGAL/Exact_predicates_inexact_constructions_kernel.h:20,
[21.962s]                  from /home/neha/ros2_ws/src/semnav_migration/include/polygeom_lib.h:32,
[21.962s]                  from /home/neha/ros2_ws/src/semnav_migration/include/reactive_planner_lib.h:51:
[21.962s] /usr/include/boost/mp11/bind.hpp:45:7: note:   ‘boost::mp11::_1’
[21.964s]    45 | using _1 = mp_arg<0>;
[21.964s]       |       ^~
[21.964s] /usr/include/boost/mpl/aux_/preprocessed/gcc/placeholders.hpp:29:16: note:   ‘mpl_::_1’
[21.964s]    29 | typedef arg<1> _1;
[21.965s]       |                ^~
[21.965s] /home/neha/ros2_ws/src/semnav_migration/src/navigation_semantic.cpp:148:113: error: ‘_2’ was not declared in this scope
[21.965s]   148 |                         sync->registerCallback(boost::bind(&SemanticNavigationNode::control_callback, this, _1, _2));
[21.965s]       |                                                                                                                 ^~
[21.965s] /home/neha/ros2_ws/src/semnav_migration/src/navigation_semantic.cpp:148:113: note: suggested alternatives:
[21.965s] /usr/include/boost/mpl/aux_/preprocessed/gcc/placeholders.hpp:42:16: note:   ‘mpl_::_2’
[21.965s]    42 | typedef arg<2> _2;
[21.965s]       |                ^~
[21.966s] /usr/include/c++/13/functional:295:48: note:   ‘std::placeholders::_2’
[21.966s]   295 |     _GLIBCXX_PLACEHOLDER const _Placeholder<2> _2;
[21.966s]       |                                                ^~
[21.968s] /usr/include/boost/mpl/aux_/preprocessed/gcc/placeholders.hpp:42:16: note:   ‘mpl_::_2’
[21.968s]    42 | typedef arg<2> _2;
[21.968s]       |                ^~
[21.968s] /usr/include/boost/mp11/bind.hpp:46:7: note:   ‘boost::mp11::_2’
[21.969s]    46 | using _2 = mp_arg<1>;
[21.969s]       |       ^~
[21.969s] /usr/include/boost/mpl/aux_/preprocessed/gcc/placeholders.hpp:42:16: note:   ‘mpl_::_2’
[21.969s]    42 | typedef arg<2> _2;
[21.969s]       |                ^~
[21.969s] /home/neha/ros2_ws/src/semnav_migration/src/navigation_semantic.cpp:150:25: error: ‘ros’ has not been declared
[21.969s]   150 |                         ros::Subscriber sub_semantic = this->create_subscriber("sub_semantic_topic_", 1);
[21.969s]       |                         ^~~
[21.970s] /home/neha/ros2_ws/src/semnav_migration/src/navigation_semantic.cpp:154:45: error: no matching function for call to ‘rclcpp::Duration::Duration(double)’
[21.970s]   154 |                         rclcpp::Duration(5.0).sleep();
[21.970s]       |                                             ^
[21.972s] In file included from /opt/ros/jazzy/include/rclcpp/rclcpp/time.hpp:24,
[21.972s]                  from /opt/ros/jazzy/include/rclcpp/rclcpp/clock.hpp:24,
[21.972s]                  from /opt/ros/jazzy/include/rclcpp/rclcpp/client.hpp:38,
[21.972s]                  from /opt/ros/jazzy/include/rclcpp/rclcpp/callback_group.hpp:24,
[21.973s]                  from /opt/ros/jazzy/include/rclcpp/rclcpp/any_executable.hpp:20,
[21.973s]                  from /opt/ros/jazzy/include/rclcpp/rclcpp/memory_strategy.hpp:25,
[21.973s]                  from /opt/ros/jazzy/include/rclcpp/rclcpp/memory_strategies.hpp:18,
[21.973s]                  from /opt/ros/jazzy/include/rclcpp/rclcpp/executor_options.hpp:22,
[21.973s]                  from /opt/ros/jazzy/include/rclcpp/rclcpp/executor.hpp:38,
[21.973s]                  from /opt/ros/jazzy/include/rclcpp/rclcpp/executors/multi_threaded_executor.hpp:25,
[21.973s]                  from /opt/ros/jazzy/include/rclcpp/rclcpp/executors.hpp:21:
[21.973s] /opt/ros/jazzy/include/rclcpp/rclcpp/duration.hpp:49:3: note: candidate: ‘template<class Rep, class Period> rclcpp::Duration::Duration(const std::chrono::duration<_Rep1, _Period1>&)’
[21.974s]    49 |   Duration(const std::chrono::duration<Rep, Period> & duration)  // NOLINT(runtime/explicit)
[21.974s]       |   ^~~~~~~~
[21.974s] /opt/ros/jazzy/include/rclcpp/rclcpp/duration.hpp:49:3: note:   template argument deduction/substitution failed:
[21.976s] /home/neha/ros2_ws/src/semnav_migration/src/navigation_semantic.cpp:154:45: note:   mismatched types ‘const std::chrono::duration<_Rep1, _Period1>’ and ‘double’
[21.976s]   154 |                         rclcpp::Duration(5.0).sleep();
[21.976s]       |                                             ^
[21.976s] /opt/ros/jazzy/include/rclcpp/rclcpp/duration.hpp:159:3: note: candidate: ‘rclcpp::Duration::Duration()’
[21.977s]   159 |   Duration() = default;
[21.977s]       |   ^~~~~~~~
[21.977s] /opt/ros/jazzy/include/rclcpp/rclcpp/duration.hpp:159:3: note:   candidate expects 0 arguments, 1 provided
[21.977s] /opt/ros/jazzy/include/rclcpp/rclcpp/duration.hpp:62:3: note: candidate: ‘rclcpp::Duration::Duration(const rclcpp::Duration&)’
[21.977s]    62 |   Duration(const Duration & rhs);
[21.977s]       |   ^~~~~~~~
[21.977s] /opt/ros/jazzy/include/rclcpp/rclcpp/duration.hpp:62:29: note:   no known conversion for argument 1 from ‘double’ to ‘const rclcpp::Duration&’
[21.977s]    62 |   Duration(const Duration & rhs);
[21.978s]       |            ~~~~~~~~~~~~~~~~~^~~
[21.978s] /opt/ros/jazzy/include/rclcpp/rclcpp/duration.hpp:60:12: note: candidate: ‘rclcpp::Duration::Duration(const rcl_duration_t&)’
[21.978s]    60 |   explicit Duration(const rcl_duration_t & duration);
[21.980s]       |            ^~~~~~~~
[21.980s] /opt/ros/jazzy/include/rclcpp/rclcpp/duration.hpp:60:44: note:   no known conversion for argument 1 from ‘double’ to ‘const rcl_duration_t&’ {aka ‘const rcl_duration_s&’}
[21.980s]    60 |   explicit Duration(const rcl_duration_t & duration);
[21.980s]       |                     ~~~~~~~~~~~~~~~~~~~~~~~^~~~~~~~
[21.981s] /opt/ros/jazzy/include/rclcpp/rclcpp/duration.hpp:54:3: note: candidate: ‘rclcpp::Duration::Duration(const builtin_interfaces::msg::Duration&)’
[21.981s]    54 |   Duration(const builtin_interfaces::msg::Duration & duration_msg);  // NOLINT(runtime/explicit)
[21.981s]       |   ^~~~~~~~
[21.981s] /opt/ros/jazzy/include/rclcpp/rclcpp/duration.hpp:54:54: note:   no known conversion for argument 1 from ‘double’ to ‘const builtin_interfaces::msg::Duration&’ {aka ‘const builtin_interfaces::msg::Duration_<std::allocator<void> >&’}
[21.981s]    54 |   Duration(const builtin_interfaces::msg::Duration & duration_msg);  // NOLINT(runtime/explicit)
[21.981s]       |            ~~~~~~~~~~~~~~~~~~~~~~~~~~~~~~~~~~~~~~~~~~^~~~~~~~~~~~
[21.981s] /opt/ros/jazzy/include/rclcpp/rclcpp/duration.hpp:43:12: note: candidate: ‘rclcpp::Duration::Duration(std::chrono::nanoseconds)’
[21.981s]    43 |   explicit Duration(std::chrono::nanoseconds nanoseconds);
[21.981s]       |            ^~~~~~~~
[21.982s] /opt/ros/jazzy/include/rclcpp/rclcpp/duration.hpp:43:46: note:   no known conversion for argument 1 from ‘double’ to ‘std::chrono::nanoseconds’ {aka ‘std::chrono::duration<long int, std::ratio<1, 1000000000> >’}
[21.982s]    43 |   explicit Duration(std::chrono::nanoseconds nanoseconds);
[21.982s]       |                     ~~~~~~~~~~~~~~~~~~~~~~~~~^~~~~~~~~~~
[21.984s] /opt/ros/jazzy/include/rclcpp/rclcpp/duration.hpp:40:3: note: candidate: ‘rclcpp::Duration::Duration(int32_t, uint32_t)’
[21.984s]    40 |   Duration(int32_t seconds, uint32_t nanoseconds);
[21.984s]       |   ^~~~~~~~
[21.984s] /opt/ros/jazzy/include/rclcpp/rclcpp/duration.hpp:40:3: note:   candidate expects 2 arguments, 1 provided
[21.985s] /home/neha/ros2_ws/src/semnav_migration/src/navigation_semantic.cpp:161:25: error: ‘ros’ has not been declared
[21.985s]   161 |                         ros::spin();
[21.985s]       |                         ^~~
[21.985s] /home/neha/ros2_ws/src/semnav_migration/src/navigation_semantic.cpp: In member function ‘void SemanticNavigationNode::publish_behavior_id(uint16_t)’:
[21.985s] /home/neha/ros2_ws/src/semnav_migration/src/navigation_semantic.cpp:173:32: error: ‘UInt32’ is not a member of ‘std_msgs::msg’
[21.985s]   173 |                 std_msgs::msg::UInt32 commandId;
[21.985s]       |                                ^~~~~~
[21.992s] /home/neha/ros2_ws/src/semnav_migration/src/navigation_semantic.cpp:174:25: error: ‘commandId’ was not declared in this scope
[21.992s]   174 |                         commandId.data = BehaviorIdCmd;
[21.992s]       |                         ^~~~~~~~~
[21.996s] /home/neha/ros2_ws/src/semnav_migration/src/navigation_semantic.cpp: In member function ‘void SemanticNavigationNode::publish_behavior_mode(uint16_t)’:
[21.996s] /home/neha/ros2_ws/src/semnav_migration/src/navigation_semantic.cpp:180:28: error: ‘UInt32’ is not a member of ‘std_msgs::msg’
[21.996s]   180 |             std_msgs::msg::UInt32 commandMode;
[21.997s]       |                            ^~~~~~
[22.024s] /home/neha/ros2_ws/src/semnav_migration/src/navigation.cpp:139:13: error: ‘pub_behaviorID_’ was not declared in this scope; did you mean ‘pub_behaviorID_topic_’?
[22.024s]   139 |             pub_behaviorID_ = this->create_publisher<std_msgs::msg::UInt32>("pub_behaviorID_topic_", 1);
[22.024s]       |             ^~~~~~~~~~~~~~~
[22.024s]       |             pub_behaviorID_topic_
[22.028s] /home/neha/ros2_ws/src/semnav_migration/src/navigation.cpp:139:69: error: ‘UInt32’ is not a member of ‘std_msgs::msg’
[22.028s]   139 |             pub_behaviorID_ = this->create_publisher<std_msgs::msg::UInt32>("pub_behaviorID_topic_", 1);
[22.029s]       |                                                                     ^~~~~~
[22.031s] /home/neha/ros2_ws/src/semnav_migration/src/navigation.cpp:139:76: error: no matching function for call to ‘NavigationNode::create_publisher<<expression error> >(const char [22], int)’
[22.032s]   139 |             pub_behaviorID_ = this->create_publisher<std_msgs::msg::UInt32>("pub_behaviorID_topic_", 1);
[22.032s]       |                               ~~~~~~~~~~~~~~~~~~~~~~~~~~~~~~~~~~~~~~~~~~~~~^~~~~~~~~~~~~~~~~~~~~~~~~~~~
[22.032s] /opt/ros/jazzy/include/rclcpp/rclcpp/node.hpp:197:3: note: candidate: ‘template<class MessageT, class AllocatorT, class PublisherT> std::shared_ptr<PublisherT> rclcpp::Node::create_publisher(const std::string&, const rclcpp::QoS&, const rclcpp::PublisherOptionsWithAllocator<AllocatorT>&)’
[22.032s]   197 |   create_publisher(
[22.032s]       |   ^~~~~~~~~~~~~~~~
[22.032s] /opt/ros/jazzy/include/rclcpp/rclcpp/node.hpp:197:3: note:   template argument deduction/substitution failed:
[22.032s] /home/neha/ros2_ws/src/semnav_migration/src/navigation.cpp:139:76: error: template argument 1 is invalid
[22.032s]   139 |             pub_behaviorID_ = this->create_publisher<std_msgs::msg::UInt32>("pub_behaviorID_topic_", 1);
[22.033s]       |                               ~~~~~~~~~~~~~~~~~~~~~~~~~~~~~~~~~~~~~~~~~~~~~^~~~~~~~~~~~~~~~~~~~~~~~~~~~
[22.057s] /home/neha/ros2_ws/src/semnav_migration/src/navigation_semantic.cpp:181:25: error: ‘commandMode’ was not declared in this scope
[22.058s]   181 |                         commandMode.data = BehaviorModeCmd;
[22.058s]       |                         ^~~~~~~~~~~
[22.114s] /home/neha/ros2_ws/src/semnav_migration/src/navigation_semantic.cpp: In member function ‘void SemanticNavigationNode::diffeo_tree_update(const object_pose_interface_msgs::msg::SemanticMapObjectArray_<std::allocator<void> >::ConstPtr&)’:
[22.115s] /home/neha/ros2_ws/src/semnav_migration/src/navigation_semantic.cpp:268:49: error: ‘tf’ has not been declared
[22.115s]   268 |                                                 tf::Quaternion rotation = tf::Quaternion(semantic_map_data->objects[i].pose.pose.orientation.x,
[22.115s]       |                                                 ^~
[22.115s] /home/neha/ros2_ws/src/semnav_migration/src/navigation_semantic.cpp:273:49: error: ‘tf’ has not been declared
[22.115s]   273 |                                                 tf::Matrix3x3 m(rotation);
[22.115s]       |                                                 ^~
[22.117s] /home/neha/ros2_ws/src/semnav_migration/src/navigation_semantic.cpp:276:49: error: ‘tf’ has not been declared
[22.117s]   276 |                                                 tf::Vector3 target_nominal_1(-0.5*target_object_width_ - ObstacleDilation_ - 0.08, 0.0, 0.0);
[22.117s]       |                                                 ^~
[22.118s] /home/neha/ros2_ws/src/semnav_migration/src/navigation_semantic.cpp:277:49: error: ‘tf’ has not been declared
[22.118s]   277 |                                                 tf::Vector3 target_nominal_2(0.5*target_object_width_ + ObstacleDilation_ + 0.25, 0.0, 0.0);
[22.118s]       |                                                 ^~
[22.118s] /home/neha/ros2_ws/src/semnav_migration/src/navigation_semantic.cpp:278:49: error: ‘tf’ has not been declared
[22.118s]   278 |                                                 tf::Vector3 target_nominal_1_rotated = tf::quatRotate(rotation, target_nominal_1);
[22.118s]       |                                                 ^~
[22.118s] /home/neha/ros2_ws/src/semnav_migration/src/navigation_semantic.cpp:279:49: error: ‘tf’ has not been declared
[22.118s]   279 |                                                 tf::Vector3 target_nominal_2_rotated = tf::quatRotate(rotation, target_nominal_2);
[22.119s]       |                                                 ^~
[22.135s] /home/neha/ros2_ws/src/semnav_migration/src/navigation.cpp:140:13: error: ‘pub_behaviorMode_’ was not declared in this scope; did you mean ‘pub_behaviorMode_topic_’?
[22.135s]   140 |             pub_behaviorMode_ = this->create_publisher<std_msgs::msg::UInt32>("pub_behaviorMode_topic_", 1);
[22.135s]       |             ^~~~~~~~~~~~~~~~~
[22.136s]       |             pub_behaviorMode_topic_
[22.139s] /home/neha/ros2_ws/src/semnav_migration/src/navigation.cpp:140:71: error: ‘UInt32’ is not a member of ‘std_msgs::msg’
[22.139s]   140 |             pub_behaviorMode_ = this->create_publisher<std_msgs::msg::UInt32>("pub_behaviorMode_topic_", 1);
[22.139s]       |                                                                       ^~~~~~
[22.140s] /home/neha/ros2_ws/src/semnav_migration/src/navigation.cpp:140:78: error: no matching function for call to ‘NavigationNode::create_publisher<<expression error> >(const char [24], int)’
[22.140s]   140 |             pub_behaviorMode_ = this->create_publisher<std_msgs::msg::UInt32>("pub_behaviorMode_topic_", 1);
[22.140s]       |                                 ~~~~~~~~~~~~~~~~~~~~~~~~~~~~~~~~~~~~~~~~~~~~~^~~~~~~~~~~~~~~~~~~~~~~~~~~~~~
[22.142s] /opt/ros/jazzy/include/rclcpp/rclcpp/node.hpp:197:3: note: candidate: ‘template<class MessageT, class AllocatorT, class PublisherT> std::shared_ptr<PublisherT> rclcpp::Node::create_publisher(const std::string&, const rclcpp::QoS&, const rclcpp::PublisherOptionsWithAllocator<AllocatorT>&)’
[22.142s]   197 |   create_publisher(
[22.142s]       |   ^~~~~~~~~~~~~~~~
[22.143s] /opt/ros/jazzy/include/rclcpp/rclcpp/node.hpp:197:3: note:   template argument deduction/substitution failed:
[22.143s] /home/neha/ros2_ws/src/semnav_migration/src/navigation.cpp:140:78: error: template argument 1 is invalid
[22.143s]   140 |             pub_behaviorMode_ = this->create_publisher<std_msgs::msg::UInt32>("pub_behaviorMode_topic_", 1);
[22.143s]       |                                 ~~~~~~~~~~~~~~~~~~~~~~~~~~~~~~~~~~~~~~~~~~~~~^~~~~~~~~~~~~~~~~~~~~~~~~~~~~~
[22.144s] /home/neha/ros2_ws/src/semnav_migration/src/navigation_semantic.cpp:281:49: error: ‘m’ was not declared in this scope; did you mean ‘tm’?
[22.145s]   281 |                                                 m.getRPY(roll, pitch, yaw);
[22.145s]       |                                                 ^
[22.145s]       |                                                 tm
[22.191s] /home/neha/ros2_ws/src/semnav_migration/src/navigation.cpp:141:13: error: ‘pub_twist_’ was not declared in this scope; did you mean ‘publish_twist’?
[22.192s]   141 |             pub_twist_ = this->create_publisher<std_msgs::msg::UInt32>("pub_twist_topic_", 1);
[22.192s]       |             ^~~~~~~~~~
[22.192s]       |             publish_twist
[22.196s] /home/neha/ros2_ws/src/semnav_migration/src/navigation.cpp:141:64: error: ‘UInt32’ is not a member of ‘std_msgs::msg’
[22.197s]   141 |             pub_twist_ = this->create_publisher<std_msgs::msg::UInt32>("pub_twist_topic_", 1);
[22.197s]       |                                                                ^~~~~~
[22.197s] /home/neha/ros2_ws/src/semnav_migration/src/navigation.cpp:141:71: error: no matching function for call to ‘NavigationNode::create_publisher<<expression error> >(const char [17], int)’
[22.197s]   141 |             pub_twist_ = this->create_publisher<std_msgs::msg::UInt32>("pub_twist_topic_", 1);
[22.197s]       |                          ~~~~~~~~~~~~~~~~~~~~~~~~~~~~~~~~~~~~~~~~~~~~~^~~~~~~~~~~~~~~~~~~~~~~
[22.200s] /opt/ros/jazzy/include/rclcpp/rclcpp/node.hpp:197:3: note: candidate: ‘template<class MessageT, class AllocatorT, class PublisherT> std::shared_ptr<PublisherT> rclcpp::Node::create_publisher(const std::string&, const rclcpp::QoS&, const rclcpp::PublisherOptionsWithAllocator<AllocatorT>&)’
[22.200s]   197 |   create_publisher(
[22.201s]       |   ^~~~~~~~~~~~~~~~
[22.201s] /opt/ros/jazzy/include/rclcpp/rclcpp/node.hpp:197:3: note:   template argument deduction/substitution failed:
[22.201s] /home/neha/ros2_ws/src/semnav_migration/src/navigation.cpp:141:71: error: template argument 1 is invalid
[22.201s]   141 |             pub_twist_ = this->create_publisher<std_msgs::msg::UInt32>("pub_twist_topic_", 1);
[22.201s]       |                          ~~~~~~~~~~~~~~~~~~~~~~~~~~~~~~~~~~~~~~~~~~~~~^~~~~~~~~~~~~~~~~~~~~~~
[22.264s] /home/neha/ros2_ws/src/semnav_migration/src/navigation.cpp:144:116: error: no matching function for call to ‘message_filters::Subscriber<sensor_msgs::msg::LaserScan_<std::allocator<void> > >::Subscriber(rclcpp::Node&, std::string&, int)’
[22.264s]   144 |                         message_filters::Subscriber<sensor_msgs::msg::LaserScan> sub_laser(nh_, sub_laser_topic_, 1);
[22.264s]       |                                                                                                                    ^
[22.264s] In file included from /home/neha/ros2_ws/src/semnav_migration/include/reactive_planner_lib.h:43:
[22.265s] /opt/ros/jazzy/include/message_filters/message_filters/subscriber.h:224:3: note: candidate: ‘message_filters::Subscriber<M, NodeType>::Subscriber() [with M = sensor_msgs::msg::LaserScan_<std::allocator<void> >; NodeType = rclcpp::Node]’
[22.265s]   224 |   Subscriber() = default;
[22.265s]       |   ^~~~~~~~~~
[22.267s] /opt/ros/jazzy/include/message_filters/message_filters/subscriber.h:224:3: note:   candidate expects 0 arguments, 3 provided
[22.268s] /opt/ros/jazzy/include/message_filters/message_filters/subscriber.h:212:3: note: candidate: ‘message_filters::Subscriber<M, NodeType>::Subscriber(NodeType*, const std::string&, rmw_qos_profile_t, rclcpp::SubscriptionOptions) [with M = sensor_msgs::msg::LaserScan_<std::allocator<void> >; NodeType = rclcpp::Node; std::string = std::__cxx11::basic_string<char>; rmw_qos_profile_t = rmw_qos_profile_s; rclcpp::SubscriptionOptions = rclcpp::SubscriptionOptionsWithAllocator<std::allocator<void> >]’
[22.268s]   212 |   Subscriber(
[22.268s]       |   ^~~~~~~~~~
[22.268s] /opt/ros/jazzy/include/message_filters/message_filters/subscriber.h:212:3: note:   candidate expects 4 arguments, 3 provided
[22.268s] /opt/ros/jazzy/include/message_filters/message_filters/subscriber.h:203:3: note: candidate: ‘message_filters::Subscriber<M, NodeType>::Subscriber(NodePtr, const std::string&, rmw_qos_profile_t, rclcpp::SubscriptionOptions) [with M = sensor_msgs::msg::LaserScan_<std::allocator<void> >; NodeType = rclcpp::Node; NodePtr = std::shared_ptr<rclcpp::Node>; std::string = std::__cxx11::basic_string<char>; rmw_qos_profile_t = rmw_qos_profile_s; rclcpp::SubscriptionOptions = rclcpp::SubscriptionOptionsWithAllocator<std::allocator<void> >]’
[22.268s]   203 |   Subscriber(
[22.268s]       |   ^~~~~~~~~~
[22.269s] /opt/ros/jazzy/include/message_filters/message_filters/subscriber.h:203:3: note:   candidate expects 4 arguments, 3 provided
[22.269s] /opt/ros/jazzy/include/message_filters/message_filters/subscriber.h:188:3: note: candidate: ‘message_filters::Subscriber<M, NodeType>::Subscriber(NodeType*, const std::string&, rmw_qos_profile_t) [with M = sensor_msgs::msg::LaserScan_<std::allocator<void> >; NodeType = rclcpp::Node; std::string = std::__cxx11::basic_string<char>; rmw_qos_profile_t = rmw_qos_profile_s]’
[22.269s]   188 |   Subscriber(NodeType * node, const std::string& topic, const rmw_qos_profile_t qos = rmw_qos_profile_default)
[22.271s]       |   ^~~~~~~~~~
[22.271s] /opt/ros/jazzy/include/message_filters/message_filters/subscriber.h:188:25: note:   no known conversion for argument 1 from ‘rclcpp::Node’ to ‘rclcpp::Node*’
[22.271s]   188 |   Subscriber(NodeType * node, const std::string& topic, const rmw_qos_profile_t qos = rmw_qos_profile_default)
[22.272s]       |              ~~~~~~~~~~~^~~~
[22.272s] /opt/ros/jazzy/include/message_filters/message_filters/subscriber.h:183:3: note: candidate: ‘message_filters::Subscriber<M, NodeType>::Subscriber(NodePtr, const std::string&, rmw_qos_profile_t) [with M = sensor_msgs::msg::LaserScan_<std::allocator<void> >; NodeType = rclcpp::Node; NodePtr = std::shared_ptr<rclcpp::Node>; std::string = std::__cxx11::basic_string<char>; rmw_qos_profile_t = rmw_qos_profile_s]’
[22.272s]   183 |   Subscriber(NodePtr node, const std::string& topic, const rmw_qos_profile_t qos = rmw_qos_profile_default)
[22.272s]       |   ^~~~~~~~~~
[22.272s] /opt/ros/jazzy/include/message_filters/message_filters/subscriber.h:183:22: note:   no known conversion for argument 1 from ‘rclcpp::Node’ to ‘message_filters::Subscriber<sensor_msgs::msg::LaserScan_<std::allocator<void> > >::NodePtr’ {aka ‘std::shared_ptr<rclcpp::Node>’}
[22.272s]   183 |   Subscriber(NodePtr node, const std::string& topic, const rmw_qos_profile_t qos = rmw_qos_profile_default)
[22.272s]       |              ~~~~~~~~^~~~
[22.306s] /home/neha/ros2_ws/src/semnav_migration/src/navigation_semantic.cpp:282:123: error: ‘target_nominal_1_rotated’ was not declared in this scope
[22.306s]   282 |                                                 GoalVector[0].set<0>(semantic_map_data->objects[i].pose.pose.position.x + target_nominal_1_rotated.getX());
[22.306s]       |                                                                                                                           ^~~~~~~~~~~~~~~~~~~~~~~~
[22.333s] /home/neha/ros2_ws/src/semnav_migration/src/navigation.cpp:145:112: error: no matching function for call to ‘message_filters::Subscriber<nav_msgs::msg::Odometry_<std::allocator<void> > >::Subscriber(rclcpp::Node&, std::string&, int)’
[22.333s]   145 |                         message_filters::Subscriber<nav_msgs::msg::Odometry> sub_robot(nh_, sub_robot_topic_, 1);
[22.333s]       |                                                                                                                ^
[22.334s] /opt/ros/jazzy/include/message_filters/message_filters/subscriber.h:224:3: note: candidate: ‘message_filters::Subscriber<M, NodeType>::Subscriber() [with M = nav_msgs::msg::Odometry_<std::allocator<void> >; NodeType = rclcpp::Node]’
[22.334s]   224 |   Subscriber() = default;
[22.334s]       |   ^~~~~~~~~~
[22.334s] /opt/ros/jazzy/include/message_filters/message_filters/subscriber.h:224:3: note:   candidate expects 0 arguments, 3 provided
[22.334s] /opt/ros/jazzy/include/message_filters/message_filters/subscriber.h:212:3: note: candidate: ‘message_filters::Subscriber<M, NodeType>::Subscriber(NodeType*, const std::string&, rmw_qos_profile_t, rclcpp::SubscriptionOptions) [with M = nav_msgs::msg::Odometry_<std::allocator<void> >; NodeType = rclcpp::Node; std::string = std::__cxx11::basic_string<char>; rmw_qos_profile_t = rmw_qos_profile_s; rclcpp::SubscriptionOptions = rclcpp::SubscriptionOptionsWithAllocator<std::allocator<void> >]’
[22.334s]   212 |   Subscriber(
[22.335s]       |   ^~~~~~~~~~
[22.337s] /opt/ros/jazzy/include/message_filters/message_filters/subscriber.h:212:3: note:   candidate expects 4 arguments, 3 provided
[22.338s] /opt/ros/jazzy/include/message_filters/message_filters/subscriber.h:203:3: note: candidate: ‘message_filters::Subscriber<M, NodeType>::Subscriber(NodePtr, const std::string&, rmw_qos_profile_t, rclcpp::SubscriptionOptions) [with M = nav_msgs::msg::Odometry_<std::allocator<void> >; NodeType = rclcpp::Node; NodePtr = std::shared_ptr<rclcpp::Node>; std::string = std::__cxx11::basic_string<char>; rmw_qos_profile_t = rmw_qos_profile_s; rclcpp::SubscriptionOptions = rclcpp::SubscriptionOptionsWithAllocator<std::allocator<void> >]’
[22.338s]   203 |   Subscriber(
[22.338s]       |   ^~~~~~~~~~
[22.338s] /opt/ros/jazzy/include/message_filters/message_filters/subscriber.h:203:3: note:   candidate expects 4 arguments, 3 provided
[22.338s] /opt/ros/jazzy/include/message_filters/message_filters/subscriber.h:188:3: note: candidate: ‘message_filters::Subscriber<M, NodeType>::Subscriber(NodeType*, const std::string&, rmw_qos_profile_t) [with M = nav_msgs::msg::Odometry_<std::allocator<void> >; NodeType = rclcpp::Node; std::string = std::__cxx11::basic_string<char>; rmw_qos_profile_t = rmw_qos_profile_s]’
[22.338s]   188 |   Subscriber(NodeType * node, const std::string& topic, const rmw_qos_profile_t qos = rmw_qos_profile_default)
[22.338s]       |   ^~~~~~~~~~
[22.339s] /opt/ros/jazzy/include/message_filters/message_filters/subscriber.h:188:25: note:   no known conversion for argument 1 from ‘rclcpp::Node’ to ‘rclcpp::Node*’
[22.339s]   188 |   Subscriber(NodeType * node, const std::string& topic, const rmw_qos_profile_t qos = rmw_qos_profile_default)
[22.339s]       |              ~~~~~~~~~~~^~~~
[22.339s] /opt/ros/jazzy/include/message_filters/message_filters/subscriber.h:183:3: note: candidate: ‘message_filters::Subscriber<M, NodeType>::Subscriber(NodePtr, const std::string&, rmw_qos_profile_t) [with M = nav_msgs::msg::Odometry_<std::allocator<void> >; NodeType = rclcpp::Node; NodePtr = std::shared_ptr<rclcpp::Node>; std::string = std::__cxx11::basic_string<char>; rmw_qos_profile_t = rmw_qos_profile_s]’
[22.341s]   183 |   Subscriber(NodePtr node, const std::string& topic, const rmw_qos_profile_t qos = rmw_qos_profile_default)
[22.341s]       |   ^~~~~~~~~~
[22.341s] /opt/ros/jazzy/include/message_filters/message_filters/subscriber.h:183:22: note:   no known conversion for argument 1 from ‘rclcpp::Node’ to ‘message_filters::Subscriber<nav_msgs::msg::Odometry_<std::allocator<void> > >::NodePtr’ {aka ‘std::shared_ptr<rclcpp::Node>’}
[22.342s]   183 |   Subscriber(NodePtr node, const std::string& topic, const rmw_qos_profile_t qos = rmw_qos_profile_default)
[22.342s]       |              ~~~~~~~~^~~~
[22.469s] /home/neha/ros2_ws/src/semnav_migration/src/navigation.cpp:150:55: error: ‘bind’ is not a member of ‘boost’; did you mean ‘find’?
[22.469s]   150 |                         sync->registerCallback(boost::bind(&NavigationNode::control_callback, this, _1, _2));
[22.469s]       |                                                       ^~~~
[22.469s]       |                                                       find
[22.470s] /home/neha/ros2_ws/src/semnav_migration/src/navigation_semantic.cpp:284:123: error: ‘target_nominal_2_rotated’ was not declared in this scope
[22.470s]   284 |                                                 GoalVector[1].set<0>(semantic_map_data->objects[i].pose.pose.position.x + target_nominal_2_rotated.getX());
[22.470s]       |                                                                                                                           ^~~~~~~~~~~~~~~~~~~~~~~~
[22.474s] /home/neha/ros2_ws/src/semnav_migration/src/navigation.cpp:150:101: error: ‘_1’ was not declared in this scope
[22.475s]   150 |                         sync->registerCallback(boost::bind(&NavigationNode::control_callback, this, _1, _2));
[22.475s]       |                                                                                                     ^~
[22.475s] /home/neha/ros2_ws/src/semnav_migration/src/navigation.cpp:150:101: note: suggested alternatives:
[22.477s] In file included from /usr/include/boost/mpl/aux_/include_preprocessed.hpp:37,
[22.477s]                  from /usr/include/boost/mpl/placeholders.hpp:43,
[22.478s]                  from /usr/include/boost/iterator/iterator_categories.hpp:16,
[22.478s]                  from /usr/include/boost/iterator/iterator_facade.hpp:13,
[22.478s]                  from /usr/include/boost/range/iterator_range_core.hpp:27,
[22.478s]                  from /usr/include/boost/lexical_cast.hpp:48,
[22.478s]                  from /usr/include/boost/multiprecision/detail/number_base.hpp:29,
[22.478s]                  from /usr/include/boost/multiprecision/traits/is_variable_precision.hpp:9,
[22.478s]                  from /usr/include/boost/multiprecision/detail/precision.hpp:9,
[22.478s]                  from /usr/include/boost/multiprecision/number.hpp:11,
[22.479s]                  from /usr/include/boost/multiprecision/cpp_int.hpp:19,
[22.479s]                  from /usr/include/boost/multiprecision/cpp_bin_float.hpp:15,
[22.479s]                  from /usr/include/boost/geometry/core/coordinate_promotion.hpp:16,
[22.481s]                  from /usr/include/boost/geometry/core/radian_access.hpp:30,
[22.481s]                  from /usr/include/boost/geometry/geometry.hpp:50,
[22.481s]                  from /usr/include/boost/geometry.hpp:17,
[22.482s]                  from /home/neha/ros2_ws/src/semnav_migration/include/reactive_planner_lib.h:26:
[22.482s] /usr/include/boost/mpl/aux_/preprocessed/gcc/placeholders.hpp:29:16: note:   ‘mpl_::_1’
[22.482s]    29 | typedef arg<1> _1;
[22.482s]       |                ^~
[22.484s] In file included from /usr/include/boost/numeric/conversion/converter_policies.hpp:13,
[22.484s]                  from /usr/include/boost/numeric/conversion/converter.hpp:14,
[22.484s]                  from /usr/include/boost/numeric/conversion/cast.hpp:33,
[22.485s]                  from /usr/include/boost/geometry/core/radian_access.hpp:26:
[22.485s] /usr/include/c++/13/functional:294:48: note:   ‘std::placeholders::_1’
[22.485s]   294 |     _GLIBCXX_PLACEHOLDER const _Placeholder<1> _1;
[22.485s]       |                                                ^~
[22.485s] /usr/include/boost/mpl/aux_/preprocessed/gcc/placeholders.hpp:29:16: note:   ‘mpl_::_1’
[22.485s]    29 | typedef arg<1> _1;
[22.485s]       |                ^~
[22.486s] In file included from /usr/include/boost/describe/members.hpp:20,
[22.486s]                  from /usr/include/boost/container_hash/is_described_class.hpp:11,
[22.486s]                  from /usr/include/boost/container_hash/hash.hpp:18,
[22.487s]                  from /usr/include/boost/functional/hash.hpp:6,
[22.488s]                  from /usr/include/CGAL/Kernel/hash_functions.h:16,
[22.488s]                  from /usr/include/CGAL/Kernel/global_functions.h:25,
[22.488s]                  from /usr/include/CGAL/Cartesian/Cartesian_base.h:22,
[22.488s]                  from /usr/include/CGAL/Simple_cartesian.h:20,
[22.488s]                  from /usr/include/CGAL/Exact_predicates_inexact_constructions_kernel.h:20,
[22.488s]                  from /home/neha/ros2_ws/src/semnav_migration/include/polygeom_lib.h:32,
[22.488s]                  from /home/neha/ros2_ws/src/semnav_migration/include/reactive_planner_lib.h:51:
[22.489s] /usr/include/boost/mp11/bind.hpp:45:7: note:   ‘boost::mp11::_1’
[22.489s]    45 | using _1 = mp_arg<0>;
[22.489s]       |       ^~
[22.489s] /usr/include/boost/mpl/aux_/preprocessed/gcc/placeholders.hpp:29:16: note:   ‘mpl_::_1’
[22.491s]    29 | typedef arg<1> _1;
[22.491s]       |                ^~
[22.491s] /home/neha/ros2_ws/src/semnav_migration/src/navigation.cpp:150:105: error: ‘_2’ was not declared in this scope
[22.492s]   150 |                         sync->registerCallback(boost::bind(&NavigationNode::control_callback, this, _1, _2));
[22.492s]       |                                                                                                         ^~
[22.492s] /home/neha/ros2_ws/src/semnav_migration/src/navigation.cpp:150:105: note: suggested alternatives:
[22.492s] /usr/include/boost/mpl/aux_/preprocessed/gcc/placeholders.hpp:42:16: note:   ‘mpl_::_2’
[22.492s]    42 | typedef arg<2> _2;
[22.492s]       |                ^~
[22.492s] /usr/include/c++/13/functional:295:48: note:   ‘std::placeholders::_2’
[22.493s]   295 |     _GLIBCXX_PLACEHOLDER const _Placeholder<2> _2;
[22.493s]       |                                                ^~
[22.493s] /usr/include/boost/mpl/aux_/preprocessed/gcc/placeholders.hpp:42:16: note:   ‘mpl_::_2’
[22.496s]    42 | typedef arg<2> _2;
[22.496s]       |                ^~
[22.496s] /usr/include/boost/mp11/bind.hpp:46:7: note:   ‘boost::mp11::_2’
[22.496s]    46 | using _2 = mp_arg<1>;
[22.496s]       |       ^~
[22.496s] /usr/include/boost/mpl/aux_/preprocessed/gcc/placeholders.hpp:42:16: note:   ‘mpl_::_2’
[22.497s]    42 | typedef arg<2> _2;
[22.497s]       |                ^~
[22.497s] /home/neha/ros2_ws/src/semnav_migration/src/navigation.cpp:153:20: error: ‘Subscription’ was not declared in this scope
[22.499s]   153 |             rclcpp:Subscription sub_semantic = this->create_subscriber(sub_semantic_topic_, 1);
[22.499s]       |                    ^~~~~~~~~~~~
[22.500s] /home/neha/ros2_ws/src/semnav_migration/src/navigation.cpp:153:20: note: suggested alternatives:
[22.500s] In file included from /opt/ros/jazzy/include/rclcpp/rclcpp/any_executable.hpp:25,
[22.500s]                  from /opt/ros/jazzy/include/rclcpp/rclcpp/memory_strategy.hpp:25,
[22.500s]                  from /opt/ros/jazzy/include/rclcpp/rclcpp/memory_strategies.hpp:18,
[22.500s]                  from /opt/ros/jazzy/include/rclcpp/rclcpp/executor_options.hpp:22,
[22.500s]                  from /opt/ros/jazzy/include/rclcpp/rclcpp/executor.hpp:38,
[22.500s]                  from /opt/ros/jazzy/include/rclcpp/rclcpp/executors/multi_threaded_executor.hpp:25,
[22.501s]                  from /opt/ros/jazzy/include/rclcpp/rclcpp/executors.hpp:21:
[22.501s] /opt/ros/jazzy/include/rclcpp/rclcpp/subscription.hpp:75:7: note:   ‘rclcpp::Subscription’
[22.501s]    75 | class Subscription : public SubscriptionBase
[22.503s]       |       ^~~~~~~~~~~~
[22.503s] In file included from /opt/ros/jazzy/include/rclcpp/rclcpp/client.hpp:45,
[22.503s]                  from /opt/ros/jazzy/include/rclcpp/rclcpp/callback_group.hpp:24,
[22.503s]                  from /opt/ros/jazzy/include/rclcpp/rclcpp/any_executable.hpp:20:
[22.504s] /opt/ros/jazzy/include/rclcpp/rclcpp/node_interfaces/node_graph_interface.hpp:43:3: note:   ‘rclcpp::EndpointType::Subscription’
[22.504s]    43 |   Subscription = RMW_ENDPOINT_SUBSCRIPTION
[22.504s]       |   ^~~~~~~~~~~~
[22.504s] /home/neha/ros2_ws/src/semnav_migration/src/navigation.cpp:157:45: error: no matching function for call to ‘rclcpp::Duration::Duration(double)’
[22.504s]   157 |                         rclcpp::Duration(5.0).sleep();
[22.504s]       |                                             ^
[22.504s] In file included from /opt/ros/jazzy/include/rclcpp/rclcpp/time.hpp:24,
[22.504s]                  from /opt/ros/jazzy/include/rclcpp/rclcpp/clock.hpp:24,
[22.505s]                  from /opt/ros/jazzy/include/rclcpp/rclcpp/client.hpp:38:
[22.505s] /opt/ros/jazzy/include/rclcpp/rclcpp/duration.hpp:49:3: note: candidate: ‘template<class Rep, class Period> rclcpp::Duration::Duration(const std::chrono::duration<_Rep1, _Period1>&)’
[22.505s]    49 |   Duration(const std::chrono::duration<Rep, Period> & duration)  // NOLINT(runtime/explicit)
[22.507s]       |   ^~~~~~~~
[22.507s] /opt/ros/jazzy/include/rclcpp/rclcpp/duration.hpp:49:3: note:   template argument deduction/substitution failed:
[22.507s] /home/neha/ros2_ws/src/semnav_migration/src/navigation.cpp:157:45: note:   mismatched types ‘const std::chrono::duration<_Rep1, _Period1>’ and ‘double’
[22.508s]   157 |                         rclcpp::Duration(5.0).sleep();
[22.508s]       |                                             ^
[22.508s] /opt/ros/jazzy/include/rclcpp/rclcpp/duration.hpp:159:3: note: candidate: ‘rclcpp::Duration::Duration()’
[22.508s]   159 |   Duration() = default;
[22.508s]       |   ^~~~~~~~
[22.508s] /opt/ros/jazzy/include/rclcpp/rclcpp/duration.hpp:159:3: note:   candidate expects 0 arguments, 1 provided
[22.508s] /opt/ros/jazzy/include/rclcpp/rclcpp/duration.hpp:62:3: note: candidate: ‘rclcpp::Duration::Duration(const rclcpp::Duration&)’
[22.508s]    62 |   Duration(const Duration & rhs);
[22.509s]       |   ^~~~~~~~
[22.509s] /opt/ros/jazzy/include/rclcpp/rclcpp/duration.hpp:62:29: note:   no known conversion for argument 1 from ‘double’ to ‘const rclcpp::Duration&’
[22.509s]    62 |   Duration(const Duration & rhs);
[22.509s]       |            ~~~~~~~~~~~~~~~~~^~~
[22.511s] /opt/ros/jazzy/include/rclcpp/rclcpp/duration.hpp:60:12: note: candidate: ‘rclcpp::Duration::Duration(const rcl_duration_t&)’
[22.511s]    60 |   explicit Duration(const rcl_duration_t & duration);
[22.511s]       |            ^~~~~~~~
[22.512s] /opt/ros/jazzy/include/rclcpp/rclcpp/duration.hpp:60:44: note:   no known conversion for argument 1 from ‘double’ to ‘const rcl_duration_t&’ {aka ‘const rcl_duration_s&’}
[22.512s]    60 |   explicit Duration(const rcl_duration_t & duration);
[22.512s]       |                     ~~~~~~~~~~~~~~~~~~~~~~~^~~~~~~~
[22.512s] /opt/ros/jazzy/include/rclcpp/rclcpp/duration.hpp:54:3: note: candidate: ‘rclcpp::Duration::Duration(const builtin_interfaces::msg::Duration&)’
[22.512s]    54 |   Duration(const builtin_interfaces::msg::Duration & duration_msg);  // NOLINT(runtime/explicit)
[22.512s]       |   ^~~~~~~~
[22.512s] /opt/ros/jazzy/include/rclcpp/rclcpp/duration.hpp:54:54: note:   no known conversion for argument 1 from ‘double’ to ‘const builtin_interfaces::msg::Duration&’ {aka ‘const builtin_interfaces::msg::Duration_<std::allocator<void> >&’}
[22.512s]    54 |   Duration(const builtin_interfaces::msg::Duration & duration_msg);  // NOLINT(runtime/explicit)
[22.513s]       |            ~~~~~~~~~~~~~~~~~~~~~~~~~~~~~~~~~~~~~~~~~~^~~~~~~~~~~~
[22.513s] /opt/ros/jazzy/include/rclcpp/rclcpp/duration.hpp:43:12: note: candidate: ‘rclcpp::Duration::Duration(std::chrono::nanoseconds)’
[22.513s]    43 |   explicit Duration(std::chrono::nanoseconds nanoseconds);
[22.515s]       |            ^~~~~~~~
[22.515s] /opt/ros/jazzy/include/rclcpp/rclcpp/duration.hpp:43:46: note:   no known conversion for argument 1 from ‘double’ to ‘std::chrono::nanoseconds’ {aka ‘std::chrono::duration<long int, std::ratio<1, 1000000000> >’}
[22.515s]    43 |   explicit Duration(std::chrono::nanoseconds nanoseconds);
[22.515s]       |                     ~~~~~~~~~~~~~~~~~~~~~~~~~^~~~~~~~~~~
[22.516s] /opt/ros/jazzy/include/rclcpp/rclcpp/duration.hpp:40:3: note: candidate: ‘rclcpp::Duration::Duration(int32_t, uint32_t)’
[22.516s]    40 |   Duration(int32_t seconds, uint32_t nanoseconds);
[22.516s]       |   ^~~~~~~~
[22.516s] /opt/ros/jazzy/include/rclcpp/rclcpp/duration.hpp:40:3: note:   candidate expects 2 arguments, 1 provided
[22.543s] /home/neha/ros2_ws/src/semnav_migration/src/navigation.cpp:164:38: error: ‘node_ptr’ was not declared in this scope; did you mean ‘mode_t’?
[22.543s]   164 |                         rclcpp::spin(node_ptr);
[22.543s]       |                                      ^~~~~~~~
[22.543s]       |                                      mode_t
[22.588s] /home/neha/ros2_ws/src/semnav_migration/src/navigation_semantic.cpp:366:33: error: ‘RCLCPP_WARN_STREAM’ was not declared in this scope
[22.588s]   366 |                                 RCLCPP_WARN_STREAM("[Navigation] Updated trees in " << time.seconds()-start_time << " seconds.");
[22.588s]       |                                 ^~~~~~~~~~~~~~~~~~
[22.589s] /home/neha/ros2_ws/src/semnav_migration/src/navigation_semantic.cpp: In member function ‘void SemanticNavigationNode::control_callback(const sensor_msgs::msg::LaserScan_<std::allocator<void> >::ConstPtr&, const nav_msgs::msg::Odometry_<std::allocator<void> >::ConstPtr&)’:
[22.590s] /home/neha/ros2_ws/src/semnav_migration/src/navigation_semantic.cpp:402:49: error: ‘ros’ has not been declared
[22.590s]   402 |                         odomPose.header.stamp = ros::Time(0);
[22.590s]       |                                                 ^~~
[22.599s] /home/neha/ros2_ws/src/semnav_migration/src/navigation.cpp: In member function ‘void NavigationNode::publish_twist(double, double)’:
[22.599s] /home/neha/ros2_ws/src/semnav_migration/src/navigation.cpp:171:25: error: ‘pub_twist_’ was not declared in this scope; did you mean ‘publish_twist’?
[22.599s]   171 |                         pub_twist_.publish(commandTwist);
[22.599s]       |                         ^~~~~~~~~~
[22.599s]       |                         publish_twist
[22.603s] /home/neha/ros2_ws/src/semnav_migration/src/navigation.cpp: In member function ‘void NavigationNode::publish_behavior_id(uint16_t)’:
[22.604s] /home/neha/ros2_ws/src/semnav_migration/src/navigation.cpp:176:28: error: ‘UInt32’ is not a member of ‘std_msgs::msg’
[22.604s]   176 |             std_msgs::msg::UInt32 commandId;
[22.604s]       |                            ^~~~~~
[22.639s] /home/neha/ros2_ws/src/semnav_migration/src/navigation_semantic.cpp:406:33: error: ‘listener_’ was not declared in this scope
[22.640s]   406 |                                 listener_.waitForTransform(world_frame_id_, odom_frame_id_, ros::Time(0), ros::Duration(1.0));
[22.640s]       |                                 ^~~~~~~~~
[22.640s] /home/neha/ros2_ws/src/semnav_migration/src/navigation_semantic.cpp:406:93: error: ‘ros’ has not been declared
[22.640s]   406 |                                 listener_.waitForTransform(world_frame_id_, odom_frame_id_, ros::Time(0), ros::Duration(1.0));
[22.640s]       |                                                                                             ^~~
[22.640s] /home/neha/ros2_ws/src/semnav_migration/src/navigation_semantic.cpp:406:107: error: ‘ros’ has not been declared
[22.640s]   406 |                                 listener_.waitForTransform(world_frame_id_, odom_frame_id_, ros::Time(0), ros::Duration(1.0));
[22.641s]       |                                                                                                           ^~~
[22.647s] /home/neha/ros2_ws/src/semnav_migration/src/navigation_semantic.cpp:408:34: error: ‘tf’ does not name a type; did you mean ‘tm’?
[22.647s]   408 |                         } catch (tf::TransformException &ex) {
[22.647s]       |                                  ^~
[22.648s]       |                                  tm
[22.648s] /home/neha/ros2_ws/src/semnav_migration/src/navigation_semantic.cpp:408:57: error: expected unqualified-id before ‘&’ token
[22.648s]   408 |                         } catch (tf::TransformException &ex) {
[22.648s]       |                                                         ^
[22.648s] /home/neha/ros2_ws/src/semnav_migration/src/navigation_semantic.cpp:408:57: error: expected ‘)’ before ‘&’ token
[22.648s] /home/neha/ros2_ws/src/semnav_migration/src/navigation_semantic.cpp:408:33: note: to match this ‘(’
[22.648s]   408 |                         } catch (tf::TransformException &ex) {
[22.649s]       |                                 ^
[22.649s] /home/neha/ros2_ws/src/semnav_migration/src/navigation_semantic.cpp:408:57: error: expected ‘{’ before ‘&’ token
[22.649s]   408 |                         } catch (tf::TransformException &ex) {
[22.649s]       |                                                         ^
[22.655s] /home/neha/ros2_ws/src/semnav_migration/src/navigation.cpp:177:25: error: ‘commandId’ was not declared in this scope
[22.655s]   177 |                         commandId.data = BehaviorIdCmd;
[22.655s]       |                         ^~~~~~~~~
[22.677s] /home/neha/ros2_ws/src/semnav_migration/src/navigation_semantic.cpp:408:58: error: ‘ex’ was not declared in this scope; did you mean ‘exp’?
[22.677s]   408 |                         } catch (tf::TransformException &ex) {
[22.677s]       |                                                          ^~
[22.677s]       |                                                          exp
[22.678s] /home/neha/ros2_ws/src/semnav_migration/src/navigation_semantic.cpp:414:25: error: ‘tf’ has not been declared
[22.678s]   414 |                         tf::Quaternion rotation = tf::Quaternion(mapPose.pose.orientation.x,
[22.678s]       |                         ^~
[22.678s] /home/neha/ros2_ws/src/semnav_migration/src/navigation_semantic.cpp:418:25: error: ‘tf’ has not been declared
[22.678s]   418 |                         tf::Matrix3x3 m(rotation);
[22.678s]       |                         ^~
[22.708s] /home/neha/ros2_ws/src/semnav_migration/src/navigation_semantic.cpp:420:25: error: ‘m’ was not declared in this scope; did you mean ‘tm’?
[22.709s]   420 |                         m.getRPY(roll, pitch, yaw);
[22.709s]       |                         ^
[22.709s]       |                         tm
[22.715s] /home/neha/ros2_ws/src/semnav_migration/src/navigation_semantic.cpp:434:42: error: could not convert ‘lidar_data’ from ‘shared_ptr<LaserScan_<[...]>>’ to ‘shared_ptr<LaserScan_<[...]>>’
[22.715s]   434 |                         constructLIDAR2D(lidar_data, CutoffRange_, AllowableRange_, RobotPitch_, &LIDAR);
[22.715s]       |                                          ^~~~~~~~~~
[22.716s]       |                                          |
[22.716s]       |                                          shared_ptr<LaserScan_<[...]>>
[22.746s] /home/neha/ros2_ws/src/semnav_migration/src/navigation.cpp:178:25: error: ‘pub_behaviorID_’ was not declared in this scope; did you mean ‘pub_behaviorID_topic_’?
[22.746s]   178 |                         pub_behaviorID_.publish(commandId);
[22.746s]       |                         ^~~~~~~~~~~~~~~
[22.747s]       |                         pub_behaviorID_topic_
[22.750s] /home/neha/ros2_ws/src/semnav_migration/src/navigation.cpp: In member function ‘void NavigationNode::publish_behavior_mode(uint16_t)’:
[22.750s] /home/neha/ros2_ws/src/semnav_migration/src/navigation.cpp:183:28: error: ‘UInt32’ is not a member of ‘std_msgs::msg’
[22.750s]   183 |             std_msgs::msg::UInt32 commandMode;
[22.750s]       |                            ^~~~~~
[22.810s] /home/neha/ros2_ws/src/semnav_migration/src/navigation.cpp:184:25: error: ‘commandMode’ was not declared in this scope
[22.810s]   184 |                         commandMode.data = BehaviorModeCmd;
[22.810s]       |                         ^~~~~~~~~~~
[22.819s] /home/neha/ros2_ws/src/semnav_migration/src/navigation_semantic.cpp:564:25: error: ‘RCLCPP_WARN_STREAM’ was not declared in this scope
[22.819s]   564 |                         RCLCPP_WARN_STREAM("[Navigation] Diffeomorphism jacobian determinant is " << MatrixDeterminant(RobotPositionTransformedD) << ", robot position is " << bg::dsv(RobotPosition_) << " and robot positon in model space is " << bg::dsv(RobotPositionTransformedPoint));
[22.820s]       |                         ^~~~~~~~~~~~~~~~~~
[22.820s] /home/neha/ros2_ws/src/semnav_migration/src/navigation_semantic.cpp:593:41: error: ‘ros’ has not been declared
[22.820s]   593 |                                         ros::Duration(5.0).sleep();
[22.820s]       |                                         ^~~
[22.831s] /home/neha/ros2_ws/src/semnav_migration/src/navigation_semantic.cpp: In function ‘int main(int, char**)’:
[22.832s] /home/neha/ros2_ws/src/semnav_migration/src/navigation_semantic.cpp:700:9: error: ‘ros’ has not been declared
[22.832s]   700 |         ros::init(argc, argv, "navigation_semantic");
[22.832s]       |         ^~~
[22.833s] /home/neha/ros2_ws/src/semnav_migration/src/navigation_semantic.cpp:703:9: error: ‘ros’ has not been declared
[22.833s]   703 |         ros::NodeHandle nh("~");
[22.833s]       |         ^~~
[22.849s] /home/neha/ros2_ws/src/semnav_migration/src/navigation_semantic.cpp:706:56: error: ‘nh’ was not declared in this scope
[22.849s]   706 |         SemanticNavigationNode semanticNavigationNode(&nh);
[22.849s]       |                                                        ^~
[22.915s] /home/neha/ros2_ws/src/semnav_migration/src/navigation.cpp:185:25: error: ‘pub_behaviorMode_’ was not declared in this scope; did you mean ‘pub_behaviorMode_topic_’?
[22.915s]   185 |                         pub_behaviorMode_.publish(commandMode);
[22.915s]       |                         ^~~~~~~~~~~~~~~~~
[22.916s]       |                         pub_behaviorMode_topic_
[23.055s] /home/neha/ros2_ws/src/semnav_migration/src/navigation.cpp: In member function ‘void NavigationNode::control_callback(const sensor_msgs::msg::LaserScan_<std::allocator<void> >::ConstPtr&, const nav_msgs::msg::Odometry_<std::allocator<void> >::ConstPtr&)’:
[23.055s] /home/neha/ros2_ws/src/semnav_migration/src/navigation.cpp:368:33: error: ‘listener_’ was not declared in this scope
[23.055s]   368 |                                 listener_.waitForTransform(world_frame_id_, odom_frame_id_, rclcpp::Time(0), rclcpp::Duration(1.0));
[23.055s]       |                                 ^~~~~~~~~
[23.059s] /home/neha/ros2_ws/src/semnav_migration/src/navigation.cpp:368:130: error: no matching function for call to ‘rclcpp::Duration::Duration(double)’
[23.059s]   368 |                                 listener_.waitForTransform(world_frame_id_, odom_frame_id_, rclcpp::Time(0), rclcpp::Duration(1.0));
[23.059s]       |                                                                                                                                  ^
[23.059s] /opt/ros/jazzy/include/rclcpp/rclcpp/duration.hpp:49:3: note: candidate: ‘template<class Rep, class Period> rclcpp::Duration::Duration(const std::chrono::duration<_Rep1, _Period1>&)’
[23.059s]    49 |   Duration(const std::chrono::duration<Rep, Period> & duration)  // NOLINT(runtime/explicit)
[23.059s]       |   ^~~~~~~~
[23.060s] /opt/ros/jazzy/include/rclcpp/rclcpp/duration.hpp:49:3: note:   template argument deduction/substitution failed:
[23.060s] /home/neha/ros2_ws/src/semnav_migration/src/navigation.cpp:368:130: note:   mismatched types ‘const std::chrono::duration<_Rep1, _Period1>’ and ‘double’
[23.060s]   368 |                                 listener_.waitForTransform(world_frame_id_, odom_frame_id_, rclcpp::Time(0), rclcpp::Duration(1.0));
[23.060s]       |                                                                                                                                  ^
[23.060s] /opt/ros/jazzy/include/rclcpp/rclcpp/duration.hpp:159:3: note: candidate: ‘rclcpp::Duration::Duration()’
[23.060s]   159 |   Duration() = default;
[23.060s]       |   ^~~~~~~~
[23.061s] /opt/ros/jazzy/include/rclcpp/rclcpp/duration.hpp:159:3: note:   candidate expects 0 arguments, 1 provided
[23.061s] /opt/ros/jazzy/include/rclcpp/rclcpp/duration.hpp:62:3: note: candidate: ‘rclcpp::Duration::Duration(const rclcpp::Duration&)’
[23.061s]    62 |   Duration(const Duration & rhs);
[23.061s]       |   ^~~~~~~~
[23.061s] /opt/ros/jazzy/include/rclcpp/rclcpp/duration.hpp:62:29: note:   no known conversion for argument 1 from ‘double’ to ‘const rclcpp::Duration&’
[23.061s]    62 |   Duration(const Duration & rhs);
[23.061s]       |            ~~~~~~~~~~~~~~~~~^~~
[23.062s] /opt/ros/jazzy/include/rclcpp/rclcpp/duration.hpp:60:12: note: candidate: ‘rclcpp::Duration::Duration(const rcl_duration_t&)’
[23.062s]    60 |   explicit Duration(const rcl_duration_t & duration);
[23.062s]       |            ^~~~~~~~
[23.066s] /opt/ros/jazzy/include/rclcpp/rclcpp/duration.hpp:60:44: note:   no known conversion for argument 1 from ‘double’ to ‘const rcl_duration_t&’ {aka ‘const rcl_duration_s&’}
[23.066s]    60 |   explicit Duration(const rcl_duration_t & duration);
[23.067s]       |                     ~~~~~~~~~~~~~~~~~~~~~~~^~~~~~~~
[23.067s] /opt/ros/jazzy/include/rclcpp/rclcpp/duration.hpp:54:3: note: candidate: ‘rclcpp::Duration::Duration(const builtin_interfaces::msg::Duration&)’
[23.067s]    54 |   Duration(const builtin_interfaces::msg::Duration & duration_msg);  // NOLINT(runtime/explicit)
[23.067s]       |   ^~~~~~~~
[23.067s] /opt/ros/jazzy/include/rclcpp/rclcpp/duration.hpp:54:54: note:   no known conversion for argument 1 from ‘double’ to ‘const builtin_interfaces::msg::Duration&’ {aka ‘const builtin_interfaces::msg::Duration_<std::allocator<void> >&’}
[23.067s]    54 |   Duration(const builtin_interfaces::msg::Duration & duration_msg);  // NOLINT(runtime/explicit)
[23.067s]       |            ~~~~~~~~~~~~~~~~~~~~~~~~~~~~~~~~~~~~~~~~~~^~~~~~~~~~~~
[23.068s] /opt/ros/jazzy/include/rclcpp/rclcpp/duration.hpp:43:12: note: candidate: ‘rclcpp::Duration::Duration(std::chrono::nanoseconds)’
[23.068s]    43 |   explicit Duration(std::chrono::nanoseconds nanoseconds);
[23.068s]       |            ^~~~~~~~
[23.070s] /opt/ros/jazzy/include/rclcpp/rclcpp/duration.hpp:43:46: note:   no known conversion for argument 1 from ‘double’ to ‘std::chrono::nanoseconds’ {aka ‘std::chrono::duration<long int, std::ratio<1, 1000000000> >’}
[23.070s]    43 |   explicit Duration(std::chrono::nanoseconds nanoseconds);
[23.071s]       |                     ~~~~~~~~~~~~~~~~~~~~~~~~~^~~~~~~~~~~
[23.071s] /opt/ros/jazzy/include/rclcpp/rclcpp/duration.hpp:40:3: note: candidate: ‘rclcpp::Duration::Duration(int32_t, uint32_t)’
[23.071s]    40 |   Duration(int32_t seconds, uint32_t nanoseconds);
[23.071s]       |   ^~~~~~~~
[23.071s] /opt/ros/jazzy/include/rclcpp/rclcpp/duration.hpp:40:3: note:   candidate expects 2 arguments, 1 provided
[23.072s] /home/neha/ros2_ws/src/semnav_migration/src/navigation.cpp:398:42: error: could not convert ‘lidar_data’ from ‘shared_ptr<LaserScan_<[...]>>’ to ‘shared_ptr<LaserScan_<[...]>>’
[23.072s]   398 |                         constructLIDAR2D(lidar_data, CutoffRange_, AllowableRange_, RobotPitch_, &LIDAR);
[23.072s]       |                                          ^~~~~~~~~~
[23.072s]       |                                          |
[23.072s]       |                                          shared_ptr<LaserScan_<[...]>>
[23.089s] /home/neha/ros2_ws/src/semnav_migration/src/navigation.cpp:572:53: error: no matching function for call to ‘rclcpp::Duration::Duration(double)’
[23.089s]   572 |                                 rclcpp::Duration(5.0).sleep();
[23.089s]       |                                                     ^
[23.089s] /opt/ros/jazzy/include/rclcpp/rclcpp/duration.hpp:49:3: note: candidate: ‘template<class Rep, class Period> rclcpp::Duration::Duration(const std::chrono::duration<_Rep1, _Period1>&)’
[23.090s]    49 |   Duration(const std::chrono::duration<Rep, Period> & duration)  // NOLINT(runtime/explicit)
[23.090s]       |   ^~~~~~~~
[23.090s] /opt/ros/jazzy/include/rclcpp/rclcpp/duration.hpp:49:3: note:   template argument deduction/substitution failed:
[23.090s] /home/neha/ros2_ws/src/semnav_migration/src/navigation.cpp:572:53: note:   mismatched types ‘const std::chrono::duration<_Rep1, _Period1>’ and ‘double’
[23.091s]   572 |                                 rclcpp::Duration(5.0).sleep();
[23.091s]       |                                                     ^
[23.091s] /opt/ros/jazzy/include/rclcpp/rclcpp/duration.hpp:159:3: note: candidate: ‘rclcpp::Duration::Duration()’
[23.091s]   159 |   Duration() = default;
[23.092s]       |   ^~~~~~~~
[23.092s] /opt/ros/jazzy/include/rclcpp/rclcpp/duration.hpp:159:3: note:   candidate expects 0 arguments, 1 provided
[23.092s] /opt/ros/jazzy/include/rclcpp/rclcpp/duration.hpp:62:3: note: candidate: ‘rclcpp::Duration::Duration(const rclcpp::Duration&)’
[23.093s]    62 |   Duration(const Duration & rhs);
[23.093s]       |   ^~~~~~~~
[23.094s] /opt/ros/jazzy/include/rclcpp/rclcpp/duration.hpp:62:29: note:   no known conversion for argument 1 from ‘double’ to ‘const rclcpp::Duration&’
[23.095s]    62 |   Duration(const Duration & rhs);
[23.095s]       |            ~~~~~~~~~~~~~~~~~^~~
[23.095s] /opt/ros/jazzy/include/rclcpp/rclcpp/duration.hpp:60:12: note: candidate: ‘rclcpp::Duration::Duration(const rcl_duration_t&)’
[23.095s]    60 |   explicit Duration(const rcl_duration_t & duration);
[23.095s]       |            ^~~~~~~~
[23.095s] /opt/ros/jazzy/include/rclcpp/rclcpp/duration.hpp:60:44: note:   no known conversion for argument 1 from ‘double’ to ‘const rcl_duration_t&’ {aka ‘const rcl_duration_s&’}
[23.096s]    60 |   explicit Duration(const rcl_duration_t & duration);
[23.096s]       |                     ~~~~~~~~~~~~~~~~~~~~~~~^~~~~~~~
[23.096s] /opt/ros/jazzy/include/rclcpp/rclcpp/duration.hpp:54:3: note: candidate: ‘rclcpp::Duration::Duration(const builtin_interfaces::msg::Duration&)’
[23.098s]    54 |   Duration(const builtin_interfaces::msg::Duration & duration_msg);  // NOLINT(runtime/explicit)
[23.098s]       |   ^~~~~~~~
[23.099s] /opt/ros/jazzy/include/rclcpp/rclcpp/duration.hpp:54:54: note:   no known conversion for argument 1 from ‘double’ to ‘const builtin_interfaces::msg::Duration&’ {aka ‘const builtin_interfaces::msg::Duration_<std::allocator<void> >&’}
[23.099s]    54 |   Duration(const builtin_interfaces::msg::Duration & duration_msg);  // NOLINT(runtime/explicit)
[23.099s]       |            ~~~~~~~~~~~~~~~~~~~~~~~~~~~~~~~~~~~~~~~~~~^~~~~~~~~~~~
[23.099s] /opt/ros/jazzy/include/rclcpp/rclcpp/duration.hpp:43:12: note: candidate: ‘rclcpp::Duration::Duration(std::chrono::nanoseconds)’
[23.099s]    43 |   explicit Duration(std::chrono::nanoseconds nanoseconds);
[23.099s]       |            ^~~~~~~~
[23.099s] /opt/ros/jazzy/include/rclcpp/rclcpp/duration.hpp:43:46: note:   no known conversion for argument 1 from ‘double’ to ‘std::chrono::nanoseconds’ {aka ‘std::chrono::duration<long int, std::ratio<1, 1000000000> >’}
[23.100s]    43 |   explicit Duration(std::chrono::nanoseconds nanoseconds);
[23.100s]       |                     ~~~~~~~~~~~~~~~~~~~~~~~~~^~~~~~~~~~~
[23.100s] /opt/ros/jazzy/include/rclcpp/rclcpp/duration.hpp:40:3: note: candidate: ‘rclcpp::Duration::Duration(int32_t, uint32_t)’
[23.102s]    40 |   Duration(int32_t seconds, uint32_t nanoseconds);
[23.102s]       |   ^~~~~~~~
[23.102s] /opt/ros/jazzy/include/rclcpp/rclcpp/duration.hpp:40:3: note:   candidate expects 2 arguments, 1 provided
[32.561s] gmake[2]: *** [CMakeFiles/navigation_semantic.dir/build.make:76: CMakeFiles/navigation_semantic.dir/src/navigation_semantic.cpp.o] Error 1
[32.561s] gmake[1]: *** [CMakeFiles/Makefile2:207: CMakeFiles/navigation_semantic.dir/all] Error 2
[32.561s] gmake[1]: *** Waiting for unfinished jobs....
[37.245s] gmake[2]: *** [CMakeFiles/navigation.dir/build.make:76: CMakeFiles/navigation.dir/src/navigation.cpp.o] Error 1
[37.245s] gmake[1]: *** [CMakeFiles/Makefile2:181: CMakeFiles/navigation.dir/all] Error 2
[37.245s] gmake: *** [Makefile:146: all] Error 2
[37.248s] Invoked command in '/home/neha/ros2_ws/src/semnav_migration/build/semnav' returned '2': CMAKE_PREFIX_PATH=${CMAKE_PREFIX_PATH}:/opt/ros/jazzy DEBUGINFOD_URLS=https://debuginfod.ubuntu.com /usr/bin/cmake --build /home/neha/ros2_ws/src/semnav_migration/build/semnav -- -j2 -l2
