[0.025s] Invoking command in '/home/neha/ros2_ws/src/semnav_migration/build/semnav': CMAKE_PREFIX_PATH=${CMAKE_PREFIX_PATH}:/opt/ros/jazzy DEBUGINFOD_URLS=https://debuginfod.ubuntu.com /usr/bin/cmake --build /home/neha/ros2_ws/src/semnav_migration/build/semnav -- -j2 -l2
[0.075s] -- Found ament_cmake: 2.5.0 (/opt/ros/jazzy/share/ament_cmake/cmake)
[0.504s] -- Found rclcpp: 28.1.2 (/opt/ros/jazzy/share/rclcpp/cmake)
[0.557s] -- Found rosidl_generator_c: 4.6.2 (/opt/ros/jazzy/share/rosidl_generator_c/cmake)
[0.577s] -- Found rosidl_generator_cpp: 4.6.2 (/opt/ros/jazzy/share/rosidl_generator_cpp/cmake)
[0.601s] -- Using all available rosidl_typesupport_c: rosidl_typesupport_fastrtps_c;rosidl_typesupport_introspection_c
[0.629s] -- Using all available rosidl_typesupport_cpp: rosidl_typesupport_fastrtps_cpp;rosidl_typesupport_introspection_cpp
[0.765s] -- Found rmw_implementation_cmake: 7.3.1 (/opt/ros/jazzy/share/rmw_implementation_cmake/cmake)
[0.768s] -- Found rmw_fastrtps_cpp: 8.4.0 (/opt/ros/jazzy/share/rmw_fastrtps_cpp/cmake)
[0.894s] -- Using RMW implementation 'rmw_fastrtps_cpp' as default
[1.036s] -- Found sensor_msgs: 5.3.5 (/opt/ros/jazzy/share/sensor_msgs/cmake)
[1.163s] -- Found nav_msgs: 5.3.5 (/opt/ros/jazzy/share/nav_msgs/cmake)
[1.224s] -- Found tf2: 0.36.4 (/opt/ros/jazzy/share/tf2/cmake)
[1.232s] -- Found example_interfaces: 0.12.0 (/opt/ros/jazzy/share/example_interfaces/cmake)
[1.351s] -- Found tf2_ros: 0.36.4 (/opt/ros/jazzy/share/tf2_ros/cmake)
[1.528s] -- Found object_pose_interface_msgs: 0.0.0 (/home/neha/ros2_ws/src/install/object_pose_interface_msgs/share/object_pose_interface_msgs/cmake)
[1.589s] -- Found Boost: /usr/lib/x86_64-linux-gnu/cmake/Boost-1.83.0/BoostConfig.cmake (found version "1.83.0") found components: system 
[1.597s] -- Using header-only CGAL
[1.599s] -- Targeting Unix Makefiles
[1.600s] -- Using /usr/bin/c++ compiler.
[1.613s] -- Found Boost: /usr/lib/x86_64-linux-gnu/cmake/Boost-1.83.0/BoostConfig.cmake (found suitable version "1.83.0", minimum required is "1.66")  
[1.614s] -- Boost include dirs: /usr/include
[1.615s] -- Boost libraries:    
[1.619s] -- Using gcc version 4 or later. Adding -frounding-math
[2.972s] CMake Warning at /usr/lib/x86_64-linux-gnu/cmake/CGAL/CGAL_enable_end_of_configuration_hook.cmake:93 (message):
[2.972s]   =======================================================================
[2.973s] 
[2.973s]   CGAL performance notice:
[2.973s] 
[2.973s]   The variable CMAKE_BUILD_TYPE is set to "".  For performance reasons, you
[2.973s]   should set CMAKE_BUILD_TYPE to "Release".
[2.973s] 
[2.973s]   Set CGAL_DO_NOT_WARN_ABOUT_CMAKE_BUILD_TYPE to TRUE if you want to disable
[2.973s]   this warning.
[2.974s] 
[2.974s]   =======================================================================
[2.974s] Call Stack (most recent call first):
[2.974s]   /usr/lib/x86_64-linux-gnu/cmake/CGAL/CGAL_enable_end_of_configuration_hook.cmake:163 (CGAL_hook_check_CMAKE_BUILD_TYPE)
[2.974s]   CMakeLists.txt:DEFERRED
[2.974s] 
[2.974s] 
[2.975s] -- Configuring done (2.9s)
[4.960s] -- Generating done (1.5s)
[4.967s] -- Build files have been written to: /home/neha/ros2_ws/src/semnav_migration/build/semnav
[5.137s] [  4%] Building CXX object CMakeFiles/reactive_planner.dir/src/libraries/polygeom_lib.cpp.o
[5.147s] [  9%] Building CXX object CMakeFiles/reactive_planner.dir/src/libraries/reactive_planner_lib.cpp.o
[75.606s] [ 14%] Linking CXX static library libreactive_planner.a
[76.733s] [ 14%] Built target reactive_planner
[76.856s] [ 19%] Building CXX object CMakeFiles/navigation.dir/src/navigation.cpp.o
[96.935s] [ 23%] Building CXX object CMakeFiles/navigation_semantic.dir/src/navigation_semantic.cpp.o
[97.306s] /home/neha/ros2_ws/src/semnav_migration/src/navigation.cpp:665:22: error: ‘TransformListener’ in namespace ‘tf2’ does not name a type
[97.306s]   665 |                 tf2::TransformListener listener_;
[97.306s]       |                      ^~~~~~~~~~~~~~~~~
[97.308s] /home/neha/ros2_ws/src/semnav_migration/src/navigation.cpp: In constructor ‘NavigationNode::NavigationNode()’:
[97.308s] /home/neha/ros2_ws/src/semnav_migration/src/navigation.cpp:47:63: error: no matching function for call to ‘rclcpp::Node::Node()’
[97.308s]    47 |         NavigationNode() : Node(std::string("navigation_node")) {
[97.308s]       |                                                               ^
[97.311s] In file included from /opt/ros/jazzy/include/rclcpp/rclcpp/executors/single_threaded_executor.hpp:28,
[97.311s]                  from /opt/ros/jazzy/include/rclcpp/rclcpp/executors.hpp:22,
[97.311s]                  from /opt/ros/jazzy/include/rclcpp/rclcpp/rclcpp.hpp:172,
[97.311s]                  from /home/neha/ros2_ws/src/semnav_migration/include/reactive_planner_lib.h:32,
[97.311s]                  from /home/neha/ros2_ws/src/semnav_migration/src/navigation.cpp:25:
[97.311s] /opt/ros/jazzy/include/rclcpp/rclcpp/node.hpp:1629:3: note: candidate: ‘rclcpp::Node::Node(const rclcpp::Node&, const std::string&)’
[97.311s]  1629 |   Node(
[97.312s]       |   ^~~~
[97.312s] /opt/ros/jazzy/include/rclcpp/rclcpp/node.hpp:1629:3: note:   candidate expects 2 arguments, 0 provided
[97.312s] /opt/ros/jazzy/include/rclcpp/rclcpp/node.hpp:103:12: note: candidate: ‘rclcpp::Node::Node(const std::string&, const std::string&, const rclcpp::NodeOptions&)’
[97.312s]   103 |   explicit Node(
[97.314s]       |            ^~~~
[97.314s] /opt/ros/jazzy/include/rclcpp/rclcpp/node.hpp:103:12: note:   candidate expects 3 arguments, 0 provided
[97.315s] /opt/ros/jazzy/include/rclcpp/rclcpp/node.hpp:91:12: note: candidate: ‘rclcpp::Node::Node(const std::string&, const rclcpp::NodeOptions&)’
[97.315s]    91 |   explicit Node(
[97.315s]       |            ^~~~
[97.315s] /opt/ros/jazzy/include/rclcpp/rclcpp/node.hpp:91:12: note:   candidate expects 2 arguments, 0 provided
[97.424s] /home/neha/ros2_ws/src/semnav_migration/src/navigation.cpp:139:13: error: ‘pub_behaviorID_’ was not declared in this scope; did you mean ‘pub_behaviorID_topic_’?
[97.424s]   139 |             pub_behaviorID_ = this->create_publisher<std_msgs::msg::UInt32>("pub_behaviorID_topic_", 1);
[97.425s]       |             ^~~~~~~~~~~~~~~
[97.425s]       |             pub_behaviorID_topic_
[97.429s] /home/neha/ros2_ws/src/semnav_migration/src/navigation.cpp:139:69: error: ‘UInt32’ is not a member of ‘std_msgs::msg’; did you mean ‘example_interfaces::msg::UInt32’?
[97.429s]   139 |             pub_behaviorID_ = this->create_publisher<std_msgs::msg::UInt32>("pub_behaviorID_topic_", 1);
[97.429s]       |                                                                     ^~~~~~
[97.432s] In file included from /opt/ros/jazzy/include/example_interfaces/example_interfaces/msg/u_int32.hpp:7,
[97.432s]                  from /home/neha/ros2_ws/src/semnav_migration/include/reactive_planner_lib.h:48:
[97.432s] /opt/ros/jazzy/include/example_interfaces/example_interfaces/msg/detail/u_int32__struct.hpp:125:7: note: ‘example_interfaces::msg::UInt32’ declared here
[97.432s]   125 | using UInt32 =
[97.432s]       |       ^~~~~~
[97.432s] /home/neha/ros2_ws/src/semnav_migration/src/navigation.cpp:139:76: error: no matching function for call to ‘NavigationNode::create_publisher<<expression error> >(const char [22], int)’
[97.432s]   139 |             pub_behaviorID_ = this->create_publisher<std_msgs::msg::UInt32>("pub_behaviorID_topic_", 1);
[97.433s]       |                               ~~~~~~~~~~~~~~~~~~~~~~~~~~~~~~~~~~~~~~~~~~~~~^~~~~~~~~~~~~~~~~~~~~~~~~~~~
[97.433s] /opt/ros/jazzy/include/rclcpp/rclcpp/node.hpp:197:3: note: candidate: ‘template<class MessageT, class AllocatorT, class PublisherT> std::shared_ptr<PublisherT> rclcpp::Node::create_publisher(const std::string&, const rclcpp::QoS&, const rclcpp::PublisherOptionsWithAllocator<AllocatorT>&)’
[97.433s]   197 |   create_publisher(
[97.433s]       |   ^~~~~~~~~~~~~~~~
[97.433s] /opt/ros/jazzy/include/rclcpp/rclcpp/node.hpp:197:3: note:   template argument deduction/substitution failed:
[97.435s] /home/neha/ros2_ws/src/semnav_migration/src/navigation.cpp:139:76: error: template argument 1 is invalid
[97.435s]   139 |             pub_behaviorID_ = this->create_publisher<std_msgs::msg::UInt32>("pub_behaviorID_topic_", 1);
[97.436s]       |                               ~~~~~~~~~~~~~~~~~~~~~~~~~~~~~~~~~~~~~~~~~~~~~^~~~~~~~~~~~~~~~~~~~~~~~~~~~
[97.527s] /home/neha/ros2_ws/src/semnav_migration/src/navigation.cpp:140:13: error: ‘pub_behaviorMode_’ was not declared in this scope; did you mean ‘pub_behaviorMode_topic_’?
[97.527s]   140 |             pub_behaviorMode_ = this->create_publisher<std_msgs::msg::UInt32>("pub_behaviorMode_topic_", 1);
[97.527s]       |             ^~~~~~~~~~~~~~~~~
[97.528s]       |             pub_behaviorMode_topic_
[97.532s] /home/neha/ros2_ws/src/semnav_migration/src/navigation.cpp:140:71: error: ‘UInt32’ is not a member of ‘std_msgs::msg’; did you mean ‘example_interfaces::msg::UInt32’?
[97.532s]   140 |             pub_behaviorMode_ = this->create_publisher<std_msgs::msg::UInt32>("pub_behaviorMode_topic_", 1);
[97.532s]       |                                                                       ^~~~~~
[97.536s] /opt/ros/jazzy/include/example_interfaces/example_interfaces/msg/detail/u_int32__struct.hpp:125:7: note: ‘example_interfaces::msg::UInt32’ declared here
[97.536s]   125 | using UInt32 =
[97.536s]       |       ^~~~~~
[97.536s] /home/neha/ros2_ws/src/semnav_migration/src/navigation.cpp:140:78: error: no matching function for call to ‘NavigationNode::create_publisher<<expression error> >(const char [24], int)’
[97.536s]   140 |             pub_behaviorMode_ = this->create_publisher<std_msgs::msg::UInt32>("pub_behaviorMode_topic_", 1);
[97.536s]       |                                 ~~~~~~~~~~~~~~~~~~~~~~~~~~~~~~~~~~~~~~~~~~~~~^~~~~~~~~~~~~~~~~~~~~~~~~~~~~~
[97.536s] /opt/ros/jazzy/include/rclcpp/rclcpp/node.hpp:197:3: note: candidate: ‘template<class MessageT, class AllocatorT, class PublisherT> std::shared_ptr<PublisherT> rclcpp::Node::create_publisher(const std::string&, const rclcpp::QoS&, const rclcpp::PublisherOptionsWithAllocator<AllocatorT>&)’
[97.536s]   197 |   create_publisher(
[97.537s]       |   ^~~~~~~~~~~~~~~~
[97.537s] /opt/ros/jazzy/include/rclcpp/rclcpp/node.hpp:197:3: note:   template argument deduction/substitution failed:
[97.537s] /home/neha/ros2_ws/src/semnav_migration/src/navigation.cpp:140:78: error: template argument 1 is invalid
[97.537s]   140 |             pub_behaviorMode_ = this->create_publisher<std_msgs::msg::UInt32>("pub_behaviorMode_topic_", 1);
[97.537s]       |                                 ~~~~~~~~~~~~~~~~~~~~~~~~~~~~~~~~~~~~~~~~~~~~~^~~~~~~~~~~~~~~~~~~~~~~~~~~~~~
[97.584s] /home/neha/ros2_ws/src/semnav_migration/src/navigation.cpp:141:13: error: ‘pub_twist_’ was not declared in this scope; did you mean ‘publish_twist’?
[97.584s]   141 |             pub_twist_ = this->create_publisher<std_msgs::msg::UInt32>("pub_twist_topic_", 1);
[97.585s]       |             ^~~~~~~~~~
[97.585s]       |             publish_twist
[97.589s] /home/neha/ros2_ws/src/semnav_migration/src/navigation.cpp:141:64: error: ‘UInt32’ is not a member of ‘std_msgs::msg’; did you mean ‘example_interfaces::msg::UInt32’?
[97.589s]   141 |             pub_twist_ = this->create_publisher<std_msgs::msg::UInt32>("pub_twist_topic_", 1);
[97.589s]       |                                                                ^~~~~~
[97.590s] /opt/ros/jazzy/include/example_interfaces/example_interfaces/msg/detail/u_int32__struct.hpp:125:7: note: ‘example_interfaces::msg::UInt32’ declared here
[97.590s]   125 | using UInt32 =
[97.590s]       |       ^~~~~~
[97.590s] /home/neha/ros2_ws/src/semnav_migration/src/navigation.cpp:141:71: error: no matching function for call to ‘NavigationNode::create_publisher<<expression error> >(const char [17], int)’
[97.591s]   141 |             pub_twist_ = this->create_publisher<std_msgs::msg::UInt32>("pub_twist_topic_", 1);
[97.591s]       |                          ~~~~~~~~~~~~~~~~~~~~~~~~~~~~~~~~~~~~~~~~~~~~~^~~~~~~~~~~~~~~~~~~~~~~
[97.591s] /opt/ros/jazzy/include/rclcpp/rclcpp/node.hpp:197:3: note: candidate: ‘template<class MessageT, class AllocatorT, class PublisherT> std::shared_ptr<PublisherT> rclcpp::Node::create_publisher(const std::string&, const rclcpp::QoS&, const rclcpp::PublisherOptionsWithAllocator<AllocatorT>&)’
[97.591s]   197 |   create_publisher(
[97.591s]       |   ^~~~~~~~~~~~~~~~
[97.593s] /opt/ros/jazzy/include/rclcpp/rclcpp/node.hpp:197:3: note:   template argument deduction/substitution failed:
[97.594s] /home/neha/ros2_ws/src/semnav_migration/src/navigation.cpp:141:71: error: template argument 1 is invalid
[97.594s]   141 |             pub_twist_ = this->create_publisher<std_msgs::msg::UInt32>("pub_twist_topic_", 1);
[97.594s]       |                          ~~~~~~~~~~~~~~~~~~~~~~~~~~~~~~~~~~~~~~~~~~~~~^~~~~~~~~~~~~~~~~~~~~~~
[97.659s] /home/neha/ros2_ws/src/semnav_migration/src/navigation.cpp:144:116: error: no matching function for call to ‘message_filters::Subscriber<sensor_msgs::msg::LaserScan_<std::allocator<void> > >::Subscriber(rclcpp::Node&, std::string&, int)’
[97.659s]   144 |                         message_filters::Subscriber<sensor_msgs::msg::LaserScan> sub_laser(nh_, sub_laser_topic_, 1);
[97.660s]       |                                                                                                                    ^
[97.662s] In file included from /home/neha/ros2_ws/src/semnav_migration/include/reactive_planner_lib.h:43:
[97.662s] /opt/ros/jazzy/include/message_filters/message_filters/subscriber.h:224:3: note: candidate: ‘message_filters::Subscriber<M, NodeType>::Subscriber() [with M = sensor_msgs::msg::LaserScan_<std::allocator<void> >; NodeType = rclcpp::Node]’
[97.662s]   224 |   Subscriber() = default;
[97.662s]       |   ^~~~~~~~~~
[97.662s] /opt/ros/jazzy/include/message_filters/message_filters/subscriber.h:224:3: note:   candidate expects 0 arguments, 3 provided
[97.662s] /opt/ros/jazzy/include/message_filters/message_filters/subscriber.h:212:3: note: candidate: ‘message_filters::Subscriber<M, NodeType>::Subscriber(NodeType*, const std::string&, rmw_qos_profile_t, rclcpp::SubscriptionOptions) [with M = sensor_msgs::msg::LaserScan_<std::allocator<void> >; NodeType = rclcpp::Node; std::string = std::__cxx11::basic_string<char>; rmw_qos_profile_t = rmw_qos_profile_s; rclcpp::SubscriptionOptions = rclcpp::SubscriptionOptionsWithAllocator<std::allocator<void> >]’
[97.662s]   212 |   Subscriber(
[97.663s]       |   ^~~~~~~~~~
[97.663s] /opt/ros/jazzy/include/message_filters/message_filters/subscriber.h:212:3: note:   candidate expects 4 arguments, 3 provided
[97.663s] /opt/ros/jazzy/include/message_filters/message_filters/subscriber.h:203:3: note: candidate: ‘message_filters::Subscriber<M, NodeType>::Subscriber(NodePtr, const std::string&, rmw_qos_profile_t, rclcpp::SubscriptionOptions) [with M = sensor_msgs::msg::LaserScan_<std::allocator<void> >; NodeType = rclcpp::Node; NodePtr = std::shared_ptr<rclcpp::Node>; std::string = std::__cxx11::basic_string<char>; rmw_qos_profile_t = rmw_qos_profile_s; rclcpp::SubscriptionOptions = rclcpp::SubscriptionOptionsWithAllocator<std::allocator<void> >]’
[97.663s]   203 |   Subscriber(
[97.663s]       |   ^~~~~~~~~~
[97.665s] /opt/ros/jazzy/include/message_filters/message_filters/subscriber.h:203:3: note:   candidate expects 4 arguments, 3 provided
[97.666s] /opt/ros/jazzy/include/message_filters/message_filters/subscriber.h:188:3: note: candidate: ‘message_filters::Subscriber<M, NodeType>::Subscriber(NodeType*, const std::string&, rmw_qos_profile_t) [with M = sensor_msgs::msg::LaserScan_<std::allocator<void> >; NodeType = rclcpp::Node; std::string = std::__cxx11::basic_string<char>; rmw_qos_profile_t = rmw_qos_profile_s]’
[97.666s]   188 |   Subscriber(NodeType * node, const std::string& topic, const rmw_qos_profile_t qos = rmw_qos_profile_default)
[97.666s]       |   ^~~~~~~~~~
[97.666s] /opt/ros/jazzy/include/message_filters/message_filters/subscriber.h:188:25: note:   no known conversion for argument 1 from ‘rclcpp::Node’ to ‘rclcpp::Node*’
[97.666s]   188 |   Subscriber(NodeType * node, const std::string& topic, const rmw_qos_profile_t qos = rmw_qos_profile_default)
[97.666s]       |              ~~~~~~~~~~~^~~~
[97.666s] /opt/ros/jazzy/include/message_filters/message_filters/subscriber.h:183:3: note: candidate: ‘message_filters::Subscriber<M, NodeType>::Subscriber(NodePtr, const std::string&, rmw_qos_profile_t) [with M = sensor_msgs::msg::LaserScan_<std::allocator<void> >; NodeType = rclcpp::Node; NodePtr = std::shared_ptr<rclcpp::Node>; std::string = std::__cxx11::basic_string<char>; rmw_qos_profile_t = rmw_qos_profile_s]’
[97.667s]   183 |   Subscriber(NodePtr node, const std::string& topic, const rmw_qos_profile_t qos = rmw_qos_profile_default)
[97.667s]       |   ^~~~~~~~~~
[97.667s] /opt/ros/jazzy/include/message_filters/message_filters/subscriber.h:183:22: note:   no known conversion for argument 1 from ‘rclcpp::Node’ to ‘message_filters::Subscriber<sensor_msgs::msg::LaserScan_<std::allocator<void> > >::NodePtr’ {aka ‘std::shared_ptr<rclcpp::Node>’}
[97.667s]   183 |   Subscriber(NodePtr node, const std::string& topic, const rmw_qos_profile_t qos = rmw_qos_profile_default)
[97.667s]       |              ~~~~~~~~^~~~
[97.727s] /home/neha/ros2_ws/src/semnav_migration/src/navigation.cpp:145:112: error: no matching function for call to ‘message_filters::Subscriber<nav_msgs::msg::Odometry_<std::allocator<void> > >::Subscriber(rclcpp::Node&, std::string&, int)’
[97.727s]   145 |                         message_filters::Subscriber<nav_msgs::msg::Odometry> sub_robot(nh_, sub_robot_topic_, 1);
[97.727s]       |                                                                                                                ^
[97.729s] /opt/ros/jazzy/include/message_filters/message_filters/subscriber.h:224:3: note: candidate: ‘message_filters::Subscriber<M, NodeType>::Subscriber() [with M = nav_msgs::msg::Odometry_<std::allocator<void> >; NodeType = rclcpp::Node]’
[97.729s]   224 |   Subscriber() = default;
[97.729s]       |   ^~~~~~~~~~
[97.729s] /opt/ros/jazzy/include/message_filters/message_filters/subscriber.h:224:3: note:   candidate expects 0 arguments, 3 provided
[97.729s] /opt/ros/jazzy/include/message_filters/message_filters/subscriber.h:212:3: note: candidate: ‘message_filters::Subscriber<M, NodeType>::Subscriber(NodeType*, const std::string&, rmw_qos_profile_t, rclcpp::SubscriptionOptions) [with M = nav_msgs::msg::Odometry_<std::allocator<void> >; NodeType = rclcpp::Node; std::string = std::__cxx11::basic_string<char>; rmw_qos_profile_t = rmw_qos_profile_s; rclcpp::SubscriptionOptions = rclcpp::SubscriptionOptionsWithAllocator<std::allocator<void> >]’
[97.729s]   212 |   Subscriber(
[97.729s]       |   ^~~~~~~~~~
[97.730s] /opt/ros/jazzy/include/message_filters/message_filters/subscriber.h:212:3: note:   candidate expects 4 arguments, 3 provided
[97.730s] /opt/ros/jazzy/include/message_filters/message_filters/subscriber.h:203:3: note: candidate: ‘message_filters::Subscriber<M, NodeType>::Subscriber(NodePtr, const std::string&, rmw_qos_profile_t, rclcpp::SubscriptionOptions) [with M = nav_msgs::msg::Odometry_<std::allocator<void> >; NodeType = rclcpp::Node; NodePtr = std::shared_ptr<rclcpp::Node>; std::string = std::__cxx11::basic_string<char>; rmw_qos_profile_t = rmw_qos_profile_s; rclcpp::SubscriptionOptions = rclcpp::SubscriptionOptionsWithAllocator<std::allocator<void> >]’
[97.730s]   203 |   Subscriber(
[97.730s]       |   ^~~~~~~~~~
[97.732s] /opt/ros/jazzy/include/message_filters/message_filters/subscriber.h:203:3: note:   candidate expects 4 arguments, 3 provided
[97.732s] /opt/ros/jazzy/include/message_filters/message_filters/subscriber.h:188:3: note: candidate: ‘message_filters::Subscriber<M, NodeType>::Subscriber(NodeType*, const std::string&, rmw_qos_profile_t) [with M = nav_msgs::msg::Odometry_<std::allocator<void> >; NodeType = rclcpp::Node; std::string = std::__cxx11::basic_string<char>; rmw_qos_profile_t = rmw_qos_profile_s]’
[97.733s]   188 |   Subscriber(NodeType * node, const std::string& topic, const rmw_qos_profile_t qos = rmw_qos_profile_default)
[97.733s]       |   ^~~~~~~~~~
[97.733s] /opt/ros/jazzy/include/message_filters/message_filters/subscriber.h:188:25: note:   no known conversion for argument 1 from ‘rclcpp::Node’ to ‘rclcpp::Node*’
[97.733s]   188 |   Subscriber(NodeType * node, const std::string& topic, const rmw_qos_profile_t qos = rmw_qos_profile_default)
[97.733s]       |              ~~~~~~~~~~~^~~~
[97.733s] /opt/ros/jazzy/include/message_filters/message_filters/subscriber.h:183:3: note: candidate: ‘message_filters::Subscriber<M, NodeType>::Subscriber(NodePtr, const std::string&, rmw_qos_profile_t) [with M = nav_msgs::msg::Odometry_<std::allocator<void> >; NodeType = rclcpp::Node; NodePtr = std::shared_ptr<rclcpp::Node>; std::string = std::__cxx11::basic_string<char>; rmw_qos_profile_t = rmw_qos_profile_s]’
[97.733s]   183 |   Subscriber(NodePtr node, const std::string& topic, const rmw_qos_profile_t qos = rmw_qos_profile_default)
[97.734s]       |   ^~~~~~~~~~
[97.734s] /opt/ros/jazzy/include/message_filters/message_filters/subscriber.h:183:22: note:   no known conversion for argument 1 from ‘rclcpp::Node’ to ‘message_filters::Subscriber<nav_msgs::msg::Odometry_<std::allocator<void> > >::NodePtr’ {aka ‘std::shared_ptr<rclcpp::Node>’}
[97.734s]   183 |   Subscriber(NodePtr node, const std::string& topic, const rmw_qos_profile_t qos = rmw_qos_profile_default)
[97.734s]       |              ~~~~~~~~^~~~
[97.864s] /home/neha/ros2_ws/src/semnav_migration/src/navigation.cpp:150:55: error: ‘bind’ is not a member of ‘boost’; did you mean ‘find’?
[97.865s]   150 |                         sync->registerCallback(boost::bind(&NavigationNode::control_callback, this, _1, _2));
[97.865s]       |                                                       ^~~~
[97.865s]       |                                                       find
[97.868s] /home/neha/ros2_ws/src/semnav_migration/src/navigation.cpp:150:101: error: ‘_1’ was not declared in this scope
[97.868s]   150 |                         sync->registerCallback(boost::bind(&NavigationNode::control_callback, this, _1, _2));
[97.868s]       |                                                                                                     ^~
[97.869s] /home/neha/ros2_ws/src/semnav_migration/src/navigation.cpp:150:101: note: suggested alternatives:
[97.871s] In file included from /usr/include/boost/mpl/aux_/include_preprocessed.hpp:37,
[97.871s]                  from /usr/include/boost/mpl/placeholders.hpp:43,
[97.871s]                  from /usr/include/boost/iterator/iterator_categories.hpp:16,
[97.871s]                  from /usr/include/boost/iterator/iterator_facade.hpp:13,
[97.871s]                  from /usr/include/boost/range/iterator_range_core.hpp:27,
[97.871s]                  from /usr/include/boost/lexical_cast.hpp:48,
[97.872s]                  from /usr/include/boost/multiprecision/detail/number_base.hpp:29,
[97.872s]                  from /usr/include/boost/multiprecision/traits/is_variable_precision.hpp:9,
[97.872s]                  from /usr/include/boost/multiprecision/detail/precision.hpp:9,
[97.872s]                  from /usr/include/boost/multiprecision/number.hpp:11,
[97.872s]                  from /usr/include/boost/multiprecision/cpp_int.hpp:19,
[97.874s]                  from /usr/include/boost/multiprecision/cpp_bin_float.hpp:15,
[97.874s]                  from /usr/include/boost/geometry/core/coordinate_promotion.hpp:16,
[97.875s]                  from /usr/include/boost/geometry/core/radian_access.hpp:30,
[97.875s]                  from /usr/include/boost/geometry/geometry.hpp:50,
[97.875s]                  from /usr/include/boost/geometry.hpp:17,
[97.875s]                  from /home/neha/ros2_ws/src/semnav_migration/include/reactive_planner_lib.h:26:
[97.875s] /usr/include/boost/mpl/aux_/preprocessed/gcc/placeholders.hpp:29:16: note:   ‘mpl_::_1’
[97.875s]    29 | typedef arg<1> _1;
[97.875s]       |                ^~
[97.875s] In file included from /usr/include/boost/numeric/conversion/converter_policies.hpp:13,
[97.876s]                  from /usr/include/boost/numeric/conversion/converter.hpp:14,
[97.876s]                  from /usr/include/boost/numeric/conversion/cast.hpp:33,
[97.876s]                  from /usr/include/boost/geometry/core/radian_access.hpp:26:
[97.876s] /usr/include/c++/13/functional:294:48: note:   ‘std::placeholders::_1’
[97.876s]   294 |     _GLIBCXX_PLACEHOLDER const _Placeholder<1> _1;
[97.878s]       |                                                ^~
[97.878s] /usr/include/boost/mpl/aux_/preprocessed/gcc/placeholders.hpp:29:16: note:   ‘mpl_::_1’
[97.878s]    29 | typedef arg<1> _1;
[97.878s]       |                ^~
[97.878s] In file included from /usr/include/boost/describe/members.hpp:20,
[97.878s]                  from /usr/include/boost/container_hash/is_described_class.hpp:11,
[97.879s]                  from /usr/include/boost/container_hash/hash.hpp:18,
[97.879s]                  from /usr/include/boost/functional/hash.hpp:6,
[97.879s]                  from /usr/include/CGAL/Kernel/hash_functions.h:16,
[97.879s]                  from /usr/include/CGAL/Kernel/global_functions.h:25,
[97.879s]                  from /usr/include/CGAL/Cartesian/Cartesian_base.h:22,
[97.882s]                  from /usr/include/CGAL/Simple_cartesian.h:20,
[97.882s]                  from /usr/include/CGAL/Exact_predicates_inexact_constructions_kernel.h:20,
[97.883s]                  from /home/neha/ros2_ws/src/semnav_migration/include/polygeom_lib.h:32,
[97.883s]                  from /home/neha/ros2_ws/src/semnav_migration/include/reactive_planner_lib.h:51:
[97.883s] /usr/include/boost/mp11/bind.hpp:45:7: note:   ‘boost::mp11::_1’
[97.883s]    45 | using _1 = mp_arg<0>;
[97.883s]       |       ^~
[97.883s] /usr/include/boost/mpl/aux_/preprocessed/gcc/placeholders.hpp:29:16: note:   ‘mpl_::_1’
[97.883s]    29 | typedef arg<1> _1;
[97.883s]       |                ^~
[97.884s] /home/neha/ros2_ws/src/semnav_migration/src/navigation.cpp:150:105: error: ‘_2’ was not declared in this scope
[97.884s]   150 |                         sync->registerCallback(boost::bind(&NavigationNode::control_callback, this, _1, _2));
[97.884s]       |                                                                                                         ^~
[97.885s] /home/neha/ros2_ws/src/semnav_migration/src/navigation.cpp:150:105: note: suggested alternatives:
[97.885s] /usr/include/boost/mpl/aux_/preprocessed/gcc/placeholders.hpp:42:16: note:   ‘mpl_::_2’
[97.886s]    42 | typedef arg<2> _2;
[97.886s]       |                ^~
[97.886s] /usr/include/c++/13/functional:295:48: note:   ‘std::placeholders::_2’
[97.886s]   295 |     _GLIBCXX_PLACEHOLDER const _Placeholder<2> _2;
[97.886s]       |                                                ^~
[97.886s] /usr/include/boost/mpl/aux_/preprocessed/gcc/placeholders.hpp:42:16: note:   ‘mpl_::_2’
[97.886s]    42 | typedef arg<2> _2;
[97.886s]       |                ^~
[97.887s] /usr/include/boost/mp11/bind.hpp:46:7: note:   ‘boost::mp11::_2’
[97.887s]    46 | using _2 = mp_arg<1>;
[97.887s]       |       ^~
[97.887s] /usr/include/boost/mpl/aux_/preprocessed/gcc/placeholders.hpp:42:16: note:   ‘mpl_::_2’
[97.887s]    42 | typedef arg<2> _2;
[97.890s]       |                ^~
[97.891s] /home/neha/ros2_ws/src/semnav_migration/src/navigation.cpp:153:20: error: ‘Subscription’ was not declared in this scope
[97.891s]   153 |             rclcpp:Subscription sub_semantic = this->create_subscriber(sub_semantic_topic_, 1);
[97.891s]       |                    ^~~~~~~~~~~~
[97.891s] /home/neha/ros2_ws/src/semnav_migration/src/navigation.cpp:153:20: note: suggested alternatives:
[97.891s] In file included from /opt/ros/jazzy/include/rclcpp/rclcpp/any_executable.hpp:25,
[97.891s]                  from /opt/ros/jazzy/include/rclcpp/rclcpp/memory_strategy.hpp:25,
[97.892s]                  from /opt/ros/jazzy/include/rclcpp/rclcpp/memory_strategies.hpp:18,
[97.892s]                  from /opt/ros/jazzy/include/rclcpp/rclcpp/executor_options.hpp:22,
[97.892s]                  from /opt/ros/jazzy/include/rclcpp/rclcpp/executor.hpp:38,
[97.892s]                  from /opt/ros/jazzy/include/rclcpp/rclcpp/executors/multi_threaded_executor.hpp:25,
[97.892s]                  from /opt/ros/jazzy/include/rclcpp/rclcpp/executors.hpp:21:
[97.892s] /opt/ros/jazzy/include/rclcpp/rclcpp/subscription.hpp:75:7: note:   ‘rclcpp::Subscription’
[97.892s]    75 | class Subscription : public SubscriptionBase
[97.892s]       |       ^~~~~~~~~~~~
[97.893s] In file included from /opt/ros/jazzy/include/rclcpp/rclcpp/client.hpp:45,
[97.893s]                  from /opt/ros/jazzy/include/rclcpp/rclcpp/callback_group.hpp:24,
[97.893s]                  from /opt/ros/jazzy/include/rclcpp/rclcpp/any_executable.hpp:20:
[97.893s] /opt/ros/jazzy/include/rclcpp/rclcpp/node_interfaces/node_graph_interface.hpp:43:3: note:   ‘rclcpp::EndpointType::Subscription’
[97.895s]    43 |   Subscription = RMW_ENDPOINT_SUBSCRIPTION
[97.895s]       |   ^~~~~~~~~~~~
[97.929s] /home/neha/ros2_ws/src/semnav_migration/src/navigation.cpp:164:38: error: ‘node_ptr’ was not declared in this scope; did you mean ‘mode_t’?
[97.929s]   164 |                         rclcpp::spin(node_ptr);
[97.929s]       |                                      ^~~~~~~~
[97.929s]       |                                      mode_t
[97.985s] /home/neha/ros2_ws/src/semnav_migration/src/navigation.cpp: In member function ‘void NavigationNode::publish_twist(double, double)’:
[97.985s] /home/neha/ros2_ws/src/semnav_migration/src/navigation.cpp:171:25: error: ‘pub_twist_’ was not declared in this scope; did you mean ‘publish_twist’?
[97.985s]   171 |                         pub_twist_.publish(commandTwist);
[97.985s]       |                         ^~~~~~~~~~
[97.986s]       |                         publish_twist
[97.990s] /home/neha/ros2_ws/src/semnav_migration/src/navigation.cpp: In member function ‘void NavigationNode::publish_behavior_id(uint16_t)’:
[97.990s] /home/neha/ros2_ws/src/semnav_migration/src/navigation.cpp:176:28: error: ‘UInt32’ is not a member of ‘std_msgs::msg’; did you mean ‘example_interfaces::msg::UInt32’?
[97.990s]   176 |             std_msgs::msg::UInt32 commandId;
[97.990s]       |                            ^~~~~~
[97.991s] /opt/ros/jazzy/include/example_interfaces/example_interfaces/msg/detail/u_int32__struct.hpp:125:7: note: ‘example_interfaces::msg::UInt32’ declared here
[97.991s]   125 | using UInt32 =
[97.991s]       |       ^~~~~~
[98.038s] /home/neha/ros2_ws/src/semnav_migration/src/navigation.cpp:177:25: error: ‘commandId’ was not declared in this scope
[98.038s]   177 |                         commandId.data = BehaviorIdCmd;
[98.038s]       |                         ^~~~~~~~~
[98.123s] /home/neha/ros2_ws/src/semnav_migration/src/navigation.cpp:178:25: error: ‘pub_behaviorID_’ was not declared in this scope; did you mean ‘pub_behaviorID_topic_’?
[98.123s]   178 |                         pub_behaviorID_.publish(commandId);
[98.123s]       |                         ^~~~~~~~~~~~~~~
[98.123s]       |                         pub_behaviorID_topic_
[98.128s] /home/neha/ros2_ws/src/semnav_migration/src/navigation.cpp: In member function ‘void NavigationNode::publish_behavior_mode(uint16_t)’:
[98.128s] /home/neha/ros2_ws/src/semnav_migration/src/navigation.cpp:183:28: error: ‘UInt32’ is not a member of ‘std_msgs::msg’; did you mean ‘example_interfaces::msg::UInt32’?
[98.128s]   183 |             std_msgs::msg::UInt32 commandMode;
[98.128s]       |                            ^~~~~~
[98.129s] /opt/ros/jazzy/include/example_interfaces/example_interfaces/msg/detail/u_int32__struct.hpp:125:7: note: ‘example_interfaces::msg::UInt32’ declared here
[98.130s]   125 | using UInt32 =
[98.130s]       |       ^~~~~~
[98.192s] /home/neha/ros2_ws/src/semnav_migration/src/navigation.cpp:184:25: error: ‘commandMode’ was not declared in this scope
[98.192s]   184 |                         commandMode.data = BehaviorModeCmd;
[98.192s]       |                         ^~~~~~~~~~~
[98.291s] /home/neha/ros2_ws/src/semnav_migration/src/navigation.cpp:185:25: error: ‘pub_behaviorMode_’ was not declared in this scope; did you mean ‘pub_behaviorMode_topic_’?
[98.291s]   185 |                         pub_behaviorMode_.publish(commandMode);
[98.291s]       |                         ^~~~~~~~~~~~~~~~~
[98.291s]       |                         pub_behaviorMode_topic_
[98.426s] /home/neha/ros2_ws/src/semnav_migration/src/navigation.cpp: In member function ‘void NavigationNode::control_callback(const sensor_msgs::msg::LaserScan_<std::allocator<void> >::ConstPtr&, const nav_msgs::msg::Odometry_<std::allocator<void> >::ConstPtr&)’:
[98.427s] /home/neha/ros2_ws/src/semnav_migration/src/navigation.cpp:368:33: error: ‘listener_’ was not declared in this scope
[98.427s]   368 |                                 listener_.waitForTransform(world_frame_id_, odom_frame_id_, rclcpp::Time(0), rclcpp::Duration(std::chrono::nanoseconds(1000000000));
[98.427s]       |                                 ^~~~~~~~~
[98.430s] /home/neha/ros2_ws/src/semnav_migration/src/navigation.cpp:368:164: error: expected ‘)’ before ‘;’ token
[98.430s]   368 |                                 listener_.waitForTransform(world_frame_id_, odom_frame_id_, rclcpp::Time(0), rclcpp::Duration(std::chrono::nanoseconds(1000000000));
[98.430s]       |                                                                                                                                                                    ^
[98.430s] /home/neha/ros2_ws/src/semnav_migration/src/navigation.cpp:368:59: note: to match this ‘(’
[98.430s]   368 |                                 listener_.waitForTransform(world_frame_id_, odom_frame_id_, rclcpp::Time(0), rclcpp::Duration(std::chrono::nanoseconds(1000000000));
[98.430s]       |                                                           ^
[98.433s] /home/neha/ros2_ws/src/semnav_migration/src/navigation.cpp:398:42: error: could not convert ‘lidar_data’ from ‘shared_ptr<LaserScan_<[...]>>’ to ‘shared_ptr<LaserScan_<[...]>>’
[98.433s]   398 |                         constructLIDAR2D(lidar_data, CutoffRange_, AllowableRange_, RobotPitch_, &LIDAR);
[98.433s]       |                                          ^~~~~~~~~~
[98.433s]       |                                          |
[98.433s]       |                                          shared_ptr<LaserScan_<[...]>>
[113.481s] gmake[2]: *** [CMakeFiles/navigation.dir/build.make:76: CMakeFiles/navigation.dir/src/navigation.cpp.o] Error 1
[113.482s] gmake[1]: *** [CMakeFiles/Makefile2:181: CMakeFiles/navigation.dir/all] Error 2
[113.483s] gmake[1]: *** Waiting for unfinished jobs....
[118.529s] /home/neha/ros2_ws/src/semnav_migration/src/navigation_semantic.cpp:643:50: error: ‘UInt32’ is not a member of ‘std_msgs::msg’; did you mean ‘example_interfaces::msg::UInt32’?
[118.530s]   643 |                 rclcpp::Publisher<std_msgs::msg::UInt32> pub_behaviorID_;
[118.530s]       |                                                  ^~~~~~
[118.530s] In file included from /opt/ros/jazzy/include/example_interfaces/example_interfaces/msg/u_int32.hpp:7,
[118.530s]                  from /home/neha/ros2_ws/src/semnav_migration/include/reactive_planner_lib.h:48,
[118.530s]                  from /home/neha/ros2_ws/src/semnav_migration/src/navigation_semantic.cpp:25:
[118.530s] /opt/ros/jazzy/include/example_interfaces/example_interfaces/msg/detail/u_int32__struct.hpp:125:7: note: ‘example_interfaces::msg::UInt32’ declared here
[118.531s]   125 | using UInt32 =
[118.531s]       |       ^~~~~~
[118.531s] /home/neha/ros2_ws/src/semnav_migration/src/navigation_semantic.cpp:643:56: error: template argument 1 is invalid
[118.531s]   643 |                 rclcpp::Publisher<std_msgs::msg::UInt32> pub_behaviorID_;
[118.531s]       |                                                        ^
[118.533s] /home/neha/ros2_ws/src/semnav_migration/src/navigation_semantic.cpp:644:50: error: ‘UInt32’ is not a member of ‘std_msgs::msg’; did you mean ‘example_interfaces::msg::UInt32’?
[118.533s]   644 |                 rclcpp::Publisher<std_msgs::msg::UInt32> pub_behaviorMode_;
[118.534s]       |                                                  ^~~~~~
[118.534s] /opt/ros/jazzy/include/example_interfaces/example_interfaces/msg/detail/u_int32__struct.hpp:125:7: note: ‘example_interfaces::msg::UInt32’ declared here
[118.534s]   125 | using UInt32 =
[118.534s]       |       ^~~~~~
[118.534s] /home/neha/ros2_ws/src/semnav_migration/src/navigation_semantic.cpp:644:56: error: template argument 1 is invalid
[118.534s]   644 |                 rclcpp::Publisher<std_msgs::msg::UInt32> pub_behaviorMode_;
[118.534s]       |                                                        ^
[118.537s] /home/neha/ros2_ws/src/semnav_migration/src/navigation_semantic.cpp:645:50: error: ‘UInt32’ is not a member of ‘std_msgs::msg’; did you mean ‘example_interfaces::msg::UInt32’?
[118.537s]   645 |                 rclcpp::Publisher<std_msgs::msg::UInt32> pub_twist_;
[118.537s]       |                                                  ^~~~~~
[118.538s] /opt/ros/jazzy/include/example_interfaces/example_interfaces/msg/detail/u_int32__struct.hpp:125:7: note: ‘example_interfaces::msg::UInt32’ declared here
[118.538s]   125 | using UInt32 =
[118.538s]       |       ^~~~~~
[118.538s] /home/neha/ros2_ws/src/semnav_migration/src/navigation_semantic.cpp:645:56: error: template argument 1 is invalid
[118.538s]   645 |                 rclcpp::Publisher<std_msgs::msg::UInt32> pub_twist_;
[118.538s]       |                                                        ^
[118.538s] /home/neha/ros2_ws/src/semnav_migration/src/navigation_semantic.cpp:647:17: error: invalid use of template-name ‘rclcpp::Publisher’ without an argument list
[118.539s]   647 |                 rclcpp::Publisher pub_semantic_map_;
[118.539s]       |                 ^~~~~~
[118.546s] /home/neha/ros2_ws/src/semnav_migration/src/navigation_semantic.cpp:693:22: error: ‘TransformListener’ in namespace ‘tf2’ does not name a type
[118.546s]   693 |                 tf2::TransformListener listener_;
[118.547s]       |                      ^~~~~~~~~~~~~~~~~
[118.548s] /home/neha/ros2_ws/src/semnav_migration/src/navigation_semantic.cpp: In constructor ‘SemanticNavigationNode::SemanticNavigationNode()’:
[118.548s] /home/neha/ros2_ws/src/semnav_migration/src/navigation_semantic.cpp:45:75: error: no matching function for call to ‘rclcpp::Node::Node()’
[118.548s]    45 |                 SemanticNavigationNode() : Node("semantic_navigation_node")  {
[118.549s]       |                                                                           ^
[118.549s] In file included from /opt/ros/jazzy/include/rclcpp/rclcpp/executors/single_threaded_executor.hpp:28,
[118.549s]                  from /opt/ros/jazzy/include/rclcpp/rclcpp/executors.hpp:22,
[118.549s]                  from /opt/ros/jazzy/include/rclcpp/rclcpp/rclcpp.hpp:172,
[118.549s]                  from /home/neha/ros2_ws/src/semnav_migration/include/reactive_planner_lib.h:32:
[118.550s] /opt/ros/jazzy/include/rclcpp/rclcpp/node.hpp:1629:3: note: candidate: ‘rclcpp::Node::Node(const rclcpp::Node&, const std::string&)’
[118.550s]  1629 |   Node(
[118.550s]       |   ^~~~
[118.550s] /opt/ros/jazzy/include/rclcpp/rclcpp/node.hpp:1629:3: note:   candidate expects 2 arguments, 0 provided
[118.550s] /opt/ros/jazzy/include/rclcpp/rclcpp/node.hpp:103:12: note: candidate: ‘rclcpp::Node::Node(const std::string&, const std::string&, const rclcpp::NodeOptions&)’
[118.550s]   103 |   explicit Node(
[118.550s]       |            ^~~~
[118.551s] /opt/ros/jazzy/include/rclcpp/rclcpp/node.hpp:103:12: note:   candidate expects 3 arguments, 0 provided
[118.551s] /opt/ros/jazzy/include/rclcpp/rclcpp/node.hpp:91:12: note: candidate: ‘rclcpp::Node::Node(const std::string&, const rclcpp::NodeOptions&)’
[118.551s]    91 |   explicit Node(
[118.551s]       |            ^~~~
[118.551s] /opt/ros/jazzy/include/rclcpp/rclcpp/node.hpp:91:12: note:   candidate expects 2 arguments, 0 provided
[118.581s] /home/neha/ros2_ws/src/semnav_migration/src/navigation_semantic.cpp:137:69: error: ‘UInt32’ is not a member of ‘std_msgs::msg’; did you mean ‘example_interfaces::msg::UInt32’?
[118.581s]   137 |             pub_behaviorID_ = this->create_publisher<std_msgs::msg::UInt32>("pub_behaviorID_topic_", 1);
[118.581s]       |                                                                     ^~~~~~
[118.581s] /opt/ros/jazzy/include/example_interfaces/example_interfaces/msg/detail/u_int32__struct.hpp:125:7: note: ‘example_interfaces::msg::UInt32’ declared here
[118.581s]   125 | using UInt32 =
[118.582s]       |       ^~~~~~
[118.582s] /home/neha/ros2_ws/src/semnav_migration/src/navigation_semantic.cpp:137:76: error: no matching function for call to ‘SemanticNavigationNode::create_publisher<<expression error> >(const char [22], int)’
[118.582s]   137 |             pub_behaviorID_ = this->create_publisher<std_msgs::msg::UInt32>("pub_behaviorID_topic_", 1);
[118.582s]       |                               ~~~~~~~~~~~~~~~~~~~~~~~~~~~~~~~~~~~~~~~~~~~~~^~~~~~~~~~~~~~~~~~~~~~~~~~~~
[118.582s] /opt/ros/jazzy/include/rclcpp/rclcpp/node.hpp:197:3: note: candidate: ‘template<class MessageT, class AllocatorT, class PublisherT> std::shared_ptr<PublisherT> rclcpp::Node::create_publisher(const std::string&, const rclcpp::QoS&, const rclcpp::PublisherOptionsWithAllocator<AllocatorT>&)’
[118.582s]   197 |   create_publisher(
[118.582s]       |   ^~~~~~~~~~~~~~~~
[118.583s] /opt/ros/jazzy/include/rclcpp/rclcpp/node.hpp:197:3: note:   template argument deduction/substitution failed:
[118.583s] /home/neha/ros2_ws/src/semnav_migration/src/navigation_semantic.cpp:137:76: error: template argument 1 is invalid
[118.583s]   137 |             pub_behaviorID_ = this->create_publisher<std_msgs::msg::UInt32>("pub_behaviorID_topic_", 1);
[118.583s]       |                               ~~~~~~~~~~~~~~~~~~~~~~~~~~~~~~~~~~~~~~~~~~~~~^~~~~~~~~~~~~~~~~~~~~~~~~~~~
[118.585s] /home/neha/ros2_ws/src/semnav_migration/src/navigation_semantic.cpp:138:71: error: ‘UInt32’ is not a member of ‘std_msgs::msg’; did you mean ‘example_interfaces::msg::UInt32’?
[118.585s]   138 |             pub_behaviorMode_ = this->create_publisher<std_msgs::msg::UInt32>("pub_behaviorMode_topic_", 1);
[118.585s]       |                                                                       ^~~~~~
[118.585s] /opt/ros/jazzy/include/example_interfaces/example_interfaces/msg/detail/u_int32__struct.hpp:125:7: note: ‘example_interfaces::msg::UInt32’ declared here
[118.585s]   125 | using UInt32 =
[118.586s]       |       ^~~~~~
[118.586s] /home/neha/ros2_ws/src/semnav_migration/src/navigation_semantic.cpp:138:78: error: no matching function for call to ‘SemanticNavigationNode::create_publisher<<expression error> >(const char [24], int)’
[118.586s]   138 |             pub_behaviorMode_ = this->create_publisher<std_msgs::msg::UInt32>("pub_behaviorMode_topic_", 1);
[118.586s]       |                                 ~~~~~~~~~~~~~~~~~~~~~~~~~~~~~~~~~~~~~~~~~~~~~^~~~~~~~~~~~~~~~~~~~~~~~~~~~~~
[118.586s] /opt/ros/jazzy/include/rclcpp/rclcpp/node.hpp:197:3: note: candidate: ‘template<class MessageT, class AllocatorT, class PublisherT> std::shared_ptr<PublisherT> rclcpp::Node::create_publisher(const std::string&, const rclcpp::QoS&, const rclcpp::PublisherOptionsWithAllocator<AllocatorT>&)’
[118.586s]   197 |   create_publisher(
[118.586s]       |   ^~~~~~~~~~~~~~~~
[118.586s] /opt/ros/jazzy/include/rclcpp/rclcpp/node.hpp:197:3: note:   template argument deduction/substitution failed:
[118.587s] /home/neha/ros2_ws/src/semnav_migration/src/navigation_semantic.cpp:138:78: error: template argument 1 is invalid
[118.587s]   138 |             pub_behaviorMode_ = this->create_publisher<std_msgs::msg::UInt32>("pub_behaviorMode_topic_", 1);
[118.587s]       |                                 ~~~~~~~~~~~~~~~~~~~~~~~~~~~~~~~~~~~~~~~~~~~~~^~~~~~~~~~~~~~~~~~~~~~~~~~~~~~
[118.589s] /home/neha/ros2_ws/src/semnav_migration/src/navigation_semantic.cpp:139:64: error: ‘UInt32’ is not a member of ‘std_msgs::msg’; did you mean ‘example_interfaces::msg::UInt32’?
[118.589s]   139 |             pub_twist_ = this->create_publisher<std_msgs::msg::UInt32>("pub_twist_topic_", 1);
[118.589s]       |                                                                ^~~~~~
[118.589s] /opt/ros/jazzy/include/example_interfaces/example_interfaces/msg/detail/u_int32__struct.hpp:125:7: note: ‘example_interfaces::msg::UInt32’ declared here
[118.589s]   125 | using UInt32 =
[118.589s]       |       ^~~~~~
[118.590s] /home/neha/ros2_ws/src/semnav_migration/src/navigation_semantic.cpp:139:71: error: no matching function for call to ‘SemanticNavigationNode::create_publisher<<expression error> >(const char [17], int)’
[118.590s]   139 |             pub_twist_ = this->create_publisher<std_msgs::msg::UInt32>("pub_twist_topic_", 1);
[118.590s]       |                          ~~~~~~~~~~~~~~~~~~~~~~~~~~~~~~~~~~~~~~~~~~~~~^~~~~~~~~~~~~~~~~~~~~~~
[118.590s] /opt/ros/jazzy/include/rclcpp/rclcpp/node.hpp:197:3: note: candidate: ‘template<class MessageT, class AllocatorT, class PublisherT> std::shared_ptr<PublisherT> rclcpp::Node::create_publisher(const std::string&, const rclcpp::QoS&, const rclcpp::PublisherOptionsWithAllocator<AllocatorT>&)’
[118.590s]   197 |   create_publisher(
[118.590s]       |   ^~~~~~~~~~~~~~~~
[118.590s] /opt/ros/jazzy/include/rclcpp/rclcpp/node.hpp:197:3: note:   template argument deduction/substitution failed:
[118.591s] /home/neha/ros2_ws/src/semnav_migration/src/navigation_semantic.cpp:139:71: error: template argument 1 is invalid
[118.591s]   139 |             pub_twist_ = this->create_publisher<std_msgs::msg::UInt32>("pub_twist_topic_", 1);
[118.591s]       |                          ~~~~~~~~~~~~~~~~~~~~~~~~~~~~~~~~~~~~~~~~~~~~~^~~~~~~~~~~~~~~~~~~~~~~
[118.653s] /home/neha/ros2_ws/src/semnav_migration/src/navigation_semantic.cpp:142:116: error: no matching function for call to ‘message_filters::Subscriber<sensor_msgs::msg::LaserScan_<std::allocator<void> > >::Subscriber(rclcpp::Node&, std::string&, int)’
[118.653s]   142 |                         message_filters::Subscriber<sensor_msgs::msg::LaserScan> sub_laser(nh_, sub_laser_topic_, 1);
[118.654s]       |                                                                                                                    ^
[118.654s] In file included from /home/neha/ros2_ws/src/semnav_migration/include/reactive_planner_lib.h:43:
[118.654s] /opt/ros/jazzy/include/message_filters/message_filters/subscriber.h:224:3: note: candidate: ‘message_filters::Subscriber<M, NodeType>::Subscriber() [with M = sensor_msgs::msg::LaserScan_<std::allocator<void> >; NodeType = rclcpp::Node]’
[118.654s]   224 |   Subscriber() = default;
[118.654s]       |   ^~~~~~~~~~
[118.654s] /opt/ros/jazzy/include/message_filters/message_filters/subscriber.h:224:3: note:   candidate expects 0 arguments, 3 provided
[118.654s] /opt/ros/jazzy/include/message_filters/message_filters/subscriber.h:212:3: note: candidate: ‘message_filters::Subscriber<M, NodeType>::Subscriber(NodeType*, const std::string&, rmw_qos_profile_t, rclcpp::SubscriptionOptions) [with M = sensor_msgs::msg::LaserScan_<std::allocator<void> >; NodeType = rclcpp::Node; std::string = std::__cxx11::basic_string<char>; rmw_qos_profile_t = rmw_qos_profile_s; rclcpp::SubscriptionOptions = rclcpp::SubscriptionOptionsWithAllocator<std::allocator<void> >]’
[118.655s]   212 |   Subscriber(
[118.655s]       |   ^~~~~~~~~~
[118.655s] /opt/ros/jazzy/include/message_filters/message_filters/subscriber.h:212:3: note:   candidate expects 4 arguments, 3 provided
[118.655s] /opt/ros/jazzy/include/message_filters/message_filters/subscriber.h:203:3: note: candidate: ‘message_filters::Subscriber<M, NodeType>::Subscriber(NodePtr, const std::string&, rmw_qos_profile_t, rclcpp::SubscriptionOptions) [with M = sensor_msgs::msg::LaserScan_<std::allocator<void> >; NodeType = rclcpp::Node; NodePtr = std::shared_ptr<rclcpp::Node>; std::string = std::__cxx11::basic_string<char>; rmw_qos_profile_t = rmw_qos_profile_s; rclcpp::SubscriptionOptions = rclcpp::SubscriptionOptionsWithAllocator<std::allocator<void> >]’
[118.655s]   203 |   Subscriber(
[118.655s]       |   ^~~~~~~~~~
[118.655s] /opt/ros/jazzy/include/message_filters/message_filters/subscriber.h:203:3: note:   candidate expects 4 arguments, 3 provided
[118.656s] /opt/ros/jazzy/include/message_filters/message_filters/subscriber.h:188:3: note: candidate: ‘message_filters::Subscriber<M, NodeType>::Subscriber(NodeType*, const std::string&, rmw_qos_profile_t) [with M = sensor_msgs::msg::LaserScan_<std::allocator<void> >; NodeType = rclcpp::Node; std::string = std::__cxx11::basic_string<char>; rmw_qos_profile_t = rmw_qos_profile_s]’
[118.656s]   188 |   Subscriber(NodeType * node, const std::string& topic, const rmw_qos_profile_t qos = rmw_qos_profile_default)
[118.656s]       |   ^~~~~~~~~~
[118.656s] /opt/ros/jazzy/include/message_filters/message_filters/subscriber.h:188:25: note:   no known conversion for argument 1 from ‘rclcpp::Node’ to ‘rclcpp::Node*’
[118.656s]   188 |   Subscriber(NodeType * node, const std::string& topic, const rmw_qos_profile_t qos = rmw_qos_profile_default)
[118.656s]       |              ~~~~~~~~~~~^~~~
[118.656s] /opt/ros/jazzy/include/message_filters/message_filters/subscriber.h:183:3: note: candidate: ‘message_filters::Subscriber<M, NodeType>::Subscriber(NodePtr, const std::string&, rmw_qos_profile_t) [with M = sensor_msgs::msg::LaserScan_<std::allocator<void> >; NodeType = rclcpp::Node; NodePtr = std::shared_ptr<rclcpp::Node>; std::string = std::__cxx11::basic_string<char>; rmw_qos_profile_t = rmw_qos_profile_s]’
[118.656s]   183 |   Subscriber(NodePtr node, const std::string& topic, const rmw_qos_profile_t qos = rmw_qos_profile_default)
[118.657s]       |   ^~~~~~~~~~
[118.657s] /opt/ros/jazzy/include/message_filters/message_filters/subscriber.h:183:22: note:   no known conversion for argument 1 from ‘rclcpp::Node’ to ‘message_filters::Subscriber<sensor_msgs::msg::LaserScan_<std::allocator<void> > >::NodePtr’ {aka ‘std::shared_ptr<rclcpp::Node>’}
[118.657s]   183 |   Subscriber(NodePtr node, const std::string& topic, const rmw_qos_profile_t qos = rmw_qos_profile_default)
[118.657s]       |              ~~~~~~~~^~~~
[118.714s] /home/neha/ros2_ws/src/semnav_migration/src/navigation_semantic.cpp:143:100: error: no matching function for call to ‘message_filters::Subscriber<nav_msgs::msg::Odometry_<std::allocator<void> > >::Subscriber(rclcpp::Node&, std::string&, int)’
[118.714s]   143 |             message_filters::Subscriber<nav_msgs::msg::Odometry> sub_robot(nh_, sub_robot_topic_, 1);
[118.714s]       |                                                                                                    ^
[118.714s] /opt/ros/jazzy/include/message_filters/message_filters/subscriber.h:224:3: note: candidate: ‘message_filters::Subscriber<M, NodeType>::Subscriber() [with M = nav_msgs::msg::Odometry_<std::allocator<void> >; NodeType = rclcpp::Node]’
[118.715s]   224 |   Subscriber() = default;
[118.715s]       |   ^~~~~~~~~~
[118.715s] /opt/ros/jazzy/include/message_filters/message_filters/subscriber.h:224:3: note:   candidate expects 0 arguments, 3 provided
[118.715s] /opt/ros/jazzy/include/message_filters/message_filters/subscriber.h:212:3: note: candidate: ‘message_filters::Subscriber<M, NodeType>::Subscriber(NodeType*, const std::string&, rmw_qos_profile_t, rclcpp::SubscriptionOptions) [with M = nav_msgs::msg::Odometry_<std::allocator<void> >; NodeType = rclcpp::Node; std::string = std::__cxx11::basic_string<char>; rmw_qos_profile_t = rmw_qos_profile_s; rclcpp::SubscriptionOptions = rclcpp::SubscriptionOptionsWithAllocator<std::allocator<void> >]’
[118.715s]   212 |   Subscriber(
[118.715s]       |   ^~~~~~~~~~
[118.715s] /opt/ros/jazzy/include/message_filters/message_filters/subscriber.h:212:3: note:   candidate expects 4 arguments, 3 provided
[118.716s] /opt/ros/jazzy/include/message_filters/message_filters/subscriber.h:203:3: note: candidate: ‘message_filters::Subscriber<M, NodeType>::Subscriber(NodePtr, const std::string&, rmw_qos_profile_t, rclcpp::SubscriptionOptions) [with M = nav_msgs::msg::Odometry_<std::allocator<void> >; NodeType = rclcpp::Node; NodePtr = std::shared_ptr<rclcpp::Node>; std::string = std::__cxx11::basic_string<char>; rmw_qos_profile_t = rmw_qos_profile_s; rclcpp::SubscriptionOptions = rclcpp::SubscriptionOptionsWithAllocator<std::allocator<void> >]’
[118.716s]   203 |   Subscriber(
[118.716s]       |   ^~~~~~~~~~
[118.716s] /opt/ros/jazzy/include/message_filters/message_filters/subscriber.h:203:3: note:   candidate expects 4 arguments, 3 provided
[118.716s] /opt/ros/jazzy/include/message_filters/message_filters/subscriber.h:188:3: note: candidate: ‘message_filters::Subscriber<M, NodeType>::Subscriber(NodeType*, const std::string&, rmw_qos_profile_t) [with M = nav_msgs::msg::Odometry_<std::allocator<void> >; NodeType = rclcpp::Node; std::string = std::__cxx11::basic_string<char>; rmw_qos_profile_t = rmw_qos_profile_s]’
[118.716s]   188 |   Subscriber(NodeType * node, const std::string& topic, const rmw_qos_profile_t qos = rmw_qos_profile_default)
[118.716s]       |   ^~~~~~~~~~
[118.717s] /opt/ros/jazzy/include/message_filters/message_filters/subscriber.h:188:25: note:   no known conversion for argument 1 from ‘rclcpp::Node’ to ‘rclcpp::Node*’
[118.717s]   188 |   Subscriber(NodeType * node, const std::string& topic, const rmw_qos_profile_t qos = rmw_qos_profile_default)
[118.717s]       |              ~~~~~~~~~~~^~~~
[118.717s] /opt/ros/jazzy/include/message_filters/message_filters/subscriber.h:183:3: note: candidate: ‘message_filters::Subscriber<M, NodeType>::Subscriber(NodePtr, const std::string&, rmw_qos_profile_t) [with M = nav_msgs::msg::Odometry_<std::allocator<void> >; NodeType = rclcpp::Node; NodePtr = std::shared_ptr<rclcpp::Node>; std::string = std::__cxx11::basic_string<char>; rmw_qos_profile_t = rmw_qos_profile_s]’
[118.717s]   183 |   Subscriber(NodePtr node, const std::string& topic, const rmw_qos_profile_t qos = rmw_qos_profile_default)
[118.717s]       |   ^~~~~~~~~~
[118.717s] /opt/ros/jazzy/include/message_filters/message_filters/subscriber.h:183:22: note:   no known conversion for argument 1 from ‘rclcpp::Node’ to ‘message_filters::Subscriber<nav_msgs::msg::Odometry_<std::allocator<void> > >::NodePtr’ {aka ‘std::shared_ptr<rclcpp::Node>’}
[118.718s]   183 |   Subscriber(NodePtr node, const std::string& topic, const rmw_qos_profile_t qos = rmw_qos_profile_default)
[118.718s]       |              ~~~~~~~~^~~~
[118.842s] /home/neha/ros2_ws/src/semnav_migration/src/navigation_semantic.cpp:148:55: error: ‘bind’ is not a member of ‘boost’; did you mean ‘find’?
[118.842s]   148 |                         sync->registerCallback(boost::bind(&SemanticNavigationNode::control_callback, this, _1, _2));
[118.843s]       |                                                       ^~~~
[118.843s]       |                                                       find
[118.846s] /home/neha/ros2_ws/src/semnav_migration/src/navigation_semantic.cpp:148:109: error: ‘_1’ was not declared in this scope
[118.846s]   148 |                         sync->registerCallback(boost::bind(&SemanticNavigationNode::control_callback, this, _1, _2));
[118.846s]       |                                                                                                             ^~
[118.847s] /home/neha/ros2_ws/src/semnav_migration/src/navigation_semantic.cpp:148:109: note: suggested alternatives:
[118.847s] In file included from /usr/include/boost/mpl/aux_/include_preprocessed.hpp:37,
[118.847s]                  from /usr/include/boost/mpl/placeholders.hpp:43,
[118.847s]                  from /usr/include/boost/iterator/iterator_categories.hpp:16,
[118.848s]                  from /usr/include/boost/iterator/iterator_facade.hpp:13,
[118.848s]                  from /usr/include/boost/range/iterator_range_core.hpp:27,
[118.848s]                  from /usr/include/boost/lexical_cast.hpp:48,
[118.848s]                  from /usr/include/boost/multiprecision/detail/number_base.hpp:29,
[118.848s]                  from /usr/include/boost/multiprecision/traits/is_variable_precision.hpp:9,
[118.848s]                  from /usr/include/boost/multiprecision/detail/precision.hpp:9,
[118.848s]                  from /usr/include/boost/multiprecision/number.hpp:11,
[118.848s]                  from /usr/include/boost/multiprecision/cpp_int.hpp:19,
[118.849s]                  from /usr/include/boost/multiprecision/cpp_bin_float.hpp:15,
[118.849s]                  from /usr/include/boost/geometry/core/coordinate_promotion.hpp:16,
[118.849s]                  from /usr/include/boost/geometry/core/radian_access.hpp:30,
[118.849s]                  from /usr/include/boost/geometry/geometry.hpp:50,
[118.849s]                  from /usr/include/boost/geometry.hpp:17,
[118.849s]                  from /home/neha/ros2_ws/src/semnav_migration/include/reactive_planner_lib.h:26:
[118.849s] /usr/include/boost/mpl/aux_/preprocessed/gcc/placeholders.hpp:29:16: note:   ‘mpl_::_1’
[118.849s]    29 | typedef arg<1> _1;
[118.850s]       |                ^~
[118.850s] In file included from /usr/include/boost/numeric/conversion/converter_policies.hpp:13,
[118.850s]                  from /usr/include/boost/numeric/conversion/converter.hpp:14,
[118.850s]                  from /usr/include/boost/numeric/conversion/cast.hpp:33,
[118.850s]                  from /usr/include/boost/geometry/core/radian_access.hpp:26:
[118.850s] /usr/include/c++/13/functional:294:48: note:   ‘std::placeholders::_1’
[118.851s]   294 |     _GLIBCXX_PLACEHOLDER const _Placeholder<1> _1;
[118.851s]       |                                                ^~
[118.851s] /usr/include/boost/mpl/aux_/preprocessed/gcc/placeholders.hpp:29:16: note:   ‘mpl_::_1’
[118.851s]    29 | typedef arg<1> _1;
[118.851s]       |                ^~
[118.852s] In file included from /usr/include/boost/describe/members.hpp:20,
[118.852s]                  from /usr/include/boost/container_hash/is_described_class.hpp:11,
[118.852s]                  from /usr/include/boost/container_hash/hash.hpp:18,
[118.852s]                  from /usr/include/boost/functional/hash.hpp:6,
[118.852s]                  from /usr/include/CGAL/Kernel/hash_functions.h:16,
[118.852s]                  from /usr/include/CGAL/Kernel/global_functions.h:25,
[118.852s]                  from /usr/include/CGAL/Cartesian/Cartesian_base.h:22,
[118.852s]                  from /usr/include/CGAL/Simple_cartesian.h:20,
[118.853s]                  from /usr/include/CGAL/Exact_predicates_inexact_constructions_kernel.h:20,
[118.853s]                  from /home/neha/ros2_ws/src/semnav_migration/include/polygeom_lib.h:32,
[118.853s]                  from /home/neha/ros2_ws/src/semnav_migration/include/reactive_planner_lib.h:51:
[118.853s] /usr/include/boost/mp11/bind.hpp:45:7: note:   ‘boost::mp11::_1’
[118.853s]    45 | using _1 = mp_arg<0>;
[118.853s]       |       ^~
[118.854s] /usr/include/boost/mpl/aux_/preprocessed/gcc/placeholders.hpp:29:16: note:   ‘mpl_::_1’
[118.854s]    29 | typedef arg<1> _1;
[118.854s]       |                ^~
[118.854s] /home/neha/ros2_ws/src/semnav_migration/src/navigation_semantic.cpp:148:113: error: ‘_2’ was not declared in this scope
[118.854s]   148 |                         sync->registerCallback(boost::bind(&SemanticNavigationNode::control_callback, this, _1, _2));
[118.854s]       |                                                                                                                 ^~
[118.854s] /home/neha/ros2_ws/src/semnav_migration/src/navigation_semantic.cpp:148:113: note: suggested alternatives:
[118.854s] /usr/include/boost/mpl/aux_/preprocessed/gcc/placeholders.hpp:42:16: note:   ‘mpl_::_2’
[118.855s]    42 | typedef arg<2> _2;
[118.855s]       |                ^~
[118.855s] /usr/include/c++/13/functional:295:48: note:   ‘std::placeholders::_2’
[118.855s]   295 |     _GLIBCXX_PLACEHOLDER const _Placeholder<2> _2;
[118.855s]       |                                                ^~
[118.855s] /usr/include/boost/mpl/aux_/preprocessed/gcc/placeholders.hpp:42:16: note:   ‘mpl_::_2’
[118.855s]    42 | typedef arg<2> _2;
[118.855s]       |                ^~
[118.856s] /usr/include/boost/mp11/bind.hpp:46:7: note:   ‘boost::mp11::_2’
[118.856s]    46 | using _2 = mp_arg<1>;
[118.856s]       |       ^~
[118.856s] /usr/include/boost/mpl/aux_/preprocessed/gcc/placeholders.hpp:42:16: note:   ‘mpl_::_2’
[118.856s]    42 | typedef arg<2> _2;
[118.856s]       |                ^~
[118.856s] /home/neha/ros2_ws/src/semnav_migration/src/navigation_semantic.cpp:150:67: error: ‘class SemanticNavigationNode’ has no member named ‘create_subscriber’; did you mean ‘create_subscription’?
[118.856s]   150 |                         rclcpp::Subscription sub_semantic = this->create_subscriber("sub_semantic_topic_", 1);
[118.857s]       |                                                                   ^~~~~~~~~~~~~~~~~
[118.857s]       |                                                                   create_subscription
[118.857s] /home/neha/ros2_ws/src/semnav_migration/src/navigation_semantic.cpp:161:37: error: no matching function for call to ‘spin()’
[118.857s]   161 |                         rclcpp::spin();
[118.857s]       |                         ~~~~~~~~~~~~^~
[118.857s] /opt/ros/jazzy/include/rclcpp/rclcpp/executors.hpp:58:1: note: candidate: ‘void rclcpp::spin(node_interfaces::NodeBaseInterface::SharedPtr)’
[118.857s]    58 | spin(rclcpp::node_interfaces::NodeBaseInterface::SharedPtr node_ptr);
[118.858s]       | ^~~~
[118.858s] /opt/ros/jazzy/include/rclcpp/rclcpp/executors.hpp:58:1: note:   candidate expects 1 argument, 0 provided
[118.858s] /opt/ros/jazzy/include/rclcpp/rclcpp/executors.hpp:62:1: note: candidate: ‘void rclcpp::spin(Node::SharedPtr)’
[118.858s]    62 | spin(rclcpp::Node::SharedPtr node_ptr);
[118.858s]       | ^~~~
[118.858s] /opt/ros/jazzy/include/rclcpp/rclcpp/executors.hpp:62:1: note:   candidate expects 1 argument, 0 provided
[118.859s] /home/neha/ros2_ws/src/semnav_migration/src/navigation_semantic.cpp: In member function ‘void SemanticNavigationNode::publish_twist(double, double)’:
[118.859s] /home/neha/ros2_ws/src/semnav_migration/src/navigation_semantic.cpp:168:36: error: request for member ‘publish’ in ‘((SemanticNavigationNode*)this)->SemanticNavigationNode::pub_twist_’, which is of non-class type ‘int’
[118.859s]   168 |                         pub_twist_.publish(commandTwist);
[118.859s]       |                                    ^~~~~~~
[118.862s] /home/neha/ros2_ws/src/semnav_migration/src/navigation_semantic.cpp: In member function ‘void SemanticNavigationNode::publish_behavior_id(uint16_t)’:
[118.862s] /home/neha/ros2_ws/src/semnav_migration/src/navigation_semantic.cpp:173:32: error: ‘UInt32’ is not a member of ‘std_msgs::msg’; did you mean ‘example_interfaces::msg::UInt32’?
[118.862s]   173 |                 std_msgs::msg::UInt32 commandId;
[118.863s]       |                                ^~~~~~
[118.863s] /opt/ros/jazzy/include/example_interfaces/example_interfaces/msg/detail/u_int32__struct.hpp:125:7: note: ‘example_interfaces::msg::UInt32’ declared here
[118.863s]   125 | using UInt32 =
[118.863s]       |       ^~~~~~
[118.906s] /home/neha/ros2_ws/src/semnav_migration/src/navigation_semantic.cpp:174:25: error: ‘commandId’ was not declared in this scope
[118.906s]   174 |                         commandId.data = BehaviorIdCmd;
[118.906s]       |                         ^~~~~~~~~
[118.906s] /home/neha/ros2_ws/src/semnav_migration/src/navigation_semantic.cpp:175:41: error: request for member ‘publish’ in ‘((SemanticNavigationNode*)this)->SemanticNavigationNode::pub_behaviorID_’, which is of non-class type ‘int’
[118.906s]   175 |                         pub_behaviorID_.publish(commandId);
[118.907s]       |                                         ^~~~~~~
[118.909s] /home/neha/ros2_ws/src/semnav_migration/src/navigation_semantic.cpp: In member function ‘void SemanticNavigationNode::publish_behavior_mode(uint16_t)’:
[118.909s] /home/neha/ros2_ws/src/semnav_migration/src/navigation_semantic.cpp:180:28: error: ‘UInt32’ is not a member of ‘std_msgs::msg’; did you mean ‘example_interfaces::msg::UInt32’?
[118.909s]   180 |             std_msgs::msg::UInt32 commandMode;
[118.909s]       |                            ^~~~~~
[118.909s] /opt/ros/jazzy/include/example_interfaces/example_interfaces/msg/detail/u_int32__struct.hpp:125:7: note: ‘example_interfaces::msg::UInt32’ declared here
[118.909s]   125 | using UInt32 =
[118.910s]       |       ^~~~~~
[118.967s] /home/neha/ros2_ws/src/semnav_migration/src/navigation_semantic.cpp:181:25: error: ‘commandMode’ was not declared in this scope
[118.967s]   181 |                         commandMode.data = BehaviorModeCmd;
[118.967s]       |                         ^~~~~~~~~~~
[118.967s] /home/neha/ros2_ws/src/semnav_migration/src/navigation_semantic.cpp:182:43: error: request for member ‘publish’ in ‘((SemanticNavigationNode*)this)->SemanticNavigationNode::pub_behaviorMode_’, which is of non-class type ‘int’
[118.968s]   182 |                         pub_behaviorMode_.publish(commandMode);
[118.968s]       |                                           ^~~~~~~
[119.095s] /home/neha/ros2_ws/src/semnav_migration/src/navigation_semantic.cpp: In member function ‘void SemanticNavigationNode::control_callback(const sensor_msgs::msg::LaserScan_<std::allocator<void> >::ConstPtr&, const nav_msgs::msg::Odometry_<std::allocator<void> >::ConstPtr&)’:
[119.095s] /home/neha/ros2_ws/src/semnav_migration/src/navigation_semantic.cpp:406:33: error: ‘listener_’ was not declared in this scope
[119.096s]   406 |                                 listener_.waitForTransform(world_frame_id_, odom_frame_id_, rclcpp::Time(0), rclcpp::Duration(std::chrono::nanoseconds(1000000000));
[119.096s]       |                                 ^~~~~~~~~
[119.096s] /home/neha/ros2_ws/src/semnav_migration/src/navigation_semantic.cpp:406:164: error: expected ‘)’ before ‘;’ token
[119.097s]   406 |                                 listener_.waitForTransform(world_frame_id_, odom_frame_id_, rclcpp::Time(0), rclcpp::Duration(std::chrono::nanoseconds(1000000000));
[119.097s]       |                                                                                                                                                                    ^
[119.097s] /home/neha/ros2_ws/src/semnav_migration/src/navigation_semantic.cpp:406:59: note: to match this ‘(’
[119.097s]   406 |                                 listener_.waitForTransform(world_frame_id_, odom_frame_id_, rclcpp::Time(0), rclcpp::Duration(std::chrono::nanoseconds(1000000000));
[119.097s]       |                                                           ^
[119.097s] In file included from /opt/ros/jazzy/include/rclcpp/rclcpp/copy_all_parameter_values.hpp:27,
[119.097s]                  from /opt/ros/jazzy/include/rclcpp/rclcpp/rclcpp.hpp:171:
[119.098s] /home/neha/ros2_ws/src/semnav_migration/src/navigation_semantic.cpp:409:33: error: static assertion failed: First argument to logging macros must be an rclcpp::Logger
[119.098s]   409 |                                 RCLCPP_ERROR("%s",ex.what());
[119.098s]       |                                 ^~~~~~~~~~~~
[119.098s] In file included from /opt/ros/jazzy/include/rclcpp/rclcpp/logging.hpp:24:
[119.098s] /home/neha/ros2_ws/src/semnav_migration/src/navigation_semantic.cpp:409:33: error: request for member ‘get_name’ in ‘("%s")’, which is of non-class type ‘const char [3]’
[119.098s]   409 |                                 RCLCPP_ERROR("%s",ex.what());
[119.098s]       |                                 ^~~~~~~~~~~~
[119.099s] /home/neha/ros2_ws/src/semnav_migration/src/navigation_semantic.cpp:409:33: error: request for member ‘get_name’ in ‘("%s")’, which is of non-class type ‘const char [3]’
[119.099s]   409 |                                 RCLCPP_ERROR("%s",ex.what());
[119.099s]       |                                 ^~~~~~~~~~~~
[119.099s] /home/neha/ros2_ws/src/semnav_migration/src/navigation_semantic.cpp:434:42: error: could not convert ‘lidar_data’ from ‘shared_ptr<LaserScan_<[...]>>’ to ‘shared_ptr<LaserScan_<[...]>>’
[119.099s]   434 |                         constructLIDAR2D(lidar_data, CutoffRange_, AllowableRange_, RobotPitch_, &LIDAR);
[119.100s]       |                                          ^~~~~~~~~~
[119.100s]       |                                          |
[119.100s]       |                                          shared_ptr<LaserScan_<[...]>>
[119.138s] /home/neha/ros2_ws/src/semnav_migration/src/navigation_semantic.cpp: In function ‘int main(int, char**)’:
[119.139s] /home/neha/ros2_ws/src/semnav_migration/src/navigation_semantic.cpp:700:34: error: invalid initialization of reference of type ‘const rclcpp::InitOptions&’ from expression of type ‘const char [20]’
[119.139s]   700 |         rclcpp::init(argc, argv, "navigation_semantic");
[119.139s]       |                                  ^~~~~~~~~~~~~~~~~~~~~
[119.139s] In file included from /opt/ros/jazzy/include/rclcpp/rclcpp/logging.hpp:25:
[119.139s] /opt/ros/jazzy/include/rclcpp/rclcpp/utilities.hpp:78:23: note: in passing argument 3 of ‘void rclcpp::init(int, const char* const*, const InitOptions&, SignalHandlerOptions)’
[119.139s]    78 |   const InitOptions & init_options = InitOptions(),
[119.139s]       |   ~~~~~~~~~~~~~~~~~~~~^~~~~~~~~~~~~~~~~~~~~~~~~~~~
[132.769s] gmake[2]: *** [CMakeFiles/navigation_semantic.dir/build.make:76: CMakeFiles/navigation_semantic.dir/src/navigation_semantic.cpp.o] Error 1
[132.770s] gmake[1]: *** [CMakeFiles/Makefile2:207: CMakeFiles/navigation_semantic.dir/all] Error 2
[132.771s] gmake: *** [Makefile:146: all] Error 2
[132.772s] Invoked command in '/home/neha/ros2_ws/src/semnav_migration/build/semnav' returned '2': CMAKE_PREFIX_PATH=${CMAKE_PREFIX_PATH}:/opt/ros/jazzy DEBUGINFOD_URLS=https://debuginfod.ubuntu.com /usr/bin/cmake --build /home/neha/ros2_ws/src/semnav_migration/build/semnav -- -j2 -l2
