[0.026s] Invoking command in '/home/neha/ros2_ws/src/semnav_migration/build/semnav': CMAKE_PREFIX_PATH=${CMAKE_PREFIX_PATH}:/opt/ros/jazzy DEBUGINFOD_URLS=https://debuginfod.ubuntu.com /usr/bin/cmake --build /home/neha/ros2_ws/src/semnav_migration/build/semnav -- -j2 -l2
[0.191s] [ 14%] Built target reactive_planner
[0.518s] [ 19%] Building CXX object CMakeFiles/navigation_semantic.dir/src/navigation_semantic.cpp.o
[0.565s] [ 23%] Building CXX object CMakeFiles/navigation.dir/src/navigation.cpp.o
[22.151s] /home/neha/ros2_ws/src/semnav_migration/src/navigation_semantic.cpp:624:17: error: ‘ros’ does not name a type
[22.151s]   624 |                 ros::NodeHandle nh_;
[22.151s]       |                 ^~~
[22.155s] /home/neha/ros2_ws/src/semnav_migration/src/navigation_semantic.cpp:641:17: error: ‘ros’ does not name a type
[22.155s]   641 |                 ros::Publisher pub_behaviorID_;
[22.156s]       |                 ^~~
[22.161s] /home/neha/ros2_ws/src/semnav_migration/src/navigation_semantic.cpp:642:17: error: ‘ros’ does not name a type
[22.162s]   642 |                 ros::Publisher pub_behaviorMode_;
[22.162s]       |                 ^~~
[22.168s] /home/neha/ros2_ws/src/semnav_migration/src/navigation_semantic.cpp:643:17: error: ‘ros’ does not name a type
[22.168s]   643 |                 ros::Publisher pub_twist_;
[22.168s]       |                 ^~~
[22.175s] /home/neha/ros2_ws/src/semnav_migration/src/navigation_semantic.cpp:645:17: error: ‘ros’ does not name a type
[22.175s]   645 |                 ros::Publisher pub_semantic_map_;
[22.175s]       |                 ^~~
[22.189s] /home/neha/ros2_ws/src/semnav_migration/src/navigation_semantic.cpp:691:17: error: ‘tf’ does not name a type; did you mean ‘tm’?
[22.190s]   691 |                 tf::TransformListener listener_;
[22.190s]       |                 ^~
[22.190s]       |                 tm
[22.310s] /home/neha/ros2_ws/src/semnav_migration/src/navigation_semantic.cpp: In constructor ‘SemanticNavigationNode::SemanticNavigationNode()’:
[22.310s] /home/neha/ros2_ws/src/semnav_migration/src/navigation_semantic.cpp:137:13: error: ‘pub_behaviorID_’ was not declared in this scope; did you mean ‘pub_behaviorID_topic_’?
[22.311s]   137 |             pub_behaviorID_ = this->create_publisher<std_msgs::msg::UInt32>("pub_behaviorID_topic_", 1);
[22.311s]       |             ^~~~~~~~~~~~~~~
[22.311s]       |             pub_behaviorID_topic_
[22.316s] /home/neha/ros2_ws/src/semnav_migration/src/navigation_semantic.cpp:137:69: error: ‘UInt32’ is not a member of ‘std_msgs::msg’
[22.316s]   137 |             pub_behaviorID_ = this->create_publisher<std_msgs::msg::UInt32>("pub_behaviorID_topic_", 1);
[22.316s]       |                                                                     ^~~~~~
[22.316s] /home/neha/ros2_ws/src/semnav_migration/src/navigation_semantic.cpp:137:76: error: no matching function for call to ‘SemanticNavigationNode::create_publisher<<expression error> >(const char [22], int)’
[22.316s]   137 |             pub_behaviorID_ = this->create_publisher<std_msgs::msg::UInt32>("pub_behaviorID_topic_", 1);
[22.316s]       |                               ~~~~~~~~~~~~~~~~~~~~~~~~~~~~~~~~~~~~~~~~~~~~~^~~~~~~~~~~~~~~~~~~~~~~~~~~~
[22.317s] In file included from /opt/ros/jazzy/include/rclcpp/rclcpp/executors/single_threaded_executor.hpp:28,
[22.317s]                  from /opt/ros/jazzy/include/rclcpp/rclcpp/executors.hpp:22,
[22.317s]                  from /opt/ros/jazzy/include/rclcpp/rclcpp/rclcpp.hpp:172,
[22.317s]                  from /home/neha/ros2_ws/src/semnav_migration/include/reactive_planner_lib.h:32,
[22.317s]                  from /home/neha/ros2_ws/src/semnav_migration/src/navigation_semantic.cpp:25:
[22.317s] /opt/ros/jazzy/include/rclcpp/rclcpp/node.hpp:197:3: note: candidate: ‘template<class MessageT, class AllocatorT, class PublisherT> std::shared_ptr<PublisherT> rclcpp::Node::create_publisher(const std::string&, const rclcpp::QoS&, const rclcpp::PublisherOptionsWithAllocator<AllocatorT>&)’
[22.320s]   197 |   create_publisher(
[22.320s]       |   ^~~~~~~~~~~~~~~~
[22.320s] /opt/ros/jazzy/include/rclcpp/rclcpp/node.hpp:197:3: note:   template argument deduction/substitution failed:
[22.320s] /home/neha/ros2_ws/src/semnav_migration/src/navigation_semantic.cpp:137:76: error: template argument 1 is invalid
[22.320s]   137 |             pub_behaviorID_ = this->create_publisher<std_msgs::msg::UInt32>("pub_behaviorID_topic_", 1);
[22.320s]       |                               ~~~~~~~~~~~~~~~~~~~~~~~~~~~~~~~~~~~~~~~~~~~~~^~~~~~~~~~~~~~~~~~~~~~~~~~~~
[22.348s] /home/neha/ros2_ws/src/semnav_migration/src/navigation.cpp:616:17: error: invalid use of template-name ‘rclcpp::Publisher’ without an argument list
[22.348s]   616 |                 rclcpp::Publisher pub_behaviorID_;
[22.348s]       |                 ^~~~~~
[22.349s] /home/neha/ros2_ws/src/semnav_migration/src/navigation.cpp:617:17: error: invalid use of template-name ‘rclcpp::Publisher’ without an argument list
[22.349s]   617 |                 rclcpp::Publisher pub_behaviorMode_;
[22.349s]       |                 ^~~~~~
[22.350s] /home/neha/ros2_ws/src/semnav_migration/src/navigation.cpp:618:17: error: invalid use of template-name ‘rclcpp::Publisher’ without an argument list
[22.350s]   618 |                 rclcpp::Publisher pub_twist_;
[22.350s]       |                 ^~~~~~
[22.350s] /home/neha/ros2_ws/src/semnav_migration/src/navigation.cpp:620:17: error: invalid use of template-name ‘rclcpp::Publisher’ without an argument list
[22.350s]   620 |                 rclcpp::Publisher pub_semantic_map_;
[22.350s]       |                 ^~~~~~
[22.362s] /home/neha/ros2_ws/src/semnav_migration/src/navigation.cpp:664:22: error: ‘TransformListener’ in namespace ‘tf2’ does not name a type
[22.362s]   664 |                 tf2::TransformListener listener_;
[22.362s]       |                      ^~~~~~~~~~~~~~~~~
[22.363s] /home/neha/ros2_ws/src/semnav_migration/src/navigation.cpp: In constructor ‘NavigationNode::NavigationNode()’:
[22.363s] /home/neha/ros2_ws/src/semnav_migration/src/navigation.cpp:45:50: error: no matching function for call to ‘rclcpp::Node::Node()’
[22.364s]    45 |         NavigationNode() : Node("navigation_node") {
[22.364s]       |                                                  ^
[22.368s] In file included from /opt/ros/jazzy/include/rclcpp/rclcpp/executors/single_threaded_executor.hpp:28,
[22.368s]                  from /opt/ros/jazzy/include/rclcpp/rclcpp/executors.hpp:22,
[22.368s]                  from /opt/ros/jazzy/include/rclcpp/rclcpp/rclcpp.hpp:172,
[22.368s]                  from /home/neha/ros2_ws/src/semnav_migration/include/reactive_planner_lib.h:32,
[22.368s]                  from /home/neha/ros2_ws/src/semnav_migration/src/navigation.cpp:25:
[22.368s] /opt/ros/jazzy/include/rclcpp/rclcpp/node.hpp:1629:3: note: candidate: ‘rclcpp::Node::Node(const rclcpp::Node&, const std::string&)’
[22.368s]  1629 |   Node(
[22.369s]       |   ^~~~
[22.369s] /opt/ros/jazzy/include/rclcpp/rclcpp/node.hpp:1629:3: note:   candidate expects 2 arguments, 0 provided
[22.369s] /opt/ros/jazzy/include/rclcpp/rclcpp/node.hpp:103:12: note: candidate: ‘rclcpp::Node::Node(const std::string&, const std::string&, const rclcpp::NodeOptions&)’
[22.369s]   103 |   explicit Node(
[22.369s]       |            ^~~~
[22.369s] /opt/ros/jazzy/include/rclcpp/rclcpp/node.hpp:103:12: note:   candidate expects 3 arguments, 0 provided
[22.369s] /opt/ros/jazzy/include/rclcpp/rclcpp/node.hpp:91:12: note: candidate: ‘rclcpp::Node::Node(const std::string&, const rclcpp::NodeOptions&)’
[22.369s]    91 |   explicit Node(
[22.369s]       |            ^~~~
[22.370s] /opt/ros/jazzy/include/rclcpp/rclcpp/node.hpp:91:12: note:   candidate expects 2 arguments, 0 provided
[22.417s] /home/neha/ros2_ws/src/semnav_migration/src/navigation_semantic.cpp:138:13: error: ‘pub_behaviorMode_’ was not declared in this scope; did you mean ‘pub_behaviorMode_topic_’?
[22.417s]   138 |             pub_behaviorMode_ = this->create_publisher<std_msgs::msg::UInt32>("pub_behaviorMode_topic_", 1);
[22.417s]       |             ^~~~~~~~~~~~~~~~~
[22.417s]       |             pub_behaviorMode_topic_
[22.419s] /home/neha/ros2_ws/src/semnav_migration/src/navigation_semantic.cpp:138:71: error: ‘UInt32’ is not a member of ‘std_msgs::msg’
[22.419s]   138 |             pub_behaviorMode_ = this->create_publisher<std_msgs::msg::UInt32>("pub_behaviorMode_topic_", 1);
[22.420s]       |                                                                       ^~~~~~
[22.421s] /home/neha/ros2_ws/src/semnav_migration/src/navigation_semantic.cpp:138:78: error: no matching function for call to ‘SemanticNavigationNode::create_publisher<<expression error> >(const char [24], int)’
[22.422s]   138 |             pub_behaviorMode_ = this->create_publisher<std_msgs::msg::UInt32>("pub_behaviorMode_topic_", 1);
[22.422s]       |                                 ~~~~~~~~~~~~~~~~~~~~~~~~~~~~~~~~~~~~~~~~~~~~~^~~~~~~~~~~~~~~~~~~~~~~~~~~~~~
[22.422s] /opt/ros/jazzy/include/rclcpp/rclcpp/node.hpp:197:3: note: candidate: ‘template<class MessageT, class AllocatorT, class PublisherT> std::shared_ptr<PublisherT> rclcpp::Node::create_publisher(const std::string&, const rclcpp::QoS&, const rclcpp::PublisherOptionsWithAllocator<AllocatorT>&)’
[22.422s]   197 |   create_publisher(
[22.422s]       |   ^~~~~~~~~~~~~~~~
[22.427s] /opt/ros/jazzy/include/rclcpp/rclcpp/node.hpp:197:3: note:   template argument deduction/substitution failed:
[22.428s] /home/neha/ros2_ws/src/semnav_migration/src/navigation_semantic.cpp:138:78: error: template argument 1 is invalid
[22.428s]   138 |             pub_behaviorMode_ = this->create_publisher<std_msgs::msg::UInt32>("pub_behaviorMode_topic_", 1);
[22.428s]       |                                 ~~~~~~~~~~~~~~~~~~~~~~~~~~~~~~~~~~~~~~~~~~~~~^~~~~~~~~~~~~~~~~~~~~~~~~~~~~~
[22.472s] /home/neha/ros2_ws/src/semnav_migration/src/navigation_semantic.cpp:139:13: error: ‘pub_twist_’ was not declared in this scope; did you mean ‘publish_twist’?
[22.472s]   139 |             pub_twist_ = this->create_publisher<std_msgs::msg::UInt32>("pub_twist_topic_", 1);
[22.472s]       |             ^~~~~~~~~~
[22.472s]       |             publish_twist
[22.473s] /home/neha/ros2_ws/src/semnav_migration/src/navigation_semantic.cpp:139:64: error: ‘UInt32’ is not a member of ‘std_msgs::msg’
[22.474s]   139 |             pub_twist_ = this->create_publisher<std_msgs::msg::UInt32>("pub_twist_topic_", 1);
[22.474s]       |                                                                ^~~~~~
[22.474s] /home/neha/ros2_ws/src/semnav_migration/src/navigation_semantic.cpp:139:71: error: no matching function for call to ‘SemanticNavigationNode::create_publisher<<expression error> >(const char [17], int)’
[22.474s]   139 |             pub_twist_ = this->create_publisher<std_msgs::msg::UInt32>("pub_twist_topic_", 1);
[22.474s]       |                          ~~~~~~~~~~~~~~~~~~~~~~~~~~~~~~~~~~~~~~~~~~~~~^~~~~~~~~~~~~~~~~~~~~~~
[22.474s] /opt/ros/jazzy/include/rclcpp/rclcpp/node.hpp:197:3: note: candidate: ‘template<class MessageT, class AllocatorT, class PublisherT> std::shared_ptr<PublisherT> rclcpp::Node::create_publisher(const std::string&, const rclcpp::QoS&, const rclcpp::PublisherOptionsWithAllocator<AllocatorT>&)’
[22.475s]   197 |   create_publisher(
[22.475s]       |   ^~~~~~~~~~~~~~~~
[22.475s] /opt/ros/jazzy/include/rclcpp/rclcpp/node.hpp:197:3: note:   template argument deduction/substitution failed:
[22.475s] /home/neha/ros2_ws/src/semnav_migration/src/navigation_semantic.cpp:139:71: error: template argument 1 is invalid
[22.475s]   139 |             pub_twist_ = this->create_publisher<std_msgs::msg::UInt32>("pub_twist_topic_", 1);
[22.475s]       |                          ~~~~~~~~~~~~~~~~~~~~~~~~~~~~~~~~~~~~~~~~~~~~~^~~~~~~~~~~~~~~~~~~~~~~
[22.475s] /home/neha/ros2_ws/src/semnav_migration/src/navigation_semantic.cpp:142:42: error: ‘message_filters::msg’ has not been declared
[22.476s]   142 |                         message_filters::msg::Subscriber<sensor_msgs::LaserScan> sub_laser(nh_, sub_laser_topic_, 1);
[22.476s]       |                                          ^~~
[22.479s] /home/neha/ros2_ws/src/semnav_migration/src/navigation_semantic.cpp:142:71: error: ‘LaserScan’ is not a member of ‘sensor_msgs’; did you mean ‘sensor_msgs::msg::LaserScan’?
[22.479s]   142 |                         message_filters::msg::Subscriber<sensor_msgs::LaserScan> sub_laser(nh_, sub_laser_topic_, 1);
[22.479s]       |                                                                       ^~~~~~~~~
[22.479s] In file included from /opt/ros/jazzy/include/sensor_msgs/sensor_msgs/msg/laser_scan.hpp:7,
[22.479s]                  from /home/neha/ros2_ws/src/semnav_migration/include/reactive_planner_lib.h:46:
[22.479s] /opt/ros/jazzy/include/sensor_msgs/sensor_msgs/msg/detail/laser_scan__struct.hpp:250:7: note: ‘sensor_msgs::msg::LaserScan’ declared here
[22.479s]   250 | using LaserScan =
[22.480s]       |       ^~~~~~~~~
[22.507s] /home/neha/ros2_ws/src/semnav_migration/src/navigation_semantic.cpp:142:92: error: ‘nh_’ was not declared in this scope
[22.507s]   142 |                         message_filters::msg::Subscriber<sensor_msgs::LaserScan> sub_laser(nh_, sub_laser_topic_, 1);
[22.508s]       |                                                                                            ^~~
[22.516s] /home/neha/ros2_ws/src/semnav_migration/src/navigation.cpp:104:25: error: ‘target_object_’ was not declared in this scope
[22.516s]   104 |                         target_object_ = this->get_parameter("target_object").as_string();
[22.516s]       |                         ^~~~~~~~~~~~~~
[22.556s] /home/neha/ros2_ws/src/semnav_migration/src/navigation_semantic.cpp:142:82: error: ‘sub_laser’ was not declared in this scope
[22.556s]   142 |                         message_filters::msg::Subscriber<sensor_msgs::LaserScan> sub_laser(nh_, sub_laser_topic_, 1);
[22.557s]       |                                                                                  ^~~~~~~~~
[22.626s] /home/neha/ros2_ws/src/semnav_migration/src/navigation_semantic.cpp:144:94: error: ‘LaserScan’ is not a member of ‘sensor_msgs’; did you mean ‘sensor_msgs::msg::LaserScan’?
[22.626s]   144 |                         typedef message_filters::sync_policies::ApproximateTime<sensor_msgs::LaserScan,nav_msgs::msg::Odometry> SyncPolicy;
[22.626s]       |                                                                                              ^~~~~~~~~
[22.626s] /opt/ros/jazzy/include/sensor_msgs/sensor_msgs/msg/detail/laser_scan__struct.hpp:250:7: note: ‘sensor_msgs::msg::LaserScan’ declared here
[22.626s]   250 | using LaserScan =
[22.626s]       |       ^~~~~~~~~
[22.627s] /home/neha/ros2_ws/src/semnav_migration/src/navigation_semantic.cpp:144:127: error: template argument 1 is invalid
[22.627s]   144 |                         typedef message_filters::sync_policies::ApproximateTime<sensor_msgs::LaserScan,nav_msgs::msg::Odometry> SyncPolicy;
[22.627s]       |                                                                                                                               ^
[22.630s] In file included from /home/neha/ros2_ws/src/semnav_migration/include/reactive_planner_lib.h:44:
[22.630s] /opt/ros/jazzy/include/message_filters/message_filters/synchronizer.h: In instantiation of ‘class message_filters::Synchronizer<int>’:
[22.630s] /home/neha/ros2_ws/src/semnav_migration/src/navigation_semantic.cpp:147:64:   required from here
[22.630s] /opt/ros/jazzy/include/message_filters/message_filters/synchronizer.h:53:7: error: base type ‘int’ fails to be a struct or class type
[22.630s]    53 | class Synchronizer : public noncopyable, public Policy
[22.630s]       |       ^~~~~~~~~~~~
[22.630s] /opt/ros/jazzy/include/message_filters/message_filters/synchronizer.h:56:37: error: ‘int’ is not a class, struct, or union type
[22.631s]    56 |   typedef typename Policy::Messages Messages;
[22.631s]       |                                     ^~~~~~~~
[22.631s] /opt/ros/jazzy/include/message_filters/message_filters/synchronizer.h:57:35: error: ‘int’ is not a class, struct, or union type
[22.631s]    57 |   typedef typename Policy::Events Events;
[22.631s]       |                                   ^~~~~~
[22.631s] /opt/ros/jazzy/include/message_filters/message_filters/synchronizer.h:58:35: error: ‘int’ is not a class, struct, or union type
[22.634s]    58 |   typedef typename Policy::Signal Signal;
[22.634s]       |                                   ^~~~~~
[22.635s] /opt/ros/jazzy/include/message_filters/message_filters/synchronizer.h:60:58: error: ‘int’ is not a class, struct, or union type
[22.635s]    60 |   typedef typename std::tuple_element<0, Messages>::type M0;
[22.635s]       |                                                          ^~
[22.635s] /opt/ros/jazzy/include/message_filters/message_filters/synchronizer.h:61:58: error: ‘int’ is not a class, struct, or union type
[22.635s]    61 |   typedef typename std::tuple_element<1, Messages>::type M1;
[22.635s]       |                                                          ^~
[22.636s] /opt/ros/jazzy/include/message_filters/message_filters/synchronizer.h:62:58: error: ‘int’ is not a class, struct, or union type
[22.636s]    62 |   typedef typename std::tuple_element<2, Messages>::type M2;
[22.636s]       |                                                          ^~
[22.636s] /opt/ros/jazzy/include/message_filters/message_filters/synchronizer.h:63:58: error: ‘int’ is not a class, struct, or union type
[22.636s]    63 |   typedef typename std::tuple_element<3, Messages>::type M3;
[22.636s]       |                                                          ^~
[22.638s] /opt/ros/jazzy/include/message_filters/message_filters/synchronizer.h:64:58: error: ‘int’ is not a class, struct, or union type
[22.638s]    64 |   typedef typename std::tuple_element<4, Messages>::type M4;
[22.639s]       |                                                          ^~
[22.639s] /opt/ros/jazzy/include/message_filters/message_filters/synchronizer.h:65:58: error: ‘int’ is not a class, struct, or union type
[22.639s]    65 |   typedef typename std::tuple_element<5, Messages>::type M5;
[22.639s]       |                                                          ^~
[22.639s] /opt/ros/jazzy/include/message_filters/message_filters/synchronizer.h:66:58: error: ‘int’ is not a class, struct, or union type
[22.639s]    66 |   typedef typename std::tuple_element<6, Messages>::type M6;
[22.639s]       |                                                          ^~
[22.640s] /opt/ros/jazzy/include/message_filters/message_filters/synchronizer.h:67:58: error: ‘int’ is not a class, struct, or union type
[22.640s]    67 |   typedef typename std::tuple_element<7, Messages>::type M7;
[22.640s]       |                                                          ^~
[22.640s] /opt/ros/jazzy/include/message_filters/message_filters/synchronizer.h:68:58: error: ‘int’ is not a class, struct, or union type
[22.640s]    68 |   typedef typename std::tuple_element<8, Messages>::type M8;
[22.640s]       |                                                          ^~
[22.640s] /opt/ros/jazzy/include/message_filters/message_filters/synchronizer.h:71:56: error: ‘int’ is not a class, struct, or union type
[22.643s]    71 |   typedef typename std::tuple_element<0, Events>::type M0Event;
[22.643s]       |                                                        ^~~~~~~
[22.643s] /opt/ros/jazzy/include/message_filters/message_filters/synchronizer.h:72:56: error: ‘int’ is not a class, struct, or union type
[22.643s]    72 |   typedef typename std::tuple_element<1, Events>::type M1Event;
[22.643s]       |                                                        ^~~~~~~
[22.643s] /opt/ros/jazzy/include/message_filters/message_filters/synchronizer.h:73:56: error: ‘int’ is not a class, struct, or union type
[22.644s]    73 |   typedef typename std::tuple_element<2, Events>::type M2Event;
[22.644s]       |                                                        ^~~~~~~
[22.644s] /opt/ros/jazzy/include/message_filters/message_filters/synchronizer.h:74:56: error: ‘int’ is not a class, struct, or union type
[22.644s]    74 |   typedef typename std::tuple_element<3, Events>::type M3Event;
[22.644s]       |                                                        ^~~~~~~
[22.644s] /opt/ros/jazzy/include/message_filters/message_filters/synchronizer.h:75:56: error: ‘int’ is not a class, struct, or union type
[22.646s]    75 |   typedef typename std::tuple_element<4, Events>::type M4Event;
[22.647s]       |                                                        ^~~~~~~
[22.647s] /opt/ros/jazzy/include/message_filters/message_filters/synchronizer.h:76:56: error: ‘int’ is not a class, struct, or union type
[22.647s]    76 |   typedef typename std::tuple_element<5, Events>::type M5Event;
[22.647s]       |                                                        ^~~~~~~
[22.647s] /opt/ros/jazzy/include/message_filters/message_filters/synchronizer.h:77:56: error: ‘int’ is not a class, struct, or union type
[22.647s]    77 |   typedef typename std::tuple_element<6, Events>::type M6Event;
[22.647s]       |                                                        ^~~~~~~
[22.647s] /opt/ros/jazzy/include/message_filters/message_filters/synchronizer.h:78:56: error: ‘int’ is not a class, struct, or union type
[22.648s]    78 |   typedef typename std::tuple_element<7, Events>::type M7Event;
[22.648s]       |                                                        ^~~~~~~
[22.648s] /opt/ros/jazzy/include/message_filters/message_filters/synchronizer.h:79:56: error: ‘int’ is not a class, struct, or union type
[22.648s]    79 |   typedef typename std::tuple_element<8, Events>::type M8Event;
[22.648s]       |                                                        ^~~~~~~
[22.648s] /opt/ros/jazzy/include/message_filters/message_filters/synchronizer.h:325:17: error: ‘int’ is not a class, namespace, or enumeration
[22.650s]   325 |   using Policy::add;
[22.651s]       |                 ^~~
[22.651s] /opt/ros/jazzy/include/message_filters/message_filters/synchronizer.h:328:8: error: ‘int’ is not a class, struct, or union type
[22.651s]   328 |   void add(const std::shared_ptr<typename std::tuple_element<i, Messages>::type const>& msg)
[22.651s]       |        ^~~
[22.651s] /opt/ros/jazzy/include/message_filters/message_filters/synchronizer.h:344:8: error: ‘int’ is not a class, struct, or union type
[22.651s]   344 |   void cb(const typename std::tuple_element<i, Events>::type& evt)
[22.651s]       |        ^~
[22.651s] /home/neha/ros2_ws/src/semnav_migration/src/navigation_semantic.cpp:148:55: error: ‘bind’ is not a member of ‘boost’; did you mean ‘find’?
[22.652s]   148 |                         sync->registerCallback(boost::bind(&SemanticNavigationNode::control_callback, this, _1, _2));
[22.652s]       |                                                       ^~~~
[22.652s]       |                                                       find
[22.652s] /home/neha/ros2_ws/src/semnav_migration/src/navigation_semantic.cpp:148:109: error: ‘_1’ was not declared in this scope
[22.652s]   148 |                         sync->registerCallback(boost::bind(&SemanticNavigationNode::control_callback, this, _1, _2));
[22.652s]       |                                                                                                             ^~
[22.654s] /home/neha/ros2_ws/src/semnav_migration/src/navigation_semantic.cpp:148:109: note: suggested alternatives:
[22.655s] In file included from /usr/include/boost/mpl/aux_/include_preprocessed.hpp:37,
[22.655s]                  from /usr/include/boost/mpl/placeholders.hpp:43,
[22.655s]                  from /usr/include/boost/iterator/iterator_categories.hpp:16,
[22.655s]                  from /usr/include/boost/iterator/iterator_facade.hpp:13,
[22.655s]                  from /usr/include/boost/range/iterator_range_core.hpp:27,
[22.655s]                  from /usr/include/boost/lexical_cast.hpp:48,
[22.655s]                  from /usr/include/boost/multiprecision/detail/number_base.hpp:29,
[22.655s]                  from /usr/include/boost/multiprecision/traits/is_variable_precision.hpp:9,
[22.656s]                  from /usr/include/boost/multiprecision/detail/precision.hpp:9,
[22.656s]                  from /usr/include/boost/multiprecision/number.hpp:11,
[22.656s]                  from /usr/include/boost/multiprecision/cpp_int.hpp:19,
[22.656s]                  from /usr/include/boost/multiprecision/cpp_bin_float.hpp:15,
[22.656s]                  from /usr/include/boost/geometry/core/coordinate_promotion.hpp:16,
[22.656s]                  from /usr/include/boost/geometry/core/radian_access.hpp:30,
[22.658s]                  from /usr/include/boost/geometry/geometry.hpp:50,
[22.659s]                  from /usr/include/boost/geometry.hpp:17,
[22.659s]                  from /home/neha/ros2_ws/src/semnav_migration/include/reactive_planner_lib.h:26:
[22.659s] /usr/include/boost/mpl/aux_/preprocessed/gcc/placeholders.hpp:29:16: note:   ‘mpl_::_1’
[22.659s]    29 | typedef arg<1> _1;
[22.659s]       |                ^~
[22.659s] In file included from /usr/include/boost/numeric/conversion/converter_policies.hpp:13,
[22.659s]                  from /usr/include/boost/numeric/conversion/converter.hpp:14,
[22.659s]                  from /usr/include/boost/numeric/conversion/cast.hpp:33,
[22.660s]                  from /usr/include/boost/geometry/core/radian_access.hpp:26:
[22.660s] /usr/include/c++/13/functional:294:48: note:   ‘std::placeholders::_1’
[22.660s]   294 |     _GLIBCXX_PLACEHOLDER const _Placeholder<1> _1;
[22.660s]       |                                                ^~
[22.660s] /usr/include/boost/mpl/aux_/preprocessed/gcc/placeholders.hpp:29:16: note:   ‘mpl_::_1’
[22.660s]    29 | typedef arg<1> _1;
[22.662s]       |                ^~
[22.663s] In file included from /usr/include/boost/describe/members.hpp:20,
[22.663s]                  from /usr/include/boost/container_hash/is_described_class.hpp:11,
[22.663s]                  from /usr/include/boost/container_hash/hash.hpp:18,
[22.663s]                  from /usr/include/boost/functional/hash.hpp:6,
[22.663s]                  from /usr/include/CGAL/Kernel/hash_functions.h:16,
[22.663s]                  from /usr/include/CGAL/Kernel/global_functions.h:25,
[22.663s]                  from /usr/include/CGAL/Cartesian/Cartesian_base.h:22,
[22.663s]                  from /usr/include/CGAL/Simple_cartesian.h:20,
[22.663s]                  from /usr/include/CGAL/Exact_predicates_inexact_constructions_kernel.h:20,
[22.664s]                  from /home/neha/ros2_ws/src/semnav_migration/include/polygeom_lib.h:32,
[22.664s]                  from /home/neha/ros2_ws/src/semnav_migration/include/reactive_planner_lib.h:50:
[22.664s] /usr/include/boost/mp11/bind.hpp:45:7: note:   ‘boost::mp11::_1’
[22.664s]    45 | using _1 = mp_arg<0>;
[22.664s]       |       ^~
[22.664s] /usr/include/boost/mpl/aux_/preprocessed/gcc/placeholders.hpp:29:16: note:   ‘mpl_::_1’
[22.666s]    29 | typedef arg<1> _1;
[22.667s]       |                ^~
[22.667s] /home/neha/ros2_ws/src/semnav_migration/src/navigation_semantic.cpp:148:113: error: ‘_2’ was not declared in this scope
[22.667s]   148 |                         sync->registerCallback(boost::bind(&SemanticNavigationNode::control_callback, this, _1, _2));
[22.667s]       |                                                                                                                 ^~
[22.667s] /home/neha/ros2_ws/src/semnav_migration/src/navigation_semantic.cpp:148:113: note: suggested alternatives:
[22.667s] /usr/include/boost/mpl/aux_/preprocessed/gcc/placeholders.hpp:42:16: note:   ‘mpl_::_2’
[22.667s]    42 | typedef arg<2> _2;
[22.668s]       |                ^~
[22.668s] /usr/include/c++/13/functional:295:48: note:   ‘std::placeholders::_2’
[22.668s]   295 |     _GLIBCXX_PLACEHOLDER const _Placeholder<2> _2;
[22.668s]       |                                                ^~
[22.668s] /usr/include/boost/mpl/aux_/preprocessed/gcc/placeholders.hpp:42:16: note:   ‘mpl_::_2’
[22.668s]    42 | typedef arg<2> _2;
[22.668s]       |                ^~
[22.670s] /usr/include/boost/mp11/bind.hpp:46:7: note:   ‘boost::mp11::_2’
[22.671s]    46 | using _2 = mp_arg<1>;
[22.671s]       |       ^~
[22.671s] /usr/include/boost/mpl/aux_/preprocessed/gcc/placeholders.hpp:42:16: note:   ‘mpl_::_2’
[22.671s]    42 | typedef arg<2> _2;
[22.671s]       |                ^~
[22.671s] /home/neha/ros2_ws/src/semnav_migration/src/navigation_semantic.cpp:150:25: error: ‘ros’ has not been declared
[22.671s]   150 |                         ros::Subscriber sub_semantic = nh_.subscribe(sub_semantic_topic_, 1, &SemanticNavigationNode::diffeo_tree_update, this);
[22.672s]       |                         ^~~
[22.672s] /home/neha/ros2_ws/src/semnav_migration/src/navigation_semantic.cpp:154:25: error: ‘ros’ has not been declared
[22.672s]   154 |                         ros::Duration(5.0).sleep();
[22.672s]       |                         ^~~
[22.672s] /home/neha/ros2_ws/src/semnav_migration/src/navigation_semantic.cpp:161:25: error: ‘ros’ has not been declared
[22.672s]   161 |                         ros::spin();
[22.672s]       |                         ^~~
[22.688s] /home/neha/ros2_ws/src/semnav_migration/src/navigation.cpp:105:25: error: ‘target_object_length_’ was not declared in this scope
[22.688s]   105 |                         target_object_length_ = this->get_parameter("target_object_length").as_double();
[22.688s]       |                         ^~~~~~~~~~~~~~~~~~~~~
[22.693s] /home/neha/ros2_ws/src/semnav_migration/src/navigation_semantic.cpp: In member function ‘void SemanticNavigationNode::publish_twist(double, double)’:
[22.693s] /home/neha/ros2_ws/src/semnav_migration/src/navigation_semantic.cpp:168:25: error: ‘pub_twist_’ was not declared in this scope; did you mean ‘publish_twist’?
[22.693s]   168 |                         pub_twist_.publish(commandTwist);
[22.694s]       |                         ^~~~~~~~~~
[22.694s]       |                         publish_twist
[22.697s] /home/neha/ros2_ws/src/semnav_migration/src/navigation_semantic.cpp: In member function ‘void SemanticNavigationNode::publish_behavior_id(uint16_t)’:
[22.697s] /home/neha/ros2_ws/src/semnav_migration/src/navigation_semantic.cpp:173:32: error: ‘UInt32’ is not a member of ‘std_msgs::msg’
[22.697s]   173 |                 std_msgs::msg::UInt32 commandId;
[22.698s]       |                                ^~~~~~
[22.741s] /home/neha/ros2_ws/src/semnav_migration/src/navigation_semantic.cpp:174:25: error: ‘commandId’ was not declared in this scope
[22.742s]   174 |                         commandId.data = BehaviorIdCmd;
[22.742s]       |                         ^~~~~~~~~
[22.821s] /home/neha/ros2_ws/src/semnav_migration/src/navigation_semantic.cpp:175:25: error: ‘pub_behaviorID_’ was not declared in this scope; did you mean ‘pub_behaviorID_topic_’?
[22.821s]   175 |                         pub_behaviorID_.publish(commandId);
[22.821s]       |                         ^~~~~~~~~~~~~~~
[22.821s]       |                         pub_behaviorID_topic_
[22.826s] /home/neha/ros2_ws/src/semnav_migration/src/navigation_semantic.cpp: In member function ‘void SemanticNavigationNode::publish_behavior_mode(uint16_t)’:
[22.826s] /home/neha/ros2_ws/src/semnav_migration/src/navigation_semantic.cpp:180:28: error: ‘UInt32’ is not a member of ‘std_msgs::msg’
[22.827s]   180 |             std_msgs::msg::UInt32 commandMode;
[22.827s]       |                            ^~~~~~
[22.827s] /home/neha/ros2_ws/src/semnav_migration/src/navigation.cpp:106:25: error: ‘target_object_width_’ was not declared in this scope
[22.827s]   106 |                         target_object_width_ = this->get_parameter("target_object_width").as_double();
[22.827s]       |                         ^~~~~~~~~~~~~~~~~~~~
[22.835s] /home/neha/ros2_ws/src/semnav_migration/src/navigation.cpp:138:69: error: ‘UInt32’ is not a member of ‘std_msgs::msg’
[22.835s]   138 |             pub_behaviorID_ = this->create_publisher<std_msgs::msg::UInt32>("pub_behaviorID_topic_", 1);
[22.835s]       |                                                                     ^~~~~~
[22.837s] /home/neha/ros2_ws/src/semnav_migration/src/navigation.cpp:138:76: error: no matching function for call to ‘NavigationNode::create_publisher<<expression error> >(const char [22], int)’
[22.837s]   138 |             pub_behaviorID_ = this->create_publisher<std_msgs::msg::UInt32>("pub_behaviorID_topic_", 1);
[22.837s]       |                               ~~~~~~~~~~~~~~~~~~~~~~~~~~~~~~~~~~~~~~~~~~~~~^~~~~~~~~~~~~~~~~~~~~~~~~~~~
[22.837s] /opt/ros/jazzy/include/rclcpp/rclcpp/node.hpp:197:3: note: candidate: ‘template<class MessageT, class AllocatorT, class PublisherT> std::shared_ptr<PublisherT> rclcpp::Node::create_publisher(const std::string&, const rclcpp::QoS&, const rclcpp::PublisherOptionsWithAllocator<AllocatorT>&)’
[22.837s]   197 |   create_publisher(
[22.837s]       |   ^~~~~~~~~~~~~~~~
[22.837s] /opt/ros/jazzy/include/rclcpp/rclcpp/node.hpp:197:3: note:   template argument deduction/substitution failed:
[22.838s] /home/neha/ros2_ws/src/semnav_migration/src/navigation.cpp:138:76: error: template argument 1 is invalid
[22.838s]   138 |             pub_behaviorID_ = this->create_publisher<std_msgs::msg::UInt32>("pub_behaviorID_topic_", 1);
[22.838s]       |                               ~~~~~~~~~~~~~~~~~~~~~~~~~~~~~~~~~~~~~~~~~~~~~^~~~~~~~~~~~~~~~~~~~~~~~~~~~
[22.843s] /home/neha/ros2_ws/src/semnav_migration/src/navigation.cpp:139:71: error: ‘UInt32’ is not a member of ‘std_msgs::msg’
[22.843s]   139 |             pub_behaviorMode_ = this->create_publisher<std_msgs::msg::UInt32>("pub_behaviorMode_topic_", 1);
[22.843s]       |                                                                       ^~~~~~
[22.843s] /home/neha/ros2_ws/src/semnav_migration/src/navigation.cpp:139:78: error: no matching function for call to ‘NavigationNode::create_publisher<<expression error> >(const char [24], int)’
[22.843s]   139 |             pub_behaviorMode_ = this->create_publisher<std_msgs::msg::UInt32>("pub_behaviorMode_topic_", 1);
[22.843s]       |                                 ~~~~~~~~~~~~~~~~~~~~~~~~~~~~~~~~~~~~~~~~~~~~~^~~~~~~~~~~~~~~~~~~~~~~~~~~~~~
[22.843s] /opt/ros/jazzy/include/rclcpp/rclcpp/node.hpp:197:3: note: candidate: ‘template<class MessageT, class AllocatorT, class PublisherT> std::shared_ptr<PublisherT> rclcpp::Node::create_publisher(const std::string&, const rclcpp::QoS&, const rclcpp::PublisherOptionsWithAllocator<AllocatorT>&)’
[22.843s]   197 |   create_publisher(
[22.844s]       |   ^~~~~~~~~~~~~~~~
[22.844s] /opt/ros/jazzy/include/rclcpp/rclcpp/node.hpp:197:3: note:   template argument deduction/substitution failed:
[22.844s] /home/neha/ros2_ws/src/semnav_migration/src/navigation.cpp:139:78: error: template argument 1 is invalid
[22.844s]   139 |             pub_behaviorMode_ = this->create_publisher<std_msgs::msg::UInt32>("pub_behaviorMode_topic_", 1);
[22.844s]       |                                 ~~~~~~~~~~~~~~~~~~~~~~~~~~~~~~~~~~~~~~~~~~~~~^~~~~~~~~~~~~~~~~~~~~~~~~~~~~~
[22.849s] /home/neha/ros2_ws/src/semnav_migration/src/navigation.cpp:140:64: error: ‘UInt32’ is not a member of ‘std_msgs::msg’
[22.849s]   140 |             pub_twist_ = this->create_publisher<std_msgs::msg::UInt32>("pub_twist_topic_", 1);
[22.849s]       |                                                                ^~~~~~
[22.849s] /home/neha/ros2_ws/src/semnav_migration/src/navigation.cpp:140:71: error: no matching function for call to ‘NavigationNode::create_publisher<<expression error> >(const char [17], int)’
[22.849s]   140 |             pub_twist_ = this->create_publisher<std_msgs::msg::UInt32>("pub_twist_topic_", 1);
[22.849s]       |                          ~~~~~~~~~~~~~~~~~~~~~~~~~~~~~~~~~~~~~~~~~~~~~^~~~~~~~~~~~~~~~~~~~~~~
[22.850s] /opt/ros/jazzy/include/rclcpp/rclcpp/node.hpp:197:3: note: candidate: ‘template<class MessageT, class AllocatorT, class PublisherT> std::shared_ptr<PublisherT> rclcpp::Node::create_publisher(const std::string&, const rclcpp::QoS&, const rclcpp::PublisherOptionsWithAllocator<AllocatorT>&)’
[22.850s]   197 |   create_publisher(
[22.850s]       |   ^~~~~~~~~~~~~~~~
[22.850s] /opt/ros/jazzy/include/rclcpp/rclcpp/node.hpp:197:3: note:   template argument deduction/substitution failed:
[22.850s] /home/neha/ros2_ws/src/semnav_migration/src/navigation.cpp:140:71: error: template argument 1 is invalid
[22.850s]   140 |             pub_twist_ = this->create_publisher<std_msgs::msg::UInt32>("pub_twist_topic_", 1);
[22.852s]       |                          ~~~~~~~~~~~~~~~~~~~~~~~~~~~~~~~~~~~~~~~~~~~~~^~~~~~~~~~~~~~~~~~~~~~~
[22.889s] /home/neha/ros2_ws/src/semnav_migration/src/navigation_semantic.cpp:181:25: error: ‘commandMode’ was not declared in this scope
[22.889s]   181 |                         commandMode.data = BehaviorModeCmd;
[22.890s]       |                         ^~~~~~~~~~~
[22.917s] /home/neha/ros2_ws/src/semnav_migration/src/navigation.cpp:143:116: error: no matching function for call to ‘message_filters::Subscriber<sensor_msgs::msg::LaserScan_<std::allocator<void> > >::Subscriber(rclcpp::Node&, std::string&, int)’
[22.918s]   143 |                         message_filters::Subscriber<sensor_msgs::msg::LaserScan> sub_laser(nh_, sub_laser_topic_, 1);
[22.918s]       |                                                                                                                    ^
[22.920s] In file included from /home/neha/ros2_ws/src/semnav_migration/include/reactive_planner_lib.h:43:
[22.920s] /opt/ros/jazzy/include/message_filters/message_filters/subscriber.h:224:3: note: candidate: ‘message_filters::Subscriber<M, NodeType>::Subscriber() [with M = sensor_msgs::msg::LaserScan_<std::allocator<void> >; NodeType = rclcpp::Node]’
[22.920s]   224 |   Subscriber() = default;
[22.920s]       |   ^~~~~~~~~~
[22.920s] /opt/ros/jazzy/include/message_filters/message_filters/subscriber.h:224:3: note:   candidate expects 0 arguments, 3 provided
[22.921s] /opt/ros/jazzy/include/message_filters/message_filters/subscriber.h:212:3: note: candidate: ‘message_filters::Subscriber<M, NodeType>::Subscriber(NodeType*, const std::string&, rmw_qos_profile_t, rclcpp::SubscriptionOptions) [with M = sensor_msgs::msg::LaserScan_<std::allocator<void> >; NodeType = rclcpp::Node; std::string = std::__cxx11::basic_string<char>; rmw_qos_profile_t = rmw_qos_profile_s; rclcpp::SubscriptionOptions = rclcpp::SubscriptionOptionsWithAllocator<std::allocator<void> >]’
[22.921s]   212 |   Subscriber(
[22.921s]       |   ^~~~~~~~~~
[22.921s] /opt/ros/jazzy/include/message_filters/message_filters/subscriber.h:212:3: note:   candidate expects 4 arguments, 3 provided
[22.921s] /opt/ros/jazzy/include/message_filters/message_filters/subscriber.h:203:3: note: candidate: ‘message_filters::Subscriber<M, NodeType>::Subscriber(NodePtr, const std::string&, rmw_qos_profile_t, rclcpp::SubscriptionOptions) [with M = sensor_msgs::msg::LaserScan_<std::allocator<void> >; NodeType = rclcpp::Node; NodePtr = std::shared_ptr<rclcpp::Node>; std::string = std::__cxx11::basic_string<char>; rmw_qos_profile_t = rmw_qos_profile_s; rclcpp::SubscriptionOptions = rclcpp::SubscriptionOptionsWithAllocator<std::allocator<void> >]’
[22.921s]   203 |   Subscriber(
[22.923s]       |   ^~~~~~~~~~
[22.924s] /opt/ros/jazzy/include/message_filters/message_filters/subscriber.h:203:3: note:   candidate expects 4 arguments, 3 provided
[22.924s] /opt/ros/jazzy/include/message_filters/message_filters/subscriber.h:188:3: note: candidate: ‘message_filters::Subscriber<M, NodeType>::Subscriber(NodeType*, const std::string&, rmw_qos_profile_t) [with M = sensor_msgs::msg::LaserScan_<std::allocator<void> >; NodeType = rclcpp::Node; std::string = std::__cxx11::basic_string<char>; rmw_qos_profile_t = rmw_qos_profile_s]’
[22.924s]   188 |   Subscriber(NodeType * node, const std::string& topic, const rmw_qos_profile_t qos = rmw_qos_profile_default)
[22.924s]       |   ^~~~~~~~~~
[22.924s] /opt/ros/jazzy/include/message_filters/message_filters/subscriber.h:188:25: note:   no known conversion for argument 1 from ‘rclcpp::Node’ to ‘rclcpp::Node*’
[22.924s]   188 |   Subscriber(NodeType * node, const std::string& topic, const rmw_qos_profile_t qos = rmw_qos_profile_default)
[22.924s]       |              ~~~~~~~~~~~^~~~
[22.925s] /opt/ros/jazzy/include/message_filters/message_filters/subscriber.h:183:3: note: candidate: ‘message_filters::Subscriber<M, NodeType>::Subscriber(NodePtr, const std::string&, rmw_qos_profile_t) [with M = sensor_msgs::msg::LaserScan_<std::allocator<void> >; NodeType = rclcpp::Node; NodePtr = std::shared_ptr<rclcpp::Node>; std::string = std::__cxx11::basic_string<char>; rmw_qos_profile_t = rmw_qos_profile_s]’
[22.925s]   183 |   Subscriber(NodePtr node, const std::string& topic, const rmw_qos_profile_t qos = rmw_qos_profile_default)
[22.925s]       |   ^~~~~~~~~~
[22.925s] /opt/ros/jazzy/include/message_filters/message_filters/subscriber.h:183:22: note:   no known conversion for argument 1 from ‘rclcpp::Node’ to ‘message_filters::Subscriber<sensor_msgs::msg::LaserScan_<std::allocator<void> > >::NodePtr’ {aka ‘std::shared_ptr<rclcpp::Node>’}
[22.925s]   183 |   Subscriber(NodePtr node, const std::string& topic, const rmw_qos_profile_t qos = rmw_qos_profile_default)
[22.925s]       |              ~~~~~~~~^~~~
[22.987s] /home/neha/ros2_ws/src/semnav_migration/src/navigation.cpp:144:112: error: no matching function for call to ‘message_filters::Subscriber<nav_msgs::msg::Odometry_<std::allocator<void> > >::Subscriber(rclcpp::Node&, std::string&, int)’
[22.987s]   144 |                         message_filters::Subscriber<nav_msgs::msg::Odometry> sub_robot(nh_, sub_robot_topic_, 1);
[22.987s]       |                                                                                                                ^
[22.988s] /opt/ros/jazzy/include/message_filters/message_filters/subscriber.h:224:3: note: candidate: ‘message_filters::Subscriber<M, NodeType>::Subscriber() [with M = nav_msgs::msg::Odometry_<std::allocator<void> >; NodeType = rclcpp::Node]’
[22.988s]   224 |   Subscriber() = default;
[22.988s]       |   ^~~~~~~~~~
[22.991s] /opt/ros/jazzy/include/message_filters/message_filters/subscriber.h:224:3: note:   candidate expects 0 arguments, 3 provided
[22.991s] /opt/ros/jazzy/include/message_filters/message_filters/subscriber.h:212:3: note: candidate: ‘message_filters::Subscriber<M, NodeType>::Subscriber(NodeType*, const std::string&, rmw_qos_profile_t, rclcpp::SubscriptionOptions) [with M = nav_msgs::msg::Odometry_<std::allocator<void> >; NodeType = rclcpp::Node; std::string = std::__cxx11::basic_string<char>; rmw_qos_profile_t = rmw_qos_profile_s; rclcpp::SubscriptionOptions = rclcpp::SubscriptionOptionsWithAllocator<std::allocator<void> >]’
[22.991s]   212 |   Subscriber(
[22.991s]       |   ^~~~~~~~~~
[22.992s] /opt/ros/jazzy/include/message_filters/message_filters/subscriber.h:212:3: note:   candidate expects 4 arguments, 3 provided
[22.992s] /opt/ros/jazzy/include/message_filters/message_filters/subscriber.h:203:3: note: candidate: ‘message_filters::Subscriber<M, NodeType>::Subscriber(NodePtr, const std::string&, rmw_qos_profile_t, rclcpp::SubscriptionOptions) [with M = nav_msgs::msg::Odometry_<std::allocator<void> >; NodeType = rclcpp::Node; NodePtr = std::shared_ptr<rclcpp::Node>; std::string = std::__cxx11::basic_string<char>; rmw_qos_profile_t = rmw_qos_profile_s; rclcpp::SubscriptionOptions = rclcpp::SubscriptionOptionsWithAllocator<std::allocator<void> >]’
[22.992s]   203 |   Subscriber(
[22.992s]       |   ^~~~~~~~~~
[22.992s] /opt/ros/jazzy/include/message_filters/message_filters/subscriber.h:203:3: note:   candidate expects 4 arguments, 3 provided
[22.992s] /opt/ros/jazzy/include/message_filters/message_filters/subscriber.h:188:3: note: candidate: ‘message_filters::Subscriber<M, NodeType>::Subscriber(NodeType*, const std::string&, rmw_qos_profile_t) [with M = nav_msgs::msg::Odometry_<std::allocator<void> >; NodeType = rclcpp::Node; std::string = std::__cxx11::basic_string<char>; rmw_qos_profile_t = rmw_qos_profile_s]’
[22.995s]   188 |   Subscriber(NodeType * node, const std::string& topic, const rmw_qos_profile_t qos = rmw_qos_profile_default)
[22.995s]       |   ^~~~~~~~~~
[22.995s] /opt/ros/jazzy/include/message_filters/message_filters/subscriber.h:188:25: note:   no known conversion for argument 1 from ‘rclcpp::Node’ to ‘rclcpp::Node*’
[22.995s]   188 |   Subscriber(NodeType * node, const std::string& topic, const rmw_qos_profile_t qos = rmw_qos_profile_default)
[22.995s]       |              ~~~~~~~~~~~^~~~
[22.995s] /opt/ros/jazzy/include/message_filters/message_filters/subscriber.h:183:3: note: candidate: ‘message_filters::Subscriber<M, NodeType>::Subscriber(NodePtr, const std::string&, rmw_qos_profile_t) [with M = nav_msgs::msg::Odometry_<std::allocator<void> >; NodeType = rclcpp::Node; NodePtr = std::shared_ptr<rclcpp::Node>; std::string = std::__cxx11::basic_string<char>; rmw_qos_profile_t = rmw_qos_profile_s]’
[22.995s]   183 |   Subscriber(NodePtr node, const std::string& topic, const rmw_qos_profile_t qos = rmw_qos_profile_default)
[22.996s]       |   ^~~~~~~~~~
[22.996s] /opt/ros/jazzy/include/message_filters/message_filters/subscriber.h:183:22: note:   no known conversion for argument 1 from ‘rclcpp::Node’ to ‘message_filters::Subscriber<nav_msgs::msg::Odometry_<std::allocator<void> > >::NodePtr’ {aka ‘std::shared_ptr<rclcpp::Node>’}
[22.996s]   183 |   Subscriber(NodePtr node, const std::string& topic, const rmw_qos_profile_t qos = rmw_qos_profile_default)
[22.996s]       |              ~~~~~~~~^~~~
[22.996s] /home/neha/ros2_ws/src/semnav_migration/src/navigation_semantic.cpp:182:25: error: ‘pub_behaviorMode_’ was not declared in this scope; did you mean ‘pub_behaviorMode_topic_’?
[22.996s]   182 |                         pub_behaviorMode_.publish(commandMode);
[22.999s]       |                         ^~~~~~~~~~~~~~~~~
[22.999s]       |                         pub_behaviorMode_topic_
[23.044s] /home/neha/ros2_ws/src/semnav_migration/src/navigation_semantic.cpp: In member function ‘void SemanticNavigationNode::diffeo_tree_update(const object_pose_interface_msgs::msg::SemanticMapObjectArray_<std::allocator<void> >::ConstPtr&)’:
[23.044s] /home/neha/ros2_ws/src/semnav_migration/src/navigation_semantic.cpp:252:29: error: ‘ros’ has not been declared
[23.044s]   252 |                         if (ros::Time::now().toSec() - DiffeoTreeUpdateTime_ < (1.0/DiffeoTreeUpdateRate_)) {
[23.044s]       |                             ^~~
[23.044s] /home/neha/ros2_ws/src/semnav_migration/src/navigation_semantic.cpp:256:53: error: ‘ros’ has not been declared
[23.045s]   256 |                                 double start_time = ros::Time::now().toSec();
[23.045s]       |                                                     ^~~
[23.048s] /home/neha/ros2_ws/src/semnav_migration/src/navigation_semantic.cpp:267:49: error: ‘tf’ has not been declared
[23.049s]   267 |                                                 tf::Quaternion rotation = tf::Quaternion(semantic_map_data->objects[i].pose.pose.orientation.x,
[23.049s]       |                                                 ^~
[23.049s] /home/neha/ros2_ws/src/semnav_migration/src/navigation_semantic.cpp:272:49: error: ‘tf’ has not been declared
[23.049s]   272 |                                                 tf::Matrix3x3 m(rotation);
[23.049s]       |                                                 ^~
[23.049s] /home/neha/ros2_ws/src/semnav_migration/src/navigation_semantic.cpp:275:49: error: ‘tf’ has not been declared
[23.049s]   275 |                                                 tf::Vector3 target_nominal_1(-0.5*target_object_width_ - ObstacleDilation_ - 0.08, 0.0, 0.0);
[23.049s]       |                                                 ^~
[23.050s] /home/neha/ros2_ws/src/semnav_migration/src/navigation_semantic.cpp:276:49: error: ‘tf’ has not been declared
[23.050s]   276 |                                                 tf::Vector3 target_nominal_2(0.5*target_object_width_ + ObstacleDilation_ + 0.25, 0.0, 0.0);
[23.050s]       |                                                 ^~
[23.050s] /home/neha/ros2_ws/src/semnav_migration/src/navigation_semantic.cpp:277:49: error: ‘tf’ has not been declared
[23.050s]   277 |                                                 tf::Vector3 target_nominal_1_rotated = tf::quatRotate(rotation, target_nominal_1);
[23.050s]       |                                                 ^~
[23.054s] /home/neha/ros2_ws/src/semnav_migration/src/navigation_semantic.cpp:278:49: error: ‘tf’ has not been declared
[23.054s]   278 |                                                 tf::Vector3 target_nominal_2_rotated = tf::quatRotate(rotation, target_nominal_2);
[23.054s]       |                                                 ^~
[23.083s] /home/neha/ros2_ws/src/semnav_migration/src/navigation_semantic.cpp:280:49: error: ‘m’ was not declared in this scope; did you mean ‘tm’?
[23.083s]   280 |                                                 m.getRPY(roll, pitch, yaw);
[23.083s]       |                                                 ^
[23.083s]       |                                                 tm
[23.138s] /home/neha/ros2_ws/src/semnav_migration/src/navigation.cpp:149:55: error: ‘bind’ is not a member of ‘boost’; did you mean ‘find’?
[23.138s]   149 |                         sync->registerCallback(boost::bind(&NavigationNode::control_callback, this, _1, _2));
[23.138s]       |                                                       ^~~~
[23.138s]       |                                                       find
[23.141s] /home/neha/ros2_ws/src/semnav_migration/src/navigation.cpp:149:101: error: ‘_1’ was not declared in this scope
[23.142s]   149 |                         sync->registerCallback(boost::bind(&NavigationNode::control_callback, this, _1, _2));
[23.142s]       |                                                                                                     ^~
[23.143s] /home/neha/ros2_ws/src/semnav_migration/src/navigation.cpp:149:101: note: suggested alternatives:
[23.143s] In file included from /usr/include/boost/mpl/aux_/include_preprocessed.hpp:37,
[23.143s]                  from /usr/include/boost/mpl/placeholders.hpp:43,
[23.143s]                  from /usr/include/boost/iterator/iterator_categories.hpp:16,
[23.143s]                  from /usr/include/boost/iterator/iterator_facade.hpp:13,
[23.143s]                  from /usr/include/boost/range/iterator_range_core.hpp:27,
[23.144s]                  from /usr/include/boost/lexical_cast.hpp:48,
[23.144s]                  from /usr/include/boost/multiprecision/detail/number_base.hpp:29,
[23.144s]                  from /usr/include/boost/multiprecision/traits/is_variable_precision.hpp:9,
[23.144s]                  from /usr/include/boost/multiprecision/detail/precision.hpp:9,
[23.144s]                  from /usr/include/boost/multiprecision/number.hpp:11,
[23.144s]                  from /usr/include/boost/multiprecision/cpp_int.hpp:19,
[23.144s]                  from /usr/include/boost/multiprecision/cpp_bin_float.hpp:15,
[23.147s]                  from /usr/include/boost/geometry/core/coordinate_promotion.hpp:16,
[23.147s]                  from /usr/include/boost/geometry/core/radian_access.hpp:30,
[23.147s]                  from /usr/include/boost/geometry/geometry.hpp:50,
[23.147s]                  from /usr/include/boost/geometry.hpp:17,
[23.147s]                  from /home/neha/ros2_ws/src/semnav_migration/include/reactive_planner_lib.h:26:
[23.147s] /usr/include/boost/mpl/aux_/preprocessed/gcc/placeholders.hpp:29:16: note:   ‘mpl_::_1’
[23.148s]    29 | typedef arg<1> _1;
[23.148s]       |                ^~
[23.148s] In file included from /usr/include/boost/numeric/conversion/converter_policies.hpp:13,
[23.148s]                  from /usr/include/boost/numeric/conversion/converter.hpp:14,
[23.148s]                  from /usr/include/boost/numeric/conversion/cast.hpp:33,
[23.148s]                  from /usr/include/boost/geometry/core/radian_access.hpp:26:
[23.150s] /usr/include/c++/13/functional:294:48: note:   ‘std::placeholders::_1’
[23.151s]   294 |     _GLIBCXX_PLACEHOLDER const _Placeholder<1> _1;
[23.151s]       |                                                ^~
[23.151s] /usr/include/boost/mpl/aux_/preprocessed/gcc/placeholders.hpp:29:16: note:   ‘mpl_::_1’
[23.151s]    29 | typedef arg<1> _1;
[23.151s]       |                ^~
[23.151s] In file included from /usr/include/boost/describe/members.hpp:20,
[23.151s]                  from /usr/include/boost/container_hash/is_described_class.hpp:11,
[23.151s]                  from /usr/include/boost/container_hash/hash.hpp:18,
[23.152s]                  from /usr/include/boost/functional/hash.hpp:6,
[23.152s]                  from /usr/include/CGAL/Kernel/hash_functions.h:16,
[23.152s]                  from /usr/include/CGAL/Kernel/global_functions.h:25,
[23.152s]                  from /usr/include/CGAL/Cartesian/Cartesian_base.h:22,
[23.152s]                  from /usr/include/CGAL/Simple_cartesian.h:20,
[23.152s]                  from /usr/include/CGAL/Exact_predicates_inexact_constructions_kernel.h:20,
[23.152s]                  from /home/neha/ros2_ws/src/semnav_migration/include/polygeom_lib.h:32,
[23.155s]                  from /home/neha/ros2_ws/src/semnav_migration/include/reactive_planner_lib.h:50:
[23.155s] /usr/include/boost/mp11/bind.hpp:45:7: note:   ‘boost::mp11::_1’
[23.155s]    45 | using _1 = mp_arg<0>;
[23.155s]       |       ^~
[23.155s] /usr/include/boost/mpl/aux_/preprocessed/gcc/placeholders.hpp:29:16: note:   ‘mpl_::_1’
[23.155s]    29 | typedef arg<1> _1;
[23.156s]       |                ^~
[23.156s] /home/neha/ros2_ws/src/semnav_migration/src/navigation.cpp:149:105: error: ‘_2’ was not declared in this scope
[23.156s]   149 |                         sync->registerCallback(boost::bind(&NavigationNode::control_callback, this, _1, _2));
[23.156s]       |                                                                                                         ^~
[23.156s] /home/neha/ros2_ws/src/semnav_migration/src/navigation.cpp:149:105: note: suggested alternatives:
[23.156s] /usr/include/boost/mpl/aux_/preprocessed/gcc/placeholders.hpp:42:16: note:   ‘mpl_::_2’
[23.158s]    42 | typedef arg<2> _2;
[23.159s]       |                ^~
[23.159s] /usr/include/c++/13/functional:295:48: note:   ‘std::placeholders::_2’
[23.159s]   295 |     _GLIBCXX_PLACEHOLDER const _Placeholder<2> _2;
[23.159s]       |                                                ^~
[23.159s] /usr/include/boost/mpl/aux_/preprocessed/gcc/placeholders.hpp:42:16: note:   ‘mpl_::_2’
[23.159s]    42 | typedef arg<2> _2;
[23.159s]       |                ^~
[23.159s] /usr/include/boost/mp11/bind.hpp:46:7: note:   ‘boost::mp11::_2’
[23.160s]    46 | using _2 = mp_arg<1>;
[23.160s]       |       ^~
[23.160s] /usr/include/boost/mpl/aux_/preprocessed/gcc/placeholders.hpp:42:16: note:   ‘mpl_::_2’
[23.160s]    42 | typedef arg<2> _2;
[23.160s]       |                ^~
[23.162s] /home/neha/ros2_ws/src/semnav_migration/src/navigation.cpp:152:20: error: ‘Subscription’ was not declared in this scope
[23.162s]   152 |             rclcpp:Subscription sub_semantic = this->create_subscriber(sub_semantic_topic_, 1);
[23.162s]       |                    ^~~~~~~~~~~~
[23.162s] /home/neha/ros2_ws/src/semnav_migration/src/navigation.cpp:152:20: note: suggested alternatives:
[23.162s] In file included from /opt/ros/jazzy/include/rclcpp/rclcpp/any_executable.hpp:25,
[23.162s]                  from /opt/ros/jazzy/include/rclcpp/rclcpp/memory_strategy.hpp:25,
[23.163s]                  from /opt/ros/jazzy/include/rclcpp/rclcpp/memory_strategies.hpp:18,
[23.163s]                  from /opt/ros/jazzy/include/rclcpp/rclcpp/executor_options.hpp:22,
[23.163s]                  from /opt/ros/jazzy/include/rclcpp/rclcpp/executor.hpp:38,
[23.163s]                  from /opt/ros/jazzy/include/rclcpp/rclcpp/executors/multi_threaded_executor.hpp:25,
[23.163s]                  from /opt/ros/jazzy/include/rclcpp/rclcpp/executors.hpp:21:
[23.163s] /opt/ros/jazzy/include/rclcpp/rclcpp/subscription.hpp:75:7: note:   ‘rclcpp::Subscription’
[23.166s]    75 | class Subscription : public SubscriptionBase
[23.167s]       |       ^~~~~~~~~~~~
[23.167s] In file included from /opt/ros/jazzy/include/rclcpp/rclcpp/client.hpp:45,
[23.167s]                  from /opt/ros/jazzy/include/rclcpp/rclcpp/callback_group.hpp:24,
[23.167s]                  from /opt/ros/jazzy/include/rclcpp/rclcpp/any_executable.hpp:20:
[23.167s] /opt/ros/jazzy/include/rclcpp/rclcpp/node_interfaces/node_graph_interface.hpp:43:3: note:   ‘rclcpp::EndpointType::Subscription’
[23.168s]    43 |   Subscription = RMW_ENDPOINT_SUBSCRIPTION
[23.168s]       |   ^~~~~~~~~~~~
[23.168s] /home/neha/ros2_ws/src/semnav_migration/src/navigation.cpp:156:45: error: no matching function for call to ‘rclcpp::Duration::Duration(double)’
[23.168s]   156 |                         rclcpp::Duration(5.0).sleep();
[23.168s]       |                                             ^
[23.168s] In file included from /opt/ros/jazzy/include/rclcpp/rclcpp/time.hpp:24,
[23.170s]                  from /opt/ros/jazzy/include/rclcpp/rclcpp/clock.hpp:24,
[23.171s]                  from /opt/ros/jazzy/include/rclcpp/rclcpp/client.hpp:38:
[23.171s] /opt/ros/jazzy/include/rclcpp/rclcpp/duration.hpp:49:3: note: candidate: ‘template<class Rep, class Period> rclcpp::Duration::Duration(const std::chrono::duration<_Rep1, _Period1>&)’
[23.171s]    49 |   Duration(const std::chrono::duration<Rep, Period> & duration)  // NOLINT(runtime/explicit)
[23.171s]       |   ^~~~~~~~
[23.171s] /opt/ros/jazzy/include/rclcpp/rclcpp/duration.hpp:49:3: note:   template argument deduction/substitution failed:
[23.171s] /home/neha/ros2_ws/src/semnav_migration/src/navigation.cpp:156:45: note:   mismatched types ‘const std::chrono::duration<_Rep1, _Period1>’ and ‘double’
[23.171s]   156 |                         rclcpp::Duration(5.0).sleep();
[23.172s]       |                                             ^
[23.172s] /opt/ros/jazzy/include/rclcpp/rclcpp/duration.hpp:159:3: note: candidate: ‘rclcpp::Duration::Duration()’
[23.172s]   159 |   Duration() = default;
[23.172s]       |   ^~~~~~~~
[23.172s] /opt/ros/jazzy/include/rclcpp/rclcpp/duration.hpp:159:3: note:   candidate expects 0 arguments, 1 provided
[23.172s] /opt/ros/jazzy/include/rclcpp/rclcpp/duration.hpp:62:3: note: candidate: ‘rclcpp::Duration::Duration(const rclcpp::Duration&)’
[23.172s]    62 |   Duration(const Duration & rhs);
[23.175s]       |   ^~~~~~~~
[23.175s] /opt/ros/jazzy/include/rclcpp/rclcpp/duration.hpp:62:29: note:   no known conversion for argument 1 from ‘double’ to ‘const rclcpp::Duration&’
[23.175s]    62 |   Duration(const Duration & rhs);
[23.175s]       |            ~~~~~~~~~~~~~~~~~^~~
[23.175s] /opt/ros/jazzy/include/rclcpp/rclcpp/duration.hpp:60:12: note: candidate: ‘rclcpp::Duration::Duration(const rcl_duration_t&)’
[23.175s]    60 |   explicit Duration(const rcl_duration_t & duration);
[23.175s]       |            ^~~~~~~~
[23.175s] /opt/ros/jazzy/include/rclcpp/rclcpp/duration.hpp:60:44: note:   no known conversion for argument 1 from ‘double’ to ‘const rcl_duration_t&’ {aka ‘const rcl_duration_s&’}
[23.176s]    60 |   explicit Duration(const rcl_duration_t & duration);
[23.176s]       |                     ~~~~~~~~~~~~~~~~~~~~~~~^~~~~~~~
[23.176s] /opt/ros/jazzy/include/rclcpp/rclcpp/duration.hpp:54:3: note: candidate: ‘rclcpp::Duration::Duration(const builtin_interfaces::msg::Duration&)’
[23.176s]    54 |   Duration(const builtin_interfaces::msg::Duration & duration_msg);  // NOLINT(runtime/explicit)
[23.176s]       |   ^~~~~~~~
[23.176s] /opt/ros/jazzy/include/rclcpp/rclcpp/duration.hpp:54:54: note:   no known conversion for argument 1 from ‘double’ to ‘const builtin_interfaces::msg::Duration&’ {aka ‘const builtin_interfaces::msg::Duration_<std::allocator<void> >&’}
[23.178s]    54 |   Duration(const builtin_interfaces::msg::Duration & duration_msg);  // NOLINT(runtime/explicit)
[23.179s]       |            ~~~~~~~~~~~~~~~~~~~~~~~~~~~~~~~~~~~~~~~~~~^~~~~~~~~~~~
[23.179s] /opt/ros/jazzy/include/rclcpp/rclcpp/duration.hpp:43:12: note: candidate: ‘rclcpp::Duration::Duration(std::chrono::nanoseconds)’
[23.179s]    43 |   explicit Duration(std::chrono::nanoseconds nanoseconds);
[23.179s]       |            ^~~~~~~~
[23.179s] /opt/ros/jazzy/include/rclcpp/rclcpp/duration.hpp:43:46: note:   no known conversion for argument 1 from ‘double’ to ‘std::chrono::nanoseconds’ {aka ‘std::chrono::duration<long int, std::ratio<1, 1000000000> >’}
[23.179s]    43 |   explicit Duration(std::chrono::nanoseconds nanoseconds);
[23.179s]       |                     ~~~~~~~~~~~~~~~~~~~~~~~~~^~~~~~~~~~~
[23.179s] /opt/ros/jazzy/include/rclcpp/rclcpp/duration.hpp:40:3: note: candidate: ‘rclcpp::Duration::Duration(int32_t, uint32_t)’
[23.180s]    40 |   Duration(int32_t seconds, uint32_t nanoseconds);
[23.180s]       |   ^~~~~~~~
[23.180s] /opt/ros/jazzy/include/rclcpp/rclcpp/duration.hpp:40:3: note:   candidate expects 2 arguments, 1 provided
[23.208s] /home/neha/ros2_ws/src/semnav_migration/src/navigation.cpp:163:38: error: ‘node_ptr’ was not declared in this scope; did you mean ‘mode_t’?
[23.208s]   163 |                         rclcpp::spin(node_ptr);
[23.208s]       |                                      ^~~~~~~~
[23.208s]       |                                      mode_t
[23.218s] /home/neha/ros2_ws/src/semnav_migration/src/navigation.cpp: In member function ‘void NavigationNode::publish_behavior_id(uint16_t)’:
[23.218s] /home/neha/ros2_ws/src/semnav_migration/src/navigation.cpp:175:28: error: ‘UInt32’ is not a member of ‘std_msgs::msg’
[23.218s]   175 |             std_msgs::msg::UInt32 commandId;
[23.219s]       |                            ^~~~~~
[23.246s] /home/neha/ros2_ws/src/semnav_migration/src/navigation_semantic.cpp:281:123: error: ‘target_nominal_1_rotated’ was not declared in this scope
[23.246s]   281 |                                                 GoalVector[0].set<0>(semantic_map_data->objects[i].pose.pose.position.x + target_nominal_1_rotated.getX());
[23.246s]       |                                                                                                                           ^~~~~~~~~~~~~~~~~~~~~~~~
[23.265s] /home/neha/ros2_ws/src/semnav_migration/src/navigation.cpp:176:25: error: ‘commandId’ was not declared in this scope
[23.265s]   176 |                         commandId.data = BehaviorIdCmd;
[23.265s]       |                         ^~~~~~~~~
[23.271s] /home/neha/ros2_ws/src/semnav_migration/src/navigation.cpp: In member function ‘void NavigationNode::publish_behavior_mode(uint16_t)’:
[23.271s] /home/neha/ros2_ws/src/semnav_migration/src/navigation.cpp:182:28: error: ‘UInt32’ is not a member of ‘std_msgs::msg’
[23.271s]   182 |             std_msgs::msg::UInt32 commandMode;
[23.271s]       |                            ^~~~~~
[23.332s] /home/neha/ros2_ws/src/semnav_migration/src/navigation.cpp:183:25: error: ‘commandMode’ was not declared in this scope
[23.332s]   183 |                         commandMode.data = BehaviorModeCmd;
[23.332s]       |                         ^~~~~~~~~~~
[23.381s] /home/neha/ros2_ws/src/semnav_migration/src/navigation.cpp: In member function ‘void NavigationNode::diffeo_tree_update(const object_pose_interface_msgs::msg::SemanticMapObjectArray_<std::allocator<void> >::ConstPtr&)’:
[23.381s] /home/neha/ros2_ws/src/semnav_migration/src/navigation.cpp:254:50: error: cannot call member function ‘double rclcpp::Time::seconds() const’ without object
[23.382s]   254 |                         if (rclcpp::Time::seconds() - DiffeoTreeUpdateTime_ < (1.0/DiffeoTreeUpdateRate_)) {
[23.382s]       |                             ~~~~~~~~~~~~~~~~~~~~~^~
[23.384s] /home/neha/ros2_ws/src/semnav_migration/src/navigation.cpp:259:71: error: cannot call member function ‘rclcpp::Time rclcpp::Clock::now() const’ without object
[23.384s]   259 |                                 double start_time = rclcpp::Clock::now().toSec();
[23.384s]       |                                                     ~~~~~~~~~~~~~~~~~~^~
[23.406s] /home/neha/ros2_ws/src/semnav_migration/src/navigation_semantic.cpp:283:123: error: ‘target_nominal_2_rotated’ was not declared in this scope
[23.406s]   283 |                                                 GoalVector[1].set<0>(semantic_map_data->objects[i].pose.pose.position.x + target_nominal_2_rotated.getX());
[23.406s]       |                                                                                                                           ^~~~~~~~~~~~~~~~~~~~~~~~
[23.416s] /home/neha/ros2_ws/src/semnav_migration/src/navigation.cpp:327:103: error: cannot call member function ‘rclcpp::Time rclcpp::Clock::now() const’ without object
[23.416s]   327 |                                 ROS_WARN_STREAM("[Navigation] Updated trees in " << rclcpp::Clock::now().toSec()-start_time << " seconds.");
[23.416s]       |                                                                                     ~~~~~~~~~~~~~~~~~~^~
[23.505s] /home/neha/ros2_ws/src/semnav_migration/src/navigation.cpp:327:33: error: ‘ROS_WARN_STREAM’ was not declared in this scope; did you mean ‘RCLCPP_WARN_STREAM’?
[23.505s]   327 |                                 ROS_WARN_STREAM("[Navigation] Updated trees in " << rclcpp::Clock::now().toSec()-start_time << " seconds.");
[23.505s]       |                                 ^~~~~~~~~~~~~~~
[23.506s]       |                                 RCLCPP_WARN_STREAM
[23.506s] /home/neha/ros2_ws/src/semnav_migration/src/navigation.cpp:330:75: error: cannot call member function ‘rclcpp::Time rclcpp::Clock::now() const’ without object
[23.506s]   330 |                                 DiffeoTreeUpdateTime_ = rclcpp::Clock::now().toSec();
[23.506s]       |                                                         ~~~~~~~~~~~~~~~~~~^~
[23.510s] /home/neha/ros2_ws/src/semnav_migration/src/navigation.cpp: In member function ‘void NavigationNode::control_callback(const sensor_msgs::msg::LaserScan_<std::allocator<void> >::ConstPtr&, const nav_msgs::msg::Odometry_<std::allocator<void> >::ConstPtr&)’:
[23.510s] /home/neha/ros2_ws/src/semnav_migration/src/navigation.cpp:357:64: error: cannot call member function ‘rclcpp::Time rclcpp::Clock::now() const’ without object
[23.510s]   357 |                         double before_time = rclcpp::Clock::now().toSec();
[23.510s]       |                                              ~~~~~~~~~~~~~~~~~~^~
[23.516s] /home/neha/ros2_ws/src/semnav_migration/src/navigation_semantic.cpp:317:49: error: ‘ROS_ERROR_STREAM’ was not declared in this scope; did you mean ‘RCLCPP_ERROR_STREAM’?
[23.516s]   317 |                                                 ROS_ERROR_STREAM("Goal blocked by object");
[23.516s]       |                                                 ^~~~~~~~~~~~~~~~
[23.516s]       |                                                 RCLCPP_ERROR_STREAM
[23.521s] /home/neha/ros2_ws/src/semnav_migration/src/navigation_semantic.cpp:365:85: error: ‘ros’ has not been declared
[23.521s]   365 |                                 ROS_WARN_STREAM("[Navigation] Updated trees in " << ros::Time::now().toSec()-start_time << " seconds.");
[23.521s]       |                                                                                     ^~~
[23.558s] /home/neha/ros2_ws/src/semnav_migration/src/navigation.cpp:365:33: error: ‘listener_’ was not declared in this scope
[23.558s]   365 |                                 listener_.waitForTransform(world_frame_id_, odom_frame_id_, rclcpp::Time(0), rclcpp::Duration(1.0));
[23.558s]       |                                 ^~~~~~~~~
[23.559s] /home/neha/ros2_ws/src/semnav_migration/src/navigation.cpp:365:130: error: no matching function for call to ‘rclcpp::Duration::Duration(double)’
[23.559s]   365 |                                 listener_.waitForTransform(world_frame_id_, odom_frame_id_, rclcpp::Time(0), rclcpp::Duration(1.0));
[23.559s]       |                                                                                                                                  ^
[23.559s] /opt/ros/jazzy/include/rclcpp/rclcpp/duration.hpp:49:3: note: candidate: ‘template<class Rep, class Period> rclcpp::Duration::Duration(const std::chrono::duration<_Rep1, _Period1>&)’
[23.559s]    49 |   Duration(const std::chrono::duration<Rep, Period> & duration)  // NOLINT(runtime/explicit)
[23.560s]       |   ^~~~~~~~
[23.560s] /opt/ros/jazzy/include/rclcpp/rclcpp/duration.hpp:49:3: note:   template argument deduction/substitution failed:
[23.560s] /home/neha/ros2_ws/src/semnav_migration/src/navigation.cpp:365:130: note:   mismatched types ‘const std::chrono::duration<_Rep1, _Period1>’ and ‘double’
[23.560s]   365 |                                 listener_.waitForTransform(world_frame_id_, odom_frame_id_, rclcpp::Time(0), rclcpp::Duration(1.0));
[23.560s]       |                                                                                                                                  ^
[23.561s] /opt/ros/jazzy/include/rclcpp/rclcpp/duration.hpp:159:3: note: candidate: ‘rclcpp::Duration::Duration()’
[23.561s]   159 |   Duration() = default;
[23.561s]       |   ^~~~~~~~
[23.562s] /opt/ros/jazzy/include/rclcpp/rclcpp/duration.hpp:159:3: note:   candidate expects 0 arguments, 1 provided
[23.562s] /opt/ros/jazzy/include/rclcpp/rclcpp/duration.hpp:62:3: note: candidate: ‘rclcpp::Duration::Duration(const rclcpp::Duration&)’
[23.562s]    62 |   Duration(const Duration & rhs);
[23.562s]       |   ^~~~~~~~
[23.562s] /opt/ros/jazzy/include/rclcpp/rclcpp/duration.hpp:62:29: note:   no known conversion for argument 1 from ‘double’ to ‘const rclcpp::Duration&’
[23.563s]    62 |   Duration(const Duration & rhs);
[23.563s]       |            ~~~~~~~~~~~~~~~~~^~~
[23.563s] /opt/ros/jazzy/include/rclcpp/rclcpp/duration.hpp:60:12: note: candidate: ‘rclcpp::Duration::Duration(const rcl_duration_t&)’
[23.563s]    60 |   explicit Duration(const rcl_duration_t & duration);
[23.563s]       |            ^~~~~~~~
[23.563s] /opt/ros/jazzy/include/rclcpp/rclcpp/duration.hpp:60:44: note:   no known conversion for argument 1 from ‘double’ to ‘const rcl_duration_t&’ {aka ‘const rcl_duration_s&’}
[23.566s]    60 |   explicit Duration(const rcl_duration_t & duration);
[23.566s]       |                     ~~~~~~~~~~~~~~~~~~~~~~~^~~~~~~~
[23.566s] /opt/ros/jazzy/include/rclcpp/rclcpp/duration.hpp:54:3: note: candidate: ‘rclcpp::Duration::Duration(const builtin_interfaces::msg::Duration&)’
[23.566s]    54 |   Duration(const builtin_interfaces::msg::Duration & duration_msg);  // NOLINT(runtime/explicit)
[23.566s]       |   ^~~~~~~~
[23.566s] /opt/ros/jazzy/include/rclcpp/rclcpp/duration.hpp:54:54: note:   no known conversion for argument 1 from ‘double’ to ‘const builtin_interfaces::msg::Duration&’ {aka ‘const builtin_interfaces::msg::Duration_<std::allocator<void> >&’}
[23.567s]    54 |   Duration(const builtin_interfaces::msg::Duration & duration_msg);  // NOLINT(runtime/explicit)
[23.567s]       |            ~~~~~~~~~~~~~~~~~~~~~~~~~~~~~~~~~~~~~~~~~~^~~~~~~~~~~~
[23.567s] /opt/ros/jazzy/include/rclcpp/rclcpp/duration.hpp:43:12: note: candidate: ‘rclcpp::Duration::Duration(std::chrono::nanoseconds)’
[23.567s]    43 |   explicit Duration(std::chrono::nanoseconds nanoseconds);
[23.567s]       |            ^~~~~~~~
[23.567s] /opt/ros/jazzy/include/rclcpp/rclcpp/duration.hpp:43:46: note:   no known conversion for argument 1 from ‘double’ to ‘std::chrono::nanoseconds’ {aka ‘std::chrono::duration<long int, std::ratio<1, 1000000000> >’}
[23.569s]    43 |   explicit Duration(std::chrono::nanoseconds nanoseconds);
[23.569s]       |                     ~~~~~~~~~~~~~~~~~~~~~~~~~^~~~~~~~~~~
[23.570s] /opt/ros/jazzy/include/rclcpp/rclcpp/duration.hpp:40:3: note: candidate: ‘rclcpp::Duration::Duration(int32_t, uint32_t)’
[23.570s]    40 |   Duration(int32_t seconds, uint32_t nanoseconds);
[23.570s]       |   ^~~~~~~~
[23.570s] /opt/ros/jazzy/include/rclcpp/rclcpp/duration.hpp:40:3: note:   candidate expects 2 arguments, 1 provided
[23.609s] /home/neha/ros2_ws/src/semnav_migration/src/navigation.cpp:368:33: error: ‘ROS_ERROR’ was not declared in this scope
[23.609s]   368 |                                 ROS_ERROR("%s",ex.what());
[23.610s]       |                                 ^~~~~~~~~
[23.612s] /home/neha/ros2_ws/src/semnav_migration/src/navigation.cpp:395:42: error: could not convert ‘lidar_data’ from ‘shared_ptr<LaserScan_<[...]>>’ to ‘shared_ptr<LaserScan_<[...]>>’
[23.614s]   395 |                         constructLIDAR2D(lidar_data, CutoffRange_, AllowableRange_, RobotPitch_, &LIDAR);
[23.615s]       |                                          ^~~~~~~~~~
[23.615s]       |                                          |
[23.615s]       |                                          shared_ptr<LaserScan_<[...]>>
[23.615s] /home/neha/ros2_ws/src/semnav_migration/src/navigation_semantic.cpp:365:33: error: ‘ROS_WARN_STREAM’ was not declared in this scope; did you mean ‘RCLCPP_WARN_STREAM’?
[23.616s]   365 |                                 ROS_WARN_STREAM("[Navigation] Updated trees in " << ros::Time::now().toSec()-start_time << " seconds.");
[23.616s]       |                                 ^~~~~~~~~~~~~~~
[23.616s]       |                                 RCLCPP_WARN_STREAM
[23.616s] /home/neha/ros2_ws/src/semnav_migration/src/navigation_semantic.cpp:368:57: error: ‘ros’ has not been declared
[23.616s]   368 |                                 DiffeoTreeUpdateTime_ = ros::Time::now().toSec();
[23.616s]       |                                                         ^~~
[23.616s] /home/neha/ros2_ws/src/semnav_migration/src/navigation_semantic.cpp: In member function ‘void SemanticNavigationNode::control_callback(const sensor_msgs::msg::LaserScan_<std::allocator<void> >::ConstPtr&, const nav_msgs::msg::Odometry_<std::allocator<void> >::ConstPtr&)’:
[23.617s] /home/neha/ros2_ws/src/semnav_migration/src/navigation_semantic.cpp:396:46: error: ‘ros’ has not been declared
[23.617s]   396 |                         double before_time = ros::Time::now().toSec();
[23.617s]       |                                              ^~~
[23.622s] /home/neha/ros2_ws/src/semnav_migration/src/navigation_semantic.cpp:399:40: error: ‘PoseStamped’ is not a member of ‘geometry_msgs’; did you mean ‘geometry_msgs::msg::PoseStamped’?
[23.622s]   399 |                         geometry_msgs::PoseStamped odomPose, mapPose;
[23.622s]       |                                        ^~~~~~~~~~~
[23.622s] In file included from /home/neha/ros2_ws/src/install/object_pose_interface_msgs/include/object_pose_interface_msgs/object_pose_interface_msgs/msg/detail/semantic_map_object__struct.hpp:28,
[23.622s]                  from /home/neha/ros2_ws/src/install/object_pose_interface_msgs/include/object_pose_interface_msgs/object_pose_interface_msgs/msg/detail/semantic_map_object_array__struct.hpp:25,
[23.622s]                  from /home/neha/ros2_ws/src/install/object_pose_interface_msgs/include/object_pose_interface_msgs/object_pose_interface_msgs/msg/semantic_map_object_array.hpp:7,
[23.622s]                  from /home/neha/ros2_ws/src/semnav_migration/src/navigation_semantic.cpp:26:
[23.623s] /opt/ros/jazzy/include/geometry_msgs/geometry_msgs/msg/detail/pose_stamped__struct.hpp:138:7: note: ‘geometry_msgs::msg::PoseStamped’ declared here
[23.623s]   138 | using PoseStamped =
[23.623s]       |       ^~~~~~~~~~~
[23.638s] /home/neha/ros2_ws/src/semnav_migration/src/navigation.cpp:569:53: error: no matching function for call to ‘rclcpp::Duration::Duration(double)’
[23.638s]   569 |                                 rclcpp::Duration(5.0).sleep();
[23.638s]       |                                                     ^
[23.638s] /opt/ros/jazzy/include/rclcpp/rclcpp/duration.hpp:49:3: note: candidate: ‘template<class Rep, class Period> rclcpp::Duration::Duration(const std::chrono::duration<_Rep1, _Period1>&)’
[23.638s]    49 |   Duration(const std::chrono::duration<Rep, Period> & duration)  // NOLINT(runtime/explicit)
[23.638s]       |   ^~~~~~~~
[23.641s] /opt/ros/jazzy/include/rclcpp/rclcpp/duration.hpp:49:3: note:   template argument deduction/substitution failed:
[23.641s] /home/neha/ros2_ws/src/semnav_migration/src/navigation.cpp:569:53: note:   mismatched types ‘const std::chrono::duration<_Rep1, _Period1>’ and ‘double’
[23.641s]   569 |                                 rclcpp::Duration(5.0).sleep();
[23.641s]       |                                                     ^
[23.641s] /opt/ros/jazzy/include/rclcpp/rclcpp/duration.hpp:159:3: note: candidate: ‘rclcpp::Duration::Duration()’
[23.642s]   159 |   Duration() = default;
[23.642s]       |   ^~~~~~~~
[23.642s] /opt/ros/jazzy/include/rclcpp/rclcpp/duration.hpp:159:3: note:   candidate expects 0 arguments, 1 provided
[23.642s] /opt/ros/jazzy/include/rclcpp/rclcpp/duration.hpp:62:3: note: candidate: ‘rclcpp::Duration::Duration(const rclcpp::Duration&)’
[23.642s]    62 |   Duration(const Duration & rhs);
[23.642s]       |   ^~~~~~~~
[23.644s] /opt/ros/jazzy/include/rclcpp/rclcpp/duration.hpp:62:29: note:   no known conversion for argument 1 from ‘double’ to ‘const rclcpp::Duration&’
[23.645s]    62 |   Duration(const Duration & rhs);
[23.645s]       |            ~~~~~~~~~~~~~~~~~^~~
[23.645s] /opt/ros/jazzy/include/rclcpp/rclcpp/duration.hpp:60:12: note: candidate: ‘rclcpp::Duration::Duration(const rcl_duration_t&)’
[23.645s]    60 |   explicit Duration(const rcl_duration_t & duration);
[23.645s]       |            ^~~~~~~~
[23.645s] /opt/ros/jazzy/include/rclcpp/rclcpp/duration.hpp:60:44: note:   no known conversion for argument 1 from ‘double’ to ‘const rcl_duration_t&’ {aka ‘const rcl_duration_s&’}
[23.645s]    60 |   explicit Duration(const rcl_duration_t & duration);
[23.645s]       |                     ~~~~~~~~~~~~~~~~~~~~~~~^~~~~~~~
[23.646s] /opt/ros/jazzy/include/rclcpp/rclcpp/duration.hpp:54:3: note: candidate: ‘rclcpp::Duration::Duration(const builtin_interfaces::msg::Duration&)’
[23.646s]    54 |   Duration(const builtin_interfaces::msg::Duration & duration_msg);  // NOLINT(runtime/explicit)
[23.646s]       |   ^~~~~~~~
[23.646s] /opt/ros/jazzy/include/rclcpp/rclcpp/duration.hpp:54:54: note:   no known conversion for argument 1 from ‘double’ to ‘const builtin_interfaces::msg::Duration&’ {aka ‘const builtin_interfaces::msg::Duration_<std::allocator<void> >&’}
[23.646s]    54 |   Duration(const builtin_interfaces::msg::Duration & duration_msg);  // NOLINT(runtime/explicit)
[23.646s]       |            ~~~~~~~~~~~~~~~~~~~~~~~~~~~~~~~~~~~~~~~~~~^~~~~~~~~~~~
[23.648s] /opt/ros/jazzy/include/rclcpp/rclcpp/duration.hpp:43:12: note: candidate: ‘rclcpp::Duration::Duration(std::chrono::nanoseconds)’
[23.649s]    43 |   explicit Duration(std::chrono::nanoseconds nanoseconds);
[23.649s]       |            ^~~~~~~~
[23.649s] /opt/ros/jazzy/include/rclcpp/rclcpp/duration.hpp:43:46: note:   no known conversion for argument 1 from ‘double’ to ‘std::chrono::nanoseconds’ {aka ‘std::chrono::duration<long int, std::ratio<1, 1000000000> >’}
[23.649s]    43 |   explicit Duration(std::chrono::nanoseconds nanoseconds);
[23.649s]       |                     ~~~~~~~~~~~~~~~~~~~~~~~~~^~~~~~~~~~~
[23.649s] /opt/ros/jazzy/include/rclcpp/rclcpp/duration.hpp:40:3: note: candidate: ‘rclcpp::Duration::Duration(int32_t, uint32_t)’
[23.649s]    40 |   Duration(int32_t seconds, uint32_t nanoseconds);
[23.649s]       |   ^~~~~~~~
[23.650s] /opt/ros/jazzy/include/rclcpp/rclcpp/duration.hpp:40:3: note:   candidate expects 2 arguments, 1 provided
[23.665s] /home/neha/ros2_ws/src/semnav_migration/src/navigation_semantic.cpp:400:25: error: ‘odomPose’ was not declared in this scope
[23.666s]   400 |                         odomPose.header.stamp = ros::Time(0);
[23.666s]       |                         ^~~~~~~~
[23.666s] /home/neha/ros2_ws/src/semnav_migration/src/navigation_semantic.cpp:400:49: error: ‘ros’ has not been declared
[23.666s]   400 |                         odomPose.header.stamp = ros::Time(0);
[23.666s]       |                                                 ^~~
[23.713s] /home/neha/ros2_ws/src/semnav_migration/src/navigation_semantic.cpp:404:33: error: ‘listener_’ was not declared in this scope
[23.713s]   404 |                                 listener_.waitForTransform(world_frame_id_, odom_frame_id_, ros::Time(0), ros::Duration(1.0));
[23.713s]       |                                 ^~~~~~~~~
[23.713s] /home/neha/ros2_ws/src/semnav_migration/src/navigation_semantic.cpp:404:93: error: ‘ros’ has not been declared
[23.714s]   404 |                                 listener_.waitForTransform(world_frame_id_, odom_frame_id_, ros::Time(0), ros::Duration(1.0));
[23.714s]       |                                                                                             ^~~
[23.714s] /home/neha/ros2_ws/src/semnav_migration/src/navigation_semantic.cpp:404:107: error: ‘ros’ has not been declared
[23.714s]   404 |                                 listener_.waitForTransform(world_frame_id_, odom_frame_id_, ros::Time(0), ros::Duration(1.0));
[23.714s]       |                                                                                                           ^~~
[23.741s] /home/neha/ros2_ws/src/semnav_migration/src/navigation.cpp:572:33: error: ‘ROS_WARN_STREAM’ was not declared in this scope; did you mean ‘RCLCPP_WARN_STREAM’?
[23.741s]   572 |                                 ROS_WARN_STREAM("[Navigation] Successfully navigated to goal and stopped...");
[23.741s]       |                                 ^~~~~~~~~~~~~~~
[23.741s]       |                                 RCLCPP_WARN_STREAM
[23.748s] /home/neha/ros2_ws/src/semnav_migration/src/navigation.cpp:595:75: error: invalid operands of types ‘const char [32]’ and ‘double’ to binary ‘operator<<’
[23.748s]   595 |                         ROS_WARN_STREAM("[Navigation] Linear command is " << LinearCmd << " and angular command is " << AngularCmd);
[23.748s]       |                                         ~~~~~~~~~~~~~~~~~~~~~~~~~~~~~~~~~ ^~ ~~~~~~~~~
[23.748s]       |                                         |                                    |
[23.748s]       |                                         const char [32]                      double
[23.749s] /home/neha/ros2_ws/src/semnav_migration/src/navigation_semantic.cpp:405:84: error: ‘mapPose’ was not declared in this scope
[23.749s]   405 |                                 listener_.transformPose(world_frame_id_, odomPose, mapPose);
[23.749s]       |                                                                                    ^~~~~~~
[23.754s] /home/neha/ros2_ws/src/semnav_migration/src/navigation_semantic.cpp:406:34: error: ‘tf’ does not name a type; did you mean ‘tm’?
[23.754s]   406 |                         } catch (tf::TransformException &ex) {
[23.754s]       |                                  ^~
[23.754s]       |                                  tm
[23.754s] /home/neha/ros2_ws/src/semnav_migration/src/navigation_semantic.cpp:406:57: error: expected unqualified-id before ‘&’ token
[23.755s]   406 |                         } catch (tf::TransformException &ex) {
[23.755s]       |                                                         ^
[23.755s] /home/neha/ros2_ws/src/semnav_migration/src/navigation_semantic.cpp:406:57: error: expected ‘)’ before ‘&’ token
[23.755s] /home/neha/ros2_ws/src/semnav_migration/src/navigation_semantic.cpp:406:33: note: to match this ‘(’
[23.755s]   406 |                         } catch (tf::TransformException &ex) {
[23.755s]       |                                 ^
[23.755s] /home/neha/ros2_ws/src/semnav_migration/src/navigation_semantic.cpp:406:57: error: expected ‘{’ before ‘&’ token
[23.757s]   406 |                         } catch (tf::TransformException &ex) {
[23.758s]       |                                                         ^
[23.783s] /home/neha/ros2_ws/src/semnav_migration/src/navigation_semantic.cpp:406:58: error: ‘ex’ was not declared in this scope; did you mean ‘exp’?
[23.784s]   406 |                         } catch (tf::TransformException &ex) {
[23.784s]       |                                                          ^~
[23.784s]       |                                                          exp
[23.784s] /home/neha/ros2_ws/src/semnav_migration/src/navigation_semantic.cpp:412:25: error: ‘tf’ has not been declared
[23.784s]   412 |                         tf::Quaternion rotation = tf::Quaternion(mapPose.pose.orientation.x,
[23.784s]       |                         ^~
[23.784s] /home/neha/ros2_ws/src/semnav_migration/src/navigation_semantic.cpp:416:25: error: ‘tf’ has not been declared
[23.785s]   416 |                         tf::Matrix3x3 m(rotation);
[23.785s]       |                         ^~
[23.815s] /home/neha/ros2_ws/src/semnav_migration/src/navigation_semantic.cpp:418:25: error: ‘m’ was not declared in this scope; did you mean ‘tm’?
[23.815s]   418 |                         m.getRPY(roll, pitch, yaw);
[23.815s]       |                         ^
[23.815s]       |                         tm
[23.845s] /home/neha/ros2_ws/src/semnav_migration/src/navigation.cpp:595:25: error: ‘ROS_WARN_STREAM’ was not declared in this scope; did you mean ‘RCLCPP_WARN_STREAM’?
[23.845s]   595 |                         ROS_WARN_STREAM("[Navigation] Linear command is " << LinearCmd << " and angular command is " << AngularCmd);
[23.845s]       |                         ^~~~~~~~~~~~~~~
[23.845s]       |                         RCLCPP_WARN_STREAM
[23.846s] /home/neha/ros2_ws/src/semnav_migration/src/navigation.cpp:596:76: error: invalid operands of types ‘const char [33]’ and ‘int’ to binary ‘operator<<’
[23.846s]   596 |                         ROS_WARN_STREAM("[Navigation] Command update for " << int(localDiffeoTreeArray.size()) << " polygons in " << rclcpp::Clock::now().toSec()-before_time << " seconds.");
[23.846s]       |                                         ~~~~~~~~~~~~~~~~~~~~~~~~~~~~~~~~~~ ^~ ~~~~~~~~~~~~~~~~~~~~~~~~~~~~~~~~
[23.847s]       |                                         |                                     |
[23.847s]       |                                         const char [33]                       int
[23.851s] /home/neha/ros2_ws/src/semnav_migration/src/navigation_semantic.cpp:419:51: error: ‘mapPose’ was not declared in this scope
[23.851s]   419 |                         double x_robot_position = mapPose.pose.position.x;
[23.851s]       |                                                   ^~~~~~~
[23.851s] /home/neha/ros2_ws/src/semnav_migration/src/navigation.cpp:596:152: error: cannot call member function ‘rclcpp::Time rclcpp::Clock::now() const’ without object
[23.851s]   596 |                         ROS_WARN_STREAM("[Navigation] Command update for " << int(localDiffeoTreeArray.size()) << " polygons in " << rclcpp::Clock::now().toSec()-before_time << " seconds.");
[23.851s]       |                                                                                                                                      ~~~~~~~~~~~~~~~~~~^~
[23.855s] /home/neha/ros2_ws/src/semnav_migration/src/navigation_semantic.cpp:432:42: error: could not convert ‘lidar_data’ from ‘shared_ptr<LaserScan_<[...]>>’ to ‘shared_ptr<LaserScan_<[...]>>’
[23.855s]   432 |                         constructLIDAR2D(lidar_data, CutoffRange_, AllowableRange_, RobotPitch_, &LIDAR);
[23.855s]       |                                          ^~~~~~~~~~
[23.855s]       |                                          |
[23.855s]       |                                          shared_ptr<LaserScan_<[...]>>
[23.872s] /home/neha/ros2_ws/src/semnav_migration/src/navigation_semantic.cpp:562:96: error: invalid operands of types ‘const char [53]’ and ‘double’ to binary ‘operator<<’
[23.872s]   562 |                         ROS_WARN_STREAM("[Navigation] Diffeomorphism jacobian determinant is " << MatrixDeterminant(RobotPositionTransformedD) << ", robot position is " << bg::dsv(RobotPosition_) << " and robot positon in model space is " << bg::dsv(RobotPositionTransformedPoint));
[23.873s]       |                                         ~~~~~~~~~~~~~~~~~~~~~~~~~~~~~~~~~~~~~~~~~~~~~~~~~~~~~~ ^~ ~~~~~~~~~~~~~~~~~~~~~~~~~~~~~~~~~~~~~~~~~~~~
[23.873s]       |                                         |                                                                          |
[23.873s]       |                                         const char [53]                                                            double
[23.970s] /home/neha/ros2_ws/src/semnav_migration/src/navigation_semantic.cpp:562:25: error: ‘ROS_WARN_STREAM’ was not declared in this scope; did you mean ‘RCLCPP_WARN_STREAM’?
[23.970s]   562 |                         ROS_WARN_STREAM("[Navigation] Diffeomorphism jacobian determinant is " << MatrixDeterminant(RobotPositionTransformedD) << ", robot position is " << bg::dsv(RobotPosition_) << " and robot positon in model space is " << bg::dsv(RobotPositionTransformedPoint));
[23.971s]       |                         ^~~~~~~~~~~~~~~
[23.971s]       |                         RCLCPP_WARN_STREAM
[23.973s] /home/neha/ros2_ws/src/semnav_migration/src/navigation_semantic.cpp:591:41: error: ‘ros’ has not been declared
[23.973s]   591 |                                         ros::Duration(5.0).sleep();
[23.973s]       |                                         ^~~
[23.982s] /home/neha/ros2_ws/src/semnav_migration/src/navigation_semantic.cpp:616:75: error: invalid operands of types ‘const char [32]’ and ‘double’ to binary ‘operator<<’
[23.982s]   616 |                         ROS_WARN_STREAM("[Navigation] Linear command is " << LinearCmd << " and angular command is " << AngularCmd);
[23.982s]       |                                         ~~~~~~~~~~~~~~~~~~~~~~~~~~~~~~~~~ ^~ ~~~~~~~~~
[23.982s]       |                                         |                                    |
[23.982s]       |                                         const char [32]                      double
[23.983s] /home/neha/ros2_ws/src/semnav_migration/src/navigation_semantic.cpp:617:76: error: invalid operands of types ‘const char [33]’ and ‘int’ to binary ‘operator<<’
[23.983s]   617 |                         ROS_WARN_STREAM("[Navigation] Command update for " << int(localDiffeoTreeArray.size()) << " polygons in " << ros::Time::now().toSec()-before_time << " seconds.");
[23.983s]       |                                         ~~~~~~~~~~~~~~~~~~~~~~~~~~~~~~~~~~ ^~ ~~~~~~~~~~~~~~~~~~~~~~~~~~~~~~~~
[23.983s]       |                                         |                                     |
[23.983s]       |                                         const char [33]                       int
[23.983s] /home/neha/ros2_ws/src/semnav_migration/src/navigation_semantic.cpp:617:134: error: ‘ros’ has not been declared
[23.986s]   617 |                         ROS_WARN_STREAM("[Navigation] Command update for " << int(localDiffeoTreeArray.size()) << " polygons in " << ros::Time::now().toSec()-before_time << " seconds.");
[23.986s]       |                                                                                                                                      ^~~
[23.986s] /home/neha/ros2_ws/src/semnav_migration/src/navigation_semantic.cpp: In function ‘int main(int, char**)’:
[23.986s] /home/neha/ros2_ws/src/semnav_migration/src/navigation_semantic.cpp:698:9: error: ‘ros’ has not been declared
[23.986s]   698 |         ros::init(argc, argv, "navigation_semantic");
[23.987s]       |         ^~~
[23.987s] /home/neha/ros2_ws/src/semnav_migration/src/navigation_semantic.cpp:701:9: error: ‘ros’ has not been declared
[23.987s]   701 |         ros::NodeHandle nh("~");
[23.987s]       |         ^~~
[24.008s] /home/neha/ros2_ws/src/semnav_migration/src/navigation_semantic.cpp:704:56: error: ‘nh’ was not declared in this scope
[24.008s]   704 |         SemanticNavigationNode semanticNavigationNode(&nh);
[24.008s]       |                                                        ^~
[33.857s] gmake[2]: *** [CMakeFiles/navigation_semantic.dir/build.make:76: CMakeFiles/navigation_semantic.dir/src/navigation_semantic.cpp.o] Error 1
[33.858s] gmake[1]: *** [CMakeFiles/Makefile2:207: CMakeFiles/navigation_semantic.dir/all] Error 2
[33.858s] gmake[1]: *** Waiting for unfinished jobs....
[38.252s] gmake[2]: *** [CMakeFiles/navigation.dir/build.make:76: CMakeFiles/navigation.dir/src/navigation.cpp.o] Error 1
[38.253s] gmake[1]: *** [CMakeFiles/Makefile2:181: CMakeFiles/navigation.dir/all] Error 2
[38.253s] gmake: *** [Makefile:146: all] Error 2
[38.256s] Invoked command in '/home/neha/ros2_ws/src/semnav_migration/build/semnav' returned '2': CMAKE_PREFIX_PATH=${CMAKE_PREFIX_PATH}:/opt/ros/jazzy DEBUGINFOD_URLS=https://debuginfod.ubuntu.com /usr/bin/cmake --build /home/neha/ros2_ws/src/semnav_migration/build/semnav -- -j2 -l2
