[0.032s] Invoking command in '/home/neha/ros2_ws/src/semnav_migration/build/semnav': CMAKE_PREFIX_PATH=${CMAKE_PREFIX_PATH}:/opt/ros/jazzy DEBUGINFOD_URLS=https://debuginfod.ubuntu.com /usr/bin/cmake --build /home/neha/ros2_ws/src/semnav_migration/build/semnav -- -j2 -l2
[0.203s] [ 14%] Built target reactive_planner
[0.348s] [ 19%] [32mBuilding CXX object CMakeFiles/navigation_semantic.dir/src/navigation_semantic.cpp.o[0m
[0.355s] [ 23%] [32mBuilding CXX object CMakeFiles/navigation.dir/src/navigation.cpp.o[0m
[22.743s] [01m[K/home/neha/ros2_ws/src/semnav_migration/src/navigation_semantic.cpp:240:47:[m[K [01;31m[Kerror: [m[Kâ€˜[01m[Kobject_pose_interface_msgs[m[Kâ€™ does not name a type
[22.743s]   240 |                 void diffeo_tree_update(const [01;31m[Kobject_pose_interface_msgs[m[K::msg::SemanticMapObjectArray::ConstPtr& semantic_map_data) {
[22.744s]       |                                               [01;31m[K^~~~~~~~~~~~~~~~~~~~~~~~~~[m[K
[22.744s] [01m[K/home/neha/ros2_ws/src/semnav_migration/src/navigation_semantic.cpp:240:78:[m[K [01;31m[Kerror: [m[Kexpected unqualified-id before â€˜[01m[K::[m[Kâ€™ token
[22.744s]   240 |                 void diffeo_tree_update(const object_pose_interface_msgs::msg[01;31m[K::[m[KSemanticMapObjectArray::ConstPtr& semantic_map_data) {
[22.744s]       |                                                                              [01;31m[K^~[m[K
[22.744s] [01m[K/home/neha/ros2_ws/src/semnav_migration/src/navigation_semantic.cpp:240:78:[m[K [01;31m[Kerror: [m[Kexpected â€˜[01m[K)[m[Kâ€™ before â€˜[01m[K::[m[Kâ€™ token
[22.744s]   240 |                 void diffeo_tree_update[34m[K([m[Kconst object_pose_interface_msgs::msg[01;31m[K:[m[K[32m[K:[m[KSemanticMapObjectArray::ConstPtr& semantic_map_data) {
[22.744s]       |                                        [34m[K~[m[K                                     [01;31m[K^[m[K[32m[K~[m[K
[22.744s]       |                                                                              [32m[K)[m[K
[22.745s] [01m[K/home/neha/ros2_ws/src/semnav_migration/src/navigation_semantic.cpp:240:75:[m[K [01;31m[Kerror: [m[Kexpected â€˜[01m[K;[m[Kâ€™ at end of member declaration
[22.747s]   240 |                 void diffeo_tree_update(const object_pose_interface_msgs::[01;31m[Kmsg[m[K::SemanticMapObjectArray::ConstPtr& semantic_map_data) {
[22.747s]       |                                                                           [01;31m[K^~~[m[K
[22.747s]       |                                                                              [32m[K;[m[K
[22.782s] [01m[K/home/neha/ros2_ws/src/semnav_migration/src/navigation_semantic.cpp:240:80:[m[K [01;31m[Kerror: [m[Kâ€˜[01m[KSemanticMapObjectArray[m[Kâ€™ in namespace â€˜[01m[K::[m[Kâ€™ does not name a type
[22.782s]   240 |                 void diffeo_tree_update(const object_pose_interface_msgs::msg::[01;31m[KSemanticMapObjectArray[m[K::ConstPtr& semantic_map_data) {
[22.783s]       |                                                                                [01;31m[K^~~~~~~~~~~~~~~~~~~~~~[m[K
[22.783s] [01m[K/home/neha/ros2_ws/src/semnav_migration/src/navigation_semantic.cpp:372:58:[m[K [01;31m[Kerror: [m[Kâ€˜[01m[KLaserScan[m[Kâ€™ in namespace â€˜[01m[Ksensor_msgs[m[Kâ€™ does not name a type
[22.783s]   372 |                 void control_callback(const sensor_msgs::[01;31m[KLaserScan[m[K::ConstPtr& lidar_data, const nav_msgs::Odometry::ConstPtr& robot_data) {
[22.783s]       |                                                          [01;31m[K^~~~~~~~~[m[K
[22.783s] [01m[K/home/neha/ros2_ws/src/semnav_migration/src/navigation_semantic.cpp:372:77:[m[K [01;31m[Kerror: [m[Kexpected unqualified-id before â€˜[01m[K&[m[Kâ€™ token
[22.783s]   372 |                 void control_callback(const sensor_msgs::LaserScan::ConstPtr[01;31m[K&[m[K lidar_data, const nav_msgs::Odometry::ConstPtr& robot_data) {
[22.783s]       |                                                                             [01;31m[K^[m[K
[22.785s] [01m[K/home/neha/ros2_ws/src/semnav_migration/src/navigation_semantic.cpp:372:77:[m[K [01;31m[Kerror: [m[Kexpected â€˜[01m[K)[m[Kâ€™ before â€˜[01m[K&[m[Kâ€™ token
[22.785s]   372 |                 void control_callback[34m[K([m[Kconst sensor_msgs::LaserScan::ConstPtr[01;31m[K&[m[K lidar_data, const nav_msgs::Odometry::ConstPtr& robot_data) {
[22.785s]       |                                      [34m[K~[m[K                                      [01;31m[K^[m[K
[22.785s]       |                                                                             [32m[K)[m[K
[22.786s] [01m[K/home/neha/ros2_ws/src/semnav_migration/src/navigation_semantic.cpp:372:77:[m[K [01;31m[Kerror: [m[Kexpected â€˜[01m[K;[m[Kâ€™ at end of member declaration
[22.788s]   372 |                 void control_callback(const sensor_msgs::LaserScan::ConstPtr[01;31m[K&[m[K lidar_data, const nav_msgs::Odometry::ConstPtr& robot_data) {
[22.788s]       |                                                                             [01;31m[K^[m[K
[22.788s]       |                                                                              [32m[K;[m[K
[22.797s] [01m[K/home/neha/ros2_ws/src/semnav_migration/src/navigation_semantic.cpp:372:79:[m[K [01;31m[Kerror: [m[Kâ€˜[01m[Klidar_data[m[Kâ€™ does not name a type
[22.797s]   372 |                 void control_callback(const sensor_msgs::LaserScan::ConstPtr& [01;31m[Klidar_data[m[K, const nav_msgs::Odometry::ConstPtr& robot_data) {
[22.797s]       |                                                                               [01;31m[K^~~~~~~~~~[m[K
[22.803s] [01m[K/home/neha/ros2_ws/src/semnav_migration/src/navigation_semantic.cpp:623:17:[m[K [01;31m[Kerror: [m[Kâ€˜[01m[Kros[m[Kâ€™ does not name a type
[22.803s]   623 |                 [01;31m[Kros[m[K::NodeHandle nh_;
[22.804s]       |                 [01;31m[K^~~[m[K
[22.811s] [01m[K/home/neha/ros2_ws/src/semnav_migration/src/navigation_semantic.cpp:640:17:[m[K [01;31m[Kerror: [m[Kâ€˜[01m[Kros[m[Kâ€™ does not name a type
[22.811s]   640 |                 [01;31m[Kros[m[K::Publisher pub_behaviorID_;
[22.811s]       |                 [01;31m[K^~~[m[K
[22.818s] [01m[K/home/neha/ros2_ws/src/semnav_migration/src/navigation_semantic.cpp:641:17:[m[K [01;31m[Kerror: [m[Kâ€˜[01m[Kros[m[Kâ€™ does not name a type
[22.818s]   641 |                 [01;31m[Kros[m[K::Publisher pub_behaviorMode_;
[22.818s]       |                 [01;31m[K^~~[m[K
[22.822s] [01m[K/home/neha/ros2_ws/src/semnav_migration/src/navigation_semantic.cpp:642:17:[m[K [01;31m[Kerror: [m[Kâ€˜[01m[Kros[m[Kâ€™ does not name a type
[22.822s]   642 |                 [01;31m[Kros[m[K::Publisher pub_twist_;
[22.822s]       |                 [01;31m[K^~~[m[K
[22.832s] [01m[K/home/neha/ros2_ws/src/semnav_migration/src/navigation_semantic.cpp:644:17:[m[K [01;31m[Kerror: [m[Kâ€˜[01m[Kros[m[Kâ€™ does not name a type
[22.832s]   644 |                 [01;31m[Kros[m[K::Publisher pub_semantic_map_;
[22.832s]       |                 [01;31m[K^~~[m[K
[22.846s] [01m[K/home/neha/ros2_ws/src/semnav_migration/src/navigation_semantic.cpp:690:17:[m[K [01;31m[Kerror: [m[Kâ€˜[01m[Ktf[m[Kâ€™ does not name a type; did you mean â€˜[01m[Ktm[m[Kâ€™?
[22.846s]   690 |                 [01;31m[Ktf[m[K::TransformListener listener_;
[22.846s]       |                 [01;31m[K^~[m[K
[22.846s]       |                 [32m[Ktm[m[K
[22.966s] [01m[K/home/neha/ros2_ws/src/semnav_migration/src/navigation_semantic.cpp:[m[K In constructor â€˜[01m[KSemanticNavigationNode::[01;32m[KSemanticNavigationNode[m[K()[m[Kâ€™:
[22.966s] [01m[K/home/neha/ros2_ws/src/semnav_migration/src/navigation_semantic.cpp:136:25:[m[K [01;31m[Kerror: [m[Kâ€˜[01m[Kpub_behaviorID_[m[Kâ€™ was not declared in this scope; did you mean â€˜[01m[Kpub_behaviorID_topic_[m[Kâ€™?
[22.966s]   136 |                         [01;31m[Kpub_behaviorID_[m[K = nh_.advertise<std_msgs::UInt32>(pub_behaviorID_topic_, 1, true);
[22.967s]       |                         [01;31m[K^~~~~~~~~~~~~~~[m[K
[22.967s]       |                         [32m[Kpub_behaviorID_topic_[m[K
[23.002s] [01m[K/home/neha/ros2_ws/src/semnav_migration/src/navigation_semantic.cpp:136:43:[m[K [01;31m[Kerror: [m[Kâ€˜[01m[Knh_[m[Kâ€™ was not declared in this scope
[23.002s]   136 |                         pub_behaviorID_ = [01;31m[Knh_[m[K.advertise<std_msgs::UInt32>(pub_behaviorID_topic_, 1, true);
[23.002s]       |                                           [01;31m[K^~~[m[K
[23.005s] [01m[K/home/neha/ros2_ws/src/semnav_migration/src/navigation_semantic.cpp:136:67:[m[K [01;31m[Kerror: [m[Kâ€˜[01m[KUInt32[m[Kâ€™ is not a member of â€˜[01m[Kstd_msgs[m[Kâ€™
[23.005s]   136 |                         pub_behaviorID_ = nh_.advertise<std_msgs::[01;31m[KUInt32[m[K>(pub_behaviorID_topic_, 1, true);
[23.005s]       |                                                                   [01;31m[K^~~~~~[m[K
[23.114s] [01m[K/home/neha/ros2_ws/src/semnav_migration/src/navigation_semantic.cpp:137:25:[m[K [01;31m[Kerror: [m[Kâ€˜[01m[Kpub_behaviorMode_[m[Kâ€™ was not declared in this scope; did you mean â€˜[01m[Kpub_behaviorMode_topic_[m[Kâ€™?
[23.114s]   137 |                         [01;31m[Kpub_behaviorMode_[m[K = nh_.advertise<std_msgs::UInt32>(pub_behaviorMode_topic_, 1, true);
[23.114s]       |                         [01;31m[K^~~~~~~~~~~~~~~~~[m[K
[23.114s]       |                         [32m[Kpub_behaviorMode_topic_[m[K
[23.116s] [01m[K/home/neha/ros2_ws/src/semnav_migration/src/navigation_semantic.cpp:137:69:[m[K [01;31m[Kerror: [m[Kâ€˜[01m[KUInt32[m[Kâ€™ is not a member of â€˜[01m[Kstd_msgs[m[Kâ€™
[23.116s]   137 |                         pub_behaviorMode_ = nh_.advertise<std_msgs::[01;31m[KUInt32[m[K>(pub_behaviorMode_topic_, 1, true);
[23.116s]       |                                                                     [01;31m[K^~~~~~[m[K
[23.177s] [01m[K/home/neha/ros2_ws/src/semnav_migration/src/navigation_semantic.cpp:138:25:[m[K [01;31m[Kerror: [m[Kâ€˜[01m[Kpub_twist_[m[Kâ€™ was not declared in this scope; did you mean â€˜[01m[Kpublish_twist[m[Kâ€™?
[23.177s]   138 |                         [01;31m[Kpub_twist_[m[K = nh_.advertise<geometry_msgs::Twist>(pub_twist_topic_, 1, true);
[23.177s]       |                         [01;31m[K^~~~~~~~~~[m[K
[23.177s]       |                         [32m[Kpublish_twist[m[K
[23.181s] [01m[K/home/neha/ros2_ws/src/semnav_migration/src/navigation_semantic.cpp:138:67:[m[K [01;31m[Kerror: [m[Kâ€˜[01m[KTwist[m[Kâ€™ is not a member of â€˜[01m[Kgeometry_msgs[m[Kâ€™; did you mean â€˜[01m[Kgeometry_msgs::msg::Twist[m[Kâ€™?
[23.181s]   138 |                         pub_twist_ = nh_.advertise<geometry_msgs::[01;31m[KTwist[m[K>(pub_twist_topic_, 1, true);
[23.181s]       |                                                                   [01;31m[K^~~~~[m[K
[23.181s] In file included from [01m[K/opt/ros/jazzy/include/geometry_msgs/geometry_msgs/msg/detail/velocity_stamped__struct.hpp:25[m[K,
[23.181s]                  from [01m[K/opt/ros/jazzy/include/geometry_msgs/geometry_msgs/msg/velocity_stamped.hpp:7[m[K,
[23.181s]                  from [01m[K/opt/ros/jazzy/include/tf2/tf2/buffer_core.h:49[m[K,
[23.181s]                  from [01m[K/opt/ros/jazzy/include/tf2_ros/tf2_ros/async_buffer_interface.h:39[m[K,
[23.182s]                  from [01m[K/opt/ros/jazzy/include/tf2_ros/tf2_ros/buffer.h:42[m[K,
[23.182s]                  from [01m[K/home/neha/ros2_ws/src/semnav_migration/include/reactive_planner_lib.h:38[m[K,
[23.182s]                  from [01m[K/home/neha/ros2_ws/src/semnav_migration/src/navigation_semantic.cpp:25[m[K:
[23.182s] [01m[K/opt/ros/jazzy/include/geometry_msgs/geometry_msgs/msg/detail/twist__struct.hpp:137:7:[m[K [01;36m[Knote: [m[Kâ€˜[01m[Kgeometry_msgs::msg::Twist[m[Kâ€™ declared here
[23.182s]   137 | using [01;36m[KTwist[m[K =
[23.182s]       |       [01;36m[K^~~~~[m[K
[23.186s] [01m[K/home/neha/ros2_ws/src/semnav_migration/src/navigation_semantic.cpp:141:66:[m[K [01;31m[Kerror: [m[Kâ€˜[01m[KLaserScan[m[Kâ€™ is not a member of â€˜[01m[Ksensor_msgs[m[Kâ€™; did you mean â€˜[01m[Ksensor_msgs::msg::LaserScan[m[Kâ€™?
[23.186s]   141 |                         message_filters::Subscriber<sensor_msgs::[01;31m[KLaserScan[m[K> sub_laser(nh_, sub_laser_topic_, 1);
[23.186s]       |                                                                  [01;31m[K^~~~~~~~~[m[K
[23.187s] In file included from [01m[K/opt/ros/jazzy/include/sensor_msgs/sensor_msgs/msg/laser_scan.hpp:7[m[K,
[23.187s]                  from [01m[K/home/neha/ros2_ws/src/semnav_migration/include/reactive_planner_lib.h:48[m[K:
[23.187s] [01m[K/opt/ros/jazzy/include/sensor_msgs/sensor_msgs/msg/detail/laser_scan__struct.hpp:250:7:[m[K [01;36m[Knote: [m[Kâ€˜[01m[Ksensor_msgs::msg::LaserScan[m[Kâ€™ declared here
[23.187s]   250 | using [01;36m[KLaserScan[m[K =
[23.187s]       |       [01;36m[K^~~~~~~~~[m[K
[23.187s] [01m[K/home/neha/ros2_ws/src/semnav_migration/src/navigation_semantic.cpp:141:75:[m[K [01;31m[Kerror: [m[Ktemplate argument 1 is invalid
[23.187s]   141 |                         message_filters::Subscriber<sensor_msgs::LaserScan[01;31m[K>[m[K sub_laser(nh_, sub_laser_topic_, 1);
[23.188s]       |                                                                           [01;31m[K^[m[K
[23.188s] [01m[K/home/neha/ros2_ws/src/semnav_migration/src/navigation_semantic.cpp:141:111:[m[K [01;31m[Kerror: [m[Kexpression list treated as compound expression in initializer [[01;31m[K]8;;https://gcc.gnu.org/onlinedocs/gcc/Warning-Options.html#index-fpermissive-fpermissive]8;;[m[K]
[23.190s]   141 |                         message_filters::Subscriber<sensor_msgs::LaserScan> sub_laser(nh_, sub_laser_topic_, 1[01;31m[K)[m[K;
[23.190s]       |                                                                                                               [01;31m[K^[m[K
[23.190s] [01m[K/home/neha/ros2_ws/src/semnav_migration/src/navigation_semantic.cpp:142:63:[m[K [01;31m[Kerror: [m[Kâ€˜[01m[KOdometry[m[Kâ€™ is not a member of â€˜[01m[Knav_msgs[m[Kâ€™; did you mean â€˜[01m[Knav_msgs::msg::Odometry[m[Kâ€™?
[23.191s]   142 |                         message_filters::Subscriber<nav_msgs::[01;31m[KOdometry[m[K> sub_robot(nh_, sub_robot_topic_, 1);
[23.191s]       |                                                               [01;31m[K^~~~~~~~[m[K
[23.191s] In file included from [01m[K/opt/ros/jazzy/include/nav_msgs/nav_msgs/msg/odometry.hpp:7[m[K,
[23.191s]                  from [01m[K/home/neha/ros2_ws/src/semnav_migration/include/reactive_planner_lib.h:49[m[K:
[23.191s] [01m[K/opt/ros/jazzy/include/nav_msgs/nav_msgs/msg/detail/odometry__struct.hpp:175:7:[m[K [01;36m[Knote: [m[Kâ€˜[01m[Knav_msgs::msg::Odometry[m[Kâ€™ declared here
[23.191s]   175 | using [01;36m[KOdometry[m[K =
[23.191s]       |       [01;36m[K^~~~~~~~[m[K
[23.191s] [01m[K/home/neha/ros2_ws/src/semnav_migration/src/navigation_semantic.cpp:142:71:[m[K [01;31m[Kerror: [m[Ktemplate argument 1 is invalid
[23.192s]   142 |                         message_filters::Subscriber<nav_msgs::Odometry[01;31m[K>[m[K sub_robot(nh_, sub_robot_topic_, 1);
[23.194s]       |                                                                       [01;31m[K^[m[K
[23.194s] [01m[K/home/neha/ros2_ws/src/semnav_migration/src/navigation_semantic.cpp:142:107:[m[K [01;31m[Kerror: [m[Kexpression list treated as compound expression in initializer [[01;31m[K]8;;https://gcc.gnu.org/onlinedocs/gcc/Warning-Options.html#index-fpermissive-fpermissive]8;;[m[K]
[23.194s]   142 |                         message_filters::Subscriber<nav_msgs::Odometry> sub_robot(nh_, sub_robot_topic_, 1[01;31m[K)[m[K;
[23.195s]       |                                                                                                           [01;31m[K^[m[K
[23.195s] [01m[K/home/neha/ros2_ws/src/semnav_migration/src/navigation_semantic.cpp:143:94:[m[K [01;31m[Kerror: [m[Kâ€˜[01m[KLaserScan[m[Kâ€™ is not a member of â€˜[01m[Ksensor_msgs[m[Kâ€™; did you mean â€˜[01m[Ksensor_msgs::msg::LaserScan[m[Kâ€™?
[23.195s]   143 |                         typedef message_filters::sync_policies::ApproximateTime<sensor_msgs::[01;31m[KLaserScan[m[K,nav_msgs::Odometry> SyncPolicy;
[23.195s]       |                                                                                              [01;31m[K^~~~~~~~~[m[K
[23.195s] [01m[K/opt/ros/jazzy/include/sensor_msgs/sensor_msgs/msg/detail/laser_scan__struct.hpp:250:7:[m[K [01;36m[Knote: [m[Kâ€˜[01m[Ksensor_msgs::msg::LaserScan[m[Kâ€™ declared here
[23.195s]   250 | using [01;36m[KLaserScan[m[K =
[23.195s]       |       [01;36m[K^~~~~~~~~[m[K
[23.199s] [01m[K/home/neha/ros2_ws/src/semnav_migration/src/navigation_semantic.cpp:143:114:[m[K [01;31m[Kerror: [m[Kâ€˜[01m[KOdometry[m[Kâ€™ is not a member of â€˜[01m[Knav_msgs[m[Kâ€™; did you mean â€˜[01m[Knav_msgs::msg::Odometry[m[Kâ€™?
[23.199s]   143 |                         typedef message_filters::sync_policies::ApproximateTime<sensor_msgs::LaserScan,nav_msgs::[01;31m[KOdometry[m[K> SyncPolicy;
[23.199s]       |                                                                                                                  [01;31m[K^~~~~~~~[m[K
[23.199s] [01m[K/opt/ros/jazzy/include/nav_msgs/nav_msgs/msg/detail/odometry__struct.hpp:175:7:[m[K [01;36m[Knote: [m[Kâ€˜[01m[Knav_msgs::msg::Odometry[m[Kâ€™ declared here
[23.199s]   175 | using [01;36m[KOdometry[m[K =
[23.199s]       |       [01;36m[K^~~~~~~~[m[K
[23.200s] [01m[K/home/neha/ros2_ws/src/semnav_migration/src/navigation_semantic.cpp:143:122:[m[K [01;31m[Kerror: [m[Ktemplate argument 1 is invalid
[23.200s]   143 |                         typedef message_filters::sync_policies::ApproximateTime<sensor_msgs::LaserScan,nav_msgs::Odometry[01;31m[K>[m[K SyncPolicy;
[23.200s]       |                                                                                                                          [01;31m[K^[m[K
[23.200s] [01m[K/home/neha/ros2_ws/src/semnav_migration/src/navigation_semantic.cpp:143:122:[m[K [01;31m[Kerror: [m[Ktemplate argument 2 is invalid
[23.200s] In file included from [01m[K/home/neha/ros2_ws/src/semnav_migration/include/reactive_planner_lib.h:46[m[K:
[23.200s] /opt/ros/jazzy/include/message_filters/message_filters/synchronizer.h: In instantiation of â€˜[01m[Kclass message_filters::Synchronizer<int>[m[Kâ€™:
[23.200s] [01m[K/home/neha/ros2_ws/src/semnav_migration/src/navigation_semantic.cpp:146:64:[m[K   required from here
[23.201s] [01m[K/opt/ros/jazzy/include/message_filters/message_filters/synchronizer.h:53:7:[m[K [01;31m[Kerror: [m[Kbase type â€˜[01m[Kint[m[Kâ€™ fails to be a struct or class type
[23.203s]    53 | class [01;31m[KSynchronizer[m[K : public noncopyable, public Policy
[23.203s]       |       [01;31m[K^~~~~~~~~~~~[m[K
[23.203s] [01m[K/opt/ros/jazzy/include/message_filters/message_filters/synchronizer.h:56:37:[m[K [01;31m[Kerror: [m[Kâ€˜[01m[Kint[m[Kâ€™ is not a class, struct, or union type
[23.203s]    56 |   typedef typename Policy::Messages [01;31m[KMessages[m[K;
[23.204s]       |                                     [01;31m[K^~~~~~~~[m[K
[23.204s] [01m[K/opt/ros/jazzy/include/message_filters/message_filters/synchronizer.h:57:35:[m[K [01;31m[Kerror: [m[Kâ€˜[01m[Kint[m[Kâ€™ is not a class, struct, or union type
[23.204s]    57 |   typedef typename Policy::Events [01;31m[KEvents[m[K;
[23.204s]       |                                   [01;31m[K^~~~~~[m[K
[23.204s] [01m[K/opt/ros/jazzy/include/message_filters/message_filters/synchronizer.h:58:35:[m[K [01;31m[Kerror: [m[Kâ€˜[01m[Kint[m[Kâ€™ is not a class, struct, or union type
[23.204s]    58 |   typedef typename Policy::Signal [01;31m[KSignal[m[K;
[23.204s]       |                                   [01;31m[K^~~~~~[m[K
[23.207s] [01m[K/opt/ros/jazzy/include/message_filters/message_filters/synchronizer.h:60:58:[m[K [01;31m[Kerror: [m[Kâ€˜[01m[Kint[m[Kâ€™ is not a class, struct, or union type
[23.207s]    60 |   typedef typename std::tuple_element<0, Messages>::type [01;31m[KM0[m[K;
[23.207s]       |                                                          [01;31m[K^~[m[K
[23.207s] [01m[K/opt/ros/jazzy/include/message_filters/message_filters/synchronizer.h:61:58:[m[K [01;31m[Kerror: [m[Kâ€˜[01m[Kint[m[Kâ€™ is not a class, struct, or union type
[23.207s]    61 |   typedef typename std::tuple_element<1, Messages>::type [01;31m[KM1[m[K;
[23.208s]       |                                                          [01;31m[K^~[m[K
[23.208s] [01m[K/opt/ros/jazzy/include/message_filters/message_filters/synchronizer.h:62:58:[m[K [01;31m[Kerror: [m[Kâ€˜[01m[Kint[m[Kâ€™ is not a class, struct, or union type
[23.208s]    62 |   typedef typename std::tuple_element<2, Messages>::type [01;31m[KM2[m[K;
[23.208s]       |                                                          [01;31m[K^~[m[K
[23.208s] [01m[K/opt/ros/jazzy/include/message_filters/message_filters/synchronizer.h:63:58:[m[K [01;31m[Kerror: [m[Kâ€˜[01m[Kint[m[Kâ€™ is not a class, struct, or union type
[23.208s]    63 |   typedef typename std::tuple_element<3, Messages>::type [01;31m[KM3[m[K;
[23.208s]       |                                                          [01;31m[K^~[m[K
[23.209s] [01m[K/opt/ros/jazzy/include/message_filters/message_filters/synchronizer.h:64:58:[m[K [01;31m[Kerror: [m[Kâ€˜[01m[Kint[m[Kâ€™ is not a class, struct, or union type
[23.209s]    64 |   typedef typename std::tuple_element<4, Messages>::type [01;31m[KM4[m[K;
[23.211s]       |                                                          [01;31m[K^~[m[K
[23.211s] [01m[K/opt/ros/jazzy/include/message_filters/message_filters/synchronizer.h:65:58:[m[K [01;31m[Kerror: [m[Kâ€˜[01m[Kint[m[Kâ€™ is not a class, struct, or union type
[23.212s]    65 |   typedef typename std::tuple_element<5, Messages>::type [01;31m[KM5[m[K;
[23.212s]       |                                                          [01;31m[K^~[m[K
[23.212s] [01m[K/opt/ros/jazzy/include/message_filters/message_filters/synchronizer.h:66:58:[m[K [01;31m[Kerror: [m[Kâ€˜[01m[Kint[m[Kâ€™ is not a class, struct, or union type
[23.212s]    66 |   typedef typename std::tuple_element<6, Messages>::type [01;31m[KM6[m[K;
[23.212s]       |                                                          [01;31m[K^~[m[K
[23.212s] [01m[K/opt/ros/jazzy/include/message_filters/message_filters/synchronizer.h:67:58:[m[K [01;31m[Kerror: [m[Kâ€˜[01m[Kint[m[Kâ€™ is not a class, struct, or union type
[23.212s]    67 |   typedef typename std::tuple_element<7, Messages>::type [01;31m[KM7[m[K;
[23.212s]       |                                                          [01;31m[K^~[m[K
[23.213s] [01m[K/opt/ros/jazzy/include/message_filters/message_filters/synchronizer.h:68:58:[m[K [01;31m[Kerror: [m[Kâ€˜[01m[Kint[m[Kâ€™ is not a class, struct, or union type
[23.215s]    68 |   typedef typename std::tuple_element<8, Messages>::type [01;31m[KM8[m[K;
[23.215s]       |                                                          [01;31m[K^~[m[K
[23.215s] [01m[K/opt/ros/jazzy/include/message_filters/message_filters/synchronizer.h:71:56:[m[K [01;31m[Kerror: [m[Kâ€˜[01m[Kint[m[Kâ€™ is not a class, struct, or union type
[23.215s]    71 |   typedef typename std::tuple_element<0, Events>::type [01;31m[KM0Event[m[K;
[23.216s]       |                                                        [01;31m[K^~~~~~~[m[K
[23.216s] [01m[K/opt/ros/jazzy/include/message_filters/message_filters/synchronizer.h:72:56:[m[K [01;31m[Kerror: [m[Kâ€˜[01m[Kint[m[Kâ€™ is not a class, struct, or union type
[23.216s]    72 |   typedef typename std::tuple_element<1, Events>::type [01;31m[KM1Event[m[K;
[23.216s]       |                                                        [01;31m[K^~~~~~~[m[K
[23.216s] [01m[K/opt/ros/jazzy/include/message_filters/message_filters/synchronizer.h:73:56:[m[K [01;31m[Kerror: [m[Kâ€˜[01m[Kint[m[Kâ€™ is not a class, struct, or union type
[23.216s]    73 |   typedef typename std::tuple_element<2, Events>::type [01;31m[KM2Event[m[K;
[23.216s]       |                                                        [01;31m[K^~~~~~~[m[K
[23.216s] [01m[K/opt/ros/jazzy/include/message_filters/message_filters/synchronizer.h:74:56:[m[K [01;31m[Kerror: [m[Kâ€˜[01m[Kint[m[Kâ€™ is not a class, struct, or union type
[23.217s]    74 |   typedef typename std::tuple_element<3, Events>::type [01;31m[KM3Event[m[K;
[23.219s]       |                                                        [01;31m[K^~~~~~~[m[K
[23.219s] [01m[K/opt/ros/jazzy/include/message_filters/message_filters/synchronizer.h:75:56:[m[K [01;31m[Kerror: [m[Kâ€˜[01m[Kint[m[Kâ€™ is not a class, struct, or union type
[23.219s]    75 |   typedef typename std::tuple_element<4, Events>::type [01;31m[KM4Event[m[K;
[23.219s]       |                                                        [01;31m[K^~~~~~~[m[K
[23.220s] [01m[K/opt/ros/jazzy/include/message_filters/message_filters/synchronizer.h:76:56:[m[K [01;31m[Kerror: [m[Kâ€˜[01m[Kint[m[Kâ€™ is not a class, struct, or union type
[23.220s]    76 |   typedef typename std::tuple_element<5, Events>::type [01;31m[KM5Event[m[K;
[23.220s]       |                                                        [01;31m[K^~~~~~~[m[K
[23.220s] [01m[K/opt/ros/jazzy/include/message_filters/message_filters/synchronizer.h:77:56:[m[K [01;31m[Kerror: [m[Kâ€˜[01m[Kint[m[Kâ€™ is not a class, struct, or union type
[23.220s]    77 |   typedef typename std::tuple_element<6, Events>::type [01;31m[KM6Event[m[K;
[23.220s]       |                                                        [01;31m[K^~~~~~~[m[K
[23.220s] [01m[K/opt/ros/jazzy/include/message_filters/message_filters/synchronizer.h:78:56:[m[K [01;31m[Kerror: [m[Kâ€˜[01m[Kint[m[Kâ€™ is not a class, struct, or union type
[23.221s]    78 |   typedef typename std::tuple_element<7, Events>::type [01;31m[KM7Event[m[K;
[23.221s]       |                                                        [01;31m[K^~~~~~~[m[K
[23.223s] [01m[K/opt/ros/jazzy/include/message_filters/message_filters/synchronizer.h:79:56:[m[K [01;31m[Kerror: [m[Kâ€˜[01m[Kint[m[Kâ€™ is not a class, struct, or union type
[23.223s]    79 |   typedef typename std::tuple_element<8, Events>::type [01;31m[KM8Event[m[K;
[23.224s]       |                                                        [01;31m[K^~~~~~~[m[K
[23.224s] [01m[K/opt/ros/jazzy/include/message_filters/message_filters/synchronizer.h:325:17:[m[K [01;31m[Kerror: [m[Kâ€˜[01m[Kint[m[Kâ€™ is not a class, namespace, or enumeration
[23.224s]   325 |   using Policy::[01;31m[Kadd[m[K;
[23.224s]       |                 [01;31m[K^~~[m[K
[23.224s] [01m[K/opt/ros/jazzy/include/message_filters/message_filters/synchronizer.h:328:8:[m[K [01;31m[Kerror: [m[Kâ€˜[01m[Kint[m[Kâ€™ is not a class, struct, or union type
[23.224s]   328 |   void [01;31m[Kadd[m[K(const std::shared_ptr<typename std::tuple_element<i, Messages>::type const>& msg)
[23.224s]       |        [01;31m[K^~~[m[K
[23.225s] [01m[K/opt/ros/jazzy/include/message_filters/message_filters/synchronizer.h:344:8:[m[K [01;31m[Kerror: [m[Kâ€˜[01m[Kint[m[Kâ€™ is not a class, struct, or union type
[23.225s]   344 |   void [01;31m[Kcb[m[K(const typename std::tuple_element<i, Events>::type& evt)
[23.227s]       |        [01;31m[K^~[m[K
[23.227s] [01m[K/home/neha/ros2_ws/src/semnav_migration/src/navigation_semantic.cpp:147:55:[m[K [01;31m[Kerror: [m[Kâ€˜[01m[Kbind[m[Kâ€™ is not a member of â€˜[01m[Kboost[m[Kâ€™; did you mean â€˜[01m[Kfind[m[Kâ€™?
[23.227s]   147 |                         sync->registerCallback(boost::[01;31m[Kbind[m[K(&SemanticNavigationNode::control_callback, this, _1, _2));
[23.227s]       |                                                       [01;31m[K^~~~[m[K
[23.228s]       |                                                       [32m[Kfind[m[K
[23.228s] [01m[K/home/neha/ros2_ws/src/semnav_migration/src/navigation_semantic.cpp:147:109:[m[K [01;31m[Kerror: [m[Kâ€˜[01m[K_1[m[Kâ€™ was not declared in this scope
[23.228s]   147 |                         sync->registerCallback(boost::bind(&SemanticNavigationNode::control_callback, this, [01;31m[K_1[m[K, _2));
[23.228s]       |                                                                                                             [01;31m[K^~[m[K
[23.228s] [01m[K/home/neha/ros2_ws/src/semnav_migration/src/navigation_semantic.cpp:147:109:[m[K [01;36m[Knote: [m[Ksuggested alternatives:
[23.228s] In file included from [01m[K/usr/include/boost/mpl/aux_/include_preprocessed.hpp:37[m[K,
[23.228s]                  from [01m[K/usr/include/boost/mpl/placeholders.hpp:43[m[K,
[23.228s]                  from [01m[K/usr/include/boost/iterator/iterator_categories.hpp:16[m[K,
[23.229s]                  from [01m[K/usr/include/boost/iterator/iterator_facade.hpp:13[m[K,
[23.234s]                  from [01m[K/usr/include/boost/range/iterator_range_core.hpp:27[m[K,
[23.234s]                  from [01m[K/usr/include/boost/lexical_cast.hpp:48[m[K,
[23.234s]                  from [01m[K/usr/include/boost/multiprecision/detail/number_base.hpp:29[m[K,
[23.234s]                  from [01m[K/usr/include/boost/multiprecision/traits/is_variable_precision.hpp:9[m[K,
[23.235s]                  from [01m[K/usr/include/boost/multiprecision/detail/precision.hpp:9[m[K,
[23.235s]                  from [01m[K/usr/include/boost/multiprecision/number.hpp:11[m[K,
[23.235s]                  from [01m[K/usr/include/boost/multiprecision/cpp_int.hpp:19[m[K,
[23.235s]                  from [01m[K/usr/include/boost/multiprecision/cpp_bin_float.hpp:15[m[K,
[23.235s]                  from [01m[K/usr/include/boost/geometry/core/coordinate_promotion.hpp:16[m[K,
[23.235s]                  from [01m[K/usr/include/boost/geometry/core/radian_access.hpp:30[m[K,
[23.235s]                  from [01m[K/usr/include/boost/geometry/geometry.hpp:50[m[K,
[23.235s]                  from [01m[K/usr/include/boost/geometry.hpp:17[m[K,
[23.236s]                  from [01m[K/home/neha/ros2_ws/src/semnav_migration/include/reactive_planner_lib.h:26[m[K:
[23.236s] [01m[K/usr/include/boost/mpl/aux_/preprocessed/gcc/placeholders.hpp:29:16:[m[K [01;36m[Knote: [m[K  â€˜[01m[Kmpl_::_1[m[Kâ€™
[23.241s]    29 | typedef arg<1> [01;36m[K_1[m[K;
[23.241s]       |                [01;36m[K^~[m[K
[23.241s] In file included from [01m[K/usr/include/boost/numeric/conversion/converter_policies.hpp:13[m[K,
[23.241s]                  from [01m[K/usr/include/boost/numeric/conversion/converter.hpp:14[m[K,
[23.242s]                  from [01m[K/usr/include/boost/numeric/conversion/cast.hpp:33[m[K,
[23.242s]                  from [01m[K/usr/include/boost/geometry/core/radian_access.hpp:26[m[K:
[23.242s] [01m[K/usr/include/c++/13/functional:294:48:[m[K [01;36m[Knote: [m[K  â€˜[01m[Kstd::placeholders::_1[m[Kâ€™
[23.242s]   294 |     _GLIBCXX_PLACEHOLDER const _Placeholder<1> [01;36m[K_1[m[K;
[23.242s]       |                                                [01;36m[K^~[m[K
[23.242s] [01m[K/usr/include/boost/mpl/aux_/preprocessed/gcc/placeholders.hpp:29:16:[m[K [01;36m[Knote: [m[K  â€˜[01m[Kmpl_::_1[m[Kâ€™
[23.242s]    29 | typedef arg<1> [01;36m[K_1[m[K;
[23.242s]       |                [01;36m[K^~[m[K
[23.243s] In file included from [01m[K/usr/include/boost/describe/members.hpp:20[m[K,
[23.243s]                  from [01m[K/usr/include/boost/container_hash/is_described_class.hpp:11[m[K,
[23.245s]                  from [01m[K/usr/include/boost/container_hash/hash.hpp:18[m[K,
[23.245s]                  from [01m[K/usr/include/boost/functional/hash.hpp:6[m[K,
[23.245s]                  from [01m[K/usr/include/CGAL/Kernel/hash_functions.h:16[m[K,
[23.245s]                  from [01m[K/usr/include/CGAL/Kernel/global_functions.h:25[m[K,
[23.246s]                  from [01m[K/usr/include/CGAL/Cartesian/Cartesian_base.h:22[m[K,
[23.246s]                  from [01m[K/usr/include/CGAL/Simple_cartesian.h:20[m[K,
[23.246s]                  from [01m[K/usr/include/CGAL/Exact_predicates_inexact_constructions_kernel.h:20[m[K,
[23.246s]                  from [01m[K/home/neha/ros2_ws/src/semnav_migration/include/polygeom_lib.h:32[m[K,
[23.246s]                  from [01m[K/home/neha/ros2_ws/src/semnav_migration/include/reactive_planner_lib.h:53[m[K:
[23.246s] [01m[K/usr/include/boost/mp11/bind.hpp:45:7:[m[K [01;36m[Knote: [m[K  â€˜[01m[Kboost::mp11::_1[m[Kâ€™
[23.246s]    45 | using [01;36m[K_1[m[K = mp_arg<0>;
[23.246s]       |       [01;36m[K^~[m[K
[23.247s] [01m[K/usr/include/boost/mpl/aux_/preprocessed/gcc/placeholders.hpp:29:16:[m[K [01;36m[Knote: [m[K  â€˜[01m[Kmpl_::_1[m[Kâ€™
[23.249s]    29 | typedef arg<1> [01;36m[K_1[m[K;
[23.249s]       |                [01;36m[K^~[m[K
[23.249s] [01m[K/home/neha/ros2_ws/src/semnav_migration/src/navigation_semantic.cpp:147:113:[m[K [01;31m[Kerror: [m[Kâ€˜[01m[K_2[m[Kâ€™ was not declared in this scope
[23.249s]   147 |                         sync->registerCallback(boost::bind(&SemanticNavigationNode::control_callback, this, _1, [01;31m[K_2[m[K));
[23.249s]       |                                                                                                                 [01;31m[K^~[m[K
[23.250s] [01m[K/home/neha/ros2_ws/src/semnav_migration/src/navigation_semantic.cpp:147:113:[m[K [01;36m[Knote: [m[Ksuggested alternatives:
[23.250s] [01m[K/usr/include/boost/mpl/aux_/preprocessed/gcc/placeholders.hpp:42:16:[m[K [01;36m[Knote: [m[K  â€˜[01m[Kmpl_::_2[m[Kâ€™
[23.250s]    42 | typedef arg<2> [01;36m[K_2[m[K;
[23.250s]       |                [01;36m[K^~[m[K
[23.250s] [01m[K/usr/include/c++/13/functional:295:48:[m[K [01;36m[Knote: [m[K  â€˜[01m[Kstd::placeholders::_2[m[Kâ€™
[23.250s]   295 |     _GLIBCXX_PLACEHOLDER const _Placeholder<2> [01;36m[K_2[m[K;
[23.250s]       |                                                [01;36m[K^~[m[K
[23.250s] [01m[K/usr/include/boost/mpl/aux_/preprocessed/gcc/placeholders.hpp:42:16:[m[K [01;36m[Knote: [m[K  â€˜[01m[Kmpl_::_2[m[Kâ€™
[23.251s]    42 | typedef arg<2> [01;36m[K_2[m[K;
[23.253s]       |                [01;36m[K^~[m[K
[23.253s] [01m[K/usr/include/boost/mp11/bind.hpp:46:7:[m[K [01;36m[Knote: [m[K  â€˜[01m[Kboost::mp11::_2[m[Kâ€™
[23.253s]    46 | using [01;36m[K_2[m[K = mp_arg<1>;
[23.253s]       |       [01;36m[K^~[m[K
[23.253s] [01m[K/usr/include/boost/mpl/aux_/preprocessed/gcc/placeholders.hpp:42:16:[m[K [01;36m[Knote: [m[K  â€˜[01m[Kmpl_::_2[m[Kâ€™
[23.254s]    42 | typedef arg<2> [01;36m[K_2[m[K;
[23.254s]       |                [01;36m[K^~[m[K
[23.254s] [01m[K/home/neha/ros2_ws/src/semnav_migration/src/navigation_semantic.cpp:149:25:[m[K [01;31m[Kerror: [m[Kâ€˜[01m[Kros[m[Kâ€™ has not been declared
[23.254s]   149 |                         [01;31m[Kros[m[K::Subscriber sub_semantic = nh_.subscribe(sub_semantic_topic_, 1, &SemanticNavigationNode::diffeo_tree_update, this);
[23.254s]       |                         [01;31m[K^~~[m[K
[23.254s] [01m[K/home/neha/ros2_ws/src/semnav_migration/src/navigation_semantic.cpp:153:25:[m[K [01;31m[Kerror: [m[Kâ€˜[01m[Kros[m[Kâ€™ has not been declared
[23.254s]   153 |                         [01;31m[Kros[m[K::Duration(5.0).sleep();
[23.255s]       |                         [01;31m[K^~~[m[K
[23.255s] [01m[K/home/neha/ros2_ws/src/semnav_migration/src/navigation_semantic.cpp:160:25:[m[K [01;31m[Kerror: [m[Kâ€˜[01m[Kros[m[Kâ€™ has not been declared
[23.257s]   160 |                         [01;31m[Kros[m[K::spin();
[23.257s]       |                         [01;31m[K^~~[m[K
[23.257s] [01m[K/home/neha/ros2_ws/src/semnav_migration/src/navigation_semantic.cpp:[m[K In member function â€˜[01m[Kvoid SemanticNavigationNode::[01;32m[Kpublish_twist[m[K(double, double)[m[Kâ€™:
[23.257s] [01m[K/home/neha/ros2_ws/src/semnav_migration/src/navigation_semantic.cpp:164:40:[m[K [01;31m[Kerror: [m[Kâ€˜[01m[KTwist[m[Kâ€™ is not a member of â€˜[01m[Kgeometry_msgs[m[Kâ€™; did you mean â€˜[01m[Kgeometry_msgs::msg::Twist[m[Kâ€™?
[23.258s]   164 |                         geometry_msgs::[01;31m[KTwist[m[K commandTwist;
[23.258s]       |                                        [01;31m[K^~~~~[m[K
[23.258s] [01m[K/opt/ros/jazzy/include/geometry_msgs/geometry_msgs/msg/detail/twist__struct.hpp:137:7:[m[K [01;36m[Knote: [m[Kâ€˜[01m[Kgeometry_msgs::msg::Twist[m[Kâ€™ declared here
[23.258s]   137 | using [01;36m[KTwist[m[K =
[23.258s]       |       [01;36m[K^~~~~[m[K
[23.299s] [01m[K/home/neha/ros2_ws/src/semnav_migration/src/navigation_semantic.cpp:165:25:[m[K [01;31m[Kerror: [m[Kâ€˜[01m[KcommandTwist[m[Kâ€™ was not declared in this scope
[23.299s]   165 |                         [01;31m[KcommandTwist[m[K.linear.x = LinearCmd;
[23.299s]       |                         [01;31m[K^~~~~~~~~~~~[m[K
[23.354s] [01m[K/home/neha/ros2_ws/src/semnav_migration/src/navigation_semantic.cpp:167:25:[m[K [01;31m[Kerror: [m[Kâ€˜[01m[Kpub_twist_[m[Kâ€™ was not declared in this scope; did you mean â€˜[01m[Kpublish_twist[m[Kâ€™?
[23.354s]   167 |                         [01;31m[Kpub_twist_[m[K.publish(commandTwist);
[23.354s]       |                         [01;31m[K^~~~~~~~~~[m[K
[23.354s]       |                         [32m[Kpublish_twist[m[K
[23.357s] [01m[K/home/neha/ros2_ws/src/semnav_migration/src/navigation_semantic.cpp:[m[K In member function â€˜[01m[Kvoid SemanticNavigationNode::[01;32m[Kpublish_behavior_id[m[K(uint16_t)[m[Kâ€™:
[23.357s] [01m[K/home/neha/ros2_ws/src/semnav_migration/src/navigation_semantic.cpp:172:35:[m[K [01;31m[Kerror: [m[Kâ€˜[01m[KUInt32[m[Kâ€™ is not a member of â€˜[01m[Kstd_msgs[m[Kâ€™
[23.357s]   172 |                         std_msgs::[01;31m[KUInt32[m[K commandId;
[23.358s]       |                                   [01;31m[K^~~~~~[m[K
[23.409s] [01m[K/home/neha/ros2_ws/src/semnav_migration/src/navigation_semantic.cpp:173:25:[m[K [01;31m[Kerror: [m[Kâ€˜[01m[KcommandId[m[Kâ€™ was not declared in this scope
[23.409s]   173 |                         [01;31m[KcommandId[m[K.data = BehaviorIdCmd;
[23.409s]       |                         [01;31m[K^~~~~~~~~[m[K
[23.498s] [01m[K/home/neha/ros2_ws/src/semnav_migration/src/navigation_semantic.cpp:174:25:[m[K [01;31m[Kerror: [m[Kâ€˜[01m[Kpub_behaviorID_[m[Kâ€™ was not declared in this scope; did you mean â€˜[01m[Kpub_behaviorID_topic_[m[Kâ€™?
[23.498s]   174 |                         [01;31m[Kpub_behaviorID_[m[K.publish(commandId);
[23.498s]       |                         [01;31m[K^~~~~~~~~~~~~~~[m[K
[23.499s]       |                         [32m[Kpub_behaviorID_topic_[m[K
[23.502s] [01m[K/home/neha/ros2_ws/src/semnav_migration/src/navigation_semantic.cpp:[m[K In member function â€˜[01m[Kvoid SemanticNavigationNode::[01;32m[Kpublish_behavior_mode[m[K(uint16_t)[m[Kâ€™:
[23.502s] [01m[K/home/neha/ros2_ws/src/semnav_migration/src/navigation_semantic.cpp:179:35:[m[K [01;31m[Kerror: [m[Kâ€˜[01m[KUInt32[m[Kâ€™ is not a member of â€˜[01m[Kstd_msgs[m[Kâ€™
[23.502s]   179 |                         std_msgs::[01;31m[KUInt32[m[K commandMode;
[23.502s]       |                                   [01;31m[K^~~~~~[m[K
[23.570s] [01m[K/home/neha/ros2_ws/src/semnav_migration/src/navigation_semantic.cpp:180:25:[m[K [01;31m[Kerror: [m[Kâ€˜[01m[KcommandMode[m[Kâ€™ was not declared in this scope
[23.570s]   180 |                         [01;31m[KcommandMode[m[K.data = BehaviorModeCmd;
[23.570s]       |                         [01;31m[K^~~~~~~~~~~[m[K
[23.670s] [01m[K/home/neha/ros2_ws/src/semnav_migration/src/navigation_semantic.cpp:181:25:[m[K [01;31m[Kerror: [m[Kâ€˜[01m[Kpub_behaviorMode_[m[Kâ€™ was not declared in this scope; did you mean â€˜[01m[Kpub_behaviorMode_topic_[m[Kâ€™?
[23.670s]   181 |                         [01;31m[Kpub_behaviorMode_[m[K.publish(commandMode);
[23.670s]       |                         [01;31m[K^~~~~~~~~~~~~~~~~[m[K
[23.670s]       |                         [32m[Kpub_behaviorMode_topic_[m[K
[23.723s] [01m[K/home/neha/ros2_ws/src/semnav_migration/src/navigation_semantic.cpp:[m[K In function â€˜[01m[Kint[01;32m[K main[m[K(int, char**)[m[Kâ€™:
[23.723s] [01m[K/home/neha/ros2_ws/src/semnav_migration/src/navigation_semantic.cpp:697:9:[m[K [01;31m[Kerror: [m[Kâ€˜[01m[Kros[m[Kâ€™ has not been declared
[23.723s]   697 |         [01;31m[Kros[m[K::init(argc, argv, "navigation_semantic");
[23.723s]       |         [01;31m[K^~~[m[K
[23.724s] [01m[K/home/neha/ros2_ws/src/semnav_migration/src/navigation_semantic.cpp:700:9:[m[K [01;31m[Kerror: [m[Kâ€˜[01m[Kros[m[Kâ€™ has not been declared
[23.724s]   700 |         [01;31m[Kros[m[K::NodeHandle nh("~");
[23.724s]       |         [01;31m[K^~~[m[K
[23.745s] [01m[K/home/neha/ros2_ws/src/semnav_migration/src/navigation_semantic.cpp:703:56:[m[K [01;31m[Kerror: [m[Kâ€˜[01m[Knh[m[Kâ€™ was not declared in this scope
[23.745s]   703 |         SemanticNavigationNode semanticNavigationNode(&[01;31m[Knh[m[K);
[23.746s]       |                                                        [01;31m[K^~[m[K
[23.761s] [01m[K/home/neha/ros2_ws/src/semnav_migration/src/navigation.cpp:240:47:[m[K [01;31m[Kerror: [m[Kâ€˜[01m[Kobject_pose_interface_msgs[m[Kâ€™ does not name a type
[23.761s]   240 |                 void diffeo_tree_update(const [01;31m[Kobject_pose_interface_msgs[m[K::SemanticMapObjectArray::ConstPtr& semantic_map_data) {
[23.761s]       |                                               [01;31m[K^~~~~~~~~~~~~~~~~~~~~~~~~~[m[K
[23.762s] [01m[K/home/neha/ros2_ws/src/semnav_migration/src/navigation.cpp:240:97:[m[K [01;31m[Kerror: [m[Kexpected unqualified-id before â€˜[01m[K::[m[Kâ€™ token
[23.762s]   240 |                 void diffeo_tree_update(const object_pose_interface_msgs::SemanticMapObjectArray[01;31m[K::[m[KConstPtr& semantic_map_data) {
[23.762s]       |                                                                                                 [01;31m[K^~[m[K
[23.762s] [01m[K/home/neha/ros2_ws/src/semnav_migration/src/navigation.cpp:240:97:[m[K [01;31m[Kerror: [m[Kexpected â€˜[01m[K)[m[Kâ€™ before â€˜[01m[K::[m[Kâ€™ token
[23.762s]   240 |                 void diffeo_tree_update[34m[K([m[Kconst object_pose_interface_msgs::SemanticMapObjectArray[01;31m[K:[m[K[32m[K:[m[KConstPtr& semantic_map_data) {
[23.762s]       |                                        [34m[K~[m[K                                                        [01;31m[K^[m[K[32m[K~[m[K
[23.762s]       |                                                                                                 [32m[K)[m[K
[23.763s] [01m[K/home/neha/ros2_ws/src/semnav_migration/src/navigation.cpp:240:75:[m[K [01;31m[Kerror: [m[Kexpected â€˜[01m[K;[m[Kâ€™ at end of member declaration
[23.767s]   240 |                 void diffeo_tree_update(const object_pose_interface_msgs::[01;31m[KSemanticMapObjectArray[m[K::ConstPtr& semantic_map_data) {
[23.767s]       |                                                                           [01;31m[K^~~~~~~~~~~~~~~~~~~~~~[m[K
[23.767s]       |                                                                                                 [32m[K;[m[K
[23.781s] [01m[K/home/neha/ros2_ws/src/semnav_migration/src/navigation.cpp:240:99:[m[K [01;31m[Kerror: [m[Kâ€˜[01m[KConstPtr[m[Kâ€™ in namespace â€˜[01m[K::[m[Kâ€™ does not name a type
[23.782s]   240 |                 void diffeo_tree_update(const object_pose_interface_msgs::SemanticMapObjectArray::[01;31m[KConstPtr[m[K& semantic_map_data) {
[23.782s]       |                                                                                                   [01;31m[K^~~~~~~~[m[K
[23.782s] [01m[K/home/neha/ros2_ws/src/semnav_migration/src/navigation.cpp:332:58:[m[K [01;31m[Kerror: [m[Kâ€˜[01m[KLaserScan[m[Kâ€™ in namespace â€˜[01m[Ksensor_msgs[m[Kâ€™ does not name a type
[23.783s]   332 |                 void control_callback(const sensor_msgs::[01;31m[KLaserScan[m[K::ConstPtr& lidar_data, const nav_msgs::Odometry::ConstPtr& robot_data) {
[23.783s]       |                                                          [01;31m[K^~~~~~~~~[m[K
[23.787s] [01m[K/home/neha/ros2_ws/src/semnav_migration/src/navigation.cpp:332:77:[m[K [01;31m[Kerror: [m[Kexpected unqualified-id before â€˜[01m[K&[m[Kâ€™ token
[23.787s]   332 |                 void control_callback(const sensor_msgs::LaserScan::ConstPtr[01;31m[K&[m[K lidar_data, const nav_msgs::Odometry::ConstPtr& robot_data) {
[23.787s]       |                                                                             [01;31m[K^[m[K
[23.788s] [01m[K/home/neha/ros2_ws/src/semnav_migration/src/navigation.cpp:332:77:[m[K [01;31m[Kerror: [m[Kexpected â€˜[01m[K)[m[Kâ€™ before â€˜[01m[K&[m[Kâ€™ token
[23.788s]   332 |                 void control_callback[34m[K([m[Kconst sensor_msgs::LaserScan::ConstPtr[01;31m[K&[m[K lidar_data, const nav_msgs::Odometry::ConstPtr& robot_data) {
[23.788s]       |                                      [34m[K~[m[K                                      [01;31m[K^[m[K
[23.788s]       |                                                                             [32m[K)[m[K
[23.788s] [01m[K/home/neha/ros2_ws/src/semnav_migration/src/navigation.cpp:332:77:[m[K [01;31m[Kerror: [m[Kexpected â€˜[01m[K;[m[Kâ€™ at end of member declaration
[23.788s]   332 |                 void control_callback(const sensor_msgs::LaserScan::ConstPtr[01;31m[K&[m[K lidar_data, const nav_msgs::Odometry::ConstPtr& robot_data) {
[23.788s]       |                                                                             [01;31m[K^[m[K
[23.789s]       |                                                                              [32m[K;[m[K
[23.800s] [01m[K/home/neha/ros2_ws/src/semnav_migration/src/navigation.cpp:332:79:[m[K [01;31m[Kerror: [m[Kâ€˜[01m[Klidar_data[m[Kâ€™ does not name a type
[23.800s]   332 |                 void control_callback(const sensor_msgs::LaserScan::ConstPtr& [01;31m[Klidar_data[m[K, const nav_msgs::Odometry::ConstPtr& robot_data) {
[23.800s]       |                                                                               [01;31m[K^~~~~~~~~~[m[K
[23.801s] [01m[K/home/neha/ros2_ws/src/semnav_migration/src/navigation.cpp:613:17:[m[K [01;31m[Kerror: [m[Kinvalid use of template-name â€˜[01m[Krclcpp::Publisher[m[Kâ€™ without an argument list
[23.802s]   613 |                 [01;31m[Krclcpp[m[K::Publisher pub_behaviorID_;
[23.802s]       |                 [01;31m[K^~~~~~[m[K
[23.802s] [01m[K/home/neha/ros2_ws/src/semnav_migration/src/navigation.cpp:614:17:[m[K [01;31m[Kerror: [m[Kinvalid use of template-name â€˜[01m[Krclcpp::Publisher[m[Kâ€™ without an argument list
[23.803s]   614 |                 [01;31m[Krclcpp[m[K::Publisher pub_behaviorMode_;
[23.803s]       |                 [01;31m[K^~~~~~[m[K
[23.803s] [01m[K/home/neha/ros2_ws/src/semnav_migration/src/navigation.cpp:615:17:[m[K [01;31m[Kerror: [m[Kinvalid use of template-name â€˜[01m[Krclcpp::Publisher[m[Kâ€™ without an argument list
[23.804s]   615 |                 [01;31m[Krclcpp[m[K::Publisher pub_twist_;
[23.804s]       |                 [01;31m[K^~~~~~[m[K
[23.806s] [01m[K/home/neha/ros2_ws/src/semnav_migration/src/navigation.cpp:617:17:[m[K [01;31m[Kerror: [m[Kinvalid use of template-name â€˜[01m[Krclcpp::Publisher[m[Kâ€™ without an argument list
[23.806s]   617 |                 [01;31m[Krclcpp[m[K::Publisher pub_semantic_map_;
[23.806s]       |                 [01;31m[K^~~~~~[m[K
[23.815s] [01m[K/home/neha/ros2_ws/src/semnav_migration/src/navigation.cpp:661:22:[m[K [01;31m[Kerror: [m[Kâ€˜[01m[KTransformListener[m[Kâ€™ in namespace â€˜[01m[Ktf2[m[Kâ€™ does not name a type
[23.816s]   661 |                 tf2::[01;31m[KTransformListener[m[K listener_;
[23.816s]       |                      [01;31m[K^~~~~~~~~~~~~~~~~[m[K
[23.817s] [01m[K/home/neha/ros2_ws/src/semnav_migration/src/navigation.cpp:[m[K In constructor â€˜[01m[KNavigationNode::[01;32m[KNavigationNode[m[K(rclcpp::Node*)[m[Kâ€™:
[23.818s] [01m[K/home/neha/ros2_ws/src/semnav_migration/src/navigation.cpp:44:60:[m[K [01;31m[Kerror: [m[Kuse of deleted function â€˜[01m[Krclcpp::Node::[01;32m[KNode[m[K(const rclcpp::Node&)[m[Kâ€™
[23.818s]    44 |                 NavigationNode(rclcpp::Node* nodehandle) : [01;31m[Knh_(*nodehandle)[m[K {
[23.819s]       |                                                            [01;31m[K^~~~~~~~~~~~~~~~[m[K
[23.819s] In file included from [01m[K/opt/ros/jazzy/include/rclcpp/rclcpp/context.hpp:35[m[K,
[23.819s]                  from [01m[K/opt/ros/jazzy/include/rclcpp/rclcpp/utilities.hpp:24[m[K,
[23.819s]                  from [01m[K/opt/ros/jazzy/include/rclcpp/rclcpp/logging.hpp:25[m[K,
[23.820s]                  from [01m[K/opt/ros/jazzy/include/rclcpp/rclcpp/copy_all_parameter_values.hpp:27[m[K,
[23.820s]                  from [01m[K/opt/ros/jazzy/include/rclcpp/rclcpp/rclcpp.hpp:171[m[K,
[23.820s]                  from [01m[K/home/neha/ros2_ws/src/semnav_migration/include/reactive_planner_lib.h:32[m[K,
[23.822s]                  from [01m[K/home/neha/ros2_ws/src/semnav_migration/src/navigation.cpp:25[m[K:
[23.822s] [01m[K/opt/ros/jazzy/include/rclcpp/rclcpp/node.hpp:1634:3:[m[K [01;36m[Knote: [m[Kdeclared here
[23.822s]  1634 |   [01;36m[KRCLCPP_DISABLE_COPY[m[K(Node)
[23.823s]       |   [01;36m[K^~~~~~~~~~~~~~~~~~~[m[K
[23.824s] [01m[K/home/neha/ros2_ws/src/semnav_migration/src/navigation.cpp:46:31:[m[K [01;31m[Kerror: [m[Kâ€˜[01m[Kclass NavigationNode[m[Kâ€™ has no member named â€˜[01m[Kdeclare_parameter[m[Kâ€™
[23.825s]    46 |                         this->[01;31m[Kdeclare_parameter[m[K("pub_twist_topic", "/cmd_vel");
[23.825s]       |                               [01;31m[K^~~~~~~~~~~~~~~~~[m[K
[23.828s] [01m[K/home/neha/ros2_ws/src/semnav_migration/src/navigation.cpp:47:31:[m[K [01;31m[Kerror: [m[Kâ€˜[01m[Kclass NavigationNode[m[Kâ€™ has no member named â€˜[01m[Kdeclare_parameter[m[Kâ€™
[23.828s]    47 |                         this->[01;31m[Kdeclare_parameter[m[K("pub_behaviorID_topic", "/behavior_id");
[23.828s]       |                               [01;31m[K^~~~~~~~~~~~~~~~~[m[K
[23.832s] [01m[K/home/neha/ros2_ws/src/semnav_migration/src/navigation.cpp:48:31:[m[K [01;31m[Kerror: [m[Kâ€˜[01m[Kclass NavigationNode[m[Kâ€™ has no member named â€˜[01m[Kdeclare_parameter[m[Kâ€™
[23.832s]    48 |                         this->[01;31m[Kdeclare_parameter[m[K("pub_behaviorMode_topic", "/behavior_mode");
[23.832s]       |                               [01;31m[K^~~~~~~~~~~~~~~~~[m[K
[23.832s] [01m[K/home/neha/ros2_ws/src/semnav_migration/src/navigation.cpp:49:31:[m[K [01;31m[Kerror: [m[Kâ€˜[01m[Kclass NavigationNode[m[Kâ€™ has no member named â€˜[01m[Kdeclare_parameter[m[Kâ€™
[23.832s]    49 |                         this->[01;31m[Kdeclare_parameter[m[K("sub_laser_topic", "/laser_scan");
[23.832s]       |                               [01;31m[K^~~~~~~~~~~~~~~~~[m[K
[23.834s] [01m[K/home/neha/ros2_ws/src/semnav_migration/src/navigation.cpp:50:31:[m[K [01;31m[Kerror: [m[Kâ€˜[01m[Kclass NavigationNode[m[Kâ€™ has no member named â€˜[01m[Kdeclare_parameter[m[Kâ€™
[23.834s]    50 |                         this->[01;31m[Kdeclare_parameter[m[K("sub_robot_topic", "/robot_pose");
[23.834s]       |                               [01;31m[K^~~~~~~~~~~~~~~~~[m[K
[23.835s] [01m[K/home/neha/ros2_ws/src/semnav_migration/src/navigation.cpp:51:31:[m[K [01;31m[Kerror: [m[Kâ€˜[01m[Kclass NavigationNode[m[Kâ€™ has no member named â€˜[01m[Kdeclare_parameter[m[Kâ€™
[23.835s]    51 |                         this->[01;31m[Kdeclare_parameter[m[K("sub_semantic_topic", "/semantic_map");
[23.835s]       |                               [01;31m[K^~~~~~~~~~~~~~~~~[m[K
[23.835s] [01m[K/home/neha/ros2_ws/src/semnav_migration/src/navigation.cpp:52:31:[m[K [01;31m[Kerror: [m[Kâ€˜[01m[Kclass NavigationNode[m[Kâ€™ has no member named â€˜[01m[Kdeclare_parameter[m[Kâ€™
[23.835s]    52 |                         this->[01;31m[Kdeclare_parameter[m[K("world_frame_id", "world");
[23.835s]       |                               [01;31m[K^~~~~~~~~~~~~~~~~[m[K
[23.835s] [01m[K/home/neha/ros2_ws/src/semnav_migration/src/navigation.cpp:53:31:[m[K [01;31m[Kerror: [m[Kâ€˜[01m[Kclass NavigationNode[m[Kâ€™ has no member named â€˜[01m[Kdeclare_parameter[m[Kâ€™
[23.836s]    53 |                         this->[01;31m[Kdeclare_parameter[m[K("odom_frame_id", "odom");
[23.840s]       |                               [01;31m[K^~~~~~~~~~~~~~~~~[m[K
[23.841s] [01m[K/home/neha/ros2_ws/src/semnav_migration/src/navigation.cpp:54:31:[m[K [01;31m[Kerror: [m[Kâ€˜[01m[Kclass NavigationNode[m[Kâ€™ has no member named â€˜[01m[Kdeclare_parameter[m[Kâ€™
[23.841s]    54 |                         this->[01;31m[Kdeclare_parameter[m[K("laser_frame_id", "laser_frame");
[23.841s]       |                               [01;31m[K^~~~~~~~~~~~~~~~~[m[K
[23.841s] [01m[K/home/neha/ros2_ws/src/semnav_migration/src/navigation.cpp:56:31:[m[K [01;31m[Kerror: [m[Kâ€˜[01m[Kclass NavigationNode[m[Kâ€™ has no member named â€˜[01m[Kdeclare_parameter[m[Kâ€™
[23.841s]    56 |                         this->[01;31m[Kdeclare_parameter[m[K("target_object", "");
[23.841s]       |                               [01;31m[K^~~~~~~~~~~~~~~~~[m[K
[23.842s] [01m[K/home/neha/ros2_ws/src/semnav_migration/src/navigation.cpp:57:31:[m[K [01;31m[Kerror: [m[Kâ€˜[01m[Kclass NavigationNode[m[Kâ€™ has no member named â€˜[01m[Kdeclare_parameter[m[Kâ€™
[23.842s]    57 |                         this->[01;31m[Kdeclare_parameter[m[K("target_object_length", 0.0);
[23.842s]       |                               [01;31m[K^~~~~~~~~~~~~~~~~[m[K
[23.842s] [01m[K/home/neha/ros2_ws/src/semnav_migration/src/navigation.cpp:58:31:[m[K [01;31m[Kerror: [m[Kâ€˜[01m[Kclass NavigationNode[m[Kâ€™ has no member named â€˜[01m[Kdeclare_parameter[m[Kâ€™
[23.842s]    58 |                         this->[01;31m[Kdeclare_parameter[m[K("target_object_width", 0.0);
[23.842s]       |                               [01;31m[K^~~~~~~~~~~~~~~~~[m[K
[23.842s] [01m[K/home/neha/ros2_ws/src/semnav_migration/src/navigation.cpp:60:31:[m[K [01;31m[Kerror: [m[Kâ€˜[01m[Kclass NavigationNode[m[Kâ€™ has no member named â€˜[01m[Kdeclare_parameter[m[Kâ€™
[23.843s]    60 |                         this->[01;31m[Kdeclare_parameter[m[K("RobotRadius", 0.0);
[23.843s]       |                               [01;31m[K^~~~~~~~~~~~~~~~~[m[K
[23.849s] [01m[K/home/neha/ros2_ws/src/semnav_migration/src/navigation.cpp:61:31:[m[K [01;31m[Kerror: [m[Kâ€˜[01m[Kclass NavigationNode[m[Kâ€™ has no member named â€˜[01m[Kdeclare_parameter[m[Kâ€™
[23.849s]    61 |                         this->[01;31m[Kdeclare_parameter[m[K("ObstacleDilation", 0.0);
[23.849s]       |                               [01;31m[K^~~~~~~~~~~~~~~~~[m[K
[23.850s] [01m[K/home/neha/ros2_ws/src/semnav_migration/src/navigation.cpp:62:31:[m[K [01;31m[Kerror: [m[Kâ€˜[01m[Kclass NavigationNode[m[Kâ€™ has no member named â€˜[01m[Kdeclare_parameter[m[Kâ€™
[23.850s]    62 |                         this->[01;31m[Kdeclare_parameter[m[K("WalkHeight", 0.0);
[23.850s]       |                               [01;31m[K^~~~~~~~~~~~~~~~~[m[K
[23.850s] [01m[K/home/neha/ros2_ws/src/semnav_migration/src/navigation.cpp:64:31:[m[K [01;31m[Kerror: [m[Kâ€˜[01m[Kclass NavigationNode[m[Kâ€™ has no member named â€˜[01m[Kdeclare_parameter[m[Kâ€™
[23.850s]    64 |                         this->[01;31m[Kdeclare_parameter[m[K("AllowableRange", 0.0);
[23.850s]       |                               [01;31m[K^~~~~~~~~~~~~~~~~[m[K
[23.850s] [01m[K/home/neha/ros2_ws/src/semnav_migration/src/navigation.cpp:65:31:[m[K [01;31m[Kerror: [m[Kâ€˜[01m[Kclass NavigationNode[m[Kâ€™ has no member named â€˜[01m[Kdeclare_parameter[m[Kâ€™
[23.851s]    65 |                         this->[01;31m[Kdeclare_parameter[m[K("CutoffRange", 0.0);
[23.858s]       |                               [01;31m[K^~~~~~~~~~~~~~~~~[m[K
[23.858s] [01m[K/home/neha/ros2_ws/src/semnav_migration/src/navigation.cpp:67:31:[m[K [01;31m[Kerror: [m[Kâ€˜[01m[Kclass NavigationNode[m[Kâ€™ has no member named â€˜[01m[Kdeclare_parameter[m[Kâ€™
[23.858s]    67 |                         this->[01;31m[Kdeclare_parameter[m[K("ForwardLinCmdLimit", 0.0);
[23.859s]       |                               [01;31m[K^~~~~~~~~~~~~~~~~[m[K
[23.859s] [01m[K/home/neha/ros2_ws/src/semnav_migration/src/navigation.cpp:68:31:[m[K [01;31m[Kerror: [m[Kâ€˜[01m[Kclass NavigationNode[m[Kâ€™ has no member named â€˜[01m[Kdeclare_parameter[m[Kâ€™
[23.859s]    68 |                         this->[01;31m[Kdeclare_parameter[m[K("BackwardLinCmdLimit", 0.0);
[23.859s]       |                               [01;31m[K^~~~~~~~~~~~~~~~~[m[K
[23.859s] [01m[K/home/neha/ros2_ws/src/semnav_migration/src/navigation.cpp:69:31:[m[K [01;31m[Kerror: [m[Kâ€˜[01m[Kclass NavigationNode[m[Kâ€™ has no member named â€˜[01m[Kdeclare_parameter[m[Kâ€™
[23.859s]    69 |                         this->[01;31m[Kdeclare_parameter[m[K("AngCmdLimit", 0.0);
[23.859s]       |                               [01;31m[K^~~~~~~~~~~~~~~~~[m[K
[23.860s] [01m[K/home/neha/ros2_ws/src/semnav_migration/src/navigation.cpp:70:31:[m[K [01;31m[Kerror: [m[Kâ€˜[01m[Kclass NavigationNode[m[Kâ€™ has no member named â€˜[01m[Kdeclare_parameter[m[Kâ€™
[23.863s]    70 |                         this->[01;31m[Kdeclare_parameter[m[K("RFunctionExponent", 0.0);
[23.864s]       |                               [01;31m[K^~~~~~~~~~~~~~~~~[m[K
[23.864s] [01m[K/home/neha/ros2_ws/src/semnav_migration/src/navigation.cpp:71:31:[m[K [01;31m[Kerror: [m[Kâ€˜[01m[Kclass NavigationNode[m[Kâ€™ has no member named â€˜[01m[Kdeclare_parameter[m[Kâ€™
[23.865s]    71 |                         this->[01;31m[Kdeclare_parameter[m[K("Epsilon", 0.0);
[23.865s]       |                               [01;31m[K^~~~~~~~~~~~~~~~~[m[K
[23.865s] [01m[K/home/neha/ros2_ws/src/semnav_migration/src/navigation.cpp:72:31:[m[K [01;31m[Kerror: [m[Kâ€˜[01m[Kclass NavigationNode[m[Kâ€™ has no member named â€˜[01m[Kdeclare_parameter[m[Kâ€™
[23.865s]    72 |                         this->[01;31m[Kdeclare_parameter[m[K("VarEpsilon", 0.0);
[23.865s]       |                               [01;31m[K^~~~~~~~~~~~~~~~~[m[K
[23.865s] [01m[K/home/neha/ros2_ws/src/semnav_migration/src/navigation.cpp:73:31:[m[K [01;31m[Kerror: [m[Kâ€˜[01m[Kclass NavigationNode[m[Kâ€™ has no member named â€˜[01m[Kdeclare_parameter[m[Kâ€™
[23.866s]    73 |                         this->[01;31m[Kdeclare_parameter[m[K("Mu1", 0.0);
[23.868s]       |                               [01;31m[K^~~~~~~~~~~~~~~~~[m[K
[23.868s] [01m[K/home/neha/ros2_ws/src/semnav_migration/src/navigation.cpp:74:31:[m[K [01;31m[Kerror: [m[Kâ€˜[01m[Kclass NavigationNode[m[Kâ€™ has no member named â€˜[01m[Kdeclare_parameter[m[Kâ€™
[23.868s]    74 |                         this->[01;31m[Kdeclare_parameter[m[K("Mu2", 0.0);
[23.869s]       |                               [01;31m[K^~~~~~~~~~~~~~~~~[m[K
[23.869s] [01m[K/home/neha/ros2_ws/src/semnav_migration/src/navigation.cpp:75:31:[m[K [01;31m[Kerror: [m[Kâ€˜[01m[Kclass NavigationNode[m[Kâ€™ has no member named â€˜[01m[Kdeclare_parameter[m[Kâ€™
[23.869s]    75 |                         this->[01;31m[Kdeclare_parameter[m[K("SemanticMapUpdateRate", 0.0);
[23.869s]       |                               [01;31m[K^~~~~~~~~~~~~~~~~[m[K
[23.869s] [01m[K/home/neha/ros2_ws/src/semnav_migration/src/navigation.cpp:78:31:[m[K [01;31m[Kerror: [m[Kâ€˜[01m[Kclass NavigationNode[m[Kâ€™ has no member named â€˜[01m[Kdeclare_parameter[m[Kâ€™
[23.869s]    78 |                         this->[01;31m[Kdeclare_parameter[m[K("LinearGain", 0.0);
[23.869s]       |                               [01;31m[K^~~~~~~~~~~~~~~~~[m[K
[23.870s] [01m[K/home/neha/ros2_ws/src/semnav_migration/src/navigation.cpp:79:31:[m[K [01;31m[Kerror: [m[Kâ€˜[01m[Kclass NavigationNode[m[Kâ€™ has no member named â€˜[01m[Kdeclare_parameter[m[Kâ€™
[23.873s]    79 |                         this->[01;31m[Kdeclare_parameter[m[K("AngularGain", 0.0);
[23.873s]       |                               [01;31m[K^~~~~~~~~~~~~~~~~[m[K
[23.873s] [01m[K/home/neha/ros2_ws/src/semnav_migration/src/navigation.cpp:81:31:[m[K [01;31m[Kerror: [m[Kâ€˜[01m[Kclass NavigationNode[m[Kâ€™ has no member named â€˜[01m[Kdeclare_parameter[m[Kâ€™
[23.874s]    81 |                         this->[01;31m[Kdeclare_parameter[m[K("Goal_x", 0.0);
[23.874s]       |                               [01;31m[K^~~~~~~~~~~~~~~~~[m[K
[23.874s] [01m[K/home/neha/ros2_ws/src/semnav_migration/src/navigation.cpp:82:31:[m[K [01;31m[Kerror: [m[Kâ€˜[01m[Kclass NavigationNode[m[Kâ€™ has no member named â€˜[01m[Kdeclare_parameter[m[Kâ€™
[23.874s]    82 |                         this->[01;31m[Kdeclare_parameter[m[K("Goal_y", 0.0);
[23.874s]       |                               [01;31m[K^~~~~~~~~~~~~~~~~[m[K
[23.874s] [01m[K/home/neha/ros2_ws/src/semnav_migration/src/navigation.cpp:85:29:[m[K [01;31m[Kerror: [m[Kâ€˜[01m[Kclass rclcpp::Node[m[Kâ€™ has no member named â€˜[01m[KgetParam[m[Kâ€™
[23.874s]    85 |                         nh_.[01;31m[KgetParam[m[K("Tolerance", Tolerance_);
[23.875s]       |                             [01;31m[K^~~~~~~~[m[K
[23.875s] [01m[K/home/neha/ros2_ws/src/semnav_migration/src/navigation.cpp:87:31:[m[K [01;31m[Kerror: [m[Kâ€˜[01m[Kclass NavigationNode[m[Kâ€™ has no member named â€˜[01m[Kdeclare_parameter[m[Kâ€™
[23.877s]    87 |                         this->[01;31m[Kdeclare_parameter[m[K("LowpassCutOff", 0.0);
[23.877s]       |                               [01;31m[K^~~~~~~~~~~~~~~~~[m[K
[23.877s] [01m[K/home/neha/ros2_ws/src/semnav_migration/src/navigation.cpp:88:31:[m[K [01;31m[Kerror: [m[Kâ€˜[01m[Kclass NavigationNode[m[Kâ€™ has no member named â€˜[01m[Kdeclare_parameter[m[Kâ€™
[23.877s]    88 |                         this->[01;31m[Kdeclare_parameter[m[K("LowpassSampling", 0.0);
[23.878s]       |                               [01;31m[K^~~~~~~~~~~~~~~~~[m[K
[23.878s] [01m[K/home/neha/ros2_ws/src/semnav_migration/src/navigation.cpp:89:31:[m[K [01;31m[Kerror: [m[Kâ€˜[01m[Kclass NavigationNode[m[Kâ€™ has no member named â€˜[01m[Kdeclare_parameter[m[Kâ€™
[23.878s]    89 |                         this->[01;31m[Kdeclare_parameter[m[K("LowpassOrder", 0.0);
[23.878s]       |                               [01;31m[K^~~~~~~~~~~~~~~~~[m[K
[23.878s] [01m[K/home/neha/ros2_ws/src/semnav_migration/src/navigation.cpp:90:31:[m[K [01;31m[Kerror: [m[Kâ€˜[01m[Kclass NavigationNode[m[Kâ€™ has no member named â€˜[01m[Kdeclare_parameter[m[Kâ€™
[23.878s]    90 |                         this->[01;31m[Kdeclare_parameter[m[K("LowpassSamples", 0.0);
[23.878s]       |                               [01;31m[K^~~~~~~~~~~~~~~~~[m[K
[23.879s] [01m[K/home/neha/ros2_ws/src/semnav_migration/src/navigation.cpp:92:31:[m[K [01;31m[Kerror: [m[Kâ€˜[01m[Kclass NavigationNode[m[Kâ€™ has no member named â€˜[01m[Kdeclare_parameter[m[Kâ€™
[23.879s]    92 |                         this->[01;31m[Kdeclare_parameter[m[K("DebugFlag", false);
[23.881s]       |                               [01;31m[K^~~~~~~~~~~~~~~~~[m[K
[23.881s] [01m[K/home/neha/ros2_ws/src/semnav_migration/src/navigation.cpp:94:50:[m[K [01;31m[Kerror: [m[Kâ€˜[01m[Kclass NavigationNode[m[Kâ€™ has no member named â€˜[01m[Kget_parameter[m[Kâ€™
[23.881s]    94 |                         pub_twist_topic_ = this->[01;31m[Kget_parameter[m[K("pub_twist_topic").as_string();
[23.881s]       |                                                  [01;31m[K^~~~~~~~~~~~~[m[K
[23.881s] [01m[K/home/neha/ros2_ws/src/semnav_migration/src/navigation.cpp:95:55:[m[K [01;31m[Kerror: [m[Kâ€˜[01m[Kclass NavigationNode[m[Kâ€™ has no member named â€˜[01m[Kget_parameter[m[Kâ€™
[23.882s]    95 |                         pub_behaviorID_topic_ = this->[01;31m[Kget_parameter[m[K("pub_behaviorID_topic").as_string();
[23.882s]       |                                                       [01;31m[K^~~~~~~~~~~~~[m[K
[23.882s] [01m[K/home/neha/ros2_ws/src/semnav_migration/src/navigation.cpp:96:57:[m[K [01;31m[Kerror: [m[Kâ€˜[01m[Kclass NavigationNode[m[Kâ€™ has no member named â€˜[01m[Kget_parameter[m[Kâ€™
[23.882s]    96 |                         pub_behaviorMode_topic_ = this->[01;31m[Kget_parameter[m[K("pub_behaviorMode_topic").as_string();
[23.882s]       |                                                         [01;31m[K^~~~~~~~~~~~~[m[K
[23.882s] [01m[K/home/neha/ros2_ws/src/semnav_migration/src/navigation.cpp:97:50:[m[K [01;31m[Kerror: [m[Kâ€˜[01m[Kclass NavigationNode[m[Kâ€™ has no member named â€˜[01m[Kget_parameter[m[Kâ€™
[23.883s]    97 |                         sub_laser_topic_ = this->[01;31m[Kget_parameter[m[K("sub_laser_topic").as_string();
[23.883s]       |                                                  [01;31m[K^~~~~~~~~~~~~[m[K
[23.885s] [01m[K/home/neha/ros2_ws/src/semnav_migration/src/navigation.cpp:98:50:[m[K [01;31m[Kerror: [m[Kâ€˜[01m[Kclass NavigationNode[m[Kâ€™ has no member named â€˜[01m[Kget_parameter[m[Kâ€™
[23.885s]    98 |                         sub_robot_topic_ = this->[01;31m[Kget_parameter[m[K("sub_robot_topic").as_string();
[23.885s]       |                                                  [01;31m[K^~~~~~~~~~~~~[m[K
[23.885s] [01m[K/home/neha/ros2_ws/src/semnav_migration/src/navigation.cpp:99:53:[m[K [01;31m[Kerror: [m[Kâ€˜[01m[Kclass NavigationNode[m[Kâ€™ has no member named â€˜[01m[Kget_parameter[m[Kâ€™
[23.886s]    99 |                         sub_semantic_topic_ = this->[01;31m[Kget_parameter[m[K("sub_semantic_topic").as_string();
[23.886s]       |                                                     [01;31m[K^~~~~~~~~~~~~[m[K
[23.886s] [01m[K/home/neha/ros2_ws/src/semnav_migration/src/navigation.cpp:100:49:[m[K [01;31m[Kerror: [m[Kâ€˜[01m[Kclass NavigationNode[m[Kâ€™ has no member named â€˜[01m[Kget_parameter[m[Kâ€™
[23.886s]   100 |                         world_frame_id_ = this->[01;31m[Kget_parameter[m[K("world_frame_id").as_string();
[23.886s]       |                                                 [01;31m[K^~~~~~~~~~~~~[m[K
[23.886s] [01m[K/home/neha/ros2_ws/src/semnav_migration/src/navigation.cpp:101:48:[m[K [01;31m[Kerror: [m[Kâ€˜[01m[Kclass NavigationNode[m[Kâ€™ has no member named â€˜[01m[Kget_parameter[m[Kâ€™
[23.886s]   101 |                         odom_frame_id_ = this->[01;31m[Kget_parameter[m[K("odom_frame_id").as_string();
[23.887s]       |                                                [01;31m[K^~~~~~~~~~~~~[m[K
[23.887s] [01m[K/home/neha/ros2_ws/src/semnav_migration/src/navigation.cpp:102:49:[m[K [01;31m[Kerror: [m[Kâ€˜[01m[Kclass NavigationNode[m[Kâ€™ has no member named â€˜[01m[Kget_parameter[m[Kâ€™
[23.889s]   102 |                         laser_frame_id_ = this->[01;31m[Kget_parameter[m[K("laser_frame_id").as_string();
[23.889s]       |                                                 [01;31m[K^~~~~~~~~~~~~[m[K
[23.981s] [01m[K/home/neha/ros2_ws/src/semnav_migration/src/navigation.cpp:103:25:[m[K [01;31m[Kerror: [m[Kâ€˜[01m[Ktarget_object_[m[Kâ€™ was not declared in this scope
[23.981s]   103 |                         [01;31m[Ktarget_object_[m[K = this->get_parameter("target_object").as_string();
[23.982s]       |                         [01;31m[K^~~~~~~~~~~~~~[m[K
[23.982s] [01m[K/home/neha/ros2_ws/src/semnav_migration/src/navigation.cpp:103:48:[m[K [01;31m[Kerror: [m[Kâ€˜[01m[Kclass NavigationNode[m[Kâ€™ has no member named â€˜[01m[Kget_parameter[m[Kâ€™
[23.983s]   103 |                         target_object_ = this->[01;31m[Kget_parameter[m[K("target_object").as_string();
[23.983s]       |                                                [01;31m[K^~~~~~~~~~~~~[m[K
[24.166s] [01m[K/home/neha/ros2_ws/src/semnav_migration/src/navigation.cpp:104:25:[m[K [01;31m[Kerror: [m[Kâ€˜[01m[Ktarget_object_length_[m[Kâ€™ was not declared in this scope
[24.166s]   104 |                         [01;31m[Ktarget_object_length_[m[K = this->get_parameter("target_object_length").as_double();
[24.166s]       |                         [01;31m[K^~~~~~~~~~~~~~~~~~~~~[m[K
[24.166s] [01m[K/home/neha/ros2_ws/src/semnav_migration/src/navigation.cpp:104:55:[m[K [01;31m[Kerror: [m[Kâ€˜[01m[Kclass NavigationNode[m[Kâ€™ has no member named â€˜[01m[Kget_parameter[m[Kâ€™
[24.168s]   104 |                         target_object_length_ = this->[01;31m[Kget_parameter[m[K("target_object_length").as_double();
[24.168s]       |                                                       [01;31m[K^~~~~~~~~~~~~[m[K
[24.321s] [01m[K/home/neha/ros2_ws/src/semnav_migration/src/navigation.cpp:105:25:[m[K [01;31m[Kerror: [m[Kâ€˜[01m[Ktarget_object_width_[m[Kâ€™ was not declared in this scope
[24.322s]   105 |                         [01;31m[Ktarget_object_width_[m[K = this->get_parameter("target_object_width").as_double();
[24.322s]       |                         [01;31m[K^~~~~~~~~~~~~~~~~~~~[m[K
[24.323s] [01m[K/home/neha/ros2_ws/src/semnav_migration/src/navigation.cpp:105:54:[m[K [01;31m[Kerror: [m[Kâ€˜[01m[Kclass NavigationNode[m[Kâ€™ has no member named â€˜[01m[Kget_parameter[m[Kâ€™
[24.323s]   105 |                         target_object_width_ = this->[01;31m[Kget_parameter[m[K("target_object_width").as_double();
[24.323s]       |                                                      [01;31m[K^~~~~~~~~~~~~[m[K
[24.324s] [01m[K/home/neha/ros2_ws/src/semnav_migration/src/navigation.cpp:107:46:[m[K [01;31m[Kerror: [m[Kâ€˜[01m[Kclass NavigationNode[m[Kâ€™ has no member named â€˜[01m[Kget_parameter[m[Kâ€™
[24.324s]   107 |                         RobotRadius_ = this->[01;31m[Kget_parameter[m[K("RobotRadius").as_double();
[24.324s]       |                                              [01;31m[K^~~~~~~~~~~~~[m[K
[24.325s] [01m[K/home/neha/ros2_ws/src/semnav_migration/src/navigation.cpp:108:51:[m[K [01;31m[Kerror: [m[Kâ€˜[01m[Kclass NavigationNode[m[Kâ€™ has no member named â€˜[01m[Kget_parameter[m[Kâ€™
[24.325s]   108 |                         ObstacleDilation_ = this->[01;31m[Kget_parameter[m[K("ObstacleDilation").as_double();
[24.325s]       |                                                   [01;31m[K^~~~~~~~~~~~~[m[K
[24.328s] [01m[K/home/neha/ros2_ws/src/semnav_migration/src/navigation.cpp:109:45:[m[K [01;31m[Kerror: [m[Kâ€˜[01m[Kclass NavigationNode[m[Kâ€™ has no member named â€˜[01m[Kget_parameter[m[Kâ€™
[24.328s]   109 |                         WalkHeight_ = this->[01;31m[Kget_parameter[m[K("WalkHeight").as_double();
[24.328s]       |                                             [01;31m[K^~~~~~~~~~~~~[m[K
[24.328s] [01m[K/home/neha/ros2_ws/src/semnav_migration/src/navigation.cpp:110:49:[m[K [01;31m[Kerror: [m[Kâ€˜[01m[Kclass NavigationNode[m[Kâ€™ has no member named â€˜[01m[Kget_parameter[m[Kâ€™
[24.328s]   110 |                         AllowableRange_ = this->[01;31m[Kget_parameter[m[K("AllowableRange").as_double();
[24.329s]       |                                                 [01;31m[K^~~~~~~~~~~~~[m[K
[24.329s] [01m[K/home/neha/ros2_ws/src/semnav_migration/src/navigation.cpp:111:46:[m[K [01;31m[Kerror: [m[Kâ€˜[01m[Kclass NavigationNode[m[Kâ€™ has no member named â€˜[01m[Kget_parameter[m[Kâ€™
[24.329s]   111 |                         CutoffRange_ = this->[01;31m[Kget_parameter[m[K("CutoffRange").as_double();
[24.329s]       |                                              [01;31m[K^~~~~~~~~~~~~[m[K
[24.329s] [01m[K/home/neha/ros2_ws/src/semnav_migration/src/navigation.cpp:112:53:[m[K [01;31m[Kerror: [m[Kâ€˜[01m[Kclass NavigationNode[m[Kâ€™ has no member named â€˜[01m[Kget_parameter[m[Kâ€™
[24.337s]   112 |                         ForwardLinCmdLimit_ = this->[01;31m[Kget_parameter[m[K("ForwardLinCmdLimit").as_double();
[24.337s]       |                                                     [01;31m[K^~~~~~~~~~~~~[m[K
[24.337s] [01m[K/home/neha/ros2_ws/src/semnav_migration/src/navigation.cpp:113:54:[m[K [01;31m[Kerror: [m[Kâ€˜[01m[Kclass NavigationNode[m[Kâ€™ has no member named â€˜[01m[Kget_parameter[m[Kâ€™
[24.338s]   113 |                         BackwardLinCmdLimit_ = this->[01;31m[Kget_parameter[m[K("BackwardLinCmdLimit").as_double();
[24.338s]       |                                                      [01;31m[K^~~~~~~~~~~~~[m[K
[24.338s] [01m[K/home/neha/ros2_ws/src/semnav_migration/src/navigation.cpp:114:46:[m[K [01;31m[Kerror: [m[Kâ€˜[01m[Kclass NavigationNode[m[Kâ€™ has no member named â€˜[01m[Kget_parameter[m[Kâ€™
[24.338s]   114 |                         AngCmdLimit_ = this->[01;31m[Kget_parameter[m[K("AngCmdLimit").as_double();
[24.338s]       |                                              [01;31m[K^~~~~~~~~~~~~[m[K
[24.338s] [01m[K/home/neha/ros2_ws/src/semnav_migration/src/navigation.cpp:115:52:[m[K [01;31m[Kerror: [m[Kâ€˜[01m[Kclass NavigationNode[m[Kâ€™ has no member named â€˜[01m[Kget_parameter[m[Kâ€™
[24.338s]   115 |                         RFunctionExponent_ = this->[01;31m[Kget_parameter[m[K("RFunctionExponent").as_double();
[24.339s]       |                                                    [01;31m[K^~~~~~~~~~~~~[m[K
[24.344s] [01m[K/home/neha/ros2_ws/src/semnav_migration/src/navigation.cpp:116:42:[m[K [01;31m[Kerror: [m[Kâ€˜[01m[Kclass NavigationNode[m[Kâ€™ has no member named â€˜[01m[Kget_parameter[m[Kâ€™
[24.345s]   116 |                         Epsilon_ = this->[01;31m[Kget_parameter[m[K("Epsilon").as_double();
[24.345s]       |                                          [01;31m[K^~~~~~~~~~~~~[m[K
[24.345s] [01m[K/home/neha/ros2_ws/src/semnav_migration/src/navigation.cpp:117:45:[m[K [01;31m[Kerror: [m[Kâ€˜[01m[Kclass NavigationNode[m[Kâ€™ has no member named â€˜[01m[Kget_parameter[m[Kâ€™
[24.345s]   117 |                         VarEpsilon_ = this->[01;31m[Kget_parameter[m[K("VarEpsilon").as_double();
[24.345s]       |                                             [01;31m[K^~~~~~~~~~~~~[m[K
[24.345s] [01m[K/home/neha/ros2_ws/src/semnav_migration/src/navigation.cpp:118:38:[m[K [01;31m[Kerror: [m[Kâ€˜[01m[Kclass NavigationNode[m[Kâ€™ has no member named â€˜[01m[Kget_parameter[m[Kâ€™
[24.346s]   118 |                         Mu1_ = this->[01;31m[Kget_parameter[m[K("Mu1").as_double();
[24.347s]       |                                      [01;31m[K^~~~~~~~~~~~~[m[K
[24.347s] [01m[K/home/neha/ros2_ws/src/semnav_migration/src/navigation.cpp:119:38:[m[K [01;31m[Kerror: [m[Kâ€˜[01m[Kclass NavigationNode[m[Kâ€™ has no member named â€˜[01m[Kget_parameter[m[Kâ€™
[24.347s]   119 |                         Mu2_ = this->[01;31m[Kget_parameter[m[K("Mu2").as_double();
[24.347s]       |                                      [01;31m[K^~~~~~~~~~~~~[m[K
[24.348s] [01m[K/home/neha/ros2_ws/src/semnav_migration/src/navigation.cpp:120:55:[m[K [01;31m[Kerror: [m[Kâ€˜[01m[Kclass NavigationNode[m[Kâ€™ has no member named â€˜[01m[Kget_parameter[m[Kâ€™
[24.348s]   120 |                         DiffeoTreeUpdateRate_ = this->[01;31m[Kget_parameter[m[K("SemanticMapUpdateRate").as_double();
[24.348s]       |                                                       [01;31m[K^~~~~~~~~~~~~[m[K
[24.348s] [01m[K/home/neha/ros2_ws/src/semnav_migration/src/navigation.cpp:122:45:[m[K [01;31m[Kerror: [m[Kâ€˜[01m[Kclass NavigationNode[m[Kâ€™ has no member named â€˜[01m[Kget_parameter[m[Kâ€™
[24.348s]   122 |                         LinearGain_ = this->[01;31m[Kget_parameter[m[K("LinearGain").as_double();
[24.348s]       |                                             [01;31m[K^~~~~~~~~~~~~[m[K
[24.348s] [01m[K/home/neha/ros2_ws/src/semnav_migration/src/navigation.cpp:123:46:[m[K [01;31m[Kerror: [m[Kâ€˜[01m[Kclass NavigationNode[m[Kâ€™ has no member named â€˜[01m[Kget_parameter[m[Kâ€™
[24.348s]   123 |                         AngularGain_ = this->[01;31m[Kget_parameter[m[K("AngularGain").as_double();
[24.349s]       |                                              [01;31m[K^~~~~~~~~~~~~[m[K
[24.351s] [01m[K/home/neha/ros2_ws/src/semnav_migration/src/navigation.cpp:124:41:[m[K [01;31m[Kerror: [m[Kâ€˜[01m[Kclass NavigationNode[m[Kâ€™ has no member named â€˜[01m[Kget_parameter[m[Kâ€™
[24.351s]   124 |                         Goal_x_ = this->[01;31m[Kget_parameter[m[K("Goal_x").as_double();
[24.351s]       |                                         [01;31m[K^~~~~~~~~~~~~[m[K
[24.352s] [01m[K/home/neha/ros2_ws/src/semnav_migration/src/navigation.cpp:125:41:[m[K [01;31m[Kerror: [m[Kâ€˜[01m[Kclass NavigationNode[m[Kâ€™ has no member named â€˜[01m[Kget_parameter[m[Kâ€™
[24.352s]   125 |                         Goal_y_ = this->[01;31m[Kget_parameter[m[K("Goal_y").as_double();
[24.352s]       |                                         [01;31m[K^~~~~~~~~~~~~[m[K
[24.352s] [01m[K/home/neha/ros2_ws/src/semnav_migration/src/navigation.cpp:126:44:[m[K [01;31m[Kerror: [m[Kâ€˜[01m[Kclass NavigationNode[m[Kâ€™ has no member named â€˜[01m[Kget_parameter[m[Kâ€™
[24.352s]   126 |                         Tolerance_ = this->[01;31m[Kget_parameter[m[K("Tolerance").as_double();
[24.352s]       |                                            [01;31m[K^~~~~~~~~~~~~[m[K
[24.392s] [01m[K/home/neha/ros2_ws/src/semnav_migration/src/navigation.cpp:128:25:[m[K [01;31m[Kerror: [m[Kâ€˜[01m[KLowpassCutOff_[m[Kâ€™ was not declared in this scope; did you mean â€˜[01m[KLowpassCutoff_[m[Kâ€™?
[24.393s]   128 |                         [01;31m[KLowpassCutOff_[m[K = this->get_parameter("LowpassCutOff").as_double();
[24.393s]       |                         [01;31m[K^~~~~~~~~~~~~~[m[K
[24.393s]       |                         [32m[KLowpassCutoff_[m[K
[24.394s] [01m[K/home/neha/ros2_ws/src/semnav_migration/src/navigation.cpp:128:48:[m[K [01;31m[Kerror: [m[Kâ€˜[01m[Kclass NavigationNode[m[Kâ€™ has no member named â€˜[01m[Kget_parameter[m[Kâ€™
[24.394s]   128 |                         LowpassCutOff_ = this->[01;31m[Kget_parameter[m[K("LowpassCutOff").as_double();
[24.394s]       |                                                [01;31m[K^~~~~~~~~~~~~[m[K
[24.395s] [01m[K/home/neha/ros2_ws/src/semnav_migration/src/navigation.cpp:129:50:[m[K [01;31m[Kerror: [m[Kâ€˜[01m[Kclass NavigationNode[m[Kâ€™ has no member named â€˜[01m[Kget_parameter[m[Kâ€™
[24.395s]   129 |                         LowpassSampling_ = this->[01;31m[Kget_parameter[m[K("LowpassSampling").as_double();
[24.396s]       |                                                  [01;31m[K^~~~~~~~~~~~~[m[K
[24.396s] [01m[K/home/neha/ros2_ws/src/semnav_migration/src/navigation.cpp:130:47:[m[K [01;31m[Kerror: [m[Kâ€˜[01m[Kclass NavigationNode[m[Kâ€™ has no member named â€˜[01m[Kget_parameter[m[Kâ€™
[24.396s]   130 |                         LowpassOrder_ = this->[01;31m[Kget_parameter[m[K("LowpassOrder").as_double();
[24.397s]       |                                               [01;31m[K^~~~~~~~~~~~~[m[K
[24.397s] [01m[K/home/neha/ros2_ws/src/semnav_migration/src/navigation.cpp:131:49:[m[K [01;31m[Kerror: [m[Kâ€˜[01m[Kclass NavigationNode[m[Kâ€™ has no member named â€˜[01m[Kget_parameter[m[Kâ€™
[24.397s]   131 |                         LowpassSamples_ = this->[01;31m[Kget_parameter[m[K("LowpassSamples").as_double();
[24.397s]       |                                                 [01;31m[K^~~~~~~~~~~~~[m[K
[24.398s] [01m[K/home/neha/ros2_ws/src/semnav_migration/src/navigation.cpp:133:44:[m[K [01;31m[Kerror: [m[Kâ€˜[01m[Kclass NavigationNode[m[Kâ€™ has no member named â€˜[01m[Kget_parameter[m[Kâ€™
[24.398s]   133 |                         DebugFlag_ = this->[01;31m[Kget_parameter[m[K("DebugFlag").as_bool();
[24.398s]       |                                            [01;31m[K^~~~~~~~~~~~~[m[K
[24.400s] [01m[K/home/neha/ros2_ws/src/semnav_migration/src/navigation.cpp:136:47:[m[K [01;31m[Kerror: [m[Kâ€˜[01m[Kclass rclcpp::Node[m[Kâ€™ has no member named â€˜[01m[Kadvertise[m[Kâ€™
[24.400s]   136 |                         pub_behaviorID_ = nh_.[01;31m[Kadvertise[m[K<std_msgs::UInt32>(pub_behaviorID_topic_, 1, true);
[24.400s]       |                                               [01;31m[K^~~~~~~~~[m[K
[24.403s] [01m[K/home/neha/ros2_ws/src/semnav_migration/src/navigation.cpp:136:67:[m[K [01;31m[Kerror: [m[Kâ€˜[01m[KUInt32[m[Kâ€™ is not a member of â€˜[01m[Kstd_msgs[m[Kâ€™
[24.403s]   136 |                         pub_behaviorID_ = nh_.advertise<std_msgs::[01;31m[KUInt32[m[K>(pub_behaviorID_topic_, 1, true);
[24.404s]       |                                                                   [01;31m[K^~~~~~[m[K
[24.406s] [01m[K/home/neha/ros2_ws/src/semnav_migration/src/navigation.cpp:137:49:[m[K [01;31m[Kerror: [m[Kâ€˜[01m[Kclass rclcpp::Node[m[Kâ€™ has no member named â€˜[01m[Kadvertise[m[Kâ€™
[24.406s]   137 |                         pub_behaviorMode_ = nh_.[01;31m[Kadvertise[m[K<std_msgs::UInt32>(pub_behaviorMode_topic_, 1, true);
[24.406s]       |                                                 [01;31m[K^~~~~~~~~[m[K
[24.409s] [01m[K/home/neha/ros2_ws/src/semnav_migration/src/navigation.cpp:137:69:[m[K [01;31m[Kerror: [m[Kâ€˜[01m[KUInt32[m[Kâ€™ is not a member of â€˜[01m[Kstd_msgs[m[Kâ€™
[24.409s]   137 |                         pub_behaviorMode_ = nh_.advertise<std_msgs::[01;31m[KUInt32[m[K>(pub_behaviorMode_topic_, 1, true);
[24.409s]       |                                                                     [01;31m[K^~~~~~[m[K
[24.412s] [01m[K/home/neha/ros2_ws/src/semnav_migration/src/navigation.cpp:138:42:[m[K [01;31m[Kerror: [m[Kâ€˜[01m[Kclass rclcpp::Node[m[Kâ€™ has no member named â€˜[01m[Kadvertise[m[Kâ€™
[24.412s]   138 |                         pub_twist_ = nh_.[01;31m[Kadvertise[m[K<geometry_msgs::Twist>(pub_twist_topic_, 1, true);
[24.412s]       |                                          [01;31m[K^~~~~~~~~[m[K
[24.415s] [01m[K/home/neha/ros2_ws/src/semnav_migration/src/navigation.cpp:138:67:[m[K [01;31m[Kerror: [m[Kâ€˜[01m[KTwist[m[Kâ€™ is not a member of â€˜[01m[Kgeometry_msgs[m[Kâ€™; did you mean â€˜[01m[Kgeometry_msgs::msg::Twist[m[Kâ€™?
[24.415s]   138 |                         pub_twist_ = nh_.advertise<geometry_msgs::[01;31m[KTwist[m[K>(pub_twist_topic_, 1, true);
[24.415s]       |                                                                   [01;31m[K^~~~~[m[K
[24.416s] In file included from [01m[K/opt/ros/jazzy/include/geometry_msgs/geometry_msgs/msg/detail/velocity_stamped__struct.hpp:25[m[K,
[24.418s]                  from [01m[K/opt/ros/jazzy/include/geometry_msgs/geometry_msgs/msg/velocity_stamped.hpp:7[m[K,
[24.418s]                  from [01m[K/opt/ros/jazzy/include/tf2/tf2/buffer_core.h:49[m[K,
[24.418s]                  from [01m[K/opt/ros/jazzy/include/tf2_ros/tf2_ros/async_buffer_interface.h:39[m[K,
[24.419s]                  from [01m[K/opt/ros/jazzy/include/tf2_ros/tf2_ros/buffer.h:42[m[K,
[24.419s]                  from [01m[K/home/neha/ros2_ws/src/semnav_migration/include/reactive_planner_lib.h:38[m[K:
[24.419s] [01m[K/opt/ros/jazzy/include/geometry_msgs/geometry_msgs/msg/detail/twist__struct.hpp:137:7:[m[K [01;36m[Knote: [m[Kâ€˜[01m[Kgeometry_msgs::msg::Twist[m[Kâ€™ declared here
[24.419s]   137 | using [01;36m[KTwist[m[K =
[24.419s]       |       [01;36m[K^~~~~[m[K
[24.421s] [01m[K/home/neha/ros2_ws/src/semnav_migration/src/navigation.cpp:141:66:[m[K [01;31m[Kerror: [m[Kâ€˜[01m[KLaserScan[m[Kâ€™ is not a member of â€˜[01m[Ksensor_msgs[m[Kâ€™; did you mean â€˜[01m[Ksensor_msgs::msg::LaserScan[m[Kâ€™?
[24.422s]   141 |                         message_filters::Subscriber<sensor_msgs::[01;31m[KLaserScan[m[K> sub_laser(nh_, sub_laser_topic_, 1);
[24.422s]       |                                                                  [01;31m[K^~~~~~~~~[m[K
[24.422s] In file included from [01m[K/opt/ros/jazzy/include/sensor_msgs/sensor_msgs/msg/laser_scan.hpp:7[m[K,
[24.423s]                  from [01m[K/home/neha/ros2_ws/src/semnav_migration/include/reactive_planner_lib.h:48[m[K:
[24.423s] [01m[K/opt/ros/jazzy/include/sensor_msgs/sensor_msgs/msg/detail/laser_scan__struct.hpp:250:7:[m[K [01;36m[Knote: [m[Kâ€˜[01m[Ksensor_msgs::msg::LaserScan[m[Kâ€™ declared here
[24.423s]   250 | using [01;36m[KLaserScan[m[K =
[24.423s]       |       [01;36m[K^~~~~~~~~[m[K
[24.424s] [01m[K/home/neha/ros2_ws/src/semnav_migration/src/navigation.cpp:141:75:[m[K [01;31m[Kerror: [m[Ktemplate argument 1 is invalid
[24.424s]   141 |                         message_filters::Subscriber<sensor_msgs::LaserScan[01;31m[K>[m[K sub_laser(nh_, sub_laser_topic_, 1);
[24.424s]       |                                                                           [01;31m[K^[m[K
[24.426s] [01m[K/home/neha/ros2_ws/src/semnav_migration/src/navigation.cpp:141:111:[m[K [01;31m[Kerror: [m[Kexpression list treated as compound expression in initializer [[01;31m[K]8;;https://gcc.gnu.org/onlinedocs/gcc/Warning-Options.html#index-fpermissive-fpermissive]8;;[m[K]
[24.426s]   141 |                         message_filters::Subscriber<sensor_msgs::LaserScan> sub_laser(nh_, sub_laser_topic_, 1[01;31m[K)[m[K;
[24.426s]       |                                                                                                               [01;31m[K^[m[K
[24.429s] [01m[K/home/neha/ros2_ws/src/semnav_migration/src/navigation.cpp:142:63:[m[K [01;31m[Kerror: [m[Kâ€˜[01m[KOdometry[m[Kâ€™ is not a member of â€˜[01m[Knav_msgs[m[Kâ€™; did you mean â€˜[01m[Knav_msgs::msg::Odometry[m[Kâ€™?
[24.429s]   142 |                         message_filters::Subscriber<nav_msgs::[01;31m[KOdometry[m[K> sub_robot(nh_, sub_robot_topic_, 1);
[24.434s]       |                                                               [01;31m[K^~~~~~~~[m[K
[24.434s] In file included from [01m[K/opt/ros/jazzy/include/nav_msgs/nav_msgs/msg/odometry.hpp:7[m[K,
[24.434s]                  from [01m[K/home/neha/ros2_ws/src/semnav_migration/include/reactive_planner_lib.h:49[m[K:
[24.435s] [01m[K/opt/ros/jazzy/include/nav_msgs/nav_msgs/msg/detail/odometry__struct.hpp:175:7:[m[K [01;36m[Knote: [m[Kâ€˜[01m[Knav_msgs::msg::Odometry[m[Kâ€™ declared here
[24.435s]   175 | using [01;36m[KOdometry[m[K =
[24.435s]       |       [01;36m[K^~~~~~~~[m[K
[24.435s] [01m[K/home/neha/ros2_ws/src/semnav_migration/src/navigation.cpp:142:71:[m[K [01;31m[Kerror: [m[Ktemplate argument 1 is invalid
[24.435s]   142 |                         message_filters::Subscriber<nav_msgs::Odometry[01;31m[K>[m[K sub_robot(nh_, sub_robot_topic_, 1);
[24.435s]       |                                                                       [01;31m[K^[m[K
[24.435s] [01m[K/home/neha/ros2_ws/src/semnav_migration/src/navigation.cpp:142:107:[m[K [01;31m[Kerror: [m[Kexpression list treated as compound expression in initializer [[01;31m[K]8;;https://gcc.gnu.org/onlinedocs/gcc/Warning-Options.html#index-fpermissive-fpermissive]8;;[m[K]
[24.436s]   142 |                         message_filters::Subscriber<nav_msgs::Odometry> sub_robot(nh_, sub_robot_topic_, 1[01;31m[K)[m[K;
[24.442s]       |                                                                                                           [01;31m[K^[m[K
[24.444s] [01m[K/home/neha/ros2_ws/src/semnav_migration/src/navigation.cpp:143:94:[m[K [01;31m[Kerror: [m[Kâ€˜[01m[KLaserScan[m[Kâ€™ is not a member of â€˜[01m[Ksensor_msgs[m[Kâ€™; did you mean â€˜[01m[Ksensor_msgs::msg::LaserScan[m[Kâ€™?
[24.444s]   143 |                         typedef message_filters::sync_policies::ApproximateTime<sensor_msgs::[01;31m[KLaserScan[m[K,nav_msgs::Odometry> SyncPolicy;
[24.445s]       |                                                                                              [01;31m[K^~~~~~~~~[m[K
[24.445s] [01m[K/opt/ros/jazzy/include/sensor_msgs/sensor_msgs/msg/detail/laser_scan__struct.hpp:250:7:[m[K [01;36m[Knote: [m[Kâ€˜[01m[Ksensor_msgs::msg::LaserScan[m[Kâ€™ declared here
[24.445s]   250 | using [01;36m[KLaserScan[m[K =
[24.446s]       |       [01;36m[K^~~~~~~~~[m[K
[24.450s] [01m[K/home/neha/ros2_ws/src/semnav_migration/src/navigation.cpp:143:114:[m[K [01;31m[Kerror: [m[Kâ€˜[01m[KOdometry[m[Kâ€™ is not a member of â€˜[01m[Knav_msgs[m[Kâ€™; did you mean â€˜[01m[Knav_msgs::msg::Odometry[m[Kâ€™?
[24.450s]   143 |                    typedef message_filters::sync_policies::ApproximateTime<sensor_msgs::LaserScan,nav_msgs::[01;31m[KOdometry[m[K> SyncPolicy;
[24.451s]       |                                                                                                             [01;31m[K^~~~~~~~[m[K
[24.451s] 
[24.453s] [01m[K/opt/ros/jazzy/include/nav_msgs/nav_msgs/msg/detail/odometry__struct.hpp:175:7:[m[K [01;36m[Knote: [m[Kâ€˜[01m[Knav_msgs::msg::Odometry[m[Kâ€™ declared here
[24.453s]   175 | using [01;36m[KOdometry[m[K =
[24.453s]       |       [01;36m[K^~~~~~~~[m[K
[24.454s] [01m[K/home/neha/ros2_ws/src/semnav_migration/src/navigation.cpp:143:122:[m[K [01;31m[Kerror: [m[Ktemplate argument 1 is invalid
[24.454s]   143 |            typedef message_filters::sync_policies::ApproximateTime<sensor_msgs::LaserScan,nav_msgs::Odometry[01;31m[K>[m[K SyncPolicy;
[24.454s]       |                                                                                                             [01;31m[K^[m[K
[24.454s] 
[24.454s] [01m[K/home/neha/ros2_ws/src/semnav_migration/src/navigation.cpp:143:122:[m[K [01;31m[Kerror: [m[Ktemplate argument 2 is invalid
[24.455s] In file included from [01m[K/home/neha/ros2_ws/src/semnav_migration/include/reactive_planner_lib.h:46[m[K:
[24.456s] /opt/ros/jazzy/include/message_filters/message_filters/synchronizer.h: In instantiation of â€˜[01m[Kclass message_filters::Synchronizer<int>[m[Kâ€™:
[24.456s] [01m[K/home/neha/ros2_ws/src/semnav_migration/src/navigation.cpp:146:64:[m[K   required from here
[24.456s] [01m[K/opt/ros/jazzy/include/message_filters/message_filters/synchronizer.h:53:7:[m[K [01;31m[Kerror: [m[Kbase type â€˜[01m[Kint[m[Kâ€™ fails to be a struct or class type
[24.456s]    53 | class [01;31m[KSynchronizer[m[K : public noncopyable, public Policy
[24.457s]       |       [01;31m[K^~~~~~~~~~~~[m[K
[24.457s] [01m[K/opt/ros/jazzy/include/message_filters/message_filters/synchronizer.h:56:37:[m[K [01;31m[Kerror: [m[Kâ€˜[01m[Kint[m[Kâ€™ is not a class, struct, or union type
[24.457s]    56 |   typedef typename Policy::Messages [01;31m[KMessages[m[K;
[24.458s]       |                                     [01;31m[K^~~~~~~~[m[K
[24.458s] [01m[K/opt/ros/jazzy/include/message_filters/message_filters/synchronizer.h:57:35:[m[K [01;31m[Kerror: [m[Kâ€˜[01m[Kint[m[Kâ€™ is not a class, struct, or union type
[24.458s]    57 |   typedef typename Policy::Events [01;31m[KEvents[m[K;
[24.458s]       |                                   [01;31m[K^~~~~~[m[K
[24.458s] [01m[K/opt/ros/jazzy/include/message_filters/message_filters/synchronizer.h:58:35:[m[K [01;31m[Kerror: [m[Kâ€˜[01m[Kint[m[Kâ€™ is not a class, struct, or union type
[24.459s]    58 |   typedef typename Policy::Signal [01;31m[KSignal[m[K;
[24.459s]       |                                   [01;31m[K^~~~~~[m[K
[24.461s] [01m[K/opt/ros/jazzy/include/message_filters/message_filters/synchronizer.h:60:58:[m[K [01;31m[Kerror: [m[Kâ€˜[01m[Kint[m[Kâ€™ is not a class, struct, or union type
[24.461s]    60 |   typedef typename std::tuple_element<0, Messages>::type [01;31m[KM0[m[K;
[24.461s]       |                                                          [01;31m[K^~[m[K
[24.461s] [01m[K/opt/ros/jazzy/include/message_filters/message_filters/synchronizer.h:61:58:[m[K [01;31m[Kerror: [m[Kâ€˜[01m[Kint[m[Kâ€™ is not a class, struct, or union type
[24.461s]    61 |   typedef typename std::tuple_element<1, Messages>::type [01;31m[KM1[m[K;
[24.461s]       |                                                          [01;31m[K^~[m[K
[24.461s] [01m[K/opt/ros/jazzy/include/message_filters/message_filters/synchronizer.h:62:58:[m[K [01;31m[Kerror: [m[Kâ€˜[01m[Kint[m[Kâ€™ is not a class, struct, or union type
[24.462s]    62 |   typedef typename std::tuple_element<2, Messages>::type [01;31m[KM2[m[K;
[24.462s]       |                                                          [01;31m[K^~[m[K
[24.462s] [01m[K/opt/ros/jazzy/include/message_filters/message_filters/synchronizer.h:63:58:[m[K [01;31m[Kerror: [m[Kâ€˜[01m[Kint[m[Kâ€™ is not a class, struct, or union type
[24.462s]    63 |   typedef typename std::tuple_element<3, Messages>::type [01;31m[KM3[m[K;
[24.462s]       |                                                          [01;31m[K^~[m[K
[24.462s] [01m[K/opt/ros/jazzy/include/message_filters/message_filters/synchronizer.h:64:58:[m[K [01;31m[Kerror: [m[Kâ€˜[01m[Kint[m[Kâ€™ is not a class, struct, or union type
[24.462s]    64 |   typedef typename std::tuple_element<4, Messages>::type [01;31m[KM4[m[K;
[24.463s]       |                                                          [01;31m[K^~[m[K
[24.463s] [01m[K/opt/ros/jazzy/include/message_filters/message_filters/synchronizer.h:65:58:[m[K [01;31m[Kerror: [m[Kâ€˜[01m[Kint[m[Kâ€™ is not a class, struct, or union type
[24.466s]    65 |   typedef typename std::tuple_element<5, Messages>::type [01;31m[KM5[m[K;
[24.466s]       |                                                          [01;31m[K^~[m[K
[24.466s] [01m[K/opt/ros/jazzy/include/message_filters/message_filters/synchronizer.h:66:58:[m[K [01;31m[Kerror: [m[Kâ€˜[01m[Kint[m[Kâ€™ is not a class, struct, or union type
[24.467s]    66 |   typedef typename std::tuple_element<6, Messages>::type [01;31m[KM6[m[K;
[24.467s]       |                                                          [01;31m[K^~[m[K
[24.467s] [01m[K/opt/ros/jazzy/include/message_filters/message_filters/synchronizer.h:67:58:[m[K [01;31m[Kerror: [m[Kâ€˜[01m[Kint[m[Kâ€™ is not a class, struct, or union type
[24.467s]    67 |   typedef typename std::tuple_element<7, Messages>::type [01;31m[KM7[m[K;
[24.467s]       |                                                          [01;31m[K^~[m[K
[24.467s] [01m[K/opt/ros/jazzy/include/message_filters/message_filters/synchronizer.h:68:58:[m[K [01;31m[Kerror: [m[Kâ€˜[01m[Kint[m[Kâ€™ is not a class, struct, or union type
[24.467s]    68 |   typedef typename std::tuple_element<8, Messages>::type [01;31m[KM8[m[K;
[24.468s]       |                                                          [01;31m[K^~[m[K
[24.471s] [01m[K/opt/ros/jazzy/include/message_filters/message_filters/synchronizer.h:71:56:[m[K [01;31m[Kerror: [m[Kâ€˜[01m[Kint[m[Kâ€™ is not a class, struct, or union type
[24.471s]    71 |   typedef typename std::tuple_element<0, Events>::type [01;31m[KM0Event[m[K;
[24.471s]       |                                                        [01;31m[K^~~~~~~[m[K
[24.471s] [01m[K/opt/ros/jazzy/include/message_filters/message_filters/synchronizer.h:72:56:[m[K [01;31m[Kerror: [m[Kâ€˜[01m[Kint[m[Kâ€™ is not a class, struct, or union type
[24.471s]    72 |   typedef typename std::tuple_element<1, Events>::type [01;31m[KM1Event[m[K;
[24.472s]       |                                                        [01;31m[K^~~~~~~[m[K
[24.472s] [01m[K/opt/ros/jazzy/include/message_filters/message_filters/synchronizer.h:73:56:[m[K [01;31m[Kerror: [m[Kâ€˜[01m[Kint[m[Kâ€™ is not a class, struct, or union type
[24.472s]    73 |   typedef typename std::tuple_element<2, Events>::type [01;31m[KM2Event[m[K;
[24.472s]       |                                                        [01;31m[K^~~~~~~[m[K
[24.472s] [01m[K/opt/ros/jazzy/include/message_filters/message_filters/synchronizer.h:74:56:[m[K [01;31m[Kerror: [m[Kâ€˜[01m[Kint[m[Kâ€™ is not a class, struct, or union type
[24.472s]    74 |   typedef typename std::tuple_element<3, Events>::type [01;31m[KM3Event[m[K;
[24.472s]       |                                                        [01;31m[K^~~~~~~[m[K
[24.473s] [01m[K/opt/ros/jazzy/include/message_filters/message_filters/synchronizer.h:75:56:[m[K [01;31m[Kerror: [m[Kâ€˜[01m[Kint[m[Kâ€™ is not a class, struct, or union type
[24.474s]    75 |   typedef typename std::tuple_element<4, Events>::type [01;31m[KM4Event[m[K;
[24.474s]       |                                                        [01;31m[K^~~~~~~[m[K
[24.474s] [01m[K/opt/ros/jazzy/include/message_filters/message_filters/synchronizer.h:76:56:[m[K [01;31m[Kerror: [m[Kâ€˜[01m[Kint[m[Kâ€™ is not a class, struct, or union type
[24.474s]    76 |   typedef typename std::tuple_element<5, Events>::type [01;31m[KM5Event[m[K;
[24.475s]       |                                                        [01;31m[K^~~~~~~[m[K
[24.475s] [01m[K/opt/ros/jazzy/include/message_filters/message_filters/synchronizer.h:77:56:[m[K [01;31m[Kerror: [m[Kâ€˜[01m[Kint[m[Kâ€™ is not a class, struct, or union type
[24.475s]    77 |   typedef typename std::tuple_element<6, Events>::type [01;31m[KM6Event[m[K;
[24.475s]       |                                                        [01;31m[K^~~~~~~[m[K
[24.475s] [01m[K/opt/ros/jazzy/include/message_filters/message_filters/synchronizer.h:78:56:[m[K [01;31m[Kerror: [m[Kâ€˜[01m[Kint[m[Kâ€™ is not a class, struct, or union type
[24.475s]    78 |   typedef typename std::tuple_element<7, Events>::type [01;31m[KM7Event[m[K;
[24.475s]       |                                                        [01;31m[K^~~~~~~[m[K
[24.476s] [01m[K/opt/ros/jazzy/include/message_filters/message_filters/synchronizer.h:79:56:[m[K [01;31m[Kerror: [m[Kâ€˜[01m[Kint[m[Kâ€™ is not a class, struct, or union type
[24.476s]    79 |   typedef typename std::tuple_element<8, Events>::type [01;31m[KM8Event[m[K;
[24.480s]       |                                                        [01;31m[K^~~~~~~[m[K
[24.480s] [01m[K/opt/ros/jazzy/include/message_filters/message_filters/synchronizer.h:325:17:[m[K [01;31m[Kerror: [m[Kâ€˜[01m[Kint[m[Kâ€™ is not a class, namespace, or enumeration
[24.480s]   325 |   using Policy::[01;31m[Kadd[m[K;
[24.480s]       |                 [01;31m[K^~~[m[K
[24.481s] [01m[K/opt/ros/jazzy/include/message_filters/message_filters/synchronizer.h:328:8:[m[K [01;31m[Kerror: [m[Kâ€˜[01m[Kint[m[Kâ€™ is not a class, struct, or union type
[24.481s]   328 |   void [01;31m[Kadd[m[K(const std::shared_ptr<typename std::tuple_element<i, Messages>::type const>& msg)
[24.481s]       |        [01;31m[K^~~[m[K
[24.481s] [01m[K/opt/ros/jazzy/include/message_filters/message_filters/synchronizer.h:344:8:[m[K [01;31m[Kerror: [m[Kâ€˜[01m[Kint[m[Kâ€™ is not a class, struct, or union type
[24.481s]   344 |   void [01;31m[Kcb[m[K(const typename std::tuple_element<i, Events>::type& evt)
[24.481s]       |        [01;31m[K^~[m[K
[24.483s] [01m[K/home/neha/ros2_ws/src/semnav_migration/src/navigation.cpp:147:55:[m[K [01;31m[Kerror: [m[Kâ€˜[01m[Kbind[m[Kâ€™ is not a member of â€˜[01m[Kboost[m[Kâ€™; did you mean â€˜[01m[Kfind[m[Kâ€™?
[24.484s]   147 |                         sync->registerCallback(boost::[01;31m[Kbind[m[K(&NavigationNode::control_callback, this, _1, _2));
[24.484s]       |                                                       [01;31m[K^~~~[m[K
[24.484s]       |                                                       [32m[Kfind[m[K
[24.484s] [01m[K/home/neha/ros2_ws/src/semnav_migration/src/navigation.cpp:147:101:[m[K [01;31m[Kerror: [m[Kâ€˜[01m[K_1[m[Kâ€™ was not declared in this scope
[24.484s]   147 |                         sync->registerCallback(boost::bind(&NavigationNode::control_callback, this, [01;31m[K_1[m[K, _2));
[24.484s]       |                                                                                                     [01;31m[K^~[m[K
[24.484s] [01m[K/home/neha/ros2_ws/src/semnav_migration/src/navigation.cpp:147:101:[m[K [01;36m[Knote: [m[Ksuggested alternatives:
[24.485s] In file included from [01m[K/usr/include/boost/mpl/aux_/include_preprocessed.hpp:37[m[K,
[24.485s]                  from [01m[K/usr/include/boost/mpl/placeholders.hpp:43[m[K,
[24.485s]                  from [01m[K/usr/include/boost/iterator/iterator_categories.hpp:16[m[K,
[24.485s]                  from [01m[K/usr/include/boost/iterator/iterator_facade.hpp:13[m[K,
[24.485s]                  from [01m[K/usr/include/boost/range/iterator_range_core.hpp:27[m[K,
[24.485s]                  from [01m[K/usr/include/boost/lexical_cast.hpp:48[m[K,
[24.486s]                  from [01m[K/usr/include/boost/multiprecision/detail/number_base.hpp:29[m[K,
[24.486s]                  from [01m[K/usr/include/boost/multiprecision/traits/is_variable_precision.hpp:9[m[K,
[24.486s]                  from [01m[K/usr/include/boost/multiprecision/detail/precision.hpp:9[m[K,
[24.486s]                  from [01m[K/usr/include/boost/multiprecision/number.hpp:11[m[K,
[24.486s]                  from [01m[K/usr/include/boost/multiprecision/cpp_int.hpp:19[m[K,
[24.486s]                  from [01m[K/usr/include/boost/multiprecision/cpp_bin_float.hpp:15[m[K,
[24.486s]                  from [01m[K/usr/include/boost/geometry/core/coordinate_promotion.hpp:16[m[K,
[24.487s]                  from [01m[K/usr/include/boost/geometry/core/radian_access.hpp:30[m[K,
[24.491s]                  from [01m[K/usr/include/boost/geometry/geometry.hpp:50[m[K,
[24.491s]                  from [01m[K/usr/include/boost/geometry.hpp:17[m[K,
[24.491s]                  from [01m[K/home/neha/ros2_ws/src/semnav_migration/include/reactive_planner_lib.h:26[m[K:
[24.491s] [01m[K/usr/include/boost/mpl/aux_/preprocessed/gcc/placeholders.hpp:29:16:[m[K [01;36m[Knote: [m[K  â€˜[01m[Kmpl_::_1[m[Kâ€™
[24.492s]    29 | typedef arg<1> [01;36m[K_1[m[K;
[24.492s]       |                [01;36m[K^~[m[K
[24.492s] In file included from [01m[K/usr/include/boost/numeric/conversion/converter_policies.hpp:13[m[K,
[24.492s]                  from [01m[K/usr/include/boost/numeric/conversion/converter.hpp:14[m[K,
[24.492s]                  from [01m[K/usr/include/boost/numeric/conversion/cast.hpp:33[m[K,
[24.492s]                  from [01m[K/usr/include/boost/geometry/core/radian_access.hpp:26[m[K:
[24.492s] [01m[K/usr/include/c++/13/functional:294:48:[m[K [01;36m[Knote: [m[K  â€˜[01m[Kstd::placeholders::_1[m[Kâ€™
[24.493s]   294 |     _GLIBCXX_PLACEHOLDER const _Placeholder<1> [01;36m[K_1[m[K;
[24.493s]       |                                                [01;36m[K^~[m[K
[24.495s] [01m[K/usr/include/boost/mpl/aux_/preprocessed/gcc/placeholders.hpp:29:16:[m[K [01;36m[Knote: [m[K  â€˜[01m[Kmpl_::_1[m[Kâ€™
[24.496s]    29 | typedef arg<1> [01;36m[K_1[m[K;
[24.496s]       |                [01;36m[K^~[m[K
[24.496s] In file included from [01m[K/usr/include/boost/describe/members.hpp:20[m[K,
[24.496s]                  from [01m[K/usr/include/boost/container_hash/is_described_class.hpp:11[m[K,
[24.496s]                  from [01m[K/usr/include/boost/container_hash/hash.hpp:18[m[K,
[24.496s]                  from [01m[K/usr/include/boost/functional/hash.hpp:6[m[K,
[24.496s]                  from [01m[K/usr/include/CGAL/Kernel/hash_functions.h:16[m[K,
[24.497s]                  from [01m[K/usr/include/CGAL/Kernel/global_functions.h:25[m[K,
[24.497s]                  from [01m[K/usr/include/CGAL/Cartesian/Cartesian_base.h:22[m[K,
[24.497s]                  from [01m[K/usr/include/CGAL/Simple_cartesian.h:20[m[K,
[24.497s]                  from [01m[K/usr/include/CGAL/Exact_predicates_inexact_constructions_kernel.h:20[m[K,
[24.497s]                  from [01m[K/home/neha/ros2_ws/src/semnav_migration/include/polygeom_lib.h:32[m[K,
[24.497s]                  from [01m[K/home/neha/ros2_ws/src/semnav_migration/include/reactive_planner_lib.h:53[m[K:
[24.497s] [01m[K/usr/include/boost/mp11/bind.hpp:45:7:[m[K [01;36m[Knote: [m[K  â€˜[01m[Kboost::mp11::_1[m[Kâ€™
[24.498s]    45 | using [01;36m[K_1[m[K = mp_arg<0>;
[24.498s]       |       [01;36m[K^~[m[K
[24.498s] [01m[K/usr/include/boost/mpl/aux_/preprocessed/gcc/placeholders.hpp:29:16:[m[K [01;36m[Knote: [m[K  â€˜[01m[Kmpl_::_1[m[Kâ€™
[24.498s]    29 | typedef arg<1> [01;36m[K_1[m[K;
[24.498s]       |                [01;36m[K^~[m[K
[24.498s] [01m[K/home/neha/ros2_ws/src/semnav_migration/src/navigation.cpp:147:105:[m[K [01;31m[Kerror: [m[Kâ€˜[01m[K_2[m[Kâ€™ was not declared in this scope
[24.498s]   147 |                         sync->registerCallback(boost::bind(&NavigationNode::control_callback, this, _1, [01;31m[K_2[m[K));
[24.499s]       |                                                                                                         [01;31m[K^~[m[K
[24.499s] [01m[K/home/neha/ros2_ws/src/semnav_migration/src/navigation.cpp:147:105:[m[K [01;36m[Knote: [m[Ksuggested alternatives:
[24.501s] [01m[K/usr/include/boost/mpl/aux_/preprocessed/gcc/placeholders.hpp:42:16:[m[K [01;36m[Knote: [m[K  â€˜[01m[Kmpl_::_2[m[Kâ€™
[24.501s]    42 | typedef arg<2> [01;36m[K_2[m[K;
[24.501s]       |                [01;36m[K^~[m[K
[24.501s] [01m[K/usr/include/c++/13/functional:295:48:[m[K [01;36m[Knote: [m[K  â€˜[01m[Kstd::placeholders::_2[m[Kâ€™
[24.502s]   295 |     _GLIBCXX_PLACEHOLDER const _Placeholder<2> [01;36m[K_2[m[K;
[24.504s]       |                                                [01;36m[K^~[m[K
[24.504s] [01m[K/usr/include/boost/mpl/aux_/preprocessed/gcc/placeholders.hpp:42:16:[m[K [01;36m[Knote: [m[K  â€˜[01m[Kmpl_::_2[m[Kâ€™
[24.504s]    42 | typedef arg<2> [01;36m[K_2[m[K;
[24.504s]       |                [01;36m[K^~[m[K
[24.504s] [01m[K/usr/include/boost/mp11/bind.hpp:46:7:[m[K [01;36m[Knote: [m[K  â€˜[01m[Kboost::mp11::_2[m[Kâ€™
[24.505s]    46 | using [01;36m[K_2[m[K = mp_arg<1>;
[24.505s]       |       [01;36m[K^~[m[K
[24.505s] [01m[K/usr/include/boost/mpl/aux_/preprocessed/gcc/placeholders.hpp:42:16:[m[K [01;36m[Knote: [m[K  â€˜[01m[Kmpl_::_2[m[Kâ€™
[24.505s]    42 | typedef arg<2> [01;36m[K_2[m[K;
[24.505s]       |                [01;36m[K^~[m[K
[24.505s] [01m[K/home/neha/ros2_ws/src/semnav_migration/src/navigation.cpp:149:65:[m[K [01;31m[Kerror: [m[Kâ€˜[01m[Kclass rclcpp::Node[m[Kâ€™ has no member named â€˜[01m[Ksubscribe[m[Kâ€™
[24.505s]   149 |                         rclcpp::Subscription sub_semantic = nh_.[01;31m[Ksubscribe[m[K(sub_semantic_topic_, 1, &NavigationNode::diffeo_tree_update, this);
[24.506s]       |                                                                 [01;31m[K^~~~~~~~~[m[K
[24.506s] [01m[K/home/neha/ros2_ws/src/semnav_migration/src/navigation.cpp:153:45:[m[K [01;31m[Kerror: [m[Kno matching function for call to â€˜[01m[Krclcpp::Duration::Duration(double)[m[Kâ€™
[24.506s]   153 |                         rclcpp::Duration(5.0[01;31m[K)[m[K.sleep();
[24.506s]       |                                             [01;31m[K^[m[K
[24.506s] In file included from [01m[K/opt/ros/jazzy/include/rclcpp/rclcpp/time.hpp:24[m[K,
[24.506s]                  from [01m[K/opt/ros/jazzy/include/rclcpp/rclcpp/clock.hpp:24[m[K,
[24.506s]                  from [01m[K/opt/ros/jazzy/include/rclcpp/rclcpp/client.hpp:38[m[K,
[24.507s]                  from [01m[K/opt/ros/jazzy/include/rclcpp/rclcpp/callback_group.hpp:24[m[K,
[24.509s]                  from [01m[K/opt/ros/jazzy/include/rclcpp/rclcpp/any_executable.hpp:20[m[K,
[24.509s]                  from [01m[K/opt/ros/jazzy/include/rclcpp/rclcpp/memory_strategy.hpp:25[m[K,
[24.509s]                  from [01m[K/opt/ros/jazzy/include/rclcpp/rclcpp/memory_strategies.hpp:18[m[K,
[24.509s]                  from [01m[K/opt/ros/jazzy/include/rclcpp/rclcpp/executor_options.hpp:22[m[K,
[24.509s]                  from [01m[K/opt/ros/jazzy/include/rclcpp/rclcpp/executor.hpp:38[m[K,
[24.510s]                  from [01m[K/opt/ros/jazzy/include/rclcpp/rclcpp/executors/multi_threaded_executor.hpp:25[m[K,
[24.510s]                  from [01m[K/opt/ros/jazzy/include/rclcpp/rclcpp/executors.hpp:21[m[K,
[24.510s]                  from [01m[K/opt/ros/jazzy/include/rclcpp/rclcpp/rclcpp.hpp:172[m[K:
[24.510s] [01m[K/opt/ros/jazzy/include/rclcpp/rclcpp/duration.hpp:49:3:[m[K [01;36m[Knote: [m[Kcandidate: â€˜[01m[Ktemplate<class Rep, class Period> rclcpp::Duration::[01;32m[KDuration[m[K(const std::chrono::duration<_Rep1, _Period1>&)[m[Kâ€™
[24.510s]    49 |   [01;36m[KDuration[m[K(const std::chrono::duration<Rep, Period> & duration)  // NOLINT(runtime/explicit)
[24.510s]       |   [01;36m[K^~~~~~~~[m[K
[24.510s] [01m[K/opt/ros/jazzy/include/rclcpp/rclcpp/duration.hpp:49:3:[m[K [01;36m[Knote: [m[K  template argument deduction/substitution failed:
[24.511s] [01m[K/home/neha/ros2_ws/src/semnav_migration/src/navigation.cpp:153:45:[m[K [01;36m[Knote: [m[K  mismatched types â€˜[01m[Kconst std::chrono::duration<_Rep1, _Period1>[m[Kâ€™ and â€˜[01m[Kdouble[m[Kâ€™
[24.513s]   153 |                         rclcpp::Duration(5.0[01;36m[K)[m[K.sleep();
[24.513s]       |                                             [01;36m[K^[m[K
[24.513s] [01m[K/opt/ros/jazzy/include/rclcpp/rclcpp/duration.hpp:159:3:[m[K [01;36m[Knote: [m[Kcandidate: â€˜[01m[Krclcpp::Duration::[01;32m[KDuration[m[K()[m[Kâ€™
[24.513s]   159 |   [01;36m[KDuration[m[K() = default;
[24.513s]       |   [01;36m[K^~~~~~~~[m[K
[24.514s] [01m[K/opt/ros/jazzy/include/rclcpp/rclcpp/duration.hpp:159:3:[m[K [01;36m[Knote: [m[K  candidate expects 0 arguments, 1 provided
[24.514s] [01m[K/opt/ros/jazzy/include/rclcpp/rclcpp/duration.hpp:62:3:[m[K [01;36m[Knote: [m[Kcandidate: â€˜[01m[Krclcpp::Duration::[01;32m[KDuration[m[K(const rclcpp::Duration&)[m[Kâ€™
[24.514s]    62 |   [01;36m[KDuration[m[K(const Duration & rhs);
[24.514s]       |   [01;36m[K^~~~~~~~[m[K
[24.514s] [01m[K/opt/ros/jazzy/include/rclcpp/rclcpp/duration.hpp:62:29:[m[K [01;36m[Knote: [m[K  no known conversion for argument 1 from â€˜[01m[Kdouble[m[Kâ€™ to â€˜[01m[Kconst rclcpp::Duration&[m[Kâ€™
[24.514s]    62 |   Duration([01;36m[Kconst Duration & rhs[m[K);
[24.514s]       |            [01;36m[K~~~~~~~~~~~~~~~~~^~~[m[K
[24.515s] [01m[K/opt/ros/jazzy/include/rclcpp/rclcpp/duration.hpp:60:12:[m[K [01;36m[Knote: [m[Kcandidate: â€˜[01m[Krclcpp::Duration::[01;32m[KDuration[m[K(const rcl_duration_t&)[m[Kâ€™
[24.517s]    60 |   explicit [01;36m[KDuration[m[K(const rcl_duration_t & duration);
[24.517s]       |            [01;36m[K^~~~~~~~[m[K
[24.517s] [01m[K/opt/ros/jazzy/include/rclcpp/rclcpp/duration.hpp:60:44:[m[K [01;36m[Knote: [m[K  no known conversion for argument 1 from â€˜[01m[Kdouble[m[Kâ€™ to â€˜[01m[Kconst rcl_duration_t&[m[Kâ€™ {aka â€˜[01m[Kconst rcl_duration_s&[m[Kâ€™}
[24.517s]    60 |   explicit Duration([01;36m[Kconst rcl_duration_t & duration[m[K);
[24.517s]       |                     [01;36m[K~~~~~~~~~~~~~~~~~~~~~~~^~~~~~~~[m[K
[24.518s] [01m[K/opt/ros/jazzy/include/rclcpp/rclcpp/duration.hpp:54:3:[m[K [01;36m[Knote: [m[Kcandidate: â€˜[01m[Krclcpp::Duration::[01;32m[KDuration[m[K(const builtin_interfaces::msg::Duration&)[m[Kâ€™
[24.518s]    54 |   [01;36m[KDuration[m[K(const builtin_interfaces::msg::Duration & duration_msg);  // NOLINT(runtime/explicit)
[24.518s]       |   [01;36m[K^~~~~~~~[m[K
[24.518s] [01m[K/opt/ros/jazzy/include/rclcpp/rclcpp/duration.hpp:54:54:[m[K [01;36m[Knote: [m[K  no known conversion for argument 1 from â€˜[01m[Kdouble[m[Kâ€™ to â€˜[01m[Kconst builtin_interfaces::msg::Duration&[m[Kâ€™ {aka â€˜[01m[Kconst builtin_interfaces::msg::Duration_<std::allocator<void> >&[m[Kâ€™}
[24.518s]    54 |   Duration([01;36m[Kconst builtin_interfaces::msg::Duration & duration_msg[m[K);  // NOLINT(runtime/explicit)
[24.518s]       |            [01;36m[K~~~~~~~~~~~~~~~~~~~~~~~~~~~~~~~~~~~~~~~~~~^~~~~~~~~~~~[m[K
[24.519s] [01m[K/opt/ros/jazzy/include/rclcpp/rclcpp/duration.hpp:43:12:[m[K [01;36m[Knote: [m[Kcandidate: â€˜[01m[Krclcpp::Duration::[01;32m[KDuration[m[K(std::chrono::nanoseconds)[m[Kâ€™
[24.519s]    43 |   explicit [01;36m[KDuration[m[K(std::chrono::nanoseconds nanoseconds);
[24.521s]       |            [01;36m[K^~~~~~~~[m[K
[24.521s] [01m[K/opt/ros/jazzy/include/rclcpp/rclcpp/duration.hpp:43:46:[m[K [01;36m[Knote: [m[K  no known conversion for argument 1 from â€˜[01m[Kdouble[m[Kâ€™ to â€˜[01m[Kstd::chrono::nanoseconds[m[Kâ€™ {aka â€˜[01m[Kstd::chrono::duration<long int, std::ratio<1, 1000000000> >[m[Kâ€™}
[24.521s]    43 |   explicit Duration([01;36m[Kstd::chrono::nanoseconds nanoseconds[m[K);
[24.521s]       |                     [01;36m[K~~~~~~~~~~~~~~~~~~~~~~~~~^~~~~~~~~~~[m[K
[24.522s] [01m[K/opt/ros/jazzy/include/rclcpp/rclcpp/duration.hpp:40:3:[m[K [01;36m[Knote: [m[Kcandidate: â€˜[01m[Krclcpp::Duration::[01;32m[KDuration[m[K(int32_t, uint32_t)[m[Kâ€™
[24.522s]    40 |   [01;36m[KDuration[m[K(int32_t seconds, uint32_t nanoseconds);
[24.522s]       |   [01;36m[K^~~~~~~~[m[K
[24.522s] [01m[K/opt/ros/jazzy/include/rclcpp/rclcpp/duration.hpp:40:3:[m[K [01;36m[Knote: [m[K  candidate expects 2 arguments, 1 provided
[24.559s] [01m[K/home/neha/ros2_ws/src/semnav_migration/src/navigation.cpp:160:38:[m[K [01;31m[Kerror: [m[Kâ€˜[01m[Knode_ptr[m[Kâ€™ was not declared in this scope; did you mean â€˜[01m[Kmode_t[m[Kâ€™?
[24.559s]   160 |                         rclcpp::spin([01;31m[Knode_ptr[m[K);
[24.560s]       |                                      [01;31m[K^~~~~~~~[m[K
[24.560s]       |                                      [32m[Kmode_t[m[K
[24.566s] [01m[K/home/neha/ros2_ws/src/semnav_migration/src/navigation.cpp:[m[K In member function â€˜[01m[Kvoid NavigationNode::[01;32m[Kpublish_behavior_id[m[K(uint16_t)[m[Kâ€™:
[24.566s] [01m[K/home/neha/ros2_ws/src/semnav_migration/src/navigation.cpp:172:28:[m[K [01;31m[Kerror: [m[Kâ€˜[01m[KUInt32[m[Kâ€™ is not a member of â€˜[01m[Kstd_msgs::msg[m[Kâ€™
[24.566s]   172 |             std_msgs::msg::[01;31m[KUInt32[m[K commandId;
[24.567s]       |                            [01;31m[K^~~~~~[m[K
[24.618s] [01m[K/home/neha/ros2_ws/src/semnav_migration/src/navigation.cpp:173:25:[m[K [01;31m[Kerror: [m[Kâ€˜[01m[KcommandId[m[Kâ€™ was not declared in this scope
[24.618s]   173 |                         [01;31m[KcommandId[m[K.data = BehaviorIdCmd;
[24.619s]       |                         [01;31m[K^~~~~~~~~[m[K
[24.625s] [01m[K/home/neha/ros2_ws/src/semnav_migration/src/navigation.cpp:[m[K In member function â€˜[01m[Kvoid NavigationNode::[01;32m[Kpublish_behavior_mode[m[K(uint16_t)[m[Kâ€™:
[24.625s] [01m[K/home/neha/ros2_ws/src/semnav_migration/src/navigation.cpp:179:40:[m[K [01;31m[Kerror: [m[Kâ€˜[01m[KUInt32[m[Kâ€™ is not a member of â€˜[01m[Kstd_msgs::msg[m[Kâ€™
[24.625s]   179 |                         std_msgs::msg::[01;31m[KUInt32[m[K commandMode;
[24.626s]       |                                        [01;31m[K^~~~~~[m[K
[24.703s] [01m[K/home/neha/ros2_ws/src/semnav_migration/src/navigation.cpp:180:25:[m[K [01;31m[Kerror: [m[Kâ€˜[01m[KcommandMode[m[Kâ€™ was not declared in this scope
[24.703s]   180 |                         [01;31m[KcommandMode[m[K.data = BehaviorModeCmd;
[24.703s]       |                         [01;31m[K^~~~~~~~~~~[m[K
[28.312s] gmake[2]: *** [CMakeFiles/navigation_semantic.dir/build.make:76: CMakeFiles/navigation_semantic.dir/src/navigation_semantic.cpp.o] Error 1
[28.313s] gmake[1]: *** [CMakeFiles/Makefile2:207: CMakeFiles/navigation_semantic.dir/all] Error 2
[28.313s] gmake[1]: *** Waiting for unfinished jobs....
[29.477s] gmake[2]: *** [CMakeFiles/navigation.dir/build.make:76: CMakeFiles/navigation.dir/src/navigation.cpp.o] Error 1
[29.478s] gmake[1]: *** [CMakeFiles/Makefile2:181: CMakeFiles/navigation.dir/all] Error 2
[29.478s] gmake: *** [Makefile:146: all] Error 2
[29.481s] Invoked command in '/home/neha/ros2_ws/src/semnav_migration/build/semnav' returned '2': CMAKE_PREFIX_PATH=${CMAKE_PREFIX_PATH}:/opt/ros/jazzy DEBUGINFOD_URLS=https://debuginfod.ubuntu.com /usr/bin/cmake --build /home/neha/ros2_ws/src/semnav_migration/build/semnav -- -j2 -l2
