[0.025s] Invoking command in '/home/neha/ros2_ws/src/semnav_migration/build/semnav': CMAKE_PREFIX_PATH=${CMAKE_PREFIX_PATH}:/opt/ros/jazzy DEBUGINFOD_URLS=https://debuginfod.ubuntu.com /usr/bin/cmake --build /home/neha/ros2_ws/src/semnav_migration/build/semnav -- -j2 -l2
[0.191s] [ 14%] Built target reactive_planner
[0.302s] [ 19%] Building CXX object CMakeFiles/navigation.dir/src/navigation.cpp.o
[0.334s] [ 23%] Building CXX object CMakeFiles/navigation_semantic.dir/src/navigation_semantic.cpp.o
[21.415s] /home/neha/ros2_ws/src/semnav_migration/src/navigation_semantic.cpp:624:17: error: ‘ros’ does not name a type
[21.415s]   624 |                 ros::NodeHandle nh_;
[21.415s]       |                 ^~~
[21.421s] /home/neha/ros2_ws/src/semnav_migration/src/navigation_semantic.cpp:641:17: error: ‘ros’ does not name a type
[21.422s]   641 |                 ros::Publisher pub_behaviorID_;
[21.422s]       |                 ^~~
[21.428s] /home/neha/ros2_ws/src/semnav_migration/src/navigation_semantic.cpp:642:17: error: ‘ros’ does not name a type
[21.428s]   642 |                 ros::Publisher pub_behaviorMode_;
[21.428s]       |                 ^~~
[21.436s] /home/neha/ros2_ws/src/semnav_migration/src/navigation_semantic.cpp:643:17: error: ‘ros’ does not name a type
[21.436s]   643 |                 ros::Publisher pub_twist_;
[21.436s]       |                 ^~~
[21.440s] /home/neha/ros2_ws/src/semnav_migration/src/navigation_semantic.cpp:645:17: error: ‘ros’ does not name a type
[21.440s]   645 |                 ros::Publisher pub_semantic_map_;
[21.440s]       |                 ^~~
[21.442s] /home/neha/ros2_ws/src/semnav_migration/src/navigation.cpp:662:22: error: ‘TransformListener’ in namespace ‘tf2’ does not name a type
[21.442s]   662 |                 tf2::TransformListener listener_;
[21.443s]       |                      ^~~~~~~~~~~~~~~~~
[21.447s] /home/neha/ros2_ws/src/semnav_migration/src/navigation.cpp: In constructor ‘NavigationNode::NavigationNode()’:
[21.447s] /home/neha/ros2_ws/src/semnav_migration/src/navigation.cpp:45:63: error: no matching function for call to ‘rclcpp::Node::Node()’
[21.447s]    45 |         NavigationNode() : Node(std::string("navigation_node")) {
[21.447s]       |                                                               ^
[21.448s] In file included from /opt/ros/jazzy/include/rclcpp/rclcpp/executors/single_threaded_executor.hpp:28,
[21.448s]                  from /opt/ros/jazzy/include/rclcpp/rclcpp/executors.hpp:22,
[21.448s]                  from /opt/ros/jazzy/include/rclcpp/rclcpp/rclcpp.hpp:172,
[21.448s]                  from /home/neha/ros2_ws/src/semnav_migration/include/reactive_planner_lib.h:32,
[21.448s]                  from /home/neha/ros2_ws/src/semnav_migration/src/navigation.cpp:25:
[21.448s] /opt/ros/jazzy/include/rclcpp/rclcpp/node.hpp:1629:3: note: candidate: ‘rclcpp::Node::Node(const rclcpp::Node&, const std::string&)’
[21.448s]  1629 |   Node(
[21.451s]       |   ^~~~
[21.451s] /opt/ros/jazzy/include/rclcpp/rclcpp/node.hpp:1629:3: note:   candidate expects 2 arguments, 0 provided
[21.451s] /opt/ros/jazzy/include/rclcpp/rclcpp/node.hpp:103:12: note: candidate: ‘rclcpp::Node::Node(const std::string&, const std::string&, const rclcpp::NodeOptions&)’
[21.451s]   103 |   explicit Node(
[21.451s]       |            ^~~~
[21.451s] /opt/ros/jazzy/include/rclcpp/rclcpp/node.hpp:103:12: note:   candidate expects 3 arguments, 0 provided
[21.452s] /opt/ros/jazzy/include/rclcpp/rclcpp/node.hpp:91:12: note: candidate: ‘rclcpp::Node::Node(const std::string&, const rclcpp::NodeOptions&)’
[21.452s]    91 |   explicit Node(
[21.452s]       |            ^~~~
[21.452s] /opt/ros/jazzy/include/rclcpp/rclcpp/node.hpp:91:12: note:   candidate expects 2 arguments, 0 provided
[21.455s] /home/neha/ros2_ws/src/semnav_migration/src/navigation_semantic.cpp:691:17: error: ‘tf’ does not name a type; did you mean ‘tm’?
[21.456s]   691 |                 tf::TransformListener listener_;
[21.456s]       |                 ^~
[21.456s]       |                 tm
[21.564s] /home/neha/ros2_ws/src/semnav_migration/src/navigation.cpp:137:13: error: ‘pub_behaviorID_’ was not declared in this scope; did you mean ‘pub_behaviorID_topic_’?
[21.564s]   137 |             pub_behaviorID_ = this->create_publisher<example_interfaces::msg::UInt32>("pub_behaviorID_topic_", 1);
[21.564s]       |             ^~~~~~~~~~~~~~~
[21.564s]       |             pub_behaviorID_topic_
[21.568s] /home/neha/ros2_ws/src/semnav_migration/src/navigation_semantic.cpp: In constructor ‘SemanticNavigationNode::SemanticNavigationNode()’:
[21.568s] /home/neha/ros2_ws/src/semnav_migration/src/navigation_semantic.cpp:137:13: error: ‘pub_behaviorID_’ was not declared in this scope; did you mean ‘pub_behaviorID_topic_’?
[21.568s]   137 |             pub_behaviorID_ = this->create_publisher<std_msgs::msg::UInt32>("pub_behaviorID_topic_", 1);
[21.568s]       |             ^~~~~~~~~~~~~~~
[21.568s]       |             pub_behaviorID_topic_
[21.572s] /home/neha/ros2_ws/src/semnav_migration/src/navigation_semantic.cpp:137:69: error: ‘UInt32’ is not a member of ‘std_msgs::msg’
[21.572s]   137 |             pub_behaviorID_ = this->create_publisher<std_msgs::msg::UInt32>("pub_behaviorID_topic_", 1);
[21.572s]       |                                                                     ^~~~~~
[21.572s] /home/neha/ros2_ws/src/semnav_migration/src/navigation_semantic.cpp:137:76: error: no matching function for call to ‘SemanticNavigationNode::create_publisher<<expression error> >(const char [22], int)’
[21.572s]   137 |             pub_behaviorID_ = this->create_publisher<std_msgs::msg::UInt32>("pub_behaviorID_topic_", 1);
[21.572s]       |                               ~~~~~~~~~~~~~~~~~~~~~~~~~~~~~~~~~~~~~~~~~~~~~^~~~~~~~~~~~~~~~~~~~~~~~~~~~
[21.575s] In file included from /opt/ros/jazzy/include/rclcpp/rclcpp/executors/single_threaded_executor.hpp:28,
[21.575s]                  from /opt/ros/jazzy/include/rclcpp/rclcpp/executors.hpp:22,
[21.575s]                  from /opt/ros/jazzy/include/rclcpp/rclcpp/rclcpp.hpp:172,
[21.575s]                  from /home/neha/ros2_ws/src/semnav_migration/include/reactive_planner_lib.h:32,
[21.575s]                  from /home/neha/ros2_ws/src/semnav_migration/src/navigation_semantic.cpp:25:
[21.575s] /opt/ros/jazzy/include/rclcpp/rclcpp/node.hpp:197:3: note: candidate: ‘template<class MessageT, class AllocatorT, class PublisherT> std::shared_ptr<PublisherT> rclcpp::Node::create_publisher(const std::string&, const rclcpp::QoS&, const rclcpp::PublisherOptionsWithAllocator<AllocatorT>&)’
[21.576s]   197 |   create_publisher(
[21.576s]       |   ^~~~~~~~~~~~~~~~
[21.576s] /opt/ros/jazzy/include/rclcpp/rclcpp/node.hpp:197:3: note:   template argument deduction/substitution failed:
[21.576s] /home/neha/ros2_ws/src/semnav_migration/src/navigation_semantic.cpp:137:76: error: template argument 1 is invalid
[21.576s]   137 |             pub_behaviorID_ = this->create_publisher<std_msgs::msg::UInt32>("pub_behaviorID_topic_", 1);
[21.576s]       |                               ~~~~~~~~~~~~~~~~~~~~~~~~~~~~~~~~~~~~~~~~~~~~~^~~~~~~~~~~~~~~~~~~~~~~~~~~~
[21.666s] /home/neha/ros2_ws/src/semnav_migration/src/navigation_semantic.cpp:138:13: error: ‘pub_behaviorMode_’ was not declared in this scope; did you mean ‘pub_behaviorMode_topic_’?
[21.667s]   138 |             pub_behaviorMode_ = this->create_publisher<std_msgs::msg::UInt32>("pub_behaviorMode_topic_", 1);
[21.667s]       |             ^~~~~~~~~~~~~~~~~
[21.667s]       |             pub_behaviorMode_topic_
[21.670s] /home/neha/ros2_ws/src/semnav_migration/src/navigation_semantic.cpp:138:71: error: ‘UInt32’ is not a member of ‘std_msgs::msg’
[21.671s]   138 |             pub_behaviorMode_ = this->create_publisher<std_msgs::msg::UInt32>("pub_behaviorMode_topic_", 1);
[21.671s]       |                                                                       ^~~~~~
[21.671s] /home/neha/ros2_ws/src/semnav_migration/src/navigation_semantic.cpp:138:78: error: no matching function for call to ‘SemanticNavigationNode::create_publisher<<expression error> >(const char [24], int)’
[21.671s]   138 |             pub_behaviorMode_ = this->create_publisher<std_msgs::msg::UInt32>("pub_behaviorMode_topic_", 1);
[21.671s]       |                                 ~~~~~~~~~~~~~~~~~~~~~~~~~~~~~~~~~~~~~~~~~~~~~^~~~~~~~~~~~~~~~~~~~~~~~~~~~~~
[21.671s] /opt/ros/jazzy/include/rclcpp/rclcpp/node.hpp:197:3: note: candidate: ‘template<class MessageT, class AllocatorT, class PublisherT> std::shared_ptr<PublisherT> rclcpp::Node::create_publisher(const std::string&, const rclcpp::QoS&, const rclcpp::PublisherOptionsWithAllocator<AllocatorT>&)’
[21.671s]   197 |   create_publisher(
[21.672s]       |   ^~~~~~~~~~~~~~~~
[21.672s] /opt/ros/jazzy/include/rclcpp/rclcpp/node.hpp:197:3: note:   template argument deduction/substitution failed:
[21.672s] /home/neha/ros2_ws/src/semnav_migration/src/navigation_semantic.cpp:138:78: error: template argument 1 is invalid
[21.672s]   138 |             pub_behaviorMode_ = this->create_publisher<std_msgs::msg::UInt32>("pub_behaviorMode_topic_", 1);
[21.672s]       |                                 ~~~~~~~~~~~~~~~~~~~~~~~~~~~~~~~~~~~~~~~~~~~~~^~~~~~~~~~~~~~~~~~~~~~~~~~~~~~
[21.676s] /home/neha/ros2_ws/src/semnav_migration/src/navigation.cpp:137:54: error: ‘example_interfaces’ was not declared in this scope; did you mean ‘rcl_interfaces’?
[21.676s]   137 |             pub_behaviorID_ = this->create_publisher<example_interfaces::msg::UInt32>("pub_behaviorID_topic_", 1);
[21.676s]       |                                                      ^~~~~~~~~~~~~~~~~~
[21.676s]       |                                                      rcl_interfaces
[21.677s] /home/neha/ros2_ws/src/semnav_migration/src/navigation.cpp:137:37: error: parse error in template argument list
[21.677s]   137 |             pub_behaviorID_ = this->create_publisher<example_interfaces::msg::UInt32>("pub_behaviorID_topic_", 1);
[21.677s]       |                                     ^~~~~~~~~~~~~~~~~~~~~~~~~~~~~~~~~~~~~~~~~~~~~~~~~
[21.677s] /home/neha/ros2_ws/src/semnav_migration/src/navigation.cpp:137:86: error: no matching function for call to ‘NavigationNode::create_publisher<<expression error> >(const char [22], int)’
[21.677s]   137 |             pub_behaviorID_ = this->create_publisher<example_interfaces::msg::UInt32>("pub_behaviorID_topic_", 1);
[21.677s]       |                               ~~~~~~~~~~~~~~~~~~~~~~~~~~~~~~~~~~~~~~~~~~~~~~~~~~~~~~~^~~~~~~~~~~~~~~~~~~~~~~~~~~~
[21.677s] /opt/ros/jazzy/include/rclcpp/rclcpp/node.hpp:197:3: note: candidate: ‘template<class MessageT, class AllocatorT, class PublisherT> std::shared_ptr<PublisherT> rclcpp::Node::create_publisher(const std::string&, const rclcpp::QoS&, const rclcpp::PublisherOptionsWithAllocator<AllocatorT>&)’
[21.677s]   197 |   create_publisher(
[21.680s]       |   ^~~~~~~~~~~~~~~~
[21.680s] /opt/ros/jazzy/include/rclcpp/rclcpp/node.hpp:197:3: note:   template argument deduction/substitution failed:
[21.680s] /home/neha/ros2_ws/src/semnav_migration/src/navigation.cpp:137:86: error: template argument 1 is invalid
[21.680s]   137 |             pub_behaviorID_ = this->create_publisher<example_interfaces::msg::UInt32>("pub_behaviorID_topic_", 1);
[21.680s]       |                               ~~~~~~~~~~~~~~~~~~~~~~~~~~~~~~~~~~~~~~~~~~~~~~~~~~~~~~~^~~~~~~~~~~~~~~~~~~~~~~~~~~~
[21.720s] /home/neha/ros2_ws/src/semnav_migration/src/navigation_semantic.cpp:139:13: error: ‘pub_twist_’ was not declared in this scope; did you mean ‘publish_twist’?
[21.720s]   139 |             pub_twist_ = this->create_publisher<std_msgs::msg::UInt32>("pub_twist_topic_", 1);
[21.720s]       |             ^~~~~~~~~~
[21.720s]       |             publish_twist
[21.724s] /home/neha/ros2_ws/src/semnav_migration/src/navigation_semantic.cpp:139:64: error: ‘UInt32’ is not a member of ‘std_msgs::msg’
[21.724s]   139 |             pub_twist_ = this->create_publisher<std_msgs::msg::UInt32>("pub_twist_topic_", 1);
[21.724s]       |                                                                ^~~~~~
[21.724s] /home/neha/ros2_ws/src/semnav_migration/src/navigation_semantic.cpp:139:71: error: no matching function for call to ‘SemanticNavigationNode::create_publisher<<expression error> >(const char [17], int)’
[21.724s]   139 |             pub_twist_ = this->create_publisher<std_msgs::msg::UInt32>("pub_twist_topic_", 1);
[21.724s]       |                          ~~~~~~~~~~~~~~~~~~~~~~~~~~~~~~~~~~~~~~~~~~~~~^~~~~~~~~~~~~~~~~~~~~~~
[21.725s] /opt/ros/jazzy/include/rclcpp/rclcpp/node.hpp:197:3: note: candidate: ‘template<class MessageT, class AllocatorT, class PublisherT> std::shared_ptr<PublisherT> rclcpp::Node::create_publisher(const std::string&, const rclcpp::QoS&, const rclcpp::PublisherOptionsWithAllocator<AllocatorT>&)’
[21.725s]   197 |   create_publisher(
[21.725s]       |   ^~~~~~~~~~~~~~~~
[21.725s] /opt/ros/jazzy/include/rclcpp/rclcpp/node.hpp:197:3: note:   template argument deduction/substitution failed:
[21.725s] /home/neha/ros2_ws/src/semnav_migration/src/navigation_semantic.cpp:139:71: error: template argument 1 is invalid
[21.725s]   139 |             pub_twist_ = this->create_publisher<std_msgs::msg::UInt32>("pub_twist_topic_", 1);
[21.725s]       |                          ~~~~~~~~~~~~~~~~~~~~~~~~~~~~~~~~~~~~~~~~~~~~~^~~~~~~~~~~~~~~~~~~~~~~
[21.725s] /home/neha/ros2_ws/src/semnav_migration/src/navigation_semantic.cpp:142:42: error: ‘message_filters::msg’ has not been declared
[21.728s]   142 |                         message_filters::msg::Subscriber<sensor_msgs::LaserScan> sub_laser(nh_, sub_laser_topic_, 1);
[21.728s]       |                                          ^~~
[21.728s] /home/neha/ros2_ws/src/semnav_migration/src/navigation_semantic.cpp:142:71: error: ‘LaserScan’ is not a member of ‘sensor_msgs’; did you mean ‘sensor_msgs::msg::LaserScan’?
[21.728s]   142 |                         message_filters::msg::Subscriber<sensor_msgs::LaserScan> sub_laser(nh_, sub_laser_topic_, 1);
[21.728s]       |                                                                       ^~~~~~~~~
[21.729s] In file included from /opt/ros/jazzy/include/sensor_msgs/sensor_msgs/msg/laser_scan.hpp:7,
[21.729s]                  from /home/neha/ros2_ws/src/semnav_migration/include/reactive_planner_lib.h:46:
[21.729s] /opt/ros/jazzy/include/sensor_msgs/sensor_msgs/msg/detail/laser_scan__struct.hpp:250:7: note: ‘sensor_msgs::msg::LaserScan’ declared here
[21.729s]   250 | using LaserScan =
[21.729s]       |       ^~~~~~~~~
[21.758s] /home/neha/ros2_ws/src/semnav_migration/src/navigation_semantic.cpp:142:92: error: ‘nh_’ was not declared in this scope
[21.758s]   142 |                         message_filters::msg::Subscriber<sensor_msgs::LaserScan> sub_laser(nh_, sub_laser_topic_, 1);
[21.758s]       |                                                                                            ^~~
[21.780s] /home/neha/ros2_ws/src/semnav_migration/src/navigation.cpp:138:13: error: ‘pub_behaviorMode_’ was not declared in this scope; did you mean ‘pub_behaviorMode_topic_’?
[21.780s]   138 |             pub_behaviorMode_ = this->create_publisher<example_interfaces::msg::UInt32>("pub_behaviorMode_topic_", 1);
[21.781s]       |             ^~~~~~~~~~~~~~~~~
[21.781s]       |             pub_behaviorMode_topic_
[21.781s] /home/neha/ros2_ws/src/semnav_migration/src/navigation.cpp:138:39: error: parse error in template argument list
[21.781s]   138 |             pub_behaviorMode_ = this->create_publisher<example_interfaces::msg::UInt32>("pub_behaviorMode_topic_", 1);
[21.781s]       |                                       ^~~~~~~~~~~~~~~~~~~~~~~~~~~~~~~~~~~~~~~~~~~~~~~~~
[21.784s] /home/neha/ros2_ws/src/semnav_migration/src/navigation.cpp:138:88: error: no matching function for call to ‘NavigationNode::create_publisher<example_interfaces>(const char [24], int)’
[21.784s]   138 |             pub_behaviorMode_ = this->create_publisher<example_interfaces::msg::UInt32>("pub_behaviorMode_topic_", 1);
[21.784s]       |                                 ~~~~~~~~~~~~~~~~~~~~~~~~~~~~~~~~~~~~~~~~~~~~~~~~~~~~~~~^~~~~~~~~~~~~~~~~~~~~~~~~~~~~~
[21.784s] /opt/ros/jazzy/include/rclcpp/rclcpp/node.hpp:197:3: note: candidate: ‘template<class MessageT, class AllocatorT, class PublisherT> std::shared_ptr<PublisherT> rclcpp::Node::create_publisher(const std::string&, const rclcpp::QoS&, const rclcpp::PublisherOptionsWithAllocator<AllocatorT>&)’
[21.784s]   197 |   create_publisher(
[21.784s]       |   ^~~~~~~~~~~~~~~~
[21.785s] /opt/ros/jazzy/include/rclcpp/rclcpp/node.hpp:197:3: note:   template argument deduction/substitution failed:
[21.807s] /home/neha/ros2_ws/src/semnav_migration/src/navigation_semantic.cpp:142:82: error: ‘sub_laser’ was not declared in this scope
[21.807s]   142 |                         message_filters::msg::Subscriber<sensor_msgs::LaserScan> sub_laser(nh_, sub_laser_topic_, 1);
[21.807s]       |                                                                                  ^~~~~~~~~
[21.836s] /home/neha/ros2_ws/src/semnav_migration/src/navigation.cpp:139:13: error: ‘pub_twist_’ was not declared in this scope; did you mean ‘publish_twist’?
[21.836s]   139 |             pub_twist_ = this->create_publisher<example_interfaces::msg::UInt32>("pub_twist_topic_", 1);
[21.836s]       |             ^~~~~~~~~~
[21.836s]       |             publish_twist
[21.836s] /home/neha/ros2_ws/src/semnav_migration/src/navigation.cpp:139:32: error: parse error in template argument list
[21.836s]   139 |             pub_twist_ = this->create_publisher<example_interfaces::msg::UInt32>("pub_twist_topic_", 1);
[21.836s]       |                                ^~~~~~~~~~~~~~~~~~~~~~~~~~~~~~~~~~~~~~~~~~~~~~~~~
[21.837s] /home/neha/ros2_ws/src/semnav_migration/src/navigation.cpp:139:81: error: no matching function for call to ‘NavigationNode::create_publisher<example_interfaces>(const char [17], int)’
[21.837s]   139 |             pub_twist_ = this->create_publisher<example_interfaces::msg::UInt32>("pub_twist_topic_", 1);
[21.837s]       |                          ~~~~~~~~~~~~~~~~~~~~~~~~~~~~~~~~~~~~~~~~~~~~~~~~~~~~~~~^~~~~~~~~~~~~~~~~~~~~~~
[21.840s] /opt/ros/jazzy/include/rclcpp/rclcpp/node.hpp:197:3: note: candidate: ‘template<class MessageT, class AllocatorT, class PublisherT> std::shared_ptr<PublisherT> rclcpp::Node::create_publisher(const std::string&, const rclcpp::QoS&, const rclcpp::PublisherOptionsWithAllocator<AllocatorT>&)’
[21.840s]   197 |   create_publisher(
[21.840s]       |   ^~~~~~~~~~~~~~~~
[21.840s] /opt/ros/jazzy/include/rclcpp/rclcpp/node.hpp:197:3: note:   template argument deduction/substitution failed:
[21.878s] /home/neha/ros2_ws/src/semnav_migration/src/navigation_semantic.cpp:144:94: error: ‘LaserScan’ is not a member of ‘sensor_msgs’; did you mean ‘sensor_msgs::msg::LaserScan’?
[21.878s]   144 |                         typedef message_filters::sync_policies::ApproximateTime<sensor_msgs::LaserScan,nav_msgs::msg::Odometry> SyncPolicy;
[21.878s]       |                                                                                              ^~~~~~~~~
[21.878s] /opt/ros/jazzy/include/sensor_msgs/sensor_msgs/msg/detail/laser_scan__struct.hpp:250:7: note: ‘sensor_msgs::msg::LaserScan’ declared here
[21.878s]   250 | using LaserScan =
[21.878s]       |       ^~~~~~~~~
[21.879s] /home/neha/ros2_ws/src/semnav_migration/src/navigation_semantic.cpp:144:127: error: template argument 1 is invalid
[21.879s]   144 |                         typedef message_filters::sync_policies::ApproximateTime<sensor_msgs::LaserScan,nav_msgs::msg::Odometry> SyncPolicy;
[21.879s]       |                                                                                                                               ^
[21.883s] In file included from /home/neha/ros2_ws/src/semnav_migration/include/reactive_planner_lib.h:44:
[21.883s] /opt/ros/jazzy/include/message_filters/message_filters/synchronizer.h: In instantiation of ‘class message_filters::Synchronizer<int>’:
[21.883s] /home/neha/ros2_ws/src/semnav_migration/src/navigation_semantic.cpp:147:64:   required from here
[21.883s] /opt/ros/jazzy/include/message_filters/message_filters/synchronizer.h:53:7: error: base type ‘int’ fails to be a struct or class type
[21.883s]    53 | class Synchronizer : public noncopyable, public Policy
[21.884s]       |       ^~~~~~~~~~~~
[21.884s] /opt/ros/jazzy/include/message_filters/message_filters/synchronizer.h:56:37: error: ‘int’ is not a class, struct, or union type
[21.884s]    56 |   typedef typename Policy::Messages Messages;
[21.884s]       |                                     ^~~~~~~~
[21.884s] /opt/ros/jazzy/include/message_filters/message_filters/synchronizer.h:57:35: error: ‘int’ is not a class, struct, or union type
[21.884s]    57 |   typedef typename Policy::Events Events;
[21.884s]       |                                   ^~~~~~
[21.884s] /opt/ros/jazzy/include/message_filters/message_filters/synchronizer.h:58:35: error: ‘int’ is not a class, struct, or union type
[21.887s]    58 |   typedef typename Policy::Signal Signal;
[21.887s]       |                                   ^~~~~~
[21.887s] /opt/ros/jazzy/include/message_filters/message_filters/synchronizer.h:60:58: error: ‘int’ is not a class, struct, or union type
[21.887s]    60 |   typedef typename std::tuple_element<0, Messages>::type M0;
[21.887s]       |                                                          ^~
[21.887s] /opt/ros/jazzy/include/message_filters/message_filters/synchronizer.h:61:58: error: ‘int’ is not a class, struct, or union type
[21.888s]    61 |   typedef typename std::tuple_element<1, Messages>::type M1;
[21.888s]       |                                                          ^~
[21.888s] /opt/ros/jazzy/include/message_filters/message_filters/synchronizer.h:62:58: error: ‘int’ is not a class, struct, or union type
[21.888s]    62 |   typedef typename std::tuple_element<2, Messages>::type M2;
[21.888s]       |                                                          ^~
[21.888s] /opt/ros/jazzy/include/message_filters/message_filters/synchronizer.h:63:58: error: ‘int’ is not a class, struct, or union type
[21.888s]    63 |   typedef typename std::tuple_element<3, Messages>::type M3;
[21.891s]       |                                                          ^~
[21.891s] /opt/ros/jazzy/include/message_filters/message_filters/synchronizer.h:64:58: error: ‘int’ is not a class, struct, or union type
[21.892s]    64 |   typedef typename std::tuple_element<4, Messages>::type M4;
[21.892s]       |                                                          ^~
[21.892s] /opt/ros/jazzy/include/message_filters/message_filters/synchronizer.h:65:58: error: ‘int’ is not a class, struct, or union type
[21.892s]    65 |   typedef typename std::tuple_element<5, Messages>::type M5;
[21.892s]       |                                                          ^~
[21.892s] /opt/ros/jazzy/include/message_filters/message_filters/synchronizer.h:66:58: error: ‘int’ is not a class, struct, or union type
[21.892s]    66 |   typedef typename std::tuple_element<6, Messages>::type M6;
[21.893s]       |                                                          ^~
[21.893s] /opt/ros/jazzy/include/message_filters/message_filters/synchronizer.h:67:58: error: ‘int’ is not a class, struct, or union type
[21.893s]    67 |   typedef typename std::tuple_element<7, Messages>::type M7;
[21.893s]       |                                                          ^~
[21.893s] /opt/ros/jazzy/include/message_filters/message_filters/synchronizer.h:68:58: error: ‘int’ is not a class, struct, or union type
[21.893s]    68 |   typedef typename std::tuple_element<8, Messages>::type M8;
[21.893s]       |                                                          ^~
[21.893s] /opt/ros/jazzy/include/message_filters/message_filters/synchronizer.h:71:56: error: ‘int’ is not a class, struct, or union type
[21.896s]    71 |   typedef typename std::tuple_element<0, Events>::type M0Event;
[21.896s]       |                                                        ^~~~~~~
[21.896s] /opt/ros/jazzy/include/message_filters/message_filters/synchronizer.h:72:56: error: ‘int’ is not a class, struct, or union type
[21.896s]    72 |   typedef typename std::tuple_element<1, Events>::type M1Event;
[21.896s]       |                                                        ^~~~~~~
[21.896s] /opt/ros/jazzy/include/message_filters/message_filters/synchronizer.h:73:56: error: ‘int’ is not a class, struct, or union type
[21.897s]    73 |   typedef typename std::tuple_element<2, Events>::type M2Event;
[21.897s]       |                                                        ^~~~~~~
[21.897s] /opt/ros/jazzy/include/message_filters/message_filters/synchronizer.h:74:56: error: ‘int’ is not a class, struct, or union type
[21.897s]    74 |   typedef typename std::tuple_element<3, Events>::type M3Event;
[21.897s]       |                                                        ^~~~~~~
[21.897s] /opt/ros/jazzy/include/message_filters/message_filters/synchronizer.h:75:56: error: ‘int’ is not a class, struct, or union type
[21.897s]    75 |   typedef typename std::tuple_element<4, Events>::type M4Event;
[21.897s]       |                                                        ^~~~~~~
[21.900s] /opt/ros/jazzy/include/message_filters/message_filters/synchronizer.h:76:56: error: ‘int’ is not a class, struct, or union type
[21.900s]    76 |   typedef typename std::tuple_element<5, Events>::type M5Event;
[21.900s]       |                                                        ^~~~~~~
[21.900s] /opt/ros/jazzy/include/message_filters/message_filters/synchronizer.h:77:56: error: ‘int’ is not a class, struct, or union type
[21.900s]    77 |   typedef typename std::tuple_element<6, Events>::type M6Event;
[21.901s]       |                                                        ^~~~~~~
[21.901s] /opt/ros/jazzy/include/message_filters/message_filters/synchronizer.h:78:56: error: ‘int’ is not a class, struct, or union type
[21.901s]    78 |   typedef typename std::tuple_element<7, Events>::type M7Event;
[21.901s]       |                                                        ^~~~~~~
[21.901s] /opt/ros/jazzy/include/message_filters/message_filters/synchronizer.h:79:56: error: ‘int’ is not a class, struct, or union type
[21.901s]    79 |   typedef typename std::tuple_element<8, Events>::type M8Event;
[21.901s]       |                                                        ^~~~~~~
[21.901s] /opt/ros/jazzy/include/message_filters/message_filters/synchronizer.h:325:17: error: ‘int’ is not a class, namespace, or enumeration
[21.904s]   325 |   using Policy::add;
[21.904s]       |                 ^~~
[21.904s] /opt/ros/jazzy/include/message_filters/message_filters/synchronizer.h:328:8: error: ‘int’ is not a class, struct, or union type
[21.904s]   328 |   void add(const std::shared_ptr<typename std::tuple_element<i, Messages>::type const>& msg)
[21.904s]       |        ^~~
[21.904s] /opt/ros/jazzy/include/message_filters/message_filters/synchronizer.h:344:8: error: ‘int’ is not a class, struct, or union type
[21.905s]   344 |   void cb(const typename std::tuple_element<i, Events>::type& evt)
[21.905s]       |        ^~
[21.905s] /home/neha/ros2_ws/src/semnav_migration/src/navigation_semantic.cpp:148:55: error: ‘bind’ is not a member of ‘boost’; did you mean ‘find’?
[21.905s]   148 |                         sync->registerCallback(boost::bind(&SemanticNavigationNode::control_callback, this, _1, _2));
[21.905s]       |                                                       ^~~~
[21.905s]       |                                                       find
[21.905s] /home/neha/ros2_ws/src/semnav_migration/src/navigation_semantic.cpp:148:109: error: ‘_1’ was not declared in this scope
[21.905s]   148 |                         sync->registerCallback(boost::bind(&SemanticNavigationNode::control_callback, this, _1, _2));
[21.908s]       |                                                                                                             ^~
[21.908s] /home/neha/ros2_ws/src/semnav_migration/src/navigation_semantic.cpp:148:109: note: suggested alternatives:
[21.908s] In file included from /usr/include/boost/mpl/aux_/include_preprocessed.hpp:37,
[21.908s]                  from /usr/include/boost/mpl/placeholders.hpp:43,
[21.908s]                  from /usr/include/boost/iterator/iterator_categories.hpp:16,
[21.908s]                  from /usr/include/boost/iterator/iterator_facade.hpp:13,
[21.909s]                  from /usr/include/boost/range/iterator_range_core.hpp:27,
[21.909s]                  from /usr/include/boost/lexical_cast.hpp:48,
[21.909s]                  from /usr/include/boost/multiprecision/detail/number_base.hpp:29,
[21.909s]                  from /usr/include/boost/multiprecision/traits/is_variable_precision.hpp:9,
[21.909s]                  from /usr/include/boost/multiprecision/detail/precision.hpp:9,
[21.909s]                  from /usr/include/boost/multiprecision/number.hpp:11,
[21.909s]                  from /usr/include/boost/multiprecision/cpp_int.hpp:19,
[21.909s]                  from /usr/include/boost/multiprecision/cpp_bin_float.hpp:15,
[21.912s]                  from /usr/include/boost/geometry/core/coordinate_promotion.hpp:16,
[21.912s]                  from /usr/include/boost/geometry/core/radian_access.hpp:30,
[21.912s]                  from /usr/include/boost/geometry/geometry.hpp:50,
[21.912s]                  from /usr/include/boost/geometry.hpp:17,
[21.912s]                  from /home/neha/ros2_ws/src/semnav_migration/include/reactive_planner_lib.h:26:
[21.913s] /usr/include/boost/mpl/aux_/preprocessed/gcc/placeholders.hpp:29:16: note:   ‘mpl_::_1’
[21.913s]    29 | typedef arg<1> _1;
[21.913s]       |                ^~
[21.913s] In file included from /usr/include/boost/numeric/conversion/converter_policies.hpp:13,
[21.913s]                  from /usr/include/boost/numeric/conversion/converter.hpp:14,
[21.913s]                  from /usr/include/boost/numeric/conversion/cast.hpp:33,
[21.913s]                  from /usr/include/boost/geometry/core/radian_access.hpp:26:
[21.913s] /usr/include/c++/13/functional:294:48: note:   ‘std::placeholders::_1’
[21.916s]   294 |     _GLIBCXX_PLACEHOLDER const _Placeholder<1> _1;
[21.916s]       |                                                ^~
[21.916s] /usr/include/boost/mpl/aux_/preprocessed/gcc/placeholders.hpp:29:16: note:   ‘mpl_::_1’
[21.916s]    29 | typedef arg<1> _1;
[21.916s]       |                ^~
[21.916s] In file included from /usr/include/boost/describe/members.hpp:20,
[21.916s]                  from /usr/include/boost/container_hash/is_described_class.hpp:11,
[21.917s]                  from /usr/include/boost/container_hash/hash.hpp:18,
[21.917s]                  from /usr/include/boost/functional/hash.hpp:6,
[21.917s]                  from /usr/include/CGAL/Kernel/hash_functions.h:16,
[21.917s]                  from /usr/include/CGAL/Kernel/global_functions.h:25,
[21.917s]                  from /usr/include/CGAL/Cartesian/Cartesian_base.h:22,
[21.917s]                  from /usr/include/CGAL/Simple_cartesian.h:20,
[21.917s]                  from /usr/include/CGAL/Exact_predicates_inexact_constructions_kernel.h:20,
[21.917s]                  from /home/neha/ros2_ws/src/semnav_migration/include/polygeom_lib.h:32,
[21.920s]                  from /home/neha/ros2_ws/src/semnav_migration/include/reactive_planner_lib.h:50:
[21.920s] /usr/include/boost/mp11/bind.hpp:45:7: note:   ‘boost::mp11::_1’
[21.920s]    45 | using _1 = mp_arg<0>;
[21.920s]       |       ^~
[21.920s] /usr/include/boost/mpl/aux_/preprocessed/gcc/placeholders.hpp:29:16: note:   ‘mpl_::_1’
[21.921s]    29 | typedef arg<1> _1;
[21.921s]       |                ^~
[21.921s] /home/neha/ros2_ws/src/semnav_migration/src/navigation_semantic.cpp:148:113: error: ‘_2’ was not declared in this scope
[21.921s]   148 |                         sync->registerCallback(boost::bind(&SemanticNavigationNode::control_callback, this, _1, _2));
[21.921s]       |                                                                                                                 ^~
[21.921s] /home/neha/ros2_ws/src/semnav_migration/src/navigation_semantic.cpp:148:113: note: suggested alternatives:
[21.921s] /usr/include/boost/mpl/aux_/preprocessed/gcc/placeholders.hpp:42:16: note:   ‘mpl_::_2’
[21.921s]    42 | typedef arg<2> _2;
[21.923s]       |                ^~
[21.923s] /usr/include/c++/13/functional:295:48: note:   ‘std::placeholders::_2’
[21.923s]   295 |     _GLIBCXX_PLACEHOLDER const _Placeholder<2> _2;
[21.923s]       |                                                ^~
[21.923s] /usr/include/boost/mpl/aux_/preprocessed/gcc/placeholders.hpp:42:16: note:   ‘mpl_::_2’
[21.924s]    42 | typedef arg<2> _2;
[21.924s]       |                ^~
[21.924s] /usr/include/boost/mp11/bind.hpp:46:7: note:   ‘boost::mp11::_2’
[21.924s]    46 | using _2 = mp_arg<1>;
[21.924s]       |       ^~
[21.924s] /usr/include/boost/mpl/aux_/preprocessed/gcc/placeholders.hpp:42:16: note:   ‘mpl_::_2’
[21.924s]    42 | typedef arg<2> _2;
[21.924s]       |                ^~
[21.928s] /home/neha/ros2_ws/src/semnav_migration/src/navigation_semantic.cpp:150:25: error: ‘ros’ has not been declared
[21.928s]   150 |                         ros::Subscriber sub_semantic = nh_.subscribe(sub_semantic_topic_, 1, &SemanticNavigationNode::diffeo_tree_update, this);
[21.928s]       |                         ^~~
[21.928s] /home/neha/ros2_ws/src/semnav_migration/src/navigation_semantic.cpp:154:25: error: ‘ros’ has not been declared
[21.928s]   154 |                         ros::Duration(5.0).sleep();
[21.928s]       |                         ^~~
[21.929s] /home/neha/ros2_ws/src/semnav_migration/src/navigation_semantic.cpp:161:25: error: ‘ros’ has not been declared
[21.929s]   161 |                         ros::spin();
[21.929s]       |                         ^~~
[21.931s] /home/neha/ros2_ws/src/semnav_migration/src/navigation.cpp:142:116: error: no matching function for call to ‘message_filters::Subscriber<sensor_msgs::msg::LaserScan_<std::allocator<void> > >::Subscriber(rclcpp::Node&, std::string&, int)’
[21.931s]   142 |                         message_filters::Subscriber<sensor_msgs::msg::LaserScan> sub_laser(nh_, sub_laser_topic_, 1);
[21.934s]       |                                                                                                                    ^
[21.934s] In file included from /home/neha/ros2_ws/src/semnav_migration/include/reactive_planner_lib.h:43:
[21.934s] /opt/ros/jazzy/include/message_filters/message_filters/subscriber.h:224:3: note: candidate: ‘message_filters::Subscriber<M, NodeType>::Subscriber() [with M = sensor_msgs::msg::LaserScan_<std::allocator<void> >; NodeType = rclcpp::Node]’
[21.934s]   224 |   Subscriber() = default;
[21.934s]       |   ^~~~~~~~~~
[21.934s] /opt/ros/jazzy/include/message_filters/message_filters/subscriber.h:224:3: note:   candidate expects 0 arguments, 3 provided
[21.935s] /opt/ros/jazzy/include/message_filters/message_filters/subscriber.h:212:3: note: candidate: ‘message_filters::Subscriber<M, NodeType>::Subscriber(NodeType*, const std::string&, rmw_qos_profile_t, rclcpp::SubscriptionOptions) [with M = sensor_msgs::msg::LaserScan_<std::allocator<void> >; NodeType = rclcpp::Node; std::string = std::__cxx11::basic_string<char>; rmw_qos_profile_t = rmw_qos_profile_s; rclcpp::SubscriptionOptions = rclcpp::SubscriptionOptionsWithAllocator<std::allocator<void> >]’
[21.935s]   212 |   Subscriber(
[21.935s]       |   ^~~~~~~~~~
[21.935s] /opt/ros/jazzy/include/message_filters/message_filters/subscriber.h:212:3: note:   candidate expects 4 arguments, 3 provided
[21.935s] /opt/ros/jazzy/include/message_filters/message_filters/subscriber.h:203:3: note: candidate: ‘message_filters::Subscriber<M, NodeType>::Subscriber(NodePtr, const std::string&, rmw_qos_profile_t, rclcpp::SubscriptionOptions) [with M = sensor_msgs::msg::LaserScan_<std::allocator<void> >; NodeType = rclcpp::Node; NodePtr = std::shared_ptr<rclcpp::Node>; std::string = std::__cxx11::basic_string<char>; rmw_qos_profile_t = rmw_qos_profile_s; rclcpp::SubscriptionOptions = rclcpp::SubscriptionOptionsWithAllocator<std::allocator<void> >]’
[21.935s]   203 |   Subscriber(
[21.935s]       |   ^~~~~~~~~~
[21.935s] /opt/ros/jazzy/include/message_filters/message_filters/subscriber.h:203:3: note:   candidate expects 4 arguments, 3 provided
[21.938s] /opt/ros/jazzy/include/message_filters/message_filters/subscriber.h:188:3: note: candidate: ‘message_filters::Subscriber<M, NodeType>::Subscriber(NodeType*, const std::string&, rmw_qos_profile_t) [with M = sensor_msgs::msg::LaserScan_<std::allocator<void> >; NodeType = rclcpp::Node; std::string = std::__cxx11::basic_string<char>; rmw_qos_profile_t = rmw_qos_profile_s]’
[21.938s]   188 |   Subscriber(NodeType * node, const std::string& topic, const rmw_qos_profile_t qos = rmw_qos_profile_default)
[21.938s]       |   ^~~~~~~~~~
[21.938s] /opt/ros/jazzy/include/message_filters/message_filters/subscriber.h:188:25: note:   no known conversion for argument 1 from ‘rclcpp::Node’ to ‘rclcpp::Node*’
[21.938s]   188 |   Subscriber(NodeType * node, const std::string& topic, const rmw_qos_profile_t qos = rmw_qos_profile_default)
[21.938s]       |              ~~~~~~~~~~~^~~~
[21.939s] /opt/ros/jazzy/include/message_filters/message_filters/subscriber.h:183:3: note: candidate: ‘message_filters::Subscriber<M, NodeType>::Subscriber(NodePtr, const std::string&, rmw_qos_profile_t) [with M = sensor_msgs::msg::LaserScan_<std::allocator<void> >; NodeType = rclcpp::Node; NodePtr = std::shared_ptr<rclcpp::Node>; std::string = std::__cxx11::basic_string<char>; rmw_qos_profile_t = rmw_qos_profile_s]’
[21.939s]   183 |   Subscriber(NodePtr node, const std::string& topic, const rmw_qos_profile_t qos = rmw_qos_profile_default)
[21.939s]       |   ^~~~~~~~~~
[21.939s] /opt/ros/jazzy/include/message_filters/message_filters/subscriber.h:183:22: note:   no known conversion for argument 1 from ‘rclcpp::Node’ to ‘message_filters::Subscriber<sensor_msgs::msg::LaserScan_<std::allocator<void> > >::NodePtr’ {aka ‘std::shared_ptr<rclcpp::Node>’}
[21.939s]   183 |   Subscriber(NodePtr node, const std::string& topic, const rmw_qos_profile_t qos = rmw_qos_profile_default)
[21.939s]       |              ~~~~~~~~^~~~
[21.960s] /home/neha/ros2_ws/src/semnav_migration/src/navigation_semantic.cpp: In member function ‘void SemanticNavigationNode::publish_twist(double, double)’:
[21.960s] /home/neha/ros2_ws/src/semnav_migration/src/navigation_semantic.cpp:168:25: error: ‘pub_twist_’ was not declared in this scope; did you mean ‘publish_twist’?
[21.960s]   168 |                         pub_twist_.publish(commandTwist);
[21.960s]       |                         ^~~~~~~~~~
[21.960s]       |                         publish_twist
[21.963s] /home/neha/ros2_ws/src/semnav_migration/src/navigation_semantic.cpp: In member function ‘void SemanticNavigationNode::publish_behavior_id(uint16_t)’:
[21.964s] /home/neha/ros2_ws/src/semnav_migration/src/navigation_semantic.cpp:173:32: error: ‘UInt32’ is not a member of ‘std_msgs::msg’
[21.964s]   173 |                 std_msgs::msg::UInt32 commandId;
[21.964s]       |                                ^~~~~~
[21.997s] /home/neha/ros2_ws/src/semnav_migration/src/navigation.cpp:143:112: error: no matching function for call to ‘message_filters::Subscriber<nav_msgs::msg::Odometry_<std::allocator<void> > >::Subscriber(rclcpp::Node&, std::string&, int)’
[21.997s]   143 |                         message_filters::Subscriber<nav_msgs::msg::Odometry> sub_robot(nh_, sub_robot_topic_, 1);
[21.997s]       |                                                                                                                ^
[21.998s] /opt/ros/jazzy/include/message_filters/message_filters/subscriber.h:224:3: note: candidate: ‘message_filters::Subscriber<M, NodeType>::Subscriber() [with M = nav_msgs::msg::Odometry_<std::allocator<void> >; NodeType = rclcpp::Node]’
[21.998s]   224 |   Subscriber() = default;
[21.998s]       |   ^~~~~~~~~~
[21.998s] /opt/ros/jazzy/include/message_filters/message_filters/subscriber.h:224:3: note:   candidate expects 0 arguments, 3 provided
[21.998s] /opt/ros/jazzy/include/message_filters/message_filters/subscriber.h:212:3: note: candidate: ‘message_filters::Subscriber<M, NodeType>::Subscriber(NodeType*, const std::string&, rmw_qos_profile_t, rclcpp::SubscriptionOptions) [with M = nav_msgs::msg::Odometry_<std::allocator<void> >; NodeType = rclcpp::Node; std::string = std::__cxx11::basic_string<char>; rmw_qos_profile_t = rmw_qos_profile_s; rclcpp::SubscriptionOptions = rclcpp::SubscriptionOptionsWithAllocator<std::allocator<void> >]’
[21.998s]   212 |   Subscriber(
[21.999s]       |   ^~~~~~~~~~
[21.999s] /opt/ros/jazzy/include/message_filters/message_filters/subscriber.h:212:3: note:   candidate expects 4 arguments, 3 provided
[21.999s] /opt/ros/jazzy/include/message_filters/message_filters/subscriber.h:203:3: note: candidate: ‘message_filters::Subscriber<M, NodeType>::Subscriber(NodePtr, const std::string&, rmw_qos_profile_t, rclcpp::SubscriptionOptions) [with M = nav_msgs::msg::Odometry_<std::allocator<void> >; NodeType = rclcpp::Node; NodePtr = std::shared_ptr<rclcpp::Node>; std::string = std::__cxx11::basic_string<char>; rmw_qos_profile_t = rmw_qos_profile_s; rclcpp::SubscriptionOptions = rclcpp::SubscriptionOptionsWithAllocator<std::allocator<void> >]’
[21.999s]   203 |   Subscriber(
[21.999s]       |   ^~~~~~~~~~
[21.999s] /opt/ros/jazzy/include/message_filters/message_filters/subscriber.h:203:3: note:   candidate expects 4 arguments, 3 provided
[21.999s] /opt/ros/jazzy/include/message_filters/message_filters/subscriber.h:188:3: note: candidate: ‘message_filters::Subscriber<M, NodeType>::Subscriber(NodeType*, const std::string&, rmw_qos_profile_t) [with M = nav_msgs::msg::Odometry_<std::allocator<void> >; NodeType = rclcpp::Node; std::string = std::__cxx11::basic_string<char>; rmw_qos_profile_t = rmw_qos_profile_s]’
[22.003s]   188 |   Subscriber(NodeType * node, const std::string& topic, const rmw_qos_profile_t qos = rmw_qos_profile_default)
[22.003s]       |   ^~~~~~~~~~
[22.003s] /opt/ros/jazzy/include/message_filters/message_filters/subscriber.h:188:25: note:   no known conversion for argument 1 from ‘rclcpp::Node’ to ‘rclcpp::Node*’
[22.003s]   188 |   Subscriber(NodeType * node, const std::string& topic, const rmw_qos_profile_t qos = rmw_qos_profile_default)
[22.003s]       |              ~~~~~~~~~~~^~~~
[22.003s] /opt/ros/jazzy/include/message_filters/message_filters/subscriber.h:183:3: note: candidate: ‘message_filters::Subscriber<M, NodeType>::Subscriber(NodePtr, const std::string&, rmw_qos_profile_t) [with M = nav_msgs::msg::Odometry_<std::allocator<void> >; NodeType = rclcpp::Node; NodePtr = std::shared_ptr<rclcpp::Node>; std::string = std::__cxx11::basic_string<char>; rmw_qos_profile_t = rmw_qos_profile_s]’
[22.003s]   183 |   Subscriber(NodePtr node, const std::string& topic, const rmw_qos_profile_t qos = rmw_qos_profile_default)
[22.004s]       |   ^~~~~~~~~~
[22.004s] /opt/ros/jazzy/include/message_filters/message_filters/subscriber.h:183:22: note:   no known conversion for argument 1 from ‘rclcpp::Node’ to ‘message_filters::Subscriber<nav_msgs::msg::Odometry_<std::allocator<void> > >::NodePtr’ {aka ‘std::shared_ptr<rclcpp::Node>’}
[22.004s]   183 |   Subscriber(NodePtr node, const std::string& topic, const rmw_qos_profile_t qos = rmw_qos_profile_default)
[22.004s]       |              ~~~~~~~~^~~~
[22.021s] /home/neha/ros2_ws/src/semnav_migration/src/navigation_semantic.cpp:174:25: error: ‘commandId’ was not declared in this scope
[22.021s]   174 |                         commandId.data = BehaviorIdCmd;
[22.021s]       |                         ^~~~~~~~~
[22.107s] /home/neha/ros2_ws/src/semnav_migration/src/navigation_semantic.cpp:175:25: error: ‘pub_behaviorID_’ was not declared in this scope; did you mean ‘pub_behaviorID_topic_’?
[22.107s]   175 |                         pub_behaviorID_.publish(commandId);
[22.107s]       |                         ^~~~~~~~~~~~~~~
[22.107s]       |                         pub_behaviorID_topic_
[22.111s] /home/neha/ros2_ws/src/semnav_migration/src/navigation_semantic.cpp: In member function ‘void SemanticNavigationNode::publish_behavior_mode(uint16_t)’:
[22.112s] /home/neha/ros2_ws/src/semnav_migration/src/navigation_semantic.cpp:180:28: error: ‘UInt32’ is not a member of ‘std_msgs::msg’
[22.112s]   180 |             std_msgs::msg::UInt32 commandMode;
[22.112s]       |                            ^~~~~~
[22.134s] /home/neha/ros2_ws/src/semnav_migration/src/navigation.cpp:148:55: error: ‘bind’ is not a member of ‘boost’; did you mean ‘find’?
[22.134s]   148 |                         sync->registerCallback(boost::bind(&NavigationNode::control_callback, this, _1, _2));
[22.134s]       |                                                       ^~~~
[22.134s]       |                                                       find
[22.136s] /home/neha/ros2_ws/src/semnav_migration/src/navigation.cpp:148:101: error: ‘_1’ was not declared in this scope
[22.136s]   148 |                         sync->registerCallback(boost::bind(&NavigationNode::control_callback, this, _1, _2));
[22.136s]       |                                                                                                     ^~
[22.137s] /home/neha/ros2_ws/src/semnav_migration/src/navigation.cpp:148:101: note: suggested alternatives:
[22.137s] In file included from /usr/include/boost/mpl/aux_/include_preprocessed.hpp:37,
[22.137s]                  from /usr/include/boost/mpl/placeholders.hpp:43,
[22.137s]                  from /usr/include/boost/iterator/iterator_categories.hpp:16,
[22.138s]                  from /usr/include/boost/iterator/iterator_facade.hpp:13,
[22.138s]                  from /usr/include/boost/range/iterator_range_core.hpp:27,
[22.138s]                  from /usr/include/boost/lexical_cast.hpp:48,
[22.138s]                  from /usr/include/boost/multiprecision/detail/number_base.hpp:29,
[22.138s]                  from /usr/include/boost/multiprecision/traits/is_variable_precision.hpp:9,
[22.138s]                  from /usr/include/boost/multiprecision/detail/precision.hpp:9,
[22.138s]                  from /usr/include/boost/multiprecision/number.hpp:11,
[22.138s]                  from /usr/include/boost/multiprecision/cpp_int.hpp:19,
[22.141s]                  from /usr/include/boost/multiprecision/cpp_bin_float.hpp:15,
[22.141s]                  from /usr/include/boost/geometry/core/coordinate_promotion.hpp:16,
[22.141s]                  from /usr/include/boost/geometry/core/radian_access.hpp:30,
[22.141s]                  from /usr/include/boost/geometry/geometry.hpp:50,
[22.142s]                  from /usr/include/boost/geometry.hpp:17,
[22.142s]                  from /home/neha/ros2_ws/src/semnav_migration/include/reactive_planner_lib.h:26:
[22.142s] /usr/include/boost/mpl/aux_/preprocessed/gcc/placeholders.hpp:29:16: note:   ‘mpl_::_1’
[22.142s]    29 | typedef arg<1> _1;
[22.142s]       |                ^~
[22.142s] In file included from /usr/include/boost/numeric/conversion/converter_policies.hpp:13,
[22.142s]                  from /usr/include/boost/numeric/conversion/converter.hpp:14,
[22.142s]                  from /usr/include/boost/numeric/conversion/cast.hpp:33,
[22.143s]                  from /usr/include/boost/geometry/core/radian_access.hpp:26:
[22.143s] /usr/include/c++/13/functional:294:48: note:   ‘std::placeholders::_1’
[22.143s]   294 |     _GLIBCXX_PLACEHOLDER const _Placeholder<1> _1;
[22.143s]       |                                                ^~
[22.143s] /usr/include/boost/mpl/aux_/preprocessed/gcc/placeholders.hpp:29:16: note:   ‘mpl_::_1’
[22.143s]    29 | typedef arg<1> _1;
[22.143s]       |                ^~
[22.148s] In file included from /usr/include/boost/describe/members.hpp:20,
[22.148s]                  from /usr/include/boost/container_hash/is_described_class.hpp:11,
[22.148s]                  from /usr/include/boost/container_hash/hash.hpp:18,
[22.148s]                  from /usr/include/boost/functional/hash.hpp:6,
[22.148s]                  from /usr/include/CGAL/Kernel/hash_functions.h:16,
[22.148s]                  from /usr/include/CGAL/Kernel/global_functions.h:25,
[22.148s]                  from /usr/include/CGAL/Cartesian/Cartesian_base.h:22,
[22.149s]                  from /usr/include/CGAL/Simple_cartesian.h:20,
[22.149s]                  from /usr/include/CGAL/Exact_predicates_inexact_constructions_kernel.h:20,
[22.149s]                  from /home/neha/ros2_ws/src/semnav_migration/include/polygeom_lib.h:32,
[22.150s]                  from /home/neha/ros2_ws/src/semnav_migration/include/reactive_planner_lib.h:50:
[22.150s] /usr/include/boost/mp11/bind.hpp:45:7: note:   ‘boost::mp11::_1’
[22.150s]    45 | using _1 = mp_arg<0>;
[22.150s]       |       ^~
[22.150s] /usr/include/boost/mpl/aux_/preprocessed/gcc/placeholders.hpp:29:16: note:   ‘mpl_::_1’
[22.150s]    29 | typedef arg<1> _1;
[22.150s]       |                ^~
[22.150s] /home/neha/ros2_ws/src/semnav_migration/src/navigation.cpp:148:105: error: ‘_2’ was not declared in this scope
[22.151s]   148 |                         sync->registerCallback(boost::bind(&NavigationNode::control_callback, this, _1, _2));
[22.151s]       |                                                                                                         ^~
[22.151s] /home/neha/ros2_ws/src/semnav_migration/src/navigation.cpp:148:105: note: suggested alternatives:
[22.151s] /usr/include/boost/mpl/aux_/preprocessed/gcc/placeholders.hpp:42:16: note:   ‘mpl_::_2’
[22.151s]    42 | typedef arg<2> _2;
[22.151s]       |                ^~
[22.151s] /usr/include/c++/13/functional:295:48: note:   ‘std::placeholders::_2’
[22.154s]   295 |     _GLIBCXX_PLACEHOLDER const _Placeholder<2> _2;
[22.154s]       |                                                ^~
[22.154s] /usr/include/boost/mpl/aux_/preprocessed/gcc/placeholders.hpp:42:16: note:   ‘mpl_::_2’
[22.154s]    42 | typedef arg<2> _2;
[22.154s]       |                ^~
[22.154s] /usr/include/boost/mp11/bind.hpp:46:7: note:   ‘boost::mp11::_2’
[22.154s]    46 | using _2 = mp_arg<1>;
[22.155s]       |       ^~
[22.155s] /usr/include/boost/mpl/aux_/preprocessed/gcc/placeholders.hpp:42:16: note:   ‘mpl_::_2’
[22.155s]    42 | typedef arg<2> _2;
[22.155s]       |                ^~
[22.155s] /home/neha/ros2_ws/src/semnav_migration/src/navigation.cpp:151:20: error: ‘Subscription’ was not declared in this scope
[22.155s]   151 |             rclcpp:Subscription sub_semantic = this->create_subscriber(sub_semantic_topic_, 1);
[22.155s]       |                    ^~~~~~~~~~~~
[22.155s] /home/neha/ros2_ws/src/semnav_migration/src/navigation.cpp:151:20: note: suggested alternatives:
[22.158s] In file included from /opt/ros/jazzy/include/rclcpp/rclcpp/any_executable.hpp:25,
[22.158s]                  from /opt/ros/jazzy/include/rclcpp/rclcpp/memory_strategy.hpp:25,
[22.158s]                  from /opt/ros/jazzy/include/rclcpp/rclcpp/memory_strategies.hpp:18,
[22.158s]                  from /opt/ros/jazzy/include/rclcpp/rclcpp/executor_options.hpp:22,
[22.158s]                  from /opt/ros/jazzy/include/rclcpp/rclcpp/executor.hpp:38,
[22.158s]                  from /opt/ros/jazzy/include/rclcpp/rclcpp/executors/multi_threaded_executor.hpp:25,
[22.158s]                  from /opt/ros/jazzy/include/rclcpp/rclcpp/executors.hpp:21:
[22.159s] /opt/ros/jazzy/include/rclcpp/rclcpp/subscription.hpp:75:7: note:   ‘rclcpp::Subscription’
[22.159s]    75 | class Subscription : public SubscriptionBase
[22.159s]       |       ^~~~~~~~~~~~
[22.159s] In file included from /opt/ros/jazzy/include/rclcpp/rclcpp/client.hpp:45,
[22.159s]                  from /opt/ros/jazzy/include/rclcpp/rclcpp/callback_group.hpp:24,
[22.159s]                  from /opt/ros/jazzy/include/rclcpp/rclcpp/any_executable.hpp:20:
[22.159s] /opt/ros/jazzy/include/rclcpp/rclcpp/node_interfaces/node_graph_interface.hpp:43:3: note:   ‘rclcpp::EndpointType::Subscription’
[22.159s]    43 |   Subscription = RMW_ENDPOINT_SUBSCRIPTION
[22.162s]       |   ^~~~~~~~~~~~
[22.162s] /home/neha/ros2_ws/src/semnav_migration/src/navigation.cpp:155:45: error: no matching function for call to ‘rclcpp::Duration::Duration(double)’
[22.162s]   155 |                         rclcpp::Duration(5.0).sleep();
[22.162s]       |                                             ^
[22.162s] In file included from /opt/ros/jazzy/include/rclcpp/rclcpp/time.hpp:24,
[22.162s]                  from /opt/ros/jazzy/include/rclcpp/rclcpp/clock.hpp:24,
[22.163s]                  from /opt/ros/jazzy/include/rclcpp/rclcpp/client.hpp:38:
[22.163s] /opt/ros/jazzy/include/rclcpp/rclcpp/duration.hpp:49:3: note: candidate: ‘template<class Rep, class Period> rclcpp::Duration::Duration(const std::chrono::duration<_Rep1, _Period1>&)’
[22.163s]    49 |   Duration(const std::chrono::duration<Rep, Period> & duration)  // NOLINT(runtime/explicit)
[22.163s]       |   ^~~~~~~~
[22.163s] /opt/ros/jazzy/include/rclcpp/rclcpp/duration.hpp:49:3: note:   template argument deduction/substitution failed:
[22.163s] /home/neha/ros2_ws/src/semnav_migration/src/navigation.cpp:155:45: note:   mismatched types ‘const std::chrono::duration<_Rep1, _Period1>’ and ‘double’
[22.163s]   155 |                         rclcpp::Duration(5.0).sleep();
[22.163s]       |                                             ^
[22.166s] /opt/ros/jazzy/include/rclcpp/rclcpp/duration.hpp:159:3: note: candidate: ‘rclcpp::Duration::Duration()’
[22.166s]   159 |   Duration() = default;
[22.166s]       |   ^~~~~~~~
[22.166s] /opt/ros/jazzy/include/rclcpp/rclcpp/duration.hpp:159:3: note:   candidate expects 0 arguments, 1 provided
[22.166s] /opt/ros/jazzy/include/rclcpp/rclcpp/duration.hpp:62:3: note: candidate: ‘rclcpp::Duration::Duration(const rclcpp::Duration&)’
[22.166s]    62 |   Duration(const Duration & rhs);
[22.167s]       |   ^~~~~~~~
[22.167s] /opt/ros/jazzy/include/rclcpp/rclcpp/duration.hpp:62:29: note:   no known conversion for argument 1 from ‘double’ to ‘const rclcpp::Duration&’
[22.167s]    62 |   Duration(const Duration & rhs);
[22.167s]       |            ~~~~~~~~~~~~~~~~~^~~
[22.167s] /opt/ros/jazzy/include/rclcpp/rclcpp/duration.hpp:60:12: note: candidate: ‘rclcpp::Duration::Duration(const rcl_duration_t&)’
[22.167s]    60 |   explicit Duration(const rcl_duration_t & duration);
[22.167s]       |            ^~~~~~~~
[22.167s] /opt/ros/jazzy/include/rclcpp/rclcpp/duration.hpp:60:44: note:   no known conversion for argument 1 from ‘double’ to ‘const rcl_duration_t&’ {aka ‘const rcl_duration_s&’}
[22.170s]    60 |   explicit Duration(const rcl_duration_t & duration);
[22.170s]       |                     ~~~~~~~~~~~~~~~~~~~~~~~^~~~~~~~
[22.170s] /opt/ros/jazzy/include/rclcpp/rclcpp/duration.hpp:54:3: note: candidate: ‘rclcpp::Duration::Duration(const builtin_interfaces::msg::Duration&)’
[22.170s]    54 |   Duration(const builtin_interfaces::msg::Duration & duration_msg);  // NOLINT(runtime/explicit)
[22.170s]       |   ^~~~~~~~
[22.170s] /opt/ros/jazzy/include/rclcpp/rclcpp/duration.hpp:54:54: note:   no known conversion for argument 1 from ‘double’ to ‘const builtin_interfaces::msg::Duration&’ {aka ‘const builtin_interfaces::msg::Duration_<std::allocator<void> >&’}
[22.170s]    54 |   Duration(const builtin_interfaces::msg::Duration & duration_msg);  // NOLINT(runtime/explicit)
[22.171s]       |            ~~~~~~~~~~~~~~~~~~~~~~~~~~~~~~~~~~~~~~~~~~^~~~~~~~~~~~
[22.171s] /opt/ros/jazzy/include/rclcpp/rclcpp/duration.hpp:43:12: note: candidate: ‘rclcpp::Duration::Duration(std::chrono::nanoseconds)’
[22.171s]    43 |   explicit Duration(std::chrono::nanoseconds nanoseconds);
[22.171s]       |            ^~~~~~~~
[22.171s] /opt/ros/jazzy/include/rclcpp/rclcpp/duration.hpp:43:46: note:   no known conversion for argument 1 from ‘double’ to ‘std::chrono::nanoseconds’ {aka ‘std::chrono::duration<long int, std::ratio<1, 1000000000> >’}
[22.171s]    43 |   explicit Duration(std::chrono::nanoseconds nanoseconds);
[22.171s]       |                     ~~~~~~~~~~~~~~~~~~~~~~~~~^~~~~~~~~~~
[22.171s] /opt/ros/jazzy/include/rclcpp/rclcpp/duration.hpp:40:3: note: candidate: ‘rclcpp::Duration::Duration(int32_t, uint32_t)’
[22.174s]    40 |   Duration(int32_t seconds, uint32_t nanoseconds);
[22.174s]       |   ^~~~~~~~
[22.174s] /opt/ros/jazzy/include/rclcpp/rclcpp/duration.hpp:40:3: note:   candidate expects 2 arguments, 1 provided
[22.186s] /home/neha/ros2_ws/src/semnav_migration/src/navigation.cpp:162:38: error: ‘node_ptr’ was not declared in this scope; did you mean ‘mode_t’?
[22.186s]   162 |                         rclcpp::spin(node_ptr);
[22.186s]       |                                      ^~~~~~~~
[22.186s]       |                                      mode_t
[22.198s] /home/neha/ros2_ws/src/semnav_migration/src/navigation_semantic.cpp:181:25: error: ‘commandMode’ was not declared in this scope
[22.198s]   181 |                         commandMode.data = BehaviorModeCmd;
[22.198s]       |                         ^~~~~~~~~~~
[22.239s] /home/neha/ros2_ws/src/semnav_migration/src/navigation.cpp: In member function ‘void NavigationNode::publish_twist(double, double)’:
[22.240s] /home/neha/ros2_ws/src/semnav_migration/src/navigation.cpp:169:25: error: ‘pub_twist_’ was not declared in this scope; did you mean ‘publish_twist’?
[22.240s]   169 |                         pub_twist_.publish(commandTwist);
[22.240s]       |                         ^~~~~~~~~~
[22.240s]       |                         publish_twist
[22.247s] /home/neha/ros2_ws/src/semnav_migration/src/navigation.cpp: In member function ‘void NavigationNode::publish_behavior_id(uint16_t)’:
[22.247s] /home/neha/ros2_ws/src/semnav_migration/src/navigation.cpp:174:28: error: ‘UInt32’ is not a member of ‘std_msgs::msg’
[22.247s]   174 |             std_msgs::msg::UInt32 commandId;
[22.247s]       |                            ^~~~~~
[22.287s] /home/neha/ros2_ws/src/semnav_migration/src/navigation.cpp:175:25: error: ‘commandId’ was not declared in this scope
[22.288s]   175 |                         commandId.data = BehaviorIdCmd;
[22.288s]       |                         ^~~~~~~~~
[22.298s] /home/neha/ros2_ws/src/semnav_migration/src/navigation_semantic.cpp:182:25: error: ‘pub_behaviorMode_’ was not declared in this scope; did you mean ‘pub_behaviorMode_topic_’?
[22.298s]   182 |                         pub_behaviorMode_.publish(commandMode);
[22.298s]       |                         ^~~~~~~~~~~~~~~~~
[22.298s]       |                         pub_behaviorMode_topic_
[22.349s] /home/neha/ros2_ws/src/semnav_migration/src/navigation_semantic.cpp: In member function ‘void SemanticNavigationNode::diffeo_tree_update(const object_pose_interface_msgs::msg::SemanticMapObjectArray_<std::allocator<void> >::ConstPtr&)’:
[22.349s] /home/neha/ros2_ws/src/semnav_migration/src/navigation_semantic.cpp:252:29: error: ‘ros’ has not been declared
[22.349s]   252 |                         if (ros::Time::now().toSec() - DiffeoTreeUpdateTime_ < (1.0/DiffeoTreeUpdateRate_)) {
[22.349s]       |                             ^~~
[22.349s] /home/neha/ros2_ws/src/semnav_migration/src/navigation_semantic.cpp:256:53: error: ‘ros’ has not been declared
[22.350s]   256 |                                 double start_time = ros::Time::now().toSec();
[22.350s]       |                                                     ^~~
[22.356s] /home/neha/ros2_ws/src/semnav_migration/src/navigation_semantic.cpp:267:49: error: ‘tf’ has not been declared
[22.356s]   267 |                                                 tf::Quaternion rotation = tf::Quaternion(semantic_map_data->objects[i].pose.pose.orientation.x,
[22.356s]       |                                                 ^~
[22.356s] /home/neha/ros2_ws/src/semnav_migration/src/navigation_semantic.cpp:272:49: error: ‘tf’ has not been declared
[22.356s]   272 |                                                 tf::Matrix3x3 m(rotation);
[22.357s]       |                                                 ^~
[22.357s] /home/neha/ros2_ws/src/semnav_migration/src/navigation_semantic.cpp:275:49: error: ‘tf’ has not been declared
[22.357s]   275 |                                                 tf::Vector3 target_nominal_1(-0.5*target_object_width_ - ObstacleDilation_ - 0.08, 0.0, 0.0);
[22.357s]       |                                                 ^~
[22.357s] /home/neha/ros2_ws/src/semnav_migration/src/navigation_semantic.cpp:276:49: error: ‘tf’ has not been declared
[22.357s]   276 |                                                 tf::Vector3 target_nominal_2(0.5*target_object_width_ + ObstacleDilation_ + 0.25, 0.0, 0.0);
[22.357s]       |                                                 ^~
[22.357s] /home/neha/ros2_ws/src/semnav_migration/src/navigation_semantic.cpp:277:49: error: ‘tf’ has not been declared
[22.360s]   277 |                                                 tf::Vector3 target_nominal_1_rotated = tf::quatRotate(rotation, target_nominal_1);
[22.360s]       |                                                 ^~
[22.360s] /home/neha/ros2_ws/src/semnav_migration/src/navigation_semantic.cpp:278:49: error: ‘tf’ has not been declared
[22.360s]   278 |                                                 tf::Vector3 target_nominal_2_rotated = tf::quatRotate(rotation, target_nominal_2);
[22.360s]       |                                                 ^~
[22.377s] /home/neha/ros2_ws/src/semnav_migration/src/navigation.cpp:176:25: error: ‘pub_behaviorID_’ was not declared in this scope; did you mean ‘pub_behaviorID_topic_’?
[22.377s]   176 |                         pub_behaviorID_.publish(commandId);
[22.377s]       |                         ^~~~~~~~~~~~~~~
[22.377s]       |                         pub_behaviorID_topic_
[22.379s] /home/neha/ros2_ws/src/semnav_migration/src/navigation.cpp: In member function ‘void NavigationNode::publish_behavior_mode(uint16_t)’:
[22.380s] /home/neha/ros2_ws/src/semnav_migration/src/navigation.cpp:181:28: error: ‘UInt32’ is not a member of ‘std_msgs::msg’
[22.380s]   181 |             std_msgs::msg::UInt32 commandMode;
[22.380s]       |                            ^~~~~~
[22.389s] /home/neha/ros2_ws/src/semnav_migration/src/navigation_semantic.cpp:280:49: error: ‘m’ was not declared in this scope; did you mean ‘tm’?
[22.389s]   280 |                                                 m.getRPY(roll, pitch, yaw);
[22.389s]       |                                                 ^
[22.389s]       |                                                 tm
[22.442s] /home/neha/ros2_ws/src/semnav_migration/src/navigation.cpp:182:25: error: ‘commandMode’ was not declared in this scope
[22.442s]   182 |                         commandMode.data = BehaviorModeCmd;
[22.442s]       |                         ^~~~~~~~~~~
[22.534s] /home/neha/ros2_ws/src/semnav_migration/src/navigation.cpp:183:25: error: ‘pub_behaviorMode_’ was not declared in this scope; did you mean ‘pub_behaviorMode_topic_’?
[22.534s]   183 |                         pub_behaviorMode_.publish(commandMode);
[22.534s]       |                         ^~~~~~~~~~~~~~~~~
[22.534s]       |                         pub_behaviorMode_topic_
[22.548s] /home/neha/ros2_ws/src/semnav_migration/src/navigation_semantic.cpp:281:123: error: ‘target_nominal_1_rotated’ was not declared in this scope
[22.548s]   281 |                                                 GoalVector[0].set<0>(semantic_map_data->objects[i].pose.pose.position.x + target_nominal_1_rotated.getX());
[22.548s]       |                                                                                                                           ^~~~~~~~~~~~~~~~~~~~~~~~
[22.666s] /home/neha/ros2_ws/src/semnav_migration/src/navigation.cpp: In member function ‘void NavigationNode::control_callback(const sensor_msgs::msg::LaserScan_<std::allocator<void> >::ConstPtr&, const nav_msgs::msg::Odometry_<std::allocator<void> >::ConstPtr&)’:
[22.666s] /home/neha/ros2_ws/src/semnav_migration/src/navigation.cpp:366:33: error: ‘listener_’ was not declared in this scope
[22.666s]   366 |                                 listener_.waitForTransform(world_frame_id_, odom_frame_id_, rclcpp::Time(0), rclcpp::Duration(1.0));
[22.667s]       |                                 ^~~~~~~~~
[22.667s] /home/neha/ros2_ws/src/semnav_migration/src/navigation.cpp:366:130: error: no matching function for call to ‘rclcpp::Duration::Duration(double)’
[22.667s]   366 |                                 listener_.waitForTransform(world_frame_id_, odom_frame_id_, rclcpp::Time(0), rclcpp::Duration(1.0));
[22.667s]       |                                                                                                                                  ^
[22.667s] /opt/ros/jazzy/include/rclcpp/rclcpp/duration.hpp:49:3: note: candidate: ‘template<class Rep, class Period> rclcpp::Duration::Duration(const std::chrono::duration<_Rep1, _Period1>&)’
[22.667s]    49 |   Duration(const std::chrono::duration<Rep, Period> & duration)  // NOLINT(runtime/explicit)
[22.667s]       |   ^~~~~~~~
[22.670s] /opt/ros/jazzy/include/rclcpp/rclcpp/duration.hpp:49:3: note:   template argument deduction/substitution failed:
[22.670s] /home/neha/ros2_ws/src/semnav_migration/src/navigation.cpp:366:130: note:   mismatched types ‘const std::chrono::duration<_Rep1, _Period1>’ and ‘double’
[22.670s]   366 |                                 listener_.waitForTransform(world_frame_id_, odom_frame_id_, rclcpp::Time(0), rclcpp::Duration(1.0));
[22.670s]       |                                                                                                                                  ^
[22.670s] /opt/ros/jazzy/include/rclcpp/rclcpp/duration.hpp:159:3: note: candidate: ‘rclcpp::Duration::Duration()’
[22.670s]   159 |   Duration() = default;
[22.671s]       |   ^~~~~~~~
[22.671s] /opt/ros/jazzy/include/rclcpp/rclcpp/duration.hpp:159:3: note:   candidate expects 0 arguments, 1 provided
[22.671s] /opt/ros/jazzy/include/rclcpp/rclcpp/duration.hpp:62:3: note: candidate: ‘rclcpp::Duration::Duration(const rclcpp::Duration&)’
[22.671s]    62 |   Duration(const Duration & rhs);
[22.671s]       |   ^~~~~~~~
[22.671s] /opt/ros/jazzy/include/rclcpp/rclcpp/duration.hpp:62:29: note:   no known conversion for argument 1 from ‘double’ to ‘const rclcpp::Duration&’
[22.671s]    62 |   Duration(const Duration & rhs);
[22.671s]       |            ~~~~~~~~~~~~~~~~~^~~
[22.674s] /opt/ros/jazzy/include/rclcpp/rclcpp/duration.hpp:60:12: note: candidate: ‘rclcpp::Duration::Duration(const rcl_duration_t&)’
[22.674s]    60 |   explicit Duration(const rcl_duration_t & duration);
[22.674s]       |            ^~~~~~~~
[22.674s] /opt/ros/jazzy/include/rclcpp/rclcpp/duration.hpp:60:44: note:   no known conversion for argument 1 from ‘double’ to ‘const rcl_duration_t&’ {aka ‘const rcl_duration_s&’}
[22.674s]    60 |   explicit Duration(const rcl_duration_t & duration);
[22.674s]       |                     ~~~~~~~~~~~~~~~~~~~~~~~^~~~~~~~
[22.675s] /opt/ros/jazzy/include/rclcpp/rclcpp/duration.hpp:54:3: note: candidate: ‘rclcpp::Duration::Duration(const builtin_interfaces::msg::Duration&)’
[22.675s]    54 |   Duration(const builtin_interfaces::msg::Duration & duration_msg);  // NOLINT(runtime/explicit)
[22.675s]       |   ^~~~~~~~
[22.675s] /opt/ros/jazzy/include/rclcpp/rclcpp/duration.hpp:54:54: note:   no known conversion for argument 1 from ‘double’ to ‘const builtin_interfaces::msg::Duration&’ {aka ‘const builtin_interfaces::msg::Duration_<std::allocator<void> >&’}
[22.675s]    54 |   Duration(const builtin_interfaces::msg::Duration & duration_msg);  // NOLINT(runtime/explicit)
[22.675s]       |            ~~~~~~~~~~~~~~~~~~~~~~~~~~~~~~~~~~~~~~~~~~^~~~~~~~~~~~
[22.675s] /opt/ros/jazzy/include/rclcpp/rclcpp/duration.hpp:43:12: note: candidate: ‘rclcpp::Duration::Duration(std::chrono::nanoseconds)’
[22.675s]    43 |   explicit Duration(std::chrono::nanoseconds nanoseconds);
[22.678s]       |            ^~~~~~~~
[22.678s] /opt/ros/jazzy/include/rclcpp/rclcpp/duration.hpp:43:46: note:   no known conversion for argument 1 from ‘double’ to ‘std::chrono::nanoseconds’ {aka ‘std::chrono::duration<long int, std::ratio<1, 1000000000> >’}
[22.678s]    43 |   explicit Duration(std::chrono::nanoseconds nanoseconds);
[22.678s]       |                     ~~~~~~~~~~~~~~~~~~~~~~~~~^~~~~~~~~~~
[22.678s] /opt/ros/jazzy/include/rclcpp/rclcpp/duration.hpp:40:3: note: candidate: ‘rclcpp::Duration::Duration(int32_t, uint32_t)’
[22.679s]    40 |   Duration(int32_t seconds, uint32_t nanoseconds);
[22.679s]       |   ^~~~~~~~
[22.679s] /opt/ros/jazzy/include/rclcpp/rclcpp/duration.hpp:40:3: note:   candidate expects 2 arguments, 1 provided
[22.679s] /home/neha/ros2_ws/src/semnav_migration/src/navigation.cpp:396:42: error: could not convert ‘lidar_data’ from ‘shared_ptr<LaserScan_<[...]>>’ to ‘shared_ptr<LaserScan_<[...]>>’
[22.679s]   396 |                         constructLIDAR2D(lidar_data, CutoffRange_, AllowableRange_, RobotPitch_, &LIDAR);
[22.679s]       |                                          ^~~~~~~~~~
[22.679s]       |                                          |
[22.680s]       |                                          shared_ptr<LaserScan_<[...]>>
[22.697s] /home/neha/ros2_ws/src/semnav_migration/src/navigation.cpp:570:53: error: no matching function for call to ‘rclcpp::Duration::Duration(double)’
[22.697s]   570 |                                 rclcpp::Duration(5.0).sleep();
[22.697s]       |                                                     ^
[22.698s] /opt/ros/jazzy/include/rclcpp/rclcpp/duration.hpp:49:3: note: candidate: ‘template<class Rep, class Period> rclcpp::Duration::Duration(const std::chrono::duration<_Rep1, _Period1>&)’
[22.698s]    49 |   Duration(const std::chrono::duration<Rep, Period> & duration)  // NOLINT(runtime/explicit)
[22.698s]       |   ^~~~~~~~
[22.698s] /opt/ros/jazzy/include/rclcpp/rclcpp/duration.hpp:49:3: note:   template argument deduction/substitution failed:
[22.699s] /home/neha/ros2_ws/src/semnav_migration/src/navigation.cpp:570:53: note:   mismatched types ‘const std::chrono::duration<_Rep1, _Period1>’ and ‘double’
[22.699s]   570 |                                 rclcpp::Duration(5.0).sleep();
[22.699s]       |                                                     ^
[22.699s] /opt/ros/jazzy/include/rclcpp/rclcpp/duration.hpp:159:3: note: candidate: ‘rclcpp::Duration::Duration()’
[22.699s]   159 |   Duration() = default;
[22.699s]       |   ^~~~~~~~
[22.701s] /opt/ros/jazzy/include/rclcpp/rclcpp/duration.hpp:159:3: note:   candidate expects 0 arguments, 1 provided
[22.701s] /opt/ros/jazzy/include/rclcpp/rclcpp/duration.hpp:62:3: note: candidate: ‘rclcpp::Duration::Duration(const rclcpp::Duration&)’
[22.701s]    62 |   Duration(const Duration & rhs);
[22.701s]       |   ^~~~~~~~
[22.702s] /opt/ros/jazzy/include/rclcpp/rclcpp/duration.hpp:62:29: note:   no known conversion for argument 1 from ‘double’ to ‘const rclcpp::Duration&’
[22.702s]    62 |   Duration(const Duration & rhs);
[22.702s]       |            ~~~~~~~~~~~~~~~~~^~~
[22.702s] /opt/ros/jazzy/include/rclcpp/rclcpp/duration.hpp:60:12: note: candidate: ‘rclcpp::Duration::Duration(const rcl_duration_t&)’
[22.702s]    60 |   explicit Duration(const rcl_duration_t & duration);
[22.702s]       |            ^~~~~~~~
[22.702s] /opt/ros/jazzy/include/rclcpp/rclcpp/duration.hpp:60:44: note:   no known conversion for argument 1 from ‘double’ to ‘const rcl_duration_t&’ {aka ‘const rcl_duration_s&’}
[22.705s]    60 |   explicit Duration(const rcl_duration_t & duration);
[22.705s]       |                     ~~~~~~~~~~~~~~~~~~~~~~~^~~~~~~~
[22.705s] /opt/ros/jazzy/include/rclcpp/rclcpp/duration.hpp:54:3: note: candidate: ‘rclcpp::Duration::Duration(const builtin_interfaces::msg::Duration&)’
[22.705s]    54 |   Duration(const builtin_interfaces::msg::Duration & duration_msg);  // NOLINT(runtime/explicit)
[22.705s]       |   ^~~~~~~~
[22.705s] /opt/ros/jazzy/include/rclcpp/rclcpp/duration.hpp:54:54: note:   no known conversion for argument 1 from ‘double’ to ‘const builtin_interfaces::msg::Duration&’ {aka ‘const builtin_interfaces::msg::Duration_<std::allocator<void> >&’}
[22.705s]    54 |   Duration(const builtin_interfaces::msg::Duration & duration_msg);  // NOLINT(runtime/explicit)
[22.706s]       |            ~~~~~~~~~~~~~~~~~~~~~~~~~~~~~~~~~~~~~~~~~~^~~~~~~~~~~~
[22.706s] /opt/ros/jazzy/include/rclcpp/rclcpp/duration.hpp:43:12: note: candidate: ‘rclcpp::Duration::Duration(std::chrono::nanoseconds)’
[22.706s]    43 |   explicit Duration(std::chrono::nanoseconds nanoseconds);
[22.706s]       |            ^~~~~~~~
[22.706s] /opt/ros/jazzy/include/rclcpp/rclcpp/duration.hpp:43:46: note:   no known conversion for argument 1 from ‘double’ to ‘std::chrono::nanoseconds’ {aka ‘std::chrono::duration<long int, std::ratio<1, 1000000000> >’}
[22.706s]    43 |   explicit Duration(std::chrono::nanoseconds nanoseconds);
[22.706s]       |                     ~~~~~~~~~~~~~~~~~~~~~~~~~^~~~~~~~~~~
[22.709s] /opt/ros/jazzy/include/rclcpp/rclcpp/duration.hpp:40:3: note: candidate: ‘rclcpp::Duration::Duration(int32_t, uint32_t)’
[22.709s]    40 |   Duration(int32_t seconds, uint32_t nanoseconds);
[22.709s]       |   ^~~~~~~~
[22.709s] /opt/ros/jazzy/include/rclcpp/rclcpp/duration.hpp:40:3: note:   candidate expects 2 arguments, 1 provided
[22.712s] /home/neha/ros2_ws/src/semnav_migration/src/navigation_semantic.cpp:283:123: error: ‘target_nominal_2_rotated’ was not declared in this scope
[22.712s]   283 |                                                 GoalVector[1].set<0>(semantic_map_data->objects[i].pose.pose.position.x + target_nominal_2_rotated.getX());
[22.712s]       |                                                                                                                           ^~~~~~~~~~~~~~~~~~~~~~~~
[22.829s] /home/neha/ros2_ws/src/semnav_migration/src/navigation_semantic.cpp:317:49: error: ‘ROS_ERROR_STREAM’ was not declared in this scope; did you mean ‘RCLCPP_ERROR_STREAM’?
[22.829s]   317 |                                                 ROS_ERROR_STREAM("Goal blocked by object");
[22.830s]       |                                                 ^~~~~~~~~~~~~~~~
[22.830s]       |                                                 RCLCPP_ERROR_STREAM
[22.835s] /home/neha/ros2_ws/src/semnav_migration/src/navigation_semantic.cpp:365:85: error: ‘ros’ has not been declared
[22.835s]   365 |                                 ROS_WARN_STREAM("[Navigation] Updated trees in " << ros::Time::now().toSec()-start_time << " seconds.");
[22.835s]       |                                                                                     ^~~
[22.931s] /home/neha/ros2_ws/src/semnav_migration/src/navigation_semantic.cpp:365:33: error: ‘ROS_WARN_STREAM’ was not declared in this scope; did you mean ‘RCLCPP_WARN_STREAM’?
[22.931s]   365 |                                 ROS_WARN_STREAM("[Navigation] Updated trees in " << ros::Time::now().toSec()-start_time << " seconds.");
[22.931s]       |                                 ^~~~~~~~~~~~~~~
[22.932s]       |                                 RCLCPP_WARN_STREAM
[22.932s] /home/neha/ros2_ws/src/semnav_migration/src/navigation_semantic.cpp:368:57: error: ‘ros’ has not been declared
[22.932s]   368 |                                 DiffeoTreeUpdateTime_ = ros::Time::now().toSec();
[22.932s]       |                                                         ^~~
[22.935s] /home/neha/ros2_ws/src/semnav_migration/src/navigation_semantic.cpp: In member function ‘void SemanticNavigationNode::control_callback(const sensor_msgs::msg::LaserScan_<std::allocator<void> >::ConstPtr&, const nav_msgs::msg::Odometry_<std::allocator<void> >::ConstPtr&)’:
[22.935s] /home/neha/ros2_ws/src/semnav_migration/src/navigation_semantic.cpp:396:46: error: ‘ros’ has not been declared
[22.935s]   396 |                         double before_time = ros::Time::now().toSec();
[22.935s]       |                                              ^~~
[22.936s] /home/neha/ros2_ws/src/semnav_migration/src/navigation_semantic.cpp:399:40: error: ‘PoseStamped’ is not a member of ‘geometry_msgs’; did you mean ‘geometry_msgs::msg::PoseStamped’?
[22.936s]   399 |                         geometry_msgs::PoseStamped odomPose, mapPose;
[22.936s]       |                                        ^~~~~~~~~~~
[22.936s] In file included from /home/neha/ros2_ws/src/install/object_pose_interface_msgs/include/object_pose_interface_msgs/object_pose_interface_msgs/msg/detail/semantic_map_object__struct.hpp:28,
[22.936s]                  from /home/neha/ros2_ws/src/install/object_pose_interface_msgs/include/object_pose_interface_msgs/object_pose_interface_msgs/msg/detail/semantic_map_object_array__struct.hpp:25,
[22.936s]                  from /home/neha/ros2_ws/src/install/object_pose_interface_msgs/include/object_pose_interface_msgs/object_pose_interface_msgs/msg/semantic_map_object_array.hpp:7,
[22.937s]                  from /home/neha/ros2_ws/src/semnav_migration/src/navigation_semantic.cpp:26:
[22.937s] /opt/ros/jazzy/include/geometry_msgs/geometry_msgs/msg/detail/pose_stamped__struct.hpp:138:7: note: ‘geometry_msgs::msg::PoseStamped’ declared here
[22.937s]   138 | using PoseStamped =
[22.937s]       |       ^~~~~~~~~~~
[22.985s] /home/neha/ros2_ws/src/semnav_migration/src/navigation_semantic.cpp:400:25: error: ‘odomPose’ was not declared in this scope
[22.985s]   400 |                         odomPose.header.stamp = ros::Time(0);
[22.985s]       |                         ^~~~~~~~
[22.985s] /home/neha/ros2_ws/src/semnav_migration/src/navigation_semantic.cpp:400:49: error: ‘ros’ has not been declared
[22.985s]   400 |                         odomPose.header.stamp = ros::Time(0);
[22.986s]       |                                                 ^~~
[23.038s] /home/neha/ros2_ws/src/semnav_migration/src/navigation_semantic.cpp:404:33: error: ‘listener_’ was not declared in this scope
[23.038s]   404 |                                 listener_.waitForTransform(world_frame_id_, odom_frame_id_, ros::Time(0), ros::Duration(1.0));
[23.038s]       |                                 ^~~~~~~~~
[23.041s] /home/neha/ros2_ws/src/semnav_migration/src/navigation_semantic.cpp:404:93: error: ‘ros’ has not been declared
[23.041s]   404 |                                 listener_.waitForTransform(world_frame_id_, odom_frame_id_, ros::Time(0), ros::Duration(1.0));
[23.041s]       |                                                                                             ^~~
[23.041s] /home/neha/ros2_ws/src/semnav_migration/src/navigation_semantic.cpp:404:107: error: ‘ros’ has not been declared
[23.041s]   404 |                                 listener_.waitForTransform(world_frame_id_, odom_frame_id_, ros::Time(0), ros::Duration(1.0));
[23.042s]       |                                                                                                           ^~~
[23.078s] /home/neha/ros2_ws/src/semnav_migration/src/navigation_semantic.cpp:405:84: error: ‘mapPose’ was not declared in this scope
[23.078s]   405 |                                 listener_.transformPose(world_frame_id_, odomPose, mapPose);
[23.078s]       |                                                                                    ^~~~~~~
[23.085s] /home/neha/ros2_ws/src/semnav_migration/src/navigation_semantic.cpp:406:34: error: ‘tf’ does not name a type; did you mean ‘tm’?
[23.085s]   406 |                         } catch (tf::TransformException &ex) {
[23.085s]       |                                  ^~
[23.085s]       |                                  tm
[23.086s] /home/neha/ros2_ws/src/semnav_migration/src/navigation_semantic.cpp:406:57: error: expected unqualified-id before ‘&’ token
[23.086s]   406 |                         } catch (tf::TransformException &ex) {
[23.086s]       |                                                         ^
[23.086s] /home/neha/ros2_ws/src/semnav_migration/src/navigation_semantic.cpp:406:57: error: expected ‘)’ before ‘&’ token
[23.086s] /home/neha/ros2_ws/src/semnav_migration/src/navigation_semantic.cpp:406:33: note: to match this ‘(’
[23.086s]   406 |                         } catch (tf::TransformException &ex) {
[23.086s]       |                                 ^
[23.090s] /home/neha/ros2_ws/src/semnav_migration/src/navigation_semantic.cpp:406:57: error: expected ‘{’ before ‘&’ token
[23.090s]   406 |                         } catch (tf::TransformException &ex) {
[23.090s]       |                                                         ^
[23.120s] /home/neha/ros2_ws/src/semnav_migration/src/navigation_semantic.cpp:406:58: error: ‘ex’ was not declared in this scope; did you mean ‘exp’?
[23.120s]   406 |                         } catch (tf::TransformException &ex) {
[23.121s]       |                                                          ^~
[23.121s]       |                                                          exp
[23.121s] /home/neha/ros2_ws/src/semnav_migration/src/navigation_semantic.cpp:412:25: error: ‘tf’ has not been declared
[23.121s]   412 |                         tf::Quaternion rotation = tf::Quaternion(mapPose.pose.orientation.x,
[23.121s]       |                         ^~
[23.121s] /home/neha/ros2_ws/src/semnav_migration/src/navigation_semantic.cpp:416:25: error: ‘tf’ has not been declared
[23.121s]   416 |                         tf::Matrix3x3 m(rotation);
[23.122s]       |                         ^~
[23.157s] /home/neha/ros2_ws/src/semnav_migration/src/navigation_semantic.cpp:418:25: error: ‘m’ was not declared in this scope; did you mean ‘tm’?
[23.157s]   418 |                         m.getRPY(roll, pitch, yaw);
[23.157s]       |                         ^
[23.157s]       |                         tm
[23.196s] /home/neha/ros2_ws/src/semnav_migration/src/navigation_semantic.cpp:419:51: error: ‘mapPose’ was not declared in this scope
[23.196s]   419 |                         double x_robot_position = mapPose.pose.position.x;
[23.196s]       |                                                   ^~~~~~~
[23.204s] /home/neha/ros2_ws/src/semnav_migration/src/navigation_semantic.cpp:432:42: error: could not convert ‘lidar_data’ from ‘shared_ptr<LaserScan_<[...]>>’ to ‘shared_ptr<LaserScan_<[...]>>’
[23.204s]   432 |                         constructLIDAR2D(lidar_data, CutoffRange_, AllowableRange_, RobotPitch_, &LIDAR);
[23.204s]       |                                          ^~~~~~~~~~
[23.204s]       |                                          |
[23.204s]       |                                          shared_ptr<LaserScan_<[...]>>
[23.224s] /home/neha/ros2_ws/src/semnav_migration/src/navigation_semantic.cpp:562:96: error: invalid operands of types ‘const char [53]’ and ‘double’ to binary ‘operator<<’
[23.224s]   562 |                         ROS_WARN_STREAM("[Navigation] Diffeomorphism jacobian determinant is " << MatrixDeterminant(RobotPositionTransformedD) << ", robot position is " << bg::dsv(RobotPosition_) << " and robot positon in model space is " << bg::dsv(RobotPositionTransformedPoint));
[23.224s]       |                                         ~~~~~~~~~~~~~~~~~~~~~~~~~~~~~~~~~~~~~~~~~~~~~~~~~~~~~~ ^~ ~~~~~~~~~~~~~~~~~~~~~~~~~~~~~~~~~~~~~~~~~~~~
[23.224s]       |                                         |                                                                          |
[23.224s]       |                                         const char [53]                                                            double
[23.404s] /home/neha/ros2_ws/src/semnav_migration/src/navigation_semantic.cpp:562:25: error: ‘ROS_WARN_STREAM’ was not declared in this scope; did you mean ‘RCLCPP_WARN_STREAM’?
[23.404s]   562 |                         ROS_WARN_STREAM("[Navigation] Diffeomorphism jacobian determinant is " << MatrixDeterminant(RobotPositionTransformedD) << ", robot position is " << bg::dsv(RobotPosition_) << " and robot positon in model space is " << bg::dsv(RobotPositionTransformedPoint));
[23.404s]       |                         ^~~~~~~~~~~~~~~
[23.404s]       |                         RCLCPP_WARN_STREAM
[23.405s] /home/neha/ros2_ws/src/semnav_migration/src/navigation_semantic.cpp:591:41: error: ‘ros’ has not been declared
[23.405s]   591 |                                         ros::Duration(5.0).sleep();
[23.405s]       |                                         ^~~
[23.415s] /home/neha/ros2_ws/src/semnav_migration/src/navigation_semantic.cpp:616:75: error: invalid operands of types ‘const char [32]’ and ‘double’ to binary ‘operator<<’
[23.415s]   616 |                         ROS_WARN_STREAM("[Navigation] Linear command is " << LinearCmd << " and angular command is " << AngularCmd);
[23.415s]       |                                         ~~~~~~~~~~~~~~~~~~~~~~~~~~~~~~~~~ ^~ ~~~~~~~~~
[23.415s]       |                                         |                                    |
[23.415s]       |                                         const char [32]                      double
[23.416s] /home/neha/ros2_ws/src/semnav_migration/src/navigation_semantic.cpp:617:76: error: invalid operands of types ‘const char [33]’ and ‘int’ to binary ‘operator<<’
[23.416s]   617 |                         ROS_WARN_STREAM("[Navigation] Command update for " << int(localDiffeoTreeArray.size()) << " polygons in " << ros::Time::now().toSec()-before_time << " seconds.");
[23.416s]       |                                         ~~~~~~~~~~~~~~~~~~~~~~~~~~~~~~~~~~ ^~ ~~~~~~~~~~~~~~~~~~~~~~~~~~~~~~~~
[23.416s]       |                                         |                                     |
[23.416s]       |                                         const char [33]                       int
[23.416s] /home/neha/ros2_ws/src/semnav_migration/src/navigation_semantic.cpp:617:134: error: ‘ros’ has not been declared
[23.416s]   617 |                         ROS_WARN_STREAM("[Navigation] Command update for " << int(localDiffeoTreeArray.size()) << " polygons in " << ros::Time::now().toSec()-before_time << " seconds.");
[23.416s]       |                                                                                                                                      ^~~
[23.423s] /home/neha/ros2_ws/src/semnav_migration/src/navigation_semantic.cpp: In function ‘int main(int, char**)’:
[23.423s] /home/neha/ros2_ws/src/semnav_migration/src/navigation_semantic.cpp:698:9: error: ‘ros’ has not been declared
[23.423s]   698 |         ros::init(argc, argv, "navigation_semantic");
[23.423s]       |         ^~~
[23.423s] /home/neha/ros2_ws/src/semnav_migration/src/navigation_semantic.cpp:701:9: error: ‘ros’ has not been declared
[23.423s]   701 |         ros::NodeHandle nh("~");
[23.424s]       |         ^~~
[23.440s] /home/neha/ros2_ws/src/semnav_migration/src/navigation_semantic.cpp:704:56: error: ‘nh’ was not declared in this scope
[23.440s]   704 |         SemanticNavigationNode semanticNavigationNode(&nh);
[23.440s]       |                                                        ^~
[33.390s] gmake[2]: *** [CMakeFiles/navigation_semantic.dir/build.make:76: CMakeFiles/navigation_semantic.dir/src/navigation_semantic.cpp.o] Error 1
[33.390s] gmake[1]: *** [CMakeFiles/Makefile2:207: CMakeFiles/navigation_semantic.dir/all] Error 2
[33.390s] gmake[1]: *** Waiting for unfinished jobs....
[37.261s] gmake[2]: *** [CMakeFiles/navigation.dir/build.make:76: CMakeFiles/navigation.dir/src/navigation.cpp.o] Error 1
[37.261s] gmake[1]: *** [CMakeFiles/Makefile2:181: CMakeFiles/navigation.dir/all] Error 2
[37.261s] gmake: *** [Makefile:146: all] Error 2
[37.264s] Invoked command in '/home/neha/ros2_ws/src/semnav_migration/build/semnav' returned '2': CMAKE_PREFIX_PATH=${CMAKE_PREFIX_PATH}:/opt/ros/jazzy DEBUGINFOD_URLS=https://debuginfod.ubuntu.com /usr/bin/cmake --build /home/neha/ros2_ws/src/semnav_migration/build/semnav -- -j2 -l2
