[0.029s] Invoking command in '/home/neha/ros2_ws/src/semnav_migration/build/semnav': CMAKE_PREFIX_PATH=${CMAKE_PREFIX_PATH}:/opt/ros/jazzy DEBUGINFOD_URLS=https://debuginfod.ubuntu.com /usr/bin/cmake --build /home/neha/ros2_ws/src/semnav_migration/build/semnav -- -j2 -l2
[0.204s] [ 14%] Built target reactive_planner
[0.367s] [ 19%] Building CXX object CMakeFiles/navigation_semantic.dir/src/navigation_semantic.cpp.o
[0.389s] [ 23%] Building CXX object CMakeFiles/navigation.dir/src/navigation.cpp.o
[28.864s] /home/neha/ros2_ws/src/semnav_migration/src/navigation.cpp:46:13: error: extra qualification ‘NavigationNode::’ on member ‘NavigationNode’ [-fpermissive]
[28.864s]    46 |             NavigationNode::NavigationNode() : rclcpp::Node(std::string("navigation_node")) {
[28.865s]       |             ^~~~~~~~~~~~~~
[28.913s] /home/neha/ros2_ws/src/semnav_migration/src/navigation.cpp: In constructor ‘NavigationNode::NavigationNode()’:
[28.913s] /home/neha/ros2_ws/src/semnav_migration/src/navigation.cpp:46:91: error: no matching function for call to ‘rclcpp::Node::Node()’
[28.913s]    46 |             NavigationNode::NavigationNode() : rclcpp::Node(std::string("navigation_node")) {
[28.913s]       |                                                                                           ^
[28.913s] In file included from /opt/ros/jazzy/include/rclcpp/rclcpp/executors/single_threaded_executor.hpp:28,
[28.913s]                  from /opt/ros/jazzy/include/rclcpp/rclcpp/executors.hpp:22,
[28.914s]                  from /opt/ros/jazzy/include/rclcpp/rclcpp/rclcpp.hpp:172,
[28.914s]                  from /home/neha/ros2_ws/src/semnav_migration/include/reactive_planner_lib.h:32,
[28.914s]                  from /home/neha/ros2_ws/src/semnav_migration/src/navigation.cpp:25:
[28.914s] /opt/ros/jazzy/include/rclcpp/rclcpp/node.hpp:1629:3: note: candidate: ‘rclcpp::Node::Node(const rclcpp::Node&, const std::string&)’
[28.914s]  1629 |   Node(
[28.917s]       |   ^~~~
[28.917s] /opt/ros/jazzy/include/rclcpp/rclcpp/node.hpp:1629:3: note:   candidate expects 2 arguments, 0 provided
[28.917s] /opt/ros/jazzy/include/rclcpp/rclcpp/node.hpp:103:12: note: candidate: ‘rclcpp::Node::Node(const std::string&, const std::string&, const rclcpp::NodeOptions&)’
[28.917s]   103 |   explicit Node(
[28.917s]       |            ^~~~
[28.917s] /opt/ros/jazzy/include/rclcpp/rclcpp/node.hpp:103:12: note:   candidate expects 3 arguments, 0 provided
[28.917s] /opt/ros/jazzy/include/rclcpp/rclcpp/node.hpp:91:12: note: candidate: ‘rclcpp::Node::Node(const std::string&, const rclcpp::NodeOptions&)’
[28.918s]    91 |   explicit Node(
[28.918s]       |            ^~~~
[28.918s] /opt/ros/jazzy/include/rclcpp/rclcpp/node.hpp:91:12: note:   candidate expects 2 arguments, 0 provided
[29.019s] /home/neha/ros2_ws/src/semnav_migration/src/navigation.cpp:143:116: error: no matching function for call to ‘message_filters::Subscriber<sensor_msgs::msg::LaserScan_<std::allocator<void> > >::Subscriber(rclcpp::Node&, std::string&, int)’
[29.019s]   143 |                         message_filters::Subscriber<sensor_msgs::msg::LaserScan> sub_laser(nh_, sub_laser_topic_, 1);
[29.020s]       |                                                                                                                    ^
[29.021s] In file included from /home/neha/ros2_ws/src/semnav_migration/include/reactive_planner_lib.h:44:
[29.022s] /opt/ros/jazzy/include/message_filters/message_filters/subscriber.h:224:3: note: candidate: ‘message_filters::Subscriber<M, NodeType>::Subscriber() [with M = sensor_msgs::msg::LaserScan_<std::allocator<void> >; NodeType = rclcpp::Node]’
[29.022s]   224 |   Subscriber() = default;
[29.022s]       |   ^~~~~~~~~~
[29.025s] /opt/ros/jazzy/include/message_filters/message_filters/subscriber.h:224:3: note:   candidate expects 0 arguments, 3 provided
[29.025s] /opt/ros/jazzy/include/message_filters/message_filters/subscriber.h:212:3: note: candidate: ‘message_filters::Subscriber<M, NodeType>::Subscriber(NodeType*, const std::string&, rmw_qos_profile_t, rclcpp::SubscriptionOptions) [with M = sensor_msgs::msg::LaserScan_<std::allocator<void> >; NodeType = rclcpp::Node; std::string = std::__cxx11::basic_string<char>; rmw_qos_profile_t = rmw_qos_profile_s; rclcpp::SubscriptionOptions = rclcpp::SubscriptionOptionsWithAllocator<std::allocator<void> >]’
[29.025s]   212 |   Subscriber(
[29.025s]       |   ^~~~~~~~~~
[29.025s] /opt/ros/jazzy/include/message_filters/message_filters/subscriber.h:212:3: note:   candidate expects 4 arguments, 3 provided
[29.025s] /opt/ros/jazzy/include/message_filters/message_filters/subscriber.h:203:3: note: candidate: ‘message_filters::Subscriber<M, NodeType>::Subscriber(NodePtr, const std::string&, rmw_qos_profile_t, rclcpp::SubscriptionOptions) [with M = sensor_msgs::msg::LaserScan_<std::allocator<void> >; NodeType = rclcpp::Node; NodePtr = std::shared_ptr<rclcpp::Node>; std::string = std::__cxx11::basic_string<char>; rmw_qos_profile_t = rmw_qos_profile_s; rclcpp::SubscriptionOptions = rclcpp::SubscriptionOptionsWithAllocator<std::allocator<void> >]’
[29.026s]   203 |   Subscriber(
[29.026s]       |   ^~~~~~~~~~
[29.026s] /opt/ros/jazzy/include/message_filters/message_filters/subscriber.h:203:3: note:   candidate expects 4 arguments, 3 provided
[29.026s] /opt/ros/jazzy/include/message_filters/message_filters/subscriber.h:188:3: note: candidate: ‘message_filters::Subscriber<M, NodeType>::Subscriber(NodeType*, const std::string&, rmw_qos_profile_t) [with M = sensor_msgs::msg::LaserScan_<std::allocator<void> >; NodeType = rclcpp::Node; std::string = std::__cxx11::basic_string<char>; rmw_qos_profile_t = rmw_qos_profile_s]’
[29.028s]   188 |   Subscriber(NodeType * node, const std::string& topic, const rmw_qos_profile_t qos = rmw_qos_profile_default)
[29.029s]       |   ^~~~~~~~~~
[29.029s] /opt/ros/jazzy/include/message_filters/message_filters/subscriber.h:188:25: note:   no known conversion for argument 1 from ‘rclcpp::Node’ to ‘rclcpp::Node*’
[29.029s]   188 |   Subscriber(NodeType * node, const std::string& topic, const rmw_qos_profile_t qos = rmw_qos_profile_default)
[29.029s]       |              ~~~~~~~~~~~^~~~
[29.029s] /opt/ros/jazzy/include/message_filters/message_filters/subscriber.h:183:3: note: candidate: ‘message_filters::Subscriber<M, NodeType>::Subscriber(NodePtr, const std::string&, rmw_qos_profile_t) [with M = sensor_msgs::msg::LaserScan_<std::allocator<void> >; NodeType = rclcpp::Node; NodePtr = std::shared_ptr<rclcpp::Node>; std::string = std::__cxx11::basic_string<char>; rmw_qos_profile_t = rmw_qos_profile_s]’
[29.029s]   183 |   Subscriber(NodePtr node, const std::string& topic, const rmw_qos_profile_t qos = rmw_qos_profile_default)
[29.029s]       |   ^~~~~~~~~~
[29.030s] /opt/ros/jazzy/include/message_filters/message_filters/subscriber.h:183:22: note:   no known conversion for argument 1 from ‘rclcpp::Node’ to ‘message_filters::Subscriber<sensor_msgs::msg::LaserScan_<std::allocator<void> > >::NodePtr’ {aka ‘std::shared_ptr<rclcpp::Node>’}
[29.030s]   183 |   Subscriber(NodePtr node, const std::string& topic, const rmw_qos_profile_t qos = rmw_qos_profile_default)
[29.030s]       |              ~~~~~~~~^~~~
[29.093s] /home/neha/ros2_ws/src/semnav_migration/src/navigation.cpp:144:112: error: no matching function for call to ‘message_filters::Subscriber<nav_msgs::msg::Odometry_<std::allocator<void> > >::Subscriber(rclcpp::Node&, std::string&, int)’
[29.093s]   144 |                         message_filters::Subscriber<nav_msgs::msg::Odometry> sub_robot(nh_, sub_robot_topic_, 1);
[29.093s]       |                                                                                                                ^
[29.094s] /opt/ros/jazzy/include/message_filters/message_filters/subscriber.h:224:3: note: candidate: ‘message_filters::Subscriber<M, NodeType>::Subscriber() [with M = nav_msgs::msg::Odometry_<std::allocator<void> >; NodeType = rclcpp::Node]’
[29.094s]   224 |   Subscriber() = default;
[29.094s]       |   ^~~~~~~~~~
[29.094s] /opt/ros/jazzy/include/message_filters/message_filters/subscriber.h:224:3: note:   candidate expects 0 arguments, 3 provided
[29.095s] /opt/ros/jazzy/include/message_filters/message_filters/subscriber.h:212:3: note: candidate: ‘message_filters::Subscriber<M, NodeType>::Subscriber(NodeType*, const std::string&, rmw_qos_profile_t, rclcpp::SubscriptionOptions) [with M = nav_msgs::msg::Odometry_<std::allocator<void> >; NodeType = rclcpp::Node; std::string = std::__cxx11::basic_string<char>; rmw_qos_profile_t = rmw_qos_profile_s; rclcpp::SubscriptionOptions = rclcpp::SubscriptionOptionsWithAllocator<std::allocator<void> >]’
[29.095s]   212 |   Subscriber(
[29.095s]       |   ^~~~~~~~~~
[29.095s] /opt/ros/jazzy/include/message_filters/message_filters/subscriber.h:212:3: note:   candidate expects 4 arguments, 3 provided
[29.097s] /opt/ros/jazzy/include/message_filters/message_filters/subscriber.h:203:3: note: candidate: ‘message_filters::Subscriber<M, NodeType>::Subscriber(NodePtr, const std::string&, rmw_qos_profile_t, rclcpp::SubscriptionOptions) [with M = nav_msgs::msg::Odometry_<std::allocator<void> >; NodeType = rclcpp::Node; NodePtr = std::shared_ptr<rclcpp::Node>; std::string = std::__cxx11::basic_string<char>; rmw_qos_profile_t = rmw_qos_profile_s; rclcpp::SubscriptionOptions = rclcpp::SubscriptionOptionsWithAllocator<std::allocator<void> >]’
[29.098s]   203 |   Subscriber(
[29.098s]       |   ^~~~~~~~~~
[29.098s] /opt/ros/jazzy/include/message_filters/message_filters/subscriber.h:203:3: note:   candidate expects 4 arguments, 3 provided
[29.098s] /opt/ros/jazzy/include/message_filters/message_filters/subscriber.h:188:3: note: candidate: ‘message_filters::Subscriber<M, NodeType>::Subscriber(NodeType*, const std::string&, rmw_qos_profile_t) [with M = nav_msgs::msg::Odometry_<std::allocator<void> >; NodeType = rclcpp::Node; std::string = std::__cxx11::basic_string<char>; rmw_qos_profile_t = rmw_qos_profile_s]’
[29.098s]   188 |   Subscriber(NodeType * node, const std::string& topic, const rmw_qos_profile_t qos = rmw_qos_profile_default)
[29.098s]       |   ^~~~~~~~~~
[29.099s] /opt/ros/jazzy/include/message_filters/message_filters/subscriber.h:188:25: note:   no known conversion for argument 1 from ‘rclcpp::Node’ to ‘rclcpp::Node*’
[29.099s]   188 |   Subscriber(NodeType * node, const std::string& topic, const rmw_qos_profile_t qos = rmw_qos_profile_default)
[29.099s]       |              ~~~~~~~~~~~^~~~
[29.099s] /opt/ros/jazzy/include/message_filters/message_filters/subscriber.h:183:3: note: candidate: ‘message_filters::Subscriber<M, NodeType>::Subscriber(NodePtr, const std::string&, rmw_qos_profile_t) [with M = nav_msgs::msg::Odometry_<std::allocator<void> >; NodeType = rclcpp::Node; NodePtr = std::shared_ptr<rclcpp::Node>; std::string = std::__cxx11::basic_string<char>; rmw_qos_profile_t = rmw_qos_profile_s]’
[29.099s]   183 |   Subscriber(NodePtr node, const std::string& topic, const rmw_qos_profile_t qos = rmw_qos_profile_default)
[29.101s]       |   ^~~~~~~~~~
[29.102s] /opt/ros/jazzy/include/message_filters/message_filters/subscriber.h:183:22: note:   no known conversion for argument 1 from ‘rclcpp::Node’ to ‘message_filters::Subscriber<nav_msgs::msg::Odometry_<std::allocator<void> > >::NodePtr’ {aka ‘std::shared_ptr<rclcpp::Node>’}
[29.102s]   183 |   Subscriber(NodePtr node, const std::string& topic, const rmw_qos_profile_t qos = rmw_qos_profile_default)
[29.102s]       |              ~~~~~~~~^~~~
[29.262s] /home/neha/ros2_ws/src/semnav_migration/src/navigation.cpp:150:55: error: ‘bind’ is not a member of ‘boost’; did you mean ‘find’?
[29.262s]   150 |                         sync->registerCallback(boost::bind(&NavigationNode::control_callback, this, _1, _2));
[29.263s]       |                                                       ^~~~
[29.263s]       |                                                       find
[29.269s] /home/neha/ros2_ws/src/semnav_migration/src/navigation.cpp:150:101: error: ‘_1’ was not declared in this scope
[29.269s]   150 |                         sync->registerCallback(boost::bind(&NavigationNode::control_callback, this, _1, _2));
[29.269s]       |                                                                                                     ^~
[29.270s] /home/neha/ros2_ws/src/semnav_migration/src/navigation.cpp:150:101: note: suggested alternatives:
[29.272s] In file included from /usr/include/boost/mpl/aux_/include_preprocessed.hpp:37,
[29.272s]                  from /usr/include/boost/mpl/placeholders.hpp:43,
[29.272s]                  from /usr/include/boost/iterator/iterator_categories.hpp:16,
[29.274s]                  from /usr/include/boost/iterator/iterator_facade.hpp:13,
[29.275s]                  from /usr/include/boost/range/iterator_range_core.hpp:27,
[29.275s]                  from /usr/include/boost/lexical_cast.hpp:48,
[29.275s]                  from /usr/include/boost/multiprecision/detail/number_base.hpp:29,
[29.275s]                  from /usr/include/boost/multiprecision/traits/is_variable_precision.hpp:9,
[29.275s]                  from /usr/include/boost/multiprecision/detail/precision.hpp:9,
[29.275s]                  from /usr/include/boost/multiprecision/number.hpp:11,
[29.276s]                  from /usr/include/boost/multiprecision/cpp_int.hpp:19,
[29.276s]                  from /usr/include/boost/multiprecision/cpp_bin_float.hpp:15,
[29.278s]                  from /usr/include/boost/geometry/core/coordinate_promotion.hpp:16,
[29.278s]                  from /usr/include/boost/geometry/core/radian_access.hpp:30,
[29.278s]                  from /usr/include/boost/geometry/geometry.hpp:50,
[29.278s]                  from /usr/include/boost/geometry.hpp:17,
[29.279s]                  from /home/neha/ros2_ws/src/semnav_migration/include/reactive_planner_lib.h:26:
[29.280s] /usr/include/boost/mpl/aux_/preprocessed/gcc/placeholders.hpp:29:16: note:   ‘mpl_::_1’
[29.281s]    29 | typedef arg<1> _1;
[29.281s]       |                ^~
[29.281s] In file included from /usr/include/boost/numeric/conversion/converter_policies.hpp:13,
[29.281s]                  from /usr/include/boost/numeric/conversion/converter.hpp:14,
[29.281s]                  from /usr/include/boost/numeric/conversion/cast.hpp:33,
[29.282s]                  from /usr/include/boost/geometry/core/radian_access.hpp:26:
[29.282s] /usr/include/c++/13/functional:294:48: note:   ‘std::placeholders::_1’
[29.282s]   294 |     _GLIBCXX_PLACEHOLDER const _Placeholder<1> _1;
[29.282s]       |                                                ^~
[29.282s] /usr/include/boost/mpl/aux_/preprocessed/gcc/placeholders.hpp:29:16: note:   ‘mpl_::_1’
[29.282s]    29 | typedef arg<1> _1;
[29.282s]       |                ^~
[29.283s] In file included from /usr/include/boost/describe/members.hpp:20,
[29.283s]                  from /usr/include/boost/container_hash/is_described_class.hpp:11,
[29.283s]                  from /usr/include/boost/container_hash/hash.hpp:18,
[29.283s]                  from /usr/include/boost/functional/hash.hpp:6,
[29.287s]                  from /usr/include/CGAL/Kernel/hash_functions.h:16,
[29.287s]                  from /usr/include/CGAL/Kernel/global_functions.h:25,
[29.287s]                  from /usr/include/CGAL/Cartesian/Cartesian_base.h:22,
[29.287s]                  from /usr/include/CGAL/Simple_cartesian.h:20,
[29.287s]                  from /usr/include/CGAL/Exact_predicates_inexact_constructions_kernel.h:20,
[29.288s]                  from /home/neha/ros2_ws/src/semnav_migration/include/polygeom_lib.h:32,
[29.288s]                  from /home/neha/ros2_ws/src/semnav_migration/include/reactive_planner_lib.h:52:
[29.288s] /usr/include/boost/mp11/bind.hpp:45:7: note:   ‘boost::mp11::_1’
[29.288s]    45 | using _1 = mp_arg<0>;
[29.290s]       |       ^~
[29.291s] /usr/include/boost/mpl/aux_/preprocessed/gcc/placeholders.hpp:29:16: note:   ‘mpl_::_1’
[29.292s]    29 | typedef arg<1> _1;
[29.292s]       |                ^~
[29.292s] /home/neha/ros2_ws/src/semnav_migration/src/navigation.cpp:150:105: error: ‘_2’ was not declared in this scope
[29.292s]   150 |                         sync->registerCallback(boost::bind(&NavigationNode::control_callback, this, _1, _2));
[29.294s]       |                                                                                                         ^~
[29.295s] /home/neha/ros2_ws/src/semnav_migration/src/navigation.cpp:150:105: note: suggested alternatives:
[29.295s] /usr/include/boost/mpl/aux_/preprocessed/gcc/placeholders.hpp:42:16: note:   ‘mpl_::_2’
[29.295s]    42 | typedef arg<2> _2;
[29.295s]       |                ^~
[29.295s] /usr/include/c++/13/functional:295:48: note:   ‘std::placeholders::_2’
[29.295s]   295 |     _GLIBCXX_PLACEHOLDER const _Placeholder<2> _2;
[29.295s]       |                                                ^~
[29.296s] /usr/include/boost/mpl/aux_/preprocessed/gcc/placeholders.hpp:42:16: note:   ‘mpl_::_2’
[29.296s]    42 | typedef arg<2> _2;
[29.296s]       |                ^~
[29.296s] /usr/include/boost/mp11/bind.hpp:46:7: note:   ‘boost::mp11::_2’
[29.296s]    46 | using _2 = mp_arg<1>;
[29.298s]       |       ^~
[29.302s] /usr/include/boost/mpl/aux_/preprocessed/gcc/placeholders.hpp:42:16: note:   ‘mpl_::_2’
[29.303s]    42 | typedef arg<2> _2;
[29.303s]       |                ^~
[29.303s] /home/neha/ros2_ws/src/semnav_migration/src/navigation.cpp:153:74: error: no matching function for call to ‘NavigationNode::create_subscription(const char [20], int)’
[29.303s]   153 |             rclcpp::Subscription sub_semantic = this->create_subscription("sub_semantic_topic_", 1);
[29.303s]       |                                                 ~~~~~~~~~~~~~~~~~~~~~~~~~^~~~~~~~~~~~~~~~~~~~~~~~~~
[29.304s] /opt/ros/jazzy/include/rclcpp/rclcpp/node.hpp:221:3: note: candidate: ‘template<class MessageT, class CallbackT, class AllocatorT, class SubscriptionT, class MessageMemoryStrategyT> std::shared_ptr<ROSMessageT> rclcpp::Node::create_subscription(const std::string&, const rclcpp::QoS&, CallbackT&&, const rclcpp::SubscriptionOptionsWithAllocator<AllocatorT>&, typename MessageMemoryStrategyT::SharedPtr)’
[29.304s]   221 |   create_subscription(
[29.304s]       |   ^~~~~~~~~~~~~~~~~~~
[29.304s] /opt/ros/jazzy/include/rclcpp/rclcpp/node.hpp:221:3: note:   template argument deduction/substitution failed:
[29.304s] /home/neha/ros2_ws/src/semnav_migration/src/navigation.cpp:153:74: note:   candidate expects 5 arguments, 2 provided
[29.304s]   153 |             rclcpp::Subscription sub_semantic = this->create_subscription("sub_semantic_topic_", 1);
[29.305s]       |                                                 ~~~~~~~~~~~~~~~~~~~~~~~~~^~~~~~~~~~~~~~~~~~~~~~~~~~
[29.415s] /home/neha/ros2_ws/src/semnav_migration/src/navigation.cpp: In member function ‘void NavigationNode::control_callback(const sensor_msgs::msg::LaserScan_<std::allocator<void> >::ConstPtr&, const nav_msgs::msg::Odometry_<std::allocator<void> >::ConstPtr&)’:
[29.415s] /home/neha/ros2_ws/src/semnav_migration/src/navigation.cpp:405:42: error: could not convert ‘lidar_data’ from ‘shared_ptr<LaserScan_<[...]>>’ to ‘shared_ptr<LaserScan_<[...]>>’
[29.415s]   405 |                         constructLIDAR2D(lidar_data, CutoffRange_, AllowableRange_, RobotPitch_, &LIDAR);
[29.415s]       |                                          ^~~~~~~~~~
[29.419s]       |                                          |
[29.419s]       |                                          shared_ptr<LaserScan_<[...]>>
[29.529s] /home/neha/ros2_ws/src/semnav_migration/src/navigation_semantic.cpp:46:13: error: extra qualification ‘SemanticNavigationNode::’ on member ‘SemanticNavigationNode’ [-fpermissive]
[29.529s]    46 |             SemanticNavigationNode::SemanticNavigationNode() : Node("semantic_navigation_node") {
[29.529s]       |             ^~~~~~~~~~~~~~~~~~~~~~
[29.553s] /home/neha/ros2_ws/src/semnav_migration/src/navigation_semantic.cpp:684:45: error: ‘String’ is not a member of ‘std_msgs::msg’
[29.554s]   684 |         rclcpp::Subscription<std_msgs::msg::String>::SharedPtr sub_semantic;
[29.554s]       |                                             ^~~~~~
[29.556s] /home/neha/ros2_ws/src/semnav_migration/src/navigation_semantic.cpp:684:51: error: template argument 1 is invalid
[29.557s]   684 |         rclcpp::Subscription<std_msgs::msg::String>::SharedPtr sub_semantic;
[29.557s]       |                                                   ^
[29.557s] /home/neha/ros2_ws/src/semnav_migration/src/navigation_semantic.cpp:684:51: error: template argument 3 is invalid
[29.557s] /home/neha/ros2_ws/src/semnav_migration/src/navigation_semantic.cpp:684:51: error: template argument 4 is invalid
[29.557s] /home/neha/ros2_ws/src/semnav_migration/src/navigation_semantic.cpp:684:51: error: template argument 5 is invalid
[29.558s] /home/neha/ros2_ws/src/semnav_migration/src/navigation_semantic.cpp:684:54: error: expected ‘;’ at end of member declaration
[29.558s]   684 |         rclcpp::Subscription<std_msgs::msg::String>::SharedPtr sub_semantic;
[29.558s]       |                                                      ^~~~~~~~~
[29.558s]       |                                                               ;
[29.606s] /home/neha/ros2_ws/src/semnav_migration/src/navigation_semantic.cpp:684:64: error: ‘sub_semantic’ does not name a type
[29.606s]   684 |         rclcpp::Subscription<std_msgs::msg::String>::SharedPtr sub_semantic;
[29.606s]       |                                                                ^~~~~~~~~~~~
[29.613s] /home/neha/ros2_ws/src/semnav_migration/src/navigation_semantic.cpp: In constructor ‘SemanticNavigationNode::SemanticNavigationNode()’:
[29.613s] /home/neha/ros2_ws/src/semnav_migration/src/navigation_semantic.cpp:46:95: error: no matching function for call to ‘rclcpp::Node::Node()’
[29.613s]    46 |             SemanticNavigationNode::SemanticNavigationNode() : Node("semantic_navigation_node") {
[29.613s]       |                                                                                               ^
[29.613s] In file included from /opt/ros/jazzy/include/rclcpp/rclcpp/executors/single_threaded_executor.hpp:28,
[29.614s]                  from /opt/ros/jazzy/include/rclcpp/rclcpp/executors.hpp:22,
[29.614s]                  from /opt/ros/jazzy/include/rclcpp/rclcpp/rclcpp.hpp:172,
[29.614s]                  from /home/neha/ros2_ws/src/semnav_migration/include/reactive_planner_lib.h:32,
[29.614s]                  from /home/neha/ros2_ws/src/semnav_migration/src/navigation_semantic.cpp:25:
[29.614s] /opt/ros/jazzy/include/rclcpp/rclcpp/node.hpp:1629:3: note: candidate: ‘rclcpp::Node::Node(const rclcpp::Node&, const std::string&)’
[29.616s]  1629 |   Node(
[29.617s]       |   ^~~~
[29.617s] /opt/ros/jazzy/include/rclcpp/rclcpp/node.hpp:1629:3: note:   candidate expects 2 arguments, 0 provided
[29.617s] /opt/ros/jazzy/include/rclcpp/rclcpp/node.hpp:103:12: note: candidate: ‘rclcpp::Node::Node(const std::string&, const std::string&, const rclcpp::NodeOptions&)’
[29.618s]   103 |   explicit Node(
[29.618s]       |            ^~~~
[29.618s] /opt/ros/jazzy/include/rclcpp/rclcpp/node.hpp:103:12: note:   candidate expects 3 arguments, 0 provided
[29.618s] /opt/ros/jazzy/include/rclcpp/rclcpp/node.hpp:91:12: note: candidate: ‘rclcpp::Node::Node(const std::string&, const rclcpp::NodeOptions&)’
[29.618s]    91 |   explicit Node(
[29.621s]       |            ^~~~
[29.622s] /opt/ros/jazzy/include/rclcpp/rclcpp/node.hpp:91:12: note:   candidate expects 2 arguments, 0 provided
[30.017s] /home/neha/ros2_ws/src/semnav_migration/src/navigation_semantic.cpp:173:25: error: ‘sub_semantic’ was not declared in this scope; did you mean ‘pub_semantic_map_’?
[30.017s]   173 |                         sub_semantic = this->create_subscription<std_msgs::msg::String>("sub_semantic_topic_", 1);
[30.017s]       |                         ^~~~~~~~~~~~
[30.017s]       |                         pub_semantic_map_
[30.021s] /home/neha/ros2_ws/src/semnav_migration/src/navigation_semantic.cpp:173:81: error: ‘String’ is not a member of ‘std_msgs::msg’
[30.021s]   173 |                         sub_semantic = this->create_subscription<std_msgs::msg::String>("sub_semantic_topic_", 1);
[30.021s]       |                                                                                 ^~~~~~
[30.021s] /home/neha/ros2_ws/src/semnav_migration/src/navigation_semantic.cpp:173:88: error: no matching function for call to ‘SemanticNavigationNode::create_subscription<<expression error> >(const char [20], int)’
[30.021s]   173 |                         sub_semantic = this->create_subscription<std_msgs::msg::String>("sub_semantic_topic_", 1);
[30.022s]       |                                        ~~~~~~~~~~~~~~~~~~~~~~~~~~~~~~~~~~~~~~~~~~~~~~~~^~~~~~~~~~~~~~~~~~~~~~~~~~
[30.022s] /opt/ros/jazzy/include/rclcpp/rclcpp/node.hpp:221:3: note: candidate: ‘template<class MessageT, class CallbackT, class AllocatorT, class SubscriptionT, class MessageMemoryStrategyT> std::shared_ptr<ROSMessageT> rclcpp::Node::create_subscription(const std::string&, const rclcpp::QoS&, CallbackT&&, const rclcpp::SubscriptionOptionsWithAllocator<AllocatorT>&, typename MessageMemoryStrategyT::SharedPtr)’
[30.022s]   221 |   create_subscription(
[30.022s]       |   ^~~~~~~~~~~~~~~~~~~
[30.025s] /opt/ros/jazzy/include/rclcpp/rclcpp/node.hpp:221:3: note:   candidate expects 3 arguments, 2 provided
[30.127s] /home/neha/ros2_ws/src/semnav_migration/src/navigation_semantic.cpp: In member function ‘void SemanticNavigationNode::control_callback(const sensor_msgs::msg::LaserScan_<std::allocator<void> >::ConstPtr&, const nav_msgs::msg::Odometry_<std::allocator<void> >::ConstPtr&)’:
[30.128s] /home/neha/ros2_ws/src/semnav_migration/src/navigation_semantic.cpp:471:42: error: could not convert ‘lidar_data’ from ‘shared_ptr<LaserScan_<[...]>>’ to ‘shared_ptr<LaserScan_<[...]>>’
[30.128s]   471 |                         constructLIDAR2D(lidar_data, CutoffRange_, AllowableRange_, RobotPitch_, &LIDAR);
[30.128s]       |                                          ^~~~~~~~~~
[30.128s]       |                                          |
[30.128s]       |                                          shared_ptr<LaserScan_<[...]>>
[48.196s] gmake[2]: *** [CMakeFiles/navigation.dir/build.make:76: CMakeFiles/navigation.dir/src/navigation.cpp.o] Error 1
[48.197s] gmake[1]: *** [CMakeFiles/Makefile2:181: CMakeFiles/navigation.dir/all] Error 2
[48.198s] gmake[1]: *** Waiting for unfinished jobs....
[48.742s] gmake[2]: *** [CMakeFiles/navigation_semantic.dir/build.make:76: CMakeFiles/navigation_semantic.dir/src/navigation_semantic.cpp.o] Error 1
[48.743s] gmake[1]: *** [CMakeFiles/Makefile2:207: CMakeFiles/navigation_semantic.dir/all] Error 2
[48.743s] gmake: *** [Makefile:146: all] Error 2
[48.745s] Invoked command in '/home/neha/ros2_ws/src/semnav_migration/build/semnav' returned '2': CMAKE_PREFIX_PATH=${CMAKE_PREFIX_PATH}:/opt/ros/jazzy DEBUGINFOD_URLS=https://debuginfod.ubuntu.com /usr/bin/cmake --build /home/neha/ros2_ws/src/semnav_migration/build/semnav -- -j2 -l2
