[0.000000] (-) TimerEvent: {}
[0.000220] (semnav) JobQueued: {'identifier': 'semnav', 'dependencies': OrderedDict()}
[0.003838] (semnav) JobStarted: {'identifier': 'semnav'}
[0.023363] (semnav) JobProgress: {'identifier': 'semnav', 'progress': 'cmake'}
[0.030536] (semnav) JobProgress: {'identifier': 'semnav', 'progress': 'build'}
[0.034584] (semnav) Command: {'cmd': ['/usr/bin/cmake', '--build', '/home/neha/ros2_ws/src/current_semnav_migration/build/semnav', '--', '-j2', '-l2'], 'cwd': '/home/neha/ros2_ws/src/current_semnav_migration/build/semnav', 'env': OrderedDict({'LESSOPEN': '| /usr/bin/lesspipe %s', 'USER': 'neha', 'XDG_SESSION_TYPE': 'wayland', 'SHLVL': '1', 'LD_LIBRARY_PATH': '/home/neha/ros2_ws/src/install/object_pose_interface_msgs/lib:/opt/ros/jazzy/opt/rviz_ogre_vendor/lib:/opt/ros/jazzy/lib/x86_64-linux-gnu:/opt/ros/jazzy/opt/gz_math_vendor/lib:/opt/ros/jazzy/opt/gz_utils_vendor/lib:/opt/ros/jazzy/opt/gz_cmake_vendor/lib:/opt/ros/jazzy/lib', 'HOME': '/home/neha', 'OLDPWD': '/home/neha/ros2_ws/src', 'DESKTOP_SESSION': 'ubuntu', 'ROS_PYTHON_VERSION': '3', 'GNOME_SHELL_SESSION_MODE': 'ubuntu', 'GTK_MODULES': 'gail:atk-bridge', 'SYSTEMD_EXEC_PID': '2002', 'GSM_SKIP_SSH_AGENT_WORKAROUND': 'true', 'DBUS_SESSION_BUS_ADDRESS': 'unix:path=/run/user/1000/bus', 'COLORTERM': 'truecolor', 'DEBUGINFOD_URLS': 'https://debuginfod.ubuntu.com', 'IM_CONFIG_PHASE': '1', 'WAYLAND_DISPLAY': 'wayland-0', 'COLCON_PREFIX_PATH': '/home/neha/ros2_ws/src/install:/home/neha/ros2_ws/src/semnav_migration/install:/home/neha/ros2_ws/src/current_semnav_migration/install', 'ROS_DISTRO': 'jazzy', 'LOGNAME': 'neha', '_': '/usr/bin/colcon', 'ROS_VERSION': '2', 'MEMORY_PRESSURE_WATCH': '/sys/fs/cgroup/user.slice/user-1000.slice/user@1000.service/session.slice/org.gnome.Shell@wayland.service/memory.pressure', 'XDG_SESSION_CLASS': 'user', 'USERNAME': 'neha', 'TERM': 'xterm-256color', 'GNOME_DESKTOP_SESSION_ID': 'this-is-deprecated', 'PATH': '/opt/ros/jazzy/bin:/usr/local/sbin:/usr/local/bin:/usr/sbin:/usr/bin:/sbin:/bin:/usr/games:/usr/local/games:/snap/bin:/snap/bin', 'SESSION_MANAGER': 'local/neha-Inspiron-3580:@/tmp/.ICE-unix/1976,unix/neha-Inspiron-3580:/tmp/.ICE-unix/1976', 'XDG_MENU_PREFIX': 'gnome-', 'GNOME_TERMINAL_SCREEN': '/org/gnome/Terminal/screen/4fd9789f_ac4a_4cb4_82ed_6a1148c02857', 'GNOME_SETUP_DISPLAY': ':1', 'XDG_RUNTIME_DIR': '/run/user/1000', 'DISPLAY': ':0', 'LANG': 'en_US.UTF-8', 'XDG_CURRENT_DESKTOP': 'ubuntu:GNOME', 'XMODIFIERS': '@im=ibus', 'XDG_SESSION_DESKTOP': 'ubuntu', 'XAUTHORITY': '/run/user/1000/.mutter-Xwaylandauth.MQJZQ2', 'LS_COLORS': 'rs=0:di=01;34:ln=01;36:mh=00:pi=40;33:so=01;35:do=01;35:bd=40;33;01:cd=40;33;01:or=40;31;01:mi=00:su=37;41:sg=30;43:ca=00:tw=30;42:ow=34;42:st=37;44:ex=01;32:*.tar=01;31:*.tgz=01;31:*.arc=01;31:*.arj=01;31:*.taz=01;31:*.lha=01;31:*.lz4=01;31:*.lzh=01;31:*.lzma=01;31:*.tlz=01;31:*.txz=01;31:*.tzo=01;31:*.t7z=01;31:*.zip=01;31:*.z=01;31:*.dz=01;31:*.gz=01;31:*.lrz=01;31:*.lz=01;31:*.lzo=01;31:*.xz=01;31:*.zst=01;31:*.tzst=01;31:*.bz2=01;31:*.bz=01;31:*.tbz=01;31:*.tbz2=01;31:*.tz=01;31:*.deb=01;31:*.rpm=01;31:*.jar=01;31:*.war=01;31:*.ear=01;31:*.sar=01;31:*.rar=01;31:*.alz=01;31:*.ace=01;31:*.zoo=01;31:*.cpio=01;31:*.7z=01;31:*.rz=01;31:*.cab=01;31:*.wim=01;31:*.swm=01;31:*.dwm=01;31:*.esd=01;31:*.avif=01;35:*.jpg=01;35:*.jpeg=01;35:*.mjpg=01;35:*.mjpeg=01;35:*.gif=01;35:*.bmp=01;35:*.pbm=01;35:*.pgm=01;35:*.ppm=01;35:*.tga=01;35:*.xbm=01;35:*.xpm=01;35:*.tif=01;35:*.tiff=01;35:*.png=01;35:*.svg=01;35:*.svgz=01;35:*.mng=01;35:*.pcx=01;35:*.mov=01;35:*.mpg=01;35:*.mpeg=01;35:*.m2v=01;35:*.mkv=01;35:*.webm=01;35:*.webp=01;35:*.ogm=01;35:*.mp4=01;35:*.m4v=01;35:*.mp4v=01;35:*.vob=01;35:*.qt=01;35:*.nuv=01;35:*.wmv=01;35:*.asf=01;35:*.rm=01;35:*.rmvb=01;35:*.flc=01;35:*.avi=01;35:*.fli=01;35:*.flv=01;35:*.gl=01;35:*.dl=01;35:*.xcf=01;35:*.xwd=01;35:*.yuv=01;35:*.cgm=01;35:*.emf=01;35:*.ogv=01;35:*.ogx=01;35:*.aac=00;36:*.au=00;36:*.flac=00;36:*.m4a=00;36:*.mid=00;36:*.midi=00;36:*.mka=00;36:*.mp3=00;36:*.mpc=00;36:*.ogg=00;36:*.ra=00;36:*.wav=00;36:*.oga=00;36:*.opus=00;36:*.spx=00;36:*.xspf=00;36:*~=00;90:*#=00;90:*.bak=00;90:*.crdownload=00;90:*.dpkg-dist=00;90:*.dpkg-new=00;90:*.dpkg-old=00;90:*.dpkg-tmp=00;90:*.old=00;90:*.orig=00;90:*.part=00;90:*.rej=00;90:*.rpmnew=00;90:*.rpmorig=00;90:*.rpmsave=00;90:*.swp=00;90:*.tmp=00;90:*.ucf-dist=00;90:*.ucf-new=00;90:*.ucf-old=00;90:', 'GNOME_TERMINAL_SERVICE': ':1.95', 'SSH_AUTH_SOCK': '/run/user/1000/keyring/ssh', 'AMENT_PREFIX_PATH': '/home/neha/ros2_ws/src/install/test_pkg:/home/neha/ros2_ws/src/install/object_pose_interface_msgs:/opt/ros/jazzy', 'SHELL': '/bin/bash', 'QT_ACCESSIBILITY': '1', 'GDMSESSION': 'ubuntu', 'LESSCLOSE': '/usr/bin/lesspipe %s %s', 'ROS_AUTOMATIC_DISCOVERY_RANGE': 'SUBNET', 'QT_IM_MODULE': 'ibus', 'PWD': '/home/neha/ros2_ws/src/current_semnav_migration/build/semnav', 'XDG_CONFIG_DIRS': '/etc/xdg/xdg-ubuntu:/etc/xdg', 'XDG_DATA_DIRS': '/usr/share/ubuntu:/usr/share/gnome:/usr/local/share/:/usr/share/:/var/lib/snapd/desktop', 'PYTHONPATH': '/home/neha/ros2_ws/src/install/object_pose_interface_msgs/lib/python3.12/site-packages:/opt/ros/jazzy/lib/python3.12/site-packages', 'COLCON': '1', 'MEMORY_PRESSURE_WRITE': 'c29tZSAyMDAwMDAgMjAwMDAwMAA=', 'VTE_VERSION': '7600', 'CMAKE_PREFIX_PATH': '/home/neha/ros2_ws/src/install/test_pkg:/home/neha/ros2_ws/src/install/object_pose_interface_msgs:/opt/ros/jazzy/opt/gz_math_vendor:/opt/ros/jazzy/opt/gz_utils_vendor:/opt/ros/jazzy/opt/gz_cmake_vendor:/opt/ros/jazzy'}), 'shell': False}
[0.091986] (semnav) StdoutLine: {'line': b'-- Found ament_cmake: 2.5.0 (/opt/ros/jazzy/share/ament_cmake/cmake)\n'}
[0.099567] (-) TimerEvent: {}
[0.199951] (-) TimerEvent: {}
[0.300323] (-) TimerEvent: {}
[0.400702] (-) TimerEvent: {}
[0.501058] (-) TimerEvent: {}
[0.533216] (semnav) StdoutLine: {'line': b'-- Found rclcpp: 28.1.2 (/opt/ros/jazzy/share/rclcpp/cmake)\n'}
[0.587022] (semnav) StdoutLine: {'line': b'-- Found rosidl_generator_c: 4.6.2 (/opt/ros/jazzy/share/rosidl_generator_c/cmake)\n'}
[0.601223] (-) TimerEvent: {}
[0.608086] (semnav) StdoutLine: {'line': b'-- Found rosidl_generator_cpp: 4.6.2 (/opt/ros/jazzy/share/rosidl_generator_cpp/cmake)\n'}
[0.634785] (semnav) StdoutLine: {'line': b'-- Using all available rosidl_typesupport_c: rosidl_typesupport_fastrtps_c;rosidl_typesupport_introspection_c\n'}
[0.664239] (semnav) StdoutLine: {'line': b'-- Using all available rosidl_typesupport_cpp: rosidl_typesupport_fastrtps_cpp;rosidl_typesupport_introspection_cpp\n'}
[0.701394] (-) TimerEvent: {}
[0.801782] (-) TimerEvent: {}
[0.807264] (semnav) StdoutLine: {'line': b'-- Found rmw_implementation_cmake: 7.3.1 (/opt/ros/jazzy/share/rmw_implementation_cmake/cmake)\n'}
[0.811026] (semnav) StdoutLine: {'line': b'-- Found rmw_fastrtps_cpp: 8.4.0 (/opt/ros/jazzy/share/rmw_fastrtps_cpp/cmake)\n'}
[0.901914] (-) TimerEvent: {}
[0.943504] (semnav) StdoutLine: {'line': b"-- Using RMW implementation 'rmw_fastrtps_cpp' as default\n"}
[1.002073] (-) TimerEvent: {}
[1.088341] (semnav) StdoutLine: {'line': b'-- Found sensor_msgs: 5.3.5 (/opt/ros/jazzy/share/sensor_msgs/cmake)\n'}
[1.102243] (-) TimerEvent: {}
[1.202622] (-) TimerEvent: {}
[1.219696] (semnav) StdoutLine: {'line': b'-- Found nav_msgs: 5.3.5 (/opt/ros/jazzy/share/nav_msgs/cmake)\n'}
[1.280016] (semnav) StdoutLine: {'line': b'-- Found tf2: 0.36.4 (/opt/ros/jazzy/share/tf2/cmake)\n'}
[1.288774] (semnav) StdoutLine: {'line': b'-- Found example_interfaces: 0.12.0 (/opt/ros/jazzy/share/example_interfaces/cmake)\n'}
[1.302795] (-) TimerEvent: {}
[1.403192] (-) TimerEvent: {}
[1.420822] (semnav) StdoutLine: {'line': b'-- Found tf2_geometry_msgs: 0.36.4 (/opt/ros/jazzy/share/tf2_geometry_msgs/cmake)\n'}
[1.428504] (semnav) StdoutLine: {'line': b'-- Found eigen3_cmake_module: 0.3.0 (/opt/ros/jazzy/share/eigen3_cmake_module/cmake)\n'}
[1.433262] (semnav) StdoutLine: {'line': b'-- Ensuring Eigen3 include directory is part of orocos-kdl CMake target\n'}
[1.503368] (-) TimerEvent: {}
[1.603752] (-) TimerEvent: {}
[1.626868] (semnav) StdoutLine: {'line': b'-- Found object_pose_interface_msgs: 0.0.0 (/home/neha/ros2_ws/src/install/object_pose_interface_msgs/share/object_pose_interface_msgs/cmake)\n'}
[1.688546] (semnav) StdoutLine: {'line': b'-- Found Boost: /usr/lib/x86_64-linux-gnu/cmake/Boost-1.83.0/BoostConfig.cmake (found version "1.83.0") found components: system \n'}
[1.696391] (semnav) StdoutLine: {'line': b'-- Using header-only CGAL\n'}
[1.699131] (semnav) StdoutLine: {'line': b'-- Targeting Unix Makefiles\n'}
[1.699410] (semnav) StdoutLine: {'line': b'-- Using /usr/bin/c++ compiler.\n'}
[1.703858] (-) TimerEvent: {}
[1.715670] (semnav) StdoutLine: {'line': b'-- Found Boost: /usr/lib/x86_64-linux-gnu/cmake/Boost-1.83.0/BoostConfig.cmake (found suitable version "1.83.0", minimum required is "1.66")  \n'}
[1.716755] (semnav) StdoutLine: {'line': b'-- Boost include dirs: /usr/include\n'}
[1.717016] (semnav) StdoutLine: {'line': b'-- Boost libraries:    \n'}
[1.721297] (semnav) StdoutLine: {'line': b'-- Using gcc version 4 or later. Adding -frounding-math\n'}
[1.804021] (-) TimerEvent: {}
[1.904620] (-) TimerEvent: {}
[2.004988] (-) TimerEvent: {}
[2.105508] (-) TimerEvent: {}
[2.207958] (-) TimerEvent: {}
[2.310416] (-) TimerEvent: {}
[2.410826] (-) TimerEvent: {}
[2.512936] (-) TimerEvent: {}
[2.616513] (-) TimerEvent: {}
[2.716960] (-) TimerEvent: {}
[2.817399] (-) TimerEvent: {}
[2.919908] (-) TimerEvent: {}
[3.020355] (-) TimerEvent: {}
[3.120805] (-) TimerEvent: {}
[3.157694] (semnav) StderrLine: {'line': b'\x1b[33mCMake Warning at /usr/lib/x86_64-linux-gnu/cmake/CGAL/CGAL_enable_end_of_configuration_hook.cmake:93 (message):\n'}
[3.158008] (semnav) StderrLine: {'line': b'  =======================================================================\n'}
[3.158186] (semnav) StderrLine: {'line': b'\n'}
[3.158333] (semnav) StderrLine: {'line': b'  CGAL performance notice:\n'}
[3.158472] (semnav) StderrLine: {'line': b'\n'}
[3.158607] (semnav) StderrLine: {'line': b'  The variable CMAKE_BUILD_TYPE is set to "".  For performance reasons, you\n'}
[3.158778] (semnav) StderrLine: {'line': b'  should set CMAKE_BUILD_TYPE to "Release".\n'}
[3.158913] (semnav) StderrLine: {'line': b'\n'}
[3.159045] (semnav) StderrLine: {'line': b'  Set CGAL_DO_NOT_WARN_ABOUT_CMAKE_BUILD_TYPE to TRUE if you want to disable\n'}
[3.159178] (semnav) StderrLine: {'line': b'  this warning.\n'}
[3.160020] (semnav) StderrLine: {'line': b'\n'}
[3.160171] (semnav) StderrLine: {'line': b'  =======================================================================\n'}
[3.160302] (semnav) StderrLine: {'line': b'Call Stack (most recent call first):\n'}
[3.161294] (semnav) StderrLine: {'line': b'  /usr/lib/x86_64-linux-gnu/cmake/CGAL/CGAL_enable_end_of_configuration_hook.cmake:163 (CGAL_hook_check_CMAKE_BUILD_TYPE)\n'}
[3.161467] (semnav) StderrLine: {'line': b'  CMakeLists.txt:DEFERRED\n'}
[3.161778] (semnav) StderrLine: {'line': b'\n'}
[3.161919] (semnav) StderrLine: {'line': b'\x1b[0m\n'}
[3.162047] (semnav) StdoutLine: {'line': b'-- Configuring done (3.1s)\n'}
[3.220914] (-) TimerEvent: {}
[3.322877] (-) TimerEvent: {}
[3.423285] (-) TimerEvent: {}
[3.523660] (-) TimerEvent: {}
[3.625885] (-) TimerEvent: {}
[3.726255] (-) TimerEvent: {}
[3.826631] (-) TimerEvent: {}
[3.928938] (-) TimerEvent: {}
[4.029310] (-) TimerEvent: {}
[4.131875] (-) TimerEvent: {}
[4.232265] (-) TimerEvent: {}
[4.332648] (-) TimerEvent: {}
[4.432992] (-) TimerEvent: {}
[4.533385] (-) TimerEvent: {}
[4.633771] (-) TimerEvent: {}
[4.734157] (-) TimerEvent: {}
[4.834650] (-) TimerEvent: {}
[4.936751] (-) TimerEvent: {}
[5.037083] (-) TimerEvent: {}
[5.139565] (-) TimerEvent: {}
[5.146036] (semnav) StdoutLine: {'line': b'-- Generating done (1.5s)\n'}
[5.154557] (semnav) StdoutLine: {'line': b'-- Build files have been written to: /home/neha/ros2_ws/src/current_semnav_migration/build/semnav\n'}
[5.239695] (-) TimerEvent: {}
[5.329739] (semnav) StdoutLine: {'line': b'[  4%] \x1b[32mBuilding CXX object CMakeFiles/reactive_planner.dir/src/libraries/reactive_planner_lib.cpp.o\x1b[0m\n'}
[5.339836] (-) TimerEvent: {}
[5.441885] (-) TimerEvent: {}
[5.542265] (-) TimerEvent: {}
[5.642638] (-) TimerEvent: {}
[5.744918] (-) TimerEvent: {}
[5.845246] (-) TimerEvent: {}
[5.945665] (-) TimerEvent: {}
[6.047284] (-) TimerEvent: {}
[6.147708] (-) TimerEvent: {}
[6.248026] (-) TimerEvent: {}
[6.348422] (-) TimerEvent: {}
[6.448832] (-) TimerEvent: {}
[6.549274] (-) TimerEvent: {}
[6.649636] (-) TimerEvent: {}
[6.749979] (-) TimerEvent: {}
[6.850412] (-) TimerEvent: {}
[6.951023] (-) TimerEvent: {}
[7.053931] (-) TimerEvent: {}
[7.154285] (-) TimerEvent: {}
[7.254629] (-) TimerEvent: {}
[7.356958] (-) TimerEvent: {}
[7.458935] (-) TimerEvent: {}
[7.559308] (-) TimerEvent: {}
[7.659728] (-) TimerEvent: {}
[7.760107] (-) TimerEvent: {}
[7.860494] (-) TimerEvent: {}
[7.960800] (-) TimerEvent: {}
[8.061188] (-) TimerEvent: {}
[8.161587] (-) TimerEvent: {}
[8.261933] (-) TimerEvent: {}
[8.362319] (-) TimerEvent: {}
[8.462706] (-) TimerEvent: {}
[8.563089] (-) TimerEvent: {}
[8.663457] (-) TimerEvent: {}
[8.763800] (-) TimerEvent: {}
[8.865879] (-) TimerEvent: {}
[8.966308] (-) TimerEvent: {}
[9.068906] (-) TimerEvent: {}
[9.169257] (-) TimerEvent: {}
[9.269776] (-) TimerEvent: {}
[9.370180] (-) TimerEvent: {}
[9.470510] (-) TimerEvent: {}
[9.486775] (semnav) StderrLine: {'line': b'In file included from \x1b[01m\x1b[K/home/neha/ros2_ws/src/current_semnav_migration/src/libraries/reactive_planner_lib.cpp:25\x1b[m\x1b[K:\n'}
[9.487061] (semnav) StderrLine: {'line': b'\x1b[01m\x1b[K/home/neha/ros2_ws/src/current_semnav_migration/include/reactive_planner_lib.h:43:10:\x1b[m\x1b[K \x1b[01;31m\x1b[Kfatal error: \x1b[m\x1b[Ktf2_geometry_msgs/tf2_geometry_msgs.h: No such file or directory\n'}
[9.487220] (semnav) StderrLine: {'line': b'   43 | #include \x1b[01;31m\x1b[K<tf2_geometry_msgs/tf2_geometry_msgs.h>\x1b[m\x1b[K\n'}
[9.488843] (semnav) StderrLine: {'line': b'      |          \x1b[01;31m\x1b[K^~~~~~~~~~~~~~~~~~~~~~~~~~~~~~~~~~~~~~~\x1b[m\x1b[K\n'}
[9.489176] (semnav) StderrLine: {'line': b'compilation terminated.\n'}
[9.527198] (semnav) StderrLine: {'line': b'gmake[2]: *** [CMakeFiles/reactive_planner.dir/build.make:90: CMakeFiles/reactive_planner.dir/src/libraries/reactive_planner_lib.cpp.o] Error 1\n'}
[9.527764] (semnav) StderrLine: {'line': b'gmake[1]: *** [CMakeFiles/Makefile2:155: CMakeFiles/reactive_planner.dir/all] Error 2\n'}
[9.528450] (semnav) StderrLine: {'line': b'gmake: *** [Makefile:146: all] Error 2\n'}
[9.532584] (semnav) CommandEnded: {'returncode': 2}
[9.570612] (-) TimerEvent: {}
[9.647705] (semnav) JobEnded: {'identifier': 'semnav', 'rc': 2}
[9.659735] (-) EventReactorShutdown: {}
