In file included from [01m[K/home/neha/ros2_ws/src/semnav_migration/src/libraries/reactive_planner_lib.cpp:25[m[K:
[01m[K/home/neha/ros2_ws/src/semnav_migration/include/reactive_planner_lib.h:49:10:[m[K [01;31m[Kfatal error: [m[Kduration.hpp: No such file or directory
   49 | #include [01;31m[K<duration.hpp>[m[K
      |          [01;31m[K^~~~~~~~~~~~~~[m[K
compilation terminated.
gmake[2]: *** [CMakeFiles/reactive_planner.dir/build.make:90: CMakeFiles/reactive_planner.dir/src/libraries/reactive_planner_lib.cpp.o] Error 1
gmake[1]: *** [CMakeFiles/Makefile2:155: CMakeFiles/reactive_planner.dir/all] Error 2
gmake: *** [Makefile:146: all] Error 2
