[0.057s] Invoking command in '/home/neha/ros2_ws/src/semnav_migration/build/semnav': CMAKE_PREFIX_PATH=${CMAKE_PREFIX_PATH}:/opt/ros/jazzy DEBUGINFOD_URLS=https://debuginfod.ubuntu.com /usr/bin/cmake --build /home/neha/ros2_ws/src/semnav_migration/build/semnav -- -j2 -l2
[0.355s] [  4%] [32mBuilding CXX object CMakeFiles/reactive_planner.dir/src/libraries/reactive_planner_lib.cpp.o[0m
[5.090s] In file included from [01m[K/home/neha/ros2_ws/src/semnav_migration/src/libraries/reactive_planner_lib.cpp:25[m[K:
[5.090s] [01m[K/home/neha/ros2_ws/src/semnav_migration/include/reactive_planner_lib.h:49:10:[m[K [01;31m[Kfatal error: [m[Kduration.hpp: No such file or directory
[5.090s]    49 | #include [01;31m[K<duration.hpp>[m[K
[5.090s]       |          [01;31m[K^~~~~~~~~~~~~~[m[K
[5.090s] compilation terminated.
[5.132s] gmake[2]: *** [CMakeFiles/reactive_planner.dir/build.make:90: CMakeFiles/reactive_planner.dir/src/libraries/reactive_planner_lib.cpp.o] Error 1
[5.134s] gmake[1]: *** [CMakeFiles/Makefile2:155: CMakeFiles/reactive_planner.dir/all] Error 2
[5.137s] gmake: *** [Makefile:146: all] Error 2
[5.138s] Invoked command in '/home/neha/ros2_ws/src/semnav_migration/build/semnav' returned '2': CMAKE_PREFIX_PATH=${CMAKE_PREFIX_PATH}:/opt/ros/jazzy DEBUGINFOD_URLS=https://debuginfod.ubuntu.com /usr/bin/cmake --build /home/neha/ros2_ws/src/semnav_migration/build/semnav -- -j2 -l2
