[0.026s] Invoking command in '/home/neha/ros2_ws/src/semnav_migration/build/semnav': CMAKE_PREFIX_PATH=${CMAKE_PREFIX_PATH}:/opt/ros/jazzy DEBUGINFOD_URLS=https://debuginfod.ubuntu.com /usr/bin/cmake --build /home/neha/ros2_ws/src/semnav_migration/build/semnav -- -j2 -l2
[0.193s] [ 14%] Built target reactive_planner
[0.303s] [ 19%] Building CXX object CMakeFiles/navigation.dir/src/navigation.cpp.o
[0.306s] [ 23%] Building CXX object CMakeFiles/navigation_semantic.dir/src/navigation_semantic.cpp.o
[6.391s] /home/neha/ros2_ws/src/semnav_migration/src/navigation.cpp:27:10: fatal error: object_pose_interface_msgs/msg/UInt32.hpp: No such file or directory
[6.391s]    27 | #include <object_pose_interface_msgs/msg/UInt32.hpp>
[6.391s]       |          ^~~~~~~~~~~~~~~~~~~~~~~~~~~~~~~~~~~~~~~~~~~
[6.393s] compilation terminated.
[6.444s] gmake[2]: *** [CMakeFiles/navigation.dir/build.make:76: CMakeFiles/navigation.dir/src/navigation.cpp.o] Error 1
[6.444s] gmake[1]: *** [CMakeFiles/Makefile2:181: CMakeFiles/navigation.dir/all] Error 2
[6.444s] gmake[1]: *** Waiting for unfinished jobs....
[20.823s] /home/neha/ros2_ws/src/semnav_migration/src/navigation_semantic.cpp:624:17: error: ‘ros’ does not name a type
[20.823s]   624 |                 ros::NodeHandle nh_;
[20.824s]       |                 ^~~
[20.829s] /home/neha/ros2_ws/src/semnav_migration/src/navigation_semantic.cpp:641:17: error: ‘ros’ does not name a type
[20.829s]   641 |                 ros::Publisher pub_behaviorID_;
[20.830s]       |                 ^~~
[20.835s] /home/neha/ros2_ws/src/semnav_migration/src/navigation_semantic.cpp:642:17: error: ‘ros’ does not name a type
[20.835s]   642 |                 ros::Publisher pub_behaviorMode_;
[20.836s]       |                 ^~~
[20.841s] /home/neha/ros2_ws/src/semnav_migration/src/navigation_semantic.cpp:643:17: error: ‘ros’ does not name a type
[20.841s]   643 |                 ros::Publisher pub_twist_;
[20.841s]       |                 ^~~
[20.847s] /home/neha/ros2_ws/src/semnav_migration/src/navigation_semantic.cpp:645:17: error: ‘ros’ does not name a type
[20.847s]   645 |                 ros::Publisher pub_semantic_map_;
[20.848s]       |                 ^~~
[20.862s] /home/neha/ros2_ws/src/semnav_migration/src/navigation_semantic.cpp:691:17: error: ‘tf’ does not name a type; did you mean ‘tm’?
[20.862s]   691 |                 tf::TransformListener listener_;
[20.862s]       |                 ^~
[20.862s]       |                 tm
[20.971s] /home/neha/ros2_ws/src/semnav_migration/src/navigation_semantic.cpp: In constructor ‘SemanticNavigationNode::SemanticNavigationNode()’:
[20.971s] /home/neha/ros2_ws/src/semnav_migration/src/navigation_semantic.cpp:137:25: error: ‘pub_behaviorID_’ was not declared in this scope; did you mean ‘pub_behaviorID_topic_’?
[20.971s]   137 |                         pub_behaviorID_ = nh_.advertise<std_msgs::UInt32>(pub_behaviorID_topic_, 1, true);
[20.971s]       |                         ^~~~~~~~~~~~~~~
[20.971s]       |                         pub_behaviorID_topic_
[20.999s] /home/neha/ros2_ws/src/semnav_migration/src/navigation_semantic.cpp:137:43: error: ‘nh_’ was not declared in this scope
[21.000s]   137 |                         pub_behaviorID_ = nh_.advertise<std_msgs::UInt32>(pub_behaviorID_topic_, 1, true);
[21.000s]       |                                           ^~~
[21.003s] /home/neha/ros2_ws/src/semnav_migration/src/navigation_semantic.cpp:137:67: error: ‘UInt32’ is not a member of ‘std_msgs’
[21.003s]   137 |                         pub_behaviorID_ = nh_.advertise<std_msgs::UInt32>(pub_behaviorID_topic_, 1, true);
[21.003s]       |                                                                   ^~~~~~
[21.094s] /home/neha/ros2_ws/src/semnav_migration/src/navigation_semantic.cpp:138:25: error: ‘pub_behaviorMode_’ was not declared in this scope; did you mean ‘pub_behaviorMode_topic_’?
[21.094s]   138 |                         pub_behaviorMode_ = nh_.advertise<std_msgs::UInt32>(pub_behaviorMode_topic_, 1, true);
[21.094s]       |                         ^~~~~~~~~~~~~~~~~
[21.095s]       |                         pub_behaviorMode_topic_
[21.098s] /home/neha/ros2_ws/src/semnav_migration/src/navigation_semantic.cpp:138:69: error: ‘UInt32’ is not a member of ‘std_msgs’
[21.098s]   138 |                         pub_behaviorMode_ = nh_.advertise<std_msgs::UInt32>(pub_behaviorMode_topic_, 1, true);
[21.098s]       |                                                                     ^~~~~~
[21.144s] /home/neha/ros2_ws/src/semnav_migration/src/navigation_semantic.cpp:139:25: error: ‘pub_twist_’ was not declared in this scope; did you mean ‘publish_twist’?
[21.144s]   139 |                         pub_twist_ = nh_.advertise<geometry_msgs::msg::Twist>(pub_twist_topic_, 1, true);
[21.144s]       |                         ^~~~~~~~~~
[21.145s]       |                         publish_twist
[21.145s] /home/neha/ros2_ws/src/semnav_migration/src/navigation_semantic.cpp:139:77: error: expected primary-expression before ‘>’ token
[21.145s]   139 |                         pub_twist_ = nh_.advertise<geometry_msgs::msg::Twist>(pub_twist_topic_, 1, true);
[21.145s]       |                                                                             ^
[21.145s] /home/neha/ros2_ws/src/semnav_migration/src/navigation_semantic.cpp:142:42: error: ‘message_filters::msg’ has not been declared
[21.145s]   142 |                         message_filters::msg::Subscriber<sensor_msgs::LaserScan> sub_laser(nh_, sub_laser_topic_, 1);
[21.145s]       |                                          ^~~
[21.148s] /home/neha/ros2_ws/src/semnav_migration/src/navigation_semantic.cpp:142:71: error: ‘LaserScan’ is not a member of ‘sensor_msgs’; did you mean ‘sensor_msgs::msg::LaserScan’?
[21.148s]   142 |                         message_filters::msg::Subscriber<sensor_msgs::LaserScan> sub_laser(nh_, sub_laser_topic_, 1);
[21.148s]       |                                                                       ^~~~~~~~~
[21.148s] In file included from /opt/ros/jazzy/include/sensor_msgs/sensor_msgs/msg/laser_scan.hpp:7,
[21.149s]                  from /home/neha/ros2_ws/src/semnav_migration/include/reactive_planner_lib.h:46,
[21.149s]                  from /home/neha/ros2_ws/src/semnav_migration/src/navigation_semantic.cpp:25:
[21.149s] /opt/ros/jazzy/include/sensor_msgs/sensor_msgs/msg/detail/laser_scan__struct.hpp:250:7: note: ‘sensor_msgs::msg::LaserScan’ declared here
[21.149s]   250 | using LaserScan =
[21.149s]       |       ^~~~~~~~~
[21.195s] /home/neha/ros2_ws/src/semnav_migration/src/navigation_semantic.cpp:142:82: error: ‘sub_laser’ was not declared in this scope
[21.195s]   142 |                         message_filters::msg::Subscriber<sensor_msgs::LaserScan> sub_laser(nh_, sub_laser_topic_, 1);
[21.195s]       |                                                                                  ^~~~~~~~~
[21.262s] /home/neha/ros2_ws/src/semnav_migration/src/navigation_semantic.cpp:144:94: error: ‘LaserScan’ is not a member of ‘sensor_msgs’; did you mean ‘sensor_msgs::msg::LaserScan’?
[21.263s]   144 |                         typedef message_filters::sync_policies::ApproximateTime<sensor_msgs::LaserScan,nav_msgs::msg::Odometry> SyncPolicy;
[21.263s]       |                                                                                              ^~~~~~~~~
[21.263s] /opt/ros/jazzy/include/sensor_msgs/sensor_msgs/msg/detail/laser_scan__struct.hpp:250:7: note: ‘sensor_msgs::msg::LaserScan’ declared here
[21.263s]   250 | using LaserScan =
[21.263s]       |       ^~~~~~~~~
[21.263s] /home/neha/ros2_ws/src/semnav_migration/src/navigation_semantic.cpp:144:127: error: template argument 1 is invalid
[21.263s]   144 |                         typedef message_filters::sync_policies::ApproximateTime<sensor_msgs::LaserScan,nav_msgs::msg::Odometry> SyncPolicy;
[21.264s]       |                                                                                                                               ^
[21.265s] In file included from /home/neha/ros2_ws/src/semnav_migration/include/reactive_planner_lib.h:44:
[21.265s] /opt/ros/jazzy/include/message_filters/message_filters/synchronizer.h: In instantiation of ‘class message_filters::Synchronizer<int>’:
[21.265s] /home/neha/ros2_ws/src/semnav_migration/src/navigation_semantic.cpp:147:64:   required from here
[21.265s] /opt/ros/jazzy/include/message_filters/message_filters/synchronizer.h:53:7: error: base type ‘int’ fails to be a struct or class type
[21.266s]    53 | class Synchronizer : public noncopyable, public Policy
[21.266s]       |       ^~~~~~~~~~~~
[21.266s] /opt/ros/jazzy/include/message_filters/message_filters/synchronizer.h:56:37: error: ‘int’ is not a class, struct, or union type
[21.266s]    56 |   typedef typename Policy::Messages Messages;
[21.266s]       |                                     ^~~~~~~~
[21.266s] /opt/ros/jazzy/include/message_filters/message_filters/synchronizer.h:57:35: error: ‘int’ is not a class, struct, or union type
[21.266s]    57 |   typedef typename Policy::Events Events;
[21.267s]       |                                   ^~~~~~
[21.267s] /opt/ros/jazzy/include/message_filters/message_filters/synchronizer.h:58:35: error: ‘int’ is not a class, struct, or union type
[21.267s]    58 |   typedef typename Policy::Signal Signal;
[21.267s]       |                                   ^~~~~~
[21.267s] /opt/ros/jazzy/include/message_filters/message_filters/synchronizer.h:60:58: error: ‘int’ is not a class, struct, or union type
[21.267s]    60 |   typedef typename std::tuple_element<0, Messages>::type M0;
[21.268s]       |                                                          ^~
[21.268s] /opt/ros/jazzy/include/message_filters/message_filters/synchronizer.h:61:58: error: ‘int’ is not a class, struct, or union type
[21.268s]    61 |   typedef typename std::tuple_element<1, Messages>::type M1;
[21.268s]       |                                                          ^~
[21.268s] /opt/ros/jazzy/include/message_filters/message_filters/synchronizer.h:62:58: error: ‘int’ is not a class, struct, or union type
[21.268s]    62 |   typedef typename std::tuple_element<2, Messages>::type M2;
[21.268s]       |                                                          ^~
[21.268s] /opt/ros/jazzy/include/message_filters/message_filters/synchronizer.h:63:58: error: ‘int’ is not a class, struct, or union type
[21.269s]    63 |   typedef typename std::tuple_element<3, Messages>::type M3;
[21.269s]       |                                                          ^~
[21.269s] /opt/ros/jazzy/include/message_filters/message_filters/synchronizer.h:64:58: error: ‘int’ is not a class, struct, or union type
[21.269s]    64 |   typedef typename std::tuple_element<4, Messages>::type M4;
[21.269s]       |                                                          ^~
[21.269s] /opt/ros/jazzy/include/message_filters/message_filters/synchronizer.h:65:58: error: ‘int’ is not a class, struct, or union type
[21.269s]    65 |   typedef typename std::tuple_element<5, Messages>::type M5;
[21.269s]       |                                                          ^~
[21.270s] /opt/ros/jazzy/include/message_filters/message_filters/synchronizer.h:66:58: error: ‘int’ is not a class, struct, or union type
[21.270s]    66 |   typedef typename std::tuple_element<6, Messages>::type M6;
[21.270s]       |                                                          ^~
[21.270s] /opt/ros/jazzy/include/message_filters/message_filters/synchronizer.h:67:58: error: ‘int’ is not a class, struct, or union type
[21.270s]    67 |   typedef typename std::tuple_element<7, Messages>::type M7;
[21.270s]       |                                                          ^~
[21.270s] /opt/ros/jazzy/include/message_filters/message_filters/synchronizer.h:68:58: error: ‘int’ is not a class, struct, or union type
[21.271s]    68 |   typedef typename std::tuple_element<8, Messages>::type M8;
[21.271s]       |                                                          ^~
[21.272s] /opt/ros/jazzy/include/message_filters/message_filters/synchronizer.h:71:56: error: ‘int’ is not a class, struct, or union type
[21.272s]    71 |   typedef typename std::tuple_element<0, Events>::type M0Event;
[21.272s]       |                                                        ^~~~~~~
[21.272s] /opt/ros/jazzy/include/message_filters/message_filters/synchronizer.h:72:56: error: ‘int’ is not a class, struct, or union type
[21.272s]    72 |   typedef typename std::tuple_element<1, Events>::type M1Event;
[21.272s]       |                                                        ^~~~~~~
[21.272s] /opt/ros/jazzy/include/message_filters/message_filters/synchronizer.h:73:56: error: ‘int’ is not a class, struct, or union type
[21.272s]    73 |   typedef typename std::tuple_element<2, Events>::type M2Event;
[21.273s]       |                                                        ^~~~~~~
[21.273s] /opt/ros/jazzy/include/message_filters/message_filters/synchronizer.h:74:56: error: ‘int’ is not a class, struct, or union type
[21.273s]    74 |   typedef typename std::tuple_element<3, Events>::type M3Event;
[21.273s]       |                                                        ^~~~~~~
[21.273s] /opt/ros/jazzy/include/message_filters/message_filters/synchronizer.h:75:56: error: ‘int’ is not a class, struct, or union type
[21.273s]    75 |   typedef typename std::tuple_element<4, Events>::type M4Event;
[21.273s]       |                                                        ^~~~~~~
[21.273s] /opt/ros/jazzy/include/message_filters/message_filters/synchronizer.h:76:56: error: ‘int’ is not a class, struct, or union type
[21.274s]    76 |   typedef typename std::tuple_element<5, Events>::type M5Event;
[21.274s]       |                                                        ^~~~~~~
[21.274s] /opt/ros/jazzy/include/message_filters/message_filters/synchronizer.h:77:56: error: ‘int’ is not a class, struct, or union type
[21.274s]    77 |   typedef typename std::tuple_element<6, Events>::type M6Event;
[21.274s]       |                                                        ^~~~~~~
[21.274s] /opt/ros/jazzy/include/message_filters/message_filters/synchronizer.h:78:56: error: ‘int’ is not a class, struct, or union type
[21.274s]    78 |   typedef typename std::tuple_element<7, Events>::type M7Event;
[21.274s]       |                                                        ^~~~~~~
[21.275s] /opt/ros/jazzy/include/message_filters/message_filters/synchronizer.h:79:56: error: ‘int’ is not a class, struct, or union type
[21.275s]    79 |   typedef typename std::tuple_element<8, Events>::type M8Event;
[21.275s]       |                                                        ^~~~~~~
[21.275s] /opt/ros/jazzy/include/message_filters/message_filters/synchronizer.h:325:17: error: ‘int’ is not a class, namespace, or enumeration
[21.275s]   325 |   using Policy::add;
[21.275s]       |                 ^~~
[21.275s] /opt/ros/jazzy/include/message_filters/message_filters/synchronizer.h:328:8: error: ‘int’ is not a class, struct, or union type
[21.275s]   328 |   void add(const std::shared_ptr<typename std::tuple_element<i, Messages>::type const>& msg)
[21.276s]       |        ^~~
[21.276s] /opt/ros/jazzy/include/message_filters/message_filters/synchronizer.h:344:8: error: ‘int’ is not a class, struct, or union type
[21.276s]   344 |   void cb(const typename std::tuple_element<i, Events>::type& evt)
[21.276s]       |        ^~
[21.276s] /home/neha/ros2_ws/src/semnav_migration/src/navigation_semantic.cpp:148:55: error: ‘bind’ is not a member of ‘boost’; did you mean ‘find’?
[21.276s]   148 |                         sync->registerCallback(boost::bind(&SemanticNavigationNode::control_callback, this, _1, _2));
[21.276s]       |                                                       ^~~~
[21.276s]       |                                                       find
[21.277s] /home/neha/ros2_ws/src/semnav_migration/src/navigation_semantic.cpp:148:109: error: ‘_1’ was not declared in this scope
[21.277s]   148 |                         sync->registerCallback(boost::bind(&SemanticNavigationNode::control_callback, this, _1, _2));
[21.277s]       |                                                                                                             ^~
[21.277s] /home/neha/ros2_ws/src/semnav_migration/src/navigation_semantic.cpp:148:109: note: suggested alternatives:
[21.277s] In file included from /usr/include/boost/mpl/aux_/include_preprocessed.hpp:37,
[21.278s]                  from /usr/include/boost/mpl/placeholders.hpp:43,
[21.278s]                  from /usr/include/boost/iterator/iterator_categories.hpp:16,
[21.278s]                  from /usr/include/boost/iterator/iterator_facade.hpp:13,
[21.278s]                  from /usr/include/boost/range/iterator_range_core.hpp:27,
[21.278s]                  from /usr/include/boost/lexical_cast.hpp:48,
[21.278s]                  from /usr/include/boost/multiprecision/detail/number_base.hpp:29,
[21.278s]                  from /usr/include/boost/multiprecision/traits/is_variable_precision.hpp:9,
[21.278s]                  from /usr/include/boost/multiprecision/detail/precision.hpp:9,
[21.279s]                  from /usr/include/boost/multiprecision/number.hpp:11,
[21.279s]                  from /usr/include/boost/multiprecision/cpp_int.hpp:19,
[21.279s]                  from /usr/include/boost/multiprecision/cpp_bin_float.hpp:15,
[21.279s]                  from /usr/include/boost/geometry/core/coordinate_promotion.hpp:16,
[21.279s]                  from /usr/include/boost/geometry/core/radian_access.hpp:30,
[21.279s]                  from /usr/include/boost/geometry/geometry.hpp:50,
[21.279s]                  from /usr/include/boost/geometry.hpp:17,
[21.279s]                  from /home/neha/ros2_ws/src/semnav_migration/include/reactive_planner_lib.h:26:
[21.279s] /usr/include/boost/mpl/aux_/preprocessed/gcc/placeholders.hpp:29:16: note:   ‘mpl_::_1’
[21.280s]    29 | typedef arg<1> _1;
[21.280s]       |                ^~
[21.280s] In file included from /usr/include/boost/numeric/conversion/converter_policies.hpp:13,
[21.280s]                  from /usr/include/boost/numeric/conversion/converter.hpp:14,
[21.280s]                  from /usr/include/boost/numeric/conversion/cast.hpp:33,
[21.280s]                  from /usr/include/boost/geometry/core/radian_access.hpp:26:
[21.280s] /usr/include/c++/13/functional:294:48: note:   ‘std::placeholders::_1’
[21.280s]   294 |     _GLIBCXX_PLACEHOLDER const _Placeholder<1> _1;
[21.281s]       |                                                ^~
[21.281s] /usr/include/boost/mpl/aux_/preprocessed/gcc/placeholders.hpp:29:16: note:   ‘mpl_::_1’
[21.281s]    29 | typedef arg<1> _1;
[21.281s]       |                ^~
[21.281s] In file included from /usr/include/boost/describe/members.hpp:20,
[21.281s]                  from /usr/include/boost/container_hash/is_described_class.hpp:11,
[21.281s]                  from /usr/include/boost/container_hash/hash.hpp:18,
[21.282s]                  from /usr/include/boost/functional/hash.hpp:6,
[21.282s]                  from /usr/include/CGAL/Kernel/hash_functions.h:16,
[21.282s]                  from /usr/include/CGAL/Kernel/global_functions.h:25,
[21.282s]                  from /usr/include/CGAL/Cartesian/Cartesian_base.h:22,
[21.282s]                  from /usr/include/CGAL/Simple_cartesian.h:20,
[21.282s]                  from /usr/include/CGAL/Exact_predicates_inexact_constructions_kernel.h:20,
[21.282s]                  from /home/neha/ros2_ws/src/semnav_migration/include/polygeom_lib.h:32,
[21.282s]                  from /home/neha/ros2_ws/src/semnav_migration/include/reactive_planner_lib.h:50:
[21.282s] /usr/include/boost/mp11/bind.hpp:45:7: note:   ‘boost::mp11::_1’
[21.283s]    45 | using _1 = mp_arg<0>;
[21.283s]       |       ^~
[21.283s] /usr/include/boost/mpl/aux_/preprocessed/gcc/placeholders.hpp:29:16: note:   ‘mpl_::_1’
[21.283s]    29 | typedef arg<1> _1;
[21.283s]       |                ^~
[21.283s] /home/neha/ros2_ws/src/semnav_migration/src/navigation_semantic.cpp:148:113: error: ‘_2’ was not declared in this scope
[21.283s]   148 |                         sync->registerCallback(boost::bind(&SemanticNavigationNode::control_callback, this, _1, _2));
[21.284s]       |                                                                                                                 ^~
[21.284s] /home/neha/ros2_ws/src/semnav_migration/src/navigation_semantic.cpp:148:113: note: suggested alternatives:
[21.284s] /usr/include/boost/mpl/aux_/preprocessed/gcc/placeholders.hpp:42:16: note:   ‘mpl_::_2’
[21.284s]    42 | typedef arg<2> _2;
[21.284s]       |                ^~
[21.284s] /usr/include/c++/13/functional:295:48: note:   ‘std::placeholders::_2’
[21.284s]   295 |     _GLIBCXX_PLACEHOLDER const _Placeholder<2> _2;
[21.284s]       |                                                ^~
[21.284s] /usr/include/boost/mpl/aux_/preprocessed/gcc/placeholders.hpp:42:16: note:   ‘mpl_::_2’
[21.285s]    42 | typedef arg<2> _2;
[21.285s]       |                ^~
[21.285s] /usr/include/boost/mp11/bind.hpp:46:7: note:   ‘boost::mp11::_2’
[21.285s]    46 | using _2 = mp_arg<1>;
[21.285s]       |       ^~
[21.285s] /usr/include/boost/mpl/aux_/preprocessed/gcc/placeholders.hpp:42:16: note:   ‘mpl_::_2’
[21.285s]    42 | typedef arg<2> _2;
[21.285s]       |                ^~
[21.286s] /home/neha/ros2_ws/src/semnav_migration/src/navigation_semantic.cpp:150:25: error: ‘ros’ has not been declared
[21.286s]   150 |                         ros::Subscriber sub_semantic = nh_.subscribe(sub_semantic_topic_, 1, &SemanticNavigationNode::diffeo_tree_update, this);
[21.286s]       |                         ^~~
[21.286s] /home/neha/ros2_ws/src/semnav_migration/src/navigation_semantic.cpp:154:25: error: ‘ros’ has not been declared
[21.286s]   154 |                         ros::Duration(5.0).sleep();
[21.286s]       |                         ^~~
[21.286s] /home/neha/ros2_ws/src/semnav_migration/src/navigation_semantic.cpp:161:25: error: ‘ros’ has not been declared
[21.286s]   161 |                         ros::spin();
[21.287s]       |                         ^~~
[21.328s] /home/neha/ros2_ws/src/semnav_migration/src/navigation_semantic.cpp: In member function ‘void SemanticNavigationNode::publish_twist(double, double)’:
[21.328s] /home/neha/ros2_ws/src/semnav_migration/src/navigation_semantic.cpp:168:25: error: ‘pub_twist_’ was not declared in this scope; did you mean ‘publish_twist’?
[21.328s]   168 |                         pub_twist_.publish(commandTwist);
[21.328s]       |                         ^~~~~~~~~~
[21.328s]       |                         publish_twist
[21.332s] /home/neha/ros2_ws/src/semnav_migration/src/navigation_semantic.cpp: In member function ‘void SemanticNavigationNode::publish_behavior_id(uint16_t)’:
[21.332s] /home/neha/ros2_ws/src/semnav_migration/src/navigation_semantic.cpp:173:32: error: ‘UInt32’ is not a member of ‘std_msgs::msg’
[21.332s]   173 |                 std_msgs::msg::UInt32 commandId;
[21.332s]       |                                ^~~~~~
[21.375s] /home/neha/ros2_ws/src/semnav_migration/src/navigation_semantic.cpp:174:25: error: ‘commandId’ was not declared in this scope
[21.375s]   174 |                         commandId.data = BehaviorIdCmd;
[21.375s]       |                         ^~~~~~~~~
[21.454s] /home/neha/ros2_ws/src/semnav_migration/src/navigation_semantic.cpp:175:25: error: ‘pub_behaviorID_’ was not declared in this scope; did you mean ‘pub_behaviorID_topic_’?
[21.454s]   175 |                         pub_behaviorID_.publish(commandId);
[21.454s]       |                         ^~~~~~~~~~~~~~~
[21.454s]       |                         pub_behaviorID_topic_
[21.458s] /home/neha/ros2_ws/src/semnav_migration/src/navigation_semantic.cpp: In member function ‘void SemanticNavigationNode::publish_behavior_mode(uint16_t)’:
[21.458s] /home/neha/ros2_ws/src/semnav_migration/src/navigation_semantic.cpp:180:28: error: ‘UInt32’ is not a member of ‘std_msgs::msg’
[21.458s]   180 |             std_msgs::msg::UInt32 commandMode;
[21.458s]       |                            ^~~~~~
[21.516s] /home/neha/ros2_ws/src/semnav_migration/src/navigation_semantic.cpp:181:25: error: ‘commandMode’ was not declared in this scope
[21.516s]   181 |                         commandMode.data = BehaviorModeCmd;
[21.516s]       |                         ^~~~~~~~~~~
[21.607s] /home/neha/ros2_ws/src/semnav_migration/src/navigation_semantic.cpp:182:25: error: ‘pub_behaviorMode_’ was not declared in this scope; did you mean ‘pub_behaviorMode_topic_’?
[21.607s]   182 |                         pub_behaviorMode_.publish(commandMode);
[21.607s]       |                         ^~~~~~~~~~~~~~~~~
[21.607s]       |                         pub_behaviorMode_topic_
[21.656s] /home/neha/ros2_ws/src/semnav_migration/src/navigation_semantic.cpp: In member function ‘void SemanticNavigationNode::diffeo_tree_update(const object_pose_interface_msgs::msg::SemanticMapObjectArray_<std::allocator<void> >::ConstPtr&)’:
[21.656s] /home/neha/ros2_ws/src/semnav_migration/src/navigation_semantic.cpp:252:29: error: ‘ros’ has not been declared
[21.656s]   252 |                         if (ros::Time::now().toSec() - DiffeoTreeUpdateTime_ < (1.0/DiffeoTreeUpdateRate_)) {
[21.656s]       |                             ^~~
[21.657s] /home/neha/ros2_ws/src/semnav_migration/src/navigation_semantic.cpp:256:53: error: ‘ros’ has not been declared
[21.657s]   256 |                                 double start_time = ros::Time::now().toSec();
[21.657s]       |                                                     ^~~
[21.660s] /home/neha/ros2_ws/src/semnav_migration/src/navigation_semantic.cpp:267:49: error: ‘tf’ has not been declared
[21.661s]   267 |                                                 tf::Quaternion rotation = tf::Quaternion(semantic_map_data->objects[i].pose.pose.orientation.x,
[21.661s]       |                                                 ^~
[21.661s] /home/neha/ros2_ws/src/semnav_migration/src/navigation_semantic.cpp:272:49: error: ‘tf’ has not been declared
[21.661s]   272 |                                                 tf::Matrix3x3 m(rotation);
[21.661s]       |                                                 ^~
[21.661s] /home/neha/ros2_ws/src/semnav_migration/src/navigation_semantic.cpp:275:49: error: ‘tf’ has not been declared
[21.661s]   275 |                                                 tf::Vector3 target_nominal_1(-0.5*target_object_width_ - ObstacleDilation_ - 0.08, 0.0, 0.0);
[21.662s]       |                                                 ^~
[21.662s] /home/neha/ros2_ws/src/semnav_migration/src/navigation_semantic.cpp:276:49: error: ‘tf’ has not been declared
[21.662s]   276 |                                                 tf::Vector3 target_nominal_2(0.5*target_object_width_ + ObstacleDilation_ + 0.25, 0.0, 0.0);
[21.662s]       |                                                 ^~
[21.662s] /home/neha/ros2_ws/src/semnav_migration/src/navigation_semantic.cpp:277:49: error: ‘tf’ has not been declared
[21.662s]   277 |                                                 tf::Vector3 target_nominal_1_rotated = tf::quatRotate(rotation, target_nominal_1);
[21.662s]       |                                                 ^~
[21.662s] /home/neha/ros2_ws/src/semnav_migration/src/navigation_semantic.cpp:278:49: error: ‘tf’ has not been declared
[21.663s]   278 |                                                 tf::Vector3 target_nominal_2_rotated = tf::quatRotate(rotation, target_nominal_2);
[21.663s]       |                                                 ^~
[21.689s] /home/neha/ros2_ws/src/semnav_migration/src/navigation_semantic.cpp:280:49: error: ‘m’ was not declared in this scope; did you mean ‘tm’?
[21.689s]   280 |                                                 m.getRPY(roll, pitch, yaw);
[21.689s]       |                                                 ^
[21.689s]       |                                                 tm
[21.842s] /home/neha/ros2_ws/src/semnav_migration/src/navigation_semantic.cpp:281:123: error: ‘target_nominal_1_rotated’ was not declared in this scope
[21.842s]   281 |                                                 GoalVector[0].set<0>(semantic_map_data->objects[i].pose.pose.position.x + target_nominal_1_rotated.getX());
[21.843s]       |                                                                                                                           ^~~~~~~~~~~~~~~~~~~~~~~~
[21.998s] /home/neha/ros2_ws/src/semnav_migration/src/navigation_semantic.cpp:283:123: error: ‘target_nominal_2_rotated’ was not declared in this scope
[21.999s]   283 |                                                 GoalVector[1].set<0>(semantic_map_data->objects[i].pose.pose.position.x + target_nominal_2_rotated.getX());
[21.999s]       |                                                                                                                           ^~~~~~~~~~~~~~~~~~~~~~~~
[22.105s] /home/neha/ros2_ws/src/semnav_migration/src/navigation_semantic.cpp:317:49: error: ‘ROS_ERROR_STREAM’ was not declared in this scope; did you mean ‘RCLCPP_ERROR_STREAM’?
[22.105s]   317 |                                                 ROS_ERROR_STREAM("Goal blocked by object");
[22.105s]       |                                                 ^~~~~~~~~~~~~~~~
[22.105s]       |                                                 RCLCPP_ERROR_STREAM
[22.110s] /home/neha/ros2_ws/src/semnav_migration/src/navigation_semantic.cpp:365:85: error: ‘ros’ has not been declared
[22.110s]   365 |                                 ROS_WARN_STREAM("[Navigation] Updated trees in " << ros::Time::now().toSec()-start_time << " seconds.");
[22.110s]       |                                                                                     ^~~
[22.196s] /home/neha/ros2_ws/src/semnav_migration/src/navigation_semantic.cpp:365:33: error: ‘ROS_WARN_STREAM’ was not declared in this scope; did you mean ‘RCLCPP_WARN_STREAM’?
[22.196s]   365 |                                 ROS_WARN_STREAM("[Navigation] Updated trees in " << ros::Time::now().toSec()-start_time << " seconds.");
[22.196s]       |                                 ^~~~~~~~~~~~~~~
[22.196s]       |                                 RCLCPP_WARN_STREAM
[22.196s] /home/neha/ros2_ws/src/semnav_migration/src/navigation_semantic.cpp:368:57: error: ‘ros’ has not been declared
[22.197s]   368 |                                 DiffeoTreeUpdateTime_ = ros::Time::now().toSec();
[22.197s]       |                                                         ^~~
[22.197s] /home/neha/ros2_ws/src/semnav_migration/src/navigation_semantic.cpp: In member function ‘void SemanticNavigationNode::control_callback(const sensor_msgs::msg::LaserScan_<std::allocator<void> >::ConstPtr&, const nav_msgs::msg::Odometry_<std::allocator<void> >::ConstPtr&)’:
[22.198s] /home/neha/ros2_ws/src/semnav_migration/src/navigation_semantic.cpp:396:46: error: ‘ros’ has not been declared
[22.198s]   396 |                         double before_time = ros::Time::now().toSec();
[22.198s]       |                                              ^~~
[22.201s] /home/neha/ros2_ws/src/semnav_migration/src/navigation_semantic.cpp:399:40: error: ‘PoseStamped’ is not a member of ‘geometry_msgs’; did you mean ‘geometry_msgs::msg::PoseStamped’?
[22.201s]   399 |                         geometry_msgs::PoseStamped odomPose, mapPose;
[22.201s]       |                                        ^~~~~~~~~~~
[22.202s] In file included from /home/neha/ros2_ws/src/install/object_pose_interface_msgs/include/object_pose_interface_msgs/object_pose_interface_msgs/msg/detail/semantic_map_object__struct.hpp:28,
[22.202s]                  from /home/neha/ros2_ws/src/install/object_pose_interface_msgs/include/object_pose_interface_msgs/object_pose_interface_msgs/msg/detail/semantic_map_object_array__struct.hpp:25,
[22.202s]                  from /home/neha/ros2_ws/src/install/object_pose_interface_msgs/include/object_pose_interface_msgs/object_pose_interface_msgs/msg/semantic_map_object_array.hpp:7,
[22.202s]                  from /home/neha/ros2_ws/src/semnav_migration/src/navigation_semantic.cpp:26:
[22.202s] /opt/ros/jazzy/include/geometry_msgs/geometry_msgs/msg/detail/pose_stamped__struct.hpp:138:7: note: ‘geometry_msgs::msg::PoseStamped’ declared here
[22.202s]   138 | using PoseStamped =
[22.202s]       |       ^~~~~~~~~~~
[22.241s] /home/neha/ros2_ws/src/semnav_migration/src/navigation_semantic.cpp:400:25: error: ‘odomPose’ was not declared in this scope
[22.241s]   400 |                         odomPose.header.stamp = ros::Time(0);
[22.241s]       |                         ^~~~~~~~
[22.241s] /home/neha/ros2_ws/src/semnav_migration/src/navigation_semantic.cpp:400:49: error: ‘ros’ has not been declared
[22.241s]   400 |                         odomPose.header.stamp = ros::Time(0);
[22.242s]       |                                                 ^~~
[22.287s] /home/neha/ros2_ws/src/semnav_migration/src/navigation_semantic.cpp:404:33: error: ‘listener_’ was not declared in this scope
[22.287s]   404 |                                 listener_.waitForTransform(world_frame_id_, odom_frame_id_, ros::Time(0), ros::Duration(1.0));
[22.287s]       |                                 ^~~~~~~~~
[22.288s] /home/neha/ros2_ws/src/semnav_migration/src/navigation_semantic.cpp:404:93: error: ‘ros’ has not been declared
[22.288s]   404 |                                 listener_.waitForTransform(world_frame_id_, odom_frame_id_, ros::Time(0), ros::Duration(1.0));
[22.288s]       |                                                                                             ^~~
[22.288s] /home/neha/ros2_ws/src/semnav_migration/src/navigation_semantic.cpp:404:107: error: ‘ros’ has not been declared
[22.288s]   404 |                                 listener_.waitForTransform(world_frame_id_, odom_frame_id_, ros::Time(0), ros::Duration(1.0));
[22.288s]       |                                                                                                           ^~~
[22.320s] /home/neha/ros2_ws/src/semnav_migration/src/navigation_semantic.cpp:405:84: error: ‘mapPose’ was not declared in this scope
[22.320s]   405 |                                 listener_.transformPose(world_frame_id_, odomPose, mapPose);
[22.320s]       |                                                                                    ^~~~~~~
[22.326s] /home/neha/ros2_ws/src/semnav_migration/src/navigation_semantic.cpp:406:34: error: ‘tf’ does not name a type; did you mean ‘tm’?
[22.326s]   406 |                         } catch (tf::TransformException &ex) {
[22.326s]       |                                  ^~
[22.326s]       |                                  tm
[22.327s] /home/neha/ros2_ws/src/semnav_migration/src/navigation_semantic.cpp:406:57: error: expected unqualified-id before ‘&’ token
[22.327s]   406 |                         } catch (tf::TransformException &ex) {
[22.327s]       |                                                         ^
[22.327s] /home/neha/ros2_ws/src/semnav_migration/src/navigation_semantic.cpp:406:57: error: expected ‘)’ before ‘&’ token
[22.327s] /home/neha/ros2_ws/src/semnav_migration/src/navigation_semantic.cpp:406:33: note: to match this ‘(’
[22.327s]   406 |                         } catch (tf::TransformException &ex) {
[22.327s]       |                                 ^
[22.327s] /home/neha/ros2_ws/src/semnav_migration/src/navigation_semantic.cpp:406:57: error: expected ‘{’ before ‘&’ token
[22.328s]   406 |                         } catch (tf::TransformException &ex) {
[22.328s]       |                                                         ^
[22.356s] /home/neha/ros2_ws/src/semnav_migration/src/navigation_semantic.cpp:406:58: error: ‘ex’ was not declared in this scope; did you mean ‘exp’?
[22.356s]   406 |                         } catch (tf::TransformException &ex) {
[22.356s]       |                                                          ^~
[22.357s]       |                                                          exp
[22.357s] /home/neha/ros2_ws/src/semnav_migration/src/navigation_semantic.cpp:412:25: error: ‘tf’ has not been declared
[22.357s]   412 |                         tf::Quaternion rotation = tf::Quaternion(mapPose.pose.orientation.x,
[22.357s]       |                         ^~
[22.357s] /home/neha/ros2_ws/src/semnav_migration/src/navigation_semantic.cpp:416:25: error: ‘tf’ has not been declared
[22.357s]   416 |                         tf::Matrix3x3 m(rotation);
[22.357s]       |                         ^~
[22.382s] /home/neha/ros2_ws/src/semnav_migration/src/navigation_semantic.cpp:418:25: error: ‘m’ was not declared in this scope; did you mean ‘tm’?
[22.383s]   418 |                         m.getRPY(roll, pitch, yaw);
[22.383s]       |                         ^
[22.383s]       |                         tm
[22.415s] /home/neha/ros2_ws/src/semnav_migration/src/navigation_semantic.cpp:419:51: error: ‘mapPose’ was not declared in this scope
[22.415s]   419 |                         double x_robot_position = mapPose.pose.position.x;
[22.415s]       |                                                   ^~~~~~~
[22.422s] /home/neha/ros2_ws/src/semnav_migration/src/navigation_semantic.cpp:432:42: error: could not convert ‘lidar_data’ from ‘shared_ptr<LaserScan_<[...]>>’ to ‘shared_ptr<LaserScan_<[...]>>’
[22.422s]   432 |                         constructLIDAR2D(lidar_data, CutoffRange_, AllowableRange_, RobotPitch_, &LIDAR);
[22.422s]       |                                          ^~~~~~~~~~
[22.423s]       |                                          |
[22.423s]       |                                          shared_ptr<LaserScan_<[...]>>
[22.439s] /home/neha/ros2_ws/src/semnav_migration/src/navigation_semantic.cpp:562:96: error: invalid operands of types ‘const char [53]’ and ‘double’ to binary ‘operator<<’
[22.439s]   562 |                         ROS_WARN_STREAM("[Navigation] Diffeomorphism jacobian determinant is " << MatrixDeterminant(RobotPositionTransformedD) << ", robot position is " << bg::dsv(RobotPosition_) << " and robot positon in model space is " << bg::dsv(RobotPositionTransformedPoint));
[22.439s]       |                                         ~~~~~~~~~~~~~~~~~~~~~~~~~~~~~~~~~~~~~~~~~~~~~~~~~~~~~~ ^~ ~~~~~~~~~~~~~~~~~~~~~~~~~~~~~~~~~~~~~~~~~~~~
[22.439s]       |                                         |                                                                          |
[22.439s]       |                                         const char [53]                                                            double
[22.527s] /home/neha/ros2_ws/src/semnav_migration/src/navigation_semantic.cpp:562:25: error: ‘ROS_WARN_STREAM’ was not declared in this scope; did you mean ‘RCLCPP_WARN_STREAM’?
[22.527s]   562 |                         ROS_WARN_STREAM("[Navigation] Diffeomorphism jacobian determinant is " << MatrixDeterminant(RobotPositionTransformedD) << ", robot position is " << bg::dsv(RobotPosition_) << " and robot positon in model space is " << bg::dsv(RobotPositionTransformedPoint));
[22.528s]       |                         ^~~~~~~~~~~~~~~
[22.528s]       |                         RCLCPP_WARN_STREAM
[22.529s] /home/neha/ros2_ws/src/semnav_migration/src/navigation_semantic.cpp:591:41: error: ‘ros’ has not been declared
[22.529s]   591 |                                         ros::Duration(5.0).sleep();
[22.529s]       |                                         ^~~
[22.536s] /home/neha/ros2_ws/src/semnav_migration/src/navigation_semantic.cpp:616:75: error: invalid operands of types ‘const char [32]’ and ‘double’ to binary ‘operator<<’
[22.536s]   616 |                         ROS_WARN_STREAM("[Navigation] Linear command is " << LinearCmd << " and angular command is " << AngularCmd);
[22.536s]       |                                         ~~~~~~~~~~~~~~~~~~~~~~~~~~~~~~~~~ ^~ ~~~~~~~~~
[22.536s]       |                                         |                                    |
[22.537s]       |                                         const char [32]                      double
[22.537s] /home/neha/ros2_ws/src/semnav_migration/src/navigation_semantic.cpp:617:76: error: invalid operands of types ‘const char [33]’ and ‘int’ to binary ‘operator<<’
[22.537s]   617 |                         ROS_WARN_STREAM("[Navigation] Command update for " << int(localDiffeoTreeArray.size()) << " polygons in " << ros::Time::now().toSec()-before_time << " seconds.");
[22.537s]       |                                         ~~~~~~~~~~~~~~~~~~~~~~~~~~~~~~~~~~ ^~ ~~~~~~~~~~~~~~~~~~~~~~~~~~~~~~~~
[22.537s]       |                                         |                                     |
[22.537s]       |                                         const char [33]                       int
[22.537s] /home/neha/ros2_ws/src/semnav_migration/src/navigation_semantic.cpp:617:134: error: ‘ros’ has not been declared
[22.538s]   617 |                         ROS_WARN_STREAM("[Navigation] Command update for " << int(localDiffeoTreeArray.size()) << " polygons in " << ros::Time::now().toSec()-before_time << " seconds.");
[22.538s]       |                                                                                                                                      ^~~
[22.539s] /home/neha/ros2_ws/src/semnav_migration/src/navigation_semantic.cpp: In function ‘int main(int, char**)’:
[22.539s] /home/neha/ros2_ws/src/semnav_migration/src/navigation_semantic.cpp:698:9: error: ‘ros’ has not been declared
[22.539s]   698 |         ros::init(argc, argv, "navigation_semantic");
[22.539s]       |         ^~~
[22.540s] /home/neha/ros2_ws/src/semnav_migration/src/navigation_semantic.cpp:701:9: error: ‘ros’ has not been declared
[22.540s]   701 |         ros::NodeHandle nh("~");
[22.540s]       |         ^~~
[22.557s] /home/neha/ros2_ws/src/semnav_migration/src/navigation_semantic.cpp:704:56: error: ‘nh’ was not declared in this scope
[22.557s]   704 |         SemanticNavigationNode semanticNavigationNode(&nh);
[22.557s]       |                                                        ^~
[31.811s] gmake[2]: *** [CMakeFiles/navigation_semantic.dir/build.make:76: CMakeFiles/navigation_semantic.dir/src/navigation_semantic.cpp.o] Error 1
[31.812s] gmake[1]: *** [CMakeFiles/Makefile2:207: CMakeFiles/navigation_semantic.dir/all] Error 2
[31.812s] gmake: *** [Makefile:146: all] Error 2
[31.815s] Invoked command in '/home/neha/ros2_ws/src/semnav_migration/build/semnav' returned '2': CMAKE_PREFIX_PATH=${CMAKE_PREFIX_PATH}:/opt/ros/jazzy DEBUGINFOD_URLS=https://debuginfod.ubuntu.com /usr/bin/cmake --build /home/neha/ros2_ws/src/semnav_migration/build/semnav -- -j2 -l2
