[0.027s] Invoking command in '/home/neha/ros2_ws/src/semnav_migration/build/semnav': CMAKE_PREFIX_PATH=${CMAKE_PREFIX_PATH}:/opt/ros/jazzy DEBUGINFOD_URLS=https://debuginfod.ubuntu.com /usr/bin/cmake --build /home/neha/ros2_ws/src/semnav_migration/build/semnav -- -j2 -l2
[0.193s] [ 14%] Built target reactive_planner
[0.333s] [ 23%] Building CXX object CMakeFiles/navigation.dir/src/navigation.cpp.o
[0.333s] [ 23%] Building CXX object CMakeFiles/navigation_semantic.dir/src/navigation_semantic.cpp.o
[21.641s] /home/neha/ros2_ws/src/semnav_migration/src/navigation.cpp:241:47: error: ‘object_pose_interface_msgs’ does not name a type
[21.641s]   241 |                 void diffeo_tree_update(const object_pose_interface_msgs::msg::SemanticMapObjectArray::ConstPtr& semantic_map_data) {
[21.642s]       |                                               ^~~~~~~~~~~~~~~~~~~~~~~~~~
[21.642s] /home/neha/ros2_ws/src/semnav_migration/src/navigation.cpp:241:78: error: expected unqualified-id before ‘::’ token
[21.642s]   241 |                 void diffeo_tree_update(const object_pose_interface_msgs::msg::SemanticMapObjectArray::ConstPtr& semantic_map_data) {
[21.642s]       |                                                                              ^~
[21.642s] /home/neha/ros2_ws/src/semnav_migration/src/navigation.cpp:241:78: error: expected ‘)’ before ‘::’ token
[21.643s]   241 |                 void diffeo_tree_update(const object_pose_interface_msgs::msg::SemanticMapObjectArray::ConstPtr& semantic_map_data) {
[21.643s]       |                                        ~                                     ^~
[21.643s]       |                                                                              )
[21.643s] /home/neha/ros2_ws/src/semnav_migration/src/navigation.cpp:241:75: error: expected ‘;’ at end of member declaration
[21.643s]   241 |                 void diffeo_tree_update(const object_pose_interface_msgs::msg::SemanticMapObjectArray::ConstPtr& semantic_map_data) {
[21.643s]       |                                                                           ^~~
[21.643s]       |                                                                              ;
[21.679s] /home/neha/ros2_ws/src/semnav_migration/src/navigation.cpp:241:80: error: ‘SemanticMapObjectArray’ in namespace ‘::’ does not name a type
[21.679s]   241 |                 void diffeo_tree_update(const object_pose_interface_msgs::msg::SemanticMapObjectArray::ConstPtr& semantic_map_data) {
[21.679s]       |                                                                                ^~~~~~~~~~~~~~~~~~~~~~
[21.682s] /home/neha/ros2_ws/src/semnav_migration/src/navigation.cpp:614:17: error: invalid use of template-name ‘rclcpp::Publisher’ without an argument list
[21.682s]   614 |                 rclcpp::Publisher pub_behaviorID_;
[21.682s]       |                 ^~~~~~
[21.682s] /home/neha/ros2_ws/src/semnav_migration/src/navigation.cpp:615:17: error: invalid use of template-name ‘rclcpp::Publisher’ without an argument list
[21.682s]   615 |                 rclcpp::Publisher pub_behaviorMode_;
[21.682s]       |                 ^~~~~~
[21.683s] /home/neha/ros2_ws/src/semnav_migration/src/navigation.cpp:616:17: error: invalid use of template-name ‘rclcpp::Publisher’ without an argument list
[21.683s]   616 |                 rclcpp::Publisher pub_twist_;
[21.683s]       |                 ^~~~~~
[21.683s] /home/neha/ros2_ws/src/semnav_migration/src/navigation.cpp:618:17: error: invalid use of template-name ‘rclcpp::Publisher’ without an argument list
[21.683s]   618 |                 rclcpp::Publisher pub_semantic_map_;
[21.683s]       |                 ^~~~~~
[21.690s] /home/neha/ros2_ws/src/semnav_migration/src/navigation.cpp:662:22: error: ‘TransformListener’ in namespace ‘tf2’ does not name a type
[21.690s]   662 |                 tf2::TransformListener listener_;
[21.690s]       |                      ^~~~~~~~~~~~~~~~~
[21.690s] /home/neha/ros2_ws/src/semnav_migration/src/navigation.cpp: In constructor ‘NavigationNode::NavigationNode()’:
[21.691s] /home/neha/ros2_ws/src/semnav_migration/src/navigation.cpp:45:50: error: no matching function for call to ‘rclcpp::Node::Node()’
[21.691s]    45 |         NavigationNode() : Node("navigation_node") {
[21.691s]       |                                                  ^
[21.691s] In file included from /opt/ros/jazzy/include/rclcpp/rclcpp/executors/single_threaded_executor.hpp:28,
[21.694s]                  from /opt/ros/jazzy/include/rclcpp/rclcpp/executors.hpp:22,
[21.694s]                  from /opt/ros/jazzy/include/rclcpp/rclcpp/rclcpp.hpp:172,
[21.694s]                  from /home/neha/ros2_ws/src/semnav_migration/include/reactive_planner_lib.h:32,
[21.694s]                  from /home/neha/ros2_ws/src/semnav_migration/src/navigation.cpp:25:
[21.694s] /opt/ros/jazzy/include/rclcpp/rclcpp/node.hpp:1629:3: note: candidate: ‘rclcpp::Node::Node(const rclcpp::Node&, const std::string&)’
[21.694s]  1629 |   Node(
[21.694s]       |   ^~~~
[21.695s] /opt/ros/jazzy/include/rclcpp/rclcpp/node.hpp:1629:3: note:   candidate expects 2 arguments, 0 provided
[21.695s] /opt/ros/jazzy/include/rclcpp/rclcpp/node.hpp:103:12: note: candidate: ‘rclcpp::Node::Node(const std::string&, const std::string&, const rclcpp::NodeOptions&)’
[21.695s]   103 |   explicit Node(
[21.695s]       |            ^~~~
[21.695s] /opt/ros/jazzy/include/rclcpp/rclcpp/node.hpp:103:12: note:   candidate expects 3 arguments, 0 provided
[21.695s] /opt/ros/jazzy/include/rclcpp/rclcpp/node.hpp:91:12: note: candidate: ‘rclcpp::Node::Node(const std::string&, const rclcpp::NodeOptions&)’
[21.695s]    91 |   explicit Node(
[21.698s]       |            ^~~~
[21.698s] /opt/ros/jazzy/include/rclcpp/rclcpp/node.hpp:91:12: note:   candidate expects 2 arguments, 0 provided
[21.702s] /home/neha/ros2_ws/src/semnav_migration/src/navigation_semantic.cpp:240:47: error: ‘object_pose_interface_msgs’ does not name a type
[21.702s]   240 |                 void diffeo_tree_update(const object_pose_interface_msgs::msg::SemanticMapObjectArray::ConstPtr& semantic_map_data) {
[21.702s]       |                                               ^~~~~~~~~~~~~~~~~~~~~~~~~~
[21.702s] /home/neha/ros2_ws/src/semnav_migration/src/navigation_semantic.cpp:240:78: error: expected unqualified-id before ‘::’ token
[21.702s]   240 |                 void diffeo_tree_update(const object_pose_interface_msgs::msg::SemanticMapObjectArray::ConstPtr& semantic_map_data) {
[21.702s]       |                                                                              ^~
[21.702s] /home/neha/ros2_ws/src/semnav_migration/src/navigation_semantic.cpp:240:78: error: expected ‘)’ before ‘::’ token
[21.703s]   240 |                 void diffeo_tree_update(const object_pose_interface_msgs::msg::SemanticMapObjectArray::ConstPtr& semantic_map_data) {
[21.703s]       |                                        ~                                     ^~
[21.703s]       |                                                                              )
[21.703s] /home/neha/ros2_ws/src/semnav_migration/src/navigation_semantic.cpp:240:75: error: expected ‘;’ at end of member declaration
[21.703s]   240 |                 void diffeo_tree_update(const object_pose_interface_msgs::msg::SemanticMapObjectArray::ConstPtr& semantic_map_data) {
[21.703s]       |                                                                           ^~~
[21.703s]       |                                                                              ;
[21.720s] /home/neha/ros2_ws/src/semnav_migration/src/navigation.cpp:86:29: error: ‘class rclcpp::Node’ has no member named ‘getParam’
[21.720s]    86 |                         nh_.getParam("Tolerance", Tolerance_);
[21.720s]       |                             ^~~~~~~~
[21.744s] /home/neha/ros2_ws/src/semnav_migration/src/navigation_semantic.cpp:240:80: error: ‘SemanticMapObjectArray’ in namespace ‘::’ does not name a type
[21.744s]   240 |                 void diffeo_tree_update(const object_pose_interface_msgs::msg::SemanticMapObjectArray::ConstPtr& semantic_map_data) {
[21.744s]       |                                                                                ^~~~~~~~~~~~~~~~~~~~~~
[21.753s] /home/neha/ros2_ws/src/semnav_migration/src/navigation_semantic.cpp:623:17: error: ‘ros’ does not name a type
[21.753s]   623 |                 ros::NodeHandle nh_;
[21.753s]       |                 ^~~
[21.758s] /home/neha/ros2_ws/src/semnav_migration/src/navigation_semantic.cpp:640:17: error: ‘ros’ does not name a type
[21.758s]   640 |                 ros::Publisher pub_behaviorID_;
[21.758s]       |                 ^~~
[21.769s] /home/neha/ros2_ws/src/semnav_migration/src/navigation_semantic.cpp:641:17: error: ‘ros’ does not name a type
[21.769s]   641 |                 ros::Publisher pub_behaviorMode_;
[21.769s]       |                 ^~~
[21.771s] /home/neha/ros2_ws/src/semnav_migration/src/navigation_semantic.cpp:642:17: error: ‘ros’ does not name a type
[21.771s]   642 |                 ros::Publisher pub_twist_;
[21.771s]       |                 ^~~
[21.778s] /home/neha/ros2_ws/src/semnav_migration/src/navigation_semantic.cpp:644:17: error: ‘ros’ does not name a type
[21.778s]   644 |                 ros::Publisher pub_semantic_map_;
[21.778s]       |                 ^~~
[21.794s] /home/neha/ros2_ws/src/semnav_migration/src/navigation_semantic.cpp:690:17: error: ‘tf’ does not name a type; did you mean ‘tm’?
[21.794s]   690 |                 tf::TransformListener listener_;
[21.794s]       |                 ^~
[21.794s]       |                 tm
[21.811s] /home/neha/ros2_ws/src/semnav_migration/src/navigation.cpp:104:25: error: ‘target_object_’ was not declared in this scope
[21.811s]   104 |                         target_object_ = this->get_parameter("target_object").as_string();
[21.811s]       |                         ^~~~~~~~~~~~~~
[21.906s] /home/neha/ros2_ws/src/semnav_migration/src/navigation_semantic.cpp: In constructor ‘SemanticNavigationNode::SemanticNavigationNode()’:
[21.906s] /home/neha/ros2_ws/src/semnav_migration/src/navigation_semantic.cpp:136:25: error: ‘pub_behaviorID_’ was not declared in this scope; did you mean ‘pub_behaviorID_topic_’?
[21.906s]   136 |                         pub_behaviorID_ = nh_.advertise<std_msgs::UInt32>(pub_behaviorID_topic_, 1, true);
[21.907s]       |                         ^~~~~~~~~~~~~~~
[21.907s]       |                         pub_behaviorID_topic_
[21.939s] /home/neha/ros2_ws/src/semnav_migration/src/navigation_semantic.cpp:136:43: error: ‘nh_’ was not declared in this scope
[21.939s]   136 |                         pub_behaviorID_ = nh_.advertise<std_msgs::UInt32>(pub_behaviorID_topic_, 1, true);
[21.939s]       |                                           ^~~
[21.941s] /home/neha/ros2_ws/src/semnav_migration/src/navigation_semantic.cpp:136:67: error: ‘UInt32’ is not a member of ‘std_msgs’
[21.941s]   136 |                         pub_behaviorID_ = nh_.advertise<std_msgs::UInt32>(pub_behaviorID_topic_, 1, true);
[21.941s]       |                                                                   ^~~~~~
[21.953s] /home/neha/ros2_ws/src/semnav_migration/src/navigation.cpp:105:25: error: ‘target_object_length_’ was not declared in this scope
[21.953s]   105 |                         target_object_length_ = this->get_parameter("target_object_length").as_double();
[21.953s]       |                         ^~~~~~~~~~~~~~~~~~~~~
[22.036s] /home/neha/ros2_ws/src/semnav_migration/src/navigation_semantic.cpp:137:25: error: ‘pub_behaviorMode_’ was not declared in this scope; did you mean ‘pub_behaviorMode_topic_’?
[22.036s]   137 |                         pub_behaviorMode_ = nh_.advertise<std_msgs::UInt32>(pub_behaviorMode_topic_, 1, true);
[22.036s]       |                         ^~~~~~~~~~~~~~~~~
[22.036s]       |                         pub_behaviorMode_topic_
[22.040s] /home/neha/ros2_ws/src/semnav_migration/src/navigation_semantic.cpp:137:69: error: ‘UInt32’ is not a member of ‘std_msgs’
[22.041s]   137 |                         pub_behaviorMode_ = nh_.advertise<std_msgs::UInt32>(pub_behaviorMode_topic_, 1, true);
[22.041s]       |                                                                     ^~~~~~
[22.085s] /home/neha/ros2_ws/src/semnav_migration/src/navigation.cpp:106:25: error: ‘target_object_width_’ was not declared in this scope
[22.085s]   106 |                         target_object_width_ = this->get_parameter("target_object_width").as_double();
[22.085s]       |                         ^~~~~~~~~~~~~~~~~~~~
[22.089s] /home/neha/ros2_ws/src/semnav_migration/src/navigation.cpp:137:47: error: ‘class rclcpp::Node’ has no member named ‘advertise’
[22.089s]   137 |                         pub_behaviorID_ = nh_.advertise<std_msgs::UInt32>(pub_behaviorID_topic_, 1, true);
[22.089s]       |                                               ^~~~~~~~~
[22.089s] /home/neha/ros2_ws/src/semnav_migration/src/navigation_semantic.cpp:138:25: error: ‘pub_twist_’ was not declared in this scope; did you mean ‘publish_twist’?
[22.090s]   138 |                         pub_twist_ = nh_.advertise<geometry_msgs::msg::Twist>(pub_twist_topic_, 1, true);
[22.090s]       |                         ^~~~~~~~~~
[22.090s]       |                         publish_twist
[22.090s] /home/neha/ros2_ws/src/semnav_migration/src/navigation_semantic.cpp:138:77: error: expected primary-expression before ‘>’ token
[22.090s]   138 |                         pub_twist_ = nh_.advertise<geometry_msgs::msg::Twist>(pub_twist_topic_, 1, true);
[22.090s]       |                                                                             ^
[22.090s] /home/neha/ros2_ws/src/semnav_migration/src/navigation_semantic.cpp:141:42: error: ‘message_filters::msg’ has not been declared
[22.094s]   141 |                         message_filters::msg::Subscriber<sensor_msgs::LaserScan> sub_laser(nh_, sub_laser_topic_, 1);
[22.094s]       |                                          ^~~
[22.094s] /home/neha/ros2_ws/src/semnav_migration/src/navigation.cpp:137:67: error: ‘UInt32’ is not a member of ‘std_msgs’
[22.094s]   137 |                         pub_behaviorID_ = nh_.advertise<std_msgs::UInt32>(pub_behaviorID_topic_, 1, true);
[22.094s]       |                                                                   ^~~~~~
[22.095s] /home/neha/ros2_ws/src/semnav_migration/src/navigation.cpp:138:49: error: ‘class rclcpp::Node’ has no member named ‘advertise’
[22.095s]   138 |                         pub_behaviorMode_ = nh_.advertise<std_msgs::UInt32>(pub_behaviorMode_topic_, 1, true);
[22.095s]       |                                                 ^~~~~~~~~
[22.095s] /home/neha/ros2_ws/src/semnav_migration/src/navigation.cpp:138:69: error: ‘UInt32’ is not a member of ‘std_msgs’
[22.095s]   138 |                         pub_behaviorMode_ = nh_.advertise<std_msgs::UInt32>(pub_behaviorMode_topic_, 1, true);
[22.095s]       |                                                                     ^~~~~~
[22.096s] /home/neha/ros2_ws/src/semnav_migration/src/navigation.cpp:139:42: error: ‘class rclcpp::Node’ has no member named ‘advertise’
[22.097s]   139 |                         pub_twist_ = nh_.advertise<geometry_msgs::msg::Twist>(pub_twist_topic_, 1, true);
[22.097s]       |                                          ^~~~~~~~~
[22.097s] /home/neha/ros2_ws/src/semnav_migration/src/navigation.cpp:139:77: error: expected primary-expression before ‘>’ token
[22.097s]   139 |                         pub_twist_ = nh_.advertise<geometry_msgs::msg::Twist>(pub_twist_topic_, 1, true);
[22.097s]       |                                                                             ^
[22.097s] /home/neha/ros2_ws/src/semnav_migration/src/navigation_semantic.cpp:141:71: error: ‘LaserScan’ is not a member of ‘sensor_msgs’; did you mean ‘sensor_msgs::msg::LaserScan’?
[22.097s]   141 |                         message_filters::msg::Subscriber<sensor_msgs::LaserScan> sub_laser(nh_, sub_laser_topic_, 1);
[22.097s]       |                                                                       ^~~~~~~~~
[22.098s] In file included from /opt/ros/jazzy/include/sensor_msgs/sensor_msgs/msg/laser_scan.hpp:7,
[22.098s]                  from /home/neha/ros2_ws/src/semnav_migration/include/reactive_planner_lib.h:46,
[22.098s]                  from /home/neha/ros2_ws/src/semnav_migration/src/navigation_semantic.cpp:25:
[22.098s] /opt/ros/jazzy/include/sensor_msgs/sensor_msgs/msg/detail/laser_scan__struct.hpp:250:7: note: ‘sensor_msgs::msg::LaserScan’ declared here
[22.098s]   250 | using LaserScan =
[22.098s]       |       ^~~~~~~~~
[22.157s] /home/neha/ros2_ws/src/semnav_migration/src/navigation_semantic.cpp:141:82: error: ‘sub_laser’ was not declared in this scope
[22.157s]   141 |                         message_filters::msg::Subscriber<sensor_msgs::LaserScan> sub_laser(nh_, sub_laser_topic_, 1);
[22.157s]       |                                                                                  ^~~~~~~~~
[22.164s] /home/neha/ros2_ws/src/semnav_migration/src/navigation.cpp:142:116: error: no matching function for call to ‘message_filters::Subscriber<sensor_msgs::msg::LaserScan_<std::allocator<void> > >::Subscriber(rclcpp::Node&, std::string&, int)’
[22.164s]   142 |                         message_filters::Subscriber<sensor_msgs::msg::LaserScan> sub_laser(nh_, sub_laser_topic_, 1);
[22.164s]       |                                                                                                                    ^
[22.164s] In file included from /home/neha/ros2_ws/src/semnav_migration/include/reactive_planner_lib.h:43:
[22.164s] /opt/ros/jazzy/include/message_filters/message_filters/subscriber.h:224:3: note: candidate: ‘message_filters::Subscriber<M, NodeType>::Subscriber() [with M = sensor_msgs::msg::LaserScan_<std::allocator<void> >; NodeType = rclcpp::Node]’
[22.164s]   224 |   Subscriber() = default;
[22.167s]       |   ^~~~~~~~~~
[22.169s] /opt/ros/jazzy/include/message_filters/message_filters/subscriber.h:224:3: note:   candidate expects 0 arguments, 3 provided
[22.169s] /opt/ros/jazzy/include/message_filters/message_filters/subscriber.h:212:3: note: candidate: ‘message_filters::Subscriber<M, NodeType>::Subscriber(NodeType*, const std::string&, rmw_qos_profile_t, rclcpp::SubscriptionOptions) [with M = sensor_msgs::msg::LaserScan_<std::allocator<void> >; NodeType = rclcpp::Node; std::string = std::__cxx11::basic_string<char>; rmw_qos_profile_t = rmw_qos_profile_s; rclcpp::SubscriptionOptions = rclcpp::SubscriptionOptionsWithAllocator<std::allocator<void> >]’
[22.169s]   212 |   Subscriber(
[22.169s]       |   ^~~~~~~~~~
[22.169s] /opt/ros/jazzy/include/message_filters/message_filters/subscriber.h:212:3: note:   candidate expects 4 arguments, 3 provided
[22.170s] /opt/ros/jazzy/include/message_filters/message_filters/subscriber.h:203:3: note: candidate: ‘message_filters::Subscriber<M, NodeType>::Subscriber(NodePtr, const std::string&, rmw_qos_profile_t, rclcpp::SubscriptionOptions) [with M = sensor_msgs::msg::LaserScan_<std::allocator<void> >; NodeType = rclcpp::Node; NodePtr = std::shared_ptr<rclcpp::Node>; std::string = std::__cxx11::basic_string<char>; rmw_qos_profile_t = rmw_qos_profile_s; rclcpp::SubscriptionOptions = rclcpp::SubscriptionOptionsWithAllocator<std::allocator<void> >]’
[22.170s]   203 |   Subscriber(
[22.170s]       |   ^~~~~~~~~~
[22.170s] /opt/ros/jazzy/include/message_filters/message_filters/subscriber.h:203:3: note:   candidate expects 4 arguments, 3 provided
[22.170s] /opt/ros/jazzy/include/message_filters/message_filters/subscriber.h:188:3: note: candidate: ‘message_filters::Subscriber<M, NodeType>::Subscriber(NodeType*, const std::string&, rmw_qos_profile_t) [with M = sensor_msgs::msg::LaserScan_<std::allocator<void> >; NodeType = rclcpp::Node; std::string = std::__cxx11::basic_string<char>; rmw_qos_profile_t = rmw_qos_profile_s]’
[22.170s]   188 |   Subscriber(NodeType * node, const std::string& topic, const rmw_qos_profile_t qos = rmw_qos_profile_default)
[22.170s]       |   ^~~~~~~~~~
[22.173s] /opt/ros/jazzy/include/message_filters/message_filters/subscriber.h:188:25: note:   no known conversion for argument 1 from ‘rclcpp::Node’ to ‘rclcpp::Node*’
[22.173s]   188 |   Subscriber(NodeType * node, const std::string& topic, const rmw_qos_profile_t qos = rmw_qos_profile_default)
[22.173s]       |              ~~~~~~~~~~~^~~~
[22.173s] /opt/ros/jazzy/include/message_filters/message_filters/subscriber.h:183:3: note: candidate: ‘message_filters::Subscriber<M, NodeType>::Subscriber(NodePtr, const std::string&, rmw_qos_profile_t) [with M = sensor_msgs::msg::LaserScan_<std::allocator<void> >; NodeType = rclcpp::Node; NodePtr = std::shared_ptr<rclcpp::Node>; std::string = std::__cxx11::basic_string<char>; rmw_qos_profile_t = rmw_qos_profile_s]’
[22.173s]   183 |   Subscriber(NodePtr node, const std::string& topic, const rmw_qos_profile_t qos = rmw_qos_profile_default)
[22.174s]       |   ^~~~~~~~~~
[22.174s] /opt/ros/jazzy/include/message_filters/message_filters/subscriber.h:183:22: note:   no known conversion for argument 1 from ‘rclcpp::Node’ to ‘message_filters::Subscriber<sensor_msgs::msg::LaserScan_<std::allocator<void> > >::NodePtr’ {aka ‘std::shared_ptr<rclcpp::Node>’}
[22.174s]   183 |   Subscriber(NodePtr node, const std::string& topic, const rmw_qos_profile_t qos = rmw_qos_profile_default)
[22.174s]       |              ~~~~~~~~^~~~
[22.228s] /home/neha/ros2_ws/src/semnav_migration/src/navigation.cpp:143:112: error: no matching function for call to ‘message_filters::Subscriber<nav_msgs::msg::Odometry_<std::allocator<void> > >::Subscriber(rclcpp::Node&, std::string&, int)’
[22.228s]   143 |                         message_filters::Subscriber<nav_msgs::msg::Odometry> sub_robot(nh_, sub_robot_topic_, 1);
[22.228s]       |                                                                                                                ^
[22.228s] /opt/ros/jazzy/include/message_filters/message_filters/subscriber.h:224:3: note: candidate: ‘message_filters::Subscriber<M, NodeType>::Subscriber() [with M = nav_msgs::msg::Odometry_<std::allocator<void> >; NodeType = rclcpp::Node]’
[22.228s]   224 |   Subscriber() = default;
[22.228s]       |   ^~~~~~~~~~
[22.229s] /opt/ros/jazzy/include/message_filters/message_filters/subscriber.h:224:3: note:   candidate expects 0 arguments, 3 provided
[22.229s] /opt/ros/jazzy/include/message_filters/message_filters/subscriber.h:212:3: note: candidate: ‘message_filters::Subscriber<M, NodeType>::Subscriber(NodeType*, const std::string&, rmw_qos_profile_t, rclcpp::SubscriptionOptions) [with M = nav_msgs::msg::Odometry_<std::allocator<void> >; NodeType = rclcpp::Node; std::string = std::__cxx11::basic_string<char>; rmw_qos_profile_t = rmw_qos_profile_s; rclcpp::SubscriptionOptions = rclcpp::SubscriptionOptionsWithAllocator<std::allocator<void> >]’
[22.229s]   212 |   Subscriber(
[22.229s]       |   ^~~~~~~~~~
[22.229s] /opt/ros/jazzy/include/message_filters/message_filters/subscriber.h:212:3: note:   candidate expects 4 arguments, 3 provided
[22.229s] /opt/ros/jazzy/include/message_filters/message_filters/subscriber.h:203:3: note: candidate: ‘message_filters::Subscriber<M, NodeType>::Subscriber(NodePtr, const std::string&, rmw_qos_profile_t, rclcpp::SubscriptionOptions) [with M = nav_msgs::msg::Odometry_<std::allocator<void> >; NodeType = rclcpp::Node; NodePtr = std::shared_ptr<rclcpp::Node>; std::string = std::__cxx11::basic_string<char>; rmw_qos_profile_t = rmw_qos_profile_s; rclcpp::SubscriptionOptions = rclcpp::SubscriptionOptionsWithAllocator<std::allocator<void> >]’
[22.232s]   203 |   Subscriber(
[22.232s]       |   ^~~~~~~~~~
[22.232s] /opt/ros/jazzy/include/message_filters/message_filters/subscriber.h:203:3: note:   candidate expects 4 arguments, 3 provided
[22.232s] /opt/ros/jazzy/include/message_filters/message_filters/subscriber.h:188:3: note: candidate: ‘message_filters::Subscriber<M, NodeType>::Subscriber(NodeType*, const std::string&, rmw_qos_profile_t) [with M = nav_msgs::msg::Odometry_<std::allocator<void> >; NodeType = rclcpp::Node; std::string = std::__cxx11::basic_string<char>; rmw_qos_profile_t = rmw_qos_profile_s]’
[22.232s]   188 |   Subscriber(NodeType * node, const std::string& topic, const rmw_qos_profile_t qos = rmw_qos_profile_default)
[22.232s]       |   ^~~~~~~~~~
[22.232s] /opt/ros/jazzy/include/message_filters/message_filters/subscriber.h:188:25: note:   no known conversion for argument 1 from ‘rclcpp::Node’ to ‘rclcpp::Node*’
[22.233s]   188 |   Subscriber(NodeType * node, const std::string& topic, const rmw_qos_profile_t qos = rmw_qos_profile_default)
[22.233s]       |              ~~~~~~~~~~~^~~~
[22.233s] /opt/ros/jazzy/include/message_filters/message_filters/subscriber.h:183:3: note: candidate: ‘message_filters::Subscriber<M, NodeType>::Subscriber(NodePtr, const std::string&, rmw_qos_profile_t) [with M = nav_msgs::msg::Odometry_<std::allocator<void> >; NodeType = rclcpp::Node; NodePtr = std::shared_ptr<rclcpp::Node>; std::string = std::__cxx11::basic_string<char>; rmw_qos_profile_t = rmw_qos_profile_s]’
[22.233s]   183 |   Subscriber(NodePtr node, const std::string& topic, const rmw_qos_profile_t qos = rmw_qos_profile_default)
[22.233s]       |   ^~~~~~~~~~
[22.233s] /opt/ros/jazzy/include/message_filters/message_filters/subscriber.h:183:22: note:   no known conversion for argument 1 from ‘rclcpp::Node’ to ‘message_filters::Subscriber<nav_msgs::msg::Odometry_<std::allocator<void> > >::NodePtr’ {aka ‘std::shared_ptr<rclcpp::Node>’}
[22.234s]   183 |   Subscriber(NodePtr node, const std::string& topic, const rmw_qos_profile_t qos = rmw_qos_profile_default)
[22.234s]       |              ~~~~~~~~^~~~
[22.236s] /home/neha/ros2_ws/src/semnav_migration/src/navigation_semantic.cpp:143:94: error: ‘LaserScan’ is not a member of ‘sensor_msgs’; did you mean ‘sensor_msgs::msg::LaserScan’?
[22.236s]   143 |                         typedef message_filters::sync_policies::ApproximateTime<sensor_msgs::LaserScan,nav_msgs::msg::Odometry> SyncPolicy;
[22.236s]       |                                                                                              ^~~~~~~~~
[22.236s] /opt/ros/jazzy/include/sensor_msgs/sensor_msgs/msg/detail/laser_scan__struct.hpp:250:7: note: ‘sensor_msgs::msg::LaserScan’ declared here
[22.236s]   250 | using LaserScan =
[22.236s]       |       ^~~~~~~~~
[22.237s] /home/neha/ros2_ws/src/semnav_migration/src/navigation_semantic.cpp:143:127: error: template argument 1 is invalid
[22.237s]   143 |                         typedef message_filters::sync_policies::ApproximateTime<sensor_msgs::LaserScan,nav_msgs::msg::Odometry> SyncPolicy;
[22.237s]       |                                                                                                                               ^
[22.240s] In file included from /home/neha/ros2_ws/src/semnav_migration/include/reactive_planner_lib.h:44:
[22.240s] /opt/ros/jazzy/include/message_filters/message_filters/synchronizer.h: In instantiation of ‘class message_filters::Synchronizer<int>’:
[22.240s] /home/neha/ros2_ws/src/semnav_migration/src/navigation_semantic.cpp:146:64:   required from here
[22.240s] /opt/ros/jazzy/include/message_filters/message_filters/synchronizer.h:53:7: error: base type ‘int’ fails to be a struct or class type
[22.240s]    53 | class Synchronizer : public noncopyable, public Policy
[22.240s]       |       ^~~~~~~~~~~~
[22.241s] /opt/ros/jazzy/include/message_filters/message_filters/synchronizer.h:56:37: error: ‘int’ is not a class, struct, or union type
[22.241s]    56 |   typedef typename Policy::Messages Messages;
[22.241s]       |                                     ^~~~~~~~
[22.241s] /opt/ros/jazzy/include/message_filters/message_filters/synchronizer.h:57:35: error: ‘int’ is not a class, struct, or union type
[22.241s]    57 |   typedef typename Policy::Events Events;
[22.241s]       |                                   ^~~~~~
[22.241s] /opt/ros/jazzy/include/message_filters/message_filters/synchronizer.h:58:35: error: ‘int’ is not a class, struct, or union type
[22.245s]    58 |   typedef typename Policy::Signal Signal;
[22.245s]       |                                   ^~~~~~
[22.245s] /opt/ros/jazzy/include/message_filters/message_filters/synchronizer.h:60:58: error: ‘int’ is not a class, struct, or union type
[22.245s]    60 |   typedef typename std::tuple_element<0, Messages>::type M0;
[22.246s]       |                                                          ^~
[22.246s] /opt/ros/jazzy/include/message_filters/message_filters/synchronizer.h:61:58: error: ‘int’ is not a class, struct, or union type
[22.246s]    61 |   typedef typename std::tuple_element<1, Messages>::type M1;
[22.246s]       |                                                          ^~
[22.246s] /opt/ros/jazzy/include/message_filters/message_filters/synchronizer.h:62:58: error: ‘int’ is not a class, struct, or union type
[22.246s]    62 |   typedef typename std::tuple_element<2, Messages>::type M2;
[22.246s]       |                                                          ^~
[22.249s] /opt/ros/jazzy/include/message_filters/message_filters/synchronizer.h:63:58: error: ‘int’ is not a class, struct, or union type
[22.249s]    63 |   typedef typename std::tuple_element<3, Messages>::type M3;
[22.249s]       |                                                          ^~
[22.249s] /opt/ros/jazzy/include/message_filters/message_filters/synchronizer.h:64:58: error: ‘int’ is not a class, struct, or union type
[22.249s]    64 |   typedef typename std::tuple_element<4, Messages>::type M4;
[22.249s]       |                                                          ^~
[22.249s] /opt/ros/jazzy/include/message_filters/message_filters/synchronizer.h:65:58: error: ‘int’ is not a class, struct, or union type
[22.250s]    65 |   typedef typename std::tuple_element<5, Messages>::type M5;
[22.250s]       |                                                          ^~
[22.250s] /opt/ros/jazzy/include/message_filters/message_filters/synchronizer.h:66:58: error: ‘int’ is not a class, struct, or union type
[22.250s]    66 |   typedef typename std::tuple_element<6, Messages>::type M6;
[22.250s]       |                                                          ^~
[22.250s] /opt/ros/jazzy/include/message_filters/message_filters/synchronizer.h:67:58: error: ‘int’ is not a class, struct, or union type
[22.250s]    67 |   typedef typename std::tuple_element<7, Messages>::type M7;
[22.252s]       |                                                          ^~
[22.253s] /opt/ros/jazzy/include/message_filters/message_filters/synchronizer.h:68:58: error: ‘int’ is not a class, struct, or union type
[22.253s]    68 |   typedef typename std::tuple_element<8, Messages>::type M8;
[22.253s]       |                                                          ^~
[22.254s] /opt/ros/jazzy/include/message_filters/message_filters/synchronizer.h:71:56: error: ‘int’ is not a class, struct, or union type
[22.254s]    71 |   typedef typename std::tuple_element<0, Events>::type M0Event;
[22.254s]       |                                                        ^~~~~~~
[22.254s] /opt/ros/jazzy/include/message_filters/message_filters/synchronizer.h:72:56: error: ‘int’ is not a class, struct, or union type
[22.254s]    72 |   typedef typename std::tuple_element<1, Events>::type M1Event;
[22.254s]       |                                                        ^~~~~~~
[22.254s] /opt/ros/jazzy/include/message_filters/message_filters/synchronizer.h:73:56: error: ‘int’ is not a class, struct, or union type
[22.255s]    73 |   typedef typename std::tuple_element<2, Events>::type M2Event;
[22.255s]       |                                                        ^~~~~~~
[22.255s] /opt/ros/jazzy/include/message_filters/message_filters/synchronizer.h:74:56: error: ‘int’ is not a class, struct, or union type
[22.255s]    74 |   typedef typename std::tuple_element<3, Events>::type M3Event;
[22.255s]       |                                                        ^~~~~~~
[22.255s] /opt/ros/jazzy/include/message_filters/message_filters/synchronizer.h:75:56: error: ‘int’ is not a class, struct, or union type
[22.255s]    75 |   typedef typename std::tuple_element<4, Events>::type M4Event;
[22.258s]       |                                                        ^~~~~~~
[22.258s] /opt/ros/jazzy/include/message_filters/message_filters/synchronizer.h:76:56: error: ‘int’ is not a class, struct, or union type
[22.258s]    76 |   typedef typename std::tuple_element<5, Events>::type M5Event;
[22.258s]       |                                                        ^~~~~~~
[22.258s] /opt/ros/jazzy/include/message_filters/message_filters/synchronizer.h:77:56: error: ‘int’ is not a class, struct, or union type
[22.258s]    77 |   typedef typename std::tuple_element<6, Events>::type M6Event;
[22.258s]       |                                                        ^~~~~~~
[22.258s] /opt/ros/jazzy/include/message_filters/message_filters/synchronizer.h:78:56: error: ‘int’ is not a class, struct, or union type
[22.259s]    78 |   typedef typename std::tuple_element<7, Events>::type M7Event;
[22.259s]       |                                                        ^~~~~~~
[22.259s] /opt/ros/jazzy/include/message_filters/message_filters/synchronizer.h:79:56: error: ‘int’ is not a class, struct, or union type
[22.259s]    79 |   typedef typename std::tuple_element<8, Events>::type M8Event;
[22.259s]       |                                                        ^~~~~~~
[22.259s] /opt/ros/jazzy/include/message_filters/message_filters/synchronizer.h:325:17: error: ‘int’ is not a class, namespace, or enumeration
[22.259s]   325 |   using Policy::add;
[22.262s]       |                 ^~~
[22.262s] /opt/ros/jazzy/include/message_filters/message_filters/synchronizer.h:328:8: error: ‘int’ is not a class, struct, or union type
[22.262s]   328 |   void add(const std::shared_ptr<typename std::tuple_element<i, Messages>::type const>& msg)
[22.262s]       |        ^~~
[22.263s] /opt/ros/jazzy/include/message_filters/message_filters/synchronizer.h:344:8: error: ‘int’ is not a class, struct, or union type
[22.263s]   344 |   void cb(const typename std::tuple_element<i, Events>::type& evt)
[22.263s]       |        ^~
[22.263s] /home/neha/ros2_ws/src/semnav_migration/src/navigation_semantic.cpp:147:55: error: ‘bind’ is not a member of ‘boost’; did you mean ‘find’?
[22.263s]   147 |                         sync->registerCallback(boost::bind(&SemanticNavigationNode::control_callback, this, _1, _2));
[22.263s]       |                                                       ^~~~
[22.263s]       |                                                       find
[22.266s] /home/neha/ros2_ws/src/semnav_migration/src/navigation_semantic.cpp:147:109: error: ‘_1’ was not declared in this scope
[22.266s]   147 |                         sync->registerCallback(boost::bind(&SemanticNavigationNode::control_callback, this, _1, _2));
[22.266s]       |                                                                                                             ^~
[22.266s] /home/neha/ros2_ws/src/semnav_migration/src/navigation_semantic.cpp:147:109: note: suggested alternatives:
[22.266s] In file included from /usr/include/boost/mpl/aux_/include_preprocessed.hpp:37,
[22.266s]                  from /usr/include/boost/mpl/placeholders.hpp:43,
[22.267s]                  from /usr/include/boost/iterator/iterator_categories.hpp:16,
[22.267s]                  from /usr/include/boost/iterator/iterator_facade.hpp:13,
[22.267s]                  from /usr/include/boost/range/iterator_range_core.hpp:27,
[22.267s]                  from /usr/include/boost/lexical_cast.hpp:48,
[22.267s]                  from /usr/include/boost/multiprecision/detail/number_base.hpp:29,
[22.267s]                  from /usr/include/boost/multiprecision/traits/is_variable_precision.hpp:9,
[22.267s]                  from /usr/include/boost/multiprecision/detail/precision.hpp:9,
[22.270s]                  from /usr/include/boost/multiprecision/number.hpp:11,
[22.270s]                  from /usr/include/boost/multiprecision/cpp_int.hpp:19,
[22.270s]                  from /usr/include/boost/multiprecision/cpp_bin_float.hpp:15,
[22.270s]                  from /usr/include/boost/geometry/core/coordinate_promotion.hpp:16,
[22.270s]                  from /usr/include/boost/geometry/core/radian_access.hpp:30,
[22.270s]                  from /usr/include/boost/geometry/geometry.hpp:50,
[22.271s]                  from /usr/include/boost/geometry.hpp:17,
[22.271s]                  from /home/neha/ros2_ws/src/semnav_migration/include/reactive_planner_lib.h:26:
[22.271s] /usr/include/boost/mpl/aux_/preprocessed/gcc/placeholders.hpp:29:16: note:   ‘mpl_::_1’
[22.271s]    29 | typedef arg<1> _1;
[22.271s]       |                ^~
[22.271s] In file included from /usr/include/boost/numeric/conversion/converter_policies.hpp:13,
[22.271s]                  from /usr/include/boost/numeric/conversion/converter.hpp:14,
[22.275s]                  from /usr/include/boost/numeric/conversion/cast.hpp:33,
[22.275s]                  from /usr/include/boost/geometry/core/radian_access.hpp:26:
[22.275s] /usr/include/c++/13/functional:294:48: note:   ‘std::placeholders::_1’
[22.275s]   294 |     _GLIBCXX_PLACEHOLDER const _Placeholder<1> _1;
[22.275s]       |                                                ^~
[22.275s] /usr/include/boost/mpl/aux_/preprocessed/gcc/placeholders.hpp:29:16: note:   ‘mpl_::_1’
[22.276s]    29 | typedef arg<1> _1;
[22.276s]       |                ^~
[22.276s] In file included from /usr/include/boost/describe/members.hpp:20,
[22.276s]                  from /usr/include/boost/container_hash/is_described_class.hpp:11,
[22.276s]                  from /usr/include/boost/container_hash/hash.hpp:18,
[22.276s]                  from /usr/include/boost/functional/hash.hpp:6,
[22.276s]                  from /usr/include/CGAL/Kernel/hash_functions.h:16,
[22.279s]                  from /usr/include/CGAL/Kernel/global_functions.h:25,
[22.279s]                  from /usr/include/CGAL/Cartesian/Cartesian_base.h:22,
[22.279s]                  from /usr/include/CGAL/Simple_cartesian.h:20,
[22.279s]                  from /usr/include/CGAL/Exact_predicates_inexact_constructions_kernel.h:20,
[22.279s]                  from /home/neha/ros2_ws/src/semnav_migration/include/polygeom_lib.h:32,
[22.279s]                  from /home/neha/ros2_ws/src/semnav_migration/include/reactive_planner_lib.h:50:
[22.279s] /usr/include/boost/mp11/bind.hpp:45:7: note:   ‘boost::mp11::_1’
[22.280s]    45 | using _1 = mp_arg<0>;
[22.280s]       |       ^~
[22.280s] /usr/include/boost/mpl/aux_/preprocessed/gcc/placeholders.hpp:29:16: note:   ‘mpl_::_1’
[22.280s]    29 | typedef arg<1> _1;
[22.280s]       |                ^~
[22.280s] /home/neha/ros2_ws/src/semnav_migration/src/navigation_semantic.cpp:147:113: error: ‘_2’ was not declared in this scope
[22.280s]   147 |                         sync->registerCallback(boost::bind(&SemanticNavigationNode::control_callback, this, _1, _2));
[22.283s]       |                                                                                                                 ^~
[22.283s] /home/neha/ros2_ws/src/semnav_migration/src/navigation_semantic.cpp:147:113: note: suggested alternatives:
[22.283s] /usr/include/boost/mpl/aux_/preprocessed/gcc/placeholders.hpp:42:16: note:   ‘mpl_::_2’
[22.283s]    42 | typedef arg<2> _2;
[22.283s]       |                ^~
[22.283s] /usr/include/c++/13/functional:295:48: note:   ‘std::placeholders::_2’
[22.283s]   295 |     _GLIBCXX_PLACEHOLDER const _Placeholder<2> _2;
[22.284s]       |                                                ^~
[22.284s] /usr/include/boost/mpl/aux_/preprocessed/gcc/placeholders.hpp:42:16: note:   ‘mpl_::_2’
[22.284s]    42 | typedef arg<2> _2;
[22.284s]       |                ^~
[22.284s] /usr/include/boost/mp11/bind.hpp:46:7: note:   ‘boost::mp11::_2’
[22.284s]    46 | using _2 = mp_arg<1>;
[22.284s]       |       ^~
[22.287s] /usr/include/boost/mpl/aux_/preprocessed/gcc/placeholders.hpp:42:16: note:   ‘mpl_::_2’
[22.287s]    42 | typedef arg<2> _2;
[22.287s]       |                ^~
[22.287s] /home/neha/ros2_ws/src/semnav_migration/src/navigation_semantic.cpp:149:25: error: ‘ros’ has not been declared
[22.287s]   149 |                         ros::Subscriber sub_semantic = nh_.subscribe(sub_semantic_topic_, 1, &SemanticNavigationNode::diffeo_tree_update, this);
[22.287s]       |                         ^~~
[22.288s] /home/neha/ros2_ws/src/semnav_migration/src/navigation_semantic.cpp:153:25: error: ‘ros’ has not been declared
[22.288s]   153 |                         ros::Duration(5.0).sleep();
[22.288s]       |                         ^~~
[22.288s] /home/neha/ros2_ws/src/semnav_migration/src/navigation_semantic.cpp:160:25: error: ‘ros’ has not been declared
[22.288s]   160 |                         ros::spin();
[22.288s]       |                         ^~~
[22.326s] /home/neha/ros2_ws/src/semnav_migration/src/navigation_semantic.cpp: In member function ‘void SemanticNavigationNode::publish_twist(double, double)’:
[22.326s] /home/neha/ros2_ws/src/semnav_migration/src/navigation_semantic.cpp:167:25: error: ‘pub_twist_’ was not declared in this scope; did you mean ‘publish_twist’?
[22.326s]   167 |                         pub_twist_.publish(commandTwist);
[22.326s]       |                         ^~~~~~~~~~
[22.326s]       |                         publish_twist
[22.332s] /home/neha/ros2_ws/src/semnav_migration/src/navigation_semantic.cpp: In member function ‘void SemanticNavigationNode::publish_behavior_id(uint16_t)’:
[22.332s] /home/neha/ros2_ws/src/semnav_migration/src/navigation_semantic.cpp:172:32: error: ‘UInt32’ is not a member of ‘std_msgs::msg’
[22.332s]   172 |                 std_msgs::msg::UInt32 commandId;
[22.332s]       |                                ^~~~~~
[22.374s] /home/neha/ros2_ws/src/semnav_migration/src/navigation.cpp:148:55: error: ‘bind’ is not a member of ‘boost’; did you mean ‘find’?
[22.374s]   148 |                         sync->registerCallback(boost::bind(&NavigationNode::control_callback, this, _1, _2));
[22.374s]       |                                                       ^~~~
[22.374s]       |                                                       find
[22.379s] /home/neha/ros2_ws/src/semnav_migration/src/navigation.cpp:148:101: error: ‘_1’ was not declared in this scope
[22.379s]   148 |                         sync->registerCallback(boost::bind(&NavigationNode::control_callback, this, _1, _2));
[22.379s]       |                                                                                                     ^~
[22.381s] /home/neha/ros2_ws/src/semnav_migration/src/navigation_semantic.cpp:173:25: error: ‘commandId’ was not declared in this scope
[22.381s]   173 |                         commandId.data = BehaviorIdCmd;
[22.381s]       |                         ^~~~~~~~~
[22.382s] /home/neha/ros2_ws/src/semnav_migration/src/navigation.cpp:148:101: note: suggested alternatives:
[22.382s] In file included from /usr/include/boost/mpl/aux_/include_preprocessed.hpp:37,
[22.382s]                  from /usr/include/boost/mpl/placeholders.hpp:43,
[22.382s]                  from /usr/include/boost/iterator/iterator_categories.hpp:16,
[22.382s]                  from /usr/include/boost/iterator/iterator_facade.hpp:13,
[22.382s]                  from /usr/include/boost/range/iterator_range_core.hpp:27,
[22.382s]                  from /usr/include/boost/lexical_cast.hpp:48,
[22.382s]                  from /usr/include/boost/multiprecision/detail/number_base.hpp:29,
[22.385s]                  from /usr/include/boost/multiprecision/traits/is_variable_precision.hpp:9,
[22.385s]                  from /usr/include/boost/multiprecision/detail/precision.hpp:9,
[22.385s]                  from /usr/include/boost/multiprecision/number.hpp:11,
[22.385s]                  from /usr/include/boost/multiprecision/cpp_int.hpp:19,
[22.385s]                  from /usr/include/boost/multiprecision/cpp_bin_float.hpp:15,
[22.385s]                  from /usr/include/boost/geometry/core/coordinate_promotion.hpp:16,
[22.385s]                  from /usr/include/boost/geometry/core/radian_access.hpp:30,
[22.386s]                  from /usr/include/boost/geometry/geometry.hpp:50,
[22.386s]                  from /usr/include/boost/geometry.hpp:17,
[22.386s]                  from /home/neha/ros2_ws/src/semnav_migration/include/reactive_planner_lib.h:26:
[22.386s] /usr/include/boost/mpl/aux_/preprocessed/gcc/placeholders.hpp:29:16: note:   ‘mpl_::_1’
[22.386s]    29 | typedef arg<1> _1;
[22.386s]       |                ^~
[22.386s] In file included from /usr/include/boost/numeric/conversion/converter_policies.hpp:13,
[22.386s]                  from /usr/include/boost/numeric/conversion/converter.hpp:14,
[22.388s]                  from /usr/include/boost/numeric/conversion/cast.hpp:33,
[22.388s]                  from /usr/include/boost/geometry/core/radian_access.hpp:26:
[22.388s] /usr/include/c++/13/functional:294:48: note:   ‘std::placeholders::_1’
[22.389s]   294 |     _GLIBCXX_PLACEHOLDER const _Placeholder<1> _1;
[22.389s]       |                                                ^~
[22.389s] /usr/include/boost/mpl/aux_/preprocessed/gcc/placeholders.hpp:29:16: note:   ‘mpl_::_1’
[22.389s]    29 | typedef arg<1> _1;
[22.389s]       |                ^~
[22.389s] In file included from /usr/include/boost/describe/members.hpp:20,
[22.389s]                  from /usr/include/boost/container_hash/is_described_class.hpp:11,
[22.390s]                  from /usr/include/boost/container_hash/hash.hpp:18,
[22.390s]                  from /usr/include/boost/functional/hash.hpp:6,
[22.390s]                  from /usr/include/CGAL/Kernel/hash_functions.h:16,
[22.390s]                  from /usr/include/CGAL/Kernel/global_functions.h:25,
[22.390s]                  from /usr/include/CGAL/Cartesian/Cartesian_base.h:22,
[22.390s]                  from /usr/include/CGAL/Simple_cartesian.h:20,
[22.390s]                  from /usr/include/CGAL/Exact_predicates_inexact_constructions_kernel.h:20,
[22.390s]                  from /home/neha/ros2_ws/src/semnav_migration/include/polygeom_lib.h:32,
[22.394s]                  from /home/neha/ros2_ws/src/semnav_migration/include/reactive_planner_lib.h:50:
[22.394s] /usr/include/boost/mp11/bind.hpp:45:7: note:   ‘boost::mp11::_1’
[22.395s]    45 | using _1 = mp_arg<0>;
[22.395s]       |       ^~
[22.395s] /usr/include/boost/mpl/aux_/preprocessed/gcc/placeholders.hpp:29:16: note:   ‘mpl_::_1’
[22.395s]    29 | typedef arg<1> _1;
[22.395s]       |                ^~
[22.395s] /home/neha/ros2_ws/src/semnav_migration/src/navigation.cpp:148:105: error: ‘_2’ was not declared in this scope
[22.395s]   148 |                         sync->registerCallback(boost::bind(&NavigationNode::control_callback, this, _1, _2));
[22.395s]       |                                                                                                         ^~
[22.398s] /home/neha/ros2_ws/src/semnav_migration/src/navigation.cpp:148:105: note: suggested alternatives:
[22.398s] /usr/include/boost/mpl/aux_/preprocessed/gcc/placeholders.hpp:42:16: note:   ‘mpl_::_2’
[22.398s]    42 | typedef arg<2> _2;
[22.398s]       |                ^~
[22.398s] /usr/include/c++/13/functional:295:48: note:   ‘std::placeholders::_2’
[22.398s]   295 |     _GLIBCXX_PLACEHOLDER const _Placeholder<2> _2;
[22.398s]       |                                                ^~
[22.399s] /usr/include/boost/mpl/aux_/preprocessed/gcc/placeholders.hpp:42:16: note:   ‘mpl_::_2’
[22.399s]    42 | typedef arg<2> _2;
[22.399s]       |                ^~
[22.399s] /usr/include/boost/mp11/bind.hpp:46:7: note:   ‘boost::mp11::_2’
[22.399s]    46 | using _2 = mp_arg<1>;
[22.399s]       |       ^~
[22.399s] /usr/include/boost/mpl/aux_/preprocessed/gcc/placeholders.hpp:42:16: note:   ‘mpl_::_2’
[22.399s]    42 | typedef arg<2> _2;
[22.402s]       |                ^~
[22.402s] /home/neha/ros2_ws/src/semnav_migration/src/navigation.cpp:150:65: error: ‘class rclcpp::Node’ has no member named ‘subscribe’
[22.402s]   150 |                         rclcpp::Subscription sub_semantic = nh_.subscribe(sub_semantic_topic_, 1, &NavigationNode::diffeo_tree_update, this);
[22.402s]       |                                                                 ^~~~~~~~~
[22.402s] /home/neha/ros2_ws/src/semnav_migration/src/navigation.cpp:154:45: error: no matching function for call to ‘rclcpp::Duration::Duration(double)’
[22.402s]   154 |                         rclcpp::Duration(5.0).sleep();
[22.402s]       |                                             ^
[22.403s] In file included from /opt/ros/jazzy/include/rclcpp/rclcpp/time.hpp:24,
[22.403s]                  from /opt/ros/jazzy/include/rclcpp/rclcpp/clock.hpp:24,
[22.403s]                  from /opt/ros/jazzy/include/rclcpp/rclcpp/client.hpp:38,
[22.403s]                  from /opt/ros/jazzy/include/rclcpp/rclcpp/callback_group.hpp:24,
[22.403s]                  from /opt/ros/jazzy/include/rclcpp/rclcpp/any_executable.hpp:20,
[22.403s]                  from /opt/ros/jazzy/include/rclcpp/rclcpp/memory_strategy.hpp:25,
[22.403s]                  from /opt/ros/jazzy/include/rclcpp/rclcpp/memory_strategies.hpp:18,
[22.403s]                  from /opt/ros/jazzy/include/rclcpp/rclcpp/executor_options.hpp:22,
[22.406s]                  from /opt/ros/jazzy/include/rclcpp/rclcpp/executor.hpp:38,
[22.406s]                  from /opt/ros/jazzy/include/rclcpp/rclcpp/executors/multi_threaded_executor.hpp:25,
[22.406s]                  from /opt/ros/jazzy/include/rclcpp/rclcpp/executors.hpp:21:
[22.406s] /opt/ros/jazzy/include/rclcpp/rclcpp/duration.hpp:49:3: note: candidate: ‘template<class Rep, class Period> rclcpp::Duration::Duration(const std::chrono::duration<_Rep1, _Period1>&)’
[22.406s]    49 |   Duration(const std::chrono::duration<Rep, Period> & duration)  // NOLINT(runtime/explicit)
[22.406s]       |   ^~~~~~~~
[22.406s] /opt/ros/jazzy/include/rclcpp/rclcpp/duration.hpp:49:3: note:   template argument deduction/substitution failed:
[22.407s] /home/neha/ros2_ws/src/semnav_migration/src/navigation.cpp:154:45: note:   mismatched types ‘const std::chrono::duration<_Rep1, _Period1>’ and ‘double’
[22.407s]   154 |                         rclcpp::Duration(5.0).sleep();
[22.407s]       |                                             ^
[22.407s] /opt/ros/jazzy/include/rclcpp/rclcpp/duration.hpp:159:3: note: candidate: ‘rclcpp::Duration::Duration()’
[22.407s]   159 |   Duration() = default;
[22.407s]       |   ^~~~~~~~
[22.407s] /opt/ros/jazzy/include/rclcpp/rclcpp/duration.hpp:159:3: note:   candidate expects 0 arguments, 1 provided
[22.407s] /opt/ros/jazzy/include/rclcpp/rclcpp/duration.hpp:62:3: note: candidate: ‘rclcpp::Duration::Duration(const rclcpp::Duration&)’
[22.410s]    62 |   Duration(const Duration & rhs);
[22.410s]       |   ^~~~~~~~
[22.410s] /opt/ros/jazzy/include/rclcpp/rclcpp/duration.hpp:62:29: note:   no known conversion for argument 1 from ‘double’ to ‘const rclcpp::Duration&’
[22.410s]    62 |   Duration(const Duration & rhs);
[22.410s]       |            ~~~~~~~~~~~~~~~~~^~~
[22.410s] /opt/ros/jazzy/include/rclcpp/rclcpp/duration.hpp:60:12: note: candidate: ‘rclcpp::Duration::Duration(const rcl_duration_t&)’
[22.410s]    60 |   explicit Duration(const rcl_duration_t & duration);
[22.411s]       |            ^~~~~~~~
[22.411s] /opt/ros/jazzy/include/rclcpp/rclcpp/duration.hpp:60:44: note:   no known conversion for argument 1 from ‘double’ to ‘const rcl_duration_t&’ {aka ‘const rcl_duration_s&’}
[22.411s]    60 |   explicit Duration(const rcl_duration_t & duration);
[22.411s]       |                     ~~~~~~~~~~~~~~~~~~~~~~~^~~~~~~~
[22.411s] /opt/ros/jazzy/include/rclcpp/rclcpp/duration.hpp:54:3: note: candidate: ‘rclcpp::Duration::Duration(const builtin_interfaces::msg::Duration&)’
[22.411s]    54 |   Duration(const builtin_interfaces::msg::Duration & duration_msg);  // NOLINT(runtime/explicit)
[22.411s]       |   ^~~~~~~~
[22.413s] /opt/ros/jazzy/include/rclcpp/rclcpp/duration.hpp:54:54: note:   no known conversion for argument 1 from ‘double’ to ‘const builtin_interfaces::msg::Duration&’ {aka ‘const builtin_interfaces::msg::Duration_<std::allocator<void> >&’}
[22.414s]    54 |   Duration(const builtin_interfaces::msg::Duration & duration_msg);  // NOLINT(runtime/explicit)
[22.414s]       |            ~~~~~~~~~~~~~~~~~~~~~~~~~~~~~~~~~~~~~~~~~~^~~~~~~~~~~~
[22.414s] /opt/ros/jazzy/include/rclcpp/rclcpp/duration.hpp:43:12: note: candidate: ‘rclcpp::Duration::Duration(std::chrono::nanoseconds)’
[22.414s]    43 |   explicit Duration(std::chrono::nanoseconds nanoseconds);
[22.414s]       |            ^~~~~~~~
[22.414s] /opt/ros/jazzy/include/rclcpp/rclcpp/duration.hpp:43:46: note:   no known conversion for argument 1 from ‘double’ to ‘std::chrono::nanoseconds’ {aka ‘std::chrono::duration<long int, std::ratio<1, 1000000000> >’}
[22.415s]    43 |   explicit Duration(std::chrono::nanoseconds nanoseconds);
[22.415s]       |                     ~~~~~~~~~~~~~~~~~~~~~~~~~^~~~~~~~~~~
[22.415s] /opt/ros/jazzy/include/rclcpp/rclcpp/duration.hpp:40:3: note: candidate: ‘rclcpp::Duration::Duration(int32_t, uint32_t)’
[22.415s]    40 |   Duration(int32_t seconds, uint32_t nanoseconds);
[22.415s]       |   ^~~~~~~~
[22.415s] /opt/ros/jazzy/include/rclcpp/rclcpp/duration.hpp:40:3: note:   candidate expects 2 arguments, 1 provided
[22.440s] /home/neha/ros2_ws/src/semnav_migration/src/navigation.cpp:161:38: error: ‘node_ptr’ was not declared in this scope; did you mean ‘mode_t’?
[22.441s]   161 |                         rclcpp::spin(node_ptr);
[22.441s]       |                                      ^~~~~~~~
[22.441s]       |                                      mode_t
[22.451s] /home/neha/ros2_ws/src/semnav_migration/src/navigation.cpp: In member function ‘void NavigationNode::publish_behavior_id(uint16_t)’:
[22.451s] /home/neha/ros2_ws/src/semnav_migration/src/navigation.cpp:173:28: error: ‘UInt32’ is not a member of ‘std_msgs::msg’
[22.451s]   173 |             std_msgs::msg::UInt32 commandId;
[22.451s]       |                            ^~~~~~
[22.464s] /home/neha/ros2_ws/src/semnav_migration/src/navigation_semantic.cpp:174:25: error: ‘pub_behaviorID_’ was not declared in this scope; did you mean ‘pub_behaviorID_topic_’?
[22.464s]   174 |                         pub_behaviorID_.publish(commandId);
[22.465s]       |                         ^~~~~~~~~~~~~~~
[22.465s]       |                         pub_behaviorID_topic_
[22.468s] /home/neha/ros2_ws/src/semnav_migration/src/navigation_semantic.cpp: In member function ‘void SemanticNavigationNode::publish_behavior_mode(uint16_t)’:
[22.468s] /home/neha/ros2_ws/src/semnav_migration/src/navigation_semantic.cpp:179:28: error: ‘UInt32’ is not a member of ‘std_msgs::msg’
[22.468s]   179 |             std_msgs::msg::UInt32 commandMode;
[22.469s]       |                            ^~~~~~
[22.500s] /home/neha/ros2_ws/src/semnav_migration/src/navigation.cpp:174:25: error: ‘commandId’ was not declared in this scope
[22.500s]   174 |                         commandId.data = BehaviorIdCmd;
[22.500s]       |                         ^~~~~~~~~
[22.505s] /home/neha/ros2_ws/src/semnav_migration/src/navigation.cpp: In member function ‘void NavigationNode::publish_behavior_mode(uint16_t)’:
[22.505s] /home/neha/ros2_ws/src/semnav_migration/src/navigation.cpp:180:28: error: ‘UInt32’ is not a member of ‘std_msgs::msg’
[22.505s]   180 |             std_msgs::msg::UInt32 commandMode;
[22.505s]       |                            ^~~~~~
[22.532s] /home/neha/ros2_ws/src/semnav_migration/src/navigation_semantic.cpp:180:25: error: ‘commandMode’ was not declared in this scope
[22.532s]   180 |                         commandMode.data = BehaviorModeCmd;
[22.532s]       |                         ^~~~~~~~~~~
[22.568s] /home/neha/ros2_ws/src/semnav_migration/src/navigation.cpp:181:25: error: ‘commandMode’ was not declared in this scope
[22.568s]   181 |                         commandMode.data = BehaviorModeCmd;
[22.568s]       |                         ^~~~~~~~~~~
[22.622s] /home/neha/ros2_ws/src/semnav_migration/src/navigation.cpp: In member function ‘void NavigationNode::control_callback(const sensor_msgs::msg::LaserScan_<std::allocator<void> >::ConstPtr&, const nav_msgs::msg::Odometry_<std::allocator<void> >::ConstPtr&)’:
[22.622s] /home/neha/ros2_ws/src/semnav_migration/src/navigation.cpp:355:60: error: ‘now’ is not a member of ‘rclcpp::Time’
[22.622s]   355 |                         double before_time = rclcpp::Time::now().toSec();
[22.622s]       |                                                            ^~~
[22.627s] /home/neha/ros2_ws/src/semnav_migration/src/navigation.cpp:358:33: error: ‘PoseStamped’ is not a member of ‘geometry_msgs::msg’
[22.627s]   358 |             geometry_msgs::msg::PoseStamped odomPose, mapPose;
[22.627s]       |                                 ^~~~~~~~~~~
[22.628s] /home/neha/ros2_ws/src/semnav_migration/src/navigation_semantic.cpp:181:25: error: ‘pub_behaviorMode_’ was not declared in this scope; did you mean ‘pub_behaviorMode_topic_’?
[22.628s]   181 |                         pub_behaviorMode_.publish(commandMode);
[22.628s]       |                         ^~~~~~~~~~~~~~~~~
[22.628s]       |                         pub_behaviorMode_topic_
[22.673s] /home/neha/ros2_ws/src/semnav_migration/src/navigation.cpp:359:25: error: ‘odomPose’ was not declared in this scope
[22.674s]   359 |                         odomPose.header.stamp = rclcpp::Time(0);
[22.674s]       |                         ^~~~~~~~
[22.683s] /home/neha/ros2_ws/src/semnav_migration/src/navigation_semantic.cpp: In member function ‘void SemanticNavigationNode::control_callback(const sensor_msgs::msg::LaserScan_<std::allocator<void> >::ConstPtr&, const nav_msgs::msg::Odometry_<std::allocator<void> >::ConstPtr&)’:
[22.683s] /home/neha/ros2_ws/src/semnav_migration/src/navigation_semantic.cpp:395:46: error: ‘ros’ has not been declared
[22.683s]   395 |                         double before_time = ros::Time::now().toSec();
[22.683s]       |                                              ^~~
[22.685s] /home/neha/ros2_ws/src/semnav_migration/src/navigation_semantic.cpp:398:40: error: ‘PoseStamped’ is not a member of ‘geometry_msgs’
[22.685s]   398 |                         geometry_msgs::PoseStamped odomPose, mapPose;
[22.685s]       |                                        ^~~~~~~~~~~
[22.725s] /home/neha/ros2_ws/src/semnav_migration/src/navigation.cpp:363:33: error: ‘listener_’ was not declared in this scope
[22.725s]   363 |                                 listener_.waitForTransform(world_frame_id_, odom_frame_id_, rclcpp::Time(0), rclcpp::Duration(1.0));
[22.725s]       |                                 ^~~~~~~~~
[22.726s] /home/neha/ros2_ws/src/semnav_migration/src/navigation.cpp:363:130: error: no matching function for call to ‘rclcpp::Duration::Duration(double)’
[22.726s]   363 |                                 listener_.waitForTransform(world_frame_id_, odom_frame_id_, rclcpp::Time(0), rclcpp::Duration(1.0));
[22.726s]       |                                                                                                                                  ^
[22.726s] /opt/ros/jazzy/include/rclcpp/rclcpp/duration.hpp:49:3: note: candidate: ‘template<class Rep, class Period> rclcpp::Duration::Duration(const std::chrono::duration<_Rep1, _Period1>&)’
[22.726s]    49 |   Duration(const std::chrono::duration<Rep, Period> & duration)  // NOLINT(runtime/explicit)
[22.726s]       |   ^~~~~~~~
[22.726s] /opt/ros/jazzy/include/rclcpp/rclcpp/duration.hpp:49:3: note:   template argument deduction/substitution failed:
[22.729s] /home/neha/ros2_ws/src/semnav_migration/src/navigation.cpp:363:130: note:   mismatched types ‘const std::chrono::duration<_Rep1, _Period1>’ and ‘double’
[22.729s]   363 |                                 listener_.waitForTransform(world_frame_id_, odom_frame_id_, rclcpp::Time(0), rclcpp::Duration(1.0));
[22.729s]       |                                                                                                                                  ^
[22.729s] /opt/ros/jazzy/include/rclcpp/rclcpp/duration.hpp:159:3: note: candidate: ‘rclcpp::Duration::Duration()’
[22.729s]   159 |   Duration() = default;
[22.729s]       |   ^~~~~~~~
[22.729s] /opt/ros/jazzy/include/rclcpp/rclcpp/duration.hpp:159:3: note:   candidate expects 0 arguments, 1 provided
[22.730s] /opt/ros/jazzy/include/rclcpp/rclcpp/duration.hpp:62:3: note: candidate: ‘rclcpp::Duration::Duration(const rclcpp::Duration&)’
[22.730s]    62 |   Duration(const Duration & rhs);
[22.730s]       |   ^~~~~~~~
[22.730s] /opt/ros/jazzy/include/rclcpp/rclcpp/duration.hpp:62:29: note:   no known conversion for argument 1 from ‘double’ to ‘const rclcpp::Duration&’
[22.730s]    62 |   Duration(const Duration & rhs);
[22.730s]       |            ~~~~~~~~~~~~~~~~~^~~
[22.730s] /opt/ros/jazzy/include/rclcpp/rclcpp/duration.hpp:60:12: note: candidate: ‘rclcpp::Duration::Duration(const rcl_duration_t&)’
[22.730s]    60 |   explicit Duration(const rcl_duration_t & duration);
[22.733s]       |            ^~~~~~~~
[22.733s] /opt/ros/jazzy/include/rclcpp/rclcpp/duration.hpp:60:44: note:   no known conversion for argument 1 from ‘double’ to ‘const rcl_duration_t&’ {aka ‘const rcl_duration_s&’}
[22.733s]    60 |   explicit Duration(const rcl_duration_t & duration);
[22.733s]       |                     ~~~~~~~~~~~~~~~~~~~~~~~^~~~~~~~
[22.733s] /opt/ros/jazzy/include/rclcpp/rclcpp/duration.hpp:54:3: note: candidate: ‘rclcpp::Duration::Duration(const builtin_interfaces::msg::Duration&)’
[22.733s]    54 |   Duration(const builtin_interfaces::msg::Duration & duration_msg);  // NOLINT(runtime/explicit)
[22.733s]       |   ^~~~~~~~
[22.734s] /opt/ros/jazzy/include/rclcpp/rclcpp/duration.hpp:54:54: note:   no known conversion for argument 1 from ‘double’ to ‘const builtin_interfaces::msg::Duration&’ {aka ‘const builtin_interfaces::msg::Duration_<std::allocator<void> >&’}
[22.734s]    54 |   Duration(const builtin_interfaces::msg::Duration & duration_msg);  // NOLINT(runtime/explicit)
[22.734s]       |            ~~~~~~~~~~~~~~~~~~~~~~~~~~~~~~~~~~~~~~~~~~^~~~~~~~~~~~
[22.734s] /opt/ros/jazzy/include/rclcpp/rclcpp/duration.hpp:43:12: note: candidate: ‘rclcpp::Duration::Duration(std::chrono::nanoseconds)’
[22.734s]    43 |   explicit Duration(std::chrono::nanoseconds nanoseconds);
[22.734s]       |            ^~~~~~~~
[22.734s] /opt/ros/jazzy/include/rclcpp/rclcpp/duration.hpp:43:46: note:   no known conversion for argument 1 from ‘double’ to ‘std::chrono::nanoseconds’ {aka ‘std::chrono::duration<long int, std::ratio<1, 1000000000> >’}
[22.737s]    43 |   explicit Duration(std::chrono::nanoseconds nanoseconds);
[22.737s]       |                     ~~~~~~~~~~~~~~~~~~~~~~~~~^~~~~~~~~~~
[22.737s] /opt/ros/jazzy/include/rclcpp/rclcpp/duration.hpp:40:3: note: candidate: ‘rclcpp::Duration::Duration(int32_t, uint32_t)’
[22.737s]    40 |   Duration(int32_t seconds, uint32_t nanoseconds);
[22.737s]       |   ^~~~~~~~
[22.737s] /opt/ros/jazzy/include/rclcpp/rclcpp/duration.hpp:40:3: note:   candidate expects 2 arguments, 1 provided
[22.738s] /home/neha/ros2_ws/src/semnav_migration/src/navigation_semantic.cpp:399:25: error: ‘odomPose’ was not declared in this scope
[22.738s]   399 |                         odomPose.header.stamp = ros::Time(0);
[22.738s]       |                         ^~~~~~~~
[22.738s] /home/neha/ros2_ws/src/semnav_migration/src/navigation_semantic.cpp:399:49: error: ‘ros’ has not been declared
[22.738s]   399 |                         odomPose.header.stamp = ros::Time(0);
[22.738s]       |                                                 ^~~
[22.768s] /home/neha/ros2_ws/src/semnav_migration/src/navigation.cpp:364:84: error: ‘mapPose’ was not declared in this scope
[22.769s]   364 |                                 listener_.transformPose(world_frame_id_, odomPose, mapPose);
[22.769s]       |                                                                                    ^~~~~~~
[22.778s] /home/neha/ros2_ws/src/semnav_migration/src/navigation_semantic.cpp:403:33: error: ‘listener_’ was not declared in this scope
[22.778s]   403 |                                 listener_.waitForTransform(world_frame_id_, odom_frame_id_, ros::Time(0), ros::Duration(1.0));
[22.779s]       |                                 ^~~~~~~~~
[22.779s] /home/neha/ros2_ws/src/semnav_migration/src/navigation_semantic.cpp:403:93: error: ‘ros’ has not been declared
[22.779s]   403 |                                 listener_.waitForTransform(world_frame_id_, odom_frame_id_, ros::Time(0), ros::Duration(1.0));
[22.779s]       |                                                                                             ^~~
[22.779s] /home/neha/ros2_ws/src/semnav_migration/src/navigation_semantic.cpp:403:107: error: ‘ros’ has not been declared
[22.779s]   403 |                                 listener_.waitForTransform(world_frame_id_, odom_frame_id_, ros::Time(0), ros::Duration(1.0));
[22.779s]       |                                                                                                           ^~~
[22.814s] /home/neha/ros2_ws/src/semnav_migration/src/navigation_semantic.cpp:404:84: error: ‘mapPose’ was not declared in this scope
[22.814s]   404 |                                 listener_.transformPose(world_frame_id_, odomPose, mapPose);
[22.814s]       |                                                                                    ^~~~~~~
[22.818s] /home/neha/ros2_ws/src/semnav_migration/src/navigation.cpp:366:33: error: ‘ROS_ERROR’ was not declared in this scope
[22.818s]   366 |                                 ROS_ERROR("%s",ex.what());
[22.818s]       |                                 ^~~~~~~~~
[22.821s] /home/neha/ros2_ws/src/semnav_migration/src/navigation_semantic.cpp:405:34: error: ‘tf’ does not name a type; did you mean ‘tm’?
[22.821s]   405 |                         } catch (tf::TransformException &ex) {
[22.821s]       |                                  ^~
[22.821s]       |                                  tm
[22.821s] /home/neha/ros2_ws/src/semnav_migration/src/navigation_semantic.cpp:405:57: error: expected unqualified-id before ‘&’ token
[22.822s]   405 |                         } catch (tf::TransformException &ex) {
[22.822s]       |                                                         ^
[22.822s] /home/neha/ros2_ws/src/semnav_migration/src/navigation_semantic.cpp:405:57: error: expected ‘)’ before ‘&’ token
[22.822s] /home/neha/ros2_ws/src/semnav_migration/src/navigation_semantic.cpp:405:33: note: to match this ‘(’
[22.822s]   405 |                         } catch (tf::TransformException &ex) {
[22.822s]       |                                 ^
[22.822s] /home/neha/ros2_ws/src/semnav_migration/src/navigation_semantic.cpp:405:57: error: expected ‘{’ before ‘&’ token
[22.822s]   405 |                         } catch (tf::TransformException &ex) {
[22.825s]       |                                                         ^
[22.852s] /home/neha/ros2_ws/src/semnav_migration/src/navigation_semantic.cpp:405:58: error: ‘ex’ was not declared in this scope; did you mean ‘exp’?
[22.852s]   405 |                         } catch (tf::TransformException &ex) {
[22.852s]       |                                                          ^~
[22.853s]       |                                                          exp
[22.854s] /home/neha/ros2_ws/src/semnav_migration/src/navigation_semantic.cpp:411:25: error: ‘tf’ has not been declared
[22.854s]   411 |                         tf::Quaternion rotation = tf::Quaternion(mapPose.pose.orientation.x,
[22.854s]       |                         ^~
[22.854s] /home/neha/ros2_ws/src/semnav_migration/src/navigation_semantic.cpp:415:25: error: ‘tf’ has not been declared
[22.854s]   415 |                         tf::Matrix3x3 m(rotation);
[22.854s]       |                         ^~
[22.863s] /home/neha/ros2_ws/src/semnav_migration/src/navigation.cpp:371:68: error: ‘mapPose’ was not declared in this scope
[22.863s]   371 |                         tf2::Quaternion rotation = tf2::Quaternion(mapPose.pose.orientation.x,
[22.863s]       |                                                                    ^~~~~~~
[22.864s] /home/neha/ros2_ws/src/semnav_migration/src/navigation.cpp:393:42: error: could not convert ‘lidar_data’ from ‘shared_ptr<LaserScan_<[...]>>’ to ‘shared_ptr<LaserScan_<[...]>>’
[22.864s]   393 |                         constructLIDAR2D(lidar_data, CutoffRange_, AllowableRange_, RobotPitch_, &LIDAR);
[22.864s]       |                                          ^~~~~~~~~~
[22.864s]       |                                          |
[22.865s]       |                                          shared_ptr<LaserScan_<[...]>>
[22.887s] /home/neha/ros2_ws/src/semnav_migration/src/navigation.cpp:567:53: error: no matching function for call to ‘rclcpp::Duration::Duration(double)’
[22.887s]   567 |                                 rclcpp::Duration(5.0).sleep();
[22.887s]       |                                                     ^
[22.888s] /opt/ros/jazzy/include/rclcpp/rclcpp/duration.hpp:49:3: note: candidate: ‘template<class Rep, class Period> rclcpp::Duration::Duration(const std::chrono::duration<_Rep1, _Period1>&)’
[22.888s]    49 |   Duration(const std::chrono::duration<Rep, Period> & duration)  // NOLINT(runtime/explicit)
[22.888s]       |   ^~~~~~~~
[22.888s] /opt/ros/jazzy/include/rclcpp/rclcpp/duration.hpp:49:3: note:   template argument deduction/substitution failed:
[22.888s] /home/neha/ros2_ws/src/semnav_migration/src/navigation.cpp:567:53: note:   mismatched types ‘const std::chrono::duration<_Rep1, _Period1>’ and ‘double’
[22.888s]   567 |                                 rclcpp::Duration(5.0).sleep();
[22.888s]       |                                                     ^
[22.888s] /opt/ros/jazzy/include/rclcpp/rclcpp/duration.hpp:159:3: note: candidate: ‘rclcpp::Duration::Duration()’
[22.891s]   159 |   Duration() = default;
[22.891s]       |   ^~~~~~~~
[22.891s] /opt/ros/jazzy/include/rclcpp/rclcpp/duration.hpp:159:3: note:   candidate expects 0 arguments, 1 provided
[22.891s] /opt/ros/jazzy/include/rclcpp/rclcpp/duration.hpp:62:3: note: candidate: ‘rclcpp::Duration::Duration(const rclcpp::Duration&)’
[22.891s]    62 |   Duration(const Duration & rhs);
[22.891s]       |   ^~~~~~~~
[22.891s] /opt/ros/jazzy/include/rclcpp/rclcpp/duration.hpp:62:29: note:   no known conversion for argument 1 from ‘double’ to ‘const rclcpp::Duration&’
[22.892s]    62 |   Duration(const Duration & rhs);
[22.892s]       |            ~~~~~~~~~~~~~~~~~^~~
[22.892s] /opt/ros/jazzy/include/rclcpp/rclcpp/duration.hpp:60:12: note: candidate: ‘rclcpp::Duration::Duration(const rcl_duration_t&)’
[22.892s]    60 |   explicit Duration(const rcl_duration_t & duration);
[22.892s]       |            ^~~~~~~~
[22.892s] /opt/ros/jazzy/include/rclcpp/rclcpp/duration.hpp:60:44: note:   no known conversion for argument 1 from ‘double’ to ‘const rcl_duration_t&’ {aka ‘const rcl_duration_s&’}
[22.892s]    60 |   explicit Duration(const rcl_duration_t & duration);
[22.895s]       |                     ~~~~~~~~~~~~~~~~~~~~~~~^~~~~~~~
[22.895s] /opt/ros/jazzy/include/rclcpp/rclcpp/duration.hpp:54:3: note: candidate: ‘rclcpp::Duration::Duration(const builtin_interfaces::msg::Duration&)’
[22.895s]    54 |   Duration(const builtin_interfaces::msg::Duration & duration_msg);  // NOLINT(runtime/explicit)
[22.895s]       |   ^~~~~~~~
[22.895s] /opt/ros/jazzy/include/rclcpp/rclcpp/duration.hpp:54:54: note:   no known conversion for argument 1 from ‘double’ to ‘const builtin_interfaces::msg::Duration&’ {aka ‘const builtin_interfaces::msg::Duration_<std::allocator<void> >&’}
[22.895s]    54 |   Duration(const builtin_interfaces::msg::Duration & duration_msg);  // NOLINT(runtime/explicit)
[22.895s]       |            ~~~~~~~~~~~~~~~~~~~~~~~~~~~~~~~~~~~~~~~~~~^~~~~~~~~~~~
[22.896s] /opt/ros/jazzy/include/rclcpp/rclcpp/duration.hpp:43:12: note: candidate: ‘rclcpp::Duration::Duration(std::chrono::nanoseconds)’
[22.896s]    43 |   explicit Duration(std::chrono::nanoseconds nanoseconds);
[22.896s]       |            ^~~~~~~~
[22.896s] /opt/ros/jazzy/include/rclcpp/rclcpp/duration.hpp:43:46: note:   no known conversion for argument 1 from ‘double’ to ‘std::chrono::nanoseconds’ {aka ‘std::chrono::duration<long int, std::ratio<1, 1000000000> >’}
[22.896s]    43 |   explicit Duration(std::chrono::nanoseconds nanoseconds);
[22.896s]       |                     ~~~~~~~~~~~~~~~~~~~~~~~~~^~~~~~~~~~~
[22.896s] /opt/ros/jazzy/include/rclcpp/rclcpp/duration.hpp:40:3: note: candidate: ‘rclcpp::Duration::Duration(int32_t, uint32_t)’
[22.899s]    40 |   Duration(int32_t seconds, uint32_t nanoseconds);
[22.899s]       |   ^~~~~~~~
[22.899s] /opt/ros/jazzy/include/rclcpp/rclcpp/duration.hpp:40:3: note:   candidate expects 2 arguments, 1 provided
[22.899s] /home/neha/ros2_ws/src/semnav_migration/src/navigation_semantic.cpp:417:25: error: ‘m’ was not declared in this scope; did you mean ‘tm’?
[22.899s]   417 |                         m.getRPY(roll, pitch, yaw);
[22.899s]       |                         ^
[22.899s]       |                         tm
[22.923s] /home/neha/ros2_ws/src/semnav_migration/src/navigation_semantic.cpp:418:51: error: ‘mapPose’ was not declared in this scope
[22.923s]   418 |                         double x_robot_position = mapPose.pose.position.x;
[22.923s]       |                                                   ^~~~~~~
[22.931s] /home/neha/ros2_ws/src/semnav_migration/src/navigation_semantic.cpp:431:42: error: could not convert ‘lidar_data’ from ‘shared_ptr<LaserScan_<[...]>>’ to ‘shared_ptr<LaserScan_<[...]>>’
[22.931s]   431 |                         constructLIDAR2D(lidar_data, CutoffRange_, AllowableRange_, RobotPitch_, &LIDAR);
[22.931s]       |                                          ^~~~~~~~~~
[22.931s]       |                                          |
[22.931s]       |                                          shared_ptr<LaserScan_<[...]>>
[22.950s] /home/neha/ros2_ws/src/semnav_migration/src/navigation_semantic.cpp:561:96: error: invalid operands of types ‘const char [53]’ and ‘double’ to binary ‘operator<<’
[22.950s]   561 |                         ROS_WARN_STREAM("[Navigation] Diffeomorphism jacobian determinant is " << MatrixDeterminant(RobotPositionTransformedD) << ", robot position is " << bg::dsv(RobotPosition_) << " and robot positon in model space is " << bg::dsv(RobotPositionTransformedPoint));
[22.950s]       |                                         ~~~~~~~~~~~~~~~~~~~~~~~~~~~~~~~~~~~~~~~~~~~~~~~~~~~~~~ ^~ ~~~~~~~~~~~~~~~~~~~~~~~~~~~~~~~~~~~~~~~~~~~~
[22.950s]       |                                         |                                                                          |
[22.950s]       |                                         const char [53]                                                            double
[22.989s] /home/neha/ros2_ws/src/semnav_migration/src/navigation.cpp:570:33: error: ‘ROS_WARN_STREAM’ was not declared in this scope; did you mean ‘RCLCPP_WARN_STREAM’?
[22.989s]   570 |                                 ROS_WARN_STREAM("[Navigation] Successfully navigated to goal and stopped...");
[22.989s]       |                                 ^~~~~~~~~~~~~~~
[22.989s]       |                                 RCLCPP_WARN_STREAM
[22.998s] /home/neha/ros2_ws/src/semnav_migration/src/navigation.cpp:593:75: error: invalid operands of types ‘const char [32]’ and ‘double’ to binary ‘operator<<’
[22.998s]   593 |                         ROS_WARN_STREAM("[Navigation] Linear command is " << LinearCmd << " and angular command is " << AngularCmd);
[22.998s]       |                                         ~~~~~~~~~~~~~~~~~~~~~~~~~~~~~~~~~ ^~ ~~~~~~~~~
[22.998s]       |                                         |                                    |
[22.998s]       |                                         const char [32]                      double
[23.038s] /home/neha/ros2_ws/src/semnav_migration/src/navigation_semantic.cpp:561:25: error: ‘ROS_WARN_STREAM’ was not declared in this scope; did you mean ‘RCLCPP_WARN_STREAM’?
[23.039s]   561 |                         ROS_WARN_STREAM("[Navigation] Diffeomorphism jacobian determinant is " << MatrixDeterminant(RobotPositionTransformedD) << ", robot position is " << bg::dsv(RobotPosition_) << " and robot positon in model space is " << bg::dsv(RobotPositionTransformedPoint));
[23.039s]       |                         ^~~~~~~~~~~~~~~
[23.039s]       |                         RCLCPP_WARN_STREAM
[23.040s] /home/neha/ros2_ws/src/semnav_migration/src/navigation_semantic.cpp:590:41: error: ‘ros’ has not been declared
[23.040s]   590 |                                         ros::Duration(5.0).sleep();
[23.040s]       |                                         ^~~
[23.047s] /home/neha/ros2_ws/src/semnav_migration/src/navigation_semantic.cpp:615:75: error: invalid operands of types ‘const char [32]’ and ‘double’ to binary ‘operator<<’
[23.048s]   615 |                         ROS_WARN_STREAM("[Navigation] Linear command is " << LinearCmd << " and angular command is " << AngularCmd);
[23.048s]       |                                         ~~~~~~~~~~~~~~~~~~~~~~~~~~~~~~~~~ ^~ ~~~~~~~~~
[23.048s]       |                                         |                                    |
[23.048s]       |                                         const char [32]                      double
[23.048s] /home/neha/ros2_ws/src/semnav_migration/src/navigation_semantic.cpp:616:76: error: invalid operands of types ‘const char [33]’ and ‘int’ to binary ‘operator<<’
[23.048s]   616 |                         ROS_WARN_STREAM("[Navigation] Command update for " << int(localDiffeoTreeArray.size()) << " polygons in " << ros::Time::now().toSec()-before_time << " seconds.");
[23.048s]       |                                         ~~~~~~~~~~~~~~~~~~~~~~~~~~~~~~~~~~ ^~ ~~~~~~~~~~~~~~~~~~~~~~~~~~~~~~~~
[23.049s]       |                                         |                                     |
[23.049s]       |                                         const char [33]                       int
[23.049s] /home/neha/ros2_ws/src/semnav_migration/src/navigation_semantic.cpp:616:134: error: ‘ros’ has not been declared
[23.049s]   616 |                         ROS_WARN_STREAM("[Navigation] Command update for " << int(localDiffeoTreeArray.size()) << " polygons in " << ros::Time::now().toSec()-before_time << " seconds.");
[23.049s]       |                                                                                                                                      ^~~
[23.053s] /home/neha/ros2_ws/src/semnav_migration/src/navigation_semantic.cpp: In function ‘int main(int, char**)’:
[23.053s] /home/neha/ros2_ws/src/semnav_migration/src/navigation_semantic.cpp:697:9: error: ‘ros’ has not been declared
[23.053s]   697 |         ros::init(argc, argv, "navigation_semantic");
[23.053s]       |         ^~~
[23.053s] /home/neha/ros2_ws/src/semnav_migration/src/navigation_semantic.cpp:700:9: error: ‘ros’ has not been declared
[23.053s]   700 |         ros::NodeHandle nh("~");
[23.053s]       |         ^~~
[23.068s] /home/neha/ros2_ws/src/semnav_migration/src/navigation_semantic.cpp:703:56: error: ‘nh’ was not declared in this scope
[23.069s]   703 |         SemanticNavigationNode semanticNavigationNode(&nh);
[23.069s]       |                                                        ^~
[23.094s] /home/neha/ros2_ws/src/semnav_migration/src/navigation.cpp:593:25: error: ‘ROS_WARN_STREAM’ was not declared in this scope; did you mean ‘RCLCPP_WARN_STREAM’?
[23.094s]   593 |                         ROS_WARN_STREAM("[Navigation] Linear command is " << LinearCmd << " and angular command is " << AngularCmd);
[23.094s]       |                         ^~~~~~~~~~~~~~~
[23.094s]       |                         RCLCPP_WARN_STREAM
[23.095s] /home/neha/ros2_ws/src/semnav_migration/src/navigation.cpp:594:76: error: invalid operands of types ‘const char [33]’ and ‘int’ to binary ‘operator<<’
[23.095s]   594 |                         ROS_WARN_STREAM("[Navigation] Command update for " << int(localDiffeoTreeArray.size()) << " polygons in " << rclcpp::Time::now().toSec()-before_time << " seconds.");
[23.095s]       |                                         ~~~~~~~~~~~~~~~~~~~~~~~~~~~~~~~~~~ ^~ ~~~~~~~~~~~~~~~~~~~~~~~~~~~~~~~~
[23.095s]       |                                         |                                     |
[23.095s]       |                                         const char [33]                       int
[23.097s] /home/neha/ros2_ws/src/semnav_migration/src/navigation.cpp:594:148: error: ‘now’ is not a member of ‘rclcpp::Time’
[23.097s]   594 |                         ROS_WARN_STREAM("[Navigation] Command update for " << int(localDiffeoTreeArray.size()) << " polygons in " << rclcpp::Time::now().toSec()-before_time << " seconds.");
[23.097s]       |                                                                                                                                                    ^~~
[23.101s] /home/neha/ros2_ws/src/semnav_migration/src/navigation.cpp: In function ‘int main(int, char**)’:
[23.101s] /home/neha/ros2_ws/src/semnav_migration/src/navigation.cpp:675:42: error: no matching function for call to ‘NavigationNode::NavigationNode(rclcpp::Node*)’
[23.101s]   675 |         NavigationNode navigationNode(&nh);
[23.101s]       |                                          ^
[23.103s] /home/neha/ros2_ws/src/semnav_migration/src/navigation.cpp:45:9: note: candidate: ‘NavigationNode::NavigationNode()’
[23.103s]    45 |         NavigationNode() : Node("navigation_node") {
[23.103s]       |         ^~~~~~~~~~~~~~
[23.103s] /home/neha/ros2_ws/src/semnav_migration/src/navigation.cpp:45:9: note:   candidate expects 0 arguments, 1 provided
[30.082s] gmake[2]: *** [CMakeFiles/navigation_semantic.dir/build.make:76: CMakeFiles/navigation_semantic.dir/src/navigation_semantic.cpp.o] Error 1
[30.085s] gmake[1]: *** [CMakeFiles/Makefile2:207: CMakeFiles/navigation_semantic.dir/all] Error 2
[30.085s] gmake[1]: *** Waiting for unfinished jobs....
[32.567s] gmake[2]: *** [CMakeFiles/navigation.dir/build.make:76: CMakeFiles/navigation.dir/src/navigation.cpp.o] Error 1
[32.568s] gmake[1]: *** [CMakeFiles/Makefile2:181: CMakeFiles/navigation.dir/all] Error 2
[32.568s] gmake: *** [Makefile:146: all] Error 2
[32.629s] Invoked command in '/home/neha/ros2_ws/src/semnav_migration/build/semnav' returned '2': CMAKE_PREFIX_PATH=${CMAKE_PREFIX_PATH}:/opt/ros/jazzy DEBUGINFOD_URLS=https://debuginfod.ubuntu.com /usr/bin/cmake --build /home/neha/ros2_ws/src/semnav_migration/build/semnav -- -j2 -l2
