[0.031s] Invoking command in '/home/neha/ros2_ws/src/semnav_migration/build/semnav': CMAKE_PREFIX_PATH=${CMAKE_PREFIX_PATH}:/opt/ros/jazzy DEBUGINFOD_URLS=https://debuginfod.ubuntu.com /usr/bin/cmake --build /home/neha/ros2_ws/src/semnav_migration/build/semnav -- -j2 -l2
[0.208s] [ 14%] Built target reactive_planner
[0.351s] [ 23%] Building CXX object CMakeFiles/navigation_semantic.dir/src/navigation_semantic.cpp.o
[0.351s] [ 23%] Building CXX object CMakeFiles/navigation.dir/src/navigation.cpp.o
[26.112s] /home/neha/ros2_ws/src/semnav_migration/src/navigation.cpp:46:13: error: extra qualification ‘NavigationNode::’ on member ‘NavigationNode’ [-fpermissive]
[26.112s]    46 |             NavigationNode::NavigationNode() : rclcpp::Node(std::string("navigation_node")) {
[26.112s]       |             ^~~~~~~~~~~~~~
[26.161s] /home/neha/ros2_ws/src/semnav_migration/src/navigation.cpp: In constructor ‘NavigationNode::NavigationNode()’:
[26.162s] /home/neha/ros2_ws/src/semnav_migration/src/navigation.cpp:46:91: error: no matching function for call to ‘rclcpp::Node::Node()’
[26.162s]    46 |             NavigationNode::NavigationNode() : rclcpp::Node(std::string("navigation_node")) {
[26.162s]       |                                                                                           ^
[26.162s] In file included from /opt/ros/jazzy/include/rclcpp/rclcpp/executors/single_threaded_executor.hpp:28,
[26.162s]                  from /opt/ros/jazzy/include/rclcpp/rclcpp/executors.hpp:22,
[26.162s]                  from /opt/ros/jazzy/include/rclcpp/rclcpp/rclcpp.hpp:172,
[26.162s]                  from /home/neha/ros2_ws/src/semnav_migration/include/reactive_planner_lib.h:32,
[26.163s]                  from /home/neha/ros2_ws/src/semnav_migration/src/navigation.cpp:25:
[26.163s] /opt/ros/jazzy/include/rclcpp/rclcpp/node.hpp:1629:3: note: candidate: ‘rclcpp::Node::Node(const rclcpp::Node&, const std::string&)’
[26.164s]  1629 |   Node(
[26.164s]       |   ^~~~
[26.164s] /opt/ros/jazzy/include/rclcpp/rclcpp/node.hpp:1629:3: note:   candidate expects 2 arguments, 0 provided
[26.164s] /opt/ros/jazzy/include/rclcpp/rclcpp/node.hpp:103:12: note: candidate: ‘rclcpp::Node::Node(const std::string&, const std::string&, const rclcpp::NodeOptions&)’
[26.164s]   103 |   explicit Node(
[26.164s]       |            ^~~~
[26.165s] /opt/ros/jazzy/include/rclcpp/rclcpp/node.hpp:103:12: note:   candidate expects 3 arguments, 0 provided
[26.165s] /opt/ros/jazzy/include/rclcpp/rclcpp/node.hpp:91:12: note: candidate: ‘rclcpp::Node::Node(const std::string&, const rclcpp::NodeOptions&)’
[26.165s]    91 |   explicit Node(
[26.165s]       |            ^~~~
[26.165s] /opt/ros/jazzy/include/rclcpp/rclcpp/node.hpp:91:12: note:   candidate expects 2 arguments, 0 provided
[26.268s] /home/neha/ros2_ws/src/semnav_migration/src/navigation.cpp:143:116: error: no matching function for call to ‘message_filters::Subscriber<sensor_msgs::msg::LaserScan_<std::allocator<void> > >::Subscriber(rclcpp::Node&, std::string&, int)’
[26.268s]   143 |                         message_filters::Subscriber<sensor_msgs::msg::LaserScan> sub_laser(nh_, sub_laser_topic_, 1);
[26.268s]       |                                                                                                                    ^
[26.269s] In file included from /home/neha/ros2_ws/src/semnav_migration/include/reactive_planner_lib.h:44:
[26.269s] /opt/ros/jazzy/include/message_filters/message_filters/subscriber.h:224:3: note: candidate: ‘message_filters::Subscriber<M, NodeType>::Subscriber() [with M = sensor_msgs::msg::LaserScan_<std::allocator<void> >; NodeType = rclcpp::Node]’
[26.269s]   224 |   Subscriber() = default;
[26.269s]       |   ^~~~~~~~~~
[26.270s] /opt/ros/jazzy/include/message_filters/message_filters/subscriber.h:224:3: note:   candidate expects 0 arguments, 3 provided
[26.270s] /opt/ros/jazzy/include/message_filters/message_filters/subscriber.h:212:3: note: candidate: ‘message_filters::Subscriber<M, NodeType>::Subscriber(NodeType*, const std::string&, rmw_qos_profile_t, rclcpp::SubscriptionOptions) [with M = sensor_msgs::msg::LaserScan_<std::allocator<void> >; NodeType = rclcpp::Node; std::string = std::__cxx11::basic_string<char>; rmw_qos_profile_t = rmw_qos_profile_s; rclcpp::SubscriptionOptions = rclcpp::SubscriptionOptionsWithAllocator<std::allocator<void> >]’
[26.270s]   212 |   Subscriber(
[26.270s]       |   ^~~~~~~~~~
[26.271s] /opt/ros/jazzy/include/message_filters/message_filters/subscriber.h:212:3: note:   candidate expects 4 arguments, 3 provided
[26.271s] /opt/ros/jazzy/include/message_filters/message_filters/subscriber.h:203:3: note: candidate: ‘message_filters::Subscriber<M, NodeType>::Subscriber(NodePtr, const std::string&, rmw_qos_profile_t, rclcpp::SubscriptionOptions) [with M = sensor_msgs::msg::LaserScan_<std::allocator<void> >; NodeType = rclcpp::Node; NodePtr = std::shared_ptr<rclcpp::Node>; std::string = std::__cxx11::basic_string<char>; rmw_qos_profile_t = rmw_qos_profile_s; rclcpp::SubscriptionOptions = rclcpp::SubscriptionOptionsWithAllocator<std::allocator<void> >]’
[26.271s]   203 |   Subscriber(
[26.272s]       |   ^~~~~~~~~~
[26.274s] /opt/ros/jazzy/include/message_filters/message_filters/subscriber.h:203:3: note:   candidate expects 4 arguments, 3 provided
[26.274s] /opt/ros/jazzy/include/message_filters/message_filters/subscriber.h:188:3: note: candidate: ‘message_filters::Subscriber<M, NodeType>::Subscriber(NodeType*, const std::string&, rmw_qos_profile_t) [with M = sensor_msgs::msg::LaserScan_<std::allocator<void> >; NodeType = rclcpp::Node; std::string = std::__cxx11::basic_string<char>; rmw_qos_profile_t = rmw_qos_profile_s]’
[26.274s]   188 |   Subscriber(NodeType * node, const std::string& topic, const rmw_qos_profile_t qos = rmw_qos_profile_default)
[26.275s]       |   ^~~~~~~~~~
[26.275s] /opt/ros/jazzy/include/message_filters/message_filters/subscriber.h:188:25: note:   no known conversion for argument 1 from ‘rclcpp::Node’ to ‘rclcpp::Node*’
[26.275s]   188 |   Subscriber(NodeType * node, const std::string& topic, const rmw_qos_profile_t qos = rmw_qos_profile_default)
[26.275s]       |              ~~~~~~~~~~~^~~~
[26.275s] /opt/ros/jazzy/include/message_filters/message_filters/subscriber.h:183:3: note: candidate: ‘message_filters::Subscriber<M, NodeType>::Subscriber(NodePtr, const std::string&, rmw_qos_profile_t) [with M = sensor_msgs::msg::LaserScan_<std::allocator<void> >; NodeType = rclcpp::Node; NodePtr = std::shared_ptr<rclcpp::Node>; std::string = std::__cxx11::basic_string<char>; rmw_qos_profile_t = rmw_qos_profile_s]’
[26.275s]   183 |   Subscriber(NodePtr node, const std::string& topic, const rmw_qos_profile_t qos = rmw_qos_profile_default)
[26.275s]       |   ^~~~~~~~~~
[26.276s] /opt/ros/jazzy/include/message_filters/message_filters/subscriber.h:183:22: note:   no known conversion for argument 1 from ‘rclcpp::Node’ to ‘message_filters::Subscriber<sensor_msgs::msg::LaserScan_<std::allocator<void> > >::NodePtr’ {aka ‘std::shared_ptr<rclcpp::Node>’}
[26.276s]   183 |   Subscriber(NodePtr node, const std::string& topic, const rmw_qos_profile_t qos = rmw_qos_profile_default)
[26.278s]       |              ~~~~~~~~^~~~
[26.343s] /home/neha/ros2_ws/src/semnav_migration/src/navigation.cpp:144:112: error: no matching function for call to ‘message_filters::Subscriber<nav_msgs::msg::Odometry_<std::allocator<void> > >::Subscriber(rclcpp::Node&, std::string&, int)’
[26.343s]   144 |                         message_filters::Subscriber<nav_msgs::msg::Odometry> sub_robot(nh_, sub_robot_topic_, 1);
[26.344s]       |                                                                                                                ^
[26.344s] /opt/ros/jazzy/include/message_filters/message_filters/subscriber.h:224:3: note: candidate: ‘message_filters::Subscriber<M, NodeType>::Subscriber() [with M = nav_msgs::msg::Odometry_<std::allocator<void> >; NodeType = rclcpp::Node]’
[26.344s]   224 |   Subscriber() = default;
[26.344s]       |   ^~~~~~~~~~
[26.344s] /opt/ros/jazzy/include/message_filters/message_filters/subscriber.h:224:3: note:   candidate expects 0 arguments, 3 provided
[26.344s] /opt/ros/jazzy/include/message_filters/message_filters/subscriber.h:212:3: note: candidate: ‘message_filters::Subscriber<M, NodeType>::Subscriber(NodeType*, const std::string&, rmw_qos_profile_t, rclcpp::SubscriptionOptions) [with M = nav_msgs::msg::Odometry_<std::allocator<void> >; NodeType = rclcpp::Node; std::string = std::__cxx11::basic_string<char>; rmw_qos_profile_t = rmw_qos_profile_s; rclcpp::SubscriptionOptions = rclcpp::SubscriptionOptionsWithAllocator<std::allocator<void> >]’
[26.344s]   212 |   Subscriber(
[26.345s]       |   ^~~~~~~~~~
[26.347s] /opt/ros/jazzy/include/message_filters/message_filters/subscriber.h:212:3: note:   candidate expects 4 arguments, 3 provided
[26.347s] /opt/ros/jazzy/include/message_filters/message_filters/subscriber.h:203:3: note: candidate: ‘message_filters::Subscriber<M, NodeType>::Subscriber(NodePtr, const std::string&, rmw_qos_profile_t, rclcpp::SubscriptionOptions) [with M = nav_msgs::msg::Odometry_<std::allocator<void> >; NodeType = rclcpp::Node; NodePtr = std::shared_ptr<rclcpp::Node>; std::string = std::__cxx11::basic_string<char>; rmw_qos_profile_t = rmw_qos_profile_s; rclcpp::SubscriptionOptions = rclcpp::SubscriptionOptionsWithAllocator<std::allocator<void> >]’
[26.347s]   203 |   Subscriber(
[26.347s]       |   ^~~~~~~~~~
[26.348s] /opt/ros/jazzy/include/message_filters/message_filters/subscriber.h:203:3: note:   candidate expects 4 arguments, 3 provided
[26.348s] /opt/ros/jazzy/include/message_filters/message_filters/subscriber.h:188:3: note: candidate: ‘message_filters::Subscriber<M, NodeType>::Subscriber(NodeType*, const std::string&, rmw_qos_profile_t) [with M = nav_msgs::msg::Odometry_<std::allocator<void> >; NodeType = rclcpp::Node; std::string = std::__cxx11::basic_string<char>; rmw_qos_profile_t = rmw_qos_profile_s]’
[26.348s]   188 |   Subscriber(NodeType * node, const std::string& topic, const rmw_qos_profile_t qos = rmw_qos_profile_default)
[26.348s]       |   ^~~~~~~~~~
[26.348s] /opt/ros/jazzy/include/message_filters/message_filters/subscriber.h:188:25: note:   no known conversion for argument 1 from ‘rclcpp::Node’ to ‘rclcpp::Node*’
[26.348s]   188 |   Subscriber(NodeType * node, const std::string& topic, const rmw_qos_profile_t qos = rmw_qos_profile_default)
[26.349s]       |              ~~~~~~~~~~~^~~~
[26.349s] /opt/ros/jazzy/include/message_filters/message_filters/subscriber.h:183:3: note: candidate: ‘message_filters::Subscriber<M, NodeType>::Subscriber(NodePtr, const std::string&, rmw_qos_profile_t) [with M = nav_msgs::msg::Odometry_<std::allocator<void> >; NodeType = rclcpp::Node; NodePtr = std::shared_ptr<rclcpp::Node>; std::string = std::__cxx11::basic_string<char>; rmw_qos_profile_t = rmw_qos_profile_s]’
[26.351s]   183 |   Subscriber(NodePtr node, const std::string& topic, const rmw_qos_profile_t qos = rmw_qos_profile_default)
[26.351s]       |   ^~~~~~~~~~
[26.351s] /opt/ros/jazzy/include/message_filters/message_filters/subscriber.h:183:22: note:   no known conversion for argument 1 from ‘rclcpp::Node’ to ‘message_filters::Subscriber<nav_msgs::msg::Odometry_<std::allocator<void> > >::NodePtr’ {aka ‘std::shared_ptr<rclcpp::Node>’}
[26.351s]   183 |   Subscriber(NodePtr node, const std::string& topic, const rmw_qos_profile_t qos = rmw_qos_profile_default)
[26.352s]       |              ~~~~~~~~^~~~
[26.570s] /home/neha/ros2_ws/src/semnav_migration/src/navigation.cpp:150:55: error: ‘bind’ is not a member of ‘boost’; did you mean ‘find’?
[26.570s]   150 |                         sync->registerCallback(boost::bind(&NavigationNode::control_callback, this, _1, _2));
[26.570s]       |                                                       ^~~~
[26.571s]       |                                                       find
[26.579s] /home/neha/ros2_ws/src/semnav_migration/src/navigation.cpp:150:101: error: ‘_1’ was not declared in this scope
[26.580s]   150 |                         sync->registerCallback(boost::bind(&NavigationNode::control_callback, this, _1, _2));
[26.580s]       |                                                                                                     ^~
[26.580s] /home/neha/ros2_ws/src/semnav_migration/src/navigation.cpp:150:101: note: suggested alternatives:
[26.580s] In file included from /usr/include/boost/mpl/aux_/include_preprocessed.hpp:37,
[26.580s]                  from /usr/include/boost/mpl/placeholders.hpp:43,
[26.580s]                  from /usr/include/boost/iterator/iterator_categories.hpp:16,
[26.580s]                  from /usr/include/boost/iterator/iterator_facade.hpp:13,
[26.581s]                  from /usr/include/boost/range/iterator_range_core.hpp:27,
[26.581s]                  from /usr/include/boost/lexical_cast.hpp:48,
[26.585s]                  from /usr/include/boost/multiprecision/detail/number_base.hpp:29,
[26.585s]                  from /usr/include/boost/multiprecision/traits/is_variable_precision.hpp:9,
[26.585s]                  from /usr/include/boost/multiprecision/detail/precision.hpp:9,
[26.585s]                  from /usr/include/boost/multiprecision/number.hpp:11,
[26.586s]                  from /usr/include/boost/multiprecision/cpp_int.hpp:19,
[26.586s]                  from /usr/include/boost/multiprecision/cpp_bin_float.hpp:15,
[26.586s]                  from /usr/include/boost/geometry/core/coordinate_promotion.hpp:16,
[26.586s]                  from /usr/include/boost/geometry/core/radian_access.hpp:30,
[26.586s]                  from /usr/include/boost/geometry/geometry.hpp:50,
[26.586s]                  from /usr/include/boost/geometry.hpp:17,
[26.586s]                  from /home/neha/ros2_ws/src/semnav_migration/include/reactive_planner_lib.h:26:
[26.586s] /usr/include/boost/mpl/aux_/preprocessed/gcc/placeholders.hpp:29:16: note:   ‘mpl_::_1’
[26.587s]    29 | typedef arg<1> _1;
[26.589s]       |                ^~
[26.589s] In file included from /usr/include/boost/numeric/conversion/converter_policies.hpp:13,
[26.589s]                  from /usr/include/boost/numeric/conversion/converter.hpp:14,
[26.589s]                  from /usr/include/boost/numeric/conversion/cast.hpp:33,
[26.590s]                  from /usr/include/boost/geometry/core/radian_access.hpp:26:
[26.590s] /usr/include/c++/13/functional:294:48: note:   ‘std::placeholders::_1’
[26.590s]   294 |     _GLIBCXX_PLACEHOLDER const _Placeholder<1> _1;
[26.590s]       |                                                ^~
[26.590s] /usr/include/boost/mpl/aux_/preprocessed/gcc/placeholders.hpp:29:16: note:   ‘mpl_::_1’
[26.590s]    29 | typedef arg<1> _1;
[26.590s]       |                ^~
[26.591s] In file included from /usr/include/boost/describe/members.hpp:20,
[26.597s]                  from /usr/include/boost/container_hash/is_described_class.hpp:11,
[26.597s]                  from /usr/include/boost/container_hash/hash.hpp:18,
[26.597s]                  from /usr/include/boost/functional/hash.hpp:6,
[26.597s]                  from /usr/include/CGAL/Kernel/hash_functions.h:16,
[26.597s]                  from /usr/include/CGAL/Kernel/global_functions.h:25,
[26.598s]                  from /usr/include/CGAL/Cartesian/Cartesian_base.h:22,
[26.598s]                  from /usr/include/CGAL/Simple_cartesian.h:20,
[26.598s]                  from /usr/include/CGAL/Exact_predicates_inexact_constructions_kernel.h:20,
[26.598s]                  from /home/neha/ros2_ws/src/semnav_migration/include/polygeom_lib.h:32,
[26.598s]                  from /home/neha/ros2_ws/src/semnav_migration/include/reactive_planner_lib.h:52:
[26.598s] /usr/include/boost/mp11/bind.hpp:45:7: note:   ‘boost::mp11::_1’
[26.598s]    45 | using _1 = mp_arg<0>;
[26.598s]       |       ^~
[26.599s] /usr/include/boost/mpl/aux_/preprocessed/gcc/placeholders.hpp:29:16: note:   ‘mpl_::_1’
[26.603s]    29 | typedef arg<1> _1;
[26.603s]       |                ^~
[26.603s] /home/neha/ros2_ws/src/semnav_migration/src/navigation.cpp:150:105: error: ‘_2’ was not declared in this scope
[26.603s]   150 |                         sync->registerCallback(boost::bind(&NavigationNode::control_callback, this, _1, _2));
[26.604s]       |                                                                                                         ^~
[26.604s] /home/neha/ros2_ws/src/semnav_migration/src/navigation.cpp:150:105: note: suggested alternatives:
[26.604s] /usr/include/boost/mpl/aux_/preprocessed/gcc/placeholders.hpp:42:16: note:   ‘mpl_::_2’
[26.604s]    42 | typedef arg<2> _2;
[26.604s]       |                ^~
[26.604s] /usr/include/c++/13/functional:295:48: note:   ‘std::placeholders::_2’
[26.604s]   295 |     _GLIBCXX_PLACEHOLDER const _Placeholder<2> _2;
[26.605s]       |                                                ^~
[26.605s] /usr/include/boost/mpl/aux_/preprocessed/gcc/placeholders.hpp:42:16: note:   ‘mpl_::_2’
[26.607s]    42 | typedef arg<2> _2;
[26.607s]       |                ^~
[26.607s] /usr/include/boost/mp11/bind.hpp:46:7: note:   ‘boost::mp11::_2’
[26.608s]    46 | using _2 = mp_arg<1>;
[26.608s]       |       ^~
[26.608s] /usr/include/boost/mpl/aux_/preprocessed/gcc/placeholders.hpp:42:16: note:   ‘mpl_::_2’
[26.608s]    42 | typedef arg<2> _2;
[26.608s]       |                ^~
[26.608s] /home/neha/ros2_ws/src/semnav_migration/src/navigation.cpp:153:74: error: no matching function for call to ‘NavigationNode::create_subscription(const char [20], int)’
[26.608s]   153 |             rclcpp::Subscription sub_semantic = this->create_subscription("sub_semantic_topic_", 1);
[26.608s]       |                                                 ~~~~~~~~~~~~~~~~~~~~~~~~~^~~~~~~~~~~~~~~~~~~~~~~~~~
[26.609s] /opt/ros/jazzy/include/rclcpp/rclcpp/node.hpp:221:3: note: candidate: ‘template<class MessageT, class CallbackT, class AllocatorT, class SubscriptionT, class MessageMemoryStrategyT> std::shared_ptr<ROSMessageT> rclcpp::Node::create_subscription(const std::string&, const rclcpp::QoS&, CallbackT&&, const rclcpp::SubscriptionOptionsWithAllocator<AllocatorT>&, typename MessageMemoryStrategyT::SharedPtr)’
[26.613s]   221 |   create_subscription(
[26.613s]       |   ^~~~~~~~~~~~~~~~~~~
[26.613s] /opt/ros/jazzy/include/rclcpp/rclcpp/node.hpp:221:3: note:   template argument deduction/substitution failed:
[26.613s] /home/neha/ros2_ws/src/semnav_migration/src/navigation.cpp:153:74: note:   candidate expects 5 arguments, 2 provided
[26.616s]   153 |             rclcpp::Subscription sub_semantic = this->create_subscription("sub_semantic_topic_", 1);
[26.616s]       |                                                 ~~~~~~~~~~~~~~~~~~~~~~~~~^~~~~~~~~~~~~~~~~~~~~~~~~~
[26.737s] /home/neha/ros2_ws/src/semnav_migration/src/navigation.cpp: In member function ‘void NavigationNode::control_callback(const sensor_msgs::msg::LaserScan_<std::allocator<void> >::ConstPtr&, const nav_msgs::msg::Odometry_<std::allocator<void> >::ConstPtr&)’:
[26.737s] /home/neha/ros2_ws/src/semnav_migration/src/navigation.cpp:405:42: error: could not convert ‘lidar_data’ from ‘shared_ptr<LaserScan_<[...]>>’ to ‘shared_ptr<LaserScan_<[...]>>’
[26.737s]   405 |                         constructLIDAR2D(lidar_data, CutoffRange_, AllowableRange_, RobotPitch_, &LIDAR);
[26.738s]       |                                          ^~~~~~~~~~
[26.738s]       |                                          |
[26.738s]       |                                          shared_ptr<LaserScan_<[...]>>
[28.290s] /home/neha/ros2_ws/src/semnav_migration/src/navigation_semantic.cpp:46:13: error: extra qualification ‘SemanticNavigationNode::’ on member ‘SemanticNavigationNode’ [-fpermissive]
[28.290s]    46 |             SemanticNavigationNode::SemanticNavigationNode() : Node("semantic_navigation_node") {
[28.290s]       |             ^~~~~~~~~~~~~~~~~~~~~~
[28.334s] /home/neha/ros2_ws/src/semnav_migration/src/navigation_semantic.cpp: In constructor ‘SemanticNavigationNode::SemanticNavigationNode()’:
[28.334s] /home/neha/ros2_ws/src/semnav_migration/src/navigation_semantic.cpp:46:95: error: no matching function for call to ‘rclcpp::Node::Node()’
[28.334s]    46 |             SemanticNavigationNode::SemanticNavigationNode() : Node("semantic_navigation_node") {
[28.334s]       |                                                                                               ^
[28.338s] In file included from /opt/ros/jazzy/include/rclcpp/rclcpp/executors/single_threaded_executor.hpp:28,
[28.338s]                  from /opt/ros/jazzy/include/rclcpp/rclcpp/executors.hpp:22,
[28.338s]                  from /opt/ros/jazzy/include/rclcpp/rclcpp/rclcpp.hpp:172,
[28.338s]                  from /home/neha/ros2_ws/src/semnav_migration/include/reactive_planner_lib.h:32,
[28.339s]                  from /home/neha/ros2_ws/src/semnav_migration/src/navigation_semantic.cpp:25:
[28.339s] /opt/ros/jazzy/include/rclcpp/rclcpp/node.hpp:1629:3: note: candidate: ‘rclcpp::Node::Node(const rclcpp::Node&, const std::string&)’
[28.339s]  1629 |   Node(
[28.339s]       |   ^~~~
[28.339s] /opt/ros/jazzy/include/rclcpp/rclcpp/node.hpp:1629:3: note:   candidate expects 2 arguments, 0 provided
[28.339s] /opt/ros/jazzy/include/rclcpp/rclcpp/node.hpp:103:12: note: candidate: ‘rclcpp::Node::Node(const std::string&, const std::string&, const rclcpp::NodeOptions&)’
[28.339s]   103 |   explicit Node(
[28.340s]       |            ^~~~
[28.344s] /opt/ros/jazzy/include/rclcpp/rclcpp/node.hpp:103:12: note:   candidate expects 3 arguments, 0 provided
[28.344s] /opt/ros/jazzy/include/rclcpp/rclcpp/node.hpp:91:12: note: candidate: ‘rclcpp::Node::Node(const std::string&, const rclcpp::NodeOptions&)’
[28.344s]    91 |   explicit Node(
[28.344s]       |            ^~~~
[28.345s] /opt/ros/jazzy/include/rclcpp/rclcpp/node.hpp:91:12: note:   candidate expects 2 arguments, 0 provided
[28.508s] /home/neha/ros2_ws/src/semnav_migration/src/navigation_semantic.cpp:148:92: error: template argument 1 is invalid
[28.508s]   148 |                     ApproximateTime<sensor_msgs::msg::LaserScan, nav_msgs::msg::Odometry>> sync;
[28.508s]       |                                                                                            ^~~~
[28.671s] /home/neha/ros2_ws/src/semnav_migration/src/navigation_semantic.cpp:149:18: error: assignment of function ‘void sync()’
[28.672s]   149 |             sync = std::make_shared<message_filters::Synchronizer<
[28.672s]       |             ~~~~~^~~~~~~~~~~~~~~~~~~~~~~~~~~~~~~~~~~~~~~~~~~~~~~~~
[28.672s]   150 |                     message_filters::sync_policies::ApproximateTime<
[28.672s]       |                     ~~~~~~~~~~~~~~~~~~~~~~~~~~~~~~~~~~~~~~~~~~~~~~~~
[28.672s]   151 |                     sensor_msgs::msg::LaserScan, nav_msgs::msg::Odometry>>>(
[28.672s]       |                     ~~~~~~~~~~~~~~~~~~~~~~~~~~~~~~~~~~~~~~~~~~~~~~~~~~~~~~~~
[28.672s]   152 |                                     message_filters::sync_policies::ApproximateTime<
[28.672s]       |                                     ~~~~~~~~~~~~~~~~~~~~~~~~~~~~~~~~~~~~~~~~~~~~~~~~
[28.673s]   153 |                                     sensor_msgs::msg::LaserScan, nav_msgs::msg::Odometry>(10),
[28.677s]       |                                     ~~~~~~~~~~~~~~~~~~~~~~~~~~~~~~~~~~~~~~~~~~~~~~~~~~~~~~~~~~
[28.677s]   154 |                                     sub_laser, sub_robot);
[28.677s]       |                                     ~~~~~~~~~~~~~~~~~~~~~
[28.677s] /home/neha/ros2_ws/src/semnav_migration/src/navigation_semantic.cpp:155:19: error: request for member ‘registerCallback’ in ‘* sync’, which is of non-class type ‘void() noexcept’
[28.678s]   155 |             sync->registerCallback(std::bind(&TimeSyncNode::SyncCallback, this, sub_laser, sub_robot));
[28.678s]       |                   ^~~~~~~~~~~~~~~~
[28.678s] /home/neha/ros2_ws/src/semnav_migration/src/navigation_semantic.cpp:155:47: error: ‘TimeSyncNode’ has not been declared
[28.678s]   155 |             sync->registerCallback(std::bind(&TimeSyncNode::SyncCallback, this, sub_laser, sub_robot));
[28.678s]       |                                               ^~~~~~~~~~~~
[28.678s] /home/neha/ros2_ws/src/semnav_migration/src/navigation_semantic.cpp:172:86: error: no matching function for call to ‘SemanticNavigationNode::create_subscription(const char [20], int)’
[28.678s]   172 |                         rclcpp::Subscription sub_semantic = this->create_subscription("sub_semantic_topic_", 1);
[28.678s]       |                                                             ~~~~~~~~~~~~~~~~~~~~~~~~~^~~~~~~~~~~~~~~~~~~~~~~~~~
[28.679s] /opt/ros/jazzy/include/rclcpp/rclcpp/node.hpp:221:3: note: candidate: ‘template<class MessageT, class CallbackT, class AllocatorT, class SubscriptionT, class MessageMemoryStrategyT> std::shared_ptr<ROSMessageT> rclcpp::Node::create_subscription(const std::string&, const rclcpp::QoS&, CallbackT&&, const rclcpp::SubscriptionOptionsWithAllocator<AllocatorT>&, typename MessageMemoryStrategyT::SharedPtr)’
[28.683s]   221 |   create_subscription(
[28.683s]       |   ^~~~~~~~~~~~~~~~~~~
[28.683s] /opt/ros/jazzy/include/rclcpp/rclcpp/node.hpp:221:3: note:   template argument deduction/substitution failed:
[28.683s] /home/neha/ros2_ws/src/semnav_migration/src/navigation_semantic.cpp:172:86: note:   candidate expects 5 arguments, 2 provided
[28.684s]   172 |                         rclcpp::Subscription sub_semantic = this->create_subscription("sub_semantic_topic_", 1);
[28.684s]       |                                                             ~~~~~~~~~~~~~~~~~~~~~~~~~^~~~~~~~~~~~~~~~~~~~~~~~~~
[28.878s] /home/neha/ros2_ws/src/semnav_migration/src/navigation_semantic.cpp: In member function ‘void SemanticNavigationNode::control_callback(const sensor_msgs::msg::LaserScan_<std::allocator<void> >::ConstPtr&, const nav_msgs::msg::Odometry_<std::allocator<void> >::ConstPtr&)’:
[28.879s] /home/neha/ros2_ws/src/semnav_migration/src/navigation_semantic.cpp:470:42: error: could not convert ‘lidar_data’ from ‘shared_ptr<LaserScan_<[...]>>’ to ‘shared_ptr<LaserScan_<[...]>>’
[28.879s]   470 |                         constructLIDAR2D(lidar_data, CutoffRange_, AllowableRange_, RobotPitch_, &LIDAR);
[28.879s]       |                                          ^~~~~~~~~~
[28.879s]       |                                          |
[28.879s]       |                                          shared_ptr<LaserScan_<[...]>>
[47.038s] gmake[2]: *** [CMakeFiles/navigation.dir/build.make:76: CMakeFiles/navigation.dir/src/navigation.cpp.o] Error 1
[47.038s] gmake[1]: *** [CMakeFiles/Makefile2:181: CMakeFiles/navigation.dir/all] Error 2
[47.039s] gmake[1]: *** Waiting for unfinished jobs....
[50.639s] gmake[2]: *** [CMakeFiles/navigation_semantic.dir/build.make:76: CMakeFiles/navigation_semantic.dir/src/navigation_semantic.cpp.o] Error 1
[50.642s] gmake[1]: *** [CMakeFiles/Makefile2:207: CMakeFiles/navigation_semantic.dir/all] Error 2
[50.642s] gmake: *** [Makefile:146: all] Error 2
[50.644s] Invoked command in '/home/neha/ros2_ws/src/semnav_migration/build/semnav' returned '2': CMAKE_PREFIX_PATH=${CMAKE_PREFIX_PATH}:/opt/ros/jazzy DEBUGINFOD_URLS=https://debuginfod.ubuntu.com /usr/bin/cmake --build /home/neha/ros2_ws/src/semnav_migration/build/semnav -- -j2 -l2
