[0.027s] Invoking command in '/home/neha/ros2_ws/src/semnav_migration/build/semnav': CMAKE_PREFIX_PATH=${CMAKE_PREFIX_PATH}:/opt/ros/jazzy DEBUGINFOD_URLS=https://debuginfod.ubuntu.com /usr/bin/cmake --build /home/neha/ros2_ws/src/semnav_migration/build/semnav -- -j2 -l2
[0.193s] [ 14%] Built target reactive_planner
[0.333s] [ 19%] Building CXX object CMakeFiles/navigation_semantic.dir/src/navigation_semantic.cpp.o
[0.333s] [ 23%] Building CXX object CMakeFiles/navigation.dir/src/navigation.cpp.o
[21.630s] /home/neha/ros2_ws/src/semnav_migration/src/navigation.cpp:617:17: error: invalid use of template-name ‘rclcpp::Publisher’ without an argument list
[21.630s]   617 |                 rclcpp::Publisher pub_behaviorID_;
[21.630s]       |                 ^~~~~~
[21.630s] /home/neha/ros2_ws/src/semnav_migration/src/navigation.cpp:618:17: error: invalid use of template-name ‘rclcpp::Publisher’ without an argument list
[21.630s]   618 |                 rclcpp::Publisher pub_behaviorMode_;
[21.631s]       |                 ^~~~~~
[21.631s] /home/neha/ros2_ws/src/semnav_migration/src/navigation.cpp:619:17: error: invalid use of template-name ‘rclcpp::Publisher’ without an argument list
[21.631s]   619 |                 rclcpp::Publisher pub_twist_;
[21.631s]       |                 ^~~~~~
[21.631s] /home/neha/ros2_ws/src/semnav_migration/src/navigation.cpp:621:17: error: invalid use of template-name ‘rclcpp::Publisher’ without an argument list
[21.631s]   621 |                 rclcpp::Publisher pub_semantic_map_;
[21.634s]       |                 ^~~~~~
[21.639s] /home/neha/ros2_ws/src/semnav_migration/src/navigation.cpp:665:22: error: ‘TransformListener’ in namespace ‘tf2’ does not name a type
[21.639s]   665 |                 tf2::TransformListener listener_;
[21.639s]       |                      ^~~~~~~~~~~~~~~~~
[21.643s] /home/neha/ros2_ws/src/semnav_migration/src/navigation.cpp: In constructor ‘NavigationNode::NavigationNode()’:
[21.643s] /home/neha/ros2_ws/src/semnav_migration/src/navigation.cpp:45:50: error: no matching function for call to ‘rclcpp::Node::Node()’
[21.643s]    45 |         NavigationNode() : Node("navigation_node") {
[21.643s]       |                                                  ^
[21.643s] In file included from /opt/ros/jazzy/include/rclcpp/rclcpp/executors/single_threaded_executor.hpp:28,
[21.644s]                  from /opt/ros/jazzy/include/rclcpp/rclcpp/executors.hpp:22,
[21.644s]                  from /opt/ros/jazzy/include/rclcpp/rclcpp/rclcpp.hpp:172,
[21.644s]                  from /home/neha/ros2_ws/src/semnav_migration/include/reactive_planner_lib.h:32,
[21.644s]                  from /home/neha/ros2_ws/src/semnav_migration/src/navigation.cpp:25:
[21.644s] /opt/ros/jazzy/include/rclcpp/rclcpp/node.hpp:1629:3: note: candidate: ‘rclcpp::Node::Node(const rclcpp::Node&, const std::string&)’
[21.644s]  1629 |   Node(
[21.647s]       |   ^~~~
[21.647s] /opt/ros/jazzy/include/rclcpp/rclcpp/node.hpp:1629:3: note:   candidate expects 2 arguments, 0 provided
[21.647s] /opt/ros/jazzy/include/rclcpp/rclcpp/node.hpp:103:12: note: candidate: ‘rclcpp::Node::Node(const std::string&, const std::string&, const rclcpp::NodeOptions&)’
[21.647s]   103 |   explicit Node(
[21.647s]       |            ^~~~
[21.647s] /opt/ros/jazzy/include/rclcpp/rclcpp/node.hpp:103:12: note:   candidate expects 3 arguments, 0 provided
[21.647s] /opt/ros/jazzy/include/rclcpp/rclcpp/node.hpp:91:12: note: candidate: ‘rclcpp::Node::Node(const std::string&, const rclcpp::NodeOptions&)’
[21.648s]    91 |   explicit Node(
[21.648s]       |            ^~~~
[21.648s] /opt/ros/jazzy/include/rclcpp/rclcpp/node.hpp:91:12: note:   candidate expects 2 arguments, 0 provided
[21.763s] /home/neha/ros2_ws/src/semnav_migration/src/navigation.cpp:104:25: error: ‘target_object_’ was not declared in this scope
[21.763s]   104 |                         target_object_ = this->get_parameter("target_object").as_string();
[21.763s]       |                         ^~~~~~~~~~~~~~
[21.765s] /home/neha/ros2_ws/src/semnav_migration/src/navigation_semantic.cpp:624:17: error: ‘ros’ does not name a type
[21.765s]   624 |                 ros::NodeHandle nh_;
[21.765s]       |                 ^~~
[21.771s] /home/neha/ros2_ws/src/semnav_migration/src/navigation_semantic.cpp:641:17: error: ‘ros’ does not name a type
[21.772s]   641 |                 ros::Publisher pub_behaviorID_;
[21.772s]       |                 ^~~
[21.780s] /home/neha/ros2_ws/src/semnav_migration/src/navigation_semantic.cpp:642:17: error: ‘ros’ does not name a type
[21.780s]   642 |                 ros::Publisher pub_behaviorMode_;
[21.780s]       |                 ^~~
[21.785s] /home/neha/ros2_ws/src/semnav_migration/src/navigation_semantic.cpp:643:17: error: ‘ros’ does not name a type
[21.785s]   643 |                 ros::Publisher pub_twist_;
[21.785s]       |                 ^~~
[21.794s] /home/neha/ros2_ws/src/semnav_migration/src/navigation_semantic.cpp:645:17: error: ‘ros’ does not name a type
[21.794s]   645 |                 ros::Publisher pub_semantic_map_;
[21.794s]       |                 ^~~
[21.807s] /home/neha/ros2_ws/src/semnav_migration/src/navigation_semantic.cpp:691:17: error: ‘tf’ does not name a type; did you mean ‘tm’?
[21.807s]   691 |                 tf::TransformListener listener_;
[21.807s]       |                 ^~
[21.807s]       |                 tm
[21.909s] /home/neha/ros2_ws/src/semnav_migration/src/navigation.cpp:105:25: error: ‘target_object_length_’ was not declared in this scope
[21.909s]   105 |                         target_object_length_ = this->get_parameter("target_object_length").as_double();
[21.910s]       |                         ^~~~~~~~~~~~~~~~~~~~~
[21.922s] /home/neha/ros2_ws/src/semnav_migration/src/navigation_semantic.cpp: In constructor ‘SemanticNavigationNode::SemanticNavigationNode()’:
[21.922s] /home/neha/ros2_ws/src/semnav_migration/src/navigation_semantic.cpp:137:13: error: ‘pub_behaviorID_’ was not declared in this scope; did you mean ‘pub_behaviorID_topic_’?
[21.922s]   137 |             pub_behaviorID_ = this->create_publisher<std_msgs::msg::UInt32>("pub_behaviorID_topic_", 1);
[21.922s]       |             ^~~~~~~~~~~~~~~
[21.922s]       |             pub_behaviorID_topic_
[21.924s] /home/neha/ros2_ws/src/semnav_migration/src/navigation_semantic.cpp:137:69: error: ‘UInt32’ is not a member of ‘std_msgs::msg’
[21.924s]   137 |             pub_behaviorID_ = this->create_publisher<std_msgs::msg::UInt32>("pub_behaviorID_topic_", 1);
[21.924s]       |                                                                     ^~~~~~
[21.924s] /home/neha/ros2_ws/src/semnav_migration/src/navigation_semantic.cpp:137:76: error: no matching function for call to ‘SemanticNavigationNode::create_publisher<<expression error> >(const char [22], int)’
[21.925s]   137 |             pub_behaviorID_ = this->create_publisher<std_msgs::msg::UInt32>("pub_behaviorID_topic_", 1);
[21.925s]       |                               ~~~~~~~~~~~~~~~~~~~~~~~~~~~~~~~~~~~~~~~~~~~~~^~~~~~~~~~~~~~~~~~~~~~~~~~~~
[21.928s] In file included from /opt/ros/jazzy/include/rclcpp/rclcpp/executors/single_threaded_executor.hpp:28,
[21.929s]                  from /opt/ros/jazzy/include/rclcpp/rclcpp/executors.hpp:22,
[21.929s]                  from /opt/ros/jazzy/include/rclcpp/rclcpp/rclcpp.hpp:172,
[21.929s]                  from /home/neha/ros2_ws/src/semnav_migration/include/reactive_planner_lib.h:32,
[21.929s]                  from /home/neha/ros2_ws/src/semnav_migration/src/navigation_semantic.cpp:25:
[21.929s] /opt/ros/jazzy/include/rclcpp/rclcpp/node.hpp:197:3: note: candidate: ‘template<class MessageT, class AllocatorT, class PublisherT> std::shared_ptr<PublisherT> rclcpp::Node::create_publisher(const std::string&, const rclcpp::QoS&, const rclcpp::PublisherOptionsWithAllocator<AllocatorT>&)’
[21.929s]   197 |   create_publisher(
[21.929s]       |   ^~~~~~~~~~~~~~~~
[21.930s] /opt/ros/jazzy/include/rclcpp/rclcpp/node.hpp:197:3: note:   template argument deduction/substitution failed:
[21.930s] /home/neha/ros2_ws/src/semnav_migration/src/navigation_semantic.cpp:137:76: error: template argument 1 is invalid
[21.930s]   137 |             pub_behaviorID_ = this->create_publisher<std_msgs::msg::UInt32>("pub_behaviorID_topic_", 1);
[21.930s]       |                               ~~~~~~~~~~~~~~~~~~~~~~~~~~~~~~~~~~~~~~~~~~~~~^~~~~~~~~~~~~~~~~~~~~~~~~~~~
[22.019s] /home/neha/ros2_ws/src/semnav_migration/src/navigation_semantic.cpp:138:13: error: ‘pub_behaviorMode_’ was not declared in this scope; did you mean ‘pub_behaviorMode_topic_’?
[22.019s]   138 |             pub_behaviorMode_ = this->create_publisher<std_msgs::msg::UInt32>("pub_behaviorMode_topic_", 1);
[22.019s]       |             ^~~~~~~~~~~~~~~~~
[22.020s]       |             pub_behaviorMode_topic_
[22.024s] /home/neha/ros2_ws/src/semnav_migration/src/navigation_semantic.cpp:138:71: error: ‘UInt32’ is not a member of ‘std_msgs::msg’
[22.024s]   138 |             pub_behaviorMode_ = this->create_publisher<std_msgs::msg::UInt32>("pub_behaviorMode_topic_", 1);
[22.024s]       |                                                                       ^~~~~~
[22.024s] /home/neha/ros2_ws/src/semnav_migration/src/navigation_semantic.cpp:138:78: error: no matching function for call to ‘SemanticNavigationNode::create_publisher<<expression error> >(const char [24], int)’
[22.024s]   138 |             pub_behaviorMode_ = this->create_publisher<std_msgs::msg::UInt32>("pub_behaviorMode_topic_", 1);
[22.025s]       |                                 ~~~~~~~~~~~~~~~~~~~~~~~~~~~~~~~~~~~~~~~~~~~~~^~~~~~~~~~~~~~~~~~~~~~~~~~~~~~
[22.026s] /opt/ros/jazzy/include/rclcpp/rclcpp/node.hpp:197:3: note: candidate: ‘template<class MessageT, class AllocatorT, class PublisherT> std::shared_ptr<PublisherT> rclcpp::Node::create_publisher(const std::string&, const rclcpp::QoS&, const rclcpp::PublisherOptionsWithAllocator<AllocatorT>&)’
[22.027s]   197 |   create_publisher(
[22.027s]       |   ^~~~~~~~~~~~~~~~
[22.027s] /opt/ros/jazzy/include/rclcpp/rclcpp/node.hpp:197:3: note:   template argument deduction/substitution failed:
[22.027s] /home/neha/ros2_ws/src/semnav_migration/src/navigation_semantic.cpp:138:78: error: template argument 1 is invalid
[22.027s]   138 |             pub_behaviorMode_ = this->create_publisher<std_msgs::msg::UInt32>("pub_behaviorMode_topic_", 1);
[22.027s]       |                                 ~~~~~~~~~~~~~~~~~~~~~~~~~~~~~~~~~~~~~~~~~~~~~^~~~~~~~~~~~~~~~~~~~~~~~~~~~~~
[22.042s] /home/neha/ros2_ws/src/semnav_migration/src/navigation.cpp:106:25: error: ‘target_object_width_’ was not declared in this scope
[22.043s]   106 |                         target_object_width_ = this->get_parameter("target_object_width").as_double();
[22.043s]       |                         ^~~~~~~~~~~~~~~~~~~~
[22.051s] /home/neha/ros2_ws/src/semnav_migration/src/navigation.cpp:138:69: error: ‘UInt32’ is not a member of ‘std_msgs::msg’
[22.051s]   138 |             pub_behaviorID_ = this->create_publisher<std_msgs::msg::UInt32>("pub_behaviorID_topic_", 1);
[22.051s]       |                                                                     ^~~~~~
[22.051s] /home/neha/ros2_ws/src/semnav_migration/src/navigation.cpp:138:76: error: no matching function for call to ‘NavigationNode::create_publisher<<expression error> >(const char [22], int)’
[22.051s]   138 |             pub_behaviorID_ = this->create_publisher<std_msgs::msg::UInt32>("pub_behaviorID_topic_", 1);
[22.051s]       |                               ~~~~~~~~~~~~~~~~~~~~~~~~~~~~~~~~~~~~~~~~~~~~~^~~~~~~~~~~~~~~~~~~~~~~~~~~~
[22.051s] /opt/ros/jazzy/include/rclcpp/rclcpp/node.hpp:197:3: note: candidate: ‘template<class MessageT, class AllocatorT, class PublisherT> std::shared_ptr<PublisherT> rclcpp::Node::create_publisher(const std::string&, const rclcpp::QoS&, const rclcpp::PublisherOptionsWithAllocator<AllocatorT>&)’
[22.052s]   197 |   create_publisher(
[22.052s]       |   ^~~~~~~~~~~~~~~~
[22.052s] /opt/ros/jazzy/include/rclcpp/rclcpp/node.hpp:197:3: note:   template argument deduction/substitution failed:
[22.052s] /home/neha/ros2_ws/src/semnav_migration/src/navigation.cpp:138:76: error: template argument 1 is invalid
[22.052s]   138 |             pub_behaviorID_ = this->create_publisher<std_msgs::msg::UInt32>("pub_behaviorID_topic_", 1);
[22.054s]       |                               ~~~~~~~~~~~~~~~~~~~~~~~~~~~~~~~~~~~~~~~~~~~~~^~~~~~~~~~~~~~~~~~~~~~~~~~~~
[22.055s] /home/neha/ros2_ws/src/semnav_migration/src/navigation.cpp:139:71: error: ‘UInt32’ is not a member of ‘std_msgs::msg’
[22.055s]   139 |             pub_behaviorMode_ = this->create_publisher<std_msgs::msg::UInt32>("pub_behaviorMode_topic_", 1);
[22.055s]       |                                                                       ^~~~~~
[22.055s] /home/neha/ros2_ws/src/semnav_migration/src/navigation.cpp:139:78: error: no matching function for call to ‘NavigationNode::create_publisher<<expression error> >(const char [24], int)’
[22.055s]   139 |             pub_behaviorMode_ = this->create_publisher<std_msgs::msg::UInt32>("pub_behaviorMode_topic_", 1);
[22.055s]       |                                 ~~~~~~~~~~~~~~~~~~~~~~~~~~~~~~~~~~~~~~~~~~~~~^~~~~~~~~~~~~~~~~~~~~~~~~~~~~~
[22.056s] /opt/ros/jazzy/include/rclcpp/rclcpp/node.hpp:197:3: note: candidate: ‘template<class MessageT, class AllocatorT, class PublisherT> std::shared_ptr<PublisherT> rclcpp::Node::create_publisher(const std::string&, const rclcpp::QoS&, const rclcpp::PublisherOptionsWithAllocator<AllocatorT>&)’
[22.056s]   197 |   create_publisher(
[22.056s]       |   ^~~~~~~~~~~~~~~~
[22.056s] /opt/ros/jazzy/include/rclcpp/rclcpp/node.hpp:197:3: note:   template argument deduction/substitution failed:
[22.056s] /home/neha/ros2_ws/src/semnav_migration/src/navigation.cpp:139:78: error: template argument 1 is invalid
[22.056s]   139 |             pub_behaviorMode_ = this->create_publisher<std_msgs::msg::UInt32>("pub_behaviorMode_topic_", 1);
[22.058s]       |                                 ~~~~~~~~~~~~~~~~~~~~~~~~~~~~~~~~~~~~~~~~~~~~~^~~~~~~~~~~~~~~~~~~~~~~~~~~~~~
[22.061s] /home/neha/ros2_ws/src/semnav_migration/src/navigation.cpp:140:64: error: ‘UInt32’ is not a member of ‘std_msgs::msg’
[22.061s]   140 |             pub_twist_ = this->create_publisher<std_msgs::msg::UInt32>("pub_twist_topic_", 1);
[22.061s]       |                                                                ^~~~~~
[22.061s] /home/neha/ros2_ws/src/semnav_migration/src/navigation.cpp:140:71: error: no matching function for call to ‘NavigationNode::create_publisher<<expression error> >(const char [17], int)’
[22.061s]   140 |             pub_twist_ = this->create_publisher<std_msgs::msg::UInt32>("pub_twist_topic_", 1);
[22.061s]       |                          ~~~~~~~~~~~~~~~~~~~~~~~~~~~~~~~~~~~~~~~~~~~~~^~~~~~~~~~~~~~~~~~~~~~~
[22.062s] /opt/ros/jazzy/include/rclcpp/rclcpp/node.hpp:197:3: note: candidate: ‘template<class MessageT, class AllocatorT, class PublisherT> std::shared_ptr<PublisherT> rclcpp::Node::create_publisher(const std::string&, const rclcpp::QoS&, const rclcpp::PublisherOptionsWithAllocator<AllocatorT>&)’
[22.062s]   197 |   create_publisher(
[22.062s]       |   ^~~~~~~~~~~~~~~~
[22.062s] /opt/ros/jazzy/include/rclcpp/rclcpp/node.hpp:197:3: note:   template argument deduction/substitution failed:
[22.062s] /home/neha/ros2_ws/src/semnav_migration/src/navigation.cpp:140:71: error: template argument 1 is invalid
[22.062s]   140 |             pub_twist_ = this->create_publisher<std_msgs::msg::UInt32>("pub_twist_topic_", 1);
[22.064s]       |                          ~~~~~~~~~~~~~~~~~~~~~~~~~~~~~~~~~~~~~~~~~~~~~^~~~~~~~~~~~~~~~~~~~~~~
[22.084s] /home/neha/ros2_ws/src/semnav_migration/src/navigation_semantic.cpp:139:13: error: ‘pub_twist_’ was not declared in this scope; did you mean ‘publish_twist’?
[22.084s]   139 |             pub_twist_ = this->create_publisher<std_msgs::msg::UInt32>("pub_twist_topic_", 1);
[22.084s]       |             ^~~~~~~~~~
[22.084s]       |             publish_twist
[22.089s] /home/neha/ros2_ws/src/semnav_migration/src/navigation_semantic.cpp:139:64: error: ‘UInt32’ is not a member of ‘std_msgs::msg’
[22.089s]   139 |             pub_twist_ = this->create_publisher<std_msgs::msg::UInt32>("pub_twist_topic_", 1);
[22.089s]       |                                                                ^~~~~~
[22.089s] /home/neha/ros2_ws/src/semnav_migration/src/navigation_semantic.cpp:139:71: error: no matching function for call to ‘SemanticNavigationNode::create_publisher<<expression error> >(const char [17], int)’
[22.090s]   139 |             pub_twist_ = this->create_publisher<std_msgs::msg::UInt32>("pub_twist_topic_", 1);
[22.090s]       |                          ~~~~~~~~~~~~~~~~~~~~~~~~~~~~~~~~~~~~~~~~~~~~~^~~~~~~~~~~~~~~~~~~~~~~
[22.090s] /opt/ros/jazzy/include/rclcpp/rclcpp/node.hpp:197:3: note: candidate: ‘template<class MessageT, class AllocatorT, class PublisherT> std::shared_ptr<PublisherT> rclcpp::Node::create_publisher(const std::string&, const rclcpp::QoS&, const rclcpp::PublisherOptionsWithAllocator<AllocatorT>&)’
[22.090s]   197 |   create_publisher(
[22.090s]       |   ^~~~~~~~~~~~~~~~
[22.091s] /opt/ros/jazzy/include/rclcpp/rclcpp/node.hpp:197:3: note:   template argument deduction/substitution failed:
[22.092s] /home/neha/ros2_ws/src/semnav_migration/src/navigation_semantic.cpp:139:71: error: template argument 1 is invalid
[22.092s]   139 |             pub_twist_ = this->create_publisher<std_msgs::msg::UInt32>("pub_twist_topic_", 1);
[22.092s]       |                          ~~~~~~~~~~~~~~~~~~~~~~~~~~~~~~~~~~~~~~~~~~~~~^~~~~~~~~~~~~~~~~~~~~~~
[22.092s] /home/neha/ros2_ws/src/semnav_migration/src/navigation_semantic.cpp:142:42: error: ‘message_filters::msg’ has not been declared
[22.092s]   142 |                         message_filters::msg::Subscriber<sensor_msgs::LaserScan> sub_laser(nh_, sub_laser_topic_, 1);
[22.092s]       |                                          ^~~
[22.099s] /home/neha/ros2_ws/src/semnav_migration/src/navigation_semantic.cpp:142:71: error: ‘LaserScan’ is not a member of ‘sensor_msgs’; did you mean ‘sensor_msgs::msg::LaserScan’?
[22.099s]   142 |                         message_filters::msg::Subscriber<sensor_msgs::LaserScan> sub_laser(nh_, sub_laser_topic_, 1);
[22.099s]       |                                                                       ^~~~~~~~~
[22.099s] In file included from /opt/ros/jazzy/include/sensor_msgs/sensor_msgs/msg/laser_scan.hpp:7,
[22.099s]                  from /home/neha/ros2_ws/src/semnav_migration/include/reactive_planner_lib.h:46:
[22.099s] /opt/ros/jazzy/include/sensor_msgs/sensor_msgs/msg/detail/laser_scan__struct.hpp:250:7: note: ‘sensor_msgs::msg::LaserScan’ declared here
[22.099s]   250 | using LaserScan =
[22.100s]       |       ^~~~~~~~~
[22.127s] /home/neha/ros2_ws/src/semnav_migration/src/navigation.cpp:143:116: error: no matching function for call to ‘message_filters::Subscriber<sensor_msgs::msg::LaserScan_<std::allocator<void> > >::Subscriber(rclcpp::Node&, std::string&, int)’
[22.128s]   143 |                         message_filters::Subscriber<sensor_msgs::msg::LaserScan> sub_laser(nh_, sub_laser_topic_, 1);
[22.128s]       |                                                                                                                    ^
[22.128s] In file included from /home/neha/ros2_ws/src/semnav_migration/include/reactive_planner_lib.h:43:
[22.129s] /opt/ros/jazzy/include/message_filters/message_filters/subscriber.h:224:3: note: candidate: ‘message_filters::Subscriber<M, NodeType>::Subscriber() [with M = sensor_msgs::msg::LaserScan_<std::allocator<void> >; NodeType = rclcpp::Node]’
[22.130s]   224 |   Subscriber() = default;
[22.130s]       |   ^~~~~~~~~~
[22.130s] /opt/ros/jazzy/include/message_filters/message_filters/subscriber.h:224:3: note:   candidate expects 0 arguments, 3 provided
[22.132s] /opt/ros/jazzy/include/message_filters/message_filters/subscriber.h:212:3: note: candidate: ‘message_filters::Subscriber<M, NodeType>::Subscriber(NodeType*, const std::string&, rmw_qos_profile_t, rclcpp::SubscriptionOptions) [with M = sensor_msgs::msg::LaserScan_<std::allocator<void> >; NodeType = rclcpp::Node; std::string = std::__cxx11::basic_string<char>; rmw_qos_profile_t = rmw_qos_profile_s; rclcpp::SubscriptionOptions = rclcpp::SubscriptionOptionsWithAllocator<std::allocator<void> >]’
[22.133s]   212 |   Subscriber(
[22.133s]       |   ^~~~~~~~~~
[22.133s] /opt/ros/jazzy/include/message_filters/message_filters/subscriber.h:212:3: note:   candidate expects 4 arguments, 3 provided
[22.133s] /opt/ros/jazzy/include/message_filters/message_filters/subscriber.h:203:3: note: candidate: ‘message_filters::Subscriber<M, NodeType>::Subscriber(NodePtr, const std::string&, rmw_qos_profile_t, rclcpp::SubscriptionOptions) [with M = sensor_msgs::msg::LaserScan_<std::allocator<void> >; NodeType = rclcpp::Node; NodePtr = std::shared_ptr<rclcpp::Node>; std::string = std::__cxx11::basic_string<char>; rmw_qos_profile_t = rmw_qos_profile_s; rclcpp::SubscriptionOptions = rclcpp::SubscriptionOptionsWithAllocator<std::allocator<void> >]’
[22.133s]   203 |   Subscriber(
[22.133s]       |   ^~~~~~~~~~
[22.134s] /opt/ros/jazzy/include/message_filters/message_filters/subscriber.h:203:3: note:   candidate expects 4 arguments, 3 provided
[22.134s] /opt/ros/jazzy/include/message_filters/message_filters/subscriber.h:188:3: note: candidate: ‘message_filters::Subscriber<M, NodeType>::Subscriber(NodeType*, const std::string&, rmw_qos_profile_t) [with M = sensor_msgs::msg::LaserScan_<std::allocator<void> >; NodeType = rclcpp::Node; std::string = std::__cxx11::basic_string<char>; rmw_qos_profile_t = rmw_qos_profile_s]’
[22.134s]   188 |   Subscriber(NodeType * node, const std::string& topic, const rmw_qos_profile_t qos = rmw_qos_profile_default)
[22.134s]       |   ^~~~~~~~~~
[22.134s] /opt/ros/jazzy/include/message_filters/message_filters/subscriber.h:188:25: note:   no known conversion for argument 1 from ‘rclcpp::Node’ to ‘rclcpp::Node*’
[22.134s]   188 |   Subscriber(NodeType * node, const std::string& topic, const rmw_qos_profile_t qos = rmw_qos_profile_default)
[22.134s]       |              ~~~~~~~~~~~^~~~
[22.134s] /opt/ros/jazzy/include/message_filters/message_filters/subscriber.h:183:3: note: candidate: ‘message_filters::Subscriber<M, NodeType>::Subscriber(NodePtr, const std::string&, rmw_qos_profile_t) [with M = sensor_msgs::msg::LaserScan_<std::allocator<void> >; NodeType = rclcpp::Node; NodePtr = std::shared_ptr<rclcpp::Node>; std::string = std::__cxx11::basic_string<char>; rmw_qos_profile_t = rmw_qos_profile_s]’
[22.135s]   183 |   Subscriber(NodePtr node, const std::string& topic, const rmw_qos_profile_t qos = rmw_qos_profile_default)
[22.135s]       |   ^~~~~~~~~~
[22.135s] /opt/ros/jazzy/include/message_filters/message_filters/subscriber.h:183:22: note:   no known conversion for argument 1 from ‘rclcpp::Node’ to ‘message_filters::Subscriber<sensor_msgs::msg::LaserScan_<std::allocator<void> > >::NodePtr’ {aka ‘std::shared_ptr<rclcpp::Node>’}
[22.135s]   183 |   Subscriber(NodePtr node, const std::string& topic, const rmw_qos_profile_t qos = rmw_qos_profile_default)
[22.135s]       |              ~~~~~~~~^~~~
[22.142s] /home/neha/ros2_ws/src/semnav_migration/src/navigation_semantic.cpp:142:92: error: ‘nh_’ was not declared in this scope
[22.142s]   142 |                         message_filters::msg::Subscriber<sensor_msgs::LaserScan> sub_laser(nh_, sub_laser_topic_, 1);
[22.142s]       |                                                                                            ^~~
[22.194s] /home/neha/ros2_ws/src/semnav_migration/src/navigation.cpp:144:112: error: no matching function for call to ‘message_filters::Subscriber<nav_msgs::msg::Odometry_<std::allocator<void> > >::Subscriber(rclcpp::Node&, std::string&, int)’
[22.195s]   144 |                         message_filters::Subscriber<nav_msgs::msg::Odometry> sub_robot(nh_, sub_robot_topic_, 1);
[22.196s]       |                                                                                                                ^
[22.196s] /home/neha/ros2_ws/src/semnav_migration/src/navigation_semantic.cpp:142:82: error: ‘sub_laser’ was not declared in this scope
[22.196s]   142 |                         message_filters::msg::Subscriber<sensor_msgs::LaserScan> sub_laser(nh_, sub_laser_topic_, 1);
[22.196s]       |                                                                                  ^~~~~~~~~
[22.196s] /opt/ros/jazzy/include/message_filters/message_filters/subscriber.h:224:3: note: candidate: ‘message_filters::Subscriber<M, NodeType>::Subscriber() [with M = nav_msgs::msg::Odometry_<std::allocator<void> >; NodeType = rclcpp::Node]’
[22.196s]   224 |   Subscriber() = default;
[22.197s]       |   ^~~~~~~~~~
[22.197s] /opt/ros/jazzy/include/message_filters/message_filters/subscriber.h:224:3: note:   candidate expects 0 arguments, 3 provided
[22.197s] /opt/ros/jazzy/include/message_filters/message_filters/subscriber.h:212:3: note: candidate: ‘message_filters::Subscriber<M, NodeType>::Subscriber(NodeType*, const std::string&, rmw_qos_profile_t, rclcpp::SubscriptionOptions) [with M = nav_msgs::msg::Odometry_<std::allocator<void> >; NodeType = rclcpp::Node; std::string = std::__cxx11::basic_string<char>; rmw_qos_profile_t = rmw_qos_profile_s; rclcpp::SubscriptionOptions = rclcpp::SubscriptionOptionsWithAllocator<std::allocator<void> >]’
[22.197s]   212 |   Subscriber(
[22.197s]       |   ^~~~~~~~~~
[22.197s] /opt/ros/jazzy/include/message_filters/message_filters/subscriber.h:212:3: note:   candidate expects 4 arguments, 3 provided
[22.199s] /opt/ros/jazzy/include/message_filters/message_filters/subscriber.h:203:3: note: candidate: ‘message_filters::Subscriber<M, NodeType>::Subscriber(NodePtr, const std::string&, rmw_qos_profile_t, rclcpp::SubscriptionOptions) [with M = nav_msgs::msg::Odometry_<std::allocator<void> >; NodeType = rclcpp::Node; NodePtr = std::shared_ptr<rclcpp::Node>; std::string = std::__cxx11::basic_string<char>; rmw_qos_profile_t = rmw_qos_profile_s; rclcpp::SubscriptionOptions = rclcpp::SubscriptionOptionsWithAllocator<std::allocator<void> >]’
[22.200s]   203 |   Subscriber(
[22.200s]       |   ^~~~~~~~~~
[22.200s] /opt/ros/jazzy/include/message_filters/message_filters/subscriber.h:203:3: note:   candidate expects 4 arguments, 3 provided
[22.200s] /opt/ros/jazzy/include/message_filters/message_filters/subscriber.h:188:3: note: candidate: ‘message_filters::Subscriber<M, NodeType>::Subscriber(NodeType*, const std::string&, rmw_qos_profile_t) [with M = nav_msgs::msg::Odometry_<std::allocator<void> >; NodeType = rclcpp::Node; std::string = std::__cxx11::basic_string<char>; rmw_qos_profile_t = rmw_qos_profile_s]’
[22.200s]   188 |   Subscriber(NodeType * node, const std::string& topic, const rmw_qos_profile_t qos = rmw_qos_profile_default)
[22.200s]       |   ^~~~~~~~~~
[22.201s] /opt/ros/jazzy/include/message_filters/message_filters/subscriber.h:188:25: note:   no known conversion for argument 1 from ‘rclcpp::Node’ to ‘rclcpp::Node*’
[22.201s]   188 |   Subscriber(NodeType * node, const std::string& topic, const rmw_qos_profile_t qos = rmw_qos_profile_default)
[22.201s]       |              ~~~~~~~~~~~^~~~
[22.201s] /opt/ros/jazzy/include/message_filters/message_filters/subscriber.h:183:3: note: candidate: ‘message_filters::Subscriber<M, NodeType>::Subscriber(NodePtr, const std::string&, rmw_qos_profile_t) [with M = nav_msgs::msg::Odometry_<std::allocator<void> >; NodeType = rclcpp::Node; NodePtr = std::shared_ptr<rclcpp::Node>; std::string = std::__cxx11::basic_string<char>; rmw_qos_profile_t = rmw_qos_profile_s]’
[22.201s]   183 |   Subscriber(NodePtr node, const std::string& topic, const rmw_qos_profile_t qos = rmw_qos_profile_default)
[22.201s]       |   ^~~~~~~~~~
[22.204s] /opt/ros/jazzy/include/message_filters/message_filters/subscriber.h:183:22: note:   no known conversion for argument 1 from ‘rclcpp::Node’ to ‘message_filters::Subscriber<nav_msgs::msg::Odometry_<std::allocator<void> > >::NodePtr’ {aka ‘std::shared_ptr<rclcpp::Node>’}
[22.204s]   183 |   Subscriber(NodePtr node, const std::string& topic, const rmw_qos_profile_t qos = rmw_qos_profile_default)
[22.204s]       |              ~~~~~~~~^~~~
[22.272s] /home/neha/ros2_ws/src/semnav_migration/src/navigation_semantic.cpp:144:94: error: ‘LaserScan’ is not a member of ‘sensor_msgs’; did you mean ‘sensor_msgs::msg::LaserScan’?
[22.272s]   144 |                         typedef message_filters::sync_policies::ApproximateTime<sensor_msgs::LaserScan,nav_msgs::msg::Odometry> SyncPolicy;
[22.272s]       |                                                                                              ^~~~~~~~~
[22.272s] /opt/ros/jazzy/include/sensor_msgs/sensor_msgs/msg/detail/laser_scan__struct.hpp:250:7: note: ‘sensor_msgs::msg::LaserScan’ declared here
[22.272s]   250 | using LaserScan =
[22.272s]       |       ^~~~~~~~~
[22.272s] /home/neha/ros2_ws/src/semnav_migration/src/navigation_semantic.cpp:144:127: error: template argument 1 is invalid
[22.273s]   144 |                         typedef message_filters::sync_policies::ApproximateTime<sensor_msgs::LaserScan,nav_msgs::msg::Odometry> SyncPolicy;
[22.273s]       |                                                                                                                               ^
[22.276s] In file included from /home/neha/ros2_ws/src/semnav_migration/include/reactive_planner_lib.h:44:
[22.277s] /opt/ros/jazzy/include/message_filters/message_filters/synchronizer.h: In instantiation of ‘class message_filters::Synchronizer<int>’:
[22.277s] /home/neha/ros2_ws/src/semnav_migration/src/navigation_semantic.cpp:147:64:   required from here
[22.277s] /opt/ros/jazzy/include/message_filters/message_filters/synchronizer.h:53:7: error: base type ‘int’ fails to be a struct or class type
[22.277s]    53 | class Synchronizer : public noncopyable, public Policy
[22.277s]       |       ^~~~~~~~~~~~
[22.277s] /opt/ros/jazzy/include/message_filters/message_filters/synchronizer.h:56:37: error: ‘int’ is not a class, struct, or union type
[22.277s]    56 |   typedef typename Policy::Messages Messages;
[22.278s]       |                                     ^~~~~~~~
[22.278s] /opt/ros/jazzy/include/message_filters/message_filters/synchronizer.h:57:35: error: ‘int’ is not a class, struct, or union type
[22.278s]    57 |   typedef typename Policy::Events Events;
[22.278s]       |                                   ^~~~~~
[22.278s] /opt/ros/jazzy/include/message_filters/message_filters/synchronizer.h:58:35: error: ‘int’ is not a class, struct, or union type
[22.278s]    58 |   typedef typename Policy::Signal Signal;
[22.281s]       |                                   ^~~~~~
[22.282s] /opt/ros/jazzy/include/message_filters/message_filters/synchronizer.h:60:58: error: ‘int’ is not a class, struct, or union type
[22.282s]    60 |   typedef typename std::tuple_element<0, Messages>::type M0;
[22.282s]       |                                                          ^~
[22.282s] /opt/ros/jazzy/include/message_filters/message_filters/synchronizer.h:61:58: error: ‘int’ is not a class, struct, or union type
[22.283s]    61 |   typedef typename std::tuple_element<1, Messages>::type M1;
[22.283s]       |                                                          ^~
[22.283s] /opt/ros/jazzy/include/message_filters/message_filters/synchronizer.h:62:58: error: ‘int’ is not a class, struct, or union type
[22.283s]    62 |   typedef typename std::tuple_element<2, Messages>::type M2;
[22.283s]       |                                                          ^~
[22.283s] /opt/ros/jazzy/include/message_filters/message_filters/synchronizer.h:63:58: error: ‘int’ is not a class, struct, or union type
[22.285s]    63 |   typedef typename std::tuple_element<3, Messages>::type M3;
[22.286s]       |                                                          ^~
[22.286s] /opt/ros/jazzy/include/message_filters/message_filters/synchronizer.h:64:58: error: ‘int’ is not a class, struct, or union type
[22.286s]    64 |   typedef typename std::tuple_element<4, Messages>::type M4;
[22.286s]       |                                                          ^~
[22.286s] /opt/ros/jazzy/include/message_filters/message_filters/synchronizer.h:65:58: error: ‘int’ is not a class, struct, or union type
[22.287s]    65 |   typedef typename std::tuple_element<5, Messages>::type M5;
[22.287s]       |                                                          ^~
[22.287s] /opt/ros/jazzy/include/message_filters/message_filters/synchronizer.h:66:58: error: ‘int’ is not a class, struct, or union type
[22.287s]    66 |   typedef typename std::tuple_element<6, Messages>::type M6;
[22.287s]       |                                                          ^~
[22.287s] /opt/ros/jazzy/include/message_filters/message_filters/synchronizer.h:67:58: error: ‘int’ is not a class, struct, or union type
[22.290s]    67 |   typedef typename std::tuple_element<7, Messages>::type M7;
[22.290s]       |                                                          ^~
[22.290s] /opt/ros/jazzy/include/message_filters/message_filters/synchronizer.h:68:58: error: ‘int’ is not a class, struct, or union type
[22.290s]    68 |   typedef typename std::tuple_element<8, Messages>::type M8;
[22.290s]       |                                                          ^~
[22.291s] /opt/ros/jazzy/include/message_filters/message_filters/synchronizer.h:71:56: error: ‘int’ is not a class, struct, or union type
[22.291s]    71 |   typedef typename std::tuple_element<0, Events>::type M0Event;
[22.291s]       |                                                        ^~~~~~~
[22.291s] /opt/ros/jazzy/include/message_filters/message_filters/synchronizer.h:72:56: error: ‘int’ is not a class, struct, or union type
[22.291s]    72 |   typedef typename std::tuple_element<1, Events>::type M1Event;
[22.291s]       |                                                        ^~~~~~~
[22.293s] /opt/ros/jazzy/include/message_filters/message_filters/synchronizer.h:73:56: error: ‘int’ is not a class, struct, or union type
[22.294s]    73 |   typedef typename std::tuple_element<2, Events>::type M2Event;
[22.294s]       |                                                        ^~~~~~~
[22.294s] /opt/ros/jazzy/include/message_filters/message_filters/synchronizer.h:74:56: error: ‘int’ is not a class, struct, or union type
[22.294s]    74 |   typedef typename std::tuple_element<3, Events>::type M3Event;
[22.294s]       |                                                        ^~~~~~~
[22.294s] /opt/ros/jazzy/include/message_filters/message_filters/synchronizer.h:75:56: error: ‘int’ is not a class, struct, or union type
[22.294s]    75 |   typedef typename std::tuple_element<4, Events>::type M4Event;
[22.294s]       |                                                        ^~~~~~~
[22.295s] /opt/ros/jazzy/include/message_filters/message_filters/synchronizer.h:76:56: error: ‘int’ is not a class, struct, or union type
[22.295s]    76 |   typedef typename std::tuple_element<5, Events>::type M5Event;
[22.295s]       |                                                        ^~~~~~~
[22.295s] /opt/ros/jazzy/include/message_filters/message_filters/synchronizer.h:77:56: error: ‘int’ is not a class, struct, or union type
[22.295s]    77 |   typedef typename std::tuple_element<6, Events>::type M6Event;
[22.295s]       |                                                        ^~~~~~~
[22.298s] /opt/ros/jazzy/include/message_filters/message_filters/synchronizer.h:78:56: error: ‘int’ is not a class, struct, or union type
[22.298s]    78 |   typedef typename std::tuple_element<7, Events>::type M7Event;
[22.298s]       |                                                        ^~~~~~~
[22.298s] /opt/ros/jazzy/include/message_filters/message_filters/synchronizer.h:79:56: error: ‘int’ is not a class, struct, or union type
[22.298s]    79 |   typedef typename std::tuple_element<8, Events>::type M8Event;
[22.299s]       |                                                        ^~~~~~~
[22.299s] /opt/ros/jazzy/include/message_filters/message_filters/synchronizer.h:325:17: error: ‘int’ is not a class, namespace, or enumeration
[22.299s]   325 |   using Policy::add;
[22.299s]       |                 ^~~
[22.299s] /opt/ros/jazzy/include/message_filters/message_filters/synchronizer.h:328:8: error: ‘int’ is not a class, struct, or union type
[22.301s]   328 |   void add(const std::shared_ptr<typename std::tuple_element<i, Messages>::type const>& msg)
[22.302s]       |        ^~~
[22.302s] /opt/ros/jazzy/include/message_filters/message_filters/synchronizer.h:344:8: error: ‘int’ is not a class, struct, or union type
[22.302s]   344 |   void cb(const typename std::tuple_element<i, Events>::type& evt)
[22.302s]       |        ^~
[22.302s] /home/neha/ros2_ws/src/semnav_migration/src/navigation_semantic.cpp:148:55: error: ‘bind’ is not a member of ‘boost’; did you mean ‘find’?
[22.302s]   148 |                         sync->registerCallback(boost::bind(&SemanticNavigationNode::control_callback, this, _1, _2));
[22.302s]       |                                                       ^~~~
[22.303s]       |                                                       find
[22.303s] /home/neha/ros2_ws/src/semnav_migration/src/navigation_semantic.cpp:148:109: error: ‘_1’ was not declared in this scope
[22.303s]   148 |                         sync->registerCallback(boost::bind(&SemanticNavigationNode::control_callback, this, _1, _2));
[22.303s]       |                                                                                                             ^~
[22.303s] /home/neha/ros2_ws/src/semnav_migration/src/navigation_semantic.cpp:148:109: note: suggested alternatives:
[22.305s] In file included from /usr/include/boost/mpl/aux_/include_preprocessed.hpp:37,
[22.306s]                  from /usr/include/boost/mpl/placeholders.hpp:43,
[22.306s]                  from /usr/include/boost/iterator/iterator_categories.hpp:16,
[22.306s]                  from /usr/include/boost/iterator/iterator_facade.hpp:13,
[22.306s]                  from /usr/include/boost/range/iterator_range_core.hpp:27,
[22.306s]                  from /usr/include/boost/lexical_cast.hpp:48,
[22.306s]                  from /usr/include/boost/multiprecision/detail/number_base.hpp:29,
[22.306s]                  from /usr/include/boost/multiprecision/traits/is_variable_precision.hpp:9,
[22.307s]                  from /usr/include/boost/multiprecision/detail/precision.hpp:9,
[22.307s]                  from /usr/include/boost/multiprecision/number.hpp:11,
[22.307s]                  from /usr/include/boost/multiprecision/cpp_int.hpp:19,
[22.307s]                  from /usr/include/boost/multiprecision/cpp_bin_float.hpp:15,
[22.307s]                  from /usr/include/boost/geometry/core/coordinate_promotion.hpp:16,
[22.307s]                  from /usr/include/boost/geometry/core/radian_access.hpp:30,
[22.310s]                  from /usr/include/boost/geometry/geometry.hpp:50,
[22.310s]                  from /usr/include/boost/geometry.hpp:17,
[22.310s]                  from /home/neha/ros2_ws/src/semnav_migration/include/reactive_planner_lib.h:26:
[22.310s] /usr/include/boost/mpl/aux_/preprocessed/gcc/placeholders.hpp:29:16: note:   ‘mpl_::_1’
[22.310s]    29 | typedef arg<1> _1;
[22.310s]       |                ^~
[22.310s] In file included from /usr/include/boost/numeric/conversion/converter_policies.hpp:13,
[22.311s]                  from /usr/include/boost/numeric/conversion/converter.hpp:14,
[22.311s]                  from /usr/include/boost/numeric/conversion/cast.hpp:33,
[22.311s]                  from /usr/include/boost/geometry/core/radian_access.hpp:26:
[22.311s] /usr/include/c++/13/functional:294:48: note:   ‘std::placeholders::_1’
[22.311s]   294 |     _GLIBCXX_PLACEHOLDER const _Placeholder<1> _1;
[22.311s]       |                                                ^~
[22.313s] /usr/include/boost/mpl/aux_/preprocessed/gcc/placeholders.hpp:29:16: note:   ‘mpl_::_1’
[22.314s]    29 | typedef arg<1> _1;
[22.314s]       |                ^~
[22.314s] In file included from /usr/include/boost/describe/members.hpp:20,
[22.314s]                  from /usr/include/boost/container_hash/is_described_class.hpp:11,
[22.314s]                  from /usr/include/boost/container_hash/hash.hpp:18,
[22.314s]                  from /usr/include/boost/functional/hash.hpp:6,
[22.314s]                  from /usr/include/CGAL/Kernel/hash_functions.h:16,
[22.315s]                  from /usr/include/CGAL/Kernel/global_functions.h:25,
[22.315s]                  from /usr/include/CGAL/Cartesian/Cartesian_base.h:22,
[22.315s]                  from /usr/include/CGAL/Simple_cartesian.h:20,
[22.315s]                  from /usr/include/CGAL/Exact_predicates_inexact_constructions_kernel.h:20,
[22.315s]                  from /home/neha/ros2_ws/src/semnav_migration/include/polygeom_lib.h:32,
[22.315s]                  from /home/neha/ros2_ws/src/semnav_migration/include/reactive_planner_lib.h:50:
[22.318s] /usr/include/boost/mp11/bind.hpp:45:7: note:   ‘boost::mp11::_1’
[22.318s]    45 | using _1 = mp_arg<0>;
[22.318s]       |       ^~
[22.318s] /usr/include/boost/mpl/aux_/preprocessed/gcc/placeholders.hpp:29:16: note:   ‘mpl_::_1’
[22.318s]    29 | typedef arg<1> _1;
[22.318s]       |                ^~
[22.318s] /home/neha/ros2_ws/src/semnav_migration/src/navigation_semantic.cpp:148:113: error: ‘_2’ was not declared in this scope
[22.318s]   148 |                         sync->registerCallback(boost::bind(&SemanticNavigationNode::control_callback, this, _1, _2));
[22.319s]       |                                                                                                                 ^~
[22.319s] /home/neha/ros2_ws/src/semnav_migration/src/navigation_semantic.cpp:148:113: note: suggested alternatives:
[22.319s] /usr/include/boost/mpl/aux_/preprocessed/gcc/placeholders.hpp:42:16: note:   ‘mpl_::_2’
[22.319s]    42 | typedef arg<2> _2;
[22.319s]       |                ^~
[22.319s] /usr/include/c++/13/functional:295:48: note:   ‘std::placeholders::_2’
[22.321s]   295 |     _GLIBCXX_PLACEHOLDER const _Placeholder<2> _2;
[22.322s]       |                                                ^~
[22.322s] /usr/include/boost/mpl/aux_/preprocessed/gcc/placeholders.hpp:42:16: note:   ‘mpl_::_2’
[22.322s]    42 | typedef arg<2> _2;
[22.322s]       |                ^~
[22.322s] /usr/include/boost/mp11/bind.hpp:46:7: note:   ‘boost::mp11::_2’
[22.322s]    46 | using _2 = mp_arg<1>;
[22.322s]       |       ^~
[22.323s] /usr/include/boost/mpl/aux_/preprocessed/gcc/placeholders.hpp:42:16: note:   ‘mpl_::_2’
[22.323s]    42 | typedef arg<2> _2;
[22.323s]       |                ^~
[22.323s] /home/neha/ros2_ws/src/semnav_migration/src/navigation_semantic.cpp:150:25: error: ‘ros’ has not been declared
[22.323s]   150 |                         ros::Subscriber sub_semantic = nh_.subscribe(sub_semantic_topic_, 1, &SemanticNavigationNode::diffeo_tree_update, this);
[22.323s]       |                         ^~~
[22.325s] /home/neha/ros2_ws/src/semnav_migration/src/navigation_semantic.cpp:154:25: error: ‘ros’ has not been declared
[22.326s]   154 |                         ros::Duration(5.0).sleep();
[22.326s]       |                         ^~~
[22.326s] /home/neha/ros2_ws/src/semnav_migration/src/navigation_semantic.cpp:161:25: error: ‘ros’ has not been declared
[22.326s]   161 |                         ros::spin();
[22.326s]       |                         ^~~
[22.334s] /home/neha/ros2_ws/src/semnav_migration/src/navigation.cpp:149:55: error: ‘bind’ is not a member of ‘boost’; did you mean ‘find’?
[22.335s]   149 |                         sync->registerCallback(boost::bind(&NavigationNode::control_callback, this, _1, _2));
[22.335s]       |                                                       ^~~~
[22.335s]       |                                                       find
[22.338s] /home/neha/ros2_ws/src/semnav_migration/src/navigation.cpp:149:101: error: ‘_1’ was not declared in this scope
[22.339s]   149 |                         sync->registerCallback(boost::bind(&NavigationNode::control_callback, this, _1, _2));
[22.339s]       |                                                                                                     ^~
[22.341s] /home/neha/ros2_ws/src/semnav_migration/src/navigation.cpp:149:101: note: suggested alternatives:
[22.341s] In file included from /usr/include/boost/mpl/aux_/include_preprocessed.hpp:37,
[22.341s]                  from /usr/include/boost/mpl/placeholders.hpp:43,
[22.341s]                  from /usr/include/boost/iterator/iterator_categories.hpp:16,
[22.341s]                  from /usr/include/boost/iterator/iterator_facade.hpp:13,
[22.341s]                  from /usr/include/boost/range/iterator_range_core.hpp:27,
[22.341s]                  from /usr/include/boost/lexical_cast.hpp:48,
[22.342s]                  from /usr/include/boost/multiprecision/detail/number_base.hpp:29,
[22.342s]                  from /usr/include/boost/multiprecision/traits/is_variable_precision.hpp:9,
[22.342s]                  from /usr/include/boost/multiprecision/detail/precision.hpp:9,
[22.342s]                  from /usr/include/boost/multiprecision/number.hpp:11,
[22.342s]                  from /usr/include/boost/multiprecision/cpp_int.hpp:19,
[22.342s]                  from /usr/include/boost/multiprecision/cpp_bin_float.hpp:15,
[22.345s]                  from /usr/include/boost/geometry/core/coordinate_promotion.hpp:16,
[22.345s]                  from /usr/include/boost/geometry/core/radian_access.hpp:30,
[22.345s]                  from /usr/include/boost/geometry/geometry.hpp:50,
[22.345s]                  from /usr/include/boost/geometry.hpp:17,
[22.345s]                  from /home/neha/ros2_ws/src/semnav_migration/include/reactive_planner_lib.h:26:
[22.345s] /usr/include/boost/mpl/aux_/preprocessed/gcc/placeholders.hpp:29:16: note:   ‘mpl_::_1’
[22.346s]    29 | typedef arg<1> _1;
[22.346s]       |                ^~
[22.346s] In file included from /usr/include/boost/numeric/conversion/converter_policies.hpp:13,
[22.346s]                  from /usr/include/boost/numeric/conversion/converter.hpp:14,
[22.346s]                  from /usr/include/boost/numeric/conversion/cast.hpp:33,
[22.346s]                  from /usr/include/boost/geometry/core/radian_access.hpp:26:
[22.348s] /usr/include/c++/13/functional:294:48: note:   ‘std::placeholders::_1’
[22.349s]   294 |     _GLIBCXX_PLACEHOLDER const _Placeholder<1> _1;
[22.349s]       |                                                ^~
[22.349s] /usr/include/boost/mpl/aux_/preprocessed/gcc/placeholders.hpp:29:16: note:   ‘mpl_::_1’
[22.349s]    29 | typedef arg<1> _1;
[22.349s]       |                ^~
[22.349s] In file included from /usr/include/boost/describe/members.hpp:20,
[22.349s]                  from /usr/include/boost/container_hash/is_described_class.hpp:11,
[22.350s]                  from /usr/include/boost/container_hash/hash.hpp:18,
[22.350s]                  from /usr/include/boost/functional/hash.hpp:6,
[22.350s]                  from /usr/include/CGAL/Kernel/hash_functions.h:16,
[22.350s]                  from /usr/include/CGAL/Kernel/global_functions.h:25,
[22.350s]                  from /usr/include/CGAL/Cartesian/Cartesian_base.h:22,
[22.350s]                  from /usr/include/CGAL/Simple_cartesian.h:20,
[22.352s]                  from /usr/include/CGAL/Exact_predicates_inexact_constructions_kernel.h:20,
[22.353s]                  from /home/neha/ros2_ws/src/semnav_migration/include/polygeom_lib.h:32,
[22.353s]                  from /home/neha/ros2_ws/src/semnav_migration/include/reactive_planner_lib.h:50:
[22.353s] /usr/include/boost/mp11/bind.hpp:45:7: note:   ‘boost::mp11::_1’
[22.353s]    45 | using _1 = mp_arg<0>;
[22.353s]       |       ^~
[22.353s] /usr/include/boost/mpl/aux_/preprocessed/gcc/placeholders.hpp:29:16: note:   ‘mpl_::_1’
[22.353s]    29 | typedef arg<1> _1;
[22.354s]       |                ^~
[22.354s] /home/neha/ros2_ws/src/semnav_migration/src/navigation.cpp:149:105: error: ‘_2’ was not declared in this scope
[22.354s]   149 |                         sync->registerCallback(boost::bind(&NavigationNode::control_callback, this, _1, _2));
[22.354s]       |                                                                                                         ^~
[22.354s] /home/neha/ros2_ws/src/semnav_migration/src/navigation.cpp:149:105: note: suggested alternatives:
[22.354s] /usr/include/boost/mpl/aux_/preprocessed/gcc/placeholders.hpp:42:16: note:   ‘mpl_::_2’
[22.357s]    42 | typedef arg<2> _2;
[22.357s]       |                ^~
[22.357s] /usr/include/c++/13/functional:295:48: note:   ‘std::placeholders::_2’
[22.357s]   295 |     _GLIBCXX_PLACEHOLDER const _Placeholder<2> _2;
[22.357s]       |                                                ^~
[22.358s] /usr/include/boost/mpl/aux_/preprocessed/gcc/placeholders.hpp:42:16: note:   ‘mpl_::_2’
[22.358s]    42 | typedef arg<2> _2;
[22.358s]       |                ^~
[22.358s] /usr/include/boost/mp11/bind.hpp:46:7: note:   ‘boost::mp11::_2’
[22.358s]    46 | using _2 = mp_arg<1>;
[22.358s]       |       ^~
[22.358s] /usr/include/boost/mpl/aux_/preprocessed/gcc/placeholders.hpp:42:16: note:   ‘mpl_::_2’
[22.358s]    42 | typedef arg<2> _2;
[22.359s]       |                ^~
[22.359s] /home/neha/ros2_ws/src/semnav_migration/src/navigation.cpp:152:20: error: ‘Subscription’ was not declared in this scope
[22.359s]   152 |             rclcpp:Subscription sub_semantic = this->create_subscriber(sub_semantic_topic_, 1);
[22.359s]       |                    ^~~~~~~~~~~~
[22.359s] /home/neha/ros2_ws/src/semnav_migration/src/navigation.cpp:152:20: note: suggested alternatives:
[22.359s] In file included from /opt/ros/jazzy/include/rclcpp/rclcpp/any_executable.hpp:25,
[22.359s]                  from /opt/ros/jazzy/include/rclcpp/rclcpp/memory_strategy.hpp:25,
[22.359s]                  from /opt/ros/jazzy/include/rclcpp/rclcpp/memory_strategies.hpp:18,
[22.360s]                  from /opt/ros/jazzy/include/rclcpp/rclcpp/executor_options.hpp:22,
[22.360s]                  from /opt/ros/jazzy/include/rclcpp/rclcpp/executor.hpp:38,
[22.360s]                  from /opt/ros/jazzy/include/rclcpp/rclcpp/executors/multi_threaded_executor.hpp:25,
[22.360s]                  from /opt/ros/jazzy/include/rclcpp/rclcpp/executors.hpp:21:
[22.360s] /opt/ros/jazzy/include/rclcpp/rclcpp/subscription.hpp:75:7: note:   ‘rclcpp::Subscription’
[22.360s]    75 | class Subscription : public SubscriptionBase
[22.362s]       |       ^~~~~~~~~~~~
[22.363s] In file included from /opt/ros/jazzy/include/rclcpp/rclcpp/client.hpp:45,
[22.363s]                  from /opt/ros/jazzy/include/rclcpp/rclcpp/callback_group.hpp:24,
[22.363s]                  from /opt/ros/jazzy/include/rclcpp/rclcpp/any_executable.hpp:20:
[22.363s] /opt/ros/jazzy/include/rclcpp/rclcpp/node_interfaces/node_graph_interface.hpp:43:3: note:   ‘rclcpp::EndpointType::Subscription’
[22.363s]    43 |   Subscription = RMW_ENDPOINT_SUBSCRIPTION
[22.363s]       |   ^~~~~~~~~~~~
[22.363s] /home/neha/ros2_ws/src/semnav_migration/src/navigation.cpp:156:45: error: no matching function for call to ‘rclcpp::Duration::Duration(double)’
[22.363s]   156 |                         rclcpp::Duration(5.0).sleep();
[22.364s]       |                                             ^
[22.364s] In file included from /opt/ros/jazzy/include/rclcpp/rclcpp/time.hpp:24,
[22.364s]                  from /opt/ros/jazzy/include/rclcpp/rclcpp/clock.hpp:24,
[22.364s]                  from /opt/ros/jazzy/include/rclcpp/rclcpp/client.hpp:38:
[22.364s] /opt/ros/jazzy/include/rclcpp/rclcpp/duration.hpp:49:3: note: candidate: ‘template<class Rep, class Period> rclcpp::Duration::Duration(const std::chrono::duration<_Rep1, _Period1>&)’
[22.364s]    49 |   Duration(const std::chrono::duration<Rep, Period> & duration)  // NOLINT(runtime/explicit)
[22.366s]       |   ^~~~~~~~
[22.367s] /opt/ros/jazzy/include/rclcpp/rclcpp/duration.hpp:49:3: note:   template argument deduction/substitution failed:
[22.367s] /home/neha/ros2_ws/src/semnav_migration/src/navigation.cpp:156:45: note:   mismatched types ‘const std::chrono::duration<_Rep1, _Period1>’ and ‘double’
[22.367s]   156 |                         rclcpp::Duration(5.0).sleep();
[22.367s]       |                                             ^
[22.367s] /opt/ros/jazzy/include/rclcpp/rclcpp/duration.hpp:159:3: note: candidate: ‘rclcpp::Duration::Duration()’
[22.367s]   159 |   Duration() = default;
[22.367s]       |   ^~~~~~~~
[22.368s] /opt/ros/jazzy/include/rclcpp/rclcpp/duration.hpp:159:3: note:   candidate expects 0 arguments, 1 provided
[22.368s] /opt/ros/jazzy/include/rclcpp/rclcpp/duration.hpp:62:3: note: candidate: ‘rclcpp::Duration::Duration(const rclcpp::Duration&)’
[22.368s]    62 |   Duration(const Duration & rhs);
[22.368s]       |   ^~~~~~~~
[22.368s] /opt/ros/jazzy/include/rclcpp/rclcpp/duration.hpp:62:29: note:   no known conversion for argument 1 from ‘double’ to ‘const rclcpp::Duration&’
[22.368s]    62 |   Duration(const Duration & rhs);
[22.368s]       |            ~~~~~~~~~~~~~~~~~^~~
[22.370s] /opt/ros/jazzy/include/rclcpp/rclcpp/duration.hpp:60:12: note: candidate: ‘rclcpp::Duration::Duration(const rcl_duration_t&)’
[22.371s]    60 |   explicit Duration(const rcl_duration_t & duration);
[22.371s]       |            ^~~~~~~~
[22.371s] /opt/ros/jazzy/include/rclcpp/rclcpp/duration.hpp:60:44: note:   no known conversion for argument 1 from ‘double’ to ‘const rcl_duration_t&’ {aka ‘const rcl_duration_s&’}
[22.371s]    60 |   explicit Duration(const rcl_duration_t & duration);
[22.371s]       |                     ~~~~~~~~~~~~~~~~~~~~~~~^~~~~~~~
[22.371s] /opt/ros/jazzy/include/rclcpp/rclcpp/duration.hpp:54:3: note: candidate: ‘rclcpp::Duration::Duration(const builtin_interfaces::msg::Duration&)’
[22.371s]    54 |   Duration(const builtin_interfaces::msg::Duration & duration_msg);  // NOLINT(runtime/explicit)
[22.372s]       |   ^~~~~~~~
[22.372s] /opt/ros/jazzy/include/rclcpp/rclcpp/duration.hpp:54:54: note:   no known conversion for argument 1 from ‘double’ to ‘const builtin_interfaces::msg::Duration&’ {aka ‘const builtin_interfaces::msg::Duration_<std::allocator<void> >&’}
[22.372s]    54 |   Duration(const builtin_interfaces::msg::Duration & duration_msg);  // NOLINT(runtime/explicit)
[22.372s]       |            ~~~~~~~~~~~~~~~~~~~~~~~~~~~~~~~~~~~~~~~~~~^~~~~~~~~~~~
[22.372s] /opt/ros/jazzy/include/rclcpp/rclcpp/duration.hpp:43:12: note: candidate: ‘rclcpp::Duration::Duration(std::chrono::nanoseconds)’
[22.372s]    43 |   explicit Duration(std::chrono::nanoseconds nanoseconds);
[22.376s]       |            ^~~~~~~~
[22.377s] /opt/ros/jazzy/include/rclcpp/rclcpp/duration.hpp:43:46: note:   no known conversion for argument 1 from ‘double’ to ‘std::chrono::nanoseconds’ {aka ‘std::chrono::duration<long int, std::ratio<1, 1000000000> >’}
[22.377s]    43 |   explicit Duration(std::chrono::nanoseconds nanoseconds);
[22.377s]       |                     ~~~~~~~~~~~~~~~~~~~~~~~~~^~~~~~~~~~~
[22.377s] /opt/ros/jazzy/include/rclcpp/rclcpp/duration.hpp:40:3: note: candidate: ‘rclcpp::Duration::Duration(int32_t, uint32_t)’
[22.377s]    40 |   Duration(int32_t seconds, uint32_t nanoseconds);
[22.377s]       |   ^~~~~~~~
[22.377s] /opt/ros/jazzy/include/rclcpp/rclcpp/duration.hpp:40:3: note:   candidate expects 2 arguments, 1 provided
[22.378s] /home/neha/ros2_ws/src/semnav_migration/src/navigation_semantic.cpp: In member function ‘void SemanticNavigationNode::publish_twist(double, double)’:
[22.378s] /home/neha/ros2_ws/src/semnav_migration/src/navigation_semantic.cpp:168:25: error: ‘pub_twist_’ was not declared in this scope; did you mean ‘publish_twist’?
[22.378s]   168 |                         pub_twist_.publish(commandTwist);
[22.378s]       |                         ^~~~~~~~~~
[22.378s]       |                         publish_twist
[22.379s] /home/neha/ros2_ws/src/semnav_migration/src/navigation_semantic.cpp: In member function ‘void SemanticNavigationNode::publish_behavior_id(uint16_t)’:
[22.379s] /home/neha/ros2_ws/src/semnav_migration/src/navigation_semantic.cpp:173:32: error: ‘UInt32’ is not a member of ‘std_msgs::msg’
[22.379s]   173 |                 std_msgs::msg::UInt32 commandId;
[22.379s]       |                                ^~~~~~
[22.405s] /home/neha/ros2_ws/src/semnav_migration/src/navigation.cpp:163:38: error: ‘node_ptr’ was not declared in this scope; did you mean ‘mode_t’?
[22.405s]   163 |                         rclcpp::spin(node_ptr);
[22.405s]       |                                      ^~~~~~~~
[22.405s]       |                                      mode_t
[22.415s] /home/neha/ros2_ws/src/semnav_migration/src/navigation.cpp: In member function ‘void NavigationNode::publish_behavior_id(uint16_t)’:
[22.415s] /home/neha/ros2_ws/src/semnav_migration/src/navigation.cpp:175:28: error: ‘UInt32’ is not a member of ‘std_msgs::msg’
[22.416s]   175 |             std_msgs::msg::UInt32 commandId;
[22.416s]       |                            ^~~~~~
[22.426s] /home/neha/ros2_ws/src/semnav_migration/src/navigation_semantic.cpp:174:25: error: ‘commandId’ was not declared in this scope
[22.426s]   174 |                         commandId.data = BehaviorIdCmd;
[22.426s]       |                         ^~~~~~~~~
[22.462s] /home/neha/ros2_ws/src/semnav_migration/src/navigation.cpp:176:25: error: ‘commandId’ was not declared in this scope
[22.462s]   176 |                         commandId.data = BehaviorIdCmd;
[22.462s]       |                         ^~~~~~~~~
[22.467s] /home/neha/ros2_ws/src/semnav_migration/src/navigation.cpp: In member function ‘void NavigationNode::publish_behavior_mode(uint16_t)’:
[22.467s] /home/neha/ros2_ws/src/semnav_migration/src/navigation.cpp:182:28: error: ‘UInt32’ is not a member of ‘std_msgs::msg’
[22.467s]   182 |             std_msgs::msg::UInt32 commandMode;
[22.467s]       |                            ^~~~~~
[22.511s] /home/neha/ros2_ws/src/semnav_migration/src/navigation_semantic.cpp:175:25: error: ‘pub_behaviorID_’ was not declared in this scope; did you mean ‘pub_behaviorID_topic_’?
[22.511s]   175 |                         pub_behaviorID_.publish(commandId);
[22.511s]       |                         ^~~~~~~~~~~~~~~
[22.511s]       |                         pub_behaviorID_topic_
[22.513s] /home/neha/ros2_ws/src/semnav_migration/src/navigation_semantic.cpp: In member function ‘void SemanticNavigationNode::publish_behavior_mode(uint16_t)’:
[22.514s] /home/neha/ros2_ws/src/semnav_migration/src/navigation_semantic.cpp:180:28: error: ‘UInt32’ is not a member of ‘std_msgs::msg’
[22.514s]   180 |             std_msgs::msg::UInt32 commandMode;
[22.514s]       |                            ^~~~~~
[22.531s] /home/neha/ros2_ws/src/semnav_migration/src/navigation.cpp:183:25: error: ‘commandMode’ was not declared in this scope
[22.531s]   183 |                         commandMode.data = BehaviorModeCmd;
[22.531s]       |                         ^~~~~~~~~~~
[22.578s] /home/neha/ros2_ws/src/semnav_migration/src/navigation_semantic.cpp:181:25: error: ‘commandMode’ was not declared in this scope
[22.578s]   181 |                         commandMode.data = BehaviorModeCmd;
[22.578s]       |                         ^~~~~~~~~~~
[22.585s] /home/neha/ros2_ws/src/semnav_migration/src/navigation.cpp: In member function ‘void NavigationNode::diffeo_tree_update(const object_pose_interface_msgs::msg::SemanticMapObjectArray_<std::allocator<void> >::ConstPtr&)’:
[22.585s] /home/neha/ros2_ws/src/semnav_migration/src/navigation.cpp:254:31: error: cannot call member function ‘rclcpp::Time rclcpp::Clock::now() const’ without object
[22.585s]   254 |             rclcpp::Clock::now() time;
[22.585s]       |             ~~~~~~~~~~~~~~~~~~^~
[22.585s] /home/neha/ros2_ws/src/semnav_migration/src/navigation.cpp:255:34: error: request for member ‘seconds’ in ‘time’, which is of non-class type ‘time_t(time_t*) noexcept’ {aka ‘long int(long int*) noexcept’}
[22.585s]   255 |                         if (time.seconds() - DiffeoTreeUpdateTime_ < (1.0/DiffeoTreeUpdateRate_)) {
[22.586s]       |                                  ^~~~~~~
[22.586s] /home/neha/ros2_ws/src/semnav_migration/src/navigation.cpp:260:71: error: cannot call member function ‘rclcpp::Time rclcpp::Clock::now() const’ without object
[22.586s]   260 |                                 double start_time = rclcpp::Clock::now().toSec();
[22.586s]       |                                                     ~~~~~~~~~~~~~~~~~~^~
[22.613s] /home/neha/ros2_ws/src/semnav_migration/src/navigation.cpp:328:103: error: cannot call member function ‘rclcpp::Time rclcpp::Clock::now() const’ without object
[22.613s]   328 |                                 ROS_WARN_STREAM("[Navigation] Updated trees in " << rclcpp::Clock::now().toSec()-start_time << " seconds.");
[22.613s]       |                                                                                     ~~~~~~~~~~~~~~~~~~^~
[22.676s] /home/neha/ros2_ws/src/semnav_migration/src/navigation_semantic.cpp:182:25: error: ‘pub_behaviorMode_’ was not declared in this scope; did you mean ‘pub_behaviorMode_topic_’?
[22.676s]   182 |                         pub_behaviorMode_.publish(commandMode);
[22.676s]       |                         ^~~~~~~~~~~~~~~~~
[22.677s]       |                         pub_behaviorMode_topic_
[22.704s] /home/neha/ros2_ws/src/semnav_migration/src/navigation.cpp:328:33: error: ‘ROS_WARN_STREAM’ was not declared in this scope; did you mean ‘RCLCPP_WARN_STREAM’?
[22.704s]   328 |                                 ROS_WARN_STREAM("[Navigation] Updated trees in " << rclcpp::Clock::now().toSec()-start_time << " seconds.");
[22.704s]       |                                 ^~~~~~~~~~~~~~~
[22.704s]       |                                 RCLCPP_WARN_STREAM
[22.708s] /home/neha/ros2_ws/src/semnav_migration/src/navigation.cpp:331:75: error: cannot call member function ‘rclcpp::Time rclcpp::Clock::now() const’ without object
[22.708s]   331 |                                 DiffeoTreeUpdateTime_ = rclcpp::Clock::now().toSec();
[22.708s]       |                                                         ~~~~~~~~~~~~~~~~~~^~
[22.708s] /home/neha/ros2_ws/src/semnav_migration/src/navigation.cpp: In member function ‘void NavigationNode::control_callback(const sensor_msgs::msg::LaserScan_<std::allocator<void> >::ConstPtr&, const nav_msgs::msg::Odometry_<std::allocator<void> >::ConstPtr&)’:
[22.709s] /home/neha/ros2_ws/src/semnav_migration/src/navigation.cpp:358:64: error: cannot call member function ‘rclcpp::Time rclcpp::Clock::now() const’ without object
[22.709s]   358 |                         double before_time = rclcpp::Clock::now().toSec();
[22.709s]       |                                              ~~~~~~~~~~~~~~~~~~^~
[22.728s] /home/neha/ros2_ws/src/semnav_migration/src/navigation_semantic.cpp: In member function ‘void SemanticNavigationNode::diffeo_tree_update(const object_pose_interface_msgs::msg::SemanticMapObjectArray_<std::allocator<void> >::ConstPtr&)’:
[22.728s] /home/neha/ros2_ws/src/semnav_migration/src/navigation_semantic.cpp:252:29: error: ‘ros’ has not been declared
[22.728s]   252 |                         if (ros::Time::now().toSec() - DiffeoTreeUpdateTime_ < (1.0/DiffeoTreeUpdateRate_)) {
[22.728s]       |                             ^~~
[22.729s] /home/neha/ros2_ws/src/semnav_migration/src/navigation_semantic.cpp:256:53: error: ‘ros’ has not been declared
[22.729s]   256 |                                 double start_time = ros::Time::now().toSec();
[22.729s]       |                                                     ^~~
[22.732s] /home/neha/ros2_ws/src/semnav_migration/src/navigation_semantic.cpp:267:49: error: ‘tf’ has not been declared
[22.733s]   267 |                                                 tf::Quaternion rotation = tf::Quaternion(semantic_map_data->objects[i].pose.pose.orientation.x,
[22.733s]       |                                                 ^~
[22.733s] /home/neha/ros2_ws/src/semnav_migration/src/navigation_semantic.cpp:272:49: error: ‘tf’ has not been declared
[22.733s]   272 |                                                 tf::Matrix3x3 m(rotation);
[22.733s]       |                                                 ^~
[22.733s] /home/neha/ros2_ws/src/semnav_migration/src/navigation_semantic.cpp:275:49: error: ‘tf’ has not been declared
[22.733s]   275 |                                                 tf::Vector3 target_nominal_1(-0.5*target_object_width_ - ObstacleDilation_ - 0.08, 0.0, 0.0);
[22.734s]       |                                                 ^~
[22.734s] /home/neha/ros2_ws/src/semnav_migration/src/navigation_semantic.cpp:276:49: error: ‘tf’ has not been declared
[22.734s]   276 |                                                 tf::Vector3 target_nominal_2(0.5*target_object_width_ + ObstacleDilation_ + 0.25, 0.0, 0.0);
[22.734s]       |                                                 ^~
[22.734s] /home/neha/ros2_ws/src/semnav_migration/src/navigation_semantic.cpp:277:49: error: ‘tf’ has not been declared
[22.734s]   277 |                                                 tf::Vector3 target_nominal_1_rotated = tf::quatRotate(rotation, target_nominal_1);
[22.736s]       |                                                 ^~
[22.737s] /home/neha/ros2_ws/src/semnav_migration/src/navigation_semantic.cpp:278:49: error: ‘tf’ has not been declared
[22.737s]   278 |                                                 tf::Vector3 target_nominal_2_rotated = tf::quatRotate(rotation, target_nominal_2);
[22.737s]       |                                                 ^~
[22.762s] /home/neha/ros2_ws/src/semnav_migration/src/navigation.cpp:366:33: error: ‘listener_’ was not declared in this scope
[22.763s]   366 |                                 listener_.waitForTransform(world_frame_id_, odom_frame_id_, rclcpp::Time(0), rclcpp::Duration(1.0));
[22.763s]       |                                 ^~~~~~~~~
[22.763s] /home/neha/ros2_ws/src/semnav_migration/src/navigation.cpp:366:130: error: no matching function for call to ‘rclcpp::Duration::Duration(double)’
[22.763s]   366 |                                 listener_.waitForTransform(world_frame_id_, odom_frame_id_, rclcpp::Time(0), rclcpp::Duration(1.0));
[22.763s]       |                                                                                                                                  ^
[22.766s] /home/neha/ros2_ws/src/semnav_migration/src/navigation_semantic.cpp:280:49: error: ‘m’ was not declared in this scope; did you mean ‘tm’?
[22.766s]   280 |                                                 m.getRPY(roll, pitch, yaw);
[22.766s]       |                                                 ^
[22.766s]       |                                                 tm
[22.766s] /opt/ros/jazzy/include/rclcpp/rclcpp/duration.hpp:49:3: note: candidate: ‘template<class Rep, class Period> rclcpp::Duration::Duration(const std::chrono::duration<_Rep1, _Period1>&)’
[22.767s]    49 |   Duration(const std::chrono::duration<Rep, Period> & duration)  // NOLINT(runtime/explicit)
[22.767s]       |   ^~~~~~~~
[22.767s] /opt/ros/jazzy/include/rclcpp/rclcpp/duration.hpp:49:3: note:   template argument deduction/substitution failed:
[22.767s] /home/neha/ros2_ws/src/semnav_migration/src/navigation.cpp:366:130: note:   mismatched types ‘const std::chrono::duration<_Rep1, _Period1>’ and ‘double’
[22.767s]   366 |                                 listener_.waitForTransform(world_frame_id_, odom_frame_id_, rclcpp::Time(0), rclcpp::Duration(1.0));
[22.767s]       |                                                                                                                                  ^
[22.769s] /opt/ros/jazzy/include/rclcpp/rclcpp/duration.hpp:159:3: note: candidate: ‘rclcpp::Duration::Duration()’
[22.770s]   159 |   Duration() = default;
[22.770s]       |   ^~~~~~~~
[22.770s] /opt/ros/jazzy/include/rclcpp/rclcpp/duration.hpp:159:3: note:   candidate expects 0 arguments, 1 provided
[22.770s] /opt/ros/jazzy/include/rclcpp/rclcpp/duration.hpp:62:3: note: candidate: ‘rclcpp::Duration::Duration(const rclcpp::Duration&)’
[22.770s]    62 |   Duration(const Duration & rhs);
[22.770s]       |   ^~~~~~~~
[22.770s] /opt/ros/jazzy/include/rclcpp/rclcpp/duration.hpp:62:29: note:   no known conversion for argument 1 from ‘double’ to ‘const rclcpp::Duration&’
[22.770s]    62 |   Duration(const Duration & rhs);
[22.771s]       |            ~~~~~~~~~~~~~~~~~^~~
[22.771s] /opt/ros/jazzy/include/rclcpp/rclcpp/duration.hpp:60:12: note: candidate: ‘rclcpp::Duration::Duration(const rcl_duration_t&)’
[22.771s]    60 |   explicit Duration(const rcl_duration_t & duration);
[22.771s]       |            ^~~~~~~~
[22.771s] /opt/ros/jazzy/include/rclcpp/rclcpp/duration.hpp:60:44: note:   no known conversion for argument 1 from ‘double’ to ‘const rcl_duration_t&’ {aka ‘const rcl_duration_s&’}
[22.771s]    60 |   explicit Duration(const rcl_duration_t & duration);
[22.773s]       |                     ~~~~~~~~~~~~~~~~~~~~~~~^~~~~~~~
[22.774s] /opt/ros/jazzy/include/rclcpp/rclcpp/duration.hpp:54:3: note: candidate: ‘rclcpp::Duration::Duration(const builtin_interfaces::msg::Duration&)’
[22.774s]    54 |   Duration(const builtin_interfaces::msg::Duration & duration_msg);  // NOLINT(runtime/explicit)
[22.774s]       |   ^~~~~~~~
[22.774s] /opt/ros/jazzy/include/rclcpp/rclcpp/duration.hpp:54:54: note:   no known conversion for argument 1 from ‘double’ to ‘const builtin_interfaces::msg::Duration&’ {aka ‘const builtin_interfaces::msg::Duration_<std::allocator<void> >&’}
[22.774s]    54 |   Duration(const builtin_interfaces::msg::Duration & duration_msg);  // NOLINT(runtime/explicit)
[22.774s]       |            ~~~~~~~~~~~~~~~~~~~~~~~~~~~~~~~~~~~~~~~~~~^~~~~~~~~~~~
[22.774s] /opt/ros/jazzy/include/rclcpp/rclcpp/duration.hpp:43:12: note: candidate: ‘rclcpp::Duration::Duration(std::chrono::nanoseconds)’
[22.774s]    43 |   explicit Duration(std::chrono::nanoseconds nanoseconds);
[22.775s]       |            ^~~~~~~~
[22.775s] /opt/ros/jazzy/include/rclcpp/rclcpp/duration.hpp:43:46: note:   no known conversion for argument 1 from ‘double’ to ‘std::chrono::nanoseconds’ {aka ‘std::chrono::duration<long int, std::ratio<1, 1000000000> >’}
[22.775s]    43 |   explicit Duration(std::chrono::nanoseconds nanoseconds);
[22.775s]       |                     ~~~~~~~~~~~~~~~~~~~~~~~~~^~~~~~~~~~~
[22.775s] /opt/ros/jazzy/include/rclcpp/rclcpp/duration.hpp:40:3: note: candidate: ‘rclcpp::Duration::Duration(int32_t, uint32_t)’
[22.775s]    40 |   Duration(int32_t seconds, uint32_t nanoseconds);
[22.777s]       |   ^~~~~~~~
[22.778s] /opt/ros/jazzy/include/rclcpp/rclcpp/duration.hpp:40:3: note:   candidate expects 2 arguments, 1 provided
[22.813s] /home/neha/ros2_ws/src/semnav_migration/src/navigation.cpp:369:33: error: ‘ROS_ERROR’ was not declared in this scope
[22.814s]   369 |                                 ROS_ERROR("%s",ex.what());
[22.814s]       |                                 ^~~~~~~~~
[22.817s] /home/neha/ros2_ws/src/semnav_migration/src/navigation.cpp:396:42: error: could not convert ‘lidar_data’ from ‘shared_ptr<LaserScan_<[...]>>’ to ‘shared_ptr<LaserScan_<[...]>>’
[22.817s]   396 |                         constructLIDAR2D(lidar_data, CutoffRange_, AllowableRange_, RobotPitch_, &LIDAR);
[22.817s]       |                                          ^~~~~~~~~~
[22.817s]       |                                          |
[22.817s]       |                                          shared_ptr<LaserScan_<[...]>>
[22.837s] /home/neha/ros2_ws/src/semnav_migration/src/navigation.cpp:570:53: error: no matching function for call to ‘rclcpp::Duration::Duration(double)’
[22.837s]   570 |                                 rclcpp::Duration(5.0).sleep();
[22.837s]       |                                                     ^
[22.839s] /opt/ros/jazzy/include/rclcpp/rclcpp/duration.hpp:49:3: note: candidate: ‘template<class Rep, class Period> rclcpp::Duration::Duration(const std::chrono::duration<_Rep1, _Period1>&)’
[22.839s]    49 |   Duration(const std::chrono::duration<Rep, Period> & duration)  // NOLINT(runtime/explicit)
[22.839s]       |   ^~~~~~~~
[22.839s] /opt/ros/jazzy/include/rclcpp/rclcpp/duration.hpp:49:3: note:   template argument deduction/substitution failed:
[22.839s] /home/neha/ros2_ws/src/semnav_migration/src/navigation.cpp:570:53: note:   mismatched types ‘const std::chrono::duration<_Rep1, _Period1>’ and ‘double’
[22.839s]   570 |                                 rclcpp::Duration(5.0).sleep();
[22.840s]       |                                                     ^
[22.840s] /opt/ros/jazzy/include/rclcpp/rclcpp/duration.hpp:159:3: note: candidate: ‘rclcpp::Duration::Duration()’
[22.840s]   159 |   Duration() = default;
[22.840s]       |   ^~~~~~~~
[22.840s] /opt/ros/jazzy/include/rclcpp/rclcpp/duration.hpp:159:3: note:   candidate expects 0 arguments, 1 provided
[22.840s] /opt/ros/jazzy/include/rclcpp/rclcpp/duration.hpp:62:3: note: candidate: ‘rclcpp::Duration::Duration(const rclcpp::Duration&)’
[22.842s]    62 |   Duration(const Duration & rhs);
[22.843s]       |   ^~~~~~~~
[22.843s] /opt/ros/jazzy/include/rclcpp/rclcpp/duration.hpp:62:29: note:   no known conversion for argument 1 from ‘double’ to ‘const rclcpp::Duration&’
[22.843s]    62 |   Duration(const Duration & rhs);
[22.843s]       |            ~~~~~~~~~~~~~~~~~^~~
[22.843s] /opt/ros/jazzy/include/rclcpp/rclcpp/duration.hpp:60:12: note: candidate: ‘rclcpp::Duration::Duration(const rcl_duration_t&)’
[22.843s]    60 |   explicit Duration(const rcl_duration_t & duration);
[22.843s]       |            ^~~~~~~~
[22.843s] /opt/ros/jazzy/include/rclcpp/rclcpp/duration.hpp:60:44: note:   no known conversion for argument 1 from ‘double’ to ‘const rcl_duration_t&’ {aka ‘const rcl_duration_s&’}
[22.844s]    60 |   explicit Duration(const rcl_duration_t & duration);
[22.844s]       |                     ~~~~~~~~~~~~~~~~~~~~~~~^~~~~~~~
[22.844s] /opt/ros/jazzy/include/rclcpp/rclcpp/duration.hpp:54:3: note: candidate: ‘rclcpp::Duration::Duration(const builtin_interfaces::msg::Duration&)’
[22.844s]    54 |   Duration(const builtin_interfaces::msg::Duration & duration_msg);  // NOLINT(runtime/explicit)
[22.844s]       |   ^~~~~~~~
[22.844s] /opt/ros/jazzy/include/rclcpp/rclcpp/duration.hpp:54:54: note:   no known conversion for argument 1 from ‘double’ to ‘const builtin_interfaces::msg::Duration&’ {aka ‘const builtin_interfaces::msg::Duration_<std::allocator<void> >&’}
[22.846s]    54 |   Duration(const builtin_interfaces::msg::Duration & duration_msg);  // NOLINT(runtime/explicit)
[22.847s]       |            ~~~~~~~~~~~~~~~~~~~~~~~~~~~~~~~~~~~~~~~~~~^~~~~~~~~~~~
[22.847s] /opt/ros/jazzy/include/rclcpp/rclcpp/duration.hpp:43:12: note: candidate: ‘rclcpp::Duration::Duration(std::chrono::nanoseconds)’
[22.847s]    43 |   explicit Duration(std::chrono::nanoseconds nanoseconds);
[22.847s]       |            ^~~~~~~~
[22.847s] /opt/ros/jazzy/include/rclcpp/rclcpp/duration.hpp:43:46: note:   no known conversion for argument 1 from ‘double’ to ‘std::chrono::nanoseconds’ {aka ‘std::chrono::duration<long int, std::ratio<1, 1000000000> >’}
[22.847s]    43 |   explicit Duration(std::chrono::nanoseconds nanoseconds);
[22.847s]       |                     ~~~~~~~~~~~~~~~~~~~~~~~~~^~~~~~~~~~~
[22.847s] /opt/ros/jazzy/include/rclcpp/rclcpp/duration.hpp:40:3: note: candidate: ‘rclcpp::Duration::Duration(int32_t, uint32_t)’
[22.848s]    40 |   Duration(int32_t seconds, uint32_t nanoseconds);
[22.848s]       |   ^~~~~~~~
[22.848s] /opt/ros/jazzy/include/rclcpp/rclcpp/duration.hpp:40:3: note:   candidate expects 2 arguments, 1 provided
[22.925s] /home/neha/ros2_ws/src/semnav_migration/src/navigation_semantic.cpp:281:123: error: ‘target_nominal_1_rotated’ was not declared in this scope
[22.925s]   281 |                                                 GoalVector[0].set<0>(semantic_map_data->objects[i].pose.pose.position.x + target_nominal_1_rotated.getX());
[22.925s]       |                                                                                                                           ^~~~~~~~~~~~~~~~~~~~~~~~
[22.932s] /home/neha/ros2_ws/src/semnav_migration/src/navigation.cpp:573:33: error: ‘ROS_WARN_STREAM’ was not declared in this scope; did you mean ‘RCLCPP_WARN_STREAM’?
[22.932s]   573 |                                 ROS_WARN_STREAM("[Navigation] Successfully navigated to goal and stopped...");
[22.932s]       |                                 ^~~~~~~~~~~~~~~
[22.932s]       |                                 RCLCPP_WARN_STREAM
[22.943s] /home/neha/ros2_ws/src/semnav_migration/src/navigation.cpp:596:75: error: invalid operands of types ‘const char [32]’ and ‘double’ to binary ‘operator<<’
[22.943s]   596 |                         ROS_WARN_STREAM("[Navigation] Linear command is " << LinearCmd << " and angular command is " << AngularCmd);
[22.943s]       |                                         ~~~~~~~~~~~~~~~~~~~~~~~~~~~~~~~~~ ^~ ~~~~~~~~~
[22.943s]       |                                         |                                    |
[22.943s]       |                                         const char [32]                      double
[23.028s] /home/neha/ros2_ws/src/semnav_migration/src/navigation.cpp:596:25: error: ‘ROS_WARN_STREAM’ was not declared in this scope; did you mean ‘RCLCPP_WARN_STREAM’?
[23.028s]   596 |                         ROS_WARN_STREAM("[Navigation] Linear command is " << LinearCmd << " and angular command is " << AngularCmd);
[23.028s]       |                         ^~~~~~~~~~~~~~~
[23.029s]       |                         RCLCPP_WARN_STREAM
[23.029s] /home/neha/ros2_ws/src/semnav_migration/src/navigation.cpp:597:76: error: invalid operands of types ‘const char [33]’ and ‘int’ to binary ‘operator<<’
[23.029s]   597 |                         ROS_WARN_STREAM("[Navigation] Command update for " << int(localDiffeoTreeArray.size()) << " polygons in " << rclcpp::Clock::now().toSec()-before_time << " seconds.");
[23.029s]       |                                         ~~~~~~~~~~~~~~~~~~~~~~~~~~~~~~~~~~ ^~ ~~~~~~~~~~~~~~~~~~~~~~~~~~~~~~~~
[23.030s]       |                                         |                                     |
[23.030s]       |                                         const char [33]                       int
[23.032s] /home/neha/ros2_ws/src/semnav_migration/src/navigation.cpp:597:152: error: cannot call member function ‘rclcpp::Time rclcpp::Clock::now() const’ without object
[23.032s]   597 |                         ROS_WARN_STREAM("[Navigation] Command update for " << int(localDiffeoTreeArray.size()) << " polygons in " << rclcpp::Clock::now().toSec()-before_time << " seconds.");
[23.032s]       |                                                                                                                                      ~~~~~~~~~~~~~~~~~~^~
[23.087s] /home/neha/ros2_ws/src/semnav_migration/src/navigation_semantic.cpp:283:123: error: ‘target_nominal_2_rotated’ was not declared in this scope
[23.087s]   283 |                                                 GoalVector[1].set<0>(semantic_map_data->objects[i].pose.pose.position.x + target_nominal_2_rotated.getX());
[23.087s]       |                                                                                                                           ^~~~~~~~~~~~~~~~~~~~~~~~
[23.204s] /home/neha/ros2_ws/src/semnav_migration/src/navigation_semantic.cpp:317:49: error: ‘ROS_ERROR_STREAM’ was not declared in this scope; did you mean ‘RCLCPP_ERROR_STREAM’?
[23.204s]   317 |                                                 ROS_ERROR_STREAM("Goal blocked by object");
[23.204s]       |                                                 ^~~~~~~~~~~~~~~~
[23.205s]       |                                                 RCLCPP_ERROR_STREAM
[23.210s] /home/neha/ros2_ws/src/semnav_migration/src/navigation_semantic.cpp:365:85: error: ‘ros’ has not been declared
[23.210s]   365 |                                 ROS_WARN_STREAM("[Navigation] Updated trees in " << ros::Time::now().toSec()-start_time << " seconds.");
[23.210s]       |                                                                                     ^~~
[23.306s] /home/neha/ros2_ws/src/semnav_migration/src/navigation_semantic.cpp:365:33: error: ‘ROS_WARN_STREAM’ was not declared in this scope; did you mean ‘RCLCPP_WARN_STREAM’?
[23.306s]   365 |                                 ROS_WARN_STREAM("[Navigation] Updated trees in " << ros::Time::now().toSec()-start_time << " seconds.");
[23.306s]       |                                 ^~~~~~~~~~~~~~~
[23.307s]       |                                 RCLCPP_WARN_STREAM
[23.307s] /home/neha/ros2_ws/src/semnav_migration/src/navigation_semantic.cpp:368:57: error: ‘ros’ has not been declared
[23.307s]   368 |                                 DiffeoTreeUpdateTime_ = ros::Time::now().toSec();
[23.307s]       |                                                         ^~~
[23.310s] /home/neha/ros2_ws/src/semnav_migration/src/navigation_semantic.cpp: In member function ‘void SemanticNavigationNode::control_callback(const sensor_msgs::msg::LaserScan_<std::allocator<void> >::ConstPtr&, const nav_msgs::msg::Odometry_<std::allocator<void> >::ConstPtr&)’:
[23.310s] /home/neha/ros2_ws/src/semnav_migration/src/navigation_semantic.cpp:396:46: error: ‘ros’ has not been declared
[23.310s]   396 |                         double before_time = ros::Time::now().toSec();
[23.310s]       |                                              ^~~
[23.313s] /home/neha/ros2_ws/src/semnav_migration/src/navigation_semantic.cpp:399:40: error: ‘PoseStamped’ is not a member of ‘geometry_msgs’; did you mean ‘geometry_msgs::msg::PoseStamped’?
[23.313s]   399 |                         geometry_msgs::PoseStamped odomPose, mapPose;
[23.313s]       |                                        ^~~~~~~~~~~
[23.313s] In file included from /home/neha/ros2_ws/src/install/object_pose_interface_msgs/include/object_pose_interface_msgs/object_pose_interface_msgs/msg/detail/semantic_map_object__struct.hpp:28,
[23.313s]                  from /home/neha/ros2_ws/src/install/object_pose_interface_msgs/include/object_pose_interface_msgs/object_pose_interface_msgs/msg/detail/semantic_map_object_array__struct.hpp:25,
[23.313s]                  from /home/neha/ros2_ws/src/install/object_pose_interface_msgs/include/object_pose_interface_msgs/object_pose_interface_msgs/msg/semantic_map_object_array.hpp:7,
[23.314s]                  from /home/neha/ros2_ws/src/semnav_migration/src/navigation_semantic.cpp:26:
[23.314s] /opt/ros/jazzy/include/geometry_msgs/geometry_msgs/msg/detail/pose_stamped__struct.hpp:138:7: note: ‘geometry_msgs::msg::PoseStamped’ declared here
[23.314s]   138 | using PoseStamped =
[23.314s]       |       ^~~~~~~~~~~
[23.361s] /home/neha/ros2_ws/src/semnav_migration/src/navigation_semantic.cpp:400:25: error: ‘odomPose’ was not declared in this scope
[23.361s]   400 |                         odomPose.header.stamp = ros::Time(0);
[23.361s]       |                         ^~~~~~~~
[23.361s] /home/neha/ros2_ws/src/semnav_migration/src/navigation_semantic.cpp:400:49: error: ‘ros’ has not been declared
[23.361s]   400 |                         odomPose.header.stamp = ros::Time(0);
[23.361s]       |                                                 ^~~
[23.417s] /home/neha/ros2_ws/src/semnav_migration/src/navigation_semantic.cpp:404:33: error: ‘listener_’ was not declared in this scope
[23.417s]   404 |                                 listener_.waitForTransform(world_frame_id_, odom_frame_id_, ros::Time(0), ros::Duration(1.0));
[23.417s]       |                                 ^~~~~~~~~
[23.417s] /home/neha/ros2_ws/src/semnav_migration/src/navigation_semantic.cpp:404:93: error: ‘ros’ has not been declared
[23.417s]   404 |                                 listener_.waitForTransform(world_frame_id_, odom_frame_id_, ros::Time(0), ros::Duration(1.0));
[23.417s]       |                                                                                             ^~~
[23.418s] /home/neha/ros2_ws/src/semnav_migration/src/navigation_semantic.cpp:404:107: error: ‘ros’ has not been declared
[23.418s]   404 |                                 listener_.waitForTransform(world_frame_id_, odom_frame_id_, ros::Time(0), ros::Duration(1.0));
[23.418s]       |                                                                                                           ^~~
[23.457s] /home/neha/ros2_ws/src/semnav_migration/src/navigation_semantic.cpp:405:84: error: ‘mapPose’ was not declared in this scope
[23.457s]   405 |                                 listener_.transformPose(world_frame_id_, odomPose, mapPose);
[23.457s]       |                                                                                    ^~~~~~~
[23.461s] /home/neha/ros2_ws/src/semnav_migration/src/navigation_semantic.cpp:406:34: error: ‘tf’ does not name a type; did you mean ‘tm’?
[23.461s]   406 |                         } catch (tf::TransformException &ex) {
[23.461s]       |                                  ^~
[23.461s]       |                                  tm
[23.462s] /home/neha/ros2_ws/src/semnav_migration/src/navigation_semantic.cpp:406:57: error: expected unqualified-id before ‘&’ token
[23.462s]   406 |                         } catch (tf::TransformException &ex) {
[23.462s]       |                                                         ^
[23.462s] /home/neha/ros2_ws/src/semnav_migration/src/navigation_semantic.cpp:406:57: error: expected ‘)’ before ‘&’ token
[23.462s] /home/neha/ros2_ws/src/semnav_migration/src/navigation_semantic.cpp:406:33: note: to match this ‘(’
[23.462s]   406 |                         } catch (tf::TransformException &ex) {
[23.462s]       |                                 ^
[23.463s] /home/neha/ros2_ws/src/semnav_migration/src/navigation_semantic.cpp:406:57: error: expected ‘{’ before ‘&’ token
[23.463s]   406 |                         } catch (tf::TransformException &ex) {
[23.463s]       |                                                         ^
[23.497s] /home/neha/ros2_ws/src/semnav_migration/src/navigation_semantic.cpp:406:58: error: ‘ex’ was not declared in this scope; did you mean ‘exp’?
[23.497s]   406 |                         } catch (tf::TransformException &ex) {
[23.497s]       |                                                          ^~
[23.497s]       |                                                          exp
[23.497s] /home/neha/ros2_ws/src/semnav_migration/src/navigation_semantic.cpp:412:25: error: ‘tf’ has not been declared
[23.497s]   412 |                         tf::Quaternion rotation = tf::Quaternion(mapPose.pose.orientation.x,
[23.497s]       |                         ^~
[23.498s] /home/neha/ros2_ws/src/semnav_migration/src/navigation_semantic.cpp:416:25: error: ‘tf’ has not been declared
[23.498s]   416 |                         tf::Matrix3x3 m(rotation);
[23.498s]       |                         ^~
[23.532s] /home/neha/ros2_ws/src/semnav_migration/src/navigation_semantic.cpp:418:25: error: ‘m’ was not declared in this scope; did you mean ‘tm’?
[23.532s]   418 |                         m.getRPY(roll, pitch, yaw);
[23.532s]       |                         ^
[23.532s]       |                         tm
[23.572s] /home/neha/ros2_ws/src/semnav_migration/src/navigation_semantic.cpp:419:51: error: ‘mapPose’ was not declared in this scope
[23.572s]   419 |                         double x_robot_position = mapPose.pose.position.x;
[23.572s]       |                                                   ^~~~~~~
[23.582s] /home/neha/ros2_ws/src/semnav_migration/src/navigation_semantic.cpp:432:42: error: could not convert ‘lidar_data’ from ‘shared_ptr<LaserScan_<[...]>>’ to ‘shared_ptr<LaserScan_<[...]>>’
[23.582s]   432 |                         constructLIDAR2D(lidar_data, CutoffRange_, AllowableRange_, RobotPitch_, &LIDAR);
[23.582s]       |                                          ^~~~~~~~~~
[23.582s]       |                                          |
[23.582s]       |                                          shared_ptr<LaserScan_<[...]>>
[23.598s] /home/neha/ros2_ws/src/semnav_migration/src/navigation_semantic.cpp:562:96: error: invalid operands of types ‘const char [53]’ and ‘double’ to binary ‘operator<<’
[23.598s]   562 |                         ROS_WARN_STREAM("[Navigation] Diffeomorphism jacobian determinant is " << MatrixDeterminant(RobotPositionTransformedD) << ", robot position is " << bg::dsv(RobotPosition_) << " and robot positon in model space is " << bg::dsv(RobotPositionTransformedPoint));
[23.598s]       |                                         ~~~~~~~~~~~~~~~~~~~~~~~~~~~~~~~~~~~~~~~~~~~~~~~~~~~~~~ ^~ ~~~~~~~~~~~~~~~~~~~~~~~~~~~~~~~~~~~~~~~~~~~~
[23.599s]       |                                         |                                                                          |
[23.599s]       |                                         const char [53]                                                            double
[23.698s] /home/neha/ros2_ws/src/semnav_migration/src/navigation_semantic.cpp:562:25: error: ‘ROS_WARN_STREAM’ was not declared in this scope; did you mean ‘RCLCPP_WARN_STREAM’?
[23.698s]   562 |                         ROS_WARN_STREAM("[Navigation] Diffeomorphism jacobian determinant is " << MatrixDeterminant(RobotPositionTransformedD) << ", robot position is " << bg::dsv(RobotPosition_) << " and robot positon in model space is " << bg::dsv(RobotPositionTransformedPoint));
[23.698s]       |                         ^~~~~~~~~~~~~~~
[23.698s]       |                         RCLCPP_WARN_STREAM
[23.700s] /home/neha/ros2_ws/src/semnav_migration/src/navigation_semantic.cpp:591:41: error: ‘ros’ has not been declared
[23.700s]   591 |                                         ros::Duration(5.0).sleep();
[23.700s]       |                                         ^~~
[23.709s] /home/neha/ros2_ws/src/semnav_migration/src/navigation_semantic.cpp:616:75: error: invalid operands of types ‘const char [32]’ and ‘double’ to binary ‘operator<<’
[23.709s]   616 |                         ROS_WARN_STREAM("[Navigation] Linear command is " << LinearCmd << " and angular command is " << AngularCmd);
[23.709s]       |                                         ~~~~~~~~~~~~~~~~~~~~~~~~~~~~~~~~~ ^~ ~~~~~~~~~
[23.709s]       |                                         |                                    |
[23.709s]       |                                         const char [32]                      double
[23.709s] /home/neha/ros2_ws/src/semnav_migration/src/navigation_semantic.cpp:617:76: error: invalid operands of types ‘const char [33]’ and ‘int’ to binary ‘operator<<’
[23.710s]   617 |                         ROS_WARN_STREAM("[Navigation] Command update for " << int(localDiffeoTreeArray.size()) << " polygons in " << ros::Time::now().toSec()-before_time << " seconds.");
[23.710s]       |                                         ~~~~~~~~~~~~~~~~~~~~~~~~~~~~~~~~~~ ^~ ~~~~~~~~~~~~~~~~~~~~~~~~~~~~~~~~
[23.710s]       |                                         |                                     |
[23.710s]       |                                         const char [33]                       int
[23.710s] /home/neha/ros2_ws/src/semnav_migration/src/navigation_semantic.cpp:617:134: error: ‘ros’ has not been declared
[23.710s]   617 |                         ROS_WARN_STREAM("[Navigation] Command update for " << int(localDiffeoTreeArray.size()) << " polygons in " << ros::Time::now().toSec()-before_time << " seconds.");
[23.713s]       |                                                                                                                                      ^~~
[23.713s] /home/neha/ros2_ws/src/semnav_migration/src/navigation_semantic.cpp: In function ‘int main(int, char**)’:
[23.713s] /home/neha/ros2_ws/src/semnav_migration/src/navigation_semantic.cpp:698:9: error: ‘ros’ has not been declared
[23.713s]   698 |         ros::init(argc, argv, "navigation_semantic");
[23.713s]       |         ^~~
[23.713s] /home/neha/ros2_ws/src/semnav_migration/src/navigation_semantic.cpp:701:9: error: ‘ros’ has not been declared
[23.714s]   701 |         ros::NodeHandle nh("~");
[23.714s]       |         ^~~
[23.733s] /home/neha/ros2_ws/src/semnav_migration/src/navigation_semantic.cpp:704:56: error: ‘nh’ was not declared in this scope
[23.733s]   704 |         SemanticNavigationNode semanticNavigationNode(&nh);
[23.733s]       |                                                        ^~
[33.572s] gmake[2]: *** [CMakeFiles/navigation_semantic.dir/build.make:76: CMakeFiles/navigation_semantic.dir/src/navigation_semantic.cpp.o] Error 1
[33.573s] gmake[1]: *** [CMakeFiles/Makefile2:207: CMakeFiles/navigation_semantic.dir/all] Error 2
[33.573s] gmake[1]: *** Waiting for unfinished jobs....
[37.477s] gmake[2]: *** [CMakeFiles/navigation.dir/build.make:76: CMakeFiles/navigation.dir/src/navigation.cpp.o] Error 1
[37.478s] gmake[1]: *** [CMakeFiles/Makefile2:181: CMakeFiles/navigation.dir/all] Error 2
[37.478s] gmake: *** [Makefile:146: all] Error 2
[37.481s] Invoked command in '/home/neha/ros2_ws/src/semnav_migration/build/semnav' returned '2': CMAKE_PREFIX_PATH=${CMAKE_PREFIX_PATH}:/opt/ros/jazzy DEBUGINFOD_URLS=https://debuginfod.ubuntu.com /usr/bin/cmake --build /home/neha/ros2_ws/src/semnav_migration/build/semnav -- -j2 -l2
