[0.025s] Invoking command in '/home/neha/ros2_ws/src/semnav_migration/build/semnav': CMAKE_PREFIX_PATH=${CMAKE_PREFIX_PATH}:/opt/ros/jazzy DEBUGINFOD_URLS=https://debuginfod.ubuntu.com /usr/bin/cmake --build /home/neha/ros2_ws/src/semnav_migration/build/semnav -- -j2 -l2
[0.199s] [  4%] Building CXX object CMakeFiles/reactive_planner.dir/src/libraries/reactive_planner_lib.cpp.o
[58.235s] [  9%] Linking CXX static library libreactive_planner.a
[59.433s] [ 14%] Built target reactive_planner
[59.651s] [ 19%] Building CXX object CMakeFiles/navigation.dir/src/navigation.cpp.o
[59.702s] [ 23%] Building CXX object CMakeFiles/navigation_semantic.dir/src/navigation_semantic.cpp.o
[65.617s] /home/neha/ros2_ws/src/semnav_migration/src/navigation.cpp:28:10: fatal error: example_interfaces/msg/u_int32.hpp: No such file or directory
[65.617s]    28 | #include <example_interfaces/msg/u_int32.hpp>
[65.617s]       |          ^~~~~~~~~~~~~~~~~~~~~~~~~~~~~~~~~~~~
[65.620s] compilation terminated.
[65.667s] gmake[2]: *** [CMakeFiles/navigation.dir/build.make:76: CMakeFiles/navigation.dir/src/navigation.cpp.o] Error 1
[65.668s] gmake[1]: *** [CMakeFiles/Makefile2:181: CMakeFiles/navigation.dir/all] Error 2
[65.668s] gmake[1]: *** Waiting for unfinished jobs....
[80.008s] /home/neha/ros2_ws/src/semnav_migration/src/navigation_semantic.cpp:624:17: error: ‘ros’ does not name a type
[80.008s]   624 |                 ros::NodeHandle nh_;
[80.009s]       |                 ^~~
[80.014s] /home/neha/ros2_ws/src/semnav_migration/src/navigation_semantic.cpp:641:17: error: ‘ros’ does not name a type
[80.014s]   641 |                 ros::Publisher pub_behaviorID_;
[80.015s]       |                 ^~~
[80.020s] /home/neha/ros2_ws/src/semnav_migration/src/navigation_semantic.cpp:642:17: error: ‘ros’ does not name a type
[80.020s]   642 |                 ros::Publisher pub_behaviorMode_;
[80.021s]       |                 ^~~
[80.026s] /home/neha/ros2_ws/src/semnav_migration/src/navigation_semantic.cpp:643:17: error: ‘ros’ does not name a type
[80.026s]   643 |                 ros::Publisher pub_twist_;
[80.026s]       |                 ^~~
[80.032s] /home/neha/ros2_ws/src/semnav_migration/src/navigation_semantic.cpp:645:17: error: ‘ros’ does not name a type
[80.032s]   645 |                 ros::Publisher pub_semantic_map_;
[80.032s]       |                 ^~~
[80.046s] /home/neha/ros2_ws/src/semnav_migration/src/navigation_semantic.cpp:691:17: error: ‘tf’ does not name a type; did you mean ‘tm’?
[80.047s]   691 |                 tf::TransformListener listener_;
[80.047s]       |                 ^~
[80.047s]       |                 tm
[80.155s] /home/neha/ros2_ws/src/semnav_migration/src/navigation_semantic.cpp: In constructor ‘SemanticNavigationNode::SemanticNavigationNode()’:
[80.155s] /home/neha/ros2_ws/src/semnav_migration/src/navigation_semantic.cpp:137:13: error: ‘pub_behaviorID_’ was not declared in this scope; did you mean ‘pub_behaviorID_topic_’?
[80.155s]   137 |             pub_behaviorID_ = this->create_publisher<std_msgs::msg::UInt32>("pub_behaviorID_topic_", 1);
[80.156s]       |             ^~~~~~~~~~~~~~~
[80.156s]       |             pub_behaviorID_topic_
[80.159s] /home/neha/ros2_ws/src/semnav_migration/src/navigation_semantic.cpp:137:69: error: ‘UInt32’ is not a member of ‘std_msgs::msg’
[80.159s]   137 |             pub_behaviorID_ = this->create_publisher<std_msgs::msg::UInt32>("pub_behaviorID_topic_", 1);
[80.159s]       |                                                                     ^~~~~~
[80.159s] /home/neha/ros2_ws/src/semnav_migration/src/navigation_semantic.cpp:137:76: error: no matching function for call to ‘SemanticNavigationNode::create_publisher<<expression error> >(const char [22], int)’
[80.159s]   137 |             pub_behaviorID_ = this->create_publisher<std_msgs::msg::UInt32>("pub_behaviorID_topic_", 1);
[80.160s]       |                               ~~~~~~~~~~~~~~~~~~~~~~~~~~~~~~~~~~~~~~~~~~~~~^~~~~~~~~~~~~~~~~~~~~~~~~~~~
[80.160s] In file included from /opt/ros/jazzy/include/rclcpp/rclcpp/executors/single_threaded_executor.hpp:28,
[80.160s]                  from /opt/ros/jazzy/include/rclcpp/rclcpp/executors.hpp:22,
[80.160s]                  from /opt/ros/jazzy/include/rclcpp/rclcpp/rclcpp.hpp:172,
[80.160s]                  from /home/neha/ros2_ws/src/semnav_migration/include/reactive_planner_lib.h:32,
[80.160s]                  from /home/neha/ros2_ws/src/semnav_migration/src/navigation_semantic.cpp:25:
[80.161s] /opt/ros/jazzy/include/rclcpp/rclcpp/node.hpp:197:3: note: candidate: ‘template<class MessageT, class AllocatorT, class PublisherT> std::shared_ptr<PublisherT> rclcpp::Node::create_publisher(const std::string&, const rclcpp::QoS&, const rclcpp::PublisherOptionsWithAllocator<AllocatorT>&)’
[80.161s]   197 |   create_publisher(
[80.161s]       |   ^~~~~~~~~~~~~~~~
[80.161s] /opt/ros/jazzy/include/rclcpp/rclcpp/node.hpp:197:3: note:   template argument deduction/substitution failed:
[80.161s] /home/neha/ros2_ws/src/semnav_migration/src/navigation_semantic.cpp:137:76: error: template argument 1 is invalid
[80.161s]   137 |             pub_behaviorID_ = this->create_publisher<std_msgs::msg::UInt32>("pub_behaviorID_topic_", 1);
[80.161s]       |                               ~~~~~~~~~~~~~~~~~~~~~~~~~~~~~~~~~~~~~~~~~~~~~^~~~~~~~~~~~~~~~~~~~~~~~~~~~
[80.250s] /home/neha/ros2_ws/src/semnav_migration/src/navigation_semantic.cpp:138:13: error: ‘pub_behaviorMode_’ was not declared in this scope; did you mean ‘pub_behaviorMode_topic_’?
[80.250s]   138 |             pub_behaviorMode_ = this->create_publisher<std_msgs::msg::UInt32>("pub_behaviorMode_topic_", 1);
[80.250s]       |             ^~~~~~~~~~~~~~~~~
[80.251s]       |             pub_behaviorMode_topic_
[80.254s] /home/neha/ros2_ws/src/semnav_migration/src/navigation_semantic.cpp:138:71: error: ‘UInt32’ is not a member of ‘std_msgs::msg’
[80.254s]   138 |             pub_behaviorMode_ = this->create_publisher<std_msgs::msg::UInt32>("pub_behaviorMode_topic_", 1);
[80.254s]       |                                                                       ^~~~~~
[80.254s] /home/neha/ros2_ws/src/semnav_migration/src/navigation_semantic.cpp:138:78: error: no matching function for call to ‘SemanticNavigationNode::create_publisher<<expression error> >(const char [24], int)’
[80.255s]   138 |             pub_behaviorMode_ = this->create_publisher<std_msgs::msg::UInt32>("pub_behaviorMode_topic_", 1);
[80.255s]       |                                 ~~~~~~~~~~~~~~~~~~~~~~~~~~~~~~~~~~~~~~~~~~~~~^~~~~~~~~~~~~~~~~~~~~~~~~~~~~~
[80.255s] /opt/ros/jazzy/include/rclcpp/rclcpp/node.hpp:197:3: note: candidate: ‘template<class MessageT, class AllocatorT, class PublisherT> std::shared_ptr<PublisherT> rclcpp::Node::create_publisher(const std::string&, const rclcpp::QoS&, const rclcpp::PublisherOptionsWithAllocator<AllocatorT>&)’
[80.255s]   197 |   create_publisher(
[80.255s]       |   ^~~~~~~~~~~~~~~~
[80.255s] /opt/ros/jazzy/include/rclcpp/rclcpp/node.hpp:197:3: note:   template argument deduction/substitution failed:
[80.255s] /home/neha/ros2_ws/src/semnav_migration/src/navigation_semantic.cpp:138:78: error: template argument 1 is invalid
[80.256s]   138 |             pub_behaviorMode_ = this->create_publisher<std_msgs::msg::UInt32>("pub_behaviorMode_topic_", 1);
[80.256s]       |                                 ~~~~~~~~~~~~~~~~~~~~~~~~~~~~~~~~~~~~~~~~~~~~~^~~~~~~~~~~~~~~~~~~~~~~~~~~~~~
[80.300s] /home/neha/ros2_ws/src/semnav_migration/src/navigation_semantic.cpp:139:13: error: ‘pub_twist_’ was not declared in this scope; did you mean ‘publish_twist’?
[80.300s]   139 |             pub_twist_ = this->create_publisher<std_msgs::msg::UInt32>("pub_twist_topic_", 1);
[80.301s]       |             ^~~~~~~~~~
[80.301s]       |             publish_twist
[80.304s] /home/neha/ros2_ws/src/semnav_migration/src/navigation_semantic.cpp:139:64: error: ‘UInt32’ is not a member of ‘std_msgs::msg’
[80.304s]   139 |             pub_twist_ = this->create_publisher<std_msgs::msg::UInt32>("pub_twist_topic_", 1);
[80.304s]       |                                                                ^~~~~~
[80.305s] /home/neha/ros2_ws/src/semnav_migration/src/navigation_semantic.cpp:139:71: error: no matching function for call to ‘SemanticNavigationNode::create_publisher<<expression error> >(const char [17], int)’
[80.305s]   139 |             pub_twist_ = this->create_publisher<std_msgs::msg::UInt32>("pub_twist_topic_", 1);
[80.305s]       |                          ~~~~~~~~~~~~~~~~~~~~~~~~~~~~~~~~~~~~~~~~~~~~~^~~~~~~~~~~~~~~~~~~~~~~
[80.305s] /opt/ros/jazzy/include/rclcpp/rclcpp/node.hpp:197:3: note: candidate: ‘template<class MessageT, class AllocatorT, class PublisherT> std::shared_ptr<PublisherT> rclcpp::Node::create_publisher(const std::string&, const rclcpp::QoS&, const rclcpp::PublisherOptionsWithAllocator<AllocatorT>&)’
[80.305s]   197 |   create_publisher(
[80.305s]       |   ^~~~~~~~~~~~~~~~
[80.305s] /opt/ros/jazzy/include/rclcpp/rclcpp/node.hpp:197:3: note:   template argument deduction/substitution failed:
[80.305s] /home/neha/ros2_ws/src/semnav_migration/src/navigation_semantic.cpp:139:71: error: template argument 1 is invalid
[80.306s]   139 |             pub_twist_ = this->create_publisher<std_msgs::msg::UInt32>("pub_twist_topic_", 1);
[80.306s]       |                          ~~~~~~~~~~~~~~~~~~~~~~~~~~~~~~~~~~~~~~~~~~~~~^~~~~~~~~~~~~~~~~~~~~~~
[80.306s] /home/neha/ros2_ws/src/semnav_migration/src/navigation_semantic.cpp:142:42: error: ‘message_filters::msg’ has not been declared
[80.306s]   142 |                         message_filters::msg::Subscriber<sensor_msgs::LaserScan> sub_laser(nh_, sub_laser_topic_, 1);
[80.306s]       |                                          ^~~
[80.308s] /home/neha/ros2_ws/src/semnav_migration/src/navigation_semantic.cpp:142:71: error: ‘LaserScan’ is not a member of ‘sensor_msgs’; did you mean ‘sensor_msgs::msg::LaserScan’?
[80.308s]   142 |                         message_filters::msg::Subscriber<sensor_msgs::LaserScan> sub_laser(nh_, sub_laser_topic_, 1);
[80.308s]       |                                                                       ^~~~~~~~~
[80.308s] In file included from /opt/ros/jazzy/include/sensor_msgs/sensor_msgs/msg/laser_scan.hpp:7,
[80.309s]                  from /home/neha/ros2_ws/src/semnav_migration/include/reactive_planner_lib.h:46:
[80.309s] /opt/ros/jazzy/include/sensor_msgs/sensor_msgs/msg/detail/laser_scan__struct.hpp:250:7: note: ‘sensor_msgs::msg::LaserScan’ declared here
[80.309s]   250 | using LaserScan =
[80.309s]       |       ^~~~~~~~~
[80.337s] /home/neha/ros2_ws/src/semnav_migration/src/navigation_semantic.cpp:142:92: error: ‘nh_’ was not declared in this scope
[80.337s]   142 |                         message_filters::msg::Subscriber<sensor_msgs::LaserScan> sub_laser(nh_, sub_laser_topic_, 1);
[80.337s]       |                                                                                            ^~~
[80.384s] /home/neha/ros2_ws/src/semnav_migration/src/navigation_semantic.cpp:142:82: error: ‘sub_laser’ was not declared in this scope
[80.384s]   142 |                         message_filters::msg::Subscriber<sensor_msgs::LaserScan> sub_laser(nh_, sub_laser_topic_, 1);
[80.384s]       |                                                                                  ^~~~~~~~~
[80.451s] /home/neha/ros2_ws/src/semnav_migration/src/navigation_semantic.cpp:144:94: error: ‘LaserScan’ is not a member of ‘sensor_msgs’; did you mean ‘sensor_msgs::msg::LaserScan’?
[80.451s]   144 |                         typedef message_filters::sync_policies::ApproximateTime<sensor_msgs::LaserScan,nav_msgs::msg::Odometry> SyncPolicy;
[80.451s]       |                                                                                              ^~~~~~~~~
[80.451s] /opt/ros/jazzy/include/sensor_msgs/sensor_msgs/msg/detail/laser_scan__struct.hpp:250:7: note: ‘sensor_msgs::msg::LaserScan’ declared here
[80.451s]   250 | using LaserScan =
[80.451s]       |       ^~~~~~~~~
[80.451s] /home/neha/ros2_ws/src/semnav_migration/src/navigation_semantic.cpp:144:127: error: template argument 1 is invalid
[80.452s]   144 |                         typedef message_filters::sync_policies::ApproximateTime<sensor_msgs::LaserScan,nav_msgs::msg::Odometry> SyncPolicy;
[80.452s]       |                                                                                                                               ^
[80.453s] In file included from /home/neha/ros2_ws/src/semnav_migration/include/reactive_planner_lib.h:44:
[80.453s] /opt/ros/jazzy/include/message_filters/message_filters/synchronizer.h: In instantiation of ‘class message_filters::Synchronizer<int>’:
[80.453s] /home/neha/ros2_ws/src/semnav_migration/src/navigation_semantic.cpp:147:64:   required from here
[80.453s] /opt/ros/jazzy/include/message_filters/message_filters/synchronizer.h:53:7: error: base type ‘int’ fails to be a struct or class type
[80.454s]    53 | class Synchronizer : public noncopyable, public Policy
[80.454s]       |       ^~~~~~~~~~~~
[80.454s] /opt/ros/jazzy/include/message_filters/message_filters/synchronizer.h:56:37: error: ‘int’ is not a class, struct, or union type
[80.454s]    56 |   typedef typename Policy::Messages Messages;
[80.454s]       |                                     ^~~~~~~~
[80.454s] /opt/ros/jazzy/include/message_filters/message_filters/synchronizer.h:57:35: error: ‘int’ is not a class, struct, or union type
[80.454s]    57 |   typedef typename Policy::Events Events;
[80.455s]       |                                   ^~~~~~
[80.455s] /opt/ros/jazzy/include/message_filters/message_filters/synchronizer.h:58:35: error: ‘int’ is not a class, struct, or union type
[80.455s]    58 |   typedef typename Policy::Signal Signal;
[80.455s]       |                                   ^~~~~~
[80.455s] /opt/ros/jazzy/include/message_filters/message_filters/synchronizer.h:60:58: error: ‘int’ is not a class, struct, or union type
[80.456s]    60 |   typedef typename std::tuple_element<0, Messages>::type M0;
[80.456s]       |                                                          ^~
[80.456s] /opt/ros/jazzy/include/message_filters/message_filters/synchronizer.h:61:58: error: ‘int’ is not a class, struct, or union type
[80.456s]    61 |   typedef typename std::tuple_element<1, Messages>::type M1;
[80.456s]       |                                                          ^~
[80.456s] /opt/ros/jazzy/include/message_filters/message_filters/synchronizer.h:62:58: error: ‘int’ is not a class, struct, or union type
[80.456s]    62 |   typedef typename std::tuple_element<2, Messages>::type M2;
[80.456s]       |                                                          ^~
[80.457s] /opt/ros/jazzy/include/message_filters/message_filters/synchronizer.h:63:58: error: ‘int’ is not a class, struct, or union type
[80.457s]    63 |   typedef typename std::tuple_element<3, Messages>::type M3;
[80.457s]       |                                                          ^~
[80.457s] /opt/ros/jazzy/include/message_filters/message_filters/synchronizer.h:64:58: error: ‘int’ is not a class, struct, or union type
[80.457s]    64 |   typedef typename std::tuple_element<4, Messages>::type M4;
[80.457s]       |                                                          ^~
[80.457s] /opt/ros/jazzy/include/message_filters/message_filters/synchronizer.h:65:58: error: ‘int’ is not a class, struct, or union type
[80.457s]    65 |   typedef typename std::tuple_element<5, Messages>::type M5;
[80.458s]       |                                                          ^~
[80.458s] /opt/ros/jazzy/include/message_filters/message_filters/synchronizer.h:66:58: error: ‘int’ is not a class, struct, or union type
[80.458s]    66 |   typedef typename std::tuple_element<6, Messages>::type M6;
[80.458s]       |                                                          ^~
[80.458s] /opt/ros/jazzy/include/message_filters/message_filters/synchronizer.h:67:58: error: ‘int’ is not a class, struct, or union type
[80.458s]    67 |   typedef typename std::tuple_element<7, Messages>::type M7;
[80.458s]       |                                                          ^~
[80.458s] /opt/ros/jazzy/include/message_filters/message_filters/synchronizer.h:68:58: error: ‘int’ is not a class, struct, or union type
[80.459s]    68 |   typedef typename std::tuple_element<8, Messages>::type M8;
[80.459s]       |                                                          ^~
[80.459s] /opt/ros/jazzy/include/message_filters/message_filters/synchronizer.h:71:56: error: ‘int’ is not a class, struct, or union type
[80.459s]    71 |   typedef typename std::tuple_element<0, Events>::type M0Event;
[80.460s]       |                                                        ^~~~~~~
[80.460s] /opt/ros/jazzy/include/message_filters/message_filters/synchronizer.h:72:56: error: ‘int’ is not a class, struct, or union type
[80.460s]    72 |   typedef typename std::tuple_element<1, Events>::type M1Event;
[80.460s]       |                                                        ^~~~~~~
[80.460s] /opt/ros/jazzy/include/message_filters/message_filters/synchronizer.h:73:56: error: ‘int’ is not a class, struct, or union type
[80.460s]    73 |   typedef typename std::tuple_element<2, Events>::type M2Event;
[80.460s]       |                                                        ^~~~~~~
[80.460s] /opt/ros/jazzy/include/message_filters/message_filters/synchronizer.h:74:56: error: ‘int’ is not a class, struct, or union type
[80.461s]    74 |   typedef typename std::tuple_element<3, Events>::type M3Event;
[80.461s]       |                                                        ^~~~~~~
[80.461s] /opt/ros/jazzy/include/message_filters/message_filters/synchronizer.h:75:56: error: ‘int’ is not a class, struct, or union type
[80.461s]    75 |   typedef typename std::tuple_element<4, Events>::type M4Event;
[80.461s]       |                                                        ^~~~~~~
[80.462s] /opt/ros/jazzy/include/message_filters/message_filters/synchronizer.h:76:56: error: ‘int’ is not a class, struct, or union type
[80.462s]    76 |   typedef typename std::tuple_element<5, Events>::type M5Event;
[80.462s]       |                                                        ^~~~~~~
[80.462s] /opt/ros/jazzy/include/message_filters/message_filters/synchronizer.h:77:56: error: ‘int’ is not a class, struct, or union type
[80.462s]    77 |   typedef typename std::tuple_element<6, Events>::type M6Event;
[80.462s]       |                                                        ^~~~~~~
[80.462s] /opt/ros/jazzy/include/message_filters/message_filters/synchronizer.h:78:56: error: ‘int’ is not a class, struct, or union type
[80.462s]    78 |   typedef typename std::tuple_element<7, Events>::type M7Event;
[80.463s]       |                                                        ^~~~~~~
[80.463s] /opt/ros/jazzy/include/message_filters/message_filters/synchronizer.h:79:56: error: ‘int’ is not a class, struct, or union type
[80.463s]    79 |   typedef typename std::tuple_element<8, Events>::type M8Event;
[80.463s]       |                                                        ^~~~~~~
[80.463s] /opt/ros/jazzy/include/message_filters/message_filters/synchronizer.h:325:17: error: ‘int’ is not a class, namespace, or enumeration
[80.464s]   325 |   using Policy::add;
[80.464s]       |                 ^~~
[80.464s] /opt/ros/jazzy/include/message_filters/message_filters/synchronizer.h:328:8: error: ‘int’ is not a class, struct, or union type
[80.464s]   328 |   void add(const std::shared_ptr<typename std::tuple_element<i, Messages>::type const>& msg)
[80.464s]       |        ^~~
[80.464s] /opt/ros/jazzy/include/message_filters/message_filters/synchronizer.h:344:8: error: ‘int’ is not a class, struct, or union type
[80.464s]   344 |   void cb(const typename std::tuple_element<i, Events>::type& evt)
[80.465s]       |        ^~
[80.465s] /home/neha/ros2_ws/src/semnav_migration/src/navigation_semantic.cpp:148:55: error: ‘bind’ is not a member of ‘boost’; did you mean ‘find’?
[80.465s]   148 |                         sync->registerCallback(boost::bind(&SemanticNavigationNode::control_callback, this, _1, _2));
[80.465s]       |                                                       ^~~~
[80.465s]       |                                                       find
[80.465s] /home/neha/ros2_ws/src/semnav_migration/src/navigation_semantic.cpp:148:109: error: ‘_1’ was not declared in this scope
[80.465s]   148 |                         sync->registerCallback(boost::bind(&SemanticNavigationNode::control_callback, this, _1, _2));
[80.465s]       |                                                                                                             ^~
[80.466s] /home/neha/ros2_ws/src/semnav_migration/src/navigation_semantic.cpp:148:109: note: suggested alternatives:
[80.466s] In file included from /usr/include/boost/mpl/aux_/include_preprocessed.hpp:37,
[80.466s]                  from /usr/include/boost/mpl/placeholders.hpp:43,
[80.466s]                  from /usr/include/boost/iterator/iterator_categories.hpp:16,
[80.466s]                  from /usr/include/boost/iterator/iterator_facade.hpp:13,
[80.466s]                  from /usr/include/boost/range/iterator_range_core.hpp:27,
[80.466s]                  from /usr/include/boost/lexical_cast.hpp:48,
[80.466s]                  from /usr/include/boost/multiprecision/detail/number_base.hpp:29,
[80.467s]                  from /usr/include/boost/multiprecision/traits/is_variable_precision.hpp:9,
[80.467s]                  from /usr/include/boost/multiprecision/detail/precision.hpp:9,
[80.467s]                  from /usr/include/boost/multiprecision/number.hpp:11,
[80.467s]                  from /usr/include/boost/multiprecision/cpp_int.hpp:19,
[80.467s]                  from /usr/include/boost/multiprecision/cpp_bin_float.hpp:15,
[80.467s]                  from /usr/include/boost/geometry/core/coordinate_promotion.hpp:16,
[80.467s]                  from /usr/include/boost/geometry/core/radian_access.hpp:30,
[80.467s]                  from /usr/include/boost/geometry/geometry.hpp:50,
[80.468s]                  from /usr/include/boost/geometry.hpp:17,
[80.468s]                  from /home/neha/ros2_ws/src/semnav_migration/include/reactive_planner_lib.h:26:
[80.468s] /usr/include/boost/mpl/aux_/preprocessed/gcc/placeholders.hpp:29:16: note:   ‘mpl_::_1’
[80.468s]    29 | typedef arg<1> _1;
[80.468s]       |                ^~
[80.468s] In file included from /usr/include/boost/numeric/conversion/converter_policies.hpp:13,
[80.468s]                  from /usr/include/boost/numeric/conversion/converter.hpp:14,
[80.468s]                  from /usr/include/boost/numeric/conversion/cast.hpp:33,
[80.469s]                  from /usr/include/boost/geometry/core/radian_access.hpp:26:
[80.469s] /usr/include/c++/13/functional:294:48: note:   ‘std::placeholders::_1’
[80.469s]   294 |     _GLIBCXX_PLACEHOLDER const _Placeholder<1> _1;
[80.469s]       |                                                ^~
[80.469s] /usr/include/boost/mpl/aux_/preprocessed/gcc/placeholders.hpp:29:16: note:   ‘mpl_::_1’
[80.469s]    29 | typedef arg<1> _1;
[80.469s]       |                ^~
[80.469s] In file included from /usr/include/boost/describe/members.hpp:20,
[80.470s]                  from /usr/include/boost/container_hash/is_described_class.hpp:11,
[80.470s]                  from /usr/include/boost/container_hash/hash.hpp:18,
[80.470s]                  from /usr/include/boost/functional/hash.hpp:6,
[80.470s]                  from /usr/include/CGAL/Kernel/hash_functions.h:16,
[80.470s]                  from /usr/include/CGAL/Kernel/global_functions.h:25,
[80.470s]                  from /usr/include/CGAL/Cartesian/Cartesian_base.h:22,
[80.470s]                  from /usr/include/CGAL/Simple_cartesian.h:20,
[80.470s]                  from /usr/include/CGAL/Exact_predicates_inexact_constructions_kernel.h:20,
[80.471s]                  from /home/neha/ros2_ws/src/semnav_migration/include/polygeom_lib.h:32,
[80.471s]                  from /home/neha/ros2_ws/src/semnav_migration/include/reactive_planner_lib.h:51:
[80.471s] /usr/include/boost/mp11/bind.hpp:45:7: note:   ‘boost::mp11::_1’
[80.471s]    45 | using _1 = mp_arg<0>;
[80.471s]       |       ^~
[80.471s] /usr/include/boost/mpl/aux_/preprocessed/gcc/placeholders.hpp:29:16: note:   ‘mpl_::_1’
[80.471s]    29 | typedef arg<1> _1;
[80.471s]       |                ^~
[80.472s] /home/neha/ros2_ws/src/semnav_migration/src/navigation_semantic.cpp:148:113: error: ‘_2’ was not declared in this scope
[80.472s]   148 |                         sync->registerCallback(boost::bind(&SemanticNavigationNode::control_callback, this, _1, _2));
[80.472s]       |                                                                                                                 ^~
[80.472s] /home/neha/ros2_ws/src/semnav_migration/src/navigation_semantic.cpp:148:113: note: suggested alternatives:
[80.472s] /usr/include/boost/mpl/aux_/preprocessed/gcc/placeholders.hpp:42:16: note:   ‘mpl_::_2’
[80.472s]    42 | typedef arg<2> _2;
[80.472s]       |                ^~
[80.472s] /usr/include/c++/13/functional:295:48: note:   ‘std::placeholders::_2’
[80.473s]   295 |     _GLIBCXX_PLACEHOLDER const _Placeholder<2> _2;
[80.473s]       |                                                ^~
[80.473s] /usr/include/boost/mpl/aux_/preprocessed/gcc/placeholders.hpp:42:16: note:   ‘mpl_::_2’
[80.473s]    42 | typedef arg<2> _2;
[80.473s]       |                ^~
[80.474s] /usr/include/boost/mp11/bind.hpp:46:7: note:   ‘boost::mp11::_2’
[80.474s]    46 | using _2 = mp_arg<1>;
[80.474s]       |       ^~
[80.474s] /usr/include/boost/mpl/aux_/preprocessed/gcc/placeholders.hpp:42:16: note:   ‘mpl_::_2’
[80.474s]    42 | typedef arg<2> _2;
[80.474s]       |                ^~
[80.474s] /home/neha/ros2_ws/src/semnav_migration/src/navigation_semantic.cpp:150:25: error: ‘ros’ has not been declared
[80.474s]   150 |                         ros::Subscriber sub_semantic = nh_.subscribe(sub_semantic_topic_, 1, &SemanticNavigationNode::diffeo_tree_update, this);
[80.475s]       |                         ^~~
[80.475s] /home/neha/ros2_ws/src/semnav_migration/src/navigation_semantic.cpp:154:25: error: ‘ros’ has not been declared
[80.475s]   154 |                         ros::Duration(5.0).sleep();
[80.475s]       |                         ^~~
[80.475s] /home/neha/ros2_ws/src/semnav_migration/src/navigation_semantic.cpp:161:25: error: ‘ros’ has not been declared
[80.475s]   161 |                         ros::spin();
[80.475s]       |                         ^~~
[80.516s] /home/neha/ros2_ws/src/semnav_migration/src/navigation_semantic.cpp: In member function ‘void SemanticNavigationNode::publish_twist(double, double)’:
[80.516s] /home/neha/ros2_ws/src/semnav_migration/src/navigation_semantic.cpp:168:25: error: ‘pub_twist_’ was not declared in this scope; did you mean ‘publish_twist’?
[80.516s]   168 |                         pub_twist_.publish(commandTwist);
[80.516s]       |                         ^~~~~~~~~~
[80.516s]       |                         publish_twist
[80.520s] /home/neha/ros2_ws/src/semnav_migration/src/navigation_semantic.cpp: In member function ‘void SemanticNavigationNode::publish_behavior_id(uint16_t)’:
[80.520s] /home/neha/ros2_ws/src/semnav_migration/src/navigation_semantic.cpp:173:32: error: ‘UInt32’ is not a member of ‘std_msgs::msg’
[80.520s]   173 |                 std_msgs::msg::UInt32 commandId;
[80.520s]       |                                ^~~~~~
[80.562s] /home/neha/ros2_ws/src/semnav_migration/src/navigation_semantic.cpp:174:25: error: ‘commandId’ was not declared in this scope
[80.563s]   174 |                         commandId.data = BehaviorIdCmd;
[80.563s]       |                         ^~~~~~~~~
[80.641s] /home/neha/ros2_ws/src/semnav_migration/src/navigation_semantic.cpp:175:25: error: ‘pub_behaviorID_’ was not declared in this scope; did you mean ‘pub_behaviorID_topic_’?
[80.641s]   175 |                         pub_behaviorID_.publish(commandId);
[80.642s]       |                         ^~~~~~~~~~~~~~~
[80.642s]       |                         pub_behaviorID_topic_
[80.645s] /home/neha/ros2_ws/src/semnav_migration/src/navigation_semantic.cpp: In member function ‘void SemanticNavigationNode::publish_behavior_mode(uint16_t)’:
[80.645s] /home/neha/ros2_ws/src/semnav_migration/src/navigation_semantic.cpp:180:28: error: ‘UInt32’ is not a member of ‘std_msgs::msg’
[80.645s]   180 |             std_msgs::msg::UInt32 commandMode;
[80.646s]       |                            ^~~~~~
[80.703s] /home/neha/ros2_ws/src/semnav_migration/src/navigation_semantic.cpp:181:25: error: ‘commandMode’ was not declared in this scope
[80.703s]   181 |                         commandMode.data = BehaviorModeCmd;
[80.703s]       |                         ^~~~~~~~~~~
[80.794s] /home/neha/ros2_ws/src/semnav_migration/src/navigation_semantic.cpp:182:25: error: ‘pub_behaviorMode_’ was not declared in this scope; did you mean ‘pub_behaviorMode_topic_’?
[80.794s]   182 |                         pub_behaviorMode_.publish(commandMode);
[80.794s]       |                         ^~~~~~~~~~~~~~~~~
[80.795s]       |                         pub_behaviorMode_topic_
[80.844s] /home/neha/ros2_ws/src/semnav_migration/src/navigation_semantic.cpp: In member function ‘void SemanticNavigationNode::diffeo_tree_update(const object_pose_interface_msgs::msg::SemanticMapObjectArray_<std::allocator<void> >::ConstPtr&)’:
[80.844s] /home/neha/ros2_ws/src/semnav_migration/src/navigation_semantic.cpp:252:29: error: ‘ros’ has not been declared
[80.844s]   252 |                         if (ros::Time::now().toSec() - DiffeoTreeUpdateTime_ < (1.0/DiffeoTreeUpdateRate_)) {
[80.844s]       |                             ^~~
[80.844s] /home/neha/ros2_ws/src/semnav_migration/src/navigation_semantic.cpp:256:53: error: ‘ros’ has not been declared
[80.844s]   256 |                                 double start_time = ros::Time::now().toSec();
[80.844s]       |                                                     ^~~
[80.848s] /home/neha/ros2_ws/src/semnav_migration/src/navigation_semantic.cpp:267:49: error: ‘tf’ has not been declared
[80.848s]   267 |                                                 tf::Quaternion rotation = tf::Quaternion(semantic_map_data->objects[i].pose.pose.orientation.x,
[80.848s]       |                                                 ^~
[80.848s] /home/neha/ros2_ws/src/semnav_migration/src/navigation_semantic.cpp:272:49: error: ‘tf’ has not been declared
[80.849s]   272 |                                                 tf::Matrix3x3 m(rotation);
[80.849s]       |                                                 ^~
[80.849s] /home/neha/ros2_ws/src/semnav_migration/src/navigation_semantic.cpp:275:49: error: ‘tf’ has not been declared
[80.849s]   275 |                                                 tf::Vector3 target_nominal_1(-0.5*target_object_width_ - ObstacleDilation_ - 0.08, 0.0, 0.0);
[80.849s]       |                                                 ^~
[80.849s] /home/neha/ros2_ws/src/semnav_migration/src/navigation_semantic.cpp:276:49: error: ‘tf’ has not been declared
[80.849s]   276 |                                                 tf::Vector3 target_nominal_2(0.5*target_object_width_ + ObstacleDilation_ + 0.25, 0.0, 0.0);
[80.849s]       |                                                 ^~
[80.850s] /home/neha/ros2_ws/src/semnav_migration/src/navigation_semantic.cpp:277:49: error: ‘tf’ has not been declared
[80.850s]   277 |                                                 tf::Vector3 target_nominal_1_rotated = tf::quatRotate(rotation, target_nominal_1);
[80.850s]       |                                                 ^~
[80.850s] /home/neha/ros2_ws/src/semnav_migration/src/navigation_semantic.cpp:278:49: error: ‘tf’ has not been declared
[80.850s]   278 |                                                 tf::Vector3 target_nominal_2_rotated = tf::quatRotate(rotation, target_nominal_2);
[80.850s]       |                                                 ^~
[80.876s] /home/neha/ros2_ws/src/semnav_migration/src/navigation_semantic.cpp:280:49: error: ‘m’ was not declared in this scope; did you mean ‘tm’?
[80.876s]   280 |                                                 m.getRPY(roll, pitch, yaw);
[80.876s]       |                                                 ^
[80.877s]       |                                                 tm
[81.030s] /home/neha/ros2_ws/src/semnav_migration/src/navigation_semantic.cpp:281:123: error: ‘target_nominal_1_rotated’ was not declared in this scope
[81.030s]   281 |                                                 GoalVector[0].set<0>(semantic_map_data->objects[i].pose.pose.position.x + target_nominal_1_rotated.getX());
[81.030s]       |                                                                                                                           ^~~~~~~~~~~~~~~~~~~~~~~~
[81.183s] /home/neha/ros2_ws/src/semnav_migration/src/navigation_semantic.cpp:283:123: error: ‘target_nominal_2_rotated’ was not declared in this scope
[81.183s]   283 |                                                 GoalVector[1].set<0>(semantic_map_data->objects[i].pose.pose.position.x + target_nominal_2_rotated.getX());
[81.183s]       |                                                                                                                           ^~~~~~~~~~~~~~~~~~~~~~~~
[81.289s] /home/neha/ros2_ws/src/semnav_migration/src/navigation_semantic.cpp:317:49: error: ‘ROS_ERROR_STREAM’ was not declared in this scope; did you mean ‘RCLCPP_ERROR_STREAM’?
[81.289s]   317 |                                                 ROS_ERROR_STREAM("Goal blocked by object");
[81.289s]       |                                                 ^~~~~~~~~~~~~~~~
[81.289s]       |                                                 RCLCPP_ERROR_STREAM
[81.294s] /home/neha/ros2_ws/src/semnav_migration/src/navigation_semantic.cpp:365:85: error: ‘ros’ has not been declared
[81.294s]   365 |                                 ROS_WARN_STREAM("[Navigation] Updated trees in " << ros::Time::now().toSec()-start_time << " seconds.");
[81.294s]       |                                                                                     ^~~
[81.380s] /home/neha/ros2_ws/src/semnav_migration/src/navigation_semantic.cpp:365:33: error: ‘ROS_WARN_STREAM’ was not declared in this scope; did you mean ‘RCLCPP_WARN_STREAM’?
[81.380s]   365 |                                 ROS_WARN_STREAM("[Navigation] Updated trees in " << ros::Time::now().toSec()-start_time << " seconds.");
[81.380s]       |                                 ^~~~~~~~~~~~~~~
[81.380s]       |                                 RCLCPP_WARN_STREAM
[81.380s] /home/neha/ros2_ws/src/semnav_migration/src/navigation_semantic.cpp:368:57: error: ‘ros’ has not been declared
[81.381s]   368 |                                 DiffeoTreeUpdateTime_ = ros::Time::now().toSec();
[81.381s]       |                                                         ^~~
[81.381s] /home/neha/ros2_ws/src/semnav_migration/src/navigation_semantic.cpp: In member function ‘void SemanticNavigationNode::control_callback(const sensor_msgs::msg::LaserScan_<std::allocator<void> >::ConstPtr&, const nav_msgs::msg::Odometry_<std::allocator<void> >::ConstPtr&)’:
[81.381s] /home/neha/ros2_ws/src/semnav_migration/src/navigation_semantic.cpp:396:46: error: ‘ros’ has not been declared
[81.382s]   396 |                         double before_time = ros::Time::now().toSec();
[81.382s]       |                                              ^~~
[81.385s] /home/neha/ros2_ws/src/semnav_migration/src/navigation_semantic.cpp:399:40: error: ‘PoseStamped’ is not a member of ‘geometry_msgs’; did you mean ‘geometry_msgs::msg::PoseStamped’?
[81.385s]   399 |                         geometry_msgs::PoseStamped odomPose, mapPose;
[81.385s]       |                                        ^~~~~~~~~~~
[81.386s] In file included from /home/neha/ros2_ws/src/install/object_pose_interface_msgs/include/object_pose_interface_msgs/object_pose_interface_msgs/msg/detail/semantic_map_object__struct.hpp:28,
[81.386s]                  from /home/neha/ros2_ws/src/install/object_pose_interface_msgs/include/object_pose_interface_msgs/object_pose_interface_msgs/msg/detail/semantic_map_object_array__struct.hpp:25,
[81.386s]                  from /home/neha/ros2_ws/src/install/object_pose_interface_msgs/include/object_pose_interface_msgs/object_pose_interface_msgs/msg/semantic_map_object_array.hpp:7,
[81.386s]                  from /home/neha/ros2_ws/src/semnav_migration/src/navigation_semantic.cpp:26:
[81.386s] /opt/ros/jazzy/include/geometry_msgs/geometry_msgs/msg/detail/pose_stamped__struct.hpp:138:7: note: ‘geometry_msgs::msg::PoseStamped’ declared here
[81.386s]   138 | using PoseStamped =
[81.386s]       |       ^~~~~~~~~~~
[81.425s] /home/neha/ros2_ws/src/semnav_migration/src/navigation_semantic.cpp:400:25: error: ‘odomPose’ was not declared in this scope
[81.425s]   400 |                         odomPose.header.stamp = ros::Time(0);
[81.425s]       |                         ^~~~~~~~
[81.425s] /home/neha/ros2_ws/src/semnav_migration/src/navigation_semantic.cpp:400:49: error: ‘ros’ has not been declared
[81.425s]   400 |                         odomPose.header.stamp = ros::Time(0);
[81.426s]       |                                                 ^~~
[81.471s] /home/neha/ros2_ws/src/semnav_migration/src/navigation_semantic.cpp:404:33: error: ‘listener_’ was not declared in this scope
[81.471s]   404 |                                 listener_.waitForTransform(world_frame_id_, odom_frame_id_, ros::Time(0), ros::Duration(1.0));
[81.471s]       |                                 ^~~~~~~~~
[81.471s] /home/neha/ros2_ws/src/semnav_migration/src/navigation_semantic.cpp:404:93: error: ‘ros’ has not been declared
[81.471s]   404 |                                 listener_.waitForTransform(world_frame_id_, odom_frame_id_, ros::Time(0), ros::Duration(1.0));
[81.472s]       |                                                                                             ^~~
[81.472s] /home/neha/ros2_ws/src/semnav_migration/src/navigation_semantic.cpp:404:107: error: ‘ros’ has not been declared
[81.472s]   404 |                                 listener_.waitForTransform(world_frame_id_, odom_frame_id_, ros::Time(0), ros::Duration(1.0));
[81.472s]       |                                                                                                           ^~~
[81.504s] /home/neha/ros2_ws/src/semnav_migration/src/navigation_semantic.cpp:405:84: error: ‘mapPose’ was not declared in this scope
[81.504s]   405 |                                 listener_.transformPose(world_frame_id_, odomPose, mapPose);
[81.504s]       |                                                                                    ^~~~~~~
[81.510s] /home/neha/ros2_ws/src/semnav_migration/src/navigation_semantic.cpp:406:34: error: ‘tf’ does not name a type; did you mean ‘tm’?
[81.510s]   406 |                         } catch (tf::TransformException &ex) {
[81.510s]       |                                  ^~
[81.510s]       |                                  tm
[81.510s] /home/neha/ros2_ws/src/semnav_migration/src/navigation_semantic.cpp:406:57: error: expected unqualified-id before ‘&’ token
[81.511s]   406 |                         } catch (tf::TransformException &ex) {
[81.511s]       |                                                         ^
[81.511s] /home/neha/ros2_ws/src/semnav_migration/src/navigation_semantic.cpp:406:57: error: expected ‘)’ before ‘&’ token
[81.511s] /home/neha/ros2_ws/src/semnav_migration/src/navigation_semantic.cpp:406:33: note: to match this ‘(’
[81.511s]   406 |                         } catch (tf::TransformException &ex) {
[81.511s]       |                                 ^
[81.511s] /home/neha/ros2_ws/src/semnav_migration/src/navigation_semantic.cpp:406:57: error: expected ‘{’ before ‘&’ token
[81.511s]   406 |                         } catch (tf::TransformException &ex) {
[81.512s]       |                                                         ^
[81.538s] /home/neha/ros2_ws/src/semnav_migration/src/navigation_semantic.cpp:406:58: error: ‘ex’ was not declared in this scope; did you mean ‘exp’?
[81.539s]   406 |                         } catch (tf::TransformException &ex) {
[81.539s]       |                                                          ^~
[81.539s]       |                                                          exp
[81.539s] /home/neha/ros2_ws/src/semnav_migration/src/navigation_semantic.cpp:412:25: error: ‘tf’ has not been declared
[81.539s]   412 |                         tf::Quaternion rotation = tf::Quaternion(mapPose.pose.orientation.x,
[81.539s]       |                         ^~
[81.539s] /home/neha/ros2_ws/src/semnav_migration/src/navigation_semantic.cpp:416:25: error: ‘tf’ has not been declared
[81.540s]   416 |                         tf::Matrix3x3 m(rotation);
[81.540s]       |                         ^~
[81.567s] /home/neha/ros2_ws/src/semnav_migration/src/navigation_semantic.cpp:418:25: error: ‘m’ was not declared in this scope; did you mean ‘tm’?
[81.567s]   418 |                         m.getRPY(roll, pitch, yaw);
[81.567s]       |                         ^
[81.567s]       |                         tm
[81.599s] /home/neha/ros2_ws/src/semnav_migration/src/navigation_semantic.cpp:419:51: error: ‘mapPose’ was not declared in this scope
[81.600s]   419 |                         double x_robot_position = mapPose.pose.position.x;
[81.600s]       |                                                   ^~~~~~~
[81.607s] /home/neha/ros2_ws/src/semnav_migration/src/navigation_semantic.cpp:432:42: error: could not convert ‘lidar_data’ from ‘shared_ptr<LaserScan_<[...]>>’ to ‘shared_ptr<LaserScan_<[...]>>’
[81.607s]   432 |                         constructLIDAR2D(lidar_data, CutoffRange_, AllowableRange_, RobotPitch_, &LIDAR);
[81.607s]       |                                          ^~~~~~~~~~
[81.607s]       |                                          |
[81.607s]       |                                          shared_ptr<LaserScan_<[...]>>
[81.623s] /home/neha/ros2_ws/src/semnav_migration/src/navigation_semantic.cpp:562:96: error: invalid operands of types ‘const char [53]’ and ‘double’ to binary ‘operator<<’
[81.624s]   562 |                         ROS_WARN_STREAM("[Navigation] Diffeomorphism jacobian determinant is " << MatrixDeterminant(RobotPositionTransformedD) << ", robot position is " << bg::dsv(RobotPosition_) << " and robot positon in model space is " << bg::dsv(RobotPositionTransformedPoint));
[81.624s]       |                                         ~~~~~~~~~~~~~~~~~~~~~~~~~~~~~~~~~~~~~~~~~~~~~~~~~~~~~~ ^~ ~~~~~~~~~~~~~~~~~~~~~~~~~~~~~~~~~~~~~~~~~~~~
[81.624s]       |                                         |                                                                          |
[81.624s]       |                                         const char [53]                                                            double
[81.710s] /home/neha/ros2_ws/src/semnav_migration/src/navigation_semantic.cpp:562:25: error: ‘ROS_WARN_STREAM’ was not declared in this scope; did you mean ‘RCLCPP_WARN_STREAM’?
[81.710s]   562 |                         ROS_WARN_STREAM("[Navigation] Diffeomorphism jacobian determinant is " << MatrixDeterminant(RobotPositionTransformedD) << ", robot position is " << bg::dsv(RobotPosition_) << " and robot positon in model space is " << bg::dsv(RobotPositionTransformedPoint));
[81.710s]       |                         ^~~~~~~~~~~~~~~
[81.711s]       |                         RCLCPP_WARN_STREAM
[81.712s] /home/neha/ros2_ws/src/semnav_migration/src/navigation_semantic.cpp:591:41: error: ‘ros’ has not been declared
[81.712s]   591 |                                         ros::Duration(5.0).sleep();
[81.712s]       |                                         ^~~
[81.719s] /home/neha/ros2_ws/src/semnav_migration/src/navigation_semantic.cpp:616:75: error: invalid operands of types ‘const char [32]’ and ‘double’ to binary ‘operator<<’
[81.719s]   616 |                         ROS_WARN_STREAM("[Navigation] Linear command is " << LinearCmd << " and angular command is " << AngularCmd);
[81.719s]       |                                         ~~~~~~~~~~~~~~~~~~~~~~~~~~~~~~~~~ ^~ ~~~~~~~~~
[81.720s]       |                                         |                                    |
[81.720s]       |                                         const char [32]                      double
[81.720s] /home/neha/ros2_ws/src/semnav_migration/src/navigation_semantic.cpp:617:76: error: invalid operands of types ‘const char [33]’ and ‘int’ to binary ‘operator<<’
[81.720s]   617 |                         ROS_WARN_STREAM("[Navigation] Command update for " << int(localDiffeoTreeArray.size()) << " polygons in " << ros::Time::now().toSec()-before_time << " seconds.");
[81.720s]       |                                         ~~~~~~~~~~~~~~~~~~~~~~~~~~~~~~~~~~ ^~ ~~~~~~~~~~~~~~~~~~~~~~~~~~~~~~~~
[81.720s]       |                                         |                                     |
[81.720s]       |                                         const char [33]                       int
[81.720s] /home/neha/ros2_ws/src/semnav_migration/src/navigation_semantic.cpp:617:134: error: ‘ros’ has not been declared
[81.721s]   617 |                         ROS_WARN_STREAM("[Navigation] Command update for " << int(localDiffeoTreeArray.size()) << " polygons in " << ros::Time::now().toSec()-before_time << " seconds.");
[81.721s]       |                                                                                                                                      ^~~
[81.722s] /home/neha/ros2_ws/src/semnav_migration/src/navigation_semantic.cpp: In function ‘int main(int, char**)’:
[81.722s] /home/neha/ros2_ws/src/semnav_migration/src/navigation_semantic.cpp:698:9: error: ‘ros’ has not been declared
[81.722s]   698 |         ros::init(argc, argv, "navigation_semantic");
[81.723s]       |         ^~~
[81.723s] /home/neha/ros2_ws/src/semnav_migration/src/navigation_semantic.cpp:701:9: error: ‘ros’ has not been declared
[81.723s]   701 |         ros::NodeHandle nh("~");
[81.723s]       |         ^~~
[81.740s] /home/neha/ros2_ws/src/semnav_migration/src/navigation_semantic.cpp:704:56: error: ‘nh’ was not declared in this scope
[81.740s]   704 |         SemanticNavigationNode semanticNavigationNode(&nh);
[81.740s]       |                                                        ^~
[91.012s] gmake[2]: *** [CMakeFiles/navigation_semantic.dir/build.make:76: CMakeFiles/navigation_semantic.dir/src/navigation_semantic.cpp.o] Error 1
[91.013s] gmake[1]: *** [CMakeFiles/Makefile2:207: CMakeFiles/navigation_semantic.dir/all] Error 2
[91.013s] gmake: *** [Makefile:146: all] Error 2
[91.016s] Invoked command in '/home/neha/ros2_ws/src/semnav_migration/build/semnav' returned '2': CMAKE_PREFIX_PATH=${CMAKE_PREFIX_PATH}:/opt/ros/jazzy DEBUGINFOD_URLS=https://debuginfod.ubuntu.com /usr/bin/cmake --build /home/neha/ros2_ws/src/semnav_migration/build/semnav -- -j2 -l2
