[0.027s] Invoking command in '/home/neha/ros2_ws/src/semnav_migration/build/semnav': CMAKE_PREFIX_PATH=${CMAKE_PREFIX_PATH}:/opt/ros/jazzy DEBUGINFOD_URLS=https://debuginfod.ubuntu.com /usr/bin/cmake --build /home/neha/ros2_ws/src/semnav_migration/build/semnav -- -j2 -l2
[0.201s] [  4%] Building CXX object CMakeFiles/reactive_planner.dir/src/libraries/reactive_planner_lib.cpp.o
[3.876s] In file included from /home/neha/ros2_ws/src/semnav_migration/src/libraries/reactive_planner_lib.cpp:25:
[3.877s] /home/neha/ros2_ws/src/semnav_migration/include/reactive_planner_lib.h:48:10: fatal error: geometry_msgs/msg/PoseStamped.hpp: No such file or directory
[3.877s]    48 | #include <geometry_msgs/msg/PoseStamped.hpp>
[3.877s]       |          ^~~~~~~~~~~~~~~~~~~~~~~~~~~~~~~~~~~
[3.877s] compilation terminated.
[3.913s] gmake[2]: *** [CMakeFiles/reactive_planner.dir/build.make:90: CMakeFiles/reactive_planner.dir/src/libraries/reactive_planner_lib.cpp.o] Error 1
[3.914s] gmake[1]: *** [CMakeFiles/Makefile2:155: CMakeFiles/reactive_planner.dir/all] Error 2
[3.915s] gmake: *** [Makefile:146: all] Error 2
[3.917s] Invoked command in '/home/neha/ros2_ws/src/semnav_migration/build/semnav' returned '2': CMAKE_PREFIX_PATH=${CMAKE_PREFIX_PATH}:/opt/ros/jazzy DEBUGINFOD_URLS=https://debuginfod.ubuntu.com /usr/bin/cmake --build /home/neha/ros2_ws/src/semnav_migration/build/semnav -- -j2 -l2
