[0.026s] Invoking command in '/home/neha/ros2_ws/src/semnav_migration/build/semnav': CMAKE_PREFIX_PATH=${CMAKE_PREFIX_PATH}:/opt/ros/jazzy DEBUGINFOD_URLS=https://debuginfod.ubuntu.com /usr/bin/cmake --build /home/neha/ros2_ws/src/semnav_migration/build/semnav -- -j2 -l2
[0.193s] [ 14%] Built target reactive_planner
[0.334s] [ 23%] Building CXX object CMakeFiles/navigation.dir/src/navigation.cpp.o
[0.334s] [ 23%] Building CXX object CMakeFiles/navigation_semantic.dir/src/navigation_semantic.cpp.o
[21.684s] /home/neha/ros2_ws/src/semnav_migration/src/navigation_semantic.cpp:648:17: error: invalid use of template-name ‘rclcpp::Publisher’ without an argument list
[21.685s]   648 |                 rclcpp::Publisher pub_semantic_map_;
[21.685s]       |                 ^~~~~~
[21.693s] /home/neha/ros2_ws/src/semnav_migration/src/navigation_semantic.cpp:694:22: error: ‘TransformListener’ in namespace ‘tf2’ does not name a type
[21.693s]   694 |                 tf2::TransformListener listener_;
[21.693s]       |                      ^~~~~~~~~~~~~~~~~
[21.694s] /home/neha/ros2_ws/src/semnav_migration/src/navigation_semantic.cpp: In constructor ‘SemanticNavigationNode::SemanticNavigationNode()’:
[21.695s] /home/neha/ros2_ws/src/semnav_migration/src/navigation_semantic.cpp:46:75: error: no matching function for call to ‘rclcpp::Node::Node()’
[21.695s]    46 |                 SemanticNavigationNode() : Node("semantic_navigation_node")  {
[21.695s]       |                                                                           ^
[21.695s] In file included from /opt/ros/jazzy/include/rclcpp/rclcpp/executors/single_threaded_executor.hpp:28,
[21.695s]                  from /opt/ros/jazzy/include/rclcpp/rclcpp/executors.hpp:22,
[21.696s]                  from /opt/ros/jazzy/include/rclcpp/rclcpp/rclcpp.hpp:172,
[21.696s]                  from /home/neha/ros2_ws/src/semnav_migration/include/reactive_planner_lib.h:32,
[21.696s]                  from /home/neha/ros2_ws/src/semnav_migration/src/navigation_semantic.cpp:25:
[21.696s] /opt/ros/jazzy/include/rclcpp/rclcpp/node.hpp:1629:3: note: candidate: ‘rclcpp::Node::Node(const rclcpp::Node&, const std::string&)’
[21.696s]  1629 |   Node(
[21.698s]       |   ^~~~
[21.699s] /opt/ros/jazzy/include/rclcpp/rclcpp/node.hpp:1629:3: note:   candidate expects 2 arguments, 0 provided
[21.699s] /opt/ros/jazzy/include/rclcpp/rclcpp/node.hpp:103:12: note: candidate: ‘rclcpp::Node::Node(const std::string&, const std::string&, const rclcpp::NodeOptions&)’
[21.699s]   103 |   explicit Node(
[21.699s]       |            ^~~~
[21.699s] /opt/ros/jazzy/include/rclcpp/rclcpp/node.hpp:103:12: note:   candidate expects 3 arguments, 0 provided
[21.699s] /opt/ros/jazzy/include/rclcpp/rclcpp/node.hpp:91:12: note: candidate: ‘rclcpp::Node::Node(const std::string&, const rclcpp::NodeOptions&)’
[21.699s]    91 |   explicit Node(
[21.700s]       |            ^~~~
[21.700s] /opt/ros/jazzy/include/rclcpp/rclcpp/node.hpp:91:12: note:   candidate expects 2 arguments, 0 provided
[21.702s] /home/neha/ros2_ws/src/semnav_migration/src/navigation_semantic.cpp:46:75: error: no matching function for call to ‘rclcpp::Publisher<example_interfaces::msg::UInt32_<std::allocator<void> > >::Publisher()’
[21.703s]    46 |                 SemanticNavigationNode() : Node("semantic_navigation_node")  {
[21.703s]       |                                                                           ^
[21.703s] In file included from /opt/ros/jazzy/include/rclcpp/rclcpp/topic_statistics/subscription_topic_statistics.hpp:31,
[21.703s]                  from /opt/ros/jazzy/include/rclcpp/rclcpp/subscription.hpp:50,
[21.703s]                  from /opt/ros/jazzy/include/rclcpp/rclcpp/any_executable.hpp:25,
[21.703s]                  from /opt/ros/jazzy/include/rclcpp/rclcpp/memory_strategy.hpp:25,
[21.703s]                  from /opt/ros/jazzy/include/rclcpp/rclcpp/memory_strategies.hpp:18,
[21.704s]                  from /opt/ros/jazzy/include/rclcpp/rclcpp/executor_options.hpp:22,
[21.704s]                  from /opt/ros/jazzy/include/rclcpp/rclcpp/executor.hpp:38,
[21.704s]                  from /opt/ros/jazzy/include/rclcpp/rclcpp/executors/multi_threaded_executor.hpp:25,
[21.704s]                  from /opt/ros/jazzy/include/rclcpp/rclcpp/executors.hpp:21:
[21.706s] /opt/ros/jazzy/include/rclcpp/rclcpp/publisher.hpp:134:3: note: candidate: ‘rclcpp::Publisher<MessageT, AllocatorT>::Publisher(rclcpp::node_interfaces::NodeBaseInterface*, const std::string&, const rclcpp::QoS&, const rclcpp::PublisherOptionsWithAllocator<AllocatorT>&) [with MessageT = example_interfaces::msg::UInt32_<std::allocator<void> >; AllocatorT = std::allocator<void>; std::string = std::__cxx11::basic_string<char>]’
[21.707s]   134 |   Publisher(
[21.707s]       |   ^~~~~~~~~
[21.707s] /opt/ros/jazzy/include/rclcpp/rclcpp/publisher.hpp:134:3: note:   candidate expects 4 arguments, 0 provided
[21.707s] /opt/ros/jazzy/include/rclcpp/rclcpp/publisher.hpp:80:7: note: candidate: ‘rclcpp::Publisher<example_interfaces::msg::UInt32_<std::allocator<void> > >::Publisher(const rclcpp::Publisher<example_interfaces::msg::UInt32_<std::allocator<void> > >&)’
[21.707s]    80 | class Publisher : public PublisherBase
[21.707s]       |       ^~~~~~~~~
[21.707s] /opt/ros/jazzy/include/rclcpp/rclcpp/publisher.hpp:80:7: note:   candidate expects 1 argument, 0 provided
[21.708s] /home/neha/ros2_ws/src/semnav_migration/src/navigation_semantic.cpp:46:75: error: no matching function for call to ‘rclcpp::Publisher<example_interfaces::msg::UInt32_<std::allocator<void> > >::Publisher()’
[21.708s]    46 |                 SemanticNavigationNode() : Node("semantic_navigation_node")  {
[21.708s]       |                                                                           ^
[21.708s] /opt/ros/jazzy/include/rclcpp/rclcpp/publisher.hpp:134:3: note: candidate: ‘rclcpp::Publisher<MessageT, AllocatorT>::Publisher(rclcpp::node_interfaces::NodeBaseInterface*, const std::string&, const rclcpp::QoS&, const rclcpp::PublisherOptionsWithAllocator<AllocatorT>&) [with MessageT = example_interfaces::msg::UInt32_<std::allocator<void> >; AllocatorT = std::allocator<void>; std::string = std::__cxx11::basic_string<char>]’
[21.710s]   134 |   Publisher(
[21.710s]       |   ^~~~~~~~~
[21.711s] /opt/ros/jazzy/include/rclcpp/rclcpp/publisher.hpp:134:3: note:   candidate expects 4 arguments, 0 provided
[21.711s] /opt/ros/jazzy/include/rclcpp/rclcpp/publisher.hpp:80:7: note: candidate: ‘rclcpp::Publisher<example_interfaces::msg::UInt32_<std::allocator<void> > >::Publisher(const rclcpp::Publisher<example_interfaces::msg::UInt32_<std::allocator<void> > >&)’
[21.711s]    80 | class Publisher : public PublisherBase
[21.711s]       |       ^~~~~~~~~
[21.711s] /opt/ros/jazzy/include/rclcpp/rclcpp/publisher.hpp:80:7: note:   candidate expects 1 argument, 0 provided
[21.711s] /home/neha/ros2_ws/src/semnav_migration/src/navigation_semantic.cpp:46:75: error: no matching function for call to ‘rclcpp::Publisher<example_interfaces::msg::UInt32_<std::allocator<void> > >::Publisher()’
[21.711s]    46 |                 SemanticNavigationNode() : Node("semantic_navigation_node")  {
[21.712s]       |                                                                           ^
[21.712s] /opt/ros/jazzy/include/rclcpp/rclcpp/publisher.hpp:134:3: note: candidate: ‘rclcpp::Publisher<MessageT, AllocatorT>::Publisher(rclcpp::node_interfaces::NodeBaseInterface*, const std::string&, const rclcpp::QoS&, const rclcpp::PublisherOptionsWithAllocator<AllocatorT>&) [with MessageT = example_interfaces::msg::UInt32_<std::allocator<void> >; AllocatorT = std::allocator<void>; std::string = std::__cxx11::basic_string<char>]’
[21.712s]   134 |   Publisher(
[21.712s]       |   ^~~~~~~~~
[21.715s] /opt/ros/jazzy/include/rclcpp/rclcpp/publisher.hpp:134:3: note:   candidate expects 4 arguments, 0 provided
[21.715s] /opt/ros/jazzy/include/rclcpp/rclcpp/publisher.hpp:80:7: note: candidate: ‘rclcpp::Publisher<example_interfaces::msg::UInt32_<std::allocator<void> > >::Publisher(const rclcpp::Publisher<example_interfaces::msg::UInt32_<std::allocator<void> > >&)’
[21.715s]    80 | class Publisher : public PublisherBase
[21.715s]       |       ^~~~~~~~~
[21.715s] /opt/ros/jazzy/include/rclcpp/rclcpp/publisher.hpp:80:7: note:   candidate expects 1 argument, 0 provided
[21.715s] /home/neha/ros2_ws/src/semnav_migration/src/navigation.cpp:663:22: error: ‘TransformListener’ in namespace ‘tf2’ does not name a type
[21.715s]   663 |                 tf2::TransformListener listener_;
[21.716s]       |                      ^~~~~~~~~~~~~~~~~
[21.717s] /home/neha/ros2_ws/src/semnav_migration/src/navigation.cpp: In constructor ‘NavigationNode::NavigationNode()’:
[21.717s] /home/neha/ros2_ws/src/semnav_migration/src/navigation.cpp:46:63: error: no matching function for call to ‘rclcpp::Node::Node()’
[21.717s]    46 |         NavigationNode() : Node(std::string("navigation_node")) {
[21.717s]       |                                                               ^
[21.718s] In file included from /opt/ros/jazzy/include/rclcpp/rclcpp/executors/single_threaded_executor.hpp:28,
[21.718s]                  from /opt/ros/jazzy/include/rclcpp/rclcpp/executors.hpp:22,
[21.719s]                  from /opt/ros/jazzy/include/rclcpp/rclcpp/rclcpp.hpp:172,
[21.719s]                  from /home/neha/ros2_ws/src/semnav_migration/include/reactive_planner_lib.h:32,
[21.719s]                  from /home/neha/ros2_ws/src/semnav_migration/src/navigation.cpp:25:
[21.719s] /opt/ros/jazzy/include/rclcpp/rclcpp/node.hpp:1629:3: note: candidate: ‘rclcpp::Node::Node(const rclcpp::Node&, const std::string&)’
[21.719s]  1629 |   Node(
[21.719s]       |   ^~~~
[21.720s] /opt/ros/jazzy/include/rclcpp/rclcpp/node.hpp:1629:3: note:   candidate expects 2 arguments, 0 provided
[21.720s] /opt/ros/jazzy/include/rclcpp/rclcpp/node.hpp:103:12: note: candidate: ‘rclcpp::Node::Node(const std::string&, const std::string&, const rclcpp::NodeOptions&)’
[21.720s]   103 |   explicit Node(
[21.720s]       |            ^~~~
[21.721s] /opt/ros/jazzy/include/rclcpp/rclcpp/node.hpp:103:12: note:   candidate expects 3 arguments, 0 provided
[21.721s] /opt/ros/jazzy/include/rclcpp/rclcpp/node.hpp:91:12: note: candidate: ‘rclcpp::Node::Node(const std::string&, const rclcpp::NodeOptions&)’
[21.721s]    91 |   explicit Node(
[21.721s]       |            ^~~~
[21.722s] /opt/ros/jazzy/include/rclcpp/rclcpp/node.hpp:91:12: note:   candidate expects 2 arguments, 0 provided
[21.735s] /home/neha/ros2_ws/src/semnav_migration/src/navigation_semantic.cpp:138:113: error: no match for ‘operator=’ (operand types are ‘rclcpp::Publisher<example_interfaces::msg::UInt32_<std::allocator<void> > >’ and ‘std::shared_ptr<rclcpp::Publisher<example_interfaces::msg::UInt32_<std::allocator<void> > > >’)
[21.735s]   138 |             pub_behaviorID_ = this->create_publisher<example_interfaces::msg::UInt32>("pub_behaviorID_topic_", 1);
[21.735s]       |                                                                                                                 ^
[21.736s] /opt/ros/jazzy/include/rclcpp/rclcpp/publisher.hpp:80:7: note: candidate: ‘rclcpp::Publisher<example_interfaces::msg::UInt32_<std::allocator<void> > >& rclcpp::Publisher<example_interfaces::msg::UInt32_<std::allocator<void> > >::operator=(const rclcpp::Publisher<example_interfaces::msg::UInt32_<std::allocator<void> > >&)’ (deleted)
[21.736s]    80 | class Publisher : public PublisherBase
[21.736s]       |       ^~~~~~~~~
[21.736s] /opt/ros/jazzy/include/rclcpp/rclcpp/publisher.hpp:80:7: note:   no known conversion for argument 1 from ‘std::shared_ptr<rclcpp::Publisher<example_interfaces::msg::UInt32_<std::allocator<void> > > >’ to ‘const rclcpp::Publisher<example_interfaces::msg::UInt32_<std::allocator<void> > >&’
[21.738s] /home/neha/ros2_ws/src/semnav_migration/src/navigation_semantic.cpp:139:117: error: no match for ‘operator=’ (operand types are ‘rclcpp::Publisher<example_interfaces::msg::UInt32_<std::allocator<void> > >’ and ‘std::shared_ptr<rclcpp::Publisher<example_interfaces::msg::UInt32_<std::allocator<void> > > >’)
[21.739s]   139 |             pub_behaviorMode_ = this->create_publisher<example_interfaces::msg::UInt32>("pub_behaviorMode_topic_", 1);
[21.739s]       |                                                                                                                     ^
[21.739s] /opt/ros/jazzy/include/rclcpp/rclcpp/publisher.hpp:80:7: note: candidate: ‘rclcpp::Publisher<example_interfaces::msg::UInt32_<std::allocator<void> > >& rclcpp::Publisher<example_interfaces::msg::UInt32_<std::allocator<void> > >::operator=(const rclcpp::Publisher<example_interfaces::msg::UInt32_<std::allocator<void> > >&)’ (deleted)
[21.739s]    80 | class Publisher : public PublisherBase
[21.739s]       |       ^~~~~~~~~
[21.739s] /opt/ros/jazzy/include/rclcpp/rclcpp/publisher.hpp:80:7: note:   no known conversion for argument 1 from ‘std::shared_ptr<rclcpp::Publisher<example_interfaces::msg::UInt32_<std::allocator<void> > > >’ to ‘const rclcpp::Publisher<example_interfaces::msg::UInt32_<std::allocator<void> > >&’
[21.739s] /home/neha/ros2_ws/src/semnav_migration/src/navigation_semantic.cpp:140:103: error: no match for ‘operator=’ (operand types are ‘rclcpp::Publisher<example_interfaces::msg::UInt32_<std::allocator<void> > >’ and ‘std::shared_ptr<rclcpp::Publisher<example_interfaces::msg::UInt32_<std::allocator<void> > > >’)
[21.740s]   140 |             pub_twist_ = this->create_publisher<example_interfaces::msg::UInt32>("pub_twist_topic_", 1);
[21.740s]       |                                                                                                       ^
[21.740s] /opt/ros/jazzy/include/rclcpp/rclcpp/publisher.hpp:80:7: note: candidate: ‘rclcpp::Publisher<example_interfaces::msg::UInt32_<std::allocator<void> > >& rclcpp::Publisher<example_interfaces::msg::UInt32_<std::allocator<void> > >::operator=(const rclcpp::Publisher<example_interfaces::msg::UInt32_<std::allocator<void> > >&)’ (deleted)
[21.740s]    80 | class Publisher : public PublisherBase
[21.742s]       |       ^~~~~~~~~
[21.743s] /opt/ros/jazzy/include/rclcpp/rclcpp/publisher.hpp:80:7: note:   no known conversion for argument 1 from ‘std::shared_ptr<rclcpp::Publisher<example_interfaces::msg::UInt32_<std::allocator<void> > > >’ to ‘const rclcpp::Publisher<example_interfaces::msg::UInt32_<std::allocator<void> > >&’
[21.803s] /home/neha/ros2_ws/src/semnav_migration/src/navigation_semantic.cpp:143:116: error: no matching function for call to ‘message_filters::Subscriber<sensor_msgs::msg::LaserScan_<std::allocator<void> > >::Subscriber(rclcpp::Node&, std::string&, int)’
[21.803s]   143 |                         message_filters::Subscriber<sensor_msgs::msg::LaserScan> sub_laser(nh_, sub_laser_topic_, 1);
[21.803s]       |                                                                                                                    ^
[21.803s] In file included from /home/neha/ros2_ws/src/semnav_migration/include/reactive_planner_lib.h:43:
[21.803s] /opt/ros/jazzy/include/message_filters/message_filters/subscriber.h:224:3: note: candidate: ‘message_filters::Subscriber<M, NodeType>::Subscriber() [with M = sensor_msgs::msg::LaserScan_<std::allocator<void> >; NodeType = rclcpp::Node]’
[21.803s]   224 |   Subscriber() = default;
[21.803s]       |   ^~~~~~~~~~
[21.804s] /opt/ros/jazzy/include/message_filters/message_filters/subscriber.h:224:3: note:   candidate expects 0 arguments, 3 provided
[21.804s] /opt/ros/jazzy/include/message_filters/message_filters/subscriber.h:212:3: note: candidate: ‘message_filters::Subscriber<M, NodeType>::Subscriber(NodeType*, const std::string&, rmw_qos_profile_t, rclcpp::SubscriptionOptions) [with M = sensor_msgs::msg::LaserScan_<std::allocator<void> >; NodeType = rclcpp::Node; std::string = std::__cxx11::basic_string<char>; rmw_qos_profile_t = rmw_qos_profile_s; rclcpp::SubscriptionOptions = rclcpp::SubscriptionOptionsWithAllocator<std::allocator<void> >]’
[21.804s]   212 |   Subscriber(
[21.804s]       |   ^~~~~~~~~~
[21.806s] /opt/ros/jazzy/include/message_filters/message_filters/subscriber.h:212:3: note:   candidate expects 4 arguments, 3 provided
[21.806s] /opt/ros/jazzy/include/message_filters/message_filters/subscriber.h:203:3: note: candidate: ‘message_filters::Subscriber<M, NodeType>::Subscriber(NodePtr, const std::string&, rmw_qos_profile_t, rclcpp::SubscriptionOptions) [with M = sensor_msgs::msg::LaserScan_<std::allocator<void> >; NodeType = rclcpp::Node; NodePtr = std::shared_ptr<rclcpp::Node>; std::string = std::__cxx11::basic_string<char>; rmw_qos_profile_t = rmw_qos_profile_s; rclcpp::SubscriptionOptions = rclcpp::SubscriptionOptionsWithAllocator<std::allocator<void> >]’
[21.807s]   203 |   Subscriber(
[21.807s]       |   ^~~~~~~~~~
[21.807s] /opt/ros/jazzy/include/message_filters/message_filters/subscriber.h:203:3: note:   candidate expects 4 arguments, 3 provided
[21.807s] /opt/ros/jazzy/include/message_filters/message_filters/subscriber.h:188:3: note: candidate: ‘message_filters::Subscriber<M, NodeType>::Subscriber(NodeType*, const std::string&, rmw_qos_profile_t) [with M = sensor_msgs::msg::LaserScan_<std::allocator<void> >; NodeType = rclcpp::Node; std::string = std::__cxx11::basic_string<char>; rmw_qos_profile_t = rmw_qos_profile_s]’
[21.807s]   188 |   Subscriber(NodeType * node, const std::string& topic, const rmw_qos_profile_t qos = rmw_qos_profile_default)
[21.807s]       |   ^~~~~~~~~~
[21.807s] /opt/ros/jazzy/include/message_filters/message_filters/subscriber.h:188:25: note:   no known conversion for argument 1 from ‘rclcpp::Node’ to ‘rclcpp::Node*’
[21.807s]   188 |   Subscriber(NodeType * node, const std::string& topic, const rmw_qos_profile_t qos = rmw_qos_profile_default)
[21.808s]       |              ~~~~~~~~~~~^~~~
[21.808s] /opt/ros/jazzy/include/message_filters/message_filters/subscriber.h:183:3: note: candidate: ‘message_filters::Subscriber<M, NodeType>::Subscriber(NodePtr, const std::string&, rmw_qos_profile_t) [with M = sensor_msgs::msg::LaserScan_<std::allocator<void> >; NodeType = rclcpp::Node; NodePtr = std::shared_ptr<rclcpp::Node>; std::string = std::__cxx11::basic_string<char>; rmw_qos_profile_t = rmw_qos_profile_s]’
[21.808s]   183 |   Subscriber(NodePtr node, const std::string& topic, const rmw_qos_profile_t qos = rmw_qos_profile_default)
[21.808s]       |   ^~~~~~~~~~
[21.810s] /opt/ros/jazzy/include/message_filters/message_filters/subscriber.h:183:22: note:   no known conversion for argument 1 from ‘rclcpp::Node’ to ‘message_filters::Subscriber<sensor_msgs::msg::LaserScan_<std::allocator<void> > >::NodePtr’ {aka ‘std::shared_ptr<rclcpp::Node>’}
[21.810s]   183 |   Subscriber(NodePtr node, const std::string& topic, const rmw_qos_profile_t qos = rmw_qos_profile_default)
[21.811s]       |              ~~~~~~~~^~~~
[21.849s] /home/neha/ros2_ws/src/semnav_migration/src/navigation.cpp:138:13: error: ‘pub_behaviorID_’ was not declared in this scope; did you mean ‘pub_behaviorID_topic_’?
[21.850s]   138 |             pub_behaviorID_ = this->create_publisher<example_interfaces::msg::UInt32>("pub_behaviorID_topic_", 1);
[21.850s]       |             ^~~~~~~~~~~~~~~
[21.850s]       |             pub_behaviorID_topic_
[21.863s] /home/neha/ros2_ws/src/semnav_migration/src/navigation_semantic.cpp:144:100: error: no matching function for call to ‘message_filters::Subscriber<nav_msgs::msg::Odometry_<std::allocator<void> > >::Subscriber(rclcpp::Node&, std::string&, int)’
[21.863s]   144 |             message_filters::Subscriber<nav_msgs::msg::Odometry> sub_robot(nh_, sub_robot_topic_, 1);
[21.863s]       |                                                                                                    ^
[21.863s] /opt/ros/jazzy/include/message_filters/message_filters/subscriber.h:224:3: note: candidate: ‘message_filters::Subscriber<M, NodeType>::Subscriber() [with M = nav_msgs::msg::Odometry_<std::allocator<void> >; NodeType = rclcpp::Node]’
[21.863s]   224 |   Subscriber() = default;
[21.864s]       |   ^~~~~~~~~~
[21.864s] /opt/ros/jazzy/include/message_filters/message_filters/subscriber.h:224:3: note:   candidate expects 0 arguments, 3 provided
[21.864s] /opt/ros/jazzy/include/message_filters/message_filters/subscriber.h:212:3: note: candidate: ‘message_filters::Subscriber<M, NodeType>::Subscriber(NodeType*, const std::string&, rmw_qos_profile_t, rclcpp::SubscriptionOptions) [with M = nav_msgs::msg::Odometry_<std::allocator<void> >; NodeType = rclcpp::Node; std::string = std::__cxx11::basic_string<char>; rmw_qos_profile_t = rmw_qos_profile_s; rclcpp::SubscriptionOptions = rclcpp::SubscriptionOptionsWithAllocator<std::allocator<void> >]’
[21.864s]   212 |   Subscriber(
[21.865s]       |   ^~~~~~~~~~
[21.865s] /opt/ros/jazzy/include/message_filters/message_filters/subscriber.h:212:3: note:   candidate expects 4 arguments, 3 provided
[21.866s] /opt/ros/jazzy/include/message_filters/message_filters/subscriber.h:203:3: note: candidate: ‘message_filters::Subscriber<M, NodeType>::Subscriber(NodePtr, const std::string&, rmw_qos_profile_t, rclcpp::SubscriptionOptions) [with M = nav_msgs::msg::Odometry_<std::allocator<void> >; NodeType = rclcpp::Node; NodePtr = std::shared_ptr<rclcpp::Node>; std::string = std::__cxx11::basic_string<char>; rmw_qos_profile_t = rmw_qos_profile_s; rclcpp::SubscriptionOptions = rclcpp::SubscriptionOptionsWithAllocator<std::allocator<void> >]’
[21.866s]   203 |   Subscriber(
[21.866s]       |   ^~~~~~~~~~
[21.866s] /opt/ros/jazzy/include/message_filters/message_filters/subscriber.h:203:3: note:   candidate expects 4 arguments, 3 provided
[21.866s] /opt/ros/jazzy/include/message_filters/message_filters/subscriber.h:188:3: note: candidate: ‘message_filters::Subscriber<M, NodeType>::Subscriber(NodeType*, const std::string&, rmw_qos_profile_t) [with M = nav_msgs::msg::Odometry_<std::allocator<void> >; NodeType = rclcpp::Node; std::string = std::__cxx11::basic_string<char>; rmw_qos_profile_t = rmw_qos_profile_s]’
[21.866s]   188 |   Subscriber(NodeType * node, const std::string& topic, const rmw_qos_profile_t qos = rmw_qos_profile_default)
[21.866s]       |   ^~~~~~~~~~
[21.867s] /opt/ros/jazzy/include/message_filters/message_filters/subscriber.h:188:25: note:   no known conversion for argument 1 from ‘rclcpp::Node’ to ‘rclcpp::Node*’
[21.867s]   188 |   Subscriber(NodeType * node, const std::string& topic, const rmw_qos_profile_t qos = rmw_qos_profile_default)
[21.867s]       |              ~~~~~~~~~~~^~~~
[21.867s] /opt/ros/jazzy/include/message_filters/message_filters/subscriber.h:183:3: note: candidate: ‘message_filters::Subscriber<M, NodeType>::Subscriber(NodePtr, const std::string&, rmw_qos_profile_t) [with M = nav_msgs::msg::Odometry_<std::allocator<void> >; NodeType = rclcpp::Node; NodePtr = std::shared_ptr<rclcpp::Node>; std::string = std::__cxx11::basic_string<char>; rmw_qos_profile_t = rmw_qos_profile_s]’
[21.867s]   183 |   Subscriber(NodePtr node, const std::string& topic, const rmw_qos_profile_t qos = rmw_qos_profile_default)
[21.869s]       |   ^~~~~~~~~~
[21.869s] /opt/ros/jazzy/include/message_filters/message_filters/subscriber.h:183:22: note:   no known conversion for argument 1 from ‘rclcpp::Node’ to ‘message_filters::Subscriber<nav_msgs::msg::Odometry_<std::allocator<void> > >::NodePtr’ {aka ‘std::shared_ptr<rclcpp::Node>’}
[21.870s]   183 |   Subscriber(NodePtr node, const std::string& topic, const rmw_qos_profile_t qos = rmw_qos_profile_default)
[21.870s]       |              ~~~~~~~~^~~~
[21.965s] /home/neha/ros2_ws/src/semnav_migration/src/navigation.cpp:139:13: error: ‘pub_behaviorMode_’ was not declared in this scope; did you mean ‘pub_behaviorMode_topic_’?
[21.965s]   139 |             pub_behaviorMode_ = this->create_publisher<example_interfaces::msg::UInt32>("pub_behaviorMode_topic_", 1);
[21.965s]       |             ^~~~~~~~~~~~~~~~~
[21.965s]       |             pub_behaviorMode_topic_
[21.994s] /home/neha/ros2_ws/src/semnav_migration/src/navigation_semantic.cpp:149:55: error: ‘bind’ is not a member of ‘boost’; did you mean ‘find’?
[21.994s]   149 |                         sync->registerCallback(boost::bind(&SemanticNavigationNode::control_callback, this, _1, _2));
[21.994s]       |                                                       ^~~~
[21.994s]       |                                                       find
[21.999s] /home/neha/ros2_ws/src/semnav_migration/src/navigation_semantic.cpp:149:109: error: ‘_1’ was not declared in this scope
[21.999s]   149 |                         sync->registerCallback(boost::bind(&SemanticNavigationNode::control_callback, this, _1, _2));
[22.000s]       |                                                                                                             ^~
[22.000s] /home/neha/ros2_ws/src/semnav_migration/src/navigation_semantic.cpp:149:109: note: suggested alternatives:
[22.000s] In file included from /usr/include/boost/mpl/aux_/include_preprocessed.hpp:37,
[22.000s]                  from /usr/include/boost/mpl/placeholders.hpp:43,
[22.000s]                  from /usr/include/boost/iterator/iterator_categories.hpp:16,
[22.000s]                  from /usr/include/boost/iterator/iterator_facade.hpp:13,
[22.000s]                  from /usr/include/boost/range/iterator_range_core.hpp:27,
[22.000s]                  from /usr/include/boost/lexical_cast.hpp:48,
[22.001s]                  from /usr/include/boost/multiprecision/detail/number_base.hpp:29,
[22.001s]                  from /usr/include/boost/multiprecision/traits/is_variable_precision.hpp:9,
[22.001s]                  from /usr/include/boost/multiprecision/detail/precision.hpp:9,
[22.001s]                  from /usr/include/boost/multiprecision/number.hpp:11,
[22.001s]                  from /usr/include/boost/multiprecision/cpp_int.hpp:19,
[22.003s]                  from /usr/include/boost/multiprecision/cpp_bin_float.hpp:15,
[22.003s]                  from /usr/include/boost/geometry/core/coordinate_promotion.hpp:16,
[22.004s]                  from /usr/include/boost/geometry/core/radian_access.hpp:30,
[22.004s]                  from /usr/include/boost/geometry/geometry.hpp:50,
[22.004s]                  from /usr/include/boost/geometry.hpp:17,
[22.004s]                  from /home/neha/ros2_ws/src/semnav_migration/include/reactive_planner_lib.h:26:
[22.004s] /usr/include/boost/mpl/aux_/preprocessed/gcc/placeholders.hpp:29:16: note:   ‘mpl_::_1’
[22.004s]    29 | typedef arg<1> _1;
[22.004s]       |                ^~
[22.007s] In file included from /usr/include/boost/numeric/conversion/converter_policies.hpp:13,
[22.008s]                  from /usr/include/boost/numeric/conversion/converter.hpp:14,
[22.008s]                  from /usr/include/boost/numeric/conversion/cast.hpp:33,
[22.008s]                  from /usr/include/boost/geometry/core/radian_access.hpp:26:
[22.008s] /usr/include/c++/13/functional:294:48: note:   ‘std::placeholders::_1’
[22.008s]   294 |     _GLIBCXX_PLACEHOLDER const _Placeholder<1> _1;
[22.008s]       |                                                ^~
[22.008s] /usr/include/boost/mpl/aux_/preprocessed/gcc/placeholders.hpp:29:16: note:   ‘mpl_::_1’
[22.008s]    29 | typedef arg<1> _1;
[22.009s]       |                ^~
[22.009s] In file included from /usr/include/boost/describe/members.hpp:20,
[22.009s]                  from /usr/include/boost/container_hash/is_described_class.hpp:11,
[22.009s]                  from /usr/include/boost/container_hash/hash.hpp:18,
[22.009s]                  from /usr/include/boost/functional/hash.hpp:6,
[22.010s]                  from /usr/include/CGAL/Kernel/hash_functions.h:16,
[22.011s]                  from /usr/include/CGAL/Kernel/global_functions.h:25,
[22.011s]                  from /usr/include/CGAL/Cartesian/Cartesian_base.h:22,
[22.011s]                  from /usr/include/CGAL/Simple_cartesian.h:20,
[22.012s]                  from /usr/include/CGAL/Exact_predicates_inexact_constructions_kernel.h:20,
[22.012s]                  from /home/neha/ros2_ws/src/semnav_migration/include/polygeom_lib.h:32,
[22.012s]                  from /home/neha/ros2_ws/src/semnav_migration/include/reactive_planner_lib.h:51:
[22.012s] /usr/include/boost/mp11/bind.hpp:45:7: note:   ‘boost::mp11::_1’
[22.012s]    45 | using _1 = mp_arg<0>;
[22.012s]       |       ^~
[22.013s] /usr/include/boost/mpl/aux_/preprocessed/gcc/placeholders.hpp:29:16: note:   ‘mpl_::_1’
[22.013s]    29 | typedef arg<1> _1;
[22.013s]       |                ^~
[22.013s] /home/neha/ros2_ws/src/semnav_migration/src/navigation_semantic.cpp:149:113: error: ‘_2’ was not declared in this scope
[22.013s]   149 |                         sync->registerCallback(boost::bind(&SemanticNavigationNode::control_callback, this, _1, _2));
[22.016s]       |                                                                                                                 ^~
[22.016s] /home/neha/ros2_ws/src/semnav_migration/src/navigation_semantic.cpp:149:113: note: suggested alternatives:
[22.017s] /usr/include/boost/mpl/aux_/preprocessed/gcc/placeholders.hpp:42:16: note:   ‘mpl_::_2’
[22.017s]    42 | typedef arg<2> _2;
[22.017s]       |                ^~
[22.017s] /usr/include/c++/13/functional:295:48: note:   ‘std::placeholders::_2’
[22.017s]   295 |     _GLIBCXX_PLACEHOLDER const _Placeholder<2> _2;
[22.017s]       |                                                ^~
[22.017s] /usr/include/boost/mpl/aux_/preprocessed/gcc/placeholders.hpp:42:16: note:   ‘mpl_::_2’
[22.017s]    42 | typedef arg<2> _2;
[22.018s]       |                ^~
[22.018s] /usr/include/boost/mp11/bind.hpp:46:7: note:   ‘boost::mp11::_2’
[22.018s]    46 | using _2 = mp_arg<1>;
[22.018s]       |       ^~
[22.018s] /usr/include/boost/mpl/aux_/preprocessed/gcc/placeholders.hpp:42:16: note:   ‘mpl_::_2’
[22.020s]    42 | typedef arg<2> _2;
[22.021s]       |                ^~
[22.021s] /home/neha/ros2_ws/src/semnav_migration/src/navigation_semantic.cpp:151:67: error: ‘class SemanticNavigationNode’ has no member named ‘create_subscriber’; did you mean ‘create_subscription’?
[22.021s]   151 |                         rclcpp::Subscription sub_semantic = this->create_subscriber("sub_semantic_topic_", 1);
[22.021s]       |                                                                   ^~~~~~~~~~~~~~~~~
[22.021s]       |                                                                   create_subscription
[22.021s] /home/neha/ros2_ws/src/semnav_migration/src/navigation_semantic.cpp:162:37: error: no matching function for call to ‘spin(SemanticNavigationNode*)’
[22.021s]   162 |                         rclcpp::spin(this);
[22.022s]       |                         ~~~~~~~~~~~~^~~~~~
[22.022s] /opt/ros/jazzy/include/rclcpp/rclcpp/executors.hpp:58:1: note: candidate: ‘void rclcpp::spin(node_interfaces::NodeBaseInterface::SharedPtr)’
[22.022s]    58 | spin(rclcpp::node_interfaces::NodeBaseInterface::SharedPtr node_ptr);
[22.022s]       | ^~~~
[22.022s] /opt/ros/jazzy/include/rclcpp/rclcpp/executors.hpp:58:60: note:   no known conversion for argument 1 from ‘SemanticNavigationNode*’ to ‘rclcpp::node_interfaces::NodeBaseInterface::SharedPtr’ {aka ‘std::shared_ptr<rclcpp::node_interfaces::NodeBaseInterface>’}
[22.025s]    58 | spin(rclcpp::node_interfaces::NodeBaseInterface::SharedPtr node_ptr);
[22.025s]       |      ~~~~~~~~~~~~~~~~~~~~~~~~~~~~~~~~~~~~~~~~~~~~~~~~~~~~~~^~~~~~~~
[22.025s] /opt/ros/jazzy/include/rclcpp/rclcpp/executors.hpp:62:1: note: candidate: ‘void rclcpp::spin(Node::SharedPtr)’
[22.025s]    62 | spin(rclcpp::Node::SharedPtr node_ptr);
[22.025s]       | ^~~~
[22.025s] /opt/ros/jazzy/include/rclcpp/rclcpp/executors.hpp:62:30: note:   no known conversion for argument 1 from ‘SemanticNavigationNode*’ to ‘rclcpp::Node::SharedPtr’ {aka ‘std::shared_ptr<rclcpp::Node>’}
[22.026s]    62 | spin(rclcpp::Node::SharedPtr node_ptr);
[22.026s]       |      ~~~~~~~~~~~~~~~~~~~~~~~~^~~~~~~~
[22.026s] /home/neha/ros2_ws/src/semnav_migration/src/navigation_semantic.cpp: In member function ‘void SemanticNavigationNode::publish_twist(double, double)’:
[22.026s] /home/neha/ros2_ws/src/semnav_migration/src/navigation_semantic.cpp:169:43: error: no matching function for call to ‘rclcpp::Publisher<example_interfaces::msg::UInt32_<std::allocator<void> > >::publish(geometry_msgs::msg::Twist&)’
[22.028s]   169 |                         pub_twist_.publish(commandTwist);
[22.028s]       |                         ~~~~~~~~~~~~~~~~~~^~~~~~~~~~~~~~
[22.029s] /opt/ros/jazzy/include/rclcpp/rclcpp/publisher.hpp:239:3: note: candidate: ‘template<class T> std::enable_if_t<(rosidl_generator_traits::is_message<T>::value && std::is_same<T, typename rclcpp::TypeAdapter<MessageT>::ros_message_type>::value)> rclcpp::Publisher<MessageT, AllocatorT>::publish(std::unique_ptr<T, typename std::conditional<std::is_same<typename std::allocator_traits<typename std::allocator_traits<_Allocator>::rebind_traits<typename rclcpp::TypeAdapter<MessageT, void, void>::ros_message_type>::allocator_type>::rebind_alloc<typename rclcpp::TypeAdapter<MessageT, void, void>::ros_message_type>, std::allocator<typename rclcpp::TypeAdapter<MessageT>::ros_message_type> >::value, std::default_delete<typename rclcpp::TypeAdapter<MessageT>::ros_message_type>, rclcpp::allocator::AllocatorDeleter<typename std::allocator_traits<_Allocator>::rebind_traits<typename rclcpp::TypeAdapter<MessageT, void, void>::ros_message_type>::allocator_type> >::type>) [with MessageT = example_interfaces::msg::UInt32_<std::allocator<void> >; AllocatorT = std::allocator<void>]’
[22.029s]   239 |   publish(std::unique_ptr<T, ROSMessageTypeDeleter> msg)
[22.029s]       |   ^~~~~~~
[22.029s] /opt/ros/jazzy/include/rclcpp/rclcpp/publisher.hpp:239:3: note:   template argument deduction/substitution failed:
[22.029s] /home/neha/ros2_ws/src/semnav_migration/src/navigation_semantic.cpp:169:43: note:   ‘geometry_msgs::msg::Twist_<std::allocator<void> >’ is not derived from ‘std::unique_ptr<T, std::default_delete<example_interfaces::msg::UInt32_<std::allocator<void> > > >’
[22.029s]   169 |                         pub_twist_.publish(commandTwist);
[22.029s]       |                         ~~~~~~~~~~~~~~~~~~^~~~~~~~~~~~~~
[22.030s] /opt/ros/jazzy/include/rclcpp/rclcpp/publisher.hpp:289:3: note: candidate: ‘template<class T> std::enable_if_t<(rosidl_generator_traits::is_message<T>::value && std::is_same<T, typename rclcpp::TypeAdapter<MessageT>::ros_message_type>::value)> rclcpp::Publisher<MessageT, AllocatorT>::publish(const T&) [with MessageT = example_interfaces::msg::UInt32_<std::allocator<void> >; AllocatorT = std::allocator<void>]’
[22.030s]   289 |   publish(const T & msg)
[22.030s]       |   ^~~~~~~
[22.030s] /opt/ros/jazzy/include/rclcpp/rclcpp/publisher.hpp:289:3: note:   template argument deduction/substitution failed:
[22.032s] In file included from /usr/include/c++/13/bits/stl_iterator_base_types.h:67,
[22.032s]                  from /usr/include/c++/13/iterator:61,
[22.033s]                  from /usr/include/boost/iterator/iterator_traits.hpp:10,
[22.033s]                  from /usr/include/boost/range/mutable_iterator.hpp:23,
[22.033s]                  from /usr/include/boost/range/iterator.hpp:20,
[22.033s]                  from /usr/include/boost/range/value_type.hpp:19,
[22.033s]                  from /usr/include/boost/geometry/core/closure.hpp:21,
[22.033s]                  from /usr/include/boost/geometry/geometry.hpp:31:
[22.033s] /usr/include/c++/13/type_traits: In substitution of ‘template<bool _Cond, class _Tp> using std::enable_if_t = typename std::enable_if::type [with bool _Cond = false; _Tp = void]’:
[22.034s] /opt/ros/jazzy/include/rclcpp/rclcpp/publisher.hpp:289:3:   required by substitution of ‘template<class T> std::enable_if_t<(rosidl_generator_traits::is_message<T>::value && std::is_same<T, example_interfaces::msg::UInt32_<std::allocator<void> > >::value), void> rclcpp::Publisher<example_interfaces::msg::UInt32_<std::allocator<void> > >::publish(const T&) [with T = geometry_msgs::msg::Twist_<std::allocator<void> >]’
[22.034s] /home/neha/ros2_ws/src/semnav_migration/src/navigation_semantic.cpp:169:22:   required from here
[22.034s] /usr/include/c++/13/type_traits:2610:11: error: no type named ‘type’ in ‘struct std::enable_if<false, void>’
[22.034s]  2610 |     using enable_if_t = typename enable_if<_Cond, _Tp>::type;
[22.034s]       |           ^~~~~~~~~~~
[22.036s] /opt/ros/jazzy/include/rclcpp/rclcpp/publisher.hpp:319:3: note: candidate: ‘template<class T> std::enable_if_t<(typename rclcpp::TypeAdapter<MessageT>::is_specialized::value && std::is_same<T, typename rclcpp::TypeAdapter<MessageT>::custom_type>::value)> rclcpp::Publisher<MessageT, AllocatorT>::publish(std::unique_ptr<T, typename std::conditional<std::is_same<typename std::allocator_traits<typename std::allocator_traits<_Allocator>::rebind_traits<typename rclcpp::TypeAdapter<MessageT, void, void>::custom_type>::allocator_type>::rebind_alloc<typename rclcpp::TypeAdapter<MessageT, void, void>::custom_type>, std::allocator<typename rclcpp::TypeAdapter<MessageT>::custom_type> >::value, std::default_delete<typename rclcpp::TypeAdapter<MessageT>::custom_type>, rclcpp::allocator::AllocatorDeleter<typename std::allocator_traits<_Allocator>::rebind_traits<typename rclcpp::TypeAdapter<MessageT, void, void>::custom_type>::allocator_type> >::type>) [with MessageT = example_interfaces::msg::UInt32_<std::allocator<void> >; AllocatorT = std::allocator<void>]’
[22.037s]   319 |   publish(std::unique_ptr<T, PublishedTypeDeleter> msg)
[22.037s]       |   ^~~~~~~
[22.037s] /opt/ros/jazzy/include/rclcpp/rclcpp/publisher.hpp:319:3: note:   template argument deduction/substitution failed:
[22.037s] /home/neha/ros2_ws/src/semnav_migration/src/navigation_semantic.cpp:169:43: note:   ‘geometry_msgs::msg::Twist_<std::allocator<void> >’ is not derived from ‘std::unique_ptr<T, std::default_delete<example_interfaces::msg::UInt32_<std::allocator<void> > > >’
[22.037s]   169 |                         pub_twist_.publish(commandTwist);
[22.037s]       |                         ~~~~~~~~~~~~~~~~~~^~~~~~~~~~~~~~
[22.037s] /opt/ros/jazzy/include/rclcpp/rclcpp/publisher.hpp:366:3: note: candidate: ‘template<class T> std::enable_if_t<(typename rclcpp::TypeAdapter<MessageT>::is_specialized::value && std::is_same<T, typename rclcpp::TypeAdapter<MessageT>::custom_type>::value)> rclcpp::Publisher<MessageT, AllocatorT>::publish(const T&) [with MessageT = example_interfaces::msg::UInt32_<std::allocator<void> >; AllocatorT = std::allocator<void>]’
[22.037s]   366 |   publish(const T & msg)
[22.038s]       |   ^~~~~~~
[22.038s] /opt/ros/jazzy/include/rclcpp/rclcpp/publisher.hpp:366:3: note:   template argument deduction/substitution failed:
[22.038s] /opt/ros/jazzy/include/rclcpp/rclcpp/publisher.hpp:384:3: note: candidate: ‘void rclcpp::Publisher<MessageT, AllocatorT>::publish(const rcl_serialized_message_t&) [with MessageT = example_interfaces::msg::UInt32_<std::allocator<void> >; AllocatorT = std::allocator<void>; rcl_serialized_message_t = rcutils_uint8_array_s]’
[22.038s]   384 |   publish(const rcl_serialized_message_t & serialized_msg)
[22.040s]       |   ^~~~~~~
[22.040s] /opt/ros/jazzy/include/rclcpp/rclcpp/publisher.hpp:384:44: note:   no known conversion for argument 1 from ‘geometry_msgs::msg::Twist’ {aka ‘geometry_msgs::msg::Twist_<std::allocator<void> >’} to ‘const rcl_serialized_message_t&’ {aka ‘const rcutils_uint8_array_s&’}
[22.041s]   384 |   publish(const rcl_serialized_message_t & serialized_msg)
[22.041s]       |           ~~~~~~~~~~~~~~~~~~~~~~~~~~~~~~~~~^~~~~~~~~~~~~~
[22.041s] /opt/ros/jazzy/include/rclcpp/rclcpp/publisher.hpp:390:3: note: candidate: ‘void rclcpp::Publisher<MessageT, AllocatorT>::publish(const rclcpp::SerializedMessage&) [with MessageT = example_interfaces::msg::UInt32_<std::allocator<void> >; AllocatorT = std::allocator<void>]’
[22.041s]   390 |   publish(const SerializedMessage & serialized_msg)
[22.041s]       |   ^~~~~~~
[22.041s] /opt/ros/jazzy/include/rclcpp/rclcpp/publisher.hpp:390:37: note:   no known conversion for argument 1 from ‘geometry_msgs::msg::Twist’ {aka ‘geometry_msgs::msg::Twist_<std::allocator<void> >’} to ‘const rclcpp::SerializedMessage&’
[22.041s]   390 |   publish(const SerializedMessage & serialized_msg)
[22.042s]       |           ~~~~~~~~~~~~~~~~~~~~~~~~~~^~~~~~~~~~~~~~
[22.042s] /opt/ros/jazzy/include/rclcpp/rclcpp/publisher.hpp:404:3: note: candidate: ‘void rclcpp::Publisher<MessageT, AllocatorT>::publish(rclcpp::LoanedMessage<typename rclcpp::TypeAdapter<MessageT>::ros_message_type, AllocatorT>&&) [with MessageT = example_interfaces::msg::UInt32_<std::allocator<void> >; AllocatorT = std::allocator<void>; typename rclcpp::TypeAdapter<MessageT>::ros_message_type = example_interfaces::msg::UInt32_<std::allocator<void> >]’
[22.042s]   404 |   publish(rclcpp::LoanedMessage<ROSMessageType, AllocatorT> && loaned_msg)
[22.042s]       |   ^~~~~~~
[22.042s] /opt/ros/jazzy/include/rclcpp/rclcpp/publisher.hpp:404:64: note:   no known conversion for argument 1 from ‘geometry_msgs::msg::Twist’ {aka ‘geometry_msgs::msg::Twist_<std::allocator<void> >’} to ‘rclcpp::LoanedMessage<example_interfaces::msg::UInt32_<std::allocator<void> >, std::allocator<void> >&&’
[22.044s]   404 |   publish(rclcpp::LoanedMessage<ROSMessageType, AllocatorT> && loaned_msg)
[22.045s]       |           ~~~~~~~~~~~~~~~~~~~~~~~~~~~~~~~~~~~~~~~~~~~~~~~~~~~~~^~~~~~~~~~
[22.045s] /home/neha/ros2_ws/src/semnav_migration/src/navigation.cpp:140:13: error: ‘pub_twist_’ was not declared in this scope; did you mean ‘publish_twist’?
[22.045s]   140 |             pub_twist_ = this->create_publisher<example_interfaces::msg::UInt32>("pub_twist_topic_", 1);
[22.045s]       |             ^~~~~~~~~~
[22.045s]       |             publish_twist
[22.111s] /home/neha/ros2_ws/src/semnav_migration/src/navigation.cpp:143:116: error: no matching function for call to ‘message_filters::Subscriber<sensor_msgs::msg::LaserScan_<std::allocator<void> > >::Subscriber(rclcpp::Node&, std::string&, int)’
[22.111s]   143 |                         message_filters::Subscriber<sensor_msgs::msg::LaserScan> sub_laser(nh_, sub_laser_topic_, 1);
[22.111s]       |                                                                                                                    ^
[22.112s] In file included from /home/neha/ros2_ws/src/semnav_migration/include/reactive_planner_lib.h:43:
[22.112s] /opt/ros/jazzy/include/message_filters/message_filters/subscriber.h:224:3: note: candidate: ‘message_filters::Subscriber<M, NodeType>::Subscriber() [with M = sensor_msgs::msg::LaserScan_<std::allocator<void> >; NodeType = rclcpp::Node]’
[22.112s]   224 |   Subscriber() = default;
[22.112s]       |   ^~~~~~~~~~
[22.113s] /opt/ros/jazzy/include/message_filters/message_filters/subscriber.h:224:3: note:   candidate expects 0 arguments, 3 provided
[22.113s] /opt/ros/jazzy/include/message_filters/message_filters/subscriber.h:212:3: note: candidate: ‘message_filters::Subscriber<M, NodeType>::Subscriber(NodeType*, const std::string&, rmw_qos_profile_t, rclcpp::SubscriptionOptions) [with M = sensor_msgs::msg::LaserScan_<std::allocator<void> >; NodeType = rclcpp::Node; std::string = std::__cxx11::basic_string<char>; rmw_qos_profile_t = rmw_qos_profile_s; rclcpp::SubscriptionOptions = rclcpp::SubscriptionOptionsWithAllocator<std::allocator<void> >]’
[22.113s]   212 |   Subscriber(
[22.114s]       |   ^~~~~~~~~~
[22.114s] /opt/ros/jazzy/include/message_filters/message_filters/subscriber.h:212:3: note:   candidate expects 4 arguments, 3 provided
[22.114s] /opt/ros/jazzy/include/message_filters/message_filters/subscriber.h:203:3: note: candidate: ‘message_filters::Subscriber<M, NodeType>::Subscriber(NodePtr, const std::string&, rmw_qos_profile_t, rclcpp::SubscriptionOptions) [with M = sensor_msgs::msg::LaserScan_<std::allocator<void> >; NodeType = rclcpp::Node; NodePtr = std::shared_ptr<rclcpp::Node>; std::string = std::__cxx11::basic_string<char>; rmw_qos_profile_t = rmw_qos_profile_s; rclcpp::SubscriptionOptions = rclcpp::SubscriptionOptionsWithAllocator<std::allocator<void> >]’
[22.114s]   203 |   Subscriber(
[22.114s]       |   ^~~~~~~~~~
[22.114s] /opt/ros/jazzy/include/message_filters/message_filters/subscriber.h:203:3: note:   candidate expects 4 arguments, 3 provided
[22.114s] /opt/ros/jazzy/include/message_filters/message_filters/subscriber.h:188:3: note: candidate: ‘message_filters::Subscriber<M, NodeType>::Subscriber(NodeType*, const std::string&, rmw_qos_profile_t) [with M = sensor_msgs::msg::LaserScan_<std::allocator<void> >; NodeType = rclcpp::Node; std::string = std::__cxx11::basic_string<char>; rmw_qos_profile_t = rmw_qos_profile_s]’
[22.115s]   188 |   Subscriber(NodeType * node, const std::string& topic, const rmw_qos_profile_t qos = rmw_qos_profile_default)
[22.115s]       |   ^~~~~~~~~~
[22.115s] /opt/ros/jazzy/include/message_filters/message_filters/subscriber.h:188:25: note:   no known conversion for argument 1 from ‘rclcpp::Node’ to ‘rclcpp::Node*’
[22.115s]   188 |   Subscriber(NodeType * node, const std::string& topic, const rmw_qos_profile_t qos = rmw_qos_profile_default)
[22.115s]       |              ~~~~~~~~~~~^~~~
[22.119s] /opt/ros/jazzy/include/message_filters/message_filters/subscriber.h:183:3: note: candidate: ‘message_filters::Subscriber<M, NodeType>::Subscriber(NodePtr, const std::string&, rmw_qos_profile_t) [with M = sensor_msgs::msg::LaserScan_<std::allocator<void> >; NodeType = rclcpp::Node; NodePtr = std::shared_ptr<rclcpp::Node>; std::string = std::__cxx11::basic_string<char>; rmw_qos_profile_t = rmw_qos_profile_s]’
[22.120s]   183 |   Subscriber(NodePtr node, const std::string& topic, const rmw_qos_profile_t qos = rmw_qos_profile_default)
[22.120s]       |   ^~~~~~~~~~
[22.120s] /opt/ros/jazzy/include/message_filters/message_filters/subscriber.h:183:22: note:   no known conversion for argument 1 from ‘rclcpp::Node’ to ‘message_filters::Subscriber<sensor_msgs::msg::LaserScan_<std::allocator<void> > >::NodePtr’ {aka ‘std::shared_ptr<rclcpp::Node>’}
[22.120s]   183 |   Subscriber(NodePtr node, const std::string& topic, const rmw_qos_profile_t qos = rmw_qos_profile_default)
[22.120s]       |              ~~~~~~~~^~~~
[22.154s] /home/neha/ros2_ws/src/semnav_migration/src/navigation_semantic.cpp: In member function ‘void SemanticNavigationNode::control_callback(const sensor_msgs::msg::LaserScan_<std::allocator<void> >::ConstPtr&, const nav_msgs::msg::Odometry_<std::allocator<void> >::ConstPtr&)’:
[22.154s] /home/neha/ros2_ws/src/semnav_migration/src/navigation_semantic.cpp:407:33: error: ‘listener_’ was not declared in this scope
[22.154s]   407 |                                 listener_.waitForTransform(world_frame_id_, odom_frame_id_, rclcpp::Time(0), rclcpp::Duration(std::chrono::nanoseconds(1000000000));
[22.155s]       |                                 ^~~~~~~~~
[22.155s] /home/neha/ros2_ws/src/semnav_migration/src/navigation_semantic.cpp:407:164: error: expected ‘)’ before ‘;’ token
[22.155s]   407 |                                 listener_.waitForTransform(world_frame_id_, odom_frame_id_, rclcpp::Time(0), rclcpp::Duration(std::chrono::nanoseconds(1000000000));
[22.155s]       |                                                                                                                                                                    ^
[22.155s] /home/neha/ros2_ws/src/semnav_migration/src/navigation_semantic.cpp:407:59: note: to match this ‘(’
[22.156s]   407 |                                 listener_.waitForTransform(world_frame_id_, odom_frame_id_, rclcpp::Time(0), rclcpp::Duration(std::chrono::nanoseconds(1000000000));
[22.156s]       |                                                           ^
[22.156s] In file included from /opt/ros/jazzy/include/rclcpp/rclcpp/copy_all_parameter_values.hpp:27,
[22.156s]                  from /opt/ros/jazzy/include/rclcpp/rclcpp/rclcpp.hpp:171:
[22.156s] /home/neha/ros2_ws/src/semnav_migration/src/navigation_semantic.cpp:410:33: error: static assertion failed: First argument to logging macros must be an rclcpp::Logger
[22.159s]   410 |                                 RCLCPP_ERROR("%s",ex.what());
[22.160s]       |                                 ^~~~~~~~~~~~
[22.160s] In file included from /opt/ros/jazzy/include/rclcpp/rclcpp/logging.hpp:24:
[22.160s] /home/neha/ros2_ws/src/semnav_migration/src/navigation_semantic.cpp:410:33: error: request for member ‘get_name’ in ‘("%s")’, which is of non-class type ‘const char [3]’
[22.160s]   410 |                                 RCLCPP_ERROR("%s",ex.what());
[22.160s]       |                                 ^~~~~~~~~~~~
[22.160s] /home/neha/ros2_ws/src/semnav_migration/src/navigation_semantic.cpp:410:33: error: request for member ‘get_name’ in ‘("%s")’, which is of non-class type ‘const char [3]’
[22.160s]   410 |                                 RCLCPP_ERROR("%s",ex.what());
[22.161s]       |                                 ^~~~~~~~~~~~
[22.161s] /home/neha/ros2_ws/src/semnav_migration/src/navigation_semantic.cpp:435:42: error: could not convert ‘lidar_data’ from ‘shared_ptr<LaserScan_<[...]>>’ to ‘shared_ptr<LaserScan_<[...]>>’
[22.161s]   435 |                         constructLIDAR2D(lidar_data, CutoffRange_, AllowableRange_, RobotPitch_, &LIDAR);
[22.161s]       |                                          ^~~~~~~~~~
[22.161s]       |                                          |
[22.162s]       |                                          shared_ptr<LaserScan_<[...]>>
[22.187s] /home/neha/ros2_ws/src/semnav_migration/src/navigation.cpp:144:112: error: no matching function for call to ‘message_filters::Subscriber<nav_msgs::msg::Odometry_<std::allocator<void> > >::Subscriber(rclcpp::Node&, std::string&, int)’
[22.187s]   144 |                         message_filters::Subscriber<nav_msgs::msg::Odometry> sub_robot(nh_, sub_robot_topic_, 1);
[22.187s]       |                                                                                                                ^
[22.188s] /opt/ros/jazzy/include/message_filters/message_filters/subscriber.h:224:3: note: candidate: ‘message_filters::Subscriber<M, NodeType>::Subscriber() [with M = nav_msgs::msg::Odometry_<std::allocator<void> >; NodeType = rclcpp::Node]’
[22.188s]   224 |   Subscriber() = default;
[22.188s]       |   ^~~~~~~~~~
[22.188s] /opt/ros/jazzy/include/message_filters/message_filters/subscriber.h:224:3: note:   candidate expects 0 arguments, 3 provided
[22.189s] /opt/ros/jazzy/include/message_filters/message_filters/subscriber.h:212:3: note: candidate: ‘message_filters::Subscriber<M, NodeType>::Subscriber(NodeType*, const std::string&, rmw_qos_profile_t, rclcpp::SubscriptionOptions) [with M = nav_msgs::msg::Odometry_<std::allocator<void> >; NodeType = rclcpp::Node; std::string = std::__cxx11::basic_string<char>; rmw_qos_profile_t = rmw_qos_profile_s; rclcpp::SubscriptionOptions = rclcpp::SubscriptionOptionsWithAllocator<std::allocator<void> >]’
[22.189s]   212 |   Subscriber(
[22.189s]       |   ^~~~~~~~~~
[22.189s] /opt/ros/jazzy/include/message_filters/message_filters/subscriber.h:212:3: note:   candidate expects 4 arguments, 3 provided
[22.192s] /opt/ros/jazzy/include/message_filters/message_filters/subscriber.h:203:3: note: candidate: ‘message_filters::Subscriber<M, NodeType>::Subscriber(NodePtr, const std::string&, rmw_qos_profile_t, rclcpp::SubscriptionOptions) [with M = nav_msgs::msg::Odometry_<std::allocator<void> >; NodeType = rclcpp::Node; NodePtr = std::shared_ptr<rclcpp::Node>; std::string = std::__cxx11::basic_string<char>; rmw_qos_profile_t = rmw_qos_profile_s; rclcpp::SubscriptionOptions = rclcpp::SubscriptionOptionsWithAllocator<std::allocator<void> >]’
[22.192s]   203 |   Subscriber(
[22.192s]       |   ^~~~~~~~~~
[22.192s] /opt/ros/jazzy/include/message_filters/message_filters/subscriber.h:203:3: note:   candidate expects 4 arguments, 3 provided
[22.192s] /opt/ros/jazzy/include/message_filters/message_filters/subscriber.h:188:3: note: candidate: ‘message_filters::Subscriber<M, NodeType>::Subscriber(NodeType*, const std::string&, rmw_qos_profile_t) [with M = nav_msgs::msg::Odometry_<std::allocator<void> >; NodeType = rclcpp::Node; std::string = std::__cxx11::basic_string<char>; rmw_qos_profile_t = rmw_qos_profile_s]’
[22.192s]   188 |   Subscriber(NodeType * node, const std::string& topic, const rmw_qos_profile_t qos = rmw_qos_profile_default)
[22.193s]       |   ^~~~~~~~~~
[22.193s] /opt/ros/jazzy/include/message_filters/message_filters/subscriber.h:188:25: note:   no known conversion for argument 1 from ‘rclcpp::Node’ to ‘rclcpp::Node*’
[22.193s]   188 |   Subscriber(NodeType * node, const std::string& topic, const rmw_qos_profile_t qos = rmw_qos_profile_default)
[22.193s]       |              ~~~~~~~~~~~^~~~
[22.195s] /opt/ros/jazzy/include/message_filters/message_filters/subscriber.h:183:3: note: candidate: ‘message_filters::Subscriber<M, NodeType>::Subscriber(NodePtr, const std::string&, rmw_qos_profile_t) [with M = nav_msgs::msg::Odometry_<std::allocator<void> >; NodeType = rclcpp::Node; NodePtr = std::shared_ptr<rclcpp::Node>; std::string = std::__cxx11::basic_string<char>; rmw_qos_profile_t = rmw_qos_profile_s]’
[22.196s]   183 |   Subscriber(NodePtr node, const std::string& topic, const rmw_qos_profile_t qos = rmw_qos_profile_default)
[22.196s]       |   ^~~~~~~~~~
[22.196s] /opt/ros/jazzy/include/message_filters/message_filters/subscriber.h:183:22: note:   no known conversion for argument 1 from ‘rclcpp::Node’ to ‘message_filters::Subscriber<nav_msgs::msg::Odometry_<std::allocator<void> > >::NodePtr’ {aka ‘std::shared_ptr<rclcpp::Node>’}
[22.196s]   183 |   Subscriber(NodePtr node, const std::string& topic, const rmw_qos_profile_t qos = rmw_qos_profile_default)
[22.196s]       |              ~~~~~~~~^~~~
[22.200s] /home/neha/ros2_ws/src/semnav_migration/src/navigation_semantic.cpp: In function ‘int main(int, char**)’:
[22.200s] /home/neha/ros2_ws/src/semnav_migration/src/navigation_semantic.cpp:701:34: error: invalid initialization of reference of type ‘const rclcpp::InitOptions&’ from expression of type ‘const char [20]’
[22.200s]   701 |         rclcpp::init(argc, argv, "navigation_semantic");
[22.200s]       |                                  ^~~~~~~~~~~~~~~~~~~~~
[22.201s] In file included from /opt/ros/jazzy/include/rclcpp/rclcpp/logging.hpp:25:
[22.201s] /opt/ros/jazzy/include/rclcpp/rclcpp/utilities.hpp:78:23: note: in passing argument 3 of ‘void rclcpp::init(int, const char* const*, const InitOptions&, SignalHandlerOptions)’
[22.201s]    78 |   const InitOptions & init_options = InitOptions(),
[22.201s]       |   ~~~~~~~~~~~~~~~~~~~~^~~~~~~~~~~~~~~~~~~~~~~~~~~~
[22.332s] /home/neha/ros2_ws/src/semnav_migration/src/navigation.cpp:149:55: error: ‘bind’ is not a member of ‘boost’; did you mean ‘find’?
[22.333s]   149 |                         sync->registerCallback(boost::bind(&NavigationNode::control_callback, this, _1, _2));
[22.333s]       |                                                       ^~~~
[22.333s]       |                                                       find
[22.339s] /home/neha/ros2_ws/src/semnav_migration/src/navigation.cpp:149:101: error: ‘_1’ was not declared in this scope
[22.340s]   149 |                         sync->registerCallback(boost::bind(&NavigationNode::control_callback, this, _1, _2));
[22.340s]       |                                                                                                     ^~
[22.340s] /home/neha/ros2_ws/src/semnav_migration/src/navigation.cpp:149:101: note: suggested alternatives:
[22.340s] In file included from /usr/include/boost/mpl/aux_/include_preprocessed.hpp:37,
[22.340s]                  from /usr/include/boost/mpl/placeholders.hpp:43,
[22.340s]                  from /usr/include/boost/iterator/iterator_categories.hpp:16,
[22.340s]                  from /usr/include/boost/iterator/iterator_facade.hpp:13,
[22.341s]                  from /usr/include/boost/range/iterator_range_core.hpp:27,
[22.341s]                  from /usr/include/boost/lexical_cast.hpp:48,
[22.341s]                  from /usr/include/boost/multiprecision/detail/number_base.hpp:29,
[22.341s]                  from /usr/include/boost/multiprecision/traits/is_variable_precision.hpp:9,
[22.343s]                  from /usr/include/boost/multiprecision/detail/precision.hpp:9,
[22.343s]                  from /usr/include/boost/multiprecision/number.hpp:11,
[22.344s]                  from /usr/include/boost/multiprecision/cpp_int.hpp:19,
[22.344s]                  from /usr/include/boost/multiprecision/cpp_bin_float.hpp:15,
[22.344s]                  from /usr/include/boost/geometry/core/coordinate_promotion.hpp:16,
[22.344s]                  from /usr/include/boost/geometry/core/radian_access.hpp:30,
[22.344s]                  from /usr/include/boost/geometry/geometry.hpp:50,
[22.344s]                  from /usr/include/boost/geometry.hpp:17,
[22.344s]                  from /home/neha/ros2_ws/src/semnav_migration/include/reactive_planner_lib.h:26:
[22.345s] /usr/include/boost/mpl/aux_/preprocessed/gcc/placeholders.hpp:29:16: note:   ‘mpl_::_1’
[22.345s]    29 | typedef arg<1> _1;
[22.345s]       |                ^~
[22.346s] In file included from /usr/include/boost/numeric/conversion/converter_policies.hpp:13,
[22.346s]                  from /usr/include/boost/numeric/conversion/converter.hpp:14,
[22.347s]                  from /usr/include/boost/numeric/conversion/cast.hpp:33,
[22.347s]                  from /usr/include/boost/geometry/core/radian_access.hpp:26:
[22.347s] /usr/include/c++/13/functional:294:48: note:   ‘std::placeholders::_1’
[22.347s]   294 |     _GLIBCXX_PLACEHOLDER const _Placeholder<1> _1;
[22.347s]       |                                                ^~
[22.347s] /usr/include/boost/mpl/aux_/preprocessed/gcc/placeholders.hpp:29:16: note:   ‘mpl_::_1’
[22.347s]    29 | typedef arg<1> _1;
[22.348s]       |                ^~
[22.348s] In file included from /usr/include/boost/describe/members.hpp:20,
[22.348s]                  from /usr/include/boost/container_hash/is_described_class.hpp:11,
[22.348s]                  from /usr/include/boost/container_hash/hash.hpp:18,
[22.351s]                  from /usr/include/boost/functional/hash.hpp:6,
[22.352s]                  from /usr/include/CGAL/Kernel/hash_functions.h:16,
[22.352s]                  from /usr/include/CGAL/Kernel/global_functions.h:25,
[22.352s]                  from /usr/include/CGAL/Cartesian/Cartesian_base.h:22,
[22.352s]                  from /usr/include/CGAL/Simple_cartesian.h:20,
[22.352s]                  from /usr/include/CGAL/Exact_predicates_inexact_constructions_kernel.h:20,
[22.352s]                  from /home/neha/ros2_ws/src/semnav_migration/include/polygeom_lib.h:32,
[22.353s]                  from /home/neha/ros2_ws/src/semnav_migration/include/reactive_planner_lib.h:51:
[22.353s] /usr/include/boost/mp11/bind.hpp:45:7: note:   ‘boost::mp11::_1’
[22.353s]    45 | using _1 = mp_arg<0>;
[22.353s]       |       ^~
[22.353s] /usr/include/boost/mpl/aux_/preprocessed/gcc/placeholders.hpp:29:16: note:   ‘mpl_::_1’
[22.355s]    29 | typedef arg<1> _1;
[22.356s]       |                ^~
[22.356s] /home/neha/ros2_ws/src/semnav_migration/src/navigation.cpp:149:105: error: ‘_2’ was not declared in this scope
[22.356s]   149 |                         sync->registerCallback(boost::bind(&NavigationNode::control_callback, this, _1, _2));
[22.356s]       |                                                                                                         ^~
[22.356s] /home/neha/ros2_ws/src/semnav_migration/src/navigation.cpp:149:105: note: suggested alternatives:
[22.356s] /usr/include/boost/mpl/aux_/preprocessed/gcc/placeholders.hpp:42:16: note:   ‘mpl_::_2’
[22.356s]    42 | typedef arg<2> _2;
[22.357s]       |                ^~
[22.357s] /usr/include/c++/13/functional:295:48: note:   ‘std::placeholders::_2’
[22.357s]   295 |     _GLIBCXX_PLACEHOLDER const _Placeholder<2> _2;
[22.357s]       |                                                ^~
[22.359s] /usr/include/boost/mpl/aux_/preprocessed/gcc/placeholders.hpp:42:16: note:   ‘mpl_::_2’
[22.359s]    42 | typedef arg<2> _2;
[22.360s]       |                ^~
[22.360s] /usr/include/boost/mp11/bind.hpp:46:7: note:   ‘boost::mp11::_2’
[22.360s]    46 | using _2 = mp_arg<1>;
[22.360s]       |       ^~
[22.360s] /usr/include/boost/mpl/aux_/preprocessed/gcc/placeholders.hpp:42:16: note:   ‘mpl_::_2’
[22.360s]    42 | typedef arg<2> _2;
[22.361s]       |                ^~
[22.361s] /home/neha/ros2_ws/src/semnav_migration/src/navigation.cpp:152:55: error: ‘class NavigationNode’ has no member named ‘create_subscriber’; did you mean ‘create_subscription’?
[22.361s]   152 |             rclcpp::Subscription sub_semantic = this->create_subscriber(sub_semantic_topic_, 1);
[22.361s]       |                                                       ^~~~~~~~~~~~~~~~~
[22.361s]       |                                                       create_subscription
[22.417s] /home/neha/ros2_ws/src/semnav_migration/src/navigation.cpp: In member function ‘void NavigationNode::publish_twist(double, double)’:
[22.417s] /home/neha/ros2_ws/src/semnav_migration/src/navigation.cpp:169:25: error: ‘pub_twist_’ was not declared in this scope; did you mean ‘publish_twist’?
[22.417s]   169 |                         pub_twist_.publish(commandTwist);
[22.418s]       |                         ^~~~~~~~~~
[22.418s]       |                         publish_twist
[22.508s] /home/neha/ros2_ws/src/semnav_migration/src/navigation.cpp: In member function ‘void NavigationNode::publish_behavior_id(uint16_t)’:
[22.508s] /home/neha/ros2_ws/src/semnav_migration/src/navigation.cpp:176:25: error: ‘pub_behaviorID_’ was not declared in this scope; did you mean ‘pub_behaviorID_topic_’?
[22.508s]   176 |                         pub_behaviorID_.publish(commandId);
[22.508s]       |                         ^~~~~~~~~~~~~~~
[22.508s]       |                         pub_behaviorID_topic_
[22.610s] /home/neha/ros2_ws/src/semnav_migration/src/navigation.cpp: In member function ‘void NavigationNode::publish_behavior_mode(uint16_t)’:
[22.610s] /home/neha/ros2_ws/src/semnav_migration/src/navigation.cpp:183:25: error: ‘pub_behaviorMode_’ was not declared in this scope; did you mean ‘pub_behaviorMode_topic_’?
[22.610s]   183 |                         pub_behaviorMode_.publish(commandMode);
[22.611s]       |                         ^~~~~~~~~~~~~~~~~
[22.611s]       |                         pub_behaviorMode_topic_
[22.749s] /home/neha/ros2_ws/src/semnav_migration/src/navigation.cpp: In member function ‘void NavigationNode::control_callback(const sensor_msgs::msg::LaserScan_<std::allocator<void> >::ConstPtr&, const nav_msgs::msg::Odometry_<std::allocator<void> >::ConstPtr&)’:
[22.750s] /home/neha/ros2_ws/src/semnav_migration/src/navigation.cpp:366:33: error: ‘listener_’ was not declared in this scope
[22.750s]   366 |                                 listener_.waitForTransform(world_frame_id_, odom_frame_id_, rclcpp::Time(0), rclcpp::Duration(std::chrono::nanoseconds(1000000000));
[22.750s]       |                                 ^~~~~~~~~
[22.751s] /home/neha/ros2_ws/src/semnav_migration/src/navigation.cpp:366:164: error: expected ‘)’ before ‘;’ token
[22.751s]   366 |                                 listener_.waitForTransform(world_frame_id_, odom_frame_id_, rclcpp::Time(0), rclcpp::Duration(std::chrono::nanoseconds(1000000000));
[22.751s]       |                                                                                                                                                                    ^
[22.752s] /home/neha/ros2_ws/src/semnav_migration/src/navigation.cpp:366:59: note: to match this ‘(’
[22.752s]   366 |                                 listener_.waitForTransform(world_frame_id_, odom_frame_id_, rclcpp::Time(0), rclcpp::Duration(std::chrono::nanoseconds(1000000000));
[22.752s]       |                                                           ^
[22.755s] /home/neha/ros2_ws/src/semnav_migration/src/navigation.cpp:396:42: error: could not convert ‘lidar_data’ from ‘shared_ptr<LaserScan_<[...]>>’ to ‘shared_ptr<LaserScan_<[...]>>’
[22.756s]   396 |                         constructLIDAR2D(lidar_data, CutoffRange_, AllowableRange_, RobotPitch_, &LIDAR);
[22.756s]       |                                          ^~~~~~~~~~
[22.756s]       |                                          |
[22.756s]       |                                          shared_ptr<LaserScan_<[...]>>
[37.190s] gmake[2]: *** [CMakeFiles/navigation_semantic.dir/build.make:76: CMakeFiles/navigation_semantic.dir/src/navigation_semantic.cpp.o] Error 1
[37.192s] gmake[1]: *** [CMakeFiles/Makefile2:207: CMakeFiles/navigation_semantic.dir/all] Error 2
[37.192s] gmake[1]: *** Waiting for unfinished jobs....
[37.683s] gmake[2]: *** [CMakeFiles/navigation.dir/build.make:76: CMakeFiles/navigation.dir/src/navigation.cpp.o] Error 1
[37.683s] gmake[1]: *** [CMakeFiles/Makefile2:181: CMakeFiles/navigation.dir/all] Error 2
[37.684s] gmake: *** [Makefile:146: all] Error 2
[37.686s] Invoked command in '/home/neha/ros2_ws/src/semnav_migration/build/semnav' returned '2': CMAKE_PREFIX_PATH=${CMAKE_PREFIX_PATH}:/opt/ros/jazzy DEBUGINFOD_URLS=https://debuginfod.ubuntu.com /usr/bin/cmake --build /home/neha/ros2_ws/src/semnav_migration/build/semnav -- -j2 -l2
