[0.033s] Invoking command in '/home/neha/ros2_ws/src/current_semnav_migration/build/semnav': CMAKE_PREFIX_PATH=${CMAKE_PREFIX_PATH}:/opt/ros/jazzy DEBUGINFOD_URLS=https://debuginfod.ubuntu.com /usr/bin/cmake --build /home/neha/ros2_ws/src/current_semnav_migration/build/semnav -- -j2 -l2
[0.086s] -- Found ament_cmake: 2.5.0 (/opt/ros/jazzy/share/ament_cmake/cmake)
[0.525s] -- Found rclcpp: 28.1.2 (/opt/ros/jazzy/share/rclcpp/cmake)
[0.578s] -- Found rosidl_generator_c: 4.6.2 (/opt/ros/jazzy/share/rosidl_generator_c/cmake)
[0.597s] -- Found rosidl_generator_cpp: 4.6.2 (/opt/ros/jazzy/share/rosidl_generator_cpp/cmake)
[0.627s] -- Using all available rosidl_typesupport_c: rosidl_typesupport_fastrtps_c;rosidl_typesupport_introspection_c
[0.668s] -- Using all available rosidl_typesupport_cpp: rosidl_typesupport_fastrtps_cpp;rosidl_typesupport_introspection_cpp
[0.846s] -- Found rmw_implementation_cmake: 7.3.1 (/opt/ros/jazzy/share/rmw_implementation_cmake/cmake)
[0.852s] -- Found rmw_fastrtps_cpp: 8.4.0 (/opt/ros/jazzy/share/rmw_fastrtps_cpp/cmake)
[1.069s] -- Using RMW implementation 'rmw_fastrtps_cpp' as default
[1.298s] -- Found sensor_msgs: 5.3.5 (/opt/ros/jazzy/share/sensor_msgs/cmake)
[1.507s] -- Found nav_msgs: 5.3.5 (/opt/ros/jazzy/share/nav_msgs/cmake)
[1.616s] -- Found tf2: 0.36.4 (/opt/ros/jazzy/share/tf2/cmake)
[1.627s] -- Found example_interfaces: 0.12.0 (/opt/ros/jazzy/share/example_interfaces/cmake)
[1.818s] -- Found tf2_geometry_msgs: 0.36.4 (/opt/ros/jazzy/share/tf2_geometry_msgs/cmake)
[1.825s] -- Found eigen3_cmake_module: 0.3.0 (/opt/ros/jazzy/share/eigen3_cmake_module/cmake)
[1.831s] -- Ensuring Eigen3 include directory is part of orocos-kdl CMake target
[2.085s] -- Found object_pose_interface_msgs: 0.0.0 (/home/neha/ros2_ws/src/install/object_pose_interface_msgs/share/object_pose_interface_msgs/cmake)
[2.161s] -- Found Boost: /usr/lib/x86_64-linux-gnu/cmake/Boost-1.83.0/BoostConfig.cmake (found version "1.83.0") found components: system 
[2.174s] -- Using header-only CGAL
[2.177s] -- Targeting Unix Makefiles
[2.177s] -- Using /usr/bin/c++ compiler.
[2.194s] -- Found Boost: /usr/lib/x86_64-linux-gnu/cmake/Boost-1.83.0/BoostConfig.cmake (found suitable version "1.83.0", minimum required is "1.66")  
[2.199s] -- Boost include dirs: /usr/include
[2.199s] -- Boost libraries:    
[2.201s] -- Using gcc version 4 or later. Adding -frounding-math
[4.232s] -- Configuring done (4.2s)
[4.233s] [33mCMake Warning at /usr/lib/x86_64-linux-gnu/cmake/CGAL/CGAL_enable_end_of_configuration_hook.cmake:93 (message):
[4.233s]   =======================================================================
[4.234s] 
[4.234s]   CGAL performance notice:
[4.234s] 
[4.234s]   The variable CMAKE_BUILD_TYPE is set to "".  For performance reasons, you
[4.234s]   should set CMAKE_BUILD_TYPE to "Release".
[4.234s] 
[4.234s]   Set CGAL_DO_NOT_WARN_ABOUT_CMAKE_BUILD_TYPE to TRUE if you want to disable
[4.237s]   this warning.
[4.237s] 
[4.237s]   =======================================================================
[4.237s] Call Stack (most recent call first):
[4.237s]   /usr/lib/x86_64-linux-gnu/cmake/CGAL/CGAL_enable_end_of_configuration_hook.cmake:163 (CGAL_hook_check_CMAKE_BUILD_TYPE)
[4.237s]   CMakeLists.txt:DEFERRED
[4.238s] 
[4.238s] [0m
[6.559s] -- Generating done (1.6s)
[6.568s] -- Build files have been written to: /home/neha/ros2_ws/src/current_semnav_migration/build/semnav
[6.765s] [  4%] [32mBuilding CXX object CMakeFiles/reactive_planner.dir/src/libraries/reactive_planner_lib.cpp.o[0m
[12.093s] In file included from [01m[K/home/neha/ros2_ws/src/current_semnav_migration/src/libraries/reactive_planner_lib.cpp:25[m[K:
[12.093s] [01m[K/home/neha/ros2_ws/src/current_semnav_migration/include/reactive_planner_lib.h:43:10:[m[K [01;31m[Kfatal error: [m[Ktf2_geometry_msgs/tf2_geometry_msgs.hpp: No such file or directory
[12.093s]    43 | #include [01;31m[K<tf2_geometry_msgs/tf2_geometry_msgs.hpp>[m[K
[12.093s]       |          [01;31m[K^~~~~~~~~~~~~~~~~~~~~~~~~~~~~~~~~~~~~~~~~[m[K
[12.096s] compilation terminated.
[12.140s] gmake[2]: *** [CMakeFiles/reactive_planner.dir/build.make:90: CMakeFiles/reactive_planner.dir/src/libraries/reactive_planner_lib.cpp.o] Error 1
[12.140s] gmake[1]: *** [CMakeFiles/Makefile2:155: CMakeFiles/reactive_planner.dir/all] Error 2
[12.140s] gmake: *** [Makefile:146: all] Error 2
[12.147s] Invoked command in '/home/neha/ros2_ws/src/current_semnav_migration/build/semnav' returned '2': CMAKE_PREFIX_PATH=${CMAKE_PREFIX_PATH}:/opt/ros/jazzy DEBUGINFOD_URLS=https://debuginfod.ubuntu.com /usr/bin/cmake --build /home/neha/ros2_ws/src/current_semnav_migration/build/semnav -- -j2 -l2
