[ 14%] Built target reactive_planner
[ 23%] Building CXX object CMakeFiles/navigation.dir/src/navigation.cpp.o
[ 23%] Building CXX object CMakeFiles/navigation_semantic.dir/src/navigation_semantic.cpp.o
/home/neha/ros2_ws/src/semnav_migration/src/navigation.cpp:621:56: error: template argument 1 is invalid
  621 |         rclcpp::Publisher<example_interfaces/msg/UInt32> pub_behaviorID_;
      |                                                        ^
/home/neha/ros2_ws/src/semnav_migration/src/navigation.cpp:622:56: error: template argument 1 is invalid
  622 |         rclcpp::Publisher<example_interfaces/msg/UInt32> pub_behaviorMode_;
      |                                                        ^
/home/neha/ros2_ws/src/semnav_migration/src/navigation.cpp:623:56: error: template argument 1 is invalid
  623 |         rclcpp::Publisher<example_interfaces/msg/UInt32> pub_twist_;
      |                                                        ^
/home/neha/ros2_ws/src/semnav_migration/src/navigation.cpp: In constructor ‘NavigationNode::NavigationNode()’:
/home/neha/ros2_ws/src/semnav_migration/src/navigation.cpp:46:63: error: no matching function for call to ‘rclcpp::Node::Node()’
   46 |         NavigationNode() : Node(std::string("navigation_node")) {
      |                                                               ^
In file included from /opt/ros/jazzy/include/rclcpp/rclcpp/executors/single_threaded_executor.hpp:28,
                 from /opt/ros/jazzy/include/rclcpp/rclcpp/executors.hpp:22,
                 from /opt/ros/jazzy/include/rclcpp/rclcpp/rclcpp.hpp:172,
                 from /home/neha/ros2_ws/src/semnav_migration/include/reactive_planner_lib.h:32,
                 from /home/neha/ros2_ws/src/semnav_migration/src/navigation.cpp:25:
/opt/ros/jazzy/include/rclcpp/rclcpp/node.hpp:1629:3: note: candidate: ‘rclcpp::Node::Node(const rclcpp::Node&, const std::string&)’
 1629 |   Node(
      |   ^~~~
/opt/ros/jazzy/include/rclcpp/rclcpp/node.hpp:1629:3: note:   candidate expects 2 arguments, 0 provided
/opt/ros/jazzy/include/rclcpp/rclcpp/node.hpp:103:12: note: candidate: ‘rclcpp::Node::Node(const std::string&, const std::string&, const rclcpp::NodeOptions&)’
  103 |   explicit Node(
      |            ^~~~
/opt/ros/jazzy/include/rclcpp/rclcpp/node.hpp:103:12: note:   candidate expects 3 arguments, 0 provided
/opt/ros/jazzy/include/rclcpp/rclcpp/node.hpp:91:12: note: candidate: ‘rclcpp::Node::Node(const std::string&, const rclcpp::NodeOptions&)’
   91 |   explicit Node(
      |            ^~~~
/opt/ros/jazzy/include/rclcpp/rclcpp/node.hpp:91:12: note:   candidate expects 2 arguments, 0 provided
/home/neha/ros2_ws/src/semnav_migration/src/navigation.cpp:46:63: error: no matching function for call to ‘tf2_ros::TransformListener::TransformListener()’
   46 |         NavigationNode() : Node(std::string("navigation_node")) {
      |                                                               ^
In file included from /home/neha/ros2_ws/src/semnav_migration/include/reactive_planner_lib.h:39:
/opt/ros/jazzy/include/tf2_ros/tf2_ros/transform_listener.h:121:3: note: candidate: ‘template<class AllocatorT> tf2_ros::TransformListener::TransformListener(tf2::BufferCore&, rclcpp::node_interfaces::NodeBaseInterface::SharedPtr, rclcpp::node_interfaces::NodeLoggingInterface::SharedPtr, rclcpp::node_interfaces::NodeParametersInterface::SharedPtr, rclcpp::node_interfaces::NodeTopicsInterface::SharedPtr, bool, const rclcpp::QoS&, const rclcpp::QoS&, const rclcpp::SubscriptionOptionsWithAllocator<AllocatorT>&, const rclcpp::SubscriptionOptionsWithAllocator<AllocatorT>&)’
  121 |   TransformListener(
      |   ^~~~~~~~~~~~~~~~~
/opt/ros/jazzy/include/tf2_ros/tf2_ros/transform_listener.h:121:3: note:   template argument deduction/substitution failed:
/home/neha/ros2_ws/src/semnav_migration/src/navigation.cpp:46:63: note:   candidate expects 10 arguments, 0 provided
   46 |         NavigationNode() : Node(std::string("navigation_node")) {
      |                                                               ^
/opt/ros/jazzy/include/tf2_ros/tf2_ros/transform_listener.h:96:3: note: candidate: ‘template<class NodeT, class AllocatorT> tf2_ros::TransformListener::TransformListener(tf2::BufferCore&, NodeT&&, bool, const rclcpp::QoS&, const rclcpp::QoS&, const rclcpp::SubscriptionOptionsWithAllocator<AllocatorT>&, const rclcpp::SubscriptionOptionsWithAllocator<AllocatorT>&)’
   96 |   TransformListener(
      |   ^~~~~~~~~~~~~~~~~
/opt/ros/jazzy/include/tf2_ros/tf2_ros/transform_listener.h:96:3: note:   template argument deduction/substitution failed:
/home/neha/ros2_ws/src/semnav_migration/src/navigation.cpp:46:63: note:   candidate expects 7 arguments, 0 provided
   46 |         NavigationNode() : Node(std::string("navigation_node")) {
      |                                                               ^
/opt/ros/jazzy/include/tf2_ros/tf2_ros/transform_listener.h:92:12: note: candidate: ‘tf2_ros::TransformListener::TransformListener(tf2::BufferCore&, bool)’
   92 |   explicit TransformListener(tf2::BufferCore & buffer, bool spin_thread = true);
      |            ^~~~~~~~~~~~~~~~~
/opt/ros/jazzy/include/tf2_ros/tf2_ros/transform_listener.h:92:12: note:   candidate expects 2 arguments, 0 provided
/home/neha/ros2_ws/src/semnav_migration/src/navigation.cpp:138:86: error: cannot convert ‘std::shared_ptr<rclcpp::Publisher<example_interfaces::msg::UInt32_<std::allocator<void> >, std::allocator<void> > >’ to ‘int’ in assignment
  138 |             pub_behaviorID_ = this->create_publisher<example_interfaces::msg::UInt32>("pub_behaviorID_topic_", 1);
      |                               ~~~~~~~~~~~~~~~~~~~~~~~~~~~~~~~~~~~~~~~~~~~~~~~~~~~~~~~^~~~~~~~~~~~~~~~~~~~~~~~~~~~
      |                                                                                      |
      |                                                                                      std::shared_ptr<rclcpp::Publisher<example_interfaces::msg::UInt32_<std::allocator<void> >, std::allocator<void> > >
/home/neha/ros2_ws/src/semnav_migration/src/navigation.cpp:139:88: error: cannot convert ‘std::shared_ptr<rclcpp::Publisher<example_interfaces::msg::UInt32_<std::allocator<void> >, std::allocator<void> > >’ to ‘int’ in assignment
  139 |             pub_behaviorMode_ = this->create_publisher<example_interfaces::msg::UInt32>("pub_behaviorMode_topic_", 1);
      |                                 ~~~~~~~~~~~~~~~~~~~~~~~~~~~~~~~~~~~~~~~~~~~~~~~~~~~~~~~^~~~~~~~~~~~~~~~~~~~~~~~~~~~~~
      |                                                                                        |
      |                                                                                        std::shared_ptr<rclcpp::Publisher<example_interfaces::msg::UInt32_<std::allocator<void> >, std::allocator<void> > >
/home/neha/ros2_ws/src/semnav_migration/src/navigation.cpp:140:81: error: cannot convert ‘std::shared_ptr<rclcpp::Publisher<example_interfaces::msg::UInt32_<std::allocator<void> >, std::allocator<void> > >’ to ‘int’ in assignment
  140 |             pub_twist_ = this->create_publisher<example_interfaces::msg::UInt32>("pub_twist_topic_", 1);
      |                          ~~~~~~~~~~~~~~~~~~~~~~~~~~~~~~~~~~~~~~~~~~~~~~~~~~~~~~~^~~~~~~~~~~~~~~~~~~~~~~
      |                                                                                 |
      |                                                                                 std::shared_ptr<rclcpp::Publisher<example_interfaces::msg::UInt32_<std::allocator<void> >, std::allocator<void> > >
/home/neha/ros2_ws/src/semnav_migration/src/navigation.cpp:143:116: error: no matching function for call to ‘message_filters::Subscriber<sensor_msgs::msg::LaserScan_<std::allocator<void> > >::Subscriber(rclcpp::Node&, std::string&, int)’
  143 |                         message_filters::Subscriber<sensor_msgs::msg::LaserScan> sub_laser(nh_, sub_laser_topic_, 1);
      |                                                                                                                    ^
In file included from /home/neha/ros2_ws/src/semnav_migration/include/reactive_planner_lib.h:43:
/opt/ros/jazzy/include/message_filters/message_filters/subscriber.h:224:3: note: candidate: ‘message_filters::Subscriber<M, NodeType>::Subscriber() [with M = sensor_msgs::msg::LaserScan_<std::allocator<void> >; NodeType = rclcpp::Node]’
  224 |   Subscriber() = default;
      |   ^~~~~~~~~~
/opt/ros/jazzy/include/message_filters/message_filters/subscriber.h:224:3: note:   candidate expects 0 arguments, 3 provided
/opt/ros/jazzy/include/message_filters/message_filters/subscriber.h:212:3: note: candidate: ‘message_filters::Subscriber<M, NodeType>::Subscriber(NodeType*, const std::string&, rmw_qos_profile_t, rclcpp::SubscriptionOptions) [with M = sensor_msgs::msg::LaserScan_<std::allocator<void> >; NodeType = rclcpp::Node; std::string = std::__cxx11::basic_string<char>; rmw_qos_profile_t = rmw_qos_profile_s; rclcpp::SubscriptionOptions = rclcpp::SubscriptionOptionsWithAllocator<std::allocator<void> >]’
  212 |   Subscriber(
      |   ^~~~~~~~~~
/opt/ros/jazzy/include/message_filters/message_filters/subscriber.h:212:3: note:   candidate expects 4 arguments, 3 provided
/opt/ros/jazzy/include/message_filters/message_filters/subscriber.h:203:3: note: candidate: ‘message_filters::Subscriber<M, NodeType>::Subscriber(NodePtr, const std::string&, rmw_qos_profile_t, rclcpp::SubscriptionOptions) [with M = sensor_msgs::msg::LaserScan_<std::allocator<void> >; NodeType = rclcpp::Node; NodePtr = std::shared_ptr<rclcpp::Node>; std::string = std::__cxx11::basic_string<char>; rmw_qos_profile_t = rmw_qos_profile_s; rclcpp::SubscriptionOptions = rclcpp::SubscriptionOptionsWithAllocator<std::allocator<void> >]’
  203 |   Subscriber(
      |   ^~~~~~~~~~
/opt/ros/jazzy/include/message_filters/message_filters/subscriber.h:203:3: note:   candidate expects 4 arguments, 3 provided
/opt/ros/jazzy/include/message_filters/message_filters/subscriber.h:188:3: note: candidate: ‘message_filters::Subscriber<M, NodeType>::Subscriber(NodeType*, const std::string&, rmw_qos_profile_t) [with M = sensor_msgs::msg::LaserScan_<std::allocator<void> >; NodeType = rclcpp::Node; std::string = std::__cxx11::basic_string<char>; rmw_qos_profile_t = rmw_qos_profile_s]’
  188 |   Subscriber(NodeType * node, const std::string& topic, const rmw_qos_profile_t qos = rmw_qos_profile_default)
      |   ^~~~~~~~~~
/opt/ros/jazzy/include/message_filters/message_filters/subscriber.h:188:25: note:   no known conversion for argument 1 from ‘rclcpp::Node’ to ‘rclcpp::Node*’
  188 |   Subscriber(NodeType * node, const std::string& topic, const rmw_qos_profile_t qos = rmw_qos_profile_default)
      |              ~~~~~~~~~~~^~~~
/opt/ros/jazzy/include/message_filters/message_filters/subscriber.h:183:3: note: candidate: ‘message_filters::Subscriber<M, NodeType>::Subscriber(NodePtr, const std::string&, rmw_qos_profile_t) [with M = sensor_msgs::msg::LaserScan_<std::allocator<void> >; NodeType = rclcpp::Node; NodePtr = std::shared_ptr<rclcpp::Node>; std::string = std::__cxx11::basic_string<char>; rmw_qos_profile_t = rmw_qos_profile_s]’
  183 |   Subscriber(NodePtr node, const std::string& topic, const rmw_qos_profile_t qos = rmw_qos_profile_default)
      |   ^~~~~~~~~~
/opt/ros/jazzy/include/message_filters/message_filters/subscriber.h:183:22: note:   no known conversion for argument 1 from ‘rclcpp::Node’ to ‘message_filters::Subscriber<sensor_msgs::msg::LaserScan_<std::allocator<void> > >::NodePtr’ {aka ‘std::shared_ptr<rclcpp::Node>’}
  183 |   Subscriber(NodePtr node, const std::string& topic, const rmw_qos_profile_t qos = rmw_qos_profile_default)
      |              ~~~~~~~~^~~~
/home/neha/ros2_ws/src/semnav_migration/src/navigation_semantic.cpp: In constructor ‘SemanticNavigationNode::SemanticNavigationNode()’:
/home/neha/ros2_ws/src/semnav_migration/src/navigation_semantic.cpp:46:75: error: no matching function for call to ‘rclcpp::Node::Node()’
   46 |                 SemanticNavigationNode() : Node("semantic_navigation_node")  {
      |                                                                           ^
In file included from /opt/ros/jazzy/include/rclcpp/rclcpp/executors/single_threaded_executor.hpp:28,
                 from /opt/ros/jazzy/include/rclcpp/rclcpp/executors.hpp:22,
                 from /opt/ros/jazzy/include/rclcpp/rclcpp/rclcpp.hpp:172,
                 from /home/neha/ros2_ws/src/semnav_migration/include/reactive_planner_lib.h:32,
                 from /home/neha/ros2_ws/src/semnav_migration/src/navigation_semantic.cpp:25:
/opt/ros/jazzy/include/rclcpp/rclcpp/node.hpp:1629:3: note: candidate: ‘rclcpp::Node::Node(const rclcpp::Node&, const std::string&)’
 1629 |   Node(
      |   ^~~~
/opt/ros/jazzy/include/rclcpp/rclcpp/node.hpp:1629:3: note:   candidate expects 2 arguments, 0 provided
/opt/ros/jazzy/include/rclcpp/rclcpp/node.hpp:103:12: note: candidate: ‘rclcpp::Node::Node(const std::string&, const std::string&, const rclcpp::NodeOptions&)’
  103 |   explicit Node(
      |            ^~~~
/opt/ros/jazzy/include/rclcpp/rclcpp/node.hpp:103:12: note:   candidate expects 3 arguments, 0 provided
/opt/ros/jazzy/include/rclcpp/rclcpp/node.hpp:91:12: note: candidate: ‘rclcpp::Node::Node(const std::string&, const rclcpp::NodeOptions&)’
   91 |   explicit Node(
      |            ^~~~
/opt/ros/jazzy/include/rclcpp/rclcpp/node.hpp:91:12: note:   candidate expects 2 arguments, 0 provided
/home/neha/ros2_ws/src/semnav_migration/src/navigation_semantic.cpp:46:75: error: no matching function for call to ‘tf2_ros::TransformListener::TransformListener()’
   46 |                 SemanticNavigationNode() : Node("semantic_navigation_node")  {
      |                                                                           ^
In file included from /home/neha/ros2_ws/src/semnav_migration/include/reactive_planner_lib.h:39:
/opt/ros/jazzy/include/tf2_ros/tf2_ros/transform_listener.h:121:3: note: candidate: ‘template<class AllocatorT> tf2_ros::TransformListener::TransformListener(tf2::BufferCore&, rclcpp::node_interfaces::NodeBaseInterface::SharedPtr, rclcpp::node_interfaces::NodeLoggingInterface::SharedPtr, rclcpp::node_interfaces::NodeParametersInterface::SharedPtr, rclcpp::node_interfaces::NodeTopicsInterface::SharedPtr, bool, const rclcpp::QoS&, const rclcpp::QoS&, const rclcpp::SubscriptionOptionsWithAllocator<AllocatorT>&, const rclcpp::SubscriptionOptionsWithAllocator<AllocatorT>&)’
  121 |   TransformListener(
      |   ^~~~~~~~~~~~~~~~~
/opt/ros/jazzy/include/tf2_ros/tf2_ros/transform_listener.h:121:3: note:   template argument deduction/substitution failed:
/home/neha/ros2_ws/src/semnav_migration/src/navigation_semantic.cpp:46:75: note:   candidate expects 10 arguments, 0 provided
   46 |                 SemanticNavigationNode() : Node("semantic_navigation_node")  {
      |                                                                           ^
/opt/ros/jazzy/include/tf2_ros/tf2_ros/transform_listener.h:96:3: note: candidate: ‘template<class NodeT, class AllocatorT> tf2_ros::TransformListener::TransformListener(tf2::BufferCore&, NodeT&&, bool, const rclcpp::QoS&, const rclcpp::QoS&, const rclcpp::SubscriptionOptionsWithAllocator<AllocatorT>&, const rclcpp::SubscriptionOptionsWithAllocator<AllocatorT>&)’
   96 |   TransformListener(
      |   ^~~~~~~~~~~~~~~~~
/opt/ros/jazzy/include/tf2_ros/tf2_ros/transform_listener.h:96:3: note:   template argument deduction/substitution failed:
/home/neha/ros2_ws/src/semnav_migration/src/navigation_semantic.cpp:46:75: note:   candidate expects 7 arguments, 0 provided
   46 |                 SemanticNavigationNode() : Node("semantic_navigation_node")  {
      |                                                                           ^
/opt/ros/jazzy/include/tf2_ros/tf2_ros/transform_listener.h:92:12: note: candidate: ‘tf2_ros::TransformListener::TransformListener(tf2::BufferCore&, bool)’
   92 |   explicit TransformListener(tf2::BufferCore & buffer, bool spin_thread = true);
      |            ^~~~~~~~~~~~~~~~~
/opt/ros/jazzy/include/tf2_ros/tf2_ros/transform_listener.h:92:12: note:   candidate expects 2 arguments, 0 provided
/home/neha/ros2_ws/src/semnav_migration/src/navigation.cpp:144:112: error: no matching function for call to ‘message_filters::Subscriber<nav_msgs::msg::Odometry_<std::allocator<void> > >::Subscriber(rclcpp::Node&, std::string&, int)’
  144 |                         message_filters::Subscriber<nav_msgs::msg::Odometry> sub_robot(nh_, sub_robot_topic_, 1);
      |                                                                                                                ^
/opt/ros/jazzy/include/message_filters/message_filters/subscriber.h:224:3: note: candidate: ‘message_filters::Subscriber<M, NodeType>::Subscriber() [with M = nav_msgs::msg::Odometry_<std::allocator<void> >; NodeType = rclcpp::Node]’
  224 |   Subscriber() = default;
      |   ^~~~~~~~~~
/opt/ros/jazzy/include/message_filters/message_filters/subscriber.h:224:3: note:   candidate expects 0 arguments, 3 provided
/opt/ros/jazzy/include/message_filters/message_filters/subscriber.h:212:3: note: candidate: ‘message_filters::Subscriber<M, NodeType>::Subscriber(NodeType*, const std::string&, rmw_qos_profile_t, rclcpp::SubscriptionOptions) [with M = nav_msgs::msg::Odometry_<std::allocator<void> >; NodeType = rclcpp::Node; std::string = std::__cxx11::basic_string<char>; rmw_qos_profile_t = rmw_qos_profile_s; rclcpp::SubscriptionOptions = rclcpp::SubscriptionOptionsWithAllocator<std::allocator<void> >]’
  212 |   Subscriber(
      |   ^~~~~~~~~~
/opt/ros/jazzy/include/message_filters/message_filters/subscriber.h:212:3: note:   candidate expects 4 arguments, 3 provided
/opt/ros/jazzy/include/message_filters/message_filters/subscriber.h:203:3: note: candidate: ‘message_filters::Subscriber<M, NodeType>::Subscriber(NodePtr, const std::string&, rmw_qos_profile_t, rclcpp::SubscriptionOptions) [with M = nav_msgs::msg::Odometry_<std::allocator<void> >; NodeType = rclcpp::Node; NodePtr = std::shared_ptr<rclcpp::Node>; std::string = std::__cxx11::basic_string<char>; rmw_qos_profile_t = rmw_qos_profile_s; rclcpp::SubscriptionOptions = rclcpp::SubscriptionOptionsWithAllocator<std::allocator<void> >]’
  203 |   Subscriber(
      |   ^~~~~~~~~~
/opt/ros/jazzy/include/message_filters/message_filters/subscriber.h:203:3: note:   candidate expects 4 arguments, 3 provided
/opt/ros/jazzy/include/message_filters/message_filters/subscriber.h:188:3: note: candidate: ‘message_filters::Subscriber<M, NodeType>::Subscriber(NodeType*, const std::string&, rmw_qos_profile_t) [with M = nav_msgs::msg::Odometry_<std::allocator<void> >; NodeType = rclcpp::Node; std::string = std::__cxx11::basic_string<char>; rmw_qos_profile_t = rmw_qos_profile_s]’
  188 |   Subscriber(NodeType * node, const std::string& topic, const rmw_qos_profile_t qos = rmw_qos_profile_default)
      |   ^~~~~~~~~~
/opt/ros/jazzy/include/message_filters/message_filters/subscriber.h:188:25: note:   no known conversion for argument 1 from ‘rclcpp::Node’ to ‘rclcpp::Node*’
  188 |   Subscriber(NodeType * node, const std::string& topic, const rmw_qos_profile_t qos = rmw_qos_profile_default)
      |              ~~~~~~~~~~~^~~~
/opt/ros/jazzy/include/message_filters/message_filters/subscriber.h:183:3: note: candidate: ‘message_filters::Subscriber<M, NodeType>::Subscriber(NodePtr, const std::string&, rmw_qos_profile_t) [with M = nav_msgs::msg::Odometry_<std::allocator<void> >; NodeType = rclcpp::Node; NodePtr = std::shared_ptr<rclcpp::Node>; std::string = std::__cxx11::basic_string<char>; rmw_qos_profile_t = rmw_qos_profile_s]’
  183 |   Subscriber(NodePtr node, const std::string& topic, const rmw_qos_profile_t qos = rmw_qos_profile_default)
      |   ^~~~~~~~~~
/opt/ros/jazzy/include/message_filters/message_filters/subscriber.h:183:22: note:   no known conversion for argument 1 from ‘rclcpp::Node’ to ‘message_filters::Subscriber<nav_msgs::msg::Odometry_<std::allocator<void> > >::NodePtr’ {aka ‘std::shared_ptr<rclcpp::Node>’}
  183 |   Subscriber(NodePtr node, const std::string& topic, const rmw_qos_profile_t qos = rmw_qos_profile_default)
      |              ~~~~~~~~^~~~
/home/neha/ros2_ws/src/semnav_migration/src/navigation_semantic.cpp:143:116: error: no matching function for call to ‘message_filters::Subscriber<sensor_msgs::msg::LaserScan_<std::allocator<void> > >::Subscriber(rclcpp::Node&, std::string&, int)’
  143 |                         message_filters::Subscriber<sensor_msgs::msg::LaserScan> sub_laser(nh_, sub_laser_topic_, 1);
      |                                                                                                                    ^
In file included from /home/neha/ros2_ws/src/semnav_migration/include/reactive_planner_lib.h:43:
/opt/ros/jazzy/include/message_filters/message_filters/subscriber.h:224:3: note: candidate: ‘message_filters::Subscriber<M, NodeType>::Subscriber() [with M = sensor_msgs::msg::LaserScan_<std::allocator<void> >; NodeType = rclcpp::Node]’
  224 |   Subscriber() = default;
      |   ^~~~~~~~~~
/opt/ros/jazzy/include/message_filters/message_filters/subscriber.h:224:3: note:   candidate expects 0 arguments, 3 provided
/opt/ros/jazzy/include/message_filters/message_filters/subscriber.h:212:3: note: candidate: ‘message_filters::Subscriber<M, NodeType>::Subscriber(NodeType*, const std::string&, rmw_qos_profile_t, rclcpp::SubscriptionOptions) [with M = sensor_msgs::msg::LaserScan_<std::allocator<void> >; NodeType = rclcpp::Node; std::string = std::__cxx11::basic_string<char>; rmw_qos_profile_t = rmw_qos_profile_s; rclcpp::SubscriptionOptions = rclcpp::SubscriptionOptionsWithAllocator<std::allocator<void> >]’
  212 |   Subscriber(
      |   ^~~~~~~~~~
/opt/ros/jazzy/include/message_filters/message_filters/subscriber.h:212:3: note:   candidate expects 4 arguments, 3 provided
/opt/ros/jazzy/include/message_filters/message_filters/subscriber.h:203:3: note: candidate: ‘message_filters::Subscriber<M, NodeType>::Subscriber(NodePtr, const std::string&, rmw_qos_profile_t, rclcpp::SubscriptionOptions) [with M = sensor_msgs::msg::LaserScan_<std::allocator<void> >; NodeType = rclcpp::Node; NodePtr = std::shared_ptr<rclcpp::Node>; std::string = std::__cxx11::basic_string<char>; rmw_qos_profile_t = rmw_qos_profile_s; rclcpp::SubscriptionOptions = rclcpp::SubscriptionOptionsWithAllocator<std::allocator<void> >]’
  203 |   Subscriber(
      |   ^~~~~~~~~~
/opt/ros/jazzy/include/message_filters/message_filters/subscriber.h:203:3: note:   candidate expects 4 arguments, 3 provided
/opt/ros/jazzy/include/message_filters/message_filters/subscriber.h:188:3: note: candidate: ‘message_filters::Subscriber<M, NodeType>::Subscriber(NodeType*, const std::string&, rmw_qos_profile_t) [with M = sensor_msgs::msg::LaserScan_<std::allocator<void> >; NodeType = rclcpp::Node; std::string = std::__cxx11::basic_string<char>; rmw_qos_profile_t = rmw_qos_profile_s]’
  188 |   Subscriber(NodeType * node, const std::string& topic, const rmw_qos_profile_t qos = rmw_qos_profile_default)
      |   ^~~~~~~~~~
/opt/ros/jazzy/include/message_filters/message_filters/subscriber.h:188:25: note:   no known conversion for argument 1 from ‘rclcpp::Node’ to ‘rclcpp::Node*’
  188 |   Subscriber(NodeType * node, const std::string& topic, const rmw_qos_profile_t qos = rmw_qos_profile_default)
      |              ~~~~~~~~~~~^~~~
/opt/ros/jazzy/include/message_filters/message_filters/subscriber.h:183:3: note: candidate: ‘message_filters::Subscriber<M, NodeType>::Subscriber(NodePtr, const std::string&, rmw_qos_profile_t) [with M = sensor_msgs::msg::LaserScan_<std::allocator<void> >; NodeType = rclcpp::Node; NodePtr = std::shared_ptr<rclcpp::Node>; std::string = std::__cxx11::basic_string<char>; rmw_qos_profile_t = rmw_qos_profile_s]’
  183 |   Subscriber(NodePtr node, const std::string& topic, const rmw_qos_profile_t qos = rmw_qos_profile_default)
      |   ^~~~~~~~~~
/opt/ros/jazzy/include/message_filters/message_filters/subscriber.h:183:22: note:   no known conversion for argument 1 from ‘rclcpp::Node’ to ‘message_filters::Subscriber<sensor_msgs::msg::LaserScan_<std::allocator<void> > >::NodePtr’ {aka ‘std::shared_ptr<rclcpp::Node>’}
  183 |   Subscriber(NodePtr node, const std::string& topic, const rmw_qos_profile_t qos = rmw_qos_profile_default)
      |              ~~~~~~~~^~~~
/home/neha/ros2_ws/src/semnav_migration/src/navigation_semantic.cpp:144:100: error: no matching function for call to ‘message_filters::Subscriber<nav_msgs::msg::Odometry_<std::allocator<void> > >::Subscriber(rclcpp::Node&, std::string&, int)’
  144 |             message_filters::Subscriber<nav_msgs::msg::Odometry> sub_robot(nh_, sub_robot_topic_, 1);
      |                                                                                                    ^
/opt/ros/jazzy/include/message_filters/message_filters/subscriber.h:224:3: note: candidate: ‘message_filters::Subscriber<M, NodeType>::Subscriber() [with M = nav_msgs::msg::Odometry_<std::allocator<void> >; NodeType = rclcpp::Node]’
  224 |   Subscriber() = default;
      |   ^~~~~~~~~~
/opt/ros/jazzy/include/message_filters/message_filters/subscriber.h:224:3: note:   candidate expects 0 arguments, 3 provided
/opt/ros/jazzy/include/message_filters/message_filters/subscriber.h:212:3: note: candidate: ‘message_filters::Subscriber<M, NodeType>::Subscriber(NodeType*, const std::string&, rmw_qos_profile_t, rclcpp::SubscriptionOptions) [with M = nav_msgs::msg::Odometry_<std::allocator<void> >; NodeType = rclcpp::Node; std::string = std::__cxx11::basic_string<char>; rmw_qos_profile_t = rmw_qos_profile_s; rclcpp::SubscriptionOptions = rclcpp::SubscriptionOptionsWithAllocator<std::allocator<void> >]’
  212 |   Subscriber(
      |   ^~~~~~~~~~
/opt/ros/jazzy/include/message_filters/message_filters/subscriber.h:212:3: note:   candidate expects 4 arguments, 3 provided
/opt/ros/jazzy/include/message_filters/message_filters/subscriber.h:203:3: note: candidate: ‘message_filters::Subscriber<M, NodeType>::Subscriber(NodePtr, const std::string&, rmw_qos_profile_t, rclcpp::SubscriptionOptions) [with M = nav_msgs::msg::Odometry_<std::allocator<void> >; NodeType = rclcpp::Node; NodePtr = std::shared_ptr<rclcpp::Node>; std::string = std::__cxx11::basic_string<char>; rmw_qos_profile_t = rmw_qos_profile_s; rclcpp::SubscriptionOptions = rclcpp::SubscriptionOptionsWithAllocator<std::allocator<void> >]’
  203 |   Subscriber(
      |   ^~~~~~~~~~
/opt/ros/jazzy/include/message_filters/message_filters/subscriber.h:203:3: note:   candidate expects 4 arguments, 3 provided
/opt/ros/jazzy/include/message_filters/message_filters/subscriber.h:188:3: note: candidate: ‘message_filters::Subscriber<M, NodeType>::Subscriber(NodeType*, const std::string&, rmw_qos_profile_t) [with M = nav_msgs::msg::Odometry_<std::allocator<void> >; NodeType = rclcpp::Node; std::string = std::__cxx11::basic_string<char>; rmw_qos_profile_t = rmw_qos_profile_s]’
  188 |   Subscriber(NodeType * node, const std::string& topic, const rmw_qos_profile_t qos = rmw_qos_profile_default)
      |   ^~~~~~~~~~
/opt/ros/jazzy/include/message_filters/message_filters/subscriber.h:188:25: note:   no known conversion for argument 1 from ‘rclcpp::Node’ to ‘rclcpp::Node*’
  188 |   Subscriber(NodeType * node, const std::string& topic, const rmw_qos_profile_t qos = rmw_qos_profile_default)
      |              ~~~~~~~~~~~^~~~
/opt/ros/jazzy/include/message_filters/message_filters/subscriber.h:183:3: note: candidate: ‘message_filters::Subscriber<M, NodeType>::Subscriber(NodePtr, const std::string&, rmw_qos_profile_t) [with M = nav_msgs::msg::Odometry_<std::allocator<void> >; NodeType = rclcpp::Node; NodePtr = std::shared_ptr<rclcpp::Node>; std::string = std::__cxx11::basic_string<char>; rmw_qos_profile_t = rmw_qos_profile_s]’
  183 |   Subscriber(NodePtr node, const std::string& topic, const rmw_qos_profile_t qos = rmw_qos_profile_default)
      |   ^~~~~~~~~~
/opt/ros/jazzy/include/message_filters/message_filters/subscriber.h:183:22: note:   no known conversion for argument 1 from ‘rclcpp::Node’ to ‘message_filters::Subscriber<nav_msgs::msg::Odometry_<std::allocator<void> > >::NodePtr’ {aka ‘std::shared_ptr<rclcpp::Node>’}
  183 |   Subscriber(NodePtr node, const std::string& topic, const rmw_qos_profile_t qos = rmw_qos_profile_default)
      |              ~~~~~~~~^~~~
/home/neha/ros2_ws/src/semnav_migration/src/navigation.cpp:149:55: error: ‘bind’ is not a member of ‘boost’; did you mean ‘find’?
  149 |                         sync->registerCallback(boost::bind(&NavigationNode::control_callback, this, _1, _2));
      |                                                       ^~~~
      |                                                       find
/home/neha/ros2_ws/src/semnav_migration/src/navigation.cpp:149:101: error: ‘_1’ was not declared in this scope
  149 |                         sync->registerCallback(boost::bind(&NavigationNode::control_callback, this, _1, _2));
      |                                                                                                     ^~
/home/neha/ros2_ws/src/semnav_migration/src/navigation.cpp:149:101: note: suggested alternatives:
In file included from /usr/include/boost/mpl/aux_/include_preprocessed.hpp:37,
                 from /usr/include/boost/mpl/placeholders.hpp:43,
                 from /usr/include/boost/iterator/iterator_categories.hpp:16,
                 from /usr/include/boost/iterator/iterator_facade.hpp:13,
                 from /usr/include/boost/range/iterator_range_core.hpp:27,
                 from /usr/include/boost/lexical_cast.hpp:48,
                 from /usr/include/boost/multiprecision/detail/number_base.hpp:29,
                 from /usr/include/boost/multiprecision/traits/is_variable_precision.hpp:9,
                 from /usr/include/boost/multiprecision/detail/precision.hpp:9,
                 from /usr/include/boost/multiprecision/number.hpp:11,
                 from /usr/include/boost/multiprecision/cpp_int.hpp:19,
                 from /usr/include/boost/multiprecision/cpp_bin_float.hpp:15,
                 from /usr/include/boost/geometry/core/coordinate_promotion.hpp:16,
                 from /usr/include/boost/geometry/core/radian_access.hpp:30,
                 from /usr/include/boost/geometry/geometry.hpp:50,
                 from /usr/include/boost/geometry.hpp:17,
                 from /home/neha/ros2_ws/src/semnav_migration/include/reactive_planner_lib.h:26:
/usr/include/boost/mpl/aux_/preprocessed/gcc/placeholders.hpp:29:16: note:   ‘mpl_::_1’
   29 | typedef arg<1> _1;
      |                ^~
In file included from /usr/include/boost/numeric/conversion/converter_policies.hpp:13,
                 from /usr/include/boost/numeric/conversion/converter.hpp:14,
                 from /usr/include/boost/numeric/conversion/cast.hpp:33,
                 from /usr/include/boost/geometry/core/radian_access.hpp:26:
/usr/include/c++/13/functional:294:48: note:   ‘std::placeholders::_1’
  294 |     _GLIBCXX_PLACEHOLDER const _Placeholder<1> _1;
      |                                                ^~
/usr/include/boost/mpl/aux_/preprocessed/gcc/placeholders.hpp:29:16: note:   ‘mpl_::_1’
   29 | typedef arg<1> _1;
      |                ^~
In file included from /usr/include/boost/describe/members.hpp:20,
                 from /usr/include/boost/container_hash/is_described_class.hpp:11,
                 from /usr/include/boost/container_hash/hash.hpp:18,
                 from /usr/include/boost/functional/hash.hpp:6,
                 from /usr/include/CGAL/Kernel/hash_functions.h:16,
                 from /usr/include/CGAL/Kernel/global_functions.h:25,
                 from /usr/include/CGAL/Cartesian/Cartesian_base.h:22,
                 from /usr/include/CGAL/Simple_cartesian.h:20,
                 from /usr/include/CGAL/Exact_predicates_inexact_constructions_kernel.h:20,
                 from /home/neha/ros2_ws/src/semnav_migration/include/polygeom_lib.h:32,
                 from /home/neha/ros2_ws/src/semnav_migration/include/reactive_planner_lib.h:51:
/usr/include/boost/mp11/bind.hpp:45:7: note:   ‘boost::mp11::_1’
   45 | using _1 = mp_arg<0>;
      |       ^~
/usr/include/boost/mpl/aux_/preprocessed/gcc/placeholders.hpp:29:16: note:   ‘mpl_::_1’
   29 | typedef arg<1> _1;
      |                ^~
/home/neha/ros2_ws/src/semnav_migration/src/navigation.cpp:149:105: error: ‘_2’ was not declared in this scope
  149 |                         sync->registerCallback(boost::bind(&NavigationNode::control_callback, this, _1, _2));
      |                                                                                                         ^~
/home/neha/ros2_ws/src/semnav_migration/src/navigation.cpp:149:105: note: suggested alternatives:
/usr/include/boost/mpl/aux_/preprocessed/gcc/placeholders.hpp:42:16: note:   ‘mpl_::_2’
   42 | typedef arg<2> _2;
      |                ^~
/usr/include/c++/13/functional:295:48: note:   ‘std::placeholders::_2’
  295 |     _GLIBCXX_PLACEHOLDER const _Placeholder<2> _2;
      |                                                ^~
/usr/include/boost/mpl/aux_/preprocessed/gcc/placeholders.hpp:42:16: note:   ‘mpl_::_2’
   42 | typedef arg<2> _2;
      |                ^~
/usr/include/boost/mp11/bind.hpp:46:7: note:   ‘boost::mp11::_2’
   46 | using _2 = mp_arg<1>;
      |       ^~
/usr/include/boost/mpl/aux_/preprocessed/gcc/placeholders.hpp:42:16: note:   ‘mpl_::_2’
   42 | typedef arg<2> _2;
      |                ^~
/home/neha/ros2_ws/src/semnav_migration/src/navigation.cpp:152:74: error: no matching function for call to ‘NavigationNode::create_subscription(std::string&, int)’
  152 |             rclcpp::Subscription sub_semantic = this->create_subscription(sub_semantic_topic_, 1);
      |                                                 ~~~~~~~~~~~~~~~~~~~~~~~~~^~~~~~~~~~~~~~~~~~~~~~~~
/opt/ros/jazzy/include/rclcpp/rclcpp/node.hpp:221:3: note: candidate: ‘template<class MessageT, class CallbackT, class AllocatorT, class SubscriptionT, class MessageMemoryStrategyT> std::shared_ptr<ROSMessageT> rclcpp::Node::create_subscription(const std::string&, const rclcpp::QoS&, CallbackT&&, const rclcpp::SubscriptionOptionsWithAllocator<AllocatorT>&, typename MessageMemoryStrategyT::SharedPtr)’
  221 |   create_subscription(
      |   ^~~~~~~~~~~~~~~~~~~
/opt/ros/jazzy/include/rclcpp/rclcpp/node.hpp:221:3: note:   template argument deduction/substitution failed:
/home/neha/ros2_ws/src/semnav_migration/src/navigation.cpp:152:74: note:   candidate expects 5 arguments, 2 provided
  152 |             rclcpp::Subscription sub_semantic = this->create_subscription(sub_semantic_topic_, 1);
      |                                                 ~~~~~~~~~~~~~~~~~~~~~~~~~^~~~~~~~~~~~~~~~~~~~~~~~
/home/neha/ros2_ws/src/semnav_migration/src/navigation.cpp: In member function ‘void NavigationNode::publish_twist(double, double)’:
/home/neha/ros2_ws/src/semnav_migration/src/navigation.cpp:169:36: error: request for member ‘publish’ in ‘((NavigationNode*)this)->NavigationNode::pub_twist_’, which is of non-class type ‘int’
  169 |                         pub_twist_.publish(commandTwist);
      |                                    ^~~~~~~
/home/neha/ros2_ws/src/semnav_migration/src/navigation.cpp: In member function ‘void NavigationNode::publish_behavior_id(uint16_t)’:
/home/neha/ros2_ws/src/semnav_migration/src/navigation.cpp:176:41: error: request for member ‘publish’ in ‘((NavigationNode*)this)->NavigationNode::pub_behaviorID_’, which is of non-class type ‘int’
  176 |                         pub_behaviorID_.publish(commandId);
      |                                         ^~~~~~~
/home/neha/ros2_ws/src/semnav_migration/src/navigation.cpp: In member function ‘void NavigationNode::publish_behavior_mode(uint16_t)’:
/home/neha/ros2_ws/src/semnav_migration/src/navigation.cpp:183:43: error: request for member ‘publish’ in ‘((NavigationNode*)this)->NavigationNode::pub_behaviorMode_’, which is of non-class type ‘int’
  183 |                         pub_behaviorMode_.publish(commandMode);
      |                                           ^~~~~~~
/home/neha/ros2_ws/src/semnav_migration/src/navigation.cpp: In member function ‘void NavigationNode::control_callback(const sensor_msgs::msg::LaserScan_<std::allocator<void> >::ConstPtr&, const nav_msgs::msg::Odometry_<std::allocator<void> >::ConstPtr&)’:
/home/neha/ros2_ws/src/semnav_migration/src/navigation.cpp:366:43: error: ‘class tf2_ros::TransformListener’ has no member named ‘waitForTransform’
  366 |                                 listener_.waitForTransform(world_frame_id_, odom_frame_id_, rclcpp::Time(0), rclcpp::Duration(std::chrono::nanoseconds(1000000000));
      |                                           ^~~~~~~~~~~~~~~~
/home/neha/ros2_ws/src/semnav_migration/src/navigation.cpp:366:164: error: expected ‘)’ before ‘;’ token
  366 |                                 listener_.waitForTransform(world_frame_id_, odom_frame_id_, rclcpp::Time(0), rclcpp::Duration(std::chrono::nanoseconds(1000000000));
      |                                                                                                                                                                    ^
/home/neha/ros2_ws/src/semnav_migration/src/navigation.cpp:366:59: note: to match this ‘(’
  366 |                                 listener_.waitForTransform(world_frame_id_, odom_frame_id_, rclcpp::Time(0), rclcpp::Duration(std::chrono::nanoseconds(1000000000));
      |                                                           ^
/home/neha/ros2_ws/src/semnav_migration/src/navigation.cpp:367:43: error: ‘class tf2_ros::TransformListener’ has no member named ‘transformPose’
  367 |                                 listener_.transformPose(world_frame_id_, odomPose, mapPose);
      |                                           ^~~~~~~~~~~~~
/home/neha/ros2_ws/src/semnav_migration/src/navigation_semantic.cpp:149:55: error: ‘bind’ is not a member of ‘boost’; did you mean ‘find’?
  149 |                         sync->registerCallback(boost::bind(&SemanticNavigationNode::control_callback, this, _1, _2));
      |                                                       ^~~~
      |                                                       find
/home/neha/ros2_ws/src/semnav_migration/src/navigation.cpp:396:42: error: could not convert ‘lidar_data’ from ‘shared_ptr<LaserScan_<[...]>>’ to ‘shared_ptr<LaserScan_<[...]>>’
  396 |                         constructLIDAR2D(lidar_data, CutoffRange_, AllowableRange_, RobotPitch_, &LIDAR);
      |                                          ^~~~~~~~~~
      |                                          |
      |                                          shared_ptr<LaserScan_<[...]>>
/home/neha/ros2_ws/src/semnav_migration/src/navigation_semantic.cpp:149:109: error: ‘_1’ was not declared in this scope
  149 |                         sync->registerCallback(boost::bind(&SemanticNavigationNode::control_callback, this, _1, _2));
      |                                                                                                             ^~
/home/neha/ros2_ws/src/semnav_migration/src/navigation_semantic.cpp:149:109: note: suggested alternatives:
In file included from /usr/include/boost/mpl/aux_/include_preprocessed.hpp:37,
                 from /usr/include/boost/mpl/placeholders.hpp:43,
                 from /usr/include/boost/iterator/iterator_categories.hpp:16,
                 from /usr/include/boost/iterator/iterator_facade.hpp:13,
                 from /usr/include/boost/range/iterator_range_core.hpp:27,
                 from /usr/include/boost/lexical_cast.hpp:48,
                 from /usr/include/boost/multiprecision/detail/number_base.hpp:29,
                 from /usr/include/boost/multiprecision/traits/is_variable_precision.hpp:9,
                 from /usr/include/boost/multiprecision/detail/precision.hpp:9,
                 from /usr/include/boost/multiprecision/number.hpp:11,
                 from /usr/include/boost/multiprecision/cpp_int.hpp:19,
                 from /usr/include/boost/multiprecision/cpp_bin_float.hpp:15,
                 from /usr/include/boost/geometry/core/coordinate_promotion.hpp:16,
                 from /usr/include/boost/geometry/core/radian_access.hpp:30,
                 from /usr/include/boost/geometry/geometry.hpp:50,
                 from /usr/include/boost/geometry.hpp:17,
                 from /home/neha/ros2_ws/src/semnav_migration/include/reactive_planner_lib.h:26:
/usr/include/boost/mpl/aux_/preprocessed/gcc/placeholders.hpp:29:16: note:   ‘mpl_::_1’
   29 | typedef arg<1> _1;
      |                ^~
In file included from /usr/include/boost/numeric/conversion/converter_policies.hpp:13,
                 from /usr/include/boost/numeric/conversion/converter.hpp:14,
                 from /usr/include/boost/numeric/conversion/cast.hpp:33,
                 from /usr/include/boost/geometry/core/radian_access.hpp:26:
/usr/include/c++/13/functional:294:48: note:   ‘std::placeholders::_1’
  294 |     _GLIBCXX_PLACEHOLDER const _Placeholder<1> _1;
      |                                                ^~
/usr/include/boost/mpl/aux_/preprocessed/gcc/placeholders.hpp:29:16: note:   ‘mpl_::_1’
   29 | typedef arg<1> _1;
      |                ^~
In file included from /usr/include/boost/describe/members.hpp:20,
                 from /usr/include/boost/container_hash/is_described_class.hpp:11,
                 from /usr/include/boost/container_hash/hash.hpp:18,
                 from /usr/include/boost/functional/hash.hpp:6,
                 from /usr/include/CGAL/Kernel/hash_functions.h:16,
                 from /usr/include/CGAL/Kernel/global_functions.h:25,
                 from /usr/include/CGAL/Cartesian/Cartesian_base.h:22,
                 from /usr/include/CGAL/Simple_cartesian.h:20,
                 from /usr/include/CGAL/Exact_predicates_inexact_constructions_kernel.h:20,
                 from /home/neha/ros2_ws/src/semnav_migration/include/polygeom_lib.h:32,
                 from /home/neha/ros2_ws/src/semnav_migration/include/reactive_planner_lib.h:51:
/usr/include/boost/mp11/bind.hpp:45:7: note:   ‘boost::mp11::_1’
   45 | using _1 = mp_arg<0>;
      |       ^~
/usr/include/boost/mpl/aux_/preprocessed/gcc/placeholders.hpp:29:16: note:   ‘mpl_::_1’
   29 | typedef arg<1> _1;
      |                ^~
/home/neha/ros2_ws/src/semnav_migration/src/navigation_semantic.cpp:149:113: error: ‘_2’ was not declared in this scope
  149 |                         sync->registerCallback(boost::bind(&SemanticNavigationNode::control_callback, this, _1, _2));
      |                                                                                                                 ^~
/home/neha/ros2_ws/src/semnav_migration/src/navigation_semantic.cpp:149:113: note: suggested alternatives:
/usr/include/boost/mpl/aux_/preprocessed/gcc/placeholders.hpp:42:16: note:   ‘mpl_::_2’
   42 | typedef arg<2> _2;
      |                ^~
/usr/include/c++/13/functional:295:48: note:   ‘std::placeholders::_2’
  295 |     _GLIBCXX_PLACEHOLDER const _Placeholder<2> _2;
      |                                                ^~
/usr/include/boost/mpl/aux_/preprocessed/gcc/placeholders.hpp:42:16: note:   ‘mpl_::_2’
   42 | typedef arg<2> _2;
      |                ^~
/usr/include/boost/mp11/bind.hpp:46:7: note:   ‘boost::mp11::_2’
   46 | using _2 = mp_arg<1>;
      |       ^~
/usr/include/boost/mpl/aux_/preprocessed/gcc/placeholders.hpp:42:16: note:   ‘mpl_::_2’
   42 | typedef arg<2> _2;
      |                ^~
/home/neha/ros2_ws/src/semnav_migration/src/navigation_semantic.cpp:151:86: error: no matching function for call to ‘SemanticNavigationNode::create_subscription(const char [20], int)’
  151 |                         rclcpp::Subscription sub_semantic = this->create_subscription("sub_semantic_topic_", 1);
      |                                                             ~~~~~~~~~~~~~~~~~~~~~~~~~^~~~~~~~~~~~~~~~~~~~~~~~~~
/opt/ros/jazzy/include/rclcpp/rclcpp/node.hpp:221:3: note: candidate: ‘template<class MessageT, class CallbackT, class AllocatorT, class SubscriptionT, class MessageMemoryStrategyT> std::shared_ptr<ROSMessageT> rclcpp::Node::create_subscription(const std::string&, const rclcpp::QoS&, CallbackT&&, const rclcpp::SubscriptionOptionsWithAllocator<AllocatorT>&, typename MessageMemoryStrategyT::SharedPtr)’
  221 |   create_subscription(
      |   ^~~~~~~~~~~~~~~~~~~
/opt/ros/jazzy/include/rclcpp/rclcpp/node.hpp:221:3: note:   template argument deduction/substitution failed:
/home/neha/ros2_ws/src/semnav_migration/src/navigation_semantic.cpp:151:86: note:   candidate expects 5 arguments, 2 provided
  151 |                         rclcpp::Subscription sub_semantic = this->create_subscription("sub_semantic_topic_", 1);
      |                                                             ~~~~~~~~~~~~~~~~~~~~~~~~~^~~~~~~~~~~~~~~~~~~~~~~~~~
/home/neha/ros2_ws/src/semnav_migration/src/navigation_semantic.cpp: In member function ‘void SemanticNavigationNode::publish_twist(double, double)’:
/home/neha/ros2_ws/src/semnav_migration/src/navigation_semantic.cpp:168:36: error: ‘using rclcpp::Publisher<example_interfaces::msg::UInt32_<std::allocator<void> > >::SharedPtr = class std::shared_ptr<rclcpp::Publisher<example_interfaces::msg::UInt32_<std::allocator<void> > > >’ {aka ‘class std::shared_ptr<rclcpp::Publisher<example_interfaces::msg::UInt32_<std::allocator<void> > > >’} has no member named ‘publish’
  168 |                         pub_twist_.publish(commandTwist);
      |                                    ^~~~~~~
/home/neha/ros2_ws/src/semnav_migration/src/navigation_semantic.cpp: In member function ‘void SemanticNavigationNode::publish_behavior_id(uint16_t)’:
/home/neha/ros2_ws/src/semnav_migration/src/navigation_semantic.cpp:175:41: error: ‘using rclcpp::Publisher<example_interfaces::msg::UInt32_<std::allocator<void> > >::SharedPtr = class std::shared_ptr<rclcpp::Publisher<example_interfaces::msg::UInt32_<std::allocator<void> > > >’ {aka ‘class std::shared_ptr<rclcpp::Publisher<example_interfaces::msg::UInt32_<std::allocator<void> > > >’} has no member named ‘publish’
  175 |                         pub_behaviorID_.publish(commandId);
      |                                         ^~~~~~~
/home/neha/ros2_ws/src/semnav_migration/src/navigation_semantic.cpp: In member function ‘void SemanticNavigationNode::publish_behavior_mode(uint16_t)’:
/home/neha/ros2_ws/src/semnav_migration/src/navigation_semantic.cpp:182:43: error: ‘using rclcpp::Publisher<example_interfaces::msg::UInt32_<std::allocator<void> > >::SharedPtr = class std::shared_ptr<rclcpp::Publisher<example_interfaces::msg::UInt32_<std::allocator<void> > > >’ {aka ‘class std::shared_ptr<rclcpp::Publisher<example_interfaces::msg::UInt32_<std::allocator<void> > > >’} has no member named ‘publish’
  182 |                         pub_behaviorMode_.publish(commandMode);
      |                                           ^~~~~~~
/home/neha/ros2_ws/src/semnav_migration/src/navigation_semantic.cpp: In member function ‘void SemanticNavigationNode::control_callback(const sensor_msgs::msg::LaserScan_<std::allocator<void> >::ConstPtr&, const nav_msgs::msg::Odometry_<std::allocator<void> >::ConstPtr&)’:
/home/neha/ros2_ws/src/semnav_migration/src/navigation_semantic.cpp:406:43: error: ‘class tf2_ros::TransformListener’ has no member named ‘waitForTransform’
  406 |                                 listener_.waitForTransform(world_frame_id_, odom_frame_id_, rclcpp::Time(0), rclcpp::Duration(std::chrono::nanoseconds(1000000000));
      |                                           ^~~~~~~~~~~~~~~~
/home/neha/ros2_ws/src/semnav_migration/src/navigation_semantic.cpp:406:164: error: expected ‘)’ before ‘;’ token
  406 |                                 listener_.waitForTransform(world_frame_id_, odom_frame_id_, rclcpp::Time(0), rclcpp::Duration(std::chrono::nanoseconds(1000000000));
      |                                                                                                                                                                    ^
/home/neha/ros2_ws/src/semnav_migration/src/navigation_semantic.cpp:406:59: note: to match this ‘(’
  406 |                                 listener_.waitForTransform(world_frame_id_, odom_frame_id_, rclcpp::Time(0), rclcpp::Duration(std::chrono::nanoseconds(1000000000));
      |                                                           ^
/home/neha/ros2_ws/src/semnav_migration/src/navigation_semantic.cpp:407:43: error: ‘class tf2_ros::TransformListener’ has no member named ‘transformPose’
  407 |                                 listener_.transformPose(world_frame_id_, odomPose, mapPose);
      |                                           ^~~~~~~~~~~~~
In file included from /opt/ros/jazzy/include/rclcpp/rclcpp/copy_all_parameter_values.hpp:27,
                 from /opt/ros/jazzy/include/rclcpp/rclcpp/rclcpp.hpp:171:
/home/neha/ros2_ws/src/semnav_migration/src/navigation_semantic.cpp:409:33: error: static assertion failed: First argument to logging macros must be an rclcpp::Logger
  409 |                                 RCLCPP_ERROR("%s",ex.what());
      |                                 ^~~~~~~~~~~~
In file included from /opt/ros/jazzy/include/rclcpp/rclcpp/logging.hpp:24:
/home/neha/ros2_ws/src/semnav_migration/src/navigation_semantic.cpp:409:33: error: request for member ‘get_name’ in ‘("%s")’, which is of non-class type ‘const char [3]’
  409 |                                 RCLCPP_ERROR("%s",ex.what());
      |                                 ^~~~~~~~~~~~
/home/neha/ros2_ws/src/semnav_migration/src/navigation_semantic.cpp:409:33: error: request for member ‘get_name’ in ‘("%s")’, which is of non-class type ‘const char [3]’
  409 |                                 RCLCPP_ERROR("%s",ex.what());
      |                                 ^~~~~~~~~~~~
/home/neha/ros2_ws/src/semnav_migration/src/navigation_semantic.cpp:434:42: error: could not convert ‘lidar_data’ from ‘shared_ptr<LaserScan_<[...]>>’ to ‘shared_ptr<LaserScan_<[...]>>’
  434 |                         constructLIDAR2D(lidar_data, CutoffRange_, AllowableRange_, RobotPitch_, &LIDAR);
      |                                          ^~~~~~~~~~
      |                                          |
      |                                          shared_ptr<LaserScan_<[...]>>
/home/neha/ros2_ws/src/semnav_migration/src/navigation_semantic.cpp: In function ‘int main(int, char**)’:
/home/neha/ros2_ws/src/semnav_migration/src/navigation_semantic.cpp:700:34: error: invalid initialization of reference of type ‘const rclcpp::InitOptions&’ from expression of type ‘const char [20]’
  700 |         rclcpp::init(argc, argv, "navigation_semantic");
      |                                  ^~~~~~~~~~~~~~~~~~~~~
In file included from /opt/ros/jazzy/include/rclcpp/rclcpp/logging.hpp:25:
/opt/ros/jazzy/include/rclcpp/rclcpp/utilities.hpp:78:23: note: in passing argument 3 of ‘void rclcpp::init(int, const char* const*, const InitOptions&, SignalHandlerOptions)’
   78 |   const InitOptions & init_options = InitOptions(),
      |   ~~~~~~~~~~~~~~~~~~~~^~~~~~~~~~~~~~~~~~~~~~~~~~~~
In file included from /usr/include/c++/13/bits/alloc_traits.h:33,
                 from /usr/include/c++/13/ext/alloc_traits.h:34,
                 from /usr/include/c++/13/bits/basic_string.h:39,
                 from /usr/include/c++/13/string:54,
                 from /usr/include/c++/13/bits/locale_classes.h:40,
                 from /usr/include/c++/13/bits/ios_base.h:41,
                 from /usr/include/c++/13/streambuf:43,
                 from /usr/include/c++/13/bits/streambuf_iterator.h:35,
                 from /usr/include/c++/13/iterator:66,
                 from /usr/include/boost/iterator/iterator_traits.hpp:10,
                 from /usr/include/boost/range/mutable_iterator.hpp:23,
                 from /usr/include/boost/range/iterator.hpp:20,
                 from /usr/include/boost/range/value_type.hpp:19,
                 from /usr/include/boost/geometry/core/closure.hpp:21,
                 from /usr/include/boost/geometry/geometry.hpp:31:
/usr/include/c++/13/bits/stl_construct.h: In instantiation of ‘void std::_Construct(_Tp*, _Args&& ...) [with _Tp = NavigationNode; _Args = {const char (&)[16]}]’:
/usr/include/c++/13/bits/alloc_traits.h:661:19:   required from ‘static void std::allocator_traits<std::allocator<void> >::construct(allocator_type&, _Up*, _Args&& ...) [with _Up = NavigationNode; _Args = {const char (&)[16]}; allocator_type = std::allocator<void>]’
/usr/include/c++/13/bits/shared_ptr_base.h:604:39:   required from ‘std::_Sp_counted_ptr_inplace<_Tp, _Alloc, _Lp>::_Sp_counted_ptr_inplace(_Alloc, _Args&& ...) [with _Args = {const char (&)[16]}; _Tp = NavigationNode; _Alloc = std::allocator<void>; __gnu_cxx::_Lock_policy _Lp = __gnu_cxx::_S_atomic]’
/usr/include/c++/13/bits/shared_ptr_base.h:971:16:   required from ‘std::__shared_count<_Lp>::__shared_count(_Tp*&, std::_Sp_alloc_shared_tag<_Alloc>, _Args&& ...) [with _Tp = NavigationNode; _Alloc = std::allocator<void>; _Args = {const char (&)[16]}; __gnu_cxx::_Lock_policy _Lp = __gnu_cxx::_S_atomic]’
/usr/include/c++/13/bits/shared_ptr_base.h:1712:14:   required from ‘std::__shared_ptr<_Tp, _Lp>::__shared_ptr(std::_Sp_alloc_shared_tag<_Tp>, _Args&& ...) [with _Alloc = std::allocator<void>; _Args = {const char (&)[16]}; _Tp = NavigationNode; __gnu_cxx::_Lock_policy _Lp = __gnu_cxx::_S_atomic]’
/usr/include/c++/13/bits/shared_ptr.h:464:59:   required from ‘std::shared_ptr<_Tp>::shared_ptr(std::_Sp_alloc_shared_tag<_Tp>, _Args&& ...) [with _Alloc = std::allocator<void>; _Args = {const char (&)[16]}; _Tp = NavigationNode]’
/usr/include/c++/13/bits/shared_ptr.h:1009:14:   required from ‘std::shared_ptr<typename std::enable_if<(! std::is_array< <template-parameter-1-1> >::value), _Tp>::type> std::make_shared(_Args&& ...) [with _Tp = NavigationNode; _Args = {const char (&)[16]}; typename enable_if<(! is_array< <template-parameter-1-1> >::value), _Tp>::type = NavigationNode]’
/home/neha/ros2_ws/src/semnav_migration/src/navigation.cpp:675:50:   required from here
/usr/include/c++/13/bits/stl_construct.h:119:7: error: no matching function for call to ‘NavigationNode::NavigationNode(const char [16])’
  119 |       ::new((void*)__p) _Tp(std::forward<_Args>(__args)...);
      |       ^~~~~~~~~~~~~~~~~~~~~~~~~~~~~~~~~~~~~~~~~~~~~~~~~~~~~
/home/neha/ros2_ws/src/semnav_migration/src/navigation.cpp:46:9: note: candidate: ‘NavigationNode::NavigationNode()’
   46 |         NavigationNode() : Node(std::string("navigation_node")) {
      |         ^~~~~~~~~~~~~~
/home/neha/ros2_ws/src/semnav_migration/src/navigation.cpp:46:9: note:   candidate expects 0 arguments, 1 provided
In file included from /usr/include/c++/13/bits/alloc_traits.h:33,
                 from /usr/include/c++/13/ext/alloc_traits.h:34,
                 from /usr/include/c++/13/bits/basic_string.h:39,
                 from /usr/include/c++/13/string:54,
                 from /usr/include/c++/13/bits/locale_classes.h:40,
                 from /usr/include/c++/13/bits/ios_base.h:41,
                 from /usr/include/c++/13/streambuf:43,
                 from /usr/include/c++/13/bits/streambuf_iterator.h:35,
                 from /usr/include/c++/13/iterator:66,
                 from /usr/include/boost/iterator/iterator_traits.hpp:10,
                 from /usr/include/boost/range/mutable_iterator.hpp:23,
                 from /usr/include/boost/range/iterator.hpp:20,
                 from /usr/include/boost/range/value_type.hpp:19,
                 from /usr/include/boost/geometry/core/closure.hpp:21,
                 from /usr/include/boost/geometry/geometry.hpp:31:
/usr/include/c++/13/bits/stl_construct.h: In instantiation of ‘void std::_Construct(_Tp*, _Args&& ...) [with _Tp = SemanticNavigationNode; _Args = {const char (&)[25]}]’:
/usr/include/c++/13/bits/alloc_traits.h:661:19:   required from ‘static void std::allocator_traits<std::allocator<void> >::construct(allocator_type&, _Up*, _Args&& ...) [with _Up = SemanticNavigationNode; _Args = {const char (&)[25]}; allocator_type = std::allocator<void>]’
/usr/include/c++/13/bits/shared_ptr_base.h:604:39:   required from ‘std::_Sp_counted_ptr_inplace<_Tp, _Alloc, _Lp>::_Sp_counted_ptr_inplace(_Alloc, _Args&& ...) [with _Args = {const char (&)[25]}; _Tp = SemanticNavigationNode; _Alloc = std::allocator<void>; __gnu_cxx::_Lock_policy _Lp = __gnu_cxx::_S_atomic]’
/usr/include/c++/13/bits/shared_ptr_base.h:971:16:   required from ‘std::__shared_count<_Lp>::__shared_count(_Tp*&, std::_Sp_alloc_shared_tag<_Alloc>, _Args&& ...) [with _Tp = SemanticNavigationNode; _Alloc = std::allocator<void>; _Args = {const char (&)[25]}; __gnu_cxx::_Lock_policy _Lp = __gnu_cxx::_S_atomic]’
/usr/include/c++/13/bits/shared_ptr_base.h:1712:14:   required from ‘std::__shared_ptr<_Tp, _Lp>::__shared_ptr(std::_Sp_alloc_shared_tag<_Tp>, _Args&& ...) [with _Alloc = std::allocator<void>; _Args = {const char (&)[25]}; _Tp = SemanticNavigationNode; __gnu_cxx::_Lock_policy _Lp = __gnu_cxx::_S_atomic]’
/usr/include/c++/13/bits/shared_ptr.h:464:59:   required from ‘std::shared_ptr<_Tp>::shared_ptr(std::_Sp_alloc_shared_tag<_Tp>, _Args&& ...) [with _Alloc = std::allocator<void>; _Args = {const char (&)[25]}; _Tp = SemanticNavigationNode]’
/usr/include/c++/13/bits/shared_ptr.h:1009:14:   required from ‘std::shared_ptr<typename std::enable_if<(! std::is_array< <template-parameter-1-1> >::value), _Tp>::type> std::make_shared(_Args&& ...) [with _Tp = SemanticNavigationNode; _Args = {const char (&)[25]}; typename enable_if<(! is_array< <template-parameter-1-1> >::value), _Tp>::type = SemanticNavigationNode]’
/home/neha/ros2_ws/src/semnav_migration/src/navigation_semantic.cpp:701:58:   required from here
/usr/include/c++/13/bits/stl_construct.h:119:7: error: no matching function for call to ‘SemanticNavigationNode::SemanticNavigationNode(const char [25])’
  119 |       ::new((void*)__p) _Tp(std::forward<_Args>(__args)...);
      |       ^~~~~~~~~~~~~~~~~~~~~~~~~~~~~~~~~~~~~~~~~~~~~~~~~~~~~
/home/neha/ros2_ws/src/semnav_migration/src/navigation_semantic.cpp:46:17: note: candidate: ‘SemanticNavigationNode::SemanticNavigationNode()’
   46 |                 SemanticNavigationNode() : Node("semantic_navigation_node")  {
      |                 ^~~~~~~~~~~~~~~~~~~~~~
/home/neha/ros2_ws/src/semnav_migration/src/navigation_semantic.cpp:46:17: note:   candidate expects 0 arguments, 1 provided
gmake[2]: *** [CMakeFiles/navigation.dir/build.make:76: CMakeFiles/navigation.dir/src/navigation.cpp.o] Error 1
gmake[1]: *** [CMakeFiles/Makefile2:181: CMakeFiles/navigation.dir/all] Error 2
gmake[1]: *** Waiting for unfinished jobs....
gmake[2]: *** [CMakeFiles/navigation_semantic.dir/build.make:76: CMakeFiles/navigation_semantic.dir/src/navigation_semantic.cpp.o] Error 1
gmake[1]: *** [CMakeFiles/Makefile2:207: CMakeFiles/navigation_semantic.dir/all] Error 2
gmake: *** [Makefile:146: all] Error 2
