[0.027s] Invoking command in '/home/neha/ros2_ws/src/semnav_migration/build/semnav': CMAKE_PREFIX_PATH=${CMAKE_PREFIX_PATH}:/opt/ros/jazzy DEBUGINFOD_URLS=https://debuginfod.ubuntu.com /usr/bin/cmake --build /home/neha/ros2_ws/src/semnav_migration/build/semnav -- -j2 -l2
[0.203s] [ 14%] Built target reactive_planner
[0.348s] [ 23%] Building CXX object CMakeFiles/navigation.dir/src/navigation.cpp.o
[0.349s] [ 23%] Building CXX object CMakeFiles/navigation_semantic.dir/src/navigation_semantic.cpp.o
[24.200s] /home/neha/ros2_ws/src/semnav_migration/src/navigation.cpp:621:56: error: template argument 1 is invalid
[24.200s]   621 |         rclcpp::Publisher<example_interfaces/msg/UInt32> pub_behaviorID_;
[24.200s]       |                                                        ^
[24.203s] /home/neha/ros2_ws/src/semnav_migration/src/navigation.cpp:622:56: error: template argument 1 is invalid
[24.204s]   622 |         rclcpp::Publisher<example_interfaces/msg/UInt32> pub_behaviorMode_;
[24.204s]       |                                                        ^
[24.204s] /home/neha/ros2_ws/src/semnav_migration/src/navigation.cpp:623:56: error: template argument 1 is invalid
[24.204s]   623 |         rclcpp::Publisher<example_interfaces/msg/UInt32> pub_twist_;
[24.204s]       |                                                        ^
[24.214s] /home/neha/ros2_ws/src/semnav_migration/src/navigation.cpp: In constructor ‘NavigationNode::NavigationNode()’:
[24.214s] /home/neha/ros2_ws/src/semnav_migration/src/navigation.cpp:46:63: error: no matching function for call to ‘rclcpp::Node::Node()’
[24.214s]    46 |         NavigationNode() : Node(std::string("navigation_node")) {
[24.214s]       |                                                               ^
[24.215s] In file included from /opt/ros/jazzy/include/rclcpp/rclcpp/executors/single_threaded_executor.hpp:28,
[24.215s]                  from /opt/ros/jazzy/include/rclcpp/rclcpp/executors.hpp:22,
[24.215s]                  from /opt/ros/jazzy/include/rclcpp/rclcpp/rclcpp.hpp:172,
[24.216s]                  from /home/neha/ros2_ws/src/semnav_migration/include/reactive_planner_lib.h:32,
[24.216s]                  from /home/neha/ros2_ws/src/semnav_migration/src/navigation.cpp:25:
[24.216s] /opt/ros/jazzy/include/rclcpp/rclcpp/node.hpp:1629:3: note: candidate: ‘rclcpp::Node::Node(const rclcpp::Node&, const std::string&)’
[24.216s]  1629 |   Node(
[24.216s]       |   ^~~~
[24.217s] /opt/ros/jazzy/include/rclcpp/rclcpp/node.hpp:1629:3: note:   candidate expects 2 arguments, 0 provided
[24.217s] /opt/ros/jazzy/include/rclcpp/rclcpp/node.hpp:103:12: note: candidate: ‘rclcpp::Node::Node(const std::string&, const std::string&, const rclcpp::NodeOptions&)’
[24.217s]   103 |   explicit Node(
[24.217s]       |            ^~~~
[24.218s] /opt/ros/jazzy/include/rclcpp/rclcpp/node.hpp:103:12: note:   candidate expects 3 arguments, 0 provided
[24.218s] /opt/ros/jazzy/include/rclcpp/rclcpp/node.hpp:91:12: note: candidate: ‘rclcpp::Node::Node(const std::string&, const rclcpp::NodeOptions&)’
[24.218s]    91 |   explicit Node(
[24.218s]       |            ^~~~
[24.220s] /opt/ros/jazzy/include/rclcpp/rclcpp/node.hpp:91:12: note:   candidate expects 2 arguments, 0 provided
[24.222s] /home/neha/ros2_ws/src/semnav_migration/src/navigation.cpp:46:63: error: no matching function for call to ‘tf2_ros::TransformListener::TransformListener()’
[24.222s]    46 |         NavigationNode() : Node(std::string("navigation_node")) {
[24.222s]       |                                                               ^
[24.223s] In file included from /home/neha/ros2_ws/src/semnav_migration/include/reactive_planner_lib.h:39:
[24.223s] /opt/ros/jazzy/include/tf2_ros/tf2_ros/transform_listener.h:121:3: note: candidate: ‘template<class AllocatorT> tf2_ros::TransformListener::TransformListener(tf2::BufferCore&, rclcpp::node_interfaces::NodeBaseInterface::SharedPtr, rclcpp::node_interfaces::NodeLoggingInterface::SharedPtr, rclcpp::node_interfaces::NodeParametersInterface::SharedPtr, rclcpp::node_interfaces::NodeTopicsInterface::SharedPtr, bool, const rclcpp::QoS&, const rclcpp::QoS&, const rclcpp::SubscriptionOptionsWithAllocator<AllocatorT>&, const rclcpp::SubscriptionOptionsWithAllocator<AllocatorT>&)’
[24.223s]   121 |   TransformListener(
[24.224s]       |   ^~~~~~~~~~~~~~~~~
[24.226s] /opt/ros/jazzy/include/tf2_ros/tf2_ros/transform_listener.h:121:3: note:   template argument deduction/substitution failed:
[24.227s] /home/neha/ros2_ws/src/semnav_migration/src/navigation.cpp:46:63: note:   candidate expects 10 arguments, 0 provided
[24.227s]    46 |         NavigationNode() : Node(std::string("navigation_node")) {
[24.227s]       |                                                               ^
[24.227s] /opt/ros/jazzy/include/tf2_ros/tf2_ros/transform_listener.h:96:3: note: candidate: ‘template<class NodeT, class AllocatorT> tf2_ros::TransformListener::TransformListener(tf2::BufferCore&, NodeT&&, bool, const rclcpp::QoS&, const rclcpp::QoS&, const rclcpp::SubscriptionOptionsWithAllocator<AllocatorT>&, const rclcpp::SubscriptionOptionsWithAllocator<AllocatorT>&)’
[24.227s]    96 |   TransformListener(
[24.227s]       |   ^~~~~~~~~~~~~~~~~
[24.228s] /opt/ros/jazzy/include/tf2_ros/tf2_ros/transform_listener.h:96:3: note:   template argument deduction/substitution failed:
[24.228s] /home/neha/ros2_ws/src/semnav_migration/src/navigation.cpp:46:63: note:   candidate expects 7 arguments, 0 provided
[24.228s]    46 |         NavigationNode() : Node(std::string("navigation_node")) {
[24.230s]       |                                                               ^
[24.230s] /opt/ros/jazzy/include/tf2_ros/tf2_ros/transform_listener.h:92:12: note: candidate: ‘tf2_ros::TransformListener::TransformListener(tf2::BufferCore&, bool)’
[24.231s]    92 |   explicit TransformListener(tf2::BufferCore & buffer, bool spin_thread = true);
[24.231s]       |            ^~~~~~~~~~~~~~~~~
[24.231s] /opt/ros/jazzy/include/tf2_ros/tf2_ros/transform_listener.h:92:12: note:   candidate expects 2 arguments, 0 provided
[24.261s] /home/neha/ros2_ws/src/semnav_migration/src/navigation.cpp:138:86: error: cannot convert ‘std::shared_ptr<rclcpp::Publisher<example_interfaces::msg::UInt32_<std::allocator<void> >, std::allocator<void> > >’ to ‘int’ in assignment
[24.262s]   138 |             pub_behaviorID_ = this->create_publisher<example_interfaces::msg::UInt32>("pub_behaviorID_topic_", 1);
[24.262s]       |                               ~~~~~~~~~~~~~~~~~~~~~~~~~~~~~~~~~~~~~~~~~~~~~~~~~~~~~~~^~~~~~~~~~~~~~~~~~~~~~~~~~~~
[24.262s]       |                                                                                      |
[24.262s]       |                                                                                      std::shared_ptr<rclcpp::Publisher<example_interfaces::msg::UInt32_<std::allocator<void> >, std::allocator<void> > >
[24.263s] /home/neha/ros2_ws/src/semnav_migration/src/navigation.cpp:139:88: error: cannot convert ‘std::shared_ptr<rclcpp::Publisher<example_interfaces::msg::UInt32_<std::allocator<void> >, std::allocator<void> > >’ to ‘int’ in assignment
[24.263s]   139 |             pub_behaviorMode_ = this->create_publisher<example_interfaces::msg::UInt32>("pub_behaviorMode_topic_", 1);
[24.263s]       |                                 ~~~~~~~~~~~~~~~~~~~~~~~~~~~~~~~~~~~~~~~~~~~~~~~~~~~~~~~^~~~~~~~~~~~~~~~~~~~~~~~~~~~~~
[24.263s]       |                                                                                        |
[24.264s]       |                                                                                        std::shared_ptr<rclcpp::Publisher<example_interfaces::msg::UInt32_<std::allocator<void> >, std::allocator<void> > >
[24.264s] /home/neha/ros2_ws/src/semnav_migration/src/navigation.cpp:140:81: error: cannot convert ‘std::shared_ptr<rclcpp::Publisher<example_interfaces::msg::UInt32_<std::allocator<void> >, std::allocator<void> > >’ to ‘int’ in assignment
[24.265s]   140 |             pub_twist_ = this->create_publisher<example_interfaces::msg::UInt32>("pub_twist_topic_", 1);
[24.265s]       |                          ~~~~~~~~~~~~~~~~~~~~~~~~~~~~~~~~~~~~~~~~~~~~~~~~~~~~~~~^~~~~~~~~~~~~~~~~~~~~~~
[24.265s]       |                                                                                 |
[24.266s]       |                                                                                 std::shared_ptr<rclcpp::Publisher<example_interfaces::msg::UInt32_<std::allocator<void> >, std::allocator<void> > >
[24.332s] /home/neha/ros2_ws/src/semnav_migration/src/navigation.cpp:143:116: error: no matching function for call to ‘message_filters::Subscriber<sensor_msgs::msg::LaserScan_<std::allocator<void> > >::Subscriber(rclcpp::Node&, std::string&, int)’
[24.333s]   143 |                         message_filters::Subscriber<sensor_msgs::msg::LaserScan> sub_laser(nh_, sub_laser_topic_, 1);
[24.333s]       |                                                                                                                    ^
[24.333s] In file included from /home/neha/ros2_ws/src/semnav_migration/include/reactive_planner_lib.h:43:
[24.334s] /opt/ros/jazzy/include/message_filters/message_filters/subscriber.h:224:3: note: candidate: ‘message_filters::Subscriber<M, NodeType>::Subscriber() [with M = sensor_msgs::msg::LaserScan_<std::allocator<void> >; NodeType = rclcpp::Node]’
[24.334s]   224 |   Subscriber() = default;
[24.334s]       |   ^~~~~~~~~~
[24.334s] /opt/ros/jazzy/include/message_filters/message_filters/subscriber.h:224:3: note:   candidate expects 0 arguments, 3 provided
[24.335s] /opt/ros/jazzy/include/message_filters/message_filters/subscriber.h:212:3: note: candidate: ‘message_filters::Subscriber<M, NodeType>::Subscriber(NodeType*, const std::string&, rmw_qos_profile_t, rclcpp::SubscriptionOptions) [with M = sensor_msgs::msg::LaserScan_<std::allocator<void> >; NodeType = rclcpp::Node; std::string = std::__cxx11::basic_string<char>; rmw_qos_profile_t = rmw_qos_profile_s; rclcpp::SubscriptionOptions = rclcpp::SubscriptionOptionsWithAllocator<std::allocator<void> >]’
[24.335s]   212 |   Subscriber(
[24.335s]       |   ^~~~~~~~~~
[24.336s] /opt/ros/jazzy/include/message_filters/message_filters/subscriber.h:212:3: note:   candidate expects 4 arguments, 3 provided
[24.336s] /opt/ros/jazzy/include/message_filters/message_filters/subscriber.h:203:3: note: candidate: ‘message_filters::Subscriber<M, NodeType>::Subscriber(NodePtr, const std::string&, rmw_qos_profile_t, rclcpp::SubscriptionOptions) [with M = sensor_msgs::msg::LaserScan_<std::allocator<void> >; NodeType = rclcpp::Node; NodePtr = std::shared_ptr<rclcpp::Node>; std::string = std::__cxx11::basic_string<char>; rmw_qos_profile_t = rmw_qos_profile_s; rclcpp::SubscriptionOptions = rclcpp::SubscriptionOptionsWithAllocator<std::allocator<void> >]’
[24.336s]   203 |   Subscriber(
[24.336s]       |   ^~~~~~~~~~
[24.337s] /opt/ros/jazzy/include/message_filters/message_filters/subscriber.h:203:3: note:   candidate expects 4 arguments, 3 provided
[24.337s] /opt/ros/jazzy/include/message_filters/message_filters/subscriber.h:188:3: note: candidate: ‘message_filters::Subscriber<M, NodeType>::Subscriber(NodeType*, const std::string&, rmw_qos_profile_t) [with M = sensor_msgs::msg::LaserScan_<std::allocator<void> >; NodeType = rclcpp::Node; std::string = std::__cxx11::basic_string<char>; rmw_qos_profile_t = rmw_qos_profile_s]’
[24.337s]   188 |   Subscriber(NodeType * node, const std::string& topic, const rmw_qos_profile_t qos = rmw_qos_profile_default)
[24.337s]       |   ^~~~~~~~~~
[24.338s] /opt/ros/jazzy/include/message_filters/message_filters/subscriber.h:188:25: note:   no known conversion for argument 1 from ‘rclcpp::Node’ to ‘rclcpp::Node*’
[24.338s]   188 |   Subscriber(NodeType * node, const std::string& topic, const rmw_qos_profile_t qos = rmw_qos_profile_default)
[24.338s]       |              ~~~~~~~~~~~^~~~
[24.340s] /opt/ros/jazzy/include/message_filters/message_filters/subscriber.h:183:3: note: candidate: ‘message_filters::Subscriber<M, NodeType>::Subscriber(NodePtr, const std::string&, rmw_qos_profile_t) [with M = sensor_msgs::msg::LaserScan_<std::allocator<void> >; NodeType = rclcpp::Node; NodePtr = std::shared_ptr<rclcpp::Node>; std::string = std::__cxx11::basic_string<char>; rmw_qos_profile_t = rmw_qos_profile_s]’
[24.340s]   183 |   Subscriber(NodePtr node, const std::string& topic, const rmw_qos_profile_t qos = rmw_qos_profile_default)
[24.341s]       |   ^~~~~~~~~~
[24.341s] /opt/ros/jazzy/include/message_filters/message_filters/subscriber.h:183:22: note:   no known conversion for argument 1 from ‘rclcpp::Node’ to ‘message_filters::Subscriber<sensor_msgs::msg::LaserScan_<std::allocator<void> > >::NodePtr’ {aka ‘std::shared_ptr<rclcpp::Node>’}
[24.341s]   183 |   Subscriber(NodePtr node, const std::string& topic, const rmw_qos_profile_t qos = rmw_qos_profile_default)
[24.341s]       |              ~~~~~~~~^~~~
[24.379s] /home/neha/ros2_ws/src/semnav_migration/src/navigation_semantic.cpp: In constructor ‘SemanticNavigationNode::SemanticNavigationNode()’:
[24.380s] /home/neha/ros2_ws/src/semnav_migration/src/navigation_semantic.cpp:46:75: error: no matching function for call to ‘rclcpp::Node::Node()’
[24.380s]    46 |                 SemanticNavigationNode() : Node("semantic_navigation_node")  {
[24.380s]       |                                                                           ^
[24.380s] In file included from /opt/ros/jazzy/include/rclcpp/rclcpp/executors/single_threaded_executor.hpp:28,
[24.380s]                  from /opt/ros/jazzy/include/rclcpp/rclcpp/executors.hpp:22,
[24.381s]                  from /opt/ros/jazzy/include/rclcpp/rclcpp/rclcpp.hpp:172,
[24.381s]                  from /home/neha/ros2_ws/src/semnav_migration/include/reactive_planner_lib.h:32,
[24.381s]                  from /home/neha/ros2_ws/src/semnav_migration/src/navigation_semantic.cpp:25:
[24.381s] /opt/ros/jazzy/include/rclcpp/rclcpp/node.hpp:1629:3: note: candidate: ‘rclcpp::Node::Node(const rclcpp::Node&, const std::string&)’
[24.383s]  1629 |   Node(
[24.383s]       |   ^~~~
[24.383s] /opt/ros/jazzy/include/rclcpp/rclcpp/node.hpp:1629:3: note:   candidate expects 2 arguments, 0 provided
[24.383s] /opt/ros/jazzy/include/rclcpp/rclcpp/node.hpp:103:12: note: candidate: ‘rclcpp::Node::Node(const std::string&, const std::string&, const rclcpp::NodeOptions&)’
[24.383s]   103 |   explicit Node(
[24.384s]       |            ^~~~
[24.384s] /opt/ros/jazzy/include/rclcpp/rclcpp/node.hpp:103:12: note:   candidate expects 3 arguments, 0 provided
[24.384s] /opt/ros/jazzy/include/rclcpp/rclcpp/node.hpp:91:12: note: candidate: ‘rclcpp::Node::Node(const std::string&, const rclcpp::NodeOptions&)’
[24.384s]    91 |   explicit Node(
[24.384s]       |            ^~~~
[24.384s] /opt/ros/jazzy/include/rclcpp/rclcpp/node.hpp:91:12: note:   candidate expects 2 arguments, 0 provided
[24.387s] /home/neha/ros2_ws/src/semnav_migration/src/navigation_semantic.cpp:46:75: error: no matching function for call to ‘tf2_ros::TransformListener::TransformListener()’
[24.387s]    46 |                 SemanticNavigationNode() : Node("semantic_navigation_node")  {
[24.388s]       |                                                                           ^
[24.388s] In file included from /home/neha/ros2_ws/src/semnav_migration/include/reactive_planner_lib.h:39:
[24.388s] /opt/ros/jazzy/include/tf2_ros/tf2_ros/transform_listener.h:121:3: note: candidate: ‘template<class AllocatorT> tf2_ros::TransformListener::TransformListener(tf2::BufferCore&, rclcpp::node_interfaces::NodeBaseInterface::SharedPtr, rclcpp::node_interfaces::NodeLoggingInterface::SharedPtr, rclcpp::node_interfaces::NodeParametersInterface::SharedPtr, rclcpp::node_interfaces::NodeTopicsInterface::SharedPtr, bool, const rclcpp::QoS&, const rclcpp::QoS&, const rclcpp::SubscriptionOptionsWithAllocator<AllocatorT>&, const rclcpp::SubscriptionOptionsWithAllocator<AllocatorT>&)’
[24.388s]   121 |   TransformListener(
[24.388s]       |   ^~~~~~~~~~~~~~~~~
[24.388s] /opt/ros/jazzy/include/tf2_ros/tf2_ros/transform_listener.h:121:3: note:   template argument deduction/substitution failed:
[24.388s] /home/neha/ros2_ws/src/semnav_migration/src/navigation_semantic.cpp:46:75: note:   candidate expects 10 arguments, 0 provided
[24.389s]    46 |                 SemanticNavigationNode() : Node("semantic_navigation_node")  {
[24.389s]       |                                                                           ^
[24.389s] /opt/ros/jazzy/include/tf2_ros/tf2_ros/transform_listener.h:96:3: note: candidate: ‘template<class NodeT, class AllocatorT> tf2_ros::TransformListener::TransformListener(tf2::BufferCore&, NodeT&&, bool, const rclcpp::QoS&, const rclcpp::QoS&, const rclcpp::SubscriptionOptionsWithAllocator<AllocatorT>&, const rclcpp::SubscriptionOptionsWithAllocator<AllocatorT>&)’
[24.391s]    96 |   TransformListener(
[24.391s]       |   ^~~~~~~~~~~~~~~~~
[24.392s] /opt/ros/jazzy/include/tf2_ros/tf2_ros/transform_listener.h:96:3: note:   template argument deduction/substitution failed:
[24.392s] /home/neha/ros2_ws/src/semnav_migration/src/navigation_semantic.cpp:46:75: note:   candidate expects 7 arguments, 0 provided
[24.392s]    46 |                 SemanticNavigationNode() : Node("semantic_navigation_node")  {
[24.392s]       |                                                                           ^
[24.392s] /opt/ros/jazzy/include/tf2_ros/tf2_ros/transform_listener.h:92:12: note: candidate: ‘tf2_ros::TransformListener::TransformListener(tf2::BufferCore&, bool)’
[24.392s]    92 |   explicit TransformListener(tf2::BufferCore & buffer, bool spin_thread = true);
[24.392s]       |            ^~~~~~~~~~~~~~~~~
[24.393s] /opt/ros/jazzy/include/tf2_ros/tf2_ros/transform_listener.h:92:12: note:   candidate expects 2 arguments, 0 provided
[24.413s] /home/neha/ros2_ws/src/semnav_migration/src/navigation.cpp:144:112: error: no matching function for call to ‘message_filters::Subscriber<nav_msgs::msg::Odometry_<std::allocator<void> > >::Subscriber(rclcpp::Node&, std::string&, int)’
[24.413s]   144 |                         message_filters::Subscriber<nav_msgs::msg::Odometry> sub_robot(nh_, sub_robot_topic_, 1);
[24.414s]       |                                                                                                                ^
[24.414s] /opt/ros/jazzy/include/message_filters/message_filters/subscriber.h:224:3: note: candidate: ‘message_filters::Subscriber<M, NodeType>::Subscriber() [with M = nav_msgs::msg::Odometry_<std::allocator<void> >; NodeType = rclcpp::Node]’
[24.414s]   224 |   Subscriber() = default;
[24.414s]       |   ^~~~~~~~~~
[24.415s] /opt/ros/jazzy/include/message_filters/message_filters/subscriber.h:224:3: note:   candidate expects 0 arguments, 3 provided
[24.416s] /opt/ros/jazzy/include/message_filters/message_filters/subscriber.h:212:3: note: candidate: ‘message_filters::Subscriber<M, NodeType>::Subscriber(NodeType*, const std::string&, rmw_qos_profile_t, rclcpp::SubscriptionOptions) [with M = nav_msgs::msg::Odometry_<std::allocator<void> >; NodeType = rclcpp::Node; std::string = std::__cxx11::basic_string<char>; rmw_qos_profile_t = rmw_qos_profile_s; rclcpp::SubscriptionOptions = rclcpp::SubscriptionOptionsWithAllocator<std::allocator<void> >]’
[24.416s]   212 |   Subscriber(
[24.416s]       |   ^~~~~~~~~~
[24.416s] /opt/ros/jazzy/include/message_filters/message_filters/subscriber.h:212:3: note:   candidate expects 4 arguments, 3 provided
[24.416s] /opt/ros/jazzy/include/message_filters/message_filters/subscriber.h:203:3: note: candidate: ‘message_filters::Subscriber<M, NodeType>::Subscriber(NodePtr, const std::string&, rmw_qos_profile_t, rclcpp::SubscriptionOptions) [with M = nav_msgs::msg::Odometry_<std::allocator<void> >; NodeType = rclcpp::Node; NodePtr = std::shared_ptr<rclcpp::Node>; std::string = std::__cxx11::basic_string<char>; rmw_qos_profile_t = rmw_qos_profile_s; rclcpp::SubscriptionOptions = rclcpp::SubscriptionOptionsWithAllocator<std::allocator<void> >]’
[24.416s]   203 |   Subscriber(
[24.417s]       |   ^~~~~~~~~~
[24.417s] /opt/ros/jazzy/include/message_filters/message_filters/subscriber.h:203:3: note:   candidate expects 4 arguments, 3 provided
[24.417s] /opt/ros/jazzy/include/message_filters/message_filters/subscriber.h:188:3: note: candidate: ‘message_filters::Subscriber<M, NodeType>::Subscriber(NodeType*, const std::string&, rmw_qos_profile_t) [with M = nav_msgs::msg::Odometry_<std::allocator<void> >; NodeType = rclcpp::Node; std::string = std::__cxx11::basic_string<char>; rmw_qos_profile_t = rmw_qos_profile_s]’
[24.419s]   188 |   Subscriber(NodeType * node, const std::string& topic, const rmw_qos_profile_t qos = rmw_qos_profile_default)
[24.419s]       |   ^~~~~~~~~~
[24.419s] /opt/ros/jazzy/include/message_filters/message_filters/subscriber.h:188:25: note:   no known conversion for argument 1 from ‘rclcpp::Node’ to ‘rclcpp::Node*’
[24.420s]   188 |   Subscriber(NodeType * node, const std::string& topic, const rmw_qos_profile_t qos = rmw_qos_profile_default)
[24.420s]       |              ~~~~~~~~~~~^~~~
[24.420s] /opt/ros/jazzy/include/message_filters/message_filters/subscriber.h:183:3: note: candidate: ‘message_filters::Subscriber<M, NodeType>::Subscriber(NodePtr, const std::string&, rmw_qos_profile_t) [with M = nav_msgs::msg::Odometry_<std::allocator<void> >; NodeType = rclcpp::Node; NodePtr = std::shared_ptr<rclcpp::Node>; std::string = std::__cxx11::basic_string<char>; rmw_qos_profile_t = rmw_qos_profile_s]’
[24.420s]   183 |   Subscriber(NodePtr node, const std::string& topic, const rmw_qos_profile_t qos = rmw_qos_profile_default)
[24.420s]       |   ^~~~~~~~~~
[24.420s] /opt/ros/jazzy/include/message_filters/message_filters/subscriber.h:183:22: note:   no known conversion for argument 1 from ‘rclcpp::Node’ to ‘message_filters::Subscriber<nav_msgs::msg::Odometry_<std::allocator<void> > >::NodePtr’ {aka ‘std::shared_ptr<rclcpp::Node>’}
[24.420s]   183 |   Subscriber(NodePtr node, const std::string& topic, const rmw_qos_profile_t qos = rmw_qos_profile_default)
[24.421s]       |              ~~~~~~~~^~~~
[24.483s] /home/neha/ros2_ws/src/semnav_migration/src/navigation_semantic.cpp:143:116: error: no matching function for call to ‘message_filters::Subscriber<sensor_msgs::msg::LaserScan_<std::allocator<void> > >::Subscriber(rclcpp::Node&, std::string&, int)’
[24.483s]   143 |                         message_filters::Subscriber<sensor_msgs::msg::LaserScan> sub_laser(nh_, sub_laser_topic_, 1);
[24.484s]       |                                                                                                                    ^
[24.484s] In file included from /home/neha/ros2_ws/src/semnav_migration/include/reactive_planner_lib.h:43:
[24.484s] /opt/ros/jazzy/include/message_filters/message_filters/subscriber.h:224:3: note: candidate: ‘message_filters::Subscriber<M, NodeType>::Subscriber() [with M = sensor_msgs::msg::LaserScan_<std::allocator<void> >; NodeType = rclcpp::Node]’
[24.484s]   224 |   Subscriber() = default;
[24.484s]       |   ^~~~~~~~~~
[24.484s] /opt/ros/jazzy/include/message_filters/message_filters/subscriber.h:224:3: note:   candidate expects 0 arguments, 3 provided
[24.484s] /opt/ros/jazzy/include/message_filters/message_filters/subscriber.h:212:3: note: candidate: ‘message_filters::Subscriber<M, NodeType>::Subscriber(NodeType*, const std::string&, rmw_qos_profile_t, rclcpp::SubscriptionOptions) [with M = sensor_msgs::msg::LaserScan_<std::allocator<void> >; NodeType = rclcpp::Node; std::string = std::__cxx11::basic_string<char>; rmw_qos_profile_t = rmw_qos_profile_s; rclcpp::SubscriptionOptions = rclcpp::SubscriptionOptionsWithAllocator<std::allocator<void> >]’
[24.485s]   212 |   Subscriber(
[24.485s]       |   ^~~~~~~~~~
[24.485s] /opt/ros/jazzy/include/message_filters/message_filters/subscriber.h:212:3: note:   candidate expects 4 arguments, 3 provided
[24.487s] /opt/ros/jazzy/include/message_filters/message_filters/subscriber.h:203:3: note: candidate: ‘message_filters::Subscriber<M, NodeType>::Subscriber(NodePtr, const std::string&, rmw_qos_profile_t, rclcpp::SubscriptionOptions) [with M = sensor_msgs::msg::LaserScan_<std::allocator<void> >; NodeType = rclcpp::Node; NodePtr = std::shared_ptr<rclcpp::Node>; std::string = std::__cxx11::basic_string<char>; rmw_qos_profile_t = rmw_qos_profile_s; rclcpp::SubscriptionOptions = rclcpp::SubscriptionOptionsWithAllocator<std::allocator<void> >]’
[24.487s]   203 |   Subscriber(
[24.487s]       |   ^~~~~~~~~~
[24.488s] /opt/ros/jazzy/include/message_filters/message_filters/subscriber.h:203:3: note:   candidate expects 4 arguments, 3 provided
[24.488s] /opt/ros/jazzy/include/message_filters/message_filters/subscriber.h:188:3: note: candidate: ‘message_filters::Subscriber<M, NodeType>::Subscriber(NodeType*, const std::string&, rmw_qos_profile_t) [with M = sensor_msgs::msg::LaserScan_<std::allocator<void> >; NodeType = rclcpp::Node; std::string = std::__cxx11::basic_string<char>; rmw_qos_profile_t = rmw_qos_profile_s]’
[24.488s]   188 |   Subscriber(NodeType * node, const std::string& topic, const rmw_qos_profile_t qos = rmw_qos_profile_default)
[24.488s]       |   ^~~~~~~~~~
[24.488s] /opt/ros/jazzy/include/message_filters/message_filters/subscriber.h:188:25: note:   no known conversion for argument 1 from ‘rclcpp::Node’ to ‘rclcpp::Node*’
[24.488s]   188 |   Subscriber(NodeType * node, const std::string& topic, const rmw_qos_profile_t qos = rmw_qos_profile_default)
[24.488s]       |              ~~~~~~~~~~~^~~~
[24.489s] /opt/ros/jazzy/include/message_filters/message_filters/subscriber.h:183:3: note: candidate: ‘message_filters::Subscriber<M, NodeType>::Subscriber(NodePtr, const std::string&, rmw_qos_profile_t) [with M = sensor_msgs::msg::LaserScan_<std::allocator<void> >; NodeType = rclcpp::Node; NodePtr = std::shared_ptr<rclcpp::Node>; std::string = std::__cxx11::basic_string<char>; rmw_qos_profile_t = rmw_qos_profile_s]’
[24.489s]   183 |   Subscriber(NodePtr node, const std::string& topic, const rmw_qos_profile_t qos = rmw_qos_profile_default)
[24.489s]       |   ^~~~~~~~~~
[24.491s] /opt/ros/jazzy/include/message_filters/message_filters/subscriber.h:183:22: note:   no known conversion for argument 1 from ‘rclcpp::Node’ to ‘message_filters::Subscriber<sensor_msgs::msg::LaserScan_<std::allocator<void> > >::NodePtr’ {aka ‘std::shared_ptr<rclcpp::Node>’}
[24.491s]   183 |   Subscriber(NodePtr node, const std::string& topic, const rmw_qos_profile_t qos = rmw_qos_profile_default)
[24.492s]       |              ~~~~~~~~^~~~
[24.547s] /home/neha/ros2_ws/src/semnav_migration/src/navigation_semantic.cpp:144:100: error: no matching function for call to ‘message_filters::Subscriber<nav_msgs::msg::Odometry_<std::allocator<void> > >::Subscriber(rclcpp::Node&, std::string&, int)’
[24.547s]   144 |             message_filters::Subscriber<nav_msgs::msg::Odometry> sub_robot(nh_, sub_robot_topic_, 1);
[24.547s]       |                                                                                                    ^
[24.547s] /opt/ros/jazzy/include/message_filters/message_filters/subscriber.h:224:3: note: candidate: ‘message_filters::Subscriber<M, NodeType>::Subscriber() [with M = nav_msgs::msg::Odometry_<std::allocator<void> >; NodeType = rclcpp::Node]’
[24.547s]   224 |   Subscriber() = default;
[24.547s]       |   ^~~~~~~~~~
[24.548s] /opt/ros/jazzy/include/message_filters/message_filters/subscriber.h:224:3: note:   candidate expects 0 arguments, 3 provided
[24.548s] /opt/ros/jazzy/include/message_filters/message_filters/subscriber.h:212:3: note: candidate: ‘message_filters::Subscriber<M, NodeType>::Subscriber(NodeType*, const std::string&, rmw_qos_profile_t, rclcpp::SubscriptionOptions) [with M = nav_msgs::msg::Odometry_<std::allocator<void> >; NodeType = rclcpp::Node; std::string = std::__cxx11::basic_string<char>; rmw_qos_profile_t = rmw_qos_profile_s; rclcpp::SubscriptionOptions = rclcpp::SubscriptionOptionsWithAllocator<std::allocator<void> >]’
[24.548s]   212 |   Subscriber(
[24.550s]       |   ^~~~~~~~~~
[24.550s] /opt/ros/jazzy/include/message_filters/message_filters/subscriber.h:212:3: note:   candidate expects 4 arguments, 3 provided
[24.551s] /opt/ros/jazzy/include/message_filters/message_filters/subscriber.h:203:3: note: candidate: ‘message_filters::Subscriber<M, NodeType>::Subscriber(NodePtr, const std::string&, rmw_qos_profile_t, rclcpp::SubscriptionOptions) [with M = nav_msgs::msg::Odometry_<std::allocator<void> >; NodeType = rclcpp::Node; NodePtr = std::shared_ptr<rclcpp::Node>; std::string = std::__cxx11::basic_string<char>; rmw_qos_profile_t = rmw_qos_profile_s; rclcpp::SubscriptionOptions = rclcpp::SubscriptionOptionsWithAllocator<std::allocator<void> >]’
[24.551s]   203 |   Subscriber(
[24.551s]       |   ^~~~~~~~~~
[24.551s] /opt/ros/jazzy/include/message_filters/message_filters/subscriber.h:203:3: note:   candidate expects 4 arguments, 3 provided
[24.551s] /opt/ros/jazzy/include/message_filters/message_filters/subscriber.h:188:3: note: candidate: ‘message_filters::Subscriber<M, NodeType>::Subscriber(NodeType*, const std::string&, rmw_qos_profile_t) [with M = nav_msgs::msg::Odometry_<std::allocator<void> >; NodeType = rclcpp::Node; std::string = std::__cxx11::basic_string<char>; rmw_qos_profile_t = rmw_qos_profile_s]’
[24.551s]   188 |   Subscriber(NodeType * node, const std::string& topic, const rmw_qos_profile_t qos = rmw_qos_profile_default)
[24.551s]       |   ^~~~~~~~~~
[24.551s] /opt/ros/jazzy/include/message_filters/message_filters/subscriber.h:188:25: note:   no known conversion for argument 1 from ‘rclcpp::Node’ to ‘rclcpp::Node*’
[24.552s]   188 |   Subscriber(NodeType * node, const std::string& topic, const rmw_qos_profile_t qos = rmw_qos_profile_default)
[24.552s]       |              ~~~~~~~~~~~^~~~
[24.552s] /opt/ros/jazzy/include/message_filters/message_filters/subscriber.h:183:3: note: candidate: ‘message_filters::Subscriber<M, NodeType>::Subscriber(NodePtr, const std::string&, rmw_qos_profile_t) [with M = nav_msgs::msg::Odometry_<std::allocator<void> >; NodeType = rclcpp::Node; NodePtr = std::shared_ptr<rclcpp::Node>; std::string = std::__cxx11::basic_string<char>; rmw_qos_profile_t = rmw_qos_profile_s]’
[24.554s]   183 |   Subscriber(NodePtr node, const std::string& topic, const rmw_qos_profile_t qos = rmw_qos_profile_default)
[24.554s]       |   ^~~~~~~~~~
[24.555s] /opt/ros/jazzy/include/message_filters/message_filters/subscriber.h:183:22: note:   no known conversion for argument 1 from ‘rclcpp::Node’ to ‘message_filters::Subscriber<nav_msgs::msg::Odometry_<std::allocator<void> > >::NodePtr’ {aka ‘std::shared_ptr<rclcpp::Node>’}
[24.555s]   183 |   Subscriber(NodePtr node, const std::string& topic, const rmw_qos_profile_t qos = rmw_qos_profile_default)
[24.555s]       |              ~~~~~~~~^~~~
[24.567s] /home/neha/ros2_ws/src/semnav_migration/src/navigation.cpp:149:55: error: ‘bind’ is not a member of ‘boost’; did you mean ‘find’?
[24.568s]   149 |                         sync->registerCallback(boost::bind(&NavigationNode::control_callback, this, _1, _2));
[24.568s]       |                                                       ^~~~
[24.568s]       |                                                       find
[24.570s] /home/neha/ros2_ws/src/semnav_migration/src/navigation.cpp:149:101: error: ‘_1’ was not declared in this scope
[24.571s]   149 |                         sync->registerCallback(boost::bind(&NavigationNode::control_callback, this, _1, _2));
[24.571s]       |                                                                                                     ^~
[24.571s] /home/neha/ros2_ws/src/semnav_migration/src/navigation.cpp:149:101: note: suggested alternatives:
[24.572s] In file included from /usr/include/boost/mpl/aux_/include_preprocessed.hpp:37,
[24.572s]                  from /usr/include/boost/mpl/placeholders.hpp:43,
[24.572s]                  from /usr/include/boost/iterator/iterator_categories.hpp:16,
[24.572s]                  from /usr/include/boost/iterator/iterator_facade.hpp:13,
[24.573s]                  from /usr/include/boost/range/iterator_range_core.hpp:27,
[24.573s]                  from /usr/include/boost/lexical_cast.hpp:48,
[24.573s]                  from /usr/include/boost/multiprecision/detail/number_base.hpp:29,
[24.573s]                  from /usr/include/boost/multiprecision/traits/is_variable_precision.hpp:9,
[24.573s]                  from /usr/include/boost/multiprecision/detail/precision.hpp:9,
[24.573s]                  from /usr/include/boost/multiprecision/number.hpp:11,
[24.573s]                  from /usr/include/boost/multiprecision/cpp_int.hpp:19,
[24.574s]                  from /usr/include/boost/multiprecision/cpp_bin_float.hpp:15,
[24.574s]                  from /usr/include/boost/geometry/core/coordinate_promotion.hpp:16,
[24.574s]                  from /usr/include/boost/geometry/core/radian_access.hpp:30,
[24.576s]                  from /usr/include/boost/geometry/geometry.hpp:50,
[24.577s]                  from /usr/include/boost/geometry.hpp:17,
[24.577s]                  from /home/neha/ros2_ws/src/semnav_migration/include/reactive_planner_lib.h:26:
[24.577s] /usr/include/boost/mpl/aux_/preprocessed/gcc/placeholders.hpp:29:16: note:   ‘mpl_::_1’
[24.577s]    29 | typedef arg<1> _1;
[24.577s]       |                ^~
[24.577s] In file included from /usr/include/boost/numeric/conversion/converter_policies.hpp:13,
[24.577s]                  from /usr/include/boost/numeric/conversion/converter.hpp:14,
[24.578s]                  from /usr/include/boost/numeric/conversion/cast.hpp:33,
[24.578s]                  from /usr/include/boost/geometry/core/radian_access.hpp:26:
[24.578s] /usr/include/c++/13/functional:294:48: note:   ‘std::placeholders::_1’
[24.578s]   294 |     _GLIBCXX_PLACEHOLDER const _Placeholder<1> _1;
[24.580s]       |                                                ^~
[24.580s] /usr/include/boost/mpl/aux_/preprocessed/gcc/placeholders.hpp:29:16: note:   ‘mpl_::_1’
[24.580s]    29 | typedef arg<1> _1;
[24.581s]       |                ^~
[24.581s] In file included from /usr/include/boost/describe/members.hpp:20,
[24.581s]                  from /usr/include/boost/container_hash/is_described_class.hpp:11,
[24.581s]                  from /usr/include/boost/container_hash/hash.hpp:18,
[24.581s]                  from /usr/include/boost/functional/hash.hpp:6,
[24.581s]                  from /usr/include/CGAL/Kernel/hash_functions.h:16,
[24.581s]                  from /usr/include/CGAL/Kernel/global_functions.h:25,
[24.582s]                  from /usr/include/CGAL/Cartesian/Cartesian_base.h:22,
[24.582s]                  from /usr/include/CGAL/Simple_cartesian.h:20,
[24.582s]                  from /usr/include/CGAL/Exact_predicates_inexact_constructions_kernel.h:20,
[24.582s]                  from /home/neha/ros2_ws/src/semnav_migration/include/polygeom_lib.h:32,
[24.585s]                  from /home/neha/ros2_ws/src/semnav_migration/include/reactive_planner_lib.h:51:
[24.585s] /usr/include/boost/mp11/bind.hpp:45:7: note:   ‘boost::mp11::_1’
[24.585s]    45 | using _1 = mp_arg<0>;
[24.585s]       |       ^~
[24.585s] /usr/include/boost/mpl/aux_/preprocessed/gcc/placeholders.hpp:29:16: note:   ‘mpl_::_1’
[24.585s]    29 | typedef arg<1> _1;
[24.586s]       |                ^~
[24.586s] /home/neha/ros2_ws/src/semnav_migration/src/navigation.cpp:149:105: error: ‘_2’ was not declared in this scope
[24.586s]   149 |                         sync->registerCallback(boost::bind(&NavigationNode::control_callback, this, _1, _2));
[24.586s]       |                                                                                                         ^~
[24.588s] /home/neha/ros2_ws/src/semnav_migration/src/navigation.cpp:149:105: note: suggested alternatives:
[24.588s] /usr/include/boost/mpl/aux_/preprocessed/gcc/placeholders.hpp:42:16: note:   ‘mpl_::_2’
[24.589s]    42 | typedef arg<2> _2;
[24.589s]       |                ^~
[24.589s] /usr/include/c++/13/functional:295:48: note:   ‘std::placeholders::_2’
[24.589s]   295 |     _GLIBCXX_PLACEHOLDER const _Placeholder<2> _2;
[24.589s]       |                                                ^~
[24.589s] /usr/include/boost/mpl/aux_/preprocessed/gcc/placeholders.hpp:42:16: note:   ‘mpl_::_2’
[24.589s]    42 | typedef arg<2> _2;
[24.590s]       |                ^~
[24.590s] /usr/include/boost/mp11/bind.hpp:46:7: note:   ‘boost::mp11::_2’
[24.590s]    46 | using _2 = mp_arg<1>;
[24.590s]       |       ^~
[24.592s] /usr/include/boost/mpl/aux_/preprocessed/gcc/placeholders.hpp:42:16: note:   ‘mpl_::_2’
[24.592s]    42 | typedef arg<2> _2;
[24.593s]       |                ^~
[24.593s] /home/neha/ros2_ws/src/semnav_migration/src/navigation.cpp:152:74: error: no matching function for call to ‘NavigationNode::create_subscription(std::string&, int)’
[24.593s]   152 |             rclcpp::Subscription sub_semantic = this->create_subscription(sub_semantic_topic_, 1);
[24.593s]       |                                                 ~~~~~~~~~~~~~~~~~~~~~~~~~^~~~~~~~~~~~~~~~~~~~~~~~
[24.593s] /opt/ros/jazzy/include/rclcpp/rclcpp/node.hpp:221:3: note: candidate: ‘template<class MessageT, class CallbackT, class AllocatorT, class SubscriptionT, class MessageMemoryStrategyT> std::shared_ptr<ROSMessageT> rclcpp::Node::create_subscription(const std::string&, const rclcpp::QoS&, CallbackT&&, const rclcpp::SubscriptionOptionsWithAllocator<AllocatorT>&, typename MessageMemoryStrategyT::SharedPtr)’
[24.593s]   221 |   create_subscription(
[24.593s]       |   ^~~~~~~~~~~~~~~~~~~
[24.594s] /opt/ros/jazzy/include/rclcpp/rclcpp/node.hpp:221:3: note:   template argument deduction/substitution failed:
[24.594s] /home/neha/ros2_ws/src/semnav_migration/src/navigation.cpp:152:74: note:   candidate expects 5 arguments, 2 provided
[24.594s]   152 |             rclcpp::Subscription sub_semantic = this->create_subscription(sub_semantic_topic_, 1);
[24.596s]       |                                                 ~~~~~~~~~~~~~~~~~~~~~~~~~^~~~~~~~~~~~~~~~~~~~~~~~
[24.596s] /home/neha/ros2_ws/src/semnav_migration/src/navigation.cpp: In member function ‘void NavigationNode::publish_twist(double, double)’:
[24.596s] /home/neha/ros2_ws/src/semnav_migration/src/navigation.cpp:169:36: error: request for member ‘publish’ in ‘((NavigationNode*)this)->NavigationNode::pub_twist_’, which is of non-class type ‘int’
[24.596s]   169 |                         pub_twist_.publish(commandTwist);
[24.597s]       |                                    ^~~~~~~
[24.597s] /home/neha/ros2_ws/src/semnav_migration/src/navigation.cpp: In member function ‘void NavigationNode::publish_behavior_id(uint16_t)’:
[24.598s] /home/neha/ros2_ws/src/semnav_migration/src/navigation.cpp:176:41: error: request for member ‘publish’ in ‘((NavigationNode*)this)->NavigationNode::pub_behaviorID_’, which is of non-class type ‘int’
[24.598s]   176 |                         pub_behaviorID_.publish(commandId);
[24.598s]       |                                         ^~~~~~~
[24.599s] /home/neha/ros2_ws/src/semnav_migration/src/navigation.cpp: In member function ‘void NavigationNode::publish_behavior_mode(uint16_t)’:
[24.599s] /home/neha/ros2_ws/src/semnav_migration/src/navigation.cpp:183:43: error: request for member ‘publish’ in ‘((NavigationNode*)this)->NavigationNode::pub_behaviorMode_’, which is of non-class type ‘int’
[24.599s]   183 |                         pub_behaviorMode_.publish(commandMode);
[24.599s]       |                                           ^~~~~~~
[24.687s] /home/neha/ros2_ws/src/semnav_migration/src/navigation.cpp: In member function ‘void NavigationNode::control_callback(const sensor_msgs::msg::LaserScan_<std::allocator<void> >::ConstPtr&, const nav_msgs::msg::Odometry_<std::allocator<void> >::ConstPtr&)’:
[24.687s] /home/neha/ros2_ws/src/semnav_migration/src/navigation.cpp:366:43: error: ‘class tf2_ros::TransformListener’ has no member named ‘waitForTransform’
[24.687s]   366 |                                 listener_.waitForTransform(world_frame_id_, odom_frame_id_, rclcpp::Time(0), rclcpp::Duration(std::chrono::nanoseconds(1000000000));
[24.687s]       |                                           ^~~~~~~~~~~~~~~~
[24.688s] /home/neha/ros2_ws/src/semnav_migration/src/navigation.cpp:366:164: error: expected ‘)’ before ‘;’ token
[24.688s]   366 |                                 listener_.waitForTransform(world_frame_id_, odom_frame_id_, rclcpp::Time(0), rclcpp::Duration(std::chrono::nanoseconds(1000000000));
[24.688s]       |                                                                                                                                                                    ^
[24.691s] /home/neha/ros2_ws/src/semnav_migration/src/navigation.cpp:366:59: note: to match this ‘(’
[24.691s]   366 |                                 listener_.waitForTransform(world_frame_id_, odom_frame_id_, rclcpp::Time(0), rclcpp::Duration(std::chrono::nanoseconds(1000000000));
[24.692s]       |                                                           ^
[24.692s] /home/neha/ros2_ws/src/semnav_migration/src/navigation.cpp:367:43: error: ‘class tf2_ros::TransformListener’ has no member named ‘transformPose’
[24.692s]   367 |                                 listener_.transformPose(world_frame_id_, odomPose, mapPose);
[24.692s]       |                                           ^~~~~~~~~~~~~
[24.692s] /home/neha/ros2_ws/src/semnav_migration/src/navigation_semantic.cpp:149:55: error: ‘bind’ is not a member of ‘boost’; did you mean ‘find’?
[24.693s]   149 |                         sync->registerCallback(boost::bind(&SemanticNavigationNode::control_callback, this, _1, _2));
[24.693s]       |                                                       ^~~~
[24.693s]       |                                                       find
[24.695s] /home/neha/ros2_ws/src/semnav_migration/src/navigation.cpp:396:42: error: could not convert ‘lidar_data’ from ‘shared_ptr<LaserScan_<[...]>>’ to ‘shared_ptr<LaserScan_<[...]>>’
[24.695s]   396 |                         constructLIDAR2D(lidar_data, CutoffRange_, AllowableRange_, RobotPitch_, &LIDAR);
[24.695s]       |                                          ^~~~~~~~~~
[24.695s]       |                                          |
[24.695s]       |                                          shared_ptr<LaserScan_<[...]>>
[24.695s] /home/neha/ros2_ws/src/semnav_migration/src/navigation_semantic.cpp:149:109: error: ‘_1’ was not declared in this scope
[24.695s]   149 |                         sync->registerCallback(boost::bind(&SemanticNavigationNode::control_callback, this, _1, _2));
[24.696s]       |                                                                                                             ^~
[24.696s] /home/neha/ros2_ws/src/semnav_migration/src/navigation_semantic.cpp:149:109: note: suggested alternatives:
[24.697s] In file included from /usr/include/boost/mpl/aux_/include_preprocessed.hpp:37,
[24.697s]                  from /usr/include/boost/mpl/placeholders.hpp:43,
[24.698s]                  from /usr/include/boost/iterator/iterator_categories.hpp:16,
[24.698s]                  from /usr/include/boost/iterator/iterator_facade.hpp:13,
[24.698s]                  from /usr/include/boost/range/iterator_range_core.hpp:27,
[24.698s]                  from /usr/include/boost/lexical_cast.hpp:48,
[24.698s]                  from /usr/include/boost/multiprecision/detail/number_base.hpp:29,
[24.698s]                  from /usr/include/boost/multiprecision/traits/is_variable_precision.hpp:9,
[24.698s]                  from /usr/include/boost/multiprecision/detail/precision.hpp:9,
[24.698s]                  from /usr/include/boost/multiprecision/number.hpp:11,
[24.699s]                  from /usr/include/boost/multiprecision/cpp_int.hpp:19,
[24.699s]                  from /usr/include/boost/multiprecision/cpp_bin_float.hpp:15,
[24.701s]                  from /usr/include/boost/geometry/core/coordinate_promotion.hpp:16,
[24.701s]                  from /usr/include/boost/geometry/core/radian_access.hpp:30,
[24.702s]                  from /usr/include/boost/geometry/geometry.hpp:50,
[24.702s]                  from /usr/include/boost/geometry.hpp:17,
[24.702s]                  from /home/neha/ros2_ws/src/semnav_migration/include/reactive_planner_lib.h:26:
[24.702s] /usr/include/boost/mpl/aux_/preprocessed/gcc/placeholders.hpp:29:16: note:   ‘mpl_::_1’
[24.702s]    29 | typedef arg<1> _1;
[24.702s]       |                ^~
[24.702s] In file included from /usr/include/boost/numeric/conversion/converter_policies.hpp:13,
[24.702s]                  from /usr/include/boost/numeric/conversion/converter.hpp:14,
[24.703s]                  from /usr/include/boost/numeric/conversion/cast.hpp:33,
[24.703s]                  from /usr/include/boost/geometry/core/radian_access.hpp:26:
[24.703s] /usr/include/c++/13/functional:294:48: note:   ‘std::placeholders::_1’
[24.705s]   294 |     _GLIBCXX_PLACEHOLDER const _Placeholder<1> _1;
[24.705s]       |                                                ^~
[24.706s] /usr/include/boost/mpl/aux_/preprocessed/gcc/placeholders.hpp:29:16: note:   ‘mpl_::_1’
[24.706s]    29 | typedef arg<1> _1;
[24.706s]       |                ^~
[24.706s] In file included from /usr/include/boost/describe/members.hpp:20,
[24.706s]                  from /usr/include/boost/container_hash/is_described_class.hpp:11,
[24.708s]                  from /usr/include/boost/container_hash/hash.hpp:18,
[24.709s]                  from /usr/include/boost/functional/hash.hpp:6,
[24.709s]                  from /usr/include/CGAL/Kernel/hash_functions.h:16,
[24.709s]                  from /usr/include/CGAL/Kernel/global_functions.h:25,
[24.709s]                  from /usr/include/CGAL/Cartesian/Cartesian_base.h:22,
[24.709s]                  from /usr/include/CGAL/Simple_cartesian.h:20,
[24.709s]                  from /usr/include/CGAL/Exact_predicates_inexact_constructions_kernel.h:20,
[24.709s]                  from /home/neha/ros2_ws/src/semnav_migration/include/polygeom_lib.h:32,
[24.710s]                  from /home/neha/ros2_ws/src/semnav_migration/include/reactive_planner_lib.h:51:
[24.710s] /usr/include/boost/mp11/bind.hpp:45:7: note:   ‘boost::mp11::_1’
[24.710s]    45 | using _1 = mp_arg<0>;
[24.710s]       |       ^~
[24.710s] /usr/include/boost/mpl/aux_/preprocessed/gcc/placeholders.hpp:29:16: note:   ‘mpl_::_1’
[24.710s]    29 | typedef arg<1> _1;
[24.710s]       |                ^~
[24.710s] /home/neha/ros2_ws/src/semnav_migration/src/navigation_semantic.cpp:149:113: error: ‘_2’ was not declared in this scope
[24.711s]   149 |                         sync->registerCallback(boost::bind(&SemanticNavigationNode::control_callback, this, _1, _2));
[24.711s]       |                                                                                                                 ^~
[24.711s] /home/neha/ros2_ws/src/semnav_migration/src/navigation_semantic.cpp:149:113: note: suggested alternatives:
[24.713s] /usr/include/boost/mpl/aux_/preprocessed/gcc/placeholders.hpp:42:16: note:   ‘mpl_::_2’
[24.713s]    42 | typedef arg<2> _2;
[24.714s]       |                ^~
[24.714s] /usr/include/c++/13/functional:295:48: note:   ‘std::placeholders::_2’
[24.714s]   295 |     _GLIBCXX_PLACEHOLDER const _Placeholder<2> _2;
[24.714s]       |                                                ^~
[24.714s] /usr/include/boost/mpl/aux_/preprocessed/gcc/placeholders.hpp:42:16: note:   ‘mpl_::_2’
[24.714s]    42 | typedef arg<2> _2;
[24.714s]       |                ^~
[24.714s] /usr/include/boost/mp11/bind.hpp:46:7: note:   ‘boost::mp11::_2’
[24.715s]    46 | using _2 = mp_arg<1>;
[24.715s]       |       ^~
[24.715s] /usr/include/boost/mpl/aux_/preprocessed/gcc/placeholders.hpp:42:16: note:   ‘mpl_::_2’
[24.717s]    42 | typedef arg<2> _2;
[24.717s]       |                ^~
[24.718s] /home/neha/ros2_ws/src/semnav_migration/src/navigation_semantic.cpp:151:86: error: no matching function for call to ‘SemanticNavigationNode::create_subscription(const char [20], int)’
[24.718s]   151 |                         rclcpp::Subscription sub_semantic = this->create_subscription("sub_semantic_topic_", 1);
[24.718s]       |                                                             ~~~~~~~~~~~~~~~~~~~~~~~~~^~~~~~~~~~~~~~~~~~~~~~~~~~
[24.718s] /opt/ros/jazzy/include/rclcpp/rclcpp/node.hpp:221:3: note: candidate: ‘template<class MessageT, class CallbackT, class AllocatorT, class SubscriptionT, class MessageMemoryStrategyT> std::shared_ptr<ROSMessageT> rclcpp::Node::create_subscription(const std::string&, const rclcpp::QoS&, CallbackT&&, const rclcpp::SubscriptionOptionsWithAllocator<AllocatorT>&, typename MessageMemoryStrategyT::SharedPtr)’
[24.718s]   221 |   create_subscription(
[24.718s]       |   ^~~~~~~~~~~~~~~~~~~
[24.718s] /opt/ros/jazzy/include/rclcpp/rclcpp/node.hpp:221:3: note:   template argument deduction/substitution failed:
[24.719s] /home/neha/ros2_ws/src/semnav_migration/src/navigation_semantic.cpp:151:86: note:   candidate expects 5 arguments, 2 provided
[24.719s]   151 |                         rclcpp::Subscription sub_semantic = this->create_subscription("sub_semantic_topic_", 1);
[24.719s]       |                                                             ~~~~~~~~~~~~~~~~~~~~~~~~~^~~~~~~~~~~~~~~~~~~~~~~~~~
[24.721s] /home/neha/ros2_ws/src/semnav_migration/src/navigation_semantic.cpp: In member function ‘void SemanticNavigationNode::publish_twist(double, double)’:
[24.721s] /home/neha/ros2_ws/src/semnav_migration/src/navigation_semantic.cpp:168:36: error: ‘using rclcpp::Publisher<example_interfaces::msg::UInt32_<std::allocator<void> > >::SharedPtr = class std::shared_ptr<rclcpp::Publisher<example_interfaces::msg::UInt32_<std::allocator<void> > > >’ {aka ‘class std::shared_ptr<rclcpp::Publisher<example_interfaces::msg::UInt32_<std::allocator<void> > > >’} has no member named ‘publish’
[24.721s]   168 |                         pub_twist_.publish(commandTwist);
[24.722s]       |                                    ^~~~~~~
[24.722s] /home/neha/ros2_ws/src/semnav_migration/src/navigation_semantic.cpp: In member function ‘void SemanticNavigationNode::publish_behavior_id(uint16_t)’:
[24.722s] /home/neha/ros2_ws/src/semnav_migration/src/navigation_semantic.cpp:175:41: error: ‘using rclcpp::Publisher<example_interfaces::msg::UInt32_<std::allocator<void> > >::SharedPtr = class std::shared_ptr<rclcpp::Publisher<example_interfaces::msg::UInt32_<std::allocator<void> > > >’ {aka ‘class std::shared_ptr<rclcpp::Publisher<example_interfaces::msg::UInt32_<std::allocator<void> > > >’} has no member named ‘publish’
[24.722s]   175 |                         pub_behaviorID_.publish(commandId);
[24.722s]       |                                         ^~~~~~~
[24.722s] /home/neha/ros2_ws/src/semnav_migration/src/navigation_semantic.cpp: In member function ‘void SemanticNavigationNode::publish_behavior_mode(uint16_t)’:
[24.723s] /home/neha/ros2_ws/src/semnav_migration/src/navigation_semantic.cpp:182:43: error: ‘using rclcpp::Publisher<example_interfaces::msg::UInt32_<std::allocator<void> > >::SharedPtr = class std::shared_ptr<rclcpp::Publisher<example_interfaces::msg::UInt32_<std::allocator<void> > > >’ {aka ‘class std::shared_ptr<rclcpp::Publisher<example_interfaces::msg::UInt32_<std::allocator<void> > > >’} has no member named ‘publish’
[24.723s]   182 |                         pub_behaviorMode_.publish(commandMode);
[24.723s]       |                                           ^~~~~~~
[24.802s] /home/neha/ros2_ws/src/semnav_migration/src/navigation_semantic.cpp: In member function ‘void SemanticNavigationNode::control_callback(const sensor_msgs::msg::LaserScan_<std::allocator<void> >::ConstPtr&, const nav_msgs::msg::Odometry_<std::allocator<void> >::ConstPtr&)’:
[24.802s] /home/neha/ros2_ws/src/semnav_migration/src/navigation_semantic.cpp:406:43: error: ‘class tf2_ros::TransformListener’ has no member named ‘waitForTransform’
[24.804s]   406 |                                 listener_.waitForTransform(world_frame_id_, odom_frame_id_, rclcpp::Time(0), rclcpp::Duration(std::chrono::nanoseconds(1000000000));
[24.804s]       |                                           ^~~~~~~~~~~~~~~~
[24.805s] /home/neha/ros2_ws/src/semnav_migration/src/navigation_semantic.cpp:406:164: error: expected ‘)’ before ‘;’ token
[24.805s]   406 |                                 listener_.waitForTransform(world_frame_id_, odom_frame_id_, rclcpp::Time(0), rclcpp::Duration(std::chrono::nanoseconds(1000000000));
[24.805s]       |                                                                                                                                                                    ^
[24.805s] /home/neha/ros2_ws/src/semnav_migration/src/navigation_semantic.cpp:406:59: note: to match this ‘(’
[24.806s]   406 |                                 listener_.waitForTransform(world_frame_id_, odom_frame_id_, rclcpp::Time(0), rclcpp::Duration(std::chrono::nanoseconds(1000000000));
[24.806s]       |                                                           ^
[24.806s] /home/neha/ros2_ws/src/semnav_migration/src/navigation_semantic.cpp:407:43: error: ‘class tf2_ros::TransformListener’ has no member named ‘transformPose’
[24.806s]   407 |                                 listener_.transformPose(world_frame_id_, odomPose, mapPose);
[24.806s]       |                                           ^~~~~~~~~~~~~
[24.806s] In file included from /opt/ros/jazzy/include/rclcpp/rclcpp/copy_all_parameter_values.hpp:27,
[24.807s]                  from /opt/ros/jazzy/include/rclcpp/rclcpp/rclcpp.hpp:171:
[24.807s] /home/neha/ros2_ws/src/semnav_migration/src/navigation_semantic.cpp:409:33: error: static assertion failed: First argument to logging macros must be an rclcpp::Logger
[24.807s]   409 |                                 RCLCPP_ERROR("%s",ex.what());
[24.807s]       |                                 ^~~~~~~~~~~~
[24.809s] In file included from /opt/ros/jazzy/include/rclcpp/rclcpp/logging.hpp:24:
[24.809s] /home/neha/ros2_ws/src/semnav_migration/src/navigation_semantic.cpp:409:33: error: request for member ‘get_name’ in ‘("%s")’, which is of non-class type ‘const char [3]’
[24.810s]   409 |                                 RCLCPP_ERROR("%s",ex.what());
[24.810s]       |                                 ^~~~~~~~~~~~
[24.810s] /home/neha/ros2_ws/src/semnav_migration/src/navigation_semantic.cpp:409:33: error: request for member ‘get_name’ in ‘("%s")’, which is of non-class type ‘const char [3]’
[24.810s]   409 |                                 RCLCPP_ERROR("%s",ex.what());
[24.810s]       |                                 ^~~~~~~~~~~~
[24.810s] /home/neha/ros2_ws/src/semnav_migration/src/navigation_semantic.cpp:434:42: error: could not convert ‘lidar_data’ from ‘shared_ptr<LaserScan_<[...]>>’ to ‘shared_ptr<LaserScan_<[...]>>’
[24.810s]   434 |                         constructLIDAR2D(lidar_data, CutoffRange_, AllowableRange_, RobotPitch_, &LIDAR);
[24.810s]       |                                          ^~~~~~~~~~
[24.811s]       |                                          |
[24.811s]       |                                          shared_ptr<LaserScan_<[...]>>
[24.849s] /home/neha/ros2_ws/src/semnav_migration/src/navigation_semantic.cpp: In function ‘int main(int, char**)’:
[24.849s] /home/neha/ros2_ws/src/semnav_migration/src/navigation_semantic.cpp:700:34: error: invalid initialization of reference of type ‘const rclcpp::InitOptions&’ from expression of type ‘const char [20]’
[24.849s]   700 |         rclcpp::init(argc, argv, "navigation_semantic");
[24.849s]       |                                  ^~~~~~~~~~~~~~~~~~~~~
[24.849s] In file included from /opt/ros/jazzy/include/rclcpp/rclcpp/logging.hpp:25:
[24.850s] /opt/ros/jazzy/include/rclcpp/rclcpp/utilities.hpp:78:23: note: in passing argument 3 of ‘void rclcpp::init(int, const char* const*, const InitOptions&, SignalHandlerOptions)’
[24.850s]    78 |   const InitOptions & init_options = InitOptions(),
[24.850s]       |   ~~~~~~~~~~~~~~~~~~~~^~~~~~~~~~~~~~~~~~~~~~~~~~~~
[28.153s] In file included from /usr/include/c++/13/bits/alloc_traits.h:33,
[28.153s]                  from /usr/include/c++/13/ext/alloc_traits.h:34,
[28.153s]                  from /usr/include/c++/13/bits/basic_string.h:39,
[28.154s]                  from /usr/include/c++/13/string:54,
[28.154s]                  from /usr/include/c++/13/bits/locale_classes.h:40,
[28.154s]                  from /usr/include/c++/13/bits/ios_base.h:41,
[28.154s]                  from /usr/include/c++/13/streambuf:43,
[28.154s]                  from /usr/include/c++/13/bits/streambuf_iterator.h:35,
[28.154s]                  from /usr/include/c++/13/iterator:66,
[28.155s]                  from /usr/include/boost/iterator/iterator_traits.hpp:10,
[28.155s]                  from /usr/include/boost/range/mutable_iterator.hpp:23,
[28.155s]                  from /usr/include/boost/range/iterator.hpp:20,
[28.155s]                  from /usr/include/boost/range/value_type.hpp:19,
[28.155s]                  from /usr/include/boost/geometry/core/closure.hpp:21,
[28.155s]                  from /usr/include/boost/geometry/geometry.hpp:31:
[28.155s] /usr/include/c++/13/bits/stl_construct.h: In instantiation of ‘void std::_Construct(_Tp*, _Args&& ...) [with _Tp = NavigationNode; _Args = {const char (&)[16]}]’:
[28.156s] /usr/include/c++/13/bits/alloc_traits.h:661:19:   required from ‘static void std::allocator_traits<std::allocator<void> >::construct(allocator_type&, _Up*, _Args&& ...) [with _Up = NavigationNode; _Args = {const char (&)[16]}; allocator_type = std::allocator<void>]’
[28.156s] /usr/include/c++/13/bits/shared_ptr_base.h:604:39:   required from ‘std::_Sp_counted_ptr_inplace<_Tp, _Alloc, _Lp>::_Sp_counted_ptr_inplace(_Alloc, _Args&& ...) [with _Args = {const char (&)[16]}; _Tp = NavigationNode; _Alloc = std::allocator<void>; __gnu_cxx::_Lock_policy _Lp = __gnu_cxx::_S_atomic]’
[28.156s] /usr/include/c++/13/bits/shared_ptr_base.h:971:16:   required from ‘std::__shared_count<_Lp>::__shared_count(_Tp*&, std::_Sp_alloc_shared_tag<_Alloc>, _Args&& ...) [with _Tp = NavigationNode; _Alloc = std::allocator<void>; _Args = {const char (&)[16]}; __gnu_cxx::_Lock_policy _Lp = __gnu_cxx::_S_atomic]’
[28.156s] /usr/include/c++/13/bits/shared_ptr_base.h:1712:14:   required from ‘std::__shared_ptr<_Tp, _Lp>::__shared_ptr(std::_Sp_alloc_shared_tag<_Tp>, _Args&& ...) [with _Alloc = std::allocator<void>; _Args = {const char (&)[16]}; _Tp = NavigationNode; __gnu_cxx::_Lock_policy _Lp = __gnu_cxx::_S_atomic]’
[28.156s] /usr/include/c++/13/bits/shared_ptr.h:464:59:   required from ‘std::shared_ptr<_Tp>::shared_ptr(std::_Sp_alloc_shared_tag<_Tp>, _Args&& ...) [with _Alloc = std::allocator<void>; _Args = {const char (&)[16]}; _Tp = NavigationNode]’
[28.156s] /usr/include/c++/13/bits/shared_ptr.h:1009:14:   required from ‘std::shared_ptr<typename std::enable_if<(! std::is_array< <template-parameter-1-1> >::value), _Tp>::type> std::make_shared(_Args&& ...) [with _Tp = NavigationNode; _Args = {const char (&)[16]}; typename enable_if<(! is_array< <template-parameter-1-1> >::value), _Tp>::type = NavigationNode]’
[28.156s] /home/neha/ros2_ws/src/semnav_migration/src/navigation.cpp:675:50:   required from here
[28.157s] /usr/include/c++/13/bits/stl_construct.h:119:7: error: no matching function for call to ‘NavigationNode::NavigationNode(const char [16])’
[28.157s]   119 |       ::new((void*)__p) _Tp(std::forward<_Args>(__args)...);
[28.157s]       |       ^~~~~~~~~~~~~~~~~~~~~~~~~~~~~~~~~~~~~~~~~~~~~~~~~~~~~
[28.159s] /home/neha/ros2_ws/src/semnav_migration/src/navigation.cpp:46:9: note: candidate: ‘NavigationNode::NavigationNode()’
[28.159s]    46 |         NavigationNode() : Node(std::string("navigation_node")) {
[28.160s]       |         ^~~~~~~~~~~~~~
[28.160s] /home/neha/ros2_ws/src/semnav_migration/src/navigation.cpp:46:9: note:   candidate expects 0 arguments, 1 provided
[28.294s] In file included from /usr/include/c++/13/bits/alloc_traits.h:33,
[28.295s]                  from /usr/include/c++/13/ext/alloc_traits.h:34,
[28.295s]                  from /usr/include/c++/13/bits/basic_string.h:39,
[28.295s]                  from /usr/include/c++/13/string:54,
[28.295s]                  from /usr/include/c++/13/bits/locale_classes.h:40,
[28.295s]                  from /usr/include/c++/13/bits/ios_base.h:41,
[28.295s]                  from /usr/include/c++/13/streambuf:43,
[28.295s]                  from /usr/include/c++/13/bits/streambuf_iterator.h:35,
[28.296s]                  from /usr/include/c++/13/iterator:66,
[28.296s]                  from /usr/include/boost/iterator/iterator_traits.hpp:10,
[28.296s]                  from /usr/include/boost/range/mutable_iterator.hpp:23,
[28.298s]                  from /usr/include/boost/range/iterator.hpp:20,
[28.298s]                  from /usr/include/boost/range/value_type.hpp:19,
[28.299s]                  from /usr/include/boost/geometry/core/closure.hpp:21,
[28.299s]                  from /usr/include/boost/geometry/geometry.hpp:31:
[28.299s] /usr/include/c++/13/bits/stl_construct.h: In instantiation of ‘void std::_Construct(_Tp*, _Args&& ...) [with _Tp = SemanticNavigationNode; _Args = {const char (&)[25]}]’:
[28.299s] /usr/include/c++/13/bits/alloc_traits.h:661:19:   required from ‘static void std::allocator_traits<std::allocator<void> >::construct(allocator_type&, _Up*, _Args&& ...) [with _Up = SemanticNavigationNode; _Args = {const char (&)[25]}; allocator_type = std::allocator<void>]’
[28.299s] /usr/include/c++/13/bits/shared_ptr_base.h:604:39:   required from ‘std::_Sp_counted_ptr_inplace<_Tp, _Alloc, _Lp>::_Sp_counted_ptr_inplace(_Alloc, _Args&& ...) [with _Args = {const char (&)[25]}; _Tp = SemanticNavigationNode; _Alloc = std::allocator<void>; __gnu_cxx::_Lock_policy _Lp = __gnu_cxx::_S_atomic]’
[28.299s] /usr/include/c++/13/bits/shared_ptr_base.h:971:16:   required from ‘std::__shared_count<_Lp>::__shared_count(_Tp*&, std::_Sp_alloc_shared_tag<_Alloc>, _Args&& ...) [with _Tp = SemanticNavigationNode; _Alloc = std::allocator<void>; _Args = {const char (&)[25]}; __gnu_cxx::_Lock_policy _Lp = __gnu_cxx::_S_atomic]’
[28.299s] /usr/include/c++/13/bits/shared_ptr_base.h:1712:14:   required from ‘std::__shared_ptr<_Tp, _Lp>::__shared_ptr(std::_Sp_alloc_shared_tag<_Tp>, _Args&& ...) [with _Alloc = std::allocator<void>; _Args = {const char (&)[25]}; _Tp = SemanticNavigationNode; __gnu_cxx::_Lock_policy _Lp = __gnu_cxx::_S_atomic]’
[28.300s] /usr/include/c++/13/bits/shared_ptr.h:464:59:   required from ‘std::shared_ptr<_Tp>::shared_ptr(std::_Sp_alloc_shared_tag<_Tp>, _Args&& ...) [with _Alloc = std::allocator<void>; _Args = {const char (&)[25]}; _Tp = SemanticNavigationNode]’
[28.300s] /usr/include/c++/13/bits/shared_ptr.h:1009:14:   required from ‘std::shared_ptr<typename std::enable_if<(! std::is_array< <template-parameter-1-1> >::value), _Tp>::type> std::make_shared(_Args&& ...) [with _Tp = SemanticNavigationNode; _Args = {const char (&)[25]}; typename enable_if<(! is_array< <template-parameter-1-1> >::value), _Tp>::type = SemanticNavigationNode]’
[28.300s] /home/neha/ros2_ws/src/semnav_migration/src/navigation_semantic.cpp:701:58:   required from here
[28.302s] /usr/include/c++/13/bits/stl_construct.h:119:7: error: no matching function for call to ‘SemanticNavigationNode::SemanticNavigationNode(const char [25])’
[28.302s]   119 |       ::new((void*)__p) _Tp(std::forward<_Args>(__args)...);
[28.303s]       |       ^~~~~~~~~~~~~~~~~~~~~~~~~~~~~~~~~~~~~~~~~~~~~~~~~~~~~
[28.303s] /home/neha/ros2_ws/src/semnav_migration/src/navigation_semantic.cpp:46:17: note: candidate: ‘SemanticNavigationNode::SemanticNavigationNode()’
[28.303s]    46 |                 SemanticNavigationNode() : Node("semantic_navigation_node")  {
[28.303s]       |                 ^~~~~~~~~~~~~~~~~~~~~~
[28.303s] /home/neha/ros2_ws/src/semnav_migration/src/navigation_semantic.cpp:46:17: note:   candidate expects 0 arguments, 1 provided
[39.281s] gmake[2]: *** [CMakeFiles/navigation.dir/build.make:76: CMakeFiles/navigation.dir/src/navigation.cpp.o] Error 1
[39.282s] gmake[1]: *** [CMakeFiles/Makefile2:181: CMakeFiles/navigation.dir/all] Error 2
[39.282s] gmake[1]: *** Waiting for unfinished jobs....
[39.368s] gmake[2]: *** [CMakeFiles/navigation_semantic.dir/build.make:76: CMakeFiles/navigation_semantic.dir/src/navigation_semantic.cpp.o] Error 1
[39.369s] gmake[1]: *** [CMakeFiles/Makefile2:207: CMakeFiles/navigation_semantic.dir/all] Error 2
[39.369s] gmake: *** [Makefile:146: all] Error 2
[39.372s] Invoked command in '/home/neha/ros2_ws/src/semnav_migration/build/semnav' returned '2': CMAKE_PREFIX_PATH=${CMAKE_PREFIX_PATH}:/opt/ros/jazzy DEBUGINFOD_URLS=https://debuginfod.ubuntu.com /usr/bin/cmake --build /home/neha/ros2_ws/src/semnav_migration/build/semnav -- -j2 -l2
