[0.045s] Invoking command in '/home/neha/ros2_ws/src/semnav_migration/build/semnav': CMAKE_PREFIX_PATH=${CMAKE_PREFIX_PATH}:/opt/ros/jazzy DEBUGINFOD_URLS=https://debuginfod.ubuntu.com /usr/bin/cmake --build /home/neha/ros2_ws/src/semnav_migration/build/semnav -- -j2 -l2
[0.325s] [ 14%] Built target reactive_planner
[0.599s] [ 19%] Building CXX object CMakeFiles/navigation.dir/src/navigation.cpp.o
[0.607s] [ 23%] Building CXX object CMakeFiles/navigation_semantic.dir/src/navigation_semantic.cpp.o
[42.784s] /home/neha/ros2_ws/src/semnav_migration/src/navigation_semantic.cpp:624:17: error: ‘ros’ does not name a type
[42.784s]   624 |                 ros::NodeHandle nh_;
[42.787s]       |                 ^~~
[42.796s] /home/neha/ros2_ws/src/semnav_migration/src/navigation_semantic.cpp:641:17: error: ‘ros’ does not name a type
[42.797s]   641 |                 ros::Publisher pub_behaviorID_;
[42.797s]       |                 ^~~
[42.811s] /home/neha/ros2_ws/src/semnav_migration/src/navigation_semantic.cpp:642:17: error: ‘ros’ does not name a type
[42.811s]   642 |                 ros::Publisher pub_behaviorMode_;
[42.811s]       |                 ^~~
[42.818s] /home/neha/ros2_ws/src/semnav_migration/src/navigation.cpp:664:22: error: ‘TransformListener’ in namespace ‘tf2’ does not name a type
[42.818s]   664 |                 tf2::TransformListener listener_;
[42.818s]       |                      ^~~~~~~~~~~~~~~~~
[42.820s] /home/neha/ros2_ws/src/semnav_migration/src/navigation_semantic.cpp:643:17: error: ‘ros’ does not name a type
[42.820s]   643 |                 ros::Publisher pub_twist_;
[42.821s]       |                 ^~~
[42.825s] /home/neha/ros2_ws/src/semnav_migration/src/navigation.cpp: In constructor ‘NavigationNode::NavigationNode()’:
[42.825s] /home/neha/ros2_ws/src/semnav_migration/src/navigation.cpp:47:63: error: no matching function for call to ‘rclcpp::Node::Node()’
[42.825s]    47 |         NavigationNode() : Node(std::string("navigation_node")) {
[42.826s]       |                                                               ^
[42.826s] In file included from /opt/ros/jazzy/include/rclcpp/rclcpp/executors/single_threaded_executor.hpp:28,
[42.829s]                  from /opt/ros/jazzy/include/rclcpp/rclcpp/executors.hpp:22,
[42.829s]                  from /opt/ros/jazzy/include/rclcpp/rclcpp/rclcpp.hpp:172,
[42.829s]                  from /home/neha/ros2_ws/src/semnav_migration/include/reactive_planner_lib.h:32,
[42.830s]                  from /home/neha/ros2_ws/src/semnav_migration/src/navigation.cpp:25:
[42.830s] /opt/ros/jazzy/include/rclcpp/rclcpp/node.hpp:1629:3: note: candidate: ‘rclcpp::Node::Node(const rclcpp::Node&, const std::string&)’
[42.832s]  1629 |   Node(
[42.833s]       |   ^~~~
[42.833s] /opt/ros/jazzy/include/rclcpp/rclcpp/node.hpp:1629:3: note:   candidate expects 2 arguments, 0 provided
[42.834s] /opt/ros/jazzy/include/rclcpp/rclcpp/node.hpp:103:12: note: candidate: ‘rclcpp::Node::Node(const std::string&, const std::string&, const rclcpp::NodeOptions&)’
[42.834s]   103 |   explicit Node(
[42.834s]       |            ^~~~
[42.837s] /opt/ros/jazzy/include/rclcpp/rclcpp/node.hpp:103:12: note:   candidate expects 3 arguments, 0 provided
[42.837s] /opt/ros/jazzy/include/rclcpp/rclcpp/node.hpp:91:12: note: candidate: ‘rclcpp::Node::Node(const std::string&, const rclcpp::NodeOptions&)’
[42.837s]    91 |   explicit Node(
[42.838s]       |            ^~~~
[42.838s] /opt/ros/jazzy/include/rclcpp/rclcpp/node.hpp:91:12: note:   candidate expects 2 arguments, 0 provided
[42.838s] /home/neha/ros2_ws/src/semnav_migration/src/navigation_semantic.cpp:645:17: error: ‘ros’ does not name a type
[42.841s]   645 |                 ros::Publisher pub_semantic_map_;
[42.841s]       |                 ^~~
[42.863s] /home/neha/ros2_ws/src/semnav_migration/src/navigation_semantic.cpp:691:17: error: ‘tf’ does not name a type; did you mean ‘tm’?
[42.864s]   691 |                 tf::TransformListener listener_;
[42.864s]       |                 ^~
[42.864s]       |                 tm
[43.057s] /home/neha/ros2_ws/src/semnav_migration/src/navigation.cpp:139:13: error: ‘pub_behaviorID_’ was not declared in this scope; did you mean ‘pub_behaviorID_topic_’?
[43.057s]   139 |             pub_behaviorID_ = this->create_publisher<std_msgs::msg::UInt32>("pub_behaviorID_topic_", 1);
[43.057s]       |             ^~~~~~~~~~~~~~~
[43.058s]       |             pub_behaviorID_topic_
[43.064s] /home/neha/ros2_ws/src/semnav_migration/src/navigation.cpp:139:69: error: ‘UInt32’ is not a member of ‘std_msgs::msg’
[43.064s]   139 |             pub_behaviorID_ = this->create_publisher<std_msgs::msg::UInt32>("pub_behaviorID_topic_", 1);
[43.064s]       |                                                                     ^~~~~~
[43.065s] /home/neha/ros2_ws/src/semnav_migration/src/navigation.cpp:139:76: error: no matching function for call to ‘NavigationNode::create_publisher<<expression error> >(const char [22], int)’
[43.065s]   139 |             pub_behaviorID_ = this->create_publisher<std_msgs::msg::UInt32>("pub_behaviorID_topic_", 1);
[43.067s]       |                               ~~~~~~~~~~~~~~~~~~~~~~~~~~~~~~~~~~~~~~~~~~~~~^~~~~~~~~~~~~~~~~~~~~~~~~~~~
[43.068s] /opt/ros/jazzy/include/rclcpp/rclcpp/node.hpp:197:3: note: candidate: ‘template<class MessageT, class AllocatorT, class PublisherT> std::shared_ptr<PublisherT> rclcpp::Node::create_publisher(const std::string&, const rclcpp::QoS&, const rclcpp::PublisherOptionsWithAllocator<AllocatorT>&)’
[43.068s]   197 |   create_publisher(
[43.068s]       |   ^~~~~~~~~~~~~~~~
[43.069s] /opt/ros/jazzy/include/rclcpp/rclcpp/node.hpp:197:3: note:   template argument deduction/substitution failed:
[43.069s] /home/neha/ros2_ws/src/semnav_migration/src/navigation.cpp:139:76: error: template argument 1 is invalid
[43.069s]   139 |             pub_behaviorID_ = this->create_publisher<std_msgs::msg::UInt32>("pub_behaviorID_topic_", 1);
[43.071s]       |                               ~~~~~~~~~~~~~~~~~~~~~~~~~~~~~~~~~~~~~~~~~~~~~^~~~~~~~~~~~~~~~~~~~~~~~~~~~
[43.088s] /home/neha/ros2_ws/src/semnav_migration/src/navigation_semantic.cpp: In constructor ‘SemanticNavigationNode::SemanticNavigationNode()’:
[43.088s] /home/neha/ros2_ws/src/semnav_migration/src/navigation_semantic.cpp:137:13: error: ‘pub_behaviorID_’ was not declared in this scope; did you mean ‘pub_behaviorID_topic_’?
[43.089s]   137 |             pub_behaviorID_ = this->create_publisher<std_msgs::msg::UInt32>("pub_behaviorID_topic_", 1);
[43.089s]       |             ^~~~~~~~~~~~~~~
[43.089s]       |             pub_behaviorID_topic_
[43.095s] /home/neha/ros2_ws/src/semnav_migration/src/navigation_semantic.cpp:137:69: error: ‘UInt32’ is not a member of ‘std_msgs::msg’
[43.095s]   137 |             pub_behaviorID_ = this->create_publisher<std_msgs::msg::UInt32>("pub_behaviorID_topic_", 1);
[43.095s]       |                                                                     ^~~~~~
[43.096s] /home/neha/ros2_ws/src/semnav_migration/src/navigation_semantic.cpp:137:76: error: no matching function for call to ‘SemanticNavigationNode::create_publisher<<expression error> >(const char [22], int)’
[43.096s]   137 |             pub_behaviorID_ = this->create_publisher<std_msgs::msg::UInt32>("pub_behaviorID_topic_", 1);
[43.096s]       |                               ~~~~~~~~~~~~~~~~~~~~~~~~~~~~~~~~~~~~~~~~~~~~~^~~~~~~~~~~~~~~~~~~~~~~~~~~~
[43.100s] In file included from /opt/ros/jazzy/include/rclcpp/rclcpp/executors/single_threaded_executor.hpp:28,
[43.100s]                  from /opt/ros/jazzy/include/rclcpp/rclcpp/executors.hpp:22,
[43.101s]                  from /opt/ros/jazzy/include/rclcpp/rclcpp/rclcpp.hpp:172,
[43.101s]                  from /home/neha/ros2_ws/src/semnav_migration/include/reactive_planner_lib.h:32,
[43.103s]                  from /home/neha/ros2_ws/src/semnav_migration/src/navigation_semantic.cpp:25:
[43.104s] /opt/ros/jazzy/include/rclcpp/rclcpp/node.hpp:197:3: note: candidate: ‘template<class MessageT, class AllocatorT, class PublisherT> std::shared_ptr<PublisherT> rclcpp::Node::create_publisher(const std::string&, const rclcpp::QoS&, const rclcpp::PublisherOptionsWithAllocator<AllocatorT>&)’
[43.104s]   197 |   create_publisher(
[43.104s]       |   ^~~~~~~~~~~~~~~~
[43.105s] /opt/ros/jazzy/include/rclcpp/rclcpp/node.hpp:197:3: note:   template argument deduction/substitution failed:
[43.105s] /home/neha/ros2_ws/src/semnav_migration/src/navigation_semantic.cpp:137:76: error: template argument 1 is invalid
[43.105s]   137 |             pub_behaviorID_ = this->create_publisher<std_msgs::msg::UInt32>("pub_behaviorID_topic_", 1);
[43.107s]       |                               ~~~~~~~~~~~~~~~~~~~~~~~~~~~~~~~~~~~~~~~~~~~~~^~~~~~~~~~~~~~~~~~~~~~~~~~~~
[43.239s] /home/neha/ros2_ws/src/semnav_migration/src/navigation.cpp:140:13: error: ‘pub_behaviorMode_’ was not declared in this scope; did you mean ‘pub_behaviorMode_topic_’?
[43.239s]   140 |             pub_behaviorMode_ = this->create_publisher<std_msgs::msg::UInt32>("pub_behaviorMode_topic_", 1);
[43.239s]       |             ^~~~~~~~~~~~~~~~~
[43.239s]       |             pub_behaviorMode_topic_
[43.249s] /home/neha/ros2_ws/src/semnav_migration/src/navigation.cpp:140:71: error: ‘UInt32’ is not a member of ‘std_msgs::msg’
[43.249s]   140 |             pub_behaviorMode_ = this->create_publisher<std_msgs::msg::UInt32>("pub_behaviorMode_topic_", 1);
[43.249s]       |                                                                       ^~~~~~
[43.250s] /home/neha/ros2_ws/src/semnav_migration/src/navigation.cpp:140:78: error: no matching function for call to ‘NavigationNode::create_publisher<<expression error> >(const char [24], int)’
[43.250s]   140 |             pub_behaviorMode_ = this->create_publisher<std_msgs::msg::UInt32>("pub_behaviorMode_topic_", 1);
[43.250s]       |                                 ~~~~~~~~~~~~~~~~~~~~~~~~~~~~~~~~~~~~~~~~~~~~~^~~~~~~~~~~~~~~~~~~~~~~~~~~~~~
[43.253s] /opt/ros/jazzy/include/rclcpp/rclcpp/node.hpp:197:3: note: candidate: ‘template<class MessageT, class AllocatorT, class PublisherT> std::shared_ptr<PublisherT> rclcpp::Node::create_publisher(const std::string&, const rclcpp::QoS&, const rclcpp::PublisherOptionsWithAllocator<AllocatorT>&)’
[43.253s]   197 |   create_publisher(
[43.253s]       |   ^~~~~~~~~~~~~~~~
[43.254s] /opt/ros/jazzy/include/rclcpp/rclcpp/node.hpp:197:3: note:   template argument deduction/substitution failed:
[43.254s] /home/neha/ros2_ws/src/semnav_migration/src/navigation.cpp:140:78: error: template argument 1 is invalid
[43.254s]   140 |             pub_behaviorMode_ = this->create_publisher<std_msgs::msg::UInt32>("pub_behaviorMode_topic_", 1);
[43.256s]       |                                 ~~~~~~~~~~~~~~~~~~~~~~~~~~~~~~~~~~~~~~~~~~~~~^~~~~~~~~~~~~~~~~~~~~~~~~~~~~~
[43.285s] /home/neha/ros2_ws/src/semnav_migration/src/navigation_semantic.cpp:138:13: error: ‘pub_behaviorMode_’ was not declared in this scope; did you mean ‘pub_behaviorMode_topic_’?
[43.285s]   138 |             pub_behaviorMode_ = this->create_publisher<std_msgs::msg::UInt32>("pub_behaviorMode_topic_", 1);
[43.286s]       |             ^~~~~~~~~~~~~~~~~
[43.286s]       |             pub_behaviorMode_topic_
[43.293s] /home/neha/ros2_ws/src/semnav_migration/src/navigation_semantic.cpp:138:71: error: ‘UInt32’ is not a member of ‘std_msgs::msg’
[43.293s]   138 |             pub_behaviorMode_ = this->create_publisher<std_msgs::msg::UInt32>("pub_behaviorMode_topic_", 1);
[43.294s]       |                                                                       ^~~~~~
[43.294s] /home/neha/ros2_ws/src/semnav_migration/src/navigation_semantic.cpp:138:78: error: no matching function for call to ‘SemanticNavigationNode::create_publisher<<expression error> >(const char [24], int)’
[43.294s]   138 |             pub_behaviorMode_ = this->create_publisher<std_msgs::msg::UInt32>("pub_behaviorMode_topic_", 1);
[43.297s]       |                                 ~~~~~~~~~~~~~~~~~~~~~~~~~~~~~~~~~~~~~~~~~~~~~^~~~~~~~~~~~~~~~~~~~~~~~~~~~~~
[43.297s] /opt/ros/jazzy/include/rclcpp/rclcpp/node.hpp:197:3: note: candidate: ‘template<class MessageT, class AllocatorT, class PublisherT> std::shared_ptr<PublisherT> rclcpp::Node::create_publisher(const std::string&, const rclcpp::QoS&, const rclcpp::PublisherOptionsWithAllocator<AllocatorT>&)’
[43.298s]   197 |   create_publisher(
[43.298s]       |   ^~~~~~~~~~~~~~~~
[43.298s] /opt/ros/jazzy/include/rclcpp/rclcpp/node.hpp:197:3: note:   template argument deduction/substitution failed:
[43.301s] /home/neha/ros2_ws/src/semnav_migration/src/navigation_semantic.cpp:138:78: error: template argument 1 is invalid
[43.301s]   138 |             pub_behaviorMode_ = this->create_publisher<std_msgs::msg::UInt32>("pub_behaviorMode_topic_", 1);
[43.301s]       |                                 ~~~~~~~~~~~~~~~~~~~~~~~~~~~~~~~~~~~~~~~~~~~~~^~~~~~~~~~~~~~~~~~~~~~~~~~~~~~
[43.341s] /home/neha/ros2_ws/src/semnav_migration/src/navigation.cpp:141:13: error: ‘pub_twist_’ was not declared in this scope; did you mean ‘publish_twist’?
[43.342s]   141 |             pub_twist_ = this->create_publisher<std_msgs::msg::UInt32>("pub_twist_topic_", 1);
[43.342s]       |             ^~~~~~~~~~
[43.342s]       |             publish_twist
[43.351s] /home/neha/ros2_ws/src/semnav_migration/src/navigation.cpp:141:64: error: ‘UInt32’ is not a member of ‘std_msgs::msg’
[43.351s]   141 |             pub_twist_ = this->create_publisher<std_msgs::msg::UInt32>("pub_twist_topic_", 1);
[43.351s]       |                                                                ^~~~~~
[43.352s] /home/neha/ros2_ws/src/semnav_migration/src/navigation.cpp:141:71: error: no matching function for call to ‘NavigationNode::create_publisher<<expression error> >(const char [17], int)’
[43.352s]   141 |             pub_twist_ = this->create_publisher<std_msgs::msg::UInt32>("pub_twist_topic_", 1);
[43.354s]       |                          ~~~~~~~~~~~~~~~~~~~~~~~~~~~~~~~~~~~~~~~~~~~~~^~~~~~~~~~~~~~~~~~~~~~~
[43.355s] /opt/ros/jazzy/include/rclcpp/rclcpp/node.hpp:197:3: note: candidate: ‘template<class MessageT, class AllocatorT, class PublisherT> std::shared_ptr<PublisherT> rclcpp::Node::create_publisher(const std::string&, const rclcpp::QoS&, const rclcpp::PublisherOptionsWithAllocator<AllocatorT>&)’
[43.355s]   197 |   create_publisher(
[43.355s]       |   ^~~~~~~~~~~~~~~~
[43.356s] /opt/ros/jazzy/include/rclcpp/rclcpp/node.hpp:197:3: note:   template argument deduction/substitution failed:
[43.356s] /home/neha/ros2_ws/src/semnav_migration/src/navigation.cpp:141:71: error: template argument 1 is invalid
[43.356s]   141 |             pub_twist_ = this->create_publisher<std_msgs::msg::UInt32>("pub_twist_topic_", 1);
[43.359s]       |                          ~~~~~~~~~~~~~~~~~~~~~~~~~~~~~~~~~~~~~~~~~~~~~^~~~~~~~~~~~~~~~~~~~~~~
[43.405s] /home/neha/ros2_ws/src/semnav_migration/src/navigation_semantic.cpp:139:13: error: ‘pub_twist_’ was not declared in this scope; did you mean ‘publish_twist’?
[43.405s]   139 |             pub_twist_ = this->create_publisher<std_msgs::msg::UInt32>("pub_twist_topic_", 1);
[43.405s]       |             ^~~~~~~~~~
[43.406s]       |             publish_twist
[43.416s] /home/neha/ros2_ws/src/semnav_migration/src/navigation_semantic.cpp:139:64: error: ‘UInt32’ is not a member of ‘std_msgs::msg’
[43.416s]   139 |             pub_twist_ = this->create_publisher<std_msgs::msg::UInt32>("pub_twist_topic_", 1);
[43.417s]       |                                                                ^~~~~~
[43.417s] /home/neha/ros2_ws/src/semnav_migration/src/navigation_semantic.cpp:139:71: error: no matching function for call to ‘SemanticNavigationNode::create_publisher<<expression error> >(const char [17], int)’
[43.419s]   139 |             pub_twist_ = this->create_publisher<std_msgs::msg::UInt32>("pub_twist_topic_", 1);
[43.420s]       |                          ~~~~~~~~~~~~~~~~~~~~~~~~~~~~~~~~~~~~~~~~~~~~~^~~~~~~~~~~~~~~~~~~~~~~
[43.420s] /opt/ros/jazzy/include/rclcpp/rclcpp/node.hpp:197:3: note: candidate: ‘template<class MessageT, class AllocatorT, class PublisherT> std::shared_ptr<PublisherT> rclcpp::Node::create_publisher(const std::string&, const rclcpp::QoS&, const rclcpp::PublisherOptionsWithAllocator<AllocatorT>&)’
[43.420s]   197 |   create_publisher(
[43.421s]       |   ^~~~~~~~~~~~~~~~
[43.421s] /opt/ros/jazzy/include/rclcpp/rclcpp/node.hpp:197:3: note:   template argument deduction/substitution failed:
[43.421s] /home/neha/ros2_ws/src/semnav_migration/src/navigation_semantic.cpp:139:71: error: template argument 1 is invalid
[43.424s]   139 |             pub_twist_ = this->create_publisher<std_msgs::msg::UInt32>("pub_twist_topic_", 1);
[43.424s]       |                          ~~~~~~~~~~~~~~~~~~~~~~~~~~~~~~~~~~~~~~~~~~~~~^~~~~~~~~~~~~~~~~~~~~~~
[43.424s] /home/neha/ros2_ws/src/semnav_migration/src/navigation_semantic.cpp:142:42: error: ‘message_filters::msg’ has not been declared
[43.425s]   142 |                         message_filters::msg::Subscriber<sensor_msgs::LaserScan> sub_laser(nh_, sub_laser_topic_, 1);
[43.425s]       |                                          ^~~
[43.427s] /home/neha/ros2_ws/src/semnav_migration/src/navigation_semantic.cpp:142:71: error: ‘LaserScan’ is not a member of ‘sensor_msgs’; did you mean ‘sensor_msgs::msg::LaserScan’?
[43.427s]   142 |                         message_filters::msg::Subscriber<sensor_msgs::LaserScan> sub_laser(nh_, sub_laser_topic_, 1);
[43.427s]       |                                                                       ^~~~~~~~~
[43.431s] In file included from /opt/ros/jazzy/include/sensor_msgs/sensor_msgs/msg/laser_scan.hpp:7,
[43.431s]                  from /home/neha/ros2_ws/src/semnav_migration/include/reactive_planner_lib.h:46:
[43.431s] /opt/ros/jazzy/include/sensor_msgs/sensor_msgs/msg/detail/laser_scan__struct.hpp:250:7: note: ‘sensor_msgs::msg::LaserScan’ declared here
[43.432s]   250 | using LaserScan =
[43.432s]       |       ^~~~~~~~~
[43.485s] /home/neha/ros2_ws/src/semnav_migration/src/navigation.cpp:144:116: error: no matching function for call to ‘message_filters::Subscriber<sensor_msgs::msg::LaserScan_<std::allocator<void> > >::Subscriber(rclcpp::Node&, std::string&, int)’
[43.485s]   144 |                         message_filters::Subscriber<sensor_msgs::msg::LaserScan> sub_laser(nh_, sub_laser_topic_, 1);
[43.485s]       |                                                                                                                    ^
[43.487s] In file included from /home/neha/ros2_ws/src/semnav_migration/include/reactive_planner_lib.h:43:
[43.487s] /opt/ros/jazzy/include/message_filters/message_filters/subscriber.h:224:3: note: candidate: ‘message_filters::Subscriber<M, NodeType>::Subscriber() [with M = sensor_msgs::msg::LaserScan_<std::allocator<void> >; NodeType = rclcpp::Node]’
[43.487s]   224 |   Subscriber() = default;
[43.488s]       |   ^~~~~~~~~~
[43.488s] /opt/ros/jazzy/include/message_filters/message_filters/subscriber.h:224:3: note:   candidate expects 0 arguments, 3 provided
[43.488s] /opt/ros/jazzy/include/message_filters/message_filters/subscriber.h:212:3: note: candidate: ‘message_filters::Subscriber<M, NodeType>::Subscriber(NodeType*, const std::string&, rmw_qos_profile_t, rclcpp::SubscriptionOptions) [with M = sensor_msgs::msg::LaserScan_<std::allocator<void> >; NodeType = rclcpp::Node; std::string = std::__cxx11::basic_string<char>; rmw_qos_profile_t = rmw_qos_profile_s; rclcpp::SubscriptionOptions = rclcpp::SubscriptionOptionsWithAllocator<std::allocator<void> >]’
[43.491s]   212 |   Subscriber(
[43.491s]       |   ^~~~~~~~~~
[43.491s] /opt/ros/jazzy/include/message_filters/message_filters/subscriber.h:212:3: note:   candidate expects 4 arguments, 3 provided
[43.491s] /opt/ros/jazzy/include/message_filters/message_filters/subscriber.h:203:3: note: candidate: ‘message_filters::Subscriber<M, NodeType>::Subscriber(NodePtr, const std::string&, rmw_qos_profile_t, rclcpp::SubscriptionOptions) [with M = sensor_msgs::msg::LaserScan_<std::allocator<void> >; NodeType = rclcpp::Node; NodePtr = std::shared_ptr<rclcpp::Node>; std::string = std::__cxx11::basic_string<char>; rmw_qos_profile_t = rmw_qos_profile_s; rclcpp::SubscriptionOptions = rclcpp::SubscriptionOptionsWithAllocator<std::allocator<void> >]’
[43.492s]   203 |   Subscriber(
[43.492s]       |   ^~~~~~~~~~
[43.494s] /opt/ros/jazzy/include/message_filters/message_filters/subscriber.h:203:3: note:   candidate expects 4 arguments, 3 provided
[43.495s] /opt/ros/jazzy/include/message_filters/message_filters/subscriber.h:188:3: note: candidate: ‘message_filters::Subscriber<M, NodeType>::Subscriber(NodeType*, const std::string&, rmw_qos_profile_t) [with M = sensor_msgs::msg::LaserScan_<std::allocator<void> >; NodeType = rclcpp::Node; std::string = std::__cxx11::basic_string<char>; rmw_qos_profile_t = rmw_qos_profile_s]’
[43.495s]   188 |   Subscriber(NodeType * node, const std::string& topic, const rmw_qos_profile_t qos = rmw_qos_profile_default)
[43.495s]       |   ^~~~~~~~~~
[43.496s] /opt/ros/jazzy/include/message_filters/message_filters/subscriber.h:188:25: note:   no known conversion for argument 1 from ‘rclcpp::Node’ to ‘rclcpp::Node*’
[43.496s]   188 |   Subscriber(NodeType * node, const std::string& topic, const rmw_qos_profile_t qos = rmw_qos_profile_default)
[43.496s]       |              ~~~~~~~~~~~^~~~
[43.499s] /opt/ros/jazzy/include/message_filters/message_filters/subscriber.h:183:3: note: candidate: ‘message_filters::Subscriber<M, NodeType>::Subscriber(NodePtr, const std::string&, rmw_qos_profile_t) [with M = sensor_msgs::msg::LaserScan_<std::allocator<void> >; NodeType = rclcpp::Node; NodePtr = std::shared_ptr<rclcpp::Node>; std::string = std::__cxx11::basic_string<char>; rmw_qos_profile_t = rmw_qos_profile_s]’
[43.499s]   183 |   Subscriber(NodePtr node, const std::string& topic, const rmw_qos_profile_t qos = rmw_qos_profile_default)
[43.499s]       |   ^~~~~~~~~~
[43.500s] /opt/ros/jazzy/include/message_filters/message_filters/subscriber.h:183:22: note:   no known conversion for argument 1 from ‘rclcpp::Node’ to ‘message_filters::Subscriber<sensor_msgs::msg::LaserScan_<std::allocator<void> > >::NodePtr’ {aka ‘std::shared_ptr<rclcpp::Node>’}
[43.500s]   183 |   Subscriber(NodePtr node, const std::string& topic, const rmw_qos_profile_t qos = rmw_qos_profile_default)
[43.500s]       |              ~~~~~~~~^~~~
[43.509s] /home/neha/ros2_ws/src/semnav_migration/src/navigation_semantic.cpp:142:92: error: ‘nh_’ was not declared in this scope
[43.509s]   142 |                         message_filters::msg::Subscriber<sensor_msgs::LaserScan> sub_laser(nh_, sub_laser_topic_, 1);
[43.509s]       |                                                                                            ^~~
[43.612s] /home/neha/ros2_ws/src/semnav_migration/src/navigation_semantic.cpp:142:82: error: ‘sub_laser’ was not declared in this scope
[43.612s]   142 |                         message_filters::msg::Subscriber<sensor_msgs::LaserScan> sub_laser(nh_, sub_laser_topic_, 1);
[43.612s]       |                                                                                  ^~~~~~~~~
[43.617s] /home/neha/ros2_ws/src/semnav_migration/src/navigation.cpp:145:112: error: no matching function for call to ‘message_filters::Subscriber<nav_msgs::msg::Odometry_<std::allocator<void> > >::Subscriber(rclcpp::Node&, std::string&, int)’
[43.617s]   145 |                         message_filters::Subscriber<nav_msgs::msg::Odometry> sub_robot(nh_, sub_robot_topic_, 1);
[43.618s]       |                                                                                                                ^
[43.618s] /opt/ros/jazzy/include/message_filters/message_filters/subscriber.h:224:3: note: candidate: ‘message_filters::Subscriber<M, NodeType>::Subscriber() [with M = nav_msgs::msg::Odometry_<std::allocator<void> >; NodeType = rclcpp::Node]’
[43.618s]   224 |   Subscriber() = default;
[43.621s]       |   ^~~~~~~~~~
[43.622s] /opt/ros/jazzy/include/message_filters/message_filters/subscriber.h:224:3: note:   candidate expects 0 arguments, 3 provided
[43.622s] /opt/ros/jazzy/include/message_filters/message_filters/subscriber.h:212:3: note: candidate: ‘message_filters::Subscriber<M, NodeType>::Subscriber(NodeType*, const std::string&, rmw_qos_profile_t, rclcpp::SubscriptionOptions) [with M = nav_msgs::msg::Odometry_<std::allocator<void> >; NodeType = rclcpp::Node; std::string = std::__cxx11::basic_string<char>; rmw_qos_profile_t = rmw_qos_profile_s; rclcpp::SubscriptionOptions = rclcpp::SubscriptionOptionsWithAllocator<std::allocator<void> >]’
[43.622s]   212 |   Subscriber(
[43.625s]       |   ^~~~~~~~~~
[43.625s] /opt/ros/jazzy/include/message_filters/message_filters/subscriber.h:212:3: note:   candidate expects 4 arguments, 3 provided
[43.625s] /opt/ros/jazzy/include/message_filters/message_filters/subscriber.h:203:3: note: candidate: ‘message_filters::Subscriber<M, NodeType>::Subscriber(NodePtr, const std::string&, rmw_qos_profile_t, rclcpp::SubscriptionOptions) [with M = nav_msgs::msg::Odometry_<std::allocator<void> >; NodeType = rclcpp::Node; NodePtr = std::shared_ptr<rclcpp::Node>; std::string = std::__cxx11::basic_string<char>; rmw_qos_profile_t = rmw_qos_profile_s; rclcpp::SubscriptionOptions = rclcpp::SubscriptionOptionsWithAllocator<std::allocator<void> >]’
[43.626s]   203 |   Subscriber(
[43.626s]       |   ^~~~~~~~~~
[43.628s] /opt/ros/jazzy/include/message_filters/message_filters/subscriber.h:203:3: note:   candidate expects 4 arguments, 3 provided
[43.629s] /opt/ros/jazzy/include/message_filters/message_filters/subscriber.h:188:3: note: candidate: ‘message_filters::Subscriber<M, NodeType>::Subscriber(NodeType*, const std::string&, rmw_qos_profile_t) [with M = nav_msgs::msg::Odometry_<std::allocator<void> >; NodeType = rclcpp::Node; std::string = std::__cxx11::basic_string<char>; rmw_qos_profile_t = rmw_qos_profile_s]’
[43.629s]   188 |   Subscriber(NodeType * node, const std::string& topic, const rmw_qos_profile_t qos = rmw_qos_profile_default)
[43.630s]       |   ^~~~~~~~~~
[43.630s] /opt/ros/jazzy/include/message_filters/message_filters/subscriber.h:188:25: note:   no known conversion for argument 1 from ‘rclcpp::Node’ to ‘rclcpp::Node*’
[43.630s]   188 |   Subscriber(NodeType * node, const std::string& topic, const rmw_qos_profile_t qos = rmw_qos_profile_default)
[43.633s]       |              ~~~~~~~~~~~^~~~
[43.633s] /opt/ros/jazzy/include/message_filters/message_filters/subscriber.h:183:3: note: candidate: ‘message_filters::Subscriber<M, NodeType>::Subscriber(NodePtr, const std::string&, rmw_qos_profile_t) [with M = nav_msgs::msg::Odometry_<std::allocator<void> >; NodeType = rclcpp::Node; NodePtr = std::shared_ptr<rclcpp::Node>; std::string = std::__cxx11::basic_string<char>; rmw_qos_profile_t = rmw_qos_profile_s]’
[43.633s]   183 |   Subscriber(NodePtr node, const std::string& topic, const rmw_qos_profile_t qos = rmw_qos_profile_default)
[43.634s]       |   ^~~~~~~~~~
[43.634s] /opt/ros/jazzy/include/message_filters/message_filters/subscriber.h:183:22: note:   no known conversion for argument 1 from ‘rclcpp::Node’ to ‘message_filters::Subscriber<nav_msgs::msg::Odometry_<std::allocator<void> > >::NodePtr’ {aka ‘std::shared_ptr<rclcpp::Node>’}
[43.636s]   183 |   Subscriber(NodePtr node, const std::string& topic, const rmw_qos_profile_t qos = rmw_qos_profile_default)
[43.637s]       |              ~~~~~~~~^~~~
[43.765s] /home/neha/ros2_ws/src/semnav_migration/src/navigation_semantic.cpp:144:94: error: ‘LaserScan’ is not a member of ‘sensor_msgs’; did you mean ‘sensor_msgs::msg::LaserScan’?
[43.766s]   144 |                         typedef message_filters::sync_policies::ApproximateTime<sensor_msgs::LaserScan,nav_msgs::msg::Odometry> SyncPolicy;
[43.766s]       |                                                                                              ^~~~~~~~~
[43.766s] /opt/ros/jazzy/include/sensor_msgs/sensor_msgs/msg/detail/laser_scan__struct.hpp:250:7: note: ‘sensor_msgs::msg::LaserScan’ declared here
[43.766s]   250 | using LaserScan =
[43.767s]       |       ^~~~~~~~~
[43.771s] /home/neha/ros2_ws/src/semnav_migration/src/navigation_semantic.cpp:144:127: error: template argument 1 is invalid
[43.771s]   144 |                         typedef message_filters::sync_policies::ApproximateTime<sensor_msgs::LaserScan,nav_msgs::msg::Odometry> SyncPolicy;
[43.771s]       |                                                                                                                               ^
[43.774s] In file included from /home/neha/ros2_ws/src/semnav_migration/include/reactive_planner_lib.h:44:
[43.774s] /opt/ros/jazzy/include/message_filters/message_filters/synchronizer.h: In instantiation of ‘class message_filters::Synchronizer<int>’:
[43.774s] /home/neha/ros2_ws/src/semnav_migration/src/navigation_semantic.cpp:147:64:   required from here
[43.775s] /opt/ros/jazzy/include/message_filters/message_filters/synchronizer.h:53:7: error: base type ‘int’ fails to be a struct or class type
[43.775s]    53 | class Synchronizer : public noncopyable, public Policy
[43.778s]       |       ^~~~~~~~~~~~
[43.779s] /opt/ros/jazzy/include/message_filters/message_filters/synchronizer.h:56:37: error: ‘int’ is not a class, struct, or union type
[43.779s]    56 |   typedef typename Policy::Messages Messages;
[43.779s]       |                                     ^~~~~~~~
[43.780s] /opt/ros/jazzy/include/message_filters/message_filters/synchronizer.h:57:35: error: ‘int’ is not a class, struct, or union type
[43.780s]    57 |   typedef typename Policy::Events Events;
[43.780s]       |                                   ^~~~~~
[43.783s] /opt/ros/jazzy/include/message_filters/message_filters/synchronizer.h:58:35: error: ‘int’ is not a class, struct, or union type
[43.783s]    58 |   typedef typename Policy::Signal Signal;
[43.784s]       |                                   ^~~~~~
[43.784s] /opt/ros/jazzy/include/message_filters/message_filters/synchronizer.h:60:58: error: ‘int’ is not a class, struct, or union type
[43.787s]    60 |   typedef typename std::tuple_element<0, Messages>::type M0;
[43.787s]       |                                                          ^~
[43.788s] /opt/ros/jazzy/include/message_filters/message_filters/synchronizer.h:61:58: error: ‘int’ is not a class, struct, or union type
[43.788s]    61 |   typedef typename std::tuple_element<1, Messages>::type M1;
[43.788s]       |                                                          ^~
[43.789s] /opt/ros/jazzy/include/message_filters/message_filters/synchronizer.h:62:58: error: ‘int’ is not a class, struct, or union type
[43.789s]    62 |   typedef typename std::tuple_element<2, Messages>::type M2;
[43.789s]       |                                                          ^~
[43.794s] /opt/ros/jazzy/include/message_filters/message_filters/synchronizer.h:63:58: error: ‘int’ is not a class, struct, or union type
[43.794s]    63 |   typedef typename std::tuple_element<3, Messages>::type M3;
[43.795s]       |                                                          ^~
[43.798s] /opt/ros/jazzy/include/message_filters/message_filters/synchronizer.h:64:58: error: ‘int’ is not a class, struct, or union type
[43.798s]    64 |   typedef typename std::tuple_element<4, Messages>::type M4;
[43.798s]       |                                                          ^~
[43.799s] /opt/ros/jazzy/include/message_filters/message_filters/synchronizer.h:65:58: error: ‘int’ is not a class, struct, or union type
[43.799s]    65 |   typedef typename std::tuple_element<5, Messages>::type M5;
[43.801s]       |                                                          ^~
[43.802s] /opt/ros/jazzy/include/message_filters/message_filters/synchronizer.h:66:58: error: ‘int’ is not a class, struct, or union type
[43.802s]    66 |   typedef typename std::tuple_element<6, Messages>::type M6;
[43.802s]       |                                                          ^~
[43.803s] /opt/ros/jazzy/include/message_filters/message_filters/synchronizer.h:67:58: error: ‘int’ is not a class, struct, or union type
[43.803s]    67 |   typedef typename std::tuple_element<7, Messages>::type M7;
[43.806s]       |                                                          ^~
[43.807s] /opt/ros/jazzy/include/message_filters/message_filters/synchronizer.h:68:58: error: ‘int’ is not a class, struct, or union type
[43.807s]    68 |   typedef typename std::tuple_element<8, Messages>::type M8;
[43.807s]       |                                                          ^~
[43.807s] /opt/ros/jazzy/include/message_filters/message_filters/synchronizer.h:71:56: error: ‘int’ is not a class, struct, or union type
[43.808s]    71 |   typedef typename std::tuple_element<0, Events>::type M0Event;
[43.808s]       |                                                        ^~~~~~~
[43.810s] /opt/ros/jazzy/include/message_filters/message_filters/synchronizer.h:72:56: error: ‘int’ is not a class, struct, or union type
[43.811s]    72 |   typedef typename std::tuple_element<1, Events>::type M1Event;
[43.811s]       |                                                        ^~~~~~~
[43.811s] /opt/ros/jazzy/include/message_filters/message_filters/synchronizer.h:73:56: error: ‘int’ is not a class, struct, or union type
[43.812s]    73 |   typedef typename std::tuple_element<2, Events>::type M2Event;
[43.812s]       |                                                        ^~~~~~~
[43.812s] /opt/ros/jazzy/include/message_filters/message_filters/synchronizer.h:74:56: error: ‘int’ is not a class, struct, or union type
[43.815s]    74 |   typedef typename std::tuple_element<3, Events>::type M3Event;
[43.815s]       |                                                        ^~~~~~~
[43.815s] /opt/ros/jazzy/include/message_filters/message_filters/synchronizer.h:75:56: error: ‘int’ is not a class, struct, or union type
[43.816s]    75 |   typedef typename std::tuple_element<4, Events>::type M4Event;
[43.816s]       |                                                        ^~~~~~~
[43.816s] /opt/ros/jazzy/include/message_filters/message_filters/synchronizer.h:76:56: error: ‘int’ is not a class, struct, or union type
[43.819s]    76 |   typedef typename std::tuple_element<5, Events>::type M5Event;
[43.819s]       |                                                        ^~~~~~~
[43.819s] /opt/ros/jazzy/include/message_filters/message_filters/synchronizer.h:77:56: error: ‘int’ is not a class, struct, or union type
[43.820s]    77 |   typedef typename std::tuple_element<6, Events>::type M6Event;
[43.820s]       |                                                        ^~~~~~~
[43.820s] /opt/ros/jazzy/include/message_filters/message_filters/synchronizer.h:78:56: error: ‘int’ is not a class, struct, or union type
[43.823s]    78 |   typedef typename std::tuple_element<7, Events>::type M7Event;
[43.823s]       |                                                        ^~~~~~~
[43.823s] /opt/ros/jazzy/include/message_filters/message_filters/synchronizer.h:79:56: error: ‘int’ is not a class, struct, or union type
[43.824s]    79 |   typedef typename std::tuple_element<8, Events>::type M8Event;
[43.824s]       |                                                        ^~~~~~~
[43.824s] /opt/ros/jazzy/include/message_filters/message_filters/synchronizer.h:325:17: error: ‘int’ is not a class, namespace, or enumeration
[43.827s]   325 |   using Policy::add;
[43.827s]       |                 ^~~
[43.827s] /opt/ros/jazzy/include/message_filters/message_filters/synchronizer.h:328:8: error: ‘int’ is not a class, struct, or union type
[43.828s]   328 |   void add(const std::shared_ptr<typename std::tuple_element<i, Messages>::type const>& msg)
[43.828s]       |        ^~~
[43.828s] /opt/ros/jazzy/include/message_filters/message_filters/synchronizer.h:344:8: error: ‘int’ is not a class, struct, or union type
[43.831s]   344 |   void cb(const typename std::tuple_element<i, Events>::type& evt)
[43.831s]       |        ^~
[43.831s] /home/neha/ros2_ws/src/semnav_migration/src/navigation_semantic.cpp:148:55: error: ‘bind’ is not a member of ‘boost’; did you mean ‘find’?
[43.832s]   148 |                         sync->registerCallback(boost::bind(&SemanticNavigationNode::control_callback, this, _1, _2));
[43.832s]       |                                                       ^~~~
[43.834s]       |                                                       find
[43.835s] /home/neha/ros2_ws/src/semnav_migration/src/navigation_semantic.cpp:148:109: error: ‘_1’ was not declared in this scope
[43.835s]   148 |                         sync->registerCallback(boost::bind(&SemanticNavigationNode::control_callback, this, _1, _2));
[43.835s]       |                                                                                                             ^~
[43.836s] /home/neha/ros2_ws/src/semnav_migration/src/navigation_semantic.cpp:148:109: note: suggested alternatives:
[43.836s] In file included from /usr/include/boost/mpl/aux_/include_preprocessed.hpp:37,
[43.836s]                  from /usr/include/boost/mpl/placeholders.hpp:43,
[43.839s]                  from /usr/include/boost/iterator/iterator_categories.hpp:16,
[43.839s]                  from /usr/include/boost/iterator/iterator_facade.hpp:13,
[43.839s]                  from /usr/include/boost/range/iterator_range_core.hpp:27,
[43.840s]                  from /usr/include/boost/lexical_cast.hpp:48,
[43.840s]                  from /usr/include/boost/multiprecision/detail/number_base.hpp:29,
[43.840s]                  from /usr/include/boost/multiprecision/traits/is_variable_precision.hpp:9,
[43.843s]                  from /usr/include/boost/multiprecision/detail/precision.hpp:9,
[43.843s]                  from /usr/include/boost/multiprecision/number.hpp:11,
[43.843s]                  from /usr/include/boost/multiprecision/cpp_int.hpp:19,
[43.844s]                  from /usr/include/boost/multiprecision/cpp_bin_float.hpp:15,
[43.844s]                  from /usr/include/boost/geometry/core/coordinate_promotion.hpp:16,
[43.844s]                  from /usr/include/boost/geometry/core/radian_access.hpp:30,
[43.847s]                  from /usr/include/boost/geometry/geometry.hpp:50,
[43.847s]                  from /usr/include/boost/geometry.hpp:17,
[43.847s]                  from /home/neha/ros2_ws/src/semnav_migration/include/reactive_planner_lib.h:26:
[43.848s] /usr/include/boost/mpl/aux_/preprocessed/gcc/placeholders.hpp:29:16: note:   ‘mpl_::_1’
[43.848s]    29 | typedef arg<1> _1;
[43.848s]       |                ^~
[43.851s] In file included from /usr/include/boost/numeric/conversion/converter_policies.hpp:13,
[43.851s]                  from /usr/include/boost/numeric/conversion/converter.hpp:14,
[43.851s]                  from /usr/include/boost/numeric/conversion/cast.hpp:33,
[43.852s]                  from /usr/include/boost/geometry/core/radian_access.hpp:26:
[43.852s] /usr/include/c++/13/functional:294:48: note:   ‘std::placeholders::_1’
[43.852s]   294 |     _GLIBCXX_PLACEHOLDER const _Placeholder<1> _1;
[43.854s]       |                                                ^~
[43.855s] /usr/include/boost/mpl/aux_/preprocessed/gcc/placeholders.hpp:29:16: note:   ‘mpl_::_1’
[43.855s]    29 | typedef arg<1> _1;
[43.855s]       |                ^~
[43.856s] In file included from /usr/include/boost/describe/members.hpp:20,
[43.856s]                  from /usr/include/boost/container_hash/is_described_class.hpp:11,
[43.856s]                  from /usr/include/boost/container_hash/hash.hpp:18,
[43.859s]                  from /usr/include/boost/functional/hash.hpp:6,
[43.859s]                  from /usr/include/CGAL/Kernel/hash_functions.h:16,
[43.859s]                  from /usr/include/CGAL/Kernel/global_functions.h:25,
[43.860s]                  from /usr/include/CGAL/Cartesian/Cartesian_base.h:22,
[43.860s]                  from /usr/include/CGAL/Simple_cartesian.h:20,
[43.862s]                  from /usr/include/CGAL/Exact_predicates_inexact_constructions_kernel.h:20,
[43.863s]                  from /home/neha/ros2_ws/src/semnav_migration/include/polygeom_lib.h:32,
[43.863s]                  from /home/neha/ros2_ws/src/semnav_migration/include/reactive_planner_lib.h:51:
[43.863s] /usr/include/boost/mp11/bind.hpp:45:7: note:   ‘boost::mp11::_1’
[43.864s]    45 | using _1 = mp_arg<0>;
[43.864s]       |       ^~
[43.864s] /usr/include/boost/mpl/aux_/preprocessed/gcc/placeholders.hpp:29:16: note:   ‘mpl_::_1’
[43.867s]    29 | typedef arg<1> _1;
[43.867s]       |                ^~
[43.867s] /home/neha/ros2_ws/src/semnav_migration/src/navigation_semantic.cpp:148:113: error: ‘_2’ was not declared in this scope
[43.868s]   148 |                         sync->registerCallback(boost::bind(&SemanticNavigationNode::control_callback, this, _1, _2));
[43.868s]       |                                                                                                                 ^~
[43.868s] /home/neha/ros2_ws/src/semnav_migration/src/navigation_semantic.cpp:148:113: note: suggested alternatives:
[43.871s] /usr/include/boost/mpl/aux_/preprocessed/gcc/placeholders.hpp:42:16: note:   ‘mpl_::_2’
[43.871s]    42 | typedef arg<2> _2;
[43.871s]       |                ^~
[43.872s] /usr/include/c++/13/functional:295:48: note:   ‘std::placeholders::_2’
[43.872s]   295 |     _GLIBCXX_PLACEHOLDER const _Placeholder<2> _2;
[43.872s]       |                                                ^~
[43.875s] /usr/include/boost/mpl/aux_/preprocessed/gcc/placeholders.hpp:42:16: note:   ‘mpl_::_2’
[43.875s]    42 | typedef arg<2> _2;
[43.875s]       |                ^~
[43.876s] /usr/include/boost/mp11/bind.hpp:46:7: note:   ‘boost::mp11::_2’
[43.876s]    46 | using _2 = mp_arg<1>;
[43.876s]       |       ^~
[43.879s] /usr/include/boost/mpl/aux_/preprocessed/gcc/placeholders.hpp:42:16: note:   ‘mpl_::_2’
[43.879s]    42 | typedef arg<2> _2;
[43.879s]       |                ^~
[43.880s] /home/neha/ros2_ws/src/semnav_migration/src/navigation_semantic.cpp:150:25: error: ‘ros’ has not been declared
[43.880s]   150 |                         ros::Subscriber sub_semantic = nh_.subscribe(sub_semantic_topic_, 1, &SemanticNavigationNode::diffeo_tree_update, this);
[43.880s]       |                         ^~~
[43.880s] /home/neha/ros2_ws/src/semnav_migration/src/navigation_semantic.cpp:154:25: error: ‘ros’ has not been declared
[43.881s]   154 |                         ros::Duration(5.0).sleep();
[43.881s]       |                         ^~~
[43.881s] /home/neha/ros2_ws/src/semnav_migration/src/navigation_semantic.cpp:161:25: error: ‘ros’ has not been declared
[43.881s]   161 |                         ros::spin();
[43.882s]       |                         ^~~
[43.923s] /home/neha/ros2_ws/src/semnav_migration/src/navigation_semantic.cpp: In member function ‘void SemanticNavigationNode::publish_twist(double, double)’:
[43.923s] /home/neha/ros2_ws/src/semnav_migration/src/navigation_semantic.cpp:168:25: error: ‘pub_twist_’ was not declared in this scope; did you mean ‘publish_twist’?
[43.923s]   168 |                         pub_twist_.publish(commandTwist);
[43.924s]       |                         ^~~~~~~~~~
[43.924s]       |                         publish_twist
[43.931s] /home/neha/ros2_ws/src/semnav_migration/src/navigation_semantic.cpp: In member function ‘void SemanticNavigationNode::publish_behavior_id(uint16_t)’:
[43.931s] /home/neha/ros2_ws/src/semnav_migration/src/navigation_semantic.cpp:173:32: error: ‘UInt32’ is not a member of ‘std_msgs::msg’
[43.931s]   173 |                 std_msgs::msg::UInt32 commandId;
[43.932s]       |                                ^~~~~~
[43.942s] /home/neha/ros2_ws/src/semnav_migration/src/navigation.cpp:150:55: error: ‘bind’ is not a member of ‘boost’; did you mean ‘find’?
[43.942s]   150 |                         sync->registerCallback(boost::bind(&NavigationNode::control_callback, this, _1, _2));
[43.942s]       |                                                       ^~~~
[43.943s]       |                                                       find
[43.949s] /home/neha/ros2_ws/src/semnav_migration/src/navigation.cpp:150:101: error: ‘_1’ was not declared in this scope
[43.950s]   150 |                         sync->registerCallback(boost::bind(&NavigationNode::control_callback, this, _1, _2));
[43.950s]       |                                                                                                     ^~
[43.950s] /home/neha/ros2_ws/src/semnav_migration/src/navigation.cpp:150:101: note: suggested alternatives:
[43.951s] In file included from /usr/include/boost/mpl/aux_/include_preprocessed.hpp:37,
[43.951s]                  from /usr/include/boost/mpl/placeholders.hpp:43,
[43.951s]                  from /usr/include/boost/iterator/iterator_categories.hpp:16,
[43.955s]                  from /usr/include/boost/iterator/iterator_facade.hpp:13,
[43.955s]                  from /usr/include/boost/range/iterator_range_core.hpp:27,
[43.955s]                  from /usr/include/boost/lexical_cast.hpp:48,
[43.956s]                  from /usr/include/boost/multiprecision/detail/number_base.hpp:29,
[43.956s]                  from /usr/include/boost/multiprecision/traits/is_variable_precision.hpp:9,
[43.958s]                  from /usr/include/boost/multiprecision/detail/precision.hpp:9,
[43.959s]                  from /usr/include/boost/multiprecision/number.hpp:11,
[43.960s]                  from /usr/include/boost/multiprecision/cpp_int.hpp:19,
[43.960s]                  from /usr/include/boost/multiprecision/cpp_bin_float.hpp:15,
[43.960s]                  from /usr/include/boost/geometry/core/coordinate_promotion.hpp:16,
[43.961s]                  from /usr/include/boost/geometry/core/radian_access.hpp:30,
[43.961s]                  from /usr/include/boost/geometry/geometry.hpp:50,
[43.961s]                  from /usr/include/boost/geometry.hpp:17,
[43.964s]                  from /home/neha/ros2_ws/src/semnav_migration/include/reactive_planner_lib.h:26:
[43.964s] /usr/include/boost/mpl/aux_/preprocessed/gcc/placeholders.hpp:29:16: note:   ‘mpl_::_1’
[43.964s]    29 | typedef arg<1> _1;
[43.968s]       |                ^~
[43.968s] In file included from /usr/include/boost/numeric/conversion/converter_policies.hpp:13,
[43.968s]                  from /usr/include/boost/numeric/conversion/converter.hpp:14,
[43.969s]                  from /usr/include/boost/numeric/conversion/cast.hpp:33,
[43.969s]                  from /usr/include/boost/geometry/core/radian_access.hpp:26:
[43.973s] /usr/include/c++/13/functional:294:48: note:   ‘std::placeholders::_1’
[43.973s]   294 |     _GLIBCXX_PLACEHOLDER const _Placeholder<1> _1;
[43.974s]       |                                                ^~
[43.974s] /usr/include/boost/mpl/aux_/preprocessed/gcc/placeholders.hpp:29:16: note:   ‘mpl_::_1’
[43.974s]    29 | typedef arg<1> _1;
[43.975s]       |                ^~
[43.975s] In file included from /usr/include/boost/describe/members.hpp:20,
[43.975s]                  from /usr/include/boost/container_hash/is_described_class.hpp:11,
[43.978s]                  from /usr/include/boost/container_hash/hash.hpp:18,
[43.978s]                  from /usr/include/boost/functional/hash.hpp:6,
[43.978s]                  from /usr/include/CGAL/Kernel/hash_functions.h:16,
[43.979s]                  from /usr/include/CGAL/Kernel/global_functions.h:25,
[43.979s]                  from /usr/include/CGAL/Cartesian/Cartesian_base.h:22,
[43.979s]                  from /usr/include/CGAL/Simple_cartesian.h:20,
[43.982s]                  from /usr/include/CGAL/Exact_predicates_inexact_constructions_kernel.h:20,
[43.982s]                  from /home/neha/ros2_ws/src/semnav_migration/include/polygeom_lib.h:32,
[43.982s]                  from /home/neha/ros2_ws/src/semnav_migration/include/reactive_planner_lib.h:51:
[43.983s] /usr/include/boost/mp11/bind.hpp:45:7: note:   ‘boost::mp11::_1’
[43.983s]    45 | using _1 = mp_arg<0>;
[43.983s]       |       ^~
[43.986s] /usr/include/boost/mpl/aux_/preprocessed/gcc/placeholders.hpp:29:16: note:   ‘mpl_::_1’
[43.986s]    29 | typedef arg<1> _1;
[43.986s]       |                ^~
[43.987s] /home/neha/ros2_ws/src/semnav_migration/src/navigation.cpp:150:105: error: ‘_2’ was not declared in this scope
[43.987s]   150 |                         sync->registerCallback(boost::bind(&NavigationNode::control_callback, this, _1, _2));
[43.987s]       |                                                                                                         ^~
[43.989s] /home/neha/ros2_ws/src/semnav_migration/src/navigation.cpp:150:105: note: suggested alternatives:
[43.990s] /usr/include/boost/mpl/aux_/preprocessed/gcc/placeholders.hpp:42:16: note:   ‘mpl_::_2’
[43.990s]    42 | typedef arg<2> _2;
[43.990s]       |                ^~
[43.990s] /usr/include/c++/13/functional:295:48: note:   ‘std::placeholders::_2’
[43.991s]   295 |     _GLIBCXX_PLACEHOLDER const _Placeholder<2> _2;
[43.991s]       |                                                ^~
[43.993s] /usr/include/boost/mpl/aux_/preprocessed/gcc/placeholders.hpp:42:16: note:   ‘mpl_::_2’
[43.994s]    42 | typedef arg<2> _2;
[43.994s]       |                ^~
[43.994s] /usr/include/boost/mp11/bind.hpp:46:7: note:   ‘boost::mp11::_2’
[43.995s]    46 | using _2 = mp_arg<1>;
[43.995s]       |       ^~
[43.995s] /usr/include/boost/mpl/aux_/preprocessed/gcc/placeholders.hpp:42:16: note:   ‘mpl_::_2’
[43.997s]    42 | typedef arg<2> _2;
[43.998s]       |                ^~
[43.998s] /home/neha/ros2_ws/src/semnav_migration/src/navigation.cpp:153:20: error: ‘Subscription’ was not declared in this scope
[43.998s]   153 |             rclcpp:Subscription sub_semantic = this->create_subscriber(sub_semantic_topic_, 1);
[43.999s]       |                    ^~~~~~~~~~~~
[43.999s] /home/neha/ros2_ws/src/semnav_migration/src/navigation.cpp:153:20: note: suggested alternatives:
[43.999s] In file included from /opt/ros/jazzy/include/rclcpp/rclcpp/any_executable.hpp:25,
[44.001s]                  from /opt/ros/jazzy/include/rclcpp/rclcpp/memory_strategy.hpp:25,
[44.002s]                  from /opt/ros/jazzy/include/rclcpp/rclcpp/memory_strategies.hpp:18,
[44.002s]                  from /opt/ros/jazzy/include/rclcpp/rclcpp/executor_options.hpp:22,
[44.002s]                  from /opt/ros/jazzy/include/rclcpp/rclcpp/executor.hpp:38,
[44.002s]                  from /opt/ros/jazzy/include/rclcpp/rclcpp/executors/multi_threaded_executor.hpp:25,
[44.003s]                  from /opt/ros/jazzy/include/rclcpp/rclcpp/executors.hpp:21:
[44.003s] /opt/ros/jazzy/include/rclcpp/rclcpp/subscription.hpp:75:7: note:   ‘rclcpp::Subscription’
[44.006s]    75 | class Subscription : public SubscriptionBase
[44.007s]       |       ^~~~~~~~~~~~
[44.007s] In file included from /opt/ros/jazzy/include/rclcpp/rclcpp/client.hpp:45,
[44.007s]                  from /opt/ros/jazzy/include/rclcpp/rclcpp/callback_group.hpp:24,
[44.008s]                  from /opt/ros/jazzy/include/rclcpp/rclcpp/any_executable.hpp:20:
[44.008s] /opt/ros/jazzy/include/rclcpp/rclcpp/node_interfaces/node_graph_interface.hpp:43:3: note:   ‘rclcpp::EndpointType::Subscription’
[44.010s]    43 |   Subscription = RMW_ENDPOINT_SUBSCRIPTION
[44.011s]       |   ^~~~~~~~~~~~
[44.011s] /home/neha/ros2_ws/src/semnav_migration/src/navigation.cpp:157:45: error: no matching function for call to ‘rclcpp::Duration::Duration(double)’
[44.011s]   157 |                         rclcpp::Duration(5.0).sleep();
[44.012s]       |                                             ^
[44.012s] In file included from /opt/ros/jazzy/include/rclcpp/rclcpp/time.hpp:24,
[44.012s]                  from /opt/ros/jazzy/include/rclcpp/rclcpp/clock.hpp:24,
[44.014s]                  from /opt/ros/jazzy/include/rclcpp/rclcpp/client.hpp:38:
[44.015s] /opt/ros/jazzy/include/rclcpp/rclcpp/duration.hpp:49:3: note: candidate: ‘template<class Rep, class Period> rclcpp::Duration::Duration(const std::chrono::duration<_Rep1, _Period1>&)’
[44.015s]    49 |   Duration(const std::chrono::duration<Rep, Period> & duration)  // NOLINT(runtime/explicit)
[44.015s]       |   ^~~~~~~~
[44.016s] /opt/ros/jazzy/include/rclcpp/rclcpp/duration.hpp:49:3: note:   template argument deduction/substitution failed:
[44.016s] /home/neha/ros2_ws/src/semnav_migration/src/navigation.cpp:157:45: note:   mismatched types ‘const std::chrono::duration<_Rep1, _Period1>’ and ‘double’
[44.016s]   157 |                         rclcpp::Duration(5.0).sleep();
[44.019s]       |                                             ^
[44.019s] /opt/ros/jazzy/include/rclcpp/rclcpp/duration.hpp:159:3: note: candidate: ‘rclcpp::Duration::Duration()’
[44.019s]   159 |   Duration() = default;
[44.019s]       |   ^~~~~~~~
[44.020s] /opt/ros/jazzy/include/rclcpp/rclcpp/duration.hpp:159:3: note:   candidate expects 0 arguments, 1 provided
[44.020s] /opt/ros/jazzy/include/rclcpp/rclcpp/duration.hpp:62:3: note: candidate: ‘rclcpp::Duration::Duration(const rclcpp::Duration&)’
[44.022s]    62 |   Duration(const Duration & rhs);
[44.023s]       |   ^~~~~~~~
[44.023s] /opt/ros/jazzy/include/rclcpp/rclcpp/duration.hpp:62:29: note:   no known conversion for argument 1 from ‘double’ to ‘const rclcpp::Duration&’
[44.023s]    62 |   Duration(const Duration & rhs);
[44.023s]       |            ~~~~~~~~~~~~~~~~~^~~
[44.024s] /opt/ros/jazzy/include/rclcpp/rclcpp/duration.hpp:60:12: note: candidate: ‘rclcpp::Duration::Duration(const rcl_duration_t&)’
[44.024s]    60 |   explicit Duration(const rcl_duration_t & duration);
[44.026s]       |            ^~~~~~~~
[44.027s] /opt/ros/jazzy/include/rclcpp/rclcpp/duration.hpp:60:44: note:   no known conversion for argument 1 from ‘double’ to ‘const rcl_duration_t&’ {aka ‘const rcl_duration_s&’}
[44.027s]    60 |   explicit Duration(const rcl_duration_t & duration);
[44.027s]       |                     ~~~~~~~~~~~~~~~~~~~~~~~^~~~~~~~
[44.028s] /opt/ros/jazzy/include/rclcpp/rclcpp/duration.hpp:54:3: note: candidate: ‘rclcpp::Duration::Duration(const builtin_interfaces::msg::Duration&)’
[44.028s]    54 |   Duration(const builtin_interfaces::msg::Duration & duration_msg);  // NOLINT(runtime/explicit)
[44.028s]       |   ^~~~~~~~
[44.030s] /opt/ros/jazzy/include/rclcpp/rclcpp/duration.hpp:54:54: note:   no known conversion for argument 1 from ‘double’ to ‘const builtin_interfaces::msg::Duration&’ {aka ‘const builtin_interfaces::msg::Duration_<std::allocator<void> >&’}
[44.031s]    54 |   Duration(const builtin_interfaces::msg::Duration & duration_msg);  // NOLINT(runtime/explicit)
[44.031s]       |            ~~~~~~~~~~~~~~~~~~~~~~~~~~~~~~~~~~~~~~~~~~^~~~~~~~~~~~
[44.031s] /opt/ros/jazzy/include/rclcpp/rclcpp/duration.hpp:43:12: note: candidate: ‘rclcpp::Duration::Duration(std::chrono::nanoseconds)’
[44.032s]    43 |   explicit Duration(std::chrono::nanoseconds nanoseconds);
[44.032s]       |            ^~~~~~~~
[44.032s] /opt/ros/jazzy/include/rclcpp/rclcpp/duration.hpp:43:46: note:   no known conversion for argument 1 from ‘double’ to ‘std::chrono::nanoseconds’ {aka ‘std::chrono::duration<long int, std::ratio<1, 1000000000> >’}
[44.034s]    43 |   explicit Duration(std::chrono::nanoseconds nanoseconds);
[44.035s]       |                     ~~~~~~~~~~~~~~~~~~~~~~~~~^~~~~~~~~~~
[44.035s] /opt/ros/jazzy/include/rclcpp/rclcpp/duration.hpp:40:3: note: candidate: ‘rclcpp::Duration::Duration(int32_t, uint32_t)’
[44.035s]    40 |   Duration(int32_t seconds, uint32_t nanoseconds);
[44.035s]       |   ^~~~~~~~
[44.036s] /opt/ros/jazzy/include/rclcpp/rclcpp/duration.hpp:40:3: note:   candidate expects 2 arguments, 1 provided
[44.056s] /home/neha/ros2_ws/src/semnav_migration/src/navigation_semantic.cpp:174:25: error: ‘commandId’ was not declared in this scope
[44.057s]   174 |                         commandId.data = BehaviorIdCmd;
[44.057s]       |                         ^~~~~~~~~
[44.063s] /home/neha/ros2_ws/src/semnav_migration/src/navigation.cpp:164:38: error: ‘node_ptr’ was not declared in this scope; did you mean ‘mode_t’?
[44.063s]   164 |                         rclcpp::spin(node_ptr);
[44.063s]       |                                      ^~~~~~~~
[44.064s]       |                                      mode_t
[44.170s] /home/neha/ros2_ws/src/semnav_migration/src/navigation.cpp: In member function ‘void NavigationNode::publish_twist(double, double)’:
[44.171s] /home/neha/ros2_ws/src/semnav_migration/src/navigation.cpp:171:25: error: ‘pub_twist_’ was not declared in this scope; did you mean ‘publish_twist’?
[44.171s]   171 |                         pub_twist_.publish(commandTwist);
[44.171s]       |                         ^~~~~~~~~~
[44.172s]       |                         publish_twist
[44.182s] /home/neha/ros2_ws/src/semnav_migration/src/navigation.cpp: In member function ‘void NavigationNode::publish_behavior_id(uint16_t)’:
[44.182s] /home/neha/ros2_ws/src/semnav_migration/src/navigation.cpp:176:28: error: ‘UInt32’ is not a member of ‘std_msgs::msg’
[44.182s]   176 |             std_msgs::msg::UInt32 commandId;
[44.183s]       |                            ^~~~~~
[44.221s] /home/neha/ros2_ws/src/semnav_migration/src/navigation_semantic.cpp:175:25: error: ‘pub_behaviorID_’ was not declared in this scope; did you mean ‘pub_behaviorID_topic_’?
[44.221s]   175 |                         pub_behaviorID_.publish(commandId);
[44.221s]       |                         ^~~~~~~~~~~~~~~
[44.222s]       |                         pub_behaviorID_topic_
[44.230s] /home/neha/ros2_ws/src/semnav_migration/src/navigation_semantic.cpp: In member function ‘void SemanticNavigationNode::publish_behavior_mode(uint16_t)’:
[44.230s] /home/neha/ros2_ws/src/semnav_migration/src/navigation_semantic.cpp:180:28: error: ‘UInt32’ is not a member of ‘std_msgs::msg’
[44.230s]   180 |             std_msgs::msg::UInt32 commandMode;
[44.231s]       |                            ^~~~~~
[44.273s] /home/neha/ros2_ws/src/semnav_migration/src/navigation.cpp:177:25: error: ‘commandId’ was not declared in this scope
[44.274s]   177 |                         commandId.data = BehaviorIdCmd;
[44.274s]       |                         ^~~~~~~~~
[44.347s] /home/neha/ros2_ws/src/semnav_migration/src/navigation_semantic.cpp:181:25: error: ‘commandMode’ was not declared in this scope
[44.348s]   181 |                         commandMode.data = BehaviorModeCmd;
[44.348s]       |                         ^~~~~~~~~~~
[44.435s] /home/neha/ros2_ws/src/semnav_migration/src/navigation.cpp:178:25: error: ‘pub_behaviorID_’ was not declared in this scope; did you mean ‘pub_behaviorID_topic_’?
[44.435s]   178 |                         pub_behaviorID_.publish(commandId);
[44.435s]       |                         ^~~~~~~~~~~~~~~
[44.436s]       |                         pub_behaviorID_topic_
[44.441s] /home/neha/ros2_ws/src/semnav_migration/src/navigation.cpp: In member function ‘void NavigationNode::publish_behavior_mode(uint16_t)’:
[44.442s] /home/neha/ros2_ws/src/semnav_migration/src/navigation.cpp:183:28: error: ‘UInt32’ is not a member of ‘std_msgs::msg’
[44.442s]   183 |             std_msgs::msg::UInt32 commandMode;
[44.442s]       |                            ^~~~~~
[44.528s] /home/neha/ros2_ws/src/semnav_migration/src/navigation_semantic.cpp:182:25: error: ‘pub_behaviorMode_’ was not declared in this scope; did you mean ‘pub_behaviorMode_topic_’?
[44.528s]   182 |                         pub_behaviorMode_.publish(commandMode);
[44.528s]       |                         ^~~~~~~~~~~~~~~~~
[44.529s]       |                         pub_behaviorMode_topic_
[44.559s] /home/neha/ros2_ws/src/semnav_migration/src/navigation.cpp:184:25: error: ‘commandMode’ was not declared in this scope
[44.559s]   184 |                         commandMode.data = BehaviorModeCmd;
[44.560s]       |                         ^~~~~~~~~~~
[44.628s] /home/neha/ros2_ws/src/semnav_migration/src/navigation_semantic.cpp: In member function ‘void SemanticNavigationNode::diffeo_tree_update(const object_pose_interface_msgs::msg::SemanticMapObjectArray_<std::allocator<void> >::ConstPtr&)’:
[44.628s] /home/neha/ros2_ws/src/semnav_migration/src/navigation_semantic.cpp:252:29: error: ‘ros’ has not been declared
[44.629s]   252 |                         if (ros::Time::now().toSec() - DiffeoTreeUpdateTime_ < (1.0/DiffeoTreeUpdateRate_)) {
[44.629s]       |                             ^~~
[44.632s] /home/neha/ros2_ws/src/semnav_migration/src/navigation_semantic.cpp:256:53: error: ‘ros’ has not been declared
[44.632s]   256 |                                 double start_time = ros::Time::now().toSec();
[44.632s]       |                                                     ^~~
[44.639s] /home/neha/ros2_ws/src/semnav_migration/src/navigation_semantic.cpp:267:49: error: ‘tf’ has not been declared
[44.640s]   267 |                                                 tf::Quaternion rotation = tf::Quaternion(semantic_map_data->objects[i].pose.pose.orientation.x,
[44.640s]       |                                                 ^~
[44.640s] /home/neha/ros2_ws/src/semnav_migration/src/navigation_semantic.cpp:272:49: error: ‘tf’ has not been declared
[44.642s]   272 |                                                 tf::Matrix3x3 m(rotation);
[44.643s]       |                                                 ^~
[44.643s] /home/neha/ros2_ws/src/semnav_migration/src/navigation_semantic.cpp:275:49: error: ‘tf’ has not been declared
[44.643s]   275 |                                                 tf::Vector3 target_nominal_1(-0.5*target_object_width_ - ObstacleDilation_ - 0.08, 0.0, 0.0);
[44.644s]       |                                                 ^~
[44.644s] /home/neha/ros2_ws/src/semnav_migration/src/navigation_semantic.cpp:276:49: error: ‘tf’ has not been declared
[44.644s]   276 |                                                 tf::Vector3 target_nominal_2(0.5*target_object_width_ + ObstacleDilation_ + 0.25, 0.0, 0.0);
[44.646s]       |                                                 ^~
[44.647s] /home/neha/ros2_ws/src/semnav_migration/src/navigation_semantic.cpp:277:49: error: ‘tf’ has not been declared
[44.647s]   277 |                                                 tf::Vector3 target_nominal_1_rotated = tf::quatRotate(rotation, target_nominal_1);
[44.647s]       |                                                 ^~
[44.648s] /home/neha/ros2_ws/src/semnav_migration/src/navigation_semantic.cpp:278:49: error: ‘tf’ has not been declared
[44.648s]   278 |                                                 tf::Vector3 target_nominal_2_rotated = tf::quatRotate(rotation, target_nominal_2);
[44.648s]       |                                                 ^~
[44.695s] /home/neha/ros2_ws/src/semnav_migration/src/navigation_semantic.cpp:280:49: error: ‘m’ was not declared in this scope; did you mean ‘tm’?
[44.695s]   280 |                                                 m.getRPY(roll, pitch, yaw);
[44.695s]       |                                                 ^
[44.695s]       |                                                 tm
[44.763s] /home/neha/ros2_ws/src/semnav_migration/src/navigation.cpp:185:25: error: ‘pub_behaviorMode_’ was not declared in this scope; did you mean ‘pub_behaviorMode_topic_’?
[44.763s]   185 |                         pub_behaviorMode_.publish(commandMode);
[44.763s]       |                         ^~~~~~~~~~~~~~~~~
[44.764s]       |                         pub_behaviorMode_topic_
[44.993s] /home/neha/ros2_ws/src/semnav_migration/src/navigation_semantic.cpp:281:123: error: ‘target_nominal_1_rotated’ was not declared in this scope
[44.993s]   281 |                                                 GoalVector[0].set<0>(semantic_map_data->objects[i].pose.pose.position.x + target_nominal_1_rotated.getX());
[44.993s]       |                                                                                                                           ^~~~~~~~~~~~~~~~~~~~~~~~
[44.996s] /home/neha/ros2_ws/src/semnav_migration/src/navigation.cpp: In member function ‘void NavigationNode::control_callback(const sensor_msgs::msg::LaserScan_<std::allocator<void> >::ConstPtr&, const nav_msgs::msg::Odometry_<std::allocator<void> >::ConstPtr&)’:
[44.996s] /home/neha/ros2_ws/src/semnav_migration/src/navigation.cpp:368:33: error: ‘listener_’ was not declared in this scope
[44.997s]   368 |                                 listener_.waitForTransform(world_frame_id_, odom_frame_id_, rclcpp::Time(0), rclcpp::Duration(1.0));
[44.997s]       |                                 ^~~~~~~~~
[45.000s] /home/neha/ros2_ws/src/semnav_migration/src/navigation.cpp:368:130: error: no matching function for call to ‘rclcpp::Duration::Duration(double)’
[45.001s]   368 |                                 listener_.waitForTransform(world_frame_id_, odom_frame_id_, rclcpp::Time(0), rclcpp::Duration(1.0));
[45.001s]       |                                                                                                                                  ^
[45.001s] /opt/ros/jazzy/include/rclcpp/rclcpp/duration.hpp:49:3: note: candidate: ‘template<class Rep, class Period> rclcpp::Duration::Duration(const std::chrono::duration<_Rep1, _Period1>&)’
[45.002s]    49 |   Duration(const std::chrono::duration<Rep, Period> & duration)  // NOLINT(runtime/explicit)
[45.002s]       |   ^~~~~~~~
[45.004s] /opt/ros/jazzy/include/rclcpp/rclcpp/duration.hpp:49:3: note:   template argument deduction/substitution failed:
[45.005s] /home/neha/ros2_ws/src/semnav_migration/src/navigation.cpp:368:130: note:   mismatched types ‘const std::chrono::duration<_Rep1, _Period1>’ and ‘double’
[45.005s]   368 |                                 listener_.waitForTransform(world_frame_id_, odom_frame_id_, rclcpp::Time(0), rclcpp::Duration(1.0));
[45.005s]       |                                                                                                                                  ^
[45.006s] /opt/ros/jazzy/include/rclcpp/rclcpp/duration.hpp:159:3: note: candidate: ‘rclcpp::Duration::Duration()’
[45.006s]   159 |   Duration() = default;
[45.006s]       |   ^~~~~~~~
[45.009s] /opt/ros/jazzy/include/rclcpp/rclcpp/duration.hpp:159:3: note:   candidate expects 0 arguments, 1 provided
[45.009s] /opt/ros/jazzy/include/rclcpp/rclcpp/duration.hpp:62:3: note: candidate: ‘rclcpp::Duration::Duration(const rclcpp::Duration&)’
[45.009s]    62 |   Duration(const Duration & rhs);
[45.010s]       |   ^~~~~~~~
[45.010s] /opt/ros/jazzy/include/rclcpp/rclcpp/duration.hpp:62:29: note:   no known conversion for argument 1 from ‘double’ to ‘const rclcpp::Duration&’
[45.012s]    62 |   Duration(const Duration & rhs);
[45.013s]       |            ~~~~~~~~~~~~~~~~~^~~
[45.013s] /opt/ros/jazzy/include/rclcpp/rclcpp/duration.hpp:60:12: note: candidate: ‘rclcpp::Duration::Duration(const rcl_duration_t&)’
[45.013s]    60 |   explicit Duration(const rcl_duration_t & duration);
[45.014s]       |            ^~~~~~~~
[45.014s] /opt/ros/jazzy/include/rclcpp/rclcpp/duration.hpp:60:44: note:   no known conversion for argument 1 from ‘double’ to ‘const rcl_duration_t&’ {aka ‘const rcl_duration_s&’}
[45.017s]    60 |   explicit Duration(const rcl_duration_t & duration);
[45.017s]       |                     ~~~~~~~~~~~~~~~~~~~~~~~^~~~~~~~
[45.018s] /opt/ros/jazzy/include/rclcpp/rclcpp/duration.hpp:54:3: note: candidate: ‘rclcpp::Duration::Duration(const builtin_interfaces::msg::Duration&)’
[45.018s]    54 |   Duration(const builtin_interfaces::msg::Duration & duration_msg);  // NOLINT(runtime/explicit)
[45.018s]       |   ^~~~~~~~
[45.021s] /opt/ros/jazzy/include/rclcpp/rclcpp/duration.hpp:54:54: note:   no known conversion for argument 1 from ‘double’ to ‘const builtin_interfaces::msg::Duration&’ {aka ‘const builtin_interfaces::msg::Duration_<std::allocator<void> >&’}
[45.021s]    54 |   Duration(const builtin_interfaces::msg::Duration & duration_msg);  // NOLINT(runtime/explicit)
[45.021s]       |            ~~~~~~~~~~~~~~~~~~~~~~~~~~~~~~~~~~~~~~~~~~^~~~~~~~~~~~
[45.022s] /opt/ros/jazzy/include/rclcpp/rclcpp/duration.hpp:43:12: note: candidate: ‘rclcpp::Duration::Duration(std::chrono::nanoseconds)’
[45.022s]    43 |   explicit Duration(std::chrono::nanoseconds nanoseconds);
[45.022s]       |            ^~~~~~~~
[45.025s] /opt/ros/jazzy/include/rclcpp/rclcpp/duration.hpp:43:46: note:   no known conversion for argument 1 from ‘double’ to ‘std::chrono::nanoseconds’ {aka ‘std::chrono::duration<long int, std::ratio<1, 1000000000> >’}
[45.025s]    43 |   explicit Duration(std::chrono::nanoseconds nanoseconds);
[45.025s]       |                     ~~~~~~~~~~~~~~~~~~~~~~~~~^~~~~~~~~~~
[45.026s] /opt/ros/jazzy/include/rclcpp/rclcpp/duration.hpp:40:3: note: candidate: ‘rclcpp::Duration::Duration(int32_t, uint32_t)’
[45.026s]    40 |   Duration(int32_t seconds, uint32_t nanoseconds);
[45.028s]       |   ^~~~~~~~
[45.029s] /opt/ros/jazzy/include/rclcpp/rclcpp/duration.hpp:40:3: note:   candidate expects 2 arguments, 1 provided
[45.029s] /home/neha/ros2_ws/src/semnav_migration/src/navigation.cpp:398:42: error: could not convert ‘lidar_data’ from ‘shared_ptr<LaserScan_<[...]>>’ to ‘shared_ptr<LaserScan_<[...]>>’
[45.029s]   398 |                         constructLIDAR2D(lidar_data, CutoffRange_, AllowableRange_, RobotPitch_, &LIDAR);
[45.030s]       |                                          ^~~~~~~~~~
[45.030s]       |                                          |
[45.032s]       |                                          shared_ptr<LaserScan_<[...]>>
[45.063s] /home/neha/ros2_ws/src/semnav_migration/src/navigation.cpp:572:53: error: no matching function for call to ‘rclcpp::Duration::Duration(double)’
[45.063s]   572 |                                 rclcpp::Duration(5.0).sleep();
[45.063s]       |                                                     ^
[45.065s] /opt/ros/jazzy/include/rclcpp/rclcpp/duration.hpp:49:3: note: candidate: ‘template<class Rep, class Period> rclcpp::Duration::Duration(const std::chrono::duration<_Rep1, _Period1>&)’
[45.065s]    49 |   Duration(const std::chrono::duration<Rep, Period> & duration)  // NOLINT(runtime/explicit)
[45.065s]       |   ^~~~~~~~
[45.065s] /opt/ros/jazzy/include/rclcpp/rclcpp/duration.hpp:49:3: note:   template argument deduction/substitution failed:
[45.066s] /home/neha/ros2_ws/src/semnav_migration/src/navigation.cpp:572:53: note:   mismatched types ‘const std::chrono::duration<_Rep1, _Period1>’ and ‘double’
[45.066s]   572 |                                 rclcpp::Duration(5.0).sleep();
[45.066s]       |                                                     ^
[45.069s] /opt/ros/jazzy/include/rclcpp/rclcpp/duration.hpp:159:3: note: candidate: ‘rclcpp::Duration::Duration()’
[45.069s]   159 |   Duration() = default;
[45.070s]       |   ^~~~~~~~
[45.070s] /opt/ros/jazzy/include/rclcpp/rclcpp/duration.hpp:159:3: note:   candidate expects 0 arguments, 1 provided
[45.070s] /opt/ros/jazzy/include/rclcpp/rclcpp/duration.hpp:62:3: note: candidate: ‘rclcpp::Duration::Duration(const rclcpp::Duration&)’
[45.070s]    62 |   Duration(const Duration & rhs);
[45.071s]       |   ^~~~~~~~
[45.071s] /opt/ros/jazzy/include/rclcpp/rclcpp/duration.hpp:62:29: note:   no known conversion for argument 1 from ‘double’ to ‘const rclcpp::Duration&’
[45.071s]    62 |   Duration(const Duration & rhs);
[45.076s]       |            ~~~~~~~~~~~~~~~~~^~~
[45.076s] /opt/ros/jazzy/include/rclcpp/rclcpp/duration.hpp:60:12: note: candidate: ‘rclcpp::Duration::Duration(const rcl_duration_t&)’
[45.076s]    60 |   explicit Duration(const rcl_duration_t & duration);
[45.076s]       |            ^~~~~~~~
[45.077s] /opt/ros/jazzy/include/rclcpp/rclcpp/duration.hpp:60:44: note:   no known conversion for argument 1 from ‘double’ to ‘const rcl_duration_t&’ {aka ‘const rcl_duration_s&’}
[45.077s]    60 |   explicit Duration(const rcl_duration_t & duration);
[45.077s]       |                     ~~~~~~~~~~~~~~~~~~~~~~~^~~~~~~~
[45.080s] /opt/ros/jazzy/include/rclcpp/rclcpp/duration.hpp:54:3: note: candidate: ‘rclcpp::Duration::Duration(const builtin_interfaces::msg::Duration&)’
[45.080s]    54 |   Duration(const builtin_interfaces::msg::Duration & duration_msg);  // NOLINT(runtime/explicit)
[45.080s]       |   ^~~~~~~~
[45.080s] /opt/ros/jazzy/include/rclcpp/rclcpp/duration.hpp:54:54: note:   no known conversion for argument 1 from ‘double’ to ‘const builtin_interfaces::msg::Duration&’ {aka ‘const builtin_interfaces::msg::Duration_<std::allocator<void> >&’}
[45.081s]    54 |   Duration(const builtin_interfaces::msg::Duration & duration_msg);  // NOLINT(runtime/explicit)
[45.081s]       |            ~~~~~~~~~~~~~~~~~~~~~~~~~~~~~~~~~~~~~~~~~~^~~~~~~~~~~~
[45.081s] /opt/ros/jazzy/include/rclcpp/rclcpp/duration.hpp:43:12: note: candidate: ‘rclcpp::Duration::Duration(std::chrono::nanoseconds)’
[45.084s]    43 |   explicit Duration(std::chrono::nanoseconds nanoseconds);
[45.084s]       |            ^~~~~~~~
[45.084s] /opt/ros/jazzy/include/rclcpp/rclcpp/duration.hpp:43:46: note:   no known conversion for argument 1 from ‘double’ to ‘std::chrono::nanoseconds’ {aka ‘std::chrono::duration<long int, std::ratio<1, 1000000000> >’}
[45.085s]    43 |   explicit Duration(std::chrono::nanoseconds nanoseconds);
[45.085s]       |                     ~~~~~~~~~~~~~~~~~~~~~~~~~^~~~~~~~~~~
[45.085s] /opt/ros/jazzy/include/rclcpp/rclcpp/duration.hpp:40:3: note: candidate: ‘rclcpp::Duration::Duration(int32_t, uint32_t)’
[45.085s]    40 |   Duration(int32_t seconds, uint32_t nanoseconds);
[45.088s]       |   ^~~~~~~~
[45.088s] /opt/ros/jazzy/include/rclcpp/rclcpp/duration.hpp:40:3: note:   candidate expects 2 arguments, 1 provided
[45.297s] /home/neha/ros2_ws/src/semnav_migration/src/navigation_semantic.cpp:283:123: error: ‘target_nominal_2_rotated’ was not declared in this scope
[45.297s]   283 |                                                 GoalVector[1].set<0>(semantic_map_data->objects[i].pose.pose.position.x + target_nominal_2_rotated.getX());
[45.297s]       |                                                                                                                           ^~~~~~~~~~~~~~~~~~~~~~~~
[45.520s] /home/neha/ros2_ws/src/semnav_migration/src/navigation_semantic.cpp:317:49: error: ‘ROS_ERROR_STREAM’ was not declared in this scope; did you mean ‘RCLCPP_ERROR_STREAM’?
[45.520s]   317 |                                                 ROS_ERROR_STREAM("Goal blocked by object");
[45.521s]       |                                                 ^~~~~~~~~~~~~~~~
[45.521s]       |                                                 RCLCPP_ERROR_STREAM
[45.532s] /home/neha/ros2_ws/src/semnav_migration/src/navigation_semantic.cpp:365:85: error: ‘ros’ has not been declared
[45.532s]   365 |                                 ROS_WARN_STREAM("[Navigation] Updated trees in " << ros::Time::now().toSec()-start_time << " seconds.");
[45.533s]       |                                                                                     ^~~
[45.711s] /home/neha/ros2_ws/src/semnav_migration/src/navigation_semantic.cpp:365:33: error: ‘ROS_WARN_STREAM’ was not declared in this scope; did you mean ‘RCLCPP_WARN_STREAM’?
[45.711s]   365 |                                 ROS_WARN_STREAM("[Navigation] Updated trees in " << ros::Time::now().toSec()-start_time << " seconds.");
[45.711s]       |                                 ^~~~~~~~~~~~~~~
[45.712s]       |                                 RCLCPP_WARN_STREAM
[45.715s] /home/neha/ros2_ws/src/semnav_migration/src/navigation_semantic.cpp:368:57: error: ‘ros’ has not been declared
[45.715s]   368 |                                 DiffeoTreeUpdateTime_ = ros::Time::now().toSec();
[45.715s]       |                                                         ^~~
[45.716s] /home/neha/ros2_ws/src/semnav_migration/src/navigation_semantic.cpp: In member function ‘void SemanticNavigationNode::control_callback(const sensor_msgs::msg::LaserScan_<std::allocator<void> >::ConstPtr&, const nav_msgs::msg::Odometry_<std::allocator<void> >::ConstPtr&)’:
[45.716s] /home/neha/ros2_ws/src/semnav_migration/src/navigation_semantic.cpp:396:46: error: ‘ros’ has not been declared
[45.719s]   396 |                         double before_time = ros::Time::now().toSec();
[45.719s]       |                                              ^~~
[45.720s] /home/neha/ros2_ws/src/semnav_migration/src/navigation_semantic.cpp:399:40: error: ‘PoseStamped’ is not a member of ‘geometry_msgs’; did you mean ‘geometry_msgs::msg::PoseStamped’?
[45.720s]   399 |                         geometry_msgs::PoseStamped odomPose, mapPose;
[45.720s]       |                                        ^~~~~~~~~~~
[45.721s] In file included from /home/neha/ros2_ws/src/install/object_pose_interface_msgs/include/object_pose_interface_msgs/object_pose_interface_msgs/msg/detail/semantic_map_object__struct.hpp:28,
[45.721s]                  from /home/neha/ros2_ws/src/install/object_pose_interface_msgs/include/object_pose_interface_msgs/object_pose_interface_msgs/msg/detail/semantic_map_object_array__struct.hpp:25,
[45.723s]                  from /home/neha/ros2_ws/src/install/object_pose_interface_msgs/include/object_pose_interface_msgs/object_pose_interface_msgs/msg/semantic_map_object_array.hpp:7,
[45.724s]                  from /home/neha/ros2_ws/src/semnav_migration/src/navigation_semantic.cpp:26:
[45.724s] /opt/ros/jazzy/include/geometry_msgs/geometry_msgs/msg/detail/pose_stamped__struct.hpp:138:7: note: ‘geometry_msgs::msg::PoseStamped’ declared here
[45.725s]   138 | using PoseStamped =
[45.725s]       |       ^~~~~~~~~~~
[45.812s] /home/neha/ros2_ws/src/semnav_migration/src/navigation_semantic.cpp:400:25: error: ‘odomPose’ was not declared in this scope
[45.812s]   400 |                         odomPose.header.stamp = ros::Time(0);
[45.812s]       |                         ^~~~~~~~
[45.813s] /home/neha/ros2_ws/src/semnav_migration/src/navigation_semantic.cpp:400:49: error: ‘ros’ has not been declared
[45.813s]   400 |                         odomPose.header.stamp = ros::Time(0);
[45.816s]       |                                                 ^~~
[45.914s] /home/neha/ros2_ws/src/semnav_migration/src/navigation_semantic.cpp:404:33: error: ‘listener_’ was not declared in this scope
[45.914s]   404 |                                 listener_.waitForTransform(world_frame_id_, odom_frame_id_, ros::Time(0), ros::Duration(1.0));
[45.915s]       |                                 ^~~~~~~~~
[45.915s] /home/neha/ros2_ws/src/semnav_migration/src/navigation_semantic.cpp:404:93: error: ‘ros’ has not been declared
[45.918s]   404 |                                 listener_.waitForTransform(world_frame_id_, odom_frame_id_, ros::Time(0), ros::Duration(1.0));
[45.918s]       |                                                                                             ^~~
[45.918s] /home/neha/ros2_ws/src/semnav_migration/src/navigation_semantic.cpp:404:107: error: ‘ros’ has not been declared
[45.919s]   404 |                                 listener_.waitForTransform(world_frame_id_, odom_frame_id_, ros::Time(0), ros::Duration(1.0));
[45.919s]       |                                                                                                           ^~~
[45.988s] /home/neha/ros2_ws/src/semnav_migration/src/navigation_semantic.cpp:405:84: error: ‘mapPose’ was not declared in this scope
[45.989s]   405 |                                 listener_.transformPose(world_frame_id_, odomPose, mapPose);
[45.989s]       |                                                                                    ^~~~~~~
[46.002s] /home/neha/ros2_ws/src/semnav_migration/src/navigation_semantic.cpp:406:34: error: ‘tf’ does not name a type; did you mean ‘tm’?
[46.002s]   406 |                         } catch (tf::TransformException &ex) {
[46.002s]       |                                  ^~
[46.003s]       |                                  tm
[46.003s] /home/neha/ros2_ws/src/semnav_migration/src/navigation_semantic.cpp:406:57: error: expected unqualified-id before ‘&’ token
[46.005s]   406 |                         } catch (tf::TransformException &ex) {
[46.006s]       |                                                         ^
[46.006s] /home/neha/ros2_ws/src/semnav_migration/src/navigation_semantic.cpp:406:57: error: expected ‘)’ before ‘&’ token
[46.007s] /home/neha/ros2_ws/src/semnav_migration/src/navigation_semantic.cpp:406:33: note: to match this ‘(’
[46.007s]   406 |                         } catch (tf::TransformException &ex) {
[46.007s]       |                                 ^
[46.010s] /home/neha/ros2_ws/src/semnav_migration/src/navigation_semantic.cpp:406:57: error: expected ‘{’ before ‘&’ token
[46.010s]   406 |                         } catch (tf::TransformException &ex) {
[46.010s]       |                                                         ^
[46.067s] /home/neha/ros2_ws/src/semnav_migration/src/navigation_semantic.cpp:406:58: error: ‘ex’ was not declared in this scope; did you mean ‘exp’?
[46.067s]   406 |                         } catch (tf::TransformException &ex) {
[46.070s]       |                                                          ^~
[46.070s]       |                                                          exp
[46.070s] /home/neha/ros2_ws/src/semnav_migration/src/navigation_semantic.cpp:412:25: error: ‘tf’ has not been declared
[46.071s]   412 |                         tf::Quaternion rotation = tf::Quaternion(mapPose.pose.orientation.x,
[46.071s]       |                         ^~
[46.071s] /home/neha/ros2_ws/src/semnav_migration/src/navigation_semantic.cpp:416:25: error: ‘tf’ has not been declared
[46.074s]   416 |                         tf::Matrix3x3 m(rotation);
[46.074s]       |                         ^~
[46.133s] /home/neha/ros2_ws/src/semnav_migration/src/navigation_semantic.cpp:418:25: error: ‘m’ was not declared in this scope; did you mean ‘tm’?
[46.133s]   418 |                         m.getRPY(roll, pitch, yaw);
[46.134s]       |                         ^
[46.134s]       |                         tm
[46.210s] /home/neha/ros2_ws/src/semnav_migration/src/navigation_semantic.cpp:419:51: error: ‘mapPose’ was not declared in this scope
[46.210s]   419 |                         double x_robot_position = mapPose.pose.position.x;
[46.211s]       |                                                   ^~~~~~~
[46.227s] /home/neha/ros2_ws/src/semnav_migration/src/navigation_semantic.cpp:432:42: error: could not convert ‘lidar_data’ from ‘shared_ptr<LaserScan_<[...]>>’ to ‘shared_ptr<LaserScan_<[...]>>’
[46.227s]   432 |                         constructLIDAR2D(lidar_data, CutoffRange_, AllowableRange_, RobotPitch_, &LIDAR);
[46.228s]       |                                          ^~~~~~~~~~
[46.228s]       |                                          |
[46.228s]       |                                          shared_ptr<LaserScan_<[...]>>
[46.265s] /home/neha/ros2_ws/src/semnav_migration/src/navigation_semantic.cpp:562:96: error: invalid operands of types ‘const char [53]’ and ‘double’ to binary ‘operator<<’
[46.265s]   562 |                         ROS_WARN_STREAM("[Navigation] Diffeomorphism jacobian determinant is " << MatrixDeterminant(RobotPositionTransformedD) << ", robot position is " << bg::dsv(RobotPosition_) << " and robot positon in model space is " << bg::dsv(RobotPositionTransformedPoint));
[46.266s]       |                                         ~~~~~~~~~~~~~~~~~~~~~~~~~~~~~~~~~~~~~~~~~~~~~~~~~~~~~~ ^~ ~~~~~~~~~~~~~~~~~~~~~~~~~~~~~~~~~~~~~~~~~~~~
[46.266s]       |                                         |                                                                          |
[46.266s]       |                                         const char [53]                                                            double
[46.451s] /home/neha/ros2_ws/src/semnav_migration/src/navigation_semantic.cpp:562:25: error: ‘ROS_WARN_STREAM’ was not declared in this scope; did you mean ‘RCLCPP_WARN_STREAM’?
[46.451s]   562 |                         ROS_WARN_STREAM("[Navigation] Diffeomorphism jacobian determinant is " << MatrixDeterminant(RobotPositionTransformedD) << ", robot position is " << bg::dsv(RobotPosition_) << " and robot positon in model space is " << bg::dsv(RobotPositionTransformedPoint));
[46.452s]       |                         ^~~~~~~~~~~~~~~
[46.452s]       |                         RCLCPP_WARN_STREAM
[46.457s] /home/neha/ros2_ws/src/semnav_migration/src/navigation_semantic.cpp:591:41: error: ‘ros’ has not been declared
[46.458s]   591 |                                         ros::Duration(5.0).sleep();
[46.458s]       |                                         ^~~
[46.472s] /home/neha/ros2_ws/src/semnav_migration/src/navigation_semantic.cpp:616:75: error: invalid operands of types ‘const char [32]’ and ‘double’ to binary ‘operator<<’
[46.473s]   616 |                         ROS_WARN_STREAM("[Navigation] Linear command is " << LinearCmd << " and angular command is " << AngularCmd);
[46.473s]       |                                         ~~~~~~~~~~~~~~~~~~~~~~~~~~~~~~~~~ ^~ ~~~~~~~~~
[46.473s]       |                                         |                                    |
[46.477s]       |                                         const char [32]                      double
[46.478s] /home/neha/ros2_ws/src/semnav_migration/src/navigation_semantic.cpp:617:76: error: invalid operands of types ‘const char [33]’ and ‘int’ to binary ‘operator<<’
[46.478s]   617 |                         ROS_WARN_STREAM("[Navigation] Command update for " << int(localDiffeoTreeArray.size()) << " polygons in " << ros::Time::now().toSec()-before_time << " seconds.");
[46.478s]       |                                         ~~~~~~~~~~~~~~~~~~~~~~~~~~~~~~~~~~ ^~ ~~~~~~~~~~~~~~~~~~~~~~~~~~~~~~~~
[46.478s]       |                                         |                                     |
[46.479s]       |                                         const char [33]                       int
[46.479s] /home/neha/ros2_ws/src/semnav_migration/src/navigation_semantic.cpp:617:134: error: ‘ros’ has not been declared
[46.479s]   617 |                         ROS_WARN_STREAM("[Navigation] Command update for " << int(localDiffeoTreeArray.size()) << " polygons in " << ros::Time::now().toSec()-before_time << " seconds.");
[46.482s]       |                                                                                                                                      ^~~
[46.484s] /home/neha/ros2_ws/src/semnav_migration/src/navigation_semantic.cpp: In function ‘int main(int, char**)’:
[46.484s] /home/neha/ros2_ws/src/semnav_migration/src/navigation_semantic.cpp:698:9: error: ‘ros’ has not been declared
[46.484s]   698 |         ros::init(argc, argv, "navigation_semantic");
[46.485s]       |         ^~~
[46.488s] /home/neha/ros2_ws/src/semnav_migration/src/navigation_semantic.cpp:701:9: error: ‘ros’ has not been declared
[46.488s]   701 |         ros::NodeHandle nh("~");
[46.488s]       |         ^~~
[46.526s] /home/neha/ros2_ws/src/semnav_migration/src/navigation_semantic.cpp:704:56: error: ‘nh’ was not declared in this scope
[46.526s]   704 |         SemanticNavigationNode semanticNavigationNode(&nh);
[46.526s]       |                                                        ^~
[71.987s] gmake[2]: *** [CMakeFiles/navigation_semantic.dir/build.make:76: CMakeFiles/navigation_semantic.dir/src/navigation_semantic.cpp.o] Error 1
[71.989s] gmake[1]: *** [CMakeFiles/Makefile2:207: CMakeFiles/navigation_semantic.dir/all] Error 2
[71.990s] gmake[1]: *** Waiting for unfinished jobs....
[82.985s] gmake[2]: *** [CMakeFiles/navigation.dir/build.make:76: CMakeFiles/navigation.dir/src/navigation.cpp.o] Error 1
[82.986s] gmake[1]: *** [CMakeFiles/Makefile2:181: CMakeFiles/navigation.dir/all] Error 2
[82.987s] gmake: *** [Makefile:146: all] Error 2
[82.993s] Invoked command in '/home/neha/ros2_ws/src/semnav_migration/build/semnav' returned '2': CMAKE_PREFIX_PATH=${CMAKE_PREFIX_PATH}:/opt/ros/jazzy DEBUGINFOD_URLS=https://debuginfod.ubuntu.com /usr/bin/cmake --build /home/neha/ros2_ws/src/semnav_migration/build/semnav -- -j2 -l2
