[0.027s] Invoking command in '/home/neha/ros2_ws/src/semnav_migration/build/semnav': CMAKE_PREFIX_PATH=${CMAKE_PREFIX_PATH}:/opt/ros/jazzy DEBUGINFOD_URLS=https://debuginfod.ubuntu.com /usr/bin/cmake --build /home/neha/ros2_ws/src/semnav_migration/build/semnav -- -j2 -l2
[0.191s] [ 14%] Built target reactive_planner
[0.303s] [ 19%] Building CXX object CMakeFiles/navigation.dir/src/navigation.cpp.o
[0.332s] [ 23%] Building CXX object CMakeFiles/navigation_semantic.dir/src/navigation_semantic.cpp.o
[6.338s] /home/neha/ros2_ws/src/semnav_migration/src/navigation.cpp:27:10: fatal error: object_pose_interface_msgs/msg/UInt32.hpp: No such file or directory
[6.339s]    27 | #include <object_pose_interface_msgs/msg/UInt32.hpp>
[6.339s]       |          ^~~~~~~~~~~~~~~~~~~~~~~~~~~~~~~~~~~~~~~~~~~
[6.339s] compilation terminated.
[6.390s] gmake[2]: *** [CMakeFiles/navigation.dir/build.make:76: CMakeFiles/navigation.dir/src/navigation.cpp.o] Error 1
[6.391s] gmake[1]: *** [CMakeFiles/Makefile2:181: CMakeFiles/navigation.dir/all] Error 2
[6.391s] gmake[1]: *** Waiting for unfinished jobs....
[23.566s] /home/neha/ros2_ws/src/semnav_migration/src/navigation_semantic.cpp:624:17: error: ‘ros’ does not name a type
[23.566s]   624 |                 ros::NodeHandle nh_;
[23.567s]       |                 ^~~
[23.575s] /home/neha/ros2_ws/src/semnav_migration/src/navigation_semantic.cpp:641:17: error: ‘ros’ does not name a type
[23.575s]   641 |                 ros::Publisher pub_behaviorID_;
[23.575s]       |                 ^~~
[23.583s] /home/neha/ros2_ws/src/semnav_migration/src/navigation_semantic.cpp:642:17: error: ‘ros’ does not name a type
[23.583s]   642 |                 ros::Publisher pub_behaviorMode_;
[23.583s]       |                 ^~~
[23.592s] /home/neha/ros2_ws/src/semnav_migration/src/navigation_semantic.cpp:643:17: error: ‘ros’ does not name a type
[23.592s]   643 |                 ros::Publisher pub_twist_;
[23.592s]       |                 ^~~
[23.597s] /home/neha/ros2_ws/src/semnav_migration/src/navigation_semantic.cpp:645:17: error: ‘ros’ does not name a type
[23.597s]   645 |                 ros::Publisher pub_semantic_map_;
[23.598s]       |                 ^~~
[23.619s] /home/neha/ros2_ws/src/semnav_migration/src/navigation_semantic.cpp:691:17: error: ‘tf’ does not name a type; did you mean ‘tm’?
[23.620s]   691 |                 tf::TransformListener listener_;
[23.620s]       |                 ^~
[23.620s]       |                 tm
[23.749s] /home/neha/ros2_ws/src/semnav_migration/src/navigation_semantic.cpp: In constructor ‘SemanticNavigationNode::SemanticNavigationNode()’:
[23.749s] /home/neha/ros2_ws/src/semnav_migration/src/navigation_semantic.cpp:137:13: error: ‘pub_behaviorID_’ was not declared in this scope; did you mean ‘pub_behaviorID_topic_’?
[23.749s]   137 |             pub_behaviorID_ = this->create_publisher<std_msgs::msg::UInt32>("pub_behaviorID_topic_", 1);
[23.750s]       |             ^~~~~~~~~~~~~~~
[23.750s]       |             pub_behaviorID_topic_
[23.756s] /home/neha/ros2_ws/src/semnav_migration/src/navigation_semantic.cpp:137:69: error: ‘UInt32’ is not a member of ‘std_msgs::msg’
[23.756s]   137 |             pub_behaviorID_ = this->create_publisher<std_msgs::msg::UInt32>("pub_behaviorID_topic_", 1);
[23.756s]       |                                                                     ^~~~~~
[23.756s] /home/neha/ros2_ws/src/semnav_migration/src/navigation_semantic.cpp:137:76: error: no matching function for call to ‘SemanticNavigationNode::create_publisher<<expression error> >(const char [22], int)’
[23.756s]   137 |             pub_behaviorID_ = this->create_publisher<std_msgs::msg::UInt32>("pub_behaviorID_topic_", 1);
[23.756s]       |                               ~~~~~~~~~~~~~~~~~~~~~~~~~~~~~~~~~~~~~~~~~~~~~^~~~~~~~~~~~~~~~~~~~~~~~~~~~
[23.756s] In file included from /opt/ros/jazzy/include/rclcpp/rclcpp/executors/single_threaded_executor.hpp:28,
[23.757s]                  from /opt/ros/jazzy/include/rclcpp/rclcpp/executors.hpp:22,
[23.757s]                  from /opt/ros/jazzy/include/rclcpp/rclcpp/rclcpp.hpp:172,
[23.757s]                  from /home/neha/ros2_ws/src/semnav_migration/include/reactive_planner_lib.h:32,
[23.757s]                  from /home/neha/ros2_ws/src/semnav_migration/src/navigation_semantic.cpp:25:
[23.757s] /opt/ros/jazzy/include/rclcpp/rclcpp/node.hpp:197:3: note: candidate: ‘template<class MessageT, class AllocatorT, class PublisherT> std::shared_ptr<PublisherT> rclcpp::Node::create_publisher(const std::string&, const rclcpp::QoS&, const rclcpp::PublisherOptionsWithAllocator<AllocatorT>&)’
[23.766s]   197 |   create_publisher(
[23.766s]       |   ^~~~~~~~~~~~~~~~
[23.766s] /opt/ros/jazzy/include/rclcpp/rclcpp/node.hpp:197:3: note:   template argument deduction/substitution failed:
[23.766s] /home/neha/ros2_ws/src/semnav_migration/src/navigation_semantic.cpp:137:76: error: template argument 1 is invalid
[23.767s]   137 |             pub_behaviorID_ = this->create_publisher<std_msgs::msg::UInt32>("pub_behaviorID_topic_", 1);
[23.772s]       |                               ~~~~~~~~~~~~~~~~~~~~~~~~~~~~~~~~~~~~~~~~~~~~~^~~~~~~~~~~~~~~~~~~~~~~~~~~~
[23.859s] /home/neha/ros2_ws/src/semnav_migration/src/navigation_semantic.cpp:138:13: error: ‘pub_behaviorMode_’ was not declared in this scope; did you mean ‘pub_behaviorMode_topic_’?
[23.859s]   138 |             pub_behaviorMode_ = this->create_publisher<std_msgs::msg::UInt32>("pub_behaviorMode_topic_", 1);
[23.860s]       |             ^~~~~~~~~~~~~~~~~
[23.860s]       |             pub_behaviorMode_topic_
[23.863s] /home/neha/ros2_ws/src/semnav_migration/src/navigation_semantic.cpp:138:71: error: ‘UInt32’ is not a member of ‘std_msgs::msg’
[23.863s]   138 |             pub_behaviorMode_ = this->create_publisher<std_msgs::msg::UInt32>("pub_behaviorMode_topic_", 1);
[23.863s]       |                                                                       ^~~~~~
[23.864s] /home/neha/ros2_ws/src/semnav_migration/src/navigation_semantic.cpp:138:78: error: no matching function for call to ‘SemanticNavigationNode::create_publisher<<expression error> >(const char [24], int)’
[23.864s]   138 |             pub_behaviorMode_ = this->create_publisher<std_msgs::msg::UInt32>("pub_behaviorMode_topic_", 1);
[23.864s]       |                                 ~~~~~~~~~~~~~~~~~~~~~~~~~~~~~~~~~~~~~~~~~~~~~^~~~~~~~~~~~~~~~~~~~~~~~~~~~~~
[23.864s] /opt/ros/jazzy/include/rclcpp/rclcpp/node.hpp:197:3: note: candidate: ‘template<class MessageT, class AllocatorT, class PublisherT> std::shared_ptr<PublisherT> rclcpp::Node::create_publisher(const std::string&, const rclcpp::QoS&, const rclcpp::PublisherOptionsWithAllocator<AllocatorT>&)’
[23.864s]   197 |   create_publisher(
[23.865s]       |   ^~~~~~~~~~~~~~~~
[23.865s] /opt/ros/jazzy/include/rclcpp/rclcpp/node.hpp:197:3: note:   template argument deduction/substitution failed:
[23.865s] /home/neha/ros2_ws/src/semnav_migration/src/navigation_semantic.cpp:138:78: error: template argument 1 is invalid
[23.865s]   138 |             pub_behaviorMode_ = this->create_publisher<std_msgs::msg::UInt32>("pub_behaviorMode_topic_", 1);
[23.865s]       |                                 ~~~~~~~~~~~~~~~~~~~~~~~~~~~~~~~~~~~~~~~~~~~~~^~~~~~~~~~~~~~~~~~~~~~~~~~~~~~
[23.922s] /home/neha/ros2_ws/src/semnav_migration/src/navigation_semantic.cpp:139:13: error: ‘pub_twist_’ was not declared in this scope; did you mean ‘publish_twist’?
[23.922s]   139 |             pub_twist_ = this->create_publisher<std_msgs::msg::UInt32>("pub_twist_topic_", 1);
[23.922s]       |             ^~~~~~~~~~
[23.922s]       |             publish_twist
[23.927s] /home/neha/ros2_ws/src/semnav_migration/src/navigation_semantic.cpp:139:64: error: ‘UInt32’ is not a member of ‘std_msgs::msg’
[23.927s]   139 |             pub_twist_ = this->create_publisher<std_msgs::msg::UInt32>("pub_twist_topic_", 1);
[23.927s]       |                                                                ^~~~~~
[23.927s] /home/neha/ros2_ws/src/semnav_migration/src/navigation_semantic.cpp:139:71: error: no matching function for call to ‘SemanticNavigationNode::create_publisher<<expression error> >(const char [17], int)’
[23.928s]   139 |             pub_twist_ = this->create_publisher<std_msgs::msg::UInt32>("pub_twist_topic_", 1);
[23.928s]       |                          ~~~~~~~~~~~~~~~~~~~~~~~~~~~~~~~~~~~~~~~~~~~~~^~~~~~~~~~~~~~~~~~~~~~~
[23.928s] /opt/ros/jazzy/include/rclcpp/rclcpp/node.hpp:197:3: note: candidate: ‘template<class MessageT, class AllocatorT, class PublisherT> std::shared_ptr<PublisherT> rclcpp::Node::create_publisher(const std::string&, const rclcpp::QoS&, const rclcpp::PublisherOptionsWithAllocator<AllocatorT>&)’
[23.928s]   197 |   create_publisher(
[23.929s]       |   ^~~~~~~~~~~~~~~~
[23.929s] /opt/ros/jazzy/include/rclcpp/rclcpp/node.hpp:197:3: note:   template argument deduction/substitution failed:
[23.929s] /home/neha/ros2_ws/src/semnav_migration/src/navigation_semantic.cpp:139:71: error: template argument 1 is invalid
[23.930s]   139 |             pub_twist_ = this->create_publisher<std_msgs::msg::UInt32>("pub_twist_topic_", 1);
[23.930s]       |                          ~~~~~~~~~~~~~~~~~~~~~~~~~~~~~~~~~~~~~~~~~~~~~^~~~~~~~~~~~~~~~~~~~~~~
[23.930s] /home/neha/ros2_ws/src/semnav_migration/src/navigation_semantic.cpp:142:42: error: ‘message_filters::msg’ has not been declared
[23.930s]   142 |                         message_filters::msg::Subscriber<sensor_msgs::LaserScan> sub_laser(nh_, sub_laser_topic_, 1);
[23.931s]       |                                          ^~~
[23.931s] /home/neha/ros2_ws/src/semnav_migration/src/navigation_semantic.cpp:142:71: error: ‘LaserScan’ is not a member of ‘sensor_msgs’; did you mean ‘sensor_msgs::msg::LaserScan’?
[23.931s]   142 |                         message_filters::msg::Subscriber<sensor_msgs::LaserScan> sub_laser(nh_, sub_laser_topic_, 1);
[23.931s]       |                                                                       ^~~~~~~~~
[23.931s] In file included from /opt/ros/jazzy/include/sensor_msgs/sensor_msgs/msg/laser_scan.hpp:7,
[23.931s]                  from /home/neha/ros2_ws/src/semnav_migration/include/reactive_planner_lib.h:46:
[23.931s] /opt/ros/jazzy/include/sensor_msgs/sensor_msgs/msg/detail/laser_scan__struct.hpp:250:7: note: ‘sensor_msgs::msg::LaserScan’ declared here
[23.932s]   250 | using LaserScan =
[23.932s]       |       ^~~~~~~~~
[23.973s] /home/neha/ros2_ws/src/semnav_migration/src/navigation_semantic.cpp:142:92: error: ‘nh_’ was not declared in this scope
[23.973s]   142 |                         message_filters::msg::Subscriber<sensor_msgs::LaserScan> sub_laser(nh_, sub_laser_topic_, 1);
[23.973s]       |                                                                                            ^~~
[24.032s] /home/neha/ros2_ws/src/semnav_migration/src/navigation_semantic.cpp:142:82: error: ‘sub_laser’ was not declared in this scope
[24.032s]   142 |                         message_filters::msg::Subscriber<sensor_msgs::LaserScan> sub_laser(nh_, sub_laser_topic_, 1);
[24.033s]       |                                                                                  ^~~~~~~~~
[24.106s] /home/neha/ros2_ws/src/semnav_migration/src/navigation_semantic.cpp:144:94: error: ‘LaserScan’ is not a member of ‘sensor_msgs’; did you mean ‘sensor_msgs::msg::LaserScan’?
[24.106s]   144 |                         typedef message_filters::sync_policies::ApproximateTime<sensor_msgs::LaserScan,nav_msgs::msg::Odometry> SyncPolicy;
[24.106s]       |                                                                                              ^~~~~~~~~
[24.107s] /opt/ros/jazzy/include/sensor_msgs/sensor_msgs/msg/detail/laser_scan__struct.hpp:250:7: note: ‘sensor_msgs::msg::LaserScan’ declared here
[24.108s]   250 | using LaserScan =
[24.108s]       |       ^~~~~~~~~
[24.108s] /home/neha/ros2_ws/src/semnav_migration/src/navigation_semantic.cpp:144:127: error: template argument 1 is invalid
[24.109s]   144 |                         typedef message_filters::sync_policies::ApproximateTime<sensor_msgs::LaserScan,nav_msgs::msg::Odometry> SyncPolicy;
[24.109s]       |                                                                                                                               ^
[24.110s] In file included from /home/neha/ros2_ws/src/semnav_migration/include/reactive_planner_lib.h:44:
[24.110s] /opt/ros/jazzy/include/message_filters/message_filters/synchronizer.h: In instantiation of ‘class message_filters::Synchronizer<int>’:
[24.110s] /home/neha/ros2_ws/src/semnav_migration/src/navigation_semantic.cpp:147:64:   required from here
[24.110s] /opt/ros/jazzy/include/message_filters/message_filters/synchronizer.h:53:7: error: base type ‘int’ fails to be a struct or class type
[24.110s]    53 | class Synchronizer : public noncopyable, public Policy
[24.111s]       |       ^~~~~~~~~~~~
[24.111s] /opt/ros/jazzy/include/message_filters/message_filters/synchronizer.h:56:37: error: ‘int’ is not a class, struct, or union type
[24.111s]    56 |   typedef typename Policy::Messages Messages;
[24.111s]       |                                     ^~~~~~~~
[24.111s] /opt/ros/jazzy/include/message_filters/message_filters/synchronizer.h:57:35: error: ‘int’ is not a class, struct, or union type
[24.111s]    57 |   typedef typename Policy::Events Events;
[24.112s]       |                                   ^~~~~~
[24.112s] /opt/ros/jazzy/include/message_filters/message_filters/synchronizer.h:58:35: error: ‘int’ is not a class, struct, or union type
[24.112s]    58 |   typedef typename Policy::Signal Signal;
[24.112s]       |                                   ^~~~~~
[24.112s] /opt/ros/jazzy/include/message_filters/message_filters/synchronizer.h:60:58: error: ‘int’ is not a class, struct, or union type
[24.112s]    60 |   typedef typename std::tuple_element<0, Messages>::type M0;
[24.112s]       |                                                          ^~
[24.112s] /opt/ros/jazzy/include/message_filters/message_filters/synchronizer.h:61:58: error: ‘int’ is not a class, struct, or union type
[24.113s]    61 |   typedef typename std::tuple_element<1, Messages>::type M1;
[24.113s]       |                                                          ^~
[24.113s] /opt/ros/jazzy/include/message_filters/message_filters/synchronizer.h:62:58: error: ‘int’ is not a class, struct, or union type
[24.113s]    62 |   typedef typename std::tuple_element<2, Messages>::type M2;
[24.113s]       |                                                          ^~
[24.114s] /opt/ros/jazzy/include/message_filters/message_filters/synchronizer.h:63:58: error: ‘int’ is not a class, struct, or union type
[24.114s]    63 |   typedef typename std::tuple_element<3, Messages>::type M3;
[24.114s]       |                                                          ^~
[24.114s] /opt/ros/jazzy/include/message_filters/message_filters/synchronizer.h:64:58: error: ‘int’ is not a class, struct, or union type
[24.114s]    64 |   typedef typename std::tuple_element<4, Messages>::type M4;
[24.114s]       |                                                          ^~
[24.114s] /opt/ros/jazzy/include/message_filters/message_filters/synchronizer.h:65:58: error: ‘int’ is not a class, struct, or union type
[24.115s]    65 |   typedef typename std::tuple_element<5, Messages>::type M5;
[24.115s]       |                                                          ^~
[24.115s] /opt/ros/jazzy/include/message_filters/message_filters/synchronizer.h:66:58: error: ‘int’ is not a class, struct, or union type
[24.115s]    66 |   typedef typename std::tuple_element<6, Messages>::type M6;
[24.116s]       |                                                          ^~
[24.116s] /opt/ros/jazzy/include/message_filters/message_filters/synchronizer.h:67:58: error: ‘int’ is not a class, struct, or union type
[24.116s]    67 |   typedef typename std::tuple_element<7, Messages>::type M7;
[24.116s]       |                                                          ^~
[24.116s] /opt/ros/jazzy/include/message_filters/message_filters/synchronizer.h:68:58: error: ‘int’ is not a class, struct, or union type
[24.116s]    68 |   typedef typename std::tuple_element<8, Messages>::type M8;
[24.117s]       |                                                          ^~
[24.117s] /opt/ros/jazzy/include/message_filters/message_filters/synchronizer.h:71:56: error: ‘int’ is not a class, struct, or union type
[24.117s]    71 |   typedef typename std::tuple_element<0, Events>::type M0Event;
[24.117s]       |                                                        ^~~~~~~
[24.117s] /opt/ros/jazzy/include/message_filters/message_filters/synchronizer.h:72:56: error: ‘int’ is not a class, struct, or union type
[24.117s]    72 |   typedef typename std::tuple_element<1, Events>::type M1Event;
[24.118s]       |                                                        ^~~~~~~
[24.118s] /opt/ros/jazzy/include/message_filters/message_filters/synchronizer.h:73:56: error: ‘int’ is not a class, struct, or union type
[24.118s]    73 |   typedef typename std::tuple_element<2, Events>::type M2Event;
[24.118s]       |                                                        ^~~~~~~
[24.118s] /opt/ros/jazzy/include/message_filters/message_filters/synchronizer.h:74:56: error: ‘int’ is not a class, struct, or union type
[24.118s]    74 |   typedef typename std::tuple_element<3, Events>::type M3Event;
[24.118s]       |                                                        ^~~~~~~
[24.118s] /opt/ros/jazzy/include/message_filters/message_filters/synchronizer.h:75:56: error: ‘int’ is not a class, struct, or union type
[24.119s]    75 |   typedef typename std::tuple_element<4, Events>::type M4Event;
[24.119s]       |                                                        ^~~~~~~
[24.121s] /opt/ros/jazzy/include/message_filters/message_filters/synchronizer.h:76:56: error: ‘int’ is not a class, struct, or union type
[24.122s]    76 |   typedef typename std::tuple_element<5, Events>::type M5Event;
[24.122s]       |                                                        ^~~~~~~
[24.122s] /opt/ros/jazzy/include/message_filters/message_filters/synchronizer.h:77:56: error: ‘int’ is not a class, struct, or union type
[24.122s]    77 |   typedef typename std::tuple_element<6, Events>::type M6Event;
[24.122s]       |                                                        ^~~~~~~
[24.124s] /opt/ros/jazzy/include/message_filters/message_filters/synchronizer.h:78:56: error: ‘int’ is not a class, struct, or union type
[24.124s]    78 |   typedef typename std::tuple_element<7, Events>::type M7Event;
[24.125s]       |                                                        ^~~~~~~
[24.125s] /opt/ros/jazzy/include/message_filters/message_filters/synchronizer.h:79:56: error: ‘int’ is not a class, struct, or union type
[24.125s]    79 |   typedef typename std::tuple_element<8, Events>::type M8Event;
[24.125s]       |                                                        ^~~~~~~
[24.125s] /opt/ros/jazzy/include/message_filters/message_filters/synchronizer.h:325:17: error: ‘int’ is not a class, namespace, or enumeration
[24.125s]   325 |   using Policy::add;
[24.125s]       |                 ^~~
[24.126s] /opt/ros/jazzy/include/message_filters/message_filters/synchronizer.h:328:8: error: ‘int’ is not a class, struct, or union type
[24.126s]   328 |   void add(const std::shared_ptr<typename std::tuple_element<i, Messages>::type const>& msg)
[24.126s]       |        ^~~
[24.126s] /opt/ros/jazzy/include/message_filters/message_filters/synchronizer.h:344:8: error: ‘int’ is not a class, struct, or union type
[24.126s]   344 |   void cb(const typename std::tuple_element<i, Events>::type& evt)
[24.126s]       |        ^~
[24.130s] /home/neha/ros2_ws/src/semnav_migration/src/navigation_semantic.cpp:148:55: error: ‘bind’ is not a member of ‘boost’; did you mean ‘find’?
[24.131s]   148 |                         sync->registerCallback(boost::bind(&SemanticNavigationNode::control_callback, this, _1, _2));
[24.131s]       |                                                       ^~~~
[24.131s]       |                                                       find
[24.131s] /home/neha/ros2_ws/src/semnav_migration/src/navigation_semantic.cpp:148:109: error: ‘_1’ was not declared in this scope
[24.131s]   148 |                         sync->registerCallback(boost::bind(&SemanticNavigationNode::control_callback, this, _1, _2));
[24.133s]       |                                                                                                             ^~
[24.134s] /home/neha/ros2_ws/src/semnav_migration/src/navigation_semantic.cpp:148:109: note: suggested alternatives:
[24.134s] In file included from /usr/include/boost/mpl/aux_/include_preprocessed.hpp:37,
[24.134s]                  from /usr/include/boost/mpl/placeholders.hpp:43,
[24.134s]                  from /usr/include/boost/iterator/iterator_categories.hpp:16,
[24.134s]                  from /usr/include/boost/iterator/iterator_facade.hpp:13,
[24.136s]                  from /usr/include/boost/range/iterator_range_core.hpp:27,
[24.137s]                  from /usr/include/boost/lexical_cast.hpp:48,
[24.137s]                  from /usr/include/boost/multiprecision/detail/number_base.hpp:29,
[24.137s]                  from /usr/include/boost/multiprecision/traits/is_variable_precision.hpp:9,
[24.137s]                  from /usr/include/boost/multiprecision/detail/precision.hpp:9,
[24.137s]                  from /usr/include/boost/multiprecision/number.hpp:11,
[24.137s]                  from /usr/include/boost/multiprecision/cpp_int.hpp:19,
[24.137s]                  from /usr/include/boost/multiprecision/cpp_bin_float.hpp:15,
[24.138s]                  from /usr/include/boost/geometry/core/coordinate_promotion.hpp:16,
[24.138s]                  from /usr/include/boost/geometry/core/radian_access.hpp:30,
[24.138s]                  from /usr/include/boost/geometry/geometry.hpp:50,
[24.138s]                  from /usr/include/boost/geometry.hpp:17,
[24.138s]                  from /home/neha/ros2_ws/src/semnav_migration/include/reactive_planner_lib.h:26:
[24.138s] /usr/include/boost/mpl/aux_/preprocessed/gcc/placeholders.hpp:29:16: note:   ‘mpl_::_1’
[24.141s]    29 | typedef arg<1> _1;
[24.142s]       |                ^~
[24.142s] In file included from /usr/include/boost/numeric/conversion/converter_policies.hpp:13,
[24.142s]                  from /usr/include/boost/numeric/conversion/converter.hpp:14,
[24.142s]                  from /usr/include/boost/numeric/conversion/cast.hpp:33,
[24.142s]                  from /usr/include/boost/geometry/core/radian_access.hpp:26:
[24.142s] /usr/include/c++/13/functional:294:48: note:   ‘std::placeholders::_1’
[24.142s]   294 |     _GLIBCXX_PLACEHOLDER const _Placeholder<1> _1;
[24.143s]       |                                                ^~
[24.143s] /usr/include/boost/mpl/aux_/preprocessed/gcc/placeholders.hpp:29:16: note:   ‘mpl_::_1’
[24.143s]    29 | typedef arg<1> _1;
[24.143s]       |                ^~
[24.143s] In file included from /usr/include/boost/describe/members.hpp:20,
[24.147s]                  from /usr/include/boost/container_hash/is_described_class.hpp:11,
[24.147s]                  from /usr/include/boost/container_hash/hash.hpp:18,
[24.148s]                  from /usr/include/boost/functional/hash.hpp:6,
[24.148s]                  from /usr/include/CGAL/Kernel/hash_functions.h:16,
[24.148s]                  from /usr/include/CGAL/Kernel/global_functions.h:25,
[24.148s]                  from /usr/include/CGAL/Cartesian/Cartesian_base.h:22,
[24.148s]                  from /usr/include/CGAL/Simple_cartesian.h:20,
[24.148s]                  from /usr/include/CGAL/Exact_predicates_inexact_constructions_kernel.h:20,
[24.148s]                  from /home/neha/ros2_ws/src/semnav_migration/include/polygeom_lib.h:32,
[24.148s]                  from /home/neha/ros2_ws/src/semnav_migration/include/reactive_planner_lib.h:50:
[24.149s] /usr/include/boost/mp11/bind.hpp:45:7: note:   ‘boost::mp11::_1’
[24.149s]    45 | using _1 = mp_arg<0>;
[24.149s]       |       ^~
[24.149s] /usr/include/boost/mpl/aux_/preprocessed/gcc/placeholders.hpp:29:16: note:   ‘mpl_::_1’
[24.149s]    29 | typedef arg<1> _1;
[24.153s]       |                ^~
[24.153s] /home/neha/ros2_ws/src/semnav_migration/src/navigation_semantic.cpp:148:113: error: ‘_2’ was not declared in this scope
[24.153s]   148 |                         sync->registerCallback(boost::bind(&SemanticNavigationNode::control_callback, this, _1, _2));
[24.153s]       |                                                                                                                 ^~
[24.153s] /home/neha/ros2_ws/src/semnav_migration/src/navigation_semantic.cpp:148:113: note: suggested alternatives:
[24.154s] /usr/include/boost/mpl/aux_/preprocessed/gcc/placeholders.hpp:42:16: note:   ‘mpl_::_2’
[24.154s]    42 | typedef arg<2> _2;
[24.154s]       |                ^~
[24.154s] /usr/include/c++/13/functional:295:48: note:   ‘std::placeholders::_2’
[24.154s]   295 |     _GLIBCXX_PLACEHOLDER const _Placeholder<2> _2;
[24.157s]       |                                                ^~
[24.158s] /usr/include/boost/mpl/aux_/preprocessed/gcc/placeholders.hpp:42:16: note:   ‘mpl_::_2’
[24.158s]    42 | typedef arg<2> _2;
[24.158s]       |                ^~
[24.158s] /usr/include/boost/mp11/bind.hpp:46:7: note:   ‘boost::mp11::_2’
[24.158s]    46 | using _2 = mp_arg<1>;
[24.160s]       |       ^~
[24.161s] /usr/include/boost/mpl/aux_/preprocessed/gcc/placeholders.hpp:42:16: note:   ‘mpl_::_2’
[24.161s]    42 | typedef arg<2> _2;
[24.161s]       |                ^~
[24.161s] /home/neha/ros2_ws/src/semnav_migration/src/navigation_semantic.cpp:150:25: error: ‘ros’ has not been declared
[24.161s]   150 |                         ros::Subscriber sub_semantic = nh_.subscribe(sub_semantic_topic_, 1, &SemanticNavigationNode::diffeo_tree_update, this);
[24.164s]       |                         ^~~
[24.164s] /home/neha/ros2_ws/src/semnav_migration/src/navigation_semantic.cpp:154:25: error: ‘ros’ has not been declared
[24.164s]   154 |                         ros::Duration(5.0).sleep();
[24.164s]       |                         ^~~
[24.166s] /home/neha/ros2_ws/src/semnav_migration/src/navigation_semantic.cpp:161:25: error: ‘ros’ has not been declared
[24.167s]   161 |                         ros::spin();
[24.167s]       |                         ^~~
[24.183s] /home/neha/ros2_ws/src/semnav_migration/src/navigation_semantic.cpp: In member function ‘void SemanticNavigationNode::publish_twist(double, double)’:
[24.184s] /home/neha/ros2_ws/src/semnav_migration/src/navigation_semantic.cpp:168:25: error: ‘pub_twist_’ was not declared in this scope; did you mean ‘publish_twist’?
[24.184s]   168 |                         pub_twist_.publish(commandTwist);
[24.184s]       |                         ^~~~~~~~~~
[24.184s]       |                         publish_twist
[24.190s] /home/neha/ros2_ws/src/semnav_migration/src/navigation_semantic.cpp: In member function ‘void SemanticNavigationNode::publish_behavior_id(uint16_t)’:
[24.191s] /home/neha/ros2_ws/src/semnav_migration/src/navigation_semantic.cpp:173:32: error: ‘UInt32’ is not a member of ‘std_msgs::msg’
[24.191s]   173 |                 std_msgs::msg::UInt32 commandId;
[24.191s]       |                                ^~~~~~
[24.285s] /home/neha/ros2_ws/src/semnav_migration/src/navigation_semantic.cpp:174:25: error: ‘commandId’ was not declared in this scope
[24.286s]   174 |                         commandId.data = BehaviorIdCmd;
[24.286s]       |                         ^~~~~~~~~
[24.376s] /home/neha/ros2_ws/src/semnav_migration/src/navigation_semantic.cpp:175:25: error: ‘pub_behaviorID_’ was not declared in this scope; did you mean ‘pub_behaviorID_topic_’?
[24.376s]   175 |                         pub_behaviorID_.publish(commandId);
[24.376s]       |                         ^~~~~~~~~~~~~~~
[24.376s]       |                         pub_behaviorID_topic_
[24.382s] /home/neha/ros2_ws/src/semnav_migration/src/navigation_semantic.cpp: In member function ‘void SemanticNavigationNode::publish_behavior_mode(uint16_t)’:
[24.382s] /home/neha/ros2_ws/src/semnav_migration/src/navigation_semantic.cpp:180:28: error: ‘UInt32’ is not a member of ‘std_msgs::msg’
[24.382s]   180 |             std_msgs::msg::UInt32 commandMode;
[24.382s]       |                            ^~~~~~
[24.445s] /home/neha/ros2_ws/src/semnav_migration/src/navigation_semantic.cpp:181:25: error: ‘commandMode’ was not declared in this scope
[24.445s]   181 |                         commandMode.data = BehaviorModeCmd;
[24.445s]       |                         ^~~~~~~~~~~
[24.544s] /home/neha/ros2_ws/src/semnav_migration/src/navigation_semantic.cpp:182:25: error: ‘pub_behaviorMode_’ was not declared in this scope; did you mean ‘pub_behaviorMode_topic_’?
[24.545s]   182 |                         pub_behaviorMode_.publish(commandMode);
[24.545s]       |                         ^~~~~~~~~~~~~~~~~
[24.545s]       |                         pub_behaviorMode_topic_
[24.598s] /home/neha/ros2_ws/src/semnav_migration/src/navigation_semantic.cpp: In member function ‘void SemanticNavigationNode::diffeo_tree_update(const object_pose_interface_msgs::msg::SemanticMapObjectArray_<std::allocator<void> >::ConstPtr&)’:
[24.598s] /home/neha/ros2_ws/src/semnav_migration/src/navigation_semantic.cpp:252:29: error: ‘ros’ has not been declared
[24.599s]   252 |                         if (ros::Time::now().toSec() - DiffeoTreeUpdateTime_ < (1.0/DiffeoTreeUpdateRate_)) {
[24.599s]       |                             ^~~
[24.599s] /home/neha/ros2_ws/src/semnav_migration/src/navigation_semantic.cpp:256:53: error: ‘ros’ has not been declared
[24.599s]   256 |                                 double start_time = ros::Time::now().toSec();
[24.599s]       |                                                     ^~~
[24.603s] /home/neha/ros2_ws/src/semnav_migration/src/navigation_semantic.cpp:267:49: error: ‘tf’ has not been declared
[24.603s]   267 |                                                 tf::Quaternion rotation = tf::Quaternion(semantic_map_data->objects[i].pose.pose.orientation.x,
[24.603s]       |                                                 ^~
[24.603s] /home/neha/ros2_ws/src/semnav_migration/src/navigation_semantic.cpp:272:49: error: ‘tf’ has not been declared
[24.603s]   272 |                                                 tf::Matrix3x3 m(rotation);
[24.603s]       |                                                 ^~
[24.603s] /home/neha/ros2_ws/src/semnav_migration/src/navigation_semantic.cpp:275:49: error: ‘tf’ has not been declared
[24.604s]   275 |                                                 tf::Vector3 target_nominal_1(-0.5*target_object_width_ - ObstacleDilation_ - 0.08, 0.0, 0.0);
[24.604s]       |                                                 ^~
[24.604s] /home/neha/ros2_ws/src/semnav_migration/src/navigation_semantic.cpp:276:49: error: ‘tf’ has not been declared
[24.604s]   276 |                                                 tf::Vector3 target_nominal_2(0.5*target_object_width_ + ObstacleDilation_ + 0.25, 0.0, 0.0);
[24.604s]       |                                                 ^~
[24.604s] /home/neha/ros2_ws/src/semnav_migration/src/navigation_semantic.cpp:277:49: error: ‘tf’ has not been declared
[24.604s]   277 |                                                 tf::Vector3 target_nominal_1_rotated = tf::quatRotate(rotation, target_nominal_1);
[24.605s]       |                                                 ^~
[24.605s] /home/neha/ros2_ws/src/semnav_migration/src/navigation_semantic.cpp:278:49: error: ‘tf’ has not been declared
[24.605s]   278 |                                                 tf::Vector3 target_nominal_2_rotated = tf::quatRotate(rotation, target_nominal_2);
[24.605s]       |                                                 ^~
[24.631s] /home/neha/ros2_ws/src/semnav_migration/src/navigation_semantic.cpp:280:49: error: ‘m’ was not declared in this scope; did you mean ‘tm’?
[24.631s]   280 |                                                 m.getRPY(roll, pitch, yaw);
[24.632s]       |                                                 ^
[24.632s]       |                                                 tm
[24.785s] /home/neha/ros2_ws/src/semnav_migration/src/navigation_semantic.cpp:281:123: error: ‘target_nominal_1_rotated’ was not declared in this scope
[24.785s]   281 |                                                 GoalVector[0].set<0>(semantic_map_data->objects[i].pose.pose.position.x + target_nominal_1_rotated.getX());
[24.785s]       |                                                                                                                           ^~~~~~~~~~~~~~~~~~~~~~~~
[24.939s] /home/neha/ros2_ws/src/semnav_migration/src/navigation_semantic.cpp:283:123: error: ‘target_nominal_2_rotated’ was not declared in this scope
[24.939s]   283 |                                                 GoalVector[1].set<0>(semantic_map_data->objects[i].pose.pose.position.x + target_nominal_2_rotated.getX());
[24.939s]       |                                                                                                                           ^~~~~~~~~~~~~~~~~~~~~~~~
[25.052s] /home/neha/ros2_ws/src/semnav_migration/src/navigation_semantic.cpp:317:49: error: ‘ROS_ERROR_STREAM’ was not declared in this scope; did you mean ‘RCLCPP_ERROR_STREAM’?
[25.052s]   317 |                                                 ROS_ERROR_STREAM("Goal blocked by object");
[25.052s]       |                                                 ^~~~~~~~~~~~~~~~
[25.052s]       |                                                 RCLCPP_ERROR_STREAM
[25.057s] /home/neha/ros2_ws/src/semnav_migration/src/navigation_semantic.cpp:365:85: error: ‘ros’ has not been declared
[25.058s]   365 |                                 ROS_WARN_STREAM("[Navigation] Updated trees in " << ros::Time::now().toSec()-start_time << " seconds.");
[25.058s]       |                                                                                     ^~~
[25.150s] /home/neha/ros2_ws/src/semnav_migration/src/navigation_semantic.cpp:365:33: error: ‘ROS_WARN_STREAM’ was not declared in this scope; did you mean ‘RCLCPP_WARN_STREAM’?
[25.150s]   365 |                                 ROS_WARN_STREAM("[Navigation] Updated trees in " << ros::Time::now().toSec()-start_time << " seconds.");
[25.151s]       |                                 ^~~~~~~~~~~~~~~
[25.151s]       |                                 RCLCPP_WARN_STREAM
[25.151s] /home/neha/ros2_ws/src/semnav_migration/src/navigation_semantic.cpp:368:57: error: ‘ros’ has not been declared
[25.151s]   368 |                                 DiffeoTreeUpdateTime_ = ros::Time::now().toSec();
[25.151s]       |                                                         ^~~
[25.152s] /home/neha/ros2_ws/src/semnav_migration/src/navigation_semantic.cpp: In member function ‘void SemanticNavigationNode::control_callback(const sensor_msgs::msg::LaserScan_<std::allocator<void> >::ConstPtr&, const nav_msgs::msg::Odometry_<std::allocator<void> >::ConstPtr&)’:
[25.152s] /home/neha/ros2_ws/src/semnav_migration/src/navigation_semantic.cpp:396:46: error: ‘ros’ has not been declared
[25.152s]   396 |                         double before_time = ros::Time::now().toSec();
[25.152s]       |                                              ^~~
[25.155s] /home/neha/ros2_ws/src/semnav_migration/src/navigation_semantic.cpp:399:40: error: ‘PoseStamped’ is not a member of ‘geometry_msgs’; did you mean ‘geometry_msgs::msg::PoseStamped’?
[25.155s]   399 |                         geometry_msgs::PoseStamped odomPose, mapPose;
[25.155s]       |                                        ^~~~~~~~~~~
[25.156s] In file included from /home/neha/ros2_ws/src/install/object_pose_interface_msgs/include/object_pose_interface_msgs/object_pose_interface_msgs/msg/detail/semantic_map_object__struct.hpp:28,
[25.156s]                  from /home/neha/ros2_ws/src/install/object_pose_interface_msgs/include/object_pose_interface_msgs/object_pose_interface_msgs/msg/detail/semantic_map_object_array__struct.hpp:25,
[25.156s]                  from /home/neha/ros2_ws/src/install/object_pose_interface_msgs/include/object_pose_interface_msgs/object_pose_interface_msgs/msg/semantic_map_object_array.hpp:7,
[25.156s]                  from /home/neha/ros2_ws/src/semnav_migration/src/navigation_semantic.cpp:26:
[25.156s] /opt/ros/jazzy/include/geometry_msgs/geometry_msgs/msg/detail/pose_stamped__struct.hpp:138:7: note: ‘geometry_msgs::msg::PoseStamped’ declared here
[25.156s]   138 | using PoseStamped =
[25.157s]       |       ^~~~~~~~~~~
[25.201s] /home/neha/ros2_ws/src/semnav_migration/src/navigation_semantic.cpp:400:25: error: ‘odomPose’ was not declared in this scope
[25.201s]   400 |                         odomPose.header.stamp = ros::Time(0);
[25.201s]       |                         ^~~~~~~~
[25.201s] /home/neha/ros2_ws/src/semnav_migration/src/navigation_semantic.cpp:400:49: error: ‘ros’ has not been declared
[25.201s]   400 |                         odomPose.header.stamp = ros::Time(0);
[25.201s]       |                                                 ^~~
[25.249s] /home/neha/ros2_ws/src/semnav_migration/src/navigation_semantic.cpp:404:33: error: ‘listener_’ was not declared in this scope
[25.249s]   404 |                                 listener_.waitForTransform(world_frame_id_, odom_frame_id_, ros::Time(0), ros::Duration(1.0));
[25.249s]       |                                 ^~~~~~~~~
[25.249s] /home/neha/ros2_ws/src/semnav_migration/src/navigation_semantic.cpp:404:93: error: ‘ros’ has not been declared
[25.249s]   404 |                                 listener_.waitForTransform(world_frame_id_, odom_frame_id_, ros::Time(0), ros::Duration(1.0));
[25.249s]       |                                                                                             ^~~
[25.249s] /home/neha/ros2_ws/src/semnav_migration/src/navigation_semantic.cpp:404:107: error: ‘ros’ has not been declared
[25.250s]   404 |                                 listener_.waitForTransform(world_frame_id_, odom_frame_id_, ros::Time(0), ros::Duration(1.0));
[25.250s]       |                                                                                                           ^~~
[25.281s] /home/neha/ros2_ws/src/semnav_migration/src/navigation_semantic.cpp:405:84: error: ‘mapPose’ was not declared in this scope
[25.282s]   405 |                                 listener_.transformPose(world_frame_id_, odomPose, mapPose);
[25.282s]       |                                                                                    ^~~~~~~
[25.287s] /home/neha/ros2_ws/src/semnav_migration/src/navigation_semantic.cpp:406:34: error: ‘tf’ does not name a type; did you mean ‘tm’?
[25.287s]   406 |                         } catch (tf::TransformException &ex) {
[25.288s]       |                                  ^~
[25.288s]       |                                  tm
[25.288s] /home/neha/ros2_ws/src/semnav_migration/src/navigation_semantic.cpp:406:57: error: expected unqualified-id before ‘&’ token
[25.288s]   406 |                         } catch (tf::TransformException &ex) {
[25.288s]       |                                                         ^
[25.288s] /home/neha/ros2_ws/src/semnav_migration/src/navigation_semantic.cpp:406:57: error: expected ‘)’ before ‘&’ token
[25.288s] /home/neha/ros2_ws/src/semnav_migration/src/navigation_semantic.cpp:406:33: note: to match this ‘(’
[25.289s]   406 |                         } catch (tf::TransformException &ex) {
[25.289s]       |                                 ^
[25.289s] /home/neha/ros2_ws/src/semnav_migration/src/navigation_semantic.cpp:406:57: error: expected ‘{’ before ‘&’ token
[25.289s]   406 |                         } catch (tf::TransformException &ex) {
[25.289s]       |                                                         ^
[25.316s] /home/neha/ros2_ws/src/semnav_migration/src/navigation_semantic.cpp:406:58: error: ‘ex’ was not declared in this scope; did you mean ‘exp’?
[25.316s]   406 |                         } catch (tf::TransformException &ex) {
[25.316s]       |                                                          ^~
[25.317s]       |                                                          exp
[25.317s] /home/neha/ros2_ws/src/semnav_migration/src/navigation_semantic.cpp:412:25: error: ‘tf’ has not been declared
[25.317s]   412 |                         tf::Quaternion rotation = tf::Quaternion(mapPose.pose.orientation.x,
[25.317s]       |                         ^~
[25.317s] /home/neha/ros2_ws/src/semnav_migration/src/navigation_semantic.cpp:416:25: error: ‘tf’ has not been declared
[25.317s]   416 |                         tf::Matrix3x3 m(rotation);
[25.317s]       |                         ^~
[25.344s] /home/neha/ros2_ws/src/semnav_migration/src/navigation_semantic.cpp:418:25: error: ‘m’ was not declared in this scope; did you mean ‘tm’?
[25.344s]   418 |                         m.getRPY(roll, pitch, yaw);
[25.344s]       |                         ^
[25.344s]       |                         tm
[25.376s] /home/neha/ros2_ws/src/semnav_migration/src/navigation_semantic.cpp:419:51: error: ‘mapPose’ was not declared in this scope
[25.377s]   419 |                         double x_robot_position = mapPose.pose.position.x;
[25.377s]       |                                                   ^~~~~~~
[25.385s] /home/neha/ros2_ws/src/semnav_migration/src/navigation_semantic.cpp:432:42: error: could not convert ‘lidar_data’ from ‘shared_ptr<LaserScan_<[...]>>’ to ‘shared_ptr<LaserScan_<[...]>>’
[25.385s]   432 |                         constructLIDAR2D(lidar_data, CutoffRange_, AllowableRange_, RobotPitch_, &LIDAR);
[25.385s]       |                                          ^~~~~~~~~~
[25.385s]       |                                          |
[25.386s]       |                                          shared_ptr<LaserScan_<[...]>>
[25.402s] /home/neha/ros2_ws/src/semnav_migration/src/navigation_semantic.cpp:562:96: error: invalid operands of types ‘const char [53]’ and ‘double’ to binary ‘operator<<’
[25.402s]   562 |                         ROS_WARN_STREAM("[Navigation] Diffeomorphism jacobian determinant is " << MatrixDeterminant(RobotPositionTransformedD) << ", robot position is " << bg::dsv(RobotPosition_) << " and robot positon in model space is " << bg::dsv(RobotPositionTransformedPoint));
[25.402s]       |                                         ~~~~~~~~~~~~~~~~~~~~~~~~~~~~~~~~~~~~~~~~~~~~~~~~~~~~~~ ^~ ~~~~~~~~~~~~~~~~~~~~~~~~~~~~~~~~~~~~~~~~~~~~
[25.402s]       |                                         |                                                                          |
[25.402s]       |                                         const char [53]                                                            double
[25.488s] /home/neha/ros2_ws/src/semnav_migration/src/navigation_semantic.cpp:562:25: error: ‘ROS_WARN_STREAM’ was not declared in this scope; did you mean ‘RCLCPP_WARN_STREAM’?
[25.489s]   562 |                         ROS_WARN_STREAM("[Navigation] Diffeomorphism jacobian determinant is " << MatrixDeterminant(RobotPositionTransformedD) << ", robot position is " << bg::dsv(RobotPosition_) << " and robot positon in model space is " << bg::dsv(RobotPositionTransformedPoint));
[25.489s]       |                         ^~~~~~~~~~~~~~~
[25.489s]       |                         RCLCPP_WARN_STREAM
[25.490s] /home/neha/ros2_ws/src/semnav_migration/src/navigation_semantic.cpp:591:41: error: ‘ros’ has not been declared
[25.490s]   591 |                                         ros::Duration(5.0).sleep();
[25.490s]       |                                         ^~~
[25.497s] /home/neha/ros2_ws/src/semnav_migration/src/navigation_semantic.cpp:616:75: error: invalid operands of types ‘const char [32]’ and ‘double’ to binary ‘operator<<’
[25.497s]   616 |                         ROS_WARN_STREAM("[Navigation] Linear command is " << LinearCmd << " and angular command is " << AngularCmd);
[25.498s]       |                                         ~~~~~~~~~~~~~~~~~~~~~~~~~~~~~~~~~ ^~ ~~~~~~~~~
[25.498s]       |                                         |                                    |
[25.498s]       |                                         const char [32]                      double
[25.498s] /home/neha/ros2_ws/src/semnav_migration/src/navigation_semantic.cpp:617:76: error: invalid operands of types ‘const char [33]’ and ‘int’ to binary ‘operator<<’
[25.498s]   617 |                         ROS_WARN_STREAM("[Navigation] Command update for " << int(localDiffeoTreeArray.size()) << " polygons in " << ros::Time::now().toSec()-before_time << " seconds.");
[25.498s]       |                                         ~~~~~~~~~~~~~~~~~~~~~~~~~~~~~~~~~~ ^~ ~~~~~~~~~~~~~~~~~~~~~~~~~~~~~~~~
[25.498s]       |                                         |                                     |
[25.499s]       |                                         const char [33]                       int
[25.499s] /home/neha/ros2_ws/src/semnav_migration/src/navigation_semantic.cpp:617:134: error: ‘ros’ has not been declared
[25.499s]   617 |                         ROS_WARN_STREAM("[Navigation] Command update for " << int(localDiffeoTreeArray.size()) << " polygons in " << ros::Time::now().toSec()-before_time << " seconds.");
[25.499s]       |                                                                                                                                      ^~~
[25.500s] /home/neha/ros2_ws/src/semnav_migration/src/navigation_semantic.cpp: In function ‘int main(int, char**)’:
[25.501s] /home/neha/ros2_ws/src/semnav_migration/src/navigation_semantic.cpp:698:9: error: ‘ros’ has not been declared
[25.501s]   698 |         ros::init(argc, argv, "navigation_semantic");
[25.501s]       |         ^~~
[25.501s] /home/neha/ros2_ws/src/semnav_migration/src/navigation_semantic.cpp:701:9: error: ‘ros’ has not been declared
[25.501s]   701 |         ros::NodeHandle nh("~");
[25.501s]       |         ^~~
[25.518s] /home/neha/ros2_ws/src/semnav_migration/src/navigation_semantic.cpp:704:56: error: ‘nh’ was not declared in this scope
[25.518s]   704 |         SemanticNavigationNode semanticNavigationNode(&nh);
[25.519s]       |                                                        ^~
[35.529s] gmake[2]: *** [CMakeFiles/navigation_semantic.dir/build.make:76: CMakeFiles/navigation_semantic.dir/src/navigation_semantic.cpp.o] Error 1
[35.529s] gmake[1]: *** [CMakeFiles/Makefile2:207: CMakeFiles/navigation_semantic.dir/all] Error 2
[35.529s] gmake: *** [Makefile:146: all] Error 2
[35.532s] Invoked command in '/home/neha/ros2_ws/src/semnav_migration/build/semnav' returned '2': CMAKE_PREFIX_PATH=${CMAKE_PREFIX_PATH}:/opt/ros/jazzy DEBUGINFOD_URLS=https://debuginfod.ubuntu.com /usr/bin/cmake --build /home/neha/ros2_ws/src/semnav_migration/build/semnav -- -j2 -l2
