[0.026s] Invoking command in '/home/neha/ros2_ws/src/semnav_migration/build/semnav': CMAKE_PREFIX_PATH=${CMAKE_PREFIX_PATH}:/opt/ros/jazzy DEBUGINFOD_URLS=https://debuginfod.ubuntu.com /usr/bin/cmake --build /home/neha/ros2_ws/src/semnav_migration/build/semnav -- -j2 -l2
[0.192s] [ 14%] Built target reactive_planner
[0.303s] [ 19%] Building CXX object CMakeFiles/navigation.dir/src/navigation.cpp.o
[0.336s] [ 23%] Building CXX object CMakeFiles/navigation_semantic.dir/src/navigation_semantic.cpp.o
[6.648s] /home/neha/ros2_ws/src/semnav_migration/src/navigation.cpp:27:10: fatal error: object_pose_interface_msgs/msg/UInt32.hpp: No such file or directory
[6.648s]    27 | #include <object_pose_interface_msgs/msg/UInt32.hpp>
[6.648s]       |          ^~~~~~~~~~~~~~~~~~~~~~~~~~~~~~~~~~~~~~~~~~~
[6.648s] compilation terminated.
[6.702s] gmake[2]: *** [CMakeFiles/navigation.dir/build.make:76: CMakeFiles/navigation.dir/src/navigation.cpp.o] Error 1
[6.704s] gmake[1]: *** [CMakeFiles/Makefile2:181: CMakeFiles/navigation.dir/all] Error 2
[6.704s] gmake[1]: *** Waiting for unfinished jobs....
[21.893s] /home/neha/ros2_ws/src/semnav_migration/src/navigation_semantic.cpp:624:17: error: ‘ros’ does not name a type
[21.893s]   624 |                 ros::NodeHandle nh_;
[21.893s]       |                 ^~~
[21.899s] /home/neha/ros2_ws/src/semnav_migration/src/navigation_semantic.cpp:641:17: error: ‘ros’ does not name a type
[21.899s]   641 |                 ros::Publisher pub_behaviorID_;
[21.899s]       |                 ^~~
[21.905s] /home/neha/ros2_ws/src/semnav_migration/src/navigation_semantic.cpp:642:17: error: ‘ros’ does not name a type
[21.905s]   642 |                 ros::Publisher pub_behaviorMode_;
[21.905s]       |                 ^~~
[21.911s] /home/neha/ros2_ws/src/semnav_migration/src/navigation_semantic.cpp:643:17: error: ‘ros’ does not name a type
[21.912s]   643 |                 ros::Publisher pub_twist_;
[21.912s]       |                 ^~~
[21.918s] /home/neha/ros2_ws/src/semnav_migration/src/navigation_semantic.cpp:645:17: error: ‘ros’ does not name a type
[21.918s]   645 |                 ros::Publisher pub_semantic_map_;
[21.918s]       |                 ^~~
[21.933s] /home/neha/ros2_ws/src/semnav_migration/src/navigation_semantic.cpp:691:17: error: ‘tf’ does not name a type; did you mean ‘tm’?
[21.933s]   691 |                 tf::TransformListener listener_;
[21.933s]       |                 ^~
[21.934s]       |                 tm
[22.051s] /home/neha/ros2_ws/src/semnav_migration/src/navigation_semantic.cpp: In constructor ‘SemanticNavigationNode::SemanticNavigationNode()’:
[22.051s] /home/neha/ros2_ws/src/semnav_migration/src/navigation_semantic.cpp:137:25: error: ‘pub_behaviorID_’ was not declared in this scope; did you mean ‘pub_behaviorID_topic_’?
[22.051s]   137 |                         pub_behaviorID_ = nh_.advertise<std_msgs::UInt32>(pub_behaviorID_topic_, 1, true);
[22.052s]       |                         ^~~~~~~~~~~~~~~
[22.052s]       |                         pub_behaviorID_topic_
[22.083s] /home/neha/ros2_ws/src/semnav_migration/src/navigation_semantic.cpp:137:43: error: ‘nh_’ was not declared in this scope
[22.083s]   137 |                         pub_behaviorID_ = nh_.advertise<std_msgs::UInt32>(pub_behaviorID_topic_, 1, true);
[22.083s]       |                                           ^~~
[22.087s] /home/neha/ros2_ws/src/semnav_migration/src/navigation_semantic.cpp:137:67: error: ‘UInt32’ is not a member of ‘std_msgs’
[22.087s]   137 |                         pub_behaviorID_ = nh_.advertise<std_msgs::UInt32>(pub_behaviorID_topic_, 1, true);
[22.087s]       |                                                                   ^~~~~~
[22.187s] /home/neha/ros2_ws/src/semnav_migration/src/navigation_semantic.cpp:138:25: error: ‘pub_behaviorMode_’ was not declared in this scope; did you mean ‘pub_behaviorMode_topic_’?
[22.187s]   138 |                         pub_behaviorMode_ = nh_.advertise<std_msgs::UInt32>(pub_behaviorMode_topic_, 1, true);
[22.188s]       |                         ^~~~~~~~~~~~~~~~~
[22.188s]       |                         pub_behaviorMode_topic_
[22.191s] /home/neha/ros2_ws/src/semnav_migration/src/navigation_semantic.cpp:138:69: error: ‘UInt32’ is not a member of ‘std_msgs’
[22.191s]   138 |                         pub_behaviorMode_ = nh_.advertise<std_msgs::UInt32>(pub_behaviorMode_topic_, 1, true);
[22.191s]       |                                                                     ^~~~~~
[22.242s] /home/neha/ros2_ws/src/semnav_migration/src/navigation_semantic.cpp:139:25: error: ‘pub_twist_’ was not declared in this scope; did you mean ‘publish_twist’?
[22.243s]   139 |                         pub_twist_ = nh_.advertise<geometry_msgs::msg::Twist>(pub_twist_topic_, 1, true);
[22.243s]       |                         ^~~~~~~~~~
[22.243s]       |                         publish_twist
[22.243s] /home/neha/ros2_ws/src/semnav_migration/src/navigation_semantic.cpp:139:77: error: expected primary-expression before ‘>’ token
[22.243s]   139 |                         pub_twist_ = nh_.advertise<geometry_msgs::msg::Twist>(pub_twist_topic_, 1, true);
[22.243s]       |                                                                             ^
[22.243s] /home/neha/ros2_ws/src/semnav_migration/src/navigation_semantic.cpp:142:42: error: ‘message_filters::msg’ has not been declared
[22.244s]   142 |                         message_filters::msg::Subscriber<sensor_msgs::LaserScan> sub_laser(nh_, sub_laser_topic_, 1);
[22.244s]       |                                          ^~~
[22.246s] /home/neha/ros2_ws/src/semnav_migration/src/navigation_semantic.cpp:142:71: error: ‘LaserScan’ is not a member of ‘sensor_msgs’; did you mean ‘sensor_msgs::msg::LaserScan’?
[22.246s]   142 |                         message_filters::msg::Subscriber<sensor_msgs::LaserScan> sub_laser(nh_, sub_laser_topic_, 1);
[22.246s]       |                                                                       ^~~~~~~~~
[22.246s] In file included from /opt/ros/jazzy/include/sensor_msgs/sensor_msgs/msg/laser_scan.hpp:7,
[22.247s]                  from /home/neha/ros2_ws/src/semnav_migration/include/reactive_planner_lib.h:46,
[22.247s]                  from /home/neha/ros2_ws/src/semnav_migration/src/navigation_semantic.cpp:25:
[22.247s] /opt/ros/jazzy/include/sensor_msgs/sensor_msgs/msg/detail/laser_scan__struct.hpp:250:7: note: ‘sensor_msgs::msg::LaserScan’ declared here
[22.247s]   250 | using LaserScan =
[22.247s]       |       ^~~~~~~~~
[22.297s] /home/neha/ros2_ws/src/semnav_migration/src/navigation_semantic.cpp:142:82: error: ‘sub_laser’ was not declared in this scope
[22.298s]   142 |                         message_filters::msg::Subscriber<sensor_msgs::LaserScan> sub_laser(nh_, sub_laser_topic_, 1);
[22.298s]       |                                                                                  ^~~~~~~~~
[22.370s] /home/neha/ros2_ws/src/semnav_migration/src/navigation_semantic.cpp:144:94: error: ‘LaserScan’ is not a member of ‘sensor_msgs’; did you mean ‘sensor_msgs::msg::LaserScan’?
[22.370s]   144 |                         typedef message_filters::sync_policies::ApproximateTime<sensor_msgs::LaserScan,nav_msgs::msg::Odometry> SyncPolicy;
[22.370s]       |                                                                                              ^~~~~~~~~
[22.370s] /opt/ros/jazzy/include/sensor_msgs/sensor_msgs/msg/detail/laser_scan__struct.hpp:250:7: note: ‘sensor_msgs::msg::LaserScan’ declared here
[22.370s]   250 | using LaserScan =
[22.371s]       |       ^~~~~~~~~
[22.371s] /home/neha/ros2_ws/src/semnav_migration/src/navigation_semantic.cpp:144:127: error: template argument 1 is invalid
[22.371s]   144 |                         typedef message_filters::sync_policies::ApproximateTime<sensor_msgs::LaserScan,nav_msgs::msg::Odometry> SyncPolicy;
[22.371s]       |                                                                                                                               ^
[22.372s] In file included from /home/neha/ros2_ws/src/semnav_migration/include/reactive_planner_lib.h:44:
[22.373s] /opt/ros/jazzy/include/message_filters/message_filters/synchronizer.h: In instantiation of ‘class message_filters::Synchronizer<int>’:
[22.373s] /home/neha/ros2_ws/src/semnav_migration/src/navigation_semantic.cpp:147:64:   required from here
[22.373s] /opt/ros/jazzy/include/message_filters/message_filters/synchronizer.h:53:7: error: base type ‘int’ fails to be a struct or class type
[22.373s]    53 | class Synchronizer : public noncopyable, public Policy
[22.374s]       |       ^~~~~~~~~~~~
[22.374s] /opt/ros/jazzy/include/message_filters/message_filters/synchronizer.h:56:37: error: ‘int’ is not a class, struct, or union type
[22.374s]    56 |   typedef typename Policy::Messages Messages;
[22.375s]       |                                     ^~~~~~~~
[22.375s] /opt/ros/jazzy/include/message_filters/message_filters/synchronizer.h:57:35: error: ‘int’ is not a class, struct, or union type
[22.375s]    57 |   typedef typename Policy::Events Events;
[22.375s]       |                                   ^~~~~~
[22.375s] /opt/ros/jazzy/include/message_filters/message_filters/synchronizer.h:58:35: error: ‘int’ is not a class, struct, or union type
[22.376s]    58 |   typedef typename Policy::Signal Signal;
[22.376s]       |                                   ^~~~~~
[22.376s] /opt/ros/jazzy/include/message_filters/message_filters/synchronizer.h:60:58: error: ‘int’ is not a class, struct, or union type
[22.376s]    60 |   typedef typename std::tuple_element<0, Messages>::type M0;
[22.377s]       |                                                          ^~
[22.377s] /opt/ros/jazzy/include/message_filters/message_filters/synchronizer.h:61:58: error: ‘int’ is not a class, struct, or union type
[22.377s]    61 |   typedef typename std::tuple_element<1, Messages>::type M1;
[22.377s]       |                                                          ^~
[22.377s] /opt/ros/jazzy/include/message_filters/message_filters/synchronizer.h:62:58: error: ‘int’ is not a class, struct, or union type
[22.377s]    62 |   typedef typename std::tuple_element<2, Messages>::type M2;
[22.377s]       |                                                          ^~
[22.377s] /opt/ros/jazzy/include/message_filters/message_filters/synchronizer.h:63:58: error: ‘int’ is not a class, struct, or union type
[22.378s]    63 |   typedef typename std::tuple_element<3, Messages>::type M3;
[22.378s]       |                                                          ^~
[22.378s] /opt/ros/jazzy/include/message_filters/message_filters/synchronizer.h:64:58: error: ‘int’ is not a class, struct, or union type
[22.378s]    64 |   typedef typename std::tuple_element<4, Messages>::type M4;
[22.378s]       |                                                          ^~
[22.378s] /opt/ros/jazzy/include/message_filters/message_filters/synchronizer.h:65:58: error: ‘int’ is not a class, struct, or union type
[22.378s]    65 |   typedef typename std::tuple_element<5, Messages>::type M5;
[22.379s]       |                                                          ^~
[22.379s] /opt/ros/jazzy/include/message_filters/message_filters/synchronizer.h:66:58: error: ‘int’ is not a class, struct, or union type
[22.379s]    66 |   typedef typename std::tuple_element<6, Messages>::type M6;
[22.379s]       |                                                          ^~
[22.380s] /opt/ros/jazzy/include/message_filters/message_filters/synchronizer.h:67:58: error: ‘int’ is not a class, struct, or union type
[22.380s]    67 |   typedef typename std::tuple_element<7, Messages>::type M7;
[22.381s]       |                                                          ^~
[22.381s] /opt/ros/jazzy/include/message_filters/message_filters/synchronizer.h:68:58: error: ‘int’ is not a class, struct, or union type
[22.381s]    68 |   typedef typename std::tuple_element<8, Messages>::type M8;
[22.381s]       |                                                          ^~
[22.381s] /opt/ros/jazzy/include/message_filters/message_filters/synchronizer.h:71:56: error: ‘int’ is not a class, struct, or union type
[22.381s]    71 |   typedef typename std::tuple_element<0, Events>::type M0Event;
[22.381s]       |                                                        ^~~~~~~
[22.382s] /opt/ros/jazzy/include/message_filters/message_filters/synchronizer.h:72:56: error: ‘int’ is not a class, struct, or union type
[22.382s]    72 |   typedef typename std::tuple_element<1, Events>::type M1Event;
[22.382s]       |                                                        ^~~~~~~
[22.382s] /opt/ros/jazzy/include/message_filters/message_filters/synchronizer.h:73:56: error: ‘int’ is not a class, struct, or union type
[22.382s]    73 |   typedef typename std::tuple_element<2, Events>::type M2Event;
[22.382s]       |                                                        ^~~~~~~
[22.382s] /opt/ros/jazzy/include/message_filters/message_filters/synchronizer.h:74:56: error: ‘int’ is not a class, struct, or union type
[22.382s]    74 |   typedef typename std::tuple_element<3, Events>::type M3Event;
[22.383s]       |                                                        ^~~~~~~
[22.383s] /opt/ros/jazzy/include/message_filters/message_filters/synchronizer.h:75:56: error: ‘int’ is not a class, struct, or union type
[22.383s]    75 |   typedef typename std::tuple_element<4, Events>::type M4Event;
[22.383s]       |                                                        ^~~~~~~
[22.383s] /opt/ros/jazzy/include/message_filters/message_filters/synchronizer.h:76:56: error: ‘int’ is not a class, struct, or union type
[22.383s]    76 |   typedef typename std::tuple_element<5, Events>::type M5Event;
[22.383s]       |                                                        ^~~~~~~
[22.383s] /opt/ros/jazzy/include/message_filters/message_filters/synchronizer.h:77:56: error: ‘int’ is not a class, struct, or union type
[22.384s]    77 |   typedef typename std::tuple_element<6, Events>::type M6Event;
[22.384s]       |                                                        ^~~~~~~
[22.384s] /opt/ros/jazzy/include/message_filters/message_filters/synchronizer.h:78:56: error: ‘int’ is not a class, struct, or union type
[22.384s]    78 |   typedef typename std::tuple_element<7, Events>::type M7Event;
[22.384s]       |                                                        ^~~~~~~
[22.385s] /opt/ros/jazzy/include/message_filters/message_filters/synchronizer.h:79:56: error: ‘int’ is not a class, struct, or union type
[22.385s]    79 |   typedef typename std::tuple_element<8, Events>::type M8Event;
[22.385s]       |                                                        ^~~~~~~
[22.385s] /opt/ros/jazzy/include/message_filters/message_filters/synchronizer.h:325:17: error: ‘int’ is not a class, namespace, or enumeration
[22.385s]   325 |   using Policy::add;
[22.385s]       |                 ^~~
[22.386s] /opt/ros/jazzy/include/message_filters/message_filters/synchronizer.h:328:8: error: ‘int’ is not a class, struct, or union type
[22.386s]   328 |   void add(const std::shared_ptr<typename std::tuple_element<i, Messages>::type const>& msg)
[22.386s]       |        ^~~
[22.386s] /opt/ros/jazzy/include/message_filters/message_filters/synchronizer.h:344:8: error: ‘int’ is not a class, struct, or union type
[22.386s]   344 |   void cb(const typename std::tuple_element<i, Events>::type& evt)
[22.387s]       |        ^~
[22.387s] /home/neha/ros2_ws/src/semnav_migration/src/navigation_semantic.cpp:148:55: error: ‘bind’ is not a member of ‘boost’; did you mean ‘find’?
[22.388s]   148 |                         sync->registerCallback(boost::bind(&SemanticNavigationNode::control_callback, this, _1, _2));
[22.388s]       |                                                       ^~~~
[22.388s]       |                                                       find
[22.389s] /home/neha/ros2_ws/src/semnav_migration/src/navigation_semantic.cpp:148:109: error: ‘_1’ was not declared in this scope
[22.389s]   148 |                         sync->registerCallback(boost::bind(&SemanticNavigationNode::control_callback, this, _1, _2));
[22.389s]       |                                                                                                             ^~
[22.389s] /home/neha/ros2_ws/src/semnav_migration/src/navigation_semantic.cpp:148:109: note: suggested alternatives:
[22.389s] In file included from /usr/include/boost/mpl/aux_/include_preprocessed.hpp:37,
[22.389s]                  from /usr/include/boost/mpl/placeholders.hpp:43,
[22.389s]                  from /usr/include/boost/iterator/iterator_categories.hpp:16,
[22.390s]                  from /usr/include/boost/iterator/iterator_facade.hpp:13,
[22.390s]                  from /usr/include/boost/range/iterator_range_core.hpp:27,
[22.390s]                  from /usr/include/boost/lexical_cast.hpp:48,
[22.390s]                  from /usr/include/boost/multiprecision/detail/number_base.hpp:29,
[22.390s]                  from /usr/include/boost/multiprecision/traits/is_variable_precision.hpp:9,
[22.390s]                  from /usr/include/boost/multiprecision/detail/precision.hpp:9,
[22.390s]                  from /usr/include/boost/multiprecision/number.hpp:11,
[22.390s]                  from /usr/include/boost/multiprecision/cpp_int.hpp:19,
[22.391s]                  from /usr/include/boost/multiprecision/cpp_bin_float.hpp:15,
[22.391s]                  from /usr/include/boost/geometry/core/coordinate_promotion.hpp:16,
[22.391s]                  from /usr/include/boost/geometry/core/radian_access.hpp:30,
[22.391s]                  from /usr/include/boost/geometry/geometry.hpp:50,
[22.391s]                  from /usr/include/boost/geometry.hpp:17,
[22.391s]                  from /home/neha/ros2_ws/src/semnav_migration/include/reactive_planner_lib.h:26:
[22.391s] /usr/include/boost/mpl/aux_/preprocessed/gcc/placeholders.hpp:29:16: note:   ‘mpl_::_1’
[22.391s]    29 | typedef arg<1> _1;
[22.392s]       |                ^~
[22.392s] In file included from /usr/include/boost/numeric/conversion/converter_policies.hpp:13,
[22.392s]                  from /usr/include/boost/numeric/conversion/converter.hpp:14,
[22.392s]                  from /usr/include/boost/numeric/conversion/cast.hpp:33,
[22.392s]                  from /usr/include/boost/geometry/core/radian_access.hpp:26:
[22.392s] /usr/include/c++/13/functional:294:48: note:   ‘std::placeholders::_1’
[22.392s]   294 |     _GLIBCXX_PLACEHOLDER const _Placeholder<1> _1;
[22.393s]       |                                                ^~
[22.393s] /usr/include/boost/mpl/aux_/preprocessed/gcc/placeholders.hpp:29:16: note:   ‘mpl_::_1’
[22.393s]    29 | typedef arg<1> _1;
[22.393s]       |                ^~
[22.393s] In file included from /usr/include/boost/describe/members.hpp:20,
[22.394s]                  from /usr/include/boost/container_hash/is_described_class.hpp:11,
[22.394s]                  from /usr/include/boost/container_hash/hash.hpp:18,
[22.394s]                  from /usr/include/boost/functional/hash.hpp:6,
[22.394s]                  from /usr/include/CGAL/Kernel/hash_functions.h:16,
[22.394s]                  from /usr/include/CGAL/Kernel/global_functions.h:25,
[22.395s]                  from /usr/include/CGAL/Cartesian/Cartesian_base.h:22,
[22.395s]                  from /usr/include/CGAL/Simple_cartesian.h:20,
[22.395s]                  from /usr/include/CGAL/Exact_predicates_inexact_constructions_kernel.h:20,
[22.395s]                  from /home/neha/ros2_ws/src/semnav_migration/include/polygeom_lib.h:32,
[22.395s]                  from /home/neha/ros2_ws/src/semnav_migration/include/reactive_planner_lib.h:50:
[22.395s] /usr/include/boost/mp11/bind.hpp:45:7: note:   ‘boost::mp11::_1’
[22.396s]    45 | using _1 = mp_arg<0>;
[22.396s]       |       ^~
[22.396s] /usr/include/boost/mpl/aux_/preprocessed/gcc/placeholders.hpp:29:16: note:   ‘mpl_::_1’
[22.396s]    29 | typedef arg<1> _1;
[22.396s]       |                ^~
[22.396s] /home/neha/ros2_ws/src/semnav_migration/src/navigation_semantic.cpp:148:113: error: ‘_2’ was not declared in this scope
[22.397s]   148 |                         sync->registerCallback(boost::bind(&SemanticNavigationNode::control_callback, this, _1, _2));
[22.397s]       |                                                                                                                 ^~
[22.397s] /home/neha/ros2_ws/src/semnav_migration/src/navigation_semantic.cpp:148:113: note: suggested alternatives:
[22.397s] /usr/include/boost/mpl/aux_/preprocessed/gcc/placeholders.hpp:42:16: note:   ‘mpl_::_2’
[22.397s]    42 | typedef arg<2> _2;
[22.397s]       |                ^~
[22.397s] /usr/include/c++/13/functional:295:48: note:   ‘std::placeholders::_2’
[22.397s]   295 |     _GLIBCXX_PLACEHOLDER const _Placeholder<2> _2;
[22.398s]       |                                                ^~
[22.398s] /usr/include/boost/mpl/aux_/preprocessed/gcc/placeholders.hpp:42:16: note:   ‘mpl_::_2’
[22.398s]    42 | typedef arg<2> _2;
[22.398s]       |                ^~
[22.398s] /usr/include/boost/mp11/bind.hpp:46:7: note:   ‘boost::mp11::_2’
[22.398s]    46 | using _2 = mp_arg<1>;
[22.398s]       |       ^~
[22.398s] /usr/include/boost/mpl/aux_/preprocessed/gcc/placeholders.hpp:42:16: note:   ‘mpl_::_2’
[22.399s]    42 | typedef arg<2> _2;
[22.399s]       |                ^~
[22.399s] /home/neha/ros2_ws/src/semnav_migration/src/navigation_semantic.cpp:150:25: error: ‘ros’ has not been declared
[22.399s]   150 |                         ros::Subscriber sub_semantic = nh_.subscribe(sub_semantic_topic_, 1, &SemanticNavigationNode::diffeo_tree_update, this);
[22.399s]       |                         ^~~
[22.399s] /home/neha/ros2_ws/src/semnav_migration/src/navigation_semantic.cpp:154:25: error: ‘ros’ has not been declared
[22.399s]   154 |                         ros::Duration(5.0).sleep();
[22.399s]       |                         ^~~
[22.400s] /home/neha/ros2_ws/src/semnav_migration/src/navigation_semantic.cpp:161:25: error: ‘ros’ has not been declared
[22.400s]   161 |                         ros::spin();
[22.400s]       |                         ^~~
[22.443s] /home/neha/ros2_ws/src/semnav_migration/src/navigation_semantic.cpp: In member function ‘void SemanticNavigationNode::publish_twist(double, double)’:
[22.443s] /home/neha/ros2_ws/src/semnav_migration/src/navigation_semantic.cpp:168:25: error: ‘pub_twist_’ was not declared in this scope; did you mean ‘publish_twist’?
[22.443s]   168 |                         pub_twist_.publish(commandTwist);
[22.443s]       |                         ^~~~~~~~~~
[22.444s]       |                         publish_twist
[22.446s] /home/neha/ros2_ws/src/semnav_migration/src/navigation_semantic.cpp: In member function ‘void SemanticNavigationNode::publish_behavior_id(uint16_t)’:
[22.447s] /home/neha/ros2_ws/src/semnav_migration/src/navigation_semantic.cpp:173:32: error: ‘UInt32’ is not a member of ‘std_msgs::msg’
[22.447s]   173 |                 std_msgs::msg::UInt32 commandId;
[22.447s]       |                                ^~~~~~
[22.493s] /home/neha/ros2_ws/src/semnav_migration/src/navigation_semantic.cpp:174:25: error: ‘commandId’ was not declared in this scope
[22.494s]   174 |                         commandId.data = BehaviorIdCmd;
[22.494s]       |                         ^~~~~~~~~
[22.576s] /home/neha/ros2_ws/src/semnav_migration/src/navigation_semantic.cpp:175:25: error: ‘pub_behaviorID_’ was not declared in this scope; did you mean ‘pub_behaviorID_topic_’?
[22.576s]   175 |                         pub_behaviorID_.publish(commandId);
[22.577s]       |                         ^~~~~~~~~~~~~~~
[22.577s]       |                         pub_behaviorID_topic_
[22.580s] /home/neha/ros2_ws/src/semnav_migration/src/navigation_semantic.cpp: In member function ‘void SemanticNavigationNode::publish_behavior_mode(uint16_t)’:
[22.580s] /home/neha/ros2_ws/src/semnav_migration/src/navigation_semantic.cpp:180:28: error: ‘UInt32’ is not a member of ‘std_msgs::msg’
[22.580s]   180 |             std_msgs::msg::UInt32 commandMode;
[22.580s]       |                            ^~~~~~
[22.641s] /home/neha/ros2_ws/src/semnav_migration/src/navigation_semantic.cpp:181:25: error: ‘commandMode’ was not declared in this scope
[22.641s]   181 |                         commandMode.data = BehaviorModeCmd;
[22.641s]       |                         ^~~~~~~~~~~
[22.739s] /home/neha/ros2_ws/src/semnav_migration/src/navigation_semantic.cpp:182:25: error: ‘pub_behaviorMode_’ was not declared in this scope; did you mean ‘pub_behaviorMode_topic_’?
[22.739s]   182 |                         pub_behaviorMode_.publish(commandMode);
[22.739s]       |                         ^~~~~~~~~~~~~~~~~
[22.740s]       |                         pub_behaviorMode_topic_
[22.793s] /home/neha/ros2_ws/src/semnav_migration/src/navigation_semantic.cpp: In member function ‘void SemanticNavigationNode::diffeo_tree_update(const object_pose_interface_msgs::msg::SemanticMapObjectArray_<std::allocator<void> >::ConstPtr&)’:
[22.793s] /home/neha/ros2_ws/src/semnav_migration/src/navigation_semantic.cpp:252:29: error: ‘ros’ has not been declared
[22.793s]   252 |                         if (ros::Time::now().toSec() - DiffeoTreeUpdateTime_ < (1.0/DiffeoTreeUpdateRate_)) {
[22.794s]       |                             ^~~
[22.794s] /home/neha/ros2_ws/src/semnav_migration/src/navigation_semantic.cpp:256:53: error: ‘ros’ has not been declared
[22.794s]   256 |                                 double start_time = ros::Time::now().toSec();
[22.794s]       |                                                     ^~~
[22.798s] /home/neha/ros2_ws/src/semnav_migration/src/navigation_semantic.cpp:267:49: error: ‘tf’ has not been declared
[22.798s]   267 |                                                 tf::Quaternion rotation = tf::Quaternion(semantic_map_data->objects[i].pose.pose.orientation.x,
[22.798s]       |                                                 ^~
[22.798s] /home/neha/ros2_ws/src/semnav_migration/src/navigation_semantic.cpp:272:49: error: ‘tf’ has not been declared
[22.798s]   272 |                                                 tf::Matrix3x3 m(rotation);
[22.799s]       |                                                 ^~
[22.799s] /home/neha/ros2_ws/src/semnav_migration/src/navigation_semantic.cpp:275:49: error: ‘tf’ has not been declared
[22.799s]   275 |                                                 tf::Vector3 target_nominal_1(-0.5*target_object_width_ - ObstacleDilation_ - 0.08, 0.0, 0.0);
[22.799s]       |                                                 ^~
[22.799s] /home/neha/ros2_ws/src/semnav_migration/src/navigation_semantic.cpp:276:49: error: ‘tf’ has not been declared
[22.799s]   276 |                                                 tf::Vector3 target_nominal_2(0.5*target_object_width_ + ObstacleDilation_ + 0.25, 0.0, 0.0);
[22.799s]       |                                                 ^~
[22.799s] /home/neha/ros2_ws/src/semnav_migration/src/navigation_semantic.cpp:277:49: error: ‘tf’ has not been declared
[22.800s]   277 |                                                 tf::Vector3 target_nominal_1_rotated = tf::quatRotate(rotation, target_nominal_1);
[22.800s]       |                                                 ^~
[22.800s] /home/neha/ros2_ws/src/semnav_migration/src/navigation_semantic.cpp:278:49: error: ‘tf’ has not been declared
[22.800s]   278 |                                                 tf::Vector3 target_nominal_2_rotated = tf::quatRotate(rotation, target_nominal_2);
[22.800s]       |                                                 ^~
[22.831s] /home/neha/ros2_ws/src/semnav_migration/src/navigation_semantic.cpp:280:49: error: ‘m’ was not declared in this scope; did you mean ‘tm’?
[22.831s]   280 |                                                 m.getRPY(roll, pitch, yaw);
[22.832s]       |                                                 ^
[22.832s]       |                                                 tm
[22.992s] /home/neha/ros2_ws/src/semnav_migration/src/navigation_semantic.cpp:281:123: error: ‘target_nominal_1_rotated’ was not declared in this scope
[22.992s]   281 |                                                 GoalVector[0].set<0>(semantic_map_data->objects[i].pose.pose.position.x + target_nominal_1_rotated.getX());
[22.992s]       |                                                                                                                           ^~~~~~~~~~~~~~~~~~~~~~~~
[23.154s] /home/neha/ros2_ws/src/semnav_migration/src/navigation_semantic.cpp:283:123: error: ‘target_nominal_2_rotated’ was not declared in this scope
[23.154s]   283 |                                                 GoalVector[1].set<0>(semantic_map_data->objects[i].pose.pose.position.x + target_nominal_2_rotated.getX());
[23.154s]       |                                                                                                                           ^~~~~~~~~~~~~~~~~~~~~~~~
[23.265s] /home/neha/ros2_ws/src/semnav_migration/src/navigation_semantic.cpp:317:49: error: ‘ROS_ERROR_STREAM’ was not declared in this scope; did you mean ‘RCLCPP_ERROR_STREAM’?
[23.265s]   317 |                                                 ROS_ERROR_STREAM("Goal blocked by object");
[23.266s]       |                                                 ^~~~~~~~~~~~~~~~
[23.266s]       |                                                 RCLCPP_ERROR_STREAM
[23.271s] /home/neha/ros2_ws/src/semnav_migration/src/navigation_semantic.cpp:365:85: error: ‘ros’ has not been declared
[23.271s]   365 |                                 ROS_WARN_STREAM("[Navigation] Updated trees in " << ros::Time::now().toSec()-start_time << " seconds.");
[23.271s]       |                                                                                     ^~~
[23.360s] /home/neha/ros2_ws/src/semnav_migration/src/navigation_semantic.cpp:365:33: error: ‘ROS_WARN_STREAM’ was not declared in this scope; did you mean ‘RCLCPP_WARN_STREAM’?
[23.360s]   365 |                                 ROS_WARN_STREAM("[Navigation] Updated trees in " << ros::Time::now().toSec()-start_time << " seconds.");
[23.360s]       |                                 ^~~~~~~~~~~~~~~
[23.360s]       |                                 RCLCPP_WARN_STREAM
[23.360s] /home/neha/ros2_ws/src/semnav_migration/src/navigation_semantic.cpp:368:57: error: ‘ros’ has not been declared
[23.360s]   368 |                                 DiffeoTreeUpdateTime_ = ros::Time::now().toSec();
[23.361s]       |                                                         ^~~
[23.361s] /home/neha/ros2_ws/src/semnav_migration/src/navigation_semantic.cpp: In member function ‘void SemanticNavigationNode::control_callback(const sensor_msgs::msg::LaserScan_<std::allocator<void> >::ConstPtr&, const nav_msgs::msg::Odometry_<std::allocator<void> >::ConstPtr&)’:
[23.361s] /home/neha/ros2_ws/src/semnav_migration/src/navigation_semantic.cpp:396:46: error: ‘ros’ has not been declared
[23.362s]   396 |                         double before_time = ros::Time::now().toSec();
[23.362s]       |                                              ^~~
[23.365s] /home/neha/ros2_ws/src/semnav_migration/src/navigation_semantic.cpp:399:40: error: ‘PoseStamped’ is not a member of ‘geometry_msgs’; did you mean ‘geometry_msgs::msg::PoseStamped’?
[23.365s]   399 |                         geometry_msgs::PoseStamped odomPose, mapPose;
[23.365s]       |                                        ^~~~~~~~~~~
[23.366s] In file included from /home/neha/ros2_ws/src/install/object_pose_interface_msgs/include/object_pose_interface_msgs/object_pose_interface_msgs/msg/detail/semantic_map_object__struct.hpp:28,
[23.366s]                  from /home/neha/ros2_ws/src/install/object_pose_interface_msgs/include/object_pose_interface_msgs/object_pose_interface_msgs/msg/detail/semantic_map_object_array__struct.hpp:25,
[23.366s]                  from /home/neha/ros2_ws/src/install/object_pose_interface_msgs/include/object_pose_interface_msgs/object_pose_interface_msgs/msg/semantic_map_object_array.hpp:7,
[23.366s]                  from /home/neha/ros2_ws/src/semnav_migration/src/navigation_semantic.cpp:26:
[23.366s] /opt/ros/jazzy/include/geometry_msgs/geometry_msgs/msg/detail/pose_stamped__struct.hpp:138:7: note: ‘geometry_msgs::msg::PoseStamped’ declared here
[23.366s]   138 | using PoseStamped =
[23.366s]       |       ^~~~~~~~~~~
[23.405s] /home/neha/ros2_ws/src/semnav_migration/src/navigation_semantic.cpp:400:25: error: ‘odomPose’ was not declared in this scope
[23.405s]   400 |                         odomPose.header.stamp = ros::Time(0);
[23.405s]       |                         ^~~~~~~~
[23.405s] /home/neha/ros2_ws/src/semnav_migration/src/navigation_semantic.cpp:400:49: error: ‘ros’ has not been declared
[23.405s]   400 |                         odomPose.header.stamp = ros::Time(0);
[23.406s]       |                                                 ^~~
[23.452s] /home/neha/ros2_ws/src/semnav_migration/src/navigation_semantic.cpp:404:33: error: ‘listener_’ was not declared in this scope
[23.452s]   404 |                                 listener_.waitForTransform(world_frame_id_, odom_frame_id_, ros::Time(0), ros::Duration(1.0));
[23.453s]       |                                 ^~~~~~~~~
[23.453s] /home/neha/ros2_ws/src/semnav_migration/src/navigation_semantic.cpp:404:93: error: ‘ros’ has not been declared
[23.453s]   404 |                                 listener_.waitForTransform(world_frame_id_, odom_frame_id_, ros::Time(0), ros::Duration(1.0));
[23.453s]       |                                                                                             ^~~
[23.453s] /home/neha/ros2_ws/src/semnav_migration/src/navigation_semantic.cpp:404:107: error: ‘ros’ has not been declared
[23.453s]   404 |                                 listener_.waitForTransform(world_frame_id_, odom_frame_id_, ros::Time(0), ros::Duration(1.0));
[23.453s]       |                                                                                                           ^~~
[23.487s] /home/neha/ros2_ws/src/semnav_migration/src/navigation_semantic.cpp:405:84: error: ‘mapPose’ was not declared in this scope
[23.487s]   405 |                                 listener_.transformPose(world_frame_id_, odomPose, mapPose);
[23.487s]       |                                                                                    ^~~~~~~
[23.497s] /home/neha/ros2_ws/src/semnav_migration/src/navigation_semantic.cpp:406:34: error: ‘tf’ does not name a type; did you mean ‘tm’?
[23.497s]   406 |                         } catch (tf::TransformException &ex) {
[23.497s]       |                                  ^~
[23.498s]       |                                  tm
[23.498s] /home/neha/ros2_ws/src/semnav_migration/src/navigation_semantic.cpp:406:57: error: expected unqualified-id before ‘&’ token
[23.498s]   406 |                         } catch (tf::TransformException &ex) {
[23.498s]       |                                                         ^
[23.498s] /home/neha/ros2_ws/src/semnav_migration/src/navigation_semantic.cpp:406:57: error: expected ‘)’ before ‘&’ token
[23.506s] /home/neha/ros2_ws/src/semnav_migration/src/navigation_semantic.cpp:406:33: note: to match this ‘(’
[23.506s]   406 |                         } catch (tf::TransformException &ex) {
[23.506s]       |                                 ^
[23.507s] /home/neha/ros2_ws/src/semnav_migration/src/navigation_semantic.cpp:406:57: error: expected ‘{’ before ‘&’ token
[23.508s]   406 |                         } catch (tf::TransformException &ex) {
[23.508s]       |                                                         ^
[23.536s] /home/neha/ros2_ws/src/semnav_migration/src/navigation_semantic.cpp:406:58: error: ‘ex’ was not declared in this scope; did you mean ‘exp’?
[23.536s]   406 |                         } catch (tf::TransformException &ex) {
[23.536s]       |                                                          ^~
[23.536s]       |                                                          exp
[23.536s] /home/neha/ros2_ws/src/semnav_migration/src/navigation_semantic.cpp:412:25: error: ‘tf’ has not been declared
[23.537s]   412 |                         tf::Quaternion rotation = tf::Quaternion(mapPose.pose.orientation.x,
[23.537s]       |                         ^~
[23.537s] /home/neha/ros2_ws/src/semnav_migration/src/navigation_semantic.cpp:416:25: error: ‘tf’ has not been declared
[23.537s]   416 |                         tf::Matrix3x3 m(rotation);
[23.537s]       |                         ^~
[23.564s] /home/neha/ros2_ws/src/semnav_migration/src/navigation_semantic.cpp:418:25: error: ‘m’ was not declared in this scope; did you mean ‘tm’?
[23.564s]   418 |                         m.getRPY(roll, pitch, yaw);
[23.564s]       |                         ^
[23.564s]       |                         tm
[23.596s] /home/neha/ros2_ws/src/semnav_migration/src/navigation_semantic.cpp:419:51: error: ‘mapPose’ was not declared in this scope
[23.596s]   419 |                         double x_robot_position = mapPose.pose.position.x;
[23.596s]       |                                                   ^~~~~~~
[23.603s] /home/neha/ros2_ws/src/semnav_migration/src/navigation_semantic.cpp:432:42: error: could not convert ‘lidar_data’ from ‘shared_ptr<LaserScan_<[...]>>’ to ‘shared_ptr<LaserScan_<[...]>>’
[23.603s]   432 |                         constructLIDAR2D(lidar_data, CutoffRange_, AllowableRange_, RobotPitch_, &LIDAR);
[23.604s]       |                                          ^~~~~~~~~~
[23.604s]       |                                          |
[23.604s]       |                                          shared_ptr<LaserScan_<[...]>>
[23.620s] /home/neha/ros2_ws/src/semnav_migration/src/navigation_semantic.cpp:562:96: error: invalid operands of types ‘const char [53]’ and ‘double’ to binary ‘operator<<’
[23.620s]   562 |                         ROS_WARN_STREAM("[Navigation] Diffeomorphism jacobian determinant is " << MatrixDeterminant(RobotPositionTransformedD) << ", robot position is " << bg::dsv(RobotPosition_) << " and robot positon in model space is " << bg::dsv(RobotPositionTransformedPoint));
[23.620s]       |                                         ~~~~~~~~~~~~~~~~~~~~~~~~~~~~~~~~~~~~~~~~~~~~~~~~~~~~~~ ^~ ~~~~~~~~~~~~~~~~~~~~~~~~~~~~~~~~~~~~~~~~~~~~
[23.620s]       |                                         |                                                                          |
[23.621s]       |                                         const char [53]                                                            double
[23.707s] /home/neha/ros2_ws/src/semnav_migration/src/navigation_semantic.cpp:562:25: error: ‘ROS_WARN_STREAM’ was not declared in this scope; did you mean ‘RCLCPP_WARN_STREAM’?
[23.707s]   562 |                         ROS_WARN_STREAM("[Navigation] Diffeomorphism jacobian determinant is " << MatrixDeterminant(RobotPositionTransformedD) << ", robot position is " << bg::dsv(RobotPosition_) << " and robot positon in model space is " << bg::dsv(RobotPositionTransformedPoint));
[23.707s]       |                         ^~~~~~~~~~~~~~~
[23.707s]       |                         RCLCPP_WARN_STREAM
[23.708s] /home/neha/ros2_ws/src/semnav_migration/src/navigation_semantic.cpp:591:41: error: ‘ros’ has not been declared
[23.708s]   591 |                                         ros::Duration(5.0).sleep();
[23.709s]       |                                         ^~~
[23.715s] /home/neha/ros2_ws/src/semnav_migration/src/navigation_semantic.cpp:616:75: error: invalid operands of types ‘const char [32]’ and ‘double’ to binary ‘operator<<’
[23.716s]   616 |                         ROS_WARN_STREAM("[Navigation] Linear command is " << LinearCmd << " and angular command is " << AngularCmd);
[23.716s]       |                                         ~~~~~~~~~~~~~~~~~~~~~~~~~~~~~~~~~ ^~ ~~~~~~~~~
[23.716s]       |                                         |                                    |
[23.716s]       |                                         const char [32]                      double
[23.716s] /home/neha/ros2_ws/src/semnav_migration/src/navigation_semantic.cpp:617:76: error: invalid operands of types ‘const char [33]’ and ‘int’ to binary ‘operator<<’
[23.716s]   617 |                         ROS_WARN_STREAM("[Navigation] Command update for " << int(localDiffeoTreeArray.size()) << " polygons in " << ros::Time::now().toSec()-before_time << " seconds.");
[23.716s]       |                                         ~~~~~~~~~~~~~~~~~~~~~~~~~~~~~~~~~~ ^~ ~~~~~~~~~~~~~~~~~~~~~~~~~~~~~~~~
[23.717s]       |                                         |                                     |
[23.717s]       |                                         const char [33]                       int
[23.717s] /home/neha/ros2_ws/src/semnav_migration/src/navigation_semantic.cpp:617:134: error: ‘ros’ has not been declared
[23.717s]   617 |                         ROS_WARN_STREAM("[Navigation] Command update for " << int(localDiffeoTreeArray.size()) << " polygons in " << ros::Time::now().toSec()-before_time << " seconds.");
[23.717s]       |                                                                                                                                      ^~~
[23.719s] /home/neha/ros2_ws/src/semnav_migration/src/navigation_semantic.cpp: In function ‘int main(int, char**)’:
[23.719s] /home/neha/ros2_ws/src/semnav_migration/src/navigation_semantic.cpp:698:9: error: ‘ros’ has not been declared
[23.719s]   698 |         ros::init(argc, argv, "navigation_semantic");
[23.719s]       |         ^~~
[23.719s] /home/neha/ros2_ws/src/semnav_migration/src/navigation_semantic.cpp:701:9: error: ‘ros’ has not been declared
[23.719s]   701 |         ros::NodeHandle nh("~");
[23.719s]       |         ^~~
[23.736s] /home/neha/ros2_ws/src/semnav_migration/src/navigation_semantic.cpp:704:56: error: ‘nh’ was not declared in this scope
[23.736s]   704 |         SemanticNavigationNode semanticNavigationNode(&nh);
[23.737s]       |                                                        ^~
[33.061s] gmake[2]: *** [CMakeFiles/navigation_semantic.dir/build.make:76: CMakeFiles/navigation_semantic.dir/src/navigation_semantic.cpp.o] Error 1
[33.061s] gmake[1]: *** [CMakeFiles/Makefile2:207: CMakeFiles/navigation_semantic.dir/all] Error 2
[33.062s] gmake: *** [Makefile:146: all] Error 2
[33.065s] Invoked command in '/home/neha/ros2_ws/src/semnav_migration/build/semnav' returned '2': CMAKE_PREFIX_PATH=${CMAKE_PREFIX_PATH}:/opt/ros/jazzy DEBUGINFOD_URLS=https://debuginfod.ubuntu.com /usr/bin/cmake --build /home/neha/ros2_ws/src/semnav_migration/build/semnav -- -j2 -l2
